emulator-5554
D/umd.troyd( 6910): got command getViews
D/umd.troyd( 6910): android.widget.FrameLayout@405d02b8: 16908290 (0)
D/umd.troyd( 6910): android.widget.RelativeLayout@406732c8: 2131558603 (1)
D/umd.troyd( 6910): android.widget.LinearLayout@40673700: -1 (2)
D/umd.troyd( 6910): com.walmart.android.ui.ViewStackLayout@406527f8: 2131558797 (3)
D/umd.troyd( 6910): android.widget.RelativeLayout@40723658: -1 (4)
D/umd.troyd( 6910): android.widget.RelativeLayout@40723bc0: 2131558790 (5)
D/umd.troyd( 6910): android.widget.LinearLayout@40724740: 2131558790 (6)
D/umd.troyd( 6910): android.widget.RelativeLayout@40724f20: -1 (7)
D/umd.troyd( 6910): android.widget.Button:  (8)
D/umd.troyd( 6910): android.widget.TextView: Search a location (9)
D/umd.troyd( 6910): android.widget.Button:  (10)
D/umd.troyd( 6910): android.widget.Button:  (11)
D/umd.troyd( 6910): android.widget.Button:  (12)
D/umd.troyd( 6910): android.widget.RelativeLayout@407297d8: 2131558791 (13)
D/umd.troyd( 6910): com.walmart.android.storelocator.StoreMapView@4072aa70: 2131558792 (14)
D/umd.troyd( 6910): android.widget.ListView@405d0ed8: 2131558521 (15)
D/umd.troyd( 6910): android.widget.LinearLayout@407e26c8: -1 (16)
D/umd.troyd( 6910): android.widget.RelativeLayout@40623120: -1 (17)
D/umd.troyd( 6910): android.widget.RelativeLayout@40623278: -1 (18)
D/umd.troyd( 6910): android.widget.TextView: Walmart Supercenter (19)
D/umd.troyd( 6910): android.widget.TextView: 800 S Us Hwy 81/287 (20)
D/umd.troyd( 6910): android.widget.TextView: Decatur, TX 76234 (21)
D/umd.troyd( 6910): android.widget.RelativeLayout@407539b0: -1 (22)
D/umd.troyd( 6910): android.widget.LinearLayout@406fbc20: 2131558801 (23)
D/umd.troyd( 6910): android.widget.TextView: 1.51 (24)
D/umd.troyd( 6910): android.widget.TextView: miles (25)
D/umd.troyd( 6910): android.widget.TextView:  (26)
D/umd.troyd( 6910): android.widget.ImageView@406fea18: 2131558517 (27)
D/umd.troyd( 6910): android.widget.LinearLayout@406feb68: -1 (28)
D/umd.troyd( 6910): android.widget.RelativeLayout@406ff538: -1 (29)
D/umd.troyd( 6910): android.widget.RelativeLayout@406ff690: -1 (30)
D/umd.troyd( 6910): android.widget.TextView: Walmart Supercenter (31)
D/umd.troyd( 6910): android.widget.TextView: 721 Boyd Rd (32)
D/umd.troyd( 6910): android.widget.TextView: Azle, TX 76020 (33)
D/umd.troyd( 6910): android.widget.RelativeLayout@40705610: -1 (34)
D/umd.troyd( 6910): android.widget.LinearLayout@40705a40: 2131558801 (35)
D/umd.troyd( 6910): android.widget.TextView: 18.41 (36)
D/umd.troyd( 6910): android.widget.TextView: miles (37)
D/umd.troyd( 6910): android.widget.TextView:  (38)
D/umd.troyd( 6910): android.widget.ImageView@407106f8: 2131558517 (39)
D/umd.troyd( 6910): android.widget.LinearLayout@40710848: -1 (40)
D/umd.troyd( 6910): android.widget.RelativeLayout@407665d0: -1 (41)
D/umd.troyd( 6910): android.widget.RelativeLayout@40766728: -1 (42)
D/umd.troyd( 6910): android.widget.TextView: Walmart Supercenter (43)
D/umd.troyd( 6910): android.widget.TextView: 2750 W University Dr (44)
D/umd.troyd( 6910): android.widget.TextView: Denton, TX 76201 (45)
D/umd.troyd( 6910): android.widget.RelativeLayout@40757220: -1 (46)
D/umd.troyd( 6910): android.widget.LinearLayout@40757378: 2131558801 (47)
D/umd.troyd( 6910): android.widget.TextView: 21.51 (48)
D/umd.troyd( 6910): android.widget.TextView: miles (49)
D/umd.troyd( 6910): android.widget.TextView:  (50)
D/umd.troyd( 6910): android.widget.ImageView@407bea20: 2131558517 (51)
D/umd.troyd( 6910): android.widget.LinearLayout@407a12e8: -1 (52)
D/umd.troyd( 6910): android.widget.RelativeLayout@407a14d8: -1 (53)
D/umd.troyd( 6910): android.widget.RelativeLayout@4077c640: -1 (54)
D/umd.troyd( 6910): android.widget.TextView: Walmart Supercenter (55)
D/umd.troyd( 6910): android.widget.TextView: 1228 North Highway 377 (56)
D/umd.troyd( 6910): android.widget.TextView: Roanoke, TX 76262 (57)
D/umd.troyd( 6910): android.widget.RelativeLayout@405ce9b8: -1 (58)
D/umd.troyd( 6910): android.widget.LinearLayout@405ced18: 2131558801 (59)
D/umd.troyd( 6910): android.widget.TextView: 22.04 (60)
D/umd.troyd( 6910): android.widget.TextView: miles (61)
D/umd.troyd( 6910): android.widget.TextView:  (62)
D/umd.troyd( 6910): android.widget.ImageView@405178b8: 2131558517 (63)
D/umd.troyd( 6910): android.widget.LinearLayout@407adb28: -1 (64)
D/umd.troyd( 6910): android.widget.RelativeLayout@407adce0: -1 (65)
D/umd.troyd( 6910): android.widget.RelativeLayout@407adff8: -1 (66)
D/umd.troyd( 6910): android.widget.TextView: Walmart Supercenter (67)
D/umd.troyd( 6910): android.widget.TextView: 1401 N Saginaw Blvd (68)
D/umd.troyd( 6910): android.widget.TextView: Saginaw, TX 76179 (69)
D/umd.troyd( 6910): android.widget.RelativeLayout@4078dcd8: -1 (70)
D/umd.troyd( 6910): android.widget.LinearLayout@407904e8: 2131558801 (71)
D/umd.troyd( 6910): android.widget.TextView: 22.15 (72)
D/umd.troyd( 6910): android.widget.TextView: miles (73)
D/umd.troyd( 6910): android.widget.TextView:  (74)
D/umd.troyd( 6910): android.widget.ImageView@407b4c30: 2131558517 (75)
D/umd.troyd( 6910): android.widget.LinearLayout@407716d0: -1 (76)
D/umd.troyd( 6910): android.widget.RelativeLayout@407718c0: -1 (77)
D/umd.troyd( 6910): android.widget.RelativeLayout@40774ff0: -1 (78)
D/umd.troyd( 6910): android.widget.TextView: Walmart Supercenter (79)
D/umd.troyd( 6910): android.widget.TextView: 1341 Highway 287 N (80)
D/umd.troyd( 6910): android.widget.TextView: Bowie, TX 76230 (81)
D/umd.troyd( 6910): android.widget.RelativeLayout@40784860: -1 (82)
D/umd.troyd( 6910): android.widget.LinearLayout@40787610: 2131558801 (83)
D/umd.troyd( 6910): android.widget.TextView: 23.59 (84)
D/umd.troyd( 6910): android.widget.TextView: miles (85)
D/umd.troyd( 6910): android.widget.TextView:  (86)
D/umd.troyd( 6910): android.widget.ImageView@40684488: 2131558517 (87)
D/umd.troyd( 6910): android.widget.RelativeLayout@40688698: 2131558541 (88)
D/umd.troyd( 6910): android.widget.GridView@405f7818: 2131558824 (89)
D/umd.troyd( 6910): android.widget.LinearLayout@405db518: 2131558538 (90)
D/umd.troyd( 6910): android.widget.RelativeLayout@405dbf10: 2131558818 (91)
D/umd.troyd( 6910): android.widget.ImageButton@40618ce8: 2131558819 (92)
D/umd.troyd( 6910): android.widget.RelativeLayout@40619200: -1 (93)
D/umd.troyd( 6910): android.widget.ImageView@406195f0: 2131558820 (94)
D/umd.troyd( 6910): android.widget.TextView: Stores (95)
D/umd.troyd( 6910): android.widget.RelativeLayout@405c8ab0: -1 (96)
D/umd.troyd( 6910): android.widget.Button:  (97)
D/umd.troyd( 6910): android.widget.ImageView@405c95b8: 2131558823 (98)
D/umd.troyd( 6910): android.widget.LinearLayout@405f50a8: 2131558542 (99)
D/umd.troyd( 6910): got command getViews
D/umd.troyd( 6910): android.widget.FrameLayout@405d02b8: 16908290 (0)
D/umd.troyd( 6910): android.widget.RelativeLayout@406732c8: 2131558603 (1)
D/umd.troyd( 6910): android.widget.LinearLayout@40673700: -1 (2)
D/umd.troyd( 6910): com.walmart.android.ui.ViewStackLayout@406527f8: 2131558797 (3)
D/umd.troyd( 6910): android.widget.RelativeLayout@40723658: -1 (4)
D/umd.troyd( 6910): android.widget.RelativeLayout@40723bc0: 2131558790 (5)
D/umd.troyd( 6910): android.widget.LinearLayout@40724740: 2131558790 (6)
D/umd.troyd( 6910): android.widget.RelativeLayout@40724f20: -1 (7)
D/umd.troyd( 6910): android.widget.Button:  (8)
D/umd.troyd( 6910): android.widget.TextView: Search a location (9)
D/umd.troyd( 6910): android.widget.Button:  (10)
D/umd.troyd( 6910): android.widget.Button:  (11)
D/umd.troyd( 6910): android.widget.Button:  (12)
D/umd.troyd( 6910): android.widget.RelativeLayout@407297d8: 2131558791 (13)
D/umd.troyd( 6910): com.walmart.android.storelocator.StoreMapView@4072aa70: 2131558792 (14)
D/umd.troyd( 6910): android.widget.ListView@405d0ed8: 2131558521 (15)
D/umd.troyd( 6910): android.widget.LinearLayout@407716d0: -1 (16)
D/umd.troyd( 6910): android.widget.RelativeLayout@407718c0: -1 (17)
D/umd.troyd( 6910): android.widget.RelativeLayout@40774ff0: -1 (18)
D/umd.troyd( 6910): android.widget.TextView: Walmart Supercenter (19)
D/umd.troyd( 6910): android.widget.TextView: 1341 Highway 287 N (20)
D/umd.troyd( 6910): android.widget.TextView: Bowie, TX 76230 (21)
D/umd.troyd( 6910): android.widget.RelativeLayout@40784860: -1 (22)
D/umd.troyd( 6910): android.widget.LinearLayout@40787610: 2131558801 (23)
D/umd.troyd( 6910): android.widget.TextView: 23.59 (24)
D/umd.troyd( 6910): android.widget.TextView: miles (25)
D/umd.troyd( 6910): android.widget.TextView:  (26)
D/umd.troyd( 6910): android.widget.ImageView@40684488: 2131558517 (27)
D/umd.troyd( 6910): android.widget.LinearLayout@406c8d10: -1 (28)
D/umd.troyd( 6910): android.widget.RelativeLayout@406c8f00: -1 (29)
D/umd.troyd( 6910): android.widget.RelativeLayout@406c92a8: -1 (30)
D/umd.troyd( 6910): android.widget.TextView: Walmart Supercenter (31)
D/umd.troyd( 6910): android.widget.TextView: 8520 N Beach St (32)
D/umd.troyd( 6910): android.widget.TextView: Fort Worth, TX 76244 (33)
D/umd.troyd( 6910): android.widget.RelativeLayout@406ca5b8: -1 (34)
D/umd.troyd( 6910): android.widget.LinearLayout@406ca9c8: 2131558801 (35)
D/umd.troyd( 6910): android.widget.TextView: 24.12 (36)
D/umd.troyd( 6910): android.widget.TextView: miles (37)
D/umd.troyd( 6910): android.widget.TextView:  (38)
D/umd.troyd( 6910): android.widget.ImageView@406cba80: 2131558517 (39)
D/umd.troyd( 6910): android.widget.LinearLayout@4068aa60: -1 (40)
D/umd.troyd( 6910): android.widget.RelativeLayout@4068ac50: -1 (41)
D/umd.troyd( 6910): android.widget.RelativeLayout@4068aff8: -1 (42)
D/umd.troyd( 6910): android.widget.TextView: Walmart Supercenter (43)
D/umd.troyd( 6910): android.widget.TextView: 6360 Lake Worth Blvd (44)
D/umd.troyd( 6910): android.widget.TextView: Lake Worth, TX 76135 (45)
D/umd.troyd( 6910): android.widget.RelativeLayout@4068c308: -1 (46)
D/umd.troyd( 6910): android.widget.LinearLayout@4068c718: 2131558801 (47)
D/umd.troyd( 6910): android.widget.TextView: 24.95 (48)
D/umd.troyd( 6910): android.widget.TextView: miles (49)
D/umd.troyd( 6910): android.widget.TextView:  (50)
D/umd.troyd( 6910): android.widget.ImageView@4068d7d0: 2131558517 (51)
D/umd.troyd( 6910): android.widget.LinearLayout@4068f260: -1 (52)
D/umd.troyd( 6910): android.widget.RelativeLayout@4068f450: -1 (53)
D/umd.troyd( 6910): android.widget.RelativeLayout@4068f7f8: -1 (54)
D/umd.troyd( 6910): android.widget.TextView: Walmart Supercenter (55)
D/umd.troyd( 6910): android.widget.TextView: 1515 S Loop 288 (56)
D/umd.troyd( 6910): android.widget.TextView: Denton, TX 76205 (57)
D/umd.troyd( 6910): android.widget.RelativeLayout@40690b08: -1 (58)
D/umd.troyd( 6910): android.widget.LinearLayout@40690f18: 2131558801 (59)
D/umd.troyd( 6910): android.widget.TextView: 25.19 (60)
D/umd.troyd( 6910): android.widget.TextView: miles (61)
D/umd.troyd( 6910): android.widget.TextView:  (62)
D/umd.troyd( 6910): android.widget.ImageView@40691fd0: 2131558517 (63)
D/umd.troyd( 6910): android.widget.LinearLayout@40693a58: -1 (64)
D/umd.troyd( 6910): android.widget.RelativeLayout@40693c48: -1 (65)
D/umd.troyd( 6910): android.widget.RelativeLayout@40693ff0: -1 (66)
D/umd.troyd( 6910): android.widget.TextView: Neighborhood Market (67)
D/umd.troyd( 6910): android.widget.TextView: 7401 Park Vista Blvd (68)
D/umd.troyd( 6910): android.widget.TextView: Fort Worth, TX 76137 (69)
D/umd.troyd( 6910): android.widget.RelativeLayout@40695300: -1 (70)
D/umd.troyd( 6910): android.widget.LinearLayout@40695710: 2131558801 (71)
D/umd.troyd( 6910): android.widget.TextView: 25.67 (72)
D/umd.troyd( 6910): android.widget.TextView: miles (73)
D/umd.troyd( 6910): android.widget.TextView:  (74)
D/umd.troyd( 6910): android.widget.ImageView@406967c8: 2131558517 (75)
D/umd.troyd( 6910): android.widget.LinearLayout@40698258: -1 (76)
D/umd.troyd( 6910): android.widget.RelativeLayout@40698448: -1 (77)
D/umd.troyd( 6910): android.widget.RelativeLayout@406987f0: -1 (78)
D/umd.troyd( 6910): android.widget.TextView: Neighborhood Market (79)
D/umd.troyd( 6910): android.widget.TextView: 2130 Ruf Snow Drive (80)
D/umd.troyd( 6910): android.widget.TextView: Keller, TX 76248 (81)
D/umd.troyd( 6910): android.widget.RelativeLayout@40699b00: -1 (82)
D/umd.troyd( 6910): android.widget.LinearLayout@40699f10: 2131558801 (83)
D/umd.troyd( 6910): android.widget.TextView: 25.83 (84)
D/umd.troyd( 6910): android.widget.TextView: miles (85)
D/umd.troyd( 6910): android.widget.TextView:  (86)
D/umd.troyd( 6910): android.widget.ImageView@4069afc8: 2131558517 (87)
D/umd.troyd( 6910): android.widget.RelativeLayout@40688698: 2131558541 (88)
D/umd.troyd( 6910): android.widget.GridView@405f7818: 2131558824 (89)
D/umd.troyd( 6910): android.widget.LinearLayout@405db518: 2131558538 (90)
D/umd.troyd( 6910): android.widget.RelativeLayout@405dbf10: 2131558818 (91)
D/umd.troyd( 6910): android.widget.ImageButton@40618ce8: 2131558819 (92)
D/umd.troyd( 6910): android.widget.RelativeLayout@40619200: -1 (93)
D/umd.troyd( 6910): android.widget.ImageView@406195f0: 2131558820 (94)
D/umd.troyd( 6910): android.widget.TextView: Stores (95)
D/umd.troyd( 6910): android.widget.RelativeLayout@405c8ab0: -1 (96)
D/umd.troyd( 6910): android.widget.Button:  (97)
D/umd.troyd( 6910): android.widget.ImageView@405c95b8: 2131558823 (98)
D/umd.troyd( 6910): android.widget.LinearLayout@405f50a8: 2131558542 (99)
D/umd.troyd( 6910): got command getViews
D/umd.troyd( 6910): android.widget.FrameLayout@405d02b8: 16908290 (0)
D/umd.troyd( 6910): android.widget.RelativeLayout@406732c8: 2131558603 (1)
D/umd.troyd( 6910): android.widget.LinearLayout@40673700: -1 (2)
D/umd.troyd( 6910): com.walmart.android.ui.ViewStackLayout@406527f8: 2131558797 (3)
D/umd.troyd( 6910): android.widget.RelativeLayout@40723658: -1 (4)
D/umd.troyd( 6910): android.widget.RelativeLayout@40723bc0: 2131558790 (5)
D/umd.troyd( 6910): android.widget.LinearLayout@40724740: 2131558790 (6)
D/umd.troyd( 6910): android.widget.RelativeLayout@40724f20: -1 (7)
D/umd.troyd( 6910): android.widget.Button:  (8)
D/umd.troyd( 6910): android.widget.TextView: Search a location (9)
D/umd.troyd( 6910): android.widget.Button:  (10)
D/umd.troyd( 6910): android.widget.Button:  (11)
D/umd.troyd( 6910): android.widget.Button:  (12)
D/umd.troyd( 6910): android.widget.RelativeLayout@407297d8: 2131558791 (13)
D/umd.troyd( 6910): com.walmart.android.storelocator.StoreMapView@4072aa70: 2131558792 (14)
D/umd.troyd( 6910): android.widget.ListView@405d0ed8: 2131558521 (15)
D/umd.troyd( 6910): android.widget.LinearLayout@40698258: -1 (16)
D/umd.troyd( 6910): android.widget.RelativeLayout@40698448: -1 (17)
D/umd.troyd( 6910): android.widget.RelativeLayout@406987f0: -1 (18)
D/umd.troyd( 6910): android.widget.TextView: Neighborhood Market (19)
D/umd.troyd( 6910): android.widget.TextView: 2130 Ruf Snow Drive (20)
D/umd.troyd( 6910): android.widget.TextView: Keller, TX 76248 (21)
D/umd.troyd( 6910): android.widget.RelativeLayout@40699b00: -1 (22)
D/umd.troyd( 6910): android.widget.LinearLayout@40699f10: 2131558801 (23)
D/umd.troyd( 6910): android.widget.TextView: 25.83 (24)
D/umd.troyd( 6910): android.widget.TextView: miles (25)
D/umd.troyd( 6910): android.widget.TextView:  (26)
D/umd.troyd( 6910): android.widget.ImageView@4069afc8: 2131558517 (27)
D/umd.troyd( 6910): android.widget.LinearLayout@407e26c8: -1 (28)
D/umd.troyd( 6910): android.widget.RelativeLayout@40623120: -1 (29)
D/umd.troyd( 6910): android.widget.RelativeLayout@40623278: -1 (30)
D/umd.troyd( 6910): android.widget.TextView: Neighborhood Market (31)
D/umd.troyd( 6910): android.widget.TextView: 2201 West Southlake Blvd (32)
D/umd.troyd( 6910): android.widget.TextView: Southlake, TX 76092 (33)
D/umd.troyd( 6910): android.widget.RelativeLayout@407539b0: -1 (34)
D/umd.troyd( 6910): android.widget.LinearLayout@406fbc20: 2131558801 (35)
D/umd.troyd( 6910): android.widget.TextView: 26.18 (36)
D/umd.troyd( 6910): android.widget.TextView: miles (37)
D/umd.troyd( 6910): android.widget.TextView:  (38)
D/umd.troyd( 6910): android.widget.ImageView@406fea18: 2131558517 (39)
D/umd.troyd( 6910): android.widget.LinearLayout@406feb68: -1 (40)
D/umd.troyd( 6910): android.widget.RelativeLayout@406ff538: -1 (41)
D/umd.troyd( 6910): android.widget.RelativeLayout@406ff690: -1 (42)
D/umd.troyd( 6910): android.widget.TextView: Walmart Supercenter (43)
D/umd.troyd( 6910): android.widget.TextView: 9500 Clifford St (44)
D/umd.troyd( 6910): android.widget.TextView: Fort Worth, TX 76108 (45)
D/umd.troyd( 6910): android.widget.RelativeLayout@40705610: -1 (46)
D/umd.troyd( 6910): android.widget.LinearLayout@40705a40: 2131558801 (47)
D/umd.troyd( 6910): android.widget.TextView: 26.86 (48)
D/umd.troyd( 6910): android.widget.TextView: miles (49)
D/umd.troyd( 6910): android.widget.TextView:  (50)
D/umd.troyd( 6910): android.widget.ImageView@407106f8: 2131558517 (51)
D/umd.troyd( 6910): android.widget.LinearLayout@40710848: -1 (52)
D/umd.troyd( 6910): android.widget.RelativeLayout@407665d0: -1 (53)
D/umd.troyd( 6910): android.widget.RelativeLayout@40766728: -1 (54)
D/umd.troyd( 6910): android.widget.TextView: Walmart Supercenter (55)
D/umd.troyd( 6910): android.widget.TextView: 9101 N Tarrant Pkwy (56)
D/umd.troyd( 6910): android.widget.TextView: North Richland Hill, TX 76182 (57)
D/umd.troyd( 6910): android.widget.RelativeLayout@40757220: -1 (58)
D/umd.troyd( 6910): android.widget.LinearLayout@40757378: 2131558801 (59)
D/umd.troyd( 6910): android.widget.TextView: 27.06 (60)
D/umd.troyd( 6910): android.widget.TextView: miles (61)
D/umd.troyd( 6910): android.widget.TextView:  (62)
D/umd.troyd( 6910): android.widget.ImageView@407bea20: 2131558517 (63)
D/umd.troyd( 6910): android.widget.LinearLayout@407a12e8: -1 (64)
D/umd.troyd( 6910): android.widget.RelativeLayout@407a14d8: -1 (65)
D/umd.troyd( 6910): android.widget.RelativeLayout@4077c640: -1 (66)
D/umd.troyd( 6910): android.widget.TextView: Walmart Supercenter (67)
D/umd.troyd( 6910): android.widget.TextView: 3060 Justin Rd (68)
D/umd.troyd( 6910): android.widget.TextView: Highland Village, TX 75077 (69)
D/umd.troyd( 6910): android.widget.RelativeLayout@405ce9b8: -1 (70)
D/umd.troyd( 6910): android.widget.LinearLayout@405ced18: 2131558801 (71)
D/umd.troyd( 6910): android.widget.TextView: 27.12 (72)
D/umd.troyd( 6910): android.widget.TextView: miles (73)
D/umd.troyd( 6910): android.widget.TextView:  (74)
D/umd.troyd( 6910): android.widget.ImageView@405178b8: 2131558517 (75)
D/umd.troyd( 6910): android.widget.LinearLayout@407adb28: -1 (76)
D/umd.troyd( 6910): android.widget.RelativeLayout@407adce0: -1 (77)
D/umd.troyd( 6910): android.widget.RelativeLayout@407adff8: -1 (78)
D/umd.troyd( 6910): android.widget.TextView: Walmart Supercenter (79)
D/umd.troyd( 6910): android.widget.TextView: 2801 E Interstate 20 (80)
D/umd.troyd( 6910): android.widget.TextView: Hudson Oaks, TX 76087 (81)
D/umd.troyd( 6910): android.widget.RelativeLayout@4078dcd8: -1 (82)
D/umd.troyd( 6910): android.widget.LinearLayout@407904e8: 2131558801 (83)
D/umd.troyd( 6910): android.widget.TextView: 27.44 (84)
D/umd.troyd( 6910): android.widget.TextView: miles (85)
D/umd.troyd( 6910): android.widget.TextView:  (86)
D/umd.troyd( 6910): android.widget.ImageView@407b4c30: 2131558517 (87)
D/umd.troyd( 6910): android.widget.RelativeLayout@40688698: 2131558541 (88)
D/umd.troyd( 6910): android.widget.GridView@405f7818: 2131558824 (89)
D/umd.troyd( 6910): android.widget.LinearLayout@405db518: 2131558538 (90)
D/umd.troyd( 6910): android.widget.RelativeLayout@405dbf10: 2131558818 (91)
D/umd.troyd( 6910): android.widget.ImageButton@40618ce8: 2131558819 (92)
D/umd.troyd( 6910): android.widget.RelativeLayout@40619200: -1 (93)
D/umd.troyd( 6910): android.widget.ImageView@406195f0: 2131558820 (94)
D/umd.troyd( 6910): android.widget.TextView: Stores (95)
D/umd.troyd( 6910): android.widget.RelativeLayout@405c8ab0: -1 (96)
D/umd.troyd( 6910): android.widget.Button:  (97)
D/umd.troyd( 6910): android.widget.ImageView@405c95b8: 2131558823 (98)
D/umd.troyd( 6910): android.widget.LinearLayout@405f50a8: 2131558542 (99)
D/umd.troyd( 6910): got command getViews
D/umd.troyd( 6910): android.widget.FrameLayout@405d02b8: 16908290 (0)
D/umd.troyd( 6910): android.widget.RelativeLayout@406732c8: 2131558603 (1)
D/umd.troyd( 6910): android.widget.LinearLayout@40673700: -1 (2)
D/umd.troyd( 6910): com.walmart.android.ui.ViewStackLayout@406527f8: 2131558797 (3)
D/umd.troyd( 6910): android.widget.RelativeLayout@40723658: -1 (4)
D/umd.troyd( 6910): android.widget.RelativeLayout@40723bc0: 2131558790 (5)
D/umd.troyd( 6910): android.widget.LinearLayout@40724740: 2131558790 (6)
D/umd.troyd( 6910): android.widget.RelativeLayout@40724f20: -1 (7)
D/umd.troyd( 6910): android.widget.Button:  (8)
D/umd.troyd( 6910): android.widget.TextView: Search a location (9)
D/umd.troyd( 6910): android.widget.Button:  (10)
D/umd.troyd( 6910): android.widget.Button:  (11)
D/umd.troyd( 6910): android.widget.Button:  (12)
D/umd.troyd( 6910): android.widget.RelativeLayout@407297d8: 2131558791 (13)
D/umd.troyd( 6910): com.walmart.android.storelocator.StoreMapView@4072aa70: 2131558792 (14)
D/umd.troyd( 6910): android.widget.ListView@405d0ed8: 2131558521 (15)
D/umd.troyd( 6910): android.widget.LinearLayout@407adb28: -1 (16)
D/umd.troyd( 6910): android.widget.RelativeLayout@407adce0: -1 (17)
D/umd.troyd( 6910): android.widget.RelativeLayout@407adff8: -1 (18)
D/umd.troyd( 6910): android.widget.TextView: Walmart Supercenter (19)
D/umd.troyd( 6910): android.widget.TextView: 2801 E Interstate 20 (20)
D/umd.troyd( 6910): android.widget.TextView: Hudson Oaks, TX 76087 (21)
D/umd.troyd( 6910): android.widget.RelativeLayout@4078dcd8: -1 (22)
D/umd.troyd( 6910): android.widget.LinearLayout@407904e8: 2131558801 (23)
D/umd.troyd( 6910): android.widget.TextView: 27.44 (24)
D/umd.troyd( 6910): android.widget.TextView: miles (25)
D/umd.troyd( 6910): android.widget.TextView:  (26)
D/umd.troyd( 6910): android.widget.ImageView@407b4c30: 2131558517 (27)
D/umd.troyd( 6910): android.widget.LinearLayout@407716d0: -1 (28)
D/umd.troyd( 6910): android.widget.RelativeLayout@407718c0: -1 (29)
D/umd.troyd( 6910): android.widget.RelativeLayout@40774ff0: -1 (30)
D/umd.troyd( 6910): android.widget.TextView: Walmart Supercenter (31)
D/umd.troyd( 6910): android.widget.TextView: 6401 Ne Loop 820 (32)
D/umd.troyd( 6910): android.widget.TextView: North Richland Hill, TX 76180 (33)
D/umd.troyd( 6910): android.widget.RelativeLayout@40784860: -1 (34)
D/umd.troyd( 6910): android.widget.LinearLayout@40787610: 2131558801 (35)
D/umd.troyd( 6910): android.widget.TextView: 27.88 (36)
D/umd.troyd( 6910): android.widget.TextView: miles (37)
D/umd.troyd( 6910): android.widget.TextView:  (38)
D/umd.troyd( 6910): android.widget.ImageView@40684488: 2131558517 (39)
D/umd.troyd( 6910): android.widget.LinearLayout@406c8d10: -1 (40)
D/umd.troyd( 6910): android.widget.RelativeLayout@406c8f00: -1 (41)
D/umd.troyd( 6910): android.widget.RelativeLayout@406c92a8: -1 (42)
D/umd.troyd( 6910): android.widget.TextView: Walmart Supercenter (43)
D/umd.troyd( 6910): android.widget.TextView: 6770 Westworth Blvd (44)
D/umd.troyd( 6910): android.widget.TextView: Westworth Village, TX 76114 (45)
D/umd.troyd( 6910): android.widget.RelativeLayout@406ca5b8: -1 (46)
D/umd.troyd( 6910): android.widget.LinearLayout@406ca9c8: 2131558801 (47)
D/umd.troyd( 6910): android.widget.TextView: 28.11 (48)
D/umd.troyd( 6910): android.widget.TextView: miles (49)
D/umd.troyd( 6910): android.widget.TextView:  (50)
D/umd.troyd( 6910): android.widget.ImageView@406cba80: 2131558517 (51)
D/umd.troyd( 6910): android.widget.LinearLayout@4068aa60: -1 (52)
D/umd.troyd( 6910): android.widget.RelativeLayout@4068ac50: -1 (53)
D/umd.troyd( 6910): android.widget.RelativeLayout@4068aff8: -1 (54)
D/umd.troyd( 6910): android.widget.TextView: Walmart Supercenter (55)
D/umd.troyd( 6910): android.widget.TextView: 1035 Hickory Creek Blvd (56)
D/umd.troyd( 6910): android.widget.TextView: Hickory Creek, TX 75065 (57)
D/umd.troyd( 6910): android.widget.RelativeLayout@4068c308: -1 (58)
D/umd.troyd( 6910): android.widget.LinearLayout@4068c718: 2131558801 (59)
D/umd.troyd( 6910): android.widget.TextView: 28.11 (60)
D/umd.troyd( 6910): android.widget.TextView: miles (61)
D/umd.troyd( 6910): android.widget.TextView:  (62)
D/umd.troyd( 6910): android.widget.ImageView@4068d7d0: 2131558517 (63)
D/umd.troyd( 6910): android.widget.LinearLayout@4068f260: -1 (64)
D/umd.troyd( 6910): android.widget.RelativeLayout@4068f450: -1 (65)
D/umd.troyd( 6910): android.widget.RelativeLayout@4068f7f8: -1 (66)
D/umd.troyd( 6910): android.widget.TextView: Neighborhood Market (67)
D/umd.troyd( 6910): android.widget.TextView: 2800 Flower Mound Rd (68)
D/umd.troyd( 6910): android.widget.TextView: Flower Mound, TX 75022 (69)
D/umd.troyd( 6910): android.widget.RelativeLayout@40690b08: -1 (70)
D/umd.troyd( 6910): android.widget.LinearLayout@40690f18: 2131558801 (71)
D/umd.troyd( 6910): android.widget.TextView: 28.64 (72)
D/umd.troyd( 6910): android.widget.TextView: miles (73)
D/umd.troyd( 6910): android.widget.TextView:  (74)
D/umd.troyd( 6910): android.widget.ImageView@40691fd0: 2131558517 (75)
D/umd.troyd( 6910): android.widget.LinearLayout@40693a58: -1 (76)
D/umd.troyd( 6910): android.widget.RelativeLayout@40693c48: -1 (77)
D/umd.troyd( 6910): android.widget.RelativeLayout@40693ff0: -1 (78)
D/umd.troyd( 6910): android.widget.TextView: Neighborhood Market (79)
D/umd.troyd( 6910): android.widget.TextView: 1515 Justin Rd (80)
D/umd.troyd( 6910): android.widget.TextView: Lewisville, TX 75077 (81)
D/umd.troyd( 6910): android.widget.RelativeLayout@40695300: -1 (82)
D/umd.troyd( 6910): android.widget.LinearLayout@40695710: 2131558801 (83)
D/umd.troyd( 6910): android.widget.TextView: 29.26 (84)
D/umd.troyd( 6910): android.widget.TextView: miles (85)
D/umd.troyd( 6910): android.widget.TextView:  (86)
D/umd.troyd( 6910): android.widget.ImageView@406967c8: 2131558517 (87)
D/umd.troyd( 6910): android.widget.RelativeLayout@40688698: 2131558541 (88)
D/umd.troyd( 6910): android.widget.GridView@405f7818: 2131558824 (89)
D/umd.troyd( 6910): android.widget.LinearLayout@405db518: 2131558538 (90)
D/umd.troyd( 6910): android.widget.RelativeLayout@405dbf10: 2131558818 (91)
D/umd.troyd( 6910): android.widget.ImageButton@40618ce8: 2131558819 (92)
D/umd.troyd( 6910): android.widget.RelativeLayout@40619200: -1 (93)
D/umd.troyd( 6910): android.widget.ImageView@406195f0: 2131558820 (94)
D/umd.troyd( 6910): android.widget.TextView: Stores (95)
D/umd.troyd( 6910): android.widget.RelativeLayout@405c8ab0: -1 (96)
D/umd.troyd( 6910): android.widget.Button:  (97)
D/umd.troyd( 6910): android.widget.ImageView@405c95b8: 2131558823 (98)
D/umd.troyd( 6910): android.widget.LinearLayout@405f50a8: 2131558542 (99)
D/umd.troyd( 6910): got command getViews
D/umd.troyd( 6910): android.widget.FrameLayout@405d02b8: 16908290 (0)
D/umd.troyd( 6910): android.widget.RelativeLayout@406732c8: 2131558603 (1)
D/umd.troyd( 6910): android.widget.LinearLayout@40673700: -1 (2)
D/umd.troyd( 6910): com.walmart.android.ui.ViewStackLayout@406527f8: 2131558797 (3)
D/umd.troyd( 6910): android.widget.RelativeLayout@40723658: -1 (4)
D/umd.troyd( 6910): android.widget.RelativeLayout@40723bc0: 2131558790 (5)
D/umd.troyd( 6910): android.widget.LinearLayout@40724740: 2131558790 (6)
D/umd.troyd( 6910): android.widget.RelativeLayout@40724f20: -1 (7)
D/umd.troyd( 6910): android.widget.Button:  (8)
D/umd.troyd( 6910): android.widget.TextView: Search a location (9)
D/umd.troyd( 6910): android.widget.Button:  (10)
D/umd.troyd( 6910): android.widget.Button:  (11)
D/umd.troyd( 6910): android.widget.Button:  (12)
D/umd.troyd( 6910): android.widget.RelativeLayout@407297d8: 2131558791 (13)
D/umd.troyd( 6910): com.walmart.android.storelocator.StoreMapView@4072aa70: 2131558792 (14)
D/umd.troyd( 6910): android.widget.ListView@405d0ed8: 2131558521 (15)
D/umd.troyd( 6910): android.widget.LinearLayout@40693a58: -1 (16)
D/umd.troyd( 6910): android.widget.RelativeLayout@40693c48: -1 (17)
D/umd.troyd( 6910): android.widget.RelativeLayout@40693ff0: -1 (18)
D/umd.troyd( 6910): android.widget.TextView: Neighborhood Market (19)
D/umd.troyd( 6910): android.widget.TextView: 1515 Justin Rd (20)
D/umd.troyd( 6910): android.widget.TextView: Lewisville, TX 75077 (21)
D/umd.troyd( 6910): android.widget.RelativeLayout@40695300: -1 (22)
D/umd.troyd( 6910): android.widget.LinearLayout@40695710: 2131558801 (23)
D/umd.troyd( 6910): android.widget.TextView: 29.26 (24)
D/umd.troyd( 6910): android.widget.TextView: miles (25)
D/umd.troyd( 6910): android.widget.TextView:  (26)
D/umd.troyd( 6910): android.widget.ImageView@406967c8: 2131558517 (27)
D/umd.troyd( 6910): android.widget.LinearLayout@40698258: -1 (28)
D/umd.troyd( 6910): android.widget.RelativeLayout@40698448: -1 (29)
D/umd.troyd( 6910): android.widget.RelativeLayout@406987f0: -1 (30)
D/umd.troyd( 6910): android.widget.TextView: Neighborhood Market (31)
D/umd.troyd( 6910): android.widget.TextView: 4904 Colleyville Blvd (32)
D/umd.troyd( 6910): android.widget.TextView: Colleyville, TX 76034 (33)
D/umd.troyd( 6910): android.widget.RelativeLayout@40699b00: -1 (34)
D/umd.troyd( 6910): android.widget.LinearLayout@40699f10: 2131558801 (35)
D/umd.troyd( 6910): android.widget.TextView: 29.35 (36)
D/umd.troyd( 6910): android.widget.TextView: miles (37)
D/umd.troyd( 6910): android.widget.TextView:  (38)
D/umd.troyd( 6910): android.widget.ImageView@4069afc8: 2131558517 (39)
D/umd.troyd( 6910): android.widget.LinearLayout@407e26c8: -1 (40)
D/umd.troyd( 6910): android.widget.RelativeLayout@40623120: -1 (41)
D/umd.troyd( 6910): android.widget.RelativeLayout@40623278: -1 (42)
D/umd.troyd( 6910): android.widget.TextView: Walmart Supercenter (43)
D/umd.troyd( 6910): android.widget.TextView: 1601 W State Highway 114 (44)
D/umd.troyd( 6910): android.widget.TextView: Grapevine, TX 76051 (45)
D/umd.troyd( 6910): android.widget.RelativeLayout@407539b0: -1 (46)
D/umd.troyd( 6910): android.widget.LinearLayout@406fbc20: 2131558801 (47)
D/umd.troyd( 6910): android.widget.TextView: 29.84 (48)
D/umd.troyd( 6910): android.widget.TextView: miles (49)
D/umd.troyd( 6910): android.widget.TextView:  (50)
D/umd.troyd( 6910): android.widget.ImageView@406fea18: 2131558517 (51)
D/umd.troyd( 6910): android.widget.LinearLayout@406feb68: -1 (52)
D/umd.troyd( 6910): android.widget.RelativeLayout@406ff538: -1 (53)
D/umd.troyd( 6910): android.widget.RelativeLayout@406ff690: -1 (54)
D/umd.troyd( 6910): android.widget.TextView: Walmart Supercenter (55)
D/umd.troyd( 6910): android.widget.TextView: 1836 S Main St (56)
D/umd.troyd( 6910): android.widget.TextView: Weatherford, TX 76086 (57)
D/umd.troyd( 6910): android.widget.RelativeLayout@40705610: -1 (58)
D/umd.troyd( 6910): android.widget.LinearLayout@40705a40: 2131558801 (59)
D/umd.troyd( 6910): android.widget.TextView: 29.88 (60)
D/umd.troyd( 6910): android.widget.TextView: miles (61)
D/umd.troyd( 6910): android.widget.TextView:  (62)
D/umd.troyd( 6910): android.widget.ImageView@407106f8: 2131558517 (63)
D/umd.troyd( 6910): android.widget.LinearLayout@40710848: -1 (64)
D/umd.troyd( 6910): android.widget.RelativeLayout@407665d0: -1 (65)
D/umd.troyd( 6910): android.widget.RelativeLayout@40766728: -1 (66)
D/umd.troyd( 6910): android.widget.TextView: Walmart Supercenter (67)
D/umd.troyd( 6910): android.widget.TextView: 1732 Precinct Line Rd (68)
D/umd.troyd( 6910): android.widget.TextView: Hurst, TX 76054 (69)
D/umd.troyd( 6910): android.widget.RelativeLayout@40757220: -1 (70)
D/umd.troyd( 6910): android.widget.LinearLayout@40757378: 2131558801 (71)
D/umd.troyd( 6910): android.widget.TextView: 29.88 (72)
D/umd.troyd( 6910): android.widget.TextView: miles (73)
D/umd.troyd( 6910): android.widget.TextView:  (74)
D/umd.troyd( 6910): android.widget.ImageView@407bea20: 2131558517 (75)
D/umd.troyd( 6910): android.widget.LinearLayout@407a12e8: -1 (76)
D/umd.troyd( 6910): android.widget.RelativeLayout@407a14d8: -1 (77)
D/umd.troyd( 6910): android.widget.RelativeLayout@4077c640: -1 (78)
D/umd.troyd( 6910): android.widget.TextView: Walmart Supercenter (79)
D/umd.troyd( 6910): android.widget.TextView: 3851 Airport Fwy (80)
D/umd.troyd( 6910): android.widget.TextView: Fort Worth, TX 76111 (81)
D/umd.troyd( 6910): android.widget.RelativeLayout@405ce9b8: -1 (82)
D/umd.troyd( 6910): android.widget.LinearLayout@405ced18: 2131558801 (83)
D/umd.troyd( 6910): android.widget.TextView: 30.02 (84)
D/umd.troyd( 6910): android.widget.TextView: miles (85)
D/umd.troyd( 6910): android.widget.TextView:  (86)
D/umd.troyd( 6910): android.widget.ImageView@405178b8: 2131558517 (87)
D/umd.troyd( 6910): android.widget.RelativeLayout@40688698: 2131558541 (88)
D/umd.troyd( 6910): android.widget.GridView@405f7818: 2131558824 (89)
D/umd.troyd( 6910): android.widget.LinearLayout@405db518: 2131558538 (90)
D/umd.troyd( 6910): android.widget.RelativeLayout@405dbf10: 2131558818 (91)
D/umd.troyd( 6910): android.widget.ImageButton@40618ce8: 2131558819 (92)
D/umd.troyd( 6910): android.widget.RelativeLayout@40619200: -1 (93)
D/umd.troyd( 6910): android.widget.ImageView@406195f0: 2131558820 (94)
D/umd.troyd( 6910): android.widget.TextView: Stores (95)
D/umd.troyd( 6910): android.widget.RelativeLayout@405c8ab0: -1 (96)
D/umd.troyd( 6910): android.widget.Button:  (97)
D/umd.troyd( 6910): android.widget.ImageView@405c95b8: 2131558823 (98)
D/umd.troyd( 6910): android.widget.LinearLayout@405f50a8: 2131558542 (99)
