emulator-5574
D/umd.troyd( 6861): got command getViews
D/umd.troyd( 6861): android.widget.FrameLayout@407194e0: 16908290 (0)
D/umd.troyd( 6861): android.widget.RelativeLayout@40719f20: 2131558603 (1)
D/umd.troyd( 6861): android.widget.LinearLayout@4071a358: -1 (2)
D/umd.troyd( 6861): com.walmart.android.ui.ViewStackLayout@4071a8a8: 2131558797 (3)
D/umd.troyd( 6861): android.widget.RelativeLayout@4072b568: -1 (4)
D/umd.troyd( 6861): android.widget.RelativeLayout@4072bad0: 2131558790 (5)
D/umd.troyd( 6861): android.widget.LinearLayout@4072c650: 2131558790 (6)
D/umd.troyd( 6861): android.widget.RelativeLayout@4072ce30: -1 (7)
D/umd.troyd( 6861): android.widget.Button:  (8)
D/umd.troyd( 6861): android.widget.TextView: Search a location (9)
D/umd.troyd( 6861): android.widget.Button:  (10)
D/umd.troyd( 6861): android.widget.Button:  (11)
D/umd.troyd( 6861): android.widget.Button:  (12)
D/umd.troyd( 6861): android.widget.RelativeLayout@405d7288: 2131558791 (13)
D/umd.troyd( 6861): com.walmart.android.storelocator.StoreMapView@4055e4a8: 2131558792 (14)
D/umd.troyd( 6861): android.widget.ListView@40782000: 2131558521 (15)
D/umd.troyd( 6861): android.widget.LinearLayout@40685aa8: -1 (16)
D/umd.troyd( 6861): android.widget.RelativeLayout@40688340: -1 (17)
D/umd.troyd( 6861): android.widget.RelativeLayout@40688498: -1 (18)
D/umd.troyd( 6861): android.widget.TextView: Walmart Supercenter (19)
D/umd.troyd( 6861): android.widget.TextView: 800 S Us Hwy 81/287 (20)
D/umd.troyd( 6861): android.widget.TextView: Decatur, TX 76234 (21)
D/umd.troyd( 6861): android.widget.RelativeLayout@405b8528: -1 (22)
D/umd.troyd( 6861): android.widget.LinearLayout@405b8680: 2131558801 (23)
D/umd.troyd( 6861): android.widget.TextView: 2.06 (24)
D/umd.troyd( 6861): android.widget.TextView: miles (25)
D/umd.troyd( 6861): android.widget.TextView:  (26)
D/umd.troyd( 6861): android.widget.ImageView@405fa250: 2131558517 (27)
D/umd.troyd( 6861): android.widget.LinearLayout@405fa3a0: -1 (28)
D/umd.troyd( 6861): android.widget.RelativeLayout@40604248: -1 (29)
D/umd.troyd( 6861): android.widget.RelativeLayout@406043a0: -1 (30)
D/umd.troyd( 6861): android.widget.TextView: Walmart Supercenter (31)
D/umd.troyd( 6861): android.widget.TextView: 721 Boyd Rd (32)
D/umd.troyd( 6861): android.widget.TextView: Azle, TX 76020 (33)
D/umd.troyd( 6861): android.widget.RelativeLayout@4066f5f0: -1 (34)
D/umd.troyd( 6861): android.widget.LinearLayout@4066f748: 2131558801 (35)
D/umd.troyd( 6861): android.widget.TextView: 17.91 (36)
D/umd.troyd( 6861): android.widget.TextView: miles (37)
D/umd.troyd( 6861): android.widget.TextView:  (38)
D/umd.troyd( 6861): android.widget.ImageView@40689078: 2131558517 (39)
D/umd.troyd( 6861): android.widget.LinearLayout@406891c8: -1 (40)
D/umd.troyd( 6861): android.widget.RelativeLayout@406f2160: -1 (41)
D/umd.troyd( 6861): android.widget.RelativeLayout@406f22b8: -1 (42)
D/umd.troyd( 6861): android.widget.TextView: Walmart Supercenter (43)
D/umd.troyd( 6861): android.widget.TextView: 2750 W University Dr (44)
D/umd.troyd( 6861): android.widget.TextView: Denton, TX 76201 (45)
D/umd.troyd( 6861): android.widget.RelativeLayout@4073fad0: -1 (46)
D/umd.troyd( 6861): android.widget.LinearLayout@4073fc28: 2131558801 (47)
D/umd.troyd( 6861): android.widget.TextView: 21.79 (48)
D/umd.troyd( 6861): android.widget.TextView: miles (49)
D/umd.troyd( 6861): android.widget.TextView:  (50)
D/umd.troyd( 6861): android.widget.ImageView@40633d40: 2131558517 (51)
D/umd.troyd( 6861): android.widget.LinearLayout@40633e90: -1 (52)
D/umd.troyd( 6861): android.widget.RelativeLayout@4077dad0: -1 (53)
D/umd.troyd( 6861): android.widget.RelativeLayout@4077dc28: -1 (54)
D/umd.troyd( 6861): android.widget.TextView: Walmart Supercenter (55)
D/umd.troyd( 6861): android.widget.TextView: 1401 N Saginaw Blvd (56)
D/umd.troyd( 6861): android.widget.TextView: Saginaw, TX 76179 (57)
D/umd.troyd( 6861): android.widget.RelativeLayout@40777f10: -1 (58)
D/umd.troyd( 6861): android.widget.LinearLayout@40778068: 2131558801 (59)
D/umd.troyd( 6861): android.widget.TextView: 21.80 (60)
D/umd.troyd( 6861): android.widget.TextView: miles (61)
D/umd.troyd( 6861): android.widget.TextView:  (62)
D/umd.troyd( 6861): android.widget.ImageView@4067e258: 2131558517 (63)
D/umd.troyd( 6861): android.widget.LinearLayout@4067e3a8: -1 (64)
D/umd.troyd( 6861): android.widget.RelativeLayout@407464c0: -1 (65)
D/umd.troyd( 6861): android.widget.RelativeLayout@40746618: -1 (66)
D/umd.troyd( 6861): android.widget.TextView: Walmart Supercenter (67)
D/umd.troyd( 6861): android.widget.TextView: 1228 North Highway 377 (68)
D/umd.troyd( 6861): android.widget.TextView: Roanoke, TX 76262 (69)
D/umd.troyd( 6861): android.widget.RelativeLayout@406f09c8: -1 (70)
D/umd.troyd( 6861): android.widget.LinearLayout@405c2bb0: 2131558801 (71)
D/umd.troyd( 6861): android.widget.TextView: 21.97 (72)
D/umd.troyd( 6861): android.widget.TextView: miles (73)
D/umd.troyd( 6861): android.widget.TextView:  (74)
D/umd.troyd( 6861): android.widget.ImageView@40608cb0: 2131558517 (75)
D/umd.troyd( 6861): android.widget.LinearLayout@405ee340: -1 (76)
D/umd.troyd( 6861): android.widget.RelativeLayout@40668590: -1 (77)
D/umd.troyd( 6861): android.widget.RelativeLayout@406273d8: -1 (78)
D/umd.troyd( 6861): android.widget.TextView: Walmart Supercenter (79)
D/umd.troyd( 6861): android.widget.TextView: 8520 N Beach St (80)
D/umd.troyd( 6861): android.widget.TextView: Fort Worth, TX 76244 (81)
D/umd.troyd( 6861): android.widget.RelativeLayout@40674f08: -1 (82)
D/umd.troyd( 6861): android.widget.LinearLayout@407849c8: 2131558801 (83)
D/umd.troyd( 6861): android.widget.TextView: 23.86 (84)
D/umd.troyd( 6861): android.widget.TextView: miles (85)
D/umd.troyd( 6861): android.widget.TextView:  (86)
D/umd.troyd( 6861): android.widget.ImageView@405f7dd8: 2131558517 (87)
D/umd.troyd( 6861): android.widget.RelativeLayout@4071c9d8: 2131558541 (88)
D/umd.troyd( 6861): android.widget.GridView@4071d550: 2131558824 (89)
D/umd.troyd( 6861): android.widget.LinearLayout@4071e6d0: 2131558538 (90)
D/umd.troyd( 6861): android.widget.RelativeLayout@4071f0c8: 2131558818 (91)
D/umd.troyd( 6861): android.widget.ImageButton@4071fa18: 2131558819 (92)
D/umd.troyd( 6861): android.widget.RelativeLayout@4071ff30: -1 (93)
D/umd.troyd( 6861): android.widget.ImageView@40720320: 2131558820 (94)
D/umd.troyd( 6861): android.widget.TextView: Stores (95)
D/umd.troyd( 6861): android.widget.RelativeLayout@40721228: -1 (96)
D/umd.troyd( 6861): android.widget.Button:  (97)
D/umd.troyd( 6861): android.widget.ImageView@40721d98: 2131558823 (98)
D/umd.troyd( 6861): android.widget.LinearLayout@40722028: 2131558542 (99)
D/umd.troyd( 6861): got command getViews
D/umd.troyd( 6861): android.widget.FrameLayout@407194e0: 16908290 (0)
D/umd.troyd( 6861): android.widget.RelativeLayout@40719f20: 2131558603 (1)
D/umd.troyd( 6861): android.widget.LinearLayout@4071a358: -1 (2)
D/umd.troyd( 6861): com.walmart.android.ui.ViewStackLayout@4071a8a8: 2131558797 (3)
D/umd.troyd( 6861): android.widget.RelativeLayout@4072b568: -1 (4)
D/umd.troyd( 6861): android.widget.RelativeLayout@4072bad0: 2131558790 (5)
D/umd.troyd( 6861): android.widget.LinearLayout@4072c650: 2131558790 (6)
D/umd.troyd( 6861): android.widget.RelativeLayout@4072ce30: -1 (7)
D/umd.troyd( 6861): android.widget.Button:  (8)
D/umd.troyd( 6861): android.widget.TextView: Search a location (9)
D/umd.troyd( 6861): android.widget.Button:  (10)
D/umd.troyd( 6861): android.widget.Button:  (11)
D/umd.troyd( 6861): android.widget.Button:  (12)
D/umd.troyd( 6861): android.widget.RelativeLayout@405d7288: 2131558791 (13)
D/umd.troyd( 6861): com.walmart.android.storelocator.StoreMapView@4055e4a8: 2131558792 (14)
D/umd.troyd( 6861): android.widget.ListView@40782000: 2131558521 (15)
D/umd.troyd( 6861): android.widget.LinearLayout@405ee340: -1 (16)
D/umd.troyd( 6861): android.widget.RelativeLayout@40668590: -1 (17)
D/umd.troyd( 6861): android.widget.RelativeLayout@406273d8: -1 (18)
D/umd.troyd( 6861): android.widget.TextView: Walmart Supercenter (19)
D/umd.troyd( 6861): android.widget.TextView: 8520 N Beach St (20)
D/umd.troyd( 6861): android.widget.TextView: Fort Worth, TX 76244 (21)
D/umd.troyd( 6861): android.widget.RelativeLayout@40674f08: -1 (22)
D/umd.troyd( 6861): android.widget.LinearLayout@407849c8: 2131558801 (23)
D/umd.troyd( 6861): android.widget.TextView: 23.86 (24)
D/umd.troyd( 6861): android.widget.TextView: miles (25)
D/umd.troyd( 6861): android.widget.TextView:  (26)
D/umd.troyd( 6861): android.widget.ImageView@405f7dd8: 2131558517 (27)
D/umd.troyd( 6861): android.widget.LinearLayout@406a4298: -1 (28)
D/umd.troyd( 6861): android.widget.RelativeLayout@406a4488: -1 (29)
D/umd.troyd( 6861): android.widget.RelativeLayout@406a4830: -1 (30)
D/umd.troyd( 6861): android.widget.TextView: Walmart Supercenter (31)
D/umd.troyd( 6861): android.widget.TextView: 1341 Highway 287 N (32)
D/umd.troyd( 6861): android.widget.TextView: Bowie, TX 76230 (33)
D/umd.troyd( 6861): android.widget.RelativeLayout@406a5b40: -1 (34)
D/umd.troyd( 6861): android.widget.LinearLayout@406a5f50: 2131558801 (35)
D/umd.troyd( 6861): android.widget.TextView: 23.94 (36)
D/umd.troyd( 6861): android.widget.TextView: miles (37)
D/umd.troyd( 6861): android.widget.TextView:  (38)
D/umd.troyd( 6861): android.widget.ImageView@406a7008: 2131558517 (39)
D/umd.troyd( 6861): android.widget.LinearLayout@406a8a90: -1 (40)
D/umd.troyd( 6861): android.widget.RelativeLayout@406a8c80: -1 (41)
D/umd.troyd( 6861): android.widget.RelativeLayout@406a9028: -1 (42)
D/umd.troyd( 6861): android.widget.TextView: Walmart Supercenter (43)
D/umd.troyd( 6861): android.widget.TextView: 6360 Lake Worth Blvd (44)
D/umd.troyd( 6861): android.widget.TextView: Lake Worth, TX 76135 (45)
D/umd.troyd( 6861): android.widget.RelativeLayout@406aa338: -1 (46)
D/umd.troyd( 6861): android.widget.LinearLayout@406aa748: 2131558801 (47)
D/umd.troyd( 6861): android.widget.TextView: 24.53 (48)
D/umd.troyd( 6861): android.widget.TextView: miles (49)
D/umd.troyd( 6861): android.widget.TextView:  (50)
D/umd.troyd( 6861): android.widget.ImageView@4058b828: 2131558517 (51)
D/umd.troyd( 6861): android.widget.LinearLayout@4058d2b8: -1 (52)
D/umd.troyd( 6861): android.widget.RelativeLayout@4058d4a8: -1 (53)
D/umd.troyd( 6861): android.widget.RelativeLayout@4058d850: -1 (54)
D/umd.troyd( 6861): android.widget.TextView: Neighborhood Market (55)
D/umd.troyd( 6861): android.widget.TextView: 7401 Park Vista Blvd (56)
D/umd.troyd( 6861): android.widget.TextView: Fort Worth, TX 76137 (57)
D/umd.troyd( 6861): android.widget.RelativeLayout@4058eb60: -1 (58)
D/umd.troyd( 6861): android.widget.LinearLayout@4058ef70: 2131558801 (59)
D/umd.troyd( 6861): android.widget.TextView: 25.40 (60)
D/umd.troyd( 6861): android.widget.TextView: miles (61)
D/umd.troyd( 6861): android.widget.TextView:  (62)
D/umd.troyd( 6861): android.widget.ImageView@40590028: 2131558517 (63)
D/umd.troyd( 6861): android.widget.LinearLayout@40591ab8: -1 (64)
D/umd.troyd( 6861): android.widget.RelativeLayout@40591ca8: -1 (65)
D/umd.troyd( 6861): android.widget.RelativeLayout@40592050: -1 (66)
D/umd.troyd( 6861): android.widget.TextView: Walmart Supercenter (67)
D/umd.troyd( 6861): android.widget.TextView: 1515 S Loop 288 (68)
D/umd.troyd( 6861): android.widget.TextView: Denton, TX 76205 (69)
D/umd.troyd( 6861): android.widget.RelativeLayout@40593360: -1 (70)
D/umd.troyd( 6861): android.widget.LinearLayout@40593770: 2131558801 (71)
D/umd.troyd( 6861): android.widget.TextView: 25.41 (72)
D/umd.troyd( 6861): android.widget.TextView: miles (73)
D/umd.troyd( 6861): android.widget.TextView:  (74)
D/umd.troyd( 6861): android.widget.ImageView@40594828: 2131558517 (75)
D/umd.troyd( 6861): android.widget.LinearLayout@405962b0: -1 (76)
D/umd.troyd( 6861): android.widget.RelativeLayout@405964a0: -1 (77)
D/umd.troyd( 6861): android.widget.RelativeLayout@40596848: -1 (78)
D/umd.troyd( 6861): android.widget.TextView: Neighborhood Market (79)
D/umd.troyd( 6861): android.widget.TextView: 2130 Ruf Snow Drive (80)
D/umd.troyd( 6861): android.widget.TextView: Keller, TX 76248 (81)
D/umd.troyd( 6861): android.widget.RelativeLayout@40597b58: -1 (82)
D/umd.troyd( 6861): android.widget.LinearLayout@40597f68: 2131558801 (83)
D/umd.troyd( 6861): android.widget.TextView: 25.61 (84)
D/umd.troyd( 6861): android.widget.TextView: miles (85)
D/umd.troyd( 6861): android.widget.TextView:  (86)
D/umd.troyd( 6861): android.widget.ImageView@40599020: 2131558517 (87)
D/umd.troyd( 6861): android.widget.RelativeLayout@4071c9d8: 2131558541 (88)
D/umd.troyd( 6861): android.widget.GridView@4071d550: 2131558824 (89)
D/umd.troyd( 6861): android.widget.LinearLayout@4071e6d0: 2131558538 (90)
D/umd.troyd( 6861): android.widget.RelativeLayout@4071f0c8: 2131558818 (91)
D/umd.troyd( 6861): android.widget.ImageButton@4071fa18: 2131558819 (92)
D/umd.troyd( 6861): android.widget.RelativeLayout@4071ff30: -1 (93)
D/umd.troyd( 6861): android.widget.ImageView@40720320: 2131558820 (94)
D/umd.troyd( 6861): android.widget.TextView: Stores (95)
D/umd.troyd( 6861): android.widget.RelativeLayout@40721228: -1 (96)
D/umd.troyd( 6861): android.widget.Button:  (97)
D/umd.troyd( 6861): android.widget.ImageView@40721d98: 2131558823 (98)
D/umd.troyd( 6861): android.widget.LinearLayout@40722028: 2131558542 (99)
D/umd.troyd( 6861): got command getViews
D/umd.troyd( 6861): android.widget.FrameLayout@407194e0: 16908290 (0)
D/umd.troyd( 6861): android.widget.RelativeLayout@40719f20: 2131558603 (1)
D/umd.troyd( 6861): android.widget.LinearLayout@4071a358: -1 (2)
D/umd.troyd( 6861): com.walmart.android.ui.ViewStackLayout@4071a8a8: 2131558797 (3)
D/umd.troyd( 6861): android.widget.RelativeLayout@4072b568: -1 (4)
D/umd.troyd( 6861): android.widget.RelativeLayout@4072bad0: 2131558790 (5)
D/umd.troyd( 6861): android.widget.LinearLayout@4072c650: 2131558790 (6)
D/umd.troyd( 6861): android.widget.RelativeLayout@4072ce30: -1 (7)
D/umd.troyd( 6861): android.widget.Button:  (8)
D/umd.troyd( 6861): android.widget.TextView: Search a location (9)
D/umd.troyd( 6861): android.widget.Button:  (10)
D/umd.troyd( 6861): android.widget.Button:  (11)
D/umd.troyd( 6861): android.widget.Button:  (12)
D/umd.troyd( 6861): android.widget.RelativeLayout@405d7288: 2131558791 (13)
D/umd.troyd( 6861): com.walmart.android.storelocator.StoreMapView@4055e4a8: 2131558792 (14)
D/umd.troyd( 6861): android.widget.ListView@40782000: 2131558521 (15)
D/umd.troyd( 6861): android.widget.LinearLayout@405962b0: -1 (16)
D/umd.troyd( 6861): android.widget.RelativeLayout@405964a0: -1 (17)
D/umd.troyd( 6861): android.widget.RelativeLayout@40596848: -1 (18)
D/umd.troyd( 6861): android.widget.TextView: Neighborhood Market (19)
D/umd.troyd( 6861): android.widget.TextView: 2130 Ruf Snow Drive (20)
D/umd.troyd( 6861): android.widget.TextView: Keller, TX 76248 (21)
D/umd.troyd( 6861): android.widget.RelativeLayout@40597b58: -1 (22)
D/umd.troyd( 6861): android.widget.LinearLayout@40597f68: 2131558801 (23)
D/umd.troyd( 6861): android.widget.TextView: 25.61 (24)
D/umd.troyd( 6861): android.widget.TextView: miles (25)
D/umd.troyd( 6861): android.widget.TextView:  (26)
D/umd.troyd( 6861): android.widget.ImageView@40599020: 2131558517 (27)
D/umd.troyd( 6861): android.widget.LinearLayout@40685aa8: -1 (28)
D/umd.troyd( 6861): android.widget.RelativeLayout@40688340: -1 (29)
D/umd.troyd( 6861): android.widget.RelativeLayout@40688498: -1 (30)
D/umd.troyd( 6861): android.widget.TextView: Neighborhood Market (31)
D/umd.troyd( 6861): android.widget.TextView: 2201 West Southlake Blvd (32)
D/umd.troyd( 6861): android.widget.TextView: Southlake, TX 76092 (33)
D/umd.troyd( 6861): android.widget.RelativeLayout@405b8528: -1 (34)
D/umd.troyd( 6861): android.widget.LinearLayout@405b8680: 2131558801 (35)
D/umd.troyd( 6861): android.widget.TextView: 26.04 (36)
D/umd.troyd( 6861): android.widget.TextView: miles (37)
D/umd.troyd( 6861): android.widget.TextView:  (38)
D/umd.troyd( 6861): android.widget.ImageView@405fa250: 2131558517 (39)
D/umd.troyd( 6861): android.widget.LinearLayout@405fa3a0: -1 (40)
D/umd.troyd( 6861): android.widget.RelativeLayout@40604248: -1 (41)
D/umd.troyd( 6861): android.widget.RelativeLayout@406043a0: -1 (42)
D/umd.troyd( 6861): android.widget.TextView: Walmart Supercenter (43)
D/umd.troyd( 6861): android.widget.TextView: 9500 Clifford St (44)
D/umd.troyd( 6861): android.widget.TextView: Fort Worth, TX 76108 (45)
D/umd.troyd( 6861): android.widget.RelativeLayout@4066f5f0: -1 (46)
D/umd.troyd( 6861): android.widget.LinearLayout@4066f748: 2131558801 (47)
D/umd.troyd( 6861): android.widget.TextView: 26.38 (48)
D/umd.troyd( 6861): android.widget.TextView: miles (49)
D/umd.troyd( 6861): android.widget.TextView:  (50)
D/umd.troyd( 6861): android.widget.ImageView@40689078: 2131558517 (51)
D/umd.troyd( 6861): android.widget.LinearLayout@406891c8: -1 (52)
D/umd.troyd( 6861): android.widget.RelativeLayout@406f2160: -1 (53)
D/umd.troyd( 6861): android.widget.RelativeLayout@406f22b8: -1 (54)
D/umd.troyd( 6861): android.widget.TextView: Walmart Supercenter (55)
D/umd.troyd( 6861): android.widget.TextView: 2801 E Interstate 20 (56)
D/umd.troyd( 6861): android.widget.TextView: Hudson Oaks, TX 76087 (57)
D/umd.troyd( 6861): android.widget.RelativeLayout@4073fad0: -1 (58)
D/umd.troyd( 6861): android.widget.LinearLayout@4073fc28: 2131558801 (59)
D/umd.troyd( 6861): android.widget.TextView: 26.87 (60)
D/umd.troyd( 6861): android.widget.TextView: miles (61)
D/umd.troyd( 6861): android.widget.TextView:  (62)
D/umd.troyd( 6861): android.widget.ImageView@40633d40: 2131558517 (63)
D/umd.troyd( 6861): android.widget.LinearLayout@40633e90: -1 (64)
D/umd.troyd( 6861): android.widget.RelativeLayout@4077dad0: -1 (65)
D/umd.troyd( 6861): android.widget.RelativeLayout@4077dc28: -1 (66)
D/umd.troyd( 6861): android.widget.TextView: Walmart Supercenter (67)
D/umd.troyd( 6861): android.widget.TextView: 9101 N Tarrant Pkwy (68)
D/umd.troyd( 6861): android.widget.TextView: North Richland Hill, TX 76182 (69)
D/umd.troyd( 6861): android.widget.RelativeLayout@40777f10: -1 (70)
D/umd.troyd( 6861): android.widget.LinearLayout@40778068: 2131558801 (71)
D/umd.troyd( 6861): android.widget.TextView: 26.88 (72)
D/umd.troyd( 6861): android.widget.TextView: miles (73)
D/umd.troyd( 6861): android.widget.TextView:  (74)
D/umd.troyd( 6861): android.widget.ImageView@4067e258: 2131558517 (75)
D/umd.troyd( 6861): android.widget.LinearLayout@4067e3a8: -1 (76)
D/umd.troyd( 6861): android.widget.RelativeLayout@407464c0: -1 (77)
D/umd.troyd( 6861): android.widget.RelativeLayout@40746618: -1 (78)
D/umd.troyd( 6861): android.widget.TextView: Walmart Supercenter (79)
D/umd.troyd( 6861): android.widget.TextView: 3060 Justin Rd (80)
D/umd.troyd( 6861): android.widget.TextView: Highland Village, TX 75077 (81)
D/umd.troyd( 6861): android.widget.RelativeLayout@406f09c8: -1 (82)
D/umd.troyd( 6861): android.widget.LinearLayout@405c2bb0: 2131558801 (83)
D/umd.troyd( 6861): android.widget.TextView: 27.19 (84)
D/umd.troyd( 6861): android.widget.TextView: miles (85)
D/umd.troyd( 6861): android.widget.TextView:  (86)
D/umd.troyd( 6861): android.widget.ImageView@40608cb0: 2131558517 (87)
D/umd.troyd( 6861): android.widget.RelativeLayout@4071c9d8: 2131558541 (88)
D/umd.troyd( 6861): android.widget.GridView@4071d550: 2131558824 (89)
D/umd.troyd( 6861): android.widget.LinearLayout@4071e6d0: 2131558538 (90)
D/umd.troyd( 6861): android.widget.RelativeLayout@4071f0c8: 2131558818 (91)
D/umd.troyd( 6861): android.widget.ImageButton@4071fa18: 2131558819 (92)
D/umd.troyd( 6861): android.widget.RelativeLayout@4071ff30: -1 (93)
D/umd.troyd( 6861): android.widget.ImageView@40720320: 2131558820 (94)
D/umd.troyd( 6861): android.widget.TextView: Stores (95)
D/umd.troyd( 6861): android.widget.RelativeLayout@40721228: -1 (96)
D/umd.troyd( 6861): android.widget.Button:  (97)
D/umd.troyd( 6861): android.widget.ImageView@40721d98: 2131558823 (98)
D/umd.troyd( 6861): android.widget.LinearLayout@40722028: 2131558542 (99)
D/umd.troyd( 6861): got command getViews
D/umd.troyd( 6861): android.widget.FrameLayout@407194e0: 16908290 (0)
D/umd.troyd( 6861): android.widget.RelativeLayout@40719f20: 2131558603 (1)
D/umd.troyd( 6861): android.widget.LinearLayout@4071a358: -1 (2)
D/umd.troyd( 6861): com.walmart.android.ui.ViewStackLayout@4071a8a8: 2131558797 (3)
D/umd.troyd( 6861): android.widget.RelativeLayout@4072b568: -1 (4)
D/umd.troyd( 6861): android.widget.RelativeLayout@4072bad0: 2131558790 (5)
D/umd.troyd( 6861): android.widget.LinearLayout@4072c650: 2131558790 (6)
D/umd.troyd( 6861): android.widget.RelativeLayout@4072ce30: -1 (7)
D/umd.troyd( 6861): android.widget.Button:  (8)
D/umd.troyd( 6861): android.widget.TextView: Search a location (9)
D/umd.troyd( 6861): android.widget.Button:  (10)
D/umd.troyd( 6861): android.widget.Button:  (11)
D/umd.troyd( 6861): android.widget.Button:  (12)
D/umd.troyd( 6861): android.widget.RelativeLayout@405d7288: 2131558791 (13)
D/umd.troyd( 6861): com.walmart.android.storelocator.StoreMapView@4055e4a8: 2131558792 (14)
D/umd.troyd( 6861): android.widget.ListView@40782000: 2131558521 (15)
D/umd.troyd( 6861): android.widget.LinearLayout@4067e3a8: -1 (16)
D/umd.troyd( 6861): android.widget.RelativeLayout@407464c0: -1 (17)
D/umd.troyd( 6861): android.widget.RelativeLayout@40746618: -1 (18)
D/umd.troyd( 6861): android.widget.TextView: Walmart Supercenter (19)
D/umd.troyd( 6861): android.widget.TextView: 3060 Justin Rd (20)
D/umd.troyd( 6861): android.widget.TextView: Highland Village, TX 75077 (21)
D/umd.troyd( 6861): android.widget.RelativeLayout@406f09c8: -1 (22)
D/umd.troyd( 6861): android.widget.LinearLayout@405c2bb0: 2131558801 (23)
D/umd.troyd( 6861): android.widget.TextView: 27.19 (24)
D/umd.troyd( 6861): android.widget.TextView: miles (25)
D/umd.troyd( 6861): android.widget.TextView:  (26)
D/umd.troyd( 6861): android.widget.ImageView@40608cb0: 2131558517 (27)
D/umd.troyd( 6861): android.widget.LinearLayout@405ee340: -1 (28)
D/umd.troyd( 6861): android.widget.RelativeLayout@40668590: -1 (29)
D/umd.troyd( 6861): android.widget.RelativeLayout@406273d8: -1 (30)
D/umd.troyd( 6861): android.widget.TextView: Walmart Supercenter (31)
D/umd.troyd( 6861): android.widget.TextView: 6401 Ne Loop 820 (32)
D/umd.troyd( 6861): android.widget.TextView: North Richland Hill, TX 76180 (33)
D/umd.troyd( 6861): android.widget.RelativeLayout@40674f08: -1 (34)
D/umd.troyd( 6861): android.widget.LinearLayout@407849c8: 2131558801 (35)
D/umd.troyd( 6861): android.widget.TextView: 27.61 (36)
D/umd.troyd( 6861): android.widget.TextView: miles (37)
D/umd.troyd( 6861): android.widget.TextView:  (38)
D/umd.troyd( 6861): android.widget.ImageView@405f7dd8: 2131558517 (39)
D/umd.troyd( 6861): android.widget.LinearLayout@406a4298: -1 (40)
D/umd.troyd( 6861): android.widget.RelativeLayout@406a4488: -1 (41)
D/umd.troyd( 6861): android.widget.RelativeLayout@406a4830: -1 (42)
D/umd.troyd( 6861): android.widget.TextView: Walmart Supercenter (43)
D/umd.troyd( 6861): android.widget.TextView: 6770 Westworth Blvd (44)
D/umd.troyd( 6861): android.widget.TextView: Westworth Village, TX 76114 (45)
D/umd.troyd( 6861): android.widget.RelativeLayout@406a5b40: -1 (46)
D/umd.troyd( 6861): android.widget.LinearLayout@406a5f50: 2131558801 (47)
D/umd.troyd( 6861): android.widget.TextView: 27.66 (48)
D/umd.troyd( 6861): android.widget.TextView: miles (49)
D/umd.troyd( 6861): android.widget.TextView:  (50)
D/umd.troyd( 6861): android.widget.ImageView@406a7008: 2131558517 (51)
D/umd.troyd( 6861): android.widget.LinearLayout@406a8a90: -1 (52)
D/umd.troyd( 6861): android.widget.RelativeLayout@406a8c80: -1 (53)
D/umd.troyd( 6861): android.widget.RelativeLayout@406a9028: -1 (54)
D/umd.troyd( 6861): android.widget.TextView: Walmart Supercenter (55)
D/umd.troyd( 6861): android.widget.TextView: 1035 Hickory Creek Blvd (56)
D/umd.troyd( 6861): android.widget.TextView: Hickory Creek, TX 75065 (57)
D/umd.troyd( 6861): android.widget.RelativeLayout@406aa338: -1 (58)
D/umd.troyd( 6861): android.widget.LinearLayout@406aa748: 2131558801 (59)
D/umd.troyd( 6861): android.widget.TextView: 28.26 (60)
D/umd.troyd( 6861): android.widget.TextView: miles (61)
D/umd.troyd( 6861): android.widget.TextView:  (62)
D/umd.troyd( 6861): android.widget.ImageView@4058b828: 2131558517 (63)
D/umd.troyd( 6861): android.widget.LinearLayout@4058d2b8: -1 (64)
D/umd.troyd( 6861): android.widget.RelativeLayout@4058d4a8: -1 (65)
D/umd.troyd( 6861): android.widget.RelativeLayout@4058d850: -1 (66)
D/umd.troyd( 6861): android.widget.TextView: Neighborhood Market (67)
D/umd.troyd( 6861): android.widget.TextView: 2800 Flower Mound Rd (68)
D/umd.troyd( 6861): android.widget.TextView: Flower Mound, TX 75022 (69)
D/umd.troyd( 6861): android.widget.RelativeLayout@4058eb60: -1 (70)
D/umd.troyd( 6861): android.widget.LinearLayout@4058ef70: 2131558801 (71)
D/umd.troyd( 6861): android.widget.TextView: 28.65 (72)
D/umd.troyd( 6861): android.widget.TextView: miles (73)
D/umd.troyd( 6861): android.widget.TextView:  (74)
D/umd.troyd( 6861): android.widget.ImageView@40590028: 2131558517 (75)
D/umd.troyd( 6861): android.widget.LinearLayout@40591ab8: -1 (76)
D/umd.troyd( 6861): android.widget.RelativeLayout@40591ca8: -1 (77)
D/umd.troyd( 6861): android.widget.RelativeLayout@40592050: -1 (78)
D/umd.troyd( 6861): android.widget.TextView: Neighborhood Market (79)
D/umd.troyd( 6861): android.widget.TextView: 4904 Colleyville Blvd (80)
D/umd.troyd( 6861): android.widget.TextView: Colleyville, TX 76034 (81)
D/umd.troyd( 6861): android.widget.RelativeLayout@40593360: -1 (82)
D/umd.troyd( 6861): android.widget.LinearLayout@40593770: 2131558801 (83)
D/umd.troyd( 6861): android.widget.TextView: 29.17 (84)
D/umd.troyd( 6861): android.widget.TextView: miles (85)
D/umd.troyd( 6861): android.widget.TextView:  (86)
D/umd.troyd( 6861): android.widget.ImageView@40594828: 2131558517 (87)
D/umd.troyd( 6861): android.widget.RelativeLayout@4071c9d8: 2131558541 (88)
D/umd.troyd( 6861): android.widget.GridView@4071d550: 2131558824 (89)
D/umd.troyd( 6861): android.widget.LinearLayout@4071e6d0: 2131558538 (90)
D/umd.troyd( 6861): android.widget.RelativeLayout@4071f0c8: 2131558818 (91)
D/umd.troyd( 6861): android.widget.ImageButton@4071fa18: 2131558819 (92)
D/umd.troyd( 6861): android.widget.RelativeLayout@4071ff30: -1 (93)
D/umd.troyd( 6861): android.widget.ImageView@40720320: 2131558820 (94)
D/umd.troyd( 6861): android.widget.TextView: Stores (95)
D/umd.troyd( 6861): android.widget.RelativeLayout@40721228: -1 (96)
D/umd.troyd( 6861): android.widget.Button:  (97)
D/umd.troyd( 6861): android.widget.ImageView@40721d98: 2131558823 (98)
D/umd.troyd( 6861): android.widget.LinearLayout@40722028: 2131558542 (99)
D/umd.troyd( 6861): got command getViews
D/umd.troyd( 6861): android.widget.FrameLayout@407194e0: 16908290 (0)
D/umd.troyd( 6861): android.widget.RelativeLayout@40719f20: 2131558603 (1)
D/umd.troyd( 6861): android.widget.LinearLayout@4071a358: -1 (2)
D/umd.troyd( 6861): com.walmart.android.ui.ViewStackLayout@4071a8a8: 2131558797 (3)
D/umd.troyd( 6861): android.widget.RelativeLayout@4072b568: -1 (4)
D/umd.troyd( 6861): android.widget.RelativeLayout@4072bad0: 2131558790 (5)
D/umd.troyd( 6861): android.widget.LinearLayout@4072c650: 2131558790 (6)
D/umd.troyd( 6861): android.widget.RelativeLayout@4072ce30: -1 (7)
D/umd.troyd( 6861): android.widget.Button:  (8)
D/umd.troyd( 6861): android.widget.TextView: Search a location (9)
D/umd.troyd( 6861): android.widget.Button:  (10)
D/umd.troyd( 6861): android.widget.Button:  (11)
D/umd.troyd( 6861): android.widget.Button:  (12)
D/umd.troyd( 6861): android.widget.RelativeLayout@405d7288: 2131558791 (13)
D/umd.troyd( 6861): com.walmart.android.storelocator.StoreMapView@4055e4a8: 2131558792 (14)
D/umd.troyd( 6861): android.widget.ListView@40782000: 2131558521 (15)
D/umd.troyd( 6861): android.widget.LinearLayout@40591ab8: -1 (16)
D/umd.troyd( 6861): android.widget.RelativeLayout@40591ca8: -1 (17)
D/umd.troyd( 6861): android.widget.RelativeLayout@40592050: -1 (18)
D/umd.troyd( 6861): android.widget.TextView: Neighborhood Market (19)
D/umd.troyd( 6861): android.widget.TextView: 4904 Colleyville Blvd (20)
D/umd.troyd( 6861): android.widget.TextView: Colleyville, TX 76034 (21)
D/umd.troyd( 6861): android.widget.RelativeLayout@40593360: -1 (22)
D/umd.troyd( 6861): android.widget.LinearLayout@40593770: 2131558801 (23)
D/umd.troyd( 6861): android.widget.TextView: 29.17 (24)
D/umd.troyd( 6861): android.widget.TextView: miles (25)
D/umd.troyd( 6861): android.widget.TextView:  (26)
D/umd.troyd( 6861): android.widget.ImageView@40594828: 2131558517 (27)
D/umd.troyd( 6861): android.widget.LinearLayout@405962b0: -1 (28)
D/umd.troyd( 6861): android.widget.RelativeLayout@405964a0: -1 (29)
D/umd.troyd( 6861): android.widget.RelativeLayout@40596848: -1 (30)
D/umd.troyd( 6861): android.widget.TextView: Walmart Supercenter (31)
D/umd.troyd( 6861): android.widget.TextView: 1836 S Main St (32)
D/umd.troyd( 6861): android.widget.TextView: Weatherford, TX 76086 (33)
D/umd.troyd( 6861): android.widget.RelativeLayout@40597b58: -1 (34)
D/umd.troyd( 6861): android.widget.LinearLayout@40597f68: 2131558801 (35)
D/umd.troyd( 6861): android.widget.TextView: 29.29 (36)
D/umd.troyd( 6861): android.widget.TextView: miles (37)
D/umd.troyd( 6861): android.widget.TextView:  (38)
D/umd.troyd( 6861): android.widget.ImageView@40599020: 2131558517 (39)
D/umd.troyd( 6861): android.widget.LinearLayout@40685aa8: -1 (40)
D/umd.troyd( 6861): android.widget.RelativeLayout@40688340: -1 (41)
D/umd.troyd( 6861): android.widget.RelativeLayout@40688498: -1 (42)
D/umd.troyd( 6861): android.widget.TextView: Neighborhood Market (43)
D/umd.troyd( 6861): android.widget.TextView: 1515 Justin Rd (44)
D/umd.troyd( 6861): android.widget.TextView: Lewisville, TX 75077 (45)
D/umd.troyd( 6861): android.widget.RelativeLayout@405b8528: -1 (46)
D/umd.troyd( 6861): android.widget.LinearLayout@405b8680: 2131558801 (47)
D/umd.troyd( 6861): android.widget.TextView: 29.34 (48)
D/umd.troyd( 6861): android.widget.TextView: miles (49)
D/umd.troyd( 6861): android.widget.TextView:  (50)
D/umd.troyd( 6861): android.widget.ImageView@405fa250: 2131558517 (51)
D/umd.troyd( 6861): android.widget.LinearLayout@405fa3a0: -1 (52)
D/umd.troyd( 6861): android.widget.RelativeLayout@40604248: -1 (53)
D/umd.troyd( 6861): android.widget.RelativeLayout@406043a0: -1 (54)
D/umd.troyd( 6861): android.widget.TextView: Walmart Supercenter (55)
D/umd.troyd( 6861): android.widget.TextView: 1732 Precinct Line Rd (56)
D/umd.troyd( 6861): android.widget.TextView: Hurst, TX 76054 (57)
D/umd.troyd( 6861): android.widget.RelativeLayout@4066f5f0: -1 (58)
D/umd.troyd( 6861): android.widget.LinearLayout@4066f748: 2131558801 (59)
D/umd.troyd( 6861): android.widget.TextView: 29.65 (60)
D/umd.troyd( 6861): android.widget.TextView: miles (61)
D/umd.troyd( 6861): android.widget.TextView:  (62)
D/umd.troyd( 6861): android.widget.ImageView@40689078: 2131558517 (63)
D/umd.troyd( 6861): android.widget.LinearLayout@406891c8: -1 (64)
D/umd.troyd( 6861): android.widget.RelativeLayout@406f2160: -1 (65)
D/umd.troyd( 6861): android.widget.RelativeLayout@406f22b8: -1 (66)
D/umd.troyd( 6861): android.widget.TextView: Walmart Supercenter (67)
D/umd.troyd( 6861): android.widget.TextView: 3851 Airport Fwy (68)
D/umd.troyd( 6861): android.widget.TextView: Fort Worth, TX 76111 (69)
D/umd.troyd( 6861): android.widget.RelativeLayout@4073fad0: -1 (70)
D/umd.troyd( 6861): android.widget.LinearLayout@4073fc28: 2131558801 (71)
D/umd.troyd( 6861): android.widget.TextView: 29.68 (72)
D/umd.troyd( 6861): android.widget.TextView: miles (73)
D/umd.troyd( 6861): android.widget.TextView:  (74)
D/umd.troyd( 6861): android.widget.ImageView@40633d40: 2131558517 (75)
D/umd.troyd( 6861): android.widget.LinearLayout@40633e90: -1 (76)
D/umd.troyd( 6861): android.widget.RelativeLayout@4077dad0: -1 (77)
D/umd.troyd( 6861): android.widget.RelativeLayout@4077dc28: -1 (78)
D/umd.troyd( 6861): android.widget.TextView: Walmart Supercenter (79)
D/umd.troyd( 6861): android.widget.TextView: 1601 W State Highway 114 (80)
D/umd.troyd( 6861): android.widget.TextView: Grapevine, TX 76051 (81)
D/umd.troyd( 6861): android.widget.RelativeLayout@40777f10: -1 (82)
D/umd.troyd( 6861): android.widget.LinearLayout@40778068: 2131558801 (83)
D/umd.troyd( 6861): android.widget.TextView: 29.75 (84)
D/umd.troyd( 6861): android.widget.TextView: miles (85)
D/umd.troyd( 6861): android.widget.TextView:  (86)
D/umd.troyd( 6861): android.widget.ImageView@4067e258: 2131558517 (87)
D/umd.troyd( 6861): android.widget.RelativeLayout@4071c9d8: 2131558541 (88)
D/umd.troyd( 6861): android.widget.GridView@4071d550: 2131558824 (89)
D/umd.troyd( 6861): android.widget.LinearLayout@4071e6d0: 2131558538 (90)
D/umd.troyd( 6861): android.widget.RelativeLayout@4071f0c8: 2131558818 (91)
D/umd.troyd( 6861): android.widget.ImageButton@4071fa18: 2131558819 (92)
D/umd.troyd( 6861): android.widget.RelativeLayout@4071ff30: -1 (93)
D/umd.troyd( 6861): android.widget.ImageView@40720320: 2131558820 (94)
D/umd.troyd( 6861): android.widget.TextView: Stores (95)
D/umd.troyd( 6861): android.widget.RelativeLayout@40721228: -1 (96)
D/umd.troyd( 6861): android.widget.Button:  (97)
D/umd.troyd( 6861): android.widget.ImageView@40721d98: 2131558823 (98)
D/umd.troyd( 6861): android.widget.LinearLayout@40722028: 2131558542 (99)
