android.widget.FrameLayout@405fa1f8
android.widget.RelativeLayout@405faca8
android.widget.RelativeLayout@405fb090
android.widget.ImageView@405fb4e8
android.widget.RelativeLayout@40568620
android.widget.RelativeLayout@405bebc0
android.widget.TextView: Search gas prices by city or zip:
android.widget.Button: 
android.widget.AutoCompleteTextView: 
android.widget.RelativeLayout@405ed868
com.google.ads.AdView@40557630
android.gesture.GestureOverlayView@4058a7b0
android.widget.FrameLayout@405e9a70
com.google.ads.internal.AdWebView@40593e40
android.widget.RelativeLayout@405ee9e0
gbis.gbandroid.views.layouts.DnDGridView@40588098
android.widget.RelativeLayout@4056daa0
android.widget.ImageView@405dd038
android.widget.TextView: Settings
android.widget.ImageView@405e9210
android.widget.RelativeLayout@405edcf0
android.widget.ImageView@405e9058
android.widget.TextView: Log In
android.widget.ImageView@40553458
android.widget.RelativeLayout@4050f020
android.widget.RelativeLayout@4055e820
android.widget.ImageView@405be3a0
android.widget.TextView: Find Gas Near Me
android.widget.ImageView@4058e3b8
