android.widget.LinearLayout@40566018
android.widget.FrameLayout@4055fae8
android.widget.TextView: Hospitals Near Me FREE
android.widget.FrameLayout@4050cb38
android.widget.LinearLayout@4056d878
android.widget.ListView@40528710
android.widget.LinearLayout@405d8548
android.widget.ImageView@405d89c0
android.widget.TextView: 1.3 mi
android.widget.TableLayout@406947a0
android.widget.TableRow@40695058
android.widget.TextView: Spring Grove Hospital Center
android.widget.TableRow@40695b20
android.widget.TextView: Address , City
android.widget.TableRow@405d3720
android.widget.TextView: Phone Number
android.widget.LinearLayout@405cacc8
android.widget.ImageView@405cae18
android.widget.TextView: 2.5 mi
android.widget.TableLayout@405cb478
android.widget.TableRow@405cb950
android.widget.TextView: Regional Institute for Children
android.widget.TableRow@405cc170
android.widget.TextView: Address , City
android.widget.TableRow@405e0e50
android.widget.TextView: Phone Number
android.widget.LinearLayout@405e1e60
android.widget.ImageView@405e2078
android.widget.TextView: 2.8 mi
android.widget.TableLayout@40572720
android.widget.TableRow@40572bf8
android.widget.TextView: Gundry-Glass Hospital
android.widget.TableRow@405733c8
android.widget.TextView: Address , City
android.widget.TableRow@405a8c28
android.widget.TextView: Phone Number
android.widget.LinearLayout@405a9b50
android.widget.ImageView@405a9d68
android.widget.TextView: 3.2 mi
android.widget.TableLayout@405aa438
android.widget.TableRow@40661190
android.widget.TextView: Kernan Orthopaedics and Rehabilitation
android.widget.TableRow@406619b0
android.widget.TextView: Address , City
android.widget.TableRow@406621d0
android.widget.TextView: Phone Number
android.widget.LinearLayout@40622350
android.widget.ImageView@40622568
android.widget.TextView: 4.1 mi
android.widget.TableLayout@40622c38
android.widget.TableRow@40623110
android.widget.TextView: St. Agnes Hospital
android.widget.TableRow@40623930
android.widget.TextView: Address , City
android.widget.TableRow@405bf7d8
android.widget.TextView: Phone Number
android.widget.LinearLayout@405c08f8
android.widget.ImageView@405c0b10
android.widget.TextView: 5.4 mi
android.widget.TableLayout@4055b160
android.widget.TableRow@4055b638
android.widget.TextView: Bon Secours Baltimore Health System
android.widget.TableRow@4055be48
android.widget.TextView: Address , City
android.widget.TableRow@4055c668
android.widget.TextView: Phone Number
android.widget.TextView: Loading data
android.widget.LinearLayout@40566018
android.widget.FrameLayout@4055fae8
android.widget.TextView: Hospitals Near Me FREE
android.widget.FrameLayout@4050cb38
android.widget.LinearLayout@4056d878
android.widget.ListView@40528710
android.widget.LinearLayout@405c08f8
android.widget.ImageView@405c0b10
android.widget.TextView: 5.4 mi
android.widget.TableLayout@4055b160
android.widget.TableRow@4055b638
android.widget.TextView: Bon Secours Baltimore Health System
android.widget.TableRow@4055be48
android.widget.TextView: Address , City
android.widget.TableRow@4055c668
android.widget.TextView: Phone Number
android.widget.LinearLayout@405a76c8
android.widget.ImageView@405a78e0
android.widget.TextView: 5.8 mi
android.widget.TableLayout@405a7fa0
android.widget.TableRow@405a8478
android.widget.TextView: Liberty Medical Center
android.widget.TableRow@405c2d38
android.widget.TextView: Address , City
android.widget.TableRow@405c3558
android.widget.TextView: Phone Number
android.widget.LinearLayout@405c4550
android.widget.ImageView@405c4768
android.widget.TextView: 5.8 mi
android.widget.TableLayout@405c4e38
android.widget.TableRow@405ed3d0
android.widget.TextView: Seton Psychiatric Institute
android.widget.TableRow@405edac8
android.widget.TextView: Address , City
android.widget.TableRow@405ee2e8
android.widget.TextView: Phone Number
android.widget.LinearLayout@405ef300
android.widget.ImageView@405ef518
android.widget.TextView: 6.1 mi
android.widget.TableLayout@405efbe8
android.widget.TableRow@405c5c60
android.widget.TextView: Northwest Hospital Center
android.widget.TableRow@405c6448
android.widget.TextView: Address , City
android.widget.TableRow@405c6c68
android.widget.TextView: Phone Number
android.widget.LinearLayout@405c7ca8
android.widget.ImageView@405c7ec0
android.widget.TextView: 6.4 mi
android.widget.TableLayout@405c8590
android.widget.TableRow@40657a10
android.widget.TextView: The New Children's Hospital
android.widget.TableRow@40658230
android.widget.TextView: Address , City
android.widget.TableRow@40658a50
android.widget.TextView: Phone Number
android.widget.LinearLayout@40659ab0
android.widget.ImageView@40659cc8
android.widget.TextView: 6.7 mi
android.widget.TableLayout@4065a398
android.widget.TableRow@4066f4a0
android.widget.TextView: University of Maryland Medical Center
android.widget.TableRow@4066fcc0
android.widget.TextView: Address , City
android.widget.TableRow@406704e0
android.widget.TextView: Phone Number
android.widget.TextView: Loading data
android.widget.LinearLayout@40566018
android.widget.FrameLayout@4055fae8
android.widget.TextView: Hospitals Near Me FREE
android.widget.FrameLayout@4050cb38
android.widget.LinearLayout@4056d878
android.widget.ListView@40528710
android.widget.LinearLayout@40659ab0
android.widget.ImageView@40659cc8
android.widget.TextView: 6.7 mi
android.widget.TableLayout@4065a398
android.widget.TableRow@4066f4a0
android.widget.TextView: University of Maryland Medical Center
android.widget.TableRow@4066fcc0
android.widget.TextView: Address , City
android.widget.TableRow@406704e0
android.widget.TextView: Phone Number
android.widget.LinearLayout@405d8548
android.widget.ImageView@405d89c0
android.widget.TextView: 6.7 mi
android.widget.TableLayout@406947a0
android.widget.TableRow@40695058
android.widget.TextView: Veterans Affairs Maryland Health Care System-Baltimore Division
android.widget.TableRow@40695b20
android.widget.TextView: Address , City
android.widget.TableRow@405d3720
android.widget.TextView: Phone Number
android.widget.LinearLayout@405cacc8
android.widget.ImageView@405cae18
android.widget.TextView: 7.0 mi
android.widget.TableLayout@405cb478
android.widget.TableRow@405cb950
android.widget.TextView: Maryland General Hospital
android.widget.TableRow@405cc170
android.widget.TextView: Address , City
android.widget.TableRow@405e0e50
android.widget.TextView: Phone Number
android.widget.LinearLayout@405e1e60
android.widget.ImageView@405e2078
android.widget.TextView: 7.1 mi
android.widget.TableLayout@40572720
android.widget.TableRow@40572bf8
android.widget.TextView: Levindale Hebrew Geriatric Center and Hospital
android.widget.TableRow@405733c8
android.widget.TextView: Address , City
android.widget.TableRow@405a8c28
android.widget.TextView: Phone Number
android.widget.LinearLayout@405a9b50
android.widget.ImageView@405a9d68
android.widget.TextView: 7.1 mi
android.widget.TableLayout@405aa438
android.widget.TableRow@40661190
android.widget.TextView: University Specialty Hospital
android.widget.TableRow@406619b0
android.widget.TextView: Address , City
android.widget.TableRow@406621d0
android.widget.TextView: Phone Number
android.widget.LinearLayout@40622350
android.widget.ImageView@40622568
android.widget.TextView: 7.2 mi
android.widget.TableLayout@40622c38
android.widget.TableRow@40623110
android.widget.TextView: Sinai Hospital of Baltimore
android.widget.TableRow@40623930
android.widget.TextView: Address , City
android.widget.TableRow@405bf7d8
android.widget.TextView: Phone Number
android.widget.TextView: Loading data
android.widget.LinearLayout@40566018
android.widget.FrameLayout@4055fae8
android.widget.TextView: Hospitals Near Me FREE
android.widget.FrameLayout@4050cb38
android.widget.LinearLayout@4056d878
android.widget.ListView@40528710
android.widget.LinearLayout@40622350
android.widget.ImageView@40622568
android.widget.TextView: 7.2 mi
android.widget.TableLayout@40622c38
android.widget.TableRow@40623110
android.widget.TextView: Sinai Hospital of Baltimore
android.widget.TableRow@40623930
android.widget.TextView: Address , City
android.widget.TableRow@405bf7d8
android.widget.TextView: Phone Number
android.widget.LinearLayout@405c08f8
android.widget.ImageView@405c0b10
android.widget.TextView: 7.3 mi
android.widget.TableLayout@4055b160
android.widget.TableRow@4055b638
android.widget.TextView: Thomas Wilson Center
android.widget.TableRow@4055be48
android.widget.TextView: Address , City
android.widget.TableRow@4055c668
android.widget.TextView: Phone Number
android.widget.LinearLayout@405a76c8
android.widget.ImageView@405a78e0
android.widget.TextView: 7.7 mi
android.widget.TableLayout@405a7fa0
android.widget.TableRow@405a8478
android.widget.TextView: Maryland Penitentary Hospital
android.widget.TableRow@405c2d38
android.widget.TextView: Address , City
android.widget.TableRow@405c3558
android.widget.TextView: Phone Number
android.widget.LinearLayout@405c4550
android.widget.ImageView@405c4768
android.widget.TextView: 7.9 mi
android.widget.TableLayout@405c4e38
android.widget.TableRow@405ed3d0
android.widget.TextView: Mt. Washington Pediatric Hospital
android.widget.TableRow@405edac8
android.widget.TextView: Address , City
android.widget.TableRow@405ee2e8
android.widget.TextView: Phone Number
android.widget.LinearLayout@405ef300
android.widget.ImageView@405ef518
android.widget.TextView: 8.1 mi
android.widget.TableLayout@405efbe8
android.widget.TableRow@405c5c60
android.widget.TextView: Union Memorial Hospital
android.widget.TableRow@405c6448
android.widget.TextView: Address , City
android.widget.TableRow@405c6c68
android.widget.TextView: Phone Number
android.widget.LinearLayout@405c7ca8
android.widget.ImageView@405c7ec0
android.widget.TextView: 8.3 mi
android.widget.TableLayout@405c8590
android.widget.TableRow@40657a10
android.widget.TextView: Church Hospital Corporation
android.widget.TableRow@40658230
android.widget.TextView: Address , City
android.widget.TableRow@40658a50
android.widget.TextView: Phone Number
android.widget.TextView: Loading data
android.widget.LinearLayout@40566018
android.widget.FrameLayout@4055fae8
android.widget.TextView: Hospitals Near Me FREE
android.widget.FrameLayout@4050cb38
android.widget.LinearLayout@4056d878
android.widget.ListView@40528710
android.widget.LinearLayout@405c7ca8
android.widget.ImageView@405c7ec0
android.widget.TextView: 8.3 mi
android.widget.TableLayout@405c8590
android.widget.TableRow@40657a10
android.widget.TextView: Church Hospital Corporation
android.widget.TableRow@40658230
android.widget.TextView: Address , City
android.widget.TableRow@40658a50
android.widget.TextView: Phone Number
android.widget.LinearLayout@40659ab0
android.widget.ImageView@40659cc8
android.widget.TextView: 8.4 mi
android.widget.TableLayout@4065a398
android.widget.TableRow@4066f4a0
android.widget.TextView: Kennedy Krieger Institute
android.widget.TableRow@4066fcc0
android.widget.TextView: Address , City
android.widget.TableRow@406704e0
android.widget.TextView: Phone Number
android.widget.LinearLayout@405d8548
android.widget.ImageView@405d89c0
android.widget.TextView: 8.5 mi
android.widget.TableLayout@406947a0
android.widget.TableRow@40695058
android.widget.TextView: Johns Hopkins Hospital
android.widget.TableRow@40695b20
android.widget.TextView: Address , City
android.widget.TableRow@405d3720
android.widget.TextView: Phone Number
android.widget.LinearLayout@405cacc8
android.widget.ImageView@405cae18
android.widget.TextView: 8.6 mi
android.widget.TableLayout@405cb478
android.widget.TableRow@405cb950
android.widget.TextView: Howard County General Hospital
android.widget.TableRow@405cc170
android.widget.TextView: Address , City
android.widget.TableRow@405e0e50
android.widget.TextView: Phone Number
android.widget.LinearLayout@405e1e60
android.widget.ImageView@405e2078
android.widget.TextView: 8.9 mi
android.widget.TableLayout@40572720
android.widget.TableRow@40572bf8
android.widget.TextView: Patuxent Institution
android.widget.TableRow@405733c8
android.widget.TextView: Address , City
android.widget.TableRow@405a8c28
android.widget.TextView: Phone Number
android.widget.LinearLayout@405a9b50
android.widget.ImageView@405a9d68
android.widget.TextView: 9.6 mi
android.widget.TableLayout@405aa438
android.widget.TableRow@40661190
android.widget.TextView: Clifton T. Perkins Hospital Center
android.widget.TableRow@406619b0
android.widget.TextView: Address , City
android.widget.TableRow@406621d0
android.widget.TextView: Phone Number
android.widget.TextView: Loading data
