android.widget.FrameLayout@4057f2a0
android.widget.LinearLayout@4057fd70
android.widget.FrameLayout@40580020
android.widget.ImageView@405802d0
android.widget.RelativeLayout@40580768
android.widget.ImageButton@40580d78
android.widget.EditText: 
android.widget.Button: Map
android.widget.RelativeLayout@40584428
android.widget.EditText: 
android.widget.Button: Cancel
android.widget.RelativeLayout@40586838
android.widget.LinearLayout@40586be0
android.widget.TextView: Locations
com.google.android.maps.MapView@405883d8
android.widget.LinearLayout@40672a08
android.widget.TextView: Locations
android.widget.ScrollView@406733f0
android.widget.TableLayout@40534ff0
android.widget.TableRow@40606f58
android.widget.ImageView@4062da70
android.widget.TextView: 14401 Baltimore Avenue
android.widget.TextView: 6.04 mi
android.widget.TableRow@4057a718
android.widget.ImageView@4057ab78
android.widget.TextView: 14401 Baltimore Avenue
android.widget.TextView: 6.07 mi
android.widget.TableRow@405826e0
android.widget.ImageView@4060b908
android.widget.TextView: 7926 Crain Highway S
android.widget.TextView: 6.59 mi
android.widget.TableRow@4061a7f0
android.widget.ImageView@40632a78
android.widget.TextView: 7926 Crain Highway S
android.widget.TextView: 6.60 mi
android.widget.TableRow@40611680
android.widget.ImageView@40611a78
android.widget.TextView: 350 E Gude Drive
android.widget.TextView: 7.59 mi
android.widget.TableRow@4062c420
android.widget.ImageView@4062c8c8
android.widget.TextView: 4319 Collington Road (Route 197)
android.widget.TextView: 10 mi
android.widget.TableRow@40607b28
android.widget.ImageView@4060f8c0
android.widget.TextView: 4319 Collington Road (Route 197)
android.widget.TextView: 10 mi
android.widget.TableRow@406197b8
android.widget.ImageView@40619c60
android.widget.TextView: 3132 Briggs Chaney Road
android.widget.TextView: 11 mi
android.widget.TableRow@40537dd0
android.widget.ImageView@40538278
android.widget.TextView: 3132 Briggs Chaney Road
android.widget.TextView: 11 mi
android.widget.TableRow@4060b590
android.widget.ImageView@4061ad70
android.widget.TextView: 8211 Annapolis Road
android.widget.TextView: 12 mi
android.widget.TableRow@40622b58
android.widget.ImageView@40623000
android.widget.TextView: 2103 Commerce Park Drive (Bestgate)
android.widget.TextView: 13 mi
android.widget.TableRow@40630888
android.widget.ImageView@406048b0
android.widget.TextView: 2103 Commerce Park Drive
android.widget.TextView: 13 mi
android.widget.TableRow@406316e8
android.widget.ImageView@40631b90
android.widget.TextView: 8211 Annapolis Road (New Carrollton)
android.widget.TextView: 13 mi
android.widget.TableRow@4062f388
android.widget.ImageView@40613fb0
android.widget.TextView: 1470 Ritchie Highway (Annapolis)
android.widget.TextView: 14 mi
android.widget.TableRow@4063a0b8
android.widget.ImageView@4063a560
android.widget.TextView: 1470 Ritchie Highway
android.widget.TextView: 14 mi
android.widget.TableRow@4060a1e8
android.widget.ImageView@4060a690
android.widget.TextView: 2 Lee Airpark Drive
android.widget.TextView: 14 mi
android.widget.TableRow@40639190
android.widget.ImageView@40634088
android.widget.TextView: 2 Lee Airpark Drive
android.widget.TextView: 14 mi
android.widget.TableRow@40634e30
android.widget.ImageView@40620638
android.widget.TextView: 8661 Colesville Road
android.widget.TextView: 16 mi
android.widget.TableRow@40608590
android.widget.ImageView@40608a38
android.widget.TextView: 1800 Eastern Boulevard
android.widget.TextView: 17 mi
android.widget.TableRow@40571288
android.widget.ImageView@40571730
android.widget.TextView: 905 Rhode Island Avenue
android.widget.TextView: 18 mi
android.widget.FrameLayout@405acea8
android.widget.ImageView@4050be38
android.widget.Button: Filter
android.widget.LinearLayout@4050c770
android.widget.FrameLayout@40613868
android.widget.ImageView@405352d0
android.widget.Button: Filter
android.widget.FrameLayout@40613c20
android.widget.Button: Done
android.widget.FrameLayout@40627f40
android.widget.ImageView@4054eca8
android.widget.TextView: Stores
android.widget.ImageView@4056c188
android.widget.FrameLayout@4062d630
android.widget.ImageView@4057d490
android.widget.TextView: ATMs
android.widget.ImageView@405a4098
android.widget.FrameLayout@4057f2a0
android.widget.LinearLayout@4057fd70
android.widget.FrameLayout@40580020
android.widget.ImageView@405802d0
android.widget.RelativeLayout@40580768
android.widget.ImageButton@40580d78
android.widget.EditText: 
android.widget.Button: Map
android.widget.RelativeLayout@40584428
android.widget.EditText: 
android.widget.Button: Cancel
android.widget.RelativeLayout@40586838
android.widget.LinearLayout@40586be0
android.widget.TextView: Locations
com.google.android.maps.MapView@405883d8
android.widget.LinearLayout@40672a08
android.widget.TextView: Locations
android.widget.ScrollView@406733f0
android.widget.TableLayout@40534ff0
android.widget.TableRow@40606f58
android.widget.ImageView@4062da70
android.widget.TextView: 14401 Baltimore Avenue
android.widget.TextView: 6.04 mi
android.widget.TableRow@4057a718
android.widget.ImageView@4057ab78
android.widget.TextView: 14401 Baltimore Avenue
android.widget.TextView: 6.07 mi
android.widget.TableRow@405826e0
android.widget.ImageView@4060b908
android.widget.TextView: 7926 Crain Highway S
android.widget.TextView: 6.59 mi
android.widget.TableRow@4061a7f0
android.widget.ImageView@40632a78
android.widget.TextView: 7926 Crain Highway S
android.widget.TextView: 6.60 mi
android.widget.TableRow@40611680
android.widget.ImageView@40611a78
android.widget.TextView: 350 E Gude Drive
android.widget.TextView: 7.59 mi
android.widget.TableRow@4062c420
android.widget.ImageView@4062c8c8
android.widget.TextView: 4319 Collington Road (Route 197)
android.widget.TextView: 10 mi
android.widget.TableRow@40607b28
android.widget.ImageView@4060f8c0
android.widget.TextView: 4319 Collington Road (Route 197)
android.widget.TextView: 10 mi
android.widget.TableRow@406197b8
android.widget.ImageView@40619c60
android.widget.TextView: 3132 Briggs Chaney Road
android.widget.TextView: 11 mi
android.widget.TableRow@40537dd0
android.widget.ImageView@40538278
android.widget.TextView: 3132 Briggs Chaney Road
android.widget.TextView: 11 mi
android.widget.TableRow@4060b590
android.widget.ImageView@4061ad70
android.widget.TextView: 8211 Annapolis Road
android.widget.TextView: 12 mi
android.widget.TableRow@40622b58
android.widget.ImageView@40623000
android.widget.TextView: 2103 Commerce Park Drive (Bestgate)
android.widget.TextView: 13 mi
android.widget.TableRow@40630888
android.widget.ImageView@406048b0
android.widget.TextView: 2103 Commerce Park Drive
android.widget.TextView: 13 mi
android.widget.TableRow@406316e8
android.widget.ImageView@40631b90
android.widget.TextView: 8211 Annapolis Road (New Carrollton)
android.widget.TextView: 13 mi
android.widget.TableRow@4062f388
android.widget.ImageView@40613fb0
android.widget.TextView: 1470 Ritchie Highway (Annapolis)
android.widget.TextView: 14 mi
android.widget.TableRow@4063a0b8
android.widget.ImageView@4063a560
android.widget.TextView: 1470 Ritchie Highway
android.widget.TextView: 14 mi
android.widget.TableRow@4060a1e8
android.widget.ImageView@4060a690
android.widget.TextView: 2 Lee Airpark Drive
android.widget.TextView: 14 mi
android.widget.TableRow@40639190
android.widget.ImageView@40634088
android.widget.TextView: 2 Lee Airpark Drive
android.widget.TextView: 14 mi
android.widget.TableRow@40634e30
android.widget.ImageView@40620638
android.widget.TextView: 8661 Colesville Road
android.widget.TextView: 16 mi
android.widget.TableRow@40608590
android.widget.ImageView@40608a38
android.widget.TextView: 1800 Eastern Boulevard
android.widget.TextView: 17 mi
android.widget.TableRow@40571288
android.widget.ImageView@40571730
android.widget.TextView: 905 Rhode Island Avenue
android.widget.TextView: 18 mi
android.widget.FrameLayout@405acea8
android.widget.ImageView@4050be38
android.widget.Button: Filter
android.widget.LinearLayout@4050c770
android.widget.FrameLayout@40613868
android.widget.ImageView@405352d0
android.widget.Button: Filter
android.widget.FrameLayout@40613c20
android.widget.Button: Done
android.widget.FrameLayout@40627f40
android.widget.ImageView@4054eca8
android.widget.TextView: Stores
android.widget.ImageView@4056c188
android.widget.FrameLayout@4062d630
android.widget.ImageView@4057d490
android.widget.TextView: ATMs
android.widget.ImageView@405a4098
android.widget.FrameLayout@4057f2a0
android.widget.LinearLayout@4057fd70
android.widget.FrameLayout@40580020
android.widget.ImageView@405802d0
android.widget.RelativeLayout@40580768
android.widget.ImageButton@40580d78
android.widget.EditText: 
android.widget.Button: Map
android.widget.RelativeLayout@40584428
android.widget.EditText: 
android.widget.Button: Cancel
android.widget.RelativeLayout@40586838
android.widget.LinearLayout@40586be0
android.widget.TextView: Locations
com.google.android.maps.MapView@405883d8
android.widget.LinearLayout@40672a08
android.widget.TextView: Locations
android.widget.ScrollView@406733f0
android.widget.TableLayout@40534ff0
android.widget.TableRow@40606f58
android.widget.ImageView@4062da70
android.widget.TextView: 14401 Baltimore Avenue
android.widget.TextView: 6.04 mi
android.widget.TableRow@4057a718
android.widget.ImageView@4057ab78
android.widget.TextView: 14401 Baltimore Avenue
android.widget.TextView: 6.07 mi
android.widget.TableRow@405826e0
android.widget.ImageView@4060b908
android.widget.TextView: 7926 Crain Highway S
android.widget.TextView: 6.59 mi
android.widget.TableRow@4061a7f0
android.widget.ImageView@40632a78
android.widget.TextView: 7926 Crain Highway S
android.widget.TextView: 6.60 mi
android.widget.TableRow@40611680
android.widget.ImageView@40611a78
android.widget.TextView: 350 E Gude Drive
android.widget.TextView: 7.59 mi
android.widget.TableRow@4062c420
android.widget.ImageView@4062c8c8
android.widget.TextView: 4319 Collington Road (Route 197)
android.widget.TextView: 10 mi
android.widget.TableRow@40607b28
android.widget.ImageView@4060f8c0
android.widget.TextView: 4319 Collington Road (Route 197)
android.widget.TextView: 10 mi
android.widget.TableRow@406197b8
android.widget.ImageView@40619c60
android.widget.TextView: 3132 Briggs Chaney Road
android.widget.TextView: 11 mi
android.widget.TableRow@40537dd0
android.widget.ImageView@40538278
android.widget.TextView: 3132 Briggs Chaney Road
android.widget.TextView: 11 mi
android.widget.TableRow@4060b590
android.widget.ImageView@4061ad70
android.widget.TextView: 8211 Annapolis Road
android.widget.TextView: 12 mi
android.widget.TableRow@40622b58
android.widget.ImageView@40623000
android.widget.TextView: 2103 Commerce Park Drive (Bestgate)
android.widget.TextView: 13 mi
android.widget.TableRow@40630888
android.widget.ImageView@406048b0
android.widget.TextView: 2103 Commerce Park Drive
android.widget.TextView: 13 mi
android.widget.TableRow@406316e8
android.widget.ImageView@40631b90
android.widget.TextView: 8211 Annapolis Road (New Carrollton)
android.widget.TextView: 13 mi
android.widget.TableRow@4062f388
android.widget.ImageView@40613fb0
android.widget.TextView: 1470 Ritchie Highway (Annapolis)
android.widget.TextView: 14 mi
android.widget.TableRow@4063a0b8
android.widget.ImageView@4063a560
android.widget.TextView: 1470 Ritchie Highway
android.widget.TextView: 14 mi
android.widget.TableRow@4060a1e8
android.widget.ImageView@4060a690
android.widget.TextView: 2 Lee Airpark Drive
android.widget.TextView: 14 mi
android.widget.TableRow@40639190
android.widget.ImageView@40634088
android.widget.TextView: 2 Lee Airpark Drive
android.widget.TextView: 14 mi
android.widget.TableRow@40634e30
android.widget.ImageView@40620638
android.widget.TextView: 8661 Colesville Road
android.widget.TextView: 16 mi
android.widget.TableRow@40608590
android.widget.ImageView@40608a38
android.widget.TextView: 1800 Eastern Boulevard
android.widget.TextView: 17 mi
android.widget.TableRow@40571288
android.widget.ImageView@40571730
android.widget.TextView: 905 Rhode Island Avenue
android.widget.TextView: 18 mi
android.widget.FrameLayout@405acea8
android.widget.ImageView@4050be38
android.widget.Button: Filter
android.widget.LinearLayout@4050c770
android.widget.FrameLayout@40613868
android.widget.ImageView@405352d0
android.widget.Button: Filter
android.widget.FrameLayout@40613c20
android.widget.Button: Done
android.widget.FrameLayout@40627f40
android.widget.ImageView@4054eca8
android.widget.TextView: Stores
android.widget.ImageView@4056c188
android.widget.FrameLayout@4062d630
android.widget.ImageView@4057d490
android.widget.TextView: ATMs
android.widget.ImageView@405a4098
