android.widget.LinearLayout@406649e0
android.widget.FrameLayout@4056be48
android.widget.TextView: Hospitals Near Me FREE
android.widget.FrameLayout@405e90c8
android.widget.LinearLayout@405e9588
android.widget.ListView@40570e18
android.widget.LinearLayout@405a60b0
android.widget.ImageView@405a6528
android.widget.TextView: 2.7 mi
android.widget.TableLayout@40553408
android.widget.TableRow@40553cc0
android.widget.TextView: Montebello Rehabilitation Hospital-University of Maryland Medical System
android.widget.TableRow@40554788
android.widget.TextView: Address , City
android.widget.TableRow@40555040
android.widget.TextView: Phone Number
android.widget.LinearLayout@4050b308
android.widget.ImageView@4050b520
android.widget.TextView: 2.8 mi
android.widget.TableLayout@4050bbf0
android.widget.TableRow@4050c0c8
android.widget.TextView: Franklin Square Hospital Center
android.widget.TableRow@4050c8e8
android.widget.TextView: Address , City
android.widget.TableRow@405d5ab8
android.widget.TextView: Phone Number
android.widget.LinearLayout@405d6ac8
android.widget.ImageView@405d6ce0
android.widget.TextView: 3.2 mi
android.widget.TableLayout@405d73b0
android.widget.TableRow@405d7888
android.widget.TextView: Good Samaritan Hospital of Maryland
android.widget.TableRow@405b4098
android.widget.TextView: Address , City
android.widget.TableRow@405b48b8
android.widget.TextView: Phone Number
android.widget.LinearLayout@405b58e8
android.widget.ImageView@405b5b00
android.widget.TextView: 4.3 mi
android.widget.TableLayout@405b61d0
android.widget.TableRow@405a6c38
android.widget.TextView: Johns Hopkins Bayview Medical Center
android.widget.TableRow@405a73a0
android.widget.TextView: Address , City
android.widget.TableRow@405a7bc0
android.widget.TextView: Phone Number
android.widget.LinearLayout@405a8c88
android.widget.ImageView@405a8ea0
android.widget.TextView: 4.6 mi
android.widget.TableLayout@405a9570
android.widget.TableRow@40557d40
android.widget.TextView: Union Memorial Hospital
android.widget.TableRow@40558550
android.widget.TextView: Address , City
android.widget.TableRow@40558d70
android.widget.TextView: Phone Number
android.widget.LinearLayout@40559e90
android.widget.ImageView@4055a0a8
android.widget.TextView: 4.7 mi
android.widget.TableLayout@40660fd8
android.widget.TableRow@406613c0
android.widget.TextView: Johns Hopkins Hospital
android.widget.TableRow@40661be0
android.widget.TextView: Address , City
android.widget.TableRow@40662400
android.widget.TextView: Phone Number
android.widget.TextView: Loading data
android.widget.LinearLayout@406649e0
android.widget.FrameLayout@4056be48
android.widget.TextView: Hospitals Near Me FREE
android.widget.FrameLayout@405e90c8
android.widget.LinearLayout@405e9588
android.widget.ListView@40570e18
android.widget.LinearLayout@40559e90
android.widget.ImageView@4055a0a8
android.widget.TextView: 4.7 mi
android.widget.TableLayout@40660fd8
android.widget.TableRow@406613c0
android.widget.TextView: Johns Hopkins Hospital
android.widget.TableRow@40661be0
android.widget.TextView: Address , City
android.widget.TableRow@40662400
android.widget.TextView: Phone Number
android.widget.LinearLayout@405c3098
android.widget.ImageView@405c32b0
android.widget.TextView: 4.7 mi
android.widget.TableLayout@40625bc0
android.widget.TableRow@40626098
android.widget.TextView: Kennedy Krieger Institute
android.widget.TableRow@406268b8
android.widget.TextView: Address , City
android.widget.TableRow@406270d8
android.widget.TextView: Phone Number
android.widget.LinearLayout@406280d0
android.widget.ImageView@406282e8
android.widget.TextView: 5.0 mi
android.widget.TableLayout@406289b8
android.widget.TableRow@40628e90
android.widget.TextView: Church Hospital Corporation
android.widget.TableRow@406296b0
android.widget.TextView: Address , City
android.widget.TableRow@40629ed0
android.widget.TextView: Phone Number
android.widget.LinearLayout@405c39b0
android.widget.ImageView@405c3bc8
android.widget.TextView: 5.2 mi
android.widget.TableLayout@405c4298
android.widget.TableRow@405c4770
android.widget.TextView: Maryland Penitentary Hospital
android.widget.TableRow@405c4f90
android.widget.TextView: Address , City
android.widget.TableRow@405836b8
android.widget.TextView: Phone Number
android.widget.LinearLayout@4055cca0
android.widget.ImageView@4055fa60
android.widget.TextView: 5.2 mi
android.widget.TableLayout@4052dad0
android.widget.TableRow@4059deb8
android.widget.TextView: St. Joseph Medical Center
android.widget.TableRow@40606218
android.widget.TextView: Address , City
android.widget.TableRow@4069a208
android.widget.TextView: Phone Number
android.widget.LinearLayout@40561ab8
android.widget.ImageView@40562a78
android.widget.TextView: 5.7 mi
android.widget.TableLayout@4056edd0
android.widget.TableRow@4057f7e8
android.widget.TextView: Sheppard and Enoch Pratt Hospital
android.widget.TableRow@4053dfc8
android.widget.TextView: Address , City
android.widget.TableRow@4054b9b8
android.widget.TextView: Phone Number
android.widget.TextView: Loading data
android.widget.LinearLayout@406649e0
android.widget.FrameLayout@4056be48
android.widget.TextView: Hospitals Near Me FREE
android.widget.FrameLayout@405e90c8
android.widget.LinearLayout@405e9588
android.widget.ListView@40570e18
android.widget.LinearLayout@40561ab8
android.widget.ImageView@40562a78
android.widget.TextView: 5.7 mi
android.widget.TableLayout@4056edd0
android.widget.TableRow@4057f7e8
android.widget.TextView: Sheppard and Enoch Pratt Hospital
android.widget.TableRow@4053dfc8
android.widget.TextView: Address , City
android.widget.TableRow@4054b9b8
android.widget.TextView: Phone Number
android.widget.LinearLayout@405a60b0
android.widget.ImageView@405a6528
android.widget.TextView: 5.8 mi
android.widget.TableLayout@40553408
android.widget.TableRow@40553cc0
android.widget.TextView: Maryland General Hospital
android.widget.TableRow@40554788
android.widget.TextView: Address , City
android.widget.TableRow@40555040
android.widget.TextView: Phone Number
android.widget.LinearLayout@4050b308
android.widget.ImageView@4050b520
android.widget.TextView: 6.1 mi
android.widget.TableLayout@4050bbf0
android.widget.TableRow@4050c0c8
android.widget.TextView: Greater Baltimore Medical Center
android.widget.TableRow@4050c8e8
android.widget.TextView: Address , City
android.widget.TableRow@405d5ab8
android.widget.TextView: Phone Number
android.widget.LinearLayout@405d6ac8
android.widget.ImageView@405d6ce0
android.widget.TextView: 6.3 mi
android.widget.TableLayout@405d73b0
android.widget.TableRow@405d7888
android.widget.TextView: University Specialty Hospital
android.widget.TableRow@405b4098
android.widget.TextView: Address , City
android.widget.TableRow@405b48b8
android.widget.TextView: Phone Number
android.widget.LinearLayout@405b58e8
android.widget.ImageView@405b5b00
android.widget.TextView: 6.3 mi
android.widget.TableLayout@405b61d0
android.widget.TableRow@405a6c38
android.widget.TextView: Veterans Affairs Maryland Health Care System-Baltimore Division
android.widget.TableRow@405a73a0
android.widget.TextView: Address , City
android.widget.TableRow@405a7bc0
android.widget.TextView: Phone Number
android.widget.LinearLayout@405a8c88
android.widget.ImageView@405a8ea0
android.widget.TextView: 6.4 mi
android.widget.TableLayout@405a9570
android.widget.TableRow@40557d40
android.widget.TextView: University of Maryland Medical Center
android.widget.TableRow@40558550
android.widget.TextView: Address , City
android.widget.TableRow@40558d70
android.widget.TextView: Phone Number
android.widget.TextView: Loading data
android.widget.LinearLayout@406649e0
android.widget.FrameLayout@4056be48
android.widget.TextView: Hospitals Near Me FREE
android.widget.FrameLayout@405e90c8
android.widget.LinearLayout@405e9588
android.widget.ListView@40570e18
android.widget.LinearLayout@405a8c88
android.widget.ImageView@405a8ea0
android.widget.TextView: 6.4 mi
android.widget.TableLayout@405a9570
android.widget.TableRow@40557d40
android.widget.TextView: University of Maryland Medical Center
android.widget.TableRow@40558550
android.widget.TextView: Address , City
android.widget.TableRow@40558d70
android.widget.TextView: Phone Number
android.widget.LinearLayout@40559e90
android.widget.ImageView@4055a0a8
android.widget.TextView: 6.6 mi
android.widget.TableLayout@40660fd8
android.widget.TableRow@406613c0
android.widget.TextView: Mt. Washington Pediatric Hospital
android.widget.TableRow@40661be0
android.widget.TextView: Address , City
android.widget.TableRow@40662400
android.widget.TextView: Phone Number
android.widget.LinearLayout@405c3098
android.widget.ImageView@405c32b0
android.widget.TextView: 6.7 mi
android.widget.TableLayout@40625bc0
android.widget.TableRow@40626098
android.widget.TextView: The New Children's Hospital
android.widget.TableRow@406268b8
android.widget.TextView: Address , City
android.widget.TableRow@406270d8
android.widget.TextView: Phone Number
android.widget.LinearLayout@406280d0
android.widget.ImageView@406282e8
android.widget.TextView: 7.0 mi
android.widget.TableLayout@406289b8
android.widget.TableRow@40628e90
android.widget.TextView: Liberty Medical Center
android.widget.TableRow@406296b0
android.widget.TextView: Address , City
android.widget.TableRow@40629ed0
android.widget.TextView: Phone Number
android.widget.LinearLayout@405c39b0
android.widget.ImageView@405c3bc8
android.widget.TextView: 7.0 mi
android.widget.TableLayout@405c4298
android.widget.TableRow@405c4770
android.widget.TextView: Sinai Hospital of Baltimore
android.widget.TableRow@405c4f90
android.widget.TextView: Address , City
android.widget.TableRow@405836b8
android.widget.TextView: Phone Number
android.widget.LinearLayout@4055cca0
android.widget.ImageView@4055fa60
android.widget.TextView: 7.1 mi
android.widget.TableLayout@4052dad0
android.widget.TableRow@4059deb8
android.widget.TextView: Levindale Hebrew Geriatric Center and Hospital
android.widget.TableRow@40606218
android.widget.TextView: Address , City
android.widget.TableRow@4069a208
android.widget.TextView: Phone Number
android.widget.TextView: Loading data
android.widget.LinearLayout@406649e0
android.widget.FrameLayout@4056be48
android.widget.TextView: Hospitals Near Me FREE
android.widget.FrameLayout@405e90c8
android.widget.LinearLayout@405e9588
android.widget.ListView@40570e18
android.widget.LinearLayout@4055cca0
android.widget.ImageView@4055fa60
android.widget.TextView: 7.1 mi
android.widget.TableLayout@4052dad0
android.widget.TableRow@4059deb8
android.widget.TextView: Levindale Hebrew Geriatric Center and Hospital
android.widget.TableRow@40606218
android.widget.TextView: Address , City
android.widget.TableRow@4069a208
android.widget.TextView: Phone Number
android.widget.LinearLayout@40561ab8
android.widget.ImageView@40562a78
android.widget.TextView: 7.5 mi
android.widget.TableLayout@4056edd0
android.widget.TableRow@4057f7e8
android.widget.TextView: Bon Secours Baltimore Health System
android.widget.TableRow@4053dfc8
android.widget.TextView: Address , City
android.widget.TableRow@4054b9b8
android.widget.TextView: Phone Number
android.widget.LinearLayout@405a60b0
android.widget.ImageView@405a6528
android.widget.TextView: 9.0 mi
android.widget.TableLayout@40553408
android.widget.TableRow@40553cc0
android.widget.TextView: St. Agnes Hospital
android.widget.TableRow@40554788
android.widget.TextView: Address , City
android.widget.TableRow@40555040
android.widget.TextView: Phone Number
android.widget.LinearLayout@4050b308
android.widget.ImageView@4050b520
android.widget.TextView: 9.3 mi
android.widget.TableLayout@4050bbf0
android.widget.TableRow@4050c0c8
android.widget.TextView: Seton Psychiatric Institute
android.widget.TableRow@4050c8e8
android.widget.TextView: Address , City
android.widget.TableRow@405d5ab8
android.widget.TextView: Phone Number
android.widget.LinearLayout@405d6ac8
android.widget.ImageView@405d6ce0
android.widget.TextView: 9.8 mi
android.widget.TableLayout@405d73b0
android.widget.TableRow@405d7888
android.widget.TextView: Gundry-Glass Hospital
android.widget.TableRow@405b4098
android.widget.TextView: Address , City
android.widget.TableRow@405b48b8
android.widget.TextView: Phone Number
android.widget.LinearLayout@405b58e8
android.widget.ImageView@405b5b00
android.widget.TextView: 10.0 mi
android.widget.TableLayout@405b61d0
android.widget.TableRow@405a6c38
android.widget.TextView: Kernan Orthopaedics and Rehabilitation
android.widget.TableRow@405a73a0
android.widget.TextView: Address , City
android.widget.TableRow@405a7bc0
android.widget.TextView: Phone Number
android.widget.TextView: Loading data
