emulator-5570
D/umd.troyd( 3978): got command getViews
D/umd.troyd( 3978): android.widget.FrameLayout@4072ec68: 16908290 (0)
D/umd.troyd( 3978): android.widget.RelativeLayout@4072f6a8: 2131558603 (1)
D/umd.troyd( 3978): android.widget.LinearLayout@4072fae0: -1 (2)
D/umd.troyd( 3978): com.walmart.android.ui.ViewStackLayout@40730030: 2131558797 (3)
D/umd.troyd( 3978): android.widget.RelativeLayout@40581b18: -1 (4)
D/umd.troyd( 3978): android.widget.RelativeLayout@4066ae90: 2131558790 (5)
D/umd.troyd( 3978): android.widget.LinearLayout@40548588: 2131558790 (6)
D/umd.troyd( 3978): android.widget.RelativeLayout@405f3ed0: -1 (7)
D/umd.troyd( 3978): android.widget.Button:  (8)
D/umd.troyd( 3978): android.widget.TextView: Search a location (9)
D/umd.troyd( 3978): android.widget.Button:  (10)
D/umd.troyd( 3978): android.widget.Button:  (11)
D/umd.troyd( 3978): android.widget.Button:  (12)
D/umd.troyd( 3978): android.widget.RelativeLayout@40667bb0: 2131558791 (13)
D/umd.troyd( 3978): com.walmart.android.storelocator.StoreMapView@4061f610: 2131558792 (14)
D/umd.troyd( 3978): android.widget.ListView@407a4148: 2131558521 (15)
D/umd.troyd( 3978): android.widget.LinearLayout@4055ef70: -1 (16)
D/umd.troyd( 3978): android.widget.RelativeLayout@405bd428: -1 (17)
D/umd.troyd( 3978): android.widget.RelativeLayout@405c0540: -1 (18)
D/umd.troyd( 3978): android.widget.TextView: Walmart Supercenter (19)
D/umd.troyd( 3978): android.widget.TextView: 7001 Bridgeport Way W (20)
D/umd.troyd( 3978): android.widget.TextView: Lakewood, WA 98499 (21)
D/umd.troyd( 3978): android.widget.RelativeLayout@406b1cb0: -1 (22)
D/umd.troyd( 3978): android.widget.LinearLayout@407303c0: 2131558801 (23)
D/umd.troyd( 3978): android.widget.TextView: 5.76 (24)
D/umd.troyd( 3978): android.widget.TextView: miles (25)
D/umd.troyd( 3978): android.widget.TextView:  (26)
D/umd.troyd( 3978): android.widget.ImageView@407a5a28: 2131558517 (27)
D/umd.troyd( 3978): android.widget.LinearLayout@40797850: -1 (28)
D/umd.troyd( 3978): android.widget.RelativeLayout@40797d48: -1 (29)
D/umd.troyd( 3978): android.widget.RelativeLayout@40798240: -1 (30)
D/umd.troyd( 3978): android.widget.TextView: Walmart Supercenter (31)
D/umd.troyd( 3978): android.widget.TextView: 34520 16Th Ave S (32)
D/umd.troyd( 3978): android.widget.TextView: Federal Way, WA 98003 (33)
D/umd.troyd( 3978): android.widget.RelativeLayout@407aa028: -1 (34)
D/umd.troyd( 3978): android.widget.LinearLayout@405b74f8: 2131558801 (35)
D/umd.troyd( 3978): android.widget.TextView: 7.99 (36)
D/umd.troyd( 3978): android.widget.TextView: miles (37)
D/umd.troyd( 3978): android.widget.TextView:  (38)
D/umd.troyd( 3978): android.widget.ImageView@405f79c0: 2131558517 (39)
D/umd.troyd( 3978): android.widget.LinearLayout@406206c0: -1 (40)
D/umd.troyd( 3978): android.widget.RelativeLayout@406a9220: -1 (41)
D/umd.troyd( 3978): android.widget.RelativeLayout@40794330: -1 (42)
D/umd.troyd( 3978): android.widget.TextView: Walmart Store (43)
D/umd.troyd( 3978): android.widget.TextView: 1900 S 314Th St (44)
D/umd.troyd( 3978): android.widget.TextView: Federal Way, WA 98003 (45)
D/umd.troyd( 3978): android.widget.RelativeLayout@40797b68: -1 (46)
D/umd.troyd( 3978): android.widget.LinearLayout@40557790: 2131558801 (47)
D/umd.troyd( 3978): android.widget.TextView: 8.24 (48)
D/umd.troyd( 3978): android.widget.TextView: miles (49)
D/umd.troyd( 3978): android.widget.TextView:  (50)
D/umd.troyd( 3978): android.widget.ImageView@406b9270: 2131558517 (51)
D/umd.troyd( 3978): android.widget.LinearLayout@407a1538: -1 (52)
D/umd.troyd( 3978): android.widget.RelativeLayout@40674a20: -1 (53)
D/umd.troyd( 3978): android.widget.RelativeLayout@4071b2c8: -1 (54)
D/umd.troyd( 3978): android.widget.TextView: Walmart Supercenter (55)
D/umd.troyd( 3978): android.widget.TextView: 762 Supermall Way Sw (56)
D/umd.troyd( 3978): android.widget.TextView: Auburn, WA 98001 (57)
D/umd.troyd( 3978): android.widget.RelativeLayout@4072ca10: -1 (58)
D/umd.troyd( 3978): android.widget.LinearLayout@407a3c98: 2131558801 (59)
D/umd.troyd( 3978): android.widget.TextView: 10.87 (60)
D/umd.troyd( 3978): android.widget.TextView: miles (61)
D/umd.troyd( 3978): android.widget.TextView:  (62)
D/umd.troyd( 3978): android.widget.ImageView@4079d238: 2131558517 (63)
D/umd.troyd( 3978): android.widget.LinearLayout@406ff6c8: -1 (64)
D/umd.troyd( 3978): android.widget.RelativeLayout@406ff818: -1 (65)
D/umd.troyd( 3978): android.widget.RelativeLayout@40701b20: -1 (66)
D/umd.troyd( 3978): android.widget.TextView: Walmart Supercenter (67)
D/umd.troyd( 3978): android.widget.TextView: 310 31St Ave Se (68)
D/umd.troyd( 3978): android.widget.TextView: Puyallup, WA 98374 (69)
D/umd.troyd( 3978): android.widget.RelativeLayout@4058a898: -1 (70)
D/umd.troyd( 3978): android.widget.LinearLayout@405a3e98: 2131558801 (71)
D/umd.troyd( 3978): android.widget.TextView: 11.97 (72)
D/umd.troyd( 3978): android.widget.TextView: miles (73)
D/umd.troyd( 3978): android.widget.TextView:  (74)
D/umd.troyd( 3978): android.widget.ImageView@406b4540: 2131558517 (75)
D/umd.troyd( 3978): android.widget.LinearLayout@4079c540: -1 (76)
D/umd.troyd( 3978): android.widget.RelativeLayout@407a62c0: -1 (77)
D/umd.troyd( 3978): android.widget.RelativeLayout@406b5748: -1 (78)
D/umd.troyd( 3978): android.widget.TextView: Walmart Supercenter (79)
D/umd.troyd( 3978): android.widget.TextView: 20307 Mountain Hwy E (80)
D/umd.troyd( 3978): android.widget.TextView: Spanaway, WA 98387 (81)
D/umd.troyd( 3978): android.widget.RelativeLayout@406b4fa8: -1 (82)
D/umd.troyd( 3978): android.widget.LinearLayout@406b5e20: 2131558801 (83)
D/umd.troyd( 3978): android.widget.TextView: 13.55 (84)
D/umd.troyd( 3978): android.widget.TextView: miles (85)
D/umd.troyd( 3978): android.widget.TextView:  (86)
D/umd.troyd( 3978): android.widget.ImageView@406b7748: 2131558517 (87)
D/umd.troyd( 3978): android.widget.RelativeLayout@40732160: 2131558541 (88)
D/umd.troyd( 3978): android.widget.GridView@40732cd8: 2131558824 (89)
D/umd.troyd( 3978): android.widget.LinearLayout@40733e58: 2131558538 (90)
D/umd.troyd( 3978): android.widget.RelativeLayout@40734850: 2131558818 (91)
D/umd.troyd( 3978): android.widget.ImageButton@407351a0: 2131558819 (92)
D/umd.troyd( 3978): android.widget.RelativeLayout@407356b8: -1 (93)
D/umd.troyd( 3978): android.widget.ImageView@40735aa8: 2131558820 (94)
D/umd.troyd( 3978): android.widget.TextView: Stores (95)
D/umd.troyd( 3978): android.widget.RelativeLayout@407369b0: -1 (96)
D/umd.troyd( 3978): android.widget.Button:  (97)
D/umd.troyd( 3978): android.widget.ImageView@40737520: 2131558823 (98)
D/umd.troyd( 3978): android.widget.LinearLayout@407377b0: 2131558542 (99)
D/umd.troyd( 3978): got command getViews
D/umd.troyd( 3978): android.widget.FrameLayout@4072ec68: 16908290 (0)
D/umd.troyd( 3978): android.widget.RelativeLayout@4072f6a8: 2131558603 (1)
D/umd.troyd( 3978): android.widget.LinearLayout@4072fae0: -1 (2)
D/umd.troyd( 3978): com.walmart.android.ui.ViewStackLayout@40730030: 2131558797 (3)
D/umd.troyd( 3978): android.widget.RelativeLayout@40581b18: -1 (4)
D/umd.troyd( 3978): android.widget.RelativeLayout@4066ae90: 2131558790 (5)
D/umd.troyd( 3978): android.widget.LinearLayout@40548588: 2131558790 (6)
D/umd.troyd( 3978): android.widget.RelativeLayout@405f3ed0: -1 (7)
D/umd.troyd( 3978): android.widget.Button:  (8)
D/umd.troyd( 3978): android.widget.TextView: Search a location (9)
D/umd.troyd( 3978): android.widget.Button:  (10)
D/umd.troyd( 3978): android.widget.Button:  (11)
D/umd.troyd( 3978): android.widget.Button:  (12)
D/umd.troyd( 3978): android.widget.RelativeLayout@40667bb0: 2131558791 (13)
D/umd.troyd( 3978): com.walmart.android.storelocator.StoreMapView@4061f610: 2131558792 (14)
D/umd.troyd( 3978): android.widget.ListView@407a4148: 2131558521 (15)
D/umd.troyd( 3978): android.widget.LinearLayout@4079c540: -1 (16)
D/umd.troyd( 3978): android.widget.RelativeLayout@407a62c0: -1 (17)
D/umd.troyd( 3978): android.widget.RelativeLayout@406b5748: -1 (18)
D/umd.troyd( 3978): android.widget.TextView: Walmart Supercenter (19)
D/umd.troyd( 3978): android.widget.TextView: 20307 Mountain Hwy E (20)
D/umd.troyd( 3978): android.widget.TextView: Spanaway, WA 98387 (21)
D/umd.troyd( 3978): android.widget.RelativeLayout@406b4fa8: -1 (22)
D/umd.troyd( 3978): android.widget.LinearLayout@406b5e20: 2131558801 (23)
D/umd.troyd( 3978): android.widget.TextView: 13.55 (24)
D/umd.troyd( 3978): android.widget.TextView: miles (25)
D/umd.troyd( 3978): android.widget.TextView:  (26)
D/umd.troyd( 3978): android.widget.ImageView@406b7748: 2131558517 (27)
D/umd.troyd( 3978): android.widget.LinearLayout@4061b5e8: -1 (28)
D/umd.troyd( 3978): android.widget.RelativeLayout@4061b7d8: -1 (29)
D/umd.troyd( 3978): android.widget.RelativeLayout@4061bb80: -1 (30)
D/umd.troyd( 3978): android.widget.TextView: Walmart Supercenter (31)
D/umd.troyd( 3978): android.widget.TextView: 16502 Meridian E (32)
D/umd.troyd( 3978): android.widget.TextView: Puyallup, WA 98375 (33)
D/umd.troyd( 3978): android.widget.RelativeLayout@4061ce90: -1 (34)
D/umd.troyd( 3978): android.widget.LinearLayout@40824548: 2131558801 (35)
D/umd.troyd( 3978): android.widget.TextView: 14.20 (36)
D/umd.troyd( 3978): android.widget.TextView: miles (37)
D/umd.troyd( 3978): android.widget.TextView:  (38)
D/umd.troyd( 3978): android.widget.ImageView@40825600: 2131558517 (39)
D/umd.troyd( 3978): android.widget.LinearLayout@4050ec30: -1 (40)
D/umd.troyd( 3978): android.widget.RelativeLayout@405ff568: -1 (41)
D/umd.troyd( 3978): android.widget.RelativeLayout@40608d70: -1 (42)
D/umd.troyd( 3978): android.widget.TextView: Walmart Store (43)
D/umd.troyd( 3978): android.widget.TextView: 3497 Bethel Rd Se (44)
D/umd.troyd( 3978): android.widget.TextView: Port Orchard, WA 98366 (45)
D/umd.troyd( 3978): android.widget.RelativeLayout@40635120: -1 (46)
D/umd.troyd( 3978): android.widget.LinearLayout@40514928: 2131558801 (47)
D/umd.troyd( 3978): android.widget.TextView: 14.36 (48)
D/umd.troyd( 3978): android.widget.TextView: miles (49)
D/umd.troyd( 3978): android.widget.TextView:  (50)
D/umd.troyd( 3978): android.widget.ImageView@405cc128: 2131558517 (51)
D/umd.troyd( 3978): android.widget.LinearLayout@4060dd10: -1 (52)
D/umd.troyd( 3978): android.widget.RelativeLayout@40667220: -1 (53)
D/umd.troyd( 3978): android.widget.RelativeLayout@407272a8: -1 (54)
D/umd.troyd( 3978): android.widget.TextView: Walmart Store (55)
D/umd.troyd( 3978): android.widget.TextView: 743 Rainier Ave S (56)
D/umd.troyd( 3978): android.widget.TextView: Renton, WA 98057 (57)
D/umd.troyd( 3978): android.widget.RelativeLayout@4072a590: -1 (58)
D/umd.troyd( 3978): android.widget.LinearLayout@4061b440: 2131558801 (59)
D/umd.troyd( 3978): android.widget.TextView: 15.89 (60)
D/umd.troyd( 3978): android.widget.TextView: miles (61)
D/umd.troyd( 3978): android.widget.TextView:  (62)
D/umd.troyd( 3978): android.widget.ImageView@40666e80: 2131558517 (63)
D/umd.troyd( 3978): android.widget.LinearLayout@40704890: -1 (64)
D/umd.troyd( 3978): android.widget.RelativeLayout@407ee488: -1 (65)
D/umd.troyd( 3978): android.widget.RelativeLayout@4057ee50: -1 (66)
D/umd.troyd( 3978): android.widget.TextView: Walmart Supercenter (67)
D/umd.troyd( 3978): android.widget.TextView: 19205 State Route 410 E (68)
D/umd.troyd( 3978): android.widget.TextView: Bonney Lake, WA 98391 (69)
D/umd.troyd( 3978): android.widget.RelativeLayout@4061a5f8: -1 (70)
D/umd.troyd( 3978): android.widget.LinearLayout@4073c698: 2131558801 (71)
D/umd.troyd( 3978): android.widget.TextView: 16.39 (72)
D/umd.troyd( 3978): android.widget.TextView: miles (73)
D/umd.troyd( 3978): android.widget.TextView:  (74)
D/umd.troyd( 3978): android.widget.ImageView@407976d8: 2131558517 (75)
D/umd.troyd( 3978): android.widget.LinearLayout@407a4be0: -1 (76)
D/umd.troyd( 3978): android.widget.RelativeLayout@406209e0: -1 (77)
D/umd.troyd( 3978): android.widget.RelativeLayout@4062bc28: -1 (78)
D/umd.troyd( 3978): android.widget.TextView: Walmart Store (79)
D/umd.troyd( 3978): android.widget.TextView: 17432 Se 270Th Pl (80)
D/umd.troyd( 3978): android.widget.TextView: Covington, WA 98042 (81)
D/umd.troyd( 3978): android.widget.RelativeLayout@40674d38: -1 (82)
D/umd.troyd( 3978): android.widget.LinearLayout@407adc38: 2131558801 (83)
D/umd.troyd( 3978): android.widget.TextView: 16.77 (84)
D/umd.troyd( 3978): android.widget.TextView: miles (85)
D/umd.troyd( 3978): android.widget.TextView:  (86)
D/umd.troyd( 3978): android.widget.ImageView@407b0218: 2131558517 (87)
D/umd.troyd( 3978): android.widget.RelativeLayout@40732160: 2131558541 (88)
D/umd.troyd( 3978): android.widget.GridView@40732cd8: 2131558824 (89)
D/umd.troyd( 3978): android.widget.LinearLayout@40733e58: 2131558538 (90)
D/umd.troyd( 3978): android.widget.RelativeLayout@40734850: 2131558818 (91)
D/umd.troyd( 3978): android.widget.ImageButton@407351a0: 2131558819 (92)
D/umd.troyd( 3978): android.widget.RelativeLayout@407356b8: -1 (93)
D/umd.troyd( 3978): android.widget.ImageView@40735aa8: 2131558820 (94)
D/umd.troyd( 3978): android.widget.TextView: Stores (95)
D/umd.troyd( 3978): android.widget.RelativeLayout@407369b0: -1 (96)
D/umd.troyd( 3978): android.widget.Button:  (97)
D/umd.troyd( 3978): android.widget.ImageView@40737520: 2131558823 (98)
D/umd.troyd( 3978): android.widget.LinearLayout@407377b0: 2131558542 (99)
D/umd.troyd( 3978): got command getViews
D/umd.troyd( 3978): android.widget.FrameLayout@4072ec68: 16908290 (0)
D/umd.troyd( 3978): android.widget.RelativeLayout@4072f6a8: 2131558603 (1)
D/umd.troyd( 3978): android.widget.LinearLayout@4072fae0: -1 (2)
D/umd.troyd( 3978): com.walmart.android.ui.ViewStackLayout@40730030: 2131558797 (3)
D/umd.troyd( 3978): android.widget.RelativeLayout@40581b18: -1 (4)
D/umd.troyd( 3978): android.widget.RelativeLayout@4066ae90: 2131558790 (5)
D/umd.troyd( 3978): android.widget.LinearLayout@40548588: 2131558790 (6)
D/umd.troyd( 3978): android.widget.RelativeLayout@405f3ed0: -1 (7)
D/umd.troyd( 3978): android.widget.Button:  (8)
D/umd.troyd( 3978): android.widget.TextView: Search a location (9)
D/umd.troyd( 3978): android.widget.Button:  (10)
D/umd.troyd( 3978): android.widget.Button:  (11)
D/umd.troyd( 3978): android.widget.Button:  (12)
D/umd.troyd( 3978): android.widget.RelativeLayout@40667bb0: 2131558791 (13)
D/umd.troyd( 3978): com.walmart.android.storelocator.StoreMapView@4061f610: 2131558792 (14)
D/umd.troyd( 3978): android.widget.ListView@407a4148: 2131558521 (15)
D/umd.troyd( 3978): android.widget.LinearLayout@407a4be0: -1 (16)
D/umd.troyd( 3978): android.widget.RelativeLayout@406209e0: -1 (17)
D/umd.troyd( 3978): android.widget.RelativeLayout@4062bc28: -1 (18)
D/umd.troyd( 3978): android.widget.TextView: Walmart Store (19)
D/umd.troyd( 3978): android.widget.TextView: 17432 Se 270Th Pl (20)
D/umd.troyd( 3978): android.widget.TextView: Covington, WA 98042 (21)
D/umd.troyd( 3978): android.widget.RelativeLayout@40674d38: -1 (22)
D/umd.troyd( 3978): android.widget.LinearLayout@407adc38: 2131558801 (23)
D/umd.troyd( 3978): android.widget.TextView: 16.77 (24)
D/umd.troyd( 3978): android.widget.TextView: miles (25)
D/umd.troyd( 3978): android.widget.TextView:  (26)
D/umd.troyd( 3978): android.widget.ImageView@407b0218: 2131558517 (27)
D/umd.troyd( 3978): android.widget.LinearLayout@4055ef70: -1 (28)
D/umd.troyd( 3978): android.widget.RelativeLayout@405bd428: -1 (29)
D/umd.troyd( 3978): android.widget.RelativeLayout@405c0540: -1 (30)
D/umd.troyd( 3978): android.widget.TextView: Walmart Supercenter (31)
D/umd.troyd( 3978): android.widget.TextView: 1401 Galaxy Dr Ne (32)
D/umd.troyd( 3978): android.widget.TextView: Lacey, WA 98516 (33)
D/umd.troyd( 3978): android.widget.RelativeLayout@406b1cb0: -1 (34)
D/umd.troyd( 3978): android.widget.LinearLayout@407303c0: 2131558801 (35)
D/umd.troyd( 3978): android.widget.TextView: 17.50 (36)
D/umd.troyd( 3978): android.widget.TextView: miles (37)
D/umd.troyd( 3978): android.widget.TextView:  (38)
D/umd.troyd( 3978): android.widget.ImageView@407a5a28: 2131558517 (39)
D/umd.troyd( 3978): android.widget.LinearLayout@40797850: -1 (40)
D/umd.troyd( 3978): android.widget.RelativeLayout@40797d48: -1 (41)
D/umd.troyd( 3978): android.widget.RelativeLayout@40798240: -1 (42)
D/umd.troyd( 3978): android.widget.TextView: Walmart Store (43)
D/umd.troyd( 3978): android.widget.TextView: 6797 State Highway 303 Ne (44)
D/umd.troyd( 3978): android.widget.TextView: Bremerton, WA 98311 (45)
D/umd.troyd( 3978): android.widget.RelativeLayout@407aa028: -1 (46)
D/umd.troyd( 3978): android.widget.LinearLayout@405b74f8: 2131558801 (47)
D/umd.troyd( 3978): android.widget.TextView: 20.63 (48)
D/umd.troyd( 3978): android.widget.TextView: miles (49)
D/umd.troyd( 3978): android.widget.TextView:  (50)
D/umd.troyd( 3978): android.widget.ImageView@405f79c0: 2131558517 (51)
D/umd.troyd( 3978): android.widget.LinearLayout@406206c0: -1 (52)
D/umd.troyd( 3978): android.widget.RelativeLayout@406a9220: -1 (53)
D/umd.troyd( 3978): android.widget.RelativeLayout@40794330: -1 (54)
D/umd.troyd( 3978): android.widget.TextView: Walmart Store (55)
D/umd.troyd( 3978): android.widget.TextView: 12620 Se 41St Pl (56)
D/umd.troyd( 3978): android.widget.TextView: Bellevue S, WA 98006 (57)
D/umd.troyd( 3978): android.widget.RelativeLayout@40797b68: -1 (58)
D/umd.troyd( 3978): android.widget.LinearLayout@40557790: 2131558801 (59)
D/umd.troyd( 3978): android.widget.TextView: 21.59 (60)
D/umd.troyd( 3978): android.widget.TextView: miles (61)
D/umd.troyd( 3978): android.widget.TextView:  (62)
D/umd.troyd( 3978): android.widget.ImageView@406b9270: 2131558517 (63)
D/umd.troyd( 3978): android.widget.LinearLayout@407a1538: -1 (64)
D/umd.troyd( 3978): android.widget.RelativeLayout@40674a20: -1 (65)
D/umd.troyd( 3978): android.widget.RelativeLayout@4071b2c8: -1 (66)
D/umd.troyd( 3978): android.widget.TextView: Walmart Supercenter (67)
D/umd.troyd( 3978): android.widget.TextView: 17100 State Route 507 Se (68)
D/umd.troyd( 3978): android.widget.TextView: Yelm, WA 98597 (69)
D/umd.troyd( 3978): android.widget.RelativeLayout@4072ca10: -1 (70)
D/umd.troyd( 3978): android.widget.LinearLayout@407a3c98: 2131558801 (71)
D/umd.troyd( 3978): android.widget.TextView: 21.72 (72)
D/umd.troyd( 3978): android.widget.TextView: miles (73)
D/umd.troyd( 3978): android.widget.TextView:  (74)
D/umd.troyd( 3978): android.widget.ImageView@4079d238: 2131558517 (75)
D/umd.troyd( 3978): android.widget.LinearLayout@406ff6c8: -1 (76)
D/umd.troyd( 3978): android.widget.RelativeLayout@406ff818: -1 (77)
D/umd.troyd( 3978): android.widget.RelativeLayout@40701b20: -1 (78)
D/umd.troyd( 3978): android.widget.TextView: Neighborhood Market (79)
D/umd.troyd( 3978): android.widget.TextView: 15063 Main St (80)
D/umd.troyd( 3978): android.widget.TextView: Bellevue, WA 98007 (81)
D/umd.troyd( 3978): android.widget.RelativeLayout@4058a898: -1 (82)
D/umd.troyd( 3978): android.widget.LinearLayout@405a3e98: 2131558801 (83)
D/umd.troyd( 3978): android.widget.TextView: 24.18 (84)
D/umd.troyd( 3978): android.widget.TextView: miles (85)
D/umd.troyd( 3978): android.widget.TextView:  (86)
D/umd.troyd( 3978): android.widget.ImageView@406b4540: 2131558517 (87)
D/umd.troyd( 3978): android.widget.RelativeLayout@40732160: 2131558541 (88)
D/umd.troyd( 3978): android.widget.GridView@40732cd8: 2131558824 (89)
D/umd.troyd( 3978): android.widget.LinearLayout@40733e58: 2131558538 (90)
D/umd.troyd( 3978): android.widget.RelativeLayout@40734850: 2131558818 (91)
D/umd.troyd( 3978): android.widget.ImageButton@407351a0: 2131558819 (92)
D/umd.troyd( 3978): android.widget.RelativeLayout@407356b8: -1 (93)
D/umd.troyd( 3978): android.widget.ImageView@40735aa8: 2131558820 (94)
D/umd.troyd( 3978): android.widget.TextView: Stores (95)
D/umd.troyd( 3978): android.widget.RelativeLayout@407369b0: -1 (96)
D/umd.troyd( 3978): android.widget.Button:  (97)
D/umd.troyd( 3978): android.widget.ImageView@40737520: 2131558823 (98)
D/umd.troyd( 3978): android.widget.LinearLayout@407377b0: 2131558542 (99)
D/umd.troyd( 3978): got command getViews
D/umd.troyd( 3978): android.widget.FrameLayout@4072ec68: 16908290 (0)
D/umd.troyd( 3978): android.widget.RelativeLayout@4072f6a8: 2131558603 (1)
D/umd.troyd( 3978): android.widget.LinearLayout@4072fae0: -1 (2)
D/umd.troyd( 3978): com.walmart.android.ui.ViewStackLayout@40730030: 2131558797 (3)
D/umd.troyd( 3978): android.widget.RelativeLayout@40581b18: -1 (4)
D/umd.troyd( 3978): android.widget.RelativeLayout@4066ae90: 2131558790 (5)
D/umd.troyd( 3978): android.widget.LinearLayout@40548588: 2131558790 (6)
D/umd.troyd( 3978): android.widget.RelativeLayout@405f3ed0: -1 (7)
D/umd.troyd( 3978): android.widget.Button:  (8)
D/umd.troyd( 3978): android.widget.TextView: Search a location (9)
D/umd.troyd( 3978): android.widget.Button:  (10)
D/umd.troyd( 3978): android.widget.Button:  (11)
D/umd.troyd( 3978): android.widget.Button:  (12)
D/umd.troyd( 3978): android.widget.RelativeLayout@40667bb0: 2131558791 (13)
D/umd.troyd( 3978): com.walmart.android.storelocator.StoreMapView@4061f610: 2131558792 (14)
D/umd.troyd( 3978): android.widget.ListView@407a4148: 2131558521 (15)
D/umd.troyd( 3978): android.widget.LinearLayout@406ff6c8: -1 (16)
D/umd.troyd( 3978): android.widget.RelativeLayout@406ff818: -1 (17)
D/umd.troyd( 3978): android.widget.RelativeLayout@40701b20: -1 (18)
D/umd.troyd( 3978): android.widget.TextView: Neighborhood Market (19)
D/umd.troyd( 3978): android.widget.TextView: 15063 Main St (20)
D/umd.troyd( 3978): android.widget.TextView: Bellevue, WA 98007 (21)
D/umd.troyd( 3978): android.widget.RelativeLayout@4058a898: -1 (22)
D/umd.troyd( 3978): android.widget.LinearLayout@405a3e98: 2131558801 (23)
D/umd.troyd( 3978): android.widget.TextView: 24.18 (24)
D/umd.troyd( 3978): android.widget.TextView: miles (25)
D/umd.troyd( 3978): android.widget.TextView:  (26)
D/umd.troyd( 3978): android.widget.ImageView@406b4540: 2131558517 (27)
D/umd.troyd( 3978): android.widget.LinearLayout@4079c540: -1 (28)
D/umd.troyd( 3978): android.widget.RelativeLayout@407a62c0: -1 (29)
D/umd.troyd( 3978): android.widget.RelativeLayout@406b5748: -1 (30)
D/umd.troyd( 3978): android.widget.TextView: Walmart Supercenter (31)
D/umd.troyd( 3978): android.widget.TextView: 5900 Littlerock Rd Sw (32)
D/umd.troyd( 3978): android.widget.TextView: Tumwater, WA 98512 (33)
D/umd.troyd( 3978): android.widget.RelativeLayout@406b4fa8: -1 (34)
D/umd.troyd( 3978): android.widget.LinearLayout@406b5e20: 2131558801 (35)
D/umd.troyd( 3978): android.widget.TextView: 24.49 (36)
D/umd.troyd( 3978): android.widget.TextView: miles (37)
D/umd.troyd( 3978): android.widget.TextView:  (38)
D/umd.troyd( 3978): android.widget.ImageView@406b7748: 2131558517 (39)
D/umd.troyd( 3978): android.widget.LinearLayout@4061b5e8: -1 (40)
D/umd.troyd( 3978): android.widget.RelativeLayout@4061b7d8: -1 (41)
D/umd.troyd( 3978): android.widget.RelativeLayout@4061bb80: -1 (42)
D/umd.troyd( 3978): android.widget.TextView: Walmart Supercenter (43)
D/umd.troyd( 3978): android.widget.TextView: 100 E Wallace Kneeland Blvd (44)
D/umd.troyd( 3978): android.widget.TextView: Shelton, WA 98584 (45)
D/umd.troyd( 3978): android.widget.RelativeLayout@4061ce90: -1 (46)
D/umd.troyd( 3978): android.widget.LinearLayout@40824548: 2131558801 (47)
D/umd.troyd( 3978): android.widget.TextView: 24.58 (48)
D/umd.troyd( 3978): android.widget.TextView: miles (49)
D/umd.troyd( 3978): android.widget.TextView:  (50)
D/umd.troyd( 3978): android.widget.ImageView@40825600: 2131558517 (51)
D/umd.troyd( 3978): android.widget.LinearLayout@4050ec30: -1 (52)
D/umd.troyd( 3978): android.widget.RelativeLayout@405ff568: -1 (53)
D/umd.troyd( 3978): android.widget.RelativeLayout@40608d70: -1 (54)
D/umd.troyd( 3978): android.widget.TextView: Walmart Supercenter (55)
D/umd.troyd( 3978): android.widget.TextView: 21200 Olhava Way Nw (56)
D/umd.troyd( 3978): android.widget.TextView: Poulsbo, WA 98370 (57)
D/umd.troyd( 3978): android.widget.RelativeLayout@40635120: -1 (58)
D/umd.troyd( 3978): android.widget.LinearLayout@40514928: 2131558801 (59)
D/umd.troyd( 3978): android.widget.TextView: 28.65 (60)
D/umd.troyd( 3978): android.widget.TextView: miles (61)
D/umd.troyd( 3978): android.widget.TextView:  (62)
D/umd.troyd( 3978): android.widget.ImageView@405cc128: 2131558517 (63)
D/umd.troyd( 3978): android.widget.LinearLayout@4060dd10: -1 (64)
D/umd.troyd( 3978): android.widget.RelativeLayout@40667220: -1 (65)
D/umd.troyd( 3978): android.widget.RelativeLayout@407272a8: -1 (66)
D/umd.troyd( 3978): android.widget.TextView: Neighborhood Market (67)
D/umd.troyd( 3978): android.widget.TextView: 17222 Highway 99 (68)
D/umd.troyd( 3978): android.widget.TextView: Lynnwood, WA 98037 (69)
D/umd.troyd( 3978): android.widget.RelativeLayout@4072a590: -1 (70)
D/umd.troyd( 3978): android.widget.LinearLayout@4061b440: 2131558801 (71)
D/umd.troyd( 3978): android.widget.TextView: 34.07 (72)
D/umd.troyd( 3978): android.widget.TextView: miles (73)
D/umd.troyd( 3978): android.widget.TextView:  (74)
D/umd.troyd( 3978): android.widget.ImageView@40666e80: 2131558517 (75)
D/umd.troyd( 3978): android.widget.LinearLayout@40704890: -1 (76)
D/umd.troyd( 3978): android.widget.RelativeLayout@407ee488: -1 (77)
D/umd.troyd( 3978): android.widget.RelativeLayout@4057ee50: -1 (78)
D/umd.troyd( 3978): android.widget.TextView: Walmart Store (79)
D/umd.troyd( 3978): android.widget.TextView: 1400 164Th St Sw (80)
D/umd.troyd( 3978): android.widget.TextView: Lynnwood, WA 98087 (81)
D/umd.troyd( 3978): android.widget.RelativeLayout@4061a5f8: -1 (82)
D/umd.troyd( 3978): android.widget.LinearLayout@4073c698: 2131558801 (83)
D/umd.troyd( 3978): android.widget.TextView: 34.99 (84)
D/umd.troyd( 3978): android.widget.TextView: miles (85)
D/umd.troyd( 3978): android.widget.TextView:  (86)
D/umd.troyd( 3978): android.widget.ImageView@407976d8: 2131558517 (87)
D/umd.troyd( 3978): android.widget.RelativeLayout@40732160: 2131558541 (88)
D/umd.troyd( 3978): android.widget.GridView@40732cd8: 2131558824 (89)
D/umd.troyd( 3978): android.widget.LinearLayout@40733e58: 2131558538 (90)
D/umd.troyd( 3978): android.widget.RelativeLayout@40734850: 2131558818 (91)
D/umd.troyd( 3978): android.widget.ImageButton@407351a0: 2131558819 (92)
D/umd.troyd( 3978): android.widget.RelativeLayout@407356b8: -1 (93)
D/umd.troyd( 3978): android.widget.ImageView@40735aa8: 2131558820 (94)
D/umd.troyd( 3978): android.widget.TextView: Stores (95)
D/umd.troyd( 3978): android.widget.RelativeLayout@407369b0: -1 (96)
D/umd.troyd( 3978): android.widget.Button:  (97)
D/umd.troyd( 3978): android.widget.ImageView@40737520: 2131558823 (98)
D/umd.troyd( 3978): android.widget.LinearLayout@407377b0: 2131558542 (99)
D/umd.troyd( 3978): got command getViews
D/umd.troyd( 3978): android.widget.FrameLayout@4072ec68: 16908290 (0)
D/umd.troyd( 3978): android.widget.RelativeLayout@4072f6a8: 2131558603 (1)
D/umd.troyd( 3978): android.widget.LinearLayout@4072fae0: -1 (2)
D/umd.troyd( 3978): com.walmart.android.ui.ViewStackLayout@40730030: 2131558797 (3)
D/umd.troyd( 3978): android.widget.RelativeLayout@40581b18: -1 (4)
D/umd.troyd( 3978): android.widget.RelativeLayout@4066ae90: 2131558790 (5)
D/umd.troyd( 3978): android.widget.LinearLayout@40548588: 2131558790 (6)
D/umd.troyd( 3978): android.widget.RelativeLayout@405f3ed0: -1 (7)
D/umd.troyd( 3978): android.widget.Button:  (8)
D/umd.troyd( 3978): android.widget.TextView: Search a location (9)
D/umd.troyd( 3978): android.widget.Button:  (10)
D/umd.troyd( 3978): android.widget.Button:  (11)
D/umd.troyd( 3978): android.widget.Button:  (12)
D/umd.troyd( 3978): android.widget.RelativeLayout@40667bb0: 2131558791 (13)
D/umd.troyd( 3978): com.walmart.android.storelocator.StoreMapView@4061f610: 2131558792 (14)
D/umd.troyd( 3978): android.widget.ListView@407a4148: 2131558521 (15)
D/umd.troyd( 3978): android.widget.LinearLayout@40704890: -1 (16)
D/umd.troyd( 3978): android.widget.RelativeLayout@407ee488: -1 (17)
D/umd.troyd( 3978): android.widget.RelativeLayout@4057ee50: -1 (18)
D/umd.troyd( 3978): android.widget.TextView: Walmart Store (19)
D/umd.troyd( 3978): android.widget.TextView: 1400 164Th St Sw (20)
D/umd.troyd( 3978): android.widget.TextView: Lynnwood, WA 98087 (21)
D/umd.troyd( 3978): android.widget.RelativeLayout@4061a5f8: -1 (22)
D/umd.troyd( 3978): android.widget.LinearLayout@4073c698: 2131558801 (23)
D/umd.troyd( 3978): android.widget.TextView: 34.99 (24)
D/umd.troyd( 3978): android.widget.TextView: miles (25)
D/umd.troyd( 3978): android.widget.TextView:  (26)
D/umd.troyd( 3978): android.widget.ImageView@407976d8: 2131558517 (27)
D/umd.troyd( 3978): android.widget.LinearLayout@407a4be0: -1 (28)
D/umd.troyd( 3978): android.widget.RelativeLayout@406209e0: -1 (29)
D/umd.troyd( 3978): android.widget.RelativeLayout@4062bc28: -1 (30)
D/umd.troyd( 3978): android.widget.TextView: Walmart Store (31)
D/umd.troyd( 3978): android.widget.TextView: 11400 Highway 99 (32)
D/umd.troyd( 3978): android.widget.TextView: Everett, WA 98204 (33)
D/umd.troyd( 3978): android.widget.RelativeLayout@40674d38: -1 (34)
D/umd.troyd( 3978): android.widget.LinearLayout@407adc38: 2131558801 (35)
D/umd.troyd( 3978): android.widget.TextView: 37.58 (36)
D/umd.troyd( 3978): android.widget.TextView: miles (37)
D/umd.troyd( 3978): android.widget.TextView:  (38)
D/umd.troyd( 3978): android.widget.ImageView@407b0218: 2131558517 (39)
D/umd.troyd( 3978): android.widget.LinearLayout@4055ef70: -1 (40)
D/umd.troyd( 3978): android.widget.RelativeLayout@405bd428: -1 (41)
D/umd.troyd( 3978): android.widget.RelativeLayout@405c0540: -1 (42)
D/umd.troyd( 3978): android.widget.TextView: Walmart Supercenter (43)
D/umd.troyd( 3978): android.widget.TextView: 1601 Nw Louisiana Ave (44)
D/umd.troyd( 3978): android.widget.TextView: Chehalis, WA 98532 (45)
D/umd.troyd( 3978): android.widget.RelativeLayout@406b1cb0: -1 (46)
D/umd.troyd( 3978): android.widget.LinearLayout@407303c0: 2131558801 (47)
D/umd.troyd( 3978): android.widget.TextView: 41.51 (48)
D/umd.troyd( 3978): android.widget.TextView: miles (49)
D/umd.troyd( 3978): android.widget.TextView:  (50)
D/umd.troyd( 3978): android.widget.ImageView@407a5a28: 2131558517 (51)
D/umd.troyd( 3978): android.widget.LinearLayout@40797850: -1 (52)
D/umd.troyd( 3978): android.widget.RelativeLayout@40797d48: -1 (53)
D/umd.troyd( 3978): android.widget.RelativeLayout@40798240: -1 (54)
D/umd.troyd( 3978): android.widget.TextView: Walmart Supercenter (55)
D/umd.troyd( 3978): android.widget.TextView: 8924 Quilceda Blvd (56)
D/umd.troyd( 3978): android.widget.TextView: Marysville, WA 98271 (57)
D/umd.troyd( 3978): android.widget.RelativeLayout@407aa028: -1 (58)
D/umd.troyd( 3978): android.widget.LinearLayout@405b74f8: 2131558801 (59)
D/umd.troyd( 3978): android.widget.TextView: 48.96 (60)
D/umd.troyd( 3978): android.widget.TextView: miles (61)
D/umd.troyd( 3978): android.widget.TextView:  (62)
D/umd.troyd( 3978): android.widget.ImageView@405f79c0: 2131558517 (63)
D/umd.troyd( 3978): android.widget.LinearLayout@406206c0: -1 (64)
D/umd.troyd( 3978): android.widget.RelativeLayout@406a9220: -1 (65)
D/umd.troyd( 3978): android.widget.RelativeLayout@40794330: -1 (66)
D/umd.troyd( 3978): android.widget.TextView: Walmart Supercenter (67)
D/umd.troyd( 3978): android.widget.TextView: 4010 172Nd St Ne (68)
D/umd.troyd( 3978): android.widget.TextView: Arlington, WA 98223 (69)
D/umd.troyd( 3978): android.widget.RelativeLayout@40797b68: -1 (70)
D/umd.troyd( 3978): android.widget.LinearLayout@40557790: 2131558801 (71)
D/umd.troyd( 3978): android.widget.TextView: 53.30 (72)
D/umd.troyd( 3978): android.widget.TextView: miles (73)
D/umd.troyd( 3978): android.widget.TextView:  (74)
D/umd.troyd( 3978): android.widget.ImageView@406b9270: 2131558517 (75)
D/umd.troyd( 3978): android.widget.LinearLayout@407a1538: -1 (76)
D/umd.troyd( 3978): android.widget.RelativeLayout@40674a20: -1 (77)
D/umd.troyd( 3978): android.widget.RelativeLayout@4071b2c8: -1 (78)
D/umd.troyd( 3978): android.widget.TextView: Walmart Supercenter (79)
D/umd.troyd( 3978): android.widget.TextView: 1110 W Washington St (80)
D/umd.troyd( 3978): android.widget.TextView: Sequim, WA 98382 (81)
D/umd.troyd( 3978): android.widget.RelativeLayout@4072ca10: -1 (82)
D/umd.troyd( 3978): android.widget.LinearLayout@407a3c98: 2131558801 (83)
D/umd.troyd( 3978): android.widget.TextView: 53.64 (84)
D/umd.troyd( 3978): android.widget.TextView: miles (85)
D/umd.troyd( 3978): android.widget.TextView:  (86)
D/umd.troyd( 3978): android.widget.ImageView@4079d238: 2131558517 (87)
D/umd.troyd( 3978): android.widget.RelativeLayout@40732160: 2131558541 (88)
D/umd.troyd( 3978): android.widget.GridView@40732cd8: 2131558824 (89)
D/umd.troyd( 3978): android.widget.LinearLayout@40733e58: 2131558538 (90)
D/umd.troyd( 3978): android.widget.RelativeLayout@40734850: 2131558818 (91)
D/umd.troyd( 3978): android.widget.ImageButton@407351a0: 2131558819 (92)
D/umd.troyd( 3978): android.widget.RelativeLayout@407356b8: -1 (93)
D/umd.troyd( 3978): android.widget.ImageView@40735aa8: 2131558820 (94)
D/umd.troyd( 3978): android.widget.TextView: Stores (95)
D/umd.troyd( 3978): android.widget.RelativeLayout@407369b0: -1 (96)
D/umd.troyd( 3978): android.widget.Button:  (97)
D/umd.troyd( 3978): android.widget.ImageView@40737520: 2131558823 (98)
D/umd.troyd( 3978): android.widget.LinearLayout@407377b0: 2131558542 (99)
