emulator-5562
D/umd.troyd( 4741): got command getViews
D/umd.troyd( 4741): android.widget.FrameLayout@406b0e68: 16908290 (0)
D/umd.troyd( 4741): android.widget.RelativeLayout@406b18a8: 2131558603 (1)
D/umd.troyd( 4741): android.widget.LinearLayout@406b1ce0: -1 (2)
D/umd.troyd( 4741): com.walmart.android.ui.ViewStackLayout@406b2230: 2131558797 (3)
D/umd.troyd( 4741): android.widget.RelativeLayout@4071c4a0: -1 (4)
D/umd.troyd( 4741): android.widget.RelativeLayout@4071ca08: 2131558790 (5)
D/umd.troyd( 4741): android.widget.LinearLayout@4071d588: 2131558790 (6)
D/umd.troyd( 4741): android.widget.RelativeLayout@4071dd68: -1 (7)
D/umd.troyd( 4741): android.widget.Button:  (8)
D/umd.troyd( 4741): android.widget.TextView: Search a location (9)
D/umd.troyd( 4741): android.widget.Button:  (10)
D/umd.troyd( 4741): android.widget.Button:  (11)
D/umd.troyd( 4741): android.widget.Button:  (12)
D/umd.troyd( 4741): android.widget.RelativeLayout@40722620: 2131558791 (13)
D/umd.troyd( 4741): com.walmart.android.storelocator.StoreMapView@407238b8: 2131558792 (14)
D/umd.troyd( 4741): android.widget.ListView@40737cb0: 2131558521 (15)
D/umd.troyd( 4741): android.widget.LinearLayout@406bd5b0: -1 (16)
D/umd.troyd( 4741): android.widget.RelativeLayout@406be808: -1 (17)
D/umd.troyd( 4741): android.widget.RelativeLayout@406c0570: -1 (18)
D/umd.troyd( 4741): android.widget.TextView: Neighborhood Market (19)
D/umd.troyd( 4741): android.widget.TextView: 15063 Main St (20)
D/umd.troyd( 4741): android.widget.TextView: Bellevue, WA 98007 (21)
D/umd.troyd( 4741): android.widget.RelativeLayout@406c0830: -1 (22)
D/umd.troyd( 4741): android.widget.LinearLayout@406c0af0: 2131558801 (23)
D/umd.troyd( 4741): android.widget.TextView: 5.29 (24)
D/umd.troyd( 4741): android.widget.TextView: miles (25)
D/umd.troyd( 4741): android.widget.TextView:  (26)
D/umd.troyd( 4741): android.widget.ImageView@406c1378: 2131558517 (27)
D/umd.troyd( 4741): android.widget.LinearLayout@406c1638: -1 (28)
D/umd.troyd( 4741): android.widget.RelativeLayout@4071b6b8: -1 (29)
D/umd.troyd( 4741): android.widget.RelativeLayout@4073cc88: -1 (30)
D/umd.troyd( 4741): android.widget.TextView: Walmart Store (31)
D/umd.troyd( 4741): android.widget.TextView: 12620 Se 41St Pl (32)
D/umd.troyd( 4741): android.widget.TextView: Bellevue S, WA 98006 (33)
D/umd.troyd( 4741): android.widget.RelativeLayout@4050ecd8: -1 (34)
D/umd.troyd( 4741): android.widget.LinearLayout@4050f1f8: 2131558801 (35)
D/umd.troyd( 4741): android.widget.TextView: 7.85 (36)
D/umd.troyd( 4741): android.widget.TextView: miles (37)
D/umd.troyd( 4741): android.widget.TextView:  (38)
D/umd.troyd( 4741): android.widget.ImageView@4050f6f0: 2131558517 (39)
D/umd.troyd( 4741): android.widget.LinearLayout@40512788: -1 (40)
D/umd.troyd( 4741): android.widget.RelativeLayout@40512b60: -1 (41)
D/umd.troyd( 4741): android.widget.RelativeLayout@40553758: -1 (42)
D/umd.troyd( 4741): android.widget.TextView: Walmart Store (43)
D/umd.troyd( 4741): android.widget.TextView: 1400 164Th St Sw (44)
D/umd.troyd( 4741): android.widget.TextView: Lynnwood, WA 98087 (45)
D/umd.troyd( 4741): android.widget.RelativeLayout@405c8630: -1 (46)
D/umd.troyd( 4741): android.widget.LinearLayout@405de108: 2131558801 (47)
D/umd.troyd( 4741): android.widget.TextView: 11.25 (48)
D/umd.troyd( 4741): android.widget.TextView: miles (49)
D/umd.troyd( 4741): android.widget.TextView:  (50)
D/umd.troyd( 4741): android.widget.ImageView@4073cf60: 2131558517 (51)
D/umd.troyd( 4741): android.widget.LinearLayout@405eb950: -1 (52)
D/umd.troyd( 4741): android.widget.RelativeLayout@406939f8: -1 (53)
D/umd.troyd( 4741): android.widget.RelativeLayout@407467c0: -1 (54)
D/umd.troyd( 4741): android.widget.TextView: Neighborhood Market (55)
D/umd.troyd( 4741): android.widget.TextView: 17222 Highway 99 (56)
D/umd.troyd( 4741): android.widget.TextView: Lynnwood, WA 98037 (57)
D/umd.troyd( 4741): android.widget.RelativeLayout@407dd9d0: -1 (58)
D/umd.troyd( 4741): android.widget.LinearLayout@405533c0: 2131558801 (59)
D/umd.troyd( 4741): android.widget.TextView: 12.12 (60)
D/umd.troyd( 4741): android.widget.TextView: miles (61)
D/umd.troyd( 4741): android.widget.TextView:  (62)
D/umd.troyd( 4741): android.widget.ImageView@405bd968: 2131558517 (63)
D/umd.troyd( 4741): android.widget.LinearLayout@405e6348: -1 (64)
D/umd.troyd( 4741): android.widget.RelativeLayout@40626520: -1 (65)
D/umd.troyd( 4741): android.widget.RelativeLayout@40739300: -1 (66)
D/umd.troyd( 4741): android.widget.TextView: Walmart Store (67)
D/umd.troyd( 4741): android.widget.TextView: 11400 Highway 99 (68)
D/umd.troyd( 4741): android.widget.TextView: Everett, WA 98204 (69)
D/umd.troyd( 4741): android.widget.RelativeLayout@405558f0: -1 (70)
D/umd.troyd( 4741): android.widget.LinearLayout@4061ef90: 2131558801 (71)
D/umd.troyd( 4741): android.widget.TextView: 13.70 (72)
D/umd.troyd( 4741): android.widget.TextView: miles (73)
D/umd.troyd( 4741): android.widget.TextView:  (74)
D/umd.troyd( 4741): android.widget.ImageView@40736738: 2131558517 (75)
D/umd.troyd( 4741): android.widget.LinearLayout@4071b978: -1 (76)
D/umd.troyd( 4741): android.widget.RelativeLayout@40747228: -1 (77)
D/umd.troyd( 4741): android.widget.RelativeLayout@4074f7a0: -1 (78)
D/umd.troyd( 4741): android.widget.TextView: Walmart Store (79)
D/umd.troyd( 4741): android.widget.TextView: 743 Rainier Ave S (80)
D/umd.troyd( 4741): android.widget.TextView: Renton, WA 98057 (81)
D/umd.troyd( 4741): android.widget.RelativeLayout@406aa958: -1 (82)
D/umd.troyd( 4741): android.widget.LinearLayout@406af400: 2131558801 (83)
D/umd.troyd( 4741): android.widget.TextView: 14.13 (84)
D/umd.troyd( 4741): android.widget.TextView: miles (85)
D/umd.troyd( 4741): android.widget.TextView:  (86)
D/umd.troyd( 4741): android.widget.ImageView@4073de58: 2131558517 (87)
D/umd.troyd( 4741): android.widget.RelativeLayout@406b4360: 2131558541 (88)
D/umd.troyd( 4741): android.widget.GridView@406b4ed8: 2131558824 (89)
D/umd.troyd( 4741): android.widget.LinearLayout@406b6058: 2131558538 (90)
D/umd.troyd( 4741): android.widget.RelativeLayout@406b6a50: 2131558818 (91)
D/umd.troyd( 4741): android.widget.ImageButton@406b73a0: 2131558819 (92)
D/umd.troyd( 4741): android.widget.RelativeLayout@406b78b8: -1 (93)
D/umd.troyd( 4741): android.widget.ImageView@406b7ca8: 2131558820 (94)
D/umd.troyd( 4741): android.widget.TextView: Stores (95)
D/umd.troyd( 4741): android.widget.RelativeLayout@406b8bb0: -1 (96)
D/umd.troyd( 4741): android.widget.Button:  (97)
D/umd.troyd( 4741): android.widget.ImageView@406b9720: 2131558823 (98)
D/umd.troyd( 4741): android.widget.LinearLayout@406b99b0: 2131558542 (99)
D/umd.troyd( 4741): got command getViews
D/umd.troyd( 4741): android.widget.FrameLayout@406b0e68: 16908290 (0)
D/umd.troyd( 4741): android.widget.RelativeLayout@406b18a8: 2131558603 (1)
D/umd.troyd( 4741): android.widget.LinearLayout@406b1ce0: -1 (2)
D/umd.troyd( 4741): com.walmart.android.ui.ViewStackLayout@406b2230: 2131558797 (3)
D/umd.troyd( 4741): android.widget.RelativeLayout@4071c4a0: -1 (4)
D/umd.troyd( 4741): android.widget.RelativeLayout@4071ca08: 2131558790 (5)
D/umd.troyd( 4741): android.widget.LinearLayout@4071d588: 2131558790 (6)
D/umd.troyd( 4741): android.widget.RelativeLayout@4071dd68: -1 (7)
D/umd.troyd( 4741): android.widget.Button:  (8)
D/umd.troyd( 4741): android.widget.TextView: Search a location (9)
D/umd.troyd( 4741): android.widget.Button:  (10)
D/umd.troyd( 4741): android.widget.Button:  (11)
D/umd.troyd( 4741): android.widget.Button:  (12)
D/umd.troyd( 4741): android.widget.RelativeLayout@40722620: 2131558791 (13)
D/umd.troyd( 4741): com.walmart.android.storelocator.StoreMapView@407238b8: 2131558792 (14)
D/umd.troyd( 4741): android.widget.ListView@40737cb0: 2131558521 (15)
D/umd.troyd( 4741): android.widget.LinearLayout@4071b978: -1 (16)
D/umd.troyd( 4741): android.widget.RelativeLayout@40747228: -1 (17)
D/umd.troyd( 4741): android.widget.RelativeLayout@4074f7a0: -1 (18)
D/umd.troyd( 4741): android.widget.TextView: Walmart Store (19)
D/umd.troyd( 4741): android.widget.TextView: 743 Rainier Ave S (20)
D/umd.troyd( 4741): android.widget.TextView: Renton, WA 98057 (21)
D/umd.troyd( 4741): android.widget.RelativeLayout@406aa958: -1 (22)
D/umd.troyd( 4741): android.widget.LinearLayout@406af400: 2131558801 (23)
D/umd.troyd( 4741): android.widget.TextView: 14.13 (24)
D/umd.troyd( 4741): android.widget.TextView: miles (25)
D/umd.troyd( 4741): android.widget.TextView:  (26)
D/umd.troyd( 4741): android.widget.ImageView@4073de58: 2131558517 (27)
D/umd.troyd( 4741): android.widget.LinearLayout@40613c08: -1 (28)
D/umd.troyd( 4741): android.widget.RelativeLayout@40613df8: -1 (29)
D/umd.troyd( 4741): android.widget.RelativeLayout@40632de8: -1 (30)
D/umd.troyd( 4741): android.widget.TextView: Walmart Store (31)
D/umd.troyd( 4741): android.widget.TextView: 17432 Se 270Th Pl (32)
D/umd.troyd( 4741): android.widget.TextView: Covington, WA 98042 (33)
D/umd.troyd( 4741): android.widget.RelativeLayout@40634020: -1 (34)
D/umd.troyd( 4741): android.widget.LinearLayout@4069ed20: 2131558801 (35)
D/umd.troyd( 4741): android.widget.TextView: 19.88 (36)
D/umd.troyd( 4741): android.widget.TextView: miles (37)
D/umd.troyd( 4741): android.widget.TextView:  (38)
D/umd.troyd( 4741): android.widget.ImageView@4069fdd8: 2131558517 (39)
D/umd.troyd( 4741): android.widget.LinearLayout@4075ff98: -1 (40)
D/umd.troyd( 4741): android.widget.RelativeLayout@40760188: -1 (41)
D/umd.troyd( 4741): android.widget.RelativeLayout@40760530: -1 (42)
D/umd.troyd( 4741): android.widget.TextView: Walmart Store (43)
D/umd.troyd( 4741): android.widget.TextView: 6797 State Highway 303 Ne (44)
D/umd.troyd( 4741): android.widget.TextView: Bremerton, WA 98311 (45)
D/umd.troyd( 4741): android.widget.RelativeLayout@40627268: -1 (46)
D/umd.troyd( 4741): android.widget.LinearLayout@40627678: 2131558801 (47)
D/umd.troyd( 4741): android.widget.TextView: 22.00 (48)
D/umd.troyd( 4741): android.widget.TextView: miles (49)
D/umd.troyd( 4741): android.widget.TextView:  (50)
D/umd.troyd( 4741): android.widget.ImageView@40713810: 2131558517 (51)
D/umd.troyd( 4741): android.widget.LinearLayout@40716f88: -1 (52)
D/umd.troyd( 4741): android.widget.RelativeLayout@40717178: -1 (53)
D/umd.troyd( 4741): android.widget.RelativeLayout@40717520: -1 (54)
D/umd.troyd( 4741): android.widget.TextView: Walmart Supercenter (55)
D/umd.troyd( 4741): android.widget.TextView: 21200 Olhava Way Nw (56)
D/umd.troyd( 4741): android.widget.TextView: Poulsbo, WA 98370 (57)
D/umd.troyd( 4741): android.widget.RelativeLayout@406a7bd8: -1 (58)
D/umd.troyd( 4741): android.widget.LinearLayout@406a7fe8: 2131558801 (59)
D/umd.troyd( 4741): android.widget.TextView: 23.12 (60)
D/umd.troyd( 4741): android.widget.TextView: miles (61)
D/umd.troyd( 4741): android.widget.TextView:  (62)
D/umd.troyd( 4741): android.widget.ImageView@40697af0: 2131558517 (63)
D/umd.troyd( 4741): android.widget.LinearLayout@406f4b28: -1 (64)
D/umd.troyd( 4741): android.widget.RelativeLayout@406f4d18: -1 (65)
D/umd.troyd( 4741): android.widget.RelativeLayout@4062b4e0: -1 (66)
D/umd.troyd( 4741): android.widget.TextView: Walmart Supercenter (67)
D/umd.troyd( 4741): android.widget.TextView: 8924 Quilceda Blvd (68)
D/umd.troyd( 4741): android.widget.TextView: Marysville, WA 98271 (69)
D/umd.troyd( 4741): android.widget.RelativeLayout@4062c710: -1 (70)
D/umd.troyd( 4741): android.widget.LinearLayout@405cbf98: 2131558801 (71)
D/umd.troyd( 4741): android.widget.TextView: 23.47 (72)
D/umd.troyd( 4741): android.widget.TextView: miles (73)
D/umd.troyd( 4741): android.widget.TextView:  (74)
D/umd.troyd( 4741): android.widget.ImageView@405ccfd0: 2131558517 (75)
D/umd.troyd( 4741): android.widget.LinearLayout@40637f98: -1 (76)
D/umd.troyd( 4741): android.widget.RelativeLayout@40638188: -1 (77)
D/umd.troyd( 4741): android.widget.RelativeLayout@405b5fe8: -1 (78)
D/umd.troyd( 4741): android.widget.TextView: Walmart Store (79)
D/umd.troyd( 4741): android.widget.TextView: 1900 S 314Th St (80)
D/umd.troyd( 4741): android.widget.TextView: Federal Way, WA 98003 (81)
D/umd.troyd( 4741): android.widget.RelativeLayout@405b72f8: -1 (82)
D/umd.troyd( 4741): android.widget.LinearLayout@4075cdf0: 2131558801 (83)
D/umd.troyd( 4741): android.widget.TextView: 23.84 (84)
D/umd.troyd( 4741): android.widget.TextView: miles (85)
D/umd.troyd( 4741): android.widget.TextView:  (86)
D/umd.troyd( 4741): android.widget.ImageView@4075dea8: 2131558517 (87)
D/umd.troyd( 4741): android.widget.RelativeLayout@406b4360: 2131558541 (88)
D/umd.troyd( 4741): android.widget.GridView@406b4ed8: 2131558824 (89)
D/umd.troyd( 4741): android.widget.LinearLayout@406b6058: 2131558538 (90)
D/umd.troyd( 4741): android.widget.RelativeLayout@406b6a50: 2131558818 (91)
D/umd.troyd( 4741): android.widget.ImageButton@406b73a0: 2131558819 (92)
D/umd.troyd( 4741): android.widget.RelativeLayout@406b78b8: -1 (93)
D/umd.troyd( 4741): android.widget.ImageView@406b7ca8: 2131558820 (94)
D/umd.troyd( 4741): android.widget.TextView: Stores (95)
D/umd.troyd( 4741): android.widget.RelativeLayout@406b8bb0: -1 (96)
D/umd.troyd( 4741): android.widget.Button:  (97)
D/umd.troyd( 4741): android.widget.ImageView@406b9720: 2131558823 (98)
D/umd.troyd( 4741): android.widget.LinearLayout@406b99b0: 2131558542 (99)
D/umd.troyd( 4741): got command getViews
D/umd.troyd( 4741): android.widget.FrameLayout@406b0e68: 16908290 (0)
D/umd.troyd( 4741): android.widget.RelativeLayout@406b18a8: 2131558603 (1)
D/umd.troyd( 4741): android.widget.LinearLayout@406b1ce0: -1 (2)
D/umd.troyd( 4741): com.walmart.android.ui.ViewStackLayout@406b2230: 2131558797 (3)
D/umd.troyd( 4741): android.widget.RelativeLayout@4071c4a0: -1 (4)
D/umd.troyd( 4741): android.widget.RelativeLayout@4071ca08: 2131558790 (5)
D/umd.troyd( 4741): android.widget.LinearLayout@4071d588: 2131558790 (6)
D/umd.troyd( 4741): android.widget.RelativeLayout@4071dd68: -1 (7)
D/umd.troyd( 4741): android.widget.Button:  (8)
D/umd.troyd( 4741): android.widget.TextView: Search a location (9)
D/umd.troyd( 4741): android.widget.Button:  (10)
D/umd.troyd( 4741): android.widget.Button:  (11)
D/umd.troyd( 4741): android.widget.Button:  (12)
D/umd.troyd( 4741): android.widget.RelativeLayout@40722620: 2131558791 (13)
D/umd.troyd( 4741): com.walmart.android.storelocator.StoreMapView@407238b8: 2131558792 (14)
D/umd.troyd( 4741): android.widget.ListView@40737cb0: 2131558521 (15)
D/umd.troyd( 4741): android.widget.LinearLayout@40637f98: -1 (16)
D/umd.troyd( 4741): android.widget.RelativeLayout@40638188: -1 (17)
D/umd.troyd( 4741): android.widget.RelativeLayout@405b5fe8: -1 (18)
D/umd.troyd( 4741): android.widget.TextView: Walmart Store (19)
D/umd.troyd( 4741): android.widget.TextView: 1900 S 314Th St (20)
D/umd.troyd( 4741): android.widget.TextView: Federal Way, WA 98003 (21)
D/umd.troyd( 4741): android.widget.RelativeLayout@405b72f8: -1 (22)
D/umd.troyd( 4741): android.widget.LinearLayout@4075cdf0: 2131558801 (23)
D/umd.troyd( 4741): android.widget.TextView: 23.84 (24)
D/umd.troyd( 4741): android.widget.TextView: miles (25)
D/umd.troyd( 4741): android.widget.TextView:  (26)
D/umd.troyd( 4741): android.widget.ImageView@4075dea8: 2131558517 (27)
D/umd.troyd( 4741): android.widget.LinearLayout@406bd5b0: -1 (28)
D/umd.troyd( 4741): android.widget.RelativeLayout@406be808: -1 (29)
D/umd.troyd( 4741): android.widget.RelativeLayout@406c0570: -1 (30)
D/umd.troyd( 4741): android.widget.TextView: Walmart Store (31)
D/umd.troyd( 4741): android.widget.TextView: 3497 Bethel Rd Se (32)
D/umd.troyd( 4741): android.widget.TextView: Port Orchard, WA 98366 (33)
D/umd.troyd( 4741): android.widget.RelativeLayout@406c0830: -1 (34)
D/umd.troyd( 4741): android.widget.LinearLayout@406c0af0: 2131558801 (35)
D/umd.troyd( 4741): android.widget.TextView: 23.88 (36)
D/umd.troyd( 4741): android.widget.TextView: miles (37)
D/umd.troyd( 4741): android.widget.TextView:  (38)
D/umd.troyd( 4741): android.widget.ImageView@406c1378: 2131558517 (39)
D/umd.troyd( 4741): android.widget.LinearLayout@406c1638: -1 (40)
D/umd.troyd( 4741): android.widget.RelativeLayout@4071b6b8: -1 (41)
D/umd.troyd( 4741): android.widget.RelativeLayout@4073cc88: -1 (42)
D/umd.troyd( 4741): android.widget.TextView: Walmart Supercenter (43)
D/umd.troyd( 4741): android.widget.TextView: 762 Supermall Way Sw (44)
D/umd.troyd( 4741): android.widget.TextView: Auburn, WA 98001 (45)
D/umd.troyd( 4741): android.widget.RelativeLayout@4050ecd8: -1 (46)
D/umd.troyd( 4741): android.widget.LinearLayout@4050f1f8: 2131558801 (47)
D/umd.troyd( 4741): android.widget.TextView: 24.16 (48)
D/umd.troyd( 4741): android.widget.TextView: miles (49)
D/umd.troyd( 4741): android.widget.TextView:  (50)
D/umd.troyd( 4741): android.widget.ImageView@4050f6f0: 2131558517 (51)
D/umd.troyd( 4741): android.widget.LinearLayout@40512788: -1 (52)
D/umd.troyd( 4741): android.widget.RelativeLayout@40512b60: -1 (53)
D/umd.troyd( 4741): android.widget.RelativeLayout@40553758: -1 (54)
D/umd.troyd( 4741): android.widget.TextView: Walmart Supercenter (55)
D/umd.troyd( 4741): android.widget.TextView: 34520 16Th Ave S (56)
D/umd.troyd( 4741): android.widget.TextView: Federal Way, WA 98003 (57)
D/umd.troyd( 4741): android.widget.RelativeLayout@405c8630: -1 (58)
D/umd.troyd( 4741): android.widget.LinearLayout@405de108: 2131558801 (59)
D/umd.troyd( 4741): android.widget.TextView: 25.49 (60)
D/umd.troyd( 4741): android.widget.TextView: miles (61)
D/umd.troyd( 4741): android.widget.TextView:  (62)
D/umd.troyd( 4741): android.widget.ImageView@4073cf60: 2131558517 (63)
D/umd.troyd( 4741): android.widget.LinearLayout@405eb950: -1 (64)
D/umd.troyd( 4741): android.widget.RelativeLayout@406939f8: -1 (65)
D/umd.troyd( 4741): android.widget.RelativeLayout@407467c0: -1 (66)
D/umd.troyd( 4741): android.widget.TextView: Walmart Supercenter (67)
D/umd.troyd( 4741): android.widget.TextView: 4010 172Nd St Ne (68)
D/umd.troyd( 4741): android.widget.TextView: Arlington, WA 98223 (69)
D/umd.troyd( 4741): android.widget.RelativeLayout@407dd9d0: -1 (70)
D/umd.troyd( 4741): android.widget.LinearLayout@405533c0: 2131558801 (71)
D/umd.troyd( 4741): android.widget.TextView: 27.71 (72)
D/umd.troyd( 4741): android.widget.TextView: miles (73)
D/umd.troyd( 4741): android.widget.TextView:  (74)
D/umd.troyd( 4741): android.widget.ImageView@405bd968: 2131558517 (75)
D/umd.troyd( 4741): android.widget.LinearLayout@405e6348: -1 (76)
D/umd.troyd( 4741): android.widget.RelativeLayout@40626520: -1 (77)
D/umd.troyd( 4741): android.widget.RelativeLayout@40739300: -1 (78)
D/umd.troyd( 4741): android.widget.TextView: Walmart Supercenter (79)
D/umd.troyd( 4741): android.widget.TextView: 19205 State Route 410 E (80)
D/umd.troyd( 4741): android.widget.TextView: Bonney Lake, WA 98391 (81)
D/umd.troyd( 4741): android.widget.RelativeLayout@405558f0: -1 (82)
D/umd.troyd( 4741): android.widget.LinearLayout@4061ef90: 2131558801 (83)
D/umd.troyd( 4741): android.widget.TextView: 31.63 (84)
D/umd.troyd( 4741): android.widget.TextView: miles (85)
D/umd.troyd( 4741): android.widget.TextView:  (86)
D/umd.troyd( 4741): android.widget.ImageView@40736738: 2131558517 (87)
D/umd.troyd( 4741): android.widget.RelativeLayout@406b4360: 2131558541 (88)
D/umd.troyd( 4741): android.widget.GridView@406b4ed8: 2131558824 (89)
D/umd.troyd( 4741): android.widget.LinearLayout@406b6058: 2131558538 (90)
D/umd.troyd( 4741): android.widget.RelativeLayout@406b6a50: 2131558818 (91)
D/umd.troyd( 4741): android.widget.ImageButton@406b73a0: 2131558819 (92)
D/umd.troyd( 4741): android.widget.RelativeLayout@406b78b8: -1 (93)
D/umd.troyd( 4741): android.widget.ImageView@406b7ca8: 2131558820 (94)
D/umd.troyd( 4741): android.widget.TextView: Stores (95)
D/umd.troyd( 4741): android.widget.RelativeLayout@406b8bb0: -1 (96)
D/umd.troyd( 4741): android.widget.Button:  (97)
D/umd.troyd( 4741): android.widget.ImageView@406b9720: 2131558823 (98)
D/umd.troyd( 4741): android.widget.LinearLayout@406b99b0: 2131558542 (99)
D/umd.troyd( 4741): got command getViews
D/umd.troyd( 4741): android.widget.FrameLayout@406b0e68: 16908290 (0)
D/umd.troyd( 4741): android.widget.RelativeLayout@406b18a8: 2131558603 (1)
D/umd.troyd( 4741): android.widget.LinearLayout@406b1ce0: -1 (2)
D/umd.troyd( 4741): com.walmart.android.ui.ViewStackLayout@406b2230: 2131558797 (3)
D/umd.troyd( 4741): android.widget.RelativeLayout@4071c4a0: -1 (4)
D/umd.troyd( 4741): android.widget.RelativeLayout@4071ca08: 2131558790 (5)
D/umd.troyd( 4741): android.widget.LinearLayout@4071d588: 2131558790 (6)
D/umd.troyd( 4741): android.widget.RelativeLayout@4071dd68: -1 (7)
D/umd.troyd( 4741): android.widget.Button:  (8)
D/umd.troyd( 4741): android.widget.TextView: Search a location (9)
D/umd.troyd( 4741): android.widget.Button:  (10)
D/umd.troyd( 4741): android.widget.Button:  (11)
D/umd.troyd( 4741): android.widget.Button:  (12)
D/umd.troyd( 4741): android.widget.RelativeLayout@40722620: 2131558791 (13)
D/umd.troyd( 4741): com.walmart.android.storelocator.StoreMapView@407238b8: 2131558792 (14)
D/umd.troyd( 4741): android.widget.ListView@40737cb0: 2131558521 (15)
D/umd.troyd( 4741): android.widget.LinearLayout@405e6348: -1 (16)
D/umd.troyd( 4741): android.widget.RelativeLayout@40626520: -1 (17)
D/umd.troyd( 4741): android.widget.RelativeLayout@40739300: -1 (18)
D/umd.troyd( 4741): android.widget.TextView: Walmart Supercenter (19)
D/umd.troyd( 4741): android.widget.TextView: 19205 State Route 410 E (20)
D/umd.troyd( 4741): android.widget.TextView: Bonney Lake, WA 98391 (21)
D/umd.troyd( 4741): android.widget.RelativeLayout@405558f0: -1 (22)
D/umd.troyd( 4741): android.widget.LinearLayout@4061ef90: 2131558801 (23)
D/umd.troyd( 4741): android.widget.TextView: 31.63 (24)
D/umd.troyd( 4741): android.widget.TextView: miles (25)
D/umd.troyd( 4741): android.widget.TextView:  (26)
D/umd.troyd( 4741): android.widget.ImageView@40736738: 2131558517 (27)
D/umd.troyd( 4741): android.widget.LinearLayout@4071b978: -1 (28)
D/umd.troyd( 4741): android.widget.RelativeLayout@40747228: -1 (29)
D/umd.troyd( 4741): android.widget.RelativeLayout@4074f7a0: -1 (30)
D/umd.troyd( 4741): android.widget.TextView: Walmart Supercenter (31)
D/umd.troyd( 4741): android.widget.TextView: 310 31St Ave Se (32)
D/umd.troyd( 4741): android.widget.TextView: Puyallup, WA 98374 (33)
D/umd.troyd( 4741): android.widget.RelativeLayout@406aa958: -1 (34)
D/umd.troyd( 4741): android.widget.LinearLayout@406af400: 2131558801 (35)
D/umd.troyd( 4741): android.widget.TextView: 33.14 (36)
D/umd.troyd( 4741): android.widget.TextView: miles (37)
D/umd.troyd( 4741): android.widget.TextView:  (38)
D/umd.troyd( 4741): android.widget.ImageView@4073de58: 2131558517 (39)
D/umd.troyd( 4741): android.widget.LinearLayout@40613c08: -1 (40)
D/umd.troyd( 4741): android.widget.RelativeLayout@40613df8: -1 (41)
D/umd.troyd( 4741): android.widget.RelativeLayout@40632de8: -1 (42)
D/umd.troyd( 4741): android.widget.TextView: Walmart Supercenter (43)
D/umd.troyd( 4741): android.widget.TextView: 7001 Bridgeport Way W (44)
D/umd.troyd( 4741): android.widget.TextView: Lakewood, WA 98499 (45)
D/umd.troyd( 4741): android.widget.RelativeLayout@40634020: -1 (46)
D/umd.troyd( 4741): android.widget.LinearLayout@4069ed20: 2131558801 (47)
D/umd.troyd( 4741): android.widget.TextView: 34.31 (48)
D/umd.troyd( 4741): android.widget.TextView: miles (49)
D/umd.troyd( 4741): android.widget.TextView:  (50)
D/umd.troyd( 4741): android.widget.ImageView@4069fdd8: 2131558517 (51)
D/umd.troyd( 4741): android.widget.LinearLayout@4075ff98: -1 (52)
D/umd.troyd( 4741): android.widget.RelativeLayout@40760188: -1 (53)
D/umd.troyd( 4741): android.widget.RelativeLayout@40760530: -1 (54)
D/umd.troyd( 4741): android.widget.TextView: Walmart Supercenter (55)
D/umd.troyd( 4741): android.widget.TextView: 16502 Meridian E (56)
D/umd.troyd( 4741): android.widget.TextView: Puyallup, WA 98375 (57)
D/umd.troyd( 4741): android.widget.RelativeLayout@40627268: -1 (58)
D/umd.troyd( 4741): android.widget.LinearLayout@40627678: 2131558801 (59)
D/umd.troyd( 4741): android.widget.TextView: 36.14 (60)
D/umd.troyd( 4741): android.widget.TextView: miles (61)
D/umd.troyd( 4741): android.widget.TextView:  (62)
D/umd.troyd( 4741): android.widget.ImageView@40713810: 2131558517 (63)
D/umd.troyd( 4741): android.widget.LinearLayout@40716f88: -1 (64)
D/umd.troyd( 4741): android.widget.RelativeLayout@40717178: -1 (65)
D/umd.troyd( 4741): android.widget.RelativeLayout@40717520: -1 (66)
D/umd.troyd( 4741): android.widget.TextView: Walmart Supercenter (67)
D/umd.troyd( 4741): android.widget.TextView: 20307 Mountain Hwy E (68)
D/umd.troyd( 4741): android.widget.TextView: Spanaway, WA 98387 (69)
D/umd.troyd( 4741): android.widget.RelativeLayout@406a7bd8: -1 (70)
D/umd.troyd( 4741): android.widget.LinearLayout@406a7fe8: 2131558801 (71)
D/umd.troyd( 4741): android.widget.TextView: 39.36 (72)
D/umd.troyd( 4741): android.widget.TextView: miles (73)
D/umd.troyd( 4741): android.widget.TextView:  (74)
D/umd.troyd( 4741): android.widget.ImageView@40697af0: 2131558517 (75)
D/umd.troyd( 4741): android.widget.LinearLayout@406f4b28: -1 (76)
D/umd.troyd( 4741): android.widget.RelativeLayout@406f4d18: -1 (77)
D/umd.troyd( 4741): android.widget.RelativeLayout@4062b4e0: -1 (78)
D/umd.troyd( 4741): android.widget.TextView: Walmart Store (79)
D/umd.troyd( 4741): android.widget.TextView: 1250 Sw Erie St (80)
D/umd.troyd( 4741): android.widget.TextView: Oak Harbor, WA 98277 (81)
D/umd.troyd( 4741): android.widget.RelativeLayout@4062c710: -1 (82)
D/umd.troyd( 4741): android.widget.LinearLayout@405cbf98: 2131558801 (83)
D/umd.troyd( 4741): android.widget.TextView: 42.35 (84)
D/umd.troyd( 4741): android.widget.TextView: miles (85)
D/umd.troyd( 4741): android.widget.TextView:  (86)
D/umd.troyd( 4741): android.widget.ImageView@405ccfd0: 2131558517 (87)
D/umd.troyd( 4741): android.widget.RelativeLayout@406b4360: 2131558541 (88)
D/umd.troyd( 4741): android.widget.GridView@406b4ed8: 2131558824 (89)
D/umd.troyd( 4741): android.widget.LinearLayout@406b6058: 2131558538 (90)
D/umd.troyd( 4741): android.widget.RelativeLayout@406b6a50: 2131558818 (91)
D/umd.troyd( 4741): android.widget.ImageButton@406b73a0: 2131558819 (92)
D/umd.troyd( 4741): android.widget.RelativeLayout@406b78b8: -1 (93)
D/umd.troyd( 4741): android.widget.ImageView@406b7ca8: 2131558820 (94)
D/umd.troyd( 4741): android.widget.TextView: Stores (95)
D/umd.troyd( 4741): android.widget.RelativeLayout@406b8bb0: -1 (96)
D/umd.troyd( 4741): android.widget.Button:  (97)
D/umd.troyd( 4741): android.widget.ImageView@406b9720: 2131558823 (98)
D/umd.troyd( 4741): android.widget.LinearLayout@406b99b0: 2131558542 (99)
D/umd.troyd( 4741): got command getViews
D/umd.troyd( 4741): android.widget.FrameLayout@406b0e68: 16908290 (0)
D/umd.troyd( 4741): android.widget.RelativeLayout@406b18a8: 2131558603 (1)
D/umd.troyd( 4741): android.widget.LinearLayout@406b1ce0: -1 (2)
D/umd.troyd( 4741): com.walmart.android.ui.ViewStackLayout@406b2230: 2131558797 (3)
D/umd.troyd( 4741): android.widget.RelativeLayout@4071c4a0: -1 (4)
D/umd.troyd( 4741): android.widget.RelativeLayout@4071ca08: 2131558790 (5)
D/umd.troyd( 4741): android.widget.LinearLayout@4071d588: 2131558790 (6)
D/umd.troyd( 4741): android.widget.RelativeLayout@4071dd68: -1 (7)
D/umd.troyd( 4741): android.widget.Button:  (8)
D/umd.troyd( 4741): android.widget.TextView: Search a location (9)
D/umd.troyd( 4741): android.widget.Button:  (10)
D/umd.troyd( 4741): android.widget.Button:  (11)
D/umd.troyd( 4741): android.widget.Button:  (12)
D/umd.troyd( 4741): android.widget.RelativeLayout@40722620: 2131558791 (13)
D/umd.troyd( 4741): com.walmart.android.storelocator.StoreMapView@407238b8: 2131558792 (14)
D/umd.troyd( 4741): android.widget.ListView@40737cb0: 2131558521 (15)
D/umd.troyd( 4741): android.widget.LinearLayout@406f4b28: -1 (16)
D/umd.troyd( 4741): android.widget.RelativeLayout@406f4d18: -1 (17)
D/umd.troyd( 4741): android.widget.RelativeLayout@4062b4e0: -1 (18)
D/umd.troyd( 4741): android.widget.TextView: Walmart Store (19)
D/umd.troyd( 4741): android.widget.TextView: 1250 Sw Erie St (20)
D/umd.troyd( 4741): android.widget.TextView: Oak Harbor, WA 98277 (21)
D/umd.troyd( 4741): android.widget.RelativeLayout@4062c710: -1 (22)
D/umd.troyd( 4741): android.widget.LinearLayout@405cbf98: 2131558801 (23)
D/umd.troyd( 4741): android.widget.TextView: 42.35 (24)
D/umd.troyd( 4741): android.widget.TextView: miles (25)
D/umd.troyd( 4741): android.widget.TextView:  (26)
D/umd.troyd( 4741): android.widget.ImageView@405ccfd0: 2131558517 (27)
D/umd.troyd( 4741): android.widget.LinearLayout@40637f98: -1 (28)
D/umd.troyd( 4741): android.widget.RelativeLayout@40638188: -1 (29)
D/umd.troyd( 4741): android.widget.RelativeLayout@405b5fe8: -1 (30)
D/umd.troyd( 4741): android.widget.TextView: Walmart Supercenter (31)
D/umd.troyd( 4741): android.widget.TextView: 2301 Freeway Dr (32)
D/umd.troyd( 4741): android.widget.TextView: Mount Vernon, WA 98273 (33)
D/umd.troyd( 4741): android.widget.RelativeLayout@405b72f8: -1 (34)
D/umd.troyd( 4741): android.widget.LinearLayout@4075cdf0: 2131558801 (35)
D/umd.troyd( 4741): android.widget.TextView: 46.04 (36)
D/umd.troyd( 4741): android.widget.TextView: miles (37)
D/umd.troyd( 4741): android.widget.TextView:  (38)
D/umd.troyd( 4741): android.widget.ImageView@4075dea8: 2131558517 (39)
D/umd.troyd( 4741): android.widget.LinearLayout@406bd5b0: -1 (40)
D/umd.troyd( 4741): android.widget.RelativeLayout@406be808: -1 (41)
D/umd.troyd( 4741): android.widget.RelativeLayout@406c0570: -1 (42)
D/umd.troyd( 4741): android.widget.TextView: Walmart Supercenter (43)
D/umd.troyd( 4741): android.widget.TextView: 1401 Galaxy Dr Ne (44)
D/umd.troyd( 4741): android.widget.TextView: Lacey, WA 98516 (45)
D/umd.troyd( 4741): android.widget.RelativeLayout@406c0830: -1 (46)
D/umd.troyd( 4741): android.widget.LinearLayout@406c0af0: 2131558801 (47)
D/umd.troyd( 4741): android.widget.TextView: 46.72 (48)
D/umd.troyd( 4741): android.widget.TextView: miles (49)
D/umd.troyd( 4741): android.widget.TextView:  (50)
D/umd.troyd( 4741): android.widget.ImageView@406c1378: 2131558517 (51)
D/umd.troyd( 4741): android.widget.LinearLayout@406c1638: -1 (52)
D/umd.troyd( 4741): android.widget.RelativeLayout@4071b6b8: -1 (53)
D/umd.troyd( 4741): android.widget.RelativeLayout@4073cc88: -1 (54)
D/umd.troyd( 4741): android.widget.TextView: Walmart Supercenter (55)
D/umd.troyd( 4741): android.widget.TextView: 1110 W Washington St (56)
D/umd.troyd( 4741): android.widget.TextView: Sequim, WA 98382 (57)
D/umd.troyd( 4741): android.widget.RelativeLayout@4050ecd8: -1 (58)
D/umd.troyd( 4741): android.widget.LinearLayout@4050f1f8: 2131558801 (59)
D/umd.troyd( 4741): android.widget.TextView: 47.72 (60)
D/umd.troyd( 4741): android.widget.TextView: miles (61)
D/umd.troyd( 4741): android.widget.TextView:  (62)
D/umd.troyd( 4741): android.widget.ImageView@4050f6f0: 2131558517 (63)
D/umd.troyd( 4741): android.widget.LinearLayout@40512788: -1 (64)
D/umd.troyd( 4741): android.widget.RelativeLayout@40512b60: -1 (65)
D/umd.troyd( 4741): android.widget.RelativeLayout@40553758: -1 (66)
D/umd.troyd( 4741): android.widget.TextView: Walmart Supercenter (67)
D/umd.troyd( 4741): android.widget.TextView: 17100 State Route 507 Se (68)
D/umd.troyd( 4741): android.widget.TextView: Yelm, WA 98597 (69)
D/umd.troyd( 4741): android.widget.RelativeLayout@405c8630: -1 (70)
D/umd.troyd( 4741): android.widget.LinearLayout@405de108: 2131558801 (71)
D/umd.troyd( 4741): android.widget.TextView: 49.64 (72)
D/umd.troyd( 4741): android.widget.TextView: miles (73)
D/umd.troyd( 4741): android.widget.TextView:  (74)
D/umd.troyd( 4741): android.widget.ImageView@4073cf60: 2131558517 (75)
D/umd.troyd( 4741): android.widget.LinearLayout@405eb950: -1 (76)
D/umd.troyd( 4741): android.widget.RelativeLayout@406939f8: -1 (77)
D/umd.troyd( 4741): android.widget.RelativeLayout@407467c0: -1 (78)
D/umd.troyd( 4741): android.widget.TextView: Walmart Supercenter (79)
D/umd.troyd( 4741): android.widget.TextView: 100 E Wallace Kneeland Blvd (80)
D/umd.troyd( 4741): android.widget.TextView: Shelton, WA 98584 (81)
D/umd.troyd( 4741): android.widget.RelativeLayout@407dd9d0: -1 (82)
D/umd.troyd( 4741): android.widget.LinearLayout@405533c0: 2131558801 (83)
D/umd.troyd( 4741): android.widget.TextView: 49.87 (84)
D/umd.troyd( 4741): android.widget.TextView: miles (85)
D/umd.troyd( 4741): android.widget.TextView:  (86)
D/umd.troyd( 4741): android.widget.ImageView@405bd968: 2131558517 (87)
D/umd.troyd( 4741): android.widget.RelativeLayout@406b4360: 2131558541 (88)
D/umd.troyd( 4741): android.widget.GridView@406b4ed8: 2131558824 (89)
D/umd.troyd( 4741): android.widget.LinearLayout@406b6058: 2131558538 (90)
D/umd.troyd( 4741): android.widget.RelativeLayout@406b6a50: 2131558818 (91)
D/umd.troyd( 4741): android.widget.ImageButton@406b73a0: 2131558819 (92)
D/umd.troyd( 4741): android.widget.RelativeLayout@406b78b8: -1 (93)
D/umd.troyd( 4741): android.widget.ImageView@406b7ca8: 2131558820 (94)
D/umd.troyd( 4741): android.widget.TextView: Stores (95)
D/umd.troyd( 4741): android.widget.RelativeLayout@406b8bb0: -1 (96)
D/umd.troyd( 4741): android.widget.Button:  (97)
D/umd.troyd( 4741): android.widget.ImageView@406b9720: 2131558823 (98)
D/umd.troyd( 4741): android.widget.LinearLayout@406b99b0: 2131558542 (99)
