emulator-5566
D/umd.troyd( 1314): got command getViews
D/umd.troyd( 1314): android.widget.FrameLayout@406be130: 16908290 (0)
D/umd.troyd( 1314): android.widget.RelativeLayout@406beb70: 2131558603 (1)
D/umd.troyd( 1314): android.widget.LinearLayout@406befa8: -1 (2)
D/umd.troyd( 1314): com.walmart.android.ui.ViewStackLayout@406bf4f8: 2131558797 (3)
D/umd.troyd( 1314): android.widget.RelativeLayout@40729e18: -1 (4)
D/umd.troyd( 1314): android.widget.RelativeLayout@4072a380: 2131558790 (5)
D/umd.troyd( 1314): android.widget.LinearLayout@4072af00: 2131558790 (6)
D/umd.troyd( 1314): android.widget.RelativeLayout@4072b6e0: -1 (7)
D/umd.troyd( 1314): android.widget.Button:  (8)
D/umd.troyd( 1314): android.widget.TextView: Search a location (9)
D/umd.troyd( 1314): android.widget.Button:  (10)
D/umd.troyd( 1314): android.widget.Button:  (11)
D/umd.troyd( 1314): android.widget.Button:  (12)
D/umd.troyd( 1314): android.widget.RelativeLayout@4072ff98: 2131558791 (13)
D/umd.troyd( 1314): com.walmart.android.storelocator.StoreMapView@40731230: 2131558792 (14)
D/umd.troyd( 1314): android.widget.ListView@40700150: 2131558521 (15)
D/umd.troyd( 1314): android.widget.LinearLayout@406684a0: -1 (16)
D/umd.troyd( 1314): android.widget.RelativeLayout@406aa8e8: -1 (17)
D/umd.troyd( 1314): android.widget.RelativeLayout@406ab550: -1 (18)
D/umd.troyd( 1314): android.widget.TextView: Walmart Supercenter (19)
D/umd.troyd( 1314): android.widget.TextView: 3549 Russett Grn (20)
D/umd.troyd( 1314): android.widget.TextView: Laurel, MD 20724 (21)
D/umd.troyd( 1314): android.widget.RelativeLayout@406bbb48: -1 (22)
D/umd.troyd( 1314): android.widget.LinearLayout@406bc970: 2131558801 (23)
D/umd.troyd( 1314): android.widget.TextView: 2.65 (24)
D/umd.troyd( 1314): android.widget.TextView: miles (25)
D/umd.troyd( 1314): android.widget.TextView:  (26)
D/umd.troyd( 1314): android.widget.ImageView@40683d08: 2131558517 (27)
D/umd.troyd( 1314): android.widget.LinearLayout@406ec2d8: -1 (28)
D/umd.troyd( 1314): android.widget.RelativeLayout@40711f90: -1 (29)
D/umd.troyd( 1314): android.widget.RelativeLayout@40714d10: -1 (30)
D/umd.troyd( 1314): android.widget.TextView: Walmart Store (31)
D/umd.troyd( 1314): android.widget.TextView: 7081 Arundel Mills Cir (32)
D/umd.troyd( 1314): android.widget.TextView: Hanover, MD 21076 (33)
D/umd.troyd( 1314): android.widget.RelativeLayout@406ff3b8: -1 (34)
D/umd.troyd( 1314): android.widget.LinearLayout@407036a0: 2131558801 (35)
D/umd.troyd( 1314): android.widget.TextView: 3.74 (36)
D/umd.troyd( 1314): android.widget.TextView: miles (37)
D/umd.troyd( 1314): android.widget.TextView:  (38)
D/umd.troyd( 1314): android.widget.ImageView@405fd250: 2131558517 (39)
D/umd.troyd( 1314): android.widget.LinearLayout@40693d18: -1 (40)
D/umd.troyd( 1314): android.widget.RelativeLayout@406b8ac0: -1 (41)
D/umd.troyd( 1314): android.widget.RelativeLayout@406bcc88: -1 (42)
D/umd.troyd( 1314): android.widget.TextView: Walmart Supercenter (43)
D/umd.troyd( 1314): android.widget.TextView: 407 George Claus Blvd (44)
D/umd.troyd( 1314): android.widget.TextView: Severn, MD 21144 (45)
D/umd.troyd( 1314): android.widget.RelativeLayout@40763578: -1 (46)
D/umd.troyd( 1314): android.widget.LinearLayout@40763cd0: 2131558801 (47)
D/umd.troyd( 1314): android.widget.TextView: 5.62 (48)
D/umd.troyd( 1314): android.widget.TextView: miles (49)
D/umd.troyd( 1314): android.widget.TextView:  (50)
D/umd.troyd( 1314): android.widget.ImageView@405cc4b8: 2131558517 (51)
D/umd.troyd( 1314): android.widget.LinearLayout@40517ee8: -1 (52)
D/umd.troyd( 1314): android.widget.RelativeLayout@40518750: -1 (53)
D/umd.troyd( 1314): android.widget.RelativeLayout@40581ba0: -1 (54)
D/umd.troyd( 1314): android.widget.TextView: Walmart Store (55)
D/umd.troyd( 1314): android.widget.TextView: 6405 Dobbin Rd (56)
D/umd.troyd( 1314): android.widget.TextView: Columbia, MD 21045 (57)
D/umd.troyd( 1314): android.widget.RelativeLayout@406108b0: -1 (58)
D/umd.troyd( 1314): android.widget.LinearLayout@40623aa8: 2131558801 (59)
D/umd.troyd( 1314): android.widget.TextView: 6.95 (60)
D/umd.troyd( 1314): android.widget.TextView: miles (61)
D/umd.troyd( 1314): android.widget.TextView:  (62)
D/umd.troyd( 1314): android.widget.ImageView@40660a68: 2131558517 (63)
D/umd.troyd( 1314): android.widget.LinearLayout@405dddb0: -1 (64)
D/umd.troyd( 1314): android.widget.RelativeLayout@405ddf48: -1 (65)
D/umd.troyd( 1314): android.widget.RelativeLayout@4077d4e0: -1 (66)
D/umd.troyd( 1314): android.widget.TextView: Walmart Store (67)
D/umd.troyd( 1314): android.widget.TextView: 6721 Chesapeake Center Dr (68)
D/umd.troyd( 1314): android.widget.TextView: Glen Burnie, MD 21060 (69)
D/umd.troyd( 1314): android.widget.RelativeLayout@4068c520: -1 (70)
D/umd.troyd( 1314): android.widget.LinearLayout@4068ea48: 2131558801 (71)
D/umd.troyd( 1314): android.widget.TextView: 8.74 (72)
D/umd.troyd( 1314): android.widget.TextView: miles (73)
D/umd.troyd( 1314): android.widget.TextView:  (74)
D/umd.troyd( 1314): android.widget.ImageView@407eab00: 2131558517 (75)
D/umd.troyd( 1314): android.widget.LinearLayout@40800ae8: -1 (76)
D/umd.troyd( 1314): android.widget.RelativeLayout@40802b08: -1 (77)
D/umd.troyd( 1314): android.widget.RelativeLayout@40806b08: -1 (78)
D/umd.troyd( 1314): android.widget.TextView: Walmart Store (79)
D/umd.troyd( 1314): android.widget.TextView: 3300 Crain Hwy (80)
D/umd.troyd( 1314): android.widget.TextView: Bowie, MD 20716 (81)
D/umd.troyd( 1314): android.widget.RelativeLayout@40672c98: -1 (82)
D/umd.troyd( 1314): android.widget.LinearLayout@40672df0: 2131558801 (83)
D/umd.troyd( 1314): android.widget.TextView: 9.49 (84)
D/umd.troyd( 1314): android.widget.TextView: miles (85)
D/umd.troyd( 1314): android.widget.TextView:  (86)
D/umd.troyd( 1314): android.widget.ImageView@40749878: 2131558517 (87)
D/umd.troyd( 1314): android.widget.RelativeLayout@4071b288: 2131558541 (88)
D/umd.troyd( 1314): android.widget.GridView@4071be00: 2131558824 (89)
D/umd.troyd( 1314): android.widget.LinearLayout@4071cf80: 2131558538 (90)
D/umd.troyd( 1314): android.widget.RelativeLayout@4071d978: 2131558818 (91)
D/umd.troyd( 1314): android.widget.ImageButton@4071e2c8: 2131558819 (92)
D/umd.troyd( 1314): android.widget.RelativeLayout@4071e7e0: -1 (93)
D/umd.troyd( 1314): android.widget.ImageView@4071ebd0: 2131558820 (94)
D/umd.troyd( 1314): android.widget.TextView: Stores (95)
D/umd.troyd( 1314): android.widget.RelativeLayout@4071fad8: -1 (96)
D/umd.troyd( 1314): android.widget.Button:  (97)
D/umd.troyd( 1314): android.widget.ImageView@40720648: 2131558823 (98)
D/umd.troyd( 1314): android.widget.LinearLayout@407208d8: 2131558542 (99)
D/umd.troyd( 1314): got command getViews
D/umd.troyd( 1314): android.widget.FrameLayout@406be130: 16908290 (0)
D/umd.troyd( 1314): android.widget.RelativeLayout@406beb70: 2131558603 (1)
D/umd.troyd( 1314): android.widget.LinearLayout@406befa8: -1 (2)
D/umd.troyd( 1314): com.walmart.android.ui.ViewStackLayout@406bf4f8: 2131558797 (3)
D/umd.troyd( 1314): android.widget.RelativeLayout@40729e18: -1 (4)
D/umd.troyd( 1314): android.widget.RelativeLayout@4072a380: 2131558790 (5)
D/umd.troyd( 1314): android.widget.LinearLayout@4072af00: 2131558790 (6)
D/umd.troyd( 1314): android.widget.RelativeLayout@4072b6e0: -1 (7)
D/umd.troyd( 1314): android.widget.Button:  (8)
D/umd.troyd( 1314): android.widget.TextView: Search a location (9)
D/umd.troyd( 1314): android.widget.Button:  (10)
D/umd.troyd( 1314): android.widget.Button:  (11)
D/umd.troyd( 1314): android.widget.Button:  (12)
D/umd.troyd( 1314): android.widget.RelativeLayout@4072ff98: 2131558791 (13)
D/umd.troyd( 1314): com.walmart.android.storelocator.StoreMapView@40731230: 2131558792 (14)
D/umd.troyd( 1314): android.widget.ListView@40700150: 2131558521 (15)
D/umd.troyd( 1314): android.widget.LinearLayout@40800ae8: -1 (16)
D/umd.troyd( 1314): android.widget.RelativeLayout@40802b08: -1 (17)
D/umd.troyd( 1314): android.widget.RelativeLayout@40806b08: -1 (18)
D/umd.troyd( 1314): android.widget.TextView: Walmart Store (19)
D/umd.troyd( 1314): android.widget.TextView: 3300 Crain Hwy (20)
D/umd.troyd( 1314): android.widget.TextView: Bowie, MD 20716 (21)
D/umd.troyd( 1314): android.widget.RelativeLayout@40672c98: -1 (22)
D/umd.troyd( 1314): android.widget.LinearLayout@40672df0: 2131558801 (23)
D/umd.troyd( 1314): android.widget.TextView: 9.49 (24)
D/umd.troyd( 1314): android.widget.TextView: miles (25)
D/umd.troyd( 1314): android.widget.TextView:  (26)
D/umd.troyd( 1314): android.widget.ImageView@40749878: 2131558517 (27)
D/umd.troyd( 1314): android.widget.LinearLayout@40787840: -1 (28)
D/umd.troyd( 1314): android.widget.RelativeLayout@40787a30: -1 (29)
D/umd.troyd( 1314): android.widget.RelativeLayout@40787dd8: -1 (30)
D/umd.troyd( 1314): android.widget.TextView: Walmart Supercenter (31)
D/umd.troyd( 1314): android.widget.TextView: 3601 Washington Blvd (32)
D/umd.troyd( 1314): android.widget.TextView: Arbutus, MD 21227 (33)
D/umd.troyd( 1314): android.widget.RelativeLayout@4076e070: -1 (34)
D/umd.troyd( 1314): android.widget.LinearLayout@4076e468: 2131558801 (35)
D/umd.troyd( 1314): android.widget.TextView: 9.92 (36)
D/umd.troyd( 1314): android.widget.TextView: miles (37)
D/umd.troyd( 1314): android.widget.TextView:  (38)
D/umd.troyd( 1314): android.widget.ImageView@4076f520: 2131558517 (39)
D/umd.troyd( 1314): android.widget.LinearLayout@40770fa8: -1 (40)
D/umd.troyd( 1314): android.widget.RelativeLayout@40771198: -1 (41)
D/umd.troyd( 1314): android.widget.RelativeLayout@40771540: -1 (42)
D/umd.troyd( 1314): android.widget.TextView: Walmart Store (43)
D/umd.troyd( 1314): android.widget.TextView: 6205 Baltimore National Pike (44)
D/umd.troyd( 1314): android.widget.TextView: Catonsville, MD 21228 (45)
D/umd.troyd( 1314): android.widget.RelativeLayout@406b0fd0: -1 (46)
D/umd.troyd( 1314): android.widget.LinearLayout@406b13c8: 2131558801 (47)
D/umd.troyd( 1314): android.widget.TextView: 11.24 (48)
D/umd.troyd( 1314): android.widget.TextView: miles (49)
D/umd.troyd( 1314): android.widget.TextView:  (50)
D/umd.troyd( 1314): android.widget.ImageView@406b2480: 2131558517 (51)
D/umd.troyd( 1314): android.widget.LinearLayout@406b3f10: -1 (52)
D/umd.troyd( 1314): android.widget.RelativeLayout@406b4100: -1 (53)
D/umd.troyd( 1314): android.widget.RelativeLayout@406b44a8: -1 (54)
D/umd.troyd( 1314): android.widget.TextView: Walmart Store (55)
D/umd.troyd( 1314): android.widget.TextView: 2701 Port Covington Dr (56)
D/umd.troyd( 1314): android.widget.TextView: Baltimore, MD 21230 (57)
D/umd.troyd( 1314): android.widget.RelativeLayout@406b57b8: -1 (58)
D/umd.troyd( 1314): android.widget.LinearLayout@406b5bc8: 2131558801 (59)
D/umd.troyd( 1314): android.widget.TextView: 11.73 (60)
D/umd.troyd( 1314): android.widget.TextView: miles (61)
D/umd.troyd( 1314): android.widget.TextView:  (62)
D/umd.troyd( 1314): android.widget.ImageView@405e0cd0: 2131558517 (63)
D/umd.troyd( 1314): android.widget.LinearLayout@405e2760: -1 (64)
D/umd.troyd( 1314): android.widget.RelativeLayout@405e2950: -1 (65)
D/umd.troyd( 1314): android.widget.RelativeLayout@405e2cf8: -1 (66)
D/umd.troyd( 1314): android.widget.TextView: Walmart Store (67)
D/umd.troyd( 1314): android.widget.TextView: 6210 Annapolis Rd (68)
D/umd.troyd( 1314): android.widget.TextView: Landover Hills, MD 20784 (69)
D/umd.troyd( 1314): android.widget.RelativeLayout@405e4008: -1 (70)
D/umd.troyd( 1314): android.widget.LinearLayout@405e4418: 2131558801 (71)
D/umd.troyd( 1314): android.widget.TextView: 11.77 (72)
D/umd.troyd( 1314): android.widget.TextView: miles (73)
D/umd.troyd( 1314): android.widget.TextView:  (74)
D/umd.troyd( 1314): android.widget.ImageView@405e54d0: 2131558517 (75)
D/umd.troyd( 1314): android.widget.LinearLayout@405fee90: -1 (76)
D/umd.troyd( 1314): android.widget.RelativeLayout@405ff080: -1 (77)
D/umd.troyd( 1314): android.widget.RelativeLayout@405ff428: -1 (78)
D/umd.troyd( 1314): android.widget.TextView: Walmart Store (79)
D/umd.troyd( 1314): android.widget.TextView: 3200 North Ridge Rd (80)
D/umd.troyd( 1314): android.widget.TextView: Ellicott City, MD 21043 (81)
D/umd.troyd( 1314): android.widget.RelativeLayout@40600738: -1 (82)
D/umd.troyd( 1314): android.widget.LinearLayout@40600b48: 2131558801 (83)
D/umd.troyd( 1314): android.widget.TextView: 11.80 (84)
D/umd.troyd( 1314): android.widget.TextView: miles (85)
D/umd.troyd( 1314): android.widget.TextView:  (86)
D/umd.troyd( 1314): android.widget.ImageView@40601c00: 2131558517 (87)
D/umd.troyd( 1314): android.widget.RelativeLayout@4071b288: 2131558541 (88)
D/umd.troyd( 1314): android.widget.GridView@4071be00: 2131558824 (89)
D/umd.troyd( 1314): android.widget.LinearLayout@4071cf80: 2131558538 (90)
D/umd.troyd( 1314): android.widget.RelativeLayout@4071d978: 2131558818 (91)
D/umd.troyd( 1314): android.widget.ImageButton@4071e2c8: 2131558819 (92)
D/umd.troyd( 1314): android.widget.RelativeLayout@4071e7e0: -1 (93)
D/umd.troyd( 1314): android.widget.ImageView@4071ebd0: 2131558820 (94)
D/umd.troyd( 1314): android.widget.TextView: Stores (95)
D/umd.troyd( 1314): android.widget.RelativeLayout@4071fad8: -1 (96)
D/umd.troyd( 1314): android.widget.Button:  (97)
D/umd.troyd( 1314): android.widget.ImageView@40720648: 2131558823 (98)
D/umd.troyd( 1314): android.widget.LinearLayout@407208d8: 2131558542 (99)
D/umd.troyd( 1314): got command getViews
D/umd.troyd( 1314): android.widget.FrameLayout@406be130: 16908290 (0)
D/umd.troyd( 1314): android.widget.RelativeLayout@406beb70: 2131558603 (1)
D/umd.troyd( 1314): android.widget.LinearLayout@406befa8: -1 (2)
D/umd.troyd( 1314): com.walmart.android.ui.ViewStackLayout@406bf4f8: 2131558797 (3)
D/umd.troyd( 1314): android.widget.RelativeLayout@40729e18: -1 (4)
D/umd.troyd( 1314): android.widget.RelativeLayout@4072a380: 2131558790 (5)
D/umd.troyd( 1314): android.widget.LinearLayout@4072af00: 2131558790 (6)
D/umd.troyd( 1314): android.widget.RelativeLayout@4072b6e0: -1 (7)
D/umd.troyd( 1314): android.widget.Button:  (8)
D/umd.troyd( 1314): android.widget.TextView: Search a location (9)
D/umd.troyd( 1314): android.widget.Button:  (10)
D/umd.troyd( 1314): android.widget.Button:  (11)
D/umd.troyd( 1314): android.widget.Button:  (12)
D/umd.troyd( 1314): android.widget.RelativeLayout@4072ff98: 2131558791 (13)
D/umd.troyd( 1314): com.walmart.android.storelocator.StoreMapView@40731230: 2131558792 (14)
D/umd.troyd( 1314): android.widget.ListView@40700150: 2131558521 (15)
D/umd.troyd( 1314): android.widget.LinearLayout@405fee90: -1 (16)
D/umd.troyd( 1314): android.widget.RelativeLayout@405ff080: -1 (17)
D/umd.troyd( 1314): android.widget.RelativeLayout@405ff428: -1 (18)
D/umd.troyd( 1314): android.widget.TextView: Walmart Store (19)
D/umd.troyd( 1314): android.widget.TextView: 3200 North Ridge Rd (20)
D/umd.troyd( 1314): android.widget.TextView: Ellicott City, MD 21043 (21)
D/umd.troyd( 1314): android.widget.RelativeLayout@40600738: -1 (22)
D/umd.troyd( 1314): android.widget.LinearLayout@40600b48: 2131558801 (23)
D/umd.troyd( 1314): android.widget.TextView: 11.80 (24)
D/umd.troyd( 1314): android.widget.TextView: miles (25)
D/umd.troyd( 1314): android.widget.TextView:  (26)
D/umd.troyd( 1314): android.widget.ImageView@40601c00: 2131558517 (27)
D/umd.troyd( 1314): android.widget.LinearLayout@406684a0: -1 (28)
D/umd.troyd( 1314): android.widget.RelativeLayout@406aa8e8: -1 (29)
D/umd.troyd( 1314): android.widget.RelativeLayout@406ab550: -1 (30)
D/umd.troyd( 1314): android.widget.TextView: Walmart Store (31)
D/umd.troyd( 1314): android.widget.TextView: 2399 North Point Blvd (32)
D/umd.troyd( 1314): android.widget.TextView: Dundalk, MD 21222 (33)
D/umd.troyd( 1314): android.widget.RelativeLayout@406bbb48: -1 (34)
D/umd.troyd( 1314): android.widget.LinearLayout@406bc970: 2131558801 (35)
D/umd.troyd( 1314): android.widget.TextView: 16.29 (36)
D/umd.troyd( 1314): android.widget.TextView: miles (37)
D/umd.troyd( 1314): android.widget.TextView:  (38)
D/umd.troyd( 1314): android.widget.ImageView@40683d08: 2131558517 (39)
D/umd.troyd( 1314): android.widget.LinearLayout@406ec2d8: -1 (40)
D/umd.troyd( 1314): android.widget.RelativeLayout@40711f90: -1 (41)
D/umd.troyd( 1314): android.widget.RelativeLayout@40714d10: -1 (42)
D/umd.troyd( 1314): android.widget.TextView: Walmart Store (43)
D/umd.troyd( 1314): android.widget.TextView: 8730 Liberty Rd (44)
D/umd.troyd( 1314): android.widget.TextView: Randallstown, MD 21133 (45)
D/umd.troyd( 1314): android.widget.RelativeLayout@406ff3b8: -1 (46)
D/umd.troyd( 1314): android.widget.LinearLayout@407036a0: 2131558801 (47)
D/umd.troyd( 1314): android.widget.TextView: 16.37 (48)
D/umd.troyd( 1314): android.widget.TextView: miles (49)
D/umd.troyd( 1314): android.widget.TextView:  (50)
D/umd.troyd( 1314): android.widget.ImageView@405fd250: 2131558517 (51)
D/umd.troyd( 1314): android.widget.LinearLayout@40693d18: -1 (52)
D/umd.troyd( 1314): android.widget.RelativeLayout@406b8ac0: -1 (53)
D/umd.troyd( 1314): android.widget.RelativeLayout@406bcc88: -1 (54)
D/umd.troyd( 1314): android.widget.TextView: Walmart Store (55)
D/umd.troyd( 1314): android.widget.TextView: 9750 Reistertown Road A (56)
D/umd.troyd( 1314): android.widget.TextView: Owings Mills, MD 21117 (57)
D/umd.troyd( 1314): android.widget.RelativeLayout@40763578: -1 (58)
D/umd.troyd( 1314): android.widget.LinearLayout@40763cd0: 2131558801 (59)
D/umd.troyd( 1314): android.widget.TextView: 18.72 (60)
D/umd.troyd( 1314): android.widget.TextView: miles (61)
D/umd.troyd( 1314): android.widget.TextView:  (62)
D/umd.troyd( 1314): android.widget.ImageView@405cc4b8: 2131558517 (63)
D/umd.troyd( 1314): android.widget.LinearLayout@40517ee8: -1 (64)
D/umd.troyd( 1314): android.widget.RelativeLayout@40518750: -1 (65)
D/umd.troyd( 1314): android.widget.RelativeLayout@40581ba0: -1 (66)
D/umd.troyd( 1314): android.widget.TextView: Walmart Supercenter (67)
D/umd.troyd( 1314): android.widget.TextView: 6420 Petrie Way Rd (68)
D/umd.troyd( 1314): android.widget.TextView: Baltimore, MD 21237 (69)
D/umd.troyd( 1314): android.widget.RelativeLayout@406108b0: -1 (70)
D/umd.troyd( 1314): android.widget.LinearLayout@40623aa8: 2131558801 (71)
D/umd.troyd( 1314): android.widget.TextView: 18.92 (72)
D/umd.troyd( 1314): android.widget.TextView: miles (73)
D/umd.troyd( 1314): android.widget.TextView:  (74)
D/umd.troyd( 1314): android.widget.ImageView@40660a68: 2131558517 (75)
D/umd.troyd( 1314): android.widget.LinearLayout@405dddb0: -1 (76)
D/umd.troyd( 1314): android.widget.RelativeLayout@405ddf48: -1 (77)
D/umd.troyd( 1314): android.widget.RelativeLayout@4077d4e0: -1 (78)
D/umd.troyd( 1314): android.widget.TextView: Walmart Store (79)
D/umd.troyd( 1314): android.widget.TextView: 1238 Putty Hill Ave Ste 5 (80)
D/umd.troyd( 1314): android.widget.TextView: Towson, MD 21286 (81)
D/umd.troyd( 1314): android.widget.RelativeLayout@4068c520: -1 (82)
D/umd.troyd( 1314): android.widget.LinearLayout@4068ea48: 2131558801 (83)
D/umd.troyd( 1314): android.widget.TextView: 19.64 (84)
D/umd.troyd( 1314): android.widget.TextView: miles (85)
D/umd.troyd( 1314): android.widget.TextView:  (86)
D/umd.troyd( 1314): android.widget.ImageView@407eab00: 2131558517 (87)
D/umd.troyd( 1314): android.widget.RelativeLayout@4071b288: 2131558541 (88)
D/umd.troyd( 1314): android.widget.GridView@4071be00: 2131558824 (89)
D/umd.troyd( 1314): android.widget.LinearLayout@4071cf80: 2131558538 (90)
D/umd.troyd( 1314): android.widget.RelativeLayout@4071d978: 2131558818 (91)
D/umd.troyd( 1314): android.widget.ImageButton@4071e2c8: 2131558819 (92)
D/umd.troyd( 1314): android.widget.RelativeLayout@4071e7e0: -1 (93)
D/umd.troyd( 1314): android.widget.ImageView@4071ebd0: 2131558820 (94)
D/umd.troyd( 1314): android.widget.TextView: Stores (95)
D/umd.troyd( 1314): android.widget.RelativeLayout@4071fad8: -1 (96)
D/umd.troyd( 1314): android.widget.Button:  (97)
D/umd.troyd( 1314): android.widget.ImageView@40720648: 2131558823 (98)
D/umd.troyd( 1314): android.widget.LinearLayout@407208d8: 2131558542 (99)
D/umd.troyd( 1314): got command getViews
D/umd.troyd( 1314): android.widget.FrameLayout@406be130: 16908290 (0)
D/umd.troyd( 1314): android.widget.RelativeLayout@406beb70: 2131558603 (1)
D/umd.troyd( 1314): android.widget.LinearLayout@406befa8: -1 (2)
D/umd.troyd( 1314): com.walmart.android.ui.ViewStackLayout@406bf4f8: 2131558797 (3)
D/umd.troyd( 1314): android.widget.RelativeLayout@40729e18: -1 (4)
D/umd.troyd( 1314): android.widget.RelativeLayout@4072a380: 2131558790 (5)
D/umd.troyd( 1314): android.widget.LinearLayout@4072af00: 2131558790 (6)
D/umd.troyd( 1314): android.widget.RelativeLayout@4072b6e0: -1 (7)
D/umd.troyd( 1314): android.widget.Button:  (8)
D/umd.troyd( 1314): android.widget.TextView: Search a location (9)
D/umd.troyd( 1314): android.widget.Button:  (10)
D/umd.troyd( 1314): android.widget.Button:  (11)
D/umd.troyd( 1314): android.widget.Button:  (12)
D/umd.troyd( 1314): android.widget.RelativeLayout@4072ff98: 2131558791 (13)
D/umd.troyd( 1314): com.walmart.android.storelocator.StoreMapView@40731230: 2131558792 (14)
D/umd.troyd( 1314): android.widget.ListView@40700150: 2131558521 (15)
D/umd.troyd( 1314): android.widget.LinearLayout@405dddb0: -1 (16)
D/umd.troyd( 1314): android.widget.RelativeLayout@405ddf48: -1 (17)
D/umd.troyd( 1314): android.widget.RelativeLayout@4077d4e0: -1 (18)
D/umd.troyd( 1314): android.widget.TextView: Walmart Store (19)
D/umd.troyd( 1314): android.widget.TextView: 1238 Putty Hill Ave Ste 5 (20)
D/umd.troyd( 1314): android.widget.TextView: Towson, MD 21286 (21)
D/umd.troyd( 1314): android.widget.RelativeLayout@4068c520: -1 (22)
D/umd.troyd( 1314): android.widget.LinearLayout@4068ea48: 2131558801 (23)
D/umd.troyd( 1314): android.widget.TextView: 19.64 (24)
D/umd.troyd( 1314): android.widget.TextView: miles (25)
D/umd.troyd( 1314): android.widget.TextView:  (26)
D/umd.troyd( 1314): android.widget.ImageView@407eab00: 2131558517 (27)
D/umd.troyd( 1314): android.widget.LinearLayout@40800ae8: -1 (28)
D/umd.troyd( 1314): android.widget.RelativeLayout@40802b08: -1 (29)
D/umd.troyd( 1314): android.widget.RelativeLayout@40806b08: -1 (30)
D/umd.troyd( 1314): android.widget.TextView: Walmart Supercenter (31)
D/umd.troyd( 1314): android.widget.TextView: 8118 Perry Hills Ct (32)
D/umd.troyd( 1314): android.widget.TextView: Nottingham, MD 21236 (33)
D/umd.troyd( 1314): android.widget.RelativeLayout@40672c98: -1 (34)
D/umd.troyd( 1314): android.widget.LinearLayout@40672df0: 2131558801 (35)
D/umd.troyd( 1314): android.widget.TextView: 20.34 (36)
D/umd.troyd( 1314): android.widget.TextView: miles (37)
D/umd.troyd( 1314): android.widget.TextView:  (38)
D/umd.troyd( 1314): android.widget.ImageView@40749878: 2131558517 (39)
D/umd.troyd( 1314): android.widget.LinearLayout@40787840: -1 (40)
D/umd.troyd( 1314): android.widget.RelativeLayout@40787a30: -1 (41)
D/umd.troyd( 1314): android.widget.RelativeLayout@40787dd8: -1 (42)
D/umd.troyd( 1314): android.widget.TextView: Walmart Store (43)
D/umd.troyd( 1314): android.widget.TextView: 10600 Towne Center Blvd (44)
D/umd.troyd( 1314): android.widget.TextView: Dunkirk, MD 20754 (45)
D/umd.troyd( 1314): android.widget.RelativeLayout@4076e070: -1 (46)
D/umd.troyd( 1314): android.widget.LinearLayout@4076e468: 2131558801 (47)
D/umd.troyd( 1314): android.widget.TextView: 20.35 (48)
D/umd.troyd( 1314): android.widget.TextView: miles (49)
D/umd.troyd( 1314): android.widget.TextView:  (50)
D/umd.troyd( 1314): android.widget.ImageView@4076f520: 2131558517 (51)
D/umd.troyd( 1314): android.widget.LinearLayout@40770fa8: -1 (52)
D/umd.troyd( 1314): android.widget.RelativeLayout@40771198: -1 (53)
D/umd.troyd( 1314): android.widget.RelativeLayout@40771540: -1 (54)
D/umd.troyd( 1314): android.widget.TextView: Walmart Store (55)
D/umd.troyd( 1314): android.widget.TextView: 8745 Branch Ave (56)
D/umd.troyd( 1314): android.widget.TextView: Clinton, MD 20735 (57)
D/umd.troyd( 1314): android.widget.RelativeLayout@406b0fd0: -1 (58)
D/umd.troyd( 1314): android.widget.LinearLayout@406b13c8: 2131558801 (59)
D/umd.troyd( 1314): android.widget.TextView: 20.42 (60)
D/umd.troyd( 1314): android.widget.TextView: miles (61)
D/umd.troyd( 1314): android.widget.TextView:  (62)
D/umd.troyd( 1314): android.widget.ImageView@406b2480: 2131558517 (63)
D/umd.troyd( 1314): android.widget.LinearLayout@406b3f10: -1 (64)
D/umd.troyd( 1314): android.widget.RelativeLayout@406b4100: -1 (65)
D/umd.troyd( 1314): android.widget.RelativeLayout@406b44a8: -1 (66)
D/umd.troyd( 1314): android.widget.TextView: Walmart Store (67)
D/umd.troyd( 1314): android.widget.TextView: 1320 Liberty Rd (68)
D/umd.troyd( 1314): android.widget.TextView: Eldersburg, MD 21784 (69)
D/umd.troyd( 1314): android.widget.RelativeLayout@406b57b8: -1 (70)
D/umd.troyd( 1314): android.widget.LinearLayout@406b5bc8: 2131558801 (71)
D/umd.troyd( 1314): android.widget.TextView: 20.85 (72)
D/umd.troyd( 1314): android.widget.TextView: miles (73)
D/umd.troyd( 1314): android.widget.TextView:  (74)
D/umd.troyd( 1314): android.widget.ImageView@405e0cd0: 2131558517 (75)
D/umd.troyd( 1314): android.widget.LinearLayout@405e2760: -1 (76)
D/umd.troyd( 1314): android.widget.RelativeLayout@405e2950: -1 (77)
D/umd.troyd( 1314): android.widget.RelativeLayout@405e2cf8: -1 (78)
D/umd.troyd( 1314): android.widget.TextView: Walmart Store (79)
D/umd.troyd( 1314): android.widget.TextView: 112 Carroll Island Rd (80)
D/umd.troyd( 1314): android.widget.TextView: Baltimore, MD 21220 (81)
D/umd.troyd( 1314): android.widget.RelativeLayout@405e4008: -1 (82)
D/umd.troyd( 1314): android.widget.LinearLayout@405e4418: 2131558801 (83)
D/umd.troyd( 1314): android.widget.TextView: 21.69 (84)
D/umd.troyd( 1314): android.widget.TextView: miles (85)
D/umd.troyd( 1314): android.widget.TextView:  (86)
D/umd.troyd( 1314): android.widget.ImageView@405e54d0: 2131558517 (87)
D/umd.troyd( 1314): android.widget.RelativeLayout@4071b288: 2131558541 (88)
D/umd.troyd( 1314): android.widget.GridView@4071be00: 2131558824 (89)
D/umd.troyd( 1314): android.widget.LinearLayout@4071cf80: 2131558538 (90)
D/umd.troyd( 1314): android.widget.RelativeLayout@4071d978: 2131558818 (91)
D/umd.troyd( 1314): android.widget.ImageButton@4071e2c8: 2131558819 (92)
D/umd.troyd( 1314): android.widget.RelativeLayout@4071e7e0: -1 (93)
D/umd.troyd( 1314): android.widget.ImageView@4071ebd0: 2131558820 (94)
D/umd.troyd( 1314): android.widget.TextView: Stores (95)
D/umd.troyd( 1314): android.widget.RelativeLayout@4071fad8: -1 (96)
D/umd.troyd( 1314): android.widget.Button:  (97)
D/umd.troyd( 1314): android.widget.ImageView@40720648: 2131558823 (98)
D/umd.troyd( 1314): android.widget.LinearLayout@407208d8: 2131558542 (99)
D/umd.troyd( 1314): got command getViews
D/umd.troyd( 1314): android.widget.FrameLayout@406be130: 16908290 (0)
D/umd.troyd( 1314): android.widget.RelativeLayout@406beb70: 2131558603 (1)
D/umd.troyd( 1314): android.widget.LinearLayout@406befa8: -1 (2)
D/umd.troyd( 1314): com.walmart.android.ui.ViewStackLayout@406bf4f8: 2131558797 (3)
D/umd.troyd( 1314): android.widget.RelativeLayout@40729e18: -1 (4)
D/umd.troyd( 1314): android.widget.RelativeLayout@4072a380: 2131558790 (5)
D/umd.troyd( 1314): android.widget.LinearLayout@4072af00: 2131558790 (6)
D/umd.troyd( 1314): android.widget.RelativeLayout@4072b6e0: -1 (7)
D/umd.troyd( 1314): android.widget.Button:  (8)
D/umd.troyd( 1314): android.widget.TextView: Search a location (9)
D/umd.troyd( 1314): android.widget.Button:  (10)
D/umd.troyd( 1314): android.widget.Button:  (11)
D/umd.troyd( 1314): android.widget.Button:  (12)
D/umd.troyd( 1314): android.widget.RelativeLayout@4072ff98: 2131558791 (13)
D/umd.troyd( 1314): com.walmart.android.storelocator.StoreMapView@40731230: 2131558792 (14)
D/umd.troyd( 1314): android.widget.ListView@40700150: 2131558521 (15)
D/umd.troyd( 1314): android.widget.LinearLayout@405e2760: -1 (16)
D/umd.troyd( 1314): android.widget.RelativeLayout@405e2950: -1 (17)
D/umd.troyd( 1314): android.widget.RelativeLayout@405e2cf8: -1 (18)
D/umd.troyd( 1314): android.widget.TextView: Walmart Store (19)
D/umd.troyd( 1314): android.widget.TextView: 112 Carroll Island Rd (20)
D/umd.troyd( 1314): android.widget.TextView: Baltimore, MD 21220 (21)
D/umd.troyd( 1314): android.widget.RelativeLayout@405e4008: -1 (22)
D/umd.troyd( 1314): android.widget.LinearLayout@405e4418: 2131558801 (23)
D/umd.troyd( 1314): android.widget.TextView: 21.69 (24)
D/umd.troyd( 1314): android.widget.TextView: miles (25)
D/umd.troyd( 1314): android.widget.TextView:  (26)
D/umd.troyd( 1314): android.widget.ImageView@405e54d0: 2131558517 (27)
D/umd.troyd( 1314): android.widget.LinearLayout@405fee90: -1 (28)
D/umd.troyd( 1314): android.widget.RelativeLayout@405ff080: -1 (29)
D/umd.troyd( 1314): android.widget.RelativeLayout@405ff428: -1 (30)
D/umd.troyd( 1314): android.widget.TextView: Walmart Supercenter (31)
D/umd.troyd( 1314): android.widget.TextView: 1 Frankel Way (32)
D/umd.troyd( 1314): android.widget.TextView: Cockeysville, MD 21030 (33)
D/umd.troyd( 1314): android.widget.RelativeLayout@40600738: -1 (34)
D/umd.troyd( 1314): android.widget.LinearLayout@40600b48: 2131558801 (35)
D/umd.troyd( 1314): android.widget.TextView: 22.88 (36)
D/umd.troyd( 1314): android.widget.TextView: miles (37)
D/umd.troyd( 1314): android.widget.TextView:  (38)
D/umd.troyd( 1314): android.widget.ImageView@40601c00: 2131558517 (39)
D/umd.troyd( 1314): android.widget.LinearLayout@406684a0: -1 (40)
D/umd.troyd( 1314): android.widget.RelativeLayout@406aa8e8: -1 (41)
D/umd.troyd( 1314): android.widget.RelativeLayout@406ab550: -1 (42)
D/umd.troyd( 1314): android.widget.TextView: Walmart Store (43)
D/umd.troyd( 1314): android.widget.TextView: 20910 Frederick Rd (44)
D/umd.troyd( 1314): android.widget.TextView: Germantown, MD 20876 (45)
D/umd.troyd( 1314): android.widget.RelativeLayout@406bbb48: -1 (46)
D/umd.troyd( 1314): android.widget.LinearLayout@406bc970: 2131558801 (47)
D/umd.troyd( 1314): android.widget.TextView: 24.30 (48)
D/umd.troyd( 1314): android.widget.TextView: miles (49)
D/umd.troyd( 1314): android.widget.TextView:  (50)
D/umd.troyd( 1314): android.widget.ImageView@40683d08: 2131558517 (51)
D/umd.troyd( 1314): android.widget.LinearLayout@406ec2d8: -1 (52)
D/umd.troyd( 1314): android.widget.RelativeLayout@40711f90: -1 (53)
D/umd.troyd( 1314): android.widget.RelativeLayout@40714d10: -1 (54)
D/umd.troyd( 1314): android.widget.TextView: Walmart Supercenter (55)
D/umd.troyd( 1314): android.widget.TextView: 6303 Richmond Hwy (56)
D/umd.troyd( 1314): android.widget.TextView: Alexandria, VA 22306 (57)
D/umd.troyd( 1314): android.widget.RelativeLayout@406ff3b8: -1 (58)
D/umd.troyd( 1314): android.widget.LinearLayout@407036a0: 2131558801 (59)
D/umd.troyd( 1314): android.widget.TextView: 24.31 (60)
D/umd.troyd( 1314): android.widget.TextView: miles (61)
D/umd.troyd( 1314): android.widget.TextView:  (62)
D/umd.troyd( 1314): android.widget.ImageView@405fd250: 2131558517 (63)
D/umd.troyd( 1314): android.widget.LinearLayout@40693d18: -1 (64)
D/umd.troyd( 1314): android.widget.RelativeLayout@406b8ac0: -1 (65)
D/umd.troyd( 1314): android.widget.RelativeLayout@406bcc88: -1 (66)
D/umd.troyd( 1314): android.widget.TextView: Walmart Store (67)
D/umd.troyd( 1314): android.widget.TextView: 209 E Ridgeville Blvd (68)
D/umd.troyd( 1314): android.widget.TextView: Mount Airy, MD 21771 (69)
D/umd.troyd( 1314): android.widget.RelativeLayout@40763578: -1 (70)
D/umd.troyd( 1314): android.widget.LinearLayout@40763cd0: 2131558801 (71)
D/umd.troyd( 1314): android.widget.TextView: 25.17 (72)
D/umd.troyd( 1314): android.widget.TextView: miles (73)
D/umd.troyd( 1314): android.widget.TextView:  (74)
D/umd.troyd( 1314): android.widget.ImageView@405cc4b8: 2131558517 (75)
D/umd.troyd( 1314): android.widget.LinearLayout@40517ee8: -1 (76)
D/umd.troyd( 1314): android.widget.RelativeLayout@40518750: -1 (77)
D/umd.troyd( 1314): android.widget.RelativeLayout@40581ba0: -1 (78)
D/umd.troyd( 1314): android.widget.TextView: Walmart Store (79)
D/umd.troyd( 1314): android.widget.TextView: 7910 Richmond Hwy (80)
D/umd.troyd( 1314): android.widget.TextView: Alexandria, VA 22306 (81)
D/umd.troyd( 1314): android.widget.RelativeLayout@406108b0: -1 (82)
D/umd.troyd( 1314): android.widget.LinearLayout@40623aa8: 2131558801 (83)
D/umd.troyd( 1314): android.widget.TextView: 26.33 (84)
D/umd.troyd( 1314): android.widget.TextView: miles (85)
D/umd.troyd( 1314): android.widget.TextView:  (86)
D/umd.troyd( 1314): android.widget.ImageView@40660a68: 2131558517 (87)
D/umd.troyd( 1314): android.widget.RelativeLayout@4071b288: 2131558541 (88)
D/umd.troyd( 1314): android.widget.GridView@4071be00: 2131558824 (89)
D/umd.troyd( 1314): android.widget.LinearLayout@4071cf80: 2131558538 (90)
D/umd.troyd( 1314): android.widget.RelativeLayout@4071d978: 2131558818 (91)
D/umd.troyd( 1314): android.widget.ImageButton@4071e2c8: 2131558819 (92)
D/umd.troyd( 1314): android.widget.RelativeLayout@4071e7e0: -1 (93)
D/umd.troyd( 1314): android.widget.ImageView@4071ebd0: 2131558820 (94)
D/umd.troyd( 1314): android.widget.TextView: Stores (95)
D/umd.troyd( 1314): android.widget.RelativeLayout@4071fad8: -1 (96)
D/umd.troyd( 1314): android.widget.Button:  (97)
D/umd.troyd( 1314): android.widget.ImageView@40720648: 2131558823 (98)
D/umd.troyd( 1314): android.widget.LinearLayout@407208d8: 2131558542 (99)
