android.widget.FrameLayout@405e0ee8
android.widget.RelativeLayout@405297a8
android.widget.LinearLayout@405d19a8
android.view.View@40725ac0
android.widget.RelativeLayout@405d5a68
android.widget.TextView: Regular
android.view.View@4054f598
android.view.View@407227e8
android.widget.RelativeLayout@406ae918
android.widget.TextView: Midgrade
android.view.View@40656418
android.view.View@40725860
android.widget.RelativeLayout@40676008
android.widget.TextView: Premium
android.view.View@405ecce0
android.view.View@40725990
android.widget.RelativeLayout@4071bb20
android.widget.TextView: Diesel
android.view.View@407224b0
android.view.View@40725be0
android.view.View@406b9e60
android.widget.LinearLayout@406bab48
android.widget.RelativeLayout@4055c678
android.widget.ImageView@405e5008
android.widget.TextView: Reload
android.widget.RelativeLayout@406bad98
android.widget.ImageView@406bc5f8
android.widget.TextView: Sort By Price
android.widget.RelativeLayout@406c4b70
android.widget.ImageView@406cd6d8
android.widget.TextView: Map View
android.view.View@406d4530
gbis.gbandroid.views.layouts.CustomListView@40652138
android.widget.RelativeLayout@405a1730
com.google.ads.AdView@40669310
android.gesture.GestureOverlayView@406c6220
android.widget.FrameLayout@405c5520
com.google.ads.internal.AdWebView@40680cf0
android.widget.TableLayout@40719d28
android.widget.TableRow@4071c550
android.widget.RelativeLayout@4071cc10
android.widget.RelativeLayout@4071cfe8
android.widget.TextView: 3.29
android.widget.TextView: 9
android.widget.TextView: 20 hours ago
android.widget.TextView: Update
android.widget.RelativeLayout@40722c70
android.widget.ImageView@40723048
android.widget.TextView: Shell
android.widget.TextView: 2105 S College Ave & US-287
android.widget.TextView: Decatur, TX
android.widget.TextView: 1.14 mi
android.widget.TableLayout@40707d38
android.widget.TableRow@407081d8
android.widget.RelativeLayout@40708898
android.widget.RelativeLayout@40708c70
android.widget.TextView: 3.19
android.widget.TextView: 9
android.widget.TextView: Mon 8:58 AM
android.widget.TextView: Update
android.widget.RelativeLayout@4070ebe0
android.widget.ImageView@4070ef80
android.widget.TextView: Shell
android.widget.TextView: 1306 E US-380 Bus & FM-51
android.widget.TextView: Decatur, TX
android.widget.TextView: 1.37 mi
android.widget.TableLayout@406ecd90
android.widget.TableRow@406ed360
android.widget.RelativeLayout@406efc30
android.widget.RelativeLayout@406f0008
android.widget.TextView: --
android.widget.TextView: 9
android.widget.TextView: Mon 8:58 AM
android.widget.TextView: Report Price
android.widget.RelativeLayout@406f3d38
android.widget.ImageView@406f4110
android.widget.TextView: Alon
android.widget.TextView: 201 N Cates St & E Walnut St
android.widget.TextView: Decatur, TX
android.widget.TextView: 1.43 mi
android.widget.TableLayout@406cb2e0
android.widget.TableRow@406ce1b0
android.widget.RelativeLayout@406d1578
android.widget.RelativeLayout@406d1a28
android.widget.TextView: 3.15
android.widget.TextView: 9
android.widget.TextView: 20 hours ago
android.widget.TextView: Update
android.widget.RelativeLayout@406d5988
android.widget.ImageView@406d8238
android.widget.TextView: Alon
android.widget.TextView: 1305 S US-287  & S Trenchard St
android.widget.TextView: Decatur, TX
android.widget.TextView: 1.58 mi
android.widget.RelativeLayout@40656b90
android.widget.FrameLayout@405e0ee8
android.widget.RelativeLayout@405297a8
android.widget.LinearLayout@405d19a8
android.view.View@40725ac0
android.widget.RelativeLayout@405d5a68
android.widget.TextView: Regular
android.view.View@4054f598
android.view.View@407227e8
android.widget.RelativeLayout@406ae918
android.widget.TextView: Midgrade
android.view.View@40656418
android.view.View@40725860
android.widget.RelativeLayout@40676008
android.widget.TextView: Premium
android.view.View@405ecce0
android.view.View@40725990
android.widget.RelativeLayout@4071bb20
android.widget.TextView: Diesel
android.view.View@407224b0
android.view.View@40725be0
android.view.View@406b9e60
android.widget.LinearLayout@406bab48
android.widget.RelativeLayout@4055c678
android.widget.ImageView@405e5008
android.widget.TextView: Reload
android.widget.RelativeLayout@406bad98
android.widget.ImageView@406bc5f8
android.widget.TextView: Sort By Price
android.widget.RelativeLayout@406c4b70
android.widget.ImageView@406cd6d8
android.widget.TextView: Map View
android.view.View@406d4530
gbis.gbandroid.views.layouts.CustomListView@40652138
android.widget.TableLayout@406cb2e0
android.widget.TableRow@406ce1b0
android.widget.RelativeLayout@406d1578
android.widget.RelativeLayout@406d1a28
android.widget.TextView: 3.15
android.widget.TextView: 9
android.widget.TextView: 20 hours ago
android.widget.TextView: Update
android.widget.RelativeLayout@406d5988
android.widget.ImageView@406d8238
android.widget.TextView: Alon
android.widget.TextView: 1305 S US-287  & S Trenchard St
android.widget.TextView: Decatur, TX
android.widget.TextView: 1.58 mi
android.widget.TableLayout@40795dd0
android.widget.TableRow@407963a0
android.widget.RelativeLayout@40796a60
android.widget.RelativeLayout@40796e38
android.widget.TextView: 3.15
android.widget.TextView: 9
android.widget.TextView: 51 minutes ago
android.widget.TextView: Update
android.widget.RelativeLayout@40798648
android.widget.ImageView@40798a20
android.widget.TextView: Exxon
android.widget.TextView: 1105 S FM-51 & US-287
android.widget.TextView: Decatur, TX
android.widget.TextView: 1.71 mi
android.widget.TableLayout@407a6408
android.widget.TableRow@407a69d8
android.widget.RelativeLayout@407a7098
android.widget.RelativeLayout@407a7470
android.widget.TextView: 3.15
android.widget.TextView: 9
android.widget.TextView: 51 minutes ago
android.widget.TextView: Update
android.widget.RelativeLayout@407a8c80
android.widget.ImageView@407a9058
android.widget.TextView: Unbranded
android.widget.TextView: 1210 S FM-51 & W Reeves Ave
android.widget.TextView: Decatur, TX
android.widget.TextView: 1.74 mi
android.widget.TableLayout@4050f088
android.widget.TableRow@40582140
android.widget.RelativeLayout@4059d9e0
android.widget.RelativeLayout@405a4ef0
android.widget.TextView: 3.15
android.widget.TextView: 9
android.widget.TextView: 20 hours ago
android.widget.TextView: Update
android.widget.RelativeLayout@40600048
android.widget.ImageView@4063a1f0
android.widget.TextView: Murphy USA
android.widget.TextView: 806 S US-287 & FM-51
android.widget.TextView: Decatur, TX
android.widget.TextView: 1.81 mi
android.widget.TableLayout@40585388
android.widget.TableRow@405964d0
android.widget.RelativeLayout@4060e350
android.widget.RelativeLayout@4064dbf0
android.widget.TextView: 3.14
android.widget.TextView: 9
android.widget.TextView: 4 hours ago
android.widget.TextView: Update
android.widget.RelativeLayout@40664880
android.widget.ImageView@40652490
android.widget.TextView: Chevron
android.widget.TextView: 114 US-287 N  & W Walnut St
android.widget.TextView: Decatur, TX
android.widget.TextView: 2.04 mi
android.widget.RelativeLayout@40656b90
android.widget.FrameLayout@405e0ee8
android.widget.RelativeLayout@405297a8
android.widget.LinearLayout@405d19a8
android.view.View@40725ac0
android.widget.RelativeLayout@405d5a68
android.widget.TextView: Regular
android.view.View@4054f598
android.view.View@407227e8
android.widget.RelativeLayout@406ae918
android.widget.TextView: Midgrade
android.view.View@40656418
android.view.View@40725860
android.widget.RelativeLayout@40676008
android.widget.TextView: Premium
android.view.View@405ecce0
android.view.View@40725990
android.widget.RelativeLayout@4071bb20
android.widget.TextView: Diesel
android.view.View@407224b0
android.view.View@40725be0
android.view.View@406b9e60
android.widget.LinearLayout@406bab48
android.widget.RelativeLayout@4055c678
android.widget.ImageView@405e5008
android.widget.TextView: Reload
android.widget.RelativeLayout@406bad98
android.widget.ImageView@406bc5f8
android.widget.TextView: Sort By Price
android.widget.RelativeLayout@406c4b70
android.widget.ImageView@406cd6d8
android.widget.TextView: Map View
android.view.View@406d4530
gbis.gbandroid.views.layouts.CustomListView@40652138
android.widget.TableLayout@40585388
android.widget.TableRow@405964d0
android.widget.RelativeLayout@4060e350
android.widget.RelativeLayout@4064dbf0
android.widget.TextView: 3.14
android.widget.TextView: 9
android.widget.TextView: 4 hours ago
android.widget.TextView: Update
android.widget.RelativeLayout@40664880
android.widget.ImageView@40652490
android.widget.TextView: Chevron
android.widget.TextView: 114 US-287 N  & W Walnut St
android.widget.TextView: Decatur, TX
android.widget.TextView: 2.04 mi
android.widget.TableLayout@40600280
android.widget.TableRow@40668788
android.widget.RelativeLayout@4066ee18
android.widget.RelativeLayout@406c2eb8
android.widget.TextView: 3.19
android.widget.TextView: 9
android.widget.TextView: 4 hours ago
android.widget.TextView: Update
android.widget.RelativeLayout@406d29b0
android.widget.ImageView@40663ae8
android.widget.TextView: Shell
android.widget.TextView: 200 US-287 N  & W Walnut St
android.widget.TextView: Decatur, TX
android.widget.TextView: 2.07 mi
android.widget.TableLayout@40605ab0
android.widget.TableRow@4070ae78
android.widget.RelativeLayout@406d42b8
android.widget.RelativeLayout@406d4760
android.widget.TextView: 3.15
android.widget.TextView: 9
android.widget.TextView: 4 hours ago
android.widget.TextView: Update
android.widget.RelativeLayout@406d60b8
android.widget.ImageView@40666718
android.widget.TextView: Texaco
android.widget.TextView: 1105 N US-287 & FM-1810
android.widget.TextView: Decatur, TX
android.widget.TextView: 2.74 mi
android.widget.TableLayout@40605c58
android.widget.TableRow@4070e768
android.widget.RelativeLayout@406d7978
android.widget.RelativeLayout@406d7e20
android.widget.TextView: --
android.widget.TextView: 9
android.widget.TextView: time
android.widget.TextView: Report Price
android.widget.RelativeLayout@406d9778
android.widget.ImageView@4067dfa0
android.widget.TextView: Oliver Creek Store
android.widget.TextView: 4880 FM-2264 & CR-4421
android.widget.TextView: Decatur, TX
android.widget.TextView: 8.49 mi
android.widget.TableLayout@4060db00
android.widget.TableRow@4071c1d8
android.widget.RelativeLayout@406dd790
android.widget.RelativeLayout@406df238
android.widget.TextView: --
android.widget.TextView: 9
android.widget.TextView: time
android.widget.TextView: Report Price
android.widget.RelativeLayout@406fd598
android.widget.ImageView@40690768
android.widget.TextView: Phillips 66
android.widget.TextView: 217 E Rock Island Ave & Hitt St
android.widget.TextView: Boyd, TX
android.widget.TextView: 9.81 mi
android.widget.RelativeLayout@40656b90
android.widget.FrameLayout@405e0ee8
android.widget.RelativeLayout@405297a8
android.widget.LinearLayout@405d19a8
android.view.View@40725ac0
android.widget.RelativeLayout@405d5a68
android.widget.TextView: Regular
android.view.View@4054f598
android.view.View@407227e8
android.widget.RelativeLayout@406ae918
android.widget.TextView: Midgrade
android.view.View@40656418
android.view.View@40725860
android.widget.RelativeLayout@40676008
android.widget.TextView: Premium
android.view.View@405ecce0
android.view.View@40725990
android.widget.RelativeLayout@4071bb20
android.widget.TextView: Diesel
android.view.View@407224b0
android.view.View@40725be0
android.view.View@406b9e60
android.widget.LinearLayout@406bab48
android.widget.RelativeLayout@4055c678
android.widget.ImageView@405e5008
android.widget.TextView: Reload
android.widget.RelativeLayout@406bad98
android.widget.ImageView@406bc5f8
android.widget.TextView: Sort By Price
android.widget.RelativeLayout@406c4b70
android.widget.ImageView@406cd6d8
android.widget.TextView: Map View
android.view.View@406d4530
gbis.gbandroid.views.layouts.CustomListView@40652138
android.widget.TableLayout@4060db00
android.widget.TableRow@4071c1d8
android.widget.RelativeLayout@406dd790
android.widget.RelativeLayout@406df238
android.widget.TextView: --
android.widget.TextView: 9
android.widget.TextView: time
android.widget.TextView: Report Price
android.widget.RelativeLayout@406fd598
android.widget.ImageView@40690768
android.widget.TextView: Phillips 66
android.widget.TextView: 217 E Rock Island Ave & Hitt St
android.widget.TextView: Boyd, TX
android.widget.TextView: 9.81 mi
android.widget.TableLayout@407a54f0
android.widget.TableRow@40611328
android.widget.RelativeLayout@4062e1d0
android.widget.RelativeLayout@40638918
android.widget.TextView: --
android.widget.TextView: 9
android.widget.TextView: time
android.widget.TextView: Report Price
android.widget.RelativeLayout@406946d0
android.widget.ImageView@407169b8
android.widget.TextView: Conoco
android.widget.TextView: 400 E Rock Island Ave & SH-114
android.widget.TextView: Boyd, TX
android.widget.TextView: 9.85 mi
android.widget.TableLayout@406e0730
android.widget.TableRow@406fb188
android.widget.RelativeLayout@4067b198
android.widget.RelativeLayout@4071b750
android.widget.TextView: --
android.widget.TextView: 9
android.widget.TextView: time
android.widget.TextView: Report Price
android.widget.RelativeLayout@40724e58
android.widget.ImageView@40581f68
android.widget.TextView: Valero
android.widget.TextView: 108 S Allen St & Rock Island Ave
android.widget.TextView: Boyd, TX
android.widget.TextView: 9.85 mi
android.widget.TableLayout@40589730
android.widget.TableRow@40663710
android.widget.RelativeLayout@405e8608
android.widget.RelativeLayout@406040e8
android.widget.TextView: --
android.widget.TextView: 9
android.widget.TextView: time
android.widget.TextView: Report Price
android.widget.RelativeLayout@40728ca8
android.widget.ImageView@4076fac8
android.widget.TextView: Texaco
android.widget.TextView: 101 FM-407 & US-287
android.widget.TextView: Rhome, TX
android.widget.TextView: 9.95 mi
android.widget.TableLayout@4067a0e8
android.widget.TableRow@406842d0
android.widget.RelativeLayout@40691c70
android.widget.RelativeLayout@40697450
android.widget.TextView: --
android.widget.TextView: 9
android.widget.TextView: time
android.widget.TextView: Report Price
android.widget.RelativeLayout@405f4fa8
android.widget.ImageView@406a3fb0
android.widget.TextView: Exxon
android.widget.TextView: 490 W Rock Island  & Knox Ave
android.widget.TextView: Boyd, TX
android.widget.TextView: 10.01 mi
android.widget.RelativeLayout@40656b90
android.widget.FrameLayout@405e0ee8
android.widget.RelativeLayout@405297a8
android.widget.LinearLayout@405d19a8
android.view.View@40725ac0
android.widget.RelativeLayout@405d5a68
android.widget.TextView: Regular
android.view.View@4054f598
android.view.View@407227e8
android.widget.RelativeLayout@406ae918
android.widget.TextView: Midgrade
android.view.View@40656418
android.view.View@40725860
android.widget.RelativeLayout@40676008
android.widget.TextView: Premium
android.view.View@405ecce0
android.view.View@40725990
android.widget.RelativeLayout@4071bb20
android.widget.TextView: Diesel
android.view.View@407224b0
android.view.View@40725be0
android.view.View@406b9e60
android.widget.LinearLayout@406bab48
android.widget.RelativeLayout@4055c678
android.widget.ImageView@405e5008
android.widget.TextView: Reload
android.widget.RelativeLayout@406bad98
android.widget.ImageView@406bc5f8
android.widget.TextView: Sort By Price
android.widget.RelativeLayout@406c4b70
android.widget.ImageView@406cd6d8
android.widget.TextView: Map View
android.view.View@406d4530
gbis.gbandroid.views.layouts.CustomListView@40652138
android.widget.TableLayout@40682a18
android.widget.TableRow@40685720
android.widget.RelativeLayout@4068d5b0
android.widget.RelativeLayout@4068d8e8
android.widget.TextView: --
android.widget.TextView: 9
android.widget.TextView: 59 minutes ago
android.widget.TextView: Report Price
android.widget.RelativeLayout@406541b0
android.widget.ImageView@4067d900
android.widget.TextView: Exxon
android.widget.TextView: 490 W Rock Island  & Knox Ave
android.widget.TextView: Boyd, TX
android.widget.TextView: 10.01 mi
android.widget.TableLayout@40673b48
android.widget.TableRow@40688440
android.widget.RelativeLayout@4069d298
android.widget.RelativeLayout@4057ecb8
android.widget.TextView: --
android.widget.TextView: 9
android.widget.TextView: 50 minutes ago
android.widget.TextView: Report Price
android.widget.RelativeLayout@406182b8
android.widget.ImageView@4061f390
android.widget.TextView: Phillips 66
android.widget.TextView: 1605 16th St & Thompson St
android.widget.TextView: Bridgeport, TX
android.widget.TextView: 10.81 mi
android.widget.TableLayout@40664ae0
android.widget.TableRow@406354d8
android.widget.RelativeLayout@406908d0
android.widget.RelativeLayout@4060e5d8
android.widget.TextView: 3.19
android.widget.TextView: 9
android.widget.TextView: 29 minutes ago
android.widget.TextView: Update
android.widget.RelativeLayout@406bd4e8
android.widget.ImageView@4073e768
android.widget.TextView: Brookshire's
android.widget.TextView: 1203 US-380 & SH-101
android.widget.TextView: Bridgeport, TX
android.widget.TextView: 10.99 mi
android.widget.TableLayout@4073f3c0
android.widget.TableRow@40583a18
android.widget.RelativeLayout@40613120
android.widget.RelativeLayout@40647db8
android.widget.TextView: 3.29
android.widget.TextView: 9
android.widget.TextView: 50 minutes ago
android.widget.TextView: Update
android.widget.RelativeLayout@4070ab60
android.widget.ImageView@406444b8
android.widget.TextView: Mobil
android.widget.TextView: 806 13th St & Cobb St
android.widget.TextView: Bridgeport, TX
android.widget.TextView: 11.04 mi
android.widget.RelativeLayout@40656b90
android.widget.FrameLayout@405e0ee8
android.widget.RelativeLayout@405297a8
android.widget.LinearLayout@405d19a8
android.view.View@40725ac0
android.widget.RelativeLayout@405d5a68
android.widget.TextView: Regular
android.view.View@4054f598
android.view.View@407227e8
android.widget.RelativeLayout@406ae918
android.widget.TextView: Midgrade
android.view.View@40656418
android.view.View@40725860
android.widget.RelativeLayout@40676008
android.widget.TextView: Premium
android.view.View@405ecce0
android.view.View@40725990
android.widget.RelativeLayout@4071bb20
android.widget.TextView: Diesel
android.view.View@407224b0
android.view.View@40725be0
android.view.View@406b9e60
android.widget.LinearLayout@406bab48
android.widget.RelativeLayout@4055c678
android.widget.ImageView@405e5008
android.widget.TextView: Reload
android.widget.RelativeLayout@406bad98
android.widget.ImageView@406bc5f8
android.widget.TextView: Sort By Price
android.widget.RelativeLayout@406c4b70
android.widget.ImageView@406cd6d8
android.widget.TextView: Map View
android.view.View@406d4530
gbis.gbandroid.views.layouts.CustomListView@40652138
android.widget.TableLayout@4073f3c0
android.widget.TableRow@40583a18
android.widget.RelativeLayout@40613120
android.widget.RelativeLayout@40647db8
android.widget.TextView: 3.29
android.widget.TextView: 9
android.widget.TextView: 50 minutes ago
android.widget.TextView: Update
android.widget.RelativeLayout@4070ab60
android.widget.ImageView@406444b8
android.widget.TextView: Mobil
android.widget.TextView: 806 13th St & Cobb St
android.widget.TextView: Bridgeport, TX
android.widget.TextView: 11.04 mi
android.widget.TableLayout@4067a0e8
android.widget.TableRow@406842d0
android.widget.RelativeLayout@40691c70
android.widget.RelativeLayout@40697450
android.widget.TextView: 3.36
android.widget.TextView: 9
android.widget.TextView: 59 minutes ago
android.widget.TextView: Update
android.widget.RelativeLayout@405f4fa8
android.widget.ImageView@406a3fb0
android.widget.TextView: Phillips 66
android.widget.TextView: 206 Cates St & 2nd St
android.widget.TextView: Bridgeport, TX
android.widget.TextView: 11.72 mi
android.widget.TableLayout@4050f088
android.widget.TableRow@40583220
android.widget.RelativeLayout@4055a538
android.widget.RelativeLayout@4058be58
android.widget.TextView: 3.19
android.widget.TextView: 9
android.widget.TextView: 1 hour ago
android.widget.TextView: Update
android.widget.RelativeLayout@4059d9e0
android.widget.ImageView@4054f060
android.widget.TextView: Conoco
android.widget.TextView: 1701 Chico Hwy & Lake Rd  
android.widget.TextView: Bridgeport, TX
android.widget.TextView: 11.75 mi
android.widget.TableLayout@40585388
android.widget.TableRow@40614d20
android.widget.RelativeLayout@405a4ef0
android.widget.RelativeLayout@4060e350
android.widget.TextView: 3.29
android.widget.TextView: 9
android.widget.TextView: 1 hour ago
android.widget.TextView: Update
android.widget.RelativeLayout@406397a8
android.widget.ImageView@40581b90
android.widget.TextView: Valero
android.widget.TextView: 101 W US-380 & SH-101
android.widget.TextView: Bridgeport, TX
android.widget.TextView: 11.83 mi
android.widget.TableLayout@405b1658
android.widget.TableRow@40617928
android.widget.RelativeLayout@40664880
android.widget.RelativeLayout@4067c638
android.widget.TextView: 3.29
android.widget.TextView: 9
android.widget.TextView: 1 hour ago
android.widget.TextView: Update
android.widget.RelativeLayout@4067e4a0
android.widget.ImageView@4063a1f0
android.widget.TextView: Exxon
android.widget.TextView: 99 US-380 & SH-101
android.widget.TextView: Bridgeport, TX
android.widget.TextView: 11.87 mi
android.widget.RelativeLayout@40656b90
android.widget.FrameLayout@405e0ee8
android.widget.RelativeLayout@405297a8
android.widget.LinearLayout@405d19a8
android.view.View@40725ac0
android.widget.RelativeLayout@405d5a68
android.widget.TextView: Regular
android.view.View@4054f598
android.view.View@407227e8
android.widget.RelativeLayout@406ae918
android.widget.TextView: Midgrade
android.view.View@40656418
android.view.View@40725860
android.widget.RelativeLayout@40676008
android.widget.TextView: Premium
android.view.View@405ecce0
android.view.View@40725990
android.widget.RelativeLayout@4071bb20
android.widget.TextView: Diesel
android.view.View@407224b0
android.view.View@40725be0
android.view.View@406b9e60
android.widget.LinearLayout@406bab48
android.widget.RelativeLayout@4055c678
android.widget.ImageView@405e5008
android.widget.TextView: Reload
android.widget.RelativeLayout@406bad98
android.widget.ImageView@406bc5f8
android.widget.TextView: Sort By Price
android.widget.RelativeLayout@406c4b70
android.widget.ImageView@406cd6d8
android.widget.TextView: Map View
android.view.View@406d4530
gbis.gbandroid.views.layouts.CustomListView@40652138
android.widget.TableLayout@405b1658
android.widget.TableRow@40617928
android.widget.RelativeLayout@40664880
android.widget.RelativeLayout@4067c638
android.widget.TextView: 3.29
android.widget.TextView: 9
android.widget.TextView: 1 hour ago
android.widget.TextView: Update
android.widget.RelativeLayout@4067e4a0
android.widget.ImageView@4063a1f0
android.widget.TextView: Exxon
android.widget.TextView: 99 US-380 & SH-101
android.widget.TextView: Bridgeport, TX
android.widget.TextView: 11.87 mi
android.widget.TableLayout@40605c58
android.widget.TableRow@4064e1e0
android.widget.RelativeLayout@406f0ec0
android.widget.RelativeLayout@406ff048
android.widget.TextView: 3.10
android.widget.TextView: 9
android.widget.TextView: Mon 7:49 AM
android.widget.TextView: Update
android.widget.RelativeLayout@4061f6c8
android.widget.ImageView@40646be0
android.widget.TextView: JJ Truck stop
android.widget.TextView: 17997 US-380 W & FM-2622
android.widget.TextView: Ponder, TX
android.widget.TextView: 12.21 mi
android.widget.TableLayout@4062ec78
android.widget.TableRow@406a03a0
android.widget.RelativeLayout@406256a0
android.widget.RelativeLayout@40663ce0
android.widget.TextView: 3.15
android.widget.TextView: 9
android.widget.TextView: 4 hours ago
android.widget.TextView: Update
android.widget.RelativeLayout@406fd598
android.widget.ImageView@406490b0
android.widget.TextView: Love's
android.widget.TextView: 4800 E SH-114 & US-287
android.widget.TextView: Rhome, TX
android.widget.TextView: 12.24 mi
android.widget.TableLayout@40634468
android.widget.TableRow@406ce1b0
android.widget.RelativeLayout@405cb008
android.widget.RelativeLayout@405e0b50
android.widget.TextView: --
android.widget.TextView: 9
android.widget.TextView: time
android.widget.TextView: Report Price
android.widget.RelativeLayout@4063f270
android.widget.ImageView@40663ae8
android.widget.TextView: Valero
android.widget.TextView: 2000 Illinois St & Rhome To Justin Rd
android.widget.TextView: Rhome, TX
android.widget.TextView: 12.31 mi
android.widget.TableLayout@4063b6a0
android.widget.TableRow@406d4750
android.widget.RelativeLayout@40669838
android.widget.RelativeLayout@4066bf40
android.widget.TextView: 3.27
android.widget.TextView: 9
android.widget.TextView: 4 hours ago
android.widget.TextView: Update
android.widget.RelativeLayout@40680558
android.widget.ImageView@40666718
android.widget.TextView: Shell
android.widget.TextView: 806 W State St & US-287
android.widget.TextView: Alvord, TX
android.widget.TextView: 12.39 mi
android.widget.RelativeLayout@40656b90
android.widget.FrameLayout@405e0ee8
android.widget.RelativeLayout@405297a8
android.widget.LinearLayout@405d19a8
android.view.View@40725ac0
android.widget.RelativeLayout@405d5a68
android.widget.TextView: Regular
android.view.View@4054f598
android.view.View@407227e8
android.widget.RelativeLayout@406ae918
android.widget.TextView: Midgrade
android.view.View@40656418
android.view.View@40725860
android.widget.RelativeLayout@40676008
android.widget.TextView: Premium
android.view.View@405ecce0
android.view.View@40725990
android.widget.RelativeLayout@4071bb20
android.widget.TextView: Diesel
android.view.View@407224b0
android.view.View@40725be0
android.view.View@406b9e60
android.widget.LinearLayout@406bab48
android.widget.RelativeLayout@4055c678
android.widget.ImageView@405e5008
android.widget.TextView: Reload
android.widget.RelativeLayout@406bad98
android.widget.ImageView@406bc5f8
android.widget.TextView: Sort By Price
android.widget.RelativeLayout@406c4b70
android.widget.ImageView@406cd6d8
android.widget.TextView: Map View
android.view.View@406d4530
gbis.gbandroid.views.layouts.CustomListView@40652138
android.widget.TableLayout@4063b6a0
android.widget.TableRow@406d4750
android.widget.RelativeLayout@40669838
android.widget.RelativeLayout@4066bf40
android.widget.TextView: 3.27
android.widget.TextView: 9
android.widget.TextView: 4 hours ago
android.widget.TextView: Update
android.widget.RelativeLayout@40680558
android.widget.ImageView@40666718
android.widget.TextView: Shell
android.widget.TextView: 806 W State St & US-287
android.widget.TextView: Alvord, TX
android.widget.TextView: 12.39 mi
android.widget.TableLayout@406d8238
android.widget.TableRow@405f7108
android.widget.RelativeLayout@4068ee18
android.widget.RelativeLayout@406e26a0
android.widget.TextView: 3.19
android.widget.TextView: 9
android.widget.TextView: 14 hours ago
android.widget.TextView: Update
android.widget.RelativeLayout@40648658
android.widget.ImageView@4071d718
android.widget.TextView: Exxon
android.widget.TextView: 405 W BC Rhome Ave & US-287  
android.widget.TextView: Rhome, TX
android.widget.TextView: 12.48 mi
android.widget.TableLayout@406c2ea8
android.widget.TableRow@40630f58
android.widget.RelativeLayout@40663710
android.widget.RelativeLayout@406ddcb0
android.widget.TextView: 3.17
android.widget.TextView: 9
android.widget.TextView: Mon 10:27 AM
android.widget.TextView: Update
android.widget.RelativeLayout@40632690
android.widget.ImageView@40602758
android.widget.TextView: Phillips 66
android.widget.TextView: 17605 US-380 W  & County Line Rd
android.widget.TextView: Ponder, TX
android.widget.TextView: 12.62 mi
android.widget.TableLayout@406ab360
android.widget.TableRow@4077cfb0
android.widget.RelativeLayout@40513298
android.widget.RelativeLayout@4064f0b0
android.widget.TextView: --
android.widget.TextView: 9
android.widget.TextView: time
android.widget.TextView: Report Price
android.widget.RelativeLayout@4058d368
android.widget.ImageView@405ff8f8
android.widget.TextView: Phillips 66
android.widget.TextView: 100 N Main St & E 1st St
android.widget.TextView: Rhome, TX
android.widget.TextView: 12.73 mi
android.widget.TableLayout@407a5ff0
android.widget.TableRow@4064b030
android.widget.RelativeLayout@40662070
android.widget.RelativeLayout@406b4498
android.widget.TextView: --
android.widget.TextView: 9
android.widget.TextView: time
android.widget.TextView: Report Price
android.widget.RelativeLayout@405f5850
android.widget.ImageView@40693608
android.widget.TextView: Shell
android.widget.TextView: 700 South Main & Hwy 287
android.widget.TextView: Rhome, TX
android.widget.TextView: 13.13 mi
android.widget.RelativeLayout@40656b90
android.widget.FrameLayout@405e0ee8
android.widget.RelativeLayout@405297a8
android.widget.LinearLayout@405d19a8
android.view.View@40725ac0
android.widget.RelativeLayout@405d5a68
android.widget.TextView: Regular
android.view.View@4054f598
android.view.View@407227e8
android.widget.RelativeLayout@406ae918
android.widget.TextView: Midgrade
android.view.View@40656418
android.view.View@40725860
android.widget.RelativeLayout@40676008
android.widget.TextView: Premium
android.view.View@405ecce0
android.view.View@40725990
android.widget.RelativeLayout@4071bb20
android.widget.TextView: Diesel
android.view.View@407224b0
android.view.View@40725be0
android.view.View@406b9e60
android.widget.LinearLayout@406bab48
android.widget.RelativeLayout@4055c678
android.widget.ImageView@405e5008
android.widget.TextView: Reload
android.widget.RelativeLayout@406bad98
android.widget.ImageView@406bc5f8
android.widget.TextView: Sort By Price
android.widget.RelativeLayout@406c4b70
android.widget.ImageView@406cd6d8
android.widget.TextView: Map View
android.view.View@406d4530
gbis.gbandroid.views.layouts.CustomListView@40652138
android.widget.TableLayout@407a5ff0
android.widget.TableRow@4064b030
android.widget.RelativeLayout@40662070
android.widget.RelativeLayout@406b4498
android.widget.TextView: --
android.widget.TextView: 9
android.widget.TextView: time
android.widget.TextView: Report Price
android.widget.RelativeLayout@405f5850
android.widget.ImageView@40693608
android.widget.TextView: Shell
android.widget.TextView: 700 South Main & Hwy 287
android.widget.TextView: Rhome, TX
android.widget.TextView: 13.13 mi
android.widget.TableLayout@406ff2d8
android.widget.TableRow@406ff798
android.widget.RelativeLayout@4071ea28
android.widget.RelativeLayout@406660e0
android.widget.TextView: --
android.widget.TextView: 9
android.widget.TextView: time
android.widget.TextView: Report Price
android.widget.RelativeLayout@4079bcb0
android.widget.ImageView@40637b40
android.widget.TextView: Mobil
android.widget.TextView: 10326 S US-287 & FM-3433
android.widget.TextView: Rhome, TX
android.widget.TextView: 13.3 mi
android.widget.TableLayout@4063d448
android.widget.TableRow@40676618
android.widget.RelativeLayout@40660c28
android.widget.RelativeLayout@40660fe0
android.widget.TextView: --
android.widget.TextView: 9
android.widget.TextView: time
android.widget.TextView: Report Price
android.widget.RelativeLayout@40710560
android.widget.ImageView@40710938
android.widget.TextView: Shamrock
android.widget.TextView: FM-2123 & Draco Rd
android.widget.TextView: Paradise, TX
android.widget.TextView: 13.35 mi
android.widget.TableLayout@406f4e98
android.widget.TableRow@406fb9d8
android.widget.RelativeLayout@406fc058
android.widget.RelativeLayout@407060c8
android.widget.TextView: 3.39
android.widget.TextView: 9
android.widget.TextView: 1 hour ago
android.widget.TextView: Update
android.widget.RelativeLayout@40759ff0
android.widget.ImageView@4075a2e8
android.widget.TextView: Phillips 66
android.widget.TextView: 303 E Sherman & SH-101
android.widget.TextView: Chico, TX
android.widget.TextView: 14.16 mi
android.widget.TableLayout@406ead88
android.widget.TableRow@40635a90
android.widget.RelativeLayout@40636060
android.widget.RelativeLayout@40616428
android.widget.TextView: 3.29
android.widget.TextView: 9
android.widget.TextView: 1 hour ago
android.widget.TextView: Update
android.widget.RelativeLayout@406db860
android.widget.ImageView@406937f8
android.widget.TextView: Alon
android.widget.TextView: 106 S SH-101 & Decatur
android.widget.TextView: Chico, TX
android.widget.TextView: 14.21 mi
android.widget.RelativeLayout@40656b90
android.widget.FrameLayout@405e0ee8
android.widget.RelativeLayout@405297a8
android.widget.LinearLayout@405d19a8
android.view.View@40725ac0
android.widget.RelativeLayout@405d5a68
android.widget.TextView: Regular
android.view.View@4054f598
android.view.View@407227e8
android.widget.RelativeLayout@406ae918
android.widget.TextView: Midgrade
android.view.View@40656418
android.view.View@40725860
android.widget.RelativeLayout@40676008
android.widget.TextView: Premium
android.view.View@405ecce0
android.view.View@40725990
android.widget.RelativeLayout@4071bb20
android.widget.TextView: Diesel
android.view.View@407224b0
android.view.View@40725be0
android.view.View@406b9e60
android.widget.LinearLayout@406bab48
android.widget.RelativeLayout@4055c678
android.widget.ImageView@405e5008
android.widget.TextView: Reload
android.widget.RelativeLayout@406bad98
android.widget.ImageView@406bc5f8
android.widget.TextView: Sort By Price
android.widget.RelativeLayout@406c4b70
android.widget.ImageView@406cd6d8
android.widget.TextView: Map View
android.view.View@406d4530
gbis.gbandroid.views.layouts.CustomListView@40652138
android.widget.TableLayout@406ead88
android.widget.TableRow@40635a90
android.widget.RelativeLayout@40636060
android.widget.RelativeLayout@40616428
android.widget.TextView: 3.29
android.widget.TextView: 9
android.widget.TextView: 1 hour ago
android.widget.TextView: Update
android.widget.RelativeLayout@406db860
android.widget.ImageView@406937f8
android.widget.TextView: Alon
android.widget.TextView: 106 S SH-101 & Decatur
android.widget.TextView: Chico, TX
android.widget.TextView: 14.21 mi
android.widget.TableLayout@40643488
android.widget.TableRow@40765028
android.widget.RelativeLayout@407656a8
android.widget.RelativeLayout@406da6f8
android.widget.TextView: 3.19
android.widget.TextView: 9
android.widget.TextView: Sun 4:50 PM
android.widget.TextView: Update
android.widget.RelativeLayout@40606b68
android.widget.ImageView@40606f40
android.widget.TextView: Quick Stop
android.widget.TextView: 510 FM-718 & Central Ave
android.widget.TextView: Newark, TX
android.widget.TextView: 15.43 mi
android.widget.TableLayout@4062a838
android.widget.TableRow@4062ade0
android.widget.RelativeLayout@4075aec8
android.widget.RelativeLayout@4075b200
android.widget.TextView: --
android.widget.TextView: 9
android.widget.TextView: time
android.widget.TextView: Report Price
android.widget.RelativeLayout@407714b8
android.widget.ImageView@407717d8
android.widget.TextView: Conoco
android.widget.TextView: 902 Seven Hills Rd & FM-718
android.widget.TextView: Newark, TX
android.widget.TextView: 15.64 mi
android.widget.TableLayout@40652f70
android.widget.TableRow@40653518
android.widget.RelativeLayout@40653b98
android.widget.RelativeLayout@40632b38
android.widget.TextView: 3.07
android.widget.TextView: 9
android.widget.TextView: 19 hours ago
android.widget.TextView: Update
android.widget.RelativeLayout@406a1c68
android.widget.ImageView@406a2040
android.widget.TextView: Valero
android.widget.TextView: 1003 N FM-156 & King George Rd
android.widget.TextView: Ponder, TX
android.widget.TextView: 16.25 mi
android.widget.TableLayout@406969f8
android.widget.TableRow@40696fc8
android.widget.RelativeLayout@4066c300
android.widget.RelativeLayout@4066c6d8
android.widget.TextView: 3.19
android.widget.TextView: 9
android.widget.TextView: 4 hours ago
android.widget.TextView: Update
android.widget.RelativeLayout@4061d7a8
android.widget.ImageView@4061db80
android.widget.TextView: Exxon
android.widget.TextView: 8417  N US-287 & Pvt Rd 1613
android.widget.TextView: Alvord, TX
android.widget.TextView: 16.45 mi
android.widget.RelativeLayout@40656b90
android.widget.FrameLayout@405e0ee8
android.widget.RelativeLayout@405297a8
android.widget.LinearLayout@405d19a8
android.view.View@40725ac0
android.widget.RelativeLayout@405d5a68
android.widget.TextView: Regular
android.view.View@4054f598
android.view.View@407227e8
android.widget.RelativeLayout@406ae918
android.widget.TextView: Midgrade
android.view.View@40656418
android.view.View@40725860
android.widget.RelativeLayout@40676008
android.widget.TextView: Premium
android.view.View@405ecce0
android.view.View@40725990
android.widget.RelativeLayout@4071bb20
android.widget.TextView: Diesel
android.view.View@407224b0
android.view.View@40725be0
android.view.View@406b9e60
android.widget.LinearLayout@406bab48
android.widget.RelativeLayout@4055c678
android.widget.ImageView@405e5008
android.widget.TextView: Reload
android.widget.RelativeLayout@406bad98
android.widget.ImageView@406bc5f8
android.widget.TextView: Sort By Price
android.widget.RelativeLayout@406c4b70
android.widget.ImageView@406cd6d8
android.widget.TextView: Map View
android.view.View@406d4530
gbis.gbandroid.views.layouts.CustomListView@40652138
android.widget.TableLayout@407e5d38
android.widget.TableRow@407e6308
android.widget.RelativeLayout@407e69c8
android.widget.RelativeLayout@407e6da0
android.widget.TextView: 3.19
android.widget.TextView: 9
android.widget.TextView: 4 hours ago
android.widget.TextView: Update
android.widget.RelativeLayout@407e85b0
android.widget.ImageView@407e8988
android.widget.TextView: Exxon
android.widget.TextView: 8417  N US-287 & Pvt Rd 1613
android.widget.TextView: Alvord, TX
android.widget.TextView: 16.45 mi
android.widget.TableLayout@407df470
android.widget.TableRow@407dfa40
android.widget.RelativeLayout@407e0100
android.widget.RelativeLayout@407e04d8
android.widget.TextView: --
android.widget.TextView: 9
android.widget.TextView: time
android.widget.TextView: Report Price
android.widget.RelativeLayout@407e1ce8
android.widget.ImageView@407e20c0
android.widget.TextView: Shell
android.widget.TextView: 250 US-380 & Runway Bay Dr
android.widget.TextView: Bridgeport, TX
android.widget.TextView: 17.52 mi
android.widget.TableLayout@407d8f50
android.widget.TableRow@407d9520
android.widget.RelativeLayout@407d9be0
android.widget.RelativeLayout@407d9fb8
android.widget.TextView: --
android.widget.TextView: 9
android.widget.TextView: time
android.widget.TextView: Report Price
android.widget.RelativeLayout@407db7c8
android.widget.ImageView@407dbba0
android.widget.TextView: Super Save
android.widget.TextView: 904 W 1st  St & Leuty Ave
android.widget.TextView: Justin, TX
android.widget.TextView: 17.66 mi
android.widget.TableLayout@407c9890
android.widget.TableRow@407c9e60
android.widget.RelativeLayout@407ca4e0
android.widget.RelativeLayout@407ca8b8
android.widget.TextView: --
android.widget.TextView: 9
android.widget.TextView: time
android.widget.TextView: Report Price
android.widget.RelativeLayout@407cc0c8
android.widget.ImageView@407cc4a0
android.widget.TextView: 1 Stop
android.widget.TextView: 598 US-380 & Runaway Bay Dr
android.widget.TextView: Runaway Bay, TX
android.widget.TextView: 17.68 mi
android.widget.TableLayout@406969f8
android.widget.TableRow@40696fc8
android.widget.RelativeLayout@4066c300
android.widget.RelativeLayout@4066c6d8
android.widget.TextView: --
android.widget.TextView: 9
android.widget.TextView: 4 hours ago
android.widget.TextView: Report Price
android.widget.RelativeLayout@4061d7a8
android.widget.ImageView@4061db80
android.widget.TextView: Henderson Oil and Propane
android.widget.TextView: 401 N FM-156 & W 4th St
android.widget.TextView: Justin, TX
android.widget.TextView: 18.1 mi
android.widget.RelativeLayout@40656b90
android.widget.FrameLayout@405e0ee8
android.widget.RelativeLayout@405297a8
android.widget.LinearLayout@405d19a8
android.view.View@40725ac0
android.widget.RelativeLayout@405d5a68
android.widget.TextView: Regular
android.view.View@4054f598
android.view.View@407227e8
android.widget.RelativeLayout@406ae918
android.widget.TextView: Midgrade
android.view.View@40656418
android.view.View@40725860
android.widget.RelativeLayout@40676008
android.widget.TextView: Premium
android.view.View@405ecce0
android.view.View@40725990
android.widget.RelativeLayout@4071bb20
android.widget.TextView: Diesel
android.view.View@407224b0
android.view.View@40725be0
android.view.View@406b9e60
android.widget.LinearLayout@406bab48
android.widget.RelativeLayout@4055c678
android.widget.ImageView@405e5008
android.widget.TextView: Reload
android.widget.RelativeLayout@406bad98
android.widget.ImageView@406bc5f8
android.widget.TextView: Sort By Price
android.widget.RelativeLayout@406c4b70
android.widget.ImageView@406cd6d8
android.widget.TextView: Map View
android.view.View@406d4530
gbis.gbandroid.views.layouts.CustomListView@40652138
android.widget.TableLayout@406969f8
android.widget.TableRow@40696fc8
android.widget.RelativeLayout@4066c300
android.widget.RelativeLayout@4066c6d8
android.widget.TextView: --
android.widget.TextView: 9
android.widget.TextView: 4 hours ago
android.widget.TextView: Report Price
android.widget.RelativeLayout@4061d7a8
android.widget.ImageView@4061db80
android.widget.TextView: Henderson Oil and Propane
android.widget.TextView: 401 N FM-156 & W 4th St
android.widget.TextView: Justin, TX
android.widget.TextView: 18.1 mi
android.widget.TableLayout@4050f088
android.widget.TableRow@40553c90
android.widget.RelativeLayout@405539d0
android.widget.RelativeLayout@4055a538
android.widget.TextView: 3.09
android.widget.TextView: 9
android.widget.TextView: 3 hours ago
android.widget.TextView: Update
android.widget.RelativeLayout@4058be58
android.widget.ImageView@4050ed40
android.widget.TextView: Valero
android.widget.TextView: 303 N FM-156 & W 3rd St
android.widget.TextView: Justin, TX
android.widget.TextView: 18.12 mi
android.widget.TableLayout@40585388
android.widget.TableRow@40614d20
android.widget.RelativeLayout@4059d9e0
android.widget.RelativeLayout@405a4ef0
android.widget.TextView: 3.11
android.widget.TextView: 9
android.widget.TextView: 22 hours ago
android.widget.TextView: Update
android.widget.RelativeLayout@4060e350
android.widget.ImageView@4054f060
android.widget.TextView: Texaco
android.widget.TextView: 24 S FM-156  & Barrett Dr
android.widget.TextView: Justin, TX
android.widget.TextView: 18.23 mi
android.widget.TableLayout@40603040
android.widget.TableRow@40617928
android.widget.RelativeLayout@4061f6c8
android.widget.RelativeLayout@406256a0
android.widget.TextView: 3.09
android.widget.TextView: 9
android.widget.TextView: 11 hours ago
android.widget.TextView: Update
android.widget.RelativeLayout@4062f838
android.widget.ImageView@40581b90
android.widget.TextView: Fina
android.widget.TextView: 952 S FM-156 & John Wiley  Rd
android.widget.TextView: Justin, TX
android.widget.TextView: 18.74 mi
android.widget.TableLayout@40605c58
android.widget.TableRow@40618468
android.widget.RelativeLayout@406397a8
android.widget.RelativeLayout@40663ce0
android.widget.TextView: 3.19
android.widget.TextView: 9
android.widget.TextView: 4 hours ago
android.widget.TextView: Update
android.widget.RelativeLayout@40664880
android.widget.ImageView@40617b60
android.widget.TextView: Exxon
android.widget.TextView: 13201 FM-718 & US-287
android.widget.TextView: Haslet, TX
android.widget.TextView: 19.03 mi
android.widget.TableLayout@4060db00
android.widget.TableRow@4062c210
android.widget.RelativeLayout@4067c638
android.widget.RelativeLayout@406f0ec0
android.widget.TextView: 3.19
android.widget.TextView: 9
android.widget.TextView: 3 hours ago
android.widget.TextView: Update
android.widget.RelativeLayout@406ff048
android.widget.ImageView@40636c90
android.widget.TextView: Valero
android.widget.TextView: 320 E SH-199 & Old Springtown Rd
android.widget.TextView: Springtown, TX
android.widget.TextView: 19.07 mi
android.widget.RelativeLayout@40656b90
android.widget.FrameLayout@405e0ee8
android.widget.RelativeLayout@405297a8
android.widget.LinearLayout@405d19a8
android.view.View@40725ac0
android.widget.RelativeLayout@405d5a68
android.widget.TextView: Regular
android.view.View@4054f598
android.view.View@407227e8
android.widget.RelativeLayout@406ae918
android.widget.TextView: Midgrade
android.view.View@40656418
android.view.View@40725860
android.widget.RelativeLayout@40676008
android.widget.TextView: Premium
android.view.View@405ecce0
android.view.View@40725990
android.widget.RelativeLayout@4071bb20
android.widget.TextView: Diesel
android.view.View@407224b0
android.view.View@40725be0
android.view.View@406b9e60
android.widget.LinearLayout@406bab48
android.widget.RelativeLayout@4055c678
android.widget.ImageView@405e5008
android.widget.TextView: Reload
android.widget.RelativeLayout@406bad98
android.widget.ImageView@406bc5f8
android.widget.TextView: Sort By Price
android.widget.RelativeLayout@406c4b70
android.widget.ImageView@406cd6d8
android.widget.TextView: Map View
android.view.View@406d4530
gbis.gbandroid.views.layouts.CustomListView@40652138
android.widget.TableLayout@40603040
android.widget.TableRow@40617928
android.widget.RelativeLayout@4061f6c8
android.widget.RelativeLayout@406256a0
android.widget.TextView: 3.09
android.widget.TextView: 9
android.widget.TextView: 11 hours ago
android.widget.TextView: Update
android.widget.RelativeLayout@4062f838
android.widget.ImageView@40581b90
android.widget.TextView: Fina
android.widget.TextView: 952 S FM-156 & John Wiley  Rd
android.widget.TextView: Justin, TX
android.widget.TextView: 18.74 mi
android.widget.TableLayout@40605c58
android.widget.TableRow@40618468
android.widget.RelativeLayout@406397a8
android.widget.RelativeLayout@40663ce0
android.widget.TextView: 3.19
android.widget.TextView: 9
android.widget.TextView: 4 hours ago
android.widget.TextView: Update
android.widget.RelativeLayout@40664880
android.widget.ImageView@40617b60
android.widget.TextView: Exxon
android.widget.TextView: 13201 FM-718 & US-287
android.widget.TextView: Haslet, TX
android.widget.TextView: 19.03 mi
android.widget.TableLayout@4060db00
android.widget.TableRow@4062c210
android.widget.RelativeLayout@4067c638
android.widget.RelativeLayout@406f0ec0
android.widget.TextView: 3.19
android.widget.TextView: 9
android.widget.TextView: 3 hours ago
android.widget.TextView: Update
android.widget.RelativeLayout@406ff048
android.widget.ImageView@40636c90
android.widget.TextView: Valero
android.widget.TextView: 320 E SH-199 & Old Springtown Rd
android.widget.TextView: Springtown, TX
android.widget.TextView: 19.07 mi
android.widget.TableLayout@40610690
android.widget.TableRow@40638ad8
android.widget.RelativeLayout@40671608
android.widget.RelativeLayout@40684d80
android.widget.TextView: 3.79
android.widget.TextView: 9
android.widget.TextView: Mon 5:14 AM
android.widget.TextView: Update
android.widget.RelativeLayout@4071c1d8
android.widget.ImageView@40617798
android.widget.TextView: Chevron
android.widget.TextView: 210 W McCart St & FM-156
android.widget.TextView: Krum, TX
android.widget.TextView: 19.08 mi
android.widget.TableLayout@406395d0
android.widget.TableRow@40648998
android.widget.RelativeLayout@40654e58
android.widget.RelativeLayout@406743d0
android.widget.TextView: --
android.widget.TextView: 9
android.widget.TextView: time
android.widget.TextView: Report Price
android.widget.RelativeLayout@406989f8
android.widget.ImageView@406a2fa8
android.widget.TextView: Fuel 4 Texas
android.widget.TextView: 100 S 1st St & FM-1173
android.widget.TextView: Krum, TX
android.widget.TextView: 19.09 mi
android.widget.RelativeLayout@40656b90
