android.widget.FrameLayout@405f8f70
android.widget.RelativeLayout@405deee0
android.widget.LinearLayout@405e2b00
android.view.View@4070db40
android.widget.RelativeLayout@406adfa8
android.widget.TextView: Regular
android.view.View@40644c88
android.view.View@40707010
android.widget.RelativeLayout@40644e80
android.widget.TextView: Midgrade
android.view.View@40680c90
android.view.View@40707170
android.widget.RelativeLayout@40680e80
android.widget.TextView: Premium
android.view.View@405e7120
android.view.View@407072a0
android.widget.RelativeLayout@405e7310
android.widget.TextView: Diesel
android.view.View@406f67d0
android.view.View@4070dc60
android.view.View@406b9f78
android.widget.LinearLayout@406ba1c8
android.widget.RelativeLayout@406ba470
android.widget.ImageView@405a39c0
android.widget.TextView: Reload
android.widget.RelativeLayout@406bbc48
android.widget.ImageView@406bd478
android.widget.TextView: Sort By Price
android.widget.RelativeLayout@406c42b0
android.widget.ImageView@406cca08
android.widget.TextView: Map View
android.view.View@406d8448
gbis.gbandroid.views.layouts.CustomListView@40689ed0
android.widget.RelativeLayout@405b14f0
com.google.ads.AdView@405a3c60
android.gesture.GestureOverlayView@406e5530
android.widget.FrameLayout@40650f60
com.google.ads.internal.AdWebView@40675678
android.widget.TableLayout@40719320
android.widget.TableRow@407198f0
android.widget.RelativeLayout@4071c518
android.widget.RelativeLayout@4071c8f0
android.widget.TextView: 3.39
android.widget.TextView: 9
android.widget.TextView: 1 hour ago
android.widget.TextView: Update
android.widget.RelativeLayout@40720320
android.widget.ImageView@40722c28
android.widget.TextView: Shell
android.widget.TextView: 4275 W Northwest Hwy & Midway Rd
android.widget.TextView: Dallas, TX
android.widget.TextView: 0.43 mi
android.widget.TableLayout@40701090
android.widget.TableRow@40701530
android.widget.RelativeLayout@40701bf0
android.widget.RelativeLayout@407042d0
android.widget.TextView: 3.23
android.widget.TextView: 9
android.widget.TextView: 7 minutes ago
android.widget.TextView: Update
android.widget.RelativeLayout@40707c40
android.widget.ImageView@40708018
android.widget.TextView: 7-Eleven
android.widget.TextView: 3733 W Northwest Hwy & Marsh Ln
android.widget.TextView: Dallas, TX
android.widget.TextView: 0.83 mi
android.widget.TableLayout@406e34d8
android.widget.TableRow@406e5ff0
android.widget.RelativeLayout@406e66a0
android.widget.RelativeLayout@406e6a78
android.widget.TextView: 3.15
android.widget.TextView: 9
android.widget.TextView: 7 minutes ago
android.widget.TextView: Update
android.widget.RelativeLayout@406ea758
android.widget.ImageView@406ed008
android.widget.TextView: Sam's Club
android.widget.TextView: 9461 Webb Chapel Rd & W Northwest Hwy
android.widget.TextView: Dallas, TX
android.widget.TextView: 1.11 mi
android.widget.TableLayout@406c51f0
android.widget.TableRow@406c80c0
android.widget.RelativeLayout@406cb4c8
android.widget.RelativeLayout@406cb938
android.widget.TextView: 3.39
android.widget.TextView: 9
android.widget.TextView: 54 minutes ago
android.widget.TextView: Update
android.widget.RelativeLayout@406cf668
android.widget.ImageView@406d1d58
android.widget.TextView: 7-Eleven
android.widget.TextView: 5123 W Lovers Ln  & Menier St
android.widget.TextView: Dallas, TX
android.widget.TextView: 1.23 mi
android.widget.RelativeLayout@40666128
android.widget.FrameLayout@405f8f70
android.widget.RelativeLayout@405deee0
android.widget.LinearLayout@405e2b00
android.view.View@4070db40
android.widget.RelativeLayout@406adfa8
android.widget.TextView: Regular
android.view.View@40644c88
android.view.View@40707010
android.widget.RelativeLayout@40644e80
android.widget.TextView: Midgrade
android.view.View@40680c90
android.view.View@40707170
android.widget.RelativeLayout@40680e80
android.widget.TextView: Premium
android.view.View@405e7120
android.view.View@407072a0
android.widget.RelativeLayout@405e7310
android.widget.TextView: Diesel
android.view.View@406f67d0
android.view.View@4070dc60
android.view.View@406b9f78
android.widget.LinearLayout@406ba1c8
android.widget.RelativeLayout@406ba470
android.widget.ImageView@405a39c0
android.widget.TextView: Reload
android.widget.RelativeLayout@406bbc48
android.widget.ImageView@406bd478
android.widget.TextView: Sort By Price
android.widget.RelativeLayout@406c42b0
android.widget.ImageView@406cca08
android.widget.TextView: Map View
android.view.View@406d8448
gbis.gbandroid.views.layouts.CustomListView@40689ed0
android.widget.TableLayout@406c51f0
android.widget.TableRow@406c80c0
android.widget.RelativeLayout@406cb4c8
android.widget.RelativeLayout@406cb938
android.widget.TextView: 3.39
android.widget.TextView: 9
android.widget.TextView: 54 minutes ago
android.widget.TextView: Update
android.widget.RelativeLayout@406cf668
android.widget.ImageView@406d1d58
android.widget.TextView: 7-Eleven
android.widget.TextView: 5123 W Lovers Ln  & Menier St
android.widget.TextView: Dallas, TX
android.widget.TextView: 1.23 mi
android.widget.TableLayout@4057e5a8
android.widget.TableRow@4058a9b0
android.widget.RelativeLayout@40568a30
android.widget.RelativeLayout@405e9570
android.widget.TextView: 3.29
android.widget.TextView: 9
android.widget.TextView: 7 minutes ago
android.widget.TextView: Update
android.widget.RelativeLayout@40602658
android.widget.ImageView@405121d8
android.widget.TextView: Chevron
android.widget.TextView: 3311 W NW Hwy & Timberline Dr
android.widget.TextView: Dallas, TX
android.widget.TextView: 1.33 mi
android.widget.TableLayout@40581020
android.widget.TableRow@40651728
android.widget.RelativeLayout@40620ab0
android.widget.RelativeLayout@406379d0
android.widget.TextView: 3.17
android.widget.TextView: 9
android.widget.TextView: 10 hours ago
android.widget.TextView: Update
android.widget.RelativeLayout@406485f8
android.widget.ImageView@40558d00
android.widget.TextView: Valero
android.widget.TextView: 3434 Webb Chapel Ext & Larga Dr
android.widget.TextView: Dallas, TX
android.widget.TextView: 1.36 mi
android.widget.TableLayout@405811c8
android.widget.TableRow@406f4c18
android.widget.RelativeLayout@40664b40
android.widget.RelativeLayout@4067ab98
android.widget.TextView: --
android.widget.TextView: 9
android.widget.TextView: time
android.widget.TextView: Report Price
android.widget.RelativeLayout@406ccc38
android.widget.ImageView@4055d8b8
android.widget.TextView: AS PS Beer Wine
android.widget.TextView: 9717 Webb Chapel Rd & Webb Chapel Ext
android.widget.TextView: Dallas, TX
android.widget.TextView: 1.38 mi
android.widget.TableLayout@405ffe08
android.widget.TableRow@406fd478
android.widget.RelativeLayout@406ce6e0
android.widget.RelativeLayout@406d1b28
android.widget.TextView: --
android.widget.TextView: 9
android.widget.TextView: time
android.widget.TextView: Report Price
android.widget.RelativeLayout@406d34c8
android.widget.ImageView@4057c2c8
android.widget.TextView: Millennium
android.widget.TextView: 3400 Lombardy Ln  108 & Webb Chapel Ext
android.widget.TextView: Dallas, TX
android.widget.TextView: 1.42 mi
android.widget.RelativeLayout@40666128
android.widget.FrameLayout@405f8f70
android.widget.RelativeLayout@405deee0
android.widget.LinearLayout@405e2b00
android.view.View@4070db40
android.widget.RelativeLayout@406adfa8
android.widget.TextView: Regular
android.view.View@40644c88
android.view.View@40707010
android.widget.RelativeLayout@40644e80
android.widget.TextView: Midgrade
android.view.View@40680c90
android.view.View@40707170
android.widget.RelativeLayout@40680e80
android.widget.TextView: Premium
android.view.View@405e7120
android.view.View@407072a0
android.widget.RelativeLayout@405e7310
android.widget.TextView: Diesel
android.view.View@406f67d0
android.view.View@4070dc60
android.view.View@406b9f78
android.widget.LinearLayout@406ba1c8
android.widget.RelativeLayout@406ba470
android.widget.ImageView@405a39c0
android.widget.TextView: Reload
android.widget.RelativeLayout@406bbc48
android.widget.ImageView@406bd478
android.widget.TextView: Sort By Price
android.widget.RelativeLayout@406c42b0
android.widget.ImageView@406cca08
android.widget.TextView: Map View
android.view.View@406d8448
gbis.gbandroid.views.layouts.CustomListView@40689ed0
android.widget.TableLayout@405ffe08
android.widget.TableRow@406fd478
android.widget.RelativeLayout@406ce6e0
android.widget.RelativeLayout@406d1b28
android.widget.TextView: --
android.widget.TextView: 9
android.widget.TextView: time
android.widget.TextView: Report Price
android.widget.RelativeLayout@406d34c8
android.widget.ImageView@4057c2c8
android.widget.TextView: Millennium
android.widget.TextView: 3400 Lombardy Ln  108 & Webb Chapel Ext
android.widget.TextView: Dallas, TX
android.widget.TextView: 1.42 mi
android.widget.TableLayout@4076bbd0
android.widget.TableRow@4057e758
android.widget.RelativeLayout@40606460
android.widget.RelativeLayout@40608468
android.widget.TextView: --
android.widget.TextView: 9
android.widget.TextView: time
android.widget.TextView: Report Price
android.widget.RelativeLayout@40627918
android.widget.ImageView@4062d0f0
android.widget.TextView: Unbranded
android.widget.TextView: 9757 Webb Chapel Rd & Lombardy Ln
android.widget.TextView: Dallas, TX
android.widget.TextView: 1.49 mi
android.widget.TableLayout@4062c490
android.widget.TableRow@4064e9f8
android.widget.RelativeLayout@4069cc78
android.widget.RelativeLayout@407208a0
android.widget.TextView: 3.21
android.widget.TextView: 9
android.widget.TextView: 10 hours ago
android.widget.TextView: Update
android.widget.RelativeLayout@4055e3a8
android.widget.ImageView@40628040
android.widget.TextView: Shell
android.widget.TextView: 9763 Webb Chapel Rd & Chapel Creek Cir
android.widget.TextView: Dallas, TX
android.widget.TextView: 1.49 mi
android.widget.TableLayout@405b5150
android.widget.TableRow@405d8bb8
android.widget.RelativeLayout@406fc5b0
android.widget.RelativeLayout@4057c9f8
android.widget.TextView: 3.19
android.widget.TextView: 9
android.widget.TextView: 12 hours ago
android.widget.TextView: Update
android.widget.RelativeLayout@40655220
android.widget.ImageView@40670aa8
android.widget.TextView: Conoco
android.widget.TextView: 3025 Webb Chapel Ext & Timberline Dr
android.widget.TextView: Dallas, TX
android.widget.TextView: 1.54 mi
android.widget.TableLayout@406205a8
android.widget.TableRow@40629aa0
android.widget.RelativeLayout@40634ad8
android.widget.RelativeLayout@40640008
android.widget.TextView: --
android.widget.TextView: 9
android.widget.TextView: time
android.widget.TextView: Report Price
android.widget.RelativeLayout@4066d680
android.widget.ImageView@40670de0
android.widget.TextView: Clean Energy Fuels
android.widget.TextView: 8000 Denton Dr & Gilford St
android.widget.TextView: Dallas, TX
android.widget.TextView: 1.54 mi
android.widget.RelativeLayout@40666128
android.widget.FrameLayout@405f8f70
android.widget.RelativeLayout@405deee0
android.widget.LinearLayout@405e2b00
android.view.View@4070db40
android.widget.RelativeLayout@406adfa8
android.widget.TextView: Regular
android.view.View@40644c88
android.view.View@40707010
android.widget.RelativeLayout@40644e80
android.widget.TextView: Midgrade
android.view.View@40680c90
android.view.View@40707170
android.widget.RelativeLayout@40680e80
android.widget.TextView: Premium
android.view.View@405e7120
android.view.View@407072a0
android.widget.RelativeLayout@405e7310
android.widget.TextView: Diesel
android.view.View@406f67d0
android.view.View@4070dc60
android.view.View@406b9f78
android.widget.LinearLayout@406ba1c8
android.widget.RelativeLayout@406ba470
android.widget.ImageView@405a39c0
android.widget.TextView: Reload
android.widget.RelativeLayout@406bbc48
android.widget.ImageView@406bd478
android.widget.TextView: Sort By Price
android.widget.RelativeLayout@406c42b0
android.widget.ImageView@406cca08
android.widget.TextView: Map View
android.view.View@406d8448
gbis.gbandroid.views.layouts.CustomListView@40689ed0
android.widget.TableLayout@406453f0
android.widget.TableRow@40646930
android.widget.RelativeLayout@4064d820
android.widget.RelativeLayout@40654038
android.widget.TextView: --
android.widget.TextView: 9
android.widget.TextView: 4 hours ago
android.widget.TextView: Report Price
android.widget.RelativeLayout@4067d180
android.widget.ImageView@40685830
android.widget.TextView: Clean Energy Fuels
android.widget.TextView: 8000 Denton Dr & Gilford St
android.widget.TextView: Dallas, TX
android.widget.TextView: 1.54 mi
android.widget.TableLayout@406d3d50
android.widget.TableRow@4078d0f0
android.widget.RelativeLayout@4063e698
android.widget.RelativeLayout@40663a58
android.widget.TextView: --
android.widget.TextView: 9
android.widget.TextView: 1 hour ago
android.widget.TextView: Report Price
android.widget.RelativeLayout@4062f758
android.widget.ImageView@40640368
android.widget.TextView: Fina
android.widget.TextView: 8460 Denton Dr & Burbank St
android.widget.TextView: Dallas, TX
android.widget.TextView: 1.56 mi
android.widget.TableLayout@406a5168
android.widget.TableRow@4057e310
android.widget.RelativeLayout@406f1e10
android.widget.RelativeLayout@40687c18
android.widget.TextView: 3.31
android.widget.TextView: 9
android.widget.TextView: 1 hour ago
android.widget.TextView: Update
android.widget.RelativeLayout@4069dfc8
android.widget.ImageView@4069e2a8
android.widget.TextView: 7-Eleven
android.widget.TextView: 9966 Marsh Ln & Seguin Dr
android.widget.TextView: Dallas, TX
android.widget.TextView: 1.57 mi
android.widget.TableLayout@4071ba28
android.widget.TableRow@40607eb8
android.widget.RelativeLayout@406e3108
android.widget.RelativeLayout@40718f50
android.widget.TextView: 3.49
android.widget.TextView: 9
android.widget.TextView: 1 hour ago
android.widget.TextView: Update
android.widget.RelativeLayout@405b0628
android.widget.ImageView@406ccf58
android.widget.TextView: Chevron
android.widget.TextView: 10002 Marsh Ln & Walnut Hill Ln
android.widget.TextView: Dallas, TX
android.widget.TextView: 1.68 mi
android.widget.TableLayout@406205a8
android.widget.TableRow@40629aa0
android.widget.RelativeLayout@40634ad8
android.widget.RelativeLayout@40640008
android.widget.TextView: 3.39
android.widget.TextView: 9
android.widget.TextView: 4 hours ago
android.widget.TextView: Update
android.widget.RelativeLayout@4066d680
android.widget.ImageView@40670de0
android.widget.TextView: Chevron
android.widget.TextView: 6410 Lemmon Ave & W Mockingbird Ln
android.widget.TextView: Dallas, TX
android.widget.TextView: 1.73 mi
android.widget.RelativeLayout@40666128
android.widget.FrameLayout@405f8f70
android.widget.RelativeLayout@405deee0
android.widget.LinearLayout@405e2b00
android.view.View@4070db40
android.widget.RelativeLayout@406adfa8
android.widget.TextView: Regular
android.view.View@40644c88
android.view.View@40707010
android.widget.RelativeLayout@40644e80
android.widget.TextView: Midgrade
android.view.View@40680c90
android.view.View@40707170
android.widget.RelativeLayout@40680e80
android.widget.TextView: Premium
android.view.View@405e7120
android.view.View@407072a0
android.widget.RelativeLayout@405e7310
android.widget.TextView: Diesel
android.view.View@406f67d0
android.view.View@4070dc60
android.view.View@406b9f78
android.widget.LinearLayout@406ba1c8
android.widget.RelativeLayout@406ba470
android.widget.ImageView@405a39c0
android.widget.TextView: Reload
android.widget.RelativeLayout@406bbc48
android.widget.ImageView@406bd478
android.widget.TextView: Sort By Price
android.widget.RelativeLayout@406c42b0
android.widget.ImageView@406cca08
android.widget.TextView: Map View
android.view.View@406d8448
gbis.gbandroid.views.layouts.CustomListView@40689ed0
android.widget.TableLayout@406205a8
android.widget.TableRow@40629aa0
android.widget.RelativeLayout@40634ad8
android.widget.RelativeLayout@40640008
android.widget.TextView: 3.39
android.widget.TextView: 9
android.widget.TextView: 4 hours ago
android.widget.TextView: Update
android.widget.RelativeLayout@4066d680
android.widget.ImageView@40670de0
android.widget.TextView: Chevron
android.widget.TextView: 6410 Lemmon Ave & W Mockingbird Ln
android.widget.TextView: Dallas, TX
android.widget.TextView: 1.73 mi
android.widget.TableLayout@40776030
android.widget.TableRow@40780b40
android.widget.RelativeLayout@407810b0
android.widget.RelativeLayout@4078b9e8
android.widget.TextView: 3.09
android.widget.TextView: 9
android.widget.TextView: 14 minutes ago
android.widget.TextView: Update
android.widget.RelativeLayout@40702d90
android.widget.ImageView@4069f558
android.widget.TextView: QuikTrip
android.widget.TextView: 3230 W Mockingbird Ln & Ralston Ave  
android.widget.TextView: Dallas, TX
android.widget.TextView: 1.8 mi
android.widget.TableLayout@4057e5a8
android.widget.TableRow@40568a30
android.widget.RelativeLayout@4055e3a8
android.widget.RelativeLayout@405e9570
android.widget.TextView: --
android.widget.TextView: 9
android.widget.TextView: time
android.widget.TextView: Report Price
android.widget.RelativeLayout@405f2580
android.widget.ImageView@405121d8
android.widget.TextView: Shell
android.widget.TextView: 4455 Lovers Ln & Lomo Alto Dr
android.widget.TextView: University Park, TX
android.widget.TextView: 1.84 mi
android.widget.TableLayout@405811c8
android.widget.TableRow@4057e758
android.widget.RelativeLayout@40619930
android.widget.RelativeLayout@406851b8
android.widget.TextView: --
android.widget.TextView: 9
android.widget.TextView: time
android.widget.TextView: Report Price
android.widget.RelativeLayout@40710b30
android.widget.ImageView@40558d00
android.widget.TextView: Fina
android.widget.TextView: 2745 W Northwest Hwy & Community Dr
android.widget.TextView: Dallas, TX
android.widget.TextView: 1.87 mi
android.widget.TableLayout@40583de8
android.widget.TableRow@4058a9b0
android.widget.RelativeLayout@40718780
android.widget.RelativeLayout@4055d8b8
android.widget.TextView: 3.19
android.widget.TextView: 9
android.widget.TextView: 14 minutes ago
android.widget.TextView: Update
android.widget.RelativeLayout@40581fc0
android.widget.ImageView@40564078
android.widget.TextView: Shell
android.widget.TextView: 3100 W Mockingbird Ln & Cedar Springs Rd
android.widget.TextView: Dallas, TX
android.widget.TextView: 1.89 mi
android.widget.RelativeLayout@40666128
android.widget.FrameLayout@405f8f70
android.widget.RelativeLayout@405deee0
android.widget.LinearLayout@405e2b00
android.view.View@4070db40
android.widget.RelativeLayout@406adfa8
android.widget.TextView: Regular
android.view.View@40644c88
android.view.View@40707010
android.widget.RelativeLayout@40644e80
android.widget.TextView: Midgrade
android.view.View@40680c90
android.view.View@40707170
android.widget.RelativeLayout@40680e80
android.widget.TextView: Premium
android.view.View@405e7120
android.view.View@407072a0
android.widget.RelativeLayout@405e7310
android.widget.TextView: Diesel
android.view.View@406f67d0
android.view.View@4070dc60
android.view.View@406b9f78
android.widget.LinearLayout@406ba1c8
android.widget.RelativeLayout@406ba470
android.widget.ImageView@405a39c0
android.widget.TextView: Reload
android.widget.RelativeLayout@406bbc48
android.widget.ImageView@406bd478
android.widget.TextView: Sort By Price
android.widget.RelativeLayout@406c42b0
android.widget.ImageView@406cca08
android.widget.TextView: Map View
android.view.View@406d8448
gbis.gbandroid.views.layouts.CustomListView@40689ed0
android.widget.TableLayout@40583de8
android.widget.TableRow@4058a9b0
android.widget.RelativeLayout@40718780
android.widget.RelativeLayout@4055d8b8
android.widget.TextView: 3.19
android.widget.TextView: 9
android.widget.TextView: 14 minutes ago
android.widget.TextView: Update
android.widget.RelativeLayout@40581fc0
android.widget.ImageView@40564078
android.widget.TextView: Shell
android.widget.TextView: 3100 W Mockingbird Ln & Cedar Springs Rd
android.widget.TextView: Dallas, TX
android.widget.TextView: 1.89 mi
android.widget.TableLayout@405b46d0
android.widget.TableRow@405c0440
android.widget.RelativeLayout@40601c28
android.widget.RelativeLayout@4060f970
android.widget.TextView: --
android.widget.TextView: 9
android.widget.TextView: time
android.widget.TextView: Report Price
android.widget.RelativeLayout@4061e258
android.widget.ImageView@405b4d40
android.widget.TextView: 7-Eleven
android.widget.TextView: 2750 W Northwest Hwy & Community Dr
android.widget.TextView: Dallas, TX
android.widget.TextView: 1.89 mi
android.widget.TableLayout@405cf168
android.widget.TableRow@405decd0
android.widget.RelativeLayout@40649fd0
android.widget.RelativeLayout@406535b8
android.widget.TextView: --
android.widget.TextView: 9
android.widget.TextView: time
android.widget.TextView: Report Price
android.widget.RelativeLayout@4066df68
android.widget.ImageView@40601a60
android.widget.TextView: 7-Eleven
android.widget.TextView: 2990 Lombardy Ln & Brockbank Dr
android.widget.TextView: Dallas, TX
android.widget.TextView: 2.01 mi
android.widget.TableLayout@405dc290
android.widget.TableRow@40609248
android.widget.RelativeLayout@40671528
android.widget.RelativeLayout@406716d0
android.widget.TextView: --
android.widget.TextView: 9
android.widget.TextView: time
android.widget.TextView: Report Price
android.widget.RelativeLayout@40679298
android.widget.ImageView@406275e0
android.widget.TextView: 7-Eleven
android.widget.TextView: 8402 Harry Hines Blvd & W Amherst Ave
android.widget.TextView: Dallas, TX
android.widget.TextView: 2.04 mi
android.widget.TableLayout@405ffe08
android.widget.TableRow@40613ed8
android.widget.RelativeLayout@4067bd80
android.widget.RelativeLayout@4068b248
android.widget.TextView: --
android.widget.TextView: 9
android.widget.TextView: time
android.widget.TextView: Report Price
android.widget.RelativeLayout@40695a18
android.widget.ImageView@40643e40
android.widget.TextView: Phillips 66
android.widget.TextView: 2647 W Northwest Hwy & Starlight Rd
android.widget.TextView: Dallas, TX
android.widget.TextView: 2.06 mi
android.widget.RelativeLayout@40666128
android.widget.FrameLayout@405f8f70
android.widget.RelativeLayout@405deee0
android.widget.LinearLayout@405e2b00
android.view.View@4070db40
android.widget.RelativeLayout@406adfa8
android.widget.TextView: Regular
android.view.View@40644c88
android.view.View@40707010
android.widget.RelativeLayout@40644e80
android.widget.TextView: Midgrade
android.view.View@40680c90
android.view.View@40707170
android.widget.RelativeLayout@40680e80
android.widget.TextView: Premium
android.view.View@405e7120
android.view.View@407072a0
android.widget.RelativeLayout@405e7310
android.widget.TextView: Diesel
android.view.View@406f67d0
android.view.View@4070dc60
android.view.View@406b9f78
android.widget.LinearLayout@406ba1c8
android.widget.RelativeLayout@406ba470
android.widget.ImageView@405a39c0
android.widget.TextView: Reload
android.widget.RelativeLayout@406bbc48
android.widget.ImageView@406bd478
android.widget.TextView: Sort By Price
android.widget.RelativeLayout@406c42b0
android.widget.ImageView@406cca08
android.widget.TextView: Map View
android.view.View@406d8448
gbis.gbandroid.views.layouts.CustomListView@40689ed0
android.widget.TableLayout@405ffe08
android.widget.TableRow@40613ed8
android.widget.RelativeLayout@4067bd80
android.widget.RelativeLayout@4068b248
android.widget.TextView: --
android.widget.TextView: 9
android.widget.TextView: time
android.widget.TextView: Report Price
android.widget.RelativeLayout@40695a18
android.widget.ImageView@40643e40
android.widget.TextView: Phillips 66
android.widget.TextView: 2647 W Northwest Hwy & Starlight Rd
android.widget.TextView: Dallas, TX
android.widget.TextView: 2.06 mi
android.widget.TableLayout@40666870
android.widget.TableRow@406d0038
android.widget.RelativeLayout@40677810
android.widget.RelativeLayout@406cb658
android.widget.TextView: 3.19
android.widget.TextView: 9
android.widget.TextView: 12 hours ago
android.widget.TextView: Update
android.widget.RelativeLayout@4065b478
android.widget.ImageView@40724c40
android.widget.TextView: Shop N Go
android.widget.TextView: 8110 Harry Hines Blvd & Roanoke Ave
android.widget.TextView: Dallas, TX
android.widget.TextView: 2.07 mi
android.widget.TableLayout@406c51f0
android.widget.TableRow@4071e880
android.widget.RelativeLayout@40650b08
android.widget.RelativeLayout@406cb950
android.widget.TextView: --
android.widget.TextView: 9
android.widget.TextView: time
android.widget.TextView: Report Price
android.widget.RelativeLayout@40721d58
android.widget.ImageView@4074f770
android.widget.TextView: Texaco
android.widget.TextView: 5406 Harry Hines Blvd & Butler St
android.widget.TextView: Dallas, TX
android.widget.TextView: 2.11 mi
android.widget.TableLayout@40766848
android.widget.TableRow@40681448
android.widget.RelativeLayout@406ce5f0
android.widget.RelativeLayout@406d1d28
android.widget.TextView: 3.15
android.widget.TextView: 9
android.widget.TextView: 33 minutes ago
android.widget.TextView: Update
android.widget.RelativeLayout@40603430
android.widget.ImageView@406caea0
android.widget.TextView: RaceTrac
android.widget.TextView: 9620 Harry Hines Blvd & Webb Chapel Ext
android.widget.TextView: Dallas, TX
android.widget.TextView: 2.15 mi
android.widget.TableLayout@406cc288
android.widget.TableRow@406cec88
android.widget.RelativeLayout@406d2a68
android.widget.RelativeLayout@40580cc8
android.widget.TextView: 3.46
android.widget.TextView: 9
android.widget.TextView: Mon 8:47 AM
android.widget.TextView: Update
android.widget.RelativeLayout@40683120
android.widget.ImageView@4068d8e8
android.widget.TextView: Chevron
android.widget.TextView: 8424 Preston Rd & Northwest Hwy
android.widget.TextView: University Park, TX
android.widget.TextView: 2.25 mi
android.widget.RelativeLayout@40666128
android.widget.FrameLayout@405f8f70
android.widget.RelativeLayout@405deee0
android.widget.LinearLayout@405e2b00
android.view.View@4070db40
android.widget.RelativeLayout@406adfa8
android.widget.TextView: Regular
android.view.View@40644c88
android.view.View@40707010
android.widget.RelativeLayout@40644e80
android.widget.TextView: Midgrade
android.view.View@40680c90
android.view.View@40707170
android.widget.RelativeLayout@40680e80
android.widget.TextView: Premium
android.view.View@405e7120
android.view.View@407072a0
android.widget.RelativeLayout@405e7310
android.widget.TextView: Diesel
android.view.View@406f67d0
android.view.View@4070dc60
android.view.View@406b9f78
android.widget.LinearLayout@406ba1c8
android.widget.RelativeLayout@406ba470
android.widget.ImageView@405a39c0
android.widget.TextView: Reload
android.widget.RelativeLayout@406bbc48
android.widget.ImageView@406bd478
android.widget.TextView: Sort By Price
android.widget.RelativeLayout@406c42b0
android.widget.ImageView@406cca08
android.widget.TextView: Map View
android.view.View@406d8448
gbis.gbandroid.views.layouts.CustomListView@40689ed0
android.widget.TableLayout@406cc288
android.widget.TableRow@406cec88
android.widget.RelativeLayout@406d2a68
android.widget.RelativeLayout@40580cc8
android.widget.TextView: 3.46
android.widget.TextView: 9
android.widget.TextView: Mon 8:47 AM
android.widget.TextView: Update
android.widget.RelativeLayout@40683120
android.widget.ImageView@4068d8e8
android.widget.TextView: Chevron
android.widget.TextView: 8424 Preston Rd & Northwest Hwy
android.widget.TextView: University Park, TX
android.widget.TextView: 2.25 mi
android.widget.TableLayout@406eea28
android.widget.TableRow@406e7848
android.widget.RelativeLayout@406e7eb0
android.widget.RelativeLayout@4061c7f0
android.widget.TextView: 3.23
android.widget.TextView: 9
android.widget.TextView: Mon 5:20 PM
android.widget.TextView: Update
android.widget.RelativeLayout@406eafc8
android.widget.ImageView@406eb368
android.widget.TextView: 7-Eleven
android.widget.TextView: 2635 Willowbrook Rd & Harry Hines Blvd
android.widget.TextView: Dallas, TX
android.widget.TextView: 2.3 mi
android.widget.TableLayout@40706198
android.widget.TableRow@4071a448
android.widget.RelativeLayout@406d3f98
android.widget.RelativeLayout@406d4350
android.widget.TextView: 3.29
android.widget.TextView: 9
android.widget.TextView: Mon 5:20 PM
android.widget.TextView: Update
android.widget.RelativeLayout@406c3238
android.widget.ImageView@406c34e8
android.widget.TextView: Mobil
android.widget.TextView: 10025 Harry Hines Blvd & Northwest Hwy
android.widget.TextView: Dallas, TX
android.widget.TextView: 2.3 mi
android.widget.TableLayout@4057e5a8
android.widget.TableRow@40568a30
android.widget.RelativeLayout@405e9570
android.widget.RelativeLayout@40603688
android.widget.TextView: 3.19
android.widget.TextView: 9
android.widget.TextView: 2 hours ago
android.widget.TextView: Update
android.widget.RelativeLayout@40619930
android.widget.ImageView@405121d8
android.widget.TextView: 7-Eleven
android.widget.TextView: 5601 Lemmon Ave & Inwood Rd
android.widget.TextView: Dallas, TX
android.widget.TextView: 2.3 mi
android.widget.TableLayout@405811c8
android.widget.TableRow@4058a9b0
android.widget.RelativeLayout@40664b40
android.widget.RelativeLayout@4066d680
android.widget.TextView: --
android.widget.TextView: 9
android.widget.TextView: time
android.widget.TextView: Report Price
android.widget.RelativeLayout@4067f0e8
android.widget.ImageView@40558d00
android.widget.TextView: Texaco
android.widget.TextView: 6801 Preston Rd & Druid Ln
android.widget.TextView: University Park, TX
android.widget.TextView: 2.3 mi
android.widget.RelativeLayout@40666128
android.widget.FrameLayout@405f8f70
android.widget.RelativeLayout@405deee0
android.widget.LinearLayout@405e2b00
android.view.View@4070db40
android.widget.RelativeLayout@406adfa8
android.widget.TextView: Regular
android.view.View@40644c88
android.view.View@40707010
android.widget.RelativeLayout@40644e80
android.widget.TextView: Midgrade
android.view.View@40680c90
android.view.View@40707170
android.widget.RelativeLayout@40680e80
android.widget.TextView: Premium
android.view.View@405e7120
android.view.View@407072a0
android.widget.RelativeLayout@405e7310
android.widget.TextView: Diesel
android.view.View@406f67d0
android.view.View@4070dc60
android.view.View@406b9f78
android.widget.LinearLayout@406ba1c8
android.widget.RelativeLayout@406ba470
android.widget.ImageView@405a39c0
android.widget.TextView: Reload
android.widget.RelativeLayout@406bbc48
android.widget.ImageView@406bd478
android.widget.TextView: Sort By Price
android.widget.RelativeLayout@406c42b0
android.widget.ImageView@406cca08
android.widget.TextView: Map View
android.view.View@406d8448
gbis.gbandroid.views.layouts.CustomListView@40689ed0
android.widget.TableLayout@4061e258
android.widget.TableRow@40632990
android.widget.RelativeLayout@4055d8b8
android.widget.RelativeLayout@40581fc0
android.widget.TextView: --
android.widget.TextView: 9
android.widget.TextView: time
android.widget.TextView: Report Price
android.widget.RelativeLayout@405afc38
android.widget.ImageView@406275e0
android.widget.TextView: Texaco
android.widget.TextView: 6801 Preston Rd & Druid Ln
android.widget.TextView: University Park, TX
android.widget.TextView: 2.3 mi
android.widget.TableLayout@40605668
android.widget.TableRow@40613208
android.widget.RelativeLayout@406fc5b0
android.widget.RelativeLayout@4070a8e8
android.widget.TextView: 3.39
android.widget.TextView: 9
android.widget.TextView: 5 hours ago
android.widget.TextView: Update
android.widget.RelativeLayout@40710b30
android.widget.ImageView@40625410
android.widget.TextView: Texaco
android.widget.TextView: 3103 Inwood Rd & Cedar Springs Rd
android.widget.TextView: Dallas, TX
android.widget.TextView: 2.38 mi
android.widget.TableLayout@40601a40
android.widget.TableRow@405decd0
android.widget.RelativeLayout@406e3c28
android.widget.RelativeLayout@406ec340
android.widget.TextView: 3.22
android.widget.TextView: 9
android.widget.TextView: 7 hours ago
android.widget.TextView: Update
android.widget.RelativeLayout@406f6ba0
android.widget.ImageView@405b4d40
android.widget.TextView: Fina
android.widget.TextView: 6930 Harry Hines Blvd & Empire Central Dr
android.widget.TextView: Dallas, TX
android.widget.TextView: 2.41 mi
android.widget.TableLayout@40583de8
android.widget.TableRow@405c0440
android.widget.RelativeLayout@406851b8
android.widget.RelativeLayout@40688078
android.widget.TextView: 3.09
android.widget.TextView: 9
android.widget.TextView: 1 hour ago
android.widget.TextView: Update
android.widget.RelativeLayout@406c80c0
android.widget.ImageView@40564078
android.widget.TextView: RaceTrac
android.widget.TextView: 2111 W Mockingbird Ln & Forest Park Rd
android.widget.TextView: Dallas, TX
android.widget.TextView: 2.46 mi
android.widget.TableLayout@405811c8
android.widget.TableRow@4058a9b0
android.widget.RelativeLayout@40664b40
android.widget.RelativeLayout@4066d680
android.widget.TextView: --
android.widget.TextView: 9
android.widget.TextView: time
android.widget.TextView: Report Price
android.widget.RelativeLayout@4067f0e8
android.widget.ImageView@40558d00
android.widget.TextView: Texaco
android.widget.TextView: 1607 Regal Row & N Stemmons Fwy
android.widget.TextView: Dallas, TX
android.widget.TextView: 2.47 mi
android.widget.RelativeLayout@40666128
android.widget.FrameLayout@405f8f70
android.widget.RelativeLayout@405deee0
android.widget.LinearLayout@405e2b00
android.view.View@4070db40
android.widget.RelativeLayout@406adfa8
android.widget.TextView: Regular
android.view.View@40644c88
android.view.View@40707010
android.widget.RelativeLayout@40644e80
android.widget.TextView: Midgrade
android.view.View@40680c90
android.view.View@40707170
android.widget.RelativeLayout@40680e80
android.widget.TextView: Premium
android.view.View@405e7120
android.view.View@407072a0
android.widget.RelativeLayout@405e7310
android.widget.TextView: Diesel
android.view.View@406f67d0
android.view.View@4070dc60
android.view.View@406b9f78
android.widget.LinearLayout@406ba1c8
android.widget.RelativeLayout@406ba470
android.widget.ImageView@405a39c0
android.widget.TextView: Reload
android.widget.RelativeLayout@406bbc48
android.widget.ImageView@406bd478
android.widget.TextView: Sort By Price
android.widget.RelativeLayout@406c42b0
android.widget.ImageView@406cca08
android.widget.TextView: Map View
android.view.View@406d8448
gbis.gbandroid.views.layouts.CustomListView@40689ed0
android.widget.TableLayout@405811c8
android.widget.TableRow@4058a9b0
android.widget.RelativeLayout@40664b40
android.widget.RelativeLayout@4066d680
android.widget.TextView: --
android.widget.TextView: 9
android.widget.TextView: time
android.widget.TextView: Report Price
android.widget.RelativeLayout@4067f0e8
android.widget.ImageView@40558d00
android.widget.TextView: Texaco
android.widget.TextView: 1607 Regal Row & N Stemmons Fwy
android.widget.TextView: Dallas, TX
android.widget.TextView: 2.47 mi
android.widget.TableLayout@40610740
android.widget.TableRow@406bcea0
android.widget.RelativeLayout@405f2cf0
android.widget.RelativeLayout@40601e50
android.widget.TextView: 3.19
android.widget.TextView: 9
android.widget.TextView: 1 hour ago
android.widget.TextView: Update
android.widget.RelativeLayout@40705ff8
android.widget.ImageView@40607e40
android.widget.TextView: Exxon
android.widget.TextView: 2992 Walnut Hill Ln & Monroe Dr
android.widget.TextView: Dallas, TX
android.widget.TextView: 2.56 mi
android.widget.TableLayout@406a7350
android.widget.TableRow@406f5638
android.widget.RelativeLayout@406c7348
android.widget.RelativeLayout@40629230
android.widget.TextView: 3.21
android.widget.TextView: 9
android.widget.TextView: 1 hour ago
android.widget.TextView: Update
android.widget.RelativeLayout@4076b130
android.widget.ImageView@4063b338
android.widget.TextView: 7-Eleven
android.widget.TextView: 2986 Walnut Hill Ln & Monroe Dr
android.widget.TextView: Dallas, TX
android.widget.TextView: 2.58 mi
android.widget.TableLayout@40672268
android.widget.TableRow@4068e738
android.widget.RelativeLayout@405dc290
android.widget.RelativeLayout@4064e348
android.widget.TextView: --
android.widget.TextView: 9
android.widget.TextView: time
android.widget.TextView: Report Price
android.widget.RelativeLayout@4067e628
android.widget.ImageView@4069a820
android.widget.TextView: Shell
android.widget.TextView: 10969 N Stemmons Fwy & Storey Ln
android.widget.TextView: Dallas, TX
android.widget.TextView: 2.6 mi
android.widget.TableLayout@4069b3d0
android.widget.TableRow@40607420
android.widget.RelativeLayout@40725428
android.widget.RelativeLayout@406da550
android.widget.TextView: 3.29
android.widget.TextView: 9
android.widget.TextView: Mon 7:21 AM
android.widget.TextView: Update
android.widget.RelativeLayout@406df558
android.widget.ImageView@406df7f0
android.widget.TextView: Shell
android.widget.TextView: 1600 Story Ln & Clifford Dr
android.widget.TextView: Dallas, TX
android.widget.TextView: 2.64 mi
android.widget.RelativeLayout@40666128
android.widget.FrameLayout@405f8f70
android.widget.RelativeLayout@405deee0
android.widget.LinearLayout@405e2b00
android.view.View@4070db40
android.widget.RelativeLayout@406adfa8
android.widget.TextView: Regular
android.view.View@40644c88
android.view.View@40707010
android.widget.RelativeLayout@40644e80
android.widget.TextView: Midgrade
android.view.View@40680c90
android.view.View@40707170
android.widget.RelativeLayout@40680e80
android.widget.TextView: Premium
android.view.View@405e7120
android.view.View@407072a0
android.widget.RelativeLayout@405e7310
android.widget.TextView: Diesel
android.view.View@406f67d0
android.view.View@4070dc60
android.view.View@406b9f78
android.widget.LinearLayout@406ba1c8
android.widget.RelativeLayout@406ba470
android.widget.ImageView@405a39c0
android.widget.TextView: Reload
android.widget.RelativeLayout@406bbc48
android.widget.ImageView@406bd478
android.widget.TextView: Sort By Price
android.widget.RelativeLayout@406c42b0
android.widget.ImageView@406cca08
android.widget.TextView: Map View
android.view.View@406d8448
gbis.gbandroid.views.layouts.CustomListView@40689ed0
android.widget.TableLayout@4069b3d0
android.widget.TableRow@40607420
android.widget.RelativeLayout@40725428
android.widget.RelativeLayout@406da550
android.widget.TextView: 3.29
android.widget.TextView: 9
android.widget.TextView: Mon 7:21 AM
android.widget.TextView: Update
android.widget.RelativeLayout@406df558
android.widget.ImageView@406df7f0
android.widget.TextView: Shell
android.widget.TextView: 1600 Story Ln & Clifford Dr
android.widget.TextView: Dallas, TX
android.widget.TextView: 2.64 mi
android.widget.TableLayout@40631110
android.widget.TableRow@406316e0
android.widget.RelativeLayout@406973e0
android.widget.RelativeLayout@406977b8
android.widget.TextView: 3.09
android.widget.TextView: 9
android.widget.TextView: 1 hour ago
android.widget.TextView: Update
android.widget.RelativeLayout@4069d130
android.widget.ImageView@4069d508
android.widget.TextView: RaceTrac
android.widget.TextView: 2506 Inwood Rd & Maple Ave
android.widget.TextView: Dallas, TX
android.widget.TextView: 2.67 mi
android.widget.TableLayout@4070ebe8
android.widget.TableRow@406337e8
android.widget.RelativeLayout@40633e68
android.widget.RelativeLayout@40634240
android.widget.TextView: 3.09
android.widget.TextView: 9
android.widget.TextView: 8 hours ago
android.widget.TextView: Update
android.widget.RelativeLayout@406a64d0
android.widget.ImageView@406a68a8
android.widget.TextView: RaceTrac
android.widget.TextView: 5151 Lemmon Ave & Wheeler St (Mahanna St)
android.widget.TextView: Dallas, TX
android.widget.TextView: 2.68 mi
android.widget.TableLayout@40683690
android.widget.TableRow@40683c00
android.widget.RelativeLayout@406842b0
android.widget.RelativeLayout@40661b58
android.widget.TextView: --
android.widget.TextView: 9
android.widget.TextView: time
android.widget.TextView: Report Price
android.widget.RelativeLayout@40654bf8
android.widget.ImageView@40654fd0
android.widget.TextView: Chevron
android.widget.TextView: 2332 W Northwest Hwy & Stemmons Tr
android.widget.TextView: Dallas, TX
android.widget.TextView: 2.73 mi
android.widget.TableLayout@40768718
android.widget.TableRow@40679298
android.widget.RelativeLayout@40679948
android.widget.RelativeLayout@40679d20
android.widget.TextView: 3.25
android.widget.TextView: 9
android.widget.TextView: 11 hours ago
android.widget.TextView: Update
android.widget.RelativeLayout@40761ff0
android.widget.ImageView@407623c8
android.widget.TextView: Shell
android.widget.TextView: 10941 Harry Hines & Walnut Hill Ln
android.widget.TextView: Dallas, TX
android.widget.TextView: 2.76 mi
android.widget.RelativeLayout@40666128
android.widget.FrameLayout@405f8f70
android.widget.RelativeLayout@405deee0
android.widget.LinearLayout@405e2b00
android.view.View@4070db40
android.widget.RelativeLayout@406adfa8
android.widget.TextView: Regular
android.view.View@40644c88
android.view.View@40707010
android.widget.RelativeLayout@40644e80
android.widget.TextView: Midgrade
android.view.View@40680c90
android.view.View@40707170
android.widget.RelativeLayout@40680e80
android.widget.TextView: Premium
android.view.View@405e7120
android.view.View@407072a0
android.widget.RelativeLayout@405e7310
android.widget.TextView: Diesel
android.view.View@406f67d0
android.view.View@4070dc60
android.view.View@406b9f78
android.widget.LinearLayout@406ba1c8
android.widget.RelativeLayout@406ba470
android.widget.ImageView@405a39c0
android.widget.TextView: Reload
android.widget.RelativeLayout@406bbc48
android.widget.ImageView@406bd478
android.widget.TextView: Sort By Price
android.widget.RelativeLayout@406c42b0
android.widget.ImageView@406cca08
android.widget.TextView: Map View
android.view.View@406d8448
gbis.gbandroid.views.layouts.CustomListView@40689ed0
android.widget.TableLayout@40768718
android.widget.TableRow@40679298
android.widget.RelativeLayout@40679948
android.widget.RelativeLayout@40679d20
android.widget.TextView: 3.25
android.widget.TextView: 9
android.widget.TextView: 11 hours ago
android.widget.TextView: Update
android.widget.RelativeLayout@40761ff0
android.widget.ImageView@407623c8
android.widget.TextView: Shell
android.widget.TextView: 10941 Harry Hines & Walnut Hill Ln
android.widget.TextView: Dallas, TX
android.widget.TextView: 2.76 mi
android.widget.TableLayout@4057e5a8
android.widget.TableRow@40568a30
android.widget.RelativeLayout@405e9570
android.widget.RelativeLayout@40619930
android.widget.TextView: 3.39
android.widget.TextView: 9
android.widget.TextView: 6 hours ago
android.widget.TextView: Update
android.widget.RelativeLayout@406851b8
android.widget.ImageView@405121d8
android.widget.TextView: Shell
android.widget.TextView: 8390 N Stemmons Fwy & Empire Central Dr
android.widget.TextView: Dallas, TX
android.widget.TextView: 2.86 mi
android.widget.TableLayout@40583de8
android.widget.TableRow@405c0440
android.widget.RelativeLayout@406b0980
android.widget.RelativeLayout@406d3f98
android.widget.TextView: 3.38
android.widget.TextView: 9
android.widget.TextView: Mon 7:59 AM
android.widget.TextView: Update
android.widget.RelativeLayout@406e3c28
android.widget.ImageView@40564078
android.widget.TextView: Texaco
android.widget.TextView: 8405 N Stemmons Fwy & Empire Central Dr
android.widget.TextView: Dallas, TX
android.widget.TextView: 2.91 mi
android.widget.TableLayout@405ffe08
android.widget.TableRow@405decd0
android.widget.RelativeLayout@40710b30
android.widget.RelativeLayout@40712398
android.widget.TextView: 3.24
android.widget.TextView: 9
android.widget.TextView: 9 hours ago
android.widget.TextView: Update
android.widget.RelativeLayout@4055d8b8
android.widget.ImageView@40580e70
android.widget.TextView: Shell
android.widget.TextView: 2275 W NW Hwy  & IH-35 E
android.widget.TextView: Dallas, TX
android.widget.TextView: 2.97 mi
android.widget.TableLayout@40601a40
android.widget.TableRow@4066baf8
android.widget.RelativeLayout@4057e160
android.widget.RelativeLayout@40581fc0
android.widget.TextView: 3.29
android.widget.TextView: 9
android.widget.TextView: 11 hours ago
android.widget.TextView: Update
android.widget.RelativeLayout@405d6ce0
android.widget.ImageView@405839a0
android.widget.TextView: 7-Eleven
android.widget.TextView: 10998 Harry Hines Blvd & Walnut Hill Ln
android.widget.TextView: Dallas, TX
android.widget.TextView: 2.99 mi
android.widget.RelativeLayout@40666128
android.widget.FrameLayout@405f8f70
android.widget.RelativeLayout@405deee0
android.widget.LinearLayout@405e2b00
android.view.View@4070db40
android.widget.RelativeLayout@406adfa8
android.widget.TextView: Regular
android.view.View@40644c88
android.view.View@40707010
android.widget.RelativeLayout@40644e80
android.widget.TextView: Midgrade
android.view.View@40680c90
android.view.View@40707170
android.widget.RelativeLayout@40680e80
android.widget.TextView: Premium
android.view.View@405e7120
android.view.View@407072a0
android.widget.RelativeLayout@405e7310
android.widget.TextView: Diesel
android.view.View@406f67d0
android.view.View@4070dc60
android.view.View@406b9f78
android.widget.LinearLayout@406ba1c8
android.widget.RelativeLayout@406ba470
android.widget.ImageView@405a39c0
android.widget.TextView: Reload
android.widget.RelativeLayout@406bbc48
android.widget.ImageView@406bd478
android.widget.TextView: Sort By Price
android.widget.RelativeLayout@406c42b0
android.widget.ImageView@406cca08
android.widget.TextView: Map View
android.view.View@406d8448
gbis.gbandroid.views.layouts.CustomListView@40689ed0
android.widget.TableLayout@40583de8
android.widget.TableRow@405c0440
android.widget.RelativeLayout@406b0980
android.widget.RelativeLayout@406d3f98
android.widget.TextView: 3.38
android.widget.TextView: 9
android.widget.TextView: Mon 7:59 AM
android.widget.TextView: Update
android.widget.RelativeLayout@406e3c28
android.widget.ImageView@40564078
android.widget.TextView: Texaco
android.widget.TextView: 8405 N Stemmons Fwy & Empire Central Dr
android.widget.TextView: Dallas, TX
android.widget.TextView: 2.91 mi
android.widget.TableLayout@405ffe08
android.widget.TableRow@405decd0
android.widget.RelativeLayout@40710b30
android.widget.RelativeLayout@40712398
android.widget.TextView: 3.24
android.widget.TextView: 9
android.widget.TextView: 9 hours ago
android.widget.TextView: Update
android.widget.RelativeLayout@4055d8b8
android.widget.ImageView@40580e70
android.widget.TextView: Shell
android.widget.TextView: 2275 W NW Hwy  & IH-35 E
android.widget.TextView: Dallas, TX
android.widget.TextView: 2.97 mi
android.widget.TableLayout@40601a40
android.widget.TableRow@4066baf8
android.widget.RelativeLayout@4057e160
android.widget.RelativeLayout@40581fc0
android.widget.TextView: 3.29
android.widget.TextView: 9
android.widget.TextView: 11 hours ago
android.widget.TextView: Update
android.widget.RelativeLayout@405d6ce0
android.widget.ImageView@405839a0
android.widget.TextView: 7-Eleven
android.widget.TextView: 10998 Harry Hines Blvd & Walnut Hill Ln
android.widget.TextView: Dallas, TX
android.widget.TextView: 2.99 mi
android.widget.TableLayout@40602a38
android.widget.TableRow@406832d0
android.widget.RelativeLayout@40601c28
android.widget.RelativeLayout@4064a398
android.widget.TextView: 3.39
android.widget.TextView: 9
android.widget.TextView: 1 hour ago
android.widget.TextView: Update
android.widget.RelativeLayout@4067fc68
android.widget.ImageView@405b4d40
android.widget.TextView: Shamrock
android.widget.TextView: 10811 Webb Chapel Rd & Royal Ln
android.widget.TextView: Dallas, TX
android.widget.TextView: 3 mi
android.widget.TableLayout@40605668
android.widget.TableRow@406c80c0
android.widget.RelativeLayout@407807a8
android.widget.RelativeLayout@406d0038
android.widget.TextView: 3.15
android.widget.TextView: 9
android.widget.TextView: 10 hours ago
android.widget.TextView: Update
android.widget.RelativeLayout@406f6ba0
android.widget.ImageView@406184f8
android.widget.TextView: Gasco
android.widget.TextView: 2630 Walnut Hill Ln & Shady Tr
android.widget.TextView: Dallas, TX
android.widget.TextView: 3.12 mi
android.widget.RelativeLayout@40666128
