android.widget.FrameLayout@40587c78
android.widget.LinearLayout@40588728
android.widget.FrameLayout@405889d8
android.widget.ImageView@40588c88
android.widget.RelativeLayout@40589120
android.widget.ImageButton@40589730
android.widget.EditText: 
android.widget.Button: Map
android.widget.RelativeLayout@4058cde0
android.widget.EditText: 
android.widget.Button: Cancel
android.widget.RelativeLayout@4058f1f0
android.widget.LinearLayout@4058f598
android.widget.TextView: Locations
com.google.android.maps.MapView@40590d90
android.widget.LinearLayout@4052c360
android.widget.TextView: Locations
android.widget.ScrollView@40516b58
android.widget.TableLayout@40511828
android.widget.TableRow@4058b3f8
android.widget.ImageView@40610098
android.widget.TextView: 2187 OAK BAY AVE UNIT 107
android.widget.TextView: 76 mi
android.widget.TableRow@406318e8
android.widget.ImageView@40622bb0
android.widget.TextView: 1568 FAIRFIELD RD
android.widget.TextView: 76 mi
android.widget.TableRow@4055bfe8
android.widget.ImageView@4055c490
android.widget.TextView: 2000 CADBORO BAY RD
android.widget.TextView: 76 mi
android.widget.TableRow@405507c8
android.widget.ImageView@40550c70
android.widget.TextView: 1080 DOUGLAS ST
android.widget.TextView: 78 mi
android.widget.TableRow@40630a98
android.widget.ImageView@40559cd0
android.widget.TextView: 1150 DOUGLAS ST
android.widget.TextView: 78 mi
android.widget.TableRow@4060ea00
android.widget.ImageView@4050b478
android.widget.TextView: 3675 SHELBOURNE STREET
android.widget.TextView: 78 mi
android.widget.TableRow@4061e660
android.widget.ImageView@4061eb08
android.widget.TextView: 182 WILSON ST UNIT 100
android.widget.TextView: 78 mi
android.widget.TableRow@40622718
android.widget.ImageView@40635708
android.widget.TextView: 811 ROYAL OAK DRIVE
android.widget.TextView: 79 mi
android.widget.TableRow@4061f748
android.widget.ImageView@4061fbf0
android.widget.TextView: 3530 BLANSHARD ST
android.widget.TextView: 79 mi
android.widget.TableRow@40617a50
android.widget.ImageView@406391e0
android.widget.TextView: 4000 QUADRA ST
android.widget.TextView: 80 mi
android.widget.TableRow@40614a60
android.widget.ImageView@40614ec8
android.widget.TextView: 309 BURNSIDE RD W
android.widget.TextView: 80 mi
android.widget.TableRow@406213f8
android.widget.ImageView@406218a0
android.widget.TextView: 2945 JACKLIN RD UNIT 860
android.widget.TextView: 83 mi
android.widget.TableRow@40616b68
android.widget.ImageView@40617010
android.widget.TextView: 2401G MILLSTREAM RD UNIT 149
android.widget.TextView: 84 mi
android.widget.TableRow@40614590
android.widget.ImageView@4062eee0
android.widget.TextView: 6670 SOOKE RD
android.widget.TextView: 88 mi
android.widget.TableRow@40551420
android.widget.ImageView@405518c8
android.widget.TextView: 2406 BEACON AVE
android.widget.TextView: 90 mi
android.widget.TableRow@40618748
android.widget.ImageView@40618bf0
android.widget.TextView: 32817 SOUTH FRASER WAY
android.widget.TextView: 96 mi
android.widget.TableRow@40654490
android.widget.ImageView@40654938
android.widget.TextView: 2298 WHATCOM RD
android.widget.TextView: 96 mi
android.widget.TableRow@4054f950
android.widget.ImageView@4054fdf8
android.widget.TextView: 2130 SUMAS WAY
android.widget.TextView: 96 mi
android.widget.TableRow@40626180
android.widget.ImageView@40626628
android.widget.TextView: 32435 SOUTH FRASER WAY UNIT 1
android.widget.TextView: 97 mi
android.widget.TableRow@4060b930
android.widget.ImageView@4060bdd8
android.widget.TextView: 26310 FRASER HIGHWAY UNIT 880
android.widget.TextView: 99 mi
android.widget.FrameLayout@40582188
android.widget.ImageView@4052c8a8
android.widget.Button: Filter
android.widget.LinearLayout@405619a8
android.widget.FrameLayout@40584618
android.widget.ImageView@40573440
android.widget.Button: Filter
android.widget.FrameLayout@4061ddc8
android.widget.Button: Done
android.widget.FrameLayout@4062a7b8
android.widget.ImageView@405b1ea8
android.widget.TextView: Stores
android.widget.ImageView@405b2210
android.widget.FrameLayout@40639088
android.widget.ImageView@405b2e78
android.widget.TextView: ATMs
android.widget.ImageView@405b52c0
android.widget.FrameLayout@40587c78
android.widget.LinearLayout@40588728
android.widget.FrameLayout@405889d8
android.widget.ImageView@40588c88
android.widget.RelativeLayout@40589120
android.widget.ImageButton@40589730
android.widget.EditText: 
android.widget.Button: Map
android.widget.RelativeLayout@4058cde0
android.widget.EditText: 
android.widget.Button: Cancel
android.widget.RelativeLayout@4058f1f0
android.widget.LinearLayout@4058f598
android.widget.TextView: Locations
com.google.android.maps.MapView@40590d90
android.widget.LinearLayout@4052c360
android.widget.TextView: Locations
android.widget.ScrollView@40516b58
android.widget.TableLayout@40511828
android.widget.TableRow@4058b3f8
android.widget.ImageView@40610098
android.widget.TextView: 2187 OAK BAY AVE UNIT 107
android.widget.TextView: 76 mi
android.widget.TableRow@406318e8
android.widget.ImageView@40622bb0
android.widget.TextView: 1568 FAIRFIELD RD
android.widget.TextView: 76 mi
android.widget.TableRow@4055bfe8
android.widget.ImageView@4055c490
android.widget.TextView: 2000 CADBORO BAY RD
android.widget.TextView: 76 mi
android.widget.TableRow@405507c8
android.widget.ImageView@40550c70
android.widget.TextView: 1080 DOUGLAS ST
android.widget.TextView: 78 mi
android.widget.TableRow@40630a98
android.widget.ImageView@40559cd0
android.widget.TextView: 1150 DOUGLAS ST
android.widget.TextView: 78 mi
android.widget.TableRow@4060ea00
android.widget.ImageView@4050b478
android.widget.TextView: 3675 SHELBOURNE STREET
android.widget.TextView: 78 mi
android.widget.TableRow@4061e660
android.widget.ImageView@4061eb08
android.widget.TextView: 182 WILSON ST UNIT 100
android.widget.TextView: 78 mi
android.widget.TableRow@40622718
android.widget.ImageView@40635708
android.widget.TextView: 811 ROYAL OAK DRIVE
android.widget.TextView: 79 mi
android.widget.TableRow@4061f748
android.widget.ImageView@4061fbf0
android.widget.TextView: 3530 BLANSHARD ST
android.widget.TextView: 79 mi
android.widget.TableRow@40617a50
android.widget.ImageView@406391e0
android.widget.TextView: 4000 QUADRA ST
android.widget.TextView: 80 mi
android.widget.TableRow@40614a60
android.widget.ImageView@40614ec8
android.widget.TextView: 309 BURNSIDE RD W
android.widget.TextView: 80 mi
android.widget.TableRow@406213f8
android.widget.ImageView@406218a0
android.widget.TextView: 2945 JACKLIN RD UNIT 860
android.widget.TextView: 83 mi
android.widget.TableRow@40616b68
android.widget.ImageView@40617010
android.widget.TextView: 2401G MILLSTREAM RD UNIT 149
android.widget.TextView: 84 mi
android.widget.TableRow@40614590
android.widget.ImageView@4062eee0
android.widget.TextView: 6670 SOOKE RD
android.widget.TextView: 88 mi
android.widget.TableRow@40551420
android.widget.ImageView@405518c8
android.widget.TextView: 2406 BEACON AVE
android.widget.TextView: 90 mi
android.widget.TableRow@40618748
android.widget.ImageView@40618bf0
android.widget.TextView: 32817 SOUTH FRASER WAY
android.widget.TextView: 96 mi
android.widget.TableRow@40654490
android.widget.ImageView@40654938
android.widget.TextView: 2298 WHATCOM RD
android.widget.TextView: 96 mi
android.widget.TableRow@4054f950
android.widget.ImageView@4054fdf8
android.widget.TextView: 2130 SUMAS WAY
android.widget.TextView: 96 mi
android.widget.TableRow@40626180
android.widget.ImageView@40626628
android.widget.TextView: 32435 SOUTH FRASER WAY UNIT 1
android.widget.TextView: 97 mi
android.widget.TableRow@4060b930
android.widget.ImageView@4060bdd8
android.widget.TextView: 26310 FRASER HIGHWAY UNIT 880
android.widget.TextView: 99 mi
android.widget.FrameLayout@40582188
android.widget.ImageView@4052c8a8
android.widget.Button: Filter
android.widget.LinearLayout@405619a8
android.widget.FrameLayout@40584618
android.widget.ImageView@40573440
android.widget.Button: Filter
android.widget.FrameLayout@4061ddc8
android.widget.Button: Done
android.widget.FrameLayout@4062a7b8
android.widget.ImageView@405b1ea8
android.widget.TextView: Stores
android.widget.ImageView@405b2210
android.widget.FrameLayout@40639088
android.widget.ImageView@405b2e78
android.widget.TextView: ATMs
android.widget.ImageView@405b52c0
android.widget.FrameLayout@40587c78
android.widget.LinearLayout@40588728
android.widget.FrameLayout@405889d8
android.widget.ImageView@40588c88
android.widget.RelativeLayout@40589120
android.widget.ImageButton@40589730
android.widget.EditText: 
android.widget.Button: Map
android.widget.RelativeLayout@4058cde0
android.widget.EditText: 
android.widget.Button: Cancel
android.widget.RelativeLayout@4058f1f0
android.widget.LinearLayout@4058f598
android.widget.TextView: Locations
com.google.android.maps.MapView@40590d90
android.widget.LinearLayout@4052c360
android.widget.TextView: Locations
android.widget.ScrollView@40516b58
android.widget.TableLayout@40511828
android.widget.TableRow@4058b3f8
android.widget.ImageView@40610098
android.widget.TextView: 2187 OAK BAY AVE UNIT 107
android.widget.TextView: 76 mi
android.widget.TableRow@406318e8
android.widget.ImageView@40622bb0
android.widget.TextView: 1568 FAIRFIELD RD
android.widget.TextView: 76 mi
android.widget.TableRow@4055bfe8
android.widget.ImageView@4055c490
android.widget.TextView: 2000 CADBORO BAY RD
android.widget.TextView: 76 mi
android.widget.TableRow@405507c8
android.widget.ImageView@40550c70
android.widget.TextView: 1080 DOUGLAS ST
android.widget.TextView: 78 mi
android.widget.TableRow@40630a98
android.widget.ImageView@40559cd0
android.widget.TextView: 1150 DOUGLAS ST
android.widget.TextView: 78 mi
android.widget.TableRow@4060ea00
android.widget.ImageView@4050b478
android.widget.TextView: 3675 SHELBOURNE STREET
android.widget.TextView: 78 mi
android.widget.TableRow@4061e660
android.widget.ImageView@4061eb08
android.widget.TextView: 182 WILSON ST UNIT 100
android.widget.TextView: 78 mi
android.widget.TableRow@40622718
android.widget.ImageView@40635708
android.widget.TextView: 811 ROYAL OAK DRIVE
android.widget.TextView: 79 mi
android.widget.TableRow@4061f748
android.widget.ImageView@4061fbf0
android.widget.TextView: 3530 BLANSHARD ST
android.widget.TextView: 79 mi
android.widget.TableRow@40617a50
android.widget.ImageView@406391e0
android.widget.TextView: 4000 QUADRA ST
android.widget.TextView: 80 mi
android.widget.TableRow@40614a60
android.widget.ImageView@40614ec8
android.widget.TextView: 309 BURNSIDE RD W
android.widget.TextView: 80 mi
android.widget.TableRow@406213f8
android.widget.ImageView@406218a0
android.widget.TextView: 2945 JACKLIN RD UNIT 860
android.widget.TextView: 83 mi
android.widget.TableRow@40616b68
android.widget.ImageView@40617010
android.widget.TextView: 2401G MILLSTREAM RD UNIT 149
android.widget.TextView: 84 mi
android.widget.TableRow@40614590
android.widget.ImageView@4062eee0
android.widget.TextView: 6670 SOOKE RD
android.widget.TextView: 88 mi
android.widget.TableRow@40551420
android.widget.ImageView@405518c8
android.widget.TextView: 2406 BEACON AVE
android.widget.TextView: 90 mi
android.widget.TableRow@40618748
android.widget.ImageView@40618bf0
android.widget.TextView: 32817 SOUTH FRASER WAY
android.widget.TextView: 96 mi
android.widget.TableRow@40654490
android.widget.ImageView@40654938
android.widget.TextView: 2298 WHATCOM RD
android.widget.TextView: 96 mi
android.widget.TableRow@4054f950
android.widget.ImageView@4054fdf8
android.widget.TextView: 2130 SUMAS WAY
android.widget.TextView: 96 mi
android.widget.TableRow@40626180
android.widget.ImageView@40626628
android.widget.TextView: 32435 SOUTH FRASER WAY UNIT 1
android.widget.TextView: 97 mi
android.widget.TableRow@4060b930
android.widget.ImageView@4060bdd8
android.widget.TextView: 26310 FRASER HIGHWAY UNIT 880
android.widget.TextView: 99 mi
android.widget.FrameLayout@40582188
android.widget.ImageView@4052c8a8
android.widget.Button: Filter
android.widget.LinearLayout@405619a8
android.widget.FrameLayout@40584618
android.widget.ImageView@40573440
android.widget.Button: Filter
android.widget.FrameLayout@4061ddc8
android.widget.Button: Done
android.widget.FrameLayout@4062a7b8
android.widget.ImageView@405b1ea8
android.widget.TextView: Stores
android.widget.ImageView@405b2210
android.widget.FrameLayout@40639088
android.widget.ImageView@405b2e78
android.widget.TextView: ATMs
android.widget.ImageView@405b52c0
