android.widget.FrameLayout@406bab88
android.widget.RelativeLayout@406bbf28
android.widget.LinearLayout@4054e538
android.view.View@4068b6a8
android.widget.RelativeLayout@407163d8
android.widget.TextView: Regular
android.view.View@406a52a8
android.view.View@40661818
android.widget.RelativeLayout@406a54b8
android.widget.TextView: Midgrade
android.view.View@406b6898
android.view.View@4068b460
android.widget.RelativeLayout@406afa20
android.widget.TextView: Premium
android.view.View@406562f0
android.view.View@4068b578
android.widget.RelativeLayout@406564e0
android.widget.TextView: Diesel
android.view.View@406614e0
android.view.View@4068b7c8
android.view.View@406beeb0
android.widget.LinearLayout@406c0c60
android.widget.RelativeLayout@406c26a0
android.widget.ImageView@406d0370
android.widget.TextView: Reload
android.widget.RelativeLayout@406d8d80
android.widget.ImageView@406e14a0
android.widget.TextView: Sort By Price
android.widget.RelativeLayout@406e8358
android.widget.ImageView@406ef130
android.widget.TextView: Map View
android.view.View@406f7ac0
gbis.gbandroid.views.layouts.CustomListView@406b5308
android.widget.RelativeLayout@40665230
com.google.ads.AdView@406752a8
android.gesture.GestureOverlayView@406d8710
android.widget.FrameLayout@40599440
com.google.ads.internal.AdWebView@40668128
android.widget.TableLayout@406eadc0
android.widget.TableRow@406eb390
android.widget.RelativeLayout@406edee8
android.widget.RelativeLayout@406ee2c0
android.widget.TextView: 3.67
android.widget.TextView: 9
android.widget.TextView: 2 hours ago
android.widget.TextView: Update
android.widget.RelativeLayout@406f1ff0
android.widget.ImageView@406f23c8
android.widget.TextView: Chevron
android.widget.TextView: 5040 148th Ave NE & NE 51st St
android.widget.TextView: Redmond, WA
android.widget.TextView: 0.29 mi
android.widget.TableLayout@406cedb8
android.widget.TableRow@406cf278
android.widget.RelativeLayout@406cf938
android.widget.RelativeLayout@406cfd10
android.widget.TextView: 3.55
android.widget.TextView: 9
android.widget.TextView: Mon 8:12 AM
android.widget.TextView: Update
android.widget.RelativeLayout@406d6680
android.widget.ImageView@406d6a58
android.widget.TextView: ARCO
android.widget.TextView: 13055 NE 70th Pl & 132nd Ave NE
android.widget.TextView: Kirkland, WA
android.widget.TextView: 1.29 mi
android.widget.TableLayout@4071cda8
android.widget.TableRow@407200c8
android.widget.RelativeLayout@40720788
android.widget.RelativeLayout@40723848
android.widget.TextView: 3.54
android.widget.TextView: 9
android.widget.TextView: 2 hours ago
android.widget.TextView: Update
android.widget.RelativeLayout@4072bfe8
android.widget.ImageView@406a7290
android.widget.TextView: 76
android.widget.TextView: 2421 148th Ave NE & NE 24th St
android.widget.TextView: Bellevue, WA
android.widget.TextView: 1.39 mi
android.widget.TableLayout@406e5e20
android.widget.TableRow@406e9520
android.widget.RelativeLayout@406efeb0
android.widget.RelativeLayout@406f0360
android.widget.TextView: 3.53
android.widget.TextView: 9
android.widget.TextView: 3 hours ago
android.widget.TextView: Update
android.widget.RelativeLayout@406fa410
android.widget.ImageView@406fa830
android.widget.TextView: 7-Eleven
android.widget.TextView: 2353 140th Ave NE & NE 24th St
android.widget.TextView: Bellevue, WA
android.widget.TextView: 1.47 mi
android.widget.RelativeLayout@405e7588
android.widget.FrameLayout@406bab88
android.widget.RelativeLayout@406bbf28
android.widget.LinearLayout@4054e538
android.view.View@4068b6a8
android.widget.RelativeLayout@407163d8
android.widget.TextView: Regular
android.view.View@406a52a8
android.view.View@40661818
android.widget.RelativeLayout@406a54b8
android.widget.TextView: Midgrade
android.view.View@406b6898
android.view.View@4068b460
android.widget.RelativeLayout@406afa20
android.widget.TextView: Premium
android.view.View@406562f0
android.view.View@4068b578
android.widget.RelativeLayout@406564e0
android.widget.TextView: Diesel
android.view.View@406614e0
android.view.View@4068b7c8
android.view.View@406beeb0
android.widget.LinearLayout@406c0c60
android.widget.RelativeLayout@406c26a0
android.widget.ImageView@406d0370
android.widget.TextView: Reload
android.widget.RelativeLayout@406d8d80
android.widget.ImageView@406e14a0
android.widget.TextView: Sort By Price
android.widget.RelativeLayout@406e8358
android.widget.ImageView@406ef130
android.widget.TextView: Map View
android.view.View@406f7ac0
gbis.gbandroid.views.layouts.CustomListView@406b5308
android.widget.TableLayout@406e5e20
android.widget.TableRow@406e9520
android.widget.RelativeLayout@406efeb0
android.widget.RelativeLayout@406f0360
android.widget.TextView: 3.53
android.widget.TextView: 9
android.widget.TextView: 3 hours ago
android.widget.TextView: Update
android.widget.RelativeLayout@406fa410
android.widget.ImageView@406fa830
android.widget.TextView: 7-Eleven
android.widget.TextView: 2353 140th Ave NE & NE 24th St
android.widget.TextView: Bellevue, WA
android.widget.TextView: 1.47 mi
android.widget.TableLayout@407a74e8
android.widget.TableRow@407a7ab8
android.widget.RelativeLayout@407a8178
android.widget.RelativeLayout@407a8550
android.widget.TextView: 3.69
android.widget.TextView: 9
android.widget.TextView: Sun 6:00 PM
android.widget.TextView: Update
android.widget.RelativeLayout@407a9d60
android.widget.ImageView@407aa138
android.widget.TextView: Chevron
android.widget.TextView: 2444 Bel Red Rd & NE 24th St & 156th Ave NE
android.widget.TextView: Bellevue, WA
android.widget.TextView: 1.53 mi
android.widget.TableLayout@407b7fa8
android.widget.TableRow@407b8578
android.widget.RelativeLayout@407b8c38
android.widget.RelativeLayout@407b9010
android.widget.TextView: 3.59
android.widget.TextView: 9
android.widget.TextView: 3 hours ago
android.widget.TextView: Update
android.widget.RelativeLayout@407ba820
android.widget.ImageView@407babf8
android.widget.TextView: Chevron
android.widget.TextView: 13948 NE 20th St & 140th Ave NE
android.widget.TextView: Bellevue, WA
android.widget.TextView: 1.66 mi
android.widget.TableLayout@40518a50
android.widget.TableRow@40584f60
android.widget.RelativeLayout@40551c98
android.widget.RelativeLayout@4057cef0
android.widget.TextView: 3.59
android.widget.TextView: 9
android.widget.TextView: Sun 5:59 PM
android.widget.TextView: Update
android.widget.RelativeLayout@405857d0
android.widget.ImageView@40584878
android.widget.TextView: Texaco
android.widget.TextView: 15248 Bel  Red  Rd & NE 20th 
android.widget.TextView: Redmond, WA
android.widget.TextView: 1.71 mi
android.widget.TableLayout@4057d128
android.widget.TableRow@405f2110
android.widget.RelativeLayout@405a21e8
android.widget.RelativeLayout@405a4098
android.widget.TextView: 3.45
android.widget.TextView: 9
android.widget.TextView: 17 minutes ago
android.widget.TextView: Update
android.widget.RelativeLayout@405bcaf8
android.widget.ImageView@405b4260
android.widget.TextView: ARCO
android.widget.TextView: 14650 Bel Red Rd & 148th Ave NE
android.widget.TextView: Bellevue, WA
android.widget.TextView: 1.75 mi
android.widget.RelativeLayout@405e7588
android.widget.FrameLayout@406bab88
android.widget.RelativeLayout@406bbf28
android.widget.LinearLayout@4054e538
android.view.View@4068b6a8
android.widget.RelativeLayout@407163d8
android.widget.TextView: Regular
android.view.View@406a52a8
android.view.View@40661818
android.widget.RelativeLayout@406a54b8
android.widget.TextView: Midgrade
android.view.View@406b6898
android.view.View@4068b460
android.widget.RelativeLayout@406afa20
android.widget.TextView: Premium
android.view.View@406562f0
android.view.View@4068b578
android.widget.RelativeLayout@406564e0
android.widget.TextView: Diesel
android.view.View@406614e0
android.view.View@4068b7c8
android.view.View@406beeb0
android.widget.LinearLayout@406c0c60
android.widget.RelativeLayout@406c26a0
android.widget.ImageView@406d0370
android.widget.TextView: Reload
android.widget.RelativeLayout@406d8d80
android.widget.ImageView@406e14a0
android.widget.TextView: Sort By Price
android.widget.RelativeLayout@406e8358
android.widget.ImageView@406ef130
android.widget.TextView: Map View
android.view.View@406f7ac0
gbis.gbandroid.views.layouts.CustomListView@406b5308
android.widget.TableLayout@4057d128
android.widget.TableRow@405f2110
android.widget.RelativeLayout@405a21e8
android.widget.RelativeLayout@405a4098
android.widget.TextView: 3.45
android.widget.TextView: 9
android.widget.TextView: 17 minutes ago
android.widget.TextView: Update
android.widget.RelativeLayout@405bcaf8
android.widget.ImageView@405b4260
android.widget.TextView: ARCO
android.widget.TextView: 14650 Bel Red Rd & 148th Ave NE
android.widget.TextView: Bellevue, WA
android.widget.TextView: 1.75 mi
android.widget.TableLayout@4057d2d0
android.widget.TableRow@40639be8
android.widget.RelativeLayout@405f2c98
android.widget.RelativeLayout@405fedb0
android.widget.TextView: 3.79
android.widget.TextView: 9
android.widget.TextView: Sun 6:00 PM
android.widget.TextView: Update
android.widget.RelativeLayout@40611ed8
android.widget.ImageView@405f3ab0
android.widget.TextView: Chevron
android.widget.TextView: 16010 Redmond Way & 160th Ave NE
android.widget.TextView: Redmond, WA
android.widget.TextView: 1.87 mi
android.widget.TableLayout@4057fed8
android.widget.TableRow@406c28b0
android.widget.RelativeLayout@40613380
android.widget.RelativeLayout@40626100
android.widget.TextView: 3.46
android.widget.TextView: 9
android.widget.TextView: 42 minutes ago
android.widget.TextView: Update
android.widget.RelativeLayout@40646cb8
android.widget.ImageView@40647eb0
android.widget.TextView: Safeway
android.widget.TextView: 1645 140th Ave NE & Bel Red Rd
android.widget.TextView: Bellevue, WA
android.widget.TextView: 1.91 mi
android.widget.TableLayout@405829c8
android.widget.TableRow@406e4930
android.widget.RelativeLayout@40652088
android.widget.RelativeLayout@40683738
android.widget.TextView: 3.51
android.widget.TextView: 9
android.widget.TextView: 6 minutes ago
android.widget.TextView: Update
android.widget.RelativeLayout@40696f38
android.widget.ImageView@406a0cf0
android.widget.TextView: ARCO
android.widget.TextView: 12903 NE 20th St & 130th Ave NE
android.widget.TextView: Bellevue, WA
android.widget.TextView: 1.91 mi
android.widget.TableLayout@40582b70
android.widget.TableRow@406eefc8
android.widget.RelativeLayout@4069b568
android.widget.RelativeLayout@406a1ac8
android.widget.TextView: 3.56
android.widget.TextView: 9
android.widget.TextView: 4 hours ago
android.widget.TextView: Update
android.widget.RelativeLayout@406b9348
android.widget.ImageView@406a0f78
android.widget.TextView: ARCO
android.widget.TextView: 8009 164th Ave NE & NE 80th St
android.widget.TextView: Redmond, WA
android.widget.TextView: 2 mi
android.widget.RelativeLayout@405e7588
android.widget.FrameLayout@406bab88
android.widget.RelativeLayout@406bbf28
android.widget.LinearLayout@4054e538
android.view.View@4068b6a8
android.widget.RelativeLayout@407163d8
android.widget.TextView: Regular
android.view.View@406a52a8
android.view.View@40661818
android.widget.RelativeLayout@406a54b8
android.widget.TextView: Midgrade
android.view.View@406b6898
android.view.View@4068b460
android.widget.RelativeLayout@406afa20
android.widget.TextView: Premium
android.view.View@406562f0
android.view.View@4068b578
android.widget.RelativeLayout@406564e0
android.widget.TextView: Diesel
android.view.View@406614e0
android.view.View@4068b7c8
android.view.View@406beeb0
android.widget.LinearLayout@406c0c60
android.widget.RelativeLayout@406c26a0
android.widget.ImageView@406d0370
android.widget.TextView: Reload
android.widget.RelativeLayout@406d8d80
android.widget.ImageView@406e14a0
android.widget.TextView: Sort By Price
android.widget.RelativeLayout@406e8358
android.widget.ImageView@406ef130
android.widget.TextView: Map View
android.view.View@406f7ac0
gbis.gbandroid.views.layouts.CustomListView@406b5308
android.widget.TableLayout@40582b70
android.widget.TableRow@406eefc8
android.widget.RelativeLayout@4069b568
android.widget.RelativeLayout@406a1ac8
android.widget.TextView: 3.56
android.widget.TextView: 9
android.widget.TextView: 4 hours ago
android.widget.TextView: Update
android.widget.RelativeLayout@406b9348
android.widget.ImageView@406a0f78
android.widget.TextView: ARCO
android.widget.TextView: 8009 164th Ave NE & NE 80th St
android.widget.TextView: Redmond, WA
android.widget.TextView: 2 mi
android.widget.TableLayout@406a5e10
android.widget.TableRow@40647098
android.widget.RelativeLayout@40605a98
android.widget.RelativeLayout@40614328
android.widget.TextView: 3.83
android.widget.TextView: 9
android.widget.TextView: 13 hours ago
android.widget.TextView: Update
android.widget.RelativeLayout@40679428
android.widget.ImageView@406803d0
android.widget.TextView: 76
android.widget.TextView: 16909 Redmond Way & Cleveland St
android.widget.TextView: Redmond, WA
android.widget.TextView: 2.04 mi
android.widget.TableLayout@406d2258
android.widget.TableRow@405a27c0
android.widget.RelativeLayout@405fef98
android.widget.RelativeLayout@40549ed8
android.widget.TextView: 3.49
android.widget.TextView: 9
android.widget.TextView: 9 hours ago
android.widget.TextView: Update
android.widget.RelativeLayout@40631750
android.widget.ImageView@40645da0
android.widget.TextView: ARCO
android.widget.TextView: 9015 Willows Rd NE & NE 90th St
android.widget.TextView: Redmond, WA
android.widget.TextView: 2.11 mi
android.widget.TableLayout@40583958
android.widget.TableRow@40551c98
android.widget.RelativeLayout@40585398
android.widget.RelativeLayout@40604cb0
android.widget.TextView: 3.83
android.widget.TextView: 9
android.widget.TextView: 10 hours ago
android.widget.TextView: Update
android.widget.RelativeLayout@406934d8
android.widget.ImageView@406b1d18
android.widget.TextView: Texaco
android.widget.TextView: 12633 NE 85th St & 126th  NE
android.widget.TextView: Kirkland, WA
android.widget.TextView: 2.19 mi
android.widget.TableLayout@405846f0
android.widget.TableRow@40584f60
android.widget.RelativeLayout@406ce2f8
android.widget.RelativeLayout@406d2860
android.widget.TextView: 3.79
android.widget.TextView: 9
android.widget.TextView: 10 hours ago
android.widget.TextView: Update
android.widget.RelativeLayout@406d37a8
android.widget.ImageView@406d8f48
android.widget.TextView: Chevron
android.widget.TextView: 12607 NE 85th St & 126th Ave NE
android.widget.TextView: Kirkland, WA
android.widget.TextView: 2.21 mi
android.widget.RelativeLayout@405e7588
android.widget.FrameLayout@406bab88
android.widget.RelativeLayout@406bbf28
android.widget.LinearLayout@4054e538
android.view.View@4068b6a8
android.widget.RelativeLayout@407163d8
android.widget.TextView: Regular
android.view.View@406a52a8
android.view.View@40661818
android.widget.RelativeLayout@406a54b8
android.widget.TextView: Midgrade
android.view.View@406b6898
android.view.View@4068b460
android.widget.RelativeLayout@406afa20
android.widget.TextView: Premium
android.view.View@406562f0
android.view.View@4068b578
android.widget.RelativeLayout@406564e0
android.widget.TextView: Diesel
android.view.View@406614e0
android.view.View@4068b7c8
android.view.View@406beeb0
android.widget.LinearLayout@406c0c60
android.widget.RelativeLayout@406c26a0
android.widget.ImageView@406d0370
android.widget.TextView: Reload
android.widget.RelativeLayout@406d8d80
android.widget.ImageView@406e14a0
android.widget.TextView: Sort By Price
android.widget.RelativeLayout@406e8358
android.widget.ImageView@406ef130
android.widget.TextView: Map View
android.view.View@406f7ac0
gbis.gbandroid.views.layouts.CustomListView@406b5308
android.widget.TableLayout@40671dd8
android.widget.TableRow@4067dca0
android.widget.RelativeLayout@4069b948
android.widget.RelativeLayout@4069e5a0
android.widget.TextView: 3.79
android.widget.TextView: 9
android.widget.TextView: 10 hours ago
android.widget.TextView: Update
android.widget.RelativeLayout@40601798
android.widget.ImageView@40607a90
android.widget.TextView: Chevron
android.widget.TextView: 12607 NE 85th St & 126th Ave NE
android.widget.TextView: Kirkland, WA
android.widget.TextView: 2.21 mi
android.widget.TableLayout@40602080
android.widget.TableRow@4063bb38
android.widget.RelativeLayout@40632620
android.widget.RelativeLayout@40635220
android.widget.TextView: 3.79
android.widget.TextView: 9
android.widget.TextView: 10 hours ago
android.widget.TextView: Update
android.widget.RelativeLayout@40639868
android.widget.ImageView@4063ade8
android.widget.TextView: Shell
android.widget.TextView: 12520 NE 85th St & 126th Ave NE
android.widget.TextView: Kirkland, WA
android.widget.TextView: 2.27 mi
android.widget.TableLayout@40601258
android.widget.TableRow@40625f28
android.widget.RelativeLayout@40616640
android.widget.RelativeLayout@406215e0
android.widget.TextView: --
android.widget.TextView: 9
android.widget.TextView: time
android.widget.TextView: Report Price
android.widget.RelativeLayout@4062a108
android.widget.ImageView@40728cb8
android.widget.TextView: Chevron
android.widget.TextView: 12900 Bellevue  Redmond  Rd & 130th Ave NE
android.widget.TextView: Bellevue, WA
android.widget.TextView: 2.3 mi
android.widget.TableLayout@405ff450
android.widget.TableRow@40613868
android.widget.RelativeLayout@406e9058
android.widget.RelativeLayout@407186e8
android.widget.TextView: 3.79
android.widget.TextView: 9
android.widget.TextView: 17 minutes ago
android.widget.TextView: Update
android.widget.RelativeLayout@405e55d0
android.widget.ImageView@407243c8
android.widget.TextView: Chevron
android.widget.TextView: 17809 Redmond Way & NE 70th St
android.widget.TextView: Redmond, WA
android.widget.TextView: 2.33 mi
android.widget.TableLayout@405846f0
android.widget.TableRow@40584f60
android.widget.RelativeLayout@406ce2f8
android.widget.RelativeLayout@406d2860
android.widget.TextView: 3.69
android.widget.TextView: 9
android.widget.TextView: 7 hours ago
android.widget.TextView: Update
android.widget.RelativeLayout@406d37a8
android.widget.ImageView@406d8f48
android.widget.TextView: Shell
android.widget.TextView: 14008 NE 8th St & 140th Ave NE
android.widget.TextView: Bellevue, WA
android.widget.TextView: 2.39 mi
android.widget.RelativeLayout@405e7588
android.widget.FrameLayout@406bab88
android.widget.RelativeLayout@406bbf28
android.widget.LinearLayout@4054e538
android.view.View@4068b6a8
android.widget.RelativeLayout@407163d8
android.widget.TextView: Regular
android.view.View@406a52a8
android.view.View@40661818
android.widget.RelativeLayout@406a54b8
android.widget.TextView: Midgrade
android.view.View@406b6898
android.view.View@4068b460
android.widget.RelativeLayout@406afa20
android.widget.TextView: Premium
android.view.View@406562f0
android.view.View@4068b578
android.widget.RelativeLayout@406564e0
android.widget.TextView: Diesel
android.view.View@406614e0
android.view.View@4068b7c8
android.view.View@406beeb0
android.widget.LinearLayout@406c0c60
android.widget.RelativeLayout@406c26a0
android.widget.ImageView@406d0370
android.widget.TextView: Reload
android.widget.RelativeLayout@406d8d80
android.widget.ImageView@406e14a0
android.widget.TextView: Sort By Price
android.widget.RelativeLayout@406e8358
android.widget.ImageView@406ef130
android.widget.TextView: Map View
android.view.View@406f7ac0
gbis.gbandroid.views.layouts.CustomListView@406b5308
android.widget.TableLayout@405846f0
android.widget.TableRow@40584f60
android.widget.RelativeLayout@406ce2f8
android.widget.RelativeLayout@406d2860
android.widget.TextView: 3.69
android.widget.TextView: 9
android.widget.TextView: 7 hours ago
android.widget.TextView: Update
android.widget.RelativeLayout@406d37a8
android.widget.ImageView@406d8f48
android.widget.TextView: Shell
android.widget.TextView: 14008 NE 8th St & 140th Ave NE
android.widget.TextView: Bellevue, WA
android.widget.TextView: 2.39 mi
android.widget.TableLayout@40550af8
android.widget.TableRow@40688fd8
android.widget.RelativeLayout@4068e640
android.widget.RelativeLayout@406fb5e0
android.widget.TextView: 3.79
android.widget.TextView: 9
android.widget.TextView: 17 minutes ago
android.widget.TextView: Update
android.widget.RelativeLayout@4078dca8
android.widget.ImageView@406c33b8
android.widget.TextView: Shell
android.widget.TextView: 18065 Redmond Way & E Lake Sammamish Pky NE
android.widget.TextView: Redmond, WA
android.widget.TextView: 2.41 mi
android.widget.TableLayout@405fffe8
android.widget.TableRow@40611710
android.widget.RelativeLayout@40616fb8
android.widget.RelativeLayout@4061c670
android.widget.TextView: 3.54
android.widget.TextView: 9
android.widget.TextView: 16 minutes ago
android.widget.TextView: Update
android.widget.RelativeLayout@406302a8
android.widget.ImageView@4063f610
android.widget.TextView: Chevron
android.widget.TextView: 14801 NE 8th St & 148th Ave NE
android.widget.TextView: Bellevue, WA
android.widget.TextView: 2.45 mi
android.widget.TableLayout@40634430
android.widget.TableRow@407a87e8
android.widget.RelativeLayout@407b9430
android.widget.RelativeLayout@40666c58
android.widget.TextView: 3.77
android.widget.TextView: 9
android.widget.TextView: 10 hours ago
android.widget.TextView: Update
android.widget.RelativeLayout@4060ffa0
android.widget.ImageView@406320c8
android.widget.TextView: 76
android.widget.TextView: 11848 NE 85th St & 120th Ave NE
android.widget.TextView: Kirkland, WA
android.widget.TextView: 2.47 mi
android.widget.TableLayout@406cadf8
android.widget.TableRow@40641bf0
android.widget.RelativeLayout@406ef968
android.widget.RelativeLayout@406df568
android.widget.TextView: 3.75
android.widget.TextView: 9
android.widget.TextView: 14 hours ago
android.widget.TextView: Update
android.widget.RelativeLayout@40708260
android.widget.ImageView@40708540
android.widget.TextView: Shell
android.widget.TextView: 10801 NE 68th St & 108th Ave NE
android.widget.TextView: Kirkland, WA
android.widget.TextView: 2.48 mi
android.widget.RelativeLayout@405e7588
android.widget.FrameLayout@406bab88
android.widget.RelativeLayout@406bbf28
android.widget.LinearLayout@4054e538
android.view.View@4068b6a8
android.widget.RelativeLayout@407163d8
android.widget.TextView: Regular
android.view.View@406a52a8
android.view.View@40661818
android.widget.RelativeLayout@406a54b8
android.widget.TextView: Midgrade
android.view.View@406b6898
android.view.View@4068b460
android.widget.RelativeLayout@406afa20
android.widget.TextView: Premium
android.view.View@406562f0
android.view.View@4068b578
android.widget.RelativeLayout@406564e0
android.widget.TextView: Diesel
android.view.View@406614e0
android.view.View@4068b7c8
android.view.View@406beeb0
android.widget.LinearLayout@406c0c60
android.widget.RelativeLayout@406c26a0
android.widget.ImageView@406d0370
android.widget.TextView: Reload
android.widget.RelativeLayout@406d8d80
android.widget.ImageView@406e14a0
android.widget.TextView: Sort By Price
android.widget.RelativeLayout@406e8358
android.widget.ImageView@406ef130
android.widget.TextView: Map View
android.view.View@406f7ac0
gbis.gbandroid.views.layouts.CustomListView@406b5308
android.widget.TableLayout@406cadf8
android.widget.TableRow@40641bf0
android.widget.RelativeLayout@406ef968
android.widget.RelativeLayout@406df568
android.widget.TextView: 3.75
android.widget.TextView: 9
android.widget.TextView: 14 hours ago
android.widget.TextView: Update
android.widget.RelativeLayout@40708260
android.widget.ImageView@40708540
android.widget.TextView: Shell
android.widget.TextView: 10801 NE 68th St & 108th Ave NE
android.widget.TextView: Kirkland, WA
android.widget.TextView: 2.48 mi
android.widget.TableLayout@4057d128
android.widget.TableRow@405f2110
android.widget.RelativeLayout@40518a50
android.widget.RelativeLayout@40559838
android.widget.TextView: 3.59
android.widget.TextView: 9
android.widget.TextView: 3 hours ago
android.widget.TextView: Update
android.widget.RelativeLayout@40562100
android.widget.ImageView@4054e330
android.widget.TextView: 76
android.widget.TextView: 15615 NE 8th St & 156th Ave NE
android.widget.TextView: Bellevue, WA
android.widget.TextView: 2.55 mi
android.widget.TableLayout@4057d2d0
android.widget.TableRow@406307c0
android.widget.RelativeLayout@405a21e8
android.widget.RelativeLayout@405a4098
android.widget.TextView: 3.79
android.widget.TextView: 9
android.widget.TextView: 4 hours ago
android.widget.TextView: Update
android.widget.RelativeLayout@405bcaf8
android.widget.ImageView@40550980
android.widget.TextView: 76
android.widget.TextView: 3828 Lake Washington Blvd NE & NE 38th Pl
android.widget.TextView: Kirkland, WA
android.widget.TextView: 2.56 mi
android.widget.TableLayout@4057fed8
android.widget.TableRow@40639be8
android.widget.RelativeLayout@405f2c98
android.widget.RelativeLayout@405fedb0
android.widget.TextView: 3.45
android.widget.TextView: 9
android.widget.TextView: 3 hours ago
android.widget.TextView: Update
android.widget.RelativeLayout@40613380
android.widget.ImageView@405b4260
android.widget.TextView: Costco
android.widget.TextView: 8629 120th  NE & NE 85th 
android.widget.TextView: Kirkland, WA
android.widget.TextView: 2.62 mi
android.widget.TableLayout@40582b70
android.widget.TableRow@40649880
android.widget.RelativeLayout@40626100
android.widget.RelativeLayout@4062cd80
android.widget.TextView: 3.63
android.widget.TextView: 9
android.widget.TextView: 17 hours ago
android.widget.TextView: Update
android.widget.RelativeLayout@4062f9b0
android.widget.ImageView@405f3ab0
android.widget.TextView: Chevron
android.widget.TextView: 16256 NE 8th ST & 164th Ave NE
android.widget.TextView: Bellevue, WA
android.widget.TextView: 2.66 mi
android.widget.RelativeLayout@405e7588
android.widget.FrameLayout@406bab88
android.widget.RelativeLayout@406bbf28
android.widget.LinearLayout@4054e538
android.view.View@4068b6a8
android.widget.RelativeLayout@407163d8
android.widget.TextView: Regular
android.view.View@406a52a8
android.view.View@40661818
android.widget.RelativeLayout@406a54b8
android.widget.TextView: Midgrade
android.view.View@406b6898
android.view.View@4068b460
android.widget.RelativeLayout@406afa20
android.widget.TextView: Premium
android.view.View@406562f0
android.view.View@4068b578
android.widget.RelativeLayout@406564e0
android.widget.TextView: Diesel
android.view.View@406614e0
android.view.View@4068b7c8
android.view.View@406beeb0
android.widget.LinearLayout@406c0c60
android.widget.RelativeLayout@406c26a0
android.widget.ImageView@406d0370
android.widget.TextView: Reload
android.widget.RelativeLayout@406d8d80
android.widget.ImageView@406e14a0
android.widget.TextView: Sort By Price
android.widget.RelativeLayout@406e8358
android.widget.ImageView@406ef130
android.widget.TextView: Map View
android.view.View@406f7ac0
gbis.gbandroid.views.layouts.CustomListView@406b5308
android.widget.TableLayout@40582b70
android.widget.TableRow@40649880
android.widget.RelativeLayout@40626100
android.widget.RelativeLayout@4062cd80
android.widget.TextView: 3.63
android.widget.TextView: 9
android.widget.TextView: 17 hours ago
android.widget.TextView: Update
android.widget.RelativeLayout@4062f9b0
android.widget.ImageView@405f3ab0
android.widget.TextView: Chevron
android.widget.TextView: 16256 NE 8th ST & 164th Ave NE
android.widget.TextView: Bellevue, WA
android.widget.TextView: 2.66 mi
android.widget.TableLayout@40706148
android.widget.TableRow@4079aed8
android.widget.RelativeLayout@406ddb90
android.widget.RelativeLayout@406b6068
android.widget.TextView: 3.99
android.widget.TextView: 9
android.widget.TextView: 17 hours ago
android.widget.TextView: Update
android.widget.RelativeLayout@406a34f0
android.widget.ImageView@406fa4d8
android.widget.TextView: Chevron
android.widget.TextView: 2626 Bellevue Way NE & NE 26th St
android.widget.TextView: Bellevue, WA
android.widget.TextView: 2.82 mi
android.widget.TableLayout@40604140
android.widget.TableRow@406c7200
android.widget.RelativeLayout@405b3770
android.widget.RelativeLayout@4067de68
android.widget.TextView: 3.69
android.widget.TextView: 9
android.widget.TextView: 7 hours ago
android.widget.TextView: Update
android.widget.RelativeLayout@40676538
android.widget.ImageView@406bebf0
android.widget.TextView: Shell
android.widget.TextView: 12001 NE 8th St & 120th Ave NE
android.widget.TextView: Bellevue, WA
android.widget.TextView: 2.85 mi
android.widget.TableLayout@406f7278
android.widget.TableRow@40616250
android.widget.RelativeLayout@406f6ae0
android.widget.RelativeLayout@405e7fb0
android.widget.TextView: 3.59
android.widget.TextView: 9
android.widget.TextView: 7 hours ago
android.widget.TextView: Update
android.widget.RelativeLayout@406728b8
android.widget.ImageView@40681458
android.widget.TextView: Chevron
android.widget.TextView: 11909 NE 8th St & 120th Ave NE
android.widget.TextView: Bellevue, WA
android.widget.TextView: 2.89 mi
android.widget.TableLayout@406988e0
android.widget.TableRow@4057c488
android.widget.RelativeLayout@4070f708
android.widget.RelativeLayout@4070f9d0
android.widget.TextView: 3.49
android.widget.TextView: 9
android.widget.TextView: 19 minutes ago
android.widget.TextView: Update
android.widget.RelativeLayout@4063dae0
android.widget.ImageView@406fd930
android.widget.TextView: 76
android.widget.TextView: 106 148th Ave NE & Main St
android.widget.TextView: Bellevue, WA
android.widget.TextView: 2.89 mi
android.widget.RelativeLayout@405e7588
android.widget.FrameLayout@406bab88
android.widget.RelativeLayout@406bbf28
android.widget.LinearLayout@4054e538
android.view.View@4068b6a8
android.widget.RelativeLayout@407163d8
android.widget.TextView: Regular
android.view.View@406a52a8
android.view.View@40661818
android.widget.RelativeLayout@406a54b8
android.widget.TextView: Midgrade
android.view.View@406b6898
android.view.View@4068b460
android.widget.RelativeLayout@406afa20
android.widget.TextView: Premium
android.view.View@406562f0
android.view.View@4068b578
android.widget.RelativeLayout@406564e0
android.widget.TextView: Diesel
android.view.View@406614e0
android.view.View@4068b7c8
android.view.View@406beeb0
android.widget.LinearLayout@406c0c60
android.widget.RelativeLayout@406c26a0
android.widget.ImageView@406d0370
android.widget.TextView: Reload
android.widget.RelativeLayout@406d8d80
android.widget.ImageView@406e14a0
android.widget.TextView: Sort By Price
android.widget.RelativeLayout@406e8358
android.widget.ImageView@406ef130
android.widget.TextView: Map View
android.view.View@406f7ac0
gbis.gbandroid.views.layouts.CustomListView@406b5308
android.widget.TableLayout@40624bd0
android.widget.TableRow@406dcf30
android.widget.RelativeLayout@406dd5b0
android.widget.RelativeLayout@40763968
android.widget.TextView: 3.49
android.widget.TextView: 9
android.widget.TextView: 19 minutes ago
android.widget.TextView: Update
android.widget.RelativeLayout@4063c6f0
android.widget.ImageView@40630948
android.widget.TextView: 76
android.widget.TextView: 106 148th Ave NE & Main St
android.widget.TextView: Bellevue, WA
android.widget.TextView: 2.89 mi
android.widget.TableLayout@40725a88
android.widget.TableRow@40761e58
android.widget.RelativeLayout@407624d8
android.widget.RelativeLayout@40661a50
android.widget.TextView: 3.44
android.widget.TextView: 9
android.widget.TextView: 20 minutes ago
android.widget.TextView: Update
android.widget.RelativeLayout@4062e120
android.widget.ImageView@4062e4d8
android.widget.TextView: Chevron
android.widget.TextView: 11 148th Ave SE  & Main St
android.widget.TextView: Bellevue, WA
android.widget.TextView: 2.92 mi
android.widget.TableLayout@406abf20
android.widget.TableRow@40600490
android.widget.RelativeLayout@40600a20
android.widget.RelativeLayout@40600df8
android.widget.TextView: 3.69
android.widget.TextView: 9
android.widget.TextView: 2 hours ago
android.widget.TextView: Update
android.widget.RelativeLayout@40583b38
android.widget.ImageView@40583f10
android.widget.TextView: ARCO
android.widget.TextView: 11611 NE 8th St & 116th Ave NE
android.widget.TextView: Bellevue, WA
android.widget.TextView: 2.98 mi
android.widget.TableLayout@4070cde8
android.widget.TableRow@407a8f00
android.widget.RelativeLayout@406c1b70
android.widget.RelativeLayout@406c1ef0
android.widget.TextView: 3.69
android.widget.TextView: 9
android.widget.TextView: 2 hours ago
android.widget.TextView: Update
android.widget.RelativeLayout@40668f70
android.widget.ImageView@40636530
android.widget.TextView: Shell
android.widget.TextView: 406 Central Way & 4th St
android.widget.TextView: Kirkland, WA
android.widget.TextView: 3.1 mi
android.widget.TableLayout@406988e0
android.widget.TableRow@4057c488
android.widget.RelativeLayout@4070f708
android.widget.RelativeLayout@4070f9d0
android.widget.TextView: 3.67
android.widget.TextView: 9
android.widget.TextView: 2 hours ago
android.widget.TextView: Update
android.widget.RelativeLayout@4063dae0
android.widget.ImageView@406fd930
android.widget.TextView: Chevron
android.widget.TextView: 324 Central Way & 4th St
android.widget.TextView: Kirkland, WA
android.widget.TextView: 3.12 mi
android.widget.RelativeLayout@405e7588
android.widget.FrameLayout@406bab88
android.widget.RelativeLayout@406bbf28
android.widget.LinearLayout@4054e538
android.view.View@4068b6a8
android.widget.RelativeLayout@407163d8
android.widget.TextView: Regular
android.view.View@406a52a8
android.view.View@40661818
android.widget.RelativeLayout@406a54b8
android.widget.TextView: Midgrade
android.view.View@406b6898
android.view.View@4068b460
android.widget.RelativeLayout@406afa20
android.widget.TextView: Premium
android.view.View@406562f0
android.view.View@4068b578
android.widget.RelativeLayout@406564e0
android.widget.TextView: Diesel
android.view.View@406614e0
android.view.View@4068b7c8
android.view.View@406beeb0
android.widget.LinearLayout@406c0c60
android.widget.RelativeLayout@406c26a0
android.widget.ImageView@406d0370
android.widget.TextView: Reload
android.widget.RelativeLayout@406d8d80
android.widget.ImageView@406e14a0
android.widget.TextView: Sort By Price
android.widget.RelativeLayout@406e8358
android.widget.ImageView@406ef130
android.widget.TextView: Map View
android.view.View@406f7ac0
gbis.gbandroid.views.layouts.CustomListView@406b5308
android.widget.TableLayout@406988e0
android.widget.TableRow@4057c488
android.widget.RelativeLayout@4070f708
android.widget.RelativeLayout@4070f9d0
android.widget.TextView: 3.67
android.widget.TextView: 9
android.widget.TextView: 2 hours ago
android.widget.TextView: Update
android.widget.RelativeLayout@4063dae0
android.widget.ImageView@406fd930
android.widget.TextView: Chevron
android.widget.TextView: 324 Central Way & 4th St
android.widget.TextView: Kirkland, WA
android.widget.TextView: 3.12 mi
android.widget.TableLayout@40756f90
android.widget.TableRow@40757560
android.widget.RelativeLayout@40757be0
android.widget.RelativeLayout@40757fb8
android.widget.TextView: 3.57
android.widget.TextView: 9
android.widget.TextView: Mon 9:39 AM
android.widget.TextView: Update
android.widget.RelativeLayout@406b34e8
android.widget.ImageView@406b38c0
android.widget.TextView: Chevron
android.widget.TextView: 1607 145th Pl SE & SE 16th St & Kamber
android.widget.TextView: Bellevue, WA
android.widget.TextView: 3.83 mi
android.widget.TableLayout@407a4d48
android.widget.TableRow@407a5318
android.widget.RelativeLayout@407a59d8
android.widget.RelativeLayout@407a5db0
android.widget.TextView: 3.65
android.widget.TextView: 9
android.widget.TextView: 17 hours ago
android.widget.TextView: Update
android.widget.RelativeLayout@407e7660
android.widget.ImageView@407e7a38
android.widget.TextView: 76
android.widget.TextView: 12235 NE 116th St & 124th Ave NE
android.widget.TextView: Kirkland, WA
android.widget.TextView: 3.84 mi
android.widget.TableLayout@407f5298
android.widget.TableRow@407f5868
android.widget.RelativeLayout@407f5f28
android.widget.RelativeLayout@407f6300
android.widget.TextView: 3.45
android.widget.TextView: 9
android.widget.TextView: 3 hours ago
android.widget.TextView: Update
android.widget.RelativeLayout@407f7b10
android.widget.ImageView@407f7ee8
android.widget.TextView: ARCO
android.widget.TextView: 11600 124th Ave NE & NE 116th St
android.widget.TextView: Kirkland, WA
android.widget.TextView: 3.86 mi
android.widget.TableLayout@40805738
android.widget.TableRow@40805d08
android.widget.RelativeLayout@40806898
android.widget.RelativeLayout@40806c70
android.widget.TextView: --
android.widget.TextView: 9
android.widget.TextView: time
android.widget.TextView: Report Price
android.widget.RelativeLayout@40808480
android.widget.ImageView@4054e330
android.widget.TextView: Shell
android.widget.TextView: 1608 145th Pl SE & SE 16th St
android.widget.TextView: Bellevue, WA
android.widget.TextView: 3.86 mi
android.widget.RelativeLayout@405e7588
android.widget.FrameLayout@406bab88
android.widget.RelativeLayout@406bbf28
android.widget.LinearLayout@4054e538
android.view.View@4068b6a8
android.widget.RelativeLayout@407163d8
android.widget.TextView: Regular
android.view.View@406a52a8
android.view.View@40661818
android.widget.RelativeLayout@406a54b8
android.widget.TextView: Midgrade
android.view.View@406b6898
android.view.View@4068b460
android.widget.RelativeLayout@406afa20
android.widget.TextView: Premium
android.view.View@406562f0
android.view.View@4068b578
android.widget.RelativeLayout@406564e0
android.widget.TextView: Diesel
android.view.View@406614e0
android.view.View@4068b7c8
android.view.View@406beeb0
android.widget.LinearLayout@406c0c60
android.widget.RelativeLayout@406c26a0
android.widget.ImageView@406d0370
android.widget.TextView: Reload
android.widget.RelativeLayout@406d8d80
android.widget.ImageView@406e14a0
android.widget.TextView: Sort By Price
android.widget.RelativeLayout@406e8358
android.widget.ImageView@406ef130
android.widget.TextView: Map View
android.view.View@406f7ac0
gbis.gbandroid.views.layouts.CustomListView@406b5308
android.widget.TableLayout@40805738
android.widget.TableRow@40805d08
android.widget.RelativeLayout@40806898
android.widget.RelativeLayout@40806c70
android.widget.TextView: --
android.widget.TextView: 9
android.widget.TextView: time
android.widget.TextView: Report Price
android.widget.RelativeLayout@40808480
android.widget.ImageView@4054e330
android.widget.TextView: Shell
android.widget.TextView: 1608 145th Pl SE & SE 16th St
android.widget.TextView: Bellevue, WA
android.widget.TextView: 3.86 mi
android.widget.TableLayout@4057d2d0
android.widget.TableRow@40584f60
android.widget.RelativeLayout@40559838
android.widget.RelativeLayout@405a21e8
android.widget.TextView: 3.75
android.widget.TextView: 9
android.widget.TextView: 2 hours ago
android.widget.TextView: Update
android.widget.RelativeLayout@405a4098
android.widget.ImageView@405b4260
android.widget.TextView: 76
android.widget.TextView: 2724 84th Ave NE  & NE 28th St
android.widget.TextView: Bellevue, WA
android.widget.TextView: 3.91 mi
android.widget.TableLayout@4057fed8
android.widget.TableRow@40625f28
android.widget.RelativeLayout@405bcaf8
android.widget.RelativeLayout@405f2c98
android.widget.TextView: 3.75
android.widget.TextView: 9
android.widget.TextView: 7 hours ago
android.widget.TextView: Update
android.widget.RelativeLayout@405f3db0
android.widget.ImageView@405f3ab0
android.widget.TextView: Chevron
android.widget.TextView: 10011 Main St & 100th Ave NE
android.widget.TextView: Bellevue, WA
android.widget.TextView: 4 mi
android.widget.TableLayout@40582b70
android.widget.TableRow@40639be8
android.widget.RelativeLayout@405fedb0
android.widget.RelativeLayout@40604478
android.widget.TextView: 3.69
android.widget.TextView: 9
android.widget.TextView: 10 minutes ago
android.widget.TextView: Update
android.widget.RelativeLayout@40613380
android.widget.ImageView@406197e0
android.widget.TextView: Shell
android.widget.TextView: 12221 NE 124th St & 120th Pl NE
android.widget.TextView: Kirkland, WA
android.widget.TextView: 4.17 mi
android.widget.TableLayout@40583958
android.widget.TableRow@4063bb38
android.widget.RelativeLayout@4061c670
android.widget.RelativeLayout@40626100
android.widget.TextView: --
android.widget.TextView: 9
android.widget.TextView: time
android.widget.TextView: Report Price
android.widget.RelativeLayout@406302a8
android.widget.ImageView@4062f4b0
android.widget.TextView: Chevron
android.widget.TextView: 8401 NE 12th St & NE 12th St
android.widget.TextView: Medina, WA
android.widget.TextView: 4.32 mi
android.widget.RelativeLayout@405e7588
android.widget.FrameLayout@406bab88
android.widget.RelativeLayout@406bbf28
android.widget.LinearLayout@4054e538
android.view.View@4068b6a8
android.widget.RelativeLayout@407163d8
android.widget.TextView: Regular
android.view.View@406a52a8
android.view.View@40661818
android.widget.RelativeLayout@406a54b8
android.widget.TextView: Midgrade
android.view.View@406b6898
android.view.View@4068b460
android.widget.RelativeLayout@406afa20
android.widget.TextView: Premium
android.view.View@406562f0
android.view.View@4068b578
android.widget.RelativeLayout@406564e0
android.widget.TextView: Diesel
android.view.View@406614e0
android.view.View@4068b7c8
android.view.View@406beeb0
android.widget.LinearLayout@406c0c60
android.widget.RelativeLayout@406c26a0
android.widget.ImageView@406d0370
android.widget.TextView: Reload
android.widget.RelativeLayout@406d8d80
android.widget.ImageView@406e14a0
android.widget.TextView: Sort By Price
android.widget.RelativeLayout@406e8358
android.widget.ImageView@406ef130
android.widget.TextView: Map View
android.view.View@406f7ac0
gbis.gbandroid.views.layouts.CustomListView@406b5308
android.widget.TableLayout@40583958
android.widget.TableRow@4063bb38
android.widget.RelativeLayout@4061c670
android.widget.RelativeLayout@40626100
android.widget.TextView: --
android.widget.TextView: 9
android.widget.TextView: time
android.widget.TextView: Report Price
android.widget.RelativeLayout@406302a8
android.widget.ImageView@4062f4b0
android.widget.TextView: Chevron
android.widget.TextView: 8401 NE 12th St & NE 12th St
android.widget.TextView: Medina, WA
android.widget.TextView: 4.32 mi
android.widget.TableLayout@405846f0
android.widget.TableRow@4063e460
android.widget.RelativeLayout@40652088
android.widget.RelativeLayout@40696f38
android.widget.TextView: 3.79
android.widget.TextView: 9
android.widget.TextView: 1 hour ago
android.widget.TextView: Update
android.widget.RelativeLayout@4069b948
android.widget.ImageView@4063ade8
android.widget.TextView: Shell
android.widget.TextView: 11520 Avondale Rd NE & NE 116th St
android.widget.TextView: Redmond, WA
android.widget.TextView: 4.34 mi
android.widget.TableLayout@405ad260
android.widget.TableRow@4069e300
android.widget.RelativeLayout@406a1ac8
android.widget.RelativeLayout@406a34f0
android.widget.TextView: 3.69
android.widget.TextView: 9
android.widget.TextView: 20 minutes ago
android.widget.TextView: Update
android.widget.RelativeLayout@406ba018
android.widget.ImageView@4064b868
android.widget.TextView: Chevron
android.widget.TextView: 12500 Totem Lake Blvd NE & 120th Ave NE
android.widget.TextView: Kirkland, WA
android.widget.TextView: 4.34 mi
android.widget.TableLayout@405ff450
android.widget.TableRow@406a23f8
android.widget.RelativeLayout@406ea418
android.widget.RelativeLayout@405f2b00
android.widget.TextView: 3.59
android.widget.TextView: 9
android.widget.TextView: 4 hours ago
android.widget.TextView: Update
android.widget.RelativeLayout@40639868
android.widget.ImageView@406548d8
android.widget.TextView: 76
android.widget.TextView: 12412 116th Ave NE & NE 124th St
android.widget.TextView: Kirkland, WA
android.widget.TextView: 4.51 mi
android.widget.TableLayout@40647270
android.widget.TableRow@4066c8c8
android.widget.RelativeLayout@406856f0
android.widget.RelativeLayout@40693690
android.widget.TextView: --
android.widget.TextView: 9
android.widget.TextView: time
android.widget.TextView: Report Price
android.widget.RelativeLayout@407290a8
android.widget.ImageView@405a4bd8
android.widget.TextView: Chevron
android.widget.TextView: 1649 108th Ave SE & Bellevue Way SE
android.widget.TextView: Bellevue, WA
android.widget.TextView: 4.55 mi
android.widget.RelativeLayout@405e7588
android.widget.FrameLayout@406bab88
android.widget.RelativeLayout@406bbf28
android.widget.LinearLayout@4054e538
android.view.View@4068b6a8
android.widget.RelativeLayout@407163d8
android.widget.TextView: Regular
android.view.View@406a52a8
android.view.View@40661818
android.widget.RelativeLayout@406a54b8
android.widget.TextView: Midgrade
android.view.View@406b6898
android.view.View@4068b460
android.widget.RelativeLayout@406afa20
android.widget.TextView: Premium
android.view.View@406562f0
android.view.View@4068b578
android.widget.RelativeLayout@406564e0
android.widget.TextView: Diesel
android.view.View@406614e0
android.view.View@4068b7c8
android.view.View@406beeb0
android.widget.LinearLayout@406c0c60
android.widget.RelativeLayout@406c26a0
android.widget.ImageView@406d0370
android.widget.TextView: Reload
android.widget.RelativeLayout@406d8d80
android.widget.ImageView@406e14a0
android.widget.TextView: Sort By Price
android.widget.RelativeLayout@406e8358
android.widget.ImageView@406ef130
android.widget.TextView: Map View
android.view.View@406f7ac0
gbis.gbandroid.views.layouts.CustomListView@406b5308
android.widget.TableLayout@405ad260
android.widget.TableRow@4069e300
android.widget.RelativeLayout@406a1ac8
android.widget.RelativeLayout@406a34f0
android.widget.TextView: 3.69
android.widget.TextView: 9
android.widget.TextView: 20 minutes ago
android.widget.TextView: Update
android.widget.RelativeLayout@406ba018
android.widget.ImageView@4064b868
android.widget.TextView: Chevron
android.widget.TextView: 12500 Totem Lake Blvd NE & 120th Ave NE
android.widget.TextView: Kirkland, WA
android.widget.TextView: 4.34 mi
android.widget.TableLayout@405ff450
android.widget.TableRow@406a23f8
android.widget.RelativeLayout@406ea418
android.widget.RelativeLayout@405f2b00
android.widget.TextView: 3.59
android.widget.TextView: 9
android.widget.TextView: 4 hours ago
android.widget.TextView: Update
android.widget.RelativeLayout@40639868
android.widget.ImageView@406548d8
android.widget.TextView: 76
android.widget.TextView: 12412 116th Ave NE & NE 124th St
android.widget.TextView: Kirkland, WA
android.widget.TextView: 4.51 mi
android.widget.TableLayout@40647270
android.widget.TableRow@4066c8c8
android.widget.RelativeLayout@406856f0
android.widget.RelativeLayout@40693690
android.widget.TextView: --
android.widget.TextView: 9
android.widget.TextView: time
android.widget.TextView: Report Price
android.widget.RelativeLayout@407290a8
android.widget.ImageView@405a4bd8
android.widget.TextView: Chevron
android.widget.TextView: 1649 108th Ave SE & Bellevue Way SE
android.widget.TextView: Bellevue, WA
android.widget.TextView: 4.55 mi
android.widget.TableLayout@407f5090
android.widget.TableRow@407858e8
android.widget.RelativeLayout@4068e6a0
android.widget.RelativeLayout@405b6720
android.widget.TextView: 3.79
android.widget.TextView: 9
android.widget.TextView: 12 minutes ago
android.widget.TextView: Update
android.widget.RelativeLayout@4061e6a0
android.widget.ImageView@4061e7f8
android.widget.TextView: Shell
android.widget.TextView: 2659 148th Ave SE & Landerholm Cir SE
android.widget.TextView: Bellevue, WA
android.widget.TextView: 4.55 mi
android.widget.TableLayout@40636ea0
android.widget.TableRow@4077a978
android.widget.RelativeLayout@4071c490
android.widget.RelativeLayout@40604a10
android.widget.TextView: 3.69
android.widget.TextView: 9
android.widget.TextView: 1 hour ago
android.widget.TextView: Update
android.widget.RelativeLayout@406e6478
android.widget.ImageView@40681338
android.widget.TextView: 76
android.widget.TextView: 9800 NE 116th St & 98th Ave NE
android.widget.TextView: Kirkland, WA
android.widget.TextView: 4.66 mi
android.widget.RelativeLayout@405e7588
