android.widget.FrameLayout@4058a2d0
android.widget.LinearLayout@4058ad80
android.widget.FrameLayout@4058b030
android.widget.ImageView@4058b2e0
android.widget.RelativeLayout@4058b778
android.widget.ImageButton@4058bd88
android.widget.EditText: 
android.widget.Button: Map
android.widget.RelativeLayout@4058f438
android.widget.EditText: 
android.widget.Button: Cancel
android.widget.RelativeLayout@40591848
android.widget.LinearLayout@40591bf0
android.widget.TextView: Locations
com.google.android.maps.MapView@405933e8
android.widget.LinearLayout@4050a798
android.widget.TextView: Locations
android.widget.ScrollView@405516a8
android.widget.TableLayout@40628aa0
android.widget.TableRow@40555d08
android.widget.TextView: No search results found
android.widget.FrameLayout@4058a6f8
android.widget.ImageView@40512428
android.widget.Button: Filter
android.widget.LinearLayout@405787b0
android.widget.FrameLayout@4061a010
android.widget.ImageView@40583f10
android.widget.Button: Filter
android.widget.FrameLayout@40621ce0
android.widget.Button: Done
android.widget.FrameLayout@4062afa0
android.widget.ImageView@405843d8
android.widget.TextView: Stores
android.widget.ImageView@40586408
android.widget.FrameLayout@40637dd0
android.widget.ImageView@40588a28
android.widget.TextView: ATMs
android.widget.ImageView@406081c0
