android.widget.FrameLayout@4057f7d0
android.widget.LinearLayout@40580280
android.widget.FrameLayout@40580530
android.widget.ImageView@405807e0
android.widget.RelativeLayout@40580c78
android.widget.ImageButton@40581288
android.widget.EditText: 
android.widget.Button: Map
android.widget.RelativeLayout@40584938
android.widget.EditText: 
android.widget.Button: Cancel
android.widget.RelativeLayout@40586d48
android.widget.LinearLayout@405870f0
android.widget.TextView: Locations
com.google.android.maps.MapView@405888e8
android.widget.LinearLayout@405373f0
android.widget.TextView: Locations
android.widget.ScrollView@4050a738
android.widget.TableLayout@4052a900
android.widget.TableRow@4060a970
android.widget.ImageView@4057b2c8
android.widget.TextView: 1800 Eastern Boulevard
android.widget.TextView: 4.67 mi
android.widget.TableRow@4063a990
android.widget.ImageView@4063ae38
android.widget.TextView: 1800 Eastern Boulevard
android.widget.TextView: 13 mi
android.widget.TableRow@4061f098
android.widget.ImageView@4061fe48
android.widget.TextView: 7926 Crain Highway S
android.widget.TextView: 16 mi
android.widget.TableRow@406186c8
android.widget.ImageView@40523910
android.widget.TextView: 7926 Crain Highway S
android.widget.TextView: 16 mi
android.widget.TableRow@40634810
android.widget.ImageView@40639dd0
android.widget.TextView: 115 Baltimore Pike
android.widget.TextView: 16 mi
android.widget.TableRow@40534fe8
android.widget.ImageView@4061b3f0
android.widget.TextView: 115 Baltimore Pike
android.widget.TextView: 16 mi
android.widget.TableRow@4050c508
android.widget.ImageView@4050c9c8
android.widget.TextView: 1470 Ritchie Highway (Annapolis)
android.widget.TextView: 22 mi
android.widget.TableRow@405728e8
android.widget.ImageView@40572d90
android.widget.TextView: 1470 Ritchie Highway
android.widget.TextView: 22 mi
android.widget.TableRow@406146d8
android.widget.ImageView@4061c1a8
android.widget.TextView: 2103 Commerce Park Drive (Bestgate)
android.widget.TextView: 24 mi
android.widget.TableRow@40625808
android.widget.ImageView@40625cb0
android.widget.TextView: 2103 Commerce Park Drive
android.widget.TextView: 24 mi
android.widget.TableRow@40635ab0
android.widget.ImageView@40611fb8
android.widget.TextView: 14401 Baltimore Avenue
android.widget.TextView: 25 mi
android.widget.TableRow@405a4718
android.widget.ImageView@405a4bc0
android.widget.TextView: 14401 Baltimore Avenue
android.widget.TextView: 25 mi
android.widget.TableRow@405a7c78
android.widget.ImageView@405a8120
android.widget.TextView: 350 E Gude Drive
android.widget.TextView: 25 mi
android.widget.TableRow@40609750
android.widget.ImageView@40609b28
android.widget.TextView: 448 Route 9 S (Tuckerton)
android.widget.TextView: 26 mi
android.widget.TableRow@4056e480
android.widget.ImageView@4056e928
android.widget.TextView: 2 Lee Airpark Drive
android.widget.TextView: 28 mi
android.widget.TableRow@40613968
android.widget.ImageView@4060c518
android.widget.TextView: 2 Lee Airpark Drive
android.widget.TextView: 28 mi
android.widget.TableRow@40636ba0
android.widget.ImageView@40637018
android.widget.TextView: 3132 Briggs Chaney Road
android.widget.TextView: 29 mi
android.widget.TableRow@40638a38
android.widget.ImageView@40638ee0
android.widget.TextView: 3132 Briggs Chaney Road
android.widget.TextView: 29 mi
android.widget.TableRow@4062b270
android.widget.ImageView@4062b718
android.widget.TextView: 4319 Collington Road (Route 197)
android.widget.TextView: 30 mi
android.widget.TableRow@405700d0
android.widget.ImageView@40570578
android.widget.TextView: 4319 Collington Road (Route 197)
android.widget.TextView: 30 mi
android.widget.FrameLayout@40611880
android.widget.ImageView@4053b9a0
android.widget.Button: Filter
android.widget.LinearLayout@40550e18
android.widget.FrameLayout@40617478
android.widget.ImageView@4056db48
android.widget.Button: Filter
android.widget.FrameLayout@40619ac8
android.widget.Button: Done
android.widget.FrameLayout@4061fcd8
android.widget.ImageView@4056eee0
android.widget.TextView: Stores
android.widget.ImageView@40570e00
android.widget.FrameLayout@40629280
android.widget.ImageView@405a8d18
android.widget.TextView: ATMs
android.widget.ImageView@4060b408
android.widget.FrameLayout@4057f7d0
android.widget.LinearLayout@40580280
android.widget.FrameLayout@40580530
android.widget.ImageView@405807e0
android.widget.RelativeLayout@40580c78
android.widget.ImageButton@40581288
android.widget.EditText: 
android.widget.Button: Map
android.widget.RelativeLayout@40584938
android.widget.EditText: 
android.widget.Button: Cancel
android.widget.RelativeLayout@40586d48
android.widget.LinearLayout@405870f0
android.widget.TextView: Locations
com.google.android.maps.MapView@405888e8
android.widget.LinearLayout@405373f0
android.widget.TextView: Locations
android.widget.ScrollView@4050a738
android.widget.TableLayout@4052a900
android.widget.TableRow@4060a970
android.widget.ImageView@4057b2c8
android.widget.TextView: 1800 Eastern Boulevard
android.widget.TextView: 4.67 mi
android.widget.TableRow@4063a990
android.widget.ImageView@4063ae38
android.widget.TextView: 1800 Eastern Boulevard
android.widget.TextView: 13 mi
android.widget.TableRow@4061f098
android.widget.ImageView@4061fe48
android.widget.TextView: 7926 Crain Highway S
android.widget.TextView: 16 mi
android.widget.TableRow@406186c8
android.widget.ImageView@40523910
android.widget.TextView: 7926 Crain Highway S
android.widget.TextView: 16 mi
android.widget.TableRow@40634810
android.widget.ImageView@40639dd0
android.widget.TextView: 115 Baltimore Pike
android.widget.TextView: 16 mi
android.widget.TableRow@40534fe8
android.widget.ImageView@4061b3f0
android.widget.TextView: 115 Baltimore Pike
android.widget.TextView: 16 mi
android.widget.TableRow@4050c508
android.widget.ImageView@4050c9c8
android.widget.TextView: 1470 Ritchie Highway (Annapolis)
android.widget.TextView: 22 mi
android.widget.TableRow@405728e8
android.widget.ImageView@40572d90
android.widget.TextView: 1470 Ritchie Highway
android.widget.TextView: 22 mi
android.widget.TableRow@406146d8
android.widget.ImageView@4061c1a8
android.widget.TextView: 2103 Commerce Park Drive (Bestgate)
android.widget.TextView: 24 mi
android.widget.TableRow@40625808
android.widget.ImageView@40625cb0
android.widget.TextView: 2103 Commerce Park Drive
android.widget.TextView: 24 mi
android.widget.TableRow@40635ab0
android.widget.ImageView@40611fb8
android.widget.TextView: 14401 Baltimore Avenue
android.widget.TextView: 25 mi
android.widget.TableRow@405a4718
android.widget.ImageView@405a4bc0
android.widget.TextView: 14401 Baltimore Avenue
android.widget.TextView: 25 mi
android.widget.TableRow@405a7c78
android.widget.ImageView@405a8120
android.widget.TextView: 350 E Gude Drive
android.widget.TextView: 25 mi
android.widget.TableRow@40609750
android.widget.ImageView@40609b28
android.widget.TextView: 448 Route 9 S (Tuckerton)
android.widget.TextView: 26 mi
android.widget.TableRow@4056e480
android.widget.ImageView@4056e928
android.widget.TextView: 2 Lee Airpark Drive
android.widget.TextView: 28 mi
android.widget.TableRow@40613968
android.widget.ImageView@4060c518
android.widget.TextView: 2 Lee Airpark Drive
android.widget.TextView: 28 mi
android.widget.TableRow@40636ba0
android.widget.ImageView@40637018
android.widget.TextView: 3132 Briggs Chaney Road
android.widget.TextView: 29 mi
android.widget.TableRow@40638a38
android.widget.ImageView@40638ee0
android.widget.TextView: 3132 Briggs Chaney Road
android.widget.TextView: 29 mi
android.widget.TableRow@4062b270
android.widget.ImageView@4062b718
android.widget.TextView: 4319 Collington Road (Route 197)
android.widget.TextView: 30 mi
android.widget.TableRow@405700d0
android.widget.ImageView@40570578
android.widget.TextView: 4319 Collington Road (Route 197)
android.widget.TextView: 30 mi
android.widget.FrameLayout@40611880
android.widget.ImageView@4053b9a0
android.widget.Button: Filter
android.widget.LinearLayout@40550e18
android.widget.FrameLayout@40617478
android.widget.ImageView@4056db48
android.widget.Button: Filter
android.widget.FrameLayout@40619ac8
android.widget.Button: Done
android.widget.FrameLayout@4061fcd8
android.widget.ImageView@4056eee0
android.widget.TextView: Stores
android.widget.ImageView@40570e00
android.widget.FrameLayout@40629280
android.widget.ImageView@405a8d18
android.widget.TextView: ATMs
android.widget.ImageView@4060b408
android.widget.FrameLayout@4057f7d0
android.widget.LinearLayout@40580280
android.widget.FrameLayout@40580530
android.widget.ImageView@405807e0
android.widget.RelativeLayout@40580c78
android.widget.ImageButton@40581288
android.widget.EditText: 
android.widget.Button: Map
android.widget.RelativeLayout@40584938
android.widget.EditText: 
android.widget.Button: Cancel
android.widget.RelativeLayout@40586d48
android.widget.LinearLayout@405870f0
android.widget.TextView: Locations
com.google.android.maps.MapView@405888e8
android.widget.LinearLayout@405373f0
android.widget.TextView: Locations
android.widget.ScrollView@4050a738
android.widget.TableLayout@4052a900
android.widget.TableRow@4060a970
android.widget.ImageView@4057b2c8
android.widget.TextView: 1800 Eastern Boulevard
android.widget.TextView: 4.67 mi
android.widget.TableRow@4063a990
android.widget.ImageView@4063ae38
android.widget.TextView: 1800 Eastern Boulevard
android.widget.TextView: 13 mi
android.widget.TableRow@4061f098
android.widget.ImageView@4061fe48
android.widget.TextView: 7926 Crain Highway S
android.widget.TextView: 16 mi
android.widget.TableRow@406186c8
android.widget.ImageView@40523910
android.widget.TextView: 7926 Crain Highway S
android.widget.TextView: 16 mi
android.widget.TableRow@40634810
android.widget.ImageView@40639dd0
android.widget.TextView: 115 Baltimore Pike
android.widget.TextView: 16 mi
android.widget.TableRow@40534fe8
android.widget.ImageView@4061b3f0
android.widget.TextView: 115 Baltimore Pike
android.widget.TextView: 16 mi
android.widget.TableRow@4050c508
android.widget.ImageView@4050c9c8
android.widget.TextView: 1470 Ritchie Highway (Annapolis)
android.widget.TextView: 22 mi
android.widget.TableRow@405728e8
android.widget.ImageView@40572d90
android.widget.TextView: 1470 Ritchie Highway
android.widget.TextView: 22 mi
android.widget.TableRow@406146d8
android.widget.ImageView@4061c1a8
android.widget.TextView: 2103 Commerce Park Drive (Bestgate)
android.widget.TextView: 24 mi
android.widget.TableRow@40625808
android.widget.ImageView@40625cb0
android.widget.TextView: 2103 Commerce Park Drive
android.widget.TextView: 24 mi
android.widget.TableRow@40635ab0
android.widget.ImageView@40611fb8
android.widget.TextView: 14401 Baltimore Avenue
android.widget.TextView: 25 mi
android.widget.TableRow@405a4718
android.widget.ImageView@405a4bc0
android.widget.TextView: 14401 Baltimore Avenue
android.widget.TextView: 25 mi
android.widget.TableRow@405a7c78
android.widget.ImageView@405a8120
android.widget.TextView: 350 E Gude Drive
android.widget.TextView: 25 mi
android.widget.TableRow@40609750
android.widget.ImageView@40609b28
android.widget.TextView: 448 Route 9 S (Tuckerton)
android.widget.TextView: 26 mi
android.widget.TableRow@4056e480
android.widget.ImageView@4056e928
android.widget.TextView: 2 Lee Airpark Drive
android.widget.TextView: 28 mi
android.widget.TableRow@40613968
android.widget.ImageView@4060c518
android.widget.TextView: 2 Lee Airpark Drive
android.widget.TextView: 28 mi
android.widget.TableRow@40636ba0
android.widget.ImageView@40637018
android.widget.TextView: 3132 Briggs Chaney Road
android.widget.TextView: 29 mi
android.widget.TableRow@40638a38
android.widget.ImageView@40638ee0
android.widget.TextView: 3132 Briggs Chaney Road
android.widget.TextView: 29 mi
android.widget.TableRow@4062b270
android.widget.ImageView@4062b718
android.widget.TextView: 4319 Collington Road (Route 197)
android.widget.TextView: 30 mi
android.widget.TableRow@405700d0
android.widget.ImageView@40570578
android.widget.TextView: 4319 Collington Road (Route 197)
android.widget.TextView: 30 mi
android.widget.FrameLayout@40611880
android.widget.ImageView@4053b9a0
android.widget.Button: Filter
android.widget.LinearLayout@40550e18
android.widget.FrameLayout@40617478
android.widget.ImageView@4056db48
android.widget.Button: Filter
android.widget.FrameLayout@40619ac8
android.widget.Button: Done
android.widget.FrameLayout@4061fcd8
android.widget.ImageView@4056eee0
android.widget.TextView: Stores
android.widget.ImageView@40570e00
android.widget.FrameLayout@40629280
android.widget.ImageView@405a8d18
android.widget.TextView: ATMs
android.widget.ImageView@4060b408
