android.widget.FrameLayout@4057ed68
android.widget.LinearLayout@4057f838
android.widget.FrameLayout@4057fae8
android.widget.ImageView@4057fd98
android.widget.RelativeLayout@40580230
android.widget.ImageButton@40580840
android.widget.EditText: 
android.widget.Button: Map
android.widget.RelativeLayout@40583ef0
android.widget.EditText: 
android.widget.Button: Cancel
android.widget.RelativeLayout@40586300
android.widget.LinearLayout@405866a8
android.widget.TextView: Locations
com.google.android.maps.MapView@40587ea0
android.widget.LinearLayout@40672cf8
android.widget.TextView: Locations
android.widget.ScrollView@406736e0
android.widget.TableLayout@4056d388
android.widget.TableRow@4060c540
android.widget.ImageView@40605e80
android.widget.TextView: 1800 Eastern Boulevard
android.widget.TextView: 7.18 mi
android.widget.TableRow@405824f8
android.widget.ImageView@40620ce8
android.widget.TextView: 1800 Eastern Boulevard
android.widget.TextView: 9.28 mi
android.widget.TableRow@406110a8
android.widget.ImageView@40611550
android.widget.TextView: 7926 Crain Highway S
android.widget.TextView: 10 mi
android.widget.TableRow@40626c58
android.widget.ImageView@40627100
android.widget.TextView: 7926 Crain Highway S
android.widget.TextView: 10 mi
android.widget.TableRow@4062aa20
android.widget.ImageView@4062aec8
android.widget.TextView: 1470 Ritchie Highway (Annapolis)
android.widget.TextView: 17 mi
android.widget.TableRow@40629060
android.widget.ImageView@40629508
android.widget.TextView: 1470 Ritchie Highway
android.widget.TextView: 17 mi
android.widget.TableRow@406254e8
android.widget.ImageView@40625990
android.widget.TextView: 2103 Commerce Park Drive (Bestgate)
android.widget.TextView: 19 mi
android.widget.TableRow@40616510
android.widget.ImageView@4061f050
android.widget.TextView: 2103 Commerce Park Drive
android.widget.TextView: 19 mi
android.widget.TableRow@4050c6b8
android.widget.ImageView@4050cb60
android.widget.TextView: 14401 Baltimore Avenue
android.widget.TextView: 20 mi
android.widget.TableRow@406368f0
android.widget.ImageView@40636d98
android.widget.TextView: 14401 Baltimore Avenue
android.widget.TextView: 20 mi
android.widget.TableRow@4060d120
android.widget.ImageView@40617398
android.widget.TextView: 350 E Gude Drive
android.widget.TextView: 21 mi
android.widget.TableRow@40619930
android.widget.ImageView@40619dd8
android.widget.TextView: 115 Baltimore Pike
android.widget.TextView: 21 mi
android.widget.TableRow@40622e20
android.widget.ImageView@406232c8
android.widget.TextView: 115 Baltimore Pike
android.widget.TextView: 21 mi
android.widget.TableRow@40571e58
android.widget.ImageView@405721d8
android.widget.TextView: 2 Lee Airpark Drive
android.widget.TextView: 23 mi
android.widget.TableRow@40620000
android.widget.ImageView@40620440
android.widget.TextView: 2 Lee Airpark Drive
android.widget.TextView: 23 mi
android.widget.TableRow@4062e440
android.widget.ImageView@4061c070
android.widget.TextView: 3132 Briggs Chaney Road
android.widget.TextView: 24 mi
android.widget.TableRow@4061cd78
android.widget.ImageView@4061ddb0
android.widget.TextView: 3132 Briggs Chaney Road
android.widget.TextView: 24 mi
android.widget.TableRow@4062c1a8
android.widget.ImageView@4062c650
android.widget.TextView: 4319 Collington Road (Route 197)
android.widget.TextView: 24 mi
android.widget.TableRow@40627988
android.widget.ImageView@40627e30
android.widget.TextView: 4319 Collington Road (Route 197)
android.widget.TextView: 24 mi
android.widget.TableRow@40607318
android.widget.ImageView@406077c0
android.widget.TextView: 8211 Annapolis Road
android.widget.TextView: 27 mi
android.widget.FrameLayout@40523e00
android.widget.ImageView@40550298
android.widget.Button: Filter
android.widget.LinearLayout@4060d968
android.widget.FrameLayout@405774b8
android.widget.ImageView@4060e4f0
android.widget.Button: Filter
android.widget.FrameLayout@405ada08
android.widget.Button: Done
android.widget.FrameLayout@40611f78
android.widget.ImageView@40610d78
android.widget.TextView: Stores
android.widget.ImageView@40616d48
android.widget.FrameLayout@40615360
android.widget.ImageView@4061ba58
android.widget.TextView: ATMs
android.widget.ImageView@4061f978
android.widget.FrameLayout@4057ed68
android.widget.LinearLayout@4057f838
android.widget.FrameLayout@4057fae8
android.widget.ImageView@4057fd98
android.widget.RelativeLayout@40580230
android.widget.ImageButton@40580840
android.widget.EditText: 
android.widget.Button: Map
android.widget.RelativeLayout@40583ef0
android.widget.EditText: 
android.widget.Button: Cancel
android.widget.RelativeLayout@40586300
android.widget.LinearLayout@405866a8
android.widget.TextView: Locations
com.google.android.maps.MapView@40587ea0
android.widget.LinearLayout@40672cf8
android.widget.TextView: Locations
android.widget.ScrollView@406736e0
android.widget.TableLayout@4056d388
android.widget.TableRow@4060c540
android.widget.ImageView@40605e80
android.widget.TextView: 1800 Eastern Boulevard
android.widget.TextView: 7.18 mi
android.widget.TableRow@405824f8
android.widget.ImageView@40620ce8
android.widget.TextView: 1800 Eastern Boulevard
android.widget.TextView: 9.28 mi
android.widget.TableRow@406110a8
android.widget.ImageView@40611550
android.widget.TextView: 7926 Crain Highway S
android.widget.TextView: 10 mi
android.widget.TableRow@40626c58
android.widget.ImageView@40627100
android.widget.TextView: 7926 Crain Highway S
android.widget.TextView: 10 mi
android.widget.TableRow@4062aa20
android.widget.ImageView@4062aec8
android.widget.TextView: 1470 Ritchie Highway (Annapolis)
android.widget.TextView: 17 mi
android.widget.TableRow@40629060
android.widget.ImageView@40629508
android.widget.TextView: 1470 Ritchie Highway
android.widget.TextView: 17 mi
android.widget.TableRow@406254e8
android.widget.ImageView@40625990
android.widget.TextView: 2103 Commerce Park Drive (Bestgate)
android.widget.TextView: 19 mi
android.widget.TableRow@40616510
android.widget.ImageView@4061f050
android.widget.TextView: 2103 Commerce Park Drive
android.widget.TextView: 19 mi
android.widget.TableRow@4050c6b8
android.widget.ImageView@4050cb60
android.widget.TextView: 14401 Baltimore Avenue
android.widget.TextView: 20 mi
android.widget.TableRow@406368f0
android.widget.ImageView@40636d98
android.widget.TextView: 14401 Baltimore Avenue
android.widget.TextView: 20 mi
android.widget.TableRow@4060d120
android.widget.ImageView@40617398
android.widget.TextView: 350 E Gude Drive
android.widget.TextView: 21 mi
android.widget.TableRow@40619930
android.widget.ImageView@40619dd8
android.widget.TextView: 115 Baltimore Pike
android.widget.TextView: 21 mi
android.widget.TableRow@40622e20
android.widget.ImageView@406232c8
android.widget.TextView: 115 Baltimore Pike
android.widget.TextView: 21 mi
android.widget.TableRow@40571e58
android.widget.ImageView@405721d8
android.widget.TextView: 2 Lee Airpark Drive
android.widget.TextView: 23 mi
android.widget.TableRow@40620000
android.widget.ImageView@40620440
android.widget.TextView: 2 Lee Airpark Drive
android.widget.TextView: 23 mi
android.widget.TableRow@4062e440
android.widget.ImageView@4061c070
android.widget.TextView: 3132 Briggs Chaney Road
android.widget.TextView: 24 mi
android.widget.TableRow@4061cd78
android.widget.ImageView@4061ddb0
android.widget.TextView: 3132 Briggs Chaney Road
android.widget.TextView: 24 mi
android.widget.TableRow@4062c1a8
android.widget.ImageView@4062c650
android.widget.TextView: 4319 Collington Road (Route 197)
android.widget.TextView: 24 mi
android.widget.TableRow@40627988
android.widget.ImageView@40627e30
android.widget.TextView: 4319 Collington Road (Route 197)
android.widget.TextView: 24 mi
android.widget.TableRow@40607318
android.widget.ImageView@406077c0
android.widget.TextView: 8211 Annapolis Road
android.widget.TextView: 27 mi
android.widget.FrameLayout@40523e00
android.widget.ImageView@40550298
android.widget.Button: Filter
android.widget.LinearLayout@4060d968
android.widget.FrameLayout@405774b8
android.widget.ImageView@4060e4f0
android.widget.Button: Filter
android.widget.FrameLayout@405ada08
android.widget.Button: Done
android.widget.FrameLayout@40611f78
android.widget.ImageView@40610d78
android.widget.TextView: Stores
android.widget.ImageView@40616d48
android.widget.FrameLayout@40615360
android.widget.ImageView@4061ba58
android.widget.TextView: ATMs
android.widget.ImageView@4061f978
android.widget.FrameLayout@4057ed68
android.widget.LinearLayout@4057f838
android.widget.FrameLayout@4057fae8
android.widget.ImageView@4057fd98
android.widget.RelativeLayout@40580230
android.widget.ImageButton@40580840
android.widget.EditText: 
android.widget.Button: Map
android.widget.RelativeLayout@40583ef0
android.widget.EditText: 
android.widget.Button: Cancel
android.widget.RelativeLayout@40586300
android.widget.LinearLayout@405866a8
android.widget.TextView: Locations
com.google.android.maps.MapView@40587ea0
android.widget.LinearLayout@40672cf8
android.widget.TextView: Locations
android.widget.ScrollView@406736e0
android.widget.TableLayout@4056d388
android.widget.TableRow@4060c540
android.widget.ImageView@40605e80
android.widget.TextView: 1800 Eastern Boulevard
android.widget.TextView: 7.18 mi
android.widget.TableRow@405824f8
android.widget.ImageView@40620ce8
android.widget.TextView: 1800 Eastern Boulevard
android.widget.TextView: 9.28 mi
android.widget.TableRow@406110a8
android.widget.ImageView@40611550
android.widget.TextView: 7926 Crain Highway S
android.widget.TextView: 10 mi
android.widget.TableRow@40626c58
android.widget.ImageView@40627100
android.widget.TextView: 7926 Crain Highway S
android.widget.TextView: 10 mi
android.widget.TableRow@4062aa20
android.widget.ImageView@4062aec8
android.widget.TextView: 1470 Ritchie Highway (Annapolis)
android.widget.TextView: 17 mi
android.widget.TableRow@40629060
android.widget.ImageView@40629508
android.widget.TextView: 1470 Ritchie Highway
android.widget.TextView: 17 mi
android.widget.TableRow@406254e8
android.widget.ImageView@40625990
android.widget.TextView: 2103 Commerce Park Drive (Bestgate)
android.widget.TextView: 19 mi
android.widget.TableRow@40616510
android.widget.ImageView@4061f050
android.widget.TextView: 2103 Commerce Park Drive
android.widget.TextView: 19 mi
android.widget.TableRow@4050c6b8
android.widget.ImageView@4050cb60
android.widget.TextView: 14401 Baltimore Avenue
android.widget.TextView: 20 mi
android.widget.TableRow@406368f0
android.widget.ImageView@40636d98
android.widget.TextView: 14401 Baltimore Avenue
android.widget.TextView: 20 mi
android.widget.TableRow@4060d120
android.widget.ImageView@40617398
android.widget.TextView: 350 E Gude Drive
android.widget.TextView: 21 mi
android.widget.TableRow@40619930
android.widget.ImageView@40619dd8
android.widget.TextView: 115 Baltimore Pike
android.widget.TextView: 21 mi
android.widget.TableRow@40622e20
android.widget.ImageView@406232c8
android.widget.TextView: 115 Baltimore Pike
android.widget.TextView: 21 mi
android.widget.TableRow@40571e58
android.widget.ImageView@405721d8
android.widget.TextView: 2 Lee Airpark Drive
android.widget.TextView: 23 mi
android.widget.TableRow@40620000
android.widget.ImageView@40620440
android.widget.TextView: 2 Lee Airpark Drive
android.widget.TextView: 23 mi
android.widget.TableRow@4062e440
android.widget.ImageView@4061c070
android.widget.TextView: 3132 Briggs Chaney Road
android.widget.TextView: 24 mi
android.widget.TableRow@4061cd78
android.widget.ImageView@4061ddb0
android.widget.TextView: 3132 Briggs Chaney Road
android.widget.TextView: 24 mi
android.widget.TableRow@4062c1a8
android.widget.ImageView@4062c650
android.widget.TextView: 4319 Collington Road (Route 197)
android.widget.TextView: 24 mi
android.widget.TableRow@40627988
android.widget.ImageView@40627e30
android.widget.TextView: 4319 Collington Road (Route 197)
android.widget.TextView: 24 mi
android.widget.TableRow@40607318
android.widget.ImageView@406077c0
android.widget.TextView: 8211 Annapolis Road
android.widget.TextView: 27 mi
android.widget.FrameLayout@40523e00
android.widget.ImageView@40550298
android.widget.Button: Filter
android.widget.LinearLayout@4060d968
android.widget.FrameLayout@405774b8
android.widget.ImageView@4060e4f0
android.widget.Button: Filter
android.widget.FrameLayout@405ada08
android.widget.Button: Done
android.widget.FrameLayout@40611f78
android.widget.ImageView@40610d78
android.widget.TextView: Stores
android.widget.ImageView@40616d48
android.widget.FrameLayout@40615360
android.widget.ImageView@4061ba58
android.widget.TextView: ATMs
android.widget.ImageView@4061f978
