android.widget.LinearLayout@40583e88
android.widget.FrameLayout@4064f660
android.widget.TextView: Hospitals Near Me FREE
android.widget.FrameLayout@40548558
android.widget.LinearLayout@40548938
android.widget.ListView@405891b0
android.widget.LinearLayout@405cdfa0
android.widget.ImageView@405ce418
android.widget.TextView: 1.0 mi
android.widget.TableLayout@405dfff0
android.widget.TableRow@405e08a8
android.widget.TextView: Gundry-Glass Hospital
android.widget.TableRow@405e1370
android.widget.TextView: Address , City
android.widget.TableRow@405e1c28
android.widget.TextView: Phone Number
android.widget.LinearLayout@405b6280
android.widget.ImageView@405b6498
android.widget.TextView: 1.2 mi
android.widget.TableLayout@405b6b68
android.widget.TableRow@405b7040
android.widget.TextView: Regional Institute for Children
android.widget.TableRow@405b7860
android.widget.TextView: Address , City
android.widget.TableRow@405b8080
android.widget.TextView: Phone Number
android.widget.LinearLayout@405b32b8
android.widget.ImageView@405b34d0
android.widget.TextView: 1.4 mi
android.widget.TableLayout@405b3ba0
android.widget.TableRow@405b4078
android.widget.TextView: Kernan Orthopaedics and Rehabilitation
android.widget.TableRow@405b4898
android.widget.TextView: Address , City
android.widget.TableRow@405b50b8
android.widget.TextView: Phone Number
android.widget.LinearLayout@405e7c00
android.widget.ImageView@405e7e18
android.widget.TextView: 1.8 mi
android.widget.TableLayout@405e84e8
android.widget.TableRow@405e89c0
android.widget.TextView: Spring Grove Hospital Center
android.widget.TableRow@405e91e0
android.widget.TextView: Address , City
android.widget.TableRow@405e9a00
android.widget.TextView: Phone Number
android.widget.LinearLayout@405c3268
android.widget.ImageView@405c3480
android.widget.TextView: 2.5 mi
android.widget.TableLayout@405c3b50
android.widget.TableRow@405c4028
android.widget.TextView: St. Agnes Hospital
android.widget.TableRow@405c4848
android.widget.TextView: Address , City
android.widget.TableRow@405c5068
android.widget.TextView: Phone Number
android.widget.LinearLayout@405c6188
android.widget.ImageView@4059c498
android.widget.TextView: 3.4 mi
android.widget.TableLayout@4059ca80
android.widget.TableRow@4059cf58
android.widget.TextView: Bon Secours Baltimore Health System
android.widget.TableRow@4059d778
android.widget.TextView: Address , City
android.widget.TableRow@4059df98
android.widget.TextView: Phone Number
android.widget.TextView: Loading data
android.widget.LinearLayout@40583e88
android.widget.FrameLayout@4064f660
android.widget.TextView: Hospitals Near Me FREE
android.widget.FrameLayout@40548558
android.widget.LinearLayout@40548938
android.widget.ListView@405891b0
android.widget.LinearLayout@405c6188
android.widget.ImageView@4059c498
android.widget.TextView: 3.4 mi
android.widget.TableLayout@4059ca80
android.widget.TableRow@4059cf58
android.widget.TextView: Bon Secours Baltimore Health System
android.widget.TableRow@4059d778
android.widget.TextView: Address , City
android.widget.TableRow@4059df98
android.widget.TextView: Phone Number
android.widget.LinearLayout@405537c8
android.widget.ImageView@405539e0
android.widget.TextView: 3.5 mi
android.widget.TableLayout@405540b0
android.widget.TableRow@40554588
android.widget.TextView: Liberty Medical Center
android.widget.TableRow@40554da8
android.widget.TextView: Address , City
android.widget.TableRow@405bb500
android.widget.TextView: Phone Number
android.widget.LinearLayout@405bc4f8
android.widget.ImageView@405bc710
android.widget.TextView: 4.1 mi
android.widget.TableLayout@405bcde0
android.widget.TableRow@405bd2b8
android.widget.TextView: Seton Psychiatric Institute
android.widget.TableRow@405bdad8
android.widget.TextView: Address , City
android.widget.TableRow@405be2f8
android.widget.TextView: Phone Number
android.widget.LinearLayout@405bf310
android.widget.ImageView@405bf528
android.widget.TextView: 4.2 mi
android.widget.TableLayout@405bfbf8
android.widget.TableRow@405c00d0
android.widget.TextView: The New Children's Hospital
android.widget.TableRow@405c08f0
android.widget.TextView: Address , City
android.widget.TableRow@405c1110
android.widget.TextView: Phone Number
android.widget.LinearLayout@405c2150
android.widget.ImageView@405c2368
android.widget.TextView: 4.7 mi
android.widget.TableLayout@406730b0
android.widget.TableRow@40673588
android.widget.TextView: Veterans Affairs Maryland Health Care System-Baltimore Division
android.widget.TableRow@40673da8
android.widget.TextView: Address , City
android.widget.TableRow@406745c8
android.widget.TextView: Phone Number
android.widget.LinearLayout@40675628
android.widget.ImageView@40675840
android.widget.TextView: 4.7 mi
android.widget.TableLayout@40675f10
android.widget.TableRow@406763e8
android.widget.TextView: University of Maryland Medical Center
android.widget.TableRow@40676c08
android.widget.TextView: Address , City
android.widget.TableRow@40677428
android.widget.TextView: Phone Number
android.widget.TextView: Loading data
android.widget.LinearLayout@40583e88
android.widget.FrameLayout@4064f660
android.widget.TextView: Hospitals Near Me FREE
android.widget.FrameLayout@40548558
android.widget.LinearLayout@40548938
android.widget.ListView@405891b0
android.widget.LinearLayout@40675628
android.widget.ImageView@40675840
android.widget.TextView: 4.7 mi
android.widget.TableLayout@40675f10
android.widget.TableRow@406763e8
android.widget.TextView: University of Maryland Medical Center
android.widget.TableRow@40676c08
android.widget.TextView: Address , City
android.widget.TableRow@40677428
android.widget.TextView: Phone Number
android.widget.LinearLayout@405cdfa0
android.widget.ImageView@405ce418
android.widget.TextView: 4.9 mi
android.widget.TableLayout@405dfff0
android.widget.TableRow@405e08a8
android.widget.TextView: Maryland General Hospital
android.widget.TableRow@405e1370
android.widget.TextView: Address , City
android.widget.TableRow@405e1c28
android.widget.TextView: Phone Number
android.widget.LinearLayout@405b6280
android.widget.ImageView@405b6498
android.widget.TextView: 5.0 mi
android.widget.TableLayout@405b6b68
android.widget.TableRow@405b7040
android.widget.TextView: Levindale Hebrew Geriatric Center and Hospital
android.widget.TableRow@405b7860
android.widget.TextView: Address , City
android.widget.TableRow@405b8080
android.widget.TextView: Phone Number
android.widget.LinearLayout@405b32b8
android.widget.ImageView@405b34d0
android.widget.TextView: 5.0 mi
android.widget.TableLayout@405b3ba0
android.widget.TableRow@405b4078
android.widget.TextView: Sinai Hospital of Baltimore
android.widget.TableRow@405b4898
android.widget.TextView: Address , City
android.widget.TableRow@405b50b8
android.widget.TextView: Phone Number
android.widget.LinearLayout@405e7c00
android.widget.ImageView@405e7e18
android.widget.TextView: 5.2 mi
android.widget.TableLayout@405e84e8
android.widget.TableRow@405e89c0
android.widget.TextView: University Specialty Hospital
android.widget.TableRow@405e91e0
android.widget.TextView: Address , City
android.widget.TableRow@405e9a00
android.widget.TextView: Phone Number
android.widget.LinearLayout@405c3268
android.widget.ImageView@405c3480
android.widget.TextView: 5.6 mi
android.widget.TableLayout@405c3b50
android.widget.TableRow@405c4028
android.widget.TextView: Maryland Penitentary Hospital
android.widget.TableRow@405c4848
android.widget.TextView: Address , City
android.widget.TableRow@405c5068
android.widget.TextView: Phone Number
android.widget.TextView: Loading data
android.widget.LinearLayout@40583e88
android.widget.FrameLayout@4064f660
android.widget.TextView: Hospitals Near Me FREE
android.widget.FrameLayout@40548558
android.widget.LinearLayout@40548938
android.widget.ListView@405891b0
android.widget.LinearLayout@405c3268
android.widget.ImageView@405c3480
android.widget.TextView: 5.6 mi
android.widget.TableLayout@405c3b50
android.widget.TableRow@405c4028
android.widget.TextView: Maryland Penitentary Hospital
android.widget.TableRow@405c4848
android.widget.TextView: Address , City
android.widget.TableRow@405c5068
android.widget.TextView: Phone Number
android.widget.LinearLayout@405c6188
android.widget.ImageView@4059c498
android.widget.TextView: 5.7 mi
android.widget.TableLayout@4059ca80
android.widget.TableRow@4059cf58
android.widget.TextView: Mt. Washington Pediatric Hospital
android.widget.TableRow@4059d778
android.widget.TextView: Address , City
android.widget.TableRow@4059df98
android.widget.TextView: Phone Number
android.widget.LinearLayout@405537c8
android.widget.ImageView@405539e0
android.widget.TextView: 5.8 mi
android.widget.TableLayout@405540b0
android.widget.TableRow@40554588
android.widget.TextView: Union Memorial Hospital
android.widget.TableRow@40554da8
android.widget.TextView: Address , City
android.widget.TableRow@405bb500
android.widget.TextView: Phone Number
android.widget.LinearLayout@405bc4f8
android.widget.ImageView@405bc710
android.widget.TextView: 6.0 mi
android.widget.TableLayout@405bcde0
android.widget.TableRow@405bd2b8
android.widget.TextView: Northwest Hospital Center
android.widget.TableRow@405bdad8
android.widget.TextView: Address , City
android.widget.TableRow@405be2f8
android.widget.TextView: Phone Number
android.widget.LinearLayout@405bf310
android.widget.ImageView@405bf528
android.widget.TextView: 6.1 mi
android.widget.TableLayout@405bfbf8
android.widget.TableRow@405c00d0
android.widget.TextView: Thomas Wilson Center
android.widget.TableRow@405c08f0
android.widget.TextView: Address , City
android.widget.TableRow@405c1110
android.widget.TextView: Phone Number
android.widget.LinearLayout@405c2150
android.widget.ImageView@405c2368
android.widget.TextView: 6.3 mi
android.widget.TableLayout@406730b0
android.widget.TableRow@40673588
android.widget.TextView: Church Hospital Corporation
android.widget.TableRow@40673da8
android.widget.TextView: Address , City
android.widget.TableRow@406745c8
android.widget.TextView: Phone Number
android.widget.TextView: Loading data
android.widget.LinearLayout@40583e88
android.widget.FrameLayout@4064f660
android.widget.TextView: Hospitals Near Me FREE
android.widget.FrameLayout@40548558
android.widget.LinearLayout@40548938
android.widget.ListView@405891b0
android.widget.LinearLayout@405c2150
android.widget.ImageView@405c2368
android.widget.TextView: 6.3 mi
android.widget.TableLayout@406730b0
android.widget.TableRow@40673588
android.widget.TextView: Church Hospital Corporation
android.widget.TableRow@40673da8
android.widget.TextView: Address , City
android.widget.TableRow@406745c8
android.widget.TextView: Phone Number
android.widget.LinearLayout@40675628
android.widget.ImageView@40675840
android.widget.TextView: 6.3 mi
android.widget.TableLayout@40675f10
android.widget.TableRow@406763e8
android.widget.TextView: Kennedy Krieger Institute
android.widget.TableRow@40676c08
android.widget.TextView: Address , City
android.widget.TableRow@40677428
android.widget.TextView: Phone Number
android.widget.LinearLayout@405cdfa0
android.widget.ImageView@405ce418
android.widget.TextView: 6.5 mi
android.widget.TableLayout@405dfff0
android.widget.TableRow@405e08a8
android.widget.TextView: Johns Hopkins Hospital
android.widget.TableRow@405e1370
android.widget.TextView: Address , City
android.widget.TableRow@405e1c28
android.widget.TextView: Phone Number
android.widget.LinearLayout@405b6280
android.widget.ImageView@405b6498
android.widget.TextView: 7.8 mi
android.widget.TableLayout@405b6b68
android.widget.TableRow@405b7040
android.widget.TextView: Montebello Rehabilitation Hospital-University of Maryland Medical System
android.widget.TableRow@405b7860
android.widget.TextView: Address , City
android.widget.TableRow@405b8080
android.widget.TextView: Phone Number
android.widget.LinearLayout@405b32b8
android.widget.ImageView@405b34d0
android.widget.TextView: 8.0 mi
android.widget.TableLayout@405b3ba0
android.widget.TableRow@405b4078
android.widget.TextView: Good Samaritan Hospital of Maryland
android.widget.TableRow@405b4898
android.widget.TextView: Address , City
android.widget.TableRow@405b50b8
android.widget.TextView: Phone Number
android.widget.LinearLayout@405e7c00
android.widget.ImageView@405e7e18
android.widget.TextView: 8.0 mi
android.widget.TableLayout@405e84e8
android.widget.TableRow@405e89c0
android.widget.TextView: Sheppard and Enoch Pratt Hospital
android.widget.TableRow@405e91e0
android.widget.TextView: Address , City
android.widget.TableRow@405e9a00
android.widget.TextView: Phone Number
android.widget.TextView: Loading data
android.widget.LinearLayout@40583e88
android.widget.FrameLayout@4064f660
android.widget.TextView: Hospitals Near Me FREE
android.widget.FrameLayout@40548558
android.widget.LinearLayout@40548938
android.widget.ListView@405891b0
android.widget.LinearLayout@405b6280
android.widget.ImageView@405b6498
android.widget.TextView: 7.8 mi
android.widget.TableLayout@405b6b68
android.widget.TableRow@405b7040
android.widget.TextView: Montebello Rehabilitation Hospital-University of Maryland Medical System
android.widget.TableRow@405b7860
android.widget.TextView: Address , City
android.widget.TableRow@405b8080
android.widget.TextView: Phone Number
android.widget.LinearLayout@405b32b8
android.widget.ImageView@405b34d0
android.widget.TextView: 8.0 mi
android.widget.TableLayout@405b3ba0
android.widget.TableRow@405b4078
android.widget.TextView: Good Samaritan Hospital of Maryland
android.widget.TableRow@405b4898
android.widget.TextView: Address , City
android.widget.TableRow@405b50b8
android.widget.TextView: Phone Number
android.widget.LinearLayout@405e7c00
android.widget.ImageView@405e7e18
android.widget.TextView: 8.0 mi
android.widget.TableLayout@405e84e8
android.widget.TableRow@405e89c0
android.widget.TextView: Sheppard and Enoch Pratt Hospital
android.widget.TableRow@405e91e0
android.widget.TextView: Address , City
android.widget.TableRow@405e9a00
android.widget.TextView: Phone Number
android.widget.LinearLayout@405c3268
android.widget.ImageView@405c3480
android.widget.TextView: 8.2 mi
android.widget.TableLayout@405c3b50
android.widget.TableRow@405c4028
android.widget.TextView: Greater Baltimore Medical Center
android.widget.TableRow@405c4848
android.widget.TextView: Address , City
android.widget.TableRow@405c5068
android.widget.TextView: Phone Number
android.widget.LinearLayout@405c6188
android.widget.ImageView@4059c498
android.widget.TextView: 8.4 mi
android.widget.TableLayout@4059ca80
android.widget.TableRow@4059cf58
android.widget.TextView: Johns Hopkins Bayview Medical Center
android.widget.TableRow@4059d778
android.widget.TextView: Address , City
android.widget.TableRow@4059df98
android.widget.TextView: Phone Number
android.widget.LinearLayout@405537c8
android.widget.ImageView@405539e0
android.widget.TextView: 8.4 mi
android.widget.TableLayout@405540b0
android.widget.TableRow@40554588
android.widget.TextView: St. Joseph Medical Center
android.widget.TableRow@40554da8
android.widget.TextView: Address , City
android.widget.TableRow@405bb500
android.widget.TextView: Phone Number
android.widget.TextView: Loading data
