android.widget.FrameLayout@4054fe70
android.widget.RelativeLayout@405f8278
android.widget.LinearLayout@405b3a78
android.view.View@40642ad8
android.widget.RelativeLayout@4067dae8
android.widget.TextView: Regular
android.view.View@4066b048
android.view.View@4066f7e8
android.widget.RelativeLayout@405dd618
android.widget.TextView: Midgrade
android.view.View@40649e50
android.view.View@405deb80
android.widget.RelativeLayout@406423e8
android.widget.TextView: Premium
android.view.View@40667150
android.view.View@40642888
android.widget.RelativeLayout@40642638
android.widget.TextView: Diesel
android.view.View@4062d678
android.view.View@40642fc0
android.view.View@405c4258
android.widget.LinearLayout@405c7958
android.widget.RelativeLayout@40612628
android.widget.ImageView@406205a8
android.widget.TextView: Reload
android.widget.RelativeLayout@40620b78
android.widget.ImageView@40642d28
android.widget.TextView: Sort By Price
android.widget.RelativeLayout@40643210
android.widget.ImageView@406436f0
android.widget.TextView: Map View
android.view.View@40643428
gbis.gbandroid.views.layouts.CustomListView@40605c40
android.widget.RelativeLayout@406120b8
com.google.ads.AdView@40621868
android.gesture.GestureOverlayView@4061dd08
android.widget.FrameLayout@40650148
com.google.ads.internal.AdWebView@40657130
android.widget.TableLayout@406ee0d0
android.widget.TableRow@406f1920
android.widget.RelativeLayout@406ff4b8
android.widget.RelativeLayout@406ff968
android.widget.TextView: 4.12
android.widget.TextView: 9
android.widget.TextView: 11 hours ago
android.widget.TextView: Update
android.widget.RelativeLayout@407100c0
android.widget.ImageView@407104b8
android.widget.TextView: Sunoco
android.widget.TextView: 1978 State St & Ridge Rd
android.widget.TextView: Hamden, CT
android.widget.TextView: 0.9 mi
android.widget.TableLayout@406183b8
android.widget.TableRow@406b0790
android.widget.RelativeLayout@4062af58
android.widget.RelativeLayout@4062b330
android.widget.TextView: 3.89
android.widget.TextView: 9
android.widget.TextView: 6 hours ago
android.widget.TextView: Update
android.widget.RelativeLayout@40581cb0
android.widget.ImageView@40582050
android.widget.TextView: Mobil
android.widget.TextView: 80 Quinnipiac Ave & Middletown Ave
android.widget.TextView: North Haven, CT
android.widget.TextView: 1.05 mi
android.widget.TableLayout@40699518
android.widget.TableRow@4069c890
android.widget.RelativeLayout@4069fc50
android.widget.RelativeLayout@4069fff0
android.widget.TextView: --
android.widget.TextView: 9
android.widget.TextView: time
android.widget.TextView: Report Price
android.widget.RelativeLayout@406aa1b0
android.widget.ImageView@406aa490
android.widget.TextView: Mercury
android.widget.TextView: 125 Foxon Blvd & I91
android.widget.TextView: New Haven, CT
android.widget.TextView: 1.05 mi
android.widget.TableLayout@406be9c8
android.widget.TableRow@406bef98
android.widget.RelativeLayout@406c2368
android.widget.RelativeLayout@406c5568
android.widget.TextView: --
android.widget.TextView: 9
android.widget.TextView: time
android.widget.TextView: Report Price
android.widget.RelativeLayout@406cc6e0
android.widget.ImageView@406cca98
android.widget.TextView: CITGO
android.widget.TextView: 1585 State St & Albert St
android.widget.TextView: New Haven, CT
android.widget.TextView: 1.07 mi
android.widget.TableLayout@406eb420
android.widget.TableRow@406eb9d8
android.widget.RelativeLayout@406eeb38
android.widget.RelativeLayout@406eef10
android.widget.TextView: 3.79
android.widget.TextView: 9
android.widget.TextView: 6 hours ago
android.widget.TextView: Update
android.widget.RelativeLayout@406f8ea8
android.widget.ImageView@406f9268
android.widget.TextView: First Fuel
android.widget.TextView: 133 Middletown Ave & Quinnipiac Ave
android.widget.TextView: North Haven, CT
android.widget.TextView: 1.15 mi
android.widget.RelativeLayout@40610f58
android.widget.FrameLayout@4054fe70
android.widget.RelativeLayout@405f8278
android.widget.LinearLayout@405b3a78
android.view.View@40642ad8
android.widget.RelativeLayout@4067dae8
android.widget.TextView: Regular
android.view.View@4066b048
android.view.View@4066f7e8
android.widget.RelativeLayout@405dd618
android.widget.TextView: Midgrade
android.view.View@40649e50
android.view.View@405deb80
android.widget.RelativeLayout@406423e8
android.widget.TextView: Premium
android.view.View@40667150
android.view.View@40642888
android.widget.RelativeLayout@40642638
android.widget.TextView: Diesel
android.view.View@4062d678
android.view.View@40642fc0
android.view.View@405c4258
android.widget.LinearLayout@405c7958
android.widget.RelativeLayout@40612628
android.widget.ImageView@406205a8
android.widget.TextView: Reload
android.widget.RelativeLayout@40620b78
android.widget.ImageView@40642d28
android.widget.TextView: Sort By Price
android.widget.RelativeLayout@40643210
android.widget.ImageView@406436f0
android.widget.TextView: Map View
android.view.View@40643428
gbis.gbandroid.views.layouts.CustomListView@40605c40
android.widget.TableLayout@406eb420
android.widget.TableRow@406eb9d8
android.widget.RelativeLayout@406eeb38
android.widget.RelativeLayout@406eef10
android.widget.TextView: 3.79
android.widget.TextView: 9
android.widget.TextView: 6 hours ago
android.widget.TextView: Update
android.widget.RelativeLayout@406f8ea8
android.widget.ImageView@406f9268
android.widget.TextView: First Fuel
android.widget.TextView: 133 Middletown Ave & Quinnipiac Ave
android.widget.TextView: North Haven, CT
android.widget.TextView: 1.15 mi
android.widget.TableLayout@40747b40
android.widget.TableRow@40748110
android.widget.RelativeLayout@40748790
android.widget.RelativeLayout@40748b68
android.widget.TextView: 3.89
android.widget.TextView: 9
android.widget.TextView: 19 hours ago
android.widget.TextView: Update
android.widget.RelativeLayout@4074a378
android.widget.ImageView@4074a750
android.widget.TextView: Sunoco
android.widget.TextView: 23 Univeral Dr & Montowese Ave
android.widget.TextView: North Haven, CT
android.widget.TextView: 99.99 mi
android.widget.TableLayout@40757670
android.widget.TableRow@40757c40
android.widget.RelativeLayout@407582c0
android.widget.RelativeLayout@40758698
android.widget.TextView: --
android.widget.TextView: 9
android.widget.TextView: time
android.widget.TextView: Report Price
android.widget.RelativeLayout@40759ea8
android.widget.ImageView@4075a280
android.widget.TextView: Global
android.widget.TextView: 1260 Quinnipiac Ave & Foxon Blvd
android.widget.TextView: New Haven, CT
android.widget.TextView: 99.99 mi
android.widget.TableLayout@4075d768
android.widget.TableRow@4075dd38
android.widget.RelativeLayout@4075e3f8
android.widget.RelativeLayout@4075e7d0
android.widget.TextView: --
android.widget.TextView: 9
android.widget.TextView: time
android.widget.TextView: Report Price
android.widget.RelativeLayout@4075ffe0
android.widget.ImageView@407603b8
android.widget.TextView: Shell
android.widget.TextView: 1228 Quinnipiac Ave & Foxon Blvd
android.widget.TextView: New Haven, CT
android.widget.TextView: 99.99 mi
android.widget.TableLayout@4076cbe8
android.widget.TableRow@4076d1b8
android.widget.RelativeLayout@4076d878
android.widget.RelativeLayout@4076dc50
android.widget.TextView: --
android.widget.TextView: 9
android.widget.TextView: time
android.widget.TextView: Report Price
android.widget.RelativeLayout@4076f460
android.widget.ImageView@4076f838
android.widget.TextView: Sunoco
android.widget.TextView: 350 Foxon Blvd & Quinnipiac Ave
android.widget.TextView: New Haven, CT
android.widget.TextView: 99.99 mi
android.widget.TableLayout@4077be38
android.widget.TableRow@4077c408
android.widget.RelativeLayout@4077cac8
android.widget.RelativeLayout@4077cea0
android.widget.TextView: 3.85
android.widget.TextView: 9
android.widget.TextView: 16 hours ago
android.widget.TextView: Update
android.widget.RelativeLayout@4077e6b0
android.widget.ImageView@4077ea88
android.widget.TextView: 7-Eleven
android.widget.TextView: 400 Foxon Blvd  & Eastern St
android.widget.TextView: New Haven, CT
android.widget.TextView: 99.99 mi
android.widget.RelativeLayout@40610f58
android.widget.FrameLayout@4054fe70
android.widget.RelativeLayout@405f8278
android.widget.LinearLayout@405b3a78
android.view.View@40642ad8
android.widget.RelativeLayout@4067dae8
android.widget.TextView: Regular
android.view.View@4066b048
android.view.View@4066f7e8
android.widget.RelativeLayout@405dd618
android.widget.TextView: Midgrade
android.view.View@40649e50
android.view.View@405deb80
android.widget.RelativeLayout@406423e8
android.widget.TextView: Premium
android.view.View@40667150
android.view.View@40642888
android.widget.RelativeLayout@40642638
android.widget.TextView: Diesel
android.view.View@4062d678
android.view.View@40642fc0
android.view.View@405c4258
android.widget.LinearLayout@405c7958
android.widget.RelativeLayout@40612628
android.widget.ImageView@406205a8
android.widget.TextView: Reload
android.widget.RelativeLayout@40620b78
android.widget.ImageView@40642d28
android.widget.TextView: Sort By Price
android.widget.RelativeLayout@40643210
android.widget.ImageView@406436f0
android.widget.TextView: Map View
android.view.View@40643428
gbis.gbandroid.views.layouts.CustomListView@40605c40
android.widget.TableLayout@4077be38
android.widget.TableRow@4077c408
android.widget.RelativeLayout@4077cac8
android.widget.RelativeLayout@4077cea0
android.widget.TextView: 3.85
android.widget.TextView: 9
android.widget.TextView: 16 hours ago
android.widget.TextView: Update
android.widget.RelativeLayout@4077e6b0
android.widget.ImageView@4077ea88
android.widget.TextView: 7-Eleven
android.widget.TextView: 400 Foxon Blvd  & Eastern St
android.widget.TextView: New Haven, CT
android.widget.TextView: 99.99 mi
android.widget.TableLayout@405b0ee0
android.widget.TableRow@40588048
android.widget.RelativeLayout@40558b48
android.widget.RelativeLayout@40587b10
android.widget.TextView: 3.89
android.widget.TextView: 9
android.widget.TextView: Mon 5:37 PM
android.widget.TextView: Update
android.widget.RelativeLayout@40598970
android.widget.ImageView@40585670
android.widget.TextView: Valero
android.widget.TextView: Quinnipiac Ave & Montowese Ave
android.widget.TextView: North Haven, CT
android.widget.TextView: 99.99 mi
android.widget.TableLayout@405b7a68
android.widget.TableRow@405b7018
android.widget.RelativeLayout@405c9780
android.widget.RelativeLayout@405ec4d0
android.widget.TextView: --
android.widget.TextView: 9
android.widget.TextView: time
android.widget.TextView: Report Price
android.widget.RelativeLayout@405f6430
android.widget.ImageView@40594320
android.widget.TextView: Hess
android.widget.TextView: 1331 State  St & Ferry St
android.widget.TextView: New Haven, CT
android.widget.TextView: 99.99 mi
android.widget.TableLayout@405bd108
android.widget.TableRow@405d5cf0
android.widget.RelativeLayout@4060c338
android.widget.RelativeLayout@4060e4c0
android.widget.TextView: 3.83
android.widget.TextView: 9
android.widget.TextView: 16 hours ago
android.widget.TextView: Update
android.widget.RelativeLayout@40622620
android.widget.ImageView@40617738
android.widget.TextView: CITGO
android.widget.TextView: 925 Foxon Rd & Rose 
android.widget.TextView: East Haven, CT
android.widget.TextView: 99.99 mi
android.widget.TableLayout@405cac70
android.widget.TableRow@405e8598
android.widget.RelativeLayout@40625258
android.widget.RelativeLayout@4062a5c8
android.widget.TextView: 3.95
android.widget.TextView: 9
android.widget.TextView: 18 hours ago
android.widget.TextView: Update
android.widget.RelativeLayout@4062bd30
android.widget.ImageView@406292f8
android.widget.TextView: Shell
android.widget.TextView: 1182 Whitney Ave & Augur St
android.widget.TextView: Hamden, CT
android.widget.TextView: 99.99 mi
android.widget.TableLayout@40618a68
android.widget.TableRow@40665e08
android.widget.RelativeLayout@4062c430
android.widget.RelativeLayout@4062f088
android.widget.TextView: 3.79
android.widget.TextView: 9
android.widget.TextView: 8 hours ago
android.widget.TextView: Update
android.widget.RelativeLayout@40631980
android.widget.ImageView@40630b50
android.widget.TextView: BJ's
android.widget.TextView: 555 Universal Dr & I-91
android.widget.TextView: North Haven, CT
android.widget.TextView: 99.99 mi
android.widget.RelativeLayout@40610f58
android.widget.FrameLayout@4054fe70
android.widget.RelativeLayout@405f8278
android.widget.LinearLayout@405b3a78
android.view.View@40642ad8
android.widget.RelativeLayout@4067dae8
android.widget.TextView: Regular
android.view.View@4066b048
android.view.View@4066f7e8
android.widget.RelativeLayout@405dd618
android.widget.TextView: Midgrade
android.view.View@40649e50
android.view.View@405deb80
android.widget.RelativeLayout@406423e8
android.widget.TextView: Premium
android.view.View@40667150
android.view.View@40642888
android.widget.RelativeLayout@40642638
android.widget.TextView: Diesel
android.view.View@4062d678
android.view.View@40642fc0
android.view.View@405c4258
android.widget.LinearLayout@405c7958
android.widget.RelativeLayout@40612628
android.widget.ImageView@406205a8
android.widget.TextView: Reload
android.widget.RelativeLayout@40620b78
android.widget.ImageView@40642d28
android.widget.TextView: Sort By Price
android.widget.RelativeLayout@40643210
android.widget.ImageView@406436f0
android.widget.TextView: Map View
android.view.View@40643428
gbis.gbandroid.views.layouts.CustomListView@40605c40
android.widget.TableLayout@40618a68
android.widget.TableRow@40665e08
android.widget.RelativeLayout@4062c430
android.widget.RelativeLayout@4062f088
android.widget.TextView: 3.79
android.widget.TextView: 9
android.widget.TextView: 8 hours ago
android.widget.TextView: Update
android.widget.RelativeLayout@40631980
android.widget.ImageView@40630b50
android.widget.TextView: BJ's
android.widget.TextView: 555 Universal Dr & I-91
android.widget.TextView: North Haven, CT
android.widget.TextView: 99.99 mi
android.widget.TableLayout@4076cbe8
android.widget.TableRow@4076d1b8
android.widget.RelativeLayout@4076d878
android.widget.RelativeLayout@4076dc50
android.widget.TextView: 3.83
android.widget.TextView: 9
android.widget.TextView: 11 hours ago
android.widget.TextView: Update
android.widget.RelativeLayout@4076f460
android.widget.ImageView@4076f838
android.widget.TextView: Shell
android.widget.TextView: 141 Willow St & Nicoll St
android.widget.TextView: New Haven, CT
android.widget.TextView: 99.99 mi
android.widget.TableLayout@40618dc0
android.widget.TableRow@40673910
android.widget.RelativeLayout@40635ef8
android.widget.RelativeLayout@40639208
android.widget.TextView: 3.83
android.widget.TextView: 9
android.widget.TextView: 10 hours ago
android.widget.TextView: Update
android.widget.RelativeLayout@4063ddc0
android.widget.ImageView@4067c5e0
android.widget.TextView: CITGO
android.widget.TextView: 1312 Whitney Ave & Mather St
android.widget.TextView: Hamden, CT
android.widget.TextView: 99.99 mi
android.widget.TableLayout@4061be00
android.widget.TableRow@4067dd10
android.widget.RelativeLayout@40649678
android.widget.RelativeLayout@406ec328
android.widget.TextView: 3.83
android.widget.TextView: 9
android.widget.TextView: Mon 9:28 PM
android.widget.TextView: Update
android.widget.RelativeLayout@4062e780
android.widget.ImageView@4063b598
android.widget.TextView: Exxon
android.widget.TextView: 713 Foxon Rd & Green St
android.widget.TextView: East Haven, CT
android.widget.TextView: 99.99 mi
android.widget.TableLayout@405cafc8
android.widget.TableRow@40608fa0
android.widget.RelativeLayout@40630d28
android.widget.RelativeLayout@40635830
android.widget.TextView: --
android.widget.TextView: 9
android.widget.TextView: time
android.widget.TextView: Report Price
android.widget.RelativeLayout@406533a8
android.widget.ImageView@40665750
android.widget.TextView: Valero
android.widget.TextView: 414 State St & Skiff St
android.widget.TextView: North Haven, CT
android.widget.TextView: 99.99 mi
android.widget.TableLayout@406dc150
android.widget.TableRow@406fb340
android.widget.RelativeLayout@405e50a0
android.widget.RelativeLayout@405b4eb8
android.widget.TextView: 3.86
android.widget.TextView: 9
android.widget.TextView: 11 hours ago
android.widget.TextView: Update
android.widget.RelativeLayout@4065d440
android.widget.ImageView@4066b6c0
android.widget.TextView: Mobil
android.widget.TextView: 1647 Whitney  & Hawthorne
android.widget.TextView: Hamden, CT
android.widget.TextView: 99.99 mi
android.widget.RelativeLayout@40610f58
android.widget.FrameLayout@4054fe70
android.widget.RelativeLayout@405f8278
android.widget.LinearLayout@405b3a78
android.view.View@40642ad8
android.widget.RelativeLayout@4067dae8
android.widget.TextView: Regular
android.view.View@4066b048
android.view.View@4066f7e8
android.widget.RelativeLayout@405dd618
android.widget.TextView: Midgrade
android.view.View@40649e50
android.view.View@405deb80
android.widget.RelativeLayout@406423e8
android.widget.TextView: Premium
android.view.View@40667150
android.view.View@40642888
android.widget.RelativeLayout@40642638
android.widget.TextView: Diesel
android.view.View@4062d678
android.view.View@40642fc0
android.view.View@405c4258
android.widget.LinearLayout@405c7958
android.widget.RelativeLayout@40612628
android.widget.ImageView@406205a8
android.widget.TextView: Reload
android.widget.RelativeLayout@40620b78
android.widget.ImageView@40642d28
android.widget.TextView: Sort By Price
android.widget.RelativeLayout@40643210
android.widget.ImageView@406436f0
android.widget.TextView: Map View
android.view.View@40643428
gbis.gbandroid.views.layouts.CustomListView@40605c40
android.widget.TableLayout@406465a0
android.widget.TableRow@406891a0
android.widget.RelativeLayout@4067d208
android.widget.RelativeLayout@4067d540
android.widget.TextView: 3.86
android.widget.TextView: 9
android.widget.TextView: 11 hours ago
android.widget.TextView: Update
android.widget.RelativeLayout@40600508
android.widget.ImageView@4064f910
android.widget.TextView: Mobil
android.widget.TextView: 1647 Whitney  & Hawthorne
android.widget.TextView: Hamden, CT
android.widget.TextView: 2.03 mi
android.widget.TableLayout@4065eab8
android.widget.TableRow@406bacd0
android.widget.RelativeLayout@406342b0
android.widget.RelativeLayout@406644c0
android.widget.TextView: 3.89
android.widget.TextView: 9
android.widget.TextView: 19 hours ago
android.widget.TextView: Update
android.widget.RelativeLayout@4070f9a0
android.widget.ImageView@4062cf10
android.widget.TextView: Mobil
android.widget.TextView: 384 State St & Skiff St
android.widget.TextView: North Haven, CT
android.widget.TextView: 2.05 mi
android.widget.TableLayout@4070a7b8
android.widget.TableRow@40711388
android.widget.RelativeLayout@40654b38
android.widget.RelativeLayout@4067bc60
android.widget.TextView: 3.83
android.widget.TextView: 9
android.widget.TextView: 11 hours ago
android.widget.TextView: Update
android.widget.RelativeLayout@4064c838
android.widget.ImageView@406bd368
android.widget.TextView: Power Gas
android.widget.TextView: 884 State St & Humphrey St
android.widget.TextView: New Haven, CT
android.widget.TextView: 2.22 mi
android.widget.TableLayout@40681230
android.widget.TableRow@406a9488
android.widget.RelativeLayout@406473f8
android.widget.RelativeLayout@40680808
android.widget.TextView: --
android.widget.TextView: 9
android.widget.TextView: 11 hours ago
android.widget.TextView: Report Price
android.widget.RelativeLayout@4067e1c0
android.widget.ImageView@4057cca0
android.widget.TextView: Sunoco
android.widget.TextView: 61 Chapel St & Ferry St
android.widget.TextView: New Haven, CT
android.widget.TextView: 2.34 mi
android.widget.TableLayout@405cac70
android.widget.TableRow@405e8598
android.widget.RelativeLayout@40625258
android.widget.RelativeLayout@4062a5c8
android.widget.TextView: 3.89
android.widget.TextView: 9
android.widget.TextView: 5 hours ago
android.widget.TextView: Update
android.widget.RelativeLayout@4062bd30
android.widget.ImageView@406292f8
android.widget.TextView: Shell
android.widget.TextView: 1994 Whitney Ave & Skiff St
android.widget.TextView: Hamden, CT
android.widget.TextView: 2.62 mi
android.widget.TableLayout@406dc150
android.widget.TableRow@406fb340
android.widget.RelativeLayout@405e50a0
android.widget.RelativeLayout@405b4eb8
android.widget.TextView: 3.85
android.widget.TextView: 9
android.widget.TextView: 11 hours ago
android.widget.TextView: Update
android.widget.RelativeLayout@4065d440
android.widget.ImageView@4066b6c0
android.widget.TextView: Sunoco
android.widget.TextView: 1624 Dixwell Ave & Homestead Ave
android.widget.TextView: Hamden, CT
android.widget.TextView: 2.67 mi
android.widget.RelativeLayout@40610f58
android.widget.FrameLayout@4054fe70
android.widget.RelativeLayout@405f8278
android.widget.LinearLayout@405b3a78
android.view.View@40642ad8
android.widget.RelativeLayout@4067dae8
android.widget.TextView: Regular
android.view.View@4066b048
android.view.View@4066f7e8
android.widget.RelativeLayout@405dd618
android.widget.TextView: Midgrade
android.view.View@40649e50
android.view.View@405deb80
android.widget.RelativeLayout@406423e8
android.widget.TextView: Premium
android.view.View@40667150
android.view.View@40642888
android.widget.RelativeLayout@40642638
android.widget.TextView: Diesel
android.view.View@4062d678
android.view.View@40642fc0
android.view.View@405c4258
android.widget.LinearLayout@405c7958
android.widget.RelativeLayout@40612628
android.widget.ImageView@406205a8
android.widget.TextView: Reload
android.widget.RelativeLayout@40620b78
android.widget.ImageView@40642d28
android.widget.TextView: Sort By Price
android.widget.RelativeLayout@40643210
android.widget.ImageView@406436f0
android.widget.TextView: Map View
android.view.View@40643428
gbis.gbandroid.views.layouts.CustomListView@40605c40
android.widget.TableLayout@406dc150
android.widget.TableRow@406fb340
android.widget.RelativeLayout@405e50a0
android.widget.RelativeLayout@405b4eb8
android.widget.TextView: 3.85
android.widget.TextView: 9
android.widget.TextView: 11 hours ago
android.widget.TextView: Update
android.widget.RelativeLayout@4065d440
android.widget.ImageView@4066b6c0
android.widget.TextView: Sunoco
android.widget.TextView: 1624 Dixwell Ave & Homestead Ave
android.widget.TextView: Hamden, CT
android.widget.TextView: 2.67 mi
android.widget.TableLayout@405cafc8
android.widget.TableRow@40608fa0
android.widget.RelativeLayout@40630d28
android.widget.RelativeLayout@40635830
android.widget.TextView: 3.85
android.widget.TextView: 9
android.widget.TextView: 10 hours ago
android.widget.TextView: Update
android.widget.RelativeLayout@406533a8
android.widget.ImageView@40665750
android.widget.TextView: CITGO
android.widget.TextView: 1795 Dixwell  Ave  & Lee St
android.widget.TextView: Hamden, CT
android.widget.TextView: 2.69 mi
android.widget.TableLayout@405b7a68
android.widget.TableRow@40588048
android.widget.RelativeLayout@40558b48
android.widget.RelativeLayout@40587b10
android.widget.TextView: 3.85
android.widget.TextView: 9
android.widget.TextView: Mon 5:40 PM
android.widget.TextView: Update
android.widget.RelativeLayout@40588558
android.widget.ImageView@40585670
android.widget.TextView: US1
android.widget.TextView: 1290 Dixwell Ave & Bradley Ave
android.widget.TextView: Hamden, CT
android.widget.TextView: 2.72 mi
android.widget.TableLayout@405bd108
android.widget.TableRow@405d5cf0
android.widget.RelativeLayout@40598970
android.widget.RelativeLayout@405bf1f0
android.widget.TextView: 3.83
android.widget.TextView: 9
android.widget.TextView: 11 hours ago
android.widget.TextView: Update
android.widget.RelativeLayout@405c9780
android.widget.ImageView@40594320
android.widget.TextView: Hess
android.widget.TextView: 1126 Dixwell Ave & 4th St
android.widget.TextView: Hamden, CT
android.widget.TextView: 2.72 mi
android.widget.TableLayout@4063f1a8
android.widget.TableRow@4062d790
android.widget.RelativeLayout@405ec4d0
android.widget.RelativeLayout@405f6430
android.widget.TextView: --
android.widget.TextView: 9
android.widget.TextView: time
android.widget.TextView: Report Price
android.widget.RelativeLayout@4060c338
android.widget.ImageView@405dad98
android.widget.TextView: Mobil
android.widget.TextView: 302 Maple Ave & Sackett Point Rd
android.widget.TextView: North Haven, CT
android.widget.TextView: 2.75 mi
android.widget.RelativeLayout@40610f58
android.widget.FrameLayout@4054fe70
android.widget.RelativeLayout@405f8278
android.widget.LinearLayout@405b3a78
android.view.View@40642ad8
android.widget.RelativeLayout@4067dae8
android.widget.TextView: Regular
android.view.View@4066b048
android.view.View@4066f7e8
android.widget.RelativeLayout@405dd618
android.widget.TextView: Midgrade
android.view.View@40649e50
android.view.View@405deb80
android.widget.RelativeLayout@406423e8
android.widget.TextView: Premium
android.view.View@40667150
android.view.View@40642888
android.widget.RelativeLayout@40642638
android.widget.TextView: Diesel
android.view.View@4062d678
android.view.View@40642fc0
android.view.View@405c4258
android.widget.LinearLayout@405c7958
android.widget.RelativeLayout@40612628
android.widget.ImageView@406205a8
android.widget.TextView: Reload
android.widget.RelativeLayout@40620b78
android.widget.ImageView@40642d28
android.widget.TextView: Sort By Price
android.widget.RelativeLayout@40643210
android.widget.ImageView@406436f0
android.widget.TextView: Map View
android.view.View@40643428
gbis.gbandroid.views.layouts.CustomListView@40605c40
android.widget.TableLayout@4063f1a8
android.widget.TableRow@4062d790
android.widget.RelativeLayout@405ec4d0
android.widget.RelativeLayout@405f6430
android.widget.TextView: --
android.widget.TextView: 9
android.widget.TextView: time
android.widget.TextView: Report Price
android.widget.RelativeLayout@4060c338
android.widget.ImageView@405dad98
android.widget.TextView: Mobil
android.widget.TextView: 302 Maple Ave & Sackett Point Rd
android.widget.TextView: North Haven, CT
android.widget.TextView: 2.75 mi
android.widget.TableLayout@405cac70
android.widget.TableRow@405e8598
android.widget.RelativeLayout@40625258
android.widget.RelativeLayout@4062a5c8
android.widget.TextView: 3.83
android.widget.TextView: 9
android.widget.TextView: 5 hours ago
android.widget.TextView: Update
android.widget.RelativeLayout@4062bd30
android.widget.ImageView@406292f8
android.widget.TextView: Forbes Premium
android.widget.TextView: 863 North High St & Grannis St
android.widget.TextView: East Haven, CT
android.widget.TextView: 2.76 mi
android.widget.TableLayout@40649130
android.widget.TableRow@4065e468
android.widget.RelativeLayout@4064e7c0
android.widget.RelativeLayout@40613f50
android.widget.TextView: 3.89
android.widget.TextView: 9
android.widget.TextView: 10 hours ago
android.widget.TextView: Update
android.widget.RelativeLayout@4065e2b8
android.widget.ImageView@40715210
android.widget.TextView: Mobil
android.widget.TextView: 1913 Dixwell Ave & Wheeler Ave
android.widget.TextView: Hamden, CT
android.widget.TextView: 2.76 mi
android.widget.TableLayout@40748700
android.widget.TableRow@4077ca38
android.widget.RelativeLayout@40676950
android.widget.RelativeLayout@40759e10
android.widget.TextView: --
android.widget.TextView: 9
android.widget.TextView: time
android.widget.TextView: Report Price
android.widget.RelativeLayout@406b5540
android.widget.ImageView@406c2ec0
android.widget.TextView: Shell
android.widget.TextView: 272 Maple Ave & Sackett point Rd
android.widget.TextView: North Haven, CT
android.widget.TextView: 2.81 mi
android.widget.TableLayout@4077c040
android.widget.TableRow@4061f9f8
android.widget.RelativeLayout@405b5270
android.widget.RelativeLayout@40613340
android.widget.TextView: --
android.widget.TextView: 9
android.widget.TextView: time
android.widget.TextView: Report Price
android.widget.RelativeLayout@406d7518
android.widget.ImageView@4060cf78
android.widget.TextView: BP
android.widget.TextView: 195 State St & Devine St
android.widget.TextView: North Haven, CT
android.widget.TextView: 2.91 mi
android.widget.RelativeLayout@40610f58
android.widget.FrameLayout@4054fe70
android.widget.RelativeLayout@405f8278
android.widget.LinearLayout@405b3a78
android.view.View@40642ad8
android.widget.RelativeLayout@4067dae8
android.widget.TextView: Regular
android.view.View@4066b048
android.view.View@4066f7e8
android.widget.RelativeLayout@405dd618
android.widget.TextView: Midgrade
android.view.View@40649e50
android.view.View@405deb80
android.widget.RelativeLayout@406423e8
android.widget.TextView: Premium
android.view.View@40667150
android.view.View@40642888
android.widget.RelativeLayout@40642638
android.widget.TextView: Diesel
android.view.View@4062d678
android.view.View@40642fc0
android.view.View@405c4258
android.widget.LinearLayout@405c7958
android.widget.RelativeLayout@40612628
android.widget.ImageView@406205a8
android.widget.TextView: Reload
android.widget.RelativeLayout@40620b78
android.widget.ImageView@40642d28
android.widget.TextView: Sort By Price
android.widget.RelativeLayout@40643210
android.widget.ImageView@406436f0
android.widget.TextView: Map View
android.view.View@40643428
gbis.gbandroid.views.layouts.CustomListView@40605c40
android.widget.TableLayout@4077c040
android.widget.TableRow@4061f9f8
android.widget.RelativeLayout@405b5270
android.widget.RelativeLayout@40613340
android.widget.TextView: --
android.widget.TextView: 9
android.widget.TextView: time
android.widget.TextView: Report Price
android.widget.RelativeLayout@406d7518
android.widget.ImageView@4060cf78
android.widget.TextView: BP
android.widget.TextView: 195 State St & Devine St
android.widget.TextView: North Haven, CT
android.widget.TextView: 2.91 mi
android.widget.TableLayout@405bd108
android.widget.TableRow@405d5cf0
android.widget.RelativeLayout@40598970
android.widget.RelativeLayout@405bf1f0
android.widget.TextView: --
android.widget.TextView: 9
android.widget.TextView: 11 hours ago
android.widget.TextView: Report Price
android.widget.RelativeLayout@405c9780
android.widget.ImageView@40594320
android.widget.TextView: Shell
android.widget.TextView: 144 Arch St & Fairview Ave
android.widget.TextView: Hamden, CT
android.widget.TextView: 3.02 mi
android.widget.TableLayout@40757978
android.widget.TableRow@4075dab0
android.widget.RelativeLayout@406d8360
android.widget.RelativeLayout@4061ebb0
android.widget.TextView: 3.85
android.widget.TextView: 9
android.widget.TextView: 10 hours ago
android.widget.TextView: Update
android.widget.RelativeLayout@4070de88
android.widget.ImageView@4070e240
android.widget.TextView: Power Gas
android.widget.TextView: 1 Whalley Ave & Broadway
android.widget.TextView: New Haven, CT
android.widget.TextView: 3.09 mi
android.widget.TableLayout@405817e8
android.widget.TableRow@406e4fe0
android.widget.RelativeLayout@405ff208
android.widget.RelativeLayout@405ff5e0
android.widget.TextView: 3.85
android.widget.TextView: 9
android.widget.TextView: 17 hours ago
android.widget.TextView: Update
android.widget.RelativeLayout@40697000
android.widget.ImageView@40675d80
android.widget.TextView: BP
android.widget.TextView: 2370 Dixwell Ave & Skiff St
android.widget.TextView: Hamden, CT
android.widget.TextView: 3.11 mi
android.widget.TableLayout@406a11e0
android.widget.TableRow@406a17b0
android.widget.RelativeLayout@40687118
android.widget.RelativeLayout@406874f0
android.widget.TextView: --
android.widget.TextView: 9
android.widget.TextView: time
android.widget.TextView: Report Price
android.widget.RelativeLayout@4074be10
android.widget.ImageView@4074c190
android.widget.TextView: CITGO
android.widget.TextView: 260 Forbes Ave & Fulton 
android.widget.TextView: New Haven, CT
android.widget.TextView: 3.11 mi
android.widget.RelativeLayout@40610f58
android.widget.FrameLayout@4054fe70
android.widget.RelativeLayout@405f8278
android.widget.LinearLayout@405b3a78
android.view.View@40642ad8
android.widget.RelativeLayout@4067dae8
android.widget.TextView: Regular
android.view.View@4066b048
android.view.View@4066f7e8
android.widget.RelativeLayout@405dd618
android.widget.TextView: Midgrade
android.view.View@40649e50
android.view.View@405deb80
android.widget.RelativeLayout@406423e8
android.widget.TextView: Premium
android.view.View@40667150
android.view.View@40642888
android.widget.RelativeLayout@40642638
android.widget.TextView: Diesel
android.view.View@4062d678
android.view.View@40642fc0
android.view.View@405c4258
android.widget.LinearLayout@405c7958
android.widget.RelativeLayout@40612628
android.widget.ImageView@406205a8
android.widget.TextView: Reload
android.widget.RelativeLayout@40620b78
android.widget.ImageView@40642d28
android.widget.TextView: Sort By Price
android.widget.RelativeLayout@40643210
android.widget.ImageView@406436f0
android.widget.TextView: Map View
android.view.View@40643428
gbis.gbandroid.views.layouts.CustomListView@40605c40
android.widget.TableLayout@406a11e0
android.widget.TableRow@406a17b0
android.widget.RelativeLayout@40687118
android.widget.RelativeLayout@406874f0
android.widget.TextView: --
android.widget.TextView: 9
android.widget.TextView: time
android.widget.TextView: Report Price
android.widget.RelativeLayout@4074be10
android.widget.ImageView@4074c190
android.widget.TextView: CITGO
android.widget.TextView: 260 Forbes Ave & Fulton 
android.widget.TextView: New Haven, CT
android.widget.TextView: 3.11 mi
android.widget.TableLayout@40748700
android.widget.TableRow@4077ca38
android.widget.RelativeLayout@40676950
android.widget.RelativeLayout@40759e10
android.widget.TextView: 3.89
android.widget.TextView: 9
android.widget.TextView: 8 hours ago
android.widget.TextView: Update
android.widget.RelativeLayout@406b5540
android.widget.ImageView@406c2ec0
android.widget.TextView: Exxon
android.widget.TextView: 2263 Whitney Ave & Worth St
android.widget.TextView: Hamden, CT
android.widget.TextView: 3.13 mi
android.widget.TableLayout@40615600
android.widget.TableRow@40700e30
android.widget.RelativeLayout@407014b0
android.widget.RelativeLayout@40701888
android.widget.TextView: 3.85
android.widget.TextView: 9
android.widget.TextView: 17 hours ago
android.widget.TextView: Update
android.widget.RelativeLayout@40719a20
android.widget.ImageView@406e56f8
android.widget.TextView: Gulf
android.widget.TextView: Dixwell Ave & Shepard Ave
android.widget.TextView: Hamden, CT
android.widget.TextView: 3.17 mi
android.widget.TableLayout@40682d18
android.widget.TableRow@406832e8
android.widget.RelativeLayout@40683968
android.widget.RelativeLayout@40683d40
android.widget.TextView: 3.95
android.widget.TextView: 9
android.widget.TextView: 20 hours ago
android.widget.TextView: Update
android.widget.RelativeLayout@40685550
android.widget.ImageView@407437d0
android.widget.TextView: Sunoco
android.widget.TextView: 2440 Dixwell Ave & Shepard Ave
android.widget.TextView: Hamden, CT
android.widget.TextView: 3.23 mi
android.widget.TableLayout@4072eec0
android.widget.TableRow@4072f490
android.widget.RelativeLayout@4072fb10
android.widget.RelativeLayout@4072fee8
android.widget.TextView: 3.85
android.widget.TextView: 9
android.widget.TextView: 19 hours ago
android.widget.TextView: Update
android.widget.RelativeLayout@407d03c8
android.widget.ImageView@407d07a0
android.widget.TextView: CITGO
android.widget.TextView: 3048 Dixwell Ave & Washington Ave
android.widget.TextView: Hamden, CT
android.widget.TextView: 3.26 mi
android.widget.RelativeLayout@40610f58
android.widget.FrameLayout@4054fe70
android.widget.RelativeLayout@405f8278
android.widget.LinearLayout@405b3a78
android.view.View@40642ad8
android.widget.RelativeLayout@4067dae8
android.widget.TextView: Regular
android.view.View@4066b048
android.view.View@4066f7e8
android.widget.RelativeLayout@405dd618
android.widget.TextView: Midgrade
android.view.View@40649e50
android.view.View@405deb80
android.widget.RelativeLayout@406423e8
android.widget.TextView: Premium
android.view.View@40667150
android.view.View@40642888
android.widget.RelativeLayout@40642638
android.widget.TextView: Diesel
android.view.View@4062d678
android.view.View@40642fc0
android.view.View@405c4258
android.widget.LinearLayout@405c7958
android.widget.RelativeLayout@40612628
android.widget.ImageView@406205a8
android.widget.TextView: Reload
android.widget.RelativeLayout@40620b78
android.widget.ImageView@40642d28
android.widget.TextView: Sort By Price
android.widget.RelativeLayout@40643210
android.widget.ImageView@406436f0
android.widget.TextView: Map View
android.view.View@40643428
gbis.gbandroid.views.layouts.CustomListView@40605c40
android.widget.TableLayout@4072eec0
android.widget.TableRow@4072f490
android.widget.RelativeLayout@4072fb10
android.widget.RelativeLayout@4072fee8
android.widget.TextView: 3.85
android.widget.TextView: 9
android.widget.TextView: 19 hours ago
android.widget.TextView: Update
android.widget.RelativeLayout@407d03c8
android.widget.ImageView@407d07a0
android.widget.TextView: CITGO
android.widget.TextView: 3048 Dixwell Ave & Washington Ave
android.widget.TextView: Hamden, CT
android.widget.TextView: 3.26 mi
android.widget.TableLayout@405817e8
android.widget.TableRow@406e4fe0
android.widget.RelativeLayout@405ff208
android.widget.RelativeLayout@405ff5e0
android.widget.TextView: 3.83
android.widget.TextView: 9
android.widget.TextView: 10 hours ago
android.widget.TextView: Update
android.widget.RelativeLayout@40697000
android.widget.ImageView@40675d80
android.widget.TextView: Forbes Premium
android.widget.TextView: 401 Forbes Ave & Woodward Ave
android.widget.TextView: East Haven, CT
android.widget.TextView: 3.3 mi
android.widget.TableLayout@405b19c0
android.widget.TableRow@40588048
android.widget.RelativeLayout@40558b48
android.widget.RelativeLayout@40587b10
android.widget.TextView: --
android.widget.TextView: 9
android.widget.TextView: time
android.widget.TextView: Report Price
android.widget.RelativeLayout@40588558
android.widget.ImageView@405849a8
android.widget.TextView: Shell
android.widget.TextView: 1183 Townsend Ave & I-95
android.widget.TextView: New Haven, CT
android.widget.TextView: 3.38 mi
android.widget.TableLayout@405b7a68
android.widget.TableRow@405e8598
android.widget.RelativeLayout@405e50a0
android.widget.RelativeLayout@405ec4d0
android.widget.TextView: 4.05
android.widget.TextView: 9
android.widget.TextView: 17 hours ago
android.widget.TextView: Update
android.widget.RelativeLayout@405f6430
android.widget.ImageView@40585670
android.widget.TextView: Mobil
android.widget.TextView: 284 Whalley Ave & Sherman  Ave
android.widget.TextView: New Haven, CT
android.widget.TextView: 3.4 mi
android.widget.TableLayout@405cac70
android.widget.TableRow@4062d790
android.widget.RelativeLayout@4060c338
android.widget.RelativeLayout@4060e4c0
android.widget.TextView: 3.85
android.widget.TextView: 9
android.widget.TextView: 10 hours ago
android.widget.TextView: Update
android.widget.RelativeLayout@40625258
android.widget.ImageView@405dad98
android.widget.TextView: Best Gas
android.widget.TextView: 308 Whalley Ave & Sherman Ave
android.widget.TextView: New Haven, CT
android.widget.TextView: 3.43 mi
android.widget.RelativeLayout@40610f58
android.widget.FrameLayout@4054fe70
android.widget.RelativeLayout@405f8278
android.widget.LinearLayout@405b3a78
android.view.View@40642ad8
android.widget.RelativeLayout@4067dae8
android.widget.TextView: Regular
android.view.View@4066b048
android.view.View@4066f7e8
android.widget.RelativeLayout@405dd618
android.widget.TextView: Midgrade
android.view.View@40649e50
android.view.View@405deb80
android.widget.RelativeLayout@406423e8
android.widget.TextView: Premium
android.view.View@40667150
android.view.View@40642888
android.widget.RelativeLayout@40642638
android.widget.TextView: Diesel
android.view.View@4062d678
android.view.View@40642fc0
android.view.View@405c4258
android.widget.LinearLayout@405c7958
android.widget.RelativeLayout@40612628
android.widget.ImageView@406205a8
android.widget.TextView: Reload
android.widget.RelativeLayout@40620b78
android.widget.ImageView@40642d28
android.widget.TextView: Sort By Price
android.widget.RelativeLayout@40643210
android.widget.ImageView@406436f0
android.widget.TextView: Map View
android.view.View@40643428
gbis.gbandroid.views.layouts.CustomListView@40605c40
android.widget.TableLayout@40618dc0
android.widget.TableRow@40685c90
android.widget.RelativeLayout@40639208
android.widget.RelativeLayout@4063ddc0
android.widget.TextView: 3.85
android.widget.TextView: 9
android.widget.TextView: 10 hours ago
android.widget.TextView: Update
android.widget.RelativeLayout@4064bb88
android.widget.ImageView@40623d28
android.widget.TextView: Best Gas
android.widget.TextView: 308 Whalley Ave & Sherman Ave
android.widget.TextView: New Haven, CT
android.widget.TextView: 3.43 mi
android.widget.TableLayout@40618a68
android.widget.TableRow@4067dd10
android.widget.RelativeLayout@40631980
android.widget.RelativeLayout@406342b0
android.widget.TextView: 3.99
android.widget.TextView: 9
android.widget.TextView: 10 hours ago
android.widget.TextView: Update
android.widget.RelativeLayout@40635ef8
android.widget.ImageView@4060dba0
android.widget.TextView: Sunoco
android.widget.TextView: 80 Frontage Rd & Near I-95  Exit 51
android.widget.TextView: East Haven, CT
android.widget.TextView: 3.53 mi
android.widget.TableLayout@40613c60
android.widget.TableRow@40673910
android.widget.RelativeLayout@4062a5c8
android.widget.RelativeLayout@4062bd30
android.widget.TextView: --
android.widget.TextView: 9
android.widget.TextView: time
android.widget.TextView: Report Price
android.widget.RelativeLayout@4062f088
android.widget.ImageView@40607fd0
android.widget.TextView: Getty
android.widget.TextView: 208 Foxon Rd  & Totoket Rd
android.widget.TextView: North Branford, CT
android.widget.TextView: 3.57 mi
android.widget.TableLayout@40682d18
android.widget.TableRow@406832e8
android.widget.RelativeLayout@40683968
android.widget.RelativeLayout@40683d40
android.widget.TextView: 3.81
android.widget.TextView: 9
android.widget.TextView: 5 hours ago
android.widget.TextView: Update
android.widget.RelativeLayout@40685550
android.widget.ImageView@407437d0
android.widget.TextView: Hess
android.widget.TextView: 22 Frontage Rd & Kimberly Ave
android.widget.TextView: East Haven, CT
android.widget.TextView: 3.63 mi
android.widget.TableLayout@405cac70
android.widget.TableRow@4062d790
android.widget.RelativeLayout@4060c338
android.widget.RelativeLayout@4060e4c0
android.widget.TextView: 3.99
android.widget.TextView: 9
android.widget.TextView: Mon 6:04 AM
android.widget.TextView: Update
android.widget.RelativeLayout@40625258
android.widget.ImageView@405dad98
android.widget.TextView: Mobil
android.widget.TextView: 200 Sargent Dr & Food Terminal Dr
android.widget.TextView: New Haven, CT
android.widget.TextView: 3.63 mi
android.widget.RelativeLayout@40610f58
android.widget.FrameLayout@4054fe70
android.widget.RelativeLayout@405f8278
android.widget.LinearLayout@405b3a78
android.view.View@40642ad8
android.widget.RelativeLayout@4067dae8
android.widget.TextView: Regular
android.view.View@4066b048
android.view.View@4066f7e8
android.widget.RelativeLayout@405dd618
android.widget.TextView: Midgrade
android.view.View@40649e50
android.view.View@405deb80
android.widget.RelativeLayout@406423e8
android.widget.TextView: Premium
android.view.View@40667150
android.view.View@40642888
android.widget.RelativeLayout@40642638
android.widget.TextView: Diesel
android.view.View@4062d678
android.view.View@40642fc0
android.view.View@405c4258
android.widget.LinearLayout@405c7958
android.widget.RelativeLayout@40612628
android.widget.ImageView@406205a8
android.widget.TextView: Reload
android.widget.RelativeLayout@40620b78
android.widget.ImageView@40642d28
android.widget.TextView: Sort By Price
android.widget.RelativeLayout@40643210
android.widget.ImageView@406436f0
android.widget.TextView: Map View
android.view.View@40643428
gbis.gbandroid.views.layouts.CustomListView@40605c40
android.widget.TableLayout@40618a68
android.widget.TableRow@4067dd10
android.widget.RelativeLayout@40631980
android.widget.RelativeLayout@406342b0
android.widget.TextView: 3.99
android.widget.TextView: 9
android.widget.TextView: 10 hours ago
android.widget.TextView: Update
android.widget.RelativeLayout@40635ef8
android.widget.ImageView@4060dba0
android.widget.TextView: Sunoco
android.widget.TextView: 80 Frontage Rd & Near I-95  Exit 51
android.widget.TextView: East Haven, CT
android.widget.TextView: 3.53 mi
android.widget.TableLayout@40613c60
android.widget.TableRow@40673910
android.widget.RelativeLayout@4062a5c8
android.widget.RelativeLayout@4062bd30
android.widget.TextView: --
android.widget.TextView: 9
android.widget.TextView: time
android.widget.TextView: Report Price
android.widget.RelativeLayout@4062f088
android.widget.ImageView@40607fd0
android.widget.TextView: Getty
android.widget.TextView: 208 Foxon Rd  & Totoket Rd
android.widget.TextView: North Branford, CT
android.widget.TextView: 3.57 mi
android.widget.TableLayout@40682d18
android.widget.TableRow@406832e8
android.widget.RelativeLayout@40683968
android.widget.RelativeLayout@40683d40
android.widget.TextView: 3.81
android.widget.TextView: 9
android.widget.TextView: 5 hours ago
android.widget.TextView: Update
android.widget.RelativeLayout@40685550
android.widget.ImageView@407437d0
android.widget.TextView: Hess
android.widget.TextView: 22 Frontage Rd & Kimberly Ave
android.widget.TextView: East Haven, CT
android.widget.TextView: 3.63 mi
android.widget.TableLayout@405cac70
android.widget.TableRow@4062d790
android.widget.RelativeLayout@4060c338
android.widget.RelativeLayout@4060e4c0
android.widget.TextView: 3.99
android.widget.TextView: 9
android.widget.TextView: Mon 6:04 AM
android.widget.TextView: Update
android.widget.RelativeLayout@40625258
android.widget.ImageView@405dad98
android.widget.TextView: Mobil
android.widget.TextView: 200 Sargent Dr & Food Terminal Dr
android.widget.TextView: New Haven, CT
android.widget.TextView: 3.63 mi
android.widget.TableLayout@405b7a68
android.widget.TableRow@405e8598
android.widget.RelativeLayout@405e50a0
android.widget.RelativeLayout@405ec4d0
android.widget.TextView: 3.85
android.widget.TextView: 9
android.widget.TextView: 16 hours ago
android.widget.TextView: Update
android.widget.RelativeLayout@405f6430
android.widget.ImageView@40585670
android.widget.TextView: Mobil
android.widget.TextView: 271 Foxon Rd & Totoket Rd
android.widget.TextView: North Branford, CT
android.widget.TextView: 3.7 mi
android.widget.RelativeLayout@40610f58
