android.widget.FrameLayout@40718b00
android.widget.RelativeLayout@405a18d0
android.widget.LinearLayout@40667510
android.view.View@406d5600
android.widget.RelativeLayout@406d1e10
android.widget.TextView: Regular
android.view.View@406e7308
android.view.View@406cecf8
android.widget.RelativeLayout@406e7518
android.widget.TextView: Midgrade
android.view.View@406eaf18
android.view.View@406cee58
android.widget.RelativeLayout@406ee040
android.widget.TextView: Premium
android.view.View@4070d2c0
android.view.View@406d54d0
android.widget.RelativeLayout@4070d4b0
android.widget.TextView: Diesel
android.view.View@407172b0
android.view.View@406d5720
android.view.View@405e4ce8
android.widget.LinearLayout@4063ab18
android.widget.RelativeLayout@406730f8
android.widget.ImageView@406501e8
android.widget.TextView: Reload
android.widget.RelativeLayout@405a2b10
android.widget.ImageView@405e9e80
android.widget.TextView: Sort By Price
android.widget.RelativeLayout@405870c8
android.widget.ImageView@40666260
android.widget.TextView: Map View
android.view.View@405e5388
gbis.gbandroid.views.layouts.CustomListView@406b0680
android.widget.RelativeLayout@406e4f08
com.google.ads.AdView@406f2b08
android.gesture.GestureOverlayView@40713fa8
android.widget.FrameLayout@406f62c8
com.google.ads.internal.AdWebView@40703e50
android.widget.TableLayout@4073b810
android.widget.TableRow@4073bde0
android.widget.RelativeLayout@4073c4a0
android.widget.RelativeLayout@4073c878
android.widget.TextView: --
android.widget.TextView: 9
android.widget.TextView: Mon 11:49 AM
android.widget.TextView: Report Price
android.widget.RelativeLayout@4073e088
android.widget.ImageView@4073e460
android.widget.TextView: Chevron
android.widget.TextView: 1402 N Beckley & W Pleasant Run Rd
android.widget.TextView: Lancaster, TX
android.widget.TextView: 0.76 mi
android.widget.TableLayout@405b6bf0
android.widget.TableRow@405b71c0
android.widget.RelativeLayout@405b7880
android.widget.RelativeLayout@405b7c58
android.widget.TextView: --
android.widget.TextView: 9
android.widget.TextView: time
android.widget.TextView: Report Price
android.widget.RelativeLayout@4065a868
android.widget.ImageView@4065ac40
android.widget.TextView: 7-Eleven
android.widget.TextView: 1501 Wintergreen Ct & Wintergreen Rd
android.widget.TextView: DeSoto, TX
android.widget.TextView: 0.83 mi
android.widget.TableLayout@4070ee78
android.widget.TableRow@40712140
android.widget.RelativeLayout@40712800
android.widget.RelativeLayout@40712bd8
android.widget.TextView: --
android.widget.TextView: 9
android.widget.TextView: time
android.widget.TextView: Report Price
android.widget.RelativeLayout@40718f38
android.widget.ImageView@407191d0
android.widget.TextView: Chevron
android.widget.TextView: 1463 W Pleasant Run Rd & IH-35E
android.widget.TextView: Lancaster, TX
android.widget.TextView: 0.84 mi
android.widget.TableLayout@406f3ca0
android.widget.TableRow@406f4650
android.widget.RelativeLayout@406f7a98
android.widget.RelativeLayout@406fa478
android.widget.TextView: 3.15
android.widget.TextView: 9
android.widget.TextView: Mon 11:49 AM
android.widget.TextView: Update
android.widget.RelativeLayout@406fe330
android.widget.ImageView@406fe750
android.widget.TextView: Shell
android.widget.TextView: 1360 N IH-35 E & Pleasant Run Rd
android.widget.TextView: Lancaster, TX
android.widget.TextView: 0.87 mi
android.widget.RelativeLayout@406d9fe0
android.widget.FrameLayout@40718b00
android.widget.RelativeLayout@405a18d0
android.widget.LinearLayout@40667510
android.view.View@406d5600
android.widget.RelativeLayout@406d1e10
android.widget.TextView: Regular
android.view.View@406e7308
android.view.View@406cecf8
android.widget.RelativeLayout@406e7518
android.widget.TextView: Midgrade
android.view.View@406eaf18
android.view.View@406cee58
android.widget.RelativeLayout@406ee040
android.widget.TextView: Premium
android.view.View@4070d2c0
android.view.View@406d54d0
android.widget.RelativeLayout@4070d4b0
android.widget.TextView: Diesel
android.view.View@407172b0
android.view.View@406d5720
android.view.View@405e4ce8
android.widget.LinearLayout@4063ab18
android.widget.RelativeLayout@406730f8
android.widget.ImageView@406501e8
android.widget.TextView: Reload
android.widget.RelativeLayout@405a2b10
android.widget.ImageView@405e9e80
android.widget.TextView: Sort By Price
android.widget.RelativeLayout@405870c8
android.widget.ImageView@40666260
android.widget.TextView: Map View
android.view.View@405e5388
gbis.gbandroid.views.layouts.CustomListView@406b0680
android.widget.TableLayout@406f3ca0
android.widget.TableRow@406f4650
android.widget.RelativeLayout@406f7a98
android.widget.RelativeLayout@406fa478
android.widget.TextView: 3.15
android.widget.TextView: 9
android.widget.TextView: Mon 11:49 AM
android.widget.TextView: Update
android.widget.RelativeLayout@406fe330
android.widget.ImageView@406fe750
android.widget.TextView: Shell
android.widget.TextView: 1360 N IH-35 E & Pleasant Run Rd
android.widget.TextView: Lancaster, TX
android.widget.TextView: 0.87 mi
android.widget.TableLayout@4057f3c8
android.widget.TableRow@4054cdb0
android.widget.RelativeLayout@40553c38
android.widget.RelativeLayout@405581d8
android.widget.TextView: --
android.widget.TextView: 9
android.widget.TextView: time
android.widget.TextView: Report Price
android.widget.RelativeLayout@405969e8
android.widget.ImageView@4054d478
android.widget.TextView: Conoco
android.widget.TextView: 3160 W Pleasant Run Rd & Rolling Hills Pl
android.widget.TextView: Lancaster, TX
android.widget.TextView: 1.04 mi
android.widget.TableLayout@40582b48
android.widget.TableRow@40555160
android.widget.RelativeLayout@4059f088
android.widget.RelativeLayout@405a1e50
android.widget.TextView: 3.07
android.widget.TextView: 9
android.widget.TextView: 10 hours ago
android.widget.TextView: Update
android.widget.RelativeLayout@405a25e0
android.widget.ImageView@4059f578
android.widget.TextView: Tom Thumb
android.widget.TextView: 214 E Pleasant Run Rd & Hampton Rd
android.widget.TextView: DeSoto, TX
android.widget.TextView: 1.36 mi
android.widget.TableLayout@405a4170
android.widget.TableRow@4055c538
android.widget.RelativeLayout@405b9a78
android.widget.RelativeLayout@405bc0b0
android.widget.TextView: 3.09
android.widget.TextView: 9
android.widget.TextView: 7 hours ago
android.widget.TextView: Update
android.widget.RelativeLayout@405cabb8
android.widget.ImageView@405b2f90
android.widget.TextView: 7-Eleven
android.widget.TextView: 1500 N Hampton Rd & Wintergreen Rd
android.widget.TextView: DeSoto, TX
android.widget.TextView: 1.44 mi
android.widget.TableLayout@405dd370
android.widget.TableRow@40560d30
android.widget.RelativeLayout@405d4a20
android.widget.RelativeLayout@405ed278
android.widget.TextView: 3.16
android.widget.TextView: 9
android.widget.TextView: 3 hours ago
android.widget.TextView: Update
android.widget.RelativeLayout@405f1be0
android.widget.ImageView@405b4a10
android.widget.TextView: Valero
android.widget.TextView: 1501 N Hampton Rd & Wintergreen Rd
android.widget.TextView: DeSoto, TX
android.widget.TextView: 1.48 mi
android.widget.RelativeLayout@406d9fe0
android.widget.FrameLayout@40718b00
android.widget.RelativeLayout@405a18d0
android.widget.LinearLayout@40667510
android.view.View@406d5600
android.widget.RelativeLayout@406d1e10
android.widget.TextView: Regular
android.view.View@406e7308
android.view.View@406cecf8
android.widget.RelativeLayout@406e7518
android.widget.TextView: Midgrade
android.view.View@406eaf18
android.view.View@406cee58
android.widget.RelativeLayout@406ee040
android.widget.TextView: Premium
android.view.View@4070d2c0
android.view.View@406d54d0
android.widget.RelativeLayout@4070d4b0
android.widget.TextView: Diesel
android.view.View@407172b0
android.view.View@406d5720
android.view.View@405e4ce8
android.widget.LinearLayout@4063ab18
android.widget.RelativeLayout@406730f8
android.widget.ImageView@406501e8
android.widget.TextView: Reload
android.widget.RelativeLayout@405a2b10
android.widget.ImageView@405e9e80
android.widget.TextView: Sort By Price
android.widget.RelativeLayout@405870c8
android.widget.ImageView@40666260
android.widget.TextView: Map View
android.view.View@405e5388
gbis.gbandroid.views.layouts.CustomListView@406b0680
android.widget.TableLayout@405dd370
android.widget.TableRow@40560d30
android.widget.RelativeLayout@405d4a20
android.widget.RelativeLayout@405ed278
android.widget.TextView: 3.16
android.widget.TextView: 9
android.widget.TextView: 3 hours ago
android.widget.TextView: Update
android.widget.RelativeLayout@405f1be0
android.widget.ImageView@405b4a10
android.widget.TextView: Valero
android.widget.TextView: 1501 N Hampton Rd & Wintergreen Rd
android.widget.TextView: DeSoto, TX
android.widget.TextView: 1.48 mi
android.widget.TableLayout@4067ff18
android.widget.TableRow@40686df8
android.widget.RelativeLayout@40694298
android.widget.RelativeLayout@40699ac0
android.widget.TextView: 3.08
android.widget.TextView: 9
android.widget.TextView: 12 hours ago
android.widget.TextView: Update
android.widget.RelativeLayout@4061b660
android.widget.ImageView@40628388
android.widget.TextView: Murphy USA
android.widget.TextView: 170 N Beckley St & Belt Line Rd
android.widget.TextView: Lancaster, TX
android.widget.TextView: 1.49 mi
android.widget.TableLayout@4063d230
android.widget.TableRow@40678a48
android.widget.RelativeLayout@4065f8d0
android.widget.RelativeLayout@406ac148
android.widget.TextView: 3.11
android.widget.TextView: 9
android.widget.TextView: 4 hours ago
android.widget.TextView: Update
android.widget.RelativeLayout@406fc438
android.widget.ImageView@407093a0
android.widget.TextView: Texaco
android.widget.TextView: 834 N Hampton & Pleasant Run Rd
android.widget.TextView: DeSoto, TX
android.widget.TextView: 1.51 mi
android.widget.TableLayout@4067dde8
android.widget.TableRow@406417b0
android.widget.RelativeLayout@405b4b70
android.widget.RelativeLayout@406cd300
android.widget.TextView: 3.09
android.widget.TextView: 9
android.widget.TextView: 15 hours ago
android.widget.TextView: Update
android.widget.RelativeLayout@406d1550
android.widget.ImageView@406dbbe8
android.widget.TextView: Shell
android.widget.TextView: 1221 East Belt Line Rd & Alpine Dr
android.widget.TextView: DeSoto, TX
android.widget.TextView: 1.58 mi
android.widget.TableLayout@4066faa0
android.widget.TableRow@40679e50
android.widget.RelativeLayout@40682f38
android.widget.RelativeLayout@40688fa0
android.widget.TextView: 3.08
android.widget.TextView: 9
android.widget.TextView: 15 hours ago
android.widget.TextView: Update
android.widget.RelativeLayout@406990b8
android.widget.ImageView@40741010
android.widget.TextView: 7-Eleven
android.widget.TextView: 757 E Belt Line Rd & Polk St
android.widget.TextView: DeSoto, TX
android.widget.TextView: 1.6 mi
android.widget.RelativeLayout@406d9fe0
android.widget.FrameLayout@40718b00
android.widget.RelativeLayout@405a18d0
android.widget.LinearLayout@40667510
android.view.View@406d5600
android.widget.RelativeLayout@406d1e10
android.widget.TextView: Regular
android.view.View@406e7308
android.view.View@406cecf8
android.widget.RelativeLayout@406e7518
android.widget.TextView: Midgrade
android.view.View@406eaf18
android.view.View@406cee58
android.widget.RelativeLayout@406ee040
android.widget.TextView: Premium
android.view.View@4070d2c0
android.view.View@406d54d0
android.widget.RelativeLayout@4070d4b0
android.widget.TextView: Diesel
android.view.View@407172b0
android.view.View@406d5720
android.view.View@405e4ce8
android.widget.LinearLayout@4063ab18
android.widget.RelativeLayout@406730f8
android.widget.ImageView@406501e8
android.widget.TextView: Reload
android.widget.RelativeLayout@405a2b10
android.widget.ImageView@405e9e80
android.widget.TextView: Sort By Price
android.widget.RelativeLayout@405870c8
android.widget.ImageView@40666260
android.widget.TextView: Map View
android.view.View@405e5388
gbis.gbandroid.views.layouts.CustomListView@406b0680
android.widget.TableLayout@4066faa0
android.widget.TableRow@40679e50
android.widget.RelativeLayout@40682f38
android.widget.RelativeLayout@40688fa0
android.widget.TextView: 3.08
android.widget.TextView: 9
android.widget.TextView: 15 hours ago
android.widget.TextView: Update
android.widget.RelativeLayout@406990b8
android.widget.ImageView@40741010
android.widget.TextView: 7-Eleven
android.widget.TextView: 757 E Belt Line Rd & Polk St
android.widget.TextView: DeSoto, TX
android.widget.TextView: 1.6 mi
android.widget.TableLayout@406f53f8
android.widget.TableRow@40702538
android.widget.RelativeLayout@406c7c10
android.widget.RelativeLayout@405fe5e0
android.widget.TextView: 3.08
android.widget.TextView: 9
android.widget.TextView: 7 hours ago
android.widget.TextView: Update
android.widget.RelativeLayout@4064ddf8
android.widget.ImageView@4074f7b8
android.widget.TextView: QuikTrip
android.widget.TextView: 1235 Belt Line Rd & IH-35
android.widget.TextView: DeSoto, TX
android.widget.TextView: 1.61 mi
android.widget.TableLayout@4060e370
android.widget.TableRow@40618e18
android.widget.RelativeLayout@40750058
android.widget.RelativeLayout@4063f410
android.widget.TextView: --
android.widget.TextView: 9
android.widget.TextView: time
android.widget.TextView: Report Price
android.widget.RelativeLayout@40647168
android.widget.ImageView@4057ee30
android.widget.TextView: Prism
android.widget.TextView: 2286 W Pleasant Run Rd & N Houston School Rd
android.widget.TextView: Lancaster, TX
android.widget.TextView: 1.72 mi
android.widget.TableLayout@4064ed98
android.widget.TableRow@406c11a8
android.widget.RelativeLayout@406f4e68
android.widget.RelativeLayout@4070e3e8
android.widget.TextView: 3.21
android.widget.TextView: 9
android.widget.TextView: 14 hours ago
android.widget.TextView: Update
android.widget.RelativeLayout@406bdc58
android.widget.ImageView@406e0e40
android.widget.TextView: Shamrock
android.widget.TextView: 240 Belt Line Rd & Terrace Dr
android.widget.TextView: DeSoto, TX
android.widget.TextView: 1.94 mi
android.widget.TableLayout@40624238
android.widget.TableRow@40633c30
android.widget.RelativeLayout@40637c58
android.widget.RelativeLayout@4063ede8
android.widget.TextView: 3.09
android.widget.TextView: 9
android.widget.TextView: 7 hours ago
android.widget.TextView: Update
android.widget.RelativeLayout@4066a998
android.widget.ImageView@4066d540
android.widget.TextView: Love's
android.widget.TextView: 8800 S Polk St  & IH-20
android.widget.TextView: Dallas, TX
android.widget.TextView: 2 mi
android.widget.RelativeLayout@406d9fe0
android.widget.FrameLayout@40718b00
android.widget.RelativeLayout@405a18d0
android.widget.LinearLayout@40667510
android.view.View@406d5600
android.widget.RelativeLayout@406d1e10
android.widget.TextView: Regular
android.view.View@406e7308
android.view.View@406cecf8
android.widget.RelativeLayout@406e7518
android.widget.TextView: Midgrade
android.view.View@406eaf18
android.view.View@406cee58
android.widget.RelativeLayout@406ee040
android.widget.TextView: Premium
android.view.View@4070d2c0
android.view.View@406d54d0
android.widget.RelativeLayout@4070d4b0
android.widget.TextView: Diesel
android.view.View@407172b0
android.view.View@406d5720
android.view.View@405e4ce8
android.widget.LinearLayout@4063ab18
android.widget.RelativeLayout@406730f8
android.widget.ImageView@406501e8
android.widget.TextView: Reload
android.widget.RelativeLayout@405a2b10
android.widget.ImageView@405e9e80
android.widget.TextView: Sort By Price
android.widget.RelativeLayout@405870c8
android.widget.ImageView@40666260
android.widget.TextView: Map View
android.view.View@405e5388
gbis.gbandroid.views.layouts.CustomListView@406b0680
android.widget.TableLayout@40624238
android.widget.TableRow@40633c30
android.widget.RelativeLayout@40637c58
android.widget.RelativeLayout@4063ede8
android.widget.TextView: 3.09
android.widget.TextView: 9
android.widget.TextView: 7 hours ago
android.widget.TextView: Update
android.widget.RelativeLayout@4066a998
android.widget.ImageView@4066d540
android.widget.TextView: Love's
android.widget.TextView: 8800 S Polk St  & IH-20
android.widget.TextView: Dallas, TX
android.widget.TextView: 2 mi
android.widget.TableLayout@4069da68
android.widget.TableRow@40602920
android.widget.RelativeLayout@40602e90
android.widget.RelativeLayout@40640eb8
android.widget.TextView: 3.09
android.widget.TextView: 9
android.widget.TextView: 4 hours ago
android.widget.TextView: Update
android.widget.RelativeLayout@4063daa8
android.widget.ImageView@4063dd88
android.widget.TextView: Shell
android.widget.TextView: 100 N Hampton Rd & E Belt Line Rd
android.widget.TextView: DeSoto, TX
android.widget.TextView: 2.06 mi
android.widget.TableLayout@40695fd0
android.widget.TableRow@406460e0
android.widget.RelativeLayout@406ff948
android.widget.RelativeLayout@407062d0
android.widget.TextView: 3.08
android.widget.TextView: 9
android.widget.TextView: 4 hours ago
android.widget.TextView: Update
android.widget.RelativeLayout@40671768
android.widget.ImageView@40671ad0
android.widget.TextView: Exxon
android.widget.TextView: 102 E Belt Line Rd & Hampton Rd
android.widget.TextView: DeSoto, TX
android.widget.TextView: 2.08 mi
android.widget.TableLayout@40676a20
android.widget.TableRow@406acb48
android.widget.RelativeLayout@40634520
android.widget.RelativeLayout@406348f8
android.widget.TextView: 3.29
android.widget.TextView: 9
android.widget.TextView: 7 hours ago
android.widget.TextView: Update
android.widget.RelativeLayout@406f59b8
android.widget.ImageView@406f5d90
android.widget.TextView: Exxon
android.widget.TextView: 8702 S Polk St & IH-20
android.widget.TextView: Dallas, TX
android.widget.TextView: 2.19 mi
android.widget.TableLayout@406fc830
android.widget.TableRow@406fcdc8
android.widget.RelativeLayout@40706f60
android.widget.RelativeLayout@40707338
android.widget.TextView: 3.09
android.widget.TextView: 9
android.widget.TextView: 15 hours ago
android.widget.TextView: Update
android.widget.RelativeLayout@40717df0
android.widget.ImageView@407181a8
android.widget.TextView: RaceWay
android.widget.TextView: 8661 S Hampton Rd & IH-20
android.widget.TextView: Dallas, TX
android.widget.TextView: 2.53 mi
android.widget.RelativeLayout@406d9fe0
android.widget.FrameLayout@40718b00
android.widget.RelativeLayout@405a18d0
android.widget.LinearLayout@40667510
android.view.View@406d5600
android.widget.RelativeLayout@406d1e10
android.widget.TextView: Regular
android.view.View@406e7308
android.view.View@406cecf8
android.widget.RelativeLayout@406e7518
android.widget.TextView: Midgrade
android.view.View@406eaf18
android.view.View@406cee58
android.widget.RelativeLayout@406ee040
android.widget.TextView: Premium
android.view.View@4070d2c0
android.view.View@406d54d0
android.widget.RelativeLayout@4070d4b0
android.widget.TextView: Diesel
android.view.View@407172b0
android.view.View@406d5720
android.view.View@405e4ce8
android.widget.LinearLayout@4063ab18
android.widget.RelativeLayout@406730f8
android.widget.ImageView@406501e8
android.widget.TextView: Reload
android.widget.RelativeLayout@405a2b10
android.widget.ImageView@405e9e80
android.widget.TextView: Sort By Price
android.widget.RelativeLayout@405870c8
android.widget.ImageView@40666260
android.widget.TextView: Map View
android.view.View@405e5388
gbis.gbandroid.views.layouts.CustomListView@406b0680
android.widget.TableLayout@40584730
android.widget.TableRow@4055c538
android.widget.RelativeLayout@405f1be0
android.widget.RelativeLayout@40674fc0
android.widget.TextView: 3.09
android.widget.TextView: 9
android.widget.TextView: 15 hours ago
android.widget.TextView: Update
android.widget.RelativeLayout@4067b580
android.widget.ImageView@405ba6e8
android.widget.TextView: RaceWay
android.widget.TextView: 8661 S Hampton Rd & IH-20
android.widget.TextView: Dallas, TX
android.widget.TextView: 2.53 mi
android.widget.TableLayout@40582b48
android.widget.TableRow@40555160
android.widget.RelativeLayout@405cabb8
android.widget.RelativeLayout@405d4a20
android.widget.TextView: 3.15
android.widget.TextView: 9
android.widget.TextView: 8 hours ago
android.widget.TextView: Update
android.widget.RelativeLayout@405ed278
android.widget.ImageView@405b2f90
android.widget.TextView: Exxon
android.widget.TextView: 3799 N Houston School Rd & LBJ Fwy
android.widget.TextView: Lancaster, TX
android.widget.TextView: 2.53 mi
android.widget.TableLayout@4057f3c8
android.widget.TableRow@40553c38
android.widget.RelativeLayout@4059f088
android.widget.RelativeLayout@405b9a78
android.widget.TextView: 3.09
android.widget.TextView: 9
android.widget.TextView: 16 hours ago
android.widget.TextView: Update
android.widget.RelativeLayout@405bc0b0
android.widget.ImageView@4059f578
android.widget.TextView: Exxon
android.widget.TextView: 809 S Beckley  Ave & Parkerville Rd
android.widget.TextView: DeSoto, TX
android.widget.TextView: 2.58 mi
android.widget.TableLayout@4057c738
android.widget.TableRow@4054cdb0
android.widget.RelativeLayout@405581d8
android.widget.RelativeLayout@4055daa8
android.widget.TextView: 3.19
android.widget.TextView: 9
android.widget.TextView: 7 hours ago
android.widget.TextView: Update
android.widget.RelativeLayout@405969e8
android.widget.ImageView@4054d478
android.widget.TextView: Texaco
android.widget.TextView: 8008 S Polk St & Wheatland
android.widget.TextView: Dallas, TX
android.widget.TextView: 2.59 mi
android.widget.TableLayout@406fc830
android.widget.TableRow@406fcdc8
android.widget.RelativeLayout@40706f60
android.widget.RelativeLayout@40707338
android.widget.TextView: 3.09
android.widget.TextView: 9
android.widget.TextView: 7 hours ago
android.widget.TextView: Update
android.widget.RelativeLayout@40717df0
android.widget.ImageView@407181a8
android.widget.TextView: QuikTrip
android.widget.TextView: 8414 S  Hampton Rd &  IH-20
android.widget.TextView: Dallas, TX
android.widget.TextView: 2.62 mi
android.widget.RelativeLayout@406d9fe0
android.widget.FrameLayout@40718b00
android.widget.RelativeLayout@405a18d0
android.widget.LinearLayout@40667510
android.view.View@406d5600
android.widget.RelativeLayout@406d1e10
android.widget.TextView: Regular
android.view.View@406e7308
android.view.View@406cecf8
android.widget.RelativeLayout@406e7518
android.widget.TextView: Midgrade
android.view.View@406eaf18
android.view.View@406cee58
android.widget.RelativeLayout@406ee040
android.widget.TextView: Premium
android.view.View@4070d2c0
android.view.View@406d54d0
android.widget.RelativeLayout@4070d4b0
android.widget.TextView: Diesel
android.view.View@407172b0
android.view.View@406d5720
android.view.View@405e4ce8
android.widget.LinearLayout@4063ab18
android.widget.RelativeLayout@406730f8
android.widget.ImageView@406501e8
android.widget.TextView: Reload
android.widget.RelativeLayout@405a2b10
android.widget.ImageView@405e9e80
android.widget.TextView: Sort By Price
android.widget.RelativeLayout@405870c8
android.widget.ImageView@40666260
android.widget.TextView: Map View
android.view.View@405e5388
gbis.gbandroid.views.layouts.CustomListView@406b0680
android.widget.TableLayout@406fc830
android.widget.TableRow@406fcdc8
android.widget.RelativeLayout@40706f60
android.widget.RelativeLayout@40707338
android.widget.TextView: 3.09
android.widget.TextView: 9
android.widget.TextView: 7 hours ago
android.widget.TextView: Update
android.widget.RelativeLayout@40717df0
android.widget.ImageView@407181a8
android.widget.TextView: QuikTrip
android.widget.TextView: 8414 S  Hampton Rd &  IH-20
android.widget.TextView: Dallas, TX
android.widget.TextView: 2.62 mi
android.widget.TableLayout@405a4170
android.widget.TableRow@40560d30
android.widget.RelativeLayout@406840f0
android.widget.RelativeLayout@406e5ae0
android.widget.TextView: 3.09
android.widget.TextView: 9
android.widget.TextView: 6 hours ago
android.widget.TextView: Update
android.widget.RelativeLayout@40625e70
android.widget.ImageView@405bcb68
android.widget.TextView: Chevron
android.widget.TextView: 8435 S Hampton Rd & IH-20
android.widget.TextView: Dallas, TX
android.widget.TextView: 2.63 mi
android.widget.TableLayout@405dd370
android.widget.TableRow@40589a68
android.widget.RelativeLayout@4067b3e0
android.widget.RelativeLayout@406f5018
android.widget.TextView: 3.25
android.widget.TextView: 9
android.widget.TextView: Mon 11:49 AM
android.widget.TextView: Update
android.widget.RelativeLayout@40773ce0
android.widget.ImageView@405da1d0
android.widget.TextView: Exxon
android.widget.TextView: 1458 W Pleasant Run Rd & N Bluegrove Rd
android.widget.TextView: Lancaster, TX
android.widget.TextView: 2.71 mi
android.widget.TableLayout@405fe928
android.widget.TableRow@405a25e0
android.widget.RelativeLayout@40510fc8
android.widget.RelativeLayout@40549d18
android.widget.TextView: --
android.widget.TextView: 9
android.widget.TextView: time
android.widget.TextView: Report Price
android.widget.RelativeLayout@405d0088
android.widget.ImageView@405e4f08
android.widget.TextView: Chevron
android.widget.TextView: 1463 W Pleasant Run Rd & N Bluegrove Rd
android.widget.TextView: Lancaster, TX
android.widget.TextView: 2.71 mi
android.widget.TableLayout@40604170
android.widget.TableRow@405b5090
android.widget.RelativeLayout@405d6e78
android.widget.RelativeLayout@405e75f8
android.widget.TextView: 3.09
android.widget.TextView: 9
android.widget.TextView: 16 hours ago
android.widget.TextView: Update
android.widget.RelativeLayout@40662360
android.widget.ImageView@405f3ef0
android.widget.TextView: Shell
android.widget.TextView: 8207 S Hampton Rd & IH-20
android.widget.TextView: Dallas, TX
android.widget.TextView: 2.77 mi
android.widget.RelativeLayout@406d9fe0
android.widget.FrameLayout@40718b00
android.widget.RelativeLayout@405a18d0
android.widget.LinearLayout@40667510
android.view.View@406d5600
android.widget.RelativeLayout@406d1e10
android.widget.TextView: Regular
android.view.View@406e7308
android.view.View@406cecf8
android.widget.RelativeLayout@406e7518
android.widget.TextView: Midgrade
android.view.View@406eaf18
android.view.View@406cee58
android.widget.RelativeLayout@406ee040
android.widget.TextView: Premium
android.view.View@4070d2c0
android.view.View@406d54d0
android.widget.RelativeLayout@4070d4b0
android.widget.TextView: Diesel
android.view.View@407172b0
android.view.View@406d5720
android.view.View@405e4ce8
android.widget.LinearLayout@4063ab18
android.widget.RelativeLayout@406730f8
android.widget.ImageView@406501e8
android.widget.TextView: Reload
android.widget.RelativeLayout@405a2b10
android.widget.ImageView@405e9e80
android.widget.TextView: Sort By Price
android.widget.RelativeLayout@405870c8
android.widget.ImageView@40666260
android.widget.TextView: Map View
android.view.View@405e5388
gbis.gbandroid.views.layouts.CustomListView@406b0680
android.widget.TableLayout@40604170
android.widget.TableRow@405b5090
android.widget.RelativeLayout@405d6e78
android.widget.RelativeLayout@405e75f8
android.widget.TextView: 3.09
android.widget.TextView: 9
android.widget.TextView: 16 hours ago
android.widget.TextView: Update
android.widget.RelativeLayout@40662360
android.widget.ImageView@405f3ef0
android.widget.TextView: Shell
android.widget.TextView: 8207 S Hampton Rd & IH-20
android.widget.TextView: Dallas, TX
android.widget.TextView: 2.77 mi
android.widget.TableLayout@40561470
android.widget.TableRow@405ff208
android.widget.RelativeLayout@40611f00
android.widget.RelativeLayout@4065d3d0
android.widget.TextView: 3.05
android.widget.TextView: 9
android.widget.TextView: 2 hours ago
android.widget.TextView: Update
android.widget.RelativeLayout@40622ca0
android.widget.ImageView@40632a60
android.widget.TextView: Sam's Club
android.widget.TextView: 2900 W Wheatland Rd & IH-20
android.widget.TextView: Dallas, TX
android.widget.TextView: 3.03 mi
android.widget.TableLayout@406282d0
android.widget.TableRow@40622ab0
android.widget.RelativeLayout@406df330
android.widget.RelativeLayout@406896d0
android.widget.TextView: 3.07
android.widget.TextView: 9
android.widget.TextView: 4 hours ago
android.widget.TextView: Update
android.widget.RelativeLayout@4073a4c8
android.widget.ImageView@4065e510
android.widget.TextView: Murphy USA
android.widget.TextView: 941 W Belt Line  Rd & Westmoreland Rd
android.widget.TextView: DeSoto, TX
android.widget.TextView: 3.09 mi
android.widget.TableLayout@406f2e08
android.widget.TableRow@40774d80
android.widget.RelativeLayout@4077ef78
android.widget.RelativeLayout@40590c68
android.widget.TextView: 3.08
android.widget.TextView: 9
android.widget.TextView: 16 hours ago
android.widget.TextView: Update
android.widget.RelativeLayout@406002d0
android.widget.ImageView@407143b0
android.widget.TextView: Murphy USA
android.widget.TextView: 3102 W Wheatland Rd & Kirnwood Dr
android.widget.TextView: Dallas, TX
android.widget.TextView: 3.3 mi
android.widget.TableLayout@40661890
android.widget.TableRow@406d03f8
android.widget.RelativeLayout@406fd150
android.widget.RelativeLayout@4071aeb8
android.widget.TextView: --
android.widget.TextView: 9
android.widget.TextView: time
android.widget.TextView: Report Price
android.widget.RelativeLayout@4067f740
android.widget.ImageView@406a2588
android.widget.TextView: Exxon
android.widget.TextView: 7027 S R L Thornton Fwy & Camp Wisdom Rd
android.widget.TextView: Dallas, TX
android.widget.TextView: 3.48 mi
android.widget.RelativeLayout@406d9fe0
android.widget.FrameLayout@40718b00
android.widget.RelativeLayout@405a18d0
android.widget.LinearLayout@40667510
android.view.View@406d5600
android.widget.RelativeLayout@406d1e10
android.widget.TextView: Regular
android.view.View@406e7308
android.view.View@406cecf8
android.widget.RelativeLayout@406e7518
android.widget.TextView: Midgrade
android.view.View@406eaf18
android.view.View@406cee58
android.widget.RelativeLayout@406ee040
android.widget.TextView: Premium
android.view.View@4070d2c0
android.view.View@406d54d0
android.widget.RelativeLayout@4070d4b0
android.widget.TextView: Diesel
android.view.View@407172b0
android.view.View@406d5720
android.view.View@405e4ce8
android.widget.LinearLayout@4063ab18
android.widget.RelativeLayout@406730f8
android.widget.ImageView@406501e8
android.widget.TextView: Reload
android.widget.RelativeLayout@405a2b10
android.widget.ImageView@405e9e80
android.widget.TextView: Sort By Price
android.widget.RelativeLayout@405870c8
android.widget.ImageView@40666260
android.widget.TextView: Map View
android.view.View@405e5388
gbis.gbandroid.views.layouts.CustomListView@406b0680
android.widget.TableLayout@40661890
android.widget.TableRow@406d03f8
android.widget.RelativeLayout@406fd150
android.widget.RelativeLayout@4071aeb8
android.widget.TextView: --
android.widget.TextView: 9
android.widget.TextView: time
android.widget.TextView: Report Price
android.widget.RelativeLayout@4067f740
android.widget.ImageView@406a2588
android.widget.TextView: Exxon
android.widget.TextView: 7027 S R L Thornton Fwy & Camp Wisdom Rd
android.widget.TextView: Dallas, TX
android.widget.TextView: 3.48 mi
android.widget.TableLayout@4070c748
android.widget.TableRow@406ce610
android.widget.RelativeLayout@406d95a8
android.widget.RelativeLayout@40766410
android.widget.TextView: --
android.widget.TextView: 9
android.widget.TextView: time
android.widget.TextView: Report Price
android.widget.RelativeLayout@406488e0
android.widget.ImageView@40648c18
android.widget.TextView: Shell
android.widget.TextView: 7027 S R L Thornton Fwy & W Camp Wisdom Rd
android.widget.TextView: Dallas, TX
android.widget.TextView: 3.52 mi
android.widget.TableLayout@40618a18
android.widget.TableRow@4061bd48
android.widget.RelativeLayout@4062d648
android.widget.RelativeLayout@40636be0
android.widget.TextView: --
android.widget.TextView: 9
android.widget.TextView: time
android.widget.TextView: Report Price
android.widget.RelativeLayout@40730d18
android.widget.ImageView@40730ff8
android.widget.TextView: Shell
android.widget.TextView: 1701 S Beckley Ave & Bear Creek Rd
android.widget.TextView: Glenn Heights, TX
android.widget.TextView: 3.62 mi
android.widget.TableLayout@4076b7f0
android.widget.TableRow@40695368
android.widget.RelativeLayout@406192c0
android.widget.RelativeLayout@40619698
android.widget.TextView: 3.08
android.widget.TextView: 9
android.widget.TextView: 20 hours ago
android.widget.TextView: Update
android.widget.RelativeLayout@406886a8
android.widget.ImageView@407020c8
android.widget.TextView: Pilot
android.widget.TextView: 8787 S Lancaster Rd & Motor City Blvd
android.widget.TextView: Dallas, TX
android.widget.TextView: 3.74 mi
android.widget.TableLayout@40629578
android.widget.TableRow@40629ac0
android.widget.RelativeLayout@4062f048
android.widget.RelativeLayout@4062f420
android.widget.TextView: 3.07
android.widget.TextView: 9
android.widget.TextView: 4 hours ago
android.widget.TextView: Update
android.widget.RelativeLayout@406deea8
android.widget.ImageView@40631850
android.widget.TextView: Valero
android.widget.TextView: 1300 W Belt Line Rd & Cockrell Hill Rd
android.widget.TextView: DeSoto, TX
android.widget.TextView: 3.75 mi
android.widget.RelativeLayout@406d9fe0
android.widget.FrameLayout@40718b00
android.widget.RelativeLayout@405a18d0
android.widget.LinearLayout@40667510
android.view.View@406d5600
android.widget.RelativeLayout@406d1e10
android.widget.TextView: Regular
android.view.View@406e7308
android.view.View@406cecf8
android.widget.RelativeLayout@406e7518
android.widget.TextView: Midgrade
android.view.View@406eaf18
android.view.View@406cee58
android.widget.RelativeLayout@406ee040
android.widget.TextView: Premium
android.view.View@4070d2c0
android.view.View@406d54d0
android.widget.RelativeLayout@4070d4b0
android.widget.TextView: Diesel
android.view.View@407172b0
android.view.View@406d5720
android.view.View@405e4ce8
android.widget.LinearLayout@4063ab18
android.widget.RelativeLayout@406730f8
android.widget.ImageView@406501e8
android.widget.TextView: Reload
android.widget.RelativeLayout@405a2b10
android.widget.ImageView@405e9e80
android.widget.TextView: Sort By Price
android.widget.RelativeLayout@405870c8
android.widget.ImageView@40666260
android.widget.TextView: Map View
android.view.View@405e5388
gbis.gbandroid.views.layouts.CustomListView@406b0680
android.widget.TableLayout@40629578
android.widget.TableRow@40629ac0
android.widget.RelativeLayout@4062f048
android.widget.RelativeLayout@4062f420
android.widget.TextView: 3.07
android.widget.TextView: 9
android.widget.TextView: 4 hours ago
android.widget.TextView: Update
android.widget.RelativeLayout@406deea8
android.widget.ImageView@40631850
android.widget.TextView: Valero
android.widget.TextView: 1300 W Belt Line Rd & Cockrell Hill Rd
android.widget.TextView: DeSoto, TX
android.widget.TextView: 3.75 mi
android.widget.TableLayout@40604f58
android.widget.TableRow@406053c0
android.widget.RelativeLayout@40605a40
android.widget.RelativeLayout@40605e18
android.widget.TextView: 3.19
android.widget.TextView: 9
android.widget.TextView: Mon 1:00 PM
android.widget.TextView: Update
android.widget.RelativeLayout@406ad128
android.widget.ImageView@406ad4e8
android.widget.TextView: Shell
android.widget.TextView: 8618 S Lancaster Rd & IH-20
android.widget.TextView: Dallas, TX
android.widget.TextView: 3.8 mi
android.widget.TableLayout@407686b8
android.widget.TableRow@40768c88
android.widget.RelativeLayout@40769308
android.widget.RelativeLayout@407696e0
android.widget.TextView: 3.15
android.widget.TextView: 9
android.widget.TextView: 17 hours ago
android.widget.TextView: Update
android.widget.RelativeLayout@40763680
android.widget.ImageView@40763a58
android.widget.TextView: Shell
android.widget.TextView: 3805 W Wheatland Rd & US-67
android.widget.TextView: Dallas, TX
android.widget.TextView: 3.8 mi
android.widget.TableLayout@407578d0
android.widget.TableRow@40757ea0
android.widget.RelativeLayout@407d4ef8
android.widget.RelativeLayout@407d52d0
android.widget.TextView: --
android.widget.TextView: 9
android.widget.TextView: time
android.widget.TextView: Report Price
android.widget.RelativeLayout@407d6ae0
android.widget.ImageView@407d6eb8
android.widget.TextView: Shell
android.widget.TextView: 710 W Pleasant Run Rd & Dewberry St
android.widget.TextView: Lancaster, TX
android.widget.TextView: 3.8 mi
android.widget.TableLayout@407e3b38
android.widget.TableRow@407e4108
android.widget.RelativeLayout@407e47c8
android.widget.RelativeLayout@407e4ba0
android.widget.TextView: 3.20
android.widget.TextView: 9
android.widget.TextView: Mon 2:42 AM
android.widget.TextView: Update
android.widget.RelativeLayout@407e63b0
android.widget.ImageView@407e6788
android.widget.TextView: Shell
android.widget.TextView: 1643 S Hampton Rd & Bear Creek Rd
android.widget.TextView: Glenn Heights, TX
android.widget.TextView: 3.8 mi
android.widget.RelativeLayout@406d9fe0
android.widget.FrameLayout@40718b00
android.widget.RelativeLayout@405a18d0
android.widget.LinearLayout@40667510
android.view.View@406d5600
android.widget.RelativeLayout@406d1e10
android.widget.TextView: Regular
android.view.View@406e7308
android.view.View@406cecf8
android.widget.RelativeLayout@406e7518
android.widget.TextView: Midgrade
android.view.View@406eaf18
android.view.View@406cee58
android.widget.RelativeLayout@406ee040
android.widget.TextView: Premium
android.view.View@4070d2c0
android.view.View@406d54d0
android.widget.RelativeLayout@4070d4b0
android.widget.TextView: Diesel
android.view.View@407172b0
android.view.View@406d5720
android.view.View@405e4ce8
android.widget.LinearLayout@4063ab18
android.widget.RelativeLayout@406730f8
android.widget.ImageView@406501e8
android.widget.TextView: Reload
android.widget.RelativeLayout@405a2b10
android.widget.ImageView@405e9e80
android.widget.TextView: Sort By Price
android.widget.RelativeLayout@405870c8
android.widget.ImageView@40666260
android.widget.TextView: Map View
android.view.View@405e5388
gbis.gbandroid.views.layouts.CustomListView@406b0680
android.widget.TableLayout@40582b48
android.widget.TableRow@4055c538
android.widget.RelativeLayout@405f1be0
android.widget.RelativeLayout@4063daa8
android.widget.TextView: 3.20
android.widget.TextView: 9
android.widget.TextView: Mon 2:42 AM
android.widget.TextView: Update
android.widget.RelativeLayout@4067b3e0
android.widget.ImageView@405ba6e8
android.widget.TextView: Shell
android.widget.TextView: 1643 S Hampton Rd & Bear Creek Rd
android.widget.TextView: Glenn Heights, TX
android.widget.TextView: 3.8 mi
android.widget.TableLayout@4057f3c8
android.widget.TableRow@40555160
android.widget.RelativeLayout@405cabb8
android.widget.RelativeLayout@405d4a20
android.widget.TextView: --
android.widget.TextView: 9
android.widget.TextView: time
android.widget.TextView: Report Price
android.widget.RelativeLayout@405ed278
android.widget.ImageView@405b2f90
android.widget.TextView: Phillips 66
android.widget.TextView: 2722 N Dallas Ave & W Wintergreen Rd
android.widget.TextView: Lancaster, TX
android.widget.TextView: 3.83 mi
android.widget.TableLayout@4057c738
android.widget.TableRow@40553c38
android.widget.RelativeLayout@4059f088
android.widget.RelativeLayout@405b9a78
android.widget.TextView: --
android.widget.TextView: 9
android.widget.TextView: time
android.widget.TextView: Report Price
android.widget.RelativeLayout@405bc0b0
android.widget.ImageView@4059f578
android.widget.TextView: 7-Eleven
android.widget.TextView: 640 W Pleasant Run Rd & Westridge Ave
android.widget.TextView: Lancaster, TX
android.widget.TextView: 3.84 mi
android.widget.TableLayout@4057be50
android.widget.TableRow@4054cdb0
android.widget.RelativeLayout@405581d8
android.widget.RelativeLayout@4055daa8
android.widget.TextView: --
android.widget.TextView: 9
android.widget.TextView: time
android.widget.TextView: Report Price
android.widget.RelativeLayout@405969e8
android.widget.ImageView@4054d478
android.widget.TextView: Fina
android.widget.TextView: 2601 N Dallas Ave & Stanford Dr
android.widget.TextView: Lancaster, TX
android.widget.TextView: 3.88 mi
android.widget.TableLayout@407e3b38
android.widget.TableRow@407e4108
android.widget.RelativeLayout@407e47c8
android.widget.RelativeLayout@407e4ba0
android.widget.TextView: 3.09
android.widget.TextView: 9
android.widget.TextView: 8 hours ago
android.widget.TextView: Update
android.widget.RelativeLayout@407e63b0
android.widget.ImageView@407e6788
android.widget.TextView: Valero
android.widget.TextView: 1102 S Cockrell Hill Rd & US-67
android.widget.TextView: Duncanville, TX
android.widget.TextView: 3.88 mi
android.widget.RelativeLayout@406d9fe0
android.widget.FrameLayout@40718b00
android.widget.RelativeLayout@405a18d0
android.widget.LinearLayout@40667510
android.view.View@406d5600
android.widget.RelativeLayout@406d1e10
android.widget.TextView: Regular
android.view.View@406e7308
android.view.View@406cecf8
android.widget.RelativeLayout@406e7518
android.widget.TextView: Midgrade
android.view.View@406eaf18
android.view.View@406cee58
android.widget.RelativeLayout@406ee040
android.widget.TextView: Premium
android.view.View@4070d2c0
android.view.View@406d54d0
android.widget.RelativeLayout@4070d4b0
android.widget.TextView: Diesel
android.view.View@407172b0
android.view.View@406d5720
android.view.View@405e4ce8
android.widget.LinearLayout@4063ab18
android.widget.RelativeLayout@406730f8
android.widget.ImageView@406501e8
android.widget.TextView: Reload
android.widget.RelativeLayout@405a2b10
android.widget.ImageView@405e9e80
android.widget.TextView: Sort By Price
android.widget.RelativeLayout@405870c8
android.widget.ImageView@40666260
android.widget.TextView: Map View
android.view.View@405e5388
gbis.gbandroid.views.layouts.CustomListView@406b0680
android.widget.TableLayout@407e3b38
android.widget.TableRow@407e4108
android.widget.RelativeLayout@407e47c8
android.widget.RelativeLayout@407e4ba0
android.widget.TextView: 3.09
android.widget.TextView: 9
android.widget.TextView: 8 hours ago
android.widget.TextView: Update
android.widget.RelativeLayout@407e63b0
android.widget.ImageView@407e6788
android.widget.TextView: Valero
android.widget.TextView: 1102 S Cockrell Hill Rd & US-67
android.widget.TextView: Duncanville, TX
android.widget.TextView: 3.88 mi
android.widget.TableLayout@405a4170
android.widget.TableRow@40560d30
android.widget.RelativeLayout@4067b580
android.widget.RelativeLayout@40704640
android.widget.TextView: 3.19
android.widget.TextView: 9
android.widget.TextView: 20 hours ago
android.widget.TextView: Update
android.widget.RelativeLayout@40662360
android.widget.ImageView@406eb9f0
android.widget.TextView: Texaco
android.widget.TextView: 8181-A S Lancaster Rd & IH-20 Access Rd
android.widget.TextView: Dallas, TX
android.widget.TextView: 3.88 mi
android.widget.TableLayout@4062e7f0
android.widget.TableRow@4067a738
android.widget.RelativeLayout@406f7728
android.widget.RelativeLayout@4071b978
android.widget.TextView: --
android.widget.TextView: 9
android.widget.TextView: time
android.widget.TextView: Report Price
android.widget.RelativeLayout@4069f808
android.widget.ImageView@406db260
android.widget.TextView: Shell
android.widget.TextView: 995 W Belt Line Rd & Main St
android.widget.TextView: Lancaster, TX
android.widget.TextView: 3.9 mi
android.widget.TableLayout@40623938
android.widget.TableRow@4063c580
android.widget.RelativeLayout@406865a8
android.widget.RelativeLayout@406d3dd0
android.widget.TextView: 3.13
android.widget.TextView: 9
android.widget.TextView: 16 hours ago
android.widget.TextView: Update
android.widget.RelativeLayout@406c5340
android.widget.ImageView@40775218
android.widget.TextView: 7-Eleven
android.widget.TextView: 826 E US-67 & Cockrell Hill Rd
android.widget.TextView: Duncanville, TX
android.widget.TextView: 3.91 mi
android.widget.TableLayout@40768498
android.widget.TableRow@405e6398
android.widget.RelativeLayout@406cd730
android.widget.RelativeLayout@4076ac00
android.widget.TextView: 3.12
android.widget.TextView: 9
android.widget.TextView: 17 hours ago
android.widget.TextView: Update
android.widget.RelativeLayout@406a0330
android.widget.ImageView@40750878
android.widget.TextView: Chevron
android.widget.TextView: 8210 S Lancaster Rd & IH-20 Access Rd
android.widget.TextView: Dallas, TX
android.widget.TextView: 3.95 mi
android.widget.RelativeLayout@406d9fe0
android.widget.FrameLayout@40718b00
android.widget.RelativeLayout@405a18d0
android.widget.LinearLayout@40667510
android.view.View@406d5600
android.widget.RelativeLayout@406d1e10
android.widget.TextView: Regular
android.view.View@406e7308
android.view.View@406cecf8
android.widget.RelativeLayout@406e7518
android.widget.TextView: Midgrade
android.view.View@406eaf18
android.view.View@406cee58
android.widget.RelativeLayout@406ee040
android.widget.TextView: Premium
android.view.View@4070d2c0
android.view.View@406d54d0
android.widget.RelativeLayout@4070d4b0
android.widget.TextView: Diesel
android.view.View@407172b0
android.view.View@406d5720
android.view.View@405e4ce8
android.widget.LinearLayout@4063ab18
android.widget.RelativeLayout@406730f8
android.widget.ImageView@406501e8
android.widget.TextView: Reload
android.widget.RelativeLayout@405a2b10
android.widget.ImageView@405e9e80
android.widget.TextView: Sort By Price
android.widget.RelativeLayout@405870c8
android.widget.ImageView@40666260
android.widget.TextView: Map View
android.view.View@405e5388
gbis.gbandroid.views.layouts.CustomListView@406b0680
android.widget.TableLayout@4062e7f0
android.widget.TableRow@4067a738
android.widget.RelativeLayout@406f7728
android.widget.RelativeLayout@4071b978
android.widget.TextView: --
android.widget.TextView: 9
android.widget.TextView: time
android.widget.TextView: Report Price
android.widget.RelativeLayout@4069f808
android.widget.ImageView@406db260
android.widget.TextView: Shell
android.widget.TextView: 995 W Belt Line Rd & Main St
android.widget.TextView: Lancaster, TX
android.widget.TextView: 3.9 mi
android.widget.TableLayout@40623938
android.widget.TableRow@4063c580
android.widget.RelativeLayout@406865a8
android.widget.RelativeLayout@406d3dd0
android.widget.TextView: 3.13
android.widget.TextView: 9
android.widget.TextView: 16 hours ago
android.widget.TextView: Update
android.widget.RelativeLayout@406c5340
android.widget.ImageView@40775218
android.widget.TextView: 7-Eleven
android.widget.TextView: 826 E US-67 & Cockrell Hill Rd
android.widget.TextView: Duncanville, TX
android.widget.TextView: 3.91 mi
android.widget.TableLayout@40768498
android.widget.TableRow@405e6398
android.widget.RelativeLayout@406cd730
android.widget.RelativeLayout@4076ac00
android.widget.TextView: 3.12
android.widget.TextView: 9
android.widget.TextView: 17 hours ago
android.widget.TextView: Update
android.widget.RelativeLayout@406a0330
android.widget.ImageView@40750878
android.widget.TextView: Chevron
android.widget.TextView: 8210 S Lancaster Rd & IH-20 Access Rd
android.widget.TextView: Dallas, TX
android.widget.TextView: 3.95 mi
android.widget.TableLayout@4071b6d8
android.widget.TableRow@406ac9f0
android.widget.RelativeLayout@40670f50
android.widget.RelativeLayout@407186a0
android.widget.TextView: 3.09
android.widget.TextView: 9
android.widget.TextView: 4 hours ago
android.widget.TextView: Update
android.widget.RelativeLayout@406fa910
android.widget.ImageView@4064eac0
android.widget.TextView: QuikTrip
android.widget.TextView: 925 S Cockrell Hill Rd & US-67
android.widget.TextView: Duncanville, TX
android.widget.TextView: 4 mi
android.widget.TableLayout@406eb398
android.widget.TableRow@4063f4e0
android.widget.RelativeLayout@406b4778
android.widget.RelativeLayout@406b4a90
android.widget.TextView: 3.09
android.widget.TextView: 9
android.widget.TextView: 7 hours ago
android.widget.TextView: Update
android.widget.RelativeLayout@406900a8
android.widget.ImageView@406903c0
android.widget.TextView: Shell
android.widget.TextView: 3102 W Camp Wisdom & US-67
android.widget.TextView: Dallas, TX
android.widget.TextView: 4.08 mi
android.widget.RelativeLayout@406d9fe0
