android.widget.FrameLayout@40586270
android.widget.LinearLayout@40586d20
android.widget.FrameLayout@40586fd0
android.widget.ImageView@40587280
android.widget.RelativeLayout@40587718
android.widget.ImageButton@40587d28
android.widget.EditText: 
android.widget.Button: Map
android.widget.RelativeLayout@4058b3d8
android.widget.EditText: 
android.widget.Button: Cancel
android.widget.RelativeLayout@4058d7e8
android.widget.LinearLayout@4058db90
android.widget.TextView: Locations
com.google.android.maps.MapView@4058f388
android.widget.LinearLayout@4052b5e8
android.widget.TextView: Locations
android.widget.ScrollView@40572c18
android.widget.TableLayout@40582810
android.widget.TableRow@40623fb0
android.widget.TextView: No search results found
android.widget.FrameLayout@4054f3a0
android.widget.ImageView@405384b0
android.widget.Button: Filter
android.widget.LinearLayout@405391d8
android.widget.FrameLayout@40580478
android.widget.ImageView@4053bf60
android.widget.Button: Filter
android.widget.FrameLayout@40616648
android.widget.Button: Done
android.widget.FrameLayout@40617740
android.widget.ImageView@40542078
android.widget.TextView: Stores
android.widget.ImageView@4057f710
android.widget.FrameLayout@40622c98
android.widget.ImageView@40583de8
android.widget.TextView: ATMs
android.widget.ImageView@406082a8
