android.widget.LinearLayout@405736d0
android.widget.FrameLayout@40573eb8
android.widget.TextView: Restaurant Finder
android.widget.FrameLayout@40574ea0
android.widget.RelativeLayout@40575358
android.widget.TextView: Loading my location...
android.widget.TextView: No contents.
android.widget.LinearLayout@40576248
com.google.ads.AdView@405785a0
g@4057aa30
android.widget.ListView@40576518
android.widget.LinearLayout@4054be80
android.widget.LinearLayout@40589f38
android.widget.TextView: Masas USA Inc
android.widget.LinearLayout@405ab248
android.widget.TextView: (203) 469-4962
android.widget.TextView: 1.83 Km
android.widget.TextView: 192 Commerce Street East Haven, CT
android.widget.LinearLayout@405564d8
android.widget.LinearLayout@4057fcf8
android.widget.TextView: Minervini's Pizzeria
android.widget.LinearLayout@40510430
android.widget.TextView: (203) 468-8995
android.widget.TextView: 4.33 Km
android.widget.TextView: 216 Main Street East Haven, CT
android.widget.LinearLayout@40585c78
android.widget.LinearLayout@405a4210
android.widget.TextView: McDonald's
android.widget.LinearLayout@40556228
android.widget.TextView: (203) 466-1289
android.widget.TextView: 4.9 Km
android.widget.TextView: 687 Main Street East Haven, CT
android.widget.LinearLayout@40590cb8
android.widget.LinearLayout@405a0558
android.widget.TextView: Boston Market
android.widget.LinearLayout@40558590
android.widget.TextView: (203) 467-4472
android.widget.TextView: 5.04 Km
android.widget.TextView: 96 Frontage Road East Haven, CT
android.widget.LinearLayout@4057d768
android.widget.LinearLayout@40587490
android.widget.TextView: App's Ristorante
android.widget.LinearLayout@4058c0c0
android.widget.TextView: (203) 932-1657
android.widget.TextView: 5.11 Km
android.widget.TextView: 283 Captain Thomas Boulevard West Haven, CT
android.widget.LinearLayout@405736d0
android.widget.FrameLayout@40573eb8
android.widget.TextView: Restaurant Finder
android.widget.FrameLayout@40574ea0
android.widget.RelativeLayout@40575358
android.widget.TextView: Loading my location...
android.widget.TextView: No contents.
android.widget.LinearLayout@40576248
com.google.ads.AdView@405785a0
g@4057aa30
android.widget.ListView@40576518
android.widget.LinearLayout@4057d768
android.widget.LinearLayout@40587490
android.widget.TextView: App's Ristorante
android.widget.LinearLayout@4058c0c0
android.widget.TextView: (203) 932-1657
android.widget.TextView: 5.11 Km
android.widget.TextView: 283 Captain Thomas Boulevard West Haven, CT
android.widget.LinearLayout@405fd298
android.widget.LinearLayout@405fd4b0
android.widget.TextView: Savin Rock Roasting Co
android.widget.LinearLayout@405fdb68
android.widget.TextView: (203) 932-0100
android.widget.TextView: 5.14 Km
android.widget.TextView: 291 Captain Thomas Boulevard West Haven, CT
android.widget.LinearLayout@405ff3c8
android.widget.LinearLayout@405ff5e0
android.widget.TextView: Sage American Grill
android.widget.LinearLayout@405ffc98
android.widget.TextView: (203) 787-3466
android.widget.TextView: 5.41 Km
android.widget.TextView: 100 South Water Street New Haven, CT
android.widget.LinearLayout@40601180
android.widget.LinearLayout@40601398
android.widget.TextView: Terminal 110
android.widget.LinearLayout@40601a50
android.widget.TextView: (203) 624-6200
android.widget.TextView: 5.99 Km
android.widget.TextView: 240 Sargent Drive New Haven, CT
android.widget.LinearLayout@40602f20
android.widget.LinearLayout@40603138
android.widget.TextView: SBC Restaurant & Brewery
android.widget.LinearLayout@406037f0
android.widget.TextView: (203) 481-2739
android.widget.TextView: 6.01 Km
android.widget.TextView: 850 West Main Street Branford, CT
android.widget.LinearLayout@405736d0
android.widget.FrameLayout@40573eb8
android.widget.TextView: Restaurant Finder
android.widget.FrameLayout@40574ea0
android.widget.RelativeLayout@40575358
android.widget.TextView: Loading my location...
android.widget.TextView: No contents.
android.widget.LinearLayout@40576248
com.google.ads.AdView@405785a0
g@4057aa30
android.widget.ListView@40576518
android.widget.LinearLayout@40602f20
android.widget.LinearLayout@40603138
android.widget.TextView: SBC Restaurant & Brewery
android.widget.LinearLayout@406037f0
android.widget.TextView: (203) 481-2739
android.widget.TextView: 6.01 Km
android.widget.TextView: 850 West Main Street Branford, CT
android.widget.LinearLayout@4054be80
android.widget.LinearLayout@40589f38
android.widget.TextView: Tre Scalini Restaurant
android.widget.LinearLayout@405ab248
android.widget.TextView: (203) 777-3373
android.widget.TextView: 7.04 Km
android.widget.TextView: 100 Wooster Street New Haven, CT
android.widget.LinearLayout@405564d8
android.widget.LinearLayout@4057fcf8
android.widget.TextView: Abate Restaurant
android.widget.LinearLayout@40510430
android.widget.TextView: (203) 776-4334
android.widget.TextView: 7.1 Km
android.widget.TextView: 129 Wooster Street New Haven, CT
android.widget.LinearLayout@40585c78
android.widget.LinearLayout@405a4210
android.widget.TextView: Miso Japanese Restaurant
android.widget.LinearLayout@40556228
android.widget.TextView: (203) 848-6472
android.widget.TextView: 7.41 Km
android.widget.TextView: 15 Orange Street New Haven, CT
android.widget.LinearLayout@40590cb8
android.widget.LinearLayout@405a0558
android.widget.TextView: Skappo Italian Wine Bar
android.widget.LinearLayout@40558590
android.widget.TextView: (203) 773-1394
android.widget.TextView: 7.46 Km
android.widget.TextView: 59 Crown Street New Haven, CT
android.widget.LinearLayout@406591b8
android.widget.LinearLayout@406593d0
android.widget.TextView: Louis' Lunch
android.widget.LinearLayout@40659a88
android.widget.TextView: (203) 562-5507
android.widget.TextView: 7.87 Km
android.widget.TextView: 263 Crown Street New Haven, CT
android.widget.LinearLayout@405736d0
android.widget.FrameLayout@40573eb8
android.widget.TextView: Restaurant Finder
android.widget.FrameLayout@40574ea0
android.widget.RelativeLayout@40575358
android.widget.TextView: Loading my location...
android.widget.TextView: No contents.
android.widget.LinearLayout@40576248
com.google.ads.AdView@405785a0
g@4057aa30
android.widget.ListView@40576518
android.widget.LinearLayout@4054be80
android.widget.LinearLayout@40589f38
android.widget.TextView: Tre Scalini Restaurant
android.widget.LinearLayout@405ab248
android.widget.TextView: (203) 777-3373
android.widget.TextView: 7.04 Km
android.widget.TextView: 100 Wooster Street New Haven, CT
android.widget.LinearLayout@405564d8
android.widget.LinearLayout@4057fcf8
android.widget.TextView: Abate Restaurant
android.widget.LinearLayout@40510430
android.widget.TextView: (203) 776-4334
android.widget.TextView: 7.1 Km
android.widget.TextView: 129 Wooster Street New Haven, CT
android.widget.LinearLayout@40585c78
android.widget.LinearLayout@405a4210
android.widget.TextView: Miso Japanese Restaurant
android.widget.LinearLayout@40556228
android.widget.TextView: (203) 848-6472
android.widget.TextView: 7.41 Km
android.widget.TextView: 15 Orange Street New Haven, CT
android.widget.LinearLayout@40590cb8
android.widget.LinearLayout@405a0558
android.widget.TextView: Skappo Italian Wine Bar
android.widget.LinearLayout@40558590
android.widget.TextView: (203) 773-1394
android.widget.TextView: 7.46 Km
android.widget.TextView: 59 Crown Street New Haven, CT
android.widget.LinearLayout@406591b8
android.widget.LinearLayout@406593d0
android.widget.TextView: Louis' Lunch
android.widget.LinearLayout@40659a88
android.widget.TextView: (203) 562-5507
android.widget.TextView: 7.87 Km
android.widget.TextView: 263 Crown Street New Haven, CT
android.widget.LinearLayout@4057d768
android.widget.LinearLayout@40587490
android.widget.TextView: Claire's Corner Copia
android.widget.LinearLayout@4058c0c0
android.widget.TextView: (203) 562-3888
android.widget.TextView: 7.9 Km
android.widget.TextView: 1000 Chapel Street New Haven, CT
