android.widget.FrameLayout@405be3d0
android.widget.RelativeLayout@405e3a28
android.widget.LinearLayout@405ddae8
android.view.View@40703b90
android.widget.RelativeLayout@40667c48
android.widget.TextView: Regular
android.view.View@406d22f8
android.view.View@40700818
android.widget.RelativeLayout@406d24b0
android.widget.TextView: Midgrade
android.view.View@405883c0
android.view.View@40703930
android.widget.RelativeLayout@40588598
android.widget.TextView: Premium
android.view.View@406e55f0
android.view.View@40703a60
android.widget.RelativeLayout@406f2c60
android.widget.TextView: Diesel
android.view.View@407004f8
android.view.View@40703cb0
android.view.View@406b8c68
android.widget.LinearLayout@406b9058
android.widget.RelativeLayout@406b92a8
android.widget.ImageView@405c7918
android.widget.TextView: Reload
android.widget.RelativeLayout@4060ebf8
android.widget.ImageView@4058e568
android.widget.TextView: Sort By Price
android.widget.RelativeLayout@406c10a8
android.widget.ImageView@406ccda8
android.widget.TextView: Map View
android.view.View@406d5f68
gbis.gbandroid.views.layouts.CustomListView@40594200
android.widget.RelativeLayout@40669ef8
com.google.ads.AdView@405e5020
android.gesture.GestureOverlayView@406d76b8
android.widget.FrameLayout@40675e58
com.google.ads.internal.AdWebView@4061a4a8
android.widget.TableLayout@40707a88
android.widget.TableRow@40708058
android.widget.RelativeLayout@40708708
android.widget.RelativeLayout@4070ad70
android.widget.TextView: --
android.widget.TextView: 9
android.widget.TextView: time
android.widget.TextView: Report Price
android.widget.RelativeLayout@4070ead0
android.widget.ImageView@4070eea8
android.widget.TextView: Fina
android.widget.TextView: 2601 N Dallas Ave & Stanford Dr
android.widget.TextView: Lancaster, TX
android.widget.TextView: 0.24 mi
android.widget.TableLayout@406f0658
android.widget.TableRow@406f0c28
android.widget.RelativeLayout@406f3540
android.widget.RelativeLayout@406f3918
android.widget.TextView: --
android.widget.TextView: 9
android.widget.TextView: time
android.widget.TextView: Report Price
android.widget.RelativeLayout@406f7650
android.widget.ImageView@406f7a28
android.widget.TextView: Phillips 66
android.widget.TextView: 2722 N Dallas Ave & W Wintergreen Rd
android.widget.TextView: Lancaster, TX
android.widget.TextView: 0.31 mi
android.widget.TableLayout@406d8380
android.widget.TableRow@406d88f0
android.widget.RelativeLayout@406d8fb0
android.widget.RelativeLayout@406db838
android.widget.TextView: --
android.widget.TextView: 9
android.widget.TextView: time
android.widget.TextView: Report Price
android.widget.RelativeLayout@406df500
android.widget.ImageView@406df8d8
android.widget.TextView: 7-Eleven
android.widget.TextView: 640 W Pleasant Run Rd & Westridge Ave
android.widget.TextView: Lancaster, TX
android.widget.TextView: 0.93 mi
android.widget.TableLayout@406a6808
android.widget.TableRow@406a5770
android.widget.RelativeLayout@406bca60
android.widget.RelativeLayout@406bcf10
android.widget.TextView: --
android.widget.TextView: 9
android.widget.TextView: time
android.widget.TextView: Report Price
android.widget.RelativeLayout@406c0ba8
android.widget.ImageView@406c3928
android.widget.TextView: Shell
android.widget.TextView: 710 W Pleasant Run Rd & Dewberry St
android.widget.TextView: Lancaster, TX
android.widget.TextView: 0.95 mi
android.widget.RelativeLayout@405ae168
android.widget.FrameLayout@405be3d0
android.widget.RelativeLayout@405e3a28
android.widget.LinearLayout@405ddae8
android.view.View@40703b90
android.widget.RelativeLayout@40667c48
android.widget.TextView: Regular
android.view.View@406d22f8
android.view.View@40700818
android.widget.RelativeLayout@406d24b0
android.widget.TextView: Midgrade
android.view.View@405883c0
android.view.View@40703930
android.widget.RelativeLayout@40588598
android.widget.TextView: Premium
android.view.View@406e55f0
android.view.View@40703a60
android.widget.RelativeLayout@406f2c60
android.widget.TextView: Diesel
android.view.View@407004f8
android.view.View@40703cb0
android.view.View@406b8c68
android.widget.LinearLayout@406b9058
android.widget.RelativeLayout@406b92a8
android.widget.ImageView@405c7918
android.widget.TextView: Reload
android.widget.RelativeLayout@4060ebf8
android.widget.ImageView@4058e568
android.widget.TextView: Sort By Price
android.widget.RelativeLayout@406c10a8
android.widget.ImageView@406ccda8
android.widget.TextView: Map View
android.view.View@406d5f68
gbis.gbandroid.views.layouts.CustomListView@40594200
android.widget.TableLayout@406a6808
android.widget.TableRow@406a5770
android.widget.RelativeLayout@406bca60
android.widget.RelativeLayout@406bcf10
android.widget.TextView: --
android.widget.TextView: 9
android.widget.TextView: time
android.widget.TextView: Report Price
android.widget.RelativeLayout@406c0ba8
android.widget.ImageView@406c3928
android.widget.TextView: Shell
android.widget.TextView: 710 W Pleasant Run Rd & Dewberry St
android.widget.TextView: Lancaster, TX
android.widget.TextView: 0.95 mi
android.widget.TableLayout@407ae3d8
android.widget.TableRow@407ae9a8
android.widget.RelativeLayout@407af068
android.widget.RelativeLayout@407af440
android.widget.TextView: 3.17
android.widget.TextView: 9
android.widget.TextView: 2 hours ago
android.widget.TextView: Update
android.widget.RelativeLayout@407b0c50
android.widget.ImageView@407b1028
android.widget.TextView: Valero
android.widget.TextView: 903 N Dallas Ave & 8th St
android.widget.TextView: Lancaster, TX
android.widget.TextView: 1.26 mi
android.widget.TableLayout@4057bef0
android.widget.TableRow@4060fe30
android.widget.RelativeLayout@4058c238
android.widget.RelativeLayout@405a3ae8
android.widget.TextView: --
android.widget.TextView: 9
android.widget.TextView: time
android.widget.TextView: Report Price
android.widget.RelativeLayout@405fed10
android.widget.ImageView@4059fcc0
android.widget.TextView: Chevron
android.widget.TextView: 1463 W Pleasant Run Rd & N Bluegrove Rd
android.widget.TextView: Lancaster, TX
android.widget.TextView: 1.7 mi
android.widget.TableLayout@4057eab8
android.widget.TableRow@40640da0
android.widget.RelativeLayout@40610908
android.widget.RelativeLayout@4061a820
android.widget.TextView: 3.25
android.widget.TextView: 9
android.widget.TextView: Mon 11:49 AM
android.widget.TextView: Update
android.widget.RelativeLayout@40625900
android.widget.ImageView@4061abd0
android.widget.TextView: Exxon
android.widget.TextView: 1458 W Pleasant Run Rd & N Bluegrove Rd
android.widget.TextView: Lancaster, TX
android.widget.TextView: 1.73 mi
android.widget.TableLayout@405816e0
android.widget.TableRow@40675390
android.widget.RelativeLayout@40641378
android.widget.RelativeLayout@4065eef0
android.widget.TextView: 3.08
android.widget.TextView: 9
android.widget.TextView: 14 hours ago
android.widget.TextView: Update
android.widget.RelativeLayout@4065f428
android.widget.ImageView@40624790
android.widget.TextView: Pilot
android.widget.TextView: 8787 S Lancaster Rd & Motor City Blvd
android.widget.TextView: Dallas, TX
android.widget.TextView: 1.97 mi
android.widget.RelativeLayout@405ae168
android.widget.FrameLayout@405be3d0
android.widget.RelativeLayout@405e3a28
android.widget.LinearLayout@405ddae8
android.view.View@40703b90
android.widget.RelativeLayout@40667c48
android.widget.TextView: Regular
android.view.View@406d22f8
android.view.View@40700818
android.widget.RelativeLayout@406d24b0
android.widget.TextView: Midgrade
android.view.View@405883c0
android.view.View@40703930
android.widget.RelativeLayout@40588598
android.widget.TextView: Premium
android.view.View@406e55f0
android.view.View@40703a60
android.widget.RelativeLayout@406f2c60
android.widget.TextView: Diesel
android.view.View@407004f8
android.view.View@40703cb0
android.view.View@406b8c68
android.widget.LinearLayout@406b9058
android.widget.RelativeLayout@406b92a8
android.widget.ImageView@405c7918
android.widget.TextView: Reload
android.widget.RelativeLayout@4060ebf8
android.widget.ImageView@4058e568
android.widget.TextView: Sort By Price
android.widget.RelativeLayout@406c10a8
android.widget.ImageView@406ccda8
android.widget.TextView: Map View
android.view.View@406d5f68
gbis.gbandroid.views.layouts.CustomListView@40594200
android.widget.TableLayout@405816e0
android.widget.TableRow@40675390
android.widget.RelativeLayout@40641378
android.widget.RelativeLayout@4065eef0
android.widget.TextView: 3.08
android.widget.TextView: 9
android.widget.TextView: 14 hours ago
android.widget.TextView: Update
android.widget.RelativeLayout@4065f428
android.widget.ImageView@40624790
android.widget.TextView: Pilot
android.widget.TextView: 8787 S Lancaster Rd & Motor City Blvd
android.widget.TextView: Dallas, TX
android.widget.TextView: 1.97 mi
android.widget.TableLayout@40584150
android.widget.TableRow@4067beb0
android.widget.RelativeLayout@40693870
android.widget.RelativeLayout@4069d430
android.widget.TextView: --
android.widget.TextView: 9
android.widget.TextView: time
android.widget.TextView: Report Price
android.widget.RelativeLayout@406bdbb0
android.widget.ImageView@406431d8
android.widget.TextView: Shell
android.widget.TextView: 995 W Belt Line Rd & Main St
android.widget.TextView: Lancaster, TX
android.widget.TextView: 1.99 mi
android.widget.TableLayout@405842f8
android.widget.TableRow@406862f0
android.widget.RelativeLayout@406d20c8
android.widget.RelativeLayout@406d6198
android.widget.TextView: 3.19
android.widget.TextView: 9
android.widget.TextView: Mon 1:00 PM
android.widget.TextView: Update
android.widget.RelativeLayout@406decc8
android.widget.ImageView@40651170
android.widget.TextView: Shell
android.widget.TextView: 8618 S Lancaster Rd & IH-20
android.widget.TextView: Dallas, TX
android.widget.TextView: 2.02 mi
android.widget.TableLayout@405eee50
android.widget.TableRow@40689658
android.widget.RelativeLayout@406ee038
android.widget.RelativeLayout@406ef940
android.widget.TextView: 3.12
android.widget.TextView: 9
android.widget.TextView: 12 hours ago
android.widget.TextView: Update
android.widget.RelativeLayout@406f3230
android.widget.ImageView@40692b10
android.widget.TextView: Chevron
android.widget.TextView: 8210 S Lancaster Rd & IH-20 Access Rd
android.widget.TextView: Dallas, TX
android.widget.TextView: 2.36 mi
android.widget.TableLayout@406001a0
android.widget.TableRow@406e8c98
android.widget.RelativeLayout@40708ff0
android.widget.RelativeLayout@407115e8
android.widget.TextView: 3.19
android.widget.TextView: 9
android.widget.TextView: 14 hours ago
android.widget.TextView: Update
android.widget.RelativeLayout@40722458
android.widget.ImageView@4069d598
android.widget.TextView: Texaco
android.widget.TextView: 8181-A S Lancaster Rd & IH-20 Access Rd
android.widget.TextView: Dallas, TX
android.widget.TextView: 2.37 mi
android.widget.RelativeLayout@405ae168
android.widget.FrameLayout@405be3d0
android.widget.RelativeLayout@405e3a28
android.widget.LinearLayout@405ddae8
android.view.View@40703b90
android.widget.RelativeLayout@40667c48
android.widget.TextView: Regular
android.view.View@406d22f8
android.view.View@40700818
android.widget.RelativeLayout@406d24b0
android.widget.TextView: Midgrade
android.view.View@405883c0
android.view.View@40703930
android.widget.RelativeLayout@40588598
android.widget.TextView: Premium
android.view.View@406e55f0
android.view.View@40703a60
android.widget.RelativeLayout@406f2c60
android.widget.TextView: Diesel
android.view.View@407004f8
android.view.View@40703cb0
android.view.View@406b8c68
android.widget.LinearLayout@406b9058
android.widget.RelativeLayout@406b92a8
android.widget.ImageView@405c7918
android.widget.TextView: Reload
android.widget.RelativeLayout@4060ebf8
android.widget.ImageView@4058e568
android.widget.TextView: Sort By Price
android.widget.RelativeLayout@406c10a8
android.widget.ImageView@406ccda8
android.widget.TextView: Map View
android.view.View@406d5f68
gbis.gbandroid.views.layouts.CustomListView@40594200
android.widget.TableLayout@406001a0
android.widget.TableRow@406e8c98
android.widget.RelativeLayout@40708ff0
android.widget.RelativeLayout@407115e8
android.widget.TextView: 3.19
android.widget.TextView: 9
android.widget.TextView: 14 hours ago
android.widget.TextView: Update
android.widget.RelativeLayout@40722458
android.widget.ImageView@4069d598
android.widget.TextView: Texaco
android.widget.TextView: 8181-A S Lancaster Rd & IH-20 Access Rd
android.widget.TextView: Dallas, TX
android.widget.TextView: 2.37 mi
android.widget.TableLayout@406b7ae8
android.widget.TableRow@40550e30
android.widget.RelativeLayout@406c7788
android.widget.RelativeLayout@406e7fb8
android.widget.TextView: 3.13
android.widget.TextView: 9
android.widget.TextView: 1 hour ago
android.widget.TextView: Update
android.widget.RelativeLayout@405f10e8
android.widget.ImageView@4068c2b8
android.widget.TextView: Exxon
android.widget.TextView: 7751 Bonnie View Rd & IH-20 Exit 472
android.widget.TextView: Dallas, TX
android.widget.TextView: 2.58 mi
android.widget.TableLayout@4064b5d0
android.widget.TableRow@40670530
android.widget.RelativeLayout@4067a5b0
android.widget.RelativeLayout@406847e8
android.widget.TextView: --
android.widget.TextView: 9
android.widget.TextView: time
android.widget.TextView: Report Price
android.widget.RelativeLayout@40697708
android.widget.ImageView@4069cf20
android.widget.TextView: Prism
android.widget.TextView: 2286 W Pleasant Run Rd & N Houston School Rd
android.widget.TextView: Lancaster, TX
android.widget.TextView: 2.64 mi
android.widget.TableLayout@4059feb8
android.widget.TableRow@405d46d0
android.widget.RelativeLayout@406143b0
android.widget.RelativeLayout@4068c758
android.widget.TextView: 3.08
android.widget.TextView: 9
android.widget.TextView: 14 hours ago
android.widget.TextView: Update
android.widget.RelativeLayout@406f9ed8
android.widget.ImageView@4071b648
android.widget.TextView: Conoco
android.widget.TextView: 34100 LBJ Fwy & Bonnie View Rd
android.widget.TextView: Dallas, TX
android.widget.TextView: 2.75 mi
android.widget.TableLayout@40703f00
android.widget.TableRow@4071b1a0
android.widget.RelativeLayout@4071e680
android.widget.RelativeLayout@40707890
android.widget.TextView: 3.08
android.widget.TextView: 9
android.widget.TextView: Sun 9:05 PM
android.widget.TextView: Update
android.widget.RelativeLayout@406751c8
android.widget.ImageView@40689150
android.widget.TextView: Shell
android.widget.TextView: 7410 Bonnie View Rd & IH-20
android.widget.TextView: Dallas, TX
android.widget.TextView: 2.77 mi
android.widget.RelativeLayout@405ae168
android.widget.FrameLayout@405be3d0
android.widget.RelativeLayout@405e3a28
android.widget.LinearLayout@405ddae8
android.view.View@40703b90
android.widget.RelativeLayout@40667c48
android.widget.TextView: Regular
android.view.View@406d22f8
android.view.View@40700818
android.widget.RelativeLayout@406d24b0
android.widget.TextView: Midgrade
android.view.View@405883c0
android.view.View@40703930
android.widget.RelativeLayout@40588598
android.widget.TextView: Premium
android.view.View@406e55f0
android.view.View@40703a60
android.widget.RelativeLayout@406f2c60
android.widget.TextView: Diesel
android.view.View@407004f8
android.view.View@40703cb0
android.view.View@406b8c68
android.widget.LinearLayout@406b9058
android.widget.RelativeLayout@406b92a8
android.widget.ImageView@405c7918
android.widget.TextView: Reload
android.widget.RelativeLayout@4060ebf8
android.widget.ImageView@4058e568
android.widget.TextView: Sort By Price
android.widget.RelativeLayout@406c10a8
android.widget.ImageView@406ccda8
android.widget.TextView: Map View
android.view.View@406d5f68
gbis.gbandroid.views.layouts.CustomListView@40594200
android.widget.TableLayout@40626970
android.widget.TableRow@40626e80
android.widget.RelativeLayout@406915b0
android.widget.RelativeLayout@4075f3a0
android.widget.TextView: 3.08
android.widget.TextView: 9
android.widget.TextView: Sun 9:05 PM
android.widget.TextView: Update
android.widget.RelativeLayout@406da118
android.widget.ImageView@4062a228
android.widget.TextView: Shell
android.widget.TextView: 7410 Bonnie View Rd & IH-20
android.widget.TextView: Dallas, TX
android.widget.TextView: 2.77 mi
android.widget.TableLayout@406d2a10
android.widget.TableRow@40654e00
android.widget.RelativeLayout@406c95d8
android.widget.RelativeLayout@4070a588
android.widget.TextView: 3.15
android.widget.TextView: 9
android.widget.TextView: 2 hours ago
android.widget.TextView: Update
android.widget.RelativeLayout@405db098
android.widget.ImageView@406adf30
android.widget.TextView: Exxon
android.widget.TextView: 3799 N Houston School Rd & LBJ Fwy
android.widget.TextView: Lancaster, TX
android.widget.TextView: 2.99 mi
android.widget.TableLayout@4062b038
android.widget.TableRow@40687978
android.widget.RelativeLayout@406a27b0
android.widget.RelativeLayout@406cf0d0
android.widget.TextView: --
android.widget.TextView: 9
android.widget.TextView: time
android.widget.TextView: Report Price
android.widget.RelativeLayout@406cda58
android.widget.ImageView@4056cf20
android.widget.TextView: Conoco
android.widget.TextView: 3160 W Pleasant Run Rd & Rolling Hills Pl
android.widget.TextView: Lancaster, TX
android.widget.TextView: 3.37 mi
android.widget.TableLayout@406069c8
android.widget.TableRow@406167d8
android.widget.RelativeLayout@4061b798
android.widget.RelativeLayout@406260a0
android.widget.TextView: 3.29
android.widget.TextView: 9
android.widget.TextView: Sun 8:08 PM
android.widget.TextView: Update
android.widget.RelativeLayout@40644ab8
android.widget.ImageView@40649cb8
android.widget.TextView: Chevron
android.widget.TextView: 1463 W Pleasant Run Rd & IH-35E
android.widget.TextView: Lancaster, TX
android.widget.TextView: 3.56 mi
android.widget.TableLayout@40703f00
android.widget.TableRow@4071b1a0
android.widget.RelativeLayout@4071e680
android.widget.RelativeLayout@40707890
android.widget.TextView: --
android.widget.TextView: 9
android.widget.TextView: Sun 9:05 PM
android.widget.TextView: Report Price
android.widget.RelativeLayout@406751c8
android.widget.ImageView@40689150
android.widget.TextView: 7-Eleven
android.widget.TextView: 1501 Wintergreen Ct & Wintergreen Rd
android.widget.TextView: DeSoto, TX
android.widget.TextView: 3.56 mi
android.widget.RelativeLayout@405ae168
android.widget.FrameLayout@405be3d0
android.widget.RelativeLayout@405e3a28
android.widget.LinearLayout@405ddae8
android.view.View@40703b90
android.widget.RelativeLayout@40667c48
android.widget.TextView: Regular
android.view.View@406d22f8
android.view.View@40700818
android.widget.RelativeLayout@406d24b0
android.widget.TextView: Midgrade
android.view.View@405883c0
android.view.View@40703930
android.widget.RelativeLayout@40588598
android.widget.TextView: Premium
android.view.View@406e55f0
android.view.View@40703a60
android.widget.RelativeLayout@406f2c60
android.widget.TextView: Diesel
android.view.View@407004f8
android.view.View@40703cb0
android.view.View@406b8c68
android.widget.LinearLayout@406b9058
android.widget.RelativeLayout@406b92a8
android.widget.ImageView@405c7918
android.widget.TextView: Reload
android.widget.RelativeLayout@4060ebf8
android.widget.ImageView@4058e568
android.widget.TextView: Sort By Price
android.widget.RelativeLayout@406c10a8
android.widget.ImageView@406ccda8
android.widget.TextView: Map View
android.view.View@406d5f68
gbis.gbandroid.views.layouts.CustomListView@40594200
android.widget.TableLayout@40703f00
android.widget.TableRow@4071b1a0
android.widget.RelativeLayout@4071e680
android.widget.RelativeLayout@40707890
android.widget.TextView: --
android.widget.TextView: 9
android.widget.TextView: Sun 9:05 PM
android.widget.TextView: Report Price
android.widget.RelativeLayout@406751c8
android.widget.ImageView@40689150
android.widget.TextView: 7-Eleven
android.widget.TextView: 1501 Wintergreen Ct & Wintergreen Rd
android.widget.TextView: DeSoto, TX
android.widget.TextView: 3.56 mi
android.widget.TableLayout@4057bef0
android.widget.TableRow@4058c238
android.widget.RelativeLayout@40551f48
android.widget.RelativeLayout@405591c8
android.widget.TextView: 3.15
android.widget.TextView: 9
android.widget.TextView: Mon 11:49 AM
android.widget.TextView: Update
android.widget.RelativeLayout@405a3ae8
android.widget.ImageView@4054d500
android.widget.TextView: Shell
android.widget.TextView: 1360 N IH-35 E & Pleasant Run Rd
android.widget.TextView: Lancaster, TX
android.widget.TextView: 3.57 mi
android.widget.TableLayout@4057eab8
android.widget.TableRow@40606280
android.widget.RelativeLayout@40610908
android.widget.RelativeLayout@40625900
android.widget.TextView: --
android.widget.TextView: 9
android.widget.TextView: time
android.widget.TextView: Report Price
android.widget.RelativeLayout@4062be10
android.widget.ImageView@40557650
android.widget.TextView: WW
android.widget.TextView: 300 N Main St & Athens St
android.widget.TextView: Hutchins, TX
android.widget.TextView: 3.65 mi
android.widget.TableLayout@405816e0
android.widget.TableRow@40613358
android.widget.RelativeLayout@40641378
android.widget.RelativeLayout@4065f428
android.widget.TextView: --
android.widget.TextView: 9
android.widget.TextView: time
android.widget.TextView: Report Price
android.widget.RelativeLayout@40675c58
android.widget.ImageView@4055a0c0
android.widget.TextView: Chevron
android.widget.TextView: 1402 N Beckley & W Pleasant Run Rd
android.widget.TextView: Lancaster, TX
android.widget.TextView: 3.65 mi
android.widget.TableLayout@405842f8
android.widget.TableRow@4061a820
android.widget.RelativeLayout@4067aea0
android.widget.RelativeLayout@40685ed8
android.widget.TextView: 3.08
android.widget.TextView: 9
android.widget.TextView: 14 hours ago
android.widget.TextView: Update
android.widget.RelativeLayout@40697ff0
android.widget.ImageView@4059fcc0
android.widget.TextView: QuikTrip
android.widget.TextView: 401 E Wintergreen Rd & IH-45
android.widget.TextView: Hutchins, TX
android.widget.TextView: 3.72 mi
android.widget.RelativeLayout@405ae168
android.widget.FrameLayout@405be3d0
android.widget.RelativeLayout@405e3a28
android.widget.LinearLayout@405ddae8
android.view.View@40703b90
android.widget.RelativeLayout@40667c48
android.widget.TextView: Regular
android.view.View@406d22f8
android.view.View@40700818
android.widget.RelativeLayout@406d24b0
android.widget.TextView: Midgrade
android.view.View@405883c0
android.view.View@40703930
android.widget.RelativeLayout@40588598
android.widget.TextView: Premium
android.view.View@406e55f0
android.view.View@40703a60
android.widget.RelativeLayout@406f2c60
android.widget.TextView: Diesel
android.view.View@407004f8
android.view.View@40703cb0
android.view.View@406b8c68
android.widget.LinearLayout@406b9058
android.widget.RelativeLayout@406b92a8
android.widget.ImageView@405c7918
android.widget.TextView: Reload
android.widget.RelativeLayout@4060ebf8
android.widget.ImageView@4058e568
android.widget.TextView: Sort By Price
android.widget.RelativeLayout@406c10a8
android.widget.ImageView@406ccda8
android.widget.TextView: Map View
android.view.View@406d5f68
gbis.gbandroid.views.layouts.CustomListView@40594200
android.widget.TableLayout@405842f8
android.widget.TableRow@4061a820
android.widget.RelativeLayout@4067aea0
android.widget.RelativeLayout@40685ed8
android.widget.TextView: 3.08
android.widget.TextView: 9
android.widget.TextView: 14 hours ago
android.widget.TextView: Update
android.widget.RelativeLayout@40697ff0
android.widget.ImageView@4059fcc0
android.widget.TextView: QuikTrip
android.widget.TextView: 401 E Wintergreen Rd & IH-45
android.widget.TextView: Hutchins, TX
android.widget.TextView: 3.72 mi
android.widget.TableLayout@406d6138
android.widget.TableRow@4055d1f0
android.widget.RelativeLayout@405b4298
android.widget.RelativeLayout@405d1900
android.widget.TextView: --
android.widget.TextView: 9
android.widget.TextView: time
android.widget.TextView: Report Price
android.widget.RelativeLayout@4065be30
android.widget.ImageView@4068e7b8
android.widget.TextView: Top Fuel
android.widget.TextView: 401 E Palestine St & Austin St
android.widget.TextView: Hutchins, TX
android.widget.TextView: 3.81 mi
android.widget.TableLayout@4062b910
android.widget.TableRow@407b0bb8
android.widget.RelativeLayout@406c0b10
android.widget.RelativeLayout@4066c9c8
android.widget.TextView: 3.08
android.widget.TextView: 9
android.widget.TextView: 6 hours ago
android.widget.TextView: Update
android.widget.RelativeLayout@406f59f0
android.widget.ImageView@40709b08
android.widget.TextView: Murphy USA
android.widget.TextView: 170 N Beckley St & Belt Line Rd
android.widget.TextView: Lancaster, TX
android.widget.TextView: 3.83 mi
android.widget.TableLayout@40618528
android.widget.TableRow@4054e298
android.widget.RelativeLayout@406c0040
android.widget.RelativeLayout@406c0630
android.widget.TextView: --
android.widget.TextView: 9
android.widget.TextView: time
android.widget.TextView: Report Price
android.widget.RelativeLayout@405115d0
android.widget.ImageView@40603f00
android.widget.TextView: Valero
android.widget.TextView: 3507 Simpson Stuart Rd & Bonnie View Rd
android.widget.TextView: Dallas, TX
android.widget.TextView: 3.83 mi
android.widget.TableLayout@405eee50
android.widget.TableRow@40640da0
android.widget.RelativeLayout@405bcf40
android.widget.RelativeLayout@405f10e8
android.widget.TextView: --
android.widget.TextView: 9
android.widget.TextView: time
android.widget.TextView: Report Price
android.widget.RelativeLayout@40628d38
android.widget.ImageView@405db5e0
android.widget.TextView: Shell
android.widget.TextView: 108 N IH-45 Service Rd & Dowdy Ferry Rd
android.widget.TextView: Hutchins, TX
android.widget.TextView: 3.96 mi
android.widget.RelativeLayout@405ae168
android.widget.FrameLayout@405be3d0
android.widget.RelativeLayout@405e3a28
android.widget.LinearLayout@405ddae8
android.view.View@40703b90
android.widget.RelativeLayout@40667c48
android.widget.TextView: Regular
android.view.View@406d22f8
android.view.View@40700818
android.widget.RelativeLayout@406d24b0
android.widget.TextView: Midgrade
android.view.View@405883c0
android.view.View@40703930
android.widget.RelativeLayout@40588598
android.widget.TextView: Premium
android.view.View@406e55f0
android.view.View@40703a60
android.widget.RelativeLayout@406f2c60
android.widget.TextView: Diesel
android.view.View@407004f8
android.view.View@40703cb0
android.view.View@406b8c68
android.widget.LinearLayout@406b9058
android.widget.RelativeLayout@406b92a8
android.widget.ImageView@405c7918
android.widget.TextView: Reload
android.widget.RelativeLayout@4060ebf8
android.widget.ImageView@4058e568
android.widget.TextView: Sort By Price
android.widget.RelativeLayout@406c10a8
android.widget.ImageView@406ccda8
android.widget.TextView: Map View
android.view.View@406d5f68
gbis.gbandroid.views.layouts.CustomListView@40594200
android.widget.TableLayout@405eee50
android.widget.TableRow@40640da0
android.widget.RelativeLayout@405bcf40
android.widget.RelativeLayout@405f10e8
android.widget.TextView: --
android.widget.TextView: 9
android.widget.TextView: time
android.widget.TextView: Report Price
android.widget.RelativeLayout@40628d38
android.widget.ImageView@405db5e0
android.widget.TextView: Shell
android.widget.TextView: 108 N IH-45 Service Rd & Dowdy Ferry Rd
android.widget.TextView: Hutchins, TX
android.widget.TextView: 3.96 mi
android.widget.TableLayout@406001a0
android.widget.TableRow@40671af8
android.widget.RelativeLayout@406467a0
android.widget.RelativeLayout@4065eef0
android.widget.TextView: --
android.widget.TextView: 9
android.widget.TextView: time
android.widget.TextView: Report Price
android.widget.RelativeLayout@40678420
android.widget.ImageView@4061ad60
android.widget.TextView: Exxon
android.widget.TextView: 104 S IH-45 & Dowdy Ferry Rd
android.widget.TextView: Hutchins, TX
android.widget.TextView: 3.96 mi
android.widget.TableLayout@40624010
android.widget.TableRow@40675390
android.widget.RelativeLayout@406847e8
android.widget.RelativeLayout@40697708
android.widget.TextView: 3.08
android.widget.TextView: 9
android.widget.TextView: 1 hour ago
android.widget.TextView: Update
android.widget.RelativeLayout@4069d430
android.widget.ImageView@406241c0
android.widget.TextView: QuikTrip
android.widget.TextView: 1235 Belt Line Rd & IH-35
android.widget.TextView: DeSoto, TX
android.widget.TextView: 4.06 mi
android.widget.TableLayout@40638988
android.widget.TableRow@4067b058
android.widget.RelativeLayout@406a2d50
android.widget.RelativeLayout@406a3240
android.widget.TextView: 3.08
android.widget.TextView: 9
android.widget.TextView: 6 hours ago
android.widget.TextView: Update
android.widget.RelativeLayout@406c9d78
android.widget.ImageView@406431d8
android.widget.TextView: Love's
android.widget.TextView: 2500 S IH-45   & E Fulghum Rd
android.widget.TextView: Hutchins, TX
android.widget.TextView: 4.07 mi
android.widget.TableLayout@406492d8
android.widget.TableRow@4067beb0
android.widget.RelativeLayout@406d20b8
android.widget.RelativeLayout@406f9ed8
android.widget.TextView: 3.09
android.widget.TextView: 9
android.widget.TextView: 9 hours ago
android.widget.TextView: Update
android.widget.RelativeLayout@40729110
android.widget.ImageView@4065f118
android.widget.TextView: Shell
android.widget.TextView: 1221 East Belt Line Rd & Alpine Dr
android.widget.TextView: DeSoto, TX
android.widget.TextView: 4.15 mi
android.widget.RelativeLayout@405ae168
android.widget.FrameLayout@405be3d0
android.widget.RelativeLayout@405e3a28
android.widget.LinearLayout@405ddae8
android.view.View@40703b90
android.widget.RelativeLayout@40667c48
android.widget.TextView: Regular
android.view.View@406d22f8
android.view.View@40700818
android.widget.RelativeLayout@406d24b0
android.widget.TextView: Midgrade
android.view.View@405883c0
android.view.View@40703930
android.widget.RelativeLayout@40588598
android.widget.TextView: Premium
android.view.View@406e55f0
android.view.View@40703a60
android.widget.RelativeLayout@406f2c60
android.widget.TextView: Diesel
android.view.View@407004f8
android.view.View@40703cb0
android.view.View@406b8c68
android.widget.LinearLayout@406b9058
android.widget.RelativeLayout@406b92a8
android.widget.ImageView@405c7918
android.widget.TextView: Reload
android.widget.RelativeLayout@4060ebf8
android.widget.ImageView@4058e568
android.widget.TextView: Sort By Price
android.widget.RelativeLayout@406c10a8
android.widget.ImageView@406ccda8
android.widget.TextView: Map View
android.view.View@406d5f68
gbis.gbandroid.views.layouts.CustomListView@40594200
android.widget.TableLayout@406492d8
android.widget.TableRow@4067beb0
android.widget.RelativeLayout@406d20b8
android.widget.RelativeLayout@406f9ed8
android.widget.TextView: 3.09
android.widget.TextView: 9
android.widget.TextView: 9 hours ago
android.widget.TextView: Update
android.widget.RelativeLayout@40729110
android.widget.ImageView@4065f118
android.widget.TextView: Shell
android.widget.TextView: 1221 East Belt Line Rd & Alpine Dr
android.widget.TextView: DeSoto, TX
android.widget.TextView: 4.15 mi
android.widget.TableLayout@40602bb0
android.widget.TableRow@406154e0
android.widget.RelativeLayout@4062e1b0
android.widget.RelativeLayout@40670530
android.widget.TextView: 3.09
android.widget.TextView: 9
android.widget.TextView: 10 hours ago
android.widget.TextView: Update
android.widget.RelativeLayout@406a4008
android.widget.ImageView@406e6d70
android.widget.TextView: Exxon
android.widget.TextView: 809 S Beckley  Ave & Parkerville Rd
android.widget.TextView: DeSoto, TX
android.widget.TextView: 4.53 mi
android.widget.TableLayout@406dce90
android.widget.TableRow@405d4678
android.widget.RelativeLayout@406548c8
android.widget.RelativeLayout@406a0d38
android.widget.TextView: --
android.widget.TextView: 9
android.widget.TextView: time
android.widget.TextView: Report Price
android.widget.RelativeLayout@4076d168
android.widget.ImageView@407aef18
android.widget.TextView: Exxon
android.widget.TextView: 7027 S R L Thornton Fwy & Camp Wisdom Rd
android.widget.TextView: Dallas, TX
android.widget.TextView: 4.61 mi
android.widget.TableLayout@40518280
android.widget.TableRow@406897f8
android.widget.RelativeLayout@4058a978
android.widget.RelativeLayout@406e5878
android.widget.TextView: --
android.widget.TextView: 9
android.widget.TextView: time
android.widget.TextView: Report Price
android.widget.RelativeLayout@4067cc90
android.widget.ImageView@4069e0e8
android.widget.TextView: 7-Eleven
android.widget.TextView: 1167 E Red Bird Ln & Houston School Rd
android.widget.TextView: Dallas, TX
android.widget.TextView: 4.7 mi
android.widget.TableLayout@406ab3d0
android.widget.TableRow@40587608
android.widget.RelativeLayout@40621d98
android.widget.RelativeLayout@405fe630
android.widget.TextView: --
android.widget.TextView: 9
android.widget.TextView: time
android.widget.TextView: Report Price
android.widget.RelativeLayout@40641868
android.widget.ImageView@406003d0
android.widget.TextView: Shell
android.widget.TextView: 7027 S R L Thornton Fwy & W Camp Wisdom Rd
android.widget.TextView: Dallas, TX
android.widget.TextView: 4.71 mi
android.widget.RelativeLayout@405ae168
android.widget.FrameLayout@405be3d0
android.widget.RelativeLayout@405e3a28
android.widget.LinearLayout@405ddae8
android.view.View@40703b90
android.widget.RelativeLayout@40667c48
android.widget.TextView: Regular
android.view.View@406d22f8
android.view.View@40700818
android.widget.RelativeLayout@406d24b0
android.widget.TextView: Midgrade
android.view.View@405883c0
android.view.View@40703930
android.widget.RelativeLayout@40588598
android.widget.TextView: Premium
android.view.View@406e55f0
android.view.View@40703a60
android.widget.RelativeLayout@406f2c60
android.widget.TextView: Diesel
android.view.View@407004f8
android.view.View@40703cb0
android.view.View@406b8c68
android.widget.LinearLayout@406b9058
android.widget.RelativeLayout@406b92a8
android.widget.ImageView@405c7918
android.widget.TextView: Reload
android.widget.RelativeLayout@4060ebf8
android.widget.ImageView@4058e568
android.widget.TextView: Sort By Price
android.widget.RelativeLayout@406c10a8
android.widget.ImageView@406ccda8
android.widget.TextView: Map View
android.view.View@406d5f68
gbis.gbandroid.views.layouts.CustomListView@40594200
android.widget.TableLayout@406ab3d0
android.widget.TableRow@40587608
android.widget.RelativeLayout@40621d98
android.widget.RelativeLayout@405fe630
android.widget.TextView: --
android.widget.TextView: 9
android.widget.TextView: time
android.widget.TextView: Report Price
android.widget.RelativeLayout@40641868
android.widget.ImageView@406003d0
android.widget.TextView: Shell
android.widget.TextView: 7027 S R L Thornton Fwy & W Camp Wisdom Rd
android.widget.TextView: Dallas, TX
android.widget.TextView: 4.71 mi
android.widget.TableLayout@40709738
android.widget.TableRow@4070fec8
android.widget.RelativeLayout@406c7fc8
android.widget.RelativeLayout@406c8360
android.widget.TextView: 3.09
android.widget.TextView: 9
android.widget.TextView: 1 hour ago
android.widget.TextView: Update
android.widget.RelativeLayout@406b0688
android.widget.ImageView@406b0a48
android.widget.TextView: Love's
android.widget.TextView: 8800 S Polk St  & IH-20
android.widget.TextView: Dallas, TX
android.widget.TextView: 4.73 mi
android.widget.TableLayout@406c8978
android.widget.TableRow@406c8ed0
android.widget.RelativeLayout@406cc030
android.widget.RelativeLayout@406cc408
android.widget.TextView: 3.29
android.widget.TextView: 9
android.widget.TextView: 1 hour ago
android.widget.TextView: Update
android.widget.RelativeLayout@406bb630
android.widget.ImageView@406bba08
android.widget.TextView: Exxon
android.widget.TextView: 8702 S Polk St & IH-20
android.widget.TextView: Dallas, TX
android.widget.TextView: 4.81 mi
android.widget.TableLayout@407b3360
android.widget.TableRow@4076b3f0
android.widget.RelativeLayout@40781cc0
android.widget.RelativeLayout@40782060
android.widget.TextView: 3.08
android.widget.TextView: 9
android.widget.TextView: 9 hours ago
android.widget.TextView: Update
android.widget.RelativeLayout@40699848
android.widget.ImageView@40617260
android.widget.TextView: 7-Eleven
android.widget.TextView: 757 E Belt Line Rd & Polk St
android.widget.TextView: DeSoto, TX
android.widget.TextView: 4.87 mi
android.widget.TableLayout@4061f4b0
android.widget.TableRow@4061f940
android.widget.RelativeLayout@4067fbd8
android.widget.RelativeLayout@4067ff70
android.widget.TextView: --
android.widget.TextView: 9
android.widget.TextView: time
android.widget.TextView: Report Price
android.widget.RelativeLayout@4067d6e0
android.widget.ImageView@4067daa0
android.widget.TextView: Texaco
android.widget.TextView: 2104 E Ledbetter Dr & Lancaster Rd
android.widget.TextView: Dallas, TX
android.widget.TextView: 4.96 mi
android.widget.RelativeLayout@405ae168
android.widget.FrameLayout@405be3d0
android.widget.RelativeLayout@405e3a28
android.widget.LinearLayout@405ddae8
android.view.View@40703b90
android.widget.RelativeLayout@40667c48
android.widget.TextView: Regular
android.view.View@406d22f8
android.view.View@40700818
android.widget.RelativeLayout@406d24b0
android.widget.TextView: Midgrade
android.view.View@405883c0
android.view.View@40703930
android.widget.RelativeLayout@40588598
android.widget.TextView: Premium
android.view.View@406e55f0
android.view.View@40703a60
android.widget.RelativeLayout@406f2c60
android.widget.TextView: Diesel
android.view.View@407004f8
android.view.View@40703cb0
android.view.View@406b8c68
android.widget.LinearLayout@406b9058
android.widget.RelativeLayout@406b92a8
android.widget.ImageView@405c7918
android.widget.TextView: Reload
android.widget.RelativeLayout@4060ebf8
android.widget.ImageView@4058e568
android.widget.TextView: Sort By Price
android.widget.RelativeLayout@406c10a8
android.widget.ImageView@406ccda8
android.widget.TextView: Map View
android.view.View@406d5f68
gbis.gbandroid.views.layouts.CustomListView@40594200
android.widget.TableLayout@407d22e0
android.widget.TableRow@407d28b0
android.widget.RelativeLayout@407d2f30
android.widget.RelativeLayout@407d3308
android.widget.TextView: --
android.widget.TextView: 9
android.widget.TextView: time
android.widget.TextView: Report Price
android.widget.RelativeLayout@407d4b18
android.widget.ImageView@407d4ef0
android.widget.TextView: Texaco
android.widget.TextView: 2104 E Ledbetter Dr & Lancaster Rd
android.widget.TextView: Dallas, TX
android.widget.TextView: 4.96 mi
android.widget.TableLayout@406b3638
android.widget.TableRow@406b3c08
android.widget.RelativeLayout@406b4288
android.widget.RelativeLayout@406b4660
android.widget.TextView: 3.19
android.widget.TextView: 9
android.widget.TextView: 1 hour ago
android.widget.TextView: Update
android.widget.RelativeLayout@407c5878
android.widget.ImageView@407c5c50
android.widget.TextView: Texaco
android.widget.TextView: 8008 S Polk St & Wheatland
android.widget.TextView: Dallas, TX
android.widget.TextView: 5 mi
android.widget.TableLayout@407606f0
android.widget.TableRow@40760c88
android.widget.RelativeLayout@40761308
android.widget.RelativeLayout@407616e0
android.widget.TextView: --
android.widget.TextView: 9
android.widget.TextView: time
android.widget.TextView: Report Price
android.widget.RelativeLayout@4075c3c8
android.widget.ImageView@4075c7a0
android.widget.TextView: Exxon
android.widget.TextView: 105 S IH-45 & Belt Line Rd
android.widget.TextView: Wilmer, TX
android.widget.TextView: 5.22 mi
android.widget.TableLayout@40605250
android.widget.TableRow@406d4618
android.widget.RelativeLayout@406d4c98
android.widget.RelativeLayout@406d5070
android.widget.TextView: --
android.widget.TextView: 9
android.widget.TextView: 1 hour ago
android.widget.TextView: Report Price
android.widget.RelativeLayout@4063d1d0
android.widget.ImageView@4063d5a8
android.widget.TextView: Shell
android.widget.TextView: 103 IH-45   & Belt Line Rd
android.widget.TextView: Wilmer, TX
android.widget.TextView: 5.26 mi
android.widget.TableLayout@4061f4b0
android.widget.TableRow@4061f940
android.widget.RelativeLayout@4067fbd8
android.widget.RelativeLayout@4067ff70
android.widget.TextView: --
android.widget.TextView: 9
android.widget.TextView: time
android.widget.TextView: Report Price
android.widget.RelativeLayout@4067d6e0
android.widget.ImageView@4067daa0
android.widget.TextView: Texaco
android.widget.TextView: 6005 S  R L Thornton Fwy & W Laureland Rd
android.widget.TextView: Dallas, TX
android.widget.TextView: 5.27 mi
android.widget.RelativeLayout@405ae168
android.widget.FrameLayout@405be3d0
android.widget.RelativeLayout@405e3a28
android.widget.LinearLayout@405ddae8
android.view.View@40703b90
android.widget.RelativeLayout@40667c48
android.widget.TextView: Regular
android.view.View@406d22f8
android.view.View@40700818
android.widget.RelativeLayout@406d24b0
android.widget.TextView: Midgrade
android.view.View@405883c0
android.view.View@40703930
android.widget.RelativeLayout@40588598
android.widget.TextView: Premium
android.view.View@406e55f0
android.view.View@40703a60
android.widget.RelativeLayout@406f2c60
android.widget.TextView: Diesel
android.view.View@407004f8
android.view.View@40703cb0
android.view.View@406b8c68
android.widget.LinearLayout@406b9058
android.widget.RelativeLayout@406b92a8
android.widget.ImageView@405c7918
android.widget.TextView: Reload
android.widget.RelativeLayout@4060ebf8
android.widget.ImageView@4058e568
android.widget.TextView: Sort By Price
android.widget.RelativeLayout@406c10a8
android.widget.ImageView@406ccda8
android.widget.TextView: Map View
android.view.View@406d5f68
gbis.gbandroid.views.layouts.CustomListView@40594200
android.widget.TableLayout@4061f4b0
android.widget.TableRow@4061f940
android.widget.RelativeLayout@4067fbd8
android.widget.RelativeLayout@4067ff70
android.widget.TextView: --
android.widget.TextView: 9
android.widget.TextView: time
android.widget.TextView: Report Price
android.widget.RelativeLayout@4067d6e0
android.widget.ImageView@4067daa0
android.widget.TextView: Texaco
android.widget.TextView: 6005 S  R L Thornton Fwy & W Laureland Rd
android.widget.TextView: Dallas, TX
android.widget.TextView: 5.27 mi
android.widget.TableLayout@4057bef0
android.widget.TableRow@4055d1f0
android.widget.RelativeLayout@405591c8
android.widget.RelativeLayout@4057e048
android.widget.TextView: --
android.widget.TextView: 9
android.widget.TextView: time
android.widget.TextView: Report Price
android.widget.RelativeLayout@405a3ae8
android.widget.ImageView@4054d500
android.widget.TextView: Conoco
android.widget.TextView: 5931 S IH-35E & Laureland Rd
android.widget.TextView: Dallas, TX
android.widget.TextView: 5.28 mi
android.widget.TableLayout@4057eab8
android.widget.TableRow@4058c238
android.widget.RelativeLayout@405e3728
android.widget.RelativeLayout@40610908
android.widget.TextView: --
android.widget.TextView: 9
android.widget.TextView: time
android.widget.TextView: Report Price
android.widget.RelativeLayout@40625900
android.widget.ImageView@4055a0c0
android.widget.TextView: Shell
android.widget.TextView: 1701 S Beckley Ave & Bear Creek Rd
android.widget.TextView: Glenn Heights, TX
android.widget.TextView: 5.28 mi
android.widget.TableLayout@405816e0
android.widget.TableRow@40606280
android.widget.RelativeLayout@4062be10
android.widget.RelativeLayout@40641378
android.widget.TextView: --
android.widget.TextView: 9
android.widget.TextView: time
android.widget.TextView: Report Price
android.widget.RelativeLayout@4065f428
android.widget.ImageView@4059fcc0
android.widget.TextView: Valero
android.widget.TextView: 2860 E Ledbetter Dr & Bonnie View Rd
android.widget.TextView: Dallas, TX
android.widget.TextView: 5.3 mi
android.widget.TableLayout@405842f8
android.widget.TableRow@40613358
android.widget.RelativeLayout@4067aea0
android.widget.RelativeLayout@4069d430
android.widget.TextView: --
android.widget.TextView: 9
android.widget.TextView: time
android.widget.TextView: Report Price
android.widget.RelativeLayout@406a4008
android.widget.ImageView@406431d8
android.widget.TextView: Texaco
android.widget.TextView: 104 E Belt Line Rd & IH-45
android.widget.TextView: Wilmer, TX
android.widget.TextView: 5.31 mi
android.widget.RelativeLayout@405ae168
android.widget.FrameLayout@405be3d0
android.widget.RelativeLayout@405e3a28
android.widget.LinearLayout@405ddae8
android.view.View@40703b90
android.widget.RelativeLayout@40667c48
android.widget.TextView: Regular
android.view.View@406d22f8
android.view.View@40700818
android.widget.RelativeLayout@406d24b0
android.widget.TextView: Midgrade
android.view.View@405883c0
android.view.View@40703930
android.widget.RelativeLayout@40588598
android.widget.TextView: Premium
android.view.View@406e55f0
android.view.View@40703a60
android.widget.RelativeLayout@406f2c60
android.widget.TextView: Diesel
android.view.View@407004f8
android.view.View@40703cb0
android.view.View@406b8c68
android.widget.LinearLayout@406b9058
android.widget.RelativeLayout@406b92a8
android.widget.ImageView@405c7918
android.widget.TextView: Reload
android.widget.RelativeLayout@4060ebf8
android.widget.ImageView@4058e568
android.widget.TextView: Sort By Price
android.widget.RelativeLayout@406c10a8
android.widget.ImageView@406ccda8
android.widget.TextView: Map View
android.view.View@406d5f68
gbis.gbandroid.views.layouts.CustomListView@40594200
android.widget.TableLayout@4057eab8
android.widget.TableRow@4058c238
android.widget.RelativeLayout@405e3728
android.widget.RelativeLayout@40610908
android.widget.TextView: --
android.widget.TextView: 9
android.widget.TextView: time
android.widget.TextView: Report Price
android.widget.RelativeLayout@40625900
android.widget.ImageView@4055a0c0
android.widget.TextView: Shell
android.widget.TextView: 1701 S Beckley Ave & Bear Creek Rd
android.widget.TextView: Glenn Heights, TX
android.widget.TextView: 5.28 mi
android.widget.TableLayout@405816e0
android.widget.TableRow@40606280
android.widget.RelativeLayout@4062be10
android.widget.RelativeLayout@40641378
android.widget.TextView: --
android.widget.TextView: 9
android.widget.TextView: time
android.widget.TextView: Report Price
android.widget.RelativeLayout@4065f428
android.widget.ImageView@4059fcc0
android.widget.TextView: Valero
android.widget.TextView: 2860 E Ledbetter Dr & Bonnie View Rd
android.widget.TextView: Dallas, TX
android.widget.TextView: 5.3 mi
android.widget.TableLayout@405842f8
android.widget.TableRow@40613358
android.widget.RelativeLayout@4067aea0
android.widget.RelativeLayout@4069d430
android.widget.TextView: --
android.widget.TextView: 9
android.widget.TextView: time
android.widget.TextView: Report Price
android.widget.RelativeLayout@406a4008
android.widget.ImageView@406431d8
android.widget.TextView: Texaco
android.widget.TextView: 104 E Belt Line Rd & IH-45
android.widget.TextView: Wilmer, TX
android.widget.TextView: 5.31 mi
android.widget.TableLayout@4058ab28
android.widget.TableRow@40628d38
android.widget.RelativeLayout@406c0040
android.widget.RelativeLayout@406fb8b0
android.widget.TextView: --
android.widget.TextView: 9
android.widget.TextView: time
android.widget.TextView: Report Price
android.widget.RelativeLayout@40707250
android.widget.ImageView@4065f118
android.widget.TextView: 7-Eleven
android.widget.TextView: 2911 E Ledbetter Dr & Sunnyvale St
android.widget.TextView: Dallas, TX
android.widget.TextView: 5.35 mi
android.widget.TableLayout@405b8d28
android.widget.TableRow@406001a0
android.widget.RelativeLayout@4063c0b8
android.widget.RelativeLayout@40648758
android.widget.TextView: 3.07
android.widget.TextView: 9
android.widget.TextView: 4 hours ago
android.widget.TextView: Update
android.widget.RelativeLayout@4068fb90
android.widget.ImageView@40697ff0
android.widget.TextView: Tom Thumb
android.widget.TextView: 214 E Pleasant Run Rd & Hampton Rd
android.widget.TextView: DeSoto, TX
android.widget.TextView: 5.42 mi
android.widget.RelativeLayout@405ae168
