android.widget.FrameLayout@4055c7b8
android.widget.RelativeLayout@405e7c40
android.widget.LinearLayout@4058a4f8
android.view.View@40707558
android.widget.RelativeLayout@406cf970
android.widget.TextView: Regular
android.view.View@406d9ca8
android.view.View@40707198
android.widget.RelativeLayout@406dd980
android.widget.TextView: Midgrade
android.view.View@406e7e50
android.view.View@407072f8
android.widget.RelativeLayout@4070a238
android.widget.TextView: Premium
android.view.View@4070dba8
android.view.View@40707428
android.widget.RelativeLayout@4070dd98
android.widget.TextView: Diesel
android.view.View@40706e60
android.view.View@406e1008
android.view.View@406414c8
android.widget.LinearLayout@406500b8
android.widget.RelativeLayout@406605e0
android.widget.ImageView@4063a178
android.widget.TextView: Reload
android.widget.RelativeLayout@406665b8
android.widget.ImageView@4058d7e0
android.widget.TextView: Sort By Price
android.widget.RelativeLayout@4065b980
android.widget.ImageView@40587330
android.widget.TextView: Map View
android.view.View@406b7a18
gbis.gbandroid.views.layouts.CustomListView@4068a5c0
android.widget.RelativeLayout@406e2478
com.google.ads.AdView@406f0020
android.gesture.GestureOverlayView@406436b0
android.widget.FrameLayout@406f36b0
com.google.ads.internal.AdWebView@40704970
android.widget.TableLayout@4073ef30
android.widget.TableRow@4073f500
android.widget.RelativeLayout@4073fbc0
android.widget.RelativeLayout@4073ff98
android.widget.TextView: 3.19
android.widget.TextView: 9
android.widget.TextView: 22 hours ago
android.widget.TextView: Update
android.widget.RelativeLayout@407417a8
android.widget.ImageView@40741b80
android.widget.TextView: Texaco
android.widget.TextView: 1030 US-67 N  & Joe Wilson Rd
android.widget.TextView: Cedar Hill, TX
android.widget.TextView: 0.04 mi
android.widget.TableLayout@4072e110
android.widget.TableRow@4072e6e0
android.widget.RelativeLayout@4072eda0
android.widget.RelativeLayout@4072f178
android.widget.TextView: 3.15
android.widget.TextView: 9
android.widget.TextView: 11 hours ago
android.widget.TextView: Update
android.widget.RelativeLayout@40730988
android.widget.ImageView@40730d60
android.widget.TextView: Quick Track
android.widget.TextView: 920 N US-67 & E Pleasant Run Rd
android.widget.TextView: Cedar Hill, TX
android.widget.TextView: 0.37 mi
android.widget.TableLayout@4065a7c0
android.widget.TableRow@4065ad90
android.widget.RelativeLayout@4065db10
android.widget.RelativeLayout@4065dee8
android.widget.TextView: 3.16
android.widget.TextView: 9
android.widget.TextView: Mon 6:38 AM
android.widget.TextView: Update
android.widget.RelativeLayout@406afe58
android.widget.ImageView@406b0230
android.widget.TextView: Exxon
android.widget.TextView: 310 W US-67 & W Wintergreen Rd
android.widget.TextView: Duncanville, TX
android.widget.TextView: 0.99 mi
android.widget.TableLayout@40709720
android.widget.TableRow@4070ce08
android.widget.RelativeLayout@4070ff58
android.widget.RelativeLayout@40710408
android.widget.TextView: 3.06
android.widget.TextView: 9
android.widget.TextView: 35 minutes ago
android.widget.TextView: Update
android.widget.RelativeLayout@407168a8
android.widget.ImageView@40716cc8
android.widget.TextView: Costco
android.widget.TextView: 250 W US-67 & Main St
android.widget.TextView: Duncanville, TX
android.widget.TextView: 1.19 mi
android.widget.RelativeLayout@406db238
android.widget.FrameLayout@4055c7b8
android.widget.RelativeLayout@405e7c40
android.widget.LinearLayout@4058a4f8
android.view.View@40707558
android.widget.RelativeLayout@406cf970
android.widget.TextView: Regular
android.view.View@406d9ca8
android.view.View@40707198
android.widget.RelativeLayout@406dd980
android.widget.TextView: Midgrade
android.view.View@406e7e50
android.view.View@407072f8
android.widget.RelativeLayout@4070a238
android.widget.TextView: Premium
android.view.View@4070dba8
android.view.View@40707428
android.widget.RelativeLayout@4070dd98
android.widget.TextView: Diesel
android.view.View@40706e60
android.view.View@406e1008
android.view.View@406414c8
android.widget.LinearLayout@406500b8
android.widget.RelativeLayout@406605e0
android.widget.ImageView@4063a178
android.widget.TextView: Reload
android.widget.RelativeLayout@406665b8
android.widget.ImageView@4058d7e0
android.widget.TextView: Sort By Price
android.widget.RelativeLayout@4065b980
android.widget.ImageView@40587330
android.widget.TextView: Map View
android.view.View@406b7a18
gbis.gbandroid.views.layouts.CustomListView@4068a5c0
android.widget.TableLayout@40709720
android.widget.TableRow@4070ce08
android.widget.RelativeLayout@4070ff58
android.widget.RelativeLayout@40710408
android.widget.TextView: 3.06
android.widget.TextView: 9
android.widget.TextView: 35 minutes ago
android.widget.TextView: Update
android.widget.RelativeLayout@407168a8
android.widget.ImageView@40716cc8
android.widget.TextView: Costco
android.widget.TextView: 250 W US-67 & Main St
android.widget.TextView: Duncanville, TX
android.widget.TextView: 1.19 mi
android.widget.TableLayout@4057a8e0
android.widget.TableRow@4050f500
android.widget.RelativeLayout@40510a48
android.widget.RelativeLayout@40552e90
android.widget.TextView: 3.14
android.widget.TextView: 9
android.widget.TextView: 8 hours ago
android.widget.TextView: Update
android.widget.RelativeLayout@4058b1d0
android.widget.ImageView@405af1a8
android.widget.TextView: Chevron
android.widget.TextView: 400 N US-67 & FM-1382
android.widget.TextView: Cedar Hill, TX
android.widget.TextView: 1.23 mi
android.widget.TableLayout@4057d508
android.widget.TableRow@4059f968
android.widget.RelativeLayout@40596b38
android.widget.RelativeLayout@405bfdd0
android.widget.TextView: 3.08
android.widget.TextView: 9
android.widget.TextView: 10 hours ago
android.widget.TextView: Update
android.widget.RelativeLayout@405fe858
android.widget.ImageView@405f0398
android.widget.TextView: Valero
android.widget.TextView: 210 E FM-1382 & N Clark Rd
android.widget.TextView: Cedar Hill, TX
android.widget.TextView: 1.25 mi
android.widget.TableLayout@40580138
android.widget.TableRow@405e4980
android.widget.RelativeLayout@4061cec8
android.widget.RelativeLayout@40623fa8
android.widget.TextView: 3.07
android.widget.TextView: 9
android.widget.TextView: 40 minutes ago
android.widget.TextView: Update
android.widget.RelativeLayout@4064ee00
android.widget.ImageView@4061f010
android.widget.TextView: Murphy USA
android.widget.TextView: 605 Uptown Blvd & FM-1382
android.widget.TextView: Cedar Hill, TX
android.widget.TextView: 1.3 mi
android.widget.TableLayout@40581f30
android.widget.TableRow@40602e38
android.widget.RelativeLayout@4066ae40
android.widget.RelativeLayout@406b44a8
android.widget.TextView: 3.08
android.widget.TextView: 9
android.widget.TextView: 34 minutes ago
android.widget.TextView: Update
android.widget.RelativeLayout@406b6820
android.widget.ImageView@40661220
android.widget.TextView: Valero
android.widget.TextView: 401 E FM-1382 & US-67
android.widget.TextView: Cedar Hill, TX
android.widget.TextView: 1.31 mi
android.widget.RelativeLayout@406db238
android.widget.FrameLayout@4055c7b8
android.widget.RelativeLayout@405e7c40
android.widget.LinearLayout@4058a4f8
android.view.View@40707558
android.widget.RelativeLayout@406cf970
android.widget.TextView: Regular
android.view.View@406d9ca8
android.view.View@40707198
android.widget.RelativeLayout@406dd980
android.widget.TextView: Midgrade
android.view.View@406e7e50
android.view.View@407072f8
android.widget.RelativeLayout@4070a238
android.widget.TextView: Premium
android.view.View@4070dba8
android.view.View@40707428
android.widget.RelativeLayout@4070dd98
android.widget.TextView: Diesel
android.view.View@40706e60
android.view.View@406e1008
android.view.View@406414c8
android.widget.LinearLayout@406500b8
android.widget.RelativeLayout@406605e0
android.widget.ImageView@4063a178
android.widget.TextView: Reload
android.widget.RelativeLayout@406665b8
android.widget.ImageView@4058d7e0
android.widget.TextView: Sort By Price
android.widget.RelativeLayout@4065b980
android.widget.ImageView@40587330
android.widget.TextView: Map View
android.view.View@406b7a18
gbis.gbandroid.views.layouts.CustomListView@4068a5c0
android.widget.TableLayout@40581f30
android.widget.TableRow@40602e38
android.widget.RelativeLayout@4066ae40
android.widget.RelativeLayout@406b44a8
android.widget.TextView: 3.08
android.widget.TextView: 9
android.widget.TextView: 34 minutes ago
android.widget.TextView: Update
android.widget.RelativeLayout@406b6820
android.widget.ImageView@40661220
android.widget.TextView: Valero
android.widget.TextView: 401 E FM-1382 & US-67
android.widget.TextView: Cedar Hill, TX
android.widget.TextView: 1.31 mi
android.widget.TableLayout@4061d458
android.widget.TableRow@4062b498
android.widget.RelativeLayout@40634660
android.widget.RelativeLayout@4063c6a0
android.widget.TextView: 3.19
android.widget.TextView: 9
android.widget.TextView: 14 hours ago
android.widget.TextView: Update
android.widget.RelativeLayout@40667548
android.widget.ImageView@4066b3c8
android.widget.TextView: Exxon
android.widget.TextView: 710 E Belt Line Rd & N Joe Wilson Rd
android.widget.TextView: Cedar Hill, TX
android.widget.TextView: 1.31 mi
android.widget.TableLayout@40615790
android.widget.TableRow@406483f0
android.widget.RelativeLayout@4066e8e0
android.widget.RelativeLayout@40675b68
android.widget.TextView: 3.19
android.widget.TextView: 9
android.widget.TextView: 30 minutes ago
android.widget.TextView: Update
android.widget.RelativeLayout@4060c4f8
android.widget.ImageView@40624a68
android.widget.TextView: Shell
android.widget.TextView: 489 FM-1382 & N Cannady Dr
android.widget.TextView: Cedar Hill, TX
android.widget.TextView: 1.36 mi
android.widget.TableLayout@40652108
android.widget.TableRow@405db178
android.widget.RelativeLayout@40743f98
android.widget.RelativeLayout@4078f318
android.widget.TextView: --
android.widget.TextView: 9
android.widget.TextView: time
android.widget.TextView: Report Price
android.widget.RelativeLayout@40601fb0
android.widget.ImageView@40643d80
android.widget.TextView: Shell
android.widget.TextView: 1944 S Main St & US-67
android.widget.TextView: Duncanville, TX
android.widget.TextView: 1.41 mi
android.widget.TableLayout@40580f38
android.widget.TableRow@40630e98
android.widget.RelativeLayout@40582490
android.widget.RelativeLayout@405ffac0
android.widget.TextView: 3.13
android.widget.TextView: 9
android.widget.TextView: 33 minutes ago
android.widget.TextView: Update
android.widget.RelativeLayout@40619ab0
android.widget.ImageView@4061f5e0
android.widget.TextView: Shamrock
android.widget.TextView: 1703 S Main St & Softwood Dr
android.widget.TextView: Duncanville, TX
android.widget.TextView: 1.63 mi
android.widget.RelativeLayout@406db238
android.widget.FrameLayout@4055c7b8
android.widget.RelativeLayout@405e7c40
android.widget.LinearLayout@4058a4f8
android.view.View@40707558
android.widget.RelativeLayout@406cf970
android.widget.TextView: Regular
android.view.View@406d9ca8
android.view.View@40707198
android.widget.RelativeLayout@406dd980
android.widget.TextView: Midgrade
android.view.View@406e7e50
android.view.View@407072f8
android.widget.RelativeLayout@4070a238
android.widget.TextView: Premium
android.view.View@4070dba8
android.view.View@40707428
android.widget.RelativeLayout@4070dd98
android.widget.TextView: Diesel
android.view.View@40706e60
android.view.View@406e1008
android.view.View@406414c8
android.widget.LinearLayout@406500b8
android.widget.RelativeLayout@406605e0
android.widget.ImageView@4063a178
android.widget.TextView: Reload
android.widget.RelativeLayout@406665b8
android.widget.ImageView@4058d7e0
android.widget.TextView: Sort By Price
android.widget.RelativeLayout@4065b980
android.widget.ImageView@40587330
android.widget.TextView: Map View
android.view.View@406b7a18
gbis.gbandroid.views.layouts.CustomListView@4068a5c0
android.widget.TableLayout@40580f38
android.widget.TableRow@40630e98
android.widget.RelativeLayout@40582490
android.widget.RelativeLayout@405ffac0
android.widget.TextView: 3.13
android.widget.TextView: 9
android.widget.TextView: 33 minutes ago
android.widget.TextView: Update
android.widget.RelativeLayout@40619ab0
android.widget.ImageView@4061f5e0
android.widget.TextView: Shamrock
android.widget.TextView: 1703 S Main St & Softwood Dr
android.widget.TextView: Duncanville, TX
android.widget.TextView: 1.63 mi
android.widget.TableLayout@406fdb60
android.widget.TableRow@40664e60
android.widget.RelativeLayout@40637e58
android.widget.RelativeLayout@406642f8
android.widget.TextView: 3.19
android.widget.TextView: 9
android.widget.TextView: 10 hours ago
android.widget.TextView: Update
android.widget.RelativeLayout@405829a8
android.widget.ImageView@40615ac8
android.widget.TextView: Prism
android.widget.TextView: 102 E Belt Line Rd & S Clark Rd
android.widget.TextView: Cedar Hill, TX
android.widget.TextView: 1.65 mi
android.widget.TableLayout@4063b848
android.widget.TableRow@4061b658
android.widget.RelativeLayout@40666a70
android.widget.RelativeLayout@4065c480
android.widget.TextView: 3.22
android.widget.TextView: 9
android.widget.TextView: 1 hour ago
android.widget.TextView: Update
android.widget.RelativeLayout@40636c08
android.widget.ImageView@406524e0
android.widget.TextView: Shell
android.widget.TextView: 100 US-67 & W Belt Line Rd
android.widget.TextView: Cedar Hill, TX
android.widget.TextView: 1.71 mi
android.widget.TableLayout@4058ea60
android.widget.TableRow@4067a798
android.widget.RelativeLayout@406f7940
android.widget.RelativeLayout@406a8658
android.widget.TextView: 3.15
android.widget.TextView: 9
android.widget.TextView: 10 hours ago
android.widget.TextView: Update
android.widget.RelativeLayout@4068b100
android.widget.ImageView@4063d8e0
android.widget.TextView: Alon
android.widget.TextView: 207 S Clark Rd & Bristol Dr
android.widget.TextView: Cedar Hill, TX
android.widget.TextView: 1.81 mi
android.widget.TableLayout@4060b258
android.widget.TableRow@40610fa8
android.widget.RelativeLayout@40613d38
android.widget.RelativeLayout@40619538
android.widget.TextView: 3.17
android.widget.TextView: 9
android.widget.TextView: 11 hours ago
android.widget.TextView: Update
android.widget.RelativeLayout@4062e9c8
android.widget.ImageView@40634178
android.widget.TextView: Valero
android.widget.TextView: 1502 S Clark Rd & W Danieldale Rd
android.widget.TextView: Duncanville, TX
android.widget.TextView: 1.95 mi
android.widget.RelativeLayout@406db238
android.widget.FrameLayout@4055c7b8
android.widget.RelativeLayout@405e7c40
android.widget.LinearLayout@4058a4f8
android.view.View@40707558
android.widget.RelativeLayout@406cf970
android.widget.TextView: Regular
android.view.View@406d9ca8
android.view.View@40707198
android.widget.RelativeLayout@406dd980
android.widget.TextView: Midgrade
android.view.View@406e7e50
android.view.View@407072f8
android.widget.RelativeLayout@4070a238
android.widget.TextView: Premium
android.view.View@4070dba8
android.view.View@40707428
android.widget.RelativeLayout@4070dd98
android.widget.TextView: Diesel
android.view.View@40706e60
android.view.View@406e1008
android.view.View@406414c8
android.widget.LinearLayout@406500b8
android.widget.RelativeLayout@406605e0
android.widget.ImageView@4063a178
android.widget.TextView: Reload
android.widget.RelativeLayout@406665b8
android.widget.ImageView@4058d7e0
android.widget.TextView: Sort By Price
android.widget.RelativeLayout@4065b980
android.widget.ImageView@40587330
android.widget.TextView: Map View
android.view.View@406b7a18
gbis.gbandroid.views.layouts.CustomListView@4068a5c0
android.widget.TableLayout@4060b258
android.widget.TableRow@40610fa8
android.widget.RelativeLayout@40613d38
android.widget.RelativeLayout@40619538
android.widget.TextView: 3.17
android.widget.TextView: 9
android.widget.TextView: 11 hours ago
android.widget.TextView: Update
android.widget.RelativeLayout@4062e9c8
android.widget.ImageView@40634178
android.widget.TextView: Valero
android.widget.TextView: 1502 S Clark Rd & W Danieldale Rd
android.widget.TextView: Duncanville, TX
android.widget.TextView: 1.95 mi
android.widget.TableLayout@40645f60
android.widget.TableRow@4062cd70
android.widget.RelativeLayout@4066cf58
android.widget.RelativeLayout@4066d330
android.widget.TextView: 3.29
android.widget.TextView: 9
android.widget.TextView: 23 hours ago
android.widget.TextView: Update
android.widget.RelativeLayout@40650fc8
android.widget.ImageView@40651380
android.widget.TextView: Conoco
android.widget.TextView: 1430 S Clark Rd & W Danieldale Rd
android.widget.TextView: Duncanville, TX
android.widget.TextView: 1.98 mi
android.widget.TableLayout@4057bcb8
android.widget.TableRow@4057c1f0
android.widget.RelativeLayout@406271d8
android.widget.RelativeLayout@40629a90
android.widget.TextView: 3.09
android.widget.TextView: 9
android.widget.TextView: 33 minutes ago
android.widget.TextView: Update
android.widget.RelativeLayout@40677d38
android.widget.ImageView@406806b8
android.widget.TextView: Chevron
android.widget.TextView: 103 W Danieldale Rd & Main St
android.widget.TextView: Duncanville, TX
android.widget.TextView: 1.99 mi
android.widget.TableLayout@406f2b68
android.widget.TableRow@406f3040
android.widget.RelativeLayout@406f64f0
android.widget.RelativeLayout@406f68c8
android.widget.TextView: 3.16
android.widget.TextView: 9
android.widget.TextView: 11 hours ago
android.widget.TextView: Update
android.widget.RelativeLayout@406beae0
android.widget.ImageView@406beeb8
android.widget.TextView: Exxon
android.widget.TextView: 447 E US-67 & Danieldale Rd
android.widget.TextView: Duncanville, TX
android.widget.TextView: 2.14 mi
android.widget.TableLayout@4057a8e0
android.widget.TableRow@4050f500
android.widget.RelativeLayout@40510a48
android.widget.RelativeLayout@40552e90
android.widget.TextView: 3.16
android.widget.TextView: 9
android.widget.TextView: 1 hour ago
android.widget.TextView: Update
android.widget.RelativeLayout@4058b1d0
android.widget.ImageView@405af1a8
android.widget.TextView: Texaco
android.widget.TextView: 271 S US-67   & Cooper St
android.widget.TextView: Cedar Hill, TX
android.widget.TextView: 2.15 mi
android.widget.RelativeLayout@406db238
android.widget.FrameLayout@4055c7b8
android.widget.RelativeLayout@405e7c40
android.widget.LinearLayout@4058a4f8
android.view.View@40707558
android.widget.RelativeLayout@406cf970
android.widget.TextView: Regular
android.view.View@406d9ca8
android.view.View@40707198
android.widget.RelativeLayout@406dd980
android.widget.TextView: Midgrade
android.view.View@406e7e50
android.view.View@407072f8
android.widget.RelativeLayout@4070a238
android.widget.TextView: Premium
android.view.View@4070dba8
android.view.View@40707428
android.widget.RelativeLayout@4070dd98
android.widget.TextView: Diesel
android.view.View@40706e60
android.view.View@406e1008
android.view.View@406414c8
android.widget.LinearLayout@406500b8
android.widget.RelativeLayout@406605e0
android.widget.ImageView@4063a178
android.widget.TextView: Reload
android.widget.RelativeLayout@406665b8
android.widget.ImageView@4058d7e0
android.widget.TextView: Sort By Price
android.widget.RelativeLayout@4065b980
android.widget.ImageView@40587330
android.widget.TextView: Map View
android.view.View@406b7a18
gbis.gbandroid.views.layouts.CustomListView@4068a5c0
android.widget.TableLayout@40583f18
android.widget.TableRow@4061a858
android.widget.RelativeLayout@40675b68
android.widget.RelativeLayout@40680f40
android.widget.TextView: 3.16
android.widget.TextView: 9
android.widget.TextView: 1 hour ago
android.widget.TextView: Update
android.widget.RelativeLayout@40706b88
android.widget.ImageView@4061f010
android.widget.TextView: Texaco
android.widget.TextView: 271 S US-67   & Cooper St
android.widget.TextView: Cedar Hill, TX
android.widget.TextView: 2.15 mi
android.widget.TableLayout@40582d30
android.widget.TableRow@40615fe8
android.widget.RelativeLayout@40638fb0
android.widget.RelativeLayout@4066b218
android.widget.TextView: 3.19
android.widget.TextView: 9
android.widget.TextView: 11 hours ago
android.widget.TextView: Update
android.widget.RelativeLayout@4066e8e0
android.widget.ImageView@405f4028
android.widget.TextView: Phillips 66
android.widget.TextView: 454 E US-67 & Danieldale Rd
android.widget.TextView: Duncanville, TX
android.widget.TextView: 2.23 mi
android.widget.TableLayout@40580138
android.widget.TableRow@405e4980
android.widget.RelativeLayout@40602fd8
android.widget.RelativeLayout@4060c4f8
android.widget.TextView: 3.16
android.widget.TextView: 9
android.widget.TextView: 10 hours ago
android.widget.TextView: Update
android.widget.RelativeLayout@40623fa8
android.widget.ImageView@405f0398
android.widget.TextView: Shell
android.widget.TextView: 1422 Acton Ave & US-67
android.widget.TextView: Duncanville, TX
android.widget.TextView: 2.27 mi
android.widget.TableLayout@4057d508
android.widget.TableRow@4059f968
android.widget.RelativeLayout@40596b38
android.widget.RelativeLayout@405bfdd0
android.widget.TextView: 3.07
android.widget.TextView: 9
android.widget.TextView: 9 hours ago
android.widget.TextView: Update
android.widget.RelativeLayout@405c4198
android.widget.ImageView@405bd000
android.widget.TextView: Valero
android.widget.TextView: 1300 W Belt Line Rd & Cockrell Hill Rd
android.widget.TextView: DeSoto, TX
android.widget.TextView: 2.36 mi
android.widget.TableLayout@4057a8e0
android.widget.TableRow@4050f500
android.widget.RelativeLayout@40510a48
android.widget.RelativeLayout@40552e90
android.widget.TextView: 3.11
android.widget.TextView: 9
android.widget.TextView: 20 hours ago
android.widget.TextView: Update
android.widget.RelativeLayout@4058b1d0
android.widget.ImageView@405af1a8
android.widget.TextView: Tom Thumb
android.widget.TextView: 633 W Wheatland Rd & Cedar Ridge Dr
android.widget.TextView: Duncanville, TX
android.widget.TextView: 2.71 mi
android.widget.RelativeLayout@406db238
android.widget.FrameLayout@4055c7b8
android.widget.RelativeLayout@405e7c40
android.widget.LinearLayout@4058a4f8
android.view.View@40707558
android.widget.RelativeLayout@406cf970
android.widget.TextView: Regular
android.view.View@406d9ca8
android.view.View@40707198
android.widget.RelativeLayout@406dd980
android.widget.TextView: Midgrade
android.view.View@406e7e50
android.view.View@407072f8
android.widget.RelativeLayout@4070a238
android.widget.TextView: Premium
android.view.View@4070dba8
android.view.View@40707428
android.widget.RelativeLayout@4070dd98
android.widget.TextView: Diesel
android.view.View@40706e60
android.view.View@406e1008
android.view.View@406414c8
android.widget.LinearLayout@406500b8
android.widget.RelativeLayout@406605e0
android.widget.ImageView@4063a178
android.widget.TextView: Reload
android.widget.RelativeLayout@406665b8
android.widget.ImageView@4058d7e0
android.widget.TextView: Sort By Price
android.widget.RelativeLayout@4065b980
android.widget.ImageView@40587330
android.widget.TextView: Map View
android.view.View@406b7a18
gbis.gbandroid.views.layouts.CustomListView@4068a5c0
android.widget.TableLayout@4057a8e0
android.widget.TableRow@4050f500
android.widget.RelativeLayout@40510a48
android.widget.RelativeLayout@40552e90
android.widget.TextView: 3.11
android.widget.TextView: 9
android.widget.TextView: 20 hours ago
android.widget.TextView: Update
android.widget.RelativeLayout@4058b1d0
android.widget.ImageView@405af1a8
android.widget.TextView: Tom Thumb
android.widget.TextView: 633 W Wheatland Rd & Cedar Ridge Dr
android.widget.TextView: Duncanville, TX
android.widget.TextView: 2.71 mi
android.widget.TableLayout@406785b8
android.widget.TableRow@40700e48
android.widget.RelativeLayout@40709720
android.widget.RelativeLayout@40603ad8
android.widget.TextView: --
android.widget.TextView: 9
android.widget.TextView: time
android.widget.TextView: Report Price
android.widget.RelativeLayout@405e7500
android.widget.ImageView@4067b108
android.widget.TextView: Conoco
android.widget.TextView: 703 S Main St & W Wheatland Rd
android.widget.TextView: Duncanville, TX
android.widget.TextView: 2.74 mi
android.widget.TableLayout@406dd748
android.widget.TableRow@4067aad8
android.widget.RelativeLayout@40649ab0
android.widget.RelativeLayout@406b0c08
android.widget.TextView: 3.19
android.widget.TextView: 9
android.widget.TextView: 20 hours ago
android.widget.TextView: Update
android.widget.RelativeLayout@4068a960
android.widget.ImageView@406ede48
android.widget.TextView: 7-Eleven
android.widget.TextView: 615 S Main St & W Wheatland Rd
android.widget.TextView: Duncanville, TX
android.widget.TextView: 2.76 mi
android.widget.TableLayout@4069c328
android.widget.TableRow@406f7510
android.widget.RelativeLayout@4069d470
android.widget.RelativeLayout@406eade8
android.widget.TextView: 3.17
android.widget.TextView: 9
android.widget.TextView: Mon 1:06 PM
android.widget.TextView: Update
android.widget.RelativeLayout@4076c4a8
android.widget.ImageView@4056ead8
android.widget.TextView: Chevron
android.widget.TextView: 8817 Clark Rd & Wheatland Rd
android.widget.TextView: Dallas, TX
android.widget.TextView: 2.83 mi
android.widget.TableLayout@40602ad0
android.widget.TableRow@406397d0
android.widget.RelativeLayout@406b69c0
android.widget.RelativeLayout@4060c7a0
android.widget.TextView: --
android.widget.TextView: 9
android.widget.TextView: time
android.widget.TextView: Report Price
android.widget.RelativeLayout@407517b0
android.widget.ImageView@4057c840
android.widget.TextView: Shell
android.widget.TextView: 602 S Clark Rd & Wheatland Rd
android.widget.TextView: Duncanville, TX
android.widget.TextView: 2.83 mi
android.widget.RelativeLayout@406db238
android.widget.FrameLayout@4055c7b8
android.widget.RelativeLayout@405e7c40
android.widget.LinearLayout@4058a4f8
android.view.View@40707558
android.widget.RelativeLayout@406cf970
android.widget.TextView: Regular
android.view.View@406d9ca8
android.view.View@40707198
android.widget.RelativeLayout@406dd980
android.widget.TextView: Midgrade
android.view.View@406e7e50
android.view.View@407072f8
android.widget.RelativeLayout@4070a238
android.widget.TextView: Premium
android.view.View@4070dba8
android.view.View@40707428
android.widget.RelativeLayout@4070dd98
android.widget.TextView: Diesel
android.view.View@40706e60
android.view.View@406e1008
android.view.View@406414c8
android.widget.LinearLayout@406500b8
android.widget.RelativeLayout@406605e0
android.widget.ImageView@4063a178
android.widget.TextView: Reload
android.widget.RelativeLayout@406665b8
android.widget.ImageView@4058d7e0
android.widget.TextView: Sort By Price
android.widget.RelativeLayout@4065b980
android.widget.ImageView@40587330
android.widget.TextView: Map View
android.view.View@406b7a18
gbis.gbandroid.views.layouts.CustomListView@4068a5c0
android.widget.TableLayout@40602ad0
android.widget.TableRow@406397d0
android.widget.RelativeLayout@406b69c0
android.widget.RelativeLayout@4060c7a0
android.widget.TextView: --
android.widget.TextView: 9
android.widget.TextView: time
android.widget.TextView: Report Price
android.widget.RelativeLayout@407517b0
android.widget.ImageView@4057c840
android.widget.TextView: Shell
android.widget.TextView: 602 S Clark Rd & Wheatland Rd
android.widget.TextView: Duncanville, TX
android.widget.TextView: 2.83 mi
android.widget.TableLayout@407451d8
android.widget.TableRow@4075bbc0
android.widget.RelativeLayout@4078f0f8
android.widget.RelativeLayout@4078f4d0
android.widget.TextView: 3.13
android.widget.TextView: 9
android.widget.TextView: 10 hours ago
android.widget.TextView: Update
android.widget.RelativeLayout@4062f560
android.widget.ImageView@40609108
android.widget.TextView: 7-Eleven
android.widget.TextView: 826 E US-67 & Cockrell Hill Rd
android.widget.TextView: Duncanville, TX
android.widget.TextView: 2.9 mi
android.widget.TableLayout@406e6648
android.widget.TableRow@406044f0
android.widget.RelativeLayout@40604aa0
android.widget.RelativeLayout@40692708
android.widget.TextView: 3.09
android.widget.TextView: 9
android.widget.TextView: 3 hours ago
android.widget.TextView: Update
android.widget.RelativeLayout@40601870
android.widget.ImageView@40601c48
android.widget.TextView: Valero
android.widget.TextView: 102 S Cedar Ridge Dr & W Center St
android.widget.TextView: Duncanville, TX
android.widget.TextView: 2.93 mi
android.widget.TableLayout@4057d508
android.widget.TableRow@4059f968
android.widget.RelativeLayout@40596b38
android.widget.RelativeLayout@405bfdd0
android.widget.TextView: 3.09
android.widget.TextView: 9
android.widget.TextView: 3 hours ago
android.widget.TextView: Update
android.widget.RelativeLayout@405c4198
android.widget.ImageView@4054c780
android.widget.TextView: 7-Eleven
android.widget.TextView: 103 S Cedar Ridge Dr & W Center St
android.widget.TextView: Duncanville, TX
android.widget.TextView: 2.94 mi
android.widget.TableLayout@40580138
android.widget.TableRow@405e4980
android.widget.RelativeLayout@40610640
android.widget.RelativeLayout@40615e30
android.widget.TextView: 3.07
android.widget.TextView: 9
android.widget.TextView: 9 hours ago
android.widget.TextView: Update
android.widget.RelativeLayout@40619ab0
android.widget.ImageView@405bd000
android.widget.TextView: Murphy USA
android.widget.TextView: 941 W Belt Line  Rd & Westmoreland Rd
android.widget.TextView: DeSoto, TX
android.widget.TextView: 2.94 mi
android.widget.RelativeLayout@406db238
android.widget.FrameLayout@4055c7b8
android.widget.RelativeLayout@405e7c40
android.widget.LinearLayout@4058a4f8
android.view.View@40707558
android.widget.RelativeLayout@406cf970
android.widget.TextView: Regular
android.view.View@406d9ca8
android.view.View@40707198
android.widget.RelativeLayout@406dd980
android.widget.TextView: Midgrade
android.view.View@406e7e50
android.view.View@407072f8
android.widget.RelativeLayout@4070a238
android.widget.TextView: Premium
android.view.View@4070dba8
android.view.View@40707428
android.widget.RelativeLayout@4070dd98
android.widget.TextView: Diesel
android.view.View@40706e60
android.view.View@406e1008
android.view.View@406414c8
android.widget.LinearLayout@406500b8
android.widget.RelativeLayout@406605e0
android.widget.ImageView@4063a178
android.widget.TextView: Reload
android.widget.RelativeLayout@406665b8
android.widget.ImageView@4058d7e0
android.widget.TextView: Sort By Price
android.widget.RelativeLayout@4065b980
android.widget.ImageView@40587330
android.widget.TextView: Map View
android.view.View@406b7a18
gbis.gbandroid.views.layouts.CustomListView@4068a5c0
android.widget.TableLayout@40580138
android.widget.TableRow@405e4980
android.widget.RelativeLayout@40610640
android.widget.RelativeLayout@40615e30
android.widget.TextView: 3.07
android.widget.TextView: 9
android.widget.TextView: 9 hours ago
android.widget.TextView: Update
android.widget.RelativeLayout@40619ab0
android.widget.ImageView@405bd000
android.widget.TextView: Murphy USA
android.widget.TextView: 941 W Belt Line  Rd & Westmoreland Rd
android.widget.TextView: DeSoto, TX
android.widget.TextView: 2.94 mi
android.widget.TableLayout@40580f38
android.widget.TableRow@406031a8
android.widget.RelativeLayout@40623c20
android.widget.RelativeLayout@40623fa8
android.widget.TextView: 3.09
android.widget.TextView: 9
android.widget.TextView: 2 hours ago
android.widget.TextView: Update
android.widget.RelativeLayout@4062d418
android.widget.ImageView@405f0398
android.widget.TextView: Valero
android.widget.TextView: 1102 S Cockrell Hill Rd & US-67
android.widget.TextView: Duncanville, TX
android.widget.TextView: 2.96 mi
android.widget.TableLayout@40582d30
android.widget.TableRow@40644a18
android.widget.RelativeLayout@40636828
android.widget.RelativeLayout@40638fb0
android.widget.TextView: 3.09
android.widget.TextView: 9
android.widget.TextView: 1 hour ago
android.widget.TextView: Update
android.widget.RelativeLayout@40662448
android.widget.ImageView@4060c108
android.widget.TextView: QuikTrip
android.widget.TextView: 925 S Cockrell Hill Rd & US-67
android.widget.TextView: Duncanville, TX
android.widget.TextView: 3.02 mi
android.widget.TableLayout@40583f18
android.widget.TableRow@40650db8
android.widget.RelativeLayout@406698f8
android.widget.RelativeLayout@40671558
android.widget.TextView: 3.15
android.widget.TextView: 9
android.widget.TextView: 11 hours ago
android.widget.TextView: Update
android.widget.RelativeLayout@40680f40
android.widget.ImageView@4061cec8
android.widget.TextView: Shell
android.widget.TextView: 3805 W Wheatland Rd & US-67
android.widget.TextView: Dallas, TX
android.widget.TextView: 3.65 mi
android.widget.TableLayout@405a3af0
android.widget.TableRow@4066b3c8
android.widget.RelativeLayout@40682028
android.widget.RelativeLayout@406946f0
android.widget.TextView: 3.24
android.widget.TextView: 9
android.widget.TextView: Mon 1:05 PM
android.widget.TextView: Update
android.widget.RelativeLayout@406fdd10
android.widget.ImageView@4061f010
android.widget.TextView: Valero
android.widget.TextView: 626 N Clark Rd & Camp Wisdom Rd
android.widget.TextView: Duncanville, TX
android.widget.TextView: 3.68 mi
android.widget.RelativeLayout@406db238
android.widget.FrameLayout@4055c7b8
android.widget.RelativeLayout@405e7c40
android.widget.LinearLayout@4058a4f8
android.view.View@40707558
android.widget.RelativeLayout@406cf970
android.widget.TextView: Regular
android.view.View@406d9ca8
android.view.View@40707198
android.widget.RelativeLayout@406dd980
android.widget.TextView: Midgrade
android.view.View@406e7e50
android.view.View@407072f8
android.widget.RelativeLayout@4070a238
android.widget.TextView: Premium
android.view.View@4070dba8
android.view.View@40707428
android.widget.RelativeLayout@4070dd98
android.widget.TextView: Diesel
android.view.View@40706e60
android.view.View@406e1008
android.view.View@406414c8
android.widget.LinearLayout@406500b8
android.widget.RelativeLayout@406605e0
android.widget.ImageView@4063a178
android.widget.TextView: Reload
android.widget.RelativeLayout@406665b8
android.widget.ImageView@4058d7e0
android.widget.TextView: Sort By Price
android.widget.RelativeLayout@4065b980
android.widget.ImageView@40587330
android.widget.TextView: Map View
android.view.View@406b7a18
gbis.gbandroid.views.layouts.CustomListView@4068a5c0
android.widget.TableLayout@405a3af0
android.widget.TableRow@4066b3c8
android.widget.RelativeLayout@40682028
android.widget.RelativeLayout@406946f0
android.widget.TextView: 3.24
android.widget.TextView: 9
android.widget.TextView: Mon 1:05 PM
android.widget.TextView: Update
android.widget.RelativeLayout@406fdd10
android.widget.ImageView@4061f010
android.widget.TextView: Valero
android.widget.TextView: 626 N Clark Rd & Camp Wisdom Rd
android.widget.TextView: Duncanville, TX
android.widget.TextView: 3.68 mi
android.widget.TableLayout@40623dd0
android.widget.TableRow@4063c6a0
android.widget.RelativeLayout@40652930
android.widget.RelativeLayout@40667568
android.widget.TextView: 3.18
android.widget.TextView: 9
android.widget.TextView: 3 hours ago
android.widget.TextView: Update
android.widget.RelativeLayout@406d4150
android.widget.ImageView@40712290
android.widget.TextView: Chevron
android.widget.TextView: 406 W Camp Wisdom Rd & Link Dr
android.widget.TextView: Duncanville, TX
android.widget.TextView: 3.68 mi
android.widget.TableLayout@4061f828
android.widget.TableRow@406441c8
android.widget.RelativeLayout@406d8ee0
android.widget.RelativeLayout@405eb458
android.widget.TextView: --
android.widget.TextView: 9
android.widget.TextView: time
android.widget.TextView: Report Price
android.widget.RelativeLayout@40623580
android.widget.ImageView@406520e0
android.widget.TextView: Shell
android.widget.TextView: 800 W Camp Wisdom Rd & Cedar Ridge Dr
android.widget.TextView: Duncanville, TX
android.widget.TextView: 3.71 mi
android.widget.TableLayout@4076c740
android.widget.TableRow@4068e1d0
android.widget.RelativeLayout@40682a30
android.widget.RelativeLayout@40650f30
android.widget.TextView: 3.09
android.widget.TextView: 9
android.widget.TextView: 28 minutes ago
android.widget.TextView: Update
android.widget.RelativeLayout@40639430
android.widget.ImageView@40701028
android.widget.TextView: Shell
android.widget.TextView: 7025 Cedar Ridge Dr & Camp Wisdom Rd
android.widget.TextView: Dallas, TX
android.widget.TextView: 3.75 mi
android.widget.TableLayout@40732ad8
android.widget.TableRow@406333e8
android.widget.RelativeLayout@405f19e8
android.widget.RelativeLayout@4064f020
android.widget.TextView: 3.09
android.widget.TextView: 9
android.widget.TextView: 3 hours ago
android.widget.TextView: Update
android.widget.RelativeLayout@406512a8
android.widget.ImageView@406524b0
android.widget.TextView: Kroger
android.widget.TextView: 203 W Camp Wisdom Rd & N Duncanville Rd
android.widget.TextView: Duncanville, TX
android.widget.TextView: 3.82 mi
android.widget.RelativeLayout@406db238
android.widget.FrameLayout@4055c7b8
android.widget.RelativeLayout@405e7c40
android.widget.LinearLayout@4058a4f8
android.view.View@40707558
android.widget.RelativeLayout@406cf970
android.widget.TextView: Regular
android.view.View@406d9ca8
android.view.View@40707198
android.widget.RelativeLayout@406dd980
android.widget.TextView: Midgrade
android.view.View@406e7e50
android.view.View@407072f8
android.widget.RelativeLayout@4070a238
android.widget.TextView: Premium
android.view.View@4070dba8
android.view.View@40707428
android.widget.RelativeLayout@4070dd98
android.widget.TextView: Diesel
android.view.View@40706e60
android.view.View@406e1008
android.view.View@406414c8
android.widget.LinearLayout@406500b8
android.widget.RelativeLayout@406605e0
android.widget.ImageView@4063a178
android.widget.TextView: Reload
android.widget.RelativeLayout@406665b8
android.widget.ImageView@4058d7e0
android.widget.TextView: Sort By Price
android.widget.RelativeLayout@4065b980
android.widget.ImageView@40587330
android.widget.TextView: Map View
android.view.View@406b7a18
gbis.gbandroid.views.layouts.CustomListView@4068a5c0
android.widget.TableLayout@406b98e0
android.widget.TableRow@406b9e98
android.widget.RelativeLayout@4072af10
android.widget.RelativeLayout@4072b228
android.widget.TextView: 3.09
android.widget.TextView: 9
android.widget.TextView: 3 hours ago
android.widget.TextView: Update
android.widget.RelativeLayout@406d5098
android.widget.ImageView@406d5470
android.widget.TextView: Kroger
android.widget.TextView: 203 W Camp Wisdom Rd & N Duncanville Rd
android.widget.TextView: Duncanville, TX
android.widget.TextView: 3.82 mi
android.widget.TableLayout@40635500
android.widget.TableRow@40635a58
android.widget.RelativeLayout@4066f740
android.widget.RelativeLayout@4066fb18
android.widget.TextView: 3.09
android.widget.TextView: 9
android.widget.TextView: 3 hours ago
android.widget.TextView: Update
android.widget.RelativeLayout@4067e500
android.widget.ImageView@4067e7c8
android.widget.TextView: QuikTrip
android.widget.TextView: 102 E Camp Wisdom Rd & Main St
android.widget.TextView: Duncanville, TX
android.widget.TextView: 3.82 mi
android.widget.TableLayout@406ba838
android.widget.TableRow@406bae08
android.widget.RelativeLayout@40734688
android.widget.RelativeLayout@40673740
android.widget.TextView: 3.19
android.widget.TextView: 9
android.widget.TextView: 20 hours ago
android.widget.TextView: Update
android.widget.RelativeLayout@406d6e98
android.widget.ImageView@406d7250
android.widget.TextView: Exxon
android.widget.TextView: 1640 S Cockrell Hill Rd    & W Bear Creek Rd
android.widget.TextView: Glenn Heights, TX
android.widget.TextView: 3.84 mi
android.widget.TableLayout@405550b0
android.widget.TableRow@40768f18
android.widget.RelativeLayout@406ea670
android.widget.RelativeLayout@406eaa48
android.widget.TextView: --
android.widget.TextView: 9
android.widget.TextView: 3 hours ago
android.widget.TextView: Report Price
android.widget.RelativeLayout@4061baa0
android.widget.ImageView@4061be58
android.widget.TextView: Diamond Shamrock
android.widget.TextView: 4330 Gannon Ln & N Cockrell Hill Rd
android.widget.TextView: Dallas, TX
android.widget.TextView: 3.84 mi
android.widget.TableLayout@40732ad8
android.widget.TableRow@406333e8
android.widget.RelativeLayout@405f19e8
android.widget.RelativeLayout@4064f020
android.widget.TextView: 3.19
android.widget.TextView: 9
android.widget.TextView: Mon 10:27 AM
android.widget.TextView: Update
android.widget.RelativeLayout@406512a8
android.widget.ImageView@406524b0
android.widget.TextView: Valero
android.widget.TextView: 502 E Camp Wisdom Rd & Oriole Blvd
android.widget.TextView: Duncanville, TX
android.widget.TextView: 3.92 mi
android.widget.RelativeLayout@406db238
android.widget.FrameLayout@4055c7b8
android.widget.RelativeLayout@405e7c40
android.widget.LinearLayout@4058a4f8
android.view.View@40707558
android.widget.RelativeLayout@406cf970
android.widget.TextView: Regular
android.view.View@406d9ca8
android.view.View@40707198
android.widget.RelativeLayout@406dd980
android.widget.TextView: Midgrade
android.view.View@406e7e50
android.view.View@407072f8
android.widget.RelativeLayout@4070a238
android.widget.TextView: Premium
android.view.View@4070dba8
android.view.View@40707428
android.widget.RelativeLayout@4070dd98
android.widget.TextView: Diesel
android.view.View@40706e60
android.view.View@406e1008
android.view.View@406414c8
android.widget.LinearLayout@406500b8
android.widget.RelativeLayout@406605e0
android.widget.ImageView@4063a178
android.widget.TextView: Reload
android.widget.RelativeLayout@406665b8
android.widget.ImageView@4058d7e0
android.widget.TextView: Sort By Price
android.widget.RelativeLayout@4065b980
android.widget.ImageView@40587330
android.widget.TextView: Map View
android.view.View@406b7a18
gbis.gbandroid.views.layouts.CustomListView@4068a5c0
android.widget.TableLayout@40732ad8
android.widget.TableRow@406333e8
android.widget.RelativeLayout@405f19e8
android.widget.RelativeLayout@4064f020
android.widget.TextView: 3.19
android.widget.TextView: 9
android.widget.TextView: Mon 10:27 AM
android.widget.TextView: Update
android.widget.RelativeLayout@406512a8
android.widget.ImageView@406524b0
android.widget.TextView: Valero
android.widget.TextView: 502 E Camp Wisdom Rd & Oriole Blvd
android.widget.TextView: Duncanville, TX
android.widget.TextView: 3.92 mi
android.widget.TableLayout@407f6e50
android.widget.TableRow@407f7420
android.widget.RelativeLayout@407f7ae0
android.widget.RelativeLayout@407f7eb8
android.widget.TextView: 3.19
android.widget.TextView: 9
android.widget.TextView: 4 hours ago
android.widget.TextView: Update
android.widget.RelativeLayout@407f96c8
android.widget.ImageView@407f9aa0
android.widget.TextView: Shell
android.widget.TextView: 867 N Duncanville Rd & Jellison Blvd & IH-20
android.widget.TextView: Duncanville, TX
android.widget.TextView: 3.93 mi
android.widget.TableLayout@40807430
android.widget.TableRow@40807a00
android.widget.RelativeLayout@408080c0
android.widget.RelativeLayout@40808498
android.widget.TextView: 3.11
android.widget.TextView: 9
android.widget.TextView: 21 hours ago
android.widget.TextView: Update
android.widget.RelativeLayout@40510a48
android.widget.ImageView@4054c780
android.widget.TextView: Texaco
android.widget.TextView: 834 N Hampton & Pleasant Run Rd
android.widget.TextView: DeSoto, TX
android.widget.TextView: 3.99 mi
android.widget.TableLayout@4057a8e0
android.widget.TableRow@4050f500
android.widget.RelativeLayout@40552e90
android.widget.RelativeLayout@4058b1d0
android.widget.TextView: --
android.widget.TextView: 9
android.widget.TextView: time
android.widget.TextView: Report Price
android.widget.RelativeLayout@40596b38
android.widget.ImageView@40554f38
android.widget.TextView: Texaco
android.widget.TextView: 607 E Camp Wisdom Rd & Johnson Dr
android.widget.TextView: Duncanville, TX
android.widget.TextView: 4 mi
android.widget.TableLayout@4057d508
android.widget.TableRow@40587fb8
android.widget.RelativeLayout@405bfdd0
android.widget.RelativeLayout@405c4198
android.widget.TextView: 3.16
android.widget.TextView: 9
android.widget.TextView: 2 hours ago
android.widget.TextView: Update
android.widget.RelativeLayout@40623fa8
android.widget.ImageView@4057c840
android.widget.TextView: Valero
android.widget.TextView: 1501 N Hampton Rd & Wintergreen Rd
android.widget.TextView: DeSoto, TX
android.widget.TextView: 4.01 mi
android.widget.RelativeLayout@406db238
android.widget.FrameLayout@4055c7b8
android.widget.RelativeLayout@405e7c40
android.widget.LinearLayout@4058a4f8
android.view.View@40707558
android.widget.RelativeLayout@406cf970
android.widget.TextView: Regular
android.view.View@406d9ca8
android.view.View@40707198
android.widget.RelativeLayout@406dd980
android.widget.TextView: Midgrade
android.view.View@406e7e50
android.view.View@407072f8
android.widget.RelativeLayout@4070a238
android.widget.TextView: Premium
android.view.View@4070dba8
android.view.View@40707428
android.widget.RelativeLayout@4070dd98
android.widget.TextView: Diesel
android.view.View@40706e60
android.view.View@406e1008
android.view.View@406414c8
android.widget.LinearLayout@406500b8
android.widget.RelativeLayout@406605e0
android.widget.ImageView@4063a178
android.widget.TextView: Reload
android.widget.RelativeLayout@406665b8
android.widget.ImageView@4058d7e0
android.widget.TextView: Sort By Price
android.widget.RelativeLayout@4065b980
android.widget.ImageView@40587330
android.widget.TextView: Map View
android.view.View@406b7a18
gbis.gbandroid.views.layouts.CustomListView@4068a5c0
android.widget.TableLayout@40807430
android.widget.TableRow@40807a00
android.widget.RelativeLayout@408080c0
android.widget.RelativeLayout@40808498
android.widget.TextView: 3.11
android.widget.TextView: 9
android.widget.TextView: 21 hours ago
android.widget.TextView: Update
android.widget.RelativeLayout@40510a48
android.widget.ImageView@4054c780
android.widget.TextView: Texaco
android.widget.TextView: 834 N Hampton & Pleasant Run Rd
android.widget.TextView: DeSoto, TX
android.widget.TextView: 3.99 mi
android.widget.TableLayout@4057a8e0
android.widget.TableRow@4050f500
android.widget.RelativeLayout@40552e90
android.widget.RelativeLayout@4058b1d0
android.widget.TextView: --
android.widget.TextView: 9
android.widget.TextView: time
android.widget.TextView: Report Price
android.widget.RelativeLayout@40596b38
android.widget.ImageView@40554f38
android.widget.TextView: Texaco
android.widget.TextView: 607 E Camp Wisdom Rd & Johnson Dr
android.widget.TextView: Duncanville, TX
android.widget.TextView: 4 mi
android.widget.TableLayout@4057d508
android.widget.TableRow@40587fb8
android.widget.RelativeLayout@405bfdd0
android.widget.RelativeLayout@405c4198
android.widget.TextView: 3.16
android.widget.TextView: 9
android.widget.TextView: 2 hours ago
android.widget.TextView: Update
android.widget.RelativeLayout@40623fa8
android.widget.ImageView@4057c840
android.widget.TextView: Valero
android.widget.TextView: 1501 N Hampton Rd & Wintergreen Rd
android.widget.TextView: DeSoto, TX
android.widget.TextView: 4.01 mi
android.widget.TableLayout@40580138
android.widget.TableRow@4059f968
android.widget.RelativeLayout@40636828
android.widget.RelativeLayout@40638fb0
android.widget.TextView: 3.09
android.widget.TextView: 9
android.widget.TextView: 2 hours ago
android.widget.TextView: Update
android.widget.RelativeLayout@40639f60
android.widget.ImageView@405af1a8
android.widget.TextView: 7-Eleven
android.widget.TextView: 1500 N Hampton Rd & Wintergreen Rd
android.widget.TextView: DeSoto, TX
android.widget.TextView: 4.05 mi
android.widget.TableLayout@40582d30
android.widget.TableRow@405e4980
android.widget.RelativeLayout@40649ab0
android.widget.RelativeLayout@40653420
android.widget.TextView: 3.09
android.widget.TextView: 9
android.widget.TextView: 1 hour ago
android.widget.TextView: Update
android.widget.RelativeLayout@4067dfd0
android.widget.ImageView@405bd000
android.widget.TextView: RaceTrac
android.widget.TextView: 6675 Cedar Ridge Dr & IH-20
android.widget.TextView: Dallas, TX
android.widget.TextView: 4.07 mi
android.widget.RelativeLayout@406db238
