android.widget.FrameLayout@405d3550
android.widget.RelativeLayout@40590db0
android.widget.LinearLayout@405b2760
android.view.View@406563f8
android.widget.RelativeLayout@406d1190
android.widget.TextView: Regular
android.view.View@407001f0
android.view.View@40644bd8
android.widget.RelativeLayout@40703758
android.widget.TextView: Midgrade
android.view.View@4070dcc8
android.view.View@40644d20
android.widget.RelativeLayout@4070de78
android.widget.TextView: Premium
android.view.View@40588068
android.view.View@40644e50
android.widget.RelativeLayout@40668130
android.widget.TextView: Diesel
android.view.View@40589ec0
android.view.View@40656518
android.view.View@405b4ad8
android.widget.LinearLayout@405d0960
android.widget.RelativeLayout@405f7268
android.widget.ImageView@405487d8
android.widget.TextView: Reload
android.widget.RelativeLayout@406b8348
android.widget.ImageView@406b9b78
android.widget.TextView: Sort By Price
android.widget.RelativeLayout@406ba4b8
android.widget.ImageView@406bbcf8
android.widget.TextView: Map View
android.view.View@405c05a8
gbis.gbandroid.views.layouts.CustomListView@406811f8
android.widget.RelativeLayout@407074e8
com.google.ads.AdView@40715050
android.gesture.GestureOverlayView@406255a0
android.widget.FrameLayout@40718810
com.google.ads.internal.AdWebView@405b9300
android.widget.TableLayout@406fde98
android.widget.TableRow@406fe468
android.widget.RelativeLayout@40700fb0
android.widget.RelativeLayout@40701388
android.widget.TextView: 3.49
android.widget.TextView: 9
android.widget.TextView: 40 minutes ago
android.widget.TextView: Update
android.widget.RelativeLayout@40705048
android.widget.ImageView@40707920
android.widget.TextView: Royal Farms
android.widget.TextView: 3601 Potee St & Patapsco Ave
android.widget.TextView: Baltimore, MD
android.widget.TextView: 0.39 mi
android.widget.TableLayout@406e5e60
android.widget.TableRow@406e62d8
android.widget.RelativeLayout@406e6998
android.widget.RelativeLayout@406e6d70
android.widget.TextView: 3.45
android.widget.TextView: 9
android.widget.TextView: 3 hours ago
android.widget.TextView: Update
android.widget.RelativeLayout@406ec9c0
android.widget.ImageView@406ecd80
android.widget.TextView: CITGO
android.widget.TextView: 900 E Patapsco Ave & 9th St
android.widget.TextView: Baltimore, MD
android.widget.TextView: 0.4 mi
android.widget.TableLayout@4065d690
android.widget.TableRow@405caf68
android.widget.RelativeLayout@406ce848
android.widget.RelativeLayout@406cec20
android.widget.TextView: 3.47
android.widget.TextView: 9
android.widget.TextView: 40 minutes ago
android.widget.TextView: Update
android.widget.RelativeLayout@406d2990
android.widget.ImageView@406d51e8
android.widget.TextView: BP
android.widget.TextView: 3600 Potee St  & W Patapsco Ave 
android.widget.TextView: Baltimore, MD
android.widget.TextView: 0.43 mi
android.widget.TableLayout@4070d268
android.widget.TableRow@40710970
android.widget.RelativeLayout@40714458
android.widget.RelativeLayout@407177f0
android.widget.TextView: 3.39
android.widget.TextView: 9
android.widget.TextView: 3 hours ago
android.widget.TextView: Update
android.widget.RelativeLayout@4071e978
android.widget.ImageView@40721af0
android.widget.TextView: Carroll Fuel
android.widget.TextView: 3550 Potee St & Patapsco Ave
android.widget.TextView: Baltimore, MD
android.widget.TextView: 0.43 mi
android.widget.RelativeLayout@40702050
android.widget.FrameLayout@405d3550
android.widget.RelativeLayout@40590db0
android.widget.LinearLayout@405b2760
android.view.View@406563f8
android.widget.RelativeLayout@406d1190
android.widget.TextView: Regular
android.view.View@407001f0
android.view.View@40644bd8
android.widget.RelativeLayout@40703758
android.widget.TextView: Midgrade
android.view.View@4070dcc8
android.view.View@40644d20
android.widget.RelativeLayout@4070de78
android.widget.TextView: Premium
android.view.View@40588068
android.view.View@40644e50
android.widget.RelativeLayout@40668130
android.widget.TextView: Diesel
android.view.View@40589ec0
android.view.View@40656518
android.view.View@405b4ad8
android.widget.LinearLayout@405d0960
android.widget.RelativeLayout@405f7268
android.widget.ImageView@405487d8
android.widget.TextView: Reload
android.widget.RelativeLayout@406b8348
android.widget.ImageView@406b9b78
android.widget.TextView: Sort By Price
android.widget.RelativeLayout@406ba4b8
android.widget.ImageView@406bbcf8
android.widget.TextView: Map View
android.view.View@405c05a8
gbis.gbandroid.views.layouts.CustomListView@406811f8
android.widget.TableLayout@4070d268
android.widget.TableRow@40710970
android.widget.RelativeLayout@40714458
android.widget.RelativeLayout@407177f0
android.widget.TextView: 3.39
android.widget.TextView: 9
android.widget.TextView: 3 hours ago
android.widget.TextView: Update
android.widget.RelativeLayout@4071e978
android.widget.ImageView@40721af0
android.widget.TextView: Carroll Fuel
android.widget.TextView: 3550 Potee St & Patapsco Ave
android.widget.TextView: Baltimore, MD
android.widget.TextView: 0.43 mi
android.widget.TableLayout@4079ddb8
android.widget.TableRow@4079e388
android.widget.RelativeLayout@4079ea48
android.widget.RelativeLayout@4079ee20
android.widget.TextView: --
android.widget.TextView: 9
android.widget.TextView: time
android.widget.TextView: Report Price
android.widget.RelativeLayout@407a0630
android.widget.ImageView@407a0a08
android.widget.TextView: 7-Eleven
android.widget.TextView: 4000 Ritchie Hwy  & Potee St & Belle Grove Rd
android.widget.TextView: Brooklyn Park, MD
android.widget.TextView: 0.58 mi
android.widget.TableLayout@4057bc28
android.widget.TableRow@4060fe68
android.widget.RelativeLayout@4057bf80
android.widget.RelativeLayout@4057ebd0
android.widget.TextView: --
android.widget.TextView: 9
android.widget.TextView: time
android.widget.TextView: Report Price
android.widget.RelativeLayout@405817c0
android.widget.ImageView@405ac9b8
android.widget.TextView: Quarles
android.widget.TextView: 1225 Chesapeake Ave & Shell Rd
android.widget.TextView: Baltimore, MD
android.widget.TextView: 0.75 mi
android.widget.TableLayout@4057bdd0
android.widget.TableRow@40684748
android.widget.RelativeLayout@4058ed98
android.widget.RelativeLayout@405fe260
android.widget.TextView: 3.41
android.widget.TextView: 9
android.widget.TextView: 11 minutes ago
android.widget.TextView: Update
android.widget.RelativeLayout@40600ea0
android.widget.ImageView@405f1a48
android.widget.TextView: BP
android.widget.TextView: 4101 Pennington Ave & Plum St
android.widget.TextView: Baltimore, MD
android.widget.TextView: 1.07 mi
android.widget.TableLayout@40581460
android.widget.TableRow@40581608
android.widget.RelativeLayout@40603ae8
android.widget.RelativeLayout@40611c58
android.widget.TextView: 3.39
android.widget.TextView: 9
android.widget.TextView: 40 minutes ago
android.widget.TextView: Update
android.widget.RelativeLayout@40614818
android.widget.ImageView@40617ed8
android.widget.TextView: American
android.widget.TextView: 5502 Ritchie Hwy & 16th Ave
android.widget.TextView: Brooklyn Park, MD
android.widget.TextView: 1.4 mi
android.widget.RelativeLayout@40702050
android.widget.FrameLayout@405d3550
android.widget.RelativeLayout@40590db0
android.widget.LinearLayout@405b2760
android.view.View@406563f8
android.widget.RelativeLayout@406d1190
android.widget.TextView: Regular
android.view.View@407001f0
android.view.View@40644bd8
android.widget.RelativeLayout@40703758
android.widget.TextView: Midgrade
android.view.View@4070dcc8
android.view.View@40644d20
android.widget.RelativeLayout@4070de78
android.widget.TextView: Premium
android.view.View@40588068
android.view.View@40644e50
android.widget.RelativeLayout@40668130
android.widget.TextView: Diesel
android.view.View@40589ec0
android.view.View@40656518
android.view.View@405b4ad8
android.widget.LinearLayout@405d0960
android.widget.RelativeLayout@405f7268
android.widget.ImageView@405487d8
android.widget.TextView: Reload
android.widget.RelativeLayout@406b8348
android.widget.ImageView@406b9b78
android.widget.TextView: Sort By Price
android.widget.RelativeLayout@406ba4b8
android.widget.ImageView@406bbcf8
android.widget.TextView: Map View
android.view.View@405c05a8
gbis.gbandroid.views.layouts.CustomListView@406811f8
android.widget.TableLayout@40581460
android.widget.TableRow@40581608
android.widget.RelativeLayout@40603ae8
android.widget.RelativeLayout@40611c58
android.widget.TextView: 3.39
android.widget.TextView: 9
android.widget.TextView: 40 minutes ago
android.widget.TextView: Update
android.widget.RelativeLayout@40614818
android.widget.ImageView@40617ed8
android.widget.TextView: American
android.widget.TextView: 5502 Ritchie Hwy & 16th Ave
android.widget.TextView: Brooklyn Park, MD
android.widget.TextView: 1.4 mi
android.widget.TableLayout@405fe0b0
android.widget.TableRow@405fef20
android.widget.RelativeLayout@4061b250
android.widget.RelativeLayout@4061cbe8
android.widget.TextView: 3.39
android.widget.TextView: 9
android.widget.TextView: 40 minutes ago
android.widget.TextView: Update
android.widget.RelativeLayout@4062f590
android.widget.ImageView@406482b0
android.widget.TextView: Shell
android.widget.TextView: 5640 Ritchie Hwy & Church St
android.widget.TextView: Brooklyn Park, MD
android.widget.TextView: 1.5 mi
android.widget.TableLayout@40600cf8
android.widget.TableRow@40603938
android.widget.RelativeLayout@4062fb50
android.widget.RelativeLayout@40632748
android.widget.TextView: 3.29
android.widget.TextView: 9
android.widget.TextView: 40 minutes ago
android.widget.TextView: Update
android.widget.RelativeLayout@40635300
android.widget.ImageView@40651e08
android.widget.TextView: Gulf
android.widget.TextView: 5701 Ritchie Hwy & Church St 
android.widget.TextView: Brooklyn Park, MD
android.widget.TextView: 1.53 mi
android.widget.TableLayout@40611900
android.widget.TableRow@40611aa8
android.widget.RelativeLayout@40639460
android.widget.RelativeLayout@4063f388
android.widget.TextView: --
android.widget.TextView: 9
android.widget.TextView: time
android.widget.TextView: Report Price
android.widget.RelativeLayout@406496c0
android.widget.ImageView@40661628
android.widget.TextView: CITGO
android.widget.TextView: 810 W Patapsco Ave & Marmenco Ct
android.widget.TextView: Baltimore, MD
android.widget.TextView: 1.61 mi
android.widget.TableLayout@406144c0
android.widget.TableRow@40614668
android.widget.RelativeLayout@4064ef20
android.widget.RelativeLayout@4065e578
android.widget.TextView: 3.39
android.widget.TextView: 9
android.widget.TextView: 40 minutes ago
android.widget.TextView: Update
android.widget.RelativeLayout@4066f438
android.widget.ImageView@406e5d10
android.widget.TextView: Sunoco
android.widget.TextView: 5731 Ritchie  Hwy & Walton Ave
android.widget.TextView: Brooklyn Park, MD
android.widget.TextView: 1.65 mi
android.widget.RelativeLayout@40702050
android.widget.FrameLayout@405d3550
android.widget.RelativeLayout@40590db0
android.widget.LinearLayout@405b2760
android.view.View@406563f8
android.widget.RelativeLayout@406d1190
android.widget.TextView: Regular
android.view.View@407001f0
android.view.View@40644bd8
android.widget.RelativeLayout@40703758
android.widget.TextView: Midgrade
android.view.View@4070dcc8
android.view.View@40644d20
android.widget.RelativeLayout@4070de78
android.widget.TextView: Premium
android.view.View@40588068
android.view.View@40644e50
android.widget.RelativeLayout@40668130
android.widget.TextView: Diesel
android.view.View@40589ec0
android.view.View@40656518
android.view.View@405b4ad8
android.widget.LinearLayout@405d0960
android.widget.RelativeLayout@405f7268
android.widget.ImageView@405487d8
android.widget.TextView: Reload
android.widget.RelativeLayout@406b8348
android.widget.ImageView@406b9b78
android.widget.TextView: Sort By Price
android.widget.RelativeLayout@406ba4b8
android.widget.ImageView@406bbcf8
android.widget.TextView: Map View
android.view.View@405c05a8
gbis.gbandroid.views.layouts.CustomListView@406811f8
android.widget.TableLayout@4057e7d0
android.widget.TableRow@40600a80
android.widget.RelativeLayout@4061eb08
android.widget.RelativeLayout@4062f788
android.widget.TextView: 3.39
android.widget.TextView: 9
android.widget.TextView: 40 minutes ago
android.widget.TextView: Update
android.widget.RelativeLayout@40679400
android.widget.ImageView@4067b7c0
android.widget.TextView: Sunoco
android.widget.TextView: 5731 Ritchie  Hwy & Walton Ave
android.widget.TextView: Brooklyn Park, MD
android.widget.TextView: 1.65 mi
android.widget.TableLayout@406f4c38
android.widget.TableRow@407185e0
android.widget.RelativeLayout@4076d480
android.widget.RelativeLayout@4077a5b8
android.widget.TextView: --
android.widget.TextView: 9
android.widget.TextView: time
android.widget.TextView: Report Price
android.widget.RelativeLayout@40661400
android.widget.ImageView@405dec68
android.widget.TextView: BP
android.widget.TextView: 2401 Hanover St & Cromwell St
android.widget.TextView: Baltimore, MD
android.widget.TextView: 1.77 mi
android.widget.TableLayout@40600410
android.widget.TableRow@40613d80
android.widget.RelativeLayout@40626120
android.widget.RelativeLayout@4062c458
android.widget.TextView: --
android.widget.TextView: 9
android.widget.TextView: time
android.widget.TextView: Report Price
android.widget.RelativeLayout@4063e980
android.widget.ImageView@40648c78
android.widget.TextView: BP
android.widget.TextView: 2920 Waterview Ave & Cherry Hill Rd
android.widget.TextView: Baltimore, MD
android.widget.TextView: 2.02 mi
android.widget.TableLayout@40646638
android.widget.TableRow@4071bfe0
android.widget.RelativeLayout@405aef68
android.widget.RelativeLayout@40618640
android.widget.TextView: --
android.widget.TextView: 9
android.widget.TextView: time
android.widget.TextView: Report Price
android.widget.RelativeLayout@405e7118
android.widget.ImageView@405eaf78
android.widget.TextView: Royal Farms
android.widget.TextView: 3360 Annapolis Rd & W Patapsco Ave
android.widget.TextView: Baltimore, MD
android.widget.TextView: 2.1 mi
android.widget.TableLayout@406144c0
android.widget.TableRow@40614668
android.widget.RelativeLayout@4064ef20
android.widget.RelativeLayout@4065e578
android.widget.TextView: --
android.widget.TextView: 9
android.widget.TextView: 40 minutes ago
android.widget.TextView: Report Price
android.widget.RelativeLayout@4066f438
android.widget.ImageView@406e5d10
android.widget.TextView: Sunoco
android.widget.TextView: 3302 Annapolis Rd  & W Potapsco Ave
android.widget.TextView: Baltimore, MD
android.widget.TextView: 2.11 mi
android.widget.RelativeLayout@40702050
android.widget.FrameLayout@405d3550
android.widget.RelativeLayout@40590db0
android.widget.LinearLayout@405b2760
android.view.View@406563f8
android.widget.RelativeLayout@406d1190
android.widget.TextView: Regular
android.view.View@407001f0
android.view.View@40644bd8
android.widget.RelativeLayout@40703758
android.widget.TextView: Midgrade
android.view.View@4070dcc8
android.view.View@40644d20
android.widget.RelativeLayout@4070de78
android.widget.TextView: Premium
android.view.View@40588068
android.view.View@40644e50
android.widget.RelativeLayout@40668130
android.widget.TextView: Diesel
android.view.View@40589ec0
android.view.View@40656518
android.view.View@405b4ad8
android.widget.LinearLayout@405d0960
android.widget.RelativeLayout@405f7268
android.widget.ImageView@405487d8
android.widget.TextView: Reload
android.widget.RelativeLayout@406b8348
android.widget.ImageView@406b9b78
android.widget.TextView: Sort By Price
android.widget.RelativeLayout@406ba4b8
android.widget.ImageView@406bbcf8
android.widget.TextView: Map View
android.view.View@405c05a8
gbis.gbandroid.views.layouts.CustomListView@406811f8
android.widget.TableLayout@406144c0
android.widget.TableRow@40614668
android.widget.RelativeLayout@4064ef20
android.widget.RelativeLayout@4065e578
android.widget.TextView: --
android.widget.TextView: 9
android.widget.TextView: 40 minutes ago
android.widget.TextView: Report Price
android.widget.RelativeLayout@4066f438
android.widget.ImageView@406e5d10
android.widget.TextView: Sunoco
android.widget.TextView: 3302 Annapolis Rd  & W Potapsco Ave
android.widget.TextView: Baltimore, MD
android.widget.TextView: 2.11 mi
android.widget.TableLayout@405bed70
android.widget.TableRow@4060fe68
android.widget.RelativeLayout@4057bf80
android.widget.RelativeLayout@4057ebd0
android.widget.TextView: 3.51
android.widget.TextView: 9
android.widget.TextView: 14 hours ago
android.widget.TextView: Update
android.widget.RelativeLayout@405817c0
android.widget.ImageView@405a22e0
android.widget.TextView: BP
android.widget.TextView: 1465 Key Hwy & E Key Hwy
android.widget.TextView: Baltimore, MD
android.widget.TextView: 2.34 mi
android.widget.TableLayout@4061b098
android.widget.TableRow@40677820
android.widget.RelativeLayout@4058ed98
android.widget.RelativeLayout@405fe260
android.widget.TextView: 3.49
android.widget.TextView: 9
android.widget.TextView: Mon 4:14 AM
android.widget.TextView: Update
android.widget.RelativeLayout@40600ea0
android.widget.ImageView@405ac9b8
android.widget.TextView: Royal Farms
android.widget.TextView: 1440 Key Hwy & Lawrence 
android.widget.TextView: Baltimore, MD
android.widget.TextView: 2.36 mi
android.widget.TableLayout@4061ca40
android.widget.TableRow@40684338
android.widget.RelativeLayout@40606708
android.widget.RelativeLayout@4061f818
android.widget.TextView: 3.45
android.widget.TextView: 9
android.widget.TextView: Mon 3:24 PM
android.widget.TextView: Update
android.widget.RelativeLayout@406223a8
android.widget.ImageView@405aece8
android.widget.TextView: BP
android.widget.TextView: 6830 Annapolis Rd & Nursery Rd 
android.widget.TextView: Linthicum, MD
android.widget.TextView: 2.45 mi
android.widget.TableLayout@4061f670
android.widget.TableRow@4069d460
android.widget.RelativeLayout@4062cef8
android.widget.RelativeLayout@40632598
android.widget.TextView: --
android.widget.TextView: 9
android.widget.TextView: time
android.widget.TextView: Report Price
android.widget.RelativeLayout@4063e1c0
android.widget.ImageView@406bd470
android.widget.TextView: 7-Eleven
android.widget.TextView: 3204 Hollins Ferry Rd  & Patapsco Ave
android.widget.TextView: Baltimore, MD
android.widget.TextView: 2.52 mi
android.widget.RelativeLayout@40702050
android.widget.FrameLayout@405d3550
android.widget.RelativeLayout@40590db0
android.widget.LinearLayout@405b2760
android.view.View@406563f8
android.widget.RelativeLayout@406d1190
android.widget.TextView: Regular
android.view.View@407001f0
android.view.View@40644bd8
android.widget.RelativeLayout@40703758
android.widget.TextView: Midgrade
android.view.View@4070dcc8
android.view.View@40644d20
android.widget.RelativeLayout@4070de78
android.widget.TextView: Premium
android.view.View@40588068
android.view.View@40644e50
android.widget.RelativeLayout@40668130
android.widget.TextView: Diesel
android.view.View@40589ec0
android.view.View@40656518
android.view.View@405b4ad8
android.widget.LinearLayout@405d0960
android.widget.RelativeLayout@405f7268
android.widget.ImageView@405487d8
android.widget.TextView: Reload
android.widget.RelativeLayout@406b8348
android.widget.ImageView@406b9b78
android.widget.TextView: Sort By Price
android.widget.RelativeLayout@406ba4b8
android.widget.ImageView@406bbcf8
android.widget.TextView: Map View
android.view.View@405c05a8
gbis.gbandroid.views.layouts.CustomListView@406811f8
android.widget.TableLayout@4061f670
android.widget.TableRow@4069d460
android.widget.RelativeLayout@4062cef8
android.widget.RelativeLayout@40632598
android.widget.TextView: --
android.widget.TextView: 9
android.widget.TextView: time
android.widget.TextView: Report Price
android.widget.RelativeLayout@4063e1c0
android.widget.ImageView@406bd470
android.widget.TextView: 7-Eleven
android.widget.TextView: 3204 Hollins Ferry Rd  & Patapsco Ave
android.widget.TextView: Baltimore, MD
android.widget.TextView: 2.52 mi
android.widget.TableLayout@407a12b0
android.widget.TableRow@407a19c8
android.widget.RelativeLayout@406fdc00
android.widget.RelativeLayout@4065ed28
android.widget.TextView: --
android.widget.TextView: 9
android.widget.TextView: time
android.widget.TextView: Report Price
android.widget.RelativeLayout@407119a0
android.widget.ImageView@4058b670
android.widget.TextView: BP
android.widget.TextView: 1100 S Hanover St & W Cross St
android.widget.TextView: Baltimore, MD
android.widget.TextView: 2.71 mi
android.widget.TableLayout@406724a8
android.widget.TableRow@4067d4e8
android.widget.RelativeLayout@40683260
android.widget.RelativeLayout@406902d0
android.widget.TextView: 3.49
android.widget.TextView: 9
android.widget.TextView: 8 hours ago
android.widget.TextView: Update
android.widget.RelativeLayout@40654a60
android.widget.ImageView@40581f98
android.widget.TextView: BP
android.widget.TextView: 2000 Haines St & Russell St
android.widget.TextView: Baltimore, MD
android.widget.TextView: 2.73 mi
android.widget.TableLayout@40679f38
android.widget.TableRow@4067e258
android.widget.RelativeLayout@40683ff8
android.widget.RelativeLayout@4068aa10
android.widget.TextView: 3.49
android.widget.TextView: 9
android.widget.TextView: 8 hours ago
android.widget.TextView: Update
android.widget.RelativeLayout@4057f498
android.widget.ImageView@405fea18
android.widget.TextView: Exxon
android.widget.TextView: 1800 Russell St & Bush St
android.widget.TextView: Baltimore, MD
android.widget.TextView: 2.75 mi
android.widget.TableLayout@4060df80
android.widget.TableRow@40674030
android.widget.RelativeLayout@4068b450
android.widget.RelativeLayout@4068b770
android.widget.TextView: 3.49
android.widget.TextView: 9
android.widget.TextView: 2 hours ago
android.widget.TextView: Update
android.widget.RelativeLayout@406c48b8
android.widget.ImageView@406db5a0
android.widget.TextView: Shell
android.widget.TextView: 1712 Russell St & Bayard St
android.widget.TextView: Baltimore, MD
android.widget.TextView: 2.78 mi
android.widget.RelativeLayout@40702050
android.widget.FrameLayout@405d3550
android.widget.RelativeLayout@40590db0
android.widget.LinearLayout@405b2760
android.view.View@406563f8
android.widget.RelativeLayout@406d1190
android.widget.TextView: Regular
android.view.View@407001f0
android.view.View@40644bd8
android.widget.RelativeLayout@40703758
android.widget.TextView: Midgrade
android.view.View@4070dcc8
android.view.View@40644d20
android.widget.RelativeLayout@4070de78
android.widget.TextView: Premium
android.view.View@40588068
android.view.View@40644e50
android.widget.RelativeLayout@40668130
android.widget.TextView: Diesel
android.view.View@40589ec0
android.view.View@40656518
android.view.View@405b4ad8
android.widget.LinearLayout@405d0960
android.widget.RelativeLayout@405f7268
android.widget.ImageView@405487d8
android.widget.TextView: Reload
android.widget.RelativeLayout@406b8348
android.widget.ImageView@406b9b78
android.widget.TextView: Sort By Price
android.widget.RelativeLayout@406ba4b8
android.widget.ImageView@406bbcf8
android.widget.TextView: Map View
android.view.View@405c05a8
gbis.gbandroid.views.layouts.CustomListView@406811f8
android.widget.TableLayout@4060df80
android.widget.TableRow@40674030
android.widget.RelativeLayout@4068b450
android.widget.RelativeLayout@4068b770
android.widget.TextView: 3.49
android.widget.TextView: 9
android.widget.TextView: 2 hours ago
android.widget.TextView: Update
android.widget.RelativeLayout@406c48b8
android.widget.ImageView@406db5a0
android.widget.TextView: Shell
android.widget.TextView: 1712 Russell St & Bayard St
android.widget.TextView: Baltimore, MD
android.widget.TextView: 2.78 mi
android.widget.TableLayout@40777920
android.widget.TableRow@40777ef0
android.widget.RelativeLayout@406e7b30
android.widget.RelativeLayout@406bef40
android.widget.TextView: 3.47
android.widget.TextView: 9
android.widget.TextView: 1 hour ago
android.widget.TextView: Update
android.widget.RelativeLayout@406d0230
android.widget.ImageView@40721098
android.widget.TextView: Shell
android.widget.TextView: 463 N Camp Meade Rd & Annapolis Rd
android.widget.TextView: Linthicum, MD
android.widget.TextView: 2.78 mi
android.widget.TableLayout@4066b3c8
android.widget.TableRow@4066b8d8
android.widget.RelativeLayout@406a2400
android.widget.RelativeLayout@406a27d8
android.widget.TextView: 3.49
android.widget.TextView: 9
android.widget.TextView: 2 hours ago
android.widget.TextView: Update
android.widget.RelativeLayout@406c3308
android.widget.ImageView@406c36a8
android.widget.TextView: Royal Farms
android.widget.TextView: 1530 Russell St & Bayard St
android.widget.TextView: Baltimore, MD
android.widget.TextView: 2.8 mi
android.widget.TableLayout@40709220
android.widget.TableRow@407097f0
android.widget.RelativeLayout@40664a48
android.widget.RelativeLayout@40664e20
android.widget.TextView: 3.45
android.widget.TextView: 9
android.widget.TextView: 1 hour ago
android.widget.TextView: Update
android.widget.RelativeLayout@40668630
android.widget.ImageView@40668910
android.widget.TextView: CITGO
android.widget.TextView: 1500 Russell St & Worcester St
android.widget.TextView: Baltimore, MD
android.widget.TextView: 2.81 mi
android.widget.TableLayout@4057bdd0
android.widget.TableRow@4060fe68
android.widget.RelativeLayout@4057bf80
android.widget.RelativeLayout@4057da38
android.widget.TextView: 3.43
android.widget.TextView: 9
android.widget.TextView: 40 minutes ago
android.widget.TextView: Update
android.widget.RelativeLayout@4057ebd0
android.widget.ImageView@405a22e0
android.widget.TextView: 7-Eleven
android.widget.TextView: 6971 Baltimore Annapolis Blvd & Hammond's Ln
android.widget.TextView: Brooklyn Park, MD
android.widget.TextView: 2.87 mi
android.widget.RelativeLayout@40702050
android.widget.FrameLayout@405d3550
android.widget.RelativeLayout@40590db0
android.widget.LinearLayout@405b2760
android.view.View@406563f8
android.widget.RelativeLayout@406d1190
android.widget.TextView: Regular
android.view.View@407001f0
android.view.View@40644bd8
android.widget.RelativeLayout@40703758
android.widget.TextView: Midgrade
android.view.View@4070dcc8
android.view.View@40644d20
android.widget.RelativeLayout@4070de78
android.widget.TextView: Premium
android.view.View@40588068
android.view.View@40644e50
android.widget.RelativeLayout@40668130
android.widget.TextView: Diesel
android.view.View@40589ec0
android.view.View@40656518
android.view.View@405b4ad8
android.widget.LinearLayout@405d0960
android.widget.RelativeLayout@405f7268
android.widget.ImageView@405487d8
android.widget.TextView: Reload
android.widget.RelativeLayout@406b8348
android.widget.ImageView@406b9b78
android.widget.TextView: Sort By Price
android.widget.RelativeLayout@406ba4b8
android.widget.ImageView@406bbcf8
android.widget.TextView: Map View
android.view.View@405c05a8
gbis.gbandroid.views.layouts.CustomListView@406811f8
android.widget.TableLayout@4057bdd0
android.widget.TableRow@4060fe68
android.widget.RelativeLayout@4057bf80
android.widget.RelativeLayout@4057da38
android.widget.TextView: 3.43
android.widget.TextView: 9
android.widget.TextView: 40 minutes ago
android.widget.TextView: Update
android.widget.RelativeLayout@4057ebd0
android.widget.ImageView@405a22e0
android.widget.TextView: 7-Eleven
android.widget.TextView: 6971 Baltimore Annapolis Blvd & Hammond's Ln
android.widget.TextView: Brooklyn Park, MD
android.widget.TextView: 2.87 mi
android.widget.TableLayout@40581608
android.widget.TableRow@406b90c0
android.widget.RelativeLayout@405817c0
android.widget.RelativeLayout@4058ca98
android.widget.TextView: 3.27
android.widget.TextView: 9
android.widget.TextView: 11 minutes ago
android.widget.TextView: Update
android.widget.RelativeLayout@4058ed98
android.widget.ImageView@405ac9b8
android.widget.TextView: Costco
android.widget.TextView: 575  E Ordnance Rd & MD-10
android.widget.TextView: Glen Burnie, MD
android.widget.TextView: 2.9 mi
android.widget.TableLayout@405bed70
android.widget.TableRow@406c9f08
android.widget.RelativeLayout@405fe260
android.widget.RelativeLayout@40600ea0
android.widget.TextView: 3.38
android.widget.TextView: 9
android.widget.TextView: 5 hours ago
android.widget.TextView: Update
android.widget.RelativeLayout@40603ae8
android.widget.ImageView@40617ed8
android.widget.TextView: Shell
android.widget.TextView: 6616 Ritchie Hwy & MVA  Rd
android.widget.TextView: Glen Burnie, MD
android.widget.TextView: 2.93 mi
android.widget.TableLayout@405fe0b0
android.widget.TableRow@4070ae78
android.widget.RelativeLayout@40606708
android.widget.RelativeLayout@40611c58
android.widget.TextView: --
android.widget.TextView: 9
android.widget.TextView: time
android.widget.TextView: Report Price
android.widget.RelativeLayout@40614818
android.widget.ImageView@406482b0
android.widget.TextView: Carroll Fuel
android.widget.TextView: 2650 W Patapsco Ave & Lorena Ave
android.widget.TextView: Baltimore, MD
android.widget.TextView: 2.94 mi
android.widget.TableLayout@405fef20
android.widget.TableRow@4070c0e8
android.widget.RelativeLayout@4061b250
android.widget.RelativeLayout@4061cbe8
android.widget.TextView: 3.39
android.widget.TextView: 9
android.widget.TextView: 5 hours ago
android.widget.TextView: Update
android.widget.RelativeLayout@4061f818
android.widget.ImageView@40651e08
android.widget.TextView: Exxon
android.widget.TextView:  6701 Ritchie Hwy & Ordnance Rd
android.widget.TextView: Glen Burnie, MD
android.widget.TextView: 3.16 mi
android.widget.RelativeLayout@40702050
android.widget.FrameLayout@405d3550
android.widget.RelativeLayout@40590db0
android.widget.LinearLayout@405b2760
android.view.View@406563f8
android.widget.RelativeLayout@406d1190
android.widget.TextView: Regular
android.view.View@407001f0
android.view.View@40644bd8
android.widget.RelativeLayout@40703758
android.widget.TextView: Midgrade
android.view.View@4070dcc8
android.view.View@40644d20
android.widget.RelativeLayout@4070de78
android.widget.TextView: Premium
android.view.View@40588068
android.view.View@40644e50
android.widget.RelativeLayout@40668130
android.widget.TextView: Diesel
android.view.View@40589ec0
android.view.View@40656518
android.view.View@405b4ad8
android.widget.LinearLayout@405d0960
android.widget.RelativeLayout@405f7268
android.widget.ImageView@405487d8
android.widget.TextView: Reload
android.widget.RelativeLayout@406b8348
android.widget.ImageView@406b9b78
android.widget.TextView: Sort By Price
android.widget.RelativeLayout@406ba4b8
android.widget.ImageView@406bbcf8
android.widget.TextView: Map View
android.view.View@405c05a8
gbis.gbandroid.views.layouts.CustomListView@406811f8
android.widget.TableLayout@405fef20
android.widget.TableRow@4070c0e8
android.widget.RelativeLayout@4061b250
android.widget.RelativeLayout@4061cbe8
android.widget.TextView: 3.39
android.widget.TextView: 9
android.widget.TextView: 5 hours ago
android.widget.TextView: Update
android.widget.RelativeLayout@4061f818
android.widget.ImageView@40651e08
android.widget.TextView: Exxon
android.widget.TextView:  6701 Ritchie Hwy & Ordnance Rd
android.widget.TextView: Glen Burnie, MD
android.widget.TextView: 3.16 mi
android.widget.TableLayout@40517288
android.widget.TableRow@4063dd08
android.widget.RelativeLayout@406e22a0
android.widget.RelativeLayout@40625ab0
android.widget.TextView: --
android.widget.TextView: 9
android.widget.TextView: time
android.widget.TextView: Report Price
android.widget.RelativeLayout@406c8d28
android.widget.ImageView@406221c8
android.widget.TextView: Quarles
android.widget.TextView: 2749 Hawkins Point Rd & Cove Ave
android.widget.TextView: Curtis Bay, MD
android.widget.TextView: 3.18 mi
android.widget.TableLayout@406308a0
android.widget.TableRow@4068cb98
android.widget.RelativeLayout@405eaf10
android.widget.RelativeLayout@4069f3b8
android.widget.TextView: --
android.widget.TextView: 9
android.widget.TextView: time
android.widget.TextView: Report Price
android.widget.RelativeLayout@4071d080
android.widget.ImageView@4050f840
android.widget.TextView: Shell
android.widget.TextView: 724 Nursery Rd & Fairview Ave
android.widget.TextView: Linthicum, MD
android.widget.TextView: 3.19 mi
android.widget.TableLayout@406a37c0
android.widget.TableRow@40718598
android.widget.RelativeLayout@4066ed48
android.widget.RelativeLayout@406cb928
android.widget.TextView: 3.35
android.widget.TextView: 9
android.widget.TextView: Mon 9:50 AM
android.widget.TextView: Update
android.widget.RelativeLayout@40703bd8
android.widget.ImageView@405e5190
android.widget.TextView: BP
android.widget.TextView: 3107 Hammonds Ferry Rd & Hollins Ferry Rd
android.widget.TextView: Lansdowne, MD
android.widget.TextView: 3.19 mi
android.widget.TableLayout@4064fef0
android.widget.TableRow@406bd620
android.widget.RelativeLayout@406f68f8
android.widget.RelativeLayout@40718ab8
android.widget.TextView: 3.45
android.widget.TextView: 9
android.widget.TextView: Mon 9:49 AM
android.widget.TextView: Update
android.widget.RelativeLayout@405b4e60
android.widget.ImageView@405b4fb8
android.widget.TextView: Sunoco
android.widget.TextView: 3023 Hammonds Ferry Rd & Hollins Ferry Rd
android.widget.TextView: Lansdowne, MD
android.widget.TextView: 3.2 mi
android.widget.RelativeLayout@40702050
android.widget.FrameLayout@405d3550
android.widget.RelativeLayout@40590db0
android.widget.LinearLayout@405b2760
android.view.View@406563f8
android.widget.RelativeLayout@406d1190
android.widget.TextView: Regular
android.view.View@407001f0
android.view.View@40644bd8
android.widget.RelativeLayout@40703758
android.widget.TextView: Midgrade
android.view.View@4070dcc8
android.view.View@40644d20
android.widget.RelativeLayout@4070de78
android.widget.TextView: Premium
android.view.View@40588068
android.view.View@40644e50
android.widget.RelativeLayout@40668130
android.widget.TextView: Diesel
android.view.View@40589ec0
android.view.View@40656518
android.view.View@405b4ad8
android.widget.LinearLayout@405d0960
android.widget.RelativeLayout@405f7268
android.widget.ImageView@405487d8
android.widget.TextView: Reload
android.widget.RelativeLayout@406b8348
android.widget.ImageView@406b9b78
android.widget.TextView: Sort By Price
android.widget.RelativeLayout@406ba4b8
android.widget.ImageView@406bbcf8
android.widget.TextView: Map View
android.view.View@405c05a8
gbis.gbandroid.views.layouts.CustomListView@406811f8
android.widget.TableLayout@4062ea30
android.widget.TableRow@40653a08
android.widget.RelativeLayout@40654088
android.widget.RelativeLayout@4067e790
android.widget.TextView: 3.45
android.widget.TextView: 9
android.widget.TextView: Mon 9:49 AM
android.widget.TextView: Update
android.widget.RelativeLayout@40689ee0
android.widget.ImageView@4068a2b8
android.widget.TextView: Sunoco
android.widget.TextView: 3023 Hammonds Ferry Rd & Hollins Ferry Rd
android.widget.TextView: Lansdowne, MD
android.widget.TextView: 3.2 mi
android.widget.TableLayout@4077b4f8
android.widget.TableRow@4077bab0
android.widget.RelativeLayout@4079fab8
android.widget.RelativeLayout@4079fe90
android.widget.TextView: --
android.widget.TextView: 9
android.widget.TextView: 12 minutes ago
android.widget.TextView: Report Price
android.widget.RelativeLayout@406a60b8
android.widget.ImageView@406a6470
android.widget.TextView: Exxon
android.widget.TextView: 723 Nursery Rd & Fairview Ave
android.widget.TextView: Linthicum, MD
android.widget.TextView: 3.2 mi
android.widget.TableLayout@40761fb8
android.widget.TableRow@407205d0
android.widget.RelativeLayout@40720c50
android.widget.RelativeLayout@40677978
android.widget.TextView: 3.65
android.widget.TextView: 9
android.widget.TextView: Mon 3:42 PM
android.widget.TextView: Update
android.widget.RelativeLayout@40642ac8
android.widget.ImageView@40642ea0
android.widget.TextView: Mystik
android.widget.TextView: 1026 Eastern Ave & S Central Ave
android.widget.TextView: Baltimore, MD
android.widget.TextView: 3.25 mi
android.widget.TableLayout@406ccd28
android.widget.TableRow@406664c8
android.widget.RelativeLayout@40724968
android.widget.RelativeLayout@40724d40
android.widget.TextView: 3.45
android.widget.TextView: 9
android.widget.TextView: 12 minutes ago
android.widget.TextView: Update
android.widget.RelativeLayout@40763850
android.widget.ImageView@40763c10
android.widget.TextView: Royal Farms
android.widget.TextView: 1801 Washington Blvd & Monroe St
android.widget.TextView: Baltimore, MD
android.widget.TextView: 3.26 mi
android.widget.TableLayout@4064fef0
android.widget.TableRow@406bd620
android.widget.RelativeLayout@406f68f8
android.widget.RelativeLayout@40718ab8
android.widget.TextView: 3.49
android.widget.TextView: 9
android.widget.TextView: 19 hours ago
android.widget.TextView: Update
android.widget.RelativeLayout@405b4e60
android.widget.ImageView@405b4fb8
android.widget.TextView: CITGO
android.widget.TextView: 1500 Eastern Ave & S Caroline St
android.widget.TextView: Baltimore, MD
android.widget.TextView: 3.27 mi
android.widget.RelativeLayout@40702050
android.widget.FrameLayout@405d3550
android.widget.RelativeLayout@40590db0
android.widget.LinearLayout@405b2760
android.view.View@406563f8
android.widget.RelativeLayout@406d1190
android.widget.TextView: Regular
android.view.View@407001f0
android.view.View@40644bd8
android.widget.RelativeLayout@40703758
android.widget.TextView: Midgrade
android.view.View@4070dcc8
android.view.View@40644d20
android.widget.RelativeLayout@4070de78
android.widget.TextView: Premium
android.view.View@40588068
android.view.View@40644e50
android.widget.RelativeLayout@40668130
android.widget.TextView: Diesel
android.view.View@40589ec0
android.view.View@40656518
android.view.View@405b4ad8
android.widget.LinearLayout@405d0960
android.widget.RelativeLayout@405f7268
android.widget.ImageView@405487d8
android.widget.TextView: Reload
android.widget.RelativeLayout@406b8348
android.widget.ImageView@406b9b78
android.widget.TextView: Sort By Price
android.widget.RelativeLayout@406ba4b8
android.widget.ImageView@406bbcf8
android.widget.TextView: Map View
android.view.View@405c05a8
gbis.gbandroid.views.layouts.CustomListView@406811f8
android.widget.TableLayout@4064fef0
android.widget.TableRow@406bd620
android.widget.RelativeLayout@406f68f8
android.widget.RelativeLayout@40718ab8
android.widget.TextView: 3.49
android.widget.TextView: 9
android.widget.TextView: 19 hours ago
android.widget.TextView: Update
android.widget.RelativeLayout@405b4e60
android.widget.ImageView@405b4fb8
android.widget.TextView: CITGO
android.widget.TextView: 1500 Eastern Ave & S Caroline St
android.widget.TextView: Baltimore, MD
android.widget.TextView: 3.27 mi
android.widget.TableLayout@406b26c0
android.widget.TableRow@406b2c90
android.widget.RelativeLayout@406b3310
android.widget.RelativeLayout@406b36e8
android.widget.TextView: --
android.widget.TextView: 9
android.widget.TextView: time
android.widget.TextView: Report Price
android.widget.RelativeLayout@406b4ef8
android.widget.ImageView@407d7918
android.widget.TextView: Quest
android.widget.TextView: 1769 Washington Blvd & Monroe St
android.widget.TextView: Baltimore, MD
android.widget.TextView: 3.27 mi
android.widget.TableLayout@407db4d0
android.widget.TableRow@407dbaa0
android.widget.RelativeLayout@407dc160
android.widget.RelativeLayout@407dc538
android.widget.TextView: 3.55
android.widget.TextView: 9
android.widget.TextView: 10 hours ago
android.widget.TextView: Update
android.widget.RelativeLayout@407ddd48
android.widget.ImageView@407de120
android.widget.TextView: BP
android.widget.TextView: 7059 Baltimore Annapolis Blvd & Furnace Branch Rd
android.widget.TextView: Glen Burnie, MD
android.widget.TextView: 3.32 mi
android.widget.TableLayout@407eba38
android.widget.TableRow@407ec008
android.widget.RelativeLayout@407ec6c8
android.widget.RelativeLayout@407ecaa0
android.widget.TextView: 3.45
android.widget.TextView: 9
android.widget.TextView: 7 hours ago
android.widget.TextView: Update
android.widget.RelativeLayout@407ee2b0
android.widget.ImageView@407ee688
android.widget.TextView: U.S. Gas
android.widget.TextView: 1463 Washington Blvd & Bush St
android.widget.TextView: Baltimore, MD
android.widget.TextView: 3.32 mi
android.widget.TableLayout@407f3020
android.widget.TableRow@407f35f0
android.widget.RelativeLayout@407f3cb0
android.widget.RelativeLayout@407f4088
android.widget.TextView: --
android.widget.TextView: 9
android.widget.TextView: time
android.widget.TextView: Report Price
android.widget.RelativeLayout@407f5898
android.widget.ImageView@407f5c70
android.widget.TextView: Hess
android.widget.TextView: 2810 Hammonds Ferry Rd & 4th Ave
android.widget.TextView: Lansdowne, MD
android.widget.TextView: 3.34 mi
android.widget.RelativeLayout@40702050
android.widget.FrameLayout@405d3550
android.widget.RelativeLayout@40590db0
android.widget.LinearLayout@405b2760
android.view.View@406563f8
android.widget.RelativeLayout@406d1190
android.widget.TextView: Regular
android.view.View@407001f0
android.view.View@40644bd8
android.widget.RelativeLayout@40703758
android.widget.TextView: Midgrade
android.view.View@4070dcc8
android.view.View@40644d20
android.widget.RelativeLayout@4070de78
android.widget.TextView: Premium
android.view.View@40588068
android.view.View@40644e50
android.widget.RelativeLayout@40668130
android.widget.TextView: Diesel
android.view.View@40589ec0
android.view.View@40656518
android.view.View@405b4ad8
android.widget.LinearLayout@405d0960
android.widget.RelativeLayout@405f7268
android.widget.ImageView@405487d8
android.widget.TextView: Reload
android.widget.RelativeLayout@406b8348
android.widget.ImageView@406b9b78
android.widget.TextView: Sort By Price
android.widget.RelativeLayout@406ba4b8
android.widget.ImageView@406bbcf8
android.widget.TextView: Map View
android.view.View@405c05a8
gbis.gbandroid.views.layouts.CustomListView@406811f8
android.widget.TableLayout@407f3020
android.widget.TableRow@407f35f0
android.widget.RelativeLayout@407f3cb0
android.widget.RelativeLayout@407f4088
android.widget.TextView: --
android.widget.TextView: 9
android.widget.TextView: time
android.widget.TextView: Report Price
android.widget.RelativeLayout@407f5898
android.widget.ImageView@407f5c70
android.widget.TextView: Hess
android.widget.TextView: 2810 Hammonds Ferry Rd & 4th Ave
android.widget.TextView: Lansdowne, MD
android.widget.TextView: 3.34 mi
android.widget.TableLayout@408139f0
android.widget.TableRow@40813fc0
android.widget.RelativeLayout@40814680
android.widget.RelativeLayout@40814a58
android.widget.TextView: --
android.widget.TextView: 9
android.widget.TextView: time
android.widget.TextView: Report Price
android.widget.RelativeLayout@40816268
android.widget.ImageView@40816640
android.widget.TextView: Quarles
android.widget.TextView: 2900 Washington Blvd & Morrell Park Ave
android.widget.TextView: Baltimore, MD
android.widget.TextView: 3.35 mi
android.widget.TableLayout@4081a3e0
android.widget.TableRow@4081a9b0
android.widget.RelativeLayout@4057bf80
android.widget.RelativeLayout@4057ebd0
android.widget.TextView: 3.49
android.widget.TextView: 9
android.widget.TextView: 1 hour ago
android.widget.TextView: Update
android.widget.RelativeLayout@405817c0
android.widget.ImageView@4050d378
android.widget.TextView: Sunoco
android.widget.TextView: 400 Russell St & Washington Blvd
android.widget.TextView: Baltimore, MD
android.widget.TextView: 3.36 mi
android.widget.TableLayout@4057bdd0
android.widget.TableRow@4054aeb8
android.widget.RelativeLayout@4058ed98
android.widget.RelativeLayout@405eaf10
android.widget.TextView: 3.49
android.widget.TextView: 9
android.widget.TextView: 2 hours ago
android.widget.TextView: Update
android.widget.RelativeLayout@405fe260
android.widget.ImageView@405a22e0
android.widget.TextView: CITGO
android.widget.TextView: 6300 Efficency Way & Quarantine Rd I-695 Exit 1
android.widget.TextView: Curtis Bay, MD
android.widget.TextView: 3.38 mi
android.widget.TableLayout@40581608
android.widget.TableRow@4057f648
android.widget.RelativeLayout@40600ea0
android.widget.RelativeLayout@40603ae8
android.widget.TextView: --
android.widget.TextView: 9
android.widget.TextView: time
android.widget.TextView: Report Price
android.widget.RelativeLayout@40606708
android.widget.ImageView@405ac9b8
android.widget.TextView: BP
android.widget.TextView: 816 Nursery Rd & N Hammonds Ferry Rd
android.widget.TextView: Linthicum, MD
android.widget.TextView: 3.45 mi
android.widget.RelativeLayout@40702050
android.widget.FrameLayout@405d3550
android.widget.RelativeLayout@40590db0
android.widget.LinearLayout@405b2760
android.view.View@406563f8
android.widget.RelativeLayout@406d1190
android.widget.TextView: Regular
android.view.View@407001f0
android.view.View@40644bd8
android.widget.RelativeLayout@40703758
android.widget.TextView: Midgrade
android.view.View@4070dcc8
android.view.View@40644d20
android.widget.RelativeLayout@4070de78
android.widget.TextView: Premium
android.view.View@40588068
android.view.View@40644e50
android.widget.RelativeLayout@40668130
android.widget.TextView: Diesel
android.view.View@40589ec0
android.view.View@40656518
android.view.View@405b4ad8
android.widget.LinearLayout@405d0960
android.widget.RelativeLayout@405f7268
android.widget.ImageView@405487d8
android.widget.TextView: Reload
android.widget.RelativeLayout@406b8348
android.widget.ImageView@406b9b78
android.widget.TextView: Sort By Price
android.widget.RelativeLayout@406ba4b8
android.widget.ImageView@406bbcf8
android.widget.TextView: Map View
android.view.View@405c05a8
gbis.gbandroid.views.layouts.CustomListView@406811f8
android.widget.TableLayout@4081a3e0
android.widget.TableRow@4081a9b0
android.widget.RelativeLayout@4057bf80
android.widget.RelativeLayout@4057ebd0
android.widget.TextView: 3.49
android.widget.TextView: 9
android.widget.TextView: 1 hour ago
android.widget.TextView: Update
android.widget.RelativeLayout@405817c0
android.widget.ImageView@4050d378
android.widget.TextView: Sunoco
android.widget.TextView: 400 Russell St & Washington Blvd
android.widget.TextView: Baltimore, MD
android.widget.TextView: 3.36 mi
android.widget.TableLayout@4057bdd0
android.widget.TableRow@4054aeb8
android.widget.RelativeLayout@4058ed98
android.widget.RelativeLayout@405eaf10
android.widget.TextView: 3.49
android.widget.TextView: 9
android.widget.TextView: 2 hours ago
android.widget.TextView: Update
android.widget.RelativeLayout@405fe260
android.widget.ImageView@405a22e0
android.widget.TextView: CITGO
android.widget.TextView: 6300 Efficency Way & Quarantine Rd I-695 Exit 1
android.widget.TextView: Curtis Bay, MD
android.widget.TextView: 3.38 mi
android.widget.TableLayout@40581608
android.widget.TableRow@4057f648
android.widget.RelativeLayout@40600ea0
android.widget.RelativeLayout@40603ae8
android.widget.TextView: --
android.widget.TextView: 9
android.widget.TextView: time
android.widget.TextView: Report Price
android.widget.RelativeLayout@40606708
android.widget.ImageView@405ac9b8
android.widget.TextView: BP
android.widget.TextView: 816 Nursery Rd & N Hammonds Ferry Rd
android.widget.TextView: Linthicum, MD
android.widget.TextView: 3.45 mi
android.widget.TableLayout@405bed70
android.widget.TableRow@4060fe68
android.widget.RelativeLayout@40611c58
android.widget.RelativeLayout@40614818
android.widget.TextView: 3.59
android.widget.TextView: 9
android.widget.TextView: 5 hours ago
android.widget.TextView: Update
android.widget.RelativeLayout@4061b250
android.widget.ImageView@405f1a48
android.widget.TextView: Shell
android.widget.TextView: 601 South Luzerne Ave & Fleet St
android.widget.TextView: Baltimore, MD
android.widget.TextView: 3.45 mi
android.widget.TableLayout@405fe0b0
android.widget.TableRow@4063dd08
android.widget.RelativeLayout@4061cbe8
android.widget.RelativeLayout@4061f818
android.widget.TextView: --
android.widget.TextView: 9
android.widget.TextView: time
android.widget.TextView: Report Price
android.widget.RelativeLayout@40625ab0
android.widget.ImageView@405f2e98
android.widget.TextView: Hess
android.widget.TextView: 3205 Washington Blvd & Patapsco Ave
android.widget.TextView: Baltimore, MD
android.widget.TextView: 3.46 mi
android.widget.RelativeLayout@40702050
