emulator-5554
D/umd.troyd(32644): got command getViews
D/umd.troyd(32644): android.widget.FrameLayout@406d2cc8: 16908290 (0)
D/umd.troyd(32644): android.widget.RelativeLayout@406d3708: 2131558603 (1)
D/umd.troyd(32644): android.widget.LinearLayout@4071afb8: -1 (2)
D/umd.troyd(32644): com.walmart.android.ui.ViewStackLayout@4071b490: 2131558797 (3)
D/umd.troyd(32644): android.widget.RelativeLayout@4072c150: -1 (4)
D/umd.troyd(32644): android.widget.RelativeLayout@4072c6b8: 2131558790 (5)
D/umd.troyd(32644): android.widget.LinearLayout@4072d238: 2131558790 (6)
D/umd.troyd(32644): android.widget.RelativeLayout@4072da18: -1 (7)
D/umd.troyd(32644): android.widget.Button:  (8)
D/umd.troyd(32644): android.widget.TextView: Search a location (9)
D/umd.troyd(32644): android.widget.Button:  (10)
D/umd.troyd(32644): android.widget.Button:  (11)
D/umd.troyd(32644): android.widget.Button:  (12)
D/umd.troyd(32644): android.widget.RelativeLayout@407322d0: 2131558791 (13)
D/umd.troyd(32644): com.walmart.android.storelocator.StoreMapView@40733568: 2131558792 (14)
D/umd.troyd(32644): android.widget.ListView@4073b6a8: 2131558521 (15)
D/umd.troyd(32644): android.widget.LinearLayout@40765400: -1 (16)
D/umd.troyd(32644): android.widget.RelativeLayout@4068ea20: -1 (17)
D/umd.troyd(32644): android.widget.RelativeLayout@4068eb78: -1 (18)
D/umd.troyd(32644): android.widget.TextView: Walmart Supercenter (19)
D/umd.troyd(32644): android.widget.TextView: 315 Foxon Blvd (20)
D/umd.troyd(32644): android.widget.TextView: New Haven, CT 06513 (21)
D/umd.troyd(32644): android.widget.RelativeLayout@406a22d0: -1 (22)
D/umd.troyd(32644): android.widget.LinearLayout@406a6c20: 2131558801 (23)
D/umd.troyd(32644): android.widget.TextView: 2.19 (24)
D/umd.troyd(32644): android.widget.TextView: miles (25)
D/umd.troyd(32644): android.widget.TextView:  (26)
D/umd.troyd(32644): android.widget.ImageView@4077b288: 2131558517 (27)
D/umd.troyd(32644): android.widget.LinearLayout@406989a0: -1 (28)
D/umd.troyd(32644): android.widget.RelativeLayout@4076a2c0: -1 (29)
D/umd.troyd(32644): android.widget.RelativeLayout@4076a580: -1 (30)
D/umd.troyd(32644): android.widget.TextView: Walmart Store (31)
D/umd.troyd(32644): android.widget.TextView: 515 Saw Mill Rd (32)
D/umd.troyd(32644): android.widget.TextView: West Haven, CT 06516 (33)
D/umd.troyd(32644): android.widget.RelativeLayout@4070daf0: -1 (34)
D/umd.troyd(32644): android.widget.LinearLayout@4070de70: 2131558801 (35)
D/umd.troyd(32644): android.widget.TextView: 3.22 (36)
D/umd.troyd(32644): android.widget.TextView: miles (37)
D/umd.troyd(32644): android.widget.TextView:  (38)
D/umd.troyd(32644): android.widget.ImageView@4070e758: 2131558517 (39)
D/umd.troyd(32644): android.widget.LinearLayout@40605fa0: -1 (40)
D/umd.troyd(32644): android.widget.RelativeLayout@4075cec8: -1 (41)
D/umd.troyd(32644): android.widget.RelativeLayout@4075d1e0: -1 (42)
D/umd.troyd(32644): android.widget.TextView: Walmart Store (43)
D/umd.troyd(32644): android.widget.TextView: 120 Commercial Pkwy (44)
D/umd.troyd(32644): android.widget.TextView: Branford, CT 06405 (45)
D/umd.troyd(32644): android.widget.RelativeLayout@40683260: -1 (46)
D/umd.troyd(32644): android.widget.LinearLayout@40683450: 2131558801 (47)
D/umd.troyd(32644): android.widget.TextView: 4.15 (48)
D/umd.troyd(32644): android.widget.TextView: miles (49)
D/umd.troyd(32644): android.widget.TextView:  (50)
D/umd.troyd(32644): android.widget.ImageView@4070c188: 2131558517 (51)
D/umd.troyd(32644): android.widget.LinearLayout@40769520: -1 (52)
D/umd.troyd(32644): android.widget.RelativeLayout@40769710: -1 (53)
D/umd.troyd(32644): android.widget.RelativeLayout@40769a28: -1 (54)
D/umd.troyd(32644): android.widget.TextView: Walmart Store (55)
D/umd.troyd(32644): android.widget.TextView: 2300 Dixwell Ave (56)
D/umd.troyd(32644): android.widget.TextView: Hamden, CT 06514 (57)
D/umd.troyd(32644): android.widget.RelativeLayout@40714318: -1 (58)
D/umd.troyd(32644): android.widget.LinearLayout@406ff8c0: 2131558801 (59)
D/umd.troyd(32644): android.widget.TextView: 4.35 (60)
D/umd.troyd(32644): android.widget.TextView: miles (61)
D/umd.troyd(32644): android.widget.TextView:  (62)
D/umd.troyd(32644): android.widget.ImageView@40700878: 2131558517 (63)
D/umd.troyd(32644): android.widget.LinearLayout@40607160: -1 (64)
D/umd.troyd(32644): android.widget.RelativeLayout@40607350: -1 (65)
D/umd.troyd(32644): android.widget.RelativeLayout@40607668: -1 (66)
D/umd.troyd(32644): android.widget.TextView: Walmart Store (67)
D/umd.troyd(32644): android.widget.TextView: 656 New Haven Ave (68)
D/umd.troyd(32644): android.widget.TextView: Derby, CT 06418 (69)
D/umd.troyd(32644): android.widget.RelativeLayout@40777790: -1 (70)
D/umd.troyd(32644): android.widget.LinearLayout@40777b10: 2131558801 (71)
D/umd.troyd(32644): android.widget.TextView: 6.04 (72)
D/umd.troyd(32644): android.widget.TextView: miles (73)
D/umd.troyd(32644): android.widget.TextView:  (74)
D/umd.troyd(32644): android.widget.ImageView@406a1068: 2131558517 (75)
D/umd.troyd(32644): android.widget.LinearLayout@4075ea10: -1 (76)
D/umd.troyd(32644): android.widget.RelativeLayout@405fe690: -1 (77)
D/umd.troyd(32644): android.widget.RelativeLayout@405fe9a8: -1 (78)
D/umd.troyd(32644): android.widget.TextView: Walmart Store (79)
D/umd.troyd(32644): android.widget.TextView: 1365 Boston Post Rd (80)
D/umd.troyd(32644): android.widget.TextView: Milford, CT 06460 (81)
D/umd.troyd(32644): android.widget.RelativeLayout@40622610: -1 (82)
D/umd.troyd(32644): android.widget.LinearLayout@40622990: 2131558801 (83)
D/umd.troyd(32644): android.widget.TextView: 6.30 (84)
D/umd.troyd(32644): android.widget.TextView: miles (85)
D/umd.troyd(32644): android.widget.TextView:  (86)
D/umd.troyd(32644): android.widget.ImageView@40774f40: 2131558517 (87)
D/umd.troyd(32644): android.widget.RelativeLayout@4071d5c0: 2131558541 (88)
D/umd.troyd(32644): android.widget.GridView@4071e138: 2131558824 (89)
D/umd.troyd(32644): android.widget.LinearLayout@4071f2b8: 2131558538 (90)
D/umd.troyd(32644): android.widget.RelativeLayout@4071fcb0: 2131558818 (91)
D/umd.troyd(32644): android.widget.ImageButton@40720600: 2131558819 (92)
D/umd.troyd(32644): android.widget.RelativeLayout@40720b18: -1 (93)
D/umd.troyd(32644): android.widget.ImageView@40720f08: 2131558820 (94)
D/umd.troyd(32644): android.widget.TextView: Stores (95)
D/umd.troyd(32644): android.widget.RelativeLayout@40721e10: -1 (96)
D/umd.troyd(32644): android.widget.Button:  (97)
D/umd.troyd(32644): android.widget.ImageView@40722980: 2131558823 (98)
D/umd.troyd(32644): android.widget.LinearLayout@40722c10: 2131558542 (99)
D/umd.troyd(32644): got command getViews
D/umd.troyd(32644): android.widget.FrameLayout@406d2cc8: 16908290 (0)
D/umd.troyd(32644): android.widget.RelativeLayout@406d3708: 2131558603 (1)
D/umd.troyd(32644): android.widget.LinearLayout@4071afb8: -1 (2)
D/umd.troyd(32644): com.walmart.android.ui.ViewStackLayout@4071b490: 2131558797 (3)
D/umd.troyd(32644): android.widget.RelativeLayout@4072c150: -1 (4)
D/umd.troyd(32644): android.widget.RelativeLayout@4072c6b8: 2131558790 (5)
D/umd.troyd(32644): android.widget.LinearLayout@4072d238: 2131558790 (6)
D/umd.troyd(32644): android.widget.RelativeLayout@4072da18: -1 (7)
D/umd.troyd(32644): android.widget.Button:  (8)
D/umd.troyd(32644): android.widget.TextView: Search a location (9)
D/umd.troyd(32644): android.widget.Button:  (10)
D/umd.troyd(32644): android.widget.Button:  (11)
D/umd.troyd(32644): android.widget.Button:  (12)
D/umd.troyd(32644): android.widget.RelativeLayout@407322d0: 2131558791 (13)
D/umd.troyd(32644): com.walmart.android.storelocator.StoreMapView@40733568: 2131558792 (14)
D/umd.troyd(32644): android.widget.ListView@4073b6a8: 2131558521 (15)
D/umd.troyd(32644): android.widget.LinearLayout@4075ea10: -1 (16)
D/umd.troyd(32644): android.widget.RelativeLayout@405fe690: -1 (17)
D/umd.troyd(32644): android.widget.RelativeLayout@405fe9a8: -1 (18)
D/umd.troyd(32644): android.widget.TextView: Walmart Store (19)
D/umd.troyd(32644): android.widget.TextView: 1365 Boston Post Rd (20)
D/umd.troyd(32644): android.widget.TextView: Milford, CT 06460 (21)
D/umd.troyd(32644): android.widget.RelativeLayout@40622610: -1 (22)
D/umd.troyd(32644): android.widget.LinearLayout@40622990: 2131558801 (23)
D/umd.troyd(32644): android.widget.TextView: 6.30 (24)
D/umd.troyd(32644): android.widget.TextView: miles (25)
D/umd.troyd(32644): android.widget.TextView:  (26)
D/umd.troyd(32644): android.widget.ImageView@40774f40: 2131558517 (27)
D/umd.troyd(32644): android.widget.LinearLayout@407d6530: -1 (28)
D/umd.troyd(32644): android.widget.RelativeLayout@40696b48: -1 (29)
D/umd.troyd(32644): android.widget.RelativeLayout@4077f678: -1 (30)
D/umd.troyd(32644): android.widget.TextView: Walmart Store (31)
D/umd.troyd(32644): android.widget.TextView: 465 Bridgeport Ave (32)
D/umd.troyd(32644): android.widget.TextView: Shelton, CT 06484 (33)
D/umd.troyd(32644): android.widget.RelativeLayout@407ce470: -1 (34)
D/umd.troyd(32644): android.widget.LinearLayout@407214e0: 2131558801 (35)
D/umd.troyd(32644): android.widget.TextView: 8.77 (36)
D/umd.troyd(32644): android.widget.TextView: miles (37)
D/umd.troyd(32644): android.widget.TextView:  (38)
D/umd.troyd(32644): android.widget.ImageView@407915a0: 2131558517 (39)
D/umd.troyd(32644): android.widget.LinearLayout@407d0060: -1 (40)
D/umd.troyd(32644): android.widget.RelativeLayout@40717e08: -1 (41)
D/umd.troyd(32644): android.widget.RelativeLayout@4073b0b0: -1 (42)
D/umd.troyd(32644): android.widget.TextView: Walmart Store (43)
D/umd.troyd(32644): android.widget.TextView: 150 Barnum Avenue Cutoff (44)
D/umd.troyd(32644): android.widget.TextView: Stratford, CT 06614 (45)
D/umd.troyd(32644): android.widget.RelativeLayout@405ccb58: -1 (46)
D/umd.troyd(32644): android.widget.LinearLayout@4076fed8: 2131558801 (47)
D/umd.troyd(32644): android.widget.TextView: 10.69 (48)
D/umd.troyd(32644): android.widget.TextView: miles (49)
D/umd.troyd(32644): android.widget.TextView:  (50)
D/umd.troyd(32644): android.widget.ImageView@405c8848: 2131558517 (51)
D/umd.troyd(32644): android.widget.LinearLayout@405c8998: -1 (52)
D/umd.troyd(32644): android.widget.RelativeLayout@405db458: -1 (53)
D/umd.troyd(32644): android.widget.RelativeLayout@405db5b0: -1 (54)
D/umd.troyd(32644): android.widget.TextView: Walmart Store (55)
D/umd.troyd(32644): android.widget.TextView: 900 Boston Post Rd (56)
D/umd.troyd(32644): android.widget.TextView: Guilford, CT 06437 (57)
D/umd.troyd(32644): android.widget.RelativeLayout@405fff78: -1 (58)
D/umd.troyd(32644): android.widget.LinearLayout@406000d0: 2131558801 (59)
D/umd.troyd(32644): android.widget.TextView: 11.01 (60)
D/umd.troyd(32644): android.widget.TextView: miles (61)
D/umd.troyd(32644): android.widget.TextView:  (62)
D/umd.troyd(32644): android.widget.ImageView@4066fdc8: 2131558517 (63)
D/umd.troyd(32644): android.widget.LinearLayout@406b8af0: -1 (64)
D/umd.troyd(32644): android.widget.RelativeLayout@406b8c40: -1 (65)
D/umd.troyd(32644): android.widget.RelativeLayout@406d1820: -1 (66)
D/umd.troyd(32644): android.widget.TextView: Walmart Store (67)
D/umd.troyd(32644): android.widget.TextView: 1100 New Haven Rd (68)
D/umd.troyd(32644): android.widget.TextView: Naugatuck, CT 06770 (69)
D/umd.troyd(32644): android.widget.RelativeLayout@407cebf8: -1 (70)
D/umd.troyd(32644): android.widget.LinearLayout@407ced50: 2131558801 (71)
D/umd.troyd(32644): android.widget.TextView: 11.28 (72)
D/umd.troyd(32644): android.widget.TextView: miles (73)
D/umd.troyd(32644): android.widget.TextView:  (74)
D/umd.troyd(32644): android.widget.ImageView@40696588: 2131558517 (75)
D/umd.troyd(32644): android.widget.LinearLayout@407d2298: -1 (76)
D/umd.troyd(32644): android.widget.RelativeLayout@407d2940: -1 (77)
D/umd.troyd(32644): android.widget.RelativeLayout@40715e70: -1 (78)
D/umd.troyd(32644): android.widget.TextView: Walmart Supercenter (79)
D/umd.troyd(32644): android.widget.TextView: 844 N Colony Rd (80)
D/umd.troyd(32644): android.widget.TextView: Wallingford, CT 06492 (81)
D/umd.troyd(32644): android.widget.RelativeLayout@40682e60: -1 (82)
D/umd.troyd(32644): android.widget.LinearLayout@406a5090: 2131558801 (83)
D/umd.troyd(32644): android.widget.TextView: 11.64 (84)
D/umd.troyd(32644): android.widget.TextView: miles (85)
D/umd.troyd(32644): android.widget.TextView:  (86)
D/umd.troyd(32644): android.widget.ImageView@4075f948: 2131558517 (87)
D/umd.troyd(32644): android.widget.RelativeLayout@4071d5c0: 2131558541 (88)
D/umd.troyd(32644): android.widget.GridView@4071e138: 2131558824 (89)
D/umd.troyd(32644): android.widget.LinearLayout@4071f2b8: 2131558538 (90)
D/umd.troyd(32644): android.widget.RelativeLayout@4071fcb0: 2131558818 (91)
D/umd.troyd(32644): android.widget.ImageButton@40720600: 2131558819 (92)
D/umd.troyd(32644): android.widget.RelativeLayout@40720b18: -1 (93)
D/umd.troyd(32644): android.widget.ImageView@40720f08: 2131558820 (94)
D/umd.troyd(32644): android.widget.TextView: Stores (95)
D/umd.troyd(32644): android.widget.RelativeLayout@40721e10: -1 (96)
D/umd.troyd(32644): android.widget.Button:  (97)
D/umd.troyd(32644): android.widget.ImageView@40722980: 2131558823 (98)
D/umd.troyd(32644): android.widget.LinearLayout@40722c10: 2131558542 (99)
D/umd.troyd(32644): got command getViews
D/umd.troyd(32644): android.widget.FrameLayout@406d2cc8: 16908290 (0)
D/umd.troyd(32644): android.widget.RelativeLayout@406d3708: 2131558603 (1)
D/umd.troyd(32644): android.widget.LinearLayout@4071afb8: -1 (2)
D/umd.troyd(32644): com.walmart.android.ui.ViewStackLayout@4071b490: 2131558797 (3)
D/umd.troyd(32644): android.widget.RelativeLayout@4072c150: -1 (4)
D/umd.troyd(32644): android.widget.RelativeLayout@4072c6b8: 2131558790 (5)
D/umd.troyd(32644): android.widget.LinearLayout@4072d238: 2131558790 (6)
D/umd.troyd(32644): android.widget.RelativeLayout@4072da18: -1 (7)
D/umd.troyd(32644): android.widget.Button:  (8)
D/umd.troyd(32644): android.widget.TextView: Search a location (9)
D/umd.troyd(32644): android.widget.Button:  (10)
D/umd.troyd(32644): android.widget.Button:  (11)
D/umd.troyd(32644): android.widget.Button:  (12)
D/umd.troyd(32644): android.widget.RelativeLayout@407322d0: 2131558791 (13)
D/umd.troyd(32644): com.walmart.android.storelocator.StoreMapView@40733568: 2131558792 (14)
D/umd.troyd(32644): android.widget.ListView@4073b6a8: 2131558521 (15)
D/umd.troyd(32644): android.widget.LinearLayout@407d2298: -1 (16)
D/umd.troyd(32644): android.widget.RelativeLayout@407d2940: -1 (17)
D/umd.troyd(32644): android.widget.RelativeLayout@40715e70: -1 (18)
D/umd.troyd(32644): android.widget.TextView: Walmart Supercenter (19)
D/umd.troyd(32644): android.widget.TextView: 844 N Colony Rd (20)
D/umd.troyd(32644): android.widget.TextView: Wallingford, CT 06492 (21)
D/umd.troyd(32644): android.widget.RelativeLayout@40682e60: -1 (22)
D/umd.troyd(32644): android.widget.LinearLayout@406a5090: 2131558801 (23)
D/umd.troyd(32644): android.widget.TextView: 11.64 (24)
D/umd.troyd(32644): android.widget.TextView: miles (25)
D/umd.troyd(32644): android.widget.TextView:  (26)
D/umd.troyd(32644): android.widget.ImageView@4075f948: 2131558517 (27)
D/umd.troyd(32644): android.widget.LinearLayout@40765400: -1 (28)
D/umd.troyd(32644): android.widget.RelativeLayout@4068ea20: -1 (29)
D/umd.troyd(32644): android.widget.RelativeLayout@4068eb78: -1 (30)
D/umd.troyd(32644): android.widget.TextView: Walmart Store (31)
D/umd.troyd(32644): android.widget.TextView: 910 Wolcott St (32)
D/umd.troyd(32644): android.widget.TextView: Waterbury, CT 06705 (33)
D/umd.troyd(32644): android.widget.RelativeLayout@406a22d0: -1 (34)
D/umd.troyd(32644): android.widget.LinearLayout@406a6c20: 2131558801 (35)
D/umd.troyd(32644): android.widget.TextView: 16.32 (36)
D/umd.troyd(32644): android.widget.TextView: miles (37)
D/umd.troyd(32644): android.widget.TextView:  (38)
D/umd.troyd(32644): android.widget.ImageView@4077b288: 2131558517 (39)
D/umd.troyd(32644): android.widget.LinearLayout@406989a0: -1 (40)
D/umd.troyd(32644): android.widget.RelativeLayout@4076a2c0: -1 (41)
D/umd.troyd(32644): android.widget.RelativeLayout@4076a580: -1 (42)
D/umd.troyd(32644): android.widget.TextView: Walmart Store (43)
D/umd.troyd(32644): android.widget.TextView: 235 Queen St (44)
D/umd.troyd(32644): android.widget.TextView: Southington, CT 06489 (45)
D/umd.troyd(32644): android.widget.RelativeLayout@4070daf0: -1 (46)
D/umd.troyd(32644): android.widget.LinearLayout@4070de70: 2131558801 (47)
D/umd.troyd(32644): android.widget.TextView: 19.31 (48)
D/umd.troyd(32644): android.widget.TextView: miles (49)
D/umd.troyd(32644): android.widget.TextView:  (50)
D/umd.troyd(32644): android.widget.ImageView@4070e758: 2131558517 (51)
D/umd.troyd(32644): android.widget.LinearLayout@40605fa0: -1 (52)
D/umd.troyd(32644): android.widget.RelativeLayout@4075cec8: -1 (53)
D/umd.troyd(32644): android.widget.RelativeLayout@4075d1e0: -1 (54)
D/umd.troyd(32644): android.widget.TextView: Walmart Store (55)
D/umd.troyd(32644): android.widget.TextView: 161 Berlin Rd (56)
D/umd.troyd(32644): android.widget.TextView: Cromwell, CT 06416 (57)
D/umd.troyd(32644): android.widget.RelativeLayout@40683260: -1 (58)
D/umd.troyd(32644): android.widget.LinearLayout@40683450: 2131558801 (59)
D/umd.troyd(32644): android.widget.TextView: 20.49 (60)
D/umd.troyd(32644): android.widget.TextView: miles (61)
D/umd.troyd(32644): android.widget.TextView:  (62)
D/umd.troyd(32644): android.widget.ImageView@4070c188: 2131558517 (63)
D/umd.troyd(32644): android.widget.LinearLayout@40769520: -1 (64)
D/umd.troyd(32644): android.widget.RelativeLayout@40769710: -1 (65)
D/umd.troyd(32644): android.widget.RelativeLayout@40769a28: -1 (66)
D/umd.troyd(32644): android.widget.TextView: Walmart Store (67)
D/umd.troyd(32644): android.widget.TextView: 67 Newtown Rd (68)
D/umd.troyd(32644): android.widget.TextView: Danbury, CT 06810 (69)
D/umd.troyd(32644): android.widget.RelativeLayout@40714318: -1 (70)
D/umd.troyd(32644): android.widget.LinearLayout@406ff8c0: 2131558801 (71)
D/umd.troyd(32644): android.widget.TextView: 23.21 (72)
D/umd.troyd(32644): android.widget.TextView: miles (73)
D/umd.troyd(32644): android.widget.TextView:  (74)
D/umd.troyd(32644): android.widget.ImageView@40700878: 2131558517 (75)
D/umd.troyd(32644): android.widget.LinearLayout@40607160: -1 (76)
D/umd.troyd(32644): android.widget.RelativeLayout@40607350: -1 (77)
D/umd.troyd(32644): android.widget.RelativeLayout@40607668: -1 (78)
D/umd.troyd(32644): android.widget.TextView: Walmart Store (79)
D/umd.troyd(32644): android.widget.TextView: 3164 Berlin Tpke (80)
D/umd.troyd(32644): android.widget.TextView: Newington, CT 06111 (81)
D/umd.troyd(32644): android.widget.RelativeLayout@40777790: -1 (82)
D/umd.troyd(32644): android.widget.LinearLayout@40777b10: 2131558801 (83)
D/umd.troyd(32644): android.widget.TextView: 23.52 (84)
D/umd.troyd(32644): android.widget.TextView: miles (85)
D/umd.troyd(32644): android.widget.TextView:  (86)
D/umd.troyd(32644): android.widget.ImageView@406a1068: 2131558517 (87)
D/umd.troyd(32644): android.widget.RelativeLayout@4071d5c0: 2131558541 (88)
D/umd.troyd(32644): android.widget.GridView@4071e138: 2131558824 (89)
D/umd.troyd(32644): android.widget.LinearLayout@4071f2b8: 2131558538 (90)
D/umd.troyd(32644): android.widget.RelativeLayout@4071fcb0: 2131558818 (91)
D/umd.troyd(32644): android.widget.ImageButton@40720600: 2131558819 (92)
D/umd.troyd(32644): android.widget.RelativeLayout@40720b18: -1 (93)
D/umd.troyd(32644): android.widget.ImageView@40720f08: 2131558820 (94)
D/umd.troyd(32644): android.widget.TextView: Stores (95)
D/umd.troyd(32644): android.widget.RelativeLayout@40721e10: -1 (96)
D/umd.troyd(32644): android.widget.Button:  (97)
D/umd.troyd(32644): android.widget.ImageView@40722980: 2131558823 (98)
D/umd.troyd(32644): android.widget.LinearLayout@40722c10: 2131558542 (99)
D/umd.troyd(32644): got command getViews
D/umd.troyd(32644): android.widget.FrameLayout@406d2cc8: 16908290 (0)
D/umd.troyd(32644): android.widget.RelativeLayout@406d3708: 2131558603 (1)
D/umd.troyd(32644): android.widget.LinearLayout@4071afb8: -1 (2)
D/umd.troyd(32644): com.walmart.android.ui.ViewStackLayout@4071b490: 2131558797 (3)
D/umd.troyd(32644): android.widget.RelativeLayout@4072c150: -1 (4)
D/umd.troyd(32644): android.widget.RelativeLayout@4072c6b8: 2131558790 (5)
D/umd.troyd(32644): android.widget.LinearLayout@4072d238: 2131558790 (6)
D/umd.troyd(32644): android.widget.RelativeLayout@4072da18: -1 (7)
D/umd.troyd(32644): android.widget.Button:  (8)
D/umd.troyd(32644): android.widget.TextView: Search a location (9)
D/umd.troyd(32644): android.widget.Button:  (10)
D/umd.troyd(32644): android.widget.Button:  (11)
D/umd.troyd(32644): android.widget.Button:  (12)
D/umd.troyd(32644): android.widget.RelativeLayout@407322d0: 2131558791 (13)
D/umd.troyd(32644): com.walmart.android.storelocator.StoreMapView@40733568: 2131558792 (14)
D/umd.troyd(32644): android.widget.ListView@4073b6a8: 2131558521 (15)
D/umd.troyd(32644): android.widget.LinearLayout@40607160: -1 (16)
D/umd.troyd(32644): android.widget.RelativeLayout@40607350: -1 (17)
D/umd.troyd(32644): android.widget.RelativeLayout@40607668: -1 (18)
D/umd.troyd(32644): android.widget.TextView: Walmart Store (19)
D/umd.troyd(32644): android.widget.TextView: 3164 Berlin Tpke (20)
D/umd.troyd(32644): android.widget.TextView: Newington, CT 06111 (21)
D/umd.troyd(32644): android.widget.RelativeLayout@40777790: -1 (22)
D/umd.troyd(32644): android.widget.LinearLayout@40777b10: 2131558801 (23)
D/umd.troyd(32644): android.widget.TextView: 23.52 (24)
D/umd.troyd(32644): android.widget.TextView: miles (25)
D/umd.troyd(32644): android.widget.TextView:  (26)
D/umd.troyd(32644): android.widget.ImageView@406a1068: 2131558517 (27)
D/umd.troyd(32644): android.widget.LinearLayout@4075ea10: -1 (28)
D/umd.troyd(32644): android.widget.RelativeLayout@405fe690: -1 (29)
D/umd.troyd(32644): android.widget.RelativeLayout@405fe9a8: -1 (30)
D/umd.troyd(32644): android.widget.TextView: Walmart Store (31)
D/umd.troyd(32644): android.widget.TextView: 1400 Farmington Ave (32)
D/umd.troyd(32644): android.widget.TextView: Bristol, CT 06010 (33)
D/umd.troyd(32644): android.widget.RelativeLayout@40622610: -1 (34)
D/umd.troyd(32644): android.widget.LinearLayout@40622990: 2131558801 (35)
D/umd.troyd(32644): android.widget.TextView: 23.79 (36)
D/umd.troyd(32644): android.widget.TextView: miles (37)
D/umd.troyd(32644): android.widget.TextView:  (38)
D/umd.troyd(32644): android.widget.ImageView@40774f40: 2131558517 (39)
D/umd.troyd(32644): android.widget.LinearLayout@407d6530: -1 (40)
D/umd.troyd(32644): android.widget.RelativeLayout@40696b48: -1 (41)
D/umd.troyd(32644): android.widget.RelativeLayout@4077f678: -1 (42)
D/umd.troyd(32644): android.widget.TextView: Walmart Store (43)
D/umd.troyd(32644): android.widget.TextView: 650 Main Ave (44)
D/umd.troyd(32644): android.widget.TextView: Norwalk, CT 06851 (45)
D/umd.troyd(32644): android.widget.RelativeLayout@407ce470: -1 (46)
D/umd.troyd(32644): android.widget.LinearLayout@407214e0: 2131558801 (47)
D/umd.troyd(32644): android.widget.TextView: 24.09 (48)
D/umd.troyd(32644): android.widget.TextView: miles (49)
D/umd.troyd(32644): android.widget.TextView:  (50)
D/umd.troyd(32644): android.widget.ImageView@407915a0: 2131558517 (51)
D/umd.troyd(32644): android.widget.LinearLayout@407d0060: -1 (52)
D/umd.troyd(32644): android.widget.RelativeLayout@40717e08: -1 (53)
D/umd.troyd(32644): android.widget.RelativeLayout@4073b0b0: -1 (54)
D/umd.troyd(32644): android.widget.TextView: Walmart Store (55)
D/umd.troyd(32644): android.widget.TextView: 665 Boston Post Rd (56)
D/umd.troyd(32644): android.widget.TextView: Old Saybrook, CT 06475 (57)
D/umd.troyd(32644): android.widget.RelativeLayout@405ccb58: -1 (58)
D/umd.troyd(32644): android.widget.LinearLayout@4076fed8: 2131558801 (59)
D/umd.troyd(32644): android.widget.TextView: 24.22 (60)
D/umd.troyd(32644): android.widget.TextView: miles (61)
D/umd.troyd(32644): android.widget.TextView:  (62)
D/umd.troyd(32644): android.widget.ImageView@405c8848: 2131558517 (63)
D/umd.troyd(32644): android.widget.LinearLayout@405c8998: -1 (64)
D/umd.troyd(32644): android.widget.RelativeLayout@405db458: -1 (65)
D/umd.troyd(32644): android.widget.RelativeLayout@405db5b0: -1 (66)
D/umd.troyd(32644): android.widget.TextView: Walmart Store (67)
D/umd.troyd(32644): android.widget.TextView: 765 Old Country Rd (68)
D/umd.troyd(32644): android.widget.TextView: Riverhead, NY 11901 (69)
D/umd.troyd(32644): android.widget.RelativeLayout@405fff78: -1 (70)
D/umd.troyd(32644): android.widget.LinearLayout@406000d0: 2131558801 (71)
D/umd.troyd(32644): android.widget.TextView: 24.92 (72)
D/umd.troyd(32644): android.widget.TextView: miles (73)
D/umd.troyd(32644): android.widget.TextView:  (74)
D/umd.troyd(32644): android.widget.ImageView@4066fdc8: 2131558517 (75)
D/umd.troyd(32644): android.widget.LinearLayout@406b8af0: -1 (76)
D/umd.troyd(32644): android.widget.RelativeLayout@406b8c40: -1 (77)
D/umd.troyd(32644): android.widget.RelativeLayout@406d1820: -1 (78)
D/umd.troyd(32644): android.widget.TextView: Walmart Store (79)
D/umd.troyd(32644): android.widget.TextView: 3990 Nesconset Hwy (80)
D/umd.troyd(32644): android.widget.TextView: East Setauket, NY 11733 (81)
D/umd.troyd(32644): android.widget.RelativeLayout@407cebf8: -1 (82)
D/umd.troyd(32644): android.widget.LinearLayout@407ced50: 2131558801 (83)
D/umd.troyd(32644): android.widget.TextView: 24.95 (84)
D/umd.troyd(32644): android.widget.TextView: miles (85)
D/umd.troyd(32644): android.widget.TextView:  (86)
D/umd.troyd(32644): android.widget.ImageView@40696588: 2131558517 (87)
D/umd.troyd(32644): android.widget.RelativeLayout@4071d5c0: 2131558541 (88)
D/umd.troyd(32644): android.widget.GridView@4071e138: 2131558824 (89)
D/umd.troyd(32644): android.widget.LinearLayout@4071f2b8: 2131558538 (90)
D/umd.troyd(32644): android.widget.RelativeLayout@4071fcb0: 2131558818 (91)
D/umd.troyd(32644): android.widget.ImageButton@40720600: 2131558819 (92)
D/umd.troyd(32644): android.widget.RelativeLayout@40720b18: -1 (93)
D/umd.troyd(32644): android.widget.ImageView@40720f08: 2131558820 (94)
D/umd.troyd(32644): android.widget.TextView: Stores (95)
D/umd.troyd(32644): android.widget.RelativeLayout@40721e10: -1 (96)
D/umd.troyd(32644): android.widget.Button:  (97)
D/umd.troyd(32644): android.widget.ImageView@40722980: 2131558823 (98)
D/umd.troyd(32644): android.widget.LinearLayout@40722c10: 2131558542 (99)
D/umd.troyd(32644): got command getViews
D/umd.troyd(32644): android.widget.FrameLayout@406d2cc8: 16908290 (0)
D/umd.troyd(32644): android.widget.RelativeLayout@406d3708: 2131558603 (1)
D/umd.troyd(32644): android.widget.LinearLayout@4071afb8: -1 (2)
D/umd.troyd(32644): com.walmart.android.ui.ViewStackLayout@4071b490: 2131558797 (3)
D/umd.troyd(32644): android.widget.RelativeLayout@4072c150: -1 (4)
D/umd.troyd(32644): android.widget.RelativeLayout@4072c6b8: 2131558790 (5)
D/umd.troyd(32644): android.widget.LinearLayout@4072d238: 2131558790 (6)
D/umd.troyd(32644): android.widget.RelativeLayout@4072da18: -1 (7)
D/umd.troyd(32644): android.widget.Button:  (8)
D/umd.troyd(32644): android.widget.TextView: Search a location (9)
D/umd.troyd(32644): android.widget.Button:  (10)
D/umd.troyd(32644): android.widget.Button:  (11)
D/umd.troyd(32644): android.widget.Button:  (12)
D/umd.troyd(32644): android.widget.RelativeLayout@407322d0: 2131558791 (13)
D/umd.troyd(32644): com.walmart.android.storelocator.StoreMapView@40733568: 2131558792 (14)
D/umd.troyd(32644): android.widget.ListView@4073b6a8: 2131558521 (15)
D/umd.troyd(32644): android.widget.LinearLayout@406b8af0: -1 (16)
D/umd.troyd(32644): android.widget.RelativeLayout@406b8c40: -1 (17)
D/umd.troyd(32644): android.widget.RelativeLayout@406d1820: -1 (18)
D/umd.troyd(32644): android.widget.TextView: Walmart Store (19)
D/umd.troyd(32644): android.widget.TextView: 3990 Nesconset Hwy (20)
D/umd.troyd(32644): android.widget.TextView: East Setauket, NY 11733 (21)
D/umd.troyd(32644): android.widget.RelativeLayout@407cebf8: -1 (22)
D/umd.troyd(32644): android.widget.LinearLayout@407ced50: 2131558801 (23)
D/umd.troyd(32644): android.widget.TextView: 24.95 (24)
D/umd.troyd(32644): android.widget.TextView: miles (25)
D/umd.troyd(32644): android.widget.TextView:  (26)
D/umd.troyd(32644): android.widget.ImageView@40696588: 2131558517 (27)
D/umd.troyd(32644): android.widget.LinearLayout@407d2298: -1 (28)
D/umd.troyd(32644): android.widget.RelativeLayout@407d2940: -1 (29)
D/umd.troyd(32644): android.widget.RelativeLayout@40715e70: -1 (30)
D/umd.troyd(32644): android.widget.TextView: Walmart Store (31)
D/umd.troyd(32644): android.widget.TextView: 750 Middle Country Rd (32)
D/umd.troyd(32644): android.widget.TextView: Middle Island, NY 11953 (33)
D/umd.troyd(32644): android.widget.RelativeLayout@40682e60: -1 (34)
D/umd.troyd(32644): android.widget.LinearLayout@406a5090: 2131558801 (35)
D/umd.troyd(32644): android.widget.TextView: 25.29 (36)
D/umd.troyd(32644): android.widget.TextView: miles (37)
D/umd.troyd(32644): android.widget.TextView:  (38)
D/umd.troyd(32644): android.widget.ImageView@4075f948: 2131558517 (39)
D/umd.troyd(32644): android.widget.LinearLayout@40765400: -1 (40)
D/umd.troyd(32644): android.widget.RelativeLayout@4068ea20: -1 (41)
D/umd.troyd(32644): android.widget.RelativeLayout@4068eb78: -1 (42)
D/umd.troyd(32644): android.widget.TextView: Walmart Store (43)
D/umd.troyd(32644): android.widget.TextView: 80 Town Line Rd (44)
D/umd.troyd(32644): android.widget.TextView: Rocky Hill, CT 06067 (45)
D/umd.troyd(32644): android.widget.RelativeLayout@406a22d0: -1 (46)
D/umd.troyd(32644): android.widget.LinearLayout@406a6c20: 2131558801 (47)
D/umd.troyd(32644): android.widget.TextView: 25.73 (48)
D/umd.troyd(32644): android.widget.TextView: miles (49)
D/umd.troyd(32644): android.widget.TextView:  (50)
D/umd.troyd(32644): android.widget.ImageView@4077b288: 2131558517 (51)
D/umd.troyd(32644): android.widget.LinearLayout@406989a0: -1 (52)
D/umd.troyd(32644): android.widget.RelativeLayout@4076a2c0: -1 (53)
D/umd.troyd(32644): android.widget.RelativeLayout@4076a580: -1 (54)
D/umd.troyd(32644): android.widget.TextView: Walmart Store (55)
D/umd.troyd(32644): android.widget.TextView: 680 Connecticut Ave (56)
D/umd.troyd(32644): android.widget.TextView: Norwalk, CT 06854 (57)
D/umd.troyd(32644): android.widget.RelativeLayout@4070daf0: -1 (58)
D/umd.troyd(32644): android.widget.LinearLayout@4070de70: 2131558801 (59)
D/umd.troyd(32644): android.widget.TextView: 26.89 (60)
D/umd.troyd(32644): android.widget.TextView: miles (61)
D/umd.troyd(32644): android.widget.TextView:  (62)
D/umd.troyd(32644): android.widget.ImageView@4070e758: 2131558517 (63)
D/umd.troyd(32644): android.widget.LinearLayout@40605fa0: -1 (64)
D/umd.troyd(32644): android.widget.RelativeLayout@4075cec8: -1 (65)
D/umd.troyd(32644): android.widget.RelativeLayout@4075d1e0: -1 (66)
D/umd.troyd(32644): android.widget.TextView: Walmart Store (67)
D/umd.troyd(32644): android.widget.TextView: 164 Danbury Rd (68)
D/umd.troyd(32644): android.widget.TextView: New Milford, CT 06776 (69)
D/umd.troyd(32644): android.widget.RelativeLayout@40683260: -1 (70)
D/umd.troyd(32644): android.widget.LinearLayout@40683450: 2131558801 (71)
D/umd.troyd(32644): android.widget.TextView: 27.08 (72)
D/umd.troyd(32644): android.widget.TextView: miles (73)
D/umd.troyd(32644): android.widget.TextView:  (74)
D/umd.troyd(32644): android.widget.ImageView@4070c188: 2131558517 (75)
D/umd.troyd(32644): android.widget.LinearLayout@40769520: -1 (76)
D/umd.troyd(32644): android.widget.RelativeLayout@40769710: -1 (77)
D/umd.troyd(32644): android.widget.RelativeLayout@40769a28: -1 (78)
D/umd.troyd(32644): android.widget.TextView: Walmart Store (79)
D/umd.troyd(32644): android.widget.TextView: 161 Centereach Mall (80)
D/umd.troyd(32644): android.widget.TextView: Centereach, NY 11720 (81)
D/umd.troyd(32644): android.widget.RelativeLayout@40714318: -1 (82)
D/umd.troyd(32644): android.widget.LinearLayout@406ff8c0: 2131558801 (83)
D/umd.troyd(32644): android.widget.TextView: 27.27 (84)
D/umd.troyd(32644): android.widget.TextView: miles (85)
D/umd.troyd(32644): android.widget.TextView:  (86)
D/umd.troyd(32644): android.widget.ImageView@40700878: 2131558517 (87)
D/umd.troyd(32644): android.widget.RelativeLayout@4071d5c0: 2131558541 (88)
D/umd.troyd(32644): android.widget.GridView@4071e138: 2131558824 (89)
D/umd.troyd(32644): android.widget.LinearLayout@4071f2b8: 2131558538 (90)
D/umd.troyd(32644): android.widget.RelativeLayout@4071fcb0: 2131558818 (91)
D/umd.troyd(32644): android.widget.ImageButton@40720600: 2131558819 (92)
D/umd.troyd(32644): android.widget.RelativeLayout@40720b18: -1 (93)
D/umd.troyd(32644): android.widget.ImageView@40720f08: 2131558820 (94)
D/umd.troyd(32644): android.widget.TextView: Stores (95)
D/umd.troyd(32644): android.widget.RelativeLayout@40721e10: -1 (96)
D/umd.troyd(32644): android.widget.Button:  (97)
D/umd.troyd(32644): android.widget.ImageView@40722980: 2131558823 (98)
D/umd.troyd(32644): android.widget.LinearLayout@40722c10: 2131558542 (99)
