android.widget.LinearLayout@4055f420
android.widget.FrameLayout@40553460
android.widget.TextView: Hospitals Near Me FREE
android.widget.FrameLayout@405543b8
android.widget.LinearLayout@405fef50
android.widget.ListView@4055de80
android.widget.LinearLayout@4058c6b8
android.widget.ImageView@40563748
android.widget.TextView: 3.0 mi
android.widget.TableLayout@4055d990
android.widget.TableRow@40583908
android.widget.TextView: Woodbridge Development Center
android.widget.TableRow@40565660
android.widget.TextView: Address , City
android.widget.TableRow@40584898
android.widget.TextView: Phone Number
android.widget.LinearLayout@4055a550
android.widget.ImageView@4054ff20
android.widget.TextView: 3.2 mi
android.widget.TableLayout@40584c38
android.widget.TableRow@40547968
android.widget.TextView: Raritan Bay Medical Center
android.widget.TableRow@405600a0
android.widget.TextView: Address , City
android.widget.TableRow@40555670
android.widget.TextView: Phone Number
android.widget.LinearLayout@4055fc70
android.widget.ImageView@4056e150
android.widget.TextView: 3.2 mi
android.widget.TableLayout@40578030
android.widget.TableRow@40691c60
android.widget.TextView: Care One at Raritan Bay Medical Center
android.widget.TableRow@405594a8
android.widget.TextView: Address , City
android.widget.TableRow@40544e58
android.widget.TextView: Phone Number
android.widget.LinearLayout@40585018
android.widget.ImageView@40585168
android.widget.TextView: 5.3 mi
android.widget.TableLayout@40560940
android.widget.TableRow@40564368
android.widget.TextView: Memorial Medical Center at South Amboy
android.widget.TableRow@40568548
android.widget.TextView: Address , City
android.widget.TableRow@4050fae0
android.widget.TextView: Phone Number
android.widget.LinearLayout@40556e20
android.widget.ImageView@40557038
android.widget.TextView: 6.3 mi
android.widget.TableLayout@405458c0
android.widget.TableRow@4054f5b0
android.widget.TextView: Kindred Hospital New Jersey - Rahway
android.widget.TableRow@40544480
android.widget.TextView: Address , City
android.widget.TableRow@40693fa8
android.widget.TextView: Phone Number
android.widget.LinearLayout@4065f5b0
android.widget.ImageView@40587a18
android.widget.TextView: 6.3 mi
android.widget.TableLayout@4050efd0
android.widget.TableRow@4050f4a8
android.widget.TextView: Robert Wood Johnson University Hospital at Rahway
android.widget.TableRow@4055e920
android.widget.TextView: Address , City
android.widget.TableRow@40668310
android.widget.TextView: Phone Number
android.widget.TextView: Loading data
android.widget.LinearLayout@4055f420
android.widget.FrameLayout@40553460
android.widget.TextView: Hospitals Near Me FREE
android.widget.FrameLayout@405543b8
android.widget.LinearLayout@405fef50
android.widget.ListView@4055de80
android.widget.LinearLayout@4065f5b0
android.widget.ImageView@40587a18
android.widget.TextView: 6.3 mi
android.widget.TableLayout@4050efd0
android.widget.TableRow@4050f4a8
android.widget.TextView: Robert Wood Johnson University Hospital at Rahway
android.widget.TableRow@4055e920
android.widget.TextView: Address , City
android.widget.TableRow@40668310
android.widget.TextView: Phone Number
android.widget.LinearLayout@4055c448
android.widget.ImageView@4055c660
android.widget.TextView: 6.5 mi
android.widget.TableLayout@4068b0b8
android.widget.TableRow@4068b500
android.widget.TextView: John F. Kennedy Medical Center
android.widget.TableRow@4068bcf0
android.widget.TextView: Address , City
android.widget.TableRow@405584c8
android.widget.TextView: Phone Number
android.widget.LinearLayout@40663d90
android.widget.ImageView@40663fa8
android.widget.TextView: 6.7 mi
android.widget.TableLayout@4063d3d8
android.widget.TableRow@4063d8b0
android.widget.TextView: JFK Johnson Rehabilitation Institute
android.widget.TableRow@4050e010
android.widget.TextView: Address , City
android.widget.TableRow@4050e710
android.widget.TextView: Phone Number
android.widget.LinearLayout@40659f20
android.widget.ImageView@4065a138
android.widget.TextView: 6.7 mi
android.widget.TableLayout@40515340
android.widget.TableRow@40515818
android.widget.TextView: JFK Medical Center
android.widget.TableRow@40516038
android.widget.TextView: Address , City
android.widget.TableRow@406453b8
android.widget.TextView: Phone Number
android.widget.LinearLayout@405bf9c0
android.widget.ImageView@405bfbd8
android.widget.TextView: 8.0 mi
android.widget.TableLayout@405c02a8
android.widget.TableRow@40549e70
android.widget.TextView: Staten Island University Hospital
android.widget.TableRow@4054a680
android.widget.TextView: Address , City
android.widget.TableRow@40643ba8
android.widget.TextView: Phone Number
android.widget.LinearLayout@40644b80
android.widget.ImageView@40647818
android.widget.TextView: 8.3 mi
android.widget.TableLayout@40647ee8
android.widget.TableRow@406483c0
android.widget.TextView: South Beach Psychiatric Center
android.widget.TableRow@40622348
android.widget.TextView: Address , City
android.widget.TableRow@40622b68
android.widget.TextView: Phone Number
android.widget.TextView: Loading data
android.widget.LinearLayout@4055f420
android.widget.FrameLayout@40553460
android.widget.TextView: Hospitals Near Me FREE
android.widget.FrameLayout@405543b8
android.widget.LinearLayout@405fef50
android.widget.ListView@4055de80
android.widget.LinearLayout@405bf9c0
android.widget.ImageView@405bfbd8
android.widget.TextView: 8.0 mi
android.widget.TableLayout@405c02a8
android.widget.TableRow@40549e70
android.widget.TextView: Staten Island University Hospital
android.widget.TableRow@4054a680
android.widget.TextView: Address , City
android.widget.TableRow@40643ba8
android.widget.TextView: Phone Number
android.widget.LinearLayout@40644b80
android.widget.ImageView@40647818
android.widget.TextView: 8.3 mi
android.widget.TableLayout@40647ee8
android.widget.TableRow@406483c0
android.widget.TextView: South Beach Psychiatric Center
android.widget.TableRow@40622348
android.widget.TextView: Address , City
android.widget.TableRow@40622b68
android.widget.TextView: Phone Number
android.widget.LinearLayout@4058c6b8
android.widget.ImageView@40563748
android.widget.TextView: 8.4 mi
android.widget.TableLayout@4055d990
android.widget.TableRow@40583908
android.widget.TextView: Staten Island University Hospital-Concord
android.widget.TableRow@40565660
android.widget.TextView: Address , City
android.widget.TableRow@40584898
android.widget.TextView: Phone Number
android.widget.LinearLayout@4055a550
android.widget.ImageView@4054ff20
android.widget.TextView: 8.6 mi
android.widget.TableLayout@40584c38
android.widget.TableRow@40547968
android.widget.TextView: Trinitas Hospital-Williamson Street Campus
android.widget.TableRow@405600a0
android.widget.TextView: Address , City
android.widget.TableRow@40555670
android.widget.TextView: Phone Number
android.widget.LinearLayout@4055fc70
android.widget.ImageView@4056e150
android.widget.TextView: 9.3 mi
android.widget.TableLayout@40578030
android.widget.TableRow@40691c60
android.widget.TextView: Bayshore Community Hospital
android.widget.TableRow@405594a8
android.widget.TextView: Address , City
android.widget.TableRow@40544e58
android.widget.TextView: Phone Number
android.widget.LinearLayout@40585018
android.widget.ImageView@40585168
android.widget.TextView: 9.3 mi
android.widget.TableLayout@40560940
android.widget.TableRow@40564368
android.widget.TextView: Richmond University Medical Center
android.widget.TableRow@40568548
android.widget.TextView: Address , City
android.widget.TableRow@4050fae0
android.widget.TextView: Phone Number
android.widget.TextView: Loading data
