emulator-5558
D/umd.troyd(29747): got command getViews
D/umd.troyd(29747): android.widget.FrameLayout@406b2930: 16908290 (0)
D/umd.troyd(29747): android.widget.RelativeLayout@406b3370: 2131558603 (1)
D/umd.troyd(29747): android.widget.LinearLayout@406b37a8: -1 (2)
D/umd.troyd(29747): com.walmart.android.ui.ViewStackLayout@406b3cf8: 2131558797 (3)
D/umd.troyd(29747): android.widget.RelativeLayout@40725248: -1 (4)
D/umd.troyd(29747): android.widget.RelativeLayout@407257b0: 2131558790 (5)
D/umd.troyd(29747): android.widget.LinearLayout@40726330: 2131558790 (6)
D/umd.troyd(29747): android.widget.RelativeLayout@40726b10: -1 (7)
D/umd.troyd(29747): android.widget.Button:  (8)
D/umd.troyd(29747): android.widget.TextView: Search a location (9)
D/umd.troyd(29747): android.widget.Button:  (10)
D/umd.troyd(29747): android.widget.Button:  (11)
D/umd.troyd(29747): android.widget.Button:  (12)
D/umd.troyd(29747): android.widget.RelativeLayout@4072b3c8: 2131558791 (13)
D/umd.troyd(29747): com.walmart.android.storelocator.StoreMapView@4072c660: 2131558792 (14)
D/umd.troyd(29747): android.widget.ListView@4074ee78: 2131558521 (15)
D/umd.troyd(29747): android.widget.LinearLayout@407bc6d8: -1 (16)
D/umd.troyd(29747): android.widget.RelativeLayout@405674d8: -1 (17)
D/umd.troyd(29747): android.widget.RelativeLayout@4074ba50: -1 (18)
D/umd.troyd(29747): android.widget.TextView: Walmart Store (19)
D/umd.troyd(29747): android.widget.TextView: 13307 Midway Rd (20)
D/umd.troyd(29747): android.widget.TextView: Dallas, TX 75244 (21)
D/umd.troyd(29747): android.widget.RelativeLayout@40756a68: -1 (22)
D/umd.troyd(29747): android.widget.LinearLayout@407a40d0: 2131558801 (23)
D/umd.troyd(29747): android.widget.TextView: 0.90 (24)
D/umd.troyd(29747): android.widget.TextView: miles (25)
D/umd.troyd(29747): android.widget.TextView:  (26)
D/umd.troyd(29747): android.widget.ImageView@405e1910: 2131558517 (27)
D/umd.troyd(29747): android.widget.LinearLayout@4079c6f0: -1 (28)
D/umd.troyd(29747): android.widget.RelativeLayout@4079c8e0: -1 (29)
D/umd.troyd(29747): android.widget.RelativeLayout@407a24f8: -1 (30)
D/umd.troyd(29747): android.widget.TextView: Neighborhood Market (31)
D/umd.troyd(29747): android.widget.TextView: 12789 Midway Rd (32)
D/umd.troyd(29747): android.widget.TextView: Dallas, TX 75244 (33)
D/umd.troyd(29747): android.widget.RelativeLayout@405be590: -1 (34)
D/umd.troyd(29747): android.widget.LinearLayout@406b6328: 2131558801 (35)
D/umd.troyd(29747): android.widget.TextView: 0.97 (36)
D/umd.troyd(29747): android.widget.TextView: miles (37)
D/umd.troyd(29747): android.widget.TextView:  (38)
D/umd.troyd(29747): android.widget.ImageView@40669f48: 2131558517 (39)
D/umd.troyd(29747): android.widget.LinearLayout@407ba940: -1 (40)
D/umd.troyd(29747): android.widget.RelativeLayout@40521f98: -1 (41)
D/umd.troyd(29747): android.widget.RelativeLayout@4055a750: -1 (42)
D/umd.troyd(29747): android.widget.TextView: Neighborhood Market (43)
D/umd.troyd(29747): android.widget.TextView: 13100 Josey Ln (44)
D/umd.troyd(29747): android.widget.TextView: Farmers Branch, TX 75234 (45)
D/umd.troyd(29747): android.widget.RelativeLayout@406a1470: -1 (46)
D/umd.troyd(29747): android.widget.LinearLayout@405cf9d8: 2131558801 (47)
D/umd.troyd(29747): android.widget.TextView: 1.12 (48)
D/umd.troyd(29747): android.widget.TextView: miles (49)
D/umd.troyd(29747): android.widget.TextView:  (50)
D/umd.troyd(29747): android.widget.ImageView@4077f358: 2131558517 (51)
D/umd.troyd(29747): android.widget.LinearLayout@40669400: -1 (52)
D/umd.troyd(29747): android.widget.RelativeLayout@406695f0: -1 (53)
D/umd.troyd(29747): android.widget.RelativeLayout@40744b38: -1 (54)
D/umd.troyd(29747): android.widget.TextView: Walmart Store (55)
D/umd.troyd(29747): android.widget.TextView: 1025 West Trinity Mills Mail O (56)
D/umd.troyd(29747): android.widget.TextView: Carrollton, TX 75006 (57)
D/umd.troyd(29747): android.widget.RelativeLayout@407a3390: -1 (58)
D/umd.troyd(29747): android.widget.LinearLayout@406f5b80: 2131558801 (59)
D/umd.troyd(29747): android.widget.TextView: 2.47 (60)
D/umd.troyd(29747): android.widget.TextView: miles (61)
D/umd.troyd(29747): android.widget.TextView:  (62)
D/umd.troyd(29747): android.widget.ImageView@4070c6d0: 2131558517 (63)
D/umd.troyd(29747): android.widget.LinearLayout@40726480: -1 (64)
D/umd.troyd(29747): android.widget.RelativeLayout@407265d0: -1 (65)
D/umd.troyd(29747): android.widget.RelativeLayout@4079d0f0: -1 (66)
D/umd.troyd(29747): android.widget.TextView: Walmart Supercenter (67)
D/umd.troyd(29747): android.widget.TextView: 15220 Montfort Rd (68)
D/umd.troyd(29747): android.widget.TextView: Dallas, TX 75248 (69)
D/umd.troyd(29747): android.widget.RelativeLayout@40706f40: -1 (70)
D/umd.troyd(29747): android.widget.LinearLayout@4070aa70: 2131558801 (71)
D/umd.troyd(29747): android.widget.TextView: 3.20 (72)
D/umd.troyd(29747): android.widget.TextView: miles (73)
D/umd.troyd(29747): android.widget.TextView:  (74)
D/umd.troyd(29747): android.widget.ImageView@40773540: 2131558517 (75)
D/umd.troyd(29747): android.widget.LinearLayout@407944f0: -1 (76)
D/umd.troyd(29747): android.widget.RelativeLayout@40799178: -1 (77)
D/umd.troyd(29747): android.widget.RelativeLayout@40799470: -1 (78)
D/umd.troyd(29747): android.widget.TextView: Walmart Store (79)
D/umd.troyd(29747): android.widget.TextView: 9410 Webb Chapel Rd (80)
D/umd.troyd(29747): android.widget.TextView: Dallas, TX 75220 (81)
D/umd.troyd(29747): android.widget.RelativeLayout@4078bb78: -1 (82)
D/umd.troyd(29747): android.widget.LinearLayout@40775358: 2131558801 (83)
D/umd.troyd(29747): android.widget.TextView: 3.72 (84)
D/umd.troyd(29747): android.widget.TextView: miles (85)
D/umd.troyd(29747): android.widget.TextView:  (86)
D/umd.troyd(29747): android.widget.ImageView@406e6928: 2131558517 (87)
D/umd.troyd(29747): android.widget.RelativeLayout@406b5e28: 2131558541 (88)
D/umd.troyd(29747): android.widget.GridView@406b69a0: 2131558824 (89)
D/umd.troyd(29747): android.widget.LinearLayout@406b7b20: 2131558538 (90)
D/umd.troyd(29747): android.widget.RelativeLayout@406b8518: 2131558818 (91)
D/umd.troyd(29747): android.widget.ImageButton@406b8e68: 2131558819 (92)
D/umd.troyd(29747): android.widget.RelativeLayout@406b9380: -1 (93)
D/umd.troyd(29747): android.widget.ImageView@406b9770: 2131558820 (94)
D/umd.troyd(29747): android.widget.TextView: Stores (95)
D/umd.troyd(29747): android.widget.RelativeLayout@4071afa8: -1 (96)
D/umd.troyd(29747): android.widget.Button:  (97)
D/umd.troyd(29747): android.widget.ImageView@4071ba78: 2131558823 (98)
D/umd.troyd(29747): android.widget.LinearLayout@4071bd08: 2131558542 (99)
D/umd.troyd(29747): got command getViews
D/umd.troyd(29747): android.widget.FrameLayout@406b2930: 16908290 (0)
D/umd.troyd(29747): android.widget.RelativeLayout@406b3370: 2131558603 (1)
D/umd.troyd(29747): android.widget.LinearLayout@406b37a8: -1 (2)
D/umd.troyd(29747): com.walmart.android.ui.ViewStackLayout@406b3cf8: 2131558797 (3)
D/umd.troyd(29747): android.widget.RelativeLayout@40725248: -1 (4)
D/umd.troyd(29747): android.widget.RelativeLayout@407257b0: 2131558790 (5)
D/umd.troyd(29747): android.widget.LinearLayout@40726330: 2131558790 (6)
D/umd.troyd(29747): android.widget.RelativeLayout@40726b10: -1 (7)
D/umd.troyd(29747): android.widget.Button:  (8)
D/umd.troyd(29747): android.widget.TextView: Search a location (9)
D/umd.troyd(29747): android.widget.Button:  (10)
D/umd.troyd(29747): android.widget.Button:  (11)
D/umd.troyd(29747): android.widget.Button:  (12)
D/umd.troyd(29747): android.widget.RelativeLayout@4072b3c8: 2131558791 (13)
D/umd.troyd(29747): com.walmart.android.storelocator.StoreMapView@4072c660: 2131558792 (14)
D/umd.troyd(29747): android.widget.ListView@4074ee78: 2131558521 (15)
D/umd.troyd(29747): android.widget.LinearLayout@407944f0: -1 (16)
D/umd.troyd(29747): android.widget.RelativeLayout@40799178: -1 (17)
D/umd.troyd(29747): android.widget.RelativeLayout@40799470: -1 (18)
D/umd.troyd(29747): android.widget.TextView: Walmart Store (19)
D/umd.troyd(29747): android.widget.TextView: 9410 Webb Chapel Rd (20)
D/umd.troyd(29747): android.widget.TextView: Dallas, TX 75220 (21)
D/umd.troyd(29747): android.widget.RelativeLayout@4078bb78: -1 (22)
D/umd.troyd(29747): android.widget.LinearLayout@40775358: 2131558801 (23)
D/umd.troyd(29747): android.widget.TextView: 3.72 (24)
D/umd.troyd(29747): android.widget.TextView: miles (25)
D/umd.troyd(29747): android.widget.TextView:  (26)
D/umd.troyd(29747): android.widget.ImageView@406e6928: 2131558517 (27)
D/umd.troyd(29747): android.widget.LinearLayout@406c78b8: -1 (28)
D/umd.troyd(29747): android.widget.RelativeLayout@406c7aa8: -1 (29)
D/umd.troyd(29747): android.widget.RelativeLayout@406c7e50: -1 (30)
D/umd.troyd(29747): android.widget.TextView: Walmart Supercenter (31)
D/umd.troyd(29747): android.widget.TextView: 1213 E Trinity Mills Rd (32)
D/umd.troyd(29747): android.widget.TextView: Carrollton, TX 75006 (33)
D/umd.troyd(29747): android.widget.RelativeLayout@406c9160: -1 (34)
D/umd.troyd(29747): android.widget.LinearLayout@406c9570: 2131558801 (35)
D/umd.troyd(29747): android.widget.TextView: 4.40 (36)
D/umd.troyd(29747): android.widget.TextView: miles (37)
D/umd.troyd(29747): android.widget.TextView:  (38)
D/umd.troyd(29747): android.widget.ImageView@406ca628: 2131558517 (39)
D/umd.troyd(29747): android.widget.LinearLayout@406cc0b8: -1 (40)
D/umd.troyd(29747): android.widget.RelativeLayout@406cc2a8: -1 (41)
D/umd.troyd(29747): android.widget.RelativeLayout@406cc650: -1 (42)
D/umd.troyd(29747): android.widget.TextView: Walmart Supercenter (43)
D/umd.troyd(29747): android.widget.TextView: 18121 Marsh Ln (44)
D/umd.troyd(29747): android.widget.TextView: Dallas, TX 75287 (45)
D/umd.troyd(29747): android.widget.RelativeLayout@406cd960: -1 (46)
D/umd.troyd(29747): android.widget.LinearLayout@406cdd70: 2131558801 (47)
D/umd.troyd(29747): android.widget.TextView: 4.49 (48)
D/umd.troyd(29747): android.widget.TextView: miles (49)
D/umd.troyd(29747): android.widget.TextView:  (50)
D/umd.troyd(29747): android.widget.ImageView@406cee28: 2131558517 (51)
D/umd.troyd(29747): android.widget.LinearLayout@406d08b0: -1 (52)
D/umd.troyd(29747): android.widget.RelativeLayout@406d0aa0: -1 (53)
D/umd.troyd(29747): android.widget.RelativeLayout@406d0e48: -1 (54)
D/umd.troyd(29747): android.widget.TextView: Neighborhood Market (55)
D/umd.troyd(29747): android.widget.TextView: 430 N Coit Rd (56)
D/umd.troyd(29747): android.widget.TextView: Dallas, TX 75080 (57)
D/umd.troyd(29747): android.widget.RelativeLayout@406d2158: -1 (58)
D/umd.troyd(29747): android.widget.LinearLayout@406d2568: 2131558801 (59)
D/umd.troyd(29747): android.widget.TextView: 4.97 (60)
D/umd.troyd(29747): android.widget.TextView: miles (61)
D/umd.troyd(29747): android.widget.TextView:  (62)
D/umd.troyd(29747): android.widget.ImageView@406d3620: 2131558517 (63)
D/umd.troyd(29747): android.widget.LinearLayout@406d50a8: -1 (64)
D/umd.troyd(29747): android.widget.RelativeLayout@406d5298: -1 (65)
D/umd.troyd(29747): android.widget.RelativeLayout@406d5640: -1 (66)
D/umd.troyd(29747): android.widget.TextView: Walmart Supercenter (67)
D/umd.troyd(29747): android.widget.TextView: 1635 Market Place Blvd. (68)
D/umd.troyd(29747): android.widget.TextView: Irving, TX 75063 (69)
D/umd.troyd(29747): android.widget.RelativeLayout@406d6950: -1 (70)
D/umd.troyd(29747): android.widget.LinearLayout@406d6d60: 2131558801 (71)
D/umd.troyd(29747): android.widget.TextView: 5.22 (72)
D/umd.troyd(29747): android.widget.TextView: miles (73)
D/umd.troyd(29747): android.widget.TextView:  (74)
D/umd.troyd(29747): android.widget.ImageView@406d7e18: 2131558517 (75)
D/umd.troyd(29747): android.widget.LinearLayout@406d98a0: -1 (76)
D/umd.troyd(29747): android.widget.RelativeLayout@406d9a90: -1 (77)
D/umd.troyd(29747): android.widget.RelativeLayout@406d9e38: -1 (78)
D/umd.troyd(29747): android.widget.TextView: Walmart Supercenter (79)
D/umd.troyd(29747): android.widget.TextView: 13739 N Central Expy (80)
D/umd.troyd(29747): android.widget.TextView: Dallas, TX 75243 (81)
D/umd.troyd(29747): android.widget.RelativeLayout@406db148: -1 (82)
D/umd.troyd(29747): android.widget.LinearLayout@406db558: 2131558801 (83)
D/umd.troyd(29747): android.widget.TextView: 5.40 (84)
D/umd.troyd(29747): android.widget.TextView: miles (85)
D/umd.troyd(29747): android.widget.TextView:  (86)
D/umd.troyd(29747): android.widget.ImageView@4057b018: 2131558517 (87)
D/umd.troyd(29747): android.widget.RelativeLayout@406b5e28: 2131558541 (88)
D/umd.troyd(29747): android.widget.GridView@406b69a0: 2131558824 (89)
D/umd.troyd(29747): android.widget.LinearLayout@406b7b20: 2131558538 (90)
D/umd.troyd(29747): android.widget.RelativeLayout@406b8518: 2131558818 (91)
D/umd.troyd(29747): android.widget.ImageButton@406b8e68: 2131558819 (92)
D/umd.troyd(29747): android.widget.RelativeLayout@406b9380: -1 (93)
D/umd.troyd(29747): android.widget.ImageView@406b9770: 2131558820 (94)
D/umd.troyd(29747): android.widget.TextView: Stores (95)
D/umd.troyd(29747): android.widget.RelativeLayout@4071afa8: -1 (96)
D/umd.troyd(29747): android.widget.Button:  (97)
D/umd.troyd(29747): android.widget.ImageView@4071ba78: 2131558823 (98)
D/umd.troyd(29747): android.widget.LinearLayout@4071bd08: 2131558542 (99)
D/umd.troyd(29747): got command getViews
D/umd.troyd(29747): android.widget.FrameLayout@406b2930: 16908290 (0)
D/umd.troyd(29747): android.widget.RelativeLayout@406b3370: 2131558603 (1)
D/umd.troyd(29747): android.widget.LinearLayout@406b37a8: -1 (2)
D/umd.troyd(29747): com.walmart.android.ui.ViewStackLayout@406b3cf8: 2131558797 (3)
D/umd.troyd(29747): android.widget.RelativeLayout@40725248: -1 (4)
D/umd.troyd(29747): android.widget.RelativeLayout@407257b0: 2131558790 (5)
D/umd.troyd(29747): android.widget.LinearLayout@40726330: 2131558790 (6)
D/umd.troyd(29747): android.widget.RelativeLayout@40726b10: -1 (7)
D/umd.troyd(29747): android.widget.Button:  (8)
D/umd.troyd(29747): android.widget.TextView: Search a location (9)
D/umd.troyd(29747): android.widget.Button:  (10)
D/umd.troyd(29747): android.widget.Button:  (11)
D/umd.troyd(29747): android.widget.Button:  (12)
D/umd.troyd(29747): android.widget.RelativeLayout@4072b3c8: 2131558791 (13)
D/umd.troyd(29747): com.walmart.android.storelocator.StoreMapView@4072c660: 2131558792 (14)
D/umd.troyd(29747): android.widget.ListView@4074ee78: 2131558521 (15)
D/umd.troyd(29747): android.widget.LinearLayout@406d98a0: -1 (16)
D/umd.troyd(29747): android.widget.RelativeLayout@406d9a90: -1 (17)
D/umd.troyd(29747): android.widget.RelativeLayout@406d9e38: -1 (18)
D/umd.troyd(29747): android.widget.TextView: Walmart Supercenter (19)
D/umd.troyd(29747): android.widget.TextView: 13739 N Central Expy (20)
D/umd.troyd(29747): android.widget.TextView: Dallas, TX 75243 (21)
D/umd.troyd(29747): android.widget.RelativeLayout@406db148: -1 (22)
D/umd.troyd(29747): android.widget.LinearLayout@406db558: 2131558801 (23)
D/umd.troyd(29747): android.widget.TextView: 5.40 (24)
D/umd.troyd(29747): android.widget.TextView: miles (25)
D/umd.troyd(29747): android.widget.TextView:  (26)
D/umd.troyd(29747): android.widget.ImageView@4057b018: 2131558517 (27)
D/umd.troyd(29747): android.widget.LinearLayout@407bc6d8: -1 (28)
D/umd.troyd(29747): android.widget.RelativeLayout@405674d8: -1 (29)
D/umd.troyd(29747): android.widget.RelativeLayout@4074ba50: -1 (30)
D/umd.troyd(29747): android.widget.TextView: Walmart Supercenter (31)
D/umd.troyd(29747): android.widget.TextView: 9301 Forest Ln (32)
D/umd.troyd(29747): android.widget.TextView: Dallas, TX 75243 (33)
D/umd.troyd(29747): android.widget.RelativeLayout@40756a68: -1 (34)
D/umd.troyd(29747): android.widget.LinearLayout@407a40d0: 2131558801 (35)
D/umd.troyd(29747): android.widget.TextView: 6.11 (36)
D/umd.troyd(29747): android.widget.TextView: miles (37)
D/umd.troyd(29747): android.widget.TextView:  (38)
D/umd.troyd(29747): android.widget.ImageView@405e1910: 2131558517 (39)
D/umd.troyd(29747): android.widget.LinearLayout@4079c6f0: -1 (40)
D/umd.troyd(29747): android.widget.RelativeLayout@4079c8e0: -1 (41)
D/umd.troyd(29747): android.widget.RelativeLayout@407a24f8: -1 (42)
D/umd.troyd(29747): android.widget.TextView: Walmart Supercenter (43)
D/umd.troyd(29747): android.widget.TextView: 1700 Dallas Pkwy (44)
D/umd.troyd(29747): android.widget.TextView: Plano, TX 75093 (45)
D/umd.troyd(29747): android.widget.RelativeLayout@405be590: -1 (46)
D/umd.troyd(29747): android.widget.LinearLayout@406b6328: 2131558801 (47)
D/umd.troyd(29747): android.widget.TextView: 6.32 (48)
D/umd.troyd(29747): android.widget.TextView: miles (49)
D/umd.troyd(29747): android.widget.TextView:  (50)
D/umd.troyd(29747): android.widget.ImageView@40669f48: 2131558517 (51)
D/umd.troyd(29747): android.widget.LinearLayout@407ba940: -1 (52)
D/umd.troyd(29747): android.widget.RelativeLayout@40521f98: -1 (53)
D/umd.troyd(29747): android.widget.RelativeLayout@4055a750: -1 (54)
D/umd.troyd(29747): android.widget.TextView: Walmart Supercenter (55)
D/umd.troyd(29747): android.widget.TextView: 6185 Retail Rd (56)
D/umd.troyd(29747): android.widget.TextView: Dallas, TX 75231 (57)
D/umd.troyd(29747): android.widget.RelativeLayout@406a1470: -1 (58)
D/umd.troyd(29747): android.widget.LinearLayout@405cf9d8: 2131558801 (59)
D/umd.troyd(29747): android.widget.TextView: 6.33 (60)
D/umd.troyd(29747): android.widget.TextView: miles (61)
D/umd.troyd(29747): android.widget.TextView:  (62)
D/umd.troyd(29747): android.widget.ImageView@4077f358: 2131558517 (63)
D/umd.troyd(29747): android.widget.LinearLayout@40669400: -1 (64)
D/umd.troyd(29747): android.widget.RelativeLayout@406695f0: -1 (65)
D/umd.troyd(29747): android.widget.RelativeLayout@40744b38: -1 (66)
D/umd.troyd(29747): android.widget.TextView: Neighborhood Market (67)
D/umd.troyd(29747): android.widget.TextView: 4025 Old Denton Rd (68)
D/umd.troyd(29747): android.widget.TextView: Carrollton, TX 75007 (69)
D/umd.troyd(29747): android.widget.RelativeLayout@407a3390: -1 (70)
D/umd.troyd(29747): android.widget.LinearLayout@406f5b80: 2131558801 (71)
D/umd.troyd(29747): android.widget.TextView: 6.45 (72)
D/umd.troyd(29747): android.widget.TextView: miles (73)
D/umd.troyd(29747): android.widget.TextView:  (74)
D/umd.troyd(29747): android.widget.ImageView@4070c6d0: 2131558517 (75)
D/umd.troyd(29747): android.widget.LinearLayout@40726480: -1 (76)
D/umd.troyd(29747): android.widget.RelativeLayout@407265d0: -1 (77)
D/umd.troyd(29747): android.widget.RelativeLayout@4079d0f0: -1 (78)
D/umd.troyd(29747): android.widget.TextView: Walmart Supercenter (79)
D/umd.troyd(29747): android.widget.TextView: 425 Coit Rd (80)
D/umd.troyd(29747): android.widget.TextView: Plano, TX 75075 (81)
D/umd.troyd(29747): android.widget.RelativeLayout@40706f40: -1 (82)
D/umd.troyd(29747): android.widget.LinearLayout@4070aa70: 2131558801 (83)
D/umd.troyd(29747): android.widget.TextView: 6.56 (84)
D/umd.troyd(29747): android.widget.TextView: miles (85)
D/umd.troyd(29747): android.widget.TextView:  (86)
D/umd.troyd(29747): android.widget.ImageView@40773540: 2131558517 (87)
D/umd.troyd(29747): android.widget.RelativeLayout@406b5e28: 2131558541 (88)
D/umd.troyd(29747): android.widget.GridView@406b69a0: 2131558824 (89)
D/umd.troyd(29747): android.widget.LinearLayout@406b7b20: 2131558538 (90)
D/umd.troyd(29747): android.widget.RelativeLayout@406b8518: 2131558818 (91)
D/umd.troyd(29747): android.widget.ImageButton@406b8e68: 2131558819 (92)
D/umd.troyd(29747): android.widget.RelativeLayout@406b9380: -1 (93)
D/umd.troyd(29747): android.widget.ImageView@406b9770: 2131558820 (94)
D/umd.troyd(29747): android.widget.TextView: Stores (95)
D/umd.troyd(29747): android.widget.RelativeLayout@4071afa8: -1 (96)
D/umd.troyd(29747): android.widget.Button:  (97)
D/umd.troyd(29747): android.widget.ImageView@4071ba78: 2131558823 (98)
D/umd.troyd(29747): android.widget.LinearLayout@4071bd08: 2131558542 (99)
D/umd.troyd(29747): got command getViews
D/umd.troyd(29747): android.widget.FrameLayout@406b2930: 16908290 (0)
D/umd.troyd(29747): android.widget.RelativeLayout@406b3370: 2131558603 (1)
D/umd.troyd(29747): android.widget.LinearLayout@406b37a8: -1 (2)
D/umd.troyd(29747): com.walmart.android.ui.ViewStackLayout@406b3cf8: 2131558797 (3)
D/umd.troyd(29747): android.widget.RelativeLayout@40725248: -1 (4)
D/umd.troyd(29747): android.widget.RelativeLayout@407257b0: 2131558790 (5)
D/umd.troyd(29747): android.widget.LinearLayout@40726330: 2131558790 (6)
D/umd.troyd(29747): android.widget.RelativeLayout@40726b10: -1 (7)
D/umd.troyd(29747): android.widget.Button:  (8)
D/umd.troyd(29747): android.widget.TextView: Search a location (9)
D/umd.troyd(29747): android.widget.Button:  (10)
D/umd.troyd(29747): android.widget.Button:  (11)
D/umd.troyd(29747): android.widget.Button:  (12)
D/umd.troyd(29747): android.widget.RelativeLayout@4072b3c8: 2131558791 (13)
D/umd.troyd(29747): com.walmart.android.storelocator.StoreMapView@4072c660: 2131558792 (14)
D/umd.troyd(29747): android.widget.ListView@4074ee78: 2131558521 (15)
D/umd.troyd(29747): android.widget.LinearLayout@40726480: -1 (16)
D/umd.troyd(29747): android.widget.RelativeLayout@407265d0: -1 (17)
D/umd.troyd(29747): android.widget.RelativeLayout@4079d0f0: -1 (18)
D/umd.troyd(29747): android.widget.TextView: Walmart Supercenter (19)
D/umd.troyd(29747): android.widget.TextView: 425 Coit Rd (20)
D/umd.troyd(29747): android.widget.TextView: Plano, TX 75075 (21)
D/umd.troyd(29747): android.widget.RelativeLayout@40706f40: -1 (22)
D/umd.troyd(29747): android.widget.LinearLayout@4070aa70: 2131558801 (23)
D/umd.troyd(29747): android.widget.TextView: 6.56 (24)
D/umd.troyd(29747): android.widget.TextView: miles (25)
D/umd.troyd(29747): android.widget.TextView:  (26)
D/umd.troyd(29747): android.widget.ImageView@40773540: 2131558517 (27)
D/umd.troyd(29747): android.widget.LinearLayout@407944f0: -1 (28)
D/umd.troyd(29747): android.widget.RelativeLayout@40799178: -1 (29)
D/umd.troyd(29747): android.widget.RelativeLayout@40799470: -1 (30)
D/umd.troyd(29747): android.widget.TextView: Neighborhood Market (31)
D/umd.troyd(29747): android.widget.TextView: 2218 Greenville Ave (32)
D/umd.troyd(29747): android.widget.TextView: Dallas, TX 75206 (33)
D/umd.troyd(29747): android.widget.RelativeLayout@4078bb78: -1 (34)
D/umd.troyd(29747): android.widget.LinearLayout@40775358: 2131558801 (35)
D/umd.troyd(29747): android.widget.TextView: 7.76 (36)
D/umd.troyd(29747): android.widget.TextView: miles (37)
D/umd.troyd(29747): android.widget.TextView:  (38)
D/umd.troyd(29747): android.widget.ImageView@406e6928: 2131558517 (39)
D/umd.troyd(29747): android.widget.LinearLayout@406c78b8: -1 (40)
D/umd.troyd(29747): android.widget.RelativeLayout@406c7aa8: -1 (41)
D/umd.troyd(29747): android.widget.RelativeLayout@406c7e50: -1 (42)
D/umd.troyd(29747): android.widget.TextView: Neighborhood Market (43)
D/umd.troyd(29747): android.widget.TextView: 1501 Buckingham Rd (44)
D/umd.troyd(29747): android.widget.TextView: Richardson, TX 75081 (45)
D/umd.troyd(29747): android.widget.RelativeLayout@406c9160: -1 (46)
D/umd.troyd(29747): android.widget.LinearLayout@406c9570: 2131558801 (47)
D/umd.troyd(29747): android.widget.TextView: 8.00 (48)
D/umd.troyd(29747): android.widget.TextView: miles (49)
D/umd.troyd(29747): android.widget.TextView:  (50)
D/umd.troyd(29747): android.widget.ImageView@406ca628: 2131558517 (51)
D/umd.troyd(29747): android.widget.LinearLayout@406cc0b8: -1 (52)
D/umd.troyd(29747): android.widget.RelativeLayout@406cc2a8: -1 (53)
D/umd.troyd(29747): android.widget.RelativeLayout@406cc650: -1 (54)
D/umd.troyd(29747): android.widget.TextView: Neighborhood Market (55)
D/umd.troyd(29747): android.widget.TextView: 2305 N Central Expy (56)
D/umd.troyd(29747): android.widget.TextView: Dallas, TX 75204 (57)
D/umd.troyd(29747): android.widget.RelativeLayout@406cd960: -1 (58)
D/umd.troyd(29747): android.widget.LinearLayout@406cdd70: 2131558801 (59)
D/umd.troyd(29747): android.widget.TextView: 8.09 (60)
D/umd.troyd(29747): android.widget.TextView: miles (61)
D/umd.troyd(29747): android.widget.TextView:  (62)
D/umd.troyd(29747): android.widget.ImageView@406cee28: 2131558517 (63)
D/umd.troyd(29747): android.widget.LinearLayout@406d08b0: -1 (64)
D/umd.troyd(29747): android.widget.RelativeLayout@406d0aa0: -1 (65)
D/umd.troyd(29747): android.widget.RelativeLayout@406d0e48: -1 (66)
D/umd.troyd(29747): android.widget.TextView: Walmart Supercenter (67)
D/umd.troyd(29747): android.widget.TextView: 190 E Round Grove Rd (68)
D/umd.troyd(29747): android.widget.TextView: Lewisville, TX 75067 (69)
D/umd.troyd(29747): android.widget.RelativeLayout@406d2158: -1 (70)
D/umd.troyd(29747): android.widget.LinearLayout@406d2568: 2131558801 (71)
D/umd.troyd(29747): android.widget.TextView: 8.27 (72)
D/umd.troyd(29747): android.widget.TextView: miles (73)
D/umd.troyd(29747): android.widget.TextView:  (74)
D/umd.troyd(29747): android.widget.ImageView@406d3620: 2131558517 (75)
D/umd.troyd(29747): android.widget.LinearLayout@406d50a8: -1 (76)
D/umd.troyd(29747): android.widget.RelativeLayout@406d5298: -1 (77)
D/umd.troyd(29747): android.widget.RelativeLayout@406d5640: -1 (78)
D/umd.troyd(29747): android.widget.TextView: Walmart Supercenter (79)
D/umd.troyd(29747): android.widget.TextView: 4691 State Highway 121 (80)
D/umd.troyd(29747): android.widget.TextView: Colony, TX 75056 (81)
D/umd.troyd(29747): android.widget.RelativeLayout@406d6950: -1 (82)
D/umd.troyd(29747): android.widget.LinearLayout@406d6d60: 2131558801 (83)
D/umd.troyd(29747): android.widget.TextView: 8.71 (84)
D/umd.troyd(29747): android.widget.TextView: miles (85)
D/umd.troyd(29747): android.widget.TextView:  (86)
D/umd.troyd(29747): android.widget.ImageView@406d7e18: 2131558517 (87)
D/umd.troyd(29747): android.widget.RelativeLayout@406b5e28: 2131558541 (88)
D/umd.troyd(29747): android.widget.GridView@406b69a0: 2131558824 (89)
D/umd.troyd(29747): android.widget.LinearLayout@406b7b20: 2131558538 (90)
D/umd.troyd(29747): android.widget.RelativeLayout@406b8518: 2131558818 (91)
D/umd.troyd(29747): android.widget.ImageButton@406b8e68: 2131558819 (92)
D/umd.troyd(29747): android.widget.RelativeLayout@406b9380: -1 (93)
D/umd.troyd(29747): android.widget.ImageView@406b9770: 2131558820 (94)
D/umd.troyd(29747): android.widget.TextView: Stores (95)
D/umd.troyd(29747): android.widget.RelativeLayout@4071afa8: -1 (96)
D/umd.troyd(29747): android.widget.Button:  (97)
D/umd.troyd(29747): android.widget.ImageView@4071ba78: 2131558823 (98)
D/umd.troyd(29747): android.widget.LinearLayout@4071bd08: 2131558542 (99)
D/umd.troyd(29747): got command getViews
D/umd.troyd(29747): android.widget.FrameLayout@406b2930: 16908290 (0)
D/umd.troyd(29747): android.widget.RelativeLayout@406b3370: 2131558603 (1)
D/umd.troyd(29747): android.widget.LinearLayout@406b37a8: -1 (2)
D/umd.troyd(29747): com.walmart.android.ui.ViewStackLayout@406b3cf8: 2131558797 (3)
D/umd.troyd(29747): android.widget.RelativeLayout@40725248: -1 (4)
D/umd.troyd(29747): android.widget.RelativeLayout@407257b0: 2131558790 (5)
D/umd.troyd(29747): android.widget.LinearLayout@40726330: 2131558790 (6)
D/umd.troyd(29747): android.widget.RelativeLayout@40726b10: -1 (7)
D/umd.troyd(29747): android.widget.Button:  (8)
D/umd.troyd(29747): android.widget.TextView: Search a location (9)
D/umd.troyd(29747): android.widget.Button:  (10)
D/umd.troyd(29747): android.widget.Button:  (11)
D/umd.troyd(29747): android.widget.Button:  (12)
D/umd.troyd(29747): android.widget.RelativeLayout@4072b3c8: 2131558791 (13)
D/umd.troyd(29747): com.walmart.android.storelocator.StoreMapView@4072c660: 2131558792 (14)
D/umd.troyd(29747): android.widget.ListView@4074ee78: 2131558521 (15)
D/umd.troyd(29747): android.widget.LinearLayout@406d50a8: -1 (16)
D/umd.troyd(29747): android.widget.RelativeLayout@406d5298: -1 (17)
D/umd.troyd(29747): android.widget.RelativeLayout@406d5640: -1 (18)
D/umd.troyd(29747): android.widget.TextView: Walmart Supercenter (19)
D/umd.troyd(29747): android.widget.TextView: 4691 State Highway 121 (20)
D/umd.troyd(29747): android.widget.TextView: Colony, TX 75056 (21)
D/umd.troyd(29747): android.widget.RelativeLayout@406d6950: -1 (22)
D/umd.troyd(29747): android.widget.LinearLayout@406d6d60: 2131558801 (23)
D/umd.troyd(29747): android.widget.TextView: 8.71 (24)
D/umd.troyd(29747): android.widget.TextView: miles (25)
D/umd.troyd(29747): android.widget.TextView:  (26)
D/umd.troyd(29747): android.widget.ImageView@406d7e18: 2131558517 (27)
D/umd.troyd(29747): android.widget.LinearLayout@406d98a0: -1 (28)
D/umd.troyd(29747): android.widget.RelativeLayout@406d9a90: -1 (29)
D/umd.troyd(29747): android.widget.RelativeLayout@406d9e38: -1 (30)
D/umd.troyd(29747): android.widget.TextView: Walmart Supercenter (31)
D/umd.troyd(29747): android.widget.TextView: 4100 W Airport Fwy (32)
D/umd.troyd(29747): android.widget.TextView: Irving, TX 75062 (33)
D/umd.troyd(29747): android.widget.RelativeLayout@406db148: -1 (34)
D/umd.troyd(29747): android.widget.LinearLayout@406db558: 2131558801 (35)
D/umd.troyd(29747): android.widget.TextView: 9.10 (36)
D/umd.troyd(29747): android.widget.TextView: miles (37)
D/umd.troyd(29747): android.widget.TextView:  (38)
D/umd.troyd(29747): android.widget.ImageView@4057b018: 2131558517 (39)
D/umd.troyd(29747): android.widget.LinearLayout@407bc6d8: -1 (40)
D/umd.troyd(29747): android.widget.RelativeLayout@405674d8: -1 (41)
D/umd.troyd(29747): android.widget.RelativeLayout@4074ba50: -1 (42)
D/umd.troyd(29747): android.widget.TextView: Walmart Supercenter (43)
D/umd.troyd(29747): android.widget.TextView: 6000 Coit Rd (44)
D/umd.troyd(29747): android.widget.TextView: Plano, TX 75023 (45)
D/umd.troyd(29747): android.widget.RelativeLayout@40756a68: -1 (46)
D/umd.troyd(29747): android.widget.LinearLayout@407a40d0: 2131558801 (47)
D/umd.troyd(29747): android.widget.TextView: 9.21 (48)
D/umd.troyd(29747): android.widget.TextView: miles (49)
D/umd.troyd(29747): android.widget.TextView:  (50)
D/umd.troyd(29747): android.widget.ImageView@405e1910: 2131558517 (51)
D/umd.troyd(29747): android.widget.LinearLayout@4079c6f0: -1 (52)
D/umd.troyd(29747): android.widget.RelativeLayout@4079c8e0: -1 (53)
D/umd.troyd(29747): android.widget.RelativeLayout@407a24f8: -1 (54)
D/umd.troyd(29747): android.widget.TextView: Neighborhood Market (55)
D/umd.troyd(29747): android.widget.TextView: 3100 Custer Rd (56)
D/umd.troyd(29747): android.widget.TextView: Plano, TX 75075 (57)
D/umd.troyd(29747): android.widget.RelativeLayout@405be590: -1 (58)
D/umd.troyd(29747): android.widget.LinearLayout@406b6328: 2131558801 (59)
D/umd.troyd(29747): android.widget.TextView: 9.51 (60)
D/umd.troyd(29747): android.widget.TextView: miles (61)
D/umd.troyd(29747): android.widget.TextView:  (62)
D/umd.troyd(29747): android.widget.ImageView@40669f48: 2131558517 (63)
D/umd.troyd(29747): android.widget.LinearLayout@407ba940: -1 (64)
D/umd.troyd(29747): android.widget.RelativeLayout@40521f98: -1 (65)
D/umd.troyd(29747): android.widget.RelativeLayout@4055a750: -1 (66)
D/umd.troyd(29747): android.widget.TextView: Walmart Supercenter (67)
D/umd.troyd(29747): android.widget.TextView: 1521 N Cockrell Hill Rd (68)
D/umd.troyd(29747): android.widget.TextView: Dallas, TX 75211 (69)
D/umd.troyd(29747): android.widget.RelativeLayout@406a1470: -1 (70)
D/umd.troyd(29747): android.widget.LinearLayout@405cf9d8: 2131558801 (71)
D/umd.troyd(29747): android.widget.TextView: 9.77 (72)
D/umd.troyd(29747): android.widget.TextView: miles (73)
D/umd.troyd(29747): android.widget.TextView:  (74)
D/umd.troyd(29747): android.widget.ImageView@4077f358: 2131558517 (75)
D/umd.troyd(29747): android.widget.LinearLayout@40669400: -1 (76)
D/umd.troyd(29747): android.widget.RelativeLayout@406695f0: -1 (77)
D/umd.troyd(29747): android.widget.RelativeLayout@40744b38: -1 (78)
D/umd.troyd(29747): android.widget.TextView: Neighborhood Market (79)
D/umd.troyd(29747): android.widget.TextView: 2275 Gus Thomasson Rd (80)
D/umd.troyd(29747): android.widget.TextView: Dallas, TX 75228 (81)
D/umd.troyd(29747): android.widget.RelativeLayout@407a3390: -1 (82)
D/umd.troyd(29747): android.widget.LinearLayout@406f5b80: 2131558801 (83)
D/umd.troyd(29747): android.widget.TextView: 10.72 (84)
D/umd.troyd(29747): android.widget.TextView: miles (85)
D/umd.troyd(29747): android.widget.TextView:  (86)
D/umd.troyd(29747): android.widget.ImageView@4070c6d0: 2131558517 (87)
D/umd.troyd(29747): android.widget.RelativeLayout@406b5e28: 2131558541 (88)
D/umd.troyd(29747): android.widget.GridView@406b69a0: 2131558824 (89)
D/umd.troyd(29747): android.widget.LinearLayout@406b7b20: 2131558538 (90)
D/umd.troyd(29747): android.widget.RelativeLayout@406b8518: 2131558818 (91)
D/umd.troyd(29747): android.widget.ImageButton@406b8e68: 2131558819 (92)
D/umd.troyd(29747): android.widget.RelativeLayout@406b9380: -1 (93)
D/umd.troyd(29747): android.widget.ImageView@406b9770: 2131558820 (94)
D/umd.troyd(29747): android.widget.TextView: Stores (95)
D/umd.troyd(29747): android.widget.RelativeLayout@4071afa8: -1 (96)
D/umd.troyd(29747): android.widget.Button:  (97)
D/umd.troyd(29747): android.widget.ImageView@4071ba78: 2131558823 (98)
D/umd.troyd(29747): android.widget.LinearLayout@4071bd08: 2131558542 (99)
