emulator-5572
D/umd.troyd( 2506): got command getViews
D/umd.troyd( 2506): android.widget.FrameLayout@406ce910: 16908290 (0)
D/umd.troyd( 2506): android.widget.RelativeLayout@4071b058: 2131558603 (1)
D/umd.troyd( 2506): android.widget.LinearLayout@4071b490: -1 (2)
D/umd.troyd( 2506): com.walmart.android.ui.ViewStackLayout@4071b9e0: 2131558797 (3)
D/umd.troyd( 2506): android.widget.RelativeLayout@4072c6a0: -1 (4)
D/umd.troyd( 2506): android.widget.RelativeLayout@4072cc08: 2131558790 (5)
D/umd.troyd( 2506): android.widget.LinearLayout@4072d788: 2131558790 (6)
D/umd.troyd( 2506): android.widget.RelativeLayout@4072df68: -1 (7)
D/umd.troyd( 2506): android.widget.Button:  (8)
D/umd.troyd( 2506): android.widget.TextView: Search a location (9)
D/umd.troyd( 2506): android.widget.Button:  (10)
D/umd.troyd( 2506): android.widget.Button:  (11)
D/umd.troyd( 2506): android.widget.Button:  (12)
D/umd.troyd( 2506): android.widget.RelativeLayout@40732820: 2131558791 (13)
D/umd.troyd( 2506): com.walmart.android.storelocator.StoreMapView@40733ab8: 2131558792 (14)
D/umd.troyd( 2506): android.widget.ListView@4073cb70: 2131558521 (15)
D/umd.troyd( 2506): android.widget.LinearLayout@40627148: -1 (16)
D/umd.troyd( 2506): android.widget.RelativeLayout@406735d8: -1 (17)
D/umd.troyd( 2506): android.widget.RelativeLayout@406cdba8: -1 (18)
D/umd.troyd( 2506): android.widget.TextView: Walmart Store (19)
D/umd.troyd( 2506): android.widget.TextView: 8730 Liberty Rd (20)
D/umd.troyd( 2506): android.widget.TextView: Randallstown, MD 21133 (21)
D/umd.troyd( 2506): android.widget.RelativeLayout@406b4738: -1 (22)
D/umd.troyd( 2506): android.widget.LinearLayout@406cd500: 2131558801 (23)
D/umd.troyd( 2506): android.widget.TextView: 3.86 (24)
D/umd.troyd( 2506): android.widget.TextView: miles (25)
D/umd.troyd( 2506): android.widget.TextView:  (26)
D/umd.troyd( 2506): android.widget.ImageView@405f06a0: 2131558517 (27)
D/umd.troyd( 2506): android.widget.LinearLayout@407c7a78: -1 (28)
D/umd.troyd( 2506): android.widget.RelativeLayout@407c7bc8: -1 (29)
D/umd.troyd( 2506): android.widget.RelativeLayout@407c9f38: -1 (30)
D/umd.troyd( 2506): android.widget.TextView: Walmart Store (31)
D/umd.troyd( 2506): android.widget.TextView: 6205 Baltimore National Pike (32)
D/umd.troyd( 2506): android.widget.TextView: Catonsville, MD 21228 (33)
D/umd.troyd( 2506): android.widget.RelativeLayout@407e2030: -1 (34)
D/umd.troyd( 2506): android.widget.LinearLayout@407e2188: 2131558801 (35)
D/umd.troyd( 2506): android.widget.TextView: 3.92 (36)
D/umd.troyd( 2506): android.widget.TextView: miles (37)
D/umd.troyd( 2506): android.widget.TextView:  (38)
D/umd.troyd( 2506): android.widget.ImageView@407f3848: 2131558517 (39)
D/umd.troyd( 2506): android.widget.LinearLayout@40709ac0: -1 (40)
D/umd.troyd( 2506): android.widget.RelativeLayout@40753508: -1 (41)
D/umd.troyd( 2506): android.widget.RelativeLayout@4078ac10: -1 (42)
D/umd.troyd( 2506): android.widget.TextView: Walmart Store (43)
D/umd.troyd( 2506): android.widget.TextView: 9750 Reistertown Road A (44)
D/umd.troyd( 2506): android.widget.TextView: Owings Mills, MD 21117 (45)
D/umd.troyd( 2506): android.widget.RelativeLayout@407a8908: -1 (46)
D/umd.troyd( 2506): android.widget.LinearLayout@407af458: 2131558801 (47)
D/umd.troyd( 2506): android.widget.TextView: 4.95 (48)
D/umd.troyd( 2506): android.widget.TextView: miles (49)
D/umd.troyd( 2506): android.widget.TextView:  (50)
D/umd.troyd( 2506): android.widget.ImageView@40761e18: 2131558517 (51)
D/umd.troyd( 2506): android.widget.LinearLayout@4075a3c8: -1 (52)
D/umd.troyd( 2506): android.widget.RelativeLayout@4075a598: -1 (53)
D/umd.troyd( 2506): android.widget.RelativeLayout@405d20a0: -1 (54)
D/umd.troyd( 2506): android.widget.TextView: Walmart Supercenter (55)
D/umd.troyd( 2506): android.widget.TextView: 3601 Washington Blvd (56)
D/umd.troyd( 2506): android.widget.TextView: Arbutus, MD 21227 (57)
D/umd.troyd( 2506): android.widget.RelativeLayout@40787118: -1 (58)
D/umd.troyd( 2506): android.widget.LinearLayout@40739888: 2131558801 (59)
D/umd.troyd( 2506): android.widget.TextView: 5.62 (60)
D/umd.troyd( 2506): android.widget.TextView: miles (61)
D/umd.troyd( 2506): android.widget.TextView:  (62)
D/umd.troyd( 2506): android.widget.ImageView@405b5b50: 2131558517 (63)
D/umd.troyd( 2506): android.widget.LinearLayout@4054ad40: -1 (64)
D/umd.troyd( 2506): android.widget.RelativeLayout@4060f560: -1 (65)
D/umd.troyd( 2506): android.widget.RelativeLayout@406c7fb0: -1 (66)
D/umd.troyd( 2506): android.widget.TextView: Walmart Store (67)
D/umd.troyd( 2506): android.widget.TextView: 3200 North Ridge Rd (68)
D/umd.troyd( 2506): android.widget.TextView: Ellicott City, MD 21043 (69)
D/umd.troyd( 2506): android.widget.RelativeLayout@4077b870: -1 (70)
D/umd.troyd( 2506): android.widget.LinearLayout@40622e18: 2131558801 (71)
D/umd.troyd( 2506): android.widget.TextView: 6.22 (72)
D/umd.troyd( 2506): android.widget.TextView: miles (73)
D/umd.troyd( 2506): android.widget.TextView:  (74)
D/umd.troyd( 2506): android.widget.ImageView@4071f9f8: 2131558517 (75)
D/umd.troyd( 2506): android.widget.LinearLayout@40669e10: -1 (76)
D/umd.troyd( 2506): android.widget.RelativeLayout@4066a3c0: -1 (77)
D/umd.troyd( 2506): android.widget.RelativeLayout@4071de88: -1 (78)
D/umd.troyd( 2506): android.widget.TextView: Walmart Store (79)
D/umd.troyd( 2506): android.widget.TextView: 2701 Port Covington Dr (80)
D/umd.troyd( 2506): android.widget.TextView: Baltimore, MD 21230 (81)
D/umd.troyd( 2506): android.widget.RelativeLayout@40688bc8: -1 (82)
D/umd.troyd( 2506): android.widget.LinearLayout@4066ea00: 2131558801 (83)
D/umd.troyd( 2506): android.widget.TextView: 6.61 (84)
D/umd.troyd( 2506): android.widget.TextView: miles (85)
D/umd.troyd( 2506): android.widget.TextView:  (86)
D/umd.troyd( 2506): android.widget.ImageView@40664150: 2131558517 (87)
D/umd.troyd( 2506): android.widget.RelativeLayout@4071db10: 2131558541 (88)
D/umd.troyd( 2506): android.widget.GridView@4071e688: 2131558824 (89)
D/umd.troyd( 2506): android.widget.LinearLayout@4071f808: 2131558538 (90)
D/umd.troyd( 2506): android.widget.RelativeLayout@40720200: 2131558818 (91)
D/umd.troyd( 2506): android.widget.ImageButton@40720b50: 2131558819 (92)
D/umd.troyd( 2506): android.widget.RelativeLayout@40721068: -1 (93)
D/umd.troyd( 2506): android.widget.ImageView@40721458: 2131558820 (94)
D/umd.troyd( 2506): android.widget.TextView: Stores (95)
D/umd.troyd( 2506): android.widget.RelativeLayout@40722360: -1 (96)
D/umd.troyd( 2506): android.widget.Button:  (97)
D/umd.troyd( 2506): android.widget.ImageView@40722ed0: 2131558823 (98)
D/umd.troyd( 2506): android.widget.LinearLayout@40723160: 2131558542 (99)
D/umd.troyd( 2506): got command getViews
D/umd.troyd( 2506): android.widget.FrameLayout@406ce910: 16908290 (0)
D/umd.troyd( 2506): android.widget.RelativeLayout@4071b058: 2131558603 (1)
D/umd.troyd( 2506): android.widget.LinearLayout@4071b490: -1 (2)
D/umd.troyd( 2506): com.walmart.android.ui.ViewStackLayout@4071b9e0: 2131558797 (3)
D/umd.troyd( 2506): android.widget.RelativeLayout@4072c6a0: -1 (4)
D/umd.troyd( 2506): android.widget.RelativeLayout@4072cc08: 2131558790 (5)
D/umd.troyd( 2506): android.widget.LinearLayout@4072d788: 2131558790 (6)
D/umd.troyd( 2506): android.widget.RelativeLayout@4072df68: -1 (7)
D/umd.troyd( 2506): android.widget.Button:  (8)
D/umd.troyd( 2506): android.widget.TextView: Search a location (9)
D/umd.troyd( 2506): android.widget.Button:  (10)
D/umd.troyd( 2506): android.widget.Button:  (11)
D/umd.troyd( 2506): android.widget.Button:  (12)
D/umd.troyd( 2506): android.widget.RelativeLayout@40732820: 2131558791 (13)
D/umd.troyd( 2506): com.walmart.android.storelocator.StoreMapView@40733ab8: 2131558792 (14)
D/umd.troyd( 2506): android.widget.ListView@4073cb70: 2131558521 (15)
D/umd.troyd( 2506): android.widget.LinearLayout@40669e10: -1 (16)
D/umd.troyd( 2506): android.widget.RelativeLayout@4066a3c0: -1 (17)
D/umd.troyd( 2506): android.widget.RelativeLayout@4071de88: -1 (18)
D/umd.troyd( 2506): android.widget.TextView: Walmart Store (19)
D/umd.troyd( 2506): android.widget.TextView: 2701 Port Covington Dr (20)
D/umd.troyd( 2506): android.widget.TextView: Baltimore, MD 21230 (21)
D/umd.troyd( 2506): android.widget.RelativeLayout@40688bc8: -1 (22)
D/umd.troyd( 2506): android.widget.LinearLayout@4066ea00: 2131558801 (23)
D/umd.troyd( 2506): android.widget.TextView: 6.61 (24)
D/umd.troyd( 2506): android.widget.TextView: miles (25)
D/umd.troyd( 2506): android.widget.TextView:  (26)
D/umd.troyd( 2506): android.widget.ImageView@40664150: 2131558517 (27)
D/umd.troyd( 2506): android.widget.LinearLayout@407ab9d0: -1 (28)
D/umd.troyd( 2506): android.widget.RelativeLayout@407abbc0: -1 (29)
D/umd.troyd( 2506): android.widget.RelativeLayout@407abf68: -1 (30)
D/umd.troyd( 2506): android.widget.TextView: Walmart Store (31)
D/umd.troyd( 2506): android.widget.TextView: 1238 Putty Hill Ave Ste 5 (32)
D/umd.troyd( 2506): android.widget.TextView: Towson, MD 21286 (33)
D/umd.troyd( 2506): android.widget.RelativeLayout@407ad278: -1 (34)
D/umd.troyd( 2506): android.widget.LinearLayout@40627e90: 2131558801 (35)
D/umd.troyd( 2506): android.widget.TextView: 6.81 (36)
D/umd.troyd( 2506): android.widget.TextView: miles (37)
D/umd.troyd( 2506): android.widget.TextView:  (38)
D/umd.troyd( 2506): android.widget.ImageView@40628f48: 2131558517 (39)
D/umd.troyd( 2506): android.widget.LinearLayout@4062a9d0: -1 (40)
D/umd.troyd( 2506): android.widget.RelativeLayout@4062abc0: -1 (41)
D/umd.troyd( 2506): android.widget.RelativeLayout@40606cc8: -1 (42)
D/umd.troyd( 2506): android.widget.TextView: Walmart Supercenter (43)
D/umd.troyd( 2506): android.widget.TextView: 1 Frankel Way (44)
D/umd.troyd( 2506): android.widget.TextView: Cockeysville, MD 21030 (45)
D/umd.troyd( 2506): android.widget.RelativeLayout@405e8148: -1 (46)
D/umd.troyd( 2506): android.widget.LinearLayout@407ab828: 2131558801 (47)
D/umd.troyd( 2506): android.widget.TextView: 8.35 (48)
D/umd.troyd( 2506): android.widget.TextView: miles (49)
D/umd.troyd( 2506): android.widget.TextView:  (50)
D/umd.troyd( 2506): android.widget.ImageView@407b5f90: 2131558517 (51)
D/umd.troyd( 2506): android.widget.LinearLayout@407b7520: -1 (52)
D/umd.troyd( 2506): android.widget.RelativeLayout@407677f0: -1 (53)
D/umd.troyd( 2506): android.widget.RelativeLayout@4076d220: -1 (54)
D/umd.troyd( 2506): android.widget.TextView: Walmart Supercenter (55)
D/umd.troyd( 2506): android.widget.TextView: 8118 Perry Hills Ct (56)
D/umd.troyd( 2506): android.widget.TextView: Nottingham, MD 21236 (57)
D/umd.troyd( 2506): android.widget.RelativeLayout@4078d7c0: -1 (58)
D/umd.troyd( 2506): android.widget.LinearLayout@407b8ab0: 2131558801 (59)
D/umd.troyd( 2506): android.widget.TextView: 9.47 (60)
D/umd.troyd( 2506): android.widget.TextView: miles (61)
D/umd.troyd( 2506): android.widget.TextView:  (62)
D/umd.troyd( 2506): android.widget.ImageView@407ba510: 2131558517 (63)
D/umd.troyd( 2506): android.widget.LinearLayout@407bc078: -1 (64)
D/umd.troyd( 2506): android.widget.RelativeLayout@406cdf80: -1 (65)
D/umd.troyd( 2506): android.widget.RelativeLayout@40794c10: -1 (66)
D/umd.troyd( 2506): android.widget.TextView: Walmart Store (67)
D/umd.troyd( 2506): android.widget.TextView: 6405 Dobbin Rd (68)
D/umd.troyd( 2506): android.widget.TextView: Columbia, MD 21045 (69)
D/umd.troyd( 2506): android.widget.RelativeLayout@407ea880: -1 (70)
D/umd.troyd( 2506): android.widget.LinearLayout@407c1710: 2131558801 (71)
D/umd.troyd( 2506): android.widget.TextView: 9.99 (72)
D/umd.troyd( 2506): android.widget.TextView: miles (73)
D/umd.troyd( 2506): android.widget.TextView:  (74)
D/umd.troyd( 2506): android.widget.ImageView@407c3860: 2131558517 (75)
D/umd.troyd( 2506): android.widget.LinearLayout@407c7660: -1 (76)
D/umd.troyd( 2506): android.widget.RelativeLayout@4061cbf0: -1 (77)
D/umd.troyd( 2506): android.widget.RelativeLayout@406be610: -1 (78)
D/umd.troyd( 2506): android.widget.TextView: Walmart Store (79)
D/umd.troyd( 2506): android.widget.TextView: 6721 Chesapeake Center Dr (80)
D/umd.troyd( 2506): android.widget.TextView: Glen Burnie, MD 21060 (81)
D/umd.troyd( 2506): android.widget.RelativeLayout@4071eef0: -1 (82)
D/umd.troyd( 2506): android.widget.LinearLayout@407c9a08: 2131558801 (83)
D/umd.troyd( 2506): android.widget.TextView: 10.01 (84)
D/umd.troyd( 2506): android.widget.TextView: miles (85)
D/umd.troyd( 2506): android.widget.TextView:  (86)
D/umd.troyd( 2506): android.widget.ImageView@407cbc10: 2131558517 (87)
D/umd.troyd( 2506): android.widget.RelativeLayout@4071db10: 2131558541 (88)
D/umd.troyd( 2506): android.widget.GridView@4071e688: 2131558824 (89)
D/umd.troyd( 2506): android.widget.LinearLayout@4071f808: 2131558538 (90)
D/umd.troyd( 2506): android.widget.RelativeLayout@40720200: 2131558818 (91)
D/umd.troyd( 2506): android.widget.ImageButton@40720b50: 2131558819 (92)
D/umd.troyd( 2506): android.widget.RelativeLayout@40721068: -1 (93)
D/umd.troyd( 2506): android.widget.ImageView@40721458: 2131558820 (94)
D/umd.troyd( 2506): android.widget.TextView: Stores (95)
D/umd.troyd( 2506): android.widget.RelativeLayout@40722360: -1 (96)
D/umd.troyd( 2506): android.widget.Button:  (97)
D/umd.troyd( 2506): android.widget.ImageView@40722ed0: 2131558823 (98)
D/umd.troyd( 2506): android.widget.LinearLayout@40723160: 2131558542 (99)
D/umd.troyd( 2506): got command getViews
D/umd.troyd( 2506): android.widget.FrameLayout@406ce910: 16908290 (0)
D/umd.troyd( 2506): android.widget.RelativeLayout@4071b058: 2131558603 (1)
D/umd.troyd( 2506): android.widget.LinearLayout@4071b490: -1 (2)
D/umd.troyd( 2506): com.walmart.android.ui.ViewStackLayout@4071b9e0: 2131558797 (3)
D/umd.troyd( 2506): android.widget.RelativeLayout@4072c6a0: -1 (4)
D/umd.troyd( 2506): android.widget.RelativeLayout@4072cc08: 2131558790 (5)
D/umd.troyd( 2506): android.widget.LinearLayout@4072d788: 2131558790 (6)
D/umd.troyd( 2506): android.widget.RelativeLayout@4072df68: -1 (7)
D/umd.troyd( 2506): android.widget.Button:  (8)
D/umd.troyd( 2506): android.widget.TextView: Search a location (9)
D/umd.troyd( 2506): android.widget.Button:  (10)
D/umd.troyd( 2506): android.widget.Button:  (11)
D/umd.troyd( 2506): android.widget.Button:  (12)
D/umd.troyd( 2506): android.widget.RelativeLayout@40732820: 2131558791 (13)
D/umd.troyd( 2506): com.walmart.android.storelocator.StoreMapView@40733ab8: 2131558792 (14)
D/umd.troyd( 2506): android.widget.ListView@4073cb70: 2131558521 (15)
D/umd.troyd( 2506): android.widget.LinearLayout@407c7660: -1 (16)
D/umd.troyd( 2506): android.widget.RelativeLayout@4061cbf0: -1 (17)
D/umd.troyd( 2506): android.widget.RelativeLayout@406be610: -1 (18)
D/umd.troyd( 2506): android.widget.TextView: Walmart Store (19)
D/umd.troyd( 2506): android.widget.TextView: 6721 Chesapeake Center Dr (20)
D/umd.troyd( 2506): android.widget.TextView: Glen Burnie, MD 21060 (21)
D/umd.troyd( 2506): android.widget.RelativeLayout@4071eef0: -1 (22)
D/umd.troyd( 2506): android.widget.LinearLayout@407c9a08: 2131558801 (23)
D/umd.troyd( 2506): android.widget.TextView: 10.01 (24)
D/umd.troyd( 2506): android.widget.TextView: miles (25)
D/umd.troyd( 2506): android.widget.TextView:  (26)
D/umd.troyd( 2506): android.widget.ImageView@407cbc10: 2131558517 (27)
D/umd.troyd( 2506): android.widget.LinearLayout@40627148: -1 (28)
D/umd.troyd( 2506): android.widget.RelativeLayout@406735d8: -1 (29)
D/umd.troyd( 2506): android.widget.RelativeLayout@406cdba8: -1 (30)
D/umd.troyd( 2506): android.widget.TextView: Walmart Supercenter (31)
D/umd.troyd( 2506): android.widget.TextView: 6420 Petrie Way Rd (32)
D/umd.troyd( 2506): android.widget.TextView: Baltimore, MD 21237 (33)
D/umd.troyd( 2506): android.widget.RelativeLayout@406b4738: -1 (34)
D/umd.troyd( 2506): android.widget.LinearLayout@406cd500: 2131558801 (35)
D/umd.troyd( 2506): android.widget.TextView: 10.16 (36)
D/umd.troyd( 2506): android.widget.TextView: miles (37)
D/umd.troyd( 2506): android.widget.TextView:  (38)
D/umd.troyd( 2506): android.widget.ImageView@405f06a0: 2131558517 (39)
D/umd.troyd( 2506): android.widget.LinearLayout@407c7a78: -1 (40)
D/umd.troyd( 2506): android.widget.RelativeLayout@407c7bc8: -1 (41)
D/umd.troyd( 2506): android.widget.RelativeLayout@407c9f38: -1 (42)
D/umd.troyd( 2506): android.widget.TextView: Walmart Store (43)
D/umd.troyd( 2506): android.widget.TextView: 2399 North Point Blvd (44)
D/umd.troyd( 2506): android.widget.TextView: Dundalk, MD 21222 (45)
D/umd.troyd( 2506): android.widget.RelativeLayout@407e2030: -1 (46)
D/umd.troyd( 2506): android.widget.LinearLayout@407e2188: 2131558801 (47)
D/umd.troyd( 2506): android.widget.TextView: 10.17 (48)
D/umd.troyd( 2506): android.widget.TextView: miles (49)
D/umd.troyd( 2506): android.widget.TextView:  (50)
D/umd.troyd( 2506): android.widget.ImageView@407f3848: 2131558517 (51)
D/umd.troyd( 2506): android.widget.LinearLayout@40709ac0: -1 (52)
D/umd.troyd( 2506): android.widget.RelativeLayout@40753508: -1 (53)
D/umd.troyd( 2506): android.widget.RelativeLayout@4078ac10: -1 (54)
D/umd.troyd( 2506): android.widget.TextView: Walmart Store (55)
D/umd.troyd( 2506): android.widget.TextView: 7081 Arundel Mills Cir (56)
D/umd.troyd( 2506): android.widget.TextView: Hanover, MD 21076 (57)
D/umd.troyd( 2506): android.widget.RelativeLayout@407a8908: -1 (58)
D/umd.troyd( 2506): android.widget.LinearLayout@407af458: 2131558801 (59)
D/umd.troyd( 2506): android.widget.TextView: 10.97 (60)
D/umd.troyd( 2506): android.widget.TextView: miles (61)
D/umd.troyd( 2506): android.widget.TextView:  (62)
D/umd.troyd( 2506): android.widget.ImageView@40761e18: 2131558517 (63)
D/umd.troyd( 2506): android.widget.LinearLayout@4075a3c8: -1 (64)
D/umd.troyd( 2506): android.widget.RelativeLayout@4075a598: -1 (65)
D/umd.troyd( 2506): android.widget.RelativeLayout@405d20a0: -1 (66)
D/umd.troyd( 2506): android.widget.TextView: Walmart Supercenter (67)
D/umd.troyd( 2506): android.widget.TextView: 407 George Claus Blvd (68)
D/umd.troyd( 2506): android.widget.TextView: Severn, MD 21144 (69)
D/umd.troyd( 2506): android.widget.RelativeLayout@40787118: -1 (70)
D/umd.troyd( 2506): android.widget.LinearLayout@40739888: 2131558801 (71)
D/umd.troyd( 2506): android.widget.TextView: 11.89 (72)
D/umd.troyd( 2506): android.widget.TextView: miles (73)
D/umd.troyd( 2506): android.widget.TextView:  (74)
D/umd.troyd( 2506): android.widget.ImageView@405b5b50: 2131558517 (75)
D/umd.troyd( 2506): android.widget.LinearLayout@4054ad40: -1 (76)
D/umd.troyd( 2506): android.widget.RelativeLayout@4060f560: -1 (77)
D/umd.troyd( 2506): android.widget.RelativeLayout@406c7fb0: -1 (78)
D/umd.troyd( 2506): android.widget.TextView: Walmart Store (79)
D/umd.troyd( 2506): android.widget.TextView: 1320 Liberty Rd (80)
D/umd.troyd( 2506): android.widget.TextView: Eldersburg, MD 21784 (81)
D/umd.troyd( 2506): android.widget.RelativeLayout@4077b870: -1 (82)
D/umd.troyd( 2506): android.widget.LinearLayout@40622e18: 2131558801 (83)
D/umd.troyd( 2506): android.widget.TextView: 11.90 (84)
D/umd.troyd( 2506): android.widget.TextView: miles (85)
D/umd.troyd( 2506): android.widget.TextView:  (86)
D/umd.troyd( 2506): android.widget.ImageView@4071f9f8: 2131558517 (87)
D/umd.troyd( 2506): android.widget.RelativeLayout@4071db10: 2131558541 (88)
D/umd.troyd( 2506): android.widget.GridView@4071e688: 2131558824 (89)
D/umd.troyd( 2506): android.widget.LinearLayout@4071f808: 2131558538 (90)
D/umd.troyd( 2506): android.widget.RelativeLayout@40720200: 2131558818 (91)
D/umd.troyd( 2506): android.widget.ImageButton@40720b50: 2131558819 (92)
D/umd.troyd( 2506): android.widget.RelativeLayout@40721068: -1 (93)
D/umd.troyd( 2506): android.widget.ImageView@40721458: 2131558820 (94)
D/umd.troyd( 2506): android.widget.TextView: Stores (95)
D/umd.troyd( 2506): android.widget.RelativeLayout@40722360: -1 (96)
D/umd.troyd( 2506): android.widget.Button:  (97)
D/umd.troyd( 2506): android.widget.ImageView@40722ed0: 2131558823 (98)
D/umd.troyd( 2506): android.widget.LinearLayout@40723160: 2131558542 (99)
D/umd.troyd( 2506): got command getViews
D/umd.troyd( 2506): android.widget.FrameLayout@406ce910: 16908290 (0)
D/umd.troyd( 2506): android.widget.RelativeLayout@4071b058: 2131558603 (1)
D/umd.troyd( 2506): android.widget.LinearLayout@4071b490: -1 (2)
D/umd.troyd( 2506): com.walmart.android.ui.ViewStackLayout@4071b9e0: 2131558797 (3)
D/umd.troyd( 2506): android.widget.RelativeLayout@4072c6a0: -1 (4)
D/umd.troyd( 2506): android.widget.RelativeLayout@4072cc08: 2131558790 (5)
D/umd.troyd( 2506): android.widget.LinearLayout@4072d788: 2131558790 (6)
D/umd.troyd( 2506): android.widget.RelativeLayout@4072df68: -1 (7)
D/umd.troyd( 2506): android.widget.Button:  (8)
D/umd.troyd( 2506): android.widget.TextView: Search a location (9)
D/umd.troyd( 2506): android.widget.Button:  (10)
D/umd.troyd( 2506): android.widget.Button:  (11)
D/umd.troyd( 2506): android.widget.Button:  (12)
D/umd.troyd( 2506): android.widget.RelativeLayout@40732820: 2131558791 (13)
D/umd.troyd( 2506): com.walmart.android.storelocator.StoreMapView@40733ab8: 2131558792 (14)
D/umd.troyd( 2506): android.widget.ListView@4073cb70: 2131558521 (15)
D/umd.troyd( 2506): android.widget.LinearLayout@4054ad40: -1 (16)
D/umd.troyd( 2506): android.widget.RelativeLayout@4060f560: -1 (17)
D/umd.troyd( 2506): android.widget.RelativeLayout@406c7fb0: -1 (18)
D/umd.troyd( 2506): android.widget.TextView: Walmart Store (19)
D/umd.troyd( 2506): android.widget.TextView: 1320 Liberty Rd (20)
D/umd.troyd( 2506): android.widget.TextView: Eldersburg, MD 21784 (21)
D/umd.troyd( 2506): android.widget.RelativeLayout@4077b870: -1 (22)
D/umd.troyd( 2506): android.widget.LinearLayout@40622e18: 2131558801 (23)
D/umd.troyd( 2506): android.widget.TextView: 11.90 (24)
D/umd.troyd( 2506): android.widget.TextView: miles (25)
D/umd.troyd( 2506): android.widget.TextView:  (26)
D/umd.troyd( 2506): android.widget.ImageView@4071f9f8: 2131558517 (27)
D/umd.troyd( 2506): android.widget.LinearLayout@40669e10: -1 (28)
D/umd.troyd( 2506): android.widget.RelativeLayout@4066a3c0: -1 (29)
D/umd.troyd( 2506): android.widget.RelativeLayout@4071de88: -1 (30)
D/umd.troyd( 2506): android.widget.TextView: Walmart Store (31)
D/umd.troyd( 2506): android.widget.TextView: 112 Carroll Island Rd (32)
D/umd.troyd( 2506): android.widget.TextView: Baltimore, MD 21220 (33)
D/umd.troyd( 2506): android.widget.RelativeLayout@40688bc8: -1 (34)
D/umd.troyd( 2506): android.widget.LinearLayout@4066ea00: 2131558801 (35)
D/umd.troyd( 2506): android.widget.TextView: 14.20 (36)
D/umd.troyd( 2506): android.widget.TextView: miles (37)
D/umd.troyd( 2506): android.widget.TextView:  (38)
D/umd.troyd( 2506): android.widget.ImageView@40664150: 2131558517 (39)
D/umd.troyd( 2506): android.widget.LinearLayout@407ab9d0: -1 (40)
D/umd.troyd( 2506): android.widget.RelativeLayout@407abbc0: -1 (41)
D/umd.troyd( 2506): android.widget.RelativeLayout@407abf68: -1 (42)
D/umd.troyd( 2506): android.widget.TextView: Walmart Supercenter (43)
D/umd.troyd( 2506): android.widget.TextView: 3549 Russett Grn (44)
D/umd.troyd( 2506): android.widget.TextView: Laurel, MD 20724 (45)
D/umd.troyd( 2506): android.widget.RelativeLayout@407ad278: -1 (46)
D/umd.troyd( 2506): android.widget.LinearLayout@40627e90: 2131558801 (47)
D/umd.troyd( 2506): android.widget.TextView: 15.09 (48)
D/umd.troyd( 2506): android.widget.TextView: miles (49)
D/umd.troyd( 2506): android.widget.TextView:  (50)
D/umd.troyd( 2506): android.widget.ImageView@40628f48: 2131558517 (51)
D/umd.troyd( 2506): android.widget.LinearLayout@4062a9d0: -1 (52)
D/umd.troyd( 2506): android.widget.RelativeLayout@4062abc0: -1 (53)
D/umd.troyd( 2506): android.widget.RelativeLayout@40606cc8: -1 (54)
D/umd.troyd( 2506): android.widget.TextView: Walmart Supercenter (55)
D/umd.troyd( 2506): android.widget.TextView: 303 Fallston Blvd (56)
D/umd.troyd( 2506): android.widget.TextView: Fallston, MD 21047 (57)
D/umd.troyd( 2506): android.widget.RelativeLayout@405e8148: -1 (58)
D/umd.troyd( 2506): android.widget.LinearLayout@407ab828: 2131558801 (59)
D/umd.troyd( 2506): android.widget.TextView: 17.71 (60)
D/umd.troyd( 2506): android.widget.TextView: miles (61)
D/umd.troyd( 2506): android.widget.TextView:  (62)
D/umd.troyd( 2506): android.widget.ImageView@407b5f90: 2131558517 (63)
D/umd.troyd( 2506): android.widget.LinearLayout@407b7520: -1 (64)
D/umd.troyd( 2506): android.widget.RelativeLayout@407677f0: -1 (65)
D/umd.troyd( 2506): android.widget.RelativeLayout@4076d220: -1 (66)
D/umd.troyd( 2506): android.widget.TextView: Walmart Supercenter (67)
D/umd.troyd( 2506): android.widget.TextView: 2320 No. Hanover Pike (68)
D/umd.troyd( 2506): android.widget.TextView: Hampstead, MD 21074 (69)
D/umd.troyd( 2506): android.widget.RelativeLayout@4078d7c0: -1 (70)
D/umd.troyd( 2506): android.widget.LinearLayout@407b8ab0: 2131558801 (71)
D/umd.troyd( 2506): android.widget.TextView: 19.46 (72)
D/umd.troyd( 2506): android.widget.TextView: miles (73)
D/umd.troyd( 2506): android.widget.TextView:  (74)
D/umd.troyd( 2506): android.widget.ImageView@407ba510: 2131558517 (75)
D/umd.troyd( 2506): android.widget.LinearLayout@407bc078: -1 (76)
D/umd.troyd( 2506): android.widget.RelativeLayout@406cdf80: -1 (77)
D/umd.troyd( 2506): android.widget.RelativeLayout@40794c10: -1 (78)
D/umd.troyd( 2506): android.widget.TextView: Walmart Store (79)
D/umd.troyd( 2506): android.widget.TextView: 280 Woodward Rd (80)
D/umd.troyd( 2506): android.widget.TextView: Westminster, MD 21157 (81)
D/umd.troyd( 2506): android.widget.RelativeLayout@407ea880: -1 (82)
D/umd.troyd( 2506): android.widget.LinearLayout@407c1710: 2131558801 (83)
D/umd.troyd( 2506): android.widget.TextView: 19.64 (84)
D/umd.troyd( 2506): android.widget.TextView: miles (85)
D/umd.troyd( 2506): android.widget.TextView:  (86)
D/umd.troyd( 2506): android.widget.ImageView@407c3860: 2131558517 (87)
D/umd.troyd( 2506): android.widget.RelativeLayout@4071db10: 2131558541 (88)
D/umd.troyd( 2506): android.widget.GridView@4071e688: 2131558824 (89)
D/umd.troyd( 2506): android.widget.LinearLayout@4071f808: 2131558538 (90)
D/umd.troyd( 2506): android.widget.RelativeLayout@40720200: 2131558818 (91)
D/umd.troyd( 2506): android.widget.ImageButton@40720b50: 2131558819 (92)
D/umd.troyd( 2506): android.widget.RelativeLayout@40721068: -1 (93)
D/umd.troyd( 2506): android.widget.ImageView@40721458: 2131558820 (94)
D/umd.troyd( 2506): android.widget.TextView: Stores (95)
D/umd.troyd( 2506): android.widget.RelativeLayout@40722360: -1 (96)
D/umd.troyd( 2506): android.widget.Button:  (97)
D/umd.troyd( 2506): android.widget.ImageView@40722ed0: 2131558823 (98)
D/umd.troyd( 2506): android.widget.LinearLayout@40723160: 2131558542 (99)
D/umd.troyd( 2506): got command getViews
D/umd.troyd( 2506): android.widget.FrameLayout@406ce910: 16908290 (0)
D/umd.troyd( 2506): android.widget.RelativeLayout@4071b058: 2131558603 (1)
D/umd.troyd( 2506): android.widget.LinearLayout@4071b490: -1 (2)
D/umd.troyd( 2506): com.walmart.android.ui.ViewStackLayout@4071b9e0: 2131558797 (3)
D/umd.troyd( 2506): android.widget.RelativeLayout@4072c6a0: -1 (4)
D/umd.troyd( 2506): android.widget.RelativeLayout@4072cc08: 2131558790 (5)
D/umd.troyd( 2506): android.widget.LinearLayout@4072d788: 2131558790 (6)
D/umd.troyd( 2506): android.widget.RelativeLayout@4072df68: -1 (7)
D/umd.troyd( 2506): android.widget.Button:  (8)
D/umd.troyd( 2506): android.widget.TextView: Search a location (9)
D/umd.troyd( 2506): android.widget.Button:  (10)
D/umd.troyd( 2506): android.widget.Button:  (11)
D/umd.troyd( 2506): android.widget.Button:  (12)
D/umd.troyd( 2506): android.widget.RelativeLayout@40732820: 2131558791 (13)
D/umd.troyd( 2506): com.walmart.android.storelocator.StoreMapView@40733ab8: 2131558792 (14)
D/umd.troyd( 2506): android.widget.ListView@4073cb70: 2131558521 (15)
D/umd.troyd( 2506): android.widget.LinearLayout@407bc078: -1 (16)
D/umd.troyd( 2506): android.widget.RelativeLayout@406cdf80: -1 (17)
D/umd.troyd( 2506): android.widget.RelativeLayout@40794c10: -1 (18)
D/umd.troyd( 2506): android.widget.TextView: Walmart Store (19)
D/umd.troyd( 2506): android.widget.TextView: 280 Woodward Rd (20)
D/umd.troyd( 2506): android.widget.TextView: Westminster, MD 21157 (21)
D/umd.troyd( 2506): android.widget.RelativeLayout@407ea880: -1 (22)
D/umd.troyd( 2506): android.widget.LinearLayout@407c1710: 2131558801 (23)
D/umd.troyd( 2506): android.widget.TextView: 19.64 (24)
D/umd.troyd( 2506): android.widget.TextView: miles (25)
D/umd.troyd( 2506): android.widget.TextView:  (26)
D/umd.troyd( 2506): android.widget.ImageView@407c3860: 2131558517 (27)
D/umd.troyd( 2506): android.widget.LinearLayout@407c7660: -1 (28)
D/umd.troyd( 2506): android.widget.RelativeLayout@4061cbf0: -1 (29)
D/umd.troyd( 2506): android.widget.RelativeLayout@406be610: -1 (30)
D/umd.troyd( 2506): android.widget.TextView: Walmart Store (31)
D/umd.troyd( 2506): android.widget.TextView: 401 Constant Friendship Blvd (32)
D/umd.troyd( 2506): android.widget.TextView: Abingdon, MD 21009 (33)
D/umd.troyd( 2506): android.widget.RelativeLayout@4071eef0: -1 (34)
D/umd.troyd( 2506): android.widget.LinearLayout@407c9a08: 2131558801 (35)
D/umd.troyd( 2506): android.widget.TextView: 19.65 (36)
D/umd.troyd( 2506): android.widget.TextView: miles (37)
D/umd.troyd( 2506): android.widget.TextView:  (38)
D/umd.troyd( 2506): android.widget.ImageView@407cbc10: 2131558517 (39)
D/umd.troyd( 2506): android.widget.LinearLayout@40627148: -1 (40)
D/umd.troyd( 2506): android.widget.RelativeLayout@406735d8: -1 (41)
D/umd.troyd( 2506): android.widget.RelativeLayout@406cdba8: -1 (42)
D/umd.troyd( 2506): android.widget.TextView: Walmart Store (43)
D/umd.troyd( 2506): android.widget.TextView: 209 E Ridgeville Blvd (44)
D/umd.troyd( 2506): android.widget.TextView: Mount Airy, MD 21771 (45)
D/umd.troyd( 2506): android.widget.RelativeLayout@406b4738: -1 (46)
D/umd.troyd( 2506): android.widget.LinearLayout@406cd500: 2131558801 (47)
D/umd.troyd( 2506): android.widget.TextView: 21.15 (48)
D/umd.troyd( 2506): android.widget.TextView: miles (49)
D/umd.troyd( 2506): android.widget.TextView:  (50)
D/umd.troyd( 2506): android.widget.ImageView@405f06a0: 2131558517 (51)
D/umd.troyd( 2506): android.widget.LinearLayout@407c7a78: -1 (52)
D/umd.troyd( 2506): android.widget.RelativeLayout@407c7bc8: -1 (53)
D/umd.troyd( 2506): android.widget.RelativeLayout@407c9f38: -1 (54)
D/umd.troyd( 2506): android.widget.TextView: Walmart Store (55)
D/umd.troyd( 2506): android.widget.TextView: 3300 Crain Hwy (56)
D/umd.troyd( 2506): android.widget.TextView: Bowie, MD 20716 (57)
D/umd.troyd( 2506): android.widget.RelativeLayout@407e2030: -1 (58)
D/umd.troyd( 2506): android.widget.LinearLayout@407e2188: 2131558801 (59)
D/umd.troyd( 2506): android.widget.TextView: 24.00 (60)
D/umd.troyd( 2506): android.widget.TextView: miles (61)
D/umd.troyd( 2506): android.widget.TextView:  (62)
D/umd.troyd( 2506): android.widget.ImageView@407f3848: 2131558517 (63)
D/umd.troyd( 2506): android.widget.LinearLayout@40709ac0: -1 (64)
D/umd.troyd( 2506): android.widget.RelativeLayout@40753508: -1 (65)
D/umd.troyd( 2506): android.widget.RelativeLayout@4078ac10: -1 (66)
D/umd.troyd( 2506): android.widget.TextView: Walmart Store (67)
D/umd.troyd( 2506): android.widget.TextView: 6210 Annapolis Rd (68)
D/umd.troyd( 2506): android.widget.TextView: Landover Hills, MD 20784 (69)
D/umd.troyd( 2506): android.widget.RelativeLayout@407a8908: -1 (70)
D/umd.troyd( 2506): android.widget.LinearLayout@407af458: 2131558801 (71)
D/umd.troyd( 2506): android.widget.TextView: 25.46 (72)
D/umd.troyd( 2506): android.widget.TextView: miles (73)
D/umd.troyd( 2506): android.widget.TextView:  (74)
D/umd.troyd( 2506): android.widget.ImageView@40761e18: 2131558517 (75)
D/umd.troyd( 2506): android.widget.LinearLayout@4075a3c8: -1 (76)
D/umd.troyd( 2506): android.widget.RelativeLayout@4075a598: -1 (77)
D/umd.troyd( 2506): android.widget.RelativeLayout@405d20a0: -1 (78)
D/umd.troyd( 2506): android.widget.TextView: Walmart Supercenter (79)
D/umd.troyd( 2506): android.widget.TextView: 698 Shrewsbury Commons Ave (80)
D/umd.troyd( 2506): android.widget.TextView: Shrewsbury, PA 17361 (81)
D/umd.troyd( 2506): android.widget.RelativeLayout@40787118: -1 (82)
D/umd.troyd( 2506): android.widget.LinearLayout@40739888: 2131558801 (83)
D/umd.troyd( 2506): android.widget.TextView: 25.84 (84)
D/umd.troyd( 2506): android.widget.TextView: miles (85)
D/umd.troyd( 2506): android.widget.TextView:  (86)
D/umd.troyd( 2506): android.widget.ImageView@405b5b50: 2131558517 (87)
D/umd.troyd( 2506): android.widget.RelativeLayout@4071db10: 2131558541 (88)
D/umd.troyd( 2506): android.widget.GridView@4071e688: 2131558824 (89)
D/umd.troyd( 2506): android.widget.LinearLayout@4071f808: 2131558538 (90)
D/umd.troyd( 2506): android.widget.RelativeLayout@40720200: 2131558818 (91)
D/umd.troyd( 2506): android.widget.ImageButton@40720b50: 2131558819 (92)
D/umd.troyd( 2506): android.widget.RelativeLayout@40721068: -1 (93)
D/umd.troyd( 2506): android.widget.ImageView@40721458: 2131558820 (94)
D/umd.troyd( 2506): android.widget.TextView: Stores (95)
D/umd.troyd( 2506): android.widget.RelativeLayout@40722360: -1 (96)
D/umd.troyd( 2506): android.widget.Button:  (97)
D/umd.troyd( 2506): android.widget.ImageView@40722ed0: 2131558823 (98)
D/umd.troyd( 2506): android.widget.LinearLayout@40723160: 2131558542 (99)
