android.widget.FrameLayout@40658020
android.widget.RelativeLayout@40658858
android.widget.LinearLayout@40601e58
android.widget.LinearLayout@405e7c30
android.widget.LinearLayout@40606ed0
android.widget.RelativeLayout@4060d240
android.widget.LinearLayout@405ce278
android.widget.LinearLayout@405ce568
android.widget.ImageView@4064c5f0
android.widget.TextView: Local Listings
android.widget.RelativeLayout@4064cdd0
android.widget.Button: Map
android.widget.ViewFlipper@40653a00
android.widget.FrameLayout@40653d40
android.widget.RelativeLayout@40653fa8
android.widget.TextView: Pharmacy Results
android.widget.LinearLayout@4066a368
android.widget.ProgressBar@4066a640
android.widget.ListView@4066ac40
android.widget.RelativeLayout@405a1678
android.widget.ImageView@4055d7b0
android.widget.TextView: Walmart Pharmacy #421
android.widget.TextView: 800 S US Hwy 81287
android.widget.TextView: Decatur,TX 76234
android.widget.TextView: 1.1Miles
android.widget.RelativeLayout@4060af98
android.widget.ImageView@4060fb48
android.widget.TextView: S And J Pharmacy
android.widget.TextView: 1101 W Eagle Dr Ste 
android.widget.TextView: Decatur,TX 76234
android.widget.TextView: 1.7Miles
android.widget.RelativeLayout@40510138
android.widget.ImageView@405104b8
android.widget.TextView: Solaris Pharmacy
android.widget.TextView: 2300 S Fm 51
android.widget.TextView: Decatur,TX 76234
android.widget.TextView: 2.0Miles
android.widget.RelativeLayout@405b8d38
android.widget.ImageView@4057c400
android.widget.TextView: Renshaw Drug
android.widget.TextView: 800 Medical Center D
android.widget.TextView: Decatur,TX 76234
android.widget.TextView: 3.9Miles
android.widget.LinearLayout@4066bf48
android.widget.Button: Sort
android.widget.RelativeLayout@4066cd90
com.google.android.maps.MapView@4066dab0
android.widget.FrameLayout@40658020
android.widget.RelativeLayout@40658858
android.widget.LinearLayout@40601e58
android.widget.LinearLayout@405e7c30
android.widget.LinearLayout@40606ed0
android.widget.RelativeLayout@4060d240
android.widget.LinearLayout@405ce278
android.widget.LinearLayout@405ce568
android.widget.ImageView@4064c5f0
android.widget.TextView: Local Listings
android.widget.RelativeLayout@4064cdd0
android.widget.Button: Map
android.widget.ViewFlipper@40653a00
android.widget.FrameLayout@40653d40
android.widget.RelativeLayout@40653fa8
android.widget.TextView: Pharmacy Results
android.widget.LinearLayout@4066a368
android.widget.ProgressBar@4066a640
android.widget.ListView@4066ac40
android.widget.RelativeLayout@405b8d38
android.widget.ImageView@4057c400
android.widget.TextView: Renshaw Drug
android.widget.TextView: 800 Medical Center D
android.widget.TextView: Decatur,TX 76234
android.widget.TextView: 3.9Miles
android.widget.RelativeLayout@405f81f8
android.widget.ImageView@406e54b8
android.widget.TextView: Wise Regional Health Sys Phcy
android.widget.TextView: 609 Medical Center D
android.widget.TextView: Decatur,TX 76234
android.widget.TextView: 3.9Miles
android.widget.RelativeLayout@4055ea18
android.widget.ImageView@4057bcd8
android.widget.TextView: Rhome Pharmacy
android.widget.TextView: 450 S Main St
android.widget.TextView: Rhome,TX 76078
android.widget.TextView: 8.3Miles
android.widget.RelativeLayout@406e8c58
android.widget.ImageView@406e8ff8
android.widget.TextView: Valu-Rite Pharmacy
android.widget.TextView: 709 Woodrow Wilson R
android.widget.TextView: Bridgeport,TX 76426
android.widget.TextView: 11.2Mile
android.widget.LinearLayout@4066bf48
android.widget.Button: Sort
android.widget.RelativeLayout@4066cd90
com.google.android.maps.MapView@4066dab0
android.widget.FrameLayout@40658020
android.widget.RelativeLayout@40658858
android.widget.LinearLayout@40601e58
android.widget.LinearLayout@405e7c30
android.widget.LinearLayout@40606ed0
android.widget.RelativeLayout@4060d240
android.widget.LinearLayout@405ce278
android.widget.LinearLayout@405ce568
android.widget.ImageView@4064c5f0
android.widget.TextView: Local Listings
android.widget.RelativeLayout@4064cdd0
android.widget.Button: Map
android.widget.ViewFlipper@40653a00
android.widget.FrameLayout@40653d40
android.widget.RelativeLayout@40653fa8
android.widget.TextView: Pharmacy Results
android.widget.LinearLayout@4066a368
android.widget.ProgressBar@4066a640
android.widget.ListView@4066ac40
android.widget.RelativeLayout@406e8c58
android.widget.ImageView@406e8ff8
android.widget.TextView: Valu-Rite Pharmacy
android.widget.TextView: 709 Woodrow Wilson R
android.widget.TextView: Bridgeport,TX 76426
android.widget.TextView: 11.2Mile
android.widget.RelativeLayout@405a1678
android.widget.ImageView@4055d7b0
android.widget.TextView: IGA Medicine Store
android.widget.TextView: 200 W Rock Island Av
android.widget.TextView: Boyd,TX 76023
android.widget.TextView: 11.3Mile
android.widget.RelativeLayout@4060af98
android.widget.ImageView@4060fb48
android.widget.TextView: Brookshire's Pharmacy # 5
android.widget.TextView: 1203 US Highway 380
android.widget.TextView: Bridgeport,TX 76426
android.widget.TextView: 13.8Mile
android.widget.RelativeLayout@40510138
android.widget.ImageView@405104b8
android.widget.TextView: Justin Pharmacy
android.widget.TextView: 120 W 4th St
android.widget.TextView: Justin,TX 76247
android.widget.TextView: 17.7Mile
android.widget.LinearLayout@4066bf48
android.widget.Button: Sort
android.widget.RelativeLayout@4066cd90
com.google.android.maps.MapView@4066dab0
android.widget.FrameLayout@40658020
android.widget.RelativeLayout@40658858
android.widget.LinearLayout@40601e58
android.widget.LinearLayout@405e7c30
android.widget.LinearLayout@40606ed0
android.widget.RelativeLayout@4060d240
android.widget.LinearLayout@405ce278
android.widget.LinearLayout@405ce568
android.widget.ImageView@4064c5f0
android.widget.TextView: Local Listings
android.widget.RelativeLayout@4064cdd0
android.widget.Button: Map
android.widget.ViewFlipper@40653a00
android.widget.FrameLayout@40653d40
android.widget.RelativeLayout@40653fa8
android.widget.TextView: Pharmacy Results
android.widget.LinearLayout@4066a368
android.widget.ProgressBar@4066a640
android.widget.ListView@4066ac40
android.widget.RelativeLayout@40510138
android.widget.ImageView@405104b8
android.widget.TextView: Justin Pharmacy
android.widget.TextView: 120 W 4th St
android.widget.TextView: Justin,TX 76247
android.widget.TextView: 17.7Mile
android.widget.RelativeLayout@405b8d38
android.widget.ImageView@4057c400
android.widget.TextView: Springtown Drug
android.widget.TextView: 117 E 1st St
android.widget.TextView: Springtown,TX 76082
android.widget.TextView: 19.8Mile
android.widget.RelativeLayout@405f81f8
android.widget.ImageView@406e54b8
android.widget.TextView: S & J Pharmacy
android.widget.TextView: 900 E McCart St Ste 
android.widget.TextView: Krum,TX 76249
android.widget.TextView: 19.9Mile
android.widget.RelativeLayout@4055ea18
android.widget.ImageView@4057bcd8
android.widget.TextView: Brookshire's Pharmacy #126
android.widget.TextView: 500 E Highway 199
android.widget.TextView: Springtown,TX 76082
android.widget.TextView: 21.7Mile
android.widget.LinearLayout@4066bf48
android.widget.Button: Sort
android.widget.RelativeLayout@4066cd90
com.google.android.maps.MapView@4066dab0
android.widget.FrameLayout@40658020
android.widget.RelativeLayout@40658858
android.widget.LinearLayout@40601e58
android.widget.LinearLayout@405e7c30
android.widget.LinearLayout@40606ed0
android.widget.RelativeLayout@4060d240
android.widget.LinearLayout@405ce278
android.widget.LinearLayout@405ce568
android.widget.ImageView@4064c5f0
android.widget.TextView: Local Listings
android.widget.RelativeLayout@4064cdd0
android.widget.Button: Map
android.widget.ViewFlipper@40653a00
android.widget.FrameLayout@40653d40
android.widget.RelativeLayout@40653fa8
android.widget.TextView: Pharmacy Results
android.widget.LinearLayout@4066a368
android.widget.ProgressBar@4066a640
android.widget.ListView@4066ac40
android.widget.RelativeLayout@4055ea18
android.widget.ImageView@4057bcd8
android.widget.TextView: Brookshire's Pharmacy #126
android.widget.TextView: 500 E Highway 199
android.widget.TextView: Springtown,TX 76082
android.widget.TextView: 21.7Mile
android.widget.RelativeLayout@406e8c58
android.widget.ImageView@406e8ff8
android.widget.TextView: Walgreens Pharmacy #9500
android.widget.TextView: 705 Boyd Rd
android.widget.TextView: Azle,TX 76020
android.widget.TextView: 23.2Mile
android.widget.RelativeLayout@405a1678
android.widget.ImageView@4055d7b0
android.widget.TextView: Walmart Pharmacy #5359
android.widget.TextView: 721 Boyd Rd
android.widget.TextView: Azle,TX 76020
android.widget.TextView: 23.2Mile
android.widget.RelativeLayout@4060af98
android.widget.ImageView@4060fb48
android.widget.TextView: Albertson's Pharmacy #4290
android.widget.TextView: 480 Northwest Pkwy
android.widget.TextView: Azle,TX 76020
android.widget.TextView: 23.5Mile
android.widget.LinearLayout@4066bf48
android.widget.Button: Sort
android.widget.RelativeLayout@4066cd90
com.google.android.maps.MapView@4066dab0
android.widget.FrameLayout@40658020
android.widget.RelativeLayout@40658858
android.widget.LinearLayout@40601e58
android.widget.LinearLayout@405e7c30
android.widget.LinearLayout@40606ed0
android.widget.RelativeLayout@4060d240
android.widget.LinearLayout@405ce278
android.widget.LinearLayout@405ce568
android.widget.ImageView@4064c5f0
android.widget.TextView: Local Listings
android.widget.RelativeLayout@4064cdd0
android.widget.Button: Map
android.widget.ViewFlipper@40653a00
android.widget.FrameLayout@40653d40
android.widget.RelativeLayout@40653fa8
android.widget.TextView: Pharmacy Results
android.widget.LinearLayout@4066a368
android.widget.ProgressBar@4066a640
android.widget.ListView@4066ac40
android.widget.RelativeLayout@4060af98
android.widget.ImageView@4060fb48
android.widget.TextView: Albertson's Pharmacy #4290
android.widget.TextView: 480 Northwest Pkwy
android.widget.TextView: Azle,TX 76020
android.widget.TextView: 23.5Mile
android.widget.RelativeLayout@40510138
android.widget.ImageView@405104b8
android.widget.TextView: CVS Pharmacy #7467
android.widget.TextView: 460 Northwest Pkwy
android.widget.TextView: Azle,TX 76020
android.widget.TextView: 23.6Mile
android.widget.RelativeLayout@405b8d38
android.widget.ImageView@4057c400
android.widget.TextView: Walmart Pharmacy #4627
android.widget.TextView: 2750 W University Dr
android.widget.TextView: Denton,TX 76201
android.widget.TextView: 24.0Mile
android.widget.RelativeLayout@405f81f8
android.widget.ImageView@406e54b8
android.widget.TextView: Brookshire's Pharmacy #125
android.widget.TextView: 511 N Stewart St
android.widget.TextView: Azle,TX 76020
android.widget.TextView: 24.1Mile
android.widget.LinearLayout@4066bf48
android.widget.Button: Sort
android.widget.RelativeLayout@4066cd90
com.google.android.maps.MapView@4066dab0
android.widget.FrameLayout@40658020
android.widget.RelativeLayout@40658858
android.widget.LinearLayout@40601e58
android.widget.LinearLayout@405e7c30
android.widget.LinearLayout@40606ed0
android.widget.RelativeLayout@4060d240
android.widget.LinearLayout@405ce278
android.widget.LinearLayout@405ce568
android.widget.ImageView@4064c5f0
android.widget.TextView: Local Listings
android.widget.RelativeLayout@4064cdd0
android.widget.Button: Map
android.widget.ViewFlipper@40653a00
android.widget.FrameLayout@40653d40
android.widget.RelativeLayout@40653fa8
android.widget.TextView: Pharmacy Results
android.widget.LinearLayout@4066a368
android.widget.ProgressBar@4066a640
android.widget.ListView@4066ac40
android.widget.RelativeLayout@405f81f8
android.widget.ImageView@406e54b8
android.widget.TextView: Brookshire's Pharmacy #125
android.widget.TextView: 511 N Stewart St
android.widget.TextView: Azle,TX 76020
android.widget.TextView: 24.1Mile
android.widget.RelativeLayout@4055ea18
android.widget.ImageView@4057bcd8
android.widget.TextView: Doyle Pharmacy
android.widget.TextView: 2509 Scripture St
android.widget.TextView: Denton,TX 76201
android.widget.TextView: 24.1Mile
android.widget.RelativeLayout@406e8c58
android.widget.ImageView@406e8ff8
android.widget.TextView: Murr's Medicine Chest
android.widget.TextView: 232 W Main St
android.widget.TextView: Azle,TX 76020
android.widget.TextView: 24.1Mile
android.widget.RelativeLayout@405a1678
android.widget.ImageView@4055d7b0
android.widget.TextView: Denton Prescription Shop
android.widget.TextView: 2501 W Oak St
android.widget.TextView: Denton,TX 76201
android.widget.TextView: 24.2Mile
android.widget.LinearLayout@4066bf48
android.widget.Button: Sort
android.widget.RelativeLayout@4066cd90
com.google.android.maps.MapView@4066dab0
android.widget.FrameLayout@40658020
android.widget.RelativeLayout@40658858
android.widget.LinearLayout@40601e58
android.widget.LinearLayout@405e7c30
android.widget.LinearLayout@40606ed0
android.widget.RelativeLayout@4060d240
android.widget.LinearLayout@405ce278
android.widget.LinearLayout@405ce568
android.widget.ImageView@4064c5f0
android.widget.TextView: Local Listings
android.widget.RelativeLayout@4064cdd0
android.widget.Button: Map
android.widget.ViewFlipper@40653a00
android.widget.FrameLayout@40653d40
android.widget.RelativeLayout@40653fa8
android.widget.TextView: Pharmacy Results
android.widget.LinearLayout@4066a368
android.widget.ProgressBar@4066a640
android.widget.ListView@4066ac40
android.widget.RelativeLayout@405a1678
android.widget.ImageView@4055d7b0
android.widget.TextView: Denton Prescription Shop
android.widget.TextView: 2501 W Oak St
android.widget.TextView: Denton,TX 76201
android.widget.TextView: 24.2Mile
android.widget.RelativeLayout@4060af98
android.widget.ImageView@4060fb48
android.widget.TextView: Albertsons Savon Pharmacy #4152
android.widget.TextView: 2321 W University Dr
android.widget.TextView: Denton,TX 76201
android.widget.TextView: 24.3Mile
android.widget.RelativeLayout@40510138
android.widget.ImageView@405104b8
android.widget.TextView: Denton Presby Hospital Phcy
android.widget.TextView: 3000 N Interstate 35
android.widget.TextView: Denton,TX 76201
android.widget.TextView: 24.3Mile
android.widget.RelativeLayout@405b8d38
android.widget.ImageView@4057c400
android.widget.TextView: Presbyterian Hospital Pharmacy
android.widget.TextView: 3000 N Interstate 35
android.widget.TextView: Denton,TX 76201
android.widget.TextView: 24.3Mile
android.widget.LinearLayout@4066bf48
android.widget.Button: Sort
android.widget.RelativeLayout@4066cd90
com.google.android.maps.MapView@4066dab0
android.widget.FrameLayout@40658020
android.widget.RelativeLayout@40658858
android.widget.LinearLayout@40601e58
android.widget.LinearLayout@405e7c30
android.widget.LinearLayout@40606ed0
android.widget.RelativeLayout@4060d240
android.widget.LinearLayout@405ce278
android.widget.LinearLayout@405ce568
android.widget.ImageView@4064c5f0
android.widget.TextView: Local Listings
android.widget.RelativeLayout@4064cdd0
android.widget.Button: Map
android.widget.ViewFlipper@40653a00
android.widget.FrameLayout@40653d40
android.widget.RelativeLayout@40653fa8
android.widget.TextView: Pharmacy Results
android.widget.LinearLayout@4066a368
android.widget.ProgressBar@4066a640
android.widget.ListView@4066ac40
android.widget.RelativeLayout@405b8d38
android.widget.ImageView@4057c400
android.widget.TextView: Presbyterian Hospital Pharmacy
android.widget.TextView: 3000 N Interstate 35
android.widget.TextView: Denton,TX 76201
android.widget.TextView: 24.3Mile
android.widget.RelativeLayout@405f81f8
android.widget.ImageView@406e54b8
android.widget.TextView: Walmart Pharmacy #271
android.widget.TextView: 1341 Highway 287 N
android.widget.TextView: Bowie,TX 76230
android.widget.TextView: 24.5Mile
android.widget.RelativeLayout@4055ea18
android.widget.ImageView@4057bcd8
android.widget.TextView: TX Health Harris Methodist Azle
android.widget.TextView: 108 Denver Trl
android.widget.TextView: Azle,TX 76020
android.widget.TextView: 24.9Mile
android.widget.RelativeLayout@406e8c58
android.widget.ImageView@406e8ff8
android.widget.TextView: S & J Pharmacy
android.widget.TextView: 801 W Chapman Dr
android.widget.TextView: Sanger,TX 76266
android.widget.TextView: 25.0Mile
android.widget.LinearLayout@4066bf48
android.widget.Button: Sort
android.widget.RelativeLayout@4066cd90
com.google.android.maps.MapView@4066dab0
