android.widget.LinearLayout@40572470
android.widget.FrameLayout@40572c58
android.widget.TextView: Restaurant Finder
android.widget.FrameLayout@40573c40
android.widget.RelativeLayout@405740f8
android.widget.TextView: Loading my location...
android.widget.TextView: No contents.
android.widget.LinearLayout@40574fe8
com.google.ads.AdView@40577340
g@405797d0
android.widget.ListView@405752b8
android.widget.LinearLayout@40678d28
android.widget.LinearLayout@40678f40
android.widget.TextView: ALDI
android.widget.LinearLayout@406795f8
android.widget.TextView: 
android.widget.TextView: 0.46 Km
android.widget.TextView: 2440 West Illinois Avenue Dallas, TX
android.widget.LinearLayout@40676f88
android.widget.LinearLayout@406771a0
android.widget.TextView: Hong Kong Garden
android.widget.LinearLayout@40677858
android.widget.TextView: (214) 339-1095
android.widget.TextView: 0.51 Km
android.widget.TextView: 2649 South Hampton Road Dallas, TX
android.widget.LinearLayout@406751e8
android.widget.LinearLayout@40675400
android.widget.TextView: Jack in the Box - Dallas, TX
android.widget.LinearLayout@40675ab8
android.widget.TextView: (214) 337-8511
android.widget.TextView: 0.55 Km
android.widget.TextView: 2611 South Hampton Road Dallas, TX
android.widget.LinearLayout@40673448
android.widget.LinearLayout@40673660
android.widget.TextView: Domino's Pizza
android.widget.LinearLayout@40673d18
android.widget.TextView: (214) 330-4883
android.widget.TextView: 0.57 Km
android.widget.TextView: 2419 West Illinois Avenue Dallas, TX
android.widget.LinearLayout@406716f0
android.widget.LinearLayout@406718c0
android.widget.TextView: The Original Chicken-N-Rice
android.widget.LinearLayout@40671f78
android.widget.TextView: (214) 339-7070
android.widget.TextView: 0.6 Km
android.widget.TextView: 2415 West Illinois Avenue Dallas, TX
android.widget.LinearLayout@405ede00
android.widget.LinearLayout@405ee018
android.widget.TextView: Wendy's
android.widget.LinearLayout@405ee6d0
android.widget.TextView: (214) 339-4388
android.widget.TextView: 0.63 Km
android.widget.TextView: 2328 West Illinois Avenue Dallas, TX
android.widget.LinearLayout@40572470
android.widget.FrameLayout@40572c58
android.widget.TextView: Restaurant Finder
android.widget.FrameLayout@40573c40
android.widget.RelativeLayout@405740f8
android.widget.TextView: Loading my location...
android.widget.TextView: No contents.
android.widget.LinearLayout@40574fe8
com.google.ads.AdView@40577340
g@405797d0
android.widget.ListView@405752b8
android.widget.LinearLayout@405ede00
android.widget.LinearLayout@405ee018
android.widget.TextView: Wendy's
android.widget.LinearLayout@405ee6d0
android.widget.TextView: (214) 339-4388
android.widget.TextView: 0.63 Km
android.widget.TextView: 2328 West Illinois Avenue Dallas, TX
android.widget.LinearLayout@40587928
android.widget.LinearLayout@4058c3e0
android.widget.TextView: Gordo's Taqueria
android.widget.LinearLayout@405a7d90
android.widget.TextView: (214) 337-0999
android.widget.TextView: 0.63 Km
android.widget.TextView: 2324 West Illinois Avenue Dallas, TX
android.widget.LinearLayout@40572610
android.widget.LinearLayout@40587428
android.widget.TextView: Pizza Patrón
android.widget.LinearLayout@405a48e0
android.widget.TextView: (214) 623-9220
android.widget.TextView: 0.67 Km
android.widget.TextView: 2519 South Hampton Road Dallas, TX
android.widget.LinearLayout@4067cc18
android.widget.LinearLayout@4059bb40
android.widget.TextView: McDonald's
android.widget.LinearLayout@4056fd68
android.widget.TextView: (214) 467-8351
android.widget.TextView: 0.7 Km
android.widget.TextView: 2407 South Hampton Road Dallas, TX
android.widget.LinearLayout@405a3058
android.widget.LinearLayout@405a3218
android.widget.TextView: Pizza Hut
android.widget.LinearLayout@405263a0
android.widget.TextView: (214) 330-1300
android.widget.TextView: 0.7 Km
android.widget.TextView: 2248 West Illinois Avenue Dallas, TX
android.widget.LinearLayout@40559c50
android.widget.LinearLayout@4059fa80
android.widget.TextView: Herrera's
android.widget.LinearLayout@40527680
android.widget.TextView: (214) 330-6426
android.widget.TextView: 0.74 Km
android.widget.TextView: 2853 West Illinois Avenue Dallas, TX
android.widget.LinearLayout@40572470
android.widget.FrameLayout@40572c58
android.widget.TextView: Restaurant Finder
android.widget.FrameLayout@40573c40
android.widget.RelativeLayout@405740f8
android.widget.TextView: Loading my location...
android.widget.TextView: No contents.
android.widget.LinearLayout@40574fe8
com.google.ads.AdView@40577340
g@405797d0
android.widget.ListView@405752b8
android.widget.LinearLayout@40559c50
android.widget.LinearLayout@4059fa80
android.widget.TextView: Herrera's
android.widget.LinearLayout@40527680
android.widget.TextView: (214) 330-6426
android.widget.TextView: 0.74 Km
android.widget.TextView: 2853 West Illinois Avenue Dallas, TX
android.widget.LinearLayout@40678d28
android.widget.LinearLayout@40678f40
android.widget.TextView: Taqueria La Rinconada
android.widget.LinearLayout@406795f8
android.widget.TextView: (214) 337-2252
android.widget.TextView: 0.77 Km
android.widget.TextView: 2306 Mountain Lake Road Dallas, TX
android.widget.LinearLayout@40676f88
android.widget.LinearLayout@406771a0
android.widget.TextView: Tachito's Mexican Restaurant
android.widget.LinearLayout@40677858
android.widget.TextView: (214) 331-4600
android.widget.TextView: 1.07 Km
android.widget.TextView: 3210 West Illinois Avenue Dallas, TX
android.widget.LinearLayout@406751e8
android.widget.LinearLayout@40675400
android.widget.TextView: Mariscos La Reyna
android.widget.LinearLayout@40675ab8
android.widget.TextView: (214) 339-8630
android.widget.TextView: 1.28 Km
android.widget.TextView: 3349 West Illinois Avenue Dallas, TX
android.widget.LinearLayout@40673448
android.widget.LinearLayout@40673660
android.widget.TextView: El Tizoncito
android.widget.LinearLayout@40673d18
android.widget.TextView: (214) 330-0839
android.widget.TextView: 1.31 Km
android.widget.TextView: 3404 West Illinois Avenue Dallas, TX
android.widget.LinearLayout@406716f0
android.widget.LinearLayout@406718c0
android.widget.TextView: Applebee's
android.widget.LinearLayout@40671f78
android.widget.TextView: (214) 339-8115
android.widget.TextView: 1.36 Km
android.widget.TextView: 3426 West Illinois Avenue Dallas, TX
android.widget.LinearLayout@40572470
android.widget.FrameLayout@40572c58
android.widget.TextView: Restaurant Finder
android.widget.FrameLayout@40573c40
android.widget.RelativeLayout@405740f8
android.widget.TextView: Loading my location...
android.widget.TextView: No contents.
android.widget.LinearLayout@40574fe8
com.google.ads.AdView@40577340
g@405797d0
android.widget.ListView@405752b8
android.widget.LinearLayout@406716f0
android.widget.LinearLayout@406718c0
android.widget.TextView: Applebee's
android.widget.LinearLayout@40671f78
android.widget.TextView: (214) 339-8115
android.widget.TextView: 1.36 Km
android.widget.TextView: 3426 West Illinois Avenue Dallas, TX
android.widget.LinearLayout@405ede00
android.widget.LinearLayout@405ee018
android.widget.TextView: Grandy's
android.widget.LinearLayout@405ee6d0
android.widget.TextView: (214) 371-1613
android.widget.TextView: 2.99 Km
android.widget.TextView: 3738 Marvin D Love Freeway Dallas, TX
android.widget.LinearLayout@40587928
android.widget.LinearLayout@4058c3e0
android.widget.TextView: Golden Chick
android.widget.LinearLayout@405a7d90
android.widget.TextView: (214) 371-2400
android.widget.TextView: 3.26 Km
android.widget.TextView: 410 West Kiest Boulevard Dallas, TX
android.widget.LinearLayout@40572610
android.widget.LinearLayout@40587428
android.widget.TextView: Subway
android.widget.LinearLayout@405a48e0
android.widget.TextView: (214) 372-5506
android.widget.TextView: 3.37 Km
android.widget.TextView: 309 West Kiest Boulevard Dallas, TX
android.widget.LinearLayout@4067cc18
android.widget.LinearLayout@4059bb40
android.widget.TextView: Wingfield's Breakfast & Burger
android.widget.LinearLayout@4056fd68
android.widget.TextView: (214) 943-5214
android.widget.TextView: 3.66 Km
android.widget.TextView: 2615 South Beckley Avenue Dallas, TX
android.widget.LinearLayout@405a3058
android.widget.LinearLayout@405a3218
android.widget.TextView: Big T Restaurant
android.widget.LinearLayout@405263a0
android.widget.TextView: (214) 376-3888
android.widget.TextView: 4.17 Km
android.widget.TextView: 4515 Village Fair Drive Dallas, TX
android.widget.LinearLayout@40572470
android.widget.FrameLayout@40572c58
android.widget.TextView: Restaurant Finder
android.widget.FrameLayout@40573c40
android.widget.RelativeLayout@405740f8
android.widget.TextView: Loading my location...
android.widget.TextView: No contents.
android.widget.LinearLayout@40574fe8
com.google.ads.AdView@40577340
g@405797d0
android.widget.ListView@405752b8
android.widget.LinearLayout@405a3058
android.widget.LinearLayout@405a3218
android.widget.TextView: Big T Restaurant
android.widget.LinearLayout@405263a0
android.widget.TextView: (214) 376-3888
android.widget.TextView: 4.17 Km
android.widget.TextView: 4515 Village Fair Drive Dallas, TX
android.widget.LinearLayout@40559c50
android.widget.LinearLayout@4059fa80
android.widget.TextView: Little Bob's Bar B-Q
android.widget.LinearLayout@40527680
android.widget.TextView: (214) 375-4909
android.widget.TextView: 4.32 Km
android.widget.TextView: 4607 Village Fair Drive Dallas, TX
android.widget.LinearLayout@40678d28
android.widget.LinearLayout@40678f40
android.widget.TextView: Catfish Floyd's
android.widget.LinearLayout@406795f8
android.widget.TextView: (214) 375-3736
android.widget.TextView: 5.34 Km
android.widget.TextView: 710 E Ann Arbor Ave Dallas, TX
android.widget.LinearLayout@40676f88
android.widget.LinearLayout@406771a0
android.widget.TextView: CT's Real Deal BBQ
android.widget.LinearLayout@40677858
android.widget.TextView: (214) 302-3000
android.widget.TextView: 5.42 Km
android.widget.TextView: 2901 South Lancaster Road Dallas, TX
android.widget.LinearLayout@406751e8
android.widget.LinearLayout@40675400
android.widget.TextView: Rudy's Chicken
android.widget.LinearLayout@40675ab8
android.widget.TextView: (214) 375-9234
android.widget.TextView: 5.63 Km
android.widget.TextView: 3115 South Lancaster Road Dallas, TX
android.widget.LinearLayout@40673448
android.widget.LinearLayout@40673660
android.widget.TextView: Wendy's
android.widget.LinearLayout@40673d18
android.widget.TextView: (214) 374-5346
android.widget.TextView: 5.71 Km
android.widget.TextView: 1507 East Kiest Boulevard Dallas, TX
android.widget.LinearLayout@40572470
android.widget.FrameLayout@40572c58
android.widget.TextView: Restaurant Finder
android.widget.FrameLayout@40573c40
android.widget.RelativeLayout@405740f8
android.widget.TextView: Loading my location...
android.widget.TextView: No contents.
android.widget.LinearLayout@40574fe8
com.google.ads.AdView@40577340
g@405797d0
android.widget.ListView@405752b8
android.widget.LinearLayout@40673448
android.widget.LinearLayout@40673660
android.widget.TextView: Wendy's
android.widget.LinearLayout@40673d18
android.widget.TextView: (214) 374-5346
android.widget.TextView: 5.71 Km
android.widget.TextView: 1507 East Kiest Boulevard Dallas, TX
android.widget.LinearLayout@406716f0
android.widget.LinearLayout@406718c0
android.widget.TextView: Pizza King USA
android.widget.LinearLayout@40671f78
android.widget.TextView: (214) 371-5464
android.widget.TextView: 5.94 Km
android.widget.TextView: 3410 South Lancaster Road Dallas, TX
android.widget.LinearLayout@405ede00
android.widget.LinearLayout@405ee018
android.widget.TextView: Church's Chicken
android.widget.LinearLayout@405ee6d0
android.widget.TextView: (214) 374-8700
android.widget.TextView: 6.02 Km
android.widget.TextView: 3605 South Lancaster Road Dallas, TX
android.widget.LinearLayout@40587928
android.widget.LinearLayout@4058c3e0
android.widget.TextView: Golden Corral
android.widget.LinearLayout@405a7d90
android.widget.TextView: (214) 339-5799
android.widget.TextView: 6.05 Km
android.widget.TextView: 1540 North Cockrell Hill Road Dallas, TX
android.widget.LinearLayout@40572610
android.widget.LinearLayout@40587428
android.widget.TextView: H & J Barbeque
android.widget.LinearLayout@405a48e0
android.widget.TextView: (214) 371-5420
android.widget.TextView: 6.12 Km
android.widget.TextView: 6205 South R L Thornton Freeway Dallas, TX
android.widget.LinearLayout@4067cc18
android.widget.LinearLayout@4059bb40
android.widget.TextView: Lisa Fine Food & Catering
android.widget.LinearLayout@4056fd68
android.widget.TextView: (214) 372-3309
android.widget.TextView: 6.14 Km
android.widget.TextView: 3717 South Lancaster Road Dallas, TX
android.widget.LinearLayout@40572470
android.widget.FrameLayout@40572c58
android.widget.TextView: Restaurant Finder
android.widget.FrameLayout@40573c40
android.widget.RelativeLayout@405740f8
android.widget.TextView: Loading my location...
android.widget.TextView: No contents.
android.widget.LinearLayout@40574fe8
com.google.ads.AdView@40577340
g@405797d0
android.widget.ListView@405752b8
android.widget.LinearLayout@4067cc18
android.widget.LinearLayout@4059bb40
android.widget.TextView: Lisa Fine Food & Catering
android.widget.LinearLayout@4056fd68
android.widget.TextView: (214) 372-3309
android.widget.TextView: 6.14 Km
android.widget.TextView: 3717 South Lancaster Road Dallas, TX
android.widget.LinearLayout@405a3058
android.widget.LinearLayout@405a3218
android.widget.TextView: Pollo Campero
android.widget.LinearLayout@405263a0
android.widget.TextView: (214) 819-5334
android.widget.TextView: 6.54 Km
android.widget.TextView: 1703 North Cockrell Hill Road Dallas, TX
android.widget.LinearLayout@40559c50
android.widget.LinearLayout@4059fa80
android.widget.TextView: Williams Fried Chicken
android.widget.LinearLayout@40527680
android.widget.TextView: (214) 375-5464
android.widget.TextView: 6.6 Km
android.widget.TextView: 1206 East Ledbetter Drive Dallas, TX
android.widget.LinearLayout@40678d28
android.widget.LinearLayout@40678f40
android.widget.TextView: Lujyz To Go
android.widget.LinearLayout@406795f8
android.widget.TextView: (214) 371-0933
android.widget.TextView: 6.95 Km
android.widget.TextView: 1149 East Red Bird Lane Dallas, TX
android.widget.LinearLayout@40676f88
android.widget.LinearLayout@406771a0
android.widget.TextView: McDonald's
android.widget.LinearLayout@40677858
android.widget.TextView: (214) 372-5981
android.widget.TextView: 6.97 Km
android.widget.TextView: 125 West Camp Wisdom Road Dallas, TX
android.widget.LinearLayout@406751e8
android.widget.LinearLayout@40675400
android.widget.TextView: Rock N J's Briskets & Barbque
android.widget.LinearLayout@40675ab8
android.widget.TextView: (214) 372-2224
android.widget.TextView: 7.05 Km
android.widget.TextView: 1223 East Red Bird Lane Dallas, TX
android.widget.LinearLayout@40572470
android.widget.FrameLayout@40572c58
android.widget.TextView: Restaurant Finder
android.widget.FrameLayout@40573c40
android.widget.RelativeLayout@405740f8
android.widget.TextView: Loading my location...
android.widget.TextView: No contents.
android.widget.LinearLayout@40574fe8
com.google.ads.AdView@40577340
g@405797d0
android.widget.ListView@405752b8
android.widget.LinearLayout@406751e8
android.widget.LinearLayout@40675400
android.widget.TextView: Rock N J's Briskets & Barbque
android.widget.LinearLayout@40675ab8
android.widget.TextView: (214) 372-2224
android.widget.TextView: 7.05 Km
android.widget.TextView: 1223 East Red Bird Lane Dallas, TX
android.widget.LinearLayout@40673448
android.widget.LinearLayout@40673660
android.widget.TextView: Ronnie's Catfish & More
android.widget.LinearLayout@40673d18
android.widget.TextView: (214) 372-6565
android.widget.TextView: 7.06 Km
android.widget.TextView: 1231 East Red Bird Lane Dallas, TX
android.widget.LinearLayout@406716f0
android.widget.LinearLayout@406718c0
android.widget.TextView: J & S Catfish
android.widget.LinearLayout@40671f78
android.widget.TextView: (214) 376-4110
android.widget.TextView: 7.3 Km
android.widget.TextView: 4831 South Lancaster Road Dallas, TX
android.widget.LinearLayout@405ede00
android.widget.LinearLayout@405ee018
android.widget.TextView: Dag Spot
android.widget.LinearLayout@405ee6d0
android.widget.TextView: (214) 375-1620
android.widget.TextView: 7.3 Km
android.widget.TextView: 4930 Bartlett Avenue Dallas, TX
android.widget.LinearLayout@40587928
android.widget.LinearLayout@4058c3e0
android.widget.TextView: Hall's Honey Fried Chicken
android.widget.LinearLayout@405a7d90
android.widget.TextView: (214) 371-3020
android.widget.TextView: 7.34 Km
android.widget.TextView: 4845 South Lancaster Road Dallas, TX
android.widget.LinearLayout@40572610
android.widget.LinearLayout@40587428
android.widget.TextView: Mr C's Catfish & More
android.widget.LinearLayout@405a48e0
android.widget.TextView: (214) 371-6180
android.widget.TextView: 7.39 Km
android.widget.TextView: 4909 South Lancaster Road Dallas, TX
android.widget.LinearLayout@40572470
android.widget.FrameLayout@40572c58
android.widget.TextView: Restaurant Finder
android.widget.FrameLayout@40573c40
android.widget.RelativeLayout@405740f8
android.widget.TextView: Loading my location...
android.widget.TextView: No contents.
android.widget.LinearLayout@40574fe8
com.google.ads.AdView@40577340
g@405797d0
android.widget.ListView@405752b8
android.widget.LinearLayout@40572610
android.widget.LinearLayout@40587428
android.widget.TextView: Mr C's Catfish & More
android.widget.LinearLayout@405a48e0
android.widget.TextView: (214) 371-6180
android.widget.TextView: 7.39 Km
android.widget.TextView: 4909 South Lancaster Road Dallas, TX
android.widget.LinearLayout@4067cc18
android.widget.LinearLayout@4059bb40
android.widget.TextView: Jack in the Box - Dallas, TX
android.widget.LinearLayout@4056fd68
android.widget.TextView: (214) 376-6722
android.widget.TextView: 7.53 Km
android.widget.TextView: 5025 South Lancaster Road Dallas, TX
android.widget.LinearLayout@405a3058
android.widget.LinearLayout@405a3218
android.widget.TextView: Carmen's mexican cafe
android.widget.LinearLayout@405263a0
android.widget.TextView: (214) 678-0020
android.widget.TextView: 7.67 Km
android.widget.TextView: 4717 Singleton Boulevard Dallas, TX
android.widget.LinearLayout@40559c50
android.widget.LinearLayout@4059fa80
android.widget.TextView: Pizza Hut
android.widget.LinearLayout@40527680
android.widget.TextView: (214) 376-3337
android.widget.TextView: 7.69 Km
android.widget.TextView: 2110 East Ledbetter Drive Dallas, TX
android.widget.LinearLayout@40678d28
android.widget.LinearLayout@40678f40
android.widget.TextView: Wingstop
android.widget.LinearLayout@406795f8
android.widget.TextView: (214) 374-9464
android.widget.TextView: 7.73 Km
android.widget.TextView: 2207 East Ledbetter Drive Dallas, TX
android.widget.LinearLayout@40676f88
android.widget.LinearLayout@406771a0
android.widget.TextView: Me & Mom's Diner
android.widget.LinearLayout@40677858
android.widget.TextView: (214) 634-9989
android.widget.TextView: 7.95 Km
android.widget.TextView: 5057 Singleton Boulevard Dallas, TX
android.widget.LinearLayout@40572470
android.widget.FrameLayout@40572c58
android.widget.TextView: Restaurant Finder
android.widget.FrameLayout@40573c40
android.widget.RelativeLayout@405740f8
android.widget.TextView: Loading my location...
android.widget.TextView: No contents.
android.widget.LinearLayout@40574fe8
com.google.ads.AdView@40577340
g@405797d0
android.widget.ListView@405752b8
android.widget.LinearLayout@40676f88
android.widget.LinearLayout@406771a0
android.widget.TextView: Me & Mom's Diner
android.widget.LinearLayout@40677858
android.widget.TextView: (214) 634-9989
android.widget.TextView: 7.95 Km
android.widget.TextView: 5057 Singleton Boulevard Dallas, TX
android.widget.LinearLayout@406751e8
android.widget.LinearLayout@40675400
android.widget.TextView: La Potosina
android.widget.LinearLayout@40675ab8
android.widget.TextView: (214) 630-1650
android.widget.TextView: 8.1 Km
android.widget.TextView: 5302 Singleton Boulevard Dallas, TX
android.widget.LinearLayout@40673448
android.widget.LinearLayout@40673660
android.widget.TextView: Loyd's Old Fashion Burgers
android.widget.LinearLayout@40673d18
android.widget.TextView: (214) 678-0016
android.widget.TextView: 8.43 Km
android.widget.TextView: 5723 Singleton Boulevard Dallas, TX
android.widget.LinearLayout@406716f0
android.widget.LinearLayout@406718c0
android.widget.TextView: Burger King
android.widget.LinearLayout@40671f78
android.widget.TextView: (866) 394-2493
android.widget.TextView: 8.56 Km
android.widget.TextView: 5903 Singleton Boulevard Dallas, TX
android.widget.LinearLayout@405ede00
android.widget.LinearLayout@405ee018
android.widget.TextView: KFC
android.widget.LinearLayout@405ee6d0
android.widget.TextView: (214) 371-9028
android.widget.TextView: 8.59 Km
android.widget.TextView: 2802 East Ledbetter Drive Dallas, TX
android.widget.LinearLayout@40587928
android.widget.LinearLayout@4058c3e0
android.widget.TextView: Sweet Georgia Brown Bar-B-Que
android.widget.LinearLayout@405a7d90
android.widget.TextView: (214) 375-2020
android.widget.TextView: 8.73 Km
android.widget.TextView: 2840 East Ledbetter Drive Dallas, TX
android.widget.LinearLayout@40572470
android.widget.FrameLayout@40572c58
android.widget.TextView: Restaurant Finder
android.widget.FrameLayout@40573c40
android.widget.RelativeLayout@405740f8
android.widget.TextView: Loading my location...
android.widget.TextView: No contents.
android.widget.LinearLayout@40574fe8
com.google.ads.AdView@40577340
g@405797d0
android.widget.ListView@405752b8
android.widget.LinearLayout@40587928
android.widget.LinearLayout@4058c3e0
android.widget.TextView: Sweet Georgia Brown Bar-B-Que
android.widget.LinearLayout@405a7d90
android.widget.TextView: (214) 375-2020
android.widget.TextView: 8.73 Km
android.widget.TextView: 2840 East Ledbetter Drive Dallas, TX
android.widget.LinearLayout@40572610
android.widget.LinearLayout@40587428
android.widget.TextView: Domino's Pizza
android.widget.LinearLayout@405a48e0
android.widget.TextView: (214) 376-6060
android.widget.TextView: 8.74 Km
android.widget.TextView: 4880 Sunnyvale Street Dallas, TX
android.widget.LinearLayout@4067cc18
android.widget.LinearLayout@4059bb40
android.widget.TextView: John's Seafood & Chicken
android.widget.LinearLayout@4056fd68
android.widget.TextView: (214) 376-6606
android.widget.TextView: 8.84 Km
android.widget.TextView: 4925 Bonnie View Road Dallas, TX
android.widget.LinearLayout@405a3058
android.widget.LinearLayout@405a3218
android.widget.TextView: D'Ventures Restaurant & Club
android.widget.LinearLayout@405263a0
android.widget.TextView: (972) 228-4665
android.widget.TextView: 10.07 Km
android.widget.TextView: 7474 South Lancaster Road Dallas, TX
android.widget.LinearLayout@40559c50
android.widget.LinearLayout@4059fa80
android.widget.TextView: Big Bruce's Bar-B-Que
android.widget.LinearLayout@40527680
android.widget.TextView: (972) 228-8200
android.widget.TextView: 10.64 Km
android.widget.TextView: 8018 South Lancaster Road Dallas, TX
android.widget.LinearLayout@40678d28
android.widget.LinearLayout@40678f40
android.widget.TextView: Magdaleno's Restaurant
android.widget.LinearLayout@406795f8
android.widget.TextView: (214) 596-0161
android.widget.TextView: 11.46 Km
android.widget.TextView: 1112 East Shady Grove Road Irving, TX
android.widget.LinearLayout@40572470
android.widget.FrameLayout@40572c58
android.widget.TextView: Restaurant Finder
android.widget.FrameLayout@40573c40
android.widget.RelativeLayout@405740f8
android.widget.TextView: Loading my location...
android.widget.TextView: No contents.
android.widget.LinearLayout@40574fe8
com.google.ads.AdView@40577340
g@405797d0
android.widget.ListView@405752b8
android.widget.LinearLayout@4067cc18
android.widget.LinearLayout@4059bb40
android.widget.TextView: John's Seafood & Chicken
android.widget.LinearLayout@4056fd68
android.widget.TextView: (214) 376-6606
android.widget.TextView: 8.84 Km
android.widget.TextView: 4925 Bonnie View Road Dallas, TX
android.widget.LinearLayout@405a3058
android.widget.LinearLayout@405a3218
android.widget.TextView: D'Ventures Restaurant & Club
android.widget.LinearLayout@405263a0
android.widget.TextView: (972) 228-4665
android.widget.TextView: 10.07 Km
android.widget.TextView: 7474 South Lancaster Road Dallas, TX
android.widget.LinearLayout@40559c50
android.widget.LinearLayout@4059fa80
android.widget.TextView: Big Bruce's Bar-B-Que
android.widget.LinearLayout@40527680
android.widget.TextView: (972) 228-8200
android.widget.TextView: 10.64 Km
android.widget.TextView: 8018 South Lancaster Road Dallas, TX
android.widget.LinearLayout@40678d28
android.widget.LinearLayout@40678f40
android.widget.TextView: Magdaleno's Restaurant
android.widget.LinearLayout@406795f8
android.widget.TextView: (214) 596-0161
android.widget.TextView: 11.46 Km
android.widget.TextView: 1112 East Shady Grove Road Irving, TX
android.widget.LinearLayout@40676f88
android.widget.LinearLayout@406771a0
android.widget.TextView: Shady Grove Wings
android.widget.LinearLayout@40677858
android.widget.TextView: (972) 253-4023
android.widget.TextView: 12.33 Km
android.widget.TextView: 109 West Shady Grove Road Irving, TX
android.widget.LinearLayout@406751e8
android.widget.LinearLayout@40675400
android.widget.TextView: Taco Bell
android.widget.LinearLayout@40675ab8
android.widget.TextView: (972) 259-4110
android.widget.TextView: 13.01 Km
android.widget.TextView: 1022 West Shady Grove Road Irving, TX
