android.widget.FrameLayout@40589290
android.widget.LinearLayout@40589d40
android.widget.FrameLayout@40589ff0
android.widget.ImageView@4058a2a0
android.widget.RelativeLayout@4058a738
android.widget.ImageButton@4058ad48
android.widget.EditText: 
android.widget.Button: Map
android.widget.RelativeLayout@4058e3f8
android.widget.EditText: 
android.widget.Button: Cancel
android.widget.RelativeLayout@40590808
android.widget.LinearLayout@40590bb0
android.widget.TextView: Locations
com.google.android.maps.MapView@405923a8
android.widget.LinearLayout@4052a2d0
android.widget.TextView: Locations
android.widget.ScrollView@40529cf0
android.widget.TableLayout@40607eb8
android.widget.TableRow@4062f040
android.widget.ImageView@4062aca8
android.widget.TextView: 971 W Main Street
android.widget.TextView: 0.69 mi
android.widget.TableRow@4060ce78
android.widget.ImageView@40613d60
android.widget.TextView: 1003 W Main Street
android.widget.TextView: 0.79 mi
android.widget.TableRow@40607180
android.widget.ImageView@40634fe8
android.widget.TextView: 466 Foxon Boulevard
android.widget.TextView: 3.41 mi
android.widget.TableRow@4060f5b0
android.widget.ImageView@4060fa58
android.widget.TextView: 466 Foxon Boulevard
android.widget.TextView: 3.41 mi
android.widget.TableRow@40618628
android.widget.ImageView@40618ad0
android.widget.TextView: 994 Chapel Street
android.widget.TextView: 4.80 mi
android.widget.TableRow@4055e3a8
android.widget.ImageView@4055e7d0
android.widget.TextView: 994 Chapel Street
android.widget.TextView: 4.80 mi
android.widget.TableRow@40576298
android.widget.ImageView@4062f980
android.widget.TextView: 1289 Foxon Road
android.widget.TextView: 5.03 mi
android.widget.TableRow@406378a0
android.widget.ImageView@40637d48
android.widget.TextView: 1289 Foxon Road
android.widget.TextView: 5.03 mi
android.widget.TableRow@406106b0
android.widget.ImageView@40639d70
android.widget.TextView: 636 Campbell Avenue
android.widget.TextView: 5.46 mi
android.widget.TableRow@40621f20
android.widget.ImageView@406223c8
android.widget.TextView: 636 Campbell Avenue
android.widget.TextView: 5.46 mi
android.widget.TableRow@40611ff0
android.widget.ImageView@4050cef0
android.widget.TextView: 175 Boston Post Road
android.widget.TextView: 7.66 mi
android.widget.TableRow@40636878
android.widget.ImageView@40636d20
android.widget.TextView: 175 Boston Post Road
android.widget.TextView: 7.68 mi
android.widget.TableRow@40555228
android.widget.ImageView@405556d0
android.widget.TextView: 2992 Dixwell Avenue
android.widget.TextView: 8.03 mi
android.widget.TableRow@4061ca78
android.widget.ImageView@4061cf20
android.widget.TextView: 2992 Dixwell Avenue
android.widget.TextView: 8.03 mi
android.widget.TableRow@4057c018
android.widget.ImageView@4050eb20
android.widget.TextView: 128 Amity Road
android.widget.TextView: 8.24 mi
android.widget.TableRow@40638628
android.widget.ImageView@40638a40
android.widget.TextView: 128 Amity Road
android.widget.TextView: 8.24 mi
android.widget.TableRow@4062c638
android.widget.ImageView@4062ca30
android.widget.TextView: 90 Washington Avenue
android.widget.TextView: 8.26 mi
android.widget.TableRow@4062d9f8
android.widget.ImageView@4050a4d0
android.widget.TextView: 90 Washington Avenue
android.widget.TextView: 8.26 mi
android.widget.TableRow@4050b3b8
android.widget.ImageView@4050b860
android.widget.TextView: 370 Bassett Street (Quinnipiac University)
android.widget.TextView: 9.62 mi
android.widget.TableRow@40609b10
android.widget.ImageView@40609fb8
android.widget.TextView: 1361 Boston Post Road
android.widget.TextView: 10.00 mi
android.widget.FrameLayout@4050e258
android.widget.ImageView@4052b710
android.widget.Button: Filter
android.widget.LinearLayout@40568180
android.widget.FrameLayout@40559258
android.widget.ImageView@405773a0
android.widget.Button: Filter
android.widget.FrameLayout@405ae1f0
android.widget.Button: Done
android.widget.FrameLayout@40610c98
android.widget.ImageView@40583f30
android.widget.TextView: Stores
android.widget.ImageView@40584680
android.widget.FrameLayout@406123a8
android.widget.ImageView@405853c8
android.widget.TextView: ATMs
android.widget.ImageView@40587ea8
android.widget.FrameLayout@40589290
android.widget.LinearLayout@40589d40
android.widget.FrameLayout@40589ff0
android.widget.ImageView@4058a2a0
android.widget.RelativeLayout@4058a738
android.widget.ImageButton@4058ad48
android.widget.EditText: 
android.widget.Button: Map
android.widget.RelativeLayout@4058e3f8
android.widget.EditText: 
android.widget.Button: Cancel
android.widget.RelativeLayout@40590808
android.widget.LinearLayout@40590bb0
android.widget.TextView: Locations
com.google.android.maps.MapView@405923a8
android.widget.LinearLayout@4052a2d0
android.widget.TextView: Locations
android.widget.ScrollView@40529cf0
android.widget.TableLayout@40607eb8
android.widget.TableRow@4062f040
android.widget.ImageView@4062aca8
android.widget.TextView: 971 W Main Street
android.widget.TextView: 0.69 mi
android.widget.TableRow@4060ce78
android.widget.ImageView@40613d60
android.widget.TextView: 1003 W Main Street
android.widget.TextView: 0.79 mi
android.widget.TableRow@40607180
android.widget.ImageView@40634fe8
android.widget.TextView: 466 Foxon Boulevard
android.widget.TextView: 3.41 mi
android.widget.TableRow@4060f5b0
android.widget.ImageView@4060fa58
android.widget.TextView: 466 Foxon Boulevard
android.widget.TextView: 3.41 mi
android.widget.TableRow@40618628
android.widget.ImageView@40618ad0
android.widget.TextView: 994 Chapel Street
android.widget.TextView: 4.80 mi
android.widget.TableRow@4055e3a8
android.widget.ImageView@4055e7d0
android.widget.TextView: 994 Chapel Street
android.widget.TextView: 4.80 mi
android.widget.TableRow@40576298
android.widget.ImageView@4062f980
android.widget.TextView: 1289 Foxon Road
android.widget.TextView: 5.03 mi
android.widget.TableRow@406378a0
android.widget.ImageView@40637d48
android.widget.TextView: 1289 Foxon Road
android.widget.TextView: 5.03 mi
android.widget.TableRow@406106b0
android.widget.ImageView@40639d70
android.widget.TextView: 636 Campbell Avenue
android.widget.TextView: 5.46 mi
android.widget.TableRow@40621f20
android.widget.ImageView@406223c8
android.widget.TextView: 636 Campbell Avenue
android.widget.TextView: 5.46 mi
android.widget.TableRow@40611ff0
android.widget.ImageView@4050cef0
android.widget.TextView: 175 Boston Post Road
android.widget.TextView: 7.66 mi
android.widget.TableRow@40636878
android.widget.ImageView@40636d20
android.widget.TextView: 175 Boston Post Road
android.widget.TextView: 7.68 mi
android.widget.TableRow@40555228
android.widget.ImageView@405556d0
android.widget.TextView: 2992 Dixwell Avenue
android.widget.TextView: 8.03 mi
android.widget.TableRow@4061ca78
android.widget.ImageView@4061cf20
android.widget.TextView: 2992 Dixwell Avenue
android.widget.TextView: 8.03 mi
android.widget.TableRow@4057c018
android.widget.ImageView@4050eb20
android.widget.TextView: 128 Amity Road
android.widget.TextView: 8.24 mi
android.widget.TableRow@40638628
android.widget.ImageView@40638a40
android.widget.TextView: 128 Amity Road
android.widget.TextView: 8.24 mi
android.widget.TableRow@4062c638
android.widget.ImageView@4062ca30
android.widget.TextView: 90 Washington Avenue
android.widget.TextView: 8.26 mi
android.widget.TableRow@4062d9f8
android.widget.ImageView@4050a4d0
android.widget.TextView: 90 Washington Avenue
android.widget.TextView: 8.26 mi
android.widget.TableRow@4050b3b8
android.widget.ImageView@4050b860
android.widget.TextView: 370 Bassett Street (Quinnipiac University)
android.widget.TextView: 9.62 mi
android.widget.TableRow@40609b10
android.widget.ImageView@40609fb8
android.widget.TextView: 1361 Boston Post Road
android.widget.TextView: 10.00 mi
android.widget.FrameLayout@4050e258
android.widget.ImageView@4052b710
android.widget.Button: Filter
android.widget.LinearLayout@40568180
android.widget.FrameLayout@40559258
android.widget.ImageView@405773a0
android.widget.Button: Filter
android.widget.FrameLayout@405ae1f0
android.widget.Button: Done
android.widget.FrameLayout@40610c98
android.widget.ImageView@40583f30
android.widget.TextView: Stores
android.widget.ImageView@40584680
android.widget.FrameLayout@406123a8
android.widget.ImageView@405853c8
android.widget.TextView: ATMs
android.widget.ImageView@40587ea8
android.widget.FrameLayout@40589290
android.widget.LinearLayout@40589d40
android.widget.FrameLayout@40589ff0
android.widget.ImageView@4058a2a0
android.widget.RelativeLayout@4058a738
android.widget.ImageButton@4058ad48
android.widget.EditText: 
android.widget.Button: Map
android.widget.RelativeLayout@4058e3f8
android.widget.EditText: 
android.widget.Button: Cancel
android.widget.RelativeLayout@40590808
android.widget.LinearLayout@40590bb0
android.widget.TextView: Locations
com.google.android.maps.MapView@405923a8
android.widget.LinearLayout@4052a2d0
android.widget.TextView: Locations
android.widget.ScrollView@40529cf0
android.widget.TableLayout@40607eb8
android.widget.TableRow@4062f040
android.widget.ImageView@4062aca8
android.widget.TextView: 971 W Main Street
android.widget.TextView: 0.69 mi
android.widget.TableRow@4060ce78
android.widget.ImageView@40613d60
android.widget.TextView: 1003 W Main Street
android.widget.TextView: 0.79 mi
android.widget.TableRow@40607180
android.widget.ImageView@40634fe8
android.widget.TextView: 466 Foxon Boulevard
android.widget.TextView: 3.41 mi
android.widget.TableRow@4060f5b0
android.widget.ImageView@4060fa58
android.widget.TextView: 466 Foxon Boulevard
android.widget.TextView: 3.41 mi
android.widget.TableRow@40618628
android.widget.ImageView@40618ad0
android.widget.TextView: 994 Chapel Street
android.widget.TextView: 4.80 mi
android.widget.TableRow@4055e3a8
android.widget.ImageView@4055e7d0
android.widget.TextView: 994 Chapel Street
android.widget.TextView: 4.80 mi
android.widget.TableRow@40576298
android.widget.ImageView@4062f980
android.widget.TextView: 1289 Foxon Road
android.widget.TextView: 5.03 mi
android.widget.TableRow@406378a0
android.widget.ImageView@40637d48
android.widget.TextView: 1289 Foxon Road
android.widget.TextView: 5.03 mi
android.widget.TableRow@406106b0
android.widget.ImageView@40639d70
android.widget.TextView: 636 Campbell Avenue
android.widget.TextView: 5.46 mi
android.widget.TableRow@40621f20
android.widget.ImageView@406223c8
android.widget.TextView: 636 Campbell Avenue
android.widget.TextView: 5.46 mi
android.widget.TableRow@40611ff0
android.widget.ImageView@4050cef0
android.widget.TextView: 175 Boston Post Road
android.widget.TextView: 7.66 mi
android.widget.TableRow@40636878
android.widget.ImageView@40636d20
android.widget.TextView: 175 Boston Post Road
android.widget.TextView: 7.68 mi
android.widget.TableRow@40555228
android.widget.ImageView@405556d0
android.widget.TextView: 2992 Dixwell Avenue
android.widget.TextView: 8.03 mi
android.widget.TableRow@4061ca78
android.widget.ImageView@4061cf20
android.widget.TextView: 2992 Dixwell Avenue
android.widget.TextView: 8.03 mi
android.widget.TableRow@4057c018
android.widget.ImageView@4050eb20
android.widget.TextView: 128 Amity Road
android.widget.TextView: 8.24 mi
android.widget.TableRow@40638628
android.widget.ImageView@40638a40
android.widget.TextView: 128 Amity Road
android.widget.TextView: 8.24 mi
android.widget.TableRow@4062c638
android.widget.ImageView@4062ca30
android.widget.TextView: 90 Washington Avenue
android.widget.TextView: 8.26 mi
android.widget.TableRow@4062d9f8
android.widget.ImageView@4050a4d0
android.widget.TextView: 90 Washington Avenue
android.widget.TextView: 8.26 mi
android.widget.TableRow@4050b3b8
android.widget.ImageView@4050b860
android.widget.TextView: 370 Bassett Street (Quinnipiac University)
android.widget.TextView: 9.62 mi
android.widget.TableRow@40609b10
android.widget.ImageView@40609fb8
android.widget.TextView: 1361 Boston Post Road
android.widget.TextView: 10.00 mi
android.widget.FrameLayout@4050e258
android.widget.ImageView@4052b710
android.widget.Button: Filter
android.widget.LinearLayout@40568180
android.widget.FrameLayout@40559258
android.widget.ImageView@405773a0
android.widget.Button: Filter
android.widget.FrameLayout@405ae1f0
android.widget.Button: Done
android.widget.FrameLayout@40610c98
android.widget.ImageView@40583f30
android.widget.TextView: Stores
android.widget.ImageView@40584680
android.widget.FrameLayout@406123a8
android.widget.ImageView@405853c8
android.widget.TextView: ATMs
android.widget.ImageView@40587ea8
