android.widget.FrameLayout@40647d30
android.widget.RelativeLayout@40683460
android.widget.LinearLayout@405b86d8
android.view.View@40706ad8
android.widget.RelativeLayout@406039d8
android.widget.TextView: Regular
android.view.View@406aab98
android.view.View@406fe210
android.widget.RelativeLayout@406ae1e0
android.widget.TextView: Midgrade
android.view.View@406bf030
android.view.View@407018b0
android.widget.RelativeLayout@406c26d8
android.widget.TextView: Premium
android.view.View@406c9588
android.view.View@40704d60
android.widget.RelativeLayout@406caf98
android.widget.TextView: Diesel
android.view.View@406e82d0
android.view.View@40708478
android.view.View@406866e8
android.widget.LinearLayout@40580ae8
android.widget.RelativeLayout@40584260
android.widget.ImageView@406168c8
android.widget.TextView: Reload
android.widget.RelativeLayout@40616e50
android.widget.ImageView@40626378
android.widget.TextView: Sort By Price
android.widget.RelativeLayout@4063e5f8
android.widget.ImageView@4063eb68
android.widget.TextView: Map View
android.view.View@405f6128
gbis.gbandroid.views.layouts.CustomListView@4071a150
android.widget.RelativeLayout@40646988
com.google.ads.AdView@406579e0
android.gesture.GestureOverlayView@4058a900
android.widget.FrameLayout@4071af98
com.google.ads.internal.AdWebView@406499f0
android.widget.TableLayout@406fecc0
android.widget.TableRow@4070f618
android.widget.RelativeLayout@406bdda8
android.widget.RelativeLayout@406cb718
android.widget.TextView: --
android.widget.TextView: 9
android.widget.TextView: time
android.widget.TextView: Report Price
android.widget.RelativeLayout@406ac878
android.widget.ImageView@406acbf8
android.widget.TextView: Gulf
android.widget.TextView: 300 Bay Ave & Washington Ave
android.widget.TextView: Highlands, NJ
android.widget.TextView: 5.91 mi
android.widget.TableLayout@406a3360
android.widget.TableRow@406a6640
android.widget.RelativeLayout@406a6cc0
android.widget.RelativeLayout@406a9b78
android.widget.TextView: --
android.widget.TextView: 9
android.widget.TextView: time
android.widget.TextView: Report Price
android.widget.RelativeLayout@406b0df8
android.widget.ImageView@406b3c80
android.widget.TextView: Gulf
android.widget.TextView: 116 Bay Ave & Jackson St
android.widget.TextView: Highlands, NJ
android.widget.TextView: 6.06 mi
android.widget.TableLayout@406d27c0
android.widget.TableRow@406d2cd0
android.widget.RelativeLayout@406d6060
android.widget.RelativeLayout@406d6438
android.widget.TextView: --
android.widget.TextView: 9
android.widget.TextView: time
android.widget.TextView: Report Price
android.widget.RelativeLayout@406e0430
android.widget.ImageView@406e07f0
android.widget.TextView: Hess
android.widget.TextView: 1620 Neptune Ave & W 17th St
android.widget.TextView: Coney Island, NY
android.widget.TextView: 6.53 mi
android.widget.TableLayout@406fbb20
android.widget.TableRow@406feec8
android.widget.RelativeLayout@406ff428
android.widget.RelativeLayout@407025d0
android.widget.TextView: --
android.widget.TextView: 9
android.widget.TextView: time
android.widget.TextView: Report Price
android.widget.RelativeLayout@40709600
android.widget.ImageView@407099c0
android.widget.TextView: Mobil
android.widget.TextView: 1702 Neptune Ave & W 17th St
android.widget.TextView: Coney Island, NY
android.widget.TextView: 6.53 mi
android.widget.RelativeLayout@405e0738
android.widget.FrameLayout@40647d30
android.widget.RelativeLayout@40683460
android.widget.LinearLayout@405b86d8
android.view.View@40706ad8
android.widget.RelativeLayout@406039d8
android.widget.TextView: Regular
android.view.View@406aab98
android.view.View@406fe210
android.widget.RelativeLayout@406ae1e0
android.widget.TextView: Midgrade
android.view.View@406bf030
android.view.View@407018b0
android.widget.RelativeLayout@406c26d8
android.widget.TextView: Premium
android.view.View@406c9588
android.view.View@40704d60
android.widget.RelativeLayout@406caf98
android.widget.TextView: Diesel
android.view.View@406e82d0
android.view.View@40708478
android.view.View@406866e8
android.widget.LinearLayout@40580ae8
android.widget.RelativeLayout@40584260
android.widget.ImageView@406168c8
android.widget.TextView: Reload
android.widget.RelativeLayout@40616e50
android.widget.ImageView@40626378
android.widget.TextView: Sort By Price
android.widget.RelativeLayout@4063e5f8
android.widget.ImageView@4063eb68
android.widget.TextView: Map View
android.view.View@405f6128
gbis.gbandroid.views.layouts.CustomListView@4071a150
android.widget.TableLayout@40778e88
android.widget.TableRow@40779458
android.widget.RelativeLayout@40779ad8
android.widget.RelativeLayout@40779eb0
android.widget.TextView: --
android.widget.TextView: 9
android.widget.TextView: time
android.widget.TextView: Report Price
android.widget.RelativeLayout@4077b6c0
android.widget.ImageView@4077ba98
android.widget.TextView: Mobil
android.widget.TextView: 1702 Neptune Ave & W 17th St
android.widget.TextView: Coney Island, NY
android.widget.TextView: 6.53 mi
android.widget.TableLayout@40768a60
android.widget.TableRow@40769030
android.widget.RelativeLayout@407696b0
android.widget.RelativeLayout@40769a88
android.widget.TextView: --
android.widget.TextView: 9
android.widget.TextView: 2 hours ago
android.widget.TextView: Report Price
android.widget.RelativeLayout@4076b298
android.widget.ImageView@4076b670
android.widget.TextView: Racestar
android.widget.TextView: 133 First Ave & E Washington Ave
android.widget.TextView: Atlantic Highlands, NJ
android.widget.TextView: 6.56 mi
android.widget.TableLayout@40759b58
android.widget.TableRow@4075a128
android.widget.RelativeLayout@4075a7a8
android.widget.RelativeLayout@4075ab80
android.widget.TextView: --
android.widget.TextView: 9
android.widget.TextView: time
android.widget.TextView: Report Price
android.widget.RelativeLayout@4075c390
android.widget.ImageView@4075c768
android.widget.TextView: Gulf
android.widget.TextView: 2001 Neptune  & W 20 St
android.widget.TextView: Brooklyn, NY
android.widget.TextView: 6.57 mi
android.widget.TableLayout@40753a38
android.widget.TableRow@40754008
android.widget.RelativeLayout@40754688
android.widget.RelativeLayout@40754a60
android.widget.TextView: 3.83
android.widget.TextView: 9
android.widget.TextView: 2 hours ago
android.widget.TextView: Update
android.widget.RelativeLayout@40756270
android.widget.ImageView@40756648
android.widget.TextView: Shell
android.widget.TextView: 3046 Coney Island Ave & Neptune Ave
android.widget.TextView: Brooklyn, NY
android.widget.TextView: 6.6 mi
android.widget.TableLayout@406fbb20
android.widget.TableRow@406feec8
android.widget.RelativeLayout@406ff428
android.widget.RelativeLayout@407025d0
android.widget.TextView: --
android.widget.TextView: 9
android.widget.TextView: time
android.widget.TextView: Report Price
android.widget.RelativeLayout@40709600
android.widget.ImageView@407099c0
android.widget.TextView: Gulf
android.widget.TextView: 3031 Coney Island Ave & Neptune Ave
android.widget.TextView: Brooklyn, NY
android.widget.TextView: 6.64 mi
android.widget.RelativeLayout@405e0738
android.widget.FrameLayout@40647d30
android.widget.RelativeLayout@40683460
android.widget.LinearLayout@405b86d8
android.view.View@40706ad8
android.widget.RelativeLayout@406039d8
android.widget.TextView: Regular
android.view.View@406aab98
android.view.View@406fe210
android.widget.RelativeLayout@406ae1e0
android.widget.TextView: Midgrade
android.view.View@406bf030
android.view.View@407018b0
android.widget.RelativeLayout@406c26d8
android.widget.TextView: Premium
android.view.View@406c9588
android.view.View@40704d60
android.widget.RelativeLayout@406caf98
android.widget.TextView: Diesel
android.view.View@406e82d0
android.view.View@40708478
android.view.View@406866e8
android.widget.LinearLayout@40580ae8
android.widget.RelativeLayout@40584260
android.widget.ImageView@406168c8
android.widget.TextView: Reload
android.widget.RelativeLayout@40616e50
android.widget.ImageView@40626378
android.widget.TextView: Sort By Price
android.widget.RelativeLayout@4063e5f8
android.widget.ImageView@4063eb68
android.widget.TextView: Map View
android.view.View@405f6128
gbis.gbandroid.views.layouts.CustomListView@4071a150
android.widget.TableLayout@406fbb20
android.widget.TableRow@406feec8
android.widget.RelativeLayout@406ff428
android.widget.RelativeLayout@407025d0
android.widget.TextView: --
android.widget.TextView: 9
android.widget.TextView: time
android.widget.TextView: Report Price
android.widget.RelativeLayout@40709600
android.widget.ImageView@407099c0
android.widget.TextView: Gulf
android.widget.TextView: 3031 Coney Island Ave & Neptune Ave
android.widget.TextView: Brooklyn, NY
android.widget.TextView: 6.64 mi
android.widget.TableLayout@405108d0
android.widget.TableRow@4054c938
android.widget.RelativeLayout@40551e30
android.widget.RelativeLayout@40557cc0
android.widget.TextView: --
android.widget.TextView: 9
android.widget.TextView: time
android.widget.TextView: Report Price
android.widget.RelativeLayout@4056bb70
android.widget.ImageView@4054c780
android.widget.TextView: Shell
android.widget.TextView: 3072 Cropsey Ave & Hart Pl
android.widget.TextView: Brooklyn, NY
android.widget.TextView: 6.65 mi
android.widget.TableLayout@405573f8
android.widget.TableRow@40580398
android.widget.RelativeLayout@40581830
android.widget.RelativeLayout@40582f80
android.widget.TextView: --
android.widget.TextView: 9
android.widget.TextView: time
android.widget.TextView: Report Price
android.widget.RelativeLayout@40587780
android.widget.ImageView@40584708
android.widget.TextView: Mobil
android.widget.TextView: 3003 Coney Island  & Guider Ave
android.widget.TextView: Brooklyn, NY
android.widget.TextView: 6.67 mi
android.widget.TableLayout@4055a098
android.widget.TableRow@405a8670
android.widget.RelativeLayout@4058c478
android.widget.RelativeLayout@40593718
android.widget.TextView: 3.49
android.widget.TextView: 9
android.widget.TextView: 6 hours ago
android.widget.TextView: Update
android.widget.RelativeLayout@405a2920
android.widget.ImageView@4060e120
android.widget.TextView: Shell
android.widget.TextView: 195 First Ave & NJ-36 N
android.widget.TextView: Atlantic Highlands, NJ
android.widget.TextView: 6.76 mi
android.widget.TableLayout@40583360
android.widget.TableRow@405d6340
android.widget.RelativeLayout@405bb9e8
android.widget.RelativeLayout@405c9e78
android.widget.TextView: --
android.widget.TextView: 9
android.widget.TextView: time
android.widget.TextView: Report Price
android.widget.RelativeLayout@405d2bf8
android.widget.ImageView@406782f0
android.widget.TextView: Sunoco
android.widget.TextView: 162 NJ-36 N & East Ave
android.widget.TextView: Atlantic Highlands, NJ
android.widget.TextView: 6.79 mi
android.widget.RelativeLayout@405e0738
android.widget.FrameLayout@40647d30
android.widget.RelativeLayout@40683460
android.widget.LinearLayout@405b86d8
android.view.View@40706ad8
android.widget.RelativeLayout@406039d8
android.widget.TextView: Regular
android.view.View@406aab98
android.view.View@406fe210
android.widget.RelativeLayout@406ae1e0
android.widget.TextView: Midgrade
android.view.View@406bf030
android.view.View@407018b0
android.widget.RelativeLayout@406c26d8
android.widget.TextView: Premium
android.view.View@406c9588
android.view.View@40704d60
android.widget.RelativeLayout@406caf98
android.widget.TextView: Diesel
android.view.View@406e82d0
android.view.View@40708478
android.view.View@406866e8
android.widget.LinearLayout@40580ae8
android.widget.RelativeLayout@40584260
android.widget.ImageView@406168c8
android.widget.TextView: Reload
android.widget.RelativeLayout@40616e50
android.widget.ImageView@40626378
android.widget.TextView: Sort By Price
android.widget.RelativeLayout@4063e5f8
android.widget.ImageView@4063eb68
android.widget.TextView: Map View
android.view.View@405f6128
gbis.gbandroid.views.layouts.CustomListView@4071a150
android.widget.TableLayout@40583360
android.widget.TableRow@405d6340
android.widget.RelativeLayout@405bb9e8
android.widget.RelativeLayout@405c9e78
android.widget.TextView: --
android.widget.TextView: 9
android.widget.TextView: time
android.widget.TextView: Report Price
android.widget.RelativeLayout@405d2bf8
android.widget.ImageView@406782f0
android.widget.TextView: Sunoco
android.widget.TextView: 162 NJ-36 N & East Ave
android.widget.TextView: Atlantic Highlands, NJ
android.widget.TextView: 6.79 mi
android.widget.TableLayout@40753a38
android.widget.TableRow@40754008
android.widget.RelativeLayout@40754688
android.widget.RelativeLayout@40754a60
android.widget.TextView: 3.89
android.widget.TextView: 9
android.widget.TextView: 45 minutes ago
android.widget.TextView: Update
android.widget.RelativeLayout@40756270
android.widget.ImageView@40756648
android.widget.TextView: Paz
android.widget.TextView: 2978 Cropsey Ave & Bay 54th St
android.widget.TextView: Brooklyn, NY
android.widget.TextView: 6.8 mi
android.widget.TableLayout@405844e0
android.widget.TableRow@405dc428
android.widget.RelativeLayout@405e3c90
android.widget.RelativeLayout@405efee8
android.widget.TextView: 3.87
android.widget.TextView: 9
android.widget.TextView: 1 hour ago
android.widget.TextView: Update
android.widget.RelativeLayout@406070f0
android.widget.ImageView@4067cee8
android.widget.TextView: Lukoil
android.widget.TextView: 2955 Cropsey Ave & Canal Ave
android.widget.TextView: Brooklyn, NY
android.widget.TextView: 6.83 mi
android.widget.TableLayout@405b52c8
android.widget.TableRow@405dd968
android.widget.RelativeLayout@4060b778
android.widget.RelativeLayout@4060c928
android.widget.TextView: --
android.widget.TextView: 9
android.widget.TextView: time
android.widget.TextView: Report Price
android.widget.RelativeLayout@406116c0
android.widget.ImageView@406e6ec8
android.widget.TextView: Getty
android.widget.TextView: 947 NJ-36 N & Ave D
android.widget.TextView: Atlantic Highlands, NJ
android.widget.TextView: 6.91 mi
android.widget.TableLayout@405c9b20
android.widget.TableRow@40617e10
android.widget.RelativeLayout@4065a9a8
android.widget.RelativeLayout@4065e608
android.widget.TextView: 4.15
android.widget.TextView: 9
android.widget.TextView: 59 minutes ago
android.widget.TextView: Update
android.widget.RelativeLayout@40688660
android.widget.ImageView@406c7b60
android.widget.TextView: BP
android.widget.TextView: 3010 Ocean Ave & Jerome Ave
android.widget.TextView: Brooklyn, NY
android.widget.TextView: 7.03 mi
android.widget.RelativeLayout@405e0738
android.widget.FrameLayout@40647d30
android.widget.RelativeLayout@40683460
android.widget.LinearLayout@405b86d8
android.view.View@40706ad8
android.widget.RelativeLayout@406039d8
android.widget.TextView: Regular
android.view.View@406aab98
android.view.View@406fe210
android.widget.RelativeLayout@406ae1e0
android.widget.TextView: Midgrade
android.view.View@406bf030
android.view.View@407018b0
android.widget.RelativeLayout@406c26d8
android.widget.TextView: Premium
android.view.View@406c9588
android.view.View@40704d60
android.widget.RelativeLayout@406caf98
android.widget.TextView: Diesel
android.view.View@406e82d0
android.view.View@40708478
android.view.View@406866e8
android.widget.LinearLayout@40580ae8
android.widget.RelativeLayout@40584260
android.widget.ImageView@406168c8
android.widget.TextView: Reload
android.widget.RelativeLayout@40616e50
android.widget.ImageView@40626378
android.widget.TextView: Sort By Price
android.widget.RelativeLayout@4063e5f8
android.widget.ImageView@4063eb68
android.widget.TextView: Map View
android.view.View@405f6128
gbis.gbandroid.views.layouts.CustomListView@4071a150
android.widget.TableLayout@405c9b20
android.widget.TableRow@40617e10
android.widget.RelativeLayout@4065a9a8
android.widget.RelativeLayout@4065e608
android.widget.TextView: 4.15
android.widget.TextView: 9
android.widget.TextView: 59 minutes ago
android.widget.TextView: Update
android.widget.RelativeLayout@40688660
android.widget.ImageView@406c7b60
android.widget.TextView: BP
android.widget.TextView: 3010 Ocean Ave & Jerome Ave
android.widget.TextView: Brooklyn, NY
android.widget.TextView: 7.03 mi
android.widget.TableLayout@4055a098
android.widget.TableRow@405a8670
android.widget.RelativeLayout@4058c478
android.widget.RelativeLayout@40593718
android.widget.TextView: --
android.widget.TextView: 9
android.widget.TextView: 6 hours ago
android.widget.TextView: Report Price
android.widget.RelativeLayout@405a2920
android.widget.ImageView@4060e120
android.widget.TextView: Eagle
android.widget.TextView: 366 Ave Y & W 3rd St
android.widget.TextView: Brooklyn, NY
android.widget.TextView: 7.06 mi
android.widget.TableLayout@4060b210
android.widget.TableRow@406dd860
android.widget.RelativeLayout@405c98e8
android.widget.RelativeLayout@40627f98
android.widget.TextView: 3.93
android.widget.TextView: 9
android.widget.TextView: 14 hours ago
android.widget.TextView: Update
android.widget.RelativeLayout@40795d28
android.widget.ImageView@40680838
android.widget.TextView: Sunoco
android.widget.TextView: 2701 Knapp St & Voorhies Ave
android.widget.TextView: Brooklyn, NY
android.widget.TextView: 7.18 mi
android.widget.TableLayout@40550230
android.widget.TableRow@4063f790
android.widget.RelativeLayout@406628e8
android.widget.RelativeLayout@405ae738
android.widget.TextView: 4.09
android.widget.TextView: 9
android.widget.TextView: 1 hour ago
android.widget.TextView: Update
android.widget.RelativeLayout@40587180
android.widget.ImageView@405bb270
android.widget.TextView: Liberty
android.widget.TextView: 2965 86th St & McDonald Ave
android.widget.TextView: Brooklyn, NY
android.widget.TextView: 7.25 mi
android.widget.TableLayout@4070f060
android.widget.TableRow@40675170
android.widget.RelativeLayout@405f08e0
android.widget.RelativeLayout@40610350
android.widget.TextView: 4.09
android.widget.TextView: 9
android.widget.TextView: 59 minutes ago
android.widget.TextView: Update
android.widget.RelativeLayout@405b4598
android.widget.ImageView@4064c8a8
android.widget.TextView: BP
android.widget.TextView: 2624 Coney Island Ave & Lancaster Ave
android.widget.TextView: Brooklyn, NY
android.widget.TextView: 7.36 mi
android.widget.RelativeLayout@405e0738
android.widget.FrameLayout@40647d30
android.widget.RelativeLayout@40683460
android.widget.LinearLayout@405b86d8
android.view.View@40706ad8
android.widget.RelativeLayout@406039d8
android.widget.TextView: Regular
android.view.View@406aab98
android.view.View@406fe210
android.widget.RelativeLayout@406ae1e0
android.widget.TextView: Midgrade
android.view.View@406bf030
android.view.View@407018b0
android.widget.RelativeLayout@406c26d8
android.widget.TextView: Premium
android.view.View@406c9588
android.view.View@40704d60
android.widget.RelativeLayout@406caf98
android.widget.TextView: Diesel
android.view.View@406e82d0
android.view.View@40708478
android.view.View@406866e8
android.widget.LinearLayout@40580ae8
android.widget.RelativeLayout@40584260
android.widget.ImageView@406168c8
android.widget.TextView: Reload
android.widget.RelativeLayout@40616e50
android.widget.ImageView@40626378
android.widget.TextView: Sort By Price
android.widget.RelativeLayout@4063e5f8
android.widget.ImageView@4063eb68
android.widget.TextView: Map View
android.view.View@405f6128
gbis.gbandroid.views.layouts.CustomListView@4071a150
android.widget.TableLayout@40583360
android.widget.TableRow@405d6340
android.widget.RelativeLayout@405bb9e8
android.widget.RelativeLayout@405c9e78
android.widget.TextView: 4.09
android.widget.TextView: 9
android.widget.TextView: 59 minutes ago
android.widget.TextView: Update
android.widget.RelativeLayout@405d2bf8
android.widget.ImageView@405e4b50
android.widget.TextView: BP
android.widget.TextView: 2624 Coney Island Ave & Lancaster Ave
android.widget.TextView: Brooklyn, NY
android.widget.TextView: 7.36 mi
android.widget.TableLayout@405573f8
android.widget.TableRow@40580398
android.widget.RelativeLayout@40581830
android.widget.RelativeLayout@40582f80
android.widget.TextView: 3.79
android.widget.TextView: 9
android.widget.TextView: 10 hours ago
android.widget.TextView: Update
android.widget.RelativeLayout@40587780
android.widget.ImageView@40584708
android.widget.TextView: CITGO
android.widget.TextView: 3755 Nostrand Ave & Ave Y
android.widget.TextView: Brooklyn, NY
android.widget.TextView: 7.41 mi
android.widget.TableLayout@405108d0
android.widget.TableRow@4054c938
android.widget.RelativeLayout@40551e30
android.widget.RelativeLayout@40557cc0
android.widget.TextView: 3.45
android.widget.TextView: 9
android.widget.TextView: 5 hours ago
android.widget.TextView: Update
android.widget.RelativeLayout@4056bb70
android.widget.ImageView@4054c780
android.widget.TextView: Wawa
android.widget.TextView: 75 Appleton Ave & NJ-36 S
android.widget.TextView: Leonardo, NJ
android.widget.TextView: 7.46 mi
android.widget.TableLayout@405b52c8
android.widget.TableRow@405dd968
android.widget.RelativeLayout@4060b778
android.widget.RelativeLayout@4060c928
android.widget.TextView: --
android.widget.TextView: 9
android.widget.TextView: 10 hours ago
android.widget.TextView: Report Price
android.widget.RelativeLayout@406116c0
android.widget.ImageView@406e6ec8
android.widget.TextView: Shell
android.widget.TextView: 2472 Knapp St & Ave Y
android.widget.TextView: Brooklyn, NY
android.widget.TextView: 7.52 mi
android.widget.TableLayout@4070f060
android.widget.TableRow@40675170
android.widget.RelativeLayout@405f08e0
android.widget.RelativeLayout@40610350
android.widget.TextView: 3.89
android.widget.TextView: 9
android.widget.TextView: 21 hours ago
android.widget.TextView: Update
android.widget.RelativeLayout@405b4598
android.widget.ImageView@4064c8a8
android.widget.TextView: Getty
android.widget.TextView: 2495 Cropsey Ave & 25th Ave
android.widget.TextView: Brooklyn, NY
android.widget.TextView: 7.57 mi
android.widget.RelativeLayout@405e0738
android.widget.FrameLayout@40647d30
android.widget.RelativeLayout@40683460
android.widget.LinearLayout@405b86d8
android.view.View@40706ad8
android.widget.RelativeLayout@406039d8
android.widget.TextView: Regular
android.view.View@406aab98
android.view.View@406fe210
android.widget.RelativeLayout@406ae1e0
android.widget.TextView: Midgrade
android.view.View@406bf030
android.view.View@407018b0
android.widget.RelativeLayout@406c26d8
android.widget.TextView: Premium
android.view.View@406c9588
android.view.View@40704d60
android.widget.RelativeLayout@406caf98
android.widget.TextView: Diesel
android.view.View@406e82d0
android.view.View@40708478
android.view.View@406866e8
android.widget.LinearLayout@40580ae8
android.widget.RelativeLayout@40584260
android.widget.ImageView@406168c8
android.widget.TextView: Reload
android.widget.RelativeLayout@40616e50
android.widget.ImageView@40626378
android.widget.TextView: Sort By Price
android.widget.RelativeLayout@4063e5f8
android.widget.ImageView@4063eb68
android.widget.TextView: Map View
android.view.View@405f6128
gbis.gbandroid.views.layouts.CustomListView@4071a150
android.widget.TableLayout@4070f060
android.widget.TableRow@40675170
android.widget.RelativeLayout@405f08e0
android.widget.RelativeLayout@40610350
android.widget.TextView: 3.89
android.widget.TextView: 9
android.widget.TextView: 21 hours ago
android.widget.TextView: Update
android.widget.RelativeLayout@405b4598
android.widget.ImageView@4064c8a8
android.widget.TextView: Getty
android.widget.TextView: 2495 Cropsey Ave & 25th Ave
android.widget.TextView: Brooklyn, NY
android.widget.TextView: 7.57 mi
android.widget.TableLayout@40550230
android.widget.TableRow@4063f790
android.widget.RelativeLayout@406628e8
android.widget.RelativeLayout@405ae738
android.widget.TextView: 4.15
android.widget.TextView: 9
android.widget.TextView: 2 hours ago
android.widget.TextView: Update
android.widget.RelativeLayout@40587180
android.widget.ImageView@405bb270
android.widget.TextView: Sunoco
android.widget.TextView: 2489 Coney Island Ave & Ave V
android.widget.TextView: Brooklyn, NY
android.widget.TextView: 7.58 mi
android.widget.TableLayout@405844e0
android.widget.TableRow@405dc428
android.widget.RelativeLayout@405e3c90
android.widget.RelativeLayout@406070f0
android.widget.TextView: 4.09
android.widget.TextView: 9
android.widget.TextView: 12 hours ago
android.widget.TextView: Update
android.widget.RelativeLayout@40624720
android.widget.ImageView@4061a970
android.widget.TextView: Mobil
android.widget.TextView: 2402 Knapp St & Ave X
android.widget.TextView: Brooklyn, NY
android.widget.TextView: 7.59 mi
android.widget.TableLayout@40638a60
android.widget.TableRow@405efee8
android.widget.RelativeLayout@4063e760
android.widget.RelativeLayout@4064b1e0
android.widget.TextView: 3.90
android.widget.TextView: 9
android.widget.TextView: 5 hours ago
android.widget.TextView: Update
android.widget.RelativeLayout@406684b8
android.widget.ImageView@4066f318
android.widget.TextView: Getty
android.widget.TextView: 2001 Gravesend Neck Rd & Ocean Ave
android.widget.TextView: Brooklyn, NY
android.widget.TextView: 7.66 mi
android.widget.TableLayout@406884b0
android.widget.TableRow@406607a0
android.widget.RelativeLayout@40672098
android.widget.RelativeLayout@406b6800
android.widget.TextView: 4.15
android.widget.TextView: 9
android.widget.TextView: 1 hour ago
android.widget.TextView: Update
android.widget.RelativeLayout@405de9e8
android.widget.ImageView@406782f0
android.widget.TextView: BP
android.widget.TextView: 2620 86th St & Stillwell Ave
android.widget.TextView: Brooklyn, NY
android.widget.TextView: 7.73 mi
android.widget.RelativeLayout@405e0738
android.widget.FrameLayout@40647d30
android.widget.RelativeLayout@40683460
android.widget.LinearLayout@405b86d8
android.view.View@40706ad8
android.widget.RelativeLayout@406039d8
android.widget.TextView: Regular
android.view.View@406aab98
android.view.View@406fe210
android.widget.RelativeLayout@406ae1e0
android.widget.TextView: Midgrade
android.view.View@406bf030
android.view.View@407018b0
android.widget.RelativeLayout@406c26d8
android.widget.TextView: Premium
android.view.View@406c9588
android.view.View@40704d60
android.widget.RelativeLayout@406caf98
android.widget.TextView: Diesel
android.view.View@406e82d0
android.view.View@40708478
android.view.View@406866e8
android.widget.LinearLayout@40580ae8
android.widget.RelativeLayout@40584260
android.widget.ImageView@406168c8
android.widget.TextView: Reload
android.widget.RelativeLayout@40616e50
android.widget.ImageView@40626378
android.widget.TextView: Sort By Price
android.widget.RelativeLayout@4063e5f8
android.widget.ImageView@4063eb68
android.widget.TextView: Map View
android.view.View@405f6128
gbis.gbandroid.views.layouts.CustomListView@4071a150
android.widget.TableLayout@406884b0
android.widget.TableRow@406607a0
android.widget.RelativeLayout@40672098
android.widget.RelativeLayout@406b6800
android.widget.TextView: 4.15
android.widget.TextView: 9
android.widget.TextView: 1 hour ago
android.widget.TextView: Update
android.widget.RelativeLayout@405de9e8
android.widget.ImageView@406782f0
android.widget.TextView: BP
android.widget.TextView: 2620 86th St & Stillwell Ave
android.widget.TextView: Brooklyn, NY
android.widget.TextView: 7.73 mi
android.widget.TableLayout@405b52c8
android.widget.TableRow@405dd968
android.widget.RelativeLayout@4060b778
android.widget.RelativeLayout@4060c928
android.widget.TextView: 4.29
android.widget.TextView: 9
android.widget.TextView: 3 hours ago
android.widget.TextView: Update
android.widget.RelativeLayout@406116c0
android.widget.ImageView@406e6ec8
android.widget.TextView: Mobil
android.widget.TextView: 6000 Shore Pkwy &  Exit 11-Flatbush
android.widget.TextView: Brooklyn, NY
android.widget.TextView: 7.81 mi
android.widget.TableLayout@405f12c8
android.widget.TableRow@4070ccd8
android.widget.RelativeLayout@40755d08
android.widget.RelativeLayout@40756900
android.widget.TextView: 4.10
android.widget.TextView: 9
android.widget.TextView: 2 hours ago
android.widget.TextView: Update
android.widget.RelativeLayout@4076a4b8
android.widget.ImageView@4076a800
android.widget.TextView: BP
android.widget.TextView: 2317 Coney Island Ave & Ave T
android.widget.TextView: Brooklyn, NY
android.widget.TextView: 7.89 mi
android.widget.TableLayout@4075a958
android.widget.TableRow@407699f8
android.widget.RelativeLayout@40756510
android.widget.RelativeLayout@4075c640
android.widget.TextView: 3.99
android.widget.TextView: 9
android.widget.TextView: 14 hours ago
android.widget.TextView: Update
android.widget.RelativeLayout@4076e840
android.widget.ImageView@407951a8
android.widget.TextView: Mobil
android.widget.TextView: 2225 Bath Ave & Bay 31st St
android.widget.TextView: Brooklyn, NY
android.widget.TextView: 7.97 mi
android.widget.TableLayout@4060c5e8
android.widget.TableRow@40628ff0
android.widget.RelativeLayout@40654fa8
android.widget.RelativeLayout@4068e688
android.widget.TextView: 3.99
android.widget.TextView: 9
android.widget.TextView: 12 hours ago
android.widget.TextView: Update
android.widget.RelativeLayout@406577a0
android.widget.ImageView@406f7cc0
android.widget.TextView: Gulf
android.widget.TextView: 8775 Bay Parkway & Bath 
android.widget.TextView: Brooklyn, NY
android.widget.TextView: 8.01 mi
android.widget.RelativeLayout@405e0738
android.widget.FrameLayout@40647d30
android.widget.RelativeLayout@40683460
android.widget.LinearLayout@405b86d8
android.view.View@40706ad8
android.widget.RelativeLayout@406039d8
android.widget.TextView: Regular
android.view.View@406aab98
android.view.View@406fe210
android.widget.RelativeLayout@406ae1e0
android.widget.TextView: Midgrade
android.view.View@406bf030
android.view.View@407018b0
android.widget.RelativeLayout@406c26d8
android.widget.TextView: Premium
android.view.View@406c9588
android.view.View@40704d60
android.widget.RelativeLayout@406caf98
android.widget.TextView: Diesel
android.view.View@406e82d0
android.view.View@40708478
android.view.View@406866e8
android.widget.LinearLayout@40580ae8
android.widget.RelativeLayout@40584260
android.widget.ImageView@406168c8
android.widget.TextView: Reload
android.widget.RelativeLayout@40616e50
android.widget.ImageView@40626378
android.widget.TextView: Sort By Price
android.widget.RelativeLayout@4063e5f8
android.widget.ImageView@4063eb68
android.widget.TextView: Map View
android.view.View@405f6128
gbis.gbandroid.views.layouts.CustomListView@4071a150
android.widget.TableLayout@4060c5e8
android.widget.TableRow@40628ff0
android.widget.RelativeLayout@40654fa8
android.widget.RelativeLayout@4068e688
android.widget.TextView: 3.99
android.widget.TextView: 9
android.widget.TextView: 12 hours ago
android.widget.TextView: Update
android.widget.RelativeLayout@406577a0
android.widget.ImageView@406f7cc0
android.widget.TextView: Gulf
android.widget.TextView: 8775 Bay Parkway & Bath 
android.widget.TextView: Brooklyn, NY
android.widget.TextView: 8.01 mi
android.widget.TableLayout@40638a60
android.widget.TableRow@405efee8
android.widget.RelativeLayout@4063e760
android.widget.RelativeLayout@4064b1e0
android.widget.TextView: --
android.widget.TextView: 9
android.widget.TextView: 5 hours ago
android.widget.TextView: Report Price
android.widget.RelativeLayout@406684b8
android.widget.ImageView@4066f318
android.widget.TextView: Fuel One
android.widget.TextView: 659 NJ-36 N  & East Rd
android.widget.TextView: Belford, NJ
android.widget.TextView: 8.06 mi
android.widget.TableLayout@40603d20
android.widget.TableRow@406042c8
android.widget.RelativeLayout@40630c50
android.widget.RelativeLayout@40631028
android.widget.TextView: 4.09
android.widget.TextView: 9
android.widget.TextView: 10 hours ago
android.widget.TextView: Update
android.widget.RelativeLayout@4062a510
android.widget.ImageView@4064f618
android.widget.TextView: Mobil
android.widget.TextView: 2228 Gerritsen Ave & Ave U
android.widget.TextView: Brooklyn, NY
android.widget.TextView: 8.06 mi
android.widget.TableLayout@40631388
android.widget.TableRow@40631940
android.widget.RelativeLayout@4076d488
android.widget.RelativeLayout@4076d860
android.widget.TextView: 3.90
android.widget.TextView: 9
android.widget.TextView: 4 hours ago
android.widget.TextView: Update
android.widget.RelativeLayout@407590d8
android.widget.ImageView@407594b0
android.widget.TextView: Sunoco
android.widget.TextView: 3095 Ave U & Gerritsen Ave
android.widget.TextView: Brooklyn, NY
android.widget.TextView: 8.07 mi
android.widget.TableLayout@405108d0
android.widget.TableRow@4054c938
android.widget.RelativeLayout@40551e30
android.widget.RelativeLayout@40557cc0
android.widget.TextView: 3.99
android.widget.TextView: 9
android.widget.TextView: 12 hours ago
android.widget.TextView: Update
android.widget.RelativeLayout@4056bb70
android.widget.ImageView@4054c780
android.widget.TextView: Gulf
android.widget.TextView: 2061 Bath  & 21 
android.widget.TextView: Brooklyn, NY
android.widget.TextView: 8.15 mi
android.widget.RelativeLayout@405e0738
android.widget.FrameLayout@40647d30
android.widget.RelativeLayout@40683460
android.widget.LinearLayout@405b86d8
android.view.View@40706ad8
android.widget.RelativeLayout@406039d8
android.widget.TextView: Regular
android.view.View@406aab98
android.view.View@406fe210
android.widget.RelativeLayout@406ae1e0
android.widget.TextView: Midgrade
android.view.View@406bf030
android.view.View@407018b0
android.widget.RelativeLayout@406c26d8
android.widget.TextView: Premium
android.view.View@406c9588
android.view.View@40704d60
android.widget.RelativeLayout@406caf98
android.widget.TextView: Diesel
android.view.View@406e82d0
android.view.View@40708478
android.view.View@406866e8
android.widget.LinearLayout@40580ae8
android.widget.RelativeLayout@40584260
android.widget.ImageView@406168c8
android.widget.TextView: Reload
android.widget.RelativeLayout@40616e50
android.widget.ImageView@40626378
android.widget.TextView: Sort By Price
android.widget.RelativeLayout@4063e5f8
android.widget.ImageView@4063eb68
android.widget.TextView: Map View
android.view.View@405f6128
gbis.gbandroid.views.layouts.CustomListView@4071a150
android.widget.TableLayout@405108d0
android.widget.TableRow@4054c938
android.widget.RelativeLayout@40551e30
android.widget.RelativeLayout@40557cc0
android.widget.TextView: 3.99
android.widget.TextView: 9
android.widget.TextView: 12 hours ago
android.widget.TextView: Update
android.widget.RelativeLayout@4056bb70
android.widget.ImageView@4054c780
android.widget.TextView: Gulf
android.widget.TextView: 2061 Bath  & 21 
android.widget.TextView: Brooklyn, NY
android.widget.TextView: 8.15 mi
android.widget.TableLayout@4075a958
android.widget.TableRow@407699f8
android.widget.RelativeLayout@40756510
android.widget.RelativeLayout@4075c640
android.widget.TextView: 3.89
android.widget.TextView: 9
android.widget.TextView: 10 hours ago
android.widget.TextView: Update
android.widget.RelativeLayout@4076e840
android.widget.ImageView@407951a8
android.widget.TextView: Exxon
android.widget.TextView: 27 W River Rd & Allen St
android.widget.TextView: Rumson, NJ
android.widget.TextView: 8.16 mi
android.widget.TableLayout@405573f8
android.widget.TableRow@40580398
android.widget.RelativeLayout@40581830
android.widget.RelativeLayout@40582f80
android.widget.TextView: 3.99
android.widget.TextView: 9
android.widget.TextView: 6 hours ago
android.widget.TextView: Update
android.widget.RelativeLayout@40587780
android.widget.ImageView@40584708
android.widget.TextView: Shell
android.widget.TextView: 2001 Cropsey Ave & 20th Ave
android.widget.TextView: Brooklyn, NY
android.widget.TextView: 8.19 mi
android.widget.TableLayout@4055a098
android.widget.TableRow@405a8670
android.widget.RelativeLayout@4058c478
android.widget.RelativeLayout@40593718
android.widget.TextView: --
android.widget.TextView: 9
android.widget.TextView: time
android.widget.TextView: Report Price
android.widget.RelativeLayout@405a2920
android.widget.ImageView@405bb270
android.widget.TextView: Sunoco
android.widget.TextView: 560 NJ-36 S & East Rd
android.widget.TextView: Belford, NJ
android.widget.TextView: 8.24 mi
android.widget.TableLayout@40583360
android.widget.TableRow@405ba240
android.widget.RelativeLayout@405bb9e8
android.widget.RelativeLayout@405c9e78
android.widget.TextView: 3.99
android.widget.TextView: 9
android.widget.TextView: Mon 1:41 AM
android.widget.TextView: Update
android.widget.RelativeLayout@405d2bf8
android.widget.ImageView@405e4b50
android.widget.TextView: Sunoco
android.widget.TextView: 1907 Cropsey Ave & 19th Ave
android.widget.TextView: Brooklyn, NY
android.widget.TextView: 8.31 mi
android.widget.RelativeLayout@405e0738
android.widget.FrameLayout@40647d30
android.widget.RelativeLayout@40683460
android.widget.LinearLayout@405b86d8
android.view.View@40706ad8
android.widget.RelativeLayout@406039d8
android.widget.TextView: Regular
android.view.View@406aab98
android.view.View@406fe210
android.widget.RelativeLayout@406ae1e0
android.widget.TextView: Midgrade
android.view.View@406bf030
android.view.View@407018b0
android.widget.RelativeLayout@406c26d8
android.widget.TextView: Premium
android.view.View@406c9588
android.view.View@40704d60
android.widget.RelativeLayout@406caf98
android.widget.TextView: Diesel
android.view.View@406e82d0
android.view.View@40708478
android.view.View@406866e8
android.widget.LinearLayout@40580ae8
android.widget.RelativeLayout@40584260
android.widget.ImageView@406168c8
android.widget.TextView: Reload
android.widget.RelativeLayout@40616e50
android.widget.ImageView@40626378
android.widget.TextView: Sort By Price
android.widget.RelativeLayout@4063e5f8
android.widget.ImageView@4063eb68
android.widget.TextView: Map View
android.view.View@405f6128
gbis.gbandroid.views.layouts.CustomListView@4071a150
android.widget.TableLayout@40583360
android.widget.TableRow@405ba240
android.widget.RelativeLayout@405bb9e8
android.widget.RelativeLayout@405c9e78
android.widget.TextView: 3.99
android.widget.TextView: 9
android.widget.TextView: Mon 1:41 AM
android.widget.TextView: Update
android.widget.RelativeLayout@405d2bf8
android.widget.ImageView@405e4b50
android.widget.TextView: Sunoco
android.widget.TextView: 1907 Cropsey Ave & 19th Ave
android.widget.TextView: Brooklyn, NY
android.widget.TextView: 8.31 mi
android.widget.TableLayout@40631388
android.widget.TableRow@40631940
android.widget.RelativeLayout@4076d488
android.widget.RelativeLayout@4076d860
android.widget.TextView: --
android.widget.TextView: 9
android.widget.TextView: 4 hours ago
android.widget.TextView: Report Price
android.widget.RelativeLayout@407590d8
android.widget.ImageView@407594b0
android.widget.TextView: Gulf
android.widget.TextView: 1006 Ocean Ave & Rumson Rd
android.widget.TextView: Sea Bright, NJ
android.widget.TextView: 8.39 mi
android.widget.TableLayout@405844e0
android.widget.TableRow@405d6340
android.widget.RelativeLayout@405e3c90
android.widget.RelativeLayout@406070f0
android.widget.TextView: 4.15
android.widget.TextView: 9
android.widget.TextView: 14 hours ago
android.widget.TextView: Update
android.widget.RelativeLayout@40624720
android.widget.ImageView@4060e120
android.widget.TextView: Getty
android.widget.TextView: 125 Kings Hwy & Stillwell Ave
android.widget.TextView: Brooklyn, NY
android.widget.TextView: 8.41 mi
android.widget.TableLayout@40671ee8
android.widget.TableRow@4068e9e0
android.widget.RelativeLayout@4076bb30
android.widget.RelativeLayout@40638790
android.widget.TextView: --
android.widget.TextView: 9
android.widget.TextView: time
android.widget.TextView: Report Price
android.widget.RelativeLayout@40679818
android.widget.ImageView@4076e3c0
android.widget.TextView: Sunoco
android.widget.TextView: 1010 Ocean Ave & Rumson Rd
android.widget.TextView: Sea Bright, NJ
android.widget.TextView: 8.42 mi
android.widget.TableLayout@4063f090
android.widget.TableRow@406633b8
android.widget.RelativeLayout@40705870
android.widget.RelativeLayout@4075d690
android.widget.TextView: 4.33
android.widget.TextView: 9
android.widget.TextView: Mon 12:30 PM
android.widget.TextView: Update
android.widget.RelativeLayout@4066f160
android.widget.ImageView@4068aaf8
android.widget.TextView: Sunoco
android.widget.TextView: 1626 Stillwell Ave & Kings Hwy
android.widget.TextView: Brooklyn, NY
android.widget.TextView: 8.43 mi
android.widget.RelativeLayout@405e0738
android.widget.FrameLayout@40647d30
android.widget.RelativeLayout@40683460
android.widget.LinearLayout@405b86d8
android.view.View@40706ad8
android.widget.RelativeLayout@406039d8
android.widget.TextView: Regular
android.view.View@406aab98
android.view.View@406fe210
android.widget.RelativeLayout@406ae1e0
android.widget.TextView: Midgrade
android.view.View@406bf030
android.view.View@407018b0
android.widget.RelativeLayout@406c26d8
android.widget.TextView: Premium
android.view.View@406c9588
android.view.View@40704d60
android.widget.RelativeLayout@406caf98
android.widget.TextView: Diesel
android.view.View@406e82d0
android.view.View@40708478
android.view.View@406866e8
android.widget.LinearLayout@40580ae8
android.widget.RelativeLayout@40584260
android.widget.ImageView@406168c8
android.widget.TextView: Reload
android.widget.RelativeLayout@40616e50
android.widget.ImageView@40626378
android.widget.TextView: Sort By Price
android.widget.RelativeLayout@4063e5f8
android.widget.ImageView@4063eb68
android.widget.TextView: Map View
android.view.View@405f6128
gbis.gbandroid.views.layouts.CustomListView@4071a150
android.widget.TableLayout@40793ad0
android.widget.TableRow@40794068
android.widget.RelativeLayout@406ff3e0
android.widget.RelativeLayout@4071a580
android.widget.TextView: 4.33
android.widget.TextView: 9
android.widget.TextView: Mon 12:30 PM
android.widget.TextView: Update
android.widget.RelativeLayout@407856b8
android.widget.ImageView@40785a90
android.widget.TextView: Sunoco
android.widget.TextView: 1626 Stillwell Ave & Kings Hwy
android.widget.TextView: Brooklyn, NY
android.widget.TextView: 8.43 mi
android.widget.TableLayout@40581e30
android.widget.TableRow@40625a50
android.widget.RelativeLayout@406440b0
android.widget.RelativeLayout@40644488
android.widget.TextView: 3.89
android.widget.TextView: 9
android.widget.TextView: 1 hour ago
android.widget.TextView: Update
android.widget.RelativeLayout@4067e220
android.widget.ImageView@40619db0
android.widget.TextView: BP
android.widget.TextView: 2516 65th St & Dahill Rd
android.widget.TextView: Brooklyn, NY
android.widget.TextView: 8.51 mi
android.widget.TableLayout@40709f58
android.widget.TableRow@40663f50
android.widget.RelativeLayout@405fd4c8
android.widget.RelativeLayout@406dc388
android.widget.TextView: 4.15
android.widget.TextView: 9
android.widget.TextView: 13 hours ago
android.widget.TextView: Update
android.widget.RelativeLayout@40659e70
android.widget.ImageView@40680cc8
android.widget.TextView: Gulf
android.widget.TextView: 1938 Coney Island Ave & Ave P
android.widget.TextView: Brooklyn, NY
android.widget.TextView: 8.57 mi
android.widget.TableLayout@4055a098
android.widget.TableRow@405a8670
android.widget.RelativeLayout@4058c478
android.widget.RelativeLayout@40593718
android.widget.TextView: 4.09
android.widget.TextView: 9
android.widget.TextView: 13 hours ago
android.widget.TextView: Update
android.widget.RelativeLayout@405a2920
android.widget.ImageView@405bb270
android.widget.TextView: Mobil
android.widget.TextView: 1935 Coney Island Ave & Ave P
android.widget.TextView: Brooklyn, NY
android.widget.TextView: 8.58 mi
android.widget.TableLayout@4063f090
android.widget.TableRow@406633b8
android.widget.RelativeLayout@40705870
android.widget.RelativeLayout@4075d690
android.widget.TextView: --
android.widget.TextView: 9
android.widget.TextView: Mon 12:30 PM
android.widget.TextView: Report Price
android.widget.RelativeLayout@4066f160
android.widget.ImageView@4068aaf8
android.widget.TextView: Getty
android.widget.TextView: 3902 Ave U & Ryder St
android.widget.TextView: Brooklyn, NY
android.widget.TextView: 8.6 mi
android.widget.RelativeLayout@405e0738
android.widget.FrameLayout@40647d30
android.widget.RelativeLayout@40683460
android.widget.LinearLayout@405b86d8
android.view.View@40706ad8
android.widget.RelativeLayout@406039d8
android.widget.TextView: Regular
android.view.View@406aab98
android.view.View@406fe210
android.widget.RelativeLayout@406ae1e0
android.widget.TextView: Midgrade
android.view.View@406bf030
android.view.View@407018b0
android.widget.RelativeLayout@406c26d8
android.widget.TextView: Premium
android.view.View@406c9588
android.view.View@40704d60
android.widget.RelativeLayout@406caf98
android.widget.TextView: Diesel
android.view.View@406e82d0
android.view.View@40708478
android.view.View@406866e8
android.widget.LinearLayout@40580ae8
android.widget.RelativeLayout@40584260
android.widget.ImageView@406168c8
android.widget.TextView: Reload
android.widget.RelativeLayout@40616e50
android.widget.ImageView@40626378
android.widget.TextView: Sort By Price
android.widget.RelativeLayout@4063e5f8
android.widget.ImageView@4063eb68
android.widget.TextView: Map View
android.view.View@405f6128
gbis.gbandroid.views.layouts.CustomListView@4071a150
android.widget.TableLayout@40709f58
android.widget.TableRow@40663f50
android.widget.RelativeLayout@405fd4c8
android.widget.RelativeLayout@406dc388
android.widget.TextView: 4.15
android.widget.TextView: 9
android.widget.TextView: 13 hours ago
android.widget.TextView: Update
android.widget.RelativeLayout@40659e70
android.widget.ImageView@40680cc8
android.widget.TextView: Gulf
android.widget.TextView: 1938 Coney Island Ave & Ave P
android.widget.TextView: Brooklyn, NY
android.widget.TextView: 8.57 mi
android.widget.TableLayout@4055a098
android.widget.TableRow@405a8670
android.widget.RelativeLayout@4058c478
android.widget.RelativeLayout@40593718
android.widget.TextView: 4.09
android.widget.TextView: 9
android.widget.TextView: 13 hours ago
android.widget.TextView: Update
android.widget.RelativeLayout@405a2920
android.widget.ImageView@405bb270
android.widget.TextView: Mobil
android.widget.TextView: 1935 Coney Island Ave & Ave P
android.widget.TextView: Brooklyn, NY
android.widget.TextView: 8.58 mi
android.widget.TableLayout@4063f090
android.widget.TableRow@406633b8
android.widget.RelativeLayout@40705870
android.widget.RelativeLayout@4075d690
android.widget.TextView: --
android.widget.TextView: 9
android.widget.TextView: Mon 12:30 PM
android.widget.TextView: Report Price
android.widget.RelativeLayout@4066f160
android.widget.ImageView@4068aaf8
android.widget.TextView: Getty
android.widget.TextView: 3902 Ave U & Ryder St
android.widget.TextView: Brooklyn, NY
android.widget.TextView: 8.6 mi
android.widget.TableLayout@40671ee8
android.widget.TableRow@4068e9e0
android.widget.RelativeLayout@4076bb30
android.widget.RelativeLayout@40638790
android.widget.TextView: --
android.widget.TextView: 9
android.widget.TextView: time
android.widget.TextView: Report Price
android.widget.RelativeLayout@40679818
android.widget.ImageView@4076e3c0
android.widget.TextView: CITGO
android.widget.TextView: 441 Beach 129th St & Cronston Ave
android.widget.TextView: Queens, NY
android.widget.TextView: 8.62 mi
android.widget.TableLayout@407e3cb0
android.widget.TableRow@407e4280
android.widget.RelativeLayout@407e4900
android.widget.RelativeLayout@407e4cd8
android.widget.TextView: --
android.widget.TextView: 9
android.widget.TextView: time
android.widget.TextView: Report Price
android.widget.RelativeLayout@407e64e8
android.widget.ImageView@407e68c0
android.widget.TextView: Gulf
android.widget.TextView: 412 NJ-36 S & Wilson Ave
android.widget.TextView: Port Monmouth, NJ
android.widget.TextView: 8.65 mi
android.widget.RelativeLayout@405e0738
