emulator-5564
D/umd.troyd( 5745): got command getViews
D/umd.troyd( 5745): android.widget.FrameLayout@406a03d0: 16908290 (0)
D/umd.troyd( 5745): android.widget.RelativeLayout@406a0e10: 2131558603 (1)
D/umd.troyd( 5745): android.widget.LinearLayout@406a1248: -1 (2)
D/umd.troyd( 5745): com.walmart.android.ui.ViewStackLayout@406a1798: 2131558797 (3)
D/umd.troyd( 5745): android.widget.RelativeLayout@406b2458: -1 (4)
D/umd.troyd( 5745): android.widget.RelativeLayout@406b29c0: 2131558790 (5)
D/umd.troyd( 5745): android.widget.LinearLayout@406b3540: 2131558790 (6)
D/umd.troyd( 5745): android.widget.RelativeLayout@406b3d20: -1 (7)
D/umd.troyd( 5745): android.widget.Button:  (8)
D/umd.troyd( 5745): android.widget.TextView: Search a location (9)
D/umd.troyd( 5745): android.widget.Button:  (10)
D/umd.troyd( 5745): android.widget.Button:  (11)
D/umd.troyd( 5745): android.widget.Button:  (12)
D/umd.troyd( 5745): android.widget.RelativeLayout@406b85d8: 2131558791 (13)
D/umd.troyd( 5745): com.walmart.android.storelocator.StoreMapView@406b9870: 2131558792 (14)
D/umd.troyd( 5745): android.widget.ListView@407313c0: 2131558521 (15)
D/umd.troyd( 5745): android.widget.LinearLayout@4076aae8: -1 (16)
D/umd.troyd( 5745): android.widget.RelativeLayout@4076af50: -1 (17)
D/umd.troyd( 5745): android.widget.RelativeLayout@4076b3b8: -1 (18)
D/umd.troyd( 5745): android.widget.TextView: Walmart Supercenter (19)
D/umd.troyd( 5745): android.widget.TextView: 800 S Us Hwy 81/287 (20)
D/umd.troyd( 5745): android.widget.TextView: Decatur, TX 76234 (21)
D/umd.troyd( 5745): android.widget.RelativeLayout@407571d0: -1 (22)
D/umd.troyd( 5745): android.widget.LinearLayout@407573f0: 2131558801 (23)
D/umd.troyd( 5745): android.widget.TextView: 1.26 (24)
D/umd.troyd( 5745): android.widget.TextView: miles (25)
D/umd.troyd( 5745): android.widget.TextView:  (26)
D/umd.troyd( 5745): android.widget.ImageView@40759ac8: 2131558517 (27)
D/umd.troyd( 5745): android.widget.LinearLayout@40759ce8: -1 (28)
D/umd.troyd( 5745): android.widget.RelativeLayout@4075b858: -1 (29)
D/umd.troyd( 5745): android.widget.RelativeLayout@405ccfc0: -1 (30)
D/umd.troyd( 5745): android.widget.TextView: Walmart Supercenter (31)
D/umd.troyd( 5745): android.widget.TextView: 2750 W University Dr (32)
D/umd.troyd( 5745): android.widget.TextView: Denton, TX 76201 (33)
D/umd.troyd( 5745): android.widget.RelativeLayout@406275d8: -1 (34)
D/umd.troyd( 5745): android.widget.LinearLayout@4069db00: 2131558801 (35)
D/umd.troyd( 5745): android.widget.TextView: 20.59 (36)
D/umd.troyd( 5745): android.widget.TextView: miles (37)
D/umd.troyd( 5745): android.widget.TextView:  (38)
D/umd.troyd( 5745): android.widget.ImageView@40697358: 2131558517 (39)
D/umd.troyd( 5745): android.widget.LinearLayout@40755a08: -1 (40)
D/umd.troyd( 5745): android.widget.RelativeLayout@40618dd0: -1 (41)
D/umd.troyd( 5745): android.widget.RelativeLayout@40690168: -1 (42)
D/umd.troyd( 5745): android.widget.TextView: Walmart Supercenter (43)
D/umd.troyd( 5745): android.widget.TextView: 721 Boyd Rd (44)
D/umd.troyd( 5745): android.widget.TextView: Azle, TX 76020 (45)
D/umd.troyd( 5745): android.widget.RelativeLayout@407a0a98: -1 (46)
D/umd.troyd( 5745): android.widget.LinearLayout@407a0d50: 2131558801 (47)
D/umd.troyd( 5745): android.widget.TextView: 20.74 (48)
D/umd.troyd( 5745): android.widget.TextView: miles (49)
D/umd.troyd( 5745): android.widget.TextView:  (50)
D/umd.troyd( 5745): android.widget.ImageView@407a6860: 2131558517 (51)
D/umd.troyd( 5745): android.widget.LinearLayout@407a6b20: -1 (52)
D/umd.troyd( 5745): android.widget.RelativeLayout@40749fc0: -1 (53)
D/umd.troyd( 5745): android.widget.RelativeLayout@40756f88: -1 (54)
D/umd.troyd( 5745): android.widget.TextView: Walmart Supercenter (55)
D/umd.troyd( 5745): android.widget.TextView: 1341 Highway 287 N (56)
D/umd.troyd( 5745): android.widget.TextView: Bowie, TX 76230 (57)
D/umd.troyd( 5745): android.widget.RelativeLayout@407593b8: -1 (58)
D/umd.troyd( 5745): android.widget.LinearLayout@407a1010: 2131558801 (59)
D/umd.troyd( 5745): android.widget.TextView: 22.02 (60)
D/umd.troyd( 5745): android.widget.TextView: miles (61)
D/umd.troyd( 5745): android.widget.TextView:  (62)
D/umd.troyd( 5745): android.widget.ImageView@407194d8: 2131558517 (63)
D/umd.troyd( 5745): android.widget.LinearLayout@40759868: -1 (64)
D/umd.troyd( 5745): android.widget.RelativeLayout@405a5478: -1 (65)
D/umd.troyd( 5745): android.widget.RelativeLayout@40759600: -1 (66)
D/umd.troyd( 5745): android.widget.TextView: Walmart Supercenter (67)
D/umd.troyd( 5745): android.widget.TextView: 1228 North Highway 377 (68)
D/umd.troyd( 5745): android.widget.TextView: Roanoke, TX 76262 (69)
D/umd.troyd( 5745): android.widget.RelativeLayout@406b1930: -1 (70)
D/umd.troyd( 5745): android.widget.LinearLayout@406f0a70: 2131558801 (71)
D/umd.troyd( 5745): android.widget.TextView: 22.70 (72)
D/umd.troyd( 5745): android.widget.TextView: miles (73)
D/umd.troyd( 5745): android.widget.TextView:  (74)
D/umd.troyd( 5745): android.widget.ImageView@4070c9a8: 2131558517 (75)
D/umd.troyd( 5745): android.widget.LinearLayout@40718d38: -1 (76)
D/umd.troyd( 5745): android.widget.RelativeLayout@40740768: -1 (77)
D/umd.troyd( 5745): android.widget.RelativeLayout@405a4500: -1 (78)
D/umd.troyd( 5745): android.widget.TextView: Walmart Supercenter (79)
D/umd.troyd( 5745): android.widget.TextView: 1401 N Saginaw Blvd (80)
D/umd.troyd( 5745): android.widget.TextView: Saginaw, TX 76179 (81)
D/umd.troyd( 5745): android.widget.RelativeLayout@405cbfa8: -1 (82)
D/umd.troyd( 5745): android.widget.LinearLayout@405d6cd8: 2131558801 (83)
D/umd.troyd( 5745): android.widget.TextView: 23.95 (84)
D/umd.troyd( 5745): android.widget.TextView: miles (85)
D/umd.troyd( 5745): android.widget.TextView:  (86)
D/umd.troyd( 5745): android.widget.ImageView@4060bda8: 2131558517 (87)
D/umd.troyd( 5745): android.widget.RelativeLayout@406a38c8: 2131558541 (88)
D/umd.troyd( 5745): android.widget.GridView@406a4440: 2131558824 (89)
D/umd.troyd( 5745): android.widget.LinearLayout@406a55c0: 2131558538 (90)
D/umd.troyd( 5745): android.widget.RelativeLayout@406a5fb8: 2131558818 (91)
D/umd.troyd( 5745): android.widget.ImageButton@406a6908: 2131558819 (92)
D/umd.troyd( 5745): android.widget.RelativeLayout@406a6e20: -1 (93)
D/umd.troyd( 5745): android.widget.ImageView@406a7210: 2131558820 (94)
D/umd.troyd( 5745): android.widget.TextView: Stores (95)
D/umd.troyd( 5745): android.widget.RelativeLayout@406a8118: -1 (96)
D/umd.troyd( 5745): android.widget.Button:  (97)
D/umd.troyd( 5745): android.widget.ImageView@406a8c88: 2131558823 (98)
D/umd.troyd( 5745): android.widget.LinearLayout@406a8f18: 2131558542 (99)
D/umd.troyd( 5745): got command getViews
D/umd.troyd( 5745): android.widget.FrameLayout@406a03d0: 16908290 (0)
D/umd.troyd( 5745): android.widget.RelativeLayout@406a0e10: 2131558603 (1)
D/umd.troyd( 5745): android.widget.LinearLayout@406a1248: -1 (2)
D/umd.troyd( 5745): com.walmart.android.ui.ViewStackLayout@406a1798: 2131558797 (3)
D/umd.troyd( 5745): android.widget.RelativeLayout@406b2458: -1 (4)
D/umd.troyd( 5745): android.widget.RelativeLayout@406b29c0: 2131558790 (5)
D/umd.troyd( 5745): android.widget.LinearLayout@406b3540: 2131558790 (6)
D/umd.troyd( 5745): android.widget.RelativeLayout@406b3d20: -1 (7)
D/umd.troyd( 5745): android.widget.Button:  (8)
D/umd.troyd( 5745): android.widget.TextView: Search a location (9)
D/umd.troyd( 5745): android.widget.Button:  (10)
D/umd.troyd( 5745): android.widget.Button:  (11)
D/umd.troyd( 5745): android.widget.Button:  (12)
D/umd.troyd( 5745): android.widget.RelativeLayout@406b85d8: 2131558791 (13)
D/umd.troyd( 5745): com.walmart.android.storelocator.StoreMapView@406b9870: 2131558792 (14)
D/umd.troyd( 5745): android.widget.ListView@407313c0: 2131558521 (15)
D/umd.troyd( 5745): android.widget.LinearLayout@40718d38: -1 (16)
D/umd.troyd( 5745): android.widget.RelativeLayout@40740768: -1 (17)
D/umd.troyd( 5745): android.widget.RelativeLayout@405a4500: -1 (18)
D/umd.troyd( 5745): android.widget.TextView: Walmart Supercenter (19)
D/umd.troyd( 5745): android.widget.TextView: 1401 N Saginaw Blvd (20)
D/umd.troyd( 5745): android.widget.TextView: Saginaw, TX 76179 (21)
D/umd.troyd( 5745): android.widget.RelativeLayout@405cbfa8: -1 (22)
D/umd.troyd( 5745): android.widget.LinearLayout@405d6cd8: 2131558801 (23)
D/umd.troyd( 5745): android.widget.TextView: 23.95 (24)
D/umd.troyd( 5745): android.widget.TextView: miles (25)
D/umd.troyd( 5745): android.widget.TextView:  (26)
D/umd.troyd( 5745): android.widget.ImageView@4060bda8: 2131558517 (27)
D/umd.troyd( 5745): android.widget.LinearLayout@40780050: -1 (28)
D/umd.troyd( 5745): android.widget.RelativeLayout@40780240: -1 (29)
D/umd.troyd( 5745): android.widget.RelativeLayout@407805e8: -1 (30)
D/umd.troyd( 5745): android.widget.TextView: Walmart Supercenter (31)
D/umd.troyd( 5745): android.widget.TextView: 1515 S Loop 288 (32)
D/umd.troyd( 5745): android.widget.TextView: Denton, TX 76205 (33)
D/umd.troyd( 5745): android.widget.RelativeLayout@407818f8: -1 (34)
D/umd.troyd( 5745): android.widget.LinearLayout@40781d08: 2131558801 (35)
D/umd.troyd( 5745): android.widget.TextView: 24.52 (36)
D/umd.troyd( 5745): android.widget.TextView: miles (37)
D/umd.troyd( 5745): android.widget.TextView:  (38)
D/umd.troyd( 5745): android.widget.ImageView@40782dc0: 2131558517 (39)
D/umd.troyd( 5745): android.widget.LinearLayout@407f6390: -1 (40)
D/umd.troyd( 5745): android.widget.RelativeLayout@407f6580: -1 (41)
D/umd.troyd( 5745): android.widget.RelativeLayout@407f6928: -1 (42)
D/umd.troyd( 5745): android.widget.TextView: Walmart Supercenter (43)
D/umd.troyd( 5745): android.widget.TextView: 8520 N Beach St (44)
D/umd.troyd( 5745): android.widget.TextView: Fort Worth, TX 76244 (45)
D/umd.troyd( 5745): android.widget.RelativeLayout@407f7c38: -1 (46)
D/umd.troyd( 5745): android.widget.LinearLayout@407f8048: 2131558801 (47)
D/umd.troyd( 5745): android.widget.TextView: 25.55 (48)
D/umd.troyd( 5745): android.widget.TextView: miles (49)
D/umd.troyd( 5745): android.widget.TextView:  (50)
D/umd.troyd( 5745): android.widget.ImageView@407f9100: 2131558517 (51)
D/umd.troyd( 5745): android.widget.LinearLayout@40542cb0: -1 (52)
D/umd.troyd( 5745): android.widget.RelativeLayout@40517a90: -1 (53)
D/umd.troyd( 5745): android.widget.RelativeLayout@4066bcd0: -1 (54)
D/umd.troyd( 5745): android.widget.TextView: Walmart Supercenter (55)
D/umd.troyd( 5745): android.widget.TextView: 6360 Lake Worth Blvd (56)
D/umd.troyd( 5745): android.widget.TextView: Lake Worth, TX 76135 (57)
D/umd.troyd( 5745): android.widget.RelativeLayout@405a0da8: -1 (58)
D/umd.troyd( 5745): android.widget.LinearLayout@405a1d78: 2131558801 (59)
D/umd.troyd( 5745): android.widget.TextView: 27.01 (60)
D/umd.troyd( 5745): android.widget.TextView: miles (61)
D/umd.troyd( 5745): android.widget.TextView:  (62)
D/umd.troyd( 5745): android.widget.ImageView@405a3b88: 2131558517 (63)
D/umd.troyd( 5745): android.widget.LinearLayout@405af750: -1 (64)
D/umd.troyd( 5745): android.widget.RelativeLayout@406fac70: -1 (65)
D/umd.troyd( 5745): android.widget.RelativeLayout@406ffe70: -1 (66)
D/umd.troyd( 5745): android.widget.TextView: Neighborhood Market (67)
D/umd.troyd( 5745): android.widget.TextView: 7401 Park Vista Blvd (68)
D/umd.troyd( 5745): android.widget.TextView: Fort Worth, TX 76137 (69)
D/umd.troyd( 5745): android.widget.RelativeLayout@407a0bf0: -1 (70)
D/umd.troyd( 5745): android.widget.LinearLayout@405b16a8: 2131558801 (71)
D/umd.troyd( 5745): android.widget.TextView: 27.09 (72)
D/umd.troyd( 5745): android.widget.TextView: miles (73)
D/umd.troyd( 5745): android.widget.TextView:  (74)
D/umd.troyd( 5745): android.widget.ImageView@405b30a0: 2131558517 (75)
D/umd.troyd( 5745): android.widget.LinearLayout@405b52a8: -1 (76)
D/umd.troyd( 5745): android.widget.RelativeLayout@405a2c70: -1 (77)
D/umd.troyd( 5745): android.widget.RelativeLayout@405a3240: -1 (78)
D/umd.troyd( 5745): android.widget.TextView: Neighborhood Market (79)
D/umd.troyd( 5745): android.widget.TextView: 2130 Ruf Snow Drive (80)
D/umd.troyd( 5745): android.widget.TextView: Keller, TX 76248 (81)
D/umd.troyd( 5745): android.widget.RelativeLayout@405f2e38: -1 (82)
D/umd.troyd( 5745): android.widget.LinearLayout@4074af40: 2131558801 (83)
D/umd.troyd( 5745): android.widget.TextView: 27.09 (84)
D/umd.troyd( 5745): android.widget.TextView: miles (85)
D/umd.troyd( 5745): android.widget.TextView:  (86)
D/umd.troyd( 5745): android.widget.ImageView@40753a70: 2131558517 (87)
D/umd.troyd( 5745): android.widget.RelativeLayout@406a38c8: 2131558541 (88)
D/umd.troyd( 5745): android.widget.GridView@406a4440: 2131558824 (89)
D/umd.troyd( 5745): android.widget.LinearLayout@406a55c0: 2131558538 (90)
D/umd.troyd( 5745): android.widget.RelativeLayout@406a5fb8: 2131558818 (91)
D/umd.troyd( 5745): android.widget.ImageButton@406a6908: 2131558819 (92)
D/umd.troyd( 5745): android.widget.RelativeLayout@406a6e20: -1 (93)
D/umd.troyd( 5745): android.widget.ImageView@406a7210: 2131558820 (94)
D/umd.troyd( 5745): android.widget.TextView: Stores (95)
D/umd.troyd( 5745): android.widget.RelativeLayout@406a8118: -1 (96)
D/umd.troyd( 5745): android.widget.Button:  (97)
D/umd.troyd( 5745): android.widget.ImageView@406a8c88: 2131558823 (98)
D/umd.troyd( 5745): android.widget.LinearLayout@406a8f18: 2131558542 (99)
D/umd.troyd( 5745): got command getViews
D/umd.troyd( 5745): android.widget.FrameLayout@406a03d0: 16908290 (0)
D/umd.troyd( 5745): android.widget.RelativeLayout@406a0e10: 2131558603 (1)
D/umd.troyd( 5745): android.widget.LinearLayout@406a1248: -1 (2)
D/umd.troyd( 5745): com.walmart.android.ui.ViewStackLayout@406a1798: 2131558797 (3)
D/umd.troyd( 5745): android.widget.RelativeLayout@406b2458: -1 (4)
D/umd.troyd( 5745): android.widget.RelativeLayout@406b29c0: 2131558790 (5)
D/umd.troyd( 5745): android.widget.LinearLayout@406b3540: 2131558790 (6)
D/umd.troyd( 5745): android.widget.RelativeLayout@406b3d20: -1 (7)
D/umd.troyd( 5745): android.widget.Button:  (8)
D/umd.troyd( 5745): android.widget.TextView: Search a location (9)
D/umd.troyd( 5745): android.widget.Button:  (10)
D/umd.troyd( 5745): android.widget.Button:  (11)
D/umd.troyd( 5745): android.widget.Button:  (12)
D/umd.troyd( 5745): android.widget.RelativeLayout@406b85d8: 2131558791 (13)
D/umd.troyd( 5745): com.walmart.android.storelocator.StoreMapView@406b9870: 2131558792 (14)
D/umd.troyd( 5745): android.widget.ListView@407313c0: 2131558521 (15)
D/umd.troyd( 5745): android.widget.LinearLayout@405b52a8: -1 (16)
D/umd.troyd( 5745): android.widget.RelativeLayout@405a2c70: -1 (17)
D/umd.troyd( 5745): android.widget.RelativeLayout@405a3240: -1 (18)
D/umd.troyd( 5745): android.widget.TextView: Neighborhood Market (19)
D/umd.troyd( 5745): android.widget.TextView: 2130 Ruf Snow Drive (20)
D/umd.troyd( 5745): android.widget.TextView: Keller, TX 76248 (21)
D/umd.troyd( 5745): android.widget.RelativeLayout@405f2e38: -1 (22)
D/umd.troyd( 5745): android.widget.LinearLayout@4074af40: 2131558801 (23)
D/umd.troyd( 5745): android.widget.TextView: 27.09 (24)
D/umd.troyd( 5745): android.widget.TextView: miles (25)
D/umd.troyd( 5745): android.widget.TextView:  (26)
D/umd.troyd( 5745): android.widget.ImageView@40753a70: 2131558517 (27)
D/umd.troyd( 5745): android.widget.LinearLayout@4076aae8: -1 (28)
D/umd.troyd( 5745): android.widget.RelativeLayout@4076af50: -1 (29)
D/umd.troyd( 5745): android.widget.RelativeLayout@4076b3b8: -1 (30)
D/umd.troyd( 5745): android.widget.TextView: Neighborhood Market (31)
D/umd.troyd( 5745): android.widget.TextView: 2201 West Southlake Blvd (32)
D/umd.troyd( 5745): android.widget.TextView: Southlake, TX 76092 (33)
D/umd.troyd( 5745): android.widget.RelativeLayout@407571d0: -1 (34)
D/umd.troyd( 5745): android.widget.LinearLayout@407573f0: 2131558801 (35)
D/umd.troyd( 5745): android.widget.TextView: 27.11 (36)
D/umd.troyd( 5745): android.widget.TextView: miles (37)
D/umd.troyd( 5745): android.widget.TextView:  (38)
D/umd.troyd( 5745): android.widget.ImageView@40759ac8: 2131558517 (39)
D/umd.troyd( 5745): android.widget.LinearLayout@40759ce8: -1 (40)
D/umd.troyd( 5745): android.widget.RelativeLayout@4075b858: -1 (41)
D/umd.troyd( 5745): android.widget.RelativeLayout@405ccfc0: -1 (42)
D/umd.troyd( 5745): android.widget.TextView: Walmart Supercenter (43)
D/umd.troyd( 5745): android.widget.TextView: 3060 Justin Rd (44)
D/umd.troyd( 5745): android.widget.TextView: Highland Village, TX 75077 (45)
D/umd.troyd( 5745): android.widget.RelativeLayout@406275d8: -1 (46)
D/umd.troyd( 5745): android.widget.LinearLayout@4069db00: 2131558801 (47)
D/umd.troyd( 5745): android.widget.TextView: 27.11 (48)
D/umd.troyd( 5745): android.widget.TextView: miles (49)
D/umd.troyd( 5745): android.widget.TextView:  (50)
D/umd.troyd( 5745): android.widget.ImageView@40697358: 2131558517 (51)
D/umd.troyd( 5745): android.widget.LinearLayout@40755a08: -1 (52)
D/umd.troyd( 5745): android.widget.RelativeLayout@40618dd0: -1 (53)
D/umd.troyd( 5745): android.widget.RelativeLayout@40690168: -1 (54)
D/umd.troyd( 5745): android.widget.TextView: Walmart Supercenter (55)
D/umd.troyd( 5745): android.widget.TextView: 1035 Hickory Creek Blvd (56)
D/umd.troyd( 5745): android.widget.TextView: Hickory Creek, TX 75065 (57)
D/umd.troyd( 5745): android.widget.RelativeLayout@407a0a98: -1 (58)
D/umd.troyd( 5745): android.widget.LinearLayout@407a0d50: 2131558801 (59)
D/umd.troyd( 5745): android.widget.TextView: 27.77 (60)
D/umd.troyd( 5745): android.widget.TextView: miles (61)
D/umd.troyd( 5745): android.widget.TextView:  (62)
D/umd.troyd( 5745): android.widget.ImageView@407a6860: 2131558517 (63)
D/umd.troyd( 5745): android.widget.LinearLayout@407a6b20: -1 (64)
D/umd.troyd( 5745): android.widget.RelativeLayout@40749fc0: -1 (65)
D/umd.troyd( 5745): android.widget.RelativeLayout@40756f88: -1 (66)
D/umd.troyd( 5745): android.widget.TextView: Walmart Supercenter (67)
D/umd.troyd( 5745): android.widget.TextView: 9101 N Tarrant Pkwy (68)
D/umd.troyd( 5745): android.widget.TextView: North Richland Hill, TX 76182 (69)
D/umd.troyd( 5745): android.widget.RelativeLayout@407593b8: -1 (70)
D/umd.troyd( 5745): android.widget.LinearLayout@407a1010: 2131558801 (71)
D/umd.troyd( 5745): android.widget.TextView: 28.10 (72)
D/umd.troyd( 5745): android.widget.TextView: miles (73)
D/umd.troyd( 5745): android.widget.TextView:  (74)
D/umd.troyd( 5745): android.widget.ImageView@407194d8: 2131558517 (75)
D/umd.troyd( 5745): android.widget.LinearLayout@40759868: -1 (76)
D/umd.troyd( 5745): android.widget.RelativeLayout@405a5478: -1 (77)
D/umd.troyd( 5745): android.widget.RelativeLayout@40759600: -1 (78)
D/umd.troyd( 5745): android.widget.TextView: Neighborhood Market (79)
D/umd.troyd( 5745): android.widget.TextView: 2800 Flower Mound Rd (80)
D/umd.troyd( 5745): android.widget.TextView: Flower Mound, TX 75022 (81)
D/umd.troyd( 5745): android.widget.RelativeLayout@406b1930: -1 (82)
D/umd.troyd( 5745): android.widget.LinearLayout@406f0a70: 2131558801 (83)
D/umd.troyd( 5745): android.widget.TextView: 28.93 (84)
D/umd.troyd( 5745): android.widget.TextView: miles (85)
D/umd.troyd( 5745): android.widget.TextView:  (86)
D/umd.troyd( 5745): android.widget.ImageView@4070c9a8: 2131558517 (87)
D/umd.troyd( 5745): android.widget.RelativeLayout@406a38c8: 2131558541 (88)
D/umd.troyd( 5745): android.widget.GridView@406a4440: 2131558824 (89)
D/umd.troyd( 5745): android.widget.LinearLayout@406a55c0: 2131558538 (90)
D/umd.troyd( 5745): android.widget.RelativeLayout@406a5fb8: 2131558818 (91)
D/umd.troyd( 5745): android.widget.ImageButton@406a6908: 2131558819 (92)
D/umd.troyd( 5745): android.widget.RelativeLayout@406a6e20: -1 (93)
D/umd.troyd( 5745): android.widget.ImageView@406a7210: 2131558820 (94)
D/umd.troyd( 5745): android.widget.TextView: Stores (95)
D/umd.troyd( 5745): android.widget.RelativeLayout@406a8118: -1 (96)
D/umd.troyd( 5745): android.widget.Button:  (97)
D/umd.troyd( 5745): android.widget.ImageView@406a8c88: 2131558823 (98)
D/umd.troyd( 5745): android.widget.LinearLayout@406a8f18: 2131558542 (99)
D/umd.troyd( 5745): got command getViews
D/umd.troyd( 5745): android.widget.FrameLayout@406a03d0: 16908290 (0)
D/umd.troyd( 5745): android.widget.RelativeLayout@406a0e10: 2131558603 (1)
D/umd.troyd( 5745): android.widget.LinearLayout@406a1248: -1 (2)
D/umd.troyd( 5745): com.walmart.android.ui.ViewStackLayout@406a1798: 2131558797 (3)
D/umd.troyd( 5745): android.widget.RelativeLayout@406b2458: -1 (4)
D/umd.troyd( 5745): android.widget.RelativeLayout@406b29c0: 2131558790 (5)
D/umd.troyd( 5745): android.widget.LinearLayout@406b3540: 2131558790 (6)
D/umd.troyd( 5745): android.widget.RelativeLayout@406b3d20: -1 (7)
D/umd.troyd( 5745): android.widget.Button:  (8)
D/umd.troyd( 5745): android.widget.TextView: Search a location (9)
D/umd.troyd( 5745): android.widget.Button:  (10)
D/umd.troyd( 5745): android.widget.Button:  (11)
D/umd.troyd( 5745): android.widget.Button:  (12)
D/umd.troyd( 5745): android.widget.RelativeLayout@406b85d8: 2131558791 (13)
D/umd.troyd( 5745): com.walmart.android.storelocator.StoreMapView@406b9870: 2131558792 (14)
D/umd.troyd( 5745): android.widget.ListView@407313c0: 2131558521 (15)
D/umd.troyd( 5745): android.widget.LinearLayout@40759868: -1 (16)
D/umd.troyd( 5745): android.widget.RelativeLayout@405a5478: -1 (17)
D/umd.troyd( 5745): android.widget.RelativeLayout@40759600: -1 (18)
D/umd.troyd( 5745): android.widget.TextView: Neighborhood Market (19)
D/umd.troyd( 5745): android.widget.TextView: 2800 Flower Mound Rd (20)
D/umd.troyd( 5745): android.widget.TextView: Flower Mound, TX 75022 (21)
D/umd.troyd( 5745): android.widget.RelativeLayout@406b1930: -1 (22)
D/umd.troyd( 5745): android.widget.LinearLayout@406f0a70: 2131558801 (23)
D/umd.troyd( 5745): android.widget.TextView: 28.93 (24)
D/umd.troyd( 5745): android.widget.TextView: miles (25)
D/umd.troyd( 5745): android.widget.TextView:  (26)
D/umd.troyd( 5745): android.widget.ImageView@4070c9a8: 2131558517 (27)
D/umd.troyd( 5745): android.widget.LinearLayout@40718d38: -1 (28)
D/umd.troyd( 5745): android.widget.RelativeLayout@40740768: -1 (29)
D/umd.troyd( 5745): android.widget.RelativeLayout@405a4500: -1 (30)
D/umd.troyd( 5745): android.widget.TextView: Walmart Supercenter (31)
D/umd.troyd( 5745): android.widget.TextView: 9500 Clifford St (32)
D/umd.troyd( 5745): android.widget.TextView: Fort Worth, TX 76108 (33)
D/umd.troyd( 5745): android.widget.RelativeLayout@405cbfa8: -1 (34)
D/umd.troyd( 5745): android.widget.LinearLayout@405d6cd8: 2131558801 (35)
D/umd.troyd( 5745): android.widget.TextView: 29.10 (36)
D/umd.troyd( 5745): android.widget.TextView: miles (37)
D/umd.troyd( 5745): android.widget.TextView:  (38)
D/umd.troyd( 5745): android.widget.ImageView@4060bda8: 2131558517 (39)
D/umd.troyd( 5745): android.widget.LinearLayout@40780050: -1 (40)
D/umd.troyd( 5745): android.widget.RelativeLayout@40780240: -1 (41)
D/umd.troyd( 5745): android.widget.RelativeLayout@407805e8: -1 (42)
D/umd.troyd( 5745): android.widget.TextView: Neighborhood Market (43)
D/umd.troyd( 5745): android.widget.TextView: 1515 Justin Rd (44)
D/umd.troyd( 5745): android.widget.TextView: Lewisville, TX 75077 (45)
D/umd.troyd( 5745): android.widget.RelativeLayout@407818f8: -1 (46)
D/umd.troyd( 5745): android.widget.LinearLayout@40781d08: 2131558801 (47)
D/umd.troyd( 5745): android.widget.TextView: 29.21 (48)
D/umd.troyd( 5745): android.widget.TextView: miles (49)
D/umd.troyd( 5745): android.widget.TextView:  (50)
D/umd.troyd( 5745): android.widget.ImageView@40782dc0: 2131558517 (51)
D/umd.troyd( 5745): android.widget.LinearLayout@407f6390: -1 (52)
D/umd.troyd( 5745): android.widget.RelativeLayout@407f6580: -1 (53)
D/umd.troyd( 5745): android.widget.RelativeLayout@407f6928: -1 (54)
D/umd.troyd( 5745): android.widget.TextView: Walmart Supercenter (55)
D/umd.troyd( 5745): android.widget.TextView: 6401 Ne Loop 820 (56)
D/umd.troyd( 5745): android.widget.TextView: North Richland Hill, TX 76180 (57)
D/umd.troyd( 5745): android.widget.RelativeLayout@407f7c38: -1 (58)
D/umd.troyd( 5745): android.widget.LinearLayout@407f8048: 2131558801 (59)
D/umd.troyd( 5745): android.widget.TextView: 29.32 (60)
D/umd.troyd( 5745): android.widget.TextView: miles (61)
D/umd.troyd( 5745): android.widget.TextView:  (62)
D/umd.troyd( 5745): android.widget.ImageView@407f9100: 2131558517 (63)
D/umd.troyd( 5745): android.widget.LinearLayout@40542cb0: -1 (64)
D/umd.troyd( 5745): android.widget.RelativeLayout@40517a90: -1 (65)
D/umd.troyd( 5745): android.widget.RelativeLayout@4066bcd0: -1 (66)
D/umd.troyd( 5745): android.widget.TextView: Walmart Supercenter (67)
D/umd.troyd( 5745): android.widget.TextView: 2801 E Interstate 20 (68)
D/umd.troyd( 5745): android.widget.TextView: Hudson Oaks, TX 76087 (69)
D/umd.troyd( 5745): android.widget.RelativeLayout@405a0da8: -1 (70)
D/umd.troyd( 5745): android.widget.LinearLayout@405a1d78: 2131558801 (71)
D/umd.troyd( 5745): android.widget.TextView: 30.01 (72)
D/umd.troyd( 5745): android.widget.TextView: miles (73)
D/umd.troyd( 5745): android.widget.TextView:  (74)
D/umd.troyd( 5745): android.widget.ImageView@405a3b88: 2131558517 (75)
D/umd.troyd( 5745): android.widget.LinearLayout@405af750: -1 (76)
D/umd.troyd( 5745): android.widget.RelativeLayout@406fac70: -1 (77)
D/umd.troyd( 5745): android.widget.RelativeLayout@406ffe70: -1 (78)
D/umd.troyd( 5745): android.widget.TextView: Walmart Supercenter (79)
D/umd.troyd( 5745): android.widget.TextView: 6770 Westworth Blvd (80)
D/umd.troyd( 5745): android.widget.TextView: Westworth Village, TX 76114 (81)
D/umd.troyd( 5745): android.widget.RelativeLayout@407a0bf0: -1 (82)
D/umd.troyd( 5745): android.widget.LinearLayout@405b16a8: 2131558801 (83)
D/umd.troyd( 5745): android.widget.TextView: 30.24 (84)
D/umd.troyd( 5745): android.widget.TextView: miles (85)
D/umd.troyd( 5745): android.widget.TextView:  (86)
D/umd.troyd( 5745): android.widget.ImageView@405b30a0: 2131558517 (87)
D/umd.troyd( 5745): android.widget.RelativeLayout@406a38c8: 2131558541 (88)
D/umd.troyd( 5745): android.widget.GridView@406a4440: 2131558824 (89)
D/umd.troyd( 5745): android.widget.LinearLayout@406a55c0: 2131558538 (90)
D/umd.troyd( 5745): android.widget.RelativeLayout@406a5fb8: 2131558818 (91)
D/umd.troyd( 5745): android.widget.ImageButton@406a6908: 2131558819 (92)
D/umd.troyd( 5745): android.widget.RelativeLayout@406a6e20: -1 (93)
D/umd.troyd( 5745): android.widget.ImageView@406a7210: 2131558820 (94)
D/umd.troyd( 5745): android.widget.TextView: Stores (95)
D/umd.troyd( 5745): android.widget.RelativeLayout@406a8118: -1 (96)
D/umd.troyd( 5745): android.widget.Button:  (97)
D/umd.troyd( 5745): android.widget.ImageView@406a8c88: 2131558823 (98)
D/umd.troyd( 5745): android.widget.LinearLayout@406a8f18: 2131558542 (99)
D/umd.troyd( 5745): got command getViews
D/umd.troyd( 5745): android.widget.FrameLayout@406a03d0: 16908290 (0)
D/umd.troyd( 5745): android.widget.RelativeLayout@406a0e10: 2131558603 (1)
D/umd.troyd( 5745): android.widget.LinearLayout@406a1248: -1 (2)
D/umd.troyd( 5745): com.walmart.android.ui.ViewStackLayout@406a1798: 2131558797 (3)
D/umd.troyd( 5745): android.widget.RelativeLayout@406b2458: -1 (4)
D/umd.troyd( 5745): android.widget.RelativeLayout@406b29c0: 2131558790 (5)
D/umd.troyd( 5745): android.widget.LinearLayout@406b3540: 2131558790 (6)
D/umd.troyd( 5745): android.widget.RelativeLayout@406b3d20: -1 (7)
D/umd.troyd( 5745): android.widget.Button:  (8)
D/umd.troyd( 5745): android.widget.TextView: Search a location (9)
D/umd.troyd( 5745): android.widget.Button:  (10)
D/umd.troyd( 5745): android.widget.Button:  (11)
D/umd.troyd( 5745): android.widget.Button:  (12)
D/umd.troyd( 5745): android.widget.RelativeLayout@406b85d8: 2131558791 (13)
D/umd.troyd( 5745): com.walmart.android.storelocator.StoreMapView@406b9870: 2131558792 (14)
D/umd.troyd( 5745): android.widget.ListView@407313c0: 2131558521 (15)
D/umd.troyd( 5745): android.widget.LinearLayout@405af750: -1 (16)
D/umd.troyd( 5745): android.widget.RelativeLayout@406fac70: -1 (17)
D/umd.troyd( 5745): android.widget.RelativeLayout@406ffe70: -1 (18)
D/umd.troyd( 5745): android.widget.TextView: Walmart Supercenter (19)
D/umd.troyd( 5745): android.widget.TextView: 6770 Westworth Blvd (20)
D/umd.troyd( 5745): android.widget.TextView: Westworth Village, TX 76114 (21)
D/umd.troyd( 5745): android.widget.RelativeLayout@407a0bf0: -1 (22)
D/umd.troyd( 5745): android.widget.LinearLayout@405b16a8: 2131558801 (23)
D/umd.troyd( 5745): android.widget.TextView: 30.24 (24)
D/umd.troyd( 5745): android.widget.TextView: miles (25)
D/umd.troyd( 5745): android.widget.TextView:  (26)
D/umd.troyd( 5745): android.widget.ImageView@405b30a0: 2131558517 (27)
D/umd.troyd( 5745): android.widget.LinearLayout@405b52a8: -1 (28)
D/umd.troyd( 5745): android.widget.RelativeLayout@405a2c70: -1 (29)
D/umd.troyd( 5745): android.widget.RelativeLayout@405a3240: -1 (30)
D/umd.troyd( 5745): android.widget.TextView: Neighborhood Market (31)
D/umd.troyd( 5745): android.widget.TextView: 4904 Colleyville Blvd (32)
D/umd.troyd( 5745): android.widget.TextView: Colleyville, TX 76034 (33)
D/umd.troyd( 5745): android.widget.RelativeLayout@405f2e38: -1 (34)
D/umd.troyd( 5745): android.widget.LinearLayout@4074af40: 2131558801 (35)
D/umd.troyd( 5745): android.widget.TextView: 30.42 (36)
D/umd.troyd( 5745): android.widget.TextView: miles (37)
D/umd.troyd( 5745): android.widget.TextView:  (38)
D/umd.troyd( 5745): android.widget.ImageView@40753a70: 2131558517 (39)
D/umd.troyd( 5745): android.widget.LinearLayout@4076aae8: -1 (40)
D/umd.troyd( 5745): android.widget.RelativeLayout@4076af50: -1 (41)
D/umd.troyd( 5745): android.widget.RelativeLayout@4076b3b8: -1 (42)
D/umd.troyd( 5745): android.widget.TextView: Walmart Supercenter (43)
D/umd.troyd( 5745): android.widget.TextView: 1601 W State Highway 114 (44)
D/umd.troyd( 5745): android.widget.TextView: Grapevine, TX 76051 (45)
D/umd.troyd( 5745): android.widget.RelativeLayout@407571d0: -1 (46)
D/umd.troyd( 5745): android.widget.LinearLayout@407573f0: 2131558801 (47)
D/umd.troyd( 5745): android.widget.TextView: 30.56 (48)
D/umd.troyd( 5745): android.widget.TextView: miles (49)
D/umd.troyd( 5745): android.widget.TextView:  (50)
D/umd.troyd( 5745): android.widget.ImageView@40759ac8: 2131558517 (51)
D/umd.troyd( 5745): android.widget.LinearLayout@40759ce8: -1 (52)
D/umd.troyd( 5745): android.widget.RelativeLayout@4075b858: -1 (53)
D/umd.troyd( 5745): android.widget.RelativeLayout@405ccfc0: -1 (54)
D/umd.troyd( 5745): android.widget.TextView: Walmart Supercenter (55)
D/umd.troyd( 5745): android.widget.TextView: 801 W Main St (56)
D/umd.troyd( 5745): android.widget.TextView: Lewisville, TX 75067 (57)
D/umd.troyd( 5745): android.widget.RelativeLayout@406275d8: -1 (58)
D/umd.troyd( 5745): android.widget.LinearLayout@4069db00: 2131558801 (59)
D/umd.troyd( 5745): android.widget.TextView: 30.74 (60)
D/umd.troyd( 5745): android.widget.TextView: miles (61)
D/umd.troyd( 5745): android.widget.TextView:  (62)
D/umd.troyd( 5745): android.widget.ImageView@40697358: 2131558517 (63)
D/umd.troyd( 5745): android.widget.LinearLayout@40755a08: -1 (64)
D/umd.troyd( 5745): android.widget.RelativeLayout@40618dd0: -1 (65)
D/umd.troyd( 5745): android.widget.RelativeLayout@40690168: -1 (66)
D/umd.troyd( 5745): android.widget.TextView: Walmart Supercenter (67)
D/umd.troyd( 5745): android.widget.TextView: 1732 Precinct Line Rd (68)
D/umd.troyd( 5745): android.widget.TextView: Hurst, TX 76054 (69)
D/umd.troyd( 5745): android.widget.RelativeLayout@407a0a98: -1 (70)
D/umd.troyd( 5745): android.widget.LinearLayout@407a0d50: 2131558801 (71)
D/umd.troyd( 5745): android.widget.TextView: 31.13 (72)
D/umd.troyd( 5745): android.widget.TextView: miles (73)
D/umd.troyd( 5745): android.widget.TextView:  (74)
D/umd.troyd( 5745): android.widget.ImageView@407a6860: 2131558517 (75)
D/umd.troyd( 5745): android.widget.LinearLayout@407a6b20: -1 (76)
D/umd.troyd( 5745): android.widget.RelativeLayout@40749fc0: -1 (77)
D/umd.troyd( 5745): android.widget.RelativeLayout@40756f88: -1 (78)
D/umd.troyd( 5745): android.widget.TextView: Walmart Supercenter (79)
D/umd.troyd( 5745): android.widget.TextView: 3851 Airport Fwy (80)
D/umd.troyd( 5745): android.widget.TextView: Fort Worth, TX 76111 (81)
D/umd.troyd( 5745): android.widget.RelativeLayout@407593b8: -1 (82)
D/umd.troyd( 5745): android.widget.LinearLayout@407a1010: 2131558801 (83)
D/umd.troyd( 5745): android.widget.TextView: 31.73 (84)
D/umd.troyd( 5745): android.widget.TextView: miles (85)
D/umd.troyd( 5745): android.widget.TextView:  (86)
D/umd.troyd( 5745): android.widget.ImageView@407194d8: 2131558517 (87)
D/umd.troyd( 5745): android.widget.RelativeLayout@406a38c8: 2131558541 (88)
D/umd.troyd( 5745): android.widget.GridView@406a4440: 2131558824 (89)
D/umd.troyd( 5745): android.widget.LinearLayout@406a55c0: 2131558538 (90)
D/umd.troyd( 5745): android.widget.RelativeLayout@406a5fb8: 2131558818 (91)
D/umd.troyd( 5745): android.widget.ImageButton@406a6908: 2131558819 (92)
D/umd.troyd( 5745): android.widget.RelativeLayout@406a6e20: -1 (93)
D/umd.troyd( 5745): android.widget.ImageView@406a7210: 2131558820 (94)
D/umd.troyd( 5745): android.widget.TextView: Stores (95)
D/umd.troyd( 5745): android.widget.RelativeLayout@406a8118: -1 (96)
D/umd.troyd( 5745): android.widget.Button:  (97)
D/umd.troyd( 5745): android.widget.ImageView@406a8c88: 2131558823 (98)
D/umd.troyd( 5745): android.widget.LinearLayout@406a8f18: 2131558542 (99)
