emulator-5554
D/umd.troyd( 5680): got command getViews
D/umd.troyd( 5680): android.widget.FrameLayout@406ab220: 16908290 (0)
D/umd.troyd( 5680): android.widget.RelativeLayout@406abc60: 2131558603 (1)
D/umd.troyd( 5680): android.widget.LinearLayout@406ac098: -1 (2)
D/umd.troyd( 5680): com.walmart.android.ui.ViewStackLayout@406ac5e8: 2131558797 (3)
D/umd.troyd( 5680): android.widget.RelativeLayout@406bd2a8: -1 (4)
D/umd.troyd( 5680): android.widget.RelativeLayout@406bd810: 2131558790 (5)
D/umd.troyd( 5680): android.widget.LinearLayout@406be390: 2131558790 (6)
D/umd.troyd( 5680): android.widget.RelativeLayout@406beb70: -1 (7)
D/umd.troyd( 5680): android.widget.Button:  (8)
D/umd.troyd( 5680): android.widget.TextView: Search a location (9)
D/umd.troyd( 5680): android.widget.Button:  (10)
D/umd.troyd( 5680): android.widget.Button:  (11)
D/umd.troyd( 5680): android.widget.Button:  (12)
D/umd.troyd( 5680): android.widget.RelativeLayout@406c3428: 2131558791 (13)
D/umd.troyd( 5680): com.walmart.android.storelocator.StoreMapView@406c46c0: 2131558792 (14)
D/umd.troyd( 5680): android.widget.ListView@406a1530: 2131558521 (15)
D/umd.troyd( 5680): android.widget.LinearLayout@407969e0: -1 (16)
D/umd.troyd( 5680): android.widget.RelativeLayout@406a68a8: -1 (17)
D/umd.troyd( 5680): android.widget.RelativeLayout@4078f728: -1 (18)
D/umd.troyd( 5680): android.widget.TextView: Walmart Supercenter (19)
D/umd.troyd( 5680): android.widget.TextView: 800 S Us Hwy 81/287 (20)
D/umd.troyd( 5680): android.widget.TextView: Decatur, TX 76234 (21)
D/umd.troyd( 5680): android.widget.RelativeLayout@406a0760: -1 (22)
D/umd.troyd( 5680): android.widget.LinearLayout@40689978: 2131558801 (23)
D/umd.troyd( 5680): android.widget.TextView: 2.56 (24)
D/umd.troyd( 5680): android.widget.TextView: miles (25)
D/umd.troyd( 5680): android.widget.TextView:  (26)
D/umd.troyd( 5680): android.widget.ImageView@406bdc30: 2131558517 (27)
D/umd.troyd( 5680): android.widget.LinearLayout@406bdd80: -1 (28)
D/umd.troyd( 5680): android.widget.RelativeLayout@40628c60: -1 (29)
D/umd.troyd( 5680): android.widget.RelativeLayout@40628db8: -1 (30)
D/umd.troyd( 5680): android.widget.TextView: Walmart Supercenter (31)
D/umd.troyd( 5680): android.widget.TextView: 1341 Highway 287 N (32)
D/umd.troyd( 5680): android.widget.TextView: Bowie, TX 76230 (33)
D/umd.troyd( 5680): android.widget.RelativeLayout@406b0f60: -1 (34)
D/umd.troyd( 5680): android.widget.LinearLayout@406b10b8: 2131558801 (35)
D/umd.troyd( 5680): android.widget.TextView: 20.49 (36)
D/umd.troyd( 5680): android.widget.TextView: miles (37)
D/umd.troyd( 5680): android.widget.TextView:  (38)
D/umd.troyd( 5680): android.widget.ImageView@40723808: 2131558517 (39)
D/umd.troyd( 5680): android.widget.LinearLayout@40723958: -1 (40)
D/umd.troyd( 5680): android.widget.RelativeLayout@40684898: -1 (41)
D/umd.troyd( 5680): android.widget.RelativeLayout@40684ab0: -1 (42)
D/umd.troyd( 5680): android.widget.TextView: Walmart Supercenter (43)
D/umd.troyd( 5680): android.widget.TextView: 721 Boyd Rd (44)
D/umd.troyd( 5680): android.widget.TextView: Azle, TX 76020 (45)
D/umd.troyd( 5680): android.widget.RelativeLayout@4073cc50: -1 (46)
D/umd.troyd( 5680): android.widget.LinearLayout@407364c8: 2131558801 (47)
D/umd.troyd( 5680): android.widget.TextView: 21.01 (48)
D/umd.troyd( 5680): android.widget.TextView: miles (49)
D/umd.troyd( 5680): android.widget.TextView:  (50)
D/umd.troyd( 5680): android.widget.ImageView@40591af0: 2131558517 (51)
D/umd.troyd( 5680): android.widget.LinearLayout@4079e068: -1 (52)
D/umd.troyd( 5680): android.widget.RelativeLayout@407b9c30: -1 (53)
D/umd.troyd( 5680): android.widget.RelativeLayout@40789288: -1 (54)
D/umd.troyd( 5680): android.widget.TextView: Walmart Supercenter (55)
D/umd.troyd( 5680): android.widget.TextView: 2750 W University Dr (56)
D/umd.troyd( 5680): android.widget.TextView: Denton, TX 76201 (57)
D/umd.troyd( 5680): android.widget.RelativeLayout@40798608: -1 (58)
D/umd.troyd( 5680): android.widget.LinearLayout@405e5538: 2131558801 (59)
D/umd.troyd( 5680): android.widget.TextView: 23.91 (60)
D/umd.troyd( 5680): android.widget.TextView: miles (61)
D/umd.troyd( 5680): android.widget.TextView:  (62)
D/umd.troyd( 5680): android.widget.ImageView@405f80c8: 2131558517 (63)
D/umd.troyd( 5680): android.widget.LinearLayout@40771e58: -1 (64)
D/umd.troyd( 5680): android.widget.RelativeLayout@40772048: -1 (65)
D/umd.troyd( 5680): android.widget.RelativeLayout@40775458: -1 (66)
D/umd.troyd( 5680): android.widget.TextView: Walmart Supercenter (67)
D/umd.troyd( 5680): android.widget.TextView: 1401 N Saginaw Blvd (68)
D/umd.troyd( 5680): android.widget.TextView: Saginaw, TX 76179 (69)
D/umd.troyd( 5680): android.widget.RelativeLayout@407941d0: -1 (70)
D/umd.troyd( 5680): android.widget.LinearLayout@4068de70: 2131558801 (71)
D/umd.troyd( 5680): android.widget.TextView: 25.28 (72)
D/umd.troyd( 5680): android.widget.TextView: miles (73)
D/umd.troyd( 5680): android.widget.TextView:  (74)
D/umd.troyd( 5680): android.widget.ImageView@407178e0: 2131558517 (75)
D/umd.troyd( 5680): android.widget.LinearLayout@407386e8: -1 (76)
D/umd.troyd( 5680): android.widget.RelativeLayout@40738838: -1 (77)
D/umd.troyd( 5680): android.widget.RelativeLayout@4076cd88: -1 (78)
D/umd.troyd( 5680): android.widget.TextView: Walmart Supercenter (79)
D/umd.troyd( 5680): android.widget.TextView: 1228 North Highway 377 (80)
D/umd.troyd( 5680): android.widget.TextView: Roanoke, TX 76262 (81)
D/umd.troyd( 5680): android.widget.RelativeLayout@40774610: -1 (82)
D/umd.troyd( 5680): android.widget.LinearLayout@4070a050: 2131558801 (83)
D/umd.troyd( 5680): android.widget.TextView: 25.29 (84)
D/umd.troyd( 5680): android.widget.TextView: miles (85)
D/umd.troyd( 5680): android.widget.TextView:  (86)
D/umd.troyd( 5680): android.widget.ImageView@40700250: 2131558517 (87)
D/umd.troyd( 5680): android.widget.RelativeLayout@406ae718: 2131558541 (88)
D/umd.troyd( 5680): android.widget.GridView@406af290: 2131558824 (89)
D/umd.troyd( 5680): android.widget.LinearLayout@406b0410: 2131558538 (90)
D/umd.troyd( 5680): android.widget.RelativeLayout@406b0e08: 2131558818 (91)
D/umd.troyd( 5680): android.widget.ImageButton@406b1758: 2131558819 (92)
D/umd.troyd( 5680): android.widget.RelativeLayout@406b1c70: -1 (93)
D/umd.troyd( 5680): android.widget.ImageView@406b2060: 2131558820 (94)
D/umd.troyd( 5680): android.widget.TextView: Stores (95)
D/umd.troyd( 5680): android.widget.RelativeLayout@406b2f68: -1 (96)
D/umd.troyd( 5680): android.widget.Button:  (97)
D/umd.troyd( 5680): android.widget.ImageView@406b3ad8: 2131558823 (98)
D/umd.troyd( 5680): android.widget.LinearLayout@406b3d68: 2131558542 (99)
D/umd.troyd( 5680): got command getViews
D/umd.troyd( 5680): android.widget.FrameLayout@406ab220: 16908290 (0)
D/umd.troyd( 5680): android.widget.RelativeLayout@406abc60: 2131558603 (1)
D/umd.troyd( 5680): android.widget.LinearLayout@406ac098: -1 (2)
D/umd.troyd( 5680): com.walmart.android.ui.ViewStackLayout@406ac5e8: 2131558797 (3)
D/umd.troyd( 5680): android.widget.RelativeLayout@406bd2a8: -1 (4)
D/umd.troyd( 5680): android.widget.RelativeLayout@406bd810: 2131558790 (5)
D/umd.troyd( 5680): android.widget.LinearLayout@406be390: 2131558790 (6)
D/umd.troyd( 5680): android.widget.RelativeLayout@406beb70: -1 (7)
D/umd.troyd( 5680): android.widget.Button:  (8)
D/umd.troyd( 5680): android.widget.TextView: Search a location (9)
D/umd.troyd( 5680): android.widget.Button:  (10)
D/umd.troyd( 5680): android.widget.Button:  (11)
D/umd.troyd( 5680): android.widget.Button:  (12)
D/umd.troyd( 5680): android.widget.RelativeLayout@406c3428: 2131558791 (13)
D/umd.troyd( 5680): com.walmart.android.storelocator.StoreMapView@406c46c0: 2131558792 (14)
D/umd.troyd( 5680): android.widget.ListView@406a1530: 2131558521 (15)
D/umd.troyd( 5680): android.widget.LinearLayout@407386e8: -1 (16)
D/umd.troyd( 5680): android.widget.RelativeLayout@40738838: -1 (17)
D/umd.troyd( 5680): android.widget.RelativeLayout@4076cd88: -1 (18)
D/umd.troyd( 5680): android.widget.TextView: Walmart Supercenter (19)
D/umd.troyd( 5680): android.widget.TextView: 1228 North Highway 377 (20)
D/umd.troyd( 5680): android.widget.TextView: Roanoke, TX 76262 (21)
D/umd.troyd( 5680): android.widget.RelativeLayout@40774610: -1 (22)
D/umd.troyd( 5680): android.widget.LinearLayout@4070a050: 2131558801 (23)
D/umd.troyd( 5680): android.widget.TextView: 25.29 (24)
D/umd.troyd( 5680): android.widget.TextView: miles (25)
D/umd.troyd( 5680): android.widget.TextView:  (26)
D/umd.troyd( 5680): android.widget.ImageView@40700250: 2131558517 (27)
D/umd.troyd( 5680): android.widget.LinearLayout@406cb958: -1 (28)
D/umd.troyd( 5680): android.widget.RelativeLayout@406cbb48: -1 (29)
D/umd.troyd( 5680): android.widget.RelativeLayout@406cbef0: -1 (30)
D/umd.troyd( 5680): android.widget.TextView: Walmart Supercenter (31)
D/umd.troyd( 5680): android.widget.TextView: 8520 N Beach St (32)
D/umd.troyd( 5680): android.widget.TextView: Fort Worth, TX 76244 (33)
D/umd.troyd( 5680): android.widget.RelativeLayout@406cd200: -1 (34)
D/umd.troyd( 5680): android.widget.LinearLayout@406cd610: 2131558801 (35)
D/umd.troyd( 5680): android.widget.TextView: 27.38 (36)
D/umd.troyd( 5680): android.widget.TextView: miles (37)
D/umd.troyd( 5680): android.widget.TextView:  (38)
D/umd.troyd( 5680): android.widget.ImageView@406ce6c8: 2131558517 (39)
D/umd.troyd( 5680): android.widget.LinearLayout@406d0158: -1 (40)
D/umd.troyd( 5680): android.widget.RelativeLayout@406d0348: -1 (41)
D/umd.troyd( 5680): android.widget.RelativeLayout@406d06f0: -1 (42)
D/umd.troyd( 5680): android.widget.TextView: Walmart Supercenter (43)
D/umd.troyd( 5680): android.widget.TextView: 1515 S Loop 288 (44)
D/umd.troyd( 5680): android.widget.TextView: Denton, TX 76205 (45)
D/umd.troyd( 5680): android.widget.RelativeLayout@406d1a00: -1 (46)
D/umd.troyd( 5680): android.widget.LinearLayout@406d1e10: 2131558801 (47)
D/umd.troyd( 5680): android.widget.TextView: 27.80 (48)
D/umd.troyd( 5680): android.widget.TextView: miles (49)
D/umd.troyd( 5680): android.widget.TextView:  (50)
D/umd.troyd( 5680): android.widget.ImageView@406d2ec8: 2131558517 (51)
D/umd.troyd( 5680): android.widget.LinearLayout@406d4950: -1 (52)
D/umd.troyd( 5680): android.widget.RelativeLayout@406d4b40: -1 (53)
D/umd.troyd( 5680): android.widget.RelativeLayout@406d4ee8: -1 (54)
D/umd.troyd( 5680): android.widget.TextView: Walmart Supercenter (55)
D/umd.troyd( 5680): android.widget.TextView: 6360 Lake Worth Blvd (56)
D/umd.troyd( 5680): android.widget.TextView: Lake Worth, TX 76135 (57)
D/umd.troyd( 5680): android.widget.RelativeLayout@406d61f8: -1 (58)
D/umd.troyd( 5680): android.widget.LinearLayout@406d6608: 2131558801 (59)
D/umd.troyd( 5680): android.widget.TextView: 27.89 (60)
D/umd.troyd( 5680): android.widget.TextView: miles (61)
D/umd.troyd( 5680): android.widget.TextView:  (62)
D/umd.troyd( 5680): android.widget.ImageView@406d76c0: 2131558517 (63)
D/umd.troyd( 5680): android.widget.LinearLayout@406d9150: -1 (64)
D/umd.troyd( 5680): android.widget.RelativeLayout@406d9340: -1 (65)
D/umd.troyd( 5680): android.widget.RelativeLayout@406d96e8: -1 (66)
D/umd.troyd( 5680): android.widget.TextView: Neighborhood Market (67)
D/umd.troyd( 5680): android.widget.TextView: 7401 Park Vista Blvd (68)
D/umd.troyd( 5680): android.widget.TextView: Fort Worth, TX 76137 (69)
D/umd.troyd( 5680): android.widget.RelativeLayout@406da9f8: -1 (70)
D/umd.troyd( 5680): android.widget.LinearLayout@406dae08: 2131558801 (71)
D/umd.troyd( 5680): android.widget.TextView: 28.93 (72)
D/umd.troyd( 5680): android.widget.TextView: miles (73)
D/umd.troyd( 5680): android.widget.TextView:  (74)
D/umd.troyd( 5680): android.widget.ImageView@406dbec0: 2131558517 (75)
D/umd.troyd( 5680): android.widget.LinearLayout@406dd950: -1 (76)
D/umd.troyd( 5680): android.widget.RelativeLayout@406ddb40: -1 (77)
D/umd.troyd( 5680): android.widget.RelativeLayout@406ddee8: -1 (78)
D/umd.troyd( 5680): android.widget.TextView: Neighborhood Market (79)
D/umd.troyd( 5680): android.widget.TextView: 2130 Ruf Snow Drive (80)
D/umd.troyd( 5680): android.widget.TextView: Keller, TX 76248 (81)
D/umd.troyd( 5680): android.widget.RelativeLayout@406df1f8: -1 (82)
D/umd.troyd( 5680): android.widget.LinearLayout@406df608: 2131558801 (83)
D/umd.troyd( 5680): android.widget.TextView: 29.12 (84)
D/umd.troyd( 5680): android.widget.TextView: miles (85)
D/umd.troyd( 5680): android.widget.TextView:  (86)
D/umd.troyd( 5680): android.widget.ImageView@406e06c0: 2131558517 (87)
D/umd.troyd( 5680): android.widget.RelativeLayout@406ae718: 2131558541 (88)
D/umd.troyd( 5680): android.widget.GridView@406af290: 2131558824 (89)
D/umd.troyd( 5680): android.widget.LinearLayout@406b0410: 2131558538 (90)
D/umd.troyd( 5680): android.widget.RelativeLayout@406b0e08: 2131558818 (91)
D/umd.troyd( 5680): android.widget.ImageButton@406b1758: 2131558819 (92)
D/umd.troyd( 5680): android.widget.RelativeLayout@406b1c70: -1 (93)
D/umd.troyd( 5680): android.widget.ImageView@406b2060: 2131558820 (94)
D/umd.troyd( 5680): android.widget.TextView: Stores (95)
D/umd.troyd( 5680): android.widget.RelativeLayout@406b2f68: -1 (96)
D/umd.troyd( 5680): android.widget.Button:  (97)
D/umd.troyd( 5680): android.widget.ImageView@406b3ad8: 2131558823 (98)
D/umd.troyd( 5680): android.widget.LinearLayout@406b3d68: 2131558542 (99)
D/umd.troyd( 5680): got command getViews
D/umd.troyd( 5680): android.widget.FrameLayout@406ab220: 16908290 (0)
D/umd.troyd( 5680): android.widget.RelativeLayout@406abc60: 2131558603 (1)
D/umd.troyd( 5680): android.widget.LinearLayout@406ac098: -1 (2)
D/umd.troyd( 5680): com.walmart.android.ui.ViewStackLayout@406ac5e8: 2131558797 (3)
D/umd.troyd( 5680): android.widget.RelativeLayout@406bd2a8: -1 (4)
D/umd.troyd( 5680): android.widget.RelativeLayout@406bd810: 2131558790 (5)
D/umd.troyd( 5680): android.widget.LinearLayout@406be390: 2131558790 (6)
D/umd.troyd( 5680): android.widget.RelativeLayout@406beb70: -1 (7)
D/umd.troyd( 5680): android.widget.Button:  (8)
D/umd.troyd( 5680): android.widget.TextView: Search a location (9)
D/umd.troyd( 5680): android.widget.Button:  (10)
D/umd.troyd( 5680): android.widget.Button:  (11)
D/umd.troyd( 5680): android.widget.Button:  (12)
D/umd.troyd( 5680): android.widget.RelativeLayout@406c3428: 2131558791 (13)
D/umd.troyd( 5680): com.walmart.android.storelocator.StoreMapView@406c46c0: 2131558792 (14)
D/umd.troyd( 5680): android.widget.ListView@406a1530: 2131558521 (15)
D/umd.troyd( 5680): android.widget.LinearLayout@406dd950: -1 (16)
D/umd.troyd( 5680): android.widget.RelativeLayout@406ddb40: -1 (17)
D/umd.troyd( 5680): android.widget.RelativeLayout@406ddee8: -1 (18)
D/umd.troyd( 5680): android.widget.TextView: Neighborhood Market (19)
D/umd.troyd( 5680): android.widget.TextView: 2130 Ruf Snow Drive (20)
D/umd.troyd( 5680): android.widget.TextView: Keller, TX 76248 (21)
D/umd.troyd( 5680): android.widget.RelativeLayout@406df1f8: -1 (22)
D/umd.troyd( 5680): android.widget.LinearLayout@406df608: 2131558801 (23)
D/umd.troyd( 5680): android.widget.TextView: 29.12 (24)
D/umd.troyd( 5680): android.widget.TextView: miles (25)
D/umd.troyd( 5680): android.widget.TextView:  (26)
D/umd.troyd( 5680): android.widget.ImageView@406e06c0: 2131558517 (27)
D/umd.troyd( 5680): android.widget.LinearLayout@407969e0: -1 (28)
D/umd.troyd( 5680): android.widget.RelativeLayout@406a68a8: -1 (29)
D/umd.troyd( 5680): android.widget.RelativeLayout@4078f728: -1 (30)
D/umd.troyd( 5680): android.widget.TextView: Walmart Supercenter (31)
D/umd.troyd( 5680): android.widget.TextView: 2801 E Interstate 20 (32)
D/umd.troyd( 5680): android.widget.TextView: Hudson Oaks, TX 76087 (33)
D/umd.troyd( 5680): android.widget.RelativeLayout@406a0760: -1 (34)
D/umd.troyd( 5680): android.widget.LinearLayout@40689978: 2131558801 (35)
D/umd.troyd( 5680): android.widget.TextView: 29.18 (36)
D/umd.troyd( 5680): android.widget.TextView: miles (37)
D/umd.troyd( 5680): android.widget.TextView:  (38)
D/umd.troyd( 5680): android.widget.ImageView@406bdc30: 2131558517 (39)
D/umd.troyd( 5680): android.widget.LinearLayout@406bdd80: -1 (40)
D/umd.troyd( 5680): android.widget.RelativeLayout@40628c60: -1 (41)
D/umd.troyd( 5680): android.widget.RelativeLayout@40628db8: -1 (42)
D/umd.troyd( 5680): android.widget.TextView: Neighborhood Market (43)
D/umd.troyd( 5680): android.widget.TextView: 2201 West Southlake Blvd (44)
D/umd.troyd( 5680): android.widget.TextView: Southlake, TX 76092 (45)
D/umd.troyd( 5680): android.widget.RelativeLayout@406b0f60: -1 (46)
D/umd.troyd( 5680): android.widget.LinearLayout@406b10b8: 2131558801 (47)
D/umd.troyd( 5680): android.widget.TextView: 29.47 (48)
D/umd.troyd( 5680): android.widget.TextView: miles (49)
D/umd.troyd( 5680): android.widget.TextView:  (50)
D/umd.troyd( 5680): android.widget.ImageView@40723808: 2131558517 (51)
D/umd.troyd( 5680): android.widget.LinearLayout@40723958: -1 (52)
D/umd.troyd( 5680): android.widget.RelativeLayout@40684898: -1 (53)
D/umd.troyd( 5680): android.widget.RelativeLayout@40684ab0: -1 (54)
D/umd.troyd( 5680): android.widget.TextView: Walmart Supercenter (55)
D/umd.troyd( 5680): android.widget.TextView: 9500 Clifford St (56)
D/umd.troyd( 5680): android.widget.TextView: Fort Worth, TX 76108 (57)
D/umd.troyd( 5680): android.widget.RelativeLayout@4073cc50: -1 (58)
D/umd.troyd( 5680): android.widget.LinearLayout@407364c8: 2131558801 (59)
D/umd.troyd( 5680): android.widget.TextView: 29.56 (60)
D/umd.troyd( 5680): android.widget.TextView: miles (61)
D/umd.troyd( 5680): android.widget.TextView:  (62)
D/umd.troyd( 5680): android.widget.ImageView@40591af0: 2131558517 (63)
D/umd.troyd( 5680): android.widget.LinearLayout@4079e068: -1 (64)
D/umd.troyd( 5680): android.widget.RelativeLayout@407b9c30: -1 (65)
D/umd.troyd( 5680): android.widget.RelativeLayout@40789288: -1 (66)
D/umd.troyd( 5680): android.widget.TextView: Walmart Supercenter (67)
D/umd.troyd( 5680): android.widget.TextView: 3060 Justin Rd (68)
D/umd.troyd( 5680): android.widget.TextView: Highland Village, TX 75077 (69)
D/umd.troyd( 5680): android.widget.RelativeLayout@40798608: -1 (70)
D/umd.troyd( 5680): android.widget.LinearLayout@405e5538: 2131558801 (71)
D/umd.troyd( 5680): android.widget.TextView: 30.14 (72)
D/umd.troyd( 5680): android.widget.TextView: miles (73)
D/umd.troyd( 5680): android.widget.TextView:  (74)
D/umd.troyd( 5680): android.widget.ImageView@405f80c8: 2131558517 (75)
D/umd.troyd( 5680): android.widget.LinearLayout@40771e58: -1 (76)
D/umd.troyd( 5680): android.widget.RelativeLayout@40772048: -1 (77)
D/umd.troyd( 5680): android.widget.RelativeLayout@40775458: -1 (78)
D/umd.troyd( 5680): android.widget.TextView: Walmart Supercenter (79)
D/umd.troyd( 5680): android.widget.TextView: 9101 N Tarrant Pkwy (80)
D/umd.troyd( 5680): android.widget.TextView: North Richland Hill, TX 76182 (81)
D/umd.troyd( 5680): android.widget.RelativeLayout@407941d0: -1 (82)
D/umd.troyd( 5680): android.widget.LinearLayout@4068de70: 2131558801 (83)
D/umd.troyd( 5680): android.widget.TextView: 30.35 (84)
D/umd.troyd( 5680): android.widget.TextView: miles (85)
D/umd.troyd( 5680): android.widget.TextView:  (86)
D/umd.troyd( 5680): android.widget.ImageView@407178e0: 2131558517 (87)
D/umd.troyd( 5680): android.widget.RelativeLayout@406ae718: 2131558541 (88)
D/umd.troyd( 5680): android.widget.GridView@406af290: 2131558824 (89)
D/umd.troyd( 5680): android.widget.LinearLayout@406b0410: 2131558538 (90)
D/umd.troyd( 5680): android.widget.RelativeLayout@406b0e08: 2131558818 (91)
D/umd.troyd( 5680): android.widget.ImageButton@406b1758: 2131558819 (92)
D/umd.troyd( 5680): android.widget.RelativeLayout@406b1c70: -1 (93)
D/umd.troyd( 5680): android.widget.ImageView@406b2060: 2131558820 (94)
D/umd.troyd( 5680): android.widget.TextView: Stores (95)
D/umd.troyd( 5680): android.widget.RelativeLayout@406b2f68: -1 (96)
D/umd.troyd( 5680): android.widget.Button:  (97)
D/umd.troyd( 5680): android.widget.ImageView@406b3ad8: 2131558823 (98)
D/umd.troyd( 5680): android.widget.LinearLayout@406b3d68: 2131558542 (99)
D/umd.troyd( 5680): got command getViews
D/umd.troyd( 5680): android.widget.FrameLayout@406ab220: 16908290 (0)
D/umd.troyd( 5680): android.widget.RelativeLayout@406abc60: 2131558603 (1)
D/umd.troyd( 5680): android.widget.LinearLayout@406ac098: -1 (2)
D/umd.troyd( 5680): com.walmart.android.ui.ViewStackLayout@406ac5e8: 2131558797 (3)
D/umd.troyd( 5680): android.widget.RelativeLayout@406bd2a8: -1 (4)
D/umd.troyd( 5680): android.widget.RelativeLayout@406bd810: 2131558790 (5)
D/umd.troyd( 5680): android.widget.LinearLayout@406be390: 2131558790 (6)
D/umd.troyd( 5680): android.widget.RelativeLayout@406beb70: -1 (7)
D/umd.troyd( 5680): android.widget.Button:  (8)
D/umd.troyd( 5680): android.widget.TextView: Search a location (9)
D/umd.troyd( 5680): android.widget.Button:  (10)
D/umd.troyd( 5680): android.widget.Button:  (11)
D/umd.troyd( 5680): android.widget.Button:  (12)
D/umd.troyd( 5680): android.widget.RelativeLayout@406c3428: 2131558791 (13)
D/umd.troyd( 5680): com.walmart.android.storelocator.StoreMapView@406c46c0: 2131558792 (14)
D/umd.troyd( 5680): android.widget.ListView@406a1530: 2131558521 (15)
D/umd.troyd( 5680): android.widget.LinearLayout@40771e58: -1 (16)
D/umd.troyd( 5680): android.widget.RelativeLayout@40772048: -1 (17)
D/umd.troyd( 5680): android.widget.RelativeLayout@40775458: -1 (18)
D/umd.troyd( 5680): android.widget.TextView: Walmart Supercenter (19)
D/umd.troyd( 5680): android.widget.TextView: 9101 N Tarrant Pkwy (20)
D/umd.troyd( 5680): android.widget.TextView: North Richland Hill, TX 76182 (21)
D/umd.troyd( 5680): android.widget.RelativeLayout@407941d0: -1 (22)
D/umd.troyd( 5680): android.widget.LinearLayout@4068de70: 2131558801 (23)
D/umd.troyd( 5680): android.widget.TextView: 30.35 (24)
D/umd.troyd( 5680): android.widget.TextView: miles (25)
D/umd.troyd( 5680): android.widget.TextView:  (26)
D/umd.troyd( 5680): android.widget.ImageView@407178e0: 2131558517 (27)
D/umd.troyd( 5680): android.widget.LinearLayout@407386e8: -1 (28)
D/umd.troyd( 5680): android.widget.RelativeLayout@40738838: -1 (29)
D/umd.troyd( 5680): android.widget.RelativeLayout@4076cd88: -1 (30)
D/umd.troyd( 5680): android.widget.TextView: Walmart Supercenter (31)
D/umd.troyd( 5680): android.widget.TextView: 1035 Hickory Creek Blvd (32)
D/umd.troyd( 5680): android.widget.TextView: Hickory Creek, TX 75065 (33)
D/umd.troyd( 5680): android.widget.RelativeLayout@40774610: -1 (34)
D/umd.troyd( 5680): android.widget.LinearLayout@4070a050: 2131558801 (35)
D/umd.troyd( 5680): android.widget.TextView: 30.95 (36)
D/umd.troyd( 5680): android.widget.TextView: miles (37)
D/umd.troyd( 5680): android.widget.TextView:  (38)
D/umd.troyd( 5680): android.widget.ImageView@40700250: 2131558517 (39)
D/umd.troyd( 5680): android.widget.LinearLayout@406cb958: -1 (40)
D/umd.troyd( 5680): android.widget.RelativeLayout@406cbb48: -1 (41)
D/umd.troyd( 5680): android.widget.RelativeLayout@406cbef0: -1 (42)
D/umd.troyd( 5680): android.widget.TextView: Walmart Supercenter (43)
D/umd.troyd( 5680): android.widget.TextView: 6770 Westworth Blvd (44)
D/umd.troyd( 5680): android.widget.TextView: Westworth Village, TX 76114 (45)
D/umd.troyd( 5680): android.widget.RelativeLayout@406cd200: -1 (46)
D/umd.troyd( 5680): android.widget.LinearLayout@406cd610: 2131558801 (47)
D/umd.troyd( 5680): android.widget.TextView: 30.95 (48)
D/umd.troyd( 5680): android.widget.TextView: miles (49)
D/umd.troyd( 5680): android.widget.TextView:  (50)
D/umd.troyd( 5680): android.widget.ImageView@406ce6c8: 2131558517 (51)
D/umd.troyd( 5680): android.widget.LinearLayout@406d0158: -1 (52)
D/umd.troyd( 5680): android.widget.RelativeLayout@406d0348: -1 (53)
D/umd.troyd( 5680): android.widget.RelativeLayout@406d06f0: -1 (54)
D/umd.troyd( 5680): android.widget.TextView: Walmart Supercenter (55)
D/umd.troyd( 5680): android.widget.TextView: 6401 Ne Loop 820 (56)
D/umd.troyd( 5680): android.widget.TextView: North Richland Hill, TX 76180 (57)
D/umd.troyd( 5680): android.widget.RelativeLayout@406d1a00: -1 (58)
D/umd.troyd( 5680): android.widget.LinearLayout@406d1e10: 2131558801 (59)
D/umd.troyd( 5680): android.widget.TextView: 31.13 (60)
D/umd.troyd( 5680): android.widget.TextView: miles (61)
D/umd.troyd( 5680): android.widget.TextView:  (62)
D/umd.troyd( 5680): android.widget.ImageView@406d2ec8: 2131558517 (63)
D/umd.troyd( 5680): android.widget.LinearLayout@406d4950: -1 (64)
D/umd.troyd( 5680): android.widget.RelativeLayout@406d4b40: -1 (65)
D/umd.troyd( 5680): android.widget.RelativeLayout@406d4ee8: -1 (66)
D/umd.troyd( 5680): android.widget.TextView: Walmart Supercenter (67)
D/umd.troyd( 5680): android.widget.TextView: 1836 S Main St (68)
D/umd.troyd( 5680): android.widget.TextView: Weatherford, TX 76086 (69)
D/umd.troyd( 5680): android.widget.RelativeLayout@406d61f8: -1 (70)
D/umd.troyd( 5680): android.widget.LinearLayout@406d6608: 2131558801 (71)
D/umd.troyd( 5680): android.widget.TextView: 31.26 (72)
D/umd.troyd( 5680): android.widget.TextView: miles (73)
D/umd.troyd( 5680): android.widget.TextView:  (74)
D/umd.troyd( 5680): android.widget.ImageView@406d76c0: 2131558517 (75)
D/umd.troyd( 5680): android.widget.LinearLayout@406d9150: -1 (76)
D/umd.troyd( 5680): android.widget.RelativeLayout@406d9340: -1 (77)
D/umd.troyd( 5680): android.widget.RelativeLayout@406d96e8: -1 (78)
D/umd.troyd( 5680): android.widget.TextView: Neighborhood Market (79)
D/umd.troyd( 5680): android.widget.TextView: 2800 Flower Mound Rd (80)
D/umd.troyd( 5680): android.widget.TextView: Flower Mound, TX 75022 (81)
D/umd.troyd( 5680): android.widget.RelativeLayout@406da9f8: -1 (82)
D/umd.troyd( 5680): android.widget.LinearLayout@406dae08: 2131558801 (83)
D/umd.troyd( 5680): android.widget.TextView: 31.79 (84)
D/umd.troyd( 5680): android.widget.TextView: miles (85)
D/umd.troyd( 5680): android.widget.TextView:  (86)
D/umd.troyd( 5680): android.widget.ImageView@406dbec0: 2131558517 (87)
D/umd.troyd( 5680): android.widget.RelativeLayout@406ae718: 2131558541 (88)
D/umd.troyd( 5680): android.widget.GridView@406af290: 2131558824 (89)
D/umd.troyd( 5680): android.widget.LinearLayout@406b0410: 2131558538 (90)
D/umd.troyd( 5680): android.widget.RelativeLayout@406b0e08: 2131558818 (91)
D/umd.troyd( 5680): android.widget.ImageButton@406b1758: 2131558819 (92)
D/umd.troyd( 5680): android.widget.RelativeLayout@406b1c70: -1 (93)
D/umd.troyd( 5680): android.widget.ImageView@406b2060: 2131558820 (94)
D/umd.troyd( 5680): android.widget.TextView: Stores (95)
D/umd.troyd( 5680): android.widget.RelativeLayout@406b2f68: -1 (96)
D/umd.troyd( 5680): android.widget.Button:  (97)
D/umd.troyd( 5680): android.widget.ImageView@406b3ad8: 2131558823 (98)
D/umd.troyd( 5680): android.widget.LinearLayout@406b3d68: 2131558542 (99)
D/umd.troyd( 5680): got command getViews
D/umd.troyd( 5680): android.widget.FrameLayout@406ab220: 16908290 (0)
D/umd.troyd( 5680): android.widget.RelativeLayout@406abc60: 2131558603 (1)
D/umd.troyd( 5680): android.widget.LinearLayout@406ac098: -1 (2)
D/umd.troyd( 5680): com.walmart.android.ui.ViewStackLayout@406ac5e8: 2131558797 (3)
D/umd.troyd( 5680): android.widget.RelativeLayout@406bd2a8: -1 (4)
D/umd.troyd( 5680): android.widget.RelativeLayout@406bd810: 2131558790 (5)
D/umd.troyd( 5680): android.widget.LinearLayout@406be390: 2131558790 (6)
D/umd.troyd( 5680): android.widget.RelativeLayout@406beb70: -1 (7)
D/umd.troyd( 5680): android.widget.Button:  (8)
D/umd.troyd( 5680): android.widget.TextView: Search a location (9)
D/umd.troyd( 5680): android.widget.Button:  (10)
D/umd.troyd( 5680): android.widget.Button:  (11)
D/umd.troyd( 5680): android.widget.Button:  (12)
D/umd.troyd( 5680): android.widget.RelativeLayout@406c3428: 2131558791 (13)
D/umd.troyd( 5680): com.walmart.android.storelocator.StoreMapView@406c46c0: 2131558792 (14)
D/umd.troyd( 5680): android.widget.ListView@406a1530: 2131558521 (15)
D/umd.troyd( 5680): android.widget.LinearLayout@406d9150: -1 (16)
D/umd.troyd( 5680): android.widget.RelativeLayout@406d9340: -1 (17)
D/umd.troyd( 5680): android.widget.RelativeLayout@406d96e8: -1 (18)
D/umd.troyd( 5680): android.widget.TextView: Neighborhood Market (19)
D/umd.troyd( 5680): android.widget.TextView: 2800 Flower Mound Rd (20)
D/umd.troyd( 5680): android.widget.TextView: Flower Mound, TX 75022 (21)
D/umd.troyd( 5680): android.widget.RelativeLayout@406da9f8: -1 (22)
D/umd.troyd( 5680): android.widget.LinearLayout@406dae08: 2131558801 (23)
D/umd.troyd( 5680): android.widget.TextView: 31.79 (24)
D/umd.troyd( 5680): android.widget.TextView: miles (25)
D/umd.troyd( 5680): android.widget.TextView:  (26)
D/umd.troyd( 5680): android.widget.ImageView@406dbec0: 2131558517 (27)
D/umd.troyd( 5680): android.widget.LinearLayout@406dd950: -1 (28)
D/umd.troyd( 5680): android.widget.RelativeLayout@406ddb40: -1 (29)
D/umd.troyd( 5680): android.widget.RelativeLayout@406ddee8: -1 (30)
D/umd.troyd( 5680): android.widget.TextView: Neighborhood Market (31)
D/umd.troyd( 5680): android.widget.TextView: 1515 Justin Rd (32)
D/umd.troyd( 5680): android.widget.TextView: Lewisville, TX 75077 (33)
D/umd.troyd( 5680): android.widget.RelativeLayout@406df1f8: -1 (34)
D/umd.troyd( 5680): android.widget.LinearLayout@406df608: 2131558801 (35)
D/umd.troyd( 5680): android.widget.TextView: 32.27 (36)
D/umd.troyd( 5680): android.widget.TextView: miles (37)
D/umd.troyd( 5680): android.widget.TextView:  (38)
D/umd.troyd( 5680): android.widget.ImageView@406e06c0: 2131558517 (39)
D/umd.troyd( 5680): android.widget.LinearLayout@407969e0: -1 (40)
D/umd.troyd( 5680): android.widget.RelativeLayout@406a68a8: -1 (41)
D/umd.troyd( 5680): android.widget.RelativeLayout@4078f728: -1 (42)
D/umd.troyd( 5680): android.widget.TextView: Neighborhood Market (43)
D/umd.troyd( 5680): android.widget.TextView: 4904 Colleyville Blvd (44)
D/umd.troyd( 5680): android.widget.TextView: Colleyville, TX 76034 (45)
D/umd.troyd( 5680): android.widget.RelativeLayout@406a0760: -1 (46)
D/umd.troyd( 5680): android.widget.LinearLayout@40689978: 2131558801 (47)
D/umd.troyd( 5680): android.widget.TextView: 32.65 (48)
D/umd.troyd( 5680): android.widget.TextView: miles (49)
D/umd.troyd( 5680): android.widget.TextView:  (50)
D/umd.troyd( 5680): android.widget.ImageView@406bdc30: 2131558517 (51)
D/umd.troyd( 5680): android.widget.LinearLayout@406bdd80: -1 (52)
D/umd.troyd( 5680): android.widget.RelativeLayout@40628c60: -1 (53)
D/umd.troyd( 5680): android.widget.RelativeLayout@40628db8: -1 (54)
D/umd.troyd( 5680): android.widget.TextView: Walmart Supercenter (55)
D/umd.troyd( 5680): android.widget.TextView: 1601 W State Highway 114 (56)
D/umd.troyd( 5680): android.widget.TextView: Grapevine, TX 76051 (57)
D/umd.troyd( 5680): android.widget.RelativeLayout@406b0f60: -1 (58)
D/umd.troyd( 5680): android.widget.LinearLayout@406b10b8: 2131558801 (59)
D/umd.troyd( 5680): android.widget.TextView: 33.11 (60)
D/umd.troyd( 5680): android.widget.TextView: miles (61)
D/umd.troyd( 5680): android.widget.TextView:  (62)
D/umd.troyd( 5680): android.widget.ImageView@40723808: 2131558517 (63)
D/umd.troyd( 5680): android.widget.LinearLayout@40723958: -1 (64)
D/umd.troyd( 5680): android.widget.RelativeLayout@40684898: -1 (65)
D/umd.troyd( 5680): android.widget.RelativeLayout@40684ab0: -1 (66)
D/umd.troyd( 5680): android.widget.TextView: Walmart Supercenter (67)
D/umd.troyd( 5680): android.widget.TextView: 1732 Precinct Line Rd (68)
D/umd.troyd( 5680): android.widget.TextView: Hurst, TX 76054 (69)
D/umd.troyd( 5680): android.widget.RelativeLayout@4073cc50: -1 (70)
D/umd.troyd( 5680): android.widget.LinearLayout@407364c8: 2131558801 (71)
D/umd.troyd( 5680): android.widget.TextView: 33.16 (72)
D/umd.troyd( 5680): android.widget.TextView: miles (73)
D/umd.troyd( 5680): android.widget.TextView:  (74)
D/umd.troyd( 5680): android.widget.ImageView@40591af0: 2131558517 (75)
D/umd.troyd( 5680): android.widget.LinearLayout@4079e068: -1 (76)
D/umd.troyd( 5680): android.widget.RelativeLayout@407b9c30: -1 (77)
D/umd.troyd( 5680): android.widget.RelativeLayout@40789288: -1 (78)
D/umd.troyd( 5680): android.widget.TextView: Walmart Supercenter (79)
D/umd.troyd( 5680): android.widget.TextView: 3851 Airport Fwy (80)
D/umd.troyd( 5680): android.widget.TextView: Fort Worth, TX 76111 (81)
D/umd.troyd( 5680): android.widget.RelativeLayout@40798608: -1 (82)
D/umd.troyd( 5680): android.widget.LinearLayout@405e5538: 2131558801 (83)
D/umd.troyd( 5680): android.widget.TextView: 33.17 (84)
D/umd.troyd( 5680): android.widget.TextView: miles (85)
D/umd.troyd( 5680): android.widget.TextView:  (86)
D/umd.troyd( 5680): android.widget.ImageView@405f80c8: 2131558517 (87)
D/umd.troyd( 5680): android.widget.RelativeLayout@406ae718: 2131558541 (88)
D/umd.troyd( 5680): android.widget.GridView@406af290: 2131558824 (89)
D/umd.troyd( 5680): android.widget.LinearLayout@406b0410: 2131558538 (90)
D/umd.troyd( 5680): android.widget.RelativeLayout@406b0e08: 2131558818 (91)
D/umd.troyd( 5680): android.widget.ImageButton@406b1758: 2131558819 (92)
D/umd.troyd( 5680): android.widget.RelativeLayout@406b1c70: -1 (93)
D/umd.troyd( 5680): android.widget.ImageView@406b2060: 2131558820 (94)
D/umd.troyd( 5680): android.widget.TextView: Stores (95)
D/umd.troyd( 5680): android.widget.RelativeLayout@406b2f68: -1 (96)
D/umd.troyd( 5680): android.widget.Button:  (97)
D/umd.troyd( 5680): android.widget.ImageView@406b3ad8: 2131558823 (98)
D/umd.troyd( 5680): android.widget.LinearLayout@406b3d68: 2131558542 (99)
