android.widget.FrameLayout@405b1750
android.widget.RelativeLayout@405e5860
android.widget.LinearLayout@405e9480
android.view.View@40662a38
android.widget.RelativeLayout@405eed78
android.widget.TextView: Regular
android.view.View@40651090
android.view.View@405909c0
android.widget.RelativeLayout@406a4b88
android.widget.TextView: Midgrade
android.view.View@4058fb80
android.view.View@405ece60
android.widget.RelativeLayout@405ed278
android.widget.TextView: Premium
android.view.View@4059da20
android.view.View@40662908
android.widget.RelativeLayout@4061a980
android.widget.TextView: Diesel
android.view.View@4058c498
android.view.View@40675148
android.view.View@406b97f8
android.widget.LinearLayout@406b9be8
android.widget.RelativeLayout@406b9e38
android.widget.ImageView@406ad7b0
android.widget.TextView: Reload
android.widget.RelativeLayout@406b8d68
android.widget.ImageView@406c3980
android.widget.TextView: Sort By Price
android.widget.RelativeLayout@406ca790
android.widget.ImageView@406d2ef8
android.widget.TextView: Map View
android.view.View@406d9b30
gbis.gbandroid.views.layouts.CustomListView@40617270
android.widget.RelativeLayout@4058fe80
android.view.View@405a5298
android.widget.TableLayout@406de010
android.widget.TableRow@406de588
android.widget.RelativeLayout@406e1950
android.widget.RelativeLayout@406e1d28
android.widget.TextView: --
android.widget.TextView: 9
android.widget.TextView: 14 hours ago
android.widget.TextView: Report Price
android.widget.RelativeLayout@406eb840
android.widget.ImageView@406ebbe0
android.widget.TextView: Sunoco
android.widget.TextView: 5900 Liberty Rd  & W Northern Pkwy
android.widget.TextView: Gwynn Oak, MD
android.widget.TextView: 0.19 mi
android.widget.TableLayout@406f8a38
android.widget.TableRow@406b1380
android.widget.RelativeLayout@4066b5b0
android.widget.RelativeLayout@4066b988
android.widget.TextView: --
android.widget.TextView: 9
android.widget.TextView: 8 hours ago
android.widget.TextView: Report Price
android.widget.RelativeLayout@406bc010
android.widget.ImageView@406bc3c8
android.widget.TextView: BP
android.widget.TextView: 6006 Liberty Rd & Tulsa Rd
android.widget.TextView: Gwynn Oak, MD
android.widget.TextView: 0.29 mi
android.widget.TableLayout@406f4c58
android.widget.TableRow@406f51b0
android.widget.RelativeLayout@406fbee0
android.widget.RelativeLayout@406fefc0
android.widget.TextView: 3.49
android.widget.TextView: 9
android.widget.TextView: 8 hours ago
android.widget.TextView: Update
android.widget.RelativeLayout@40708f58
android.widget.ImageView@40709278
android.widget.TextView: Shell
android.widget.TextView: 4500 W Northern Pkwy  & Wabash Ave
android.widget.TextView: Baltimore, MD
android.widget.TextView: 0.63 mi
android.widget.TableLayout@40716ca8
android.widget.TableRow@40727fe0
android.widget.RelativeLayout@406becf0
android.widget.RelativeLayout@406c20c0
android.widget.TextView: 3.49
android.widget.TextView: 9
android.widget.TextView: 14 hours ago
android.widget.TextView: Update
android.widget.RelativeLayout@406cc768
android.widget.ImageView@406ccb88
android.widget.TextView: BP
android.widget.TextView: 4608 Liberty Heights Ave & Gwynn Oak Ave
android.widget.TextView: Baltimore, MD
android.widget.TextView: 0.79 mi
android.widget.RelativeLayout@405c8470
android.widget.FrameLayout@405b1750
android.widget.RelativeLayout@405e5860
android.widget.LinearLayout@405e9480
android.view.View@40662a38
android.widget.RelativeLayout@405eed78
android.widget.TextView: Regular
android.view.View@40651090
android.view.View@405909c0
android.widget.RelativeLayout@406a4b88
android.widget.TextView: Midgrade
android.view.View@4058fb80
android.view.View@405ece60
android.widget.RelativeLayout@405ed278
android.widget.TextView: Premium
android.view.View@4059da20
android.view.View@40662908
android.widget.RelativeLayout@4061a980
android.widget.TextView: Diesel
android.view.View@4058c498
android.view.View@40675148
android.view.View@406b97f8
android.widget.LinearLayout@406b9be8
android.widget.RelativeLayout@406b9e38
android.widget.ImageView@406ad7b0
android.widget.TextView: Reload
android.widget.RelativeLayout@406b8d68
android.widget.ImageView@406c3980
android.widget.TextView: Sort By Price
android.widget.RelativeLayout@406ca790
android.widget.ImageView@406d2ef8
android.widget.TextView: Map View
android.view.View@406d9b30
gbis.gbandroid.views.layouts.CustomListView@40617270
android.widget.TableLayout@40716ca8
android.widget.TableRow@40727fe0
android.widget.RelativeLayout@406becf0
android.widget.RelativeLayout@406c20c0
android.widget.TextView: 3.49
android.widget.TextView: 9
android.widget.TextView: 14 hours ago
android.widget.TextView: Update
android.widget.RelativeLayout@406cc768
android.widget.ImageView@406ccb88
android.widget.TextView: BP
android.widget.TextView: 4608 Liberty Heights Ave & Gwynn Oak Ave
android.widget.TextView: Baltimore, MD
android.widget.TextView: 0.79 mi
android.widget.TableLayout@4060ee78
android.widget.TableRow@4065ba20
android.widget.RelativeLayout@4065c0a0
android.widget.RelativeLayout@4065c478
android.widget.TextView: 3.47
android.widget.TextView: 9
android.widget.TextView: 1 hour ago
android.widget.TextView: Update
android.widget.RelativeLayout@405debc0
android.widget.ImageView@405def98
android.widget.TextView: Exxon
android.widget.TextView: 5600 Reisterstown Rd & W Northern Pkwy
android.widget.TextView: Baltimore, MD
android.widget.TextView: 1.14 mi
android.widget.TableLayout@406b38e0
android.widget.TableRow@406b3eb0
android.widget.RelativeLayout@406b4570
android.widget.RelativeLayout@406b4948
android.widget.TextView: 3.45
android.widget.TextView: 9
android.widget.TextView: 1 hour ago
android.widget.TextView: Update
android.widget.RelativeLayout@4076da98
android.widget.ImageView@4076de70
android.widget.TextView: CITGO
android.widget.TextView: 5516 Reisterstown Rd & W Northern Pkwy
android.widget.TextView: Baltimore, MD
android.widget.TextView: 1.15 mi
android.widget.TableLayout@4077ba70
android.widget.TableRow@4077c040
android.widget.RelativeLayout@4077c700
android.widget.RelativeLayout@4077cad8
android.widget.TextView: 3.47
android.widget.TextView: 9
android.widget.TextView: 15 hours ago
android.widget.TextView: Update
android.widget.RelativeLayout@4077e2e8
android.widget.ImageView@4077e6c0
android.widget.TextView: BP
android.widget.TextView: 6220 Reisterstown Rd & Fordleigh Rd
android.widget.TextView: Baltimore, MD
android.widget.TextView: 1.22 mi
android.widget.TableLayout@4078bf18
android.widget.TableRow@4078c4e8
android.widget.RelativeLayout@4078cba8
android.widget.RelativeLayout@4078cf80
android.widget.TextView: 3.51
android.widget.TextView: 9
android.widget.TextView: 15 hours ago
android.widget.TextView: Update
android.widget.RelativeLayout@4078e790
android.widget.ImageView@4078eb68
android.widget.TextView: Gulf
android.widget.TextView: 6315 Reisterstown Rd & Fords Ln
android.widget.TextView: Baltimore, MD
android.widget.TextView: 1.29 mi
android.widget.RelativeLayout@405c8470
android.widget.FrameLayout@405b1750
android.widget.RelativeLayout@405e5860
android.widget.LinearLayout@405e9480
android.view.View@40662a38
android.widget.RelativeLayout@405eed78
android.widget.TextView: Regular
android.view.View@40651090
android.view.View@405909c0
android.widget.RelativeLayout@406a4b88
android.widget.TextView: Midgrade
android.view.View@4058fb80
android.view.View@405ece60
android.widget.RelativeLayout@405ed278
android.widget.TextView: Premium
android.view.View@4059da20
android.view.View@40662908
android.widget.RelativeLayout@4061a980
android.widget.TextView: Diesel
android.view.View@4058c498
android.view.View@40675148
android.view.View@406b97f8
android.widget.LinearLayout@406b9be8
android.widget.RelativeLayout@406b9e38
android.widget.ImageView@406ad7b0
android.widget.TextView: Reload
android.widget.RelativeLayout@406b8d68
android.widget.ImageView@406c3980
android.widget.TextView: Sort By Price
android.widget.RelativeLayout@406ca790
android.widget.ImageView@406d2ef8
android.widget.TextView: Map View
android.view.View@406d9b30
gbis.gbandroid.views.layouts.CustomListView@40617270
android.widget.TableLayout@4078bf18
android.widget.TableRow@4078c4e8
android.widget.RelativeLayout@4078cba8
android.widget.RelativeLayout@4078cf80
android.widget.TextView: 3.51
android.widget.TextView: 9
android.widget.TextView: 15 hours ago
android.widget.TextView: Update
android.widget.RelativeLayout@4078e790
android.widget.ImageView@4078eb68
android.widget.TextView: Gulf
android.widget.TextView: 6315 Reisterstown Rd & Fords Ln
android.widget.TextView: Baltimore, MD
android.widget.TextView: 1.29 mi
android.widget.TableLayout@40568da8
android.widget.TableRow@40517e88
android.widget.RelativeLayout@40548a90
android.widget.RelativeLayout@4057e280
android.widget.TextView: 3.47
android.widget.TextView: 9
android.widget.TextView: 15 hours ago
android.widget.TextView: Update
android.widget.RelativeLayout@4057e810
android.widget.ImageView@40548908
android.widget.TextView: BP
android.widget.TextView: 4101 Patterson Ave & Reisterstown Rd
android.widget.TextView: Baltimore, MD
android.widget.TextView: 1.3 mi
android.widget.TableLayout@4057e660
android.widget.TableRow@405dda08
android.widget.RelativeLayout@4057e9c8
android.widget.RelativeLayout@405be6d0
android.widget.TextView: --
android.widget.TextView: 9
android.widget.TextView: time
android.widget.TextView: Report Price
android.widget.RelativeLayout@405dbeb8
android.widget.ImageView@40618190
android.widget.TextView: Hess
android.widget.TextView: 5128 Reisterstown Rd (MD-140) & W Belvedere Ave
android.widget.TextView: Baltimore, MD
android.widget.TextView: 1.35 mi
android.widget.TableLayout@405dbd08
android.widget.TableRow@4064f268
android.widget.RelativeLayout@405de520
android.widget.RelativeLayout@40612798
android.widget.TextView: 3.49
android.widget.TextView: 9
android.widget.TextView: Mon 11:45 AM
android.widget.TextView: Update
android.widget.RelativeLayout@40618690
android.widget.ImageView@40618a80
android.widget.TextView: Shell
android.widget.TextView: 7001 Liberty Rd & Sedgemoor Rd
android.widget.TextView: Lochearn, MD
android.widget.TextView: 1.37 mi
android.widget.TableLayout@405ed068
android.widget.TableRow@40674f30
android.widget.RelativeLayout@4061b4c0
android.widget.RelativeLayout@4061fd70
android.widget.TextView: 3.49
android.widget.TextView: 9
android.widget.TextView: Tue 12:06 AM
android.widget.TextView: Update
android.widget.RelativeLayout@40620c40
android.widget.ImageView@40649230
android.widget.TextView: BP
android.widget.TextView: 5100 Reisterstown Rd (MD-140) & W Garrison Ave
android.widget.TextView: Baltimore, MD
android.widget.TextView: 1.38 mi
android.widget.RelativeLayout@405c8470
android.widget.FrameLayout@405b1750
android.widget.RelativeLayout@405e5860
android.widget.LinearLayout@405e9480
android.view.View@40662a38
android.widget.RelativeLayout@405eed78
android.widget.TextView: Regular
android.view.View@40651090
android.view.View@405909c0
android.widget.RelativeLayout@406a4b88
android.widget.TextView: Midgrade
android.view.View@4058fb80
android.view.View@405ece60
android.widget.RelativeLayout@405ed278
android.widget.TextView: Premium
android.view.View@4059da20
android.view.View@40662908
android.widget.RelativeLayout@4061a980
android.widget.TextView: Diesel
android.view.View@4058c498
android.view.View@40675148
android.view.View@406b97f8
android.widget.LinearLayout@406b9be8
android.widget.RelativeLayout@406b9e38
android.widget.ImageView@406ad7b0
android.widget.TextView: Reload
android.widget.RelativeLayout@406b8d68
android.widget.ImageView@406c3980
android.widget.TextView: Sort By Price
android.widget.RelativeLayout@406ca790
android.widget.ImageView@406d2ef8
android.widget.TextView: Map View
android.view.View@406d9b30
gbis.gbandroid.views.layouts.CustomListView@40617270
android.widget.TableLayout@405ed068
android.widget.TableRow@40674f30
android.widget.RelativeLayout@4061b4c0
android.widget.RelativeLayout@4061fd70
android.widget.TextView: 3.49
android.widget.TextView: 9
android.widget.TextView: Tue 12:06 AM
android.widget.TextView: Update
android.widget.RelativeLayout@40620c40
android.widget.ImageView@40649230
android.widget.TextView: BP
android.widget.TextView: 5100 Reisterstown Rd (MD-140) & W Garrison Ave
android.widget.TextView: Baltimore, MD
android.widget.TextView: 1.38 mi
android.widget.TableLayout@40605670
android.widget.TableRow@40704050
android.widget.RelativeLayout@40622a28
android.widget.RelativeLayout@40627320
android.widget.TextView: --
android.widget.TextView: 9
android.widget.TextView: time
android.widget.TextView: Report Price
android.widget.RelativeLayout@4062a230
android.widget.ImageView@406819f8
android.widget.TextView: Sunoco
android.widget.TextView: 6629 Reisterstown Rd & Clarks Ln
android.widget.TextView: Baltimore, MD
android.widget.TextView: 1.44 mi
android.widget.TableLayout@406064a0
android.widget.TableRow@4070ddc8
android.widget.RelativeLayout@4063db80
android.widget.RelativeLayout@406da950
android.widget.TextView: 3.45
android.widget.TextView: 9
android.widget.TextView: Mon 2:56 PM
android.widget.TextView: Update
android.widget.RelativeLayout@406152e0
android.widget.ImageView@4061b310
android.widget.TextView: Royal Farms
android.widget.TextView: 6416 Windsor Mill Rd & Gwynn Oak Ave
android.widget.TextView: Gwynn Oak, MD
android.widget.TextView: 1.48 mi
android.widget.TableLayout@40717338
android.widget.TableRow@40617798
android.widget.RelativeLayout@40646f70
android.widget.RelativeLayout@40671768
android.widget.TextView: --
android.widget.TextView: 9
android.widget.TextView: time
android.widget.TextView: Report Price
android.widget.RelativeLayout@4062cc70
android.widget.ImageView@40695d30
android.widget.TextView: Exxon
android.widget.TextView: 6816 Reisterstown Rd & Brookhill Rd
android.widget.TextView: Baltimore, MD
android.widget.TextView: 1.53 mi
android.widget.TableLayout@406da448
android.widget.TableRow@405fa378
android.widget.RelativeLayout@40700670
android.widget.RelativeLayout@40622890
android.widget.TextView: --
android.widget.TextView: 9
android.widget.TextView: time
android.widget.TextView: Report Price
android.widget.RelativeLayout@40510070
android.widget.ImageView@4054ef20
android.widget.TextView: BP
android.widget.TextView: 3300 W Garrison Blvd & Berwyn Ave
android.widget.TextView: Gwynn Oak, MD
android.widget.TextView: 1.54 mi
android.widget.RelativeLayout@405c8470
android.widget.FrameLayout@405b1750
android.widget.RelativeLayout@405e5860
android.widget.LinearLayout@405e9480
android.view.View@40662a38
android.widget.RelativeLayout@405eed78
android.widget.TextView: Regular
android.view.View@40651090
android.view.View@405909c0
android.widget.RelativeLayout@406a4b88
android.widget.TextView: Midgrade
android.view.View@4058fb80
android.view.View@405ece60
android.widget.RelativeLayout@405ed278
android.widget.TextView: Premium
android.view.View@4059da20
android.view.View@40662908
android.widget.RelativeLayout@4061a980
android.widget.TextView: Diesel
android.view.View@4058c498
android.view.View@40675148
android.view.View@406b97f8
android.widget.LinearLayout@406b9be8
android.widget.RelativeLayout@406b9e38
android.widget.ImageView@406ad7b0
android.widget.TextView: Reload
android.widget.RelativeLayout@406b8d68
android.widget.ImageView@406c3980
android.widget.TextView: Sort By Price
android.widget.RelativeLayout@406ca790
android.widget.ImageView@406d2ef8
android.widget.TextView: Map View
android.view.View@406d9b30
gbis.gbandroid.views.layouts.CustomListView@40617270
android.widget.TableLayout@40681398
android.widget.TableRow@407249d0
android.widget.RelativeLayout@40771720
android.widget.RelativeLayout@40781b48
android.widget.TextView: --
android.widget.TextView: 9
android.widget.TextView: time
android.widget.TextView: Report Price
android.widget.RelativeLayout@406036a8
android.widget.ImageView@40608d70
android.widget.TextView: BP
android.widget.TextView: 3300 W Garrison Blvd & Berwyn Ave
android.widget.TextView: Gwynn Oak, MD
android.widget.TextView: 1.54 mi
android.widget.TableLayout@4060ea48
android.widget.TableRow@406a4f58
android.widget.RelativeLayout@40709bb0
android.widget.RelativeLayout@40519b80
android.widget.TextView: 3.45
android.widget.TextView: 9
android.widget.TextView: Mon 3:01 PM
android.widget.TextView: Update
android.widget.RelativeLayout@40613650
android.widget.ImageView@40609928
android.widget.TextView: Shell
android.widget.TextView: 7100 Liberty Rd & Essex Rd
android.widget.TextView: Lochearn, MD
android.widget.TextView: 1.56 mi
android.widget.TableLayout@406dea30
android.widget.TableRow@406ef320
android.widget.RelativeLayout@406f9688
android.widget.RelativeLayout@407036f8
android.widget.TextView: 3.47
android.widget.TextView: 9
android.widget.TextView: 1 hour ago
android.widget.TextView: Update
android.widget.RelativeLayout@4071ead8
android.widget.ImageView@40722228
android.widget.TextView: Exxon
android.widget.TextView: 5509 Park Heights Ave & W Northern Pkwy
android.widget.TextView: Baltimore, MD
android.widget.TextView: 1.65 mi
android.widget.TableLayout@4063b7b8
android.widget.TableRow@40687e38
android.widget.RelativeLayout@4066ae20
android.widget.RelativeLayout@406a55b0
android.widget.TextView: 3.41
android.widget.TextView: 9
android.widget.TextView: Tue 12:05 AM
android.widget.TextView: Update
android.widget.RelativeLayout@406bfca8
android.widget.ImageView@407258e8
android.widget.TextView: Crown
android.widget.TextView: 5475 Park Heights Ave & W Rogers Ave
android.widget.TextView: Baltimore, MD
android.widget.TextView: 1.65 mi
android.widget.RelativeLayout@405c8470
android.widget.FrameLayout@405b1750
android.widget.RelativeLayout@405e5860
android.widget.LinearLayout@405e9480
android.view.View@40662a38
android.widget.RelativeLayout@405eed78
android.widget.TextView: Regular
android.view.View@40651090
android.view.View@405909c0
android.widget.RelativeLayout@406a4b88
android.widget.TextView: Midgrade
android.view.View@4058fb80
android.view.View@405ece60
android.widget.RelativeLayout@405ed278
android.widget.TextView: Premium
android.view.View@4059da20
android.view.View@40662908
android.widget.RelativeLayout@4061a980
android.widget.TextView: Diesel
android.view.View@4058c498
android.view.View@40675148
android.view.View@406b97f8
android.widget.LinearLayout@406b9be8
android.widget.RelativeLayout@406b9e38
android.widget.ImageView@406ad7b0
android.widget.TextView: Reload
android.widget.RelativeLayout@406b8d68
android.widget.ImageView@406c3980
android.widget.TextView: Sort By Price
android.widget.RelativeLayout@406ca790
android.widget.ImageView@406d2ef8
android.widget.TextView: Map View
android.view.View@406d9b30
gbis.gbandroid.views.layouts.CustomListView@40617270
android.widget.TableLayout@406da448
android.widget.TableRow@405fa378
android.widget.RelativeLayout@40700670
android.widget.RelativeLayout@40622890
android.widget.TextView: --
android.widget.TextView: 9
android.widget.TextView: time
android.widget.TextView: Report Price
android.widget.RelativeLayout@40510070
android.widget.ImageView@4054ef20
android.widget.TextView: Community Gas
android.widget.TextView: 5414 Park Heights Ave & Ingleside Ave
android.widget.TextView: Baltimore, MD
android.widget.TextView: 1.66 mi
android.widget.TableLayout@40568da8
android.widget.TableRow@4057e280
android.widget.RelativeLayout@40548a90
android.widget.RelativeLayout@4057e810
android.widget.TextView: --
android.widget.TextView: 9
android.widget.TextView: time
android.widget.TextView: Report Price
android.widget.RelativeLayout@4057e9c8
android.widget.ImageView@40568c20
android.widget.TextView: BP
android.widget.TextView: 3601 Dolfield Ave & W Cold Spring Ln
android.widget.TextView: Baltimore, MD
android.widget.TextView: 1.72 mi
android.widget.TableLayout@4057e660
android.widget.TableRow@405dda08
android.widget.RelativeLayout@405be6d0
android.widget.RelativeLayout@405dbeb8
android.widget.TextView: --
android.widget.TextView: 9
android.widget.TextView: time
android.widget.TextView: Report Price
android.widget.RelativeLayout@40603a40
android.widget.ImageView@4059a598
android.widget.TextView: CITGO
android.widget.TextView: 7101 Reisterstown Rd & Glengyle Ave
android.widget.TextView: Baltimore, MD
android.widget.TextView: 1.79 mi
android.widget.TableLayout@405dbd08
android.widget.TableRow@4067dc70
android.widget.RelativeLayout@40606648
android.widget.RelativeLayout@40609218
android.widget.TextView: 3.49
android.widget.TextView: 9
android.widget.TextView: Mon 9:11 AM
android.widget.TextView: Update
android.widget.RelativeLayout@4060be50
android.widget.ImageView@405b4cb8
android.widget.TextView: CITGO
android.widget.TextView: 3300 W Cold Spring Ln & Wabash Ave
android.widget.TextView: Baltimore, MD
android.widget.TextView: 1.79 mi
android.widget.TableLayout@405edd98
android.widget.TableRow@40708ce0
android.widget.RelativeLayout@40612798
android.widget.RelativeLayout@40615490
android.widget.TextView: --
android.widget.TextView: 9
android.widget.TextView: time
android.widget.TextView: Report Price
android.widget.RelativeLayout@40618690
android.widget.ImageView@405e0f68
android.widget.TextView: Save More
android.widget.TextView: 4200 Wabash Ave &  W Cold Spring Ln
android.widget.TextView: Baltimore, MD
android.widget.TextView: 1.91 mi
android.widget.RelativeLayout@405c8470
android.widget.FrameLayout@405b1750
android.widget.RelativeLayout@405e5860
android.widget.LinearLayout@405e9480
android.view.View@40662a38
android.widget.RelativeLayout@405eed78
android.widget.TextView: Regular
android.view.View@40651090
android.view.View@405909c0
android.widget.RelativeLayout@406a4b88
android.widget.TextView: Midgrade
android.view.View@4058fb80
android.view.View@405ece60
android.widget.RelativeLayout@405ed278
android.widget.TextView: Premium
android.view.View@4059da20
android.view.View@40662908
android.widget.RelativeLayout@4061a980
android.widget.TextView: Diesel
android.view.View@4058c498
android.view.View@40675148
android.view.View@406b97f8
android.widget.LinearLayout@406b9be8
android.widget.RelativeLayout@406b9e38
android.widget.ImageView@406ad7b0
android.widget.TextView: Reload
android.widget.RelativeLayout@406b8d68
android.widget.ImageView@406c3980
android.widget.TextView: Sort By Price
android.widget.RelativeLayout@406ca790
android.widget.ImageView@406d2ef8
android.widget.TextView: Map View
android.view.View@406d9b30
gbis.gbandroid.views.layouts.CustomListView@40617270
android.widget.TableLayout@405edd98
android.widget.TableRow@40708ce0
android.widget.RelativeLayout@40612798
android.widget.RelativeLayout@40615490
android.widget.TextView: --
android.widget.TextView: 9
android.widget.TextView: time
android.widget.TextView: Report Price
android.widget.RelativeLayout@40618690
android.widget.ImageView@405e0f68
android.widget.TextView: Save More
android.widget.TextView: 4200 Wabash Ave &  W Cold Spring Ln
android.widget.TextView: Baltimore, MD
android.widget.TextView: 1.91 mi
android.widget.TableLayout@406324b8
android.widget.TableRow@4070c3a0
android.widget.RelativeLayout@405e8bd0
android.widget.RelativeLayout@4061bad8
android.widget.TextView: 3.51
android.widget.TextView: 9
android.widget.TextView: Mon 9:37 AM
android.widget.TextView: Update
android.widget.RelativeLayout@4065b4b0
android.widget.ImageView@40683ab0
android.widget.TextView: BP
android.widget.TextView: 2012 N Forest  Park  Dr & Windsor Mill Rd
android.widget.TextView: Gwynn Oak, MD
android.widget.TextView: 1.91 mi
android.widget.TableLayout@40647520
android.widget.TableRow@4068ab08
android.widget.RelativeLayout@406a6318
android.widget.RelativeLayout@405fb4d8
android.widget.TextView: 3.49
android.widget.TextView: 9
android.widget.TextView: 8 hours ago
android.widget.TextView: Update
android.widget.RelativeLayout@4065c0a8
android.widget.ImageView@406b44e0
android.widget.TextView: Sunoco
android.widget.TextView: 7409 Liberty Rd & Croydon Rd
android.widget.TextView: Lochearn, MD
android.widget.TextView: 1.92 mi
android.widget.TableLayout@40667930
android.widget.TableRow@40770438
android.widget.RelativeLayout@4061b058
android.widget.RelativeLayout@40675948
android.widget.TextView: 3.29
android.widget.TextView: 9
android.widget.TextView: 12 hours ago
android.widget.TextView: Update
android.widget.RelativeLayout@405b8da8
android.widget.ImageView@406192a8
android.widget.TextView: XtraMart
android.widget.TextView: 1818 Woodlawn Dr & Whitehead Rd
android.widget.TextView: Gwynn Oak, MD
android.widget.TextView: 2.1 mi
android.widget.TableLayout@40646a40
android.widget.TableRow@4066d7d0
android.widget.RelativeLayout@406c9770
android.widget.RelativeLayout@40662e78
android.widget.TextView: 3.33
android.widget.TextView: 9
android.widget.TextView: 4 hours ago
android.widget.TextView: Update
android.widget.RelativeLayout@4078fe10
android.widget.ImageView@4057f178
android.widget.TextView: CITGO
android.widget.TextView: 1816 Woodlawn Dr & Whitehead Rd
android.widget.TextView: Gwynn Oak, MD
android.widget.TextView: 2.12 mi
android.widget.RelativeLayout@405c8470
android.widget.FrameLayout@405b1750
android.widget.RelativeLayout@405e5860
android.widget.LinearLayout@405e9480
android.view.View@40662a38
android.widget.RelativeLayout@405eed78
android.widget.TextView: Regular
android.view.View@40651090
android.view.View@405909c0
android.widget.RelativeLayout@406a4b88
android.widget.TextView: Midgrade
android.view.View@4058fb80
android.view.View@405ece60
android.widget.RelativeLayout@405ed278
android.widget.TextView: Premium
android.view.View@4059da20
android.view.View@40662908
android.widget.RelativeLayout@4061a980
android.widget.TextView: Diesel
android.view.View@4058c498
android.view.View@40675148
android.view.View@406b97f8
android.widget.LinearLayout@406b9be8
android.widget.RelativeLayout@406b9e38
android.widget.ImageView@406ad7b0
android.widget.TextView: Reload
android.widget.RelativeLayout@406b8d68
android.widget.ImageView@406c3980
android.widget.TextView: Sort By Price
android.widget.RelativeLayout@406ca790
android.widget.ImageView@406d2ef8
android.widget.TextView: Map View
android.view.View@406d9b30
gbis.gbandroid.views.layouts.CustomListView@40617270
android.widget.TableLayout@40646a40
android.widget.TableRow@4066d7d0
android.widget.RelativeLayout@406c9770
android.widget.RelativeLayout@40662e78
android.widget.TextView: 3.33
android.widget.TextView: 9
android.widget.TextView: 4 hours ago
android.widget.TextView: Update
android.widget.RelativeLayout@4078fe10
android.widget.ImageView@4057f178
android.widget.TextView: CITGO
android.widget.TextView: 1816 Woodlawn Dr & Whitehead Rd
android.widget.TextView: Gwynn Oak, MD
android.widget.TextView: 2.12 mi
android.widget.TableLayout@406c1f10
android.widget.TableRow@406f5900
android.widget.RelativeLayout@406d5930
android.widget.RelativeLayout@406d5d08
android.widget.TextView: 3.35
android.widget.TextView: 9
android.widget.TextView: 11 hours ago
android.widget.TextView: Update
android.widget.RelativeLayout@405df160
android.widget.ImageView@406c63f0
android.widget.TextView: Sunoco
android.widget.TextView: 6725 Dogwood Rd & White Stone Rd
android.widget.TextView: Gwynn Oak, MD
android.widget.TextView: 2.15 mi
android.widget.TableLayout@4078a2b8
android.widget.TableRow@405dd2e8
android.widget.RelativeLayout@4071e440
android.widget.RelativeLayout@4071e818
android.widget.TextView: 3.47
android.widget.TextView: 9
android.widget.TextView: 4 hours ago
android.widget.TextView: Update
android.widget.RelativeLayout@4076cbf0
android.widget.ImageView@40633e50
android.widget.TextView: BP
android.widget.TextView: 524 Reisterstown Rd & Milford Mill Rd & Slade Ave
android.widget.TextView: Pikesville, MD
android.widget.TextView: 2.17 mi
android.widget.TableLayout@406fc3b0
android.widget.TableRow@406fc980
android.widget.RelativeLayout@406cac88
android.widget.RelativeLayout@406cb060
android.widget.TextView: --
android.widget.TextView: 9
android.widget.TextView: time
android.widget.TextView: Report Price
android.widget.RelativeLayout@406a6f38
android.widget.ImageView@406a7310
android.widget.TextView: BP
android.widget.TextView: 4419 Park Heights Ave & Wylie Ave
android.widget.TextView: Baltimore, MD
android.widget.TextView: 2.19 mi
android.widget.TableLayout@40668b10
android.widget.TableRow@406690e0
android.widget.RelativeLayout@4068bd00
android.widget.RelativeLayout@4068c0d8
android.widget.TextView: 3.39
android.widget.TextView: 9
android.widget.TextView: 17 hours ago
android.widget.TextView: Update
android.widget.RelativeLayout@40780350
android.widget.ImageView@40780728
android.widget.TextView: Shell
android.widget.TextView: 6600 Security Blvd & Woodlawn Dr
android.widget.TextView: Gwynn Oak, MD
android.widget.TextView: 2.27 mi
android.widget.RelativeLayout@405c8470
android.widget.FrameLayout@405b1750
android.widget.RelativeLayout@405e5860
android.widget.LinearLayout@405e9480
android.view.View@40662a38
android.widget.RelativeLayout@405eed78
android.widget.TextView: Regular
android.view.View@40651090
android.view.View@405909c0
android.widget.RelativeLayout@406a4b88
android.widget.TextView: Midgrade
android.view.View@4058fb80
android.view.View@405ece60
android.widget.RelativeLayout@405ed278
android.widget.TextView: Premium
android.view.View@4059da20
android.view.View@40662908
android.widget.RelativeLayout@4061a980
android.widget.TextView: Diesel
android.view.View@4058c498
android.view.View@40675148
android.view.View@406b97f8
android.widget.LinearLayout@406b9be8
android.widget.RelativeLayout@406b9e38
android.widget.ImageView@406ad7b0
android.widget.TextView: Reload
android.widget.RelativeLayout@406b8d68
android.widget.ImageView@406c3980
android.widget.TextView: Sort By Price
android.widget.RelativeLayout@406ca790
android.widget.ImageView@406d2ef8
android.widget.TextView: Map View
android.view.View@406d9b30
gbis.gbandroid.views.layouts.CustomListView@40617270
android.widget.TableLayout@40668b10
android.widget.TableRow@406690e0
android.widget.RelativeLayout@4068bd00
android.widget.RelativeLayout@4068c0d8
android.widget.TextView: 3.39
android.widget.TextView: 9
android.widget.TextView: 17 hours ago
android.widget.TextView: Update
android.widget.RelativeLayout@40780350
android.widget.ImageView@40780728
android.widget.TextView: Shell
android.widget.TextView: 6600 Security Blvd & Woodlawn Dr
android.widget.TextView: Gwynn Oak, MD
android.widget.TextView: 2.27 mi
android.widget.TableLayout@406ec658
android.widget.TableRow@406ecbb0
android.widget.RelativeLayout@406ed230
android.widget.RelativeLayout@406ed608
android.widget.TextView: 3.39
android.widget.TextView: 9
android.widget.TextView: Mon 5:50 PM
android.widget.TextView: Update
android.widget.RelativeLayout@40696e98
android.widget.ImageView@40697258
android.widget.TextView: BP
android.widget.TextView: 6698 Security Blvd & Whitehead Rd
android.widget.TextView: Gwynn Oak, MD
android.widget.TextView: 2.46 mi
android.widget.TableLayout@407150c8
android.widget.TableRow@40715578
android.widget.RelativeLayout@40715c18
android.widget.RelativeLayout@40715ff0
android.widget.TextView: --
android.widget.TextView: 9
android.widget.TextView: time
android.widget.TextView: Report Price
android.widget.RelativeLayout@406e91b0
android.widget.ImageView@406e9548
android.widget.TextView: BP
android.widget.TextView: 2850 Liberty Heights Ave & Druid Park Dr
android.widget.TextView: Baltimore, MD
android.widget.TextView: 2.6 mi
android.widget.TableLayout@406e6e70
android.widget.TableRow@40722e48
android.widget.RelativeLayout@40723508
android.widget.RelativeLayout@407238e0
android.widget.TextView: 3.45
android.widget.TextView: 9
android.widget.TextView: 6 hours ago
android.widget.TextView: Update
android.widget.RelativeLayout@4064a600
android.widget.ImageView@4064a9d8
android.widget.TextView: Shell
android.widget.TextView: 2859 Smith Ave & Sanzo Rd
android.widget.TextView: Pikesville, MD
android.widget.TextView: 2.67 mi
android.widget.TableLayout@405cc4b8
android.widget.TableRow@40582650
android.widget.RelativeLayout@40582d10
android.widget.RelativeLayout@405830e8
android.widget.TextView: 3.43
android.widget.TextView: 9
android.widget.TextView: 9 hours ago
android.widget.TextView: Update
android.widget.RelativeLayout@4065f268
android.widget.ImageView@4065f640
android.widget.TextView: Shell
android.widget.TextView: 1699 N Forest Park Ave & Stamford Rd
android.widget.TextView: Gwynn Oak, MD
android.widget.TextView: 2.69 mi
android.widget.RelativeLayout@405c8470
android.widget.FrameLayout@405b1750
android.widget.RelativeLayout@405e5860
android.widget.LinearLayout@405e9480
android.view.View@40662a38
android.widget.RelativeLayout@405eed78
android.widget.TextView: Regular
android.view.View@40651090
android.view.View@405909c0
android.widget.RelativeLayout@406a4b88
android.widget.TextView: Midgrade
android.view.View@4058fb80
android.view.View@405ece60
android.widget.RelativeLayout@405ed278
android.widget.TextView: Premium
android.view.View@4059da20
android.view.View@40662908
android.widget.RelativeLayout@4061a980
android.widget.TextView: Diesel
android.view.View@4058c498
android.view.View@40675148
android.view.View@406b97f8
android.widget.LinearLayout@406b9be8
android.widget.RelativeLayout@406b9e38
android.widget.ImageView@406ad7b0
android.widget.TextView: Reload
android.widget.RelativeLayout@406b8d68
android.widget.ImageView@406c3980
android.widget.TextView: Sort By Price
android.widget.RelativeLayout@406ca790
android.widget.ImageView@406d2ef8
android.widget.TextView: Map View
android.view.View@406d9b30
gbis.gbandroid.views.layouts.CustomListView@40617270
android.widget.TableLayout@405ed068
android.widget.TableRow@40674f30
android.widget.RelativeLayout@40606648
android.widget.RelativeLayout@40609218
android.widget.TextView: 3.43
android.widget.TextView: 9
android.widget.TextView: 9 hours ago
android.widget.TextView: Update
android.widget.RelativeLayout@4060be50
android.widget.ImageView@405b4298
android.widget.TextView: Shell
android.widget.TextView: 1699 N Forest Park Ave & Stamford Rd
android.widget.TextView: Gwynn Oak, MD
android.widget.TextView: 2.69 mi
android.widget.TableLayout@405dbd08
android.widget.TableRow@40649500
android.widget.RelativeLayout@405dbeb8
android.widget.RelativeLayout@405decd0
android.widget.TextView: 3.33
android.widget.TextView: 9
android.widget.TextView: 14 hours ago
android.widget.TextView: Update
android.widget.RelativeLayout@40603a40
android.widget.ImageView@4059a598
android.widget.TextView: 7-Eleven
android.widget.TextView: 2701 N Rolliing Rd & Hithergreen Dr
android.widget.TextView: Windsor Mill, MD
android.widget.TextView: 2.75 mi
android.widget.TableLayout@4057e660
android.widget.TableRow@40637798
android.widget.RelativeLayout@4057e9c8
android.widget.RelativeLayout@405b9fc0
android.widget.TextView: 3.29
android.widget.TextView: 9
android.widget.TextView: 12 hours ago
android.widget.TextView: Update
android.widget.RelativeLayout@405be6d0
android.widget.ImageView@40568c20
android.widget.TextView: Wawa
android.widget.TextView: 2845 N Rolling Rd & Windsor Blvd
android.widget.TextView: Windsor Mill, MD
android.widget.TextView: 2.78 mi
android.widget.TableLayout@40568da8
android.widget.TableRow@405dda08
android.widget.RelativeLayout@40519b80
android.widget.RelativeLayout@40548a90
android.widget.TextView: 3.45
android.widget.TextView: 9
android.widget.TextView: 16 hours ago
android.widget.TextView: Update
android.widget.RelativeLayout@4057e810
android.widget.ImageView@4054ef20
android.widget.TextView: Exxon
android.widget.TextView: 1601 Belmont & Security Blvd
android.widget.TextView: Windsor Mill, MD
android.widget.TextView: 2.8 mi
android.widget.TableLayout@405cc4b8
android.widget.TableRow@40582650
android.widget.RelativeLayout@40582d10
android.widget.RelativeLayout@405830e8
android.widget.TextView: 3.47
android.widget.TextView: 9
android.widget.TextView: 6 hours ago
android.widget.TextView: Update
android.widget.RelativeLayout@4065f268
android.widget.ImageView@4065f640
android.widget.TextView: Exxon
android.widget.TextView: 8029 Liberty Rd   & Florida Rd
android.widget.TextView: Windsor Mill, MD
android.widget.TextView: 2.83 mi
android.widget.RelativeLayout@405c8470
android.widget.FrameLayout@405b1750
android.widget.RelativeLayout@405e5860
android.widget.LinearLayout@405e9480
android.view.View@40662a38
android.widget.RelativeLayout@405eed78
android.widget.TextView: Regular
android.view.View@40651090
android.view.View@405909c0
android.widget.RelativeLayout@406a4b88
android.widget.TextView: Midgrade
android.view.View@4058fb80
android.view.View@405ece60
android.widget.RelativeLayout@405ed278
android.widget.TextView: Premium
android.view.View@4059da20
android.view.View@40662908
android.widget.RelativeLayout@4061a980
android.widget.TextView: Diesel
android.view.View@4058c498
android.view.View@40675148
android.view.View@406b97f8
android.widget.LinearLayout@406b9be8
android.widget.RelativeLayout@406b9e38
android.widget.ImageView@406ad7b0
android.widget.TextView: Reload
android.widget.RelativeLayout@406b8d68
android.widget.ImageView@406c3980
android.widget.TextView: Sort By Price
android.widget.RelativeLayout@406ca790
android.widget.ImageView@406d2ef8
android.widget.TextView: Map View
android.view.View@406d9b30
gbis.gbandroid.views.layouts.CustomListView@40617270
android.widget.TableLayout@405cc4b8
android.widget.TableRow@40582650
android.widget.RelativeLayout@40582d10
android.widget.RelativeLayout@405830e8
android.widget.TextView: 3.47
android.widget.TextView: 9
android.widget.TextView: 6 hours ago
android.widget.TextView: Update
android.widget.RelativeLayout@4065f268
android.widget.ImageView@4065f640
android.widget.TextView: Exxon
android.widget.TextView: 8029 Liberty Rd   & Florida Rd
android.widget.TextView: Windsor Mill, MD
android.widget.TextView: 2.83 mi
android.widget.TableLayout@405edd98
android.widget.TableRow@406d0a28
android.widget.RelativeLayout@40615490
android.widget.RelativeLayout@4061b4c0
android.widget.TextView: --
android.widget.TextView: 9
android.widget.TextView: time
android.widget.TextView: Report Price
android.widget.RelativeLayout@40632668
android.widget.ImageView@4063dec0
android.widget.TextView: BP
android.widget.TextView: 3312 Reisterstown  Rd & Druid Park Dr
android.widget.TextView: Baltimore, MD
android.widget.TextView: 2.84 mi
android.widget.TableLayout@40685838
android.widget.TableRow@4068e810
android.widget.RelativeLayout@40791408
android.widget.RelativeLayout@4061bd20
android.widget.TextView: 3.49
android.widget.TextView: 9
android.widget.TextView: 15 hours ago
android.widget.TextView: Update
android.widget.RelativeLayout@406d7108
android.widget.ImageView@406dbe58
android.widget.TextView: BP
android.widget.TextView: 1800 Bloomingdale Rd & N Ellamont St
android.widget.TextView: Baltimore, MD
android.widget.TextView: 2.84 mi
android.widget.TableLayout@40711248
android.widget.TableRow@405b6760
android.widget.RelativeLayout@406a55b0
android.widget.RelativeLayout@405869f0
android.widget.TextView: 3.35
android.widget.TextView: 9
android.widget.TextView: 6 hours ago
android.widget.TextView: Update
android.widget.RelativeLayout@40662688
android.widget.ImageView@406daf30
android.widget.TextView: Exxon
android.widget.TextView: 7415 Windsor Mill Rd   & Rolling Rd
android.widget.TextView: Windsor Mill, MD
android.widget.TextView: 2.92 mi
android.widget.TableLayout@406189e8
android.widget.TableRow@406de9e8
android.widget.RelativeLayout@40680ce0
android.widget.RelativeLayout@4069ede8
android.widget.TextView: 3.51
android.widget.TextView: 9
android.widget.TextView: 3 hours ago
android.widget.TextView: Update
android.widget.RelativeLayout@406a69f0
android.widget.ImageView@407796d8
android.widget.TextView: Mobil
android.widget.TextView: 1509 Reisterstown Rd & Old Court Rd
android.widget.TextView: Pikesville, MD
android.widget.TextView: 2.94 mi
android.widget.RelativeLayout@405c8470
android.widget.FrameLayout@405b1750
android.widget.RelativeLayout@405e5860
android.widget.LinearLayout@405e9480
android.view.View@40662a38
android.widget.RelativeLayout@405eed78
android.widget.TextView: Regular
android.view.View@40651090
android.view.View@405909c0
android.widget.RelativeLayout@406a4b88
android.widget.TextView: Midgrade
android.view.View@4058fb80
android.view.View@405ece60
android.widget.RelativeLayout@405ed278
android.widget.TextView: Premium
android.view.View@4059da20
android.view.View@40662908
android.widget.RelativeLayout@4061a980
android.widget.TextView: Diesel
android.view.View@4058c498
android.view.View@40675148
android.view.View@406b97f8
android.widget.LinearLayout@406b9be8
android.widget.RelativeLayout@406b9e38
android.widget.ImageView@406ad7b0
android.widget.TextView: Reload
android.widget.RelativeLayout@406b8d68
android.widget.ImageView@406c3980
android.widget.TextView: Sort By Price
android.widget.RelativeLayout@406ca790
android.widget.ImageView@406d2ef8
android.widget.TextView: Map View
android.view.View@406d9b30
gbis.gbandroid.views.layouts.CustomListView@40617270
android.widget.TableLayout@406189e8
android.widget.TableRow@406de9e8
android.widget.RelativeLayout@40680ce0
android.widget.RelativeLayout@4069ede8
android.widget.TextView: 3.51
android.widget.TextView: 9
android.widget.TextView: 3 hours ago
android.widget.TextView: Update
android.widget.RelativeLayout@406a69f0
android.widget.ImageView@407796d8
android.widget.TextView: Mobil
android.widget.TextView: 1509 Reisterstown Rd & Old Court Rd
android.widget.TextView: Pikesville, MD
android.widget.TextView: 2.94 mi
android.widget.TableLayout@40695ac8
android.widget.TableRow@407053f0
android.widget.RelativeLayout@4077f988
android.widget.RelativeLayout@405e2e70
android.widget.TextView: 3.33
android.widget.TextView: 9
android.widget.TextView: 16 hours ago
android.widget.TextView: Update
android.widget.RelativeLayout@407b6700
android.widget.ImageView@406941d8
android.widget.TextView: BP
android.widget.TextView: 2202 N Rolling Rd & Gaybrook Rd
android.widget.TextView: Windsor Mill, MD
android.widget.TextView: 2.97 mi
android.widget.TableLayout@40620778
android.widget.TableRow@4062a940
android.widget.RelativeLayout@40630260
android.widget.RelativeLayout@40670cb8
android.widget.TextView: --
android.widget.TextView: 9
android.widget.TextView: time
android.widget.TextView: Report Price
android.widget.RelativeLayout@40676670
android.widget.ImageView@4069b0d0
android.widget.TextView: Gulf
android.widget.TextView: 2617 Gwynns Falls Pkwy & Evergreen St
android.widget.TextView: Baltimore, MD
android.widget.TextView: 2.98 mi
android.widget.TableLayout@40656518
android.widget.TableRow@40626ee0
android.widget.RelativeLayout@406c78d0
android.widget.RelativeLayout@406c7b80
android.widget.TextView: 3.41
android.widget.TextView: 9
android.widget.TextView: 18 hours ago
android.widget.TextView: Update
android.widget.RelativeLayout@4076e398
android.widget.ImageView@4076e718
android.widget.TextView: Sunoco
android.widget.TextView: 1900 N Rolling Rd & Fairbrook Rd
android.widget.TextView: Windsor Mill, MD
android.widget.TextView: 3.09 mi
android.widget.TableLayout@406361a8
android.widget.TableRow@406b4a88
android.widget.RelativeLayout@406cb8d0
android.widget.RelativeLayout@406cbc68
android.widget.TextView: 3.42
android.widget.TextView: 9
android.widget.TextView: 9 hours ago
android.widget.TextView: Update
android.widget.RelativeLayout@4060d040
android.widget.ImageView@40671890
android.widget.TextView: Shell
android.widget.TextView: 4598 Edmondson Ave & Swann Ave
android.widget.TextView: Baltimore, MD
android.widget.TextView: 3.13 mi
android.widget.RelativeLayout@405c8470
android.widget.FrameLayout@405b1750
android.widget.RelativeLayout@405e5860
android.widget.LinearLayout@405e9480
android.view.View@40662a38
android.widget.RelativeLayout@405eed78
android.widget.TextView: Regular
android.view.View@40651090
android.view.View@405909c0
android.widget.RelativeLayout@406a4b88
android.widget.TextView: Midgrade
android.view.View@4058fb80
android.view.View@405ece60
android.widget.RelativeLayout@405ed278
android.widget.TextView: Premium
android.view.View@4059da20
android.view.View@40662908
android.widget.RelativeLayout@4061a980
android.widget.TextView: Diesel
android.view.View@4058c498
android.view.View@40675148
android.view.View@406b97f8
android.widget.LinearLayout@406b9be8
android.widget.RelativeLayout@406b9e38
android.widget.ImageView@406ad7b0
android.widget.TextView: Reload
android.widget.RelativeLayout@406b8d68
android.widget.ImageView@406c3980
android.widget.TextView: Sort By Price
android.widget.RelativeLayout@406ca790
android.widget.ImageView@406d2ef8
android.widget.TextView: Map View
android.view.View@406d9b30
gbis.gbandroid.views.layouts.CustomListView@40617270
android.widget.TableLayout@40620778
android.widget.TableRow@4062a940
android.widget.RelativeLayout@40630260
android.widget.RelativeLayout@40670cb8
android.widget.TextView: --
android.widget.TextView: 9
android.widget.TextView: time
android.widget.TextView: Report Price
android.widget.RelativeLayout@40676670
android.widget.ImageView@4069b0d0
android.widget.TextView: Gulf
android.widget.TextView: 2617 Gwynns Falls Pkwy & Evergreen St
android.widget.TextView: Baltimore, MD
android.widget.TextView: 2.98 mi
android.widget.TableLayout@40656518
android.widget.TableRow@40626ee0
android.widget.RelativeLayout@406c78d0
android.widget.RelativeLayout@406c7b80
android.widget.TextView: 3.41
android.widget.TextView: 9
android.widget.TextView: 18 hours ago
android.widget.TextView: Update
android.widget.RelativeLayout@4076e398
android.widget.ImageView@4076e718
android.widget.TextView: Sunoco
android.widget.TextView: 1900 N Rolling Rd & Fairbrook Rd
android.widget.TextView: Windsor Mill, MD
android.widget.TextView: 3.09 mi
android.widget.TableLayout@406361a8
android.widget.TableRow@406b4a88
android.widget.RelativeLayout@406cb8d0
android.widget.RelativeLayout@406cbc68
android.widget.TextView: 3.42
android.widget.TextView: 9
android.widget.TextView: 9 hours ago
android.widget.TextView: Update
android.widget.RelativeLayout@4060d040
android.widget.ImageView@40671890
android.widget.TextView: Shell
android.widget.TextView: 4598 Edmondson Ave & Swann Ave
android.widget.TextView: Baltimore, MD
android.widget.TextView: 3.13 mi
android.widget.TableLayout@407d6a68
android.widget.TableRow@407d7038
android.widget.RelativeLayout@407d76b8
android.widget.RelativeLayout@407d7a90
android.widget.TextView: 3.89
android.widget.TextView: 9
android.widget.TextView: 19 hours ago
android.widget.TextView: Update
android.widget.RelativeLayout@407d92a0
android.widget.ImageView@407d9678
android.widget.TextView: Getty
android.widget.TextView: 8201 Liberty Rd   & Langrehr Rd
android.widget.TextView: Windsor Mill, MD
android.widget.TextView: 3.18 mi
android.widget.TableLayout@407e70d8
android.widget.TableRow@407e76a8
android.widget.RelativeLayout@407e7d68
android.widget.RelativeLayout@407e8140
android.widget.TextView: 3.42
android.widget.TextView: 9
android.widget.TextView: 8 hours ago
android.widget.TextView: Update
android.widget.RelativeLayout@407e9950
android.widget.ImageView@407e9d28
android.widget.TextView: Shell
android.widget.TextView: 8200 Liberty Rd & Langrehr Rd
android.widget.TextView: Windsor Mill, MD
android.widget.TextView: 3.19 mi
android.widget.RelativeLayout@405c8470
