android.widget.FrameLayout@4055d5a8
android.widget.RelativeLayout@405cee40
android.widget.LinearLayout@4060ebd8
android.view.View@40711188
android.widget.RelativeLayout@406aea98
android.widget.TextView: Regular
android.view.View@40680c00
android.view.View@40710de0
android.widget.RelativeLayout@4054a818
android.widget.TextView: Midgrade
android.view.View@406d1e58
android.view.View@40710f28
android.widget.RelativeLayout@406b4d30
android.widget.TextView: Premium
android.view.View@406c2740
android.view.View@40711058
android.widget.RelativeLayout@406c2918
android.widget.TextView: Diesel
android.view.View@406fffe8
android.view.View@40714228
android.view.View@406b9a68
android.widget.LinearLayout@406ba750
android.widget.RelativeLayout@405462a8
android.widget.ImageView@406ba9e8
android.widget.TextView: Reload
android.widget.RelativeLayout@406c43d0
android.widget.ImageView@406ce5f0
android.widget.TextView: Sort By Price
android.widget.RelativeLayout@406d9518
android.widget.ImageView@406e02f0
android.widget.TextView: Map View
android.view.View@406e7118
gbis.gbandroid.views.layouts.CustomListView@4068bb80
android.widget.RelativeLayout@405c3290
com.google.ads.AdView@406aca40
android.gesture.GestureOverlayView@406de3b8
android.widget.FrameLayout@40584ff0
com.google.ads.internal.AdWebView@40643720
android.widget.TableLayout@4065d738
android.widget.TableRow@406f9c38
android.widget.RelativeLayout@406fa260
android.widget.RelativeLayout@406fa638
android.widget.TextView: 3.99
android.widget.TextView: 9
android.widget.TextView: 17 hours ago
android.widget.TextView: Update
android.widget.RelativeLayout@406fe0f8
android.widget.ImageView@407006a8
android.widget.TextView: Mobil
android.widget.TextView: 2775 Nichols Ave & Hawley Ln
android.widget.TextView: Trumbull, CT
android.widget.TextView: 1.88 mi
android.widget.TableLayout@406df328
android.widget.TableRow@406df8f8
android.widget.RelativeLayout@406e2500
android.widget.RelativeLayout@406e28b8
android.widget.TextView: 3.99
android.widget.TextView: 9
android.widget.TextView: 14 hours ago
android.widget.TextView: Update
android.widget.RelativeLayout@406e65b0
android.widget.ImageView@406e6988
android.widget.TextView: BP
android.widget.TextView: 18 Old Stratford Rd & Bridgeport Ave
android.widget.TextView: Shelton, CT
android.widget.TextView: 1.89 mi
android.widget.TableLayout@406c3638
android.widget.TableRow@406c3c08
android.widget.RelativeLayout@406c6530
android.widget.RelativeLayout@406c6908
android.widget.TextView: --
android.widget.TextView: 9
android.widget.TextView: 14 hours ago
android.widget.TextView: Report Price
android.widget.RelativeLayout@406ca5f0
android.widget.ImageView@406ca9c8
android.widget.TextView: Mobil
android.widget.TextView: 7290 Main St & Merritt Parkway
android.widget.TextView: Stratford, CT
android.widget.TextView: 2.26 mi
android.widget.TableLayout@4070cc80
android.widget.TableRow@40710388
android.widget.RelativeLayout@40713dd0
android.widget.RelativeLayout@40716ea0
android.widget.TextView: --
android.widget.TextView: 9
android.widget.TextView: 17 hours ago
android.widget.TextView: Report Price
android.widget.RelativeLayout@40721248
android.widget.ImageView@407215e8
android.widget.TextView: Sunoco
android.widget.TextView: 7050 Main St & Oronoque Ln
android.widget.TextView: Stratford, CT
android.widget.TextView: 2.32 mi
android.widget.RelativeLayout@40641ba8
android.widget.FrameLayout@4055d5a8
android.widget.RelativeLayout@405cee40
android.widget.LinearLayout@4060ebd8
android.view.View@40711188
android.widget.RelativeLayout@406aea98
android.widget.TextView: Regular
android.view.View@40680c00
android.view.View@40710de0
android.widget.RelativeLayout@4054a818
android.widget.TextView: Midgrade
android.view.View@406d1e58
android.view.View@40710f28
android.widget.RelativeLayout@406b4d30
android.widget.TextView: Premium
android.view.View@406c2740
android.view.View@40711058
android.widget.RelativeLayout@406c2918
android.widget.TextView: Diesel
android.view.View@406fffe8
android.view.View@40714228
android.view.View@406b9a68
android.widget.LinearLayout@406ba750
android.widget.RelativeLayout@405462a8
android.widget.ImageView@406ba9e8
android.widget.TextView: Reload
android.widget.RelativeLayout@406c43d0
android.widget.ImageView@406ce5f0
android.widget.TextView: Sort By Price
android.widget.RelativeLayout@406d9518
android.widget.ImageView@406e02f0
android.widget.TextView: Map View
android.view.View@406e7118
gbis.gbandroid.views.layouts.CustomListView@4068bb80
android.widget.TableLayout@4070cc80
android.widget.TableRow@40710388
android.widget.RelativeLayout@40713dd0
android.widget.RelativeLayout@40716ea0
android.widget.TextView: --
android.widget.TextView: 9
android.widget.TextView: 17 hours ago
android.widget.TextView: Report Price
android.widget.RelativeLayout@40721248
android.widget.ImageView@407215e8
android.widget.TextView: Sunoco
android.widget.TextView: 7050 Main St & Oronoque Ln
android.widget.TextView: Stratford, CT
android.widget.TextView: 2.32 mi
android.widget.TableLayout@407ab7e8
android.widget.TableRow@407abdb8
android.widget.RelativeLayout@407ac478
android.widget.RelativeLayout@407ac850
android.widget.TextView: 4.07
android.widget.TextView: 9
android.widget.TextView: 17 hours ago
android.widget.TextView: Update
android.widget.RelativeLayout@4054f590
android.widget.ImageView@4054c7d0
android.widget.TextView: CITGO
android.widget.TextView: 648 White Plains Rd & Cedarcrest Rd
android.widget.TextView: Trumbull, CT
android.widget.TextView: 2.51 mi
android.widget.TableLayout@4057aac8
android.widget.TableRow@40556ed8
android.widget.RelativeLayout@40557cd8
android.widget.RelativeLayout@4057ae20
android.widget.TextView: 3.92
android.widget.TextView: 9
android.widget.TextView: 9 hours ago
android.widget.TextView: Update
android.widget.RelativeLayout@4057b5d8
android.widget.ImageView@4054f160
android.widget.TextView: AJ's
android.widget.TextView: 851 River Rd & Long Hill Ave
android.widget.TextView: Shelton, CT
android.widget.TextView: 2.51 mi
android.widget.TableLayout@4057ac70
android.widget.TableRow@40580df8
android.widget.RelativeLayout@405ffc90
android.widget.RelativeLayout@406054c8
android.widget.TextView: --
android.widget.TextView: 9
android.widget.TextView: time
android.widget.TextView: Report Price
android.widget.RelativeLayout@40613ff8
android.widget.ImageView@405f62f0
android.widget.TextView: CITGO
android.widget.TextView: 851 River Rd & Long Hill Ave
android.widget.TextView: Shelton, CT
android.widget.TextView: 2.51 mi
android.widget.TableLayout@4057d920
android.widget.TableRow@405b7ef0
android.widget.RelativeLayout@40616bb0
android.widget.RelativeLayout@4061e0f8
android.widget.TextView: 3.87
android.widget.TextView: 9
android.widget.TextView: 9 hours ago
android.widget.TextView: Update
android.widget.RelativeLayout@40620d50
android.widget.ImageView@40639838
android.widget.TextView: Gulf
android.widget.TextView: 819 River Rd & Long Hill Ave
android.widget.TextView: Shelton, CT
android.widget.TextView: 2.55 mi
android.widget.RelativeLayout@40641ba8
android.widget.FrameLayout@4055d5a8
android.widget.RelativeLayout@405cee40
android.widget.LinearLayout@4060ebd8
android.view.View@40711188
android.widget.RelativeLayout@406aea98
android.widget.TextView: Regular
android.view.View@40680c00
android.view.View@40710de0
android.widget.RelativeLayout@4054a818
android.widget.TextView: Midgrade
android.view.View@406d1e58
android.view.View@40710f28
android.widget.RelativeLayout@406b4d30
android.widget.TextView: Premium
android.view.View@406c2740
android.view.View@40711058
android.widget.RelativeLayout@406c2918
android.widget.TextView: Diesel
android.view.View@406fffe8
android.view.View@40714228
android.view.View@406b9a68
android.widget.LinearLayout@406ba750
android.widget.RelativeLayout@405462a8
android.widget.ImageView@406ba9e8
android.widget.TextView: Reload
android.widget.RelativeLayout@406c43d0
android.widget.ImageView@406ce5f0
android.widget.TextView: Sort By Price
android.widget.RelativeLayout@406d9518
android.widget.ImageView@406e02f0
android.widget.TextView: Map View
android.view.View@406e7118
gbis.gbandroid.views.layouts.CustomListView@4068bb80
android.widget.TableLayout@4057d920
android.widget.TableRow@405b7ef0
android.widget.RelativeLayout@40616bb0
android.widget.RelativeLayout@4061e0f8
android.widget.TextView: 3.87
android.widget.TextView: 9
android.widget.TextView: 9 hours ago
android.widget.TextView: Update
android.widget.RelativeLayout@40620d50
android.widget.ImageView@40639838
android.widget.TextView: Gulf
android.widget.TextView: 819 River Rd & Long Hill Ave
android.widget.TextView: Shelton, CT
android.widget.TextView: 2.55 mi
android.widget.TableLayout@405804f8
android.widget.TableRow@40642948
android.widget.RelativeLayout@40624858
android.widget.RelativeLayout@40624de8
android.widget.TextView: --
android.widget.TextView: 9
android.widget.TextView: time
android.widget.TextView: Report Price
android.widget.RelativeLayout@40627a20
android.widget.ImageView@4063aff8
android.widget.TextView: Gulf
android.widget.TextView: 484 Bridgeport Ave & Woodland Park
android.widget.TextView: Shelton, CT
android.widget.TextView: 2.76 mi
android.widget.TableLayout@405825d0
android.widget.TableRow@4069e420
android.widget.RelativeLayout@40629508
android.widget.RelativeLayout@4062a420
android.widget.TextView: 3.99
android.widget.TextView: 9
android.widget.TextView: 17 hours ago
android.widget.TextView: Update
android.widget.RelativeLayout@4062bb70
android.widget.ImageView@40650b40
android.widget.TextView: Gulf
android.widget.TextView: 20 Huntington St & Shelton Ave
android.widget.TextView: Shelton, CT
android.widget.TextView: 2.77 mi
android.widget.TableLayout@405f0808
android.widget.TableRow@4070db40
android.widget.RelativeLayout@4062c100
android.widget.RelativeLayout@4062ece0
android.widget.TextView: 4.05
android.widget.TextView: 9
android.widget.TextView: 17 hours ago
android.widget.TextView: Update
android.widget.RelativeLayout@40631890
android.widget.ImageView@4065e968
android.widget.TextView: Mobil
android.widget.TextView: 950 White Plains Rd & Daniels Farm Rd
android.widget.TextView: Trumbull, CT
android.widget.TextView: 2.86 mi
android.widget.TableLayout@405ff938
android.widget.TableRow@40726dd8
android.widget.RelativeLayout@4063e708
android.widget.RelativeLayout@40640fe0
android.widget.TextView: 3.89
android.widget.TextView: 9
android.widget.TextView: 7 hours ago
android.widget.TextView: Update
android.widget.RelativeLayout@40644300
android.widget.ImageView@406781c8
android.widget.TextView: Mobil
android.widget.TextView: 4039 Main St  & Newtown Ave
android.widget.TextView: Stratford, CT
android.widget.TextView: 2.99 mi
android.widget.RelativeLayout@40641ba8
android.widget.FrameLayout@4055d5a8
android.widget.RelativeLayout@405cee40
android.widget.LinearLayout@4060ebd8
android.view.View@40711188
android.widget.RelativeLayout@406aea98
android.widget.TextView: Regular
android.view.View@40680c00
android.view.View@40710de0
android.widget.RelativeLayout@4054a818
android.widget.TextView: Midgrade
android.view.View@406d1e58
android.view.View@40710f28
android.widget.RelativeLayout@406b4d30
android.widget.TextView: Premium
android.view.View@406c2740
android.view.View@40711058
android.widget.RelativeLayout@406c2918
android.widget.TextView: Diesel
android.view.View@406fffe8
android.view.View@40714228
android.view.View@406b9a68
android.widget.LinearLayout@406ba750
android.widget.RelativeLayout@405462a8
android.widget.ImageView@406ba9e8
android.widget.TextView: Reload
android.widget.RelativeLayout@406c43d0
android.widget.ImageView@406ce5f0
android.widget.TextView: Sort By Price
android.widget.RelativeLayout@406d9518
android.widget.ImageView@406e02f0
android.widget.TextView: Map View
android.view.View@406e7118
gbis.gbandroid.views.layouts.CustomListView@4068bb80
android.widget.TableLayout@405ff938
android.widget.TableRow@40726dd8
android.widget.RelativeLayout@4063e708
android.widget.RelativeLayout@40640fe0
android.widget.TextView: 3.89
android.widget.TextView: 9
android.widget.TextView: 7 hours ago
android.widget.TextView: Update
android.widget.RelativeLayout@40644300
android.widget.ImageView@406781c8
android.widget.TextView: Mobil
android.widget.TextView: 4039 Main St  & Newtown Ave
android.widget.TextView: Stratford, CT
android.widget.TextView: 2.99 mi
android.widget.TableLayout@40618900
android.widget.TableRow@4066bcb0
android.widget.RelativeLayout@406afb18
android.widget.RelativeLayout@406c89a0
android.widget.TextView: 3.95
android.widget.TextView: 9
android.widget.TextView: 16 hours ago
android.widget.TextView: Update
android.widget.RelativeLayout@40656b68
android.widget.ImageView@406c4620
android.widget.TextView: CITGO
android.widget.TextView: 433 Shelton Ave & Aspetuck Dr
android.widget.TextView: Shelton, CT
android.widget.TextView: 3.16 mi
android.widget.TableLayout@4064f728
android.widget.TableRow@4066c948
android.widget.RelativeLayout@4067d078
android.widget.RelativeLayout@406863f8
android.widget.TextView: 3.99
android.widget.TextView: 9
android.widget.TextView: Mon 5:54 AM
android.widget.TextView: Update
android.widget.RelativeLayout@4069c960
android.widget.ImageView@406a2150
android.widget.TextView: CITGO
android.widget.TextView: 406 Huntington Tpke & Evers Pl
android.widget.TextView: Bridgeport, CT
android.widget.TextView: 3.3 mi
android.widget.TableLayout@4057a110
android.widget.TableRow@405fef80
android.widget.RelativeLayout@40620928
android.widget.RelativeLayout@40624a80
android.widget.TextView: 3.93
android.widget.TextView: 9
android.widget.TextView: Mon 7:30 PM
android.widget.TextView: Update
android.widget.RelativeLayout@40663cb8
android.widget.ImageView@40672ac8
android.widget.TextView: CITGO
android.widget.TextView: 2607 Broadbridge Ave & Porter St
android.widget.TextView: Stratford, CT
android.widget.TextView: 3.38 mi
android.widget.TableLayout@40605d70
android.widget.TableRow@40614910
android.widget.RelativeLayout@40647400
android.widget.RelativeLayout@40677e20
android.widget.TextView: --
android.widget.TextView: 9
android.widget.TextView: time
android.widget.TextView: Report Price
android.widget.RelativeLayout@4061fda0
android.widget.ImageView@40628eb8
android.widget.TextView: Sunoco
android.widget.TextView: 289 Huntington Tpke & Knoll Pl
android.widget.TextView: Bridgeport, CT
android.widget.TextView: 3.39 mi
android.widget.RelativeLayout@40641ba8
android.widget.FrameLayout@4055d5a8
android.widget.RelativeLayout@405cee40
android.widget.LinearLayout@4060ebd8
android.view.View@40711188
android.widget.RelativeLayout@406aea98
android.widget.TextView: Regular
android.view.View@40680c00
android.view.View@40710de0
android.widget.RelativeLayout@4054a818
android.widget.TextView: Midgrade
android.view.View@406d1e58
android.view.View@40710f28
android.widget.RelativeLayout@406b4d30
android.widget.TextView: Premium
android.view.View@406c2740
android.view.View@40711058
android.widget.RelativeLayout@406c2918
android.widget.TextView: Diesel
android.view.View@406fffe8
android.view.View@40714228
android.view.View@406b9a68
android.widget.LinearLayout@406ba750
android.widget.RelativeLayout@405462a8
android.widget.ImageView@406ba9e8
android.widget.TextView: Reload
android.widget.RelativeLayout@406c43d0
android.widget.ImageView@406ce5f0
android.widget.TextView: Sort By Price
android.widget.RelativeLayout@406d9518
android.widget.ImageView@406e02f0
android.widget.TextView: Map View
android.view.View@406e7118
gbis.gbandroid.views.layouts.CustomListView@4068bb80
android.widget.TableLayout@406feec0
android.widget.TableRow@40656438
android.widget.RelativeLayout@406069b8
android.widget.RelativeLayout@40644af0
android.widget.TextView: --
android.widget.TextView: 9
android.widget.TextView: time
android.widget.TextView: Report Price
android.widget.RelativeLayout@4070c700
android.widget.ImageView@40678ab8
android.widget.TextView: Sunoco
android.widget.TextView: 289 Huntington Tpke & Knoll Pl
android.widget.TextView: Bridgeport, CT
android.widget.TextView: 3.39 mi
android.widget.TableLayout@40604710
android.widget.TableRow@406405b0
android.widget.RelativeLayout@40606258
android.widget.RelativeLayout@406064f0
android.widget.TextView: 3.88
android.widget.TextView: 9
android.widget.TextView: Mon 7:30 PM
android.widget.TextView: Update
android.widget.RelativeLayout@406adcd8
android.widget.ImageView@4075a8b8
android.widget.TextView: Shell
android.widget.TextView: 2275 Broadbridge Ave & London Terrace
android.widget.TextView: Stratford, CT
android.widget.TextView: 3.63 mi
android.widget.TableLayout@40689c68
android.widget.TableRow@40665418
android.widget.RelativeLayout@406005b8
android.widget.RelativeLayout@4064fc18
android.widget.TextView: --
android.widget.TextView: 9
android.widget.TextView: time
android.widget.TextView: Report Price
android.widget.RelativeLayout@406f4020
android.widget.ImageView@406f43b8
android.widget.TextView: Gulf
android.widget.TextView: 2525 E Main St & Noble Ave
android.widget.TextView: Bridgeport, CT
android.widget.TextView: 3.69 mi
android.widget.TableLayout@40694cb0
android.widget.TableRow@405fd7e0
android.widget.RelativeLayout@40603090
android.widget.RelativeLayout@40617330
android.widget.TextView: --
android.widget.TextView: 9
android.widget.TextView: Mon 7:30 PM
android.widget.TextView: Report Price
android.widget.RelativeLayout@4063ee68
android.widget.ImageView@4064b130
android.widget.TextView: Sunoco
android.widget.TextView: 101 Mohegan Rd  & Pennsylvania Ave
android.widget.TextView: Shelton, CT
android.widget.TextView: 3.77 mi
android.widget.TableLayout@40605d70
android.widget.TableRow@40614910
android.widget.RelativeLayout@40647400
android.widget.RelativeLayout@40677e20
android.widget.TextView: --
android.widget.TextView: 9
android.widget.TextView: time
android.widget.TextView: Report Price
android.widget.RelativeLayout@4061fda0
android.widget.ImageView@40628eb8
android.widget.TextView: Sunoco
android.widget.TextView: 101 Mohegan Rd & Far Mill
android.widget.TextView: Shelton, CT
android.widget.TextView: 3.79 mi
android.widget.RelativeLayout@40641ba8
android.widget.FrameLayout@4055d5a8
android.widget.RelativeLayout@405cee40
android.widget.LinearLayout@4060ebd8
android.view.View@40711188
android.widget.RelativeLayout@406aea98
android.widget.TextView: Regular
android.view.View@40680c00
android.view.View@40710de0
android.widget.RelativeLayout@4054a818
android.widget.TextView: Midgrade
android.view.View@406d1e58
android.view.View@40710f28
android.widget.RelativeLayout@406b4d30
android.widget.TextView: Premium
android.view.View@406c2740
android.view.View@40711058
android.widget.RelativeLayout@406c2918
android.widget.TextView: Diesel
android.view.View@406fffe8
android.view.View@40714228
android.view.View@406b9a68
android.widget.LinearLayout@406ba750
android.widget.RelativeLayout@405462a8
android.widget.ImageView@406ba9e8
android.widget.TextView: Reload
android.widget.RelativeLayout@406c43d0
android.widget.ImageView@406ce5f0
android.widget.TextView: Sort By Price
android.widget.RelativeLayout@406d9518
android.widget.ImageView@406e02f0
android.widget.TextView: Map View
android.view.View@406e7118
gbis.gbandroid.views.layouts.CustomListView@4068bb80
android.widget.TableLayout@40605d70
android.widget.TableRow@40614910
android.widget.RelativeLayout@40647400
android.widget.RelativeLayout@40677e20
android.widget.TextView: --
android.widget.TextView: 9
android.widget.TextView: time
android.widget.TextView: Report Price
android.widget.RelativeLayout@4061fda0
android.widget.ImageView@40628eb8
android.widget.TextView: Sunoco
android.widget.TextView: 101 Mohegan Rd & Far Mill
android.widget.TextView: Shelton, CT
android.widget.TextView: 3.79 mi
android.widget.TableLayout@4057d920
android.widget.TableRow@40556ed8
android.widget.RelativeLayout@4054f590
android.widget.RelativeLayout@40557cd8
android.widget.TextView: --
android.widget.TextView: 9
android.widget.TextView: time
android.widget.TextView: Report Price
android.widget.RelativeLayout@4057ae20
android.widget.ImageView@4054c7d0
android.widget.TextView: Mobil
android.widget.TextView: 2394 East Main ST & Texas Ave
android.widget.TextView: Bridgeport, CT
android.widget.TextView: 3.82 mi
android.widget.TableLayout@405804f8
android.widget.TableRow@40580df8
android.widget.RelativeLayout@4057b5d8
android.widget.RelativeLayout@4057dad0
android.widget.TextView: --
android.widget.TextView: 9
android.widget.TextView: time
android.widget.TextView: Report Price
android.widget.RelativeLayout@40582780
android.widget.ImageView@4054f160
android.widget.TextView: Citgo
android.widget.TextView: Success Ave & Pearl Harbor St
android.widget.TextView: Stratford, CT
android.widget.TextView: 3.85 mi
android.widget.TableLayout@405825d0
android.widget.TableRow@40642948
android.widget.RelativeLayout@405ffc90
android.widget.RelativeLayout@40602880
android.widget.TextView: 3.79
android.widget.TextView: 9
android.widget.TextView: 15 hours ago
android.widget.TextView: Update
android.widget.RelativeLayout@406054c8
android.widget.ImageView@40639838
android.widget.TextView: Sunoco
android.widget.TextView: 2980 Main St & Longbrook Ave
android.widget.TextView: Stratford, CT
android.widget.TextView: 3.85 mi
android.widget.TableLayout@405d4118
android.widget.TableRow@406cb8b8
android.widget.RelativeLayout@40613ff8
android.widget.RelativeLayout@40616bb0
android.widget.TextView: 4.09
android.widget.TextView: 9
android.widget.TextView: 15 hours ago
android.widget.TextView: Update
android.widget.RelativeLayout@4061df50
android.widget.ImageView@4063aff8
android.widget.TextView: BP
android.widget.TextView: 5771 Main St & Alden Ave
android.widget.TextView: Trumbull, CT
android.widget.TextView: 3.94 mi
android.widget.RelativeLayout@40641ba8
android.widget.FrameLayout@4055d5a8
android.widget.RelativeLayout@405cee40
android.widget.LinearLayout@4060ebd8
android.view.View@40711188
android.widget.RelativeLayout@406aea98
android.widget.TextView: Regular
android.view.View@40680c00
android.view.View@40710de0
android.widget.RelativeLayout@4054a818
android.widget.TextView: Midgrade
android.view.View@406d1e58
android.view.View@40710f28
android.widget.RelativeLayout@406b4d30
android.widget.TextView: Premium
android.view.View@406c2740
android.view.View@40711058
android.widget.RelativeLayout@406c2918
android.widget.TextView: Diesel
android.view.View@406fffe8
android.view.View@40714228
android.view.View@406b9a68
android.widget.LinearLayout@406ba750
android.widget.RelativeLayout@405462a8
android.widget.ImageView@406ba9e8
android.widget.TextView: Reload
android.widget.RelativeLayout@406c43d0
android.widget.ImageView@406ce5f0
android.widget.TextView: Sort By Price
android.widget.RelativeLayout@406d9518
android.widget.ImageView@406e02f0
android.widget.TextView: Map View
android.view.View@406e7118
gbis.gbandroid.views.layouts.CustomListView@4068bb80
android.widget.TableLayout@405d4118
android.widget.TableRow@406cb8b8
android.widget.RelativeLayout@40613ff8
android.widget.RelativeLayout@40616bb0
android.widget.TextView: 4.09
android.widget.TextView: 9
android.widget.TextView: 15 hours ago
android.widget.TextView: Update
android.widget.RelativeLayout@4061df50
android.widget.ImageView@4063aff8
android.widget.TextView: BP
android.widget.TextView: 5771 Main St & Alden Ave
android.widget.TextView: Trumbull, CT
android.widget.TextView: 3.94 mi
android.widget.TableLayout@40687ca0
android.widget.TableRow@406c8158
android.widget.RelativeLayout@40556160
android.widget.RelativeLayout@405ad960
android.widget.TextView: 4.09
android.widget.TextView: 9
android.widget.TextView: 15 hours ago
android.widget.TextView: Update
android.widget.RelativeLayout@406a30a8
android.widget.ImageView@4070c108
android.widget.TextView: CITGO
android.widget.TextView: 5891 Main St & Church Hill
android.widget.TextView: Trumbull, CT
android.widget.TextView: 3.95 mi
android.widget.TableLayout@4057ac70
android.widget.TableRow@406066a0
android.widget.RelativeLayout@405806c8
android.widget.RelativeLayout@40620ba0
android.widget.TextView: 3.79
android.widget.TextView: 9
android.widget.TextView: 7 hours ago
android.widget.TextView: Update
android.widget.RelativeLayout@40627a20
android.widget.ImageView@40600768
android.widget.TextView: Exxon
android.widget.TextView: 2820 Main  & Barnum Ave
android.widget.TextView: Stratford, CT
android.widget.TextView: 4.02 mi
android.widget.TableLayout@405f0808
android.widget.TableRow@4064fe68
android.widget.RelativeLayout@406291a0
android.widget.RelativeLayout@40629508
android.widget.TextView: --
android.widget.TextView: 9
android.widget.TextView: time
android.widget.TextView: Report Price
android.widget.RelativeLayout@4062c100
android.widget.ImageView@40632fb0
android.widget.TextView: Phillips 66
android.widget.TextView: 2820 Main St & Barnum Ave
android.widget.TextView: Stratford, CT
android.widget.TextView: 4.03 mi
android.widget.TableLayout@40613e48
android.widget.TableRow@406677a8
android.widget.RelativeLayout@406344a0
android.widget.RelativeLayout@406351c8
android.widget.TextView: --
android.widget.TextView: 9
android.widget.TextView: time
android.widget.TextView: Report Price
android.widget.RelativeLayout@40638a60
android.widget.ImageView@406a0de0
android.widget.TextView: CITGO
android.widget.TextView: 915 Reservoir Ave & Sylvan Ave
android.widget.TextView: Bridgeport, CT
android.widget.TextView: 4.07 mi
android.widget.RelativeLayout@40641ba8
android.widget.FrameLayout@4055d5a8
android.widget.RelativeLayout@405cee40
android.widget.LinearLayout@4060ebd8
android.view.View@40711188
android.widget.RelativeLayout@406aea98
android.widget.TextView: Regular
android.view.View@40680c00
android.view.View@40710de0
android.widget.RelativeLayout@4054a818
android.widget.TextView: Midgrade
android.view.View@406d1e58
android.view.View@40710f28
android.widget.RelativeLayout@406b4d30
android.widget.TextView: Premium
android.view.View@406c2740
android.view.View@40711058
android.widget.RelativeLayout@406c2918
android.widget.TextView: Diesel
android.view.View@406fffe8
android.view.View@40714228
android.view.View@406b9a68
android.widget.LinearLayout@406ba750
android.widget.RelativeLayout@405462a8
android.widget.ImageView@406ba9e8
android.widget.TextView: Reload
android.widget.RelativeLayout@406c43d0
android.widget.ImageView@406ce5f0
android.widget.TextView: Sort By Price
android.widget.RelativeLayout@406d9518
android.widget.ImageView@406e02f0
android.widget.TextView: Map View
android.view.View@406e7118
gbis.gbandroid.views.layouts.CustomListView@4068bb80
android.widget.TableLayout@40613e48
android.widget.TableRow@406677a8
android.widget.RelativeLayout@406344a0
android.widget.RelativeLayout@406351c8
android.widget.TextView: --
android.widget.TextView: 9
android.widget.TextView: time
android.widget.TextView: Report Price
android.widget.RelativeLayout@40638a60
android.widget.ImageView@406a0de0
android.widget.TextView: CITGO
android.widget.TextView: 915 Reservoir Ave & Sylvan Ave
android.widget.TextView: Bridgeport, CT
android.widget.TextView: 4.07 mi
android.widget.TableLayout@406169f0
android.widget.TableRow@406c0cd0
android.widget.RelativeLayout@40638c10
android.widget.RelativeLayout@4063b468
android.widget.TextView: 3.83
android.widget.TextView: 9
android.widget.TextView: Mon 6:41 PM
android.widget.TextView: Update
android.widget.RelativeLayout@4063e708
android.widget.ImageView@406f7cd0
android.widget.TextView: Sunoco
android.widget.TextView: 734 Ferry Blvd & Orchard St
android.widget.TextView: Stratford, CT
android.widget.TextView: 4.21 mi
android.widget.TableLayout@406266f0
android.widget.TableRow@406ce740
android.widget.RelativeLayout@40640fe0
android.widget.RelativeLayout@40653f60
android.widget.TextView: 3.99
android.widget.TextView: 9
android.widget.TextView: 7 hours ago
android.widget.TextView: Update
android.widget.RelativeLayout@40664aa0
android.widget.ImageView@40701a58
android.widget.TextView: Mobil
android.widget.TextView: 118 Plains Rd & I-95 (Exit 36)
android.widget.TextView: Milford, CT
android.widget.TextView: 4.21 mi
android.widget.TableLayout@40627870
android.widget.TableRow@406ef6e0
android.widget.RelativeLayout@4075e448
android.widget.RelativeLayout@40629358
android.widget.TextView: 4.02
android.widget.TextView: 9
android.widget.TextView: 15 hours ago
android.widget.TextView: Update
android.widget.RelativeLayout@4075b7a0
android.widget.ImageView@40710388
android.widget.TextView: Irving
android.widget.TextView: 6149 Main St & Lake Ave
android.widget.TextView: Trumbull, CT
android.widget.TextView: 4.24 mi
android.widget.TableLayout@406e56f8
android.widget.TableRow@406749a0
android.widget.RelativeLayout@40630c48
android.widget.RelativeLayout@40717590
android.widget.TextView: --
android.widget.TextView: 9
android.widget.TextView: time
android.widget.TextView: Report Price
android.widget.RelativeLayout@4067e230
android.widget.ImageView@406b9378
android.widget.TextView: Gulf
android.widget.TextView: 430 River Rd & Jordan Ave
android.widget.TextView: Shelton, CT
android.widget.TextView: 4.28 mi
android.widget.RelativeLayout@40641ba8
android.widget.FrameLayout@4055d5a8
android.widget.RelativeLayout@405cee40
android.widget.LinearLayout@4060ebd8
android.view.View@40711188
android.widget.RelativeLayout@406aea98
android.widget.TextView: Regular
android.view.View@40680c00
android.view.View@40710de0
android.widget.RelativeLayout@4054a818
android.widget.TextView: Midgrade
android.view.View@406d1e58
android.view.View@40710f28
android.widget.RelativeLayout@406b4d30
android.widget.TextView: Premium
android.view.View@406c2740
android.view.View@40711058
android.widget.RelativeLayout@406c2918
android.widget.TextView: Diesel
android.view.View@406fffe8
android.view.View@40714228
android.view.View@406b9a68
android.widget.LinearLayout@406ba750
android.widget.RelativeLayout@405462a8
android.widget.ImageView@406ba9e8
android.widget.TextView: Reload
android.widget.RelativeLayout@406c43d0
android.widget.ImageView@406ce5f0
android.widget.TextView: Sort By Price
android.widget.RelativeLayout@406d9518
android.widget.ImageView@406e02f0
android.widget.TextView: Map View
android.view.View@406e7118
gbis.gbandroid.views.layouts.CustomListView@4068bb80
android.widget.TableLayout@406e56f8
android.widget.TableRow@406749a0
android.widget.RelativeLayout@40630c48
android.widget.RelativeLayout@40717590
android.widget.TextView: --
android.widget.TextView: 9
android.widget.TextView: time
android.widget.TextView: Report Price
android.widget.RelativeLayout@4067e230
android.widget.ImageView@406b9378
android.widget.TextView: Gulf
android.widget.TextView: 430 River Rd & Jordan Ave
android.widget.TextView: Shelton, CT
android.widget.TextView: 4.28 mi
android.widget.TableLayout@406c2bf8
android.widget.TableRow@4075af08
android.widget.RelativeLayout@40715040
android.widget.RelativeLayout@4071e078
android.widget.TextView: 3.85
android.widget.TextView: 9
android.widget.TextView: 19 hours ago
android.widget.TextView: Update
android.widget.RelativeLayout@40724ac0
android.widget.ImageView@40695888
android.widget.TextView: CITGO
android.widget.TextView: 442 River Rd & Wakeley St
android.widget.TextView: Shelton, CT
android.widget.TextView: 4.29 mi
android.widget.TableLayout@406ff010
android.widget.TableRow@4065eea8
android.widget.RelativeLayout@407032d0
android.widget.RelativeLayout@406d9ed0
android.widget.TextView: 3.89
android.widget.TextView: 9
android.widget.TextView: 5 hours ago
android.widget.TextView: Update
android.widget.RelativeLayout@405bbde8
android.widget.ImageView@4064dda8
android.widget.TextView: Shell
android.widget.TextView: 25 Bridgeport Ave & Rivercliff Dr
android.widget.TextView: Milford, CT
android.widget.TextView: 4.33 mi
android.widget.TableLayout@406d5a68
android.widget.TableRow@40708cf0
android.widget.RelativeLayout@40706910
android.widget.RelativeLayout@40721d70
android.widget.TextView: --
android.widget.TextView: 9
android.widget.TextView: time
android.widget.TextView: Report Price
android.widget.RelativeLayout@40580050
android.widget.ImageView@4061da50
android.widget.TextView: BP
android.widget.TextView: 300 Bridgeport Ave & Camden St
android.widget.TextView: Milford, CT
android.widget.TextView: 4.34 mi
android.widget.TableLayout@405ecc98
android.widget.TableRow@40792170
android.widget.RelativeLayout@406254f8
android.widget.RelativeLayout@40625830
android.widget.TextView: --
android.widget.TextView: 9
android.widget.TextView: time
android.widget.TextView: Report Price
android.widget.RelativeLayout@40653ab8
android.widget.ImageView@406828a0
android.widget.TextView: Getty
android.widget.TextView: 375 Boston Ave & Huntington Rd
android.widget.TextView: Bridgeport, CT
android.widget.TextView: 4.36 mi
android.widget.RelativeLayout@40641ba8
android.widget.FrameLayout@4055d5a8
android.widget.RelativeLayout@405cee40
android.widget.LinearLayout@4060ebd8
android.view.View@40711188
android.widget.RelativeLayout@406aea98
android.widget.TextView: Regular
android.view.View@40680c00
android.view.View@40710de0
android.widget.RelativeLayout@4054a818
android.widget.TextView: Midgrade
android.view.View@406d1e58
android.view.View@40710f28
android.widget.RelativeLayout@406b4d30
android.widget.TextView: Premium
android.view.View@406c2740
android.view.View@40711058
android.widget.RelativeLayout@406c2918
android.widget.TextView: Diesel
android.view.View@406fffe8
android.view.View@40714228
android.view.View@406b9a68
android.widget.LinearLayout@406ba750
android.widget.RelativeLayout@405462a8
android.widget.ImageView@406ba9e8
android.widget.TextView: Reload
android.widget.RelativeLayout@406c43d0
android.widget.ImageView@406ce5f0
android.widget.TextView: Sort By Price
android.widget.RelativeLayout@406d9518
android.widget.ImageView@406e02f0
android.widget.TextView: Map View
android.view.View@406e7118
gbis.gbandroid.views.layouts.CustomListView@4068bb80
android.widget.TableLayout@4066be88
android.widget.TableRow@4066c458
android.widget.RelativeLayout@40614d78
android.widget.RelativeLayout@40615150
android.widget.TextView: --
android.widget.TextView: 9
android.widget.TextView: time
android.widget.TextView: Report Price
android.widget.RelativeLayout@40645990
android.widget.ImageView@40645d68
android.widget.TextView: Getty
android.widget.TextView: 375 Boston Ave & Huntington Rd
android.widget.TextView: Bridgeport, CT
android.widget.TextView: 4.36 mi
android.widget.TableLayout@406d0b48
android.widget.TableRow@406d1038
android.widget.RelativeLayout@4057e990
android.widget.RelativeLayout@4057ed68
android.widget.TextView: --
android.widget.TextView: 9
android.widget.TextView: Mon 4:03 PM
android.widget.TextView: Report Price
android.widget.RelativeLayout@4074c448
android.widget.ImageView@4074c800
android.widget.TextView: Sunoco
android.widget.TextView: 298 Boston Post Rd & Plains Rd
android.widget.TextView: Milford, CT
android.widget.TextView: 4.36 mi
android.widget.TableLayout@40671c78
android.widget.TableRow@40672248
android.widget.RelativeLayout@40787688
android.widget.RelativeLayout@40787a60
android.widget.TextView: --
android.widget.TextView: 9
android.widget.TextView: time
android.widget.TextView: Report Price
android.widget.RelativeLayout@406aa7b8
android.widget.ImageView@406aab50
android.widget.TextView: Gulf
android.widget.TextView: 425 Boston Ave & Huntington Rd
android.widget.TextView: Bridgeport, CT
android.widget.TextView: 4.38 mi
android.widget.TableLayout@406bef38
android.widget.TableRow@406c1f90
android.widget.RelativeLayout@4072b4d0
android.widget.RelativeLayout@4072b888
android.widget.TextView: 3.74
android.widget.TextView: 9
android.widget.TextView: Mon 4:03 PM
android.widget.TextView: Update
android.widget.RelativeLayout@40689500
android.widget.ImageView@4061b188
android.widget.TextView: Diamond Fuels
android.widget.TextView: 336 Ferry Blvd & Willow St
android.widget.TextView: Stratford, CT
android.widget.TextView: 4.38 mi
android.widget.TableLayout@405ecc98
android.widget.TableRow@40792170
android.widget.RelativeLayout@406254f8
android.widget.RelativeLayout@40625830
android.widget.TextView: --
android.widget.TextView: 9
android.widget.TextView: time
android.widget.TextView: Report Price
android.widget.RelativeLayout@40653ab8
android.widget.ImageView@406828a0
android.widget.TextView: Angelo's
android.widget.TextView: 388 Bridgeport Ave & Baker St
android.widget.TextView: Milford, CT
android.widget.TextView: 4.39 mi
android.widget.RelativeLayout@40641ba8
android.widget.FrameLayout@4055d5a8
android.widget.RelativeLayout@405cee40
android.widget.LinearLayout@4060ebd8
android.view.View@40711188
android.widget.RelativeLayout@406aea98
android.widget.TextView: Regular
android.view.View@40680c00
android.view.View@40710de0
android.widget.RelativeLayout@4054a818
android.widget.TextView: Midgrade
android.view.View@406d1e58
android.view.View@40710f28
android.widget.RelativeLayout@406b4d30
android.widget.TextView: Premium
android.view.View@406c2740
android.view.View@40711058
android.widget.RelativeLayout@406c2918
android.widget.TextView: Diesel
android.view.View@406fffe8
android.view.View@40714228
android.view.View@406b9a68
android.widget.LinearLayout@406ba750
android.widget.RelativeLayout@405462a8
android.widget.ImageView@406ba9e8
android.widget.TextView: Reload
android.widget.RelativeLayout@406c43d0
android.widget.ImageView@406ce5f0
android.widget.TextView: Sort By Price
android.widget.RelativeLayout@406d9518
android.widget.ImageView@406e02f0
android.widget.TextView: Map View
android.view.View@406e7118
gbis.gbandroid.views.layouts.CustomListView@4068bb80
android.widget.TableLayout@405ecc98
android.widget.TableRow@40792170
android.widget.RelativeLayout@406254f8
android.widget.RelativeLayout@40625830
android.widget.TextView: --
android.widget.TextView: 9
android.widget.TextView: time
android.widget.TextView: Report Price
android.widget.RelativeLayout@40653ab8
android.widget.ImageView@406828a0
android.widget.TextView: Angelo's
android.widget.TextView: 388 Bridgeport Ave & Baker St
android.widget.TextView: Milford, CT
android.widget.TextView: 4.39 mi
android.widget.TableLayout@407ce760
android.widget.TableRow@407ced30
android.widget.RelativeLayout@407cf3d0
android.widget.RelativeLayout@407cf7a8
android.widget.TextView: --
android.widget.TextView: 9
android.widget.TextView: time
android.widget.TextView: Report Price
android.widget.RelativeLayout@407d0fb8
android.widget.ImageView@407d1390
android.widget.TextView: Mobil
android.widget.TextView: 1360 Noble Ave & Boston Ave
android.widget.TextView: Bridgeport, CT
android.widget.TextView: 4.4 mi
android.widget.TableLayout@407ddf38
android.widget.TableRow@407de508
android.widget.RelativeLayout@407debc8
android.widget.RelativeLayout@407defa0
android.widget.TextView: 3.73
android.widget.TextView: 9
android.widget.TextView: 6 hours ago
android.widget.TextView: Update
android.widget.RelativeLayout@407e07b0
android.widget.ImageView@407e0b88
android.widget.TextView: CITGO
android.widget.TextView: 2000 Barnum Ave & Boston Ave
android.widget.TextView: Stratford, CT
android.widget.TextView: 4.4 mi
android.widget.TableLayout@407ee2e8
android.widget.TableRow@407ee8b8
android.widget.RelativeLayout@407eef78
android.widget.RelativeLayout@407ef350
android.widget.TextView: 3.69
android.widget.TextView: 9
android.widget.TextView: 6 hours ago
android.widget.TextView: Update
android.widget.RelativeLayout@407f0b60
android.widget.ImageView@407f0f38
android.widget.TextView: Hess
android.widget.TextView: 1975 Barnum Ave & Boston Ave
android.widget.TextView: Stratford, CT
android.widget.TextView: 4.41 mi
android.widget.TableLayout@407fe9c8
android.widget.TableRow@407fef98
android.widget.RelativeLayout@407ffb28
android.widget.RelativeLayout@407fff00
android.widget.TextView: 3.75
android.widget.TextView: 9
android.widget.TextView: 6 hours ago
android.widget.TextView: Update
android.widget.RelativeLayout@40801710
android.widget.ImageView@40801ae8
android.widget.TextView: BP
android.widget.TextView: 265 Boston Ave & Dorus St
android.widget.TextView: Stratford, CT
android.widget.TextView: 4.41 mi
android.widget.RelativeLayout@40641ba8
android.widget.FrameLayout@4055d5a8
android.widget.RelativeLayout@405cee40
android.widget.LinearLayout@4060ebd8
android.view.View@40711188
android.widget.RelativeLayout@406aea98
android.widget.TextView: Regular
android.view.View@40680c00
android.view.View@40710de0
android.widget.RelativeLayout@4054a818
android.widget.TextView: Midgrade
android.view.View@406d1e58
android.view.View@40710f28
android.widget.RelativeLayout@406b4d30
android.widget.TextView: Premium
android.view.View@406c2740
android.view.View@40711058
android.widget.RelativeLayout@406c2918
android.widget.TextView: Diesel
android.view.View@406fffe8
android.view.View@40714228
android.view.View@406b9a68
android.widget.LinearLayout@406ba750
android.widget.RelativeLayout@405462a8
android.widget.ImageView@406ba9e8
android.widget.TextView: Reload
android.widget.RelativeLayout@406c43d0
android.widget.ImageView@406ce5f0
android.widget.TextView: Sort By Price
android.widget.RelativeLayout@406d9518
android.widget.ImageView@406e02f0
android.widget.TextView: Map View
android.view.View@406e7118
gbis.gbandroid.views.layouts.CustomListView@4068bb80
android.widget.TableLayout@407fe9c8
android.widget.TableRow@407fef98
android.widget.RelativeLayout@407ffb28
android.widget.RelativeLayout@407fff00
android.widget.TextView: 3.75
android.widget.TextView: 9
android.widget.TextView: 6 hours ago
android.widget.TextView: Update
android.widget.RelativeLayout@40801710
android.widget.ImageView@40801ae8
android.widget.TextView: BP
android.widget.TextView: 265 Boston Ave & Dorus St
android.widget.TextView: Stratford, CT
android.widget.TextView: 4.41 mi
android.widget.TableLayout@4057ac70
android.widget.TableRow@40556ed8
android.widget.RelativeLayout@4054f590
android.widget.RelativeLayout@40557cd8
android.widget.TextView: --
android.widget.TextView: 9
android.widget.TextView: time
android.widget.TextView: Report Price
android.widget.RelativeLayout@4057ae20
android.widget.ImageView@40517718
android.widget.TextView: Shell
android.widget.TextView: 1917 Boston Ave & East Ave
android.widget.TextView: Bridgeport, CT
android.widget.TextView: 4.43 mi
android.widget.TableLayout@4057d920
android.widget.TableRow@40580df8
android.widget.RelativeLayout@4057b5d8
android.widget.RelativeLayout@4057dad0
android.widget.TextView: 3.99
android.widget.TextView: 9
android.widget.TextView: 15 hours ago
android.widget.TextView: Update
android.widget.RelativeLayout@40582780
android.widget.ImageView@4054c7d0
android.widget.TextView: Gulf
android.widget.TextView: 6335 Main St & Meadow Rd
android.widget.TextView: Trumbull, CT
android.widget.TextView: 4.43 mi
android.widget.TableLayout@405804f8
android.widget.TableRow@40630450
android.widget.RelativeLayout@405ffc90
android.widget.RelativeLayout@40602880
android.widget.TextView: 3.74
android.widget.TextView: 9
android.widget.TextView: 11 hours ago
android.widget.TextView: Update
android.widget.RelativeLayout@406054c8
android.widget.ImageView@4054f160
android.widget.TextView: USA Fuel
android.widget.TextView: 516 Boston Post Rd & High St
android.widget.TextView: Milford, CT
android.widget.TextView: 4.43 mi
android.widget.TableLayout@405825d0
android.widget.TableRow@40642948
android.widget.RelativeLayout@40613ff8
android.widget.RelativeLayout@40616bb0
android.widget.TextView: 3.79
android.widget.TextView: 9
android.widget.TextView: Mon 8:11 PM
android.widget.TextView: Update
android.widget.RelativeLayout@4061e0f8
android.widget.ImageView@4063a028
android.widget.TextView: Gulf
android.widget.TextView: 495 Boston Post Rd & High St
android.widget.TextView: Milford, CT
android.widget.TextView: 4.44 mi
android.widget.RelativeLayout@40641ba8
android.widget.FrameLayout@4055d5a8
android.widget.RelativeLayout@405cee40
android.widget.LinearLayout@4060ebd8
android.view.View@40711188
android.widget.RelativeLayout@406aea98
android.widget.TextView: Regular
android.view.View@40680c00
android.view.View@40710de0
android.widget.RelativeLayout@4054a818
android.widget.TextView: Midgrade
android.view.View@406d1e58
android.view.View@40710f28
android.widget.RelativeLayout@406b4d30
android.widget.TextView: Premium
android.view.View@406c2740
android.view.View@40711058
android.widget.RelativeLayout@406c2918
android.widget.TextView: Diesel
android.view.View@406fffe8
android.view.View@40714228
android.view.View@406b9a68
android.widget.LinearLayout@406ba750
android.widget.RelativeLayout@405462a8
android.widget.ImageView@406ba9e8
android.widget.TextView: Reload
android.widget.RelativeLayout@406c43d0
android.widget.ImageView@406ce5f0
android.widget.TextView: Sort By Price
android.widget.RelativeLayout@406d9518
android.widget.ImageView@406e02f0
android.widget.TextView: Map View
android.view.View@406e7118
gbis.gbandroid.views.layouts.CustomListView@4068bb80
android.widget.TableLayout@4057d920
android.widget.TableRow@40580df8
android.widget.RelativeLayout@4057b5d8
android.widget.RelativeLayout@4057dad0
android.widget.TextView: 3.99
android.widget.TextView: 9
android.widget.TextView: 15 hours ago
android.widget.TextView: Update
android.widget.RelativeLayout@40582780
android.widget.ImageView@4054c7d0
android.widget.TextView: Gulf
android.widget.TextView: 6335 Main St & Meadow Rd
android.widget.TextView: Trumbull, CT
android.widget.TextView: 4.43 mi
android.widget.TableLayout@405804f8
android.widget.TableRow@40630450
android.widget.RelativeLayout@405ffc90
android.widget.RelativeLayout@40602880
android.widget.TextView: 3.74
android.widget.TextView: 9
android.widget.TextView: 11 hours ago
android.widget.TextView: Update
android.widget.RelativeLayout@406054c8
android.widget.ImageView@4054f160
android.widget.TextView: USA Fuel
android.widget.TextView: 516 Boston Post Rd & High St
android.widget.TextView: Milford, CT
android.widget.TextView: 4.43 mi
android.widget.TableLayout@405825d0
android.widget.TableRow@40642948
android.widget.RelativeLayout@40613ff8
android.widget.RelativeLayout@40616bb0
android.widget.TextView: 3.79
android.widget.TextView: 9
android.widget.TextView: Mon 8:11 PM
android.widget.TextView: Update
android.widget.RelativeLayout@4061e0f8
android.widget.ImageView@4063a028
android.widget.TextView: Gulf
android.widget.TextView: 495 Boston Post Rd & High St
android.widget.TextView: Milford, CT
android.widget.TextView: 4.44 mi
android.widget.TableLayout@405d4118
android.widget.TableRow@406446b0
android.widget.RelativeLayout@40620d50
android.widget.RelativeLayout@40624de8
android.widget.TextView: --
android.widget.TextView: 9
android.widget.TextView: time
android.widget.TextView: Report Price
android.widget.RelativeLayout@40627a20
android.widget.ImageView@4063aff8
android.widget.TextView: XtraMart
android.widget.TextView: 540 Boston Ave & Beecher St
android.widget.TextView: Bridgeport, CT
android.widget.TextView: 4.45 mi
android.widget.TableLayout@405f0808
android.widget.TableRow@40649610
android.widget.RelativeLayout@40629508
android.widget.RelativeLayout@4062c100
android.widget.TextView: 3.95
android.widget.TextView: 9
android.widget.TextView: Mon 9:11 PM
android.widget.TextView: Update
android.widget.RelativeLayout@4062ece0
android.widget.ImageView@4064e0a0
android.widget.TextView: Shell
android.widget.TextView: 4402 Main St & Cambridge Ave
android.widget.TextView: Bridgeport, CT
android.widget.TextView: 4.51 mi
android.widget.RelativeLayout@40641ba8
