android.widget.LinearLayout@405751e8
android.widget.FrameLayout@405759d0
android.widget.TextView: Restaurant Finder
android.widget.FrameLayout@405769b8
android.widget.RelativeLayout@40576e70
android.widget.TextView: Loading my location...
android.widget.TextView: No contents.
android.widget.LinearLayout@40577d60
com.google.ads.AdView@4057a0b8
g@4057c548
android.widget.ListView@40578030
android.widget.LinearLayout@405e66c8
android.widget.LinearLayout@405e68e0
android.widget.TextView: Popeyes
android.widget.LinearLayout@405ef610
android.widget.TextView: (972) 224-3301
android.widget.TextView: 0.51 Km
android.widget.TextView: 1011 East Pleasant Run Road DeSoto, TX
android.widget.LinearLayout@405e0608
android.widget.LinearLayout@405e0820
android.widget.TextView: Williams Chicken
android.widget.LinearLayout@405e0ed8
android.widget.TextView: (972) 223-3534
android.widget.TextView: 0.56 Km
android.widget.TextView: 1014 East Pleasant Run Road DeSoto, TX
android.widget.LinearLayout@405de868
android.widget.LinearLayout@405dea80
android.widget.TextView: Little Caesars Pizza
android.widget.LinearLayout@405df138
android.widget.TextView: (972) 228-0001
android.widget.TextView: 0.7 Km
android.widget.TextView: 900 North Polk Street DeSoto, TX
android.widget.LinearLayout@405dcac8
android.widget.LinearLayout@405dcce0
android.widget.TextView: Evans Pit Bar-B-Que Inc
android.widget.LinearLayout@405dd398
android.widget.TextView: (972) 274-1972
android.widget.TextView: 0.7 Km
android.widget.TextView: 1100 East Pleasant Run Road DeSoto, TX
android.widget.LinearLayout@405dad28
android.widget.LinearLayout@405daf40
android.widget.TextView: Boston Market
android.widget.LinearLayout@405db5f8
android.widget.TextView: (972) 224-5588
android.widget.TextView: 0.74 Km
android.widget.TextView: 735 East Pleasant Run Road DeSoto, TX
android.widget.LinearLayout@405f93e0
android.widget.LinearLayout@405f95f8
android.widget.TextView: Taco Bueno
android.widget.LinearLayout@405d95c8
android.widget.TextView: (972) 228-3792
android.widget.TextView: 0.94 Km
android.widget.TextView: 1235 East Pleasant Run Road DeSoto, TX
android.widget.LinearLayout@405751e8
android.widget.FrameLayout@405759d0
android.widget.TextView: Restaurant Finder
android.widget.FrameLayout@405769b8
android.widget.RelativeLayout@40576e70
android.widget.TextView: Loading my location...
android.widget.TextView: No contents.
android.widget.LinearLayout@40577d60
com.google.ads.AdView@4057a0b8
g@4057c548
android.widget.ListView@40578030
android.widget.LinearLayout@405f93e0
android.widget.LinearLayout@405f95f8
android.widget.TextView: Taco Bueno
android.widget.LinearLayout@405d95c8
android.widget.TextView: (972) 228-3792
android.widget.TextView: 0.94 Km
android.widget.TextView: 1235 East Pleasant Run Road DeSoto, TX
android.widget.LinearLayout@40524d58
android.widget.LinearLayout@40531c68
android.widget.TextView: KFC
android.widget.LinearLayout@40534fd8
android.widget.TextView: (972) 224-6042
android.widget.TextView: 1.07 Km
android.widget.TextView: 915 Interstate 35 Service Road DeSoto, TX
android.widget.LinearLayout@40546800
android.widget.LinearLayout@4057c2c8
android.widget.TextView: Starbucks
android.widget.LinearLayout@405943a0
android.widget.TextView: (972) 223-4934
android.widget.TextView: 1.22 Km
android.widget.TextView: 851 N I-35E-SR DeSoto, TX
android.widget.LinearLayout@405b5770
android.widget.LinearLayout@405578c0
android.widget.TextView: Luby's
android.widget.LinearLayout@4055fa18
android.widget.TextView: (972) 230-9944
android.widget.TextView: 1.3 Km
android.widget.TextView: 801 N Beckley Rd DeSoto, TX
android.widget.LinearLayout@40587d98
android.widget.LinearLayout@405918b8
android.widget.TextView: Chubby's
android.widget.LinearLayout@405961e0
android.widget.TextView: (972) 228-4101
android.widget.TextView: 1.44 Km
android.widget.TextView: 3307 West Pleasant Run Road Lancaster, TX
android.widget.LinearLayout@405161a0
android.widget.LinearLayout@4059ee30
android.widget.TextView: Cracker Barrel
android.widget.LinearLayout@405da438
android.widget.TextView: (972) 224-3004
android.widget.TextView: 1.44 Km
android.widget.TextView: 1421 Interstate 35 Service Road DeSoto, TX
android.widget.LinearLayout@405751e8
android.widget.FrameLayout@405759d0
android.widget.TextView: Restaurant Finder
android.widget.FrameLayout@405769b8
android.widget.RelativeLayout@40576e70
android.widget.TextView: Loading my location...
android.widget.TextView: No contents.
android.widget.LinearLayout@40577d60
com.google.ads.AdView@4057a0b8
g@4057c548
android.widget.ListView@40578030
android.widget.LinearLayout@405161a0
android.widget.LinearLayout@4059ee30
android.widget.TextView: Cracker Barrel
android.widget.LinearLayout@405da438
android.widget.TextView: (972) 224-3004
android.widget.TextView: 1.44 Km
android.widget.TextView: 1421 Interstate 35 Service Road DeSoto, TX
android.widget.LinearLayout@405e66c8
android.widget.LinearLayout@405e68e0
android.widget.TextView: Evergreen Buffet Grill Seafood
android.widget.LinearLayout@405ef610
android.widget.TextView: (972) 274-5558
android.widget.TextView: 1.47 Km
android.widget.TextView: 3250 East Pleasant Run Road Lancaster, TX
android.widget.LinearLayout@405e0608
android.widget.LinearLayout@405e0820
android.widget.TextView: Subway
android.widget.LinearLayout@405e0ed8
android.widget.TextView: (972) 230-1411
android.widget.TextView: 1.47 Km
android.widget.TextView: 3250 East Pleasant Run Road Lancaster, TX
android.widget.LinearLayout@405de868
android.widget.LinearLayout@405dea80
android.widget.TextView: CiCi's Pizza
android.widget.LinearLayout@405df138
android.widget.TextView: (972) 274-0555
android.widget.TextView: 1.5 Km
android.widget.TextView: 3250 West Pleasant Run Road Lancaster, TX
android.widget.LinearLayout@405dcac8
android.widget.LinearLayout@405dcce0
android.widget.TextView: Waffle House
android.widget.LinearLayout@405dd398
android.widget.TextView: (972) 228-3855
android.widget.TextView: 1.59 Km
android.widget.TextView: 1507 Interstate 35 Service Road DeSoto, TX
android.widget.LinearLayout@405dad28
android.widget.LinearLayout@405daf40
android.widget.TextView: Bienvenidos Restaurant & Cantina
android.widget.LinearLayout@405db5f8
android.widget.TextView: (972) 230-3100
android.widget.TextView: 1.63 Km
android.widget.TextView: 920 North I-35 East Lancaster, TX
android.widget.LinearLayout@405751e8
android.widget.FrameLayout@405759d0
android.widget.TextView: Restaurant Finder
android.widget.FrameLayout@405769b8
android.widget.RelativeLayout@40576e70
android.widget.TextView: Loading my location...
android.widget.TextView: No contents.
android.widget.LinearLayout@40577d60
com.google.ads.AdView@4057a0b8
g@4057c548
android.widget.ListView@40578030
android.widget.LinearLayout@405dad28
android.widget.LinearLayout@405daf40
android.widget.TextView: Bienvenidos Restaurant & Cantina
android.widget.LinearLayout@405db5f8
android.widget.TextView: (972) 230-3100
android.widget.TextView: 1.63 Km
android.widget.TextView: 920 North I-35 East Lancaster, TX
android.widget.LinearLayout@405f93e0
android.widget.LinearLayout@405f95f8
android.widget.TextView: Mc Donald's
android.widget.LinearLayout@405d95c8
android.widget.TextView: (972) 218-0200
android.widget.TextView: 4.46 Km
android.widget.TextView: 1463 West Pleasant Run Road Lancaster, TX
android.widget.LinearLayout@40524d58
android.widget.LinearLayout@40531c68
android.widget.TextView: New Win Hing Restaurant
android.widget.LinearLayout@40534fd8
android.widget.TextView: (972) 227-7223
android.widget.TextView: 4.66 Km
android.widget.TextView: 1450 West Pleasant Run Road Lancaster, TX
android.widget.LinearLayout@40546800
android.widget.LinearLayout@4057c2c8
android.widget.TextView: Tigers BBQ-Den
android.widget.LinearLayout@405943a0
android.widget.TextView: (972) 227-7977
android.widget.TextView: 6.47 Km
android.widget.TextView: 2555 North Dallas Avenue Lancaster, TX
android.widget.LinearLayout@405b5770
android.widget.LinearLayout@405578c0
android.widget.TextView: William's Fried Chicken
android.widget.LinearLayout@4055fa18
android.widget.TextView: (972) 228-0668
android.widget.TextView: 6.52 Km
android.widget.TextView: 8502 South Lancaster Road Dallas, TX
android.widget.LinearLayout@40587d98
android.widget.LinearLayout@405918b8
android.widget.TextView: Roma Italian Restaurant
android.widget.LinearLayout@405961e0
android.widget.TextView: (972) 227-7711
android.widget.TextView: 7.12 Km
android.widget.TextView: 201 West Pleasant Run Road Lancaster, TX
android.widget.LinearLayout@405751e8
android.widget.FrameLayout@405759d0
android.widget.TextView: Restaurant Finder
android.widget.FrameLayout@405769b8
android.widget.RelativeLayout@40576e70
android.widget.TextView: Loading my location...
android.widget.TextView: No contents.
android.widget.LinearLayout@40577d60
com.google.ads.AdView@4057a0b8
g@4057c548
android.widget.ListView@40578030
android.widget.LinearLayout@405f93e0
android.widget.LinearLayout@405f95f8
android.widget.TextView: Mc Donald's
android.widget.LinearLayout@405d95c8
android.widget.TextView: (972) 218-0200
android.widget.TextView: 4.46 Km
android.widget.TextView: 1463 West Pleasant Run Road Lancaster, TX
android.widget.LinearLayout@40524d58
android.widget.LinearLayout@40531c68
android.widget.TextView: New Win Hing Restaurant
android.widget.LinearLayout@40534fd8
android.widget.TextView: (972) 227-7223
android.widget.TextView: 4.66 Km
android.widget.TextView: 1450 West Pleasant Run Road Lancaster, TX
android.widget.LinearLayout@40546800
android.widget.LinearLayout@4057c2c8
android.widget.TextView: Tigers BBQ-Den
android.widget.LinearLayout@405943a0
android.widget.TextView: (972) 227-7977
android.widget.TextView: 6.47 Km
android.widget.TextView: 2555 North Dallas Avenue Lancaster, TX
android.widget.LinearLayout@405b5770
android.widget.LinearLayout@405578c0
android.widget.TextView: William's Fried Chicken
android.widget.LinearLayout@4055fa18
android.widget.TextView: (972) 228-0668
android.widget.TextView: 6.52 Km
android.widget.TextView: 8502 South Lancaster Road Dallas, TX
android.widget.LinearLayout@40587d98
android.widget.LinearLayout@405918b8
android.widget.TextView: Roma Italian Restaurant
android.widget.LinearLayout@405961e0
android.widget.TextView: (972) 227-7711
android.widget.TextView: 7.12 Km
android.widget.TextView: 201 West Pleasant Run Road Lancaster, TX
android.widget.LinearLayout@405161a0
android.widget.LinearLayout@4059ee30
android.widget.TextView: Brenntag Southwest
android.widget.LinearLayout@405da438
android.widget.TextView: (972) 218-3500
android.widget.TextView: 8.66 Km
android.widget.TextView: 704 E Wintergreen Rd Lancaster, TX
