android.widget.LinearLayout@405736e8
android.widget.FrameLayout@40573ed0
android.widget.TextView: Restaurant Finder
android.widget.FrameLayout@40574eb8
android.widget.RelativeLayout@40575370
android.widget.TextView: Loading my location...
android.widget.TextView: No contents.
android.widget.LinearLayout@40576260
com.google.ads.AdView@405785b8
g@4057aa48
android.widget.ListView@40576530
android.widget.LinearLayout@4050cbc0
android.widget.LinearLayout@4051da20
android.widget.TextView: Durante's Pasta
android.widget.LinearLayout@4054b348
android.widget.TextView: (203) 387-5560
android.widget.TextView: 1.1 Km
android.widget.TextView: 78 Fenwick Street West Haven, CT
android.widget.LinearLayout@4058dfe0
android.widget.LinearLayout@4058e1f8
android.widget.TextView: Daiko Japanese Restaurant
android.widget.LinearLayout@40510770
android.widget.TextView: (203) 392-3626
android.widget.TextView: 1.74 Km
android.widget.TextView: 400 Derby Avenue West Haven, CT
android.widget.LinearLayout@40596e68
android.widget.LinearLayout@40597080
android.widget.TextView: 744 West Bar & Grill
android.widget.LinearLayout@40596708
android.widget.TextView: (203) 934-5726
android.widget.TextView: 1.9 Km
android.widget.TextView: 744 Boston Post Road West Haven, CT
android.widget.LinearLayout@405adf78
android.widget.LinearLayout@405ae170
android.widget.TextView: Swagat
android.widget.LinearLayout@405a3ab8
android.widget.TextView: (203) 931-0108
android.widget.TextView: 2.46 Km
android.widget.TextView: 215 Boston Post Road West Haven, CT
android.widget.LinearLayout@405141a8
android.widget.LinearLayout@405143c0
android.widget.TextView: Turkish Kebab House
android.widget.LinearLayout@405ab6d8
android.widget.TextView: (203) 933-0002
android.widget.TextView: 2.58 Km
android.widget.TextView: 1157 Campbell Avenue West Haven, CT
android.widget.LinearLayout@40589fd0
android.widget.LinearLayout@405a6540
android.widget.TextView: Saray Turkish Restaurant
android.widget.LinearLayout@405a6ab8
android.widget.TextView: (203) 937-0707
android.widget.TextView: 3.54 Km
android.widget.TextView: 770 Campbell Avenue West Haven, CT
android.widget.LinearLayout@405736e8
android.widget.FrameLayout@40573ed0
android.widget.TextView: Restaurant Finder
android.widget.FrameLayout@40574eb8
android.widget.RelativeLayout@40575370
android.widget.TextView: Loading my location...
android.widget.TextView: No contents.
android.widget.LinearLayout@40576260
com.google.ads.AdView@405785b8
g@4057aa48
android.widget.ListView@40576530
android.widget.LinearLayout@40596e68
android.widget.LinearLayout@40597080
android.widget.TextView: 744 West Bar & Grill
android.widget.LinearLayout@40596708
android.widget.TextView: (203) 934-5726
android.widget.TextView: 1.9 Km
android.widget.TextView: 744 Boston Post Road West Haven, CT
android.widget.LinearLayout@405adf78
android.widget.LinearLayout@405ae170
android.widget.TextView: Swagat
android.widget.LinearLayout@405a3ab8
android.widget.TextView: (203) 931-0108
android.widget.TextView: 2.46 Km
android.widget.TextView: 215 Boston Post Road West Haven, CT
android.widget.LinearLayout@405141a8
android.widget.LinearLayout@405143c0
android.widget.TextView: Turkish Kebab House
android.widget.LinearLayout@405ab6d8
android.widget.TextView: (203) 933-0002
android.widget.TextView: 2.58 Km
android.widget.TextView: 1157 Campbell Avenue West Haven, CT
android.widget.LinearLayout@40589fd0
android.widget.LinearLayout@405a6540
android.widget.TextView: Saray Turkish Restaurant
android.widget.LinearLayout@405a6ab8
android.widget.TextView: (203) 937-0707
android.widget.TextView: 3.54 Km
android.widget.TextView: 770 Campbell Avenue West Haven, CT
android.widget.LinearLayout@4052b8d0
android.widget.LinearLayout@40548920
android.widget.TextView: Ibiza
android.widget.LinearLayout@40578f30
android.widget.TextView: (203) 865-1933
android.widget.TextView: 4.74 Km
android.widget.TextView: 39 High Street New Haven, CT
android.widget.LinearLayout@40584ee8
android.widget.LinearLayout@4051ecd8
android.widget.TextView: Downtown
android.widget.LinearLayout@40585c90
android.widget.TextView: 
android.widget.TextView: 4.85 Km
android.widget.TextView: 261 College Street New Haven, CT
