android.widget.LinearLayout@40574dd8
android.widget.FrameLayout@405755c0
android.widget.TextView: Restaurant Finder
android.widget.FrameLayout@405765a8
android.widget.RelativeLayout@40576a60
android.widget.TextView: Loading my location...
android.widget.TextView: No contents.
android.widget.LinearLayout@40577950
com.google.ads.AdView@40579ca8
g@4057c138
android.widget.ListView@40577c20
android.widget.LinearLayout@405f0878
android.widget.LinearLayout@405f0a90
android.widget.TextView: Whistle Stop Cafe
android.widget.LinearLayout@405f1148
android.widget.TextView: (940) 627-7785
android.widget.TextView: 1.52 Km
android.widget.TextView: 287 U.S. 81 Decatur, TX
android.widget.LinearLayout@4050b8b8
android.widget.LinearLayout@4050bad0
android.widget.TextView: Eagle Stop Cafe
android.widget.LinearLayout@4050c188
android.widget.TextView: (940) 627-7191
android.widget.TextView: 1.71 Km
android.widget.TextView: 608 East Hale Avenue Decatur, TX
android.widget.LinearLayout@4055b428
android.widget.LinearLayout@4055b640
android.widget.TextView: Primo's Taqueria
android.widget.LinearLayout@4050a4d0
android.widget.TextView: (940) 627-7409
android.widget.TextView: 1.88 Km
android.widget.TextView: 312 East Walnut Street Decatur, TX
android.widget.LinearLayout@405ecee0
android.widget.LinearLayout@405ed0f8
android.widget.TextView: La Cena Restaurant
android.widget.LinearLayout@40559f78
android.widget.TextView: (940) 627-6314
android.widget.TextView: 1.96 Km
android.widget.TextView: 302 East Walnut Street Decatur, TX
android.widget.LinearLayout@4050d2b0
android.widget.LinearLayout@4050d4c8
android.widget.TextView: Peppermill Diner
android.widget.LinearLayout@405eba30
android.widget.TextView: (940) 627-5600
android.widget.TextView: 2.23 Km
android.widget.TextView: 112 West Walnut Street Decatur, TX
android.widget.LinearLayout@405a5598
android.widget.LinearLayout@405a57b0
android.widget.TextView: Sweetie Pie's Ribeyes
android.widget.LinearLayout@405ea7c8
android.widget.TextView: (940) 626-4555
android.widget.TextView: 2.25 Km
android.widget.TextView: 201 West Main Street Decatur, TX
android.widget.LinearLayout@40574dd8
android.widget.FrameLayout@405755c0
android.widget.TextView: Restaurant Finder
android.widget.FrameLayout@405765a8
android.widget.RelativeLayout@40576a60
android.widget.TextView: Loading my location...
android.widget.TextView: No contents.
android.widget.LinearLayout@40577950
com.google.ads.AdView@40579ca8
g@4057c138
android.widget.ListView@40577c20
android.widget.LinearLayout@405a5598
android.widget.LinearLayout@405a57b0
android.widget.TextView: Sweetie Pie's Ribeyes
android.widget.LinearLayout@405ea7c8
android.widget.TextView: (940) 626-4555
android.widget.TextView: 2.25 Km
android.widget.TextView: 201 West Main Street Decatur, TX
android.widget.LinearLayout@405c53c8
android.widget.LinearLayout@405c55e0
android.widget.TextView: Frillys
android.widget.LinearLayout@405c5c98
android.widget.TextView: (940) 626-1424
android.widget.TextView: 2.76 Km
android.widget.TextView: 1803 S Highway 287 Decatur, TX
android.widget.LinearLayout@405c7168
android.widget.LinearLayout@405c7380
android.widget.TextView: IHOP Restaurant
android.widget.LinearLayout@405c7a38
android.widget.TextView: (940) 627-1290
android.widget.TextView: 2.79 Km
android.widget.TextView: 801 South Highway 287 Decatur, TX
android.widget.LinearLayout@405c8f08
android.widget.LinearLayout@405c9120
android.widget.TextView: Arby's
android.widget.LinearLayout@405c97d8
android.widget.TextView: (940) 626-4938
android.widget.TextView: 2.81 Km
android.widget.TextView: 851 Nb 81-287 Srv Road Decatur, TX
android.widget.LinearLayout@405caca8
android.widget.LinearLayout@405caec0
android.widget.TextView: Pizza Hut
android.widget.LinearLayout@405cb578
android.widget.TextView: (940) 627-3161
android.widget.TextView: 2.86 Km
android.widget.TextView: 601 South Washburn Street Decatur, TX
android.widget.LinearLayout@405cca48
android.widget.LinearLayout@405ccc60
android.widget.TextView: Sonic Drive-In
android.widget.LinearLayout@405cd318
android.widget.TextView: (940) 627-7010
android.widget.TextView: 2.94 Km
android.widget.TextView: 1205 S Fm 51 Decatur, TX
android.widget.LinearLayout@40574dd8
android.widget.FrameLayout@405755c0
android.widget.TextView: Restaurant Finder
android.widget.FrameLayout@405765a8
android.widget.RelativeLayout@40576a60
android.widget.TextView: Loading my location...
android.widget.TextView: No contents.
android.widget.LinearLayout@40577950
com.google.ads.AdView@40579ca8
g@4057c138
android.widget.ListView@40577c20
android.widget.LinearLayout@405cca48
android.widget.LinearLayout@405ccc60
android.widget.TextView: Sonic Drive-In
android.widget.LinearLayout@405cd318
android.widget.TextView: (940) 627-7010
android.widget.TextView: 2.94 Km
android.widget.TextView: 1205 S Fm 51 Decatur, TX
android.widget.LinearLayout@405f0878
android.widget.LinearLayout@405f0a90
android.widget.TextView: Cici's Pizza
android.widget.LinearLayout@405f1148
android.widget.TextView: (940) 627-6273
android.widget.TextView: 2.95 Km
android.widget.TextView: 1100 S FM 51 Decatur, TX
android.widget.LinearLayout@4050b8b8
android.widget.LinearLayout@4050bad0
android.widget.TextView: Taco Bell
android.widget.LinearLayout@4050c188
android.widget.TextView: (940) 627-6411
android.widget.TextView: 2.98 Km
android.widget.TextView: 800 West Business 380 Decatur, Texas
android.widget.LinearLayout@4055b428
android.widget.LinearLayout@4055b640
android.widget.TextView: Wendy's
android.widget.LinearLayout@4050a4d0
android.widget.TextView: (940) 627-1340
android.widget.TextView: 2.99 Km
android.widget.TextView: 1180 FM 51 S. Decatur, TX
android.widget.LinearLayout@405ecee0
android.widget.LinearLayout@405ed0f8
android.widget.TextView: Whataburger
android.widget.LinearLayout@40559f78
android.widget.TextView: (940) 627-9229
android.widget.TextView: 3.04 Km
android.widget.TextView: 500 South Highway 287 Decatur, TX
android.widget.LinearLayout@4050d2b0
android.widget.LinearLayout@4050d4c8
android.widget.TextView: Chili's Grill & Bar
android.widget.LinearLayout@405eba30
android.widget.TextView: (940) 627-2519
android.widget.TextView: 3.05 Km
android.widget.TextView: 600 South US Hwy 287 Decatur, TX
android.widget.LinearLayout@40574dd8
android.widget.FrameLayout@405755c0
android.widget.TextView: Restaurant Finder
android.widget.FrameLayout@405765a8
android.widget.RelativeLayout@40576a60
android.widget.TextView: Loading my location...
android.widget.TextView: No contents.
android.widget.LinearLayout@40577950
com.google.ads.AdView@40579ca8
g@4057c138
android.widget.ListView@40577c20
android.widget.LinearLayout@4050d2b0
android.widget.LinearLayout@4050d4c8
android.widget.TextView: Chili's Grill & Bar
android.widget.LinearLayout@405eba30
android.widget.TextView: (940) 627-2519
android.widget.TextView: 3.05 Km
android.widget.TextView: 600 South US Hwy 287 Decatur, TX
android.widget.LinearLayout@405a5598
android.widget.LinearLayout@405a57b0
android.widget.TextView: China Palace Buffet
android.widget.LinearLayout@405ea7c8
android.widget.TextView: (940) 626-2088
android.widget.TextView: 3.05 Km
android.widget.TextView: 230 U.S. 287 Decatur, TX
android.widget.LinearLayout@405c53c8
android.widget.LinearLayout@405c55e0
android.widget.TextView: Good Morning Donuts
android.widget.LinearLayout@405c5c98
android.widget.TextView: (940) 626-4821
android.widget.TextView: 3.06 Km
android.widget.TextView: 1304 S FM 51 Decatur, TX
android.widget.LinearLayout@405c7168
android.widget.LinearLayout@405c7380
android.widget.TextView: Starbucks
android.widget.LinearLayout@405c7a38
android.widget.TextView: (940) 627-5667
android.widget.TextView: 3.07 Km
android.widget.TextView: 809 W. Business 380 Decatur, TX
android.widget.LinearLayout@405c8f08
android.widget.LinearLayout@405c9120
android.widget.TextView: Mc Donald's
android.widget.LinearLayout@405c97d8
android.widget.TextView: (940) 627-5040
android.widget.TextView: 3.11 Km
android.widget.TextView: 206 North Lane Street Decatur, TX
android.widget.LinearLayout@405caca8
android.widget.LinearLayout@405caec0
android.widget.TextView: McDonald's
android.widget.LinearLayout@405cb578
android.widget.TextView: (940) 627-5950
android.widget.TextView: 3.11 Km
android.widget.TextView: 908 U.S. 380 Business Decatur, TX
android.widget.LinearLayout@40574dd8
android.widget.FrameLayout@405755c0
android.widget.TextView: Restaurant Finder
android.widget.FrameLayout@405765a8
android.widget.RelativeLayout@40576a60
android.widget.TextView: Loading my location...
android.widget.TextView: No contents.
android.widget.LinearLayout@40577950
com.google.ads.AdView@40579ca8
g@4057c138
android.widget.ListView@40577c20
android.widget.LinearLayout@405caca8
android.widget.LinearLayout@405caec0
android.widget.TextView: McDonald's
android.widget.LinearLayout@405cb578
android.widget.TextView: (940) 627-5950
android.widget.TextView: 3.11 Km
android.widget.TextView: 908 U.S. 380 Business Decatur, TX
android.widget.LinearLayout@405cca48
android.widget.LinearLayout@405ccc60
android.widget.TextView: Texas Cafe
android.widget.LinearLayout@405cd318
android.widget.TextView: (940) 627-5866
android.widget.TextView: 3.11 Km
android.widget.TextView: 100 U.S. 287 Decatur, TX
android.widget.LinearLayout@405f0878
android.widget.LinearLayout@405f0a90
android.widget.TextView: Yesterdays Texas
android.widget.LinearLayout@405f1148
android.widget.TextView: (940) 627-5866
android.widget.TextView: 3.13 Km
android.widget.TextView: 100 South U.S. 287 Decatur, TX 76234
android.widget.LinearLayout@4050b8b8
android.widget.LinearLayout@4050bad0
android.widget.TextView: taco casa
android.widget.LinearLayout@4050c188
android.widget.TextView: (940) 626-8152
android.widget.TextView: 3.13 Km
android.widget.TextView: 907 U.S. 380 Business Decatur, TX
android.widget.LinearLayout@4055b428
android.widget.LinearLayout@4055b640
android.widget.TextView: Panda Buffet
android.widget.LinearLayout@4050a4d0
android.widget.TextView: (940) 627-8800
android.widget.TextView: 3.17 Km
android.widget.TextView: 1510 S FM 51 Decatur, TX
android.widget.LinearLayout@405ecee0
android.widget.LinearLayout@405ed0f8
android.widget.TextView: Verona Pizza & Italian Restaurant
android.widget.LinearLayout@40559f78
android.widget.TextView: (940) 626-4758
android.widget.TextView: 3.18 Km
android.widget.TextView: 201 U.S. 81 Decatur, TX
android.widget.LinearLayout@40574dd8
android.widget.FrameLayout@405755c0
android.widget.TextView: Restaurant Finder
android.widget.FrameLayout@405765a8
android.widget.RelativeLayout@40576a60
android.widget.TextView: Loading my location...
android.widget.TextView: No contents.
android.widget.LinearLayout@40577950
com.google.ads.AdView@40579ca8
g@4057c138
android.widget.ListView@40577c20
android.widget.LinearLayout@405ecee0
android.widget.LinearLayout@405ed0f8
android.widget.TextView: Verona Pizza & Italian Restaurant
android.widget.LinearLayout@40559f78
android.widget.TextView: (940) 626-4758
android.widget.TextView: 3.18 Km
android.widget.TextView: 201 U.S. 81 Decatur, TX
android.widget.LinearLayout@4050d2b0
android.widget.LinearLayout@4050d4c8
android.widget.TextView: Sean's Mesquite Pit BBQ
android.widget.LinearLayout@405eba30
android.widget.TextView: (940) 627-7227
android.widget.TextView: 3.25 Km
android.widget.TextView: 401 U.S. 81 Decatur, TX
android.widget.LinearLayout@405a5598
android.widget.LinearLayout@405a57b0
android.widget.TextView: Moua Asia Cooking
android.widget.LinearLayout@405ea7c8
android.widget.TextView: (940) 627-2611
android.widget.TextView: 3.27 Km
android.widget.TextView: 1720 S Fm 51 Decatur, TX
android.widget.LinearLayout@405c53c8
android.widget.LinearLayout@405c55e0
android.widget.TextView: Subway
android.widget.LinearLayout@405c5c98
android.widget.TextView: (940) 627-6616
android.widget.TextView: 3.41 Km
android.widget.TextView: 1820 Farm to Market 51 Decatur, TX
android.widget.LinearLayout@405c7168
android.widget.LinearLayout@405c7380
android.widget.TextView: Prada Bistro
android.widget.LinearLayout@405c7a38
android.widget.TextView: (940) 626-8004
android.widget.TextView: 3.59 Km
android.widget.TextView: 1650 S FM 51 Ste 700 Decatur, TX
android.widget.LinearLayout@405c8f08
android.widget.LinearLayout@405c9120
android.widget.TextView: Catfish O'Harlies
android.widget.LinearLayout@405c97d8
android.widget.TextView: (940) 626-4595
android.widget.TextView: 3.93 Km
android.widget.TextView: 1019 U.S. 287 Decatur, TX
android.widget.LinearLayout@40574dd8
android.widget.FrameLayout@405755c0
android.widget.TextView: Restaurant Finder
android.widget.FrameLayout@405765a8
android.widget.RelativeLayout@40576a60
android.widget.TextView: Loading my location...
android.widget.TextView: No contents.
android.widget.LinearLayout@40577950
com.google.ads.AdView@40579ca8
g@4057c138
android.widget.ListView@40577c20
android.widget.LinearLayout@405c53c8
android.widget.LinearLayout@405c55e0
android.widget.TextView: Subway
android.widget.LinearLayout@405c5c98
android.widget.TextView: (940) 627-6616
android.widget.TextView: 3.41 Km
android.widget.TextView: 1820 Farm to Market 51 Decatur, TX
android.widget.LinearLayout@405c7168
android.widget.LinearLayout@405c7380
android.widget.TextView: Prada Bistro
android.widget.LinearLayout@405c7a38
android.widget.TextView: (940) 626-8004
android.widget.TextView: 3.59 Km
android.widget.TextView: 1650 S FM 51 Ste 700 Decatur, TX
android.widget.LinearLayout@405c8f08
android.widget.LinearLayout@405c9120
android.widget.TextView: Catfish O'Harlies
android.widget.LinearLayout@405c97d8
android.widget.TextView: (940) 626-4595
android.widget.TextView: 3.93 Km
android.widget.TextView: 1019 U.S. 287 Decatur, TX
android.widget.LinearLayout@405caca8
android.widget.LinearLayout@405caec0
android.widget.TextView: Subway
android.widget.LinearLayout@405cb578
android.widget.TextView: (940) 627-8792
android.widget.TextView: 4.0 Km
android.widget.TextView: 1105 U.S. 287 Decatur, TX
android.widget.LinearLayout@405cca48
android.widget.LinearLayout@405ccc60
android.widget.TextView: Casa Torres Mexican Restaurant
android.widget.LinearLayout@405cd318
android.widget.TextView: (940) 627-6191
android.widget.TextView: 4.17 Km
android.widget.TextView: 2708 S Fm 51 Decatur, TX
android.widget.LinearLayout@405f0878
android.widget.LinearLayout@405f0a90
android.widget.TextView: Decatur Civic Center
android.widget.LinearLayout@405f1148
android.widget.TextView: (940) 627-2369
android.widget.TextView: 4.6 Km
android.widget.TextView: Decatur, TX
