android.widget.LinearLayout@40573b78
android.widget.FrameLayout@40574360
android.widget.TextView: Restaurant Finder
android.widget.FrameLayout@40575348
android.widget.RelativeLayout@40575800
android.widget.TextView: Loading my location...
android.widget.TextView: No contents.
android.widget.LinearLayout@405766f0
com.google.ads.AdView@40578a48
g@4057aed8
android.widget.ListView@405769c0
android.widget.LinearLayout@406369d8
android.widget.LinearLayout@40636e60
android.widget.TextView: Tigers BBQ-Den
android.widget.LinearLayout@40634400
android.widget.TextView: (972) 227-7977
android.widget.TextView: 0.4 Km
android.widget.TextView: 2555 North Dallas Avenue Lancaster, TX
android.widget.LinearLayout@405a54d8
android.widget.LinearLayout@4062e2c0
android.widget.TextView: Taco Grill
android.widget.LinearLayout@4054f830
android.widget.TextView: (972) 227-1418
android.widget.TextView: 0.49 Km
android.widget.TextView: 2709 North Dallas Avenue Lancaster, TX
android.widget.LinearLayout@4056d370
android.widget.LinearLayout@405ae118
android.widget.TextView: Taco Place
android.widget.LinearLayout@40510f30
android.widget.TextView: (972) 218-9322
android.widget.TextView: 0.49 Km
android.widget.TextView: 2705 North Dallas Avenue Lancaster, TX
android.widget.LinearLayout@40551dc0
android.widget.LinearLayout@40552c90
android.widget.TextView: Henderson Chicken
android.widget.LinearLayout@40591d50
android.widget.TextView: (972) 227-6777
android.widget.TextView: 1.52 Km
android.widget.TextView: 710 West Pleasant Run Road Lancaster, TX
android.widget.LinearLayout@40570688
android.widget.LinearLayout@40571f00
android.widget.TextView: Roma Italian Restaurant
android.widget.LinearLayout@405ab930
android.widget.TextView: (972) 227-7711
android.widget.TextView: 1.55 Km
android.widget.TextView: 201 West Pleasant Run Road Lancaster, TX
android.widget.LinearLayout@4057e020
android.widget.LinearLayout@40597a70
android.widget.TextView: Brenntag Southwest
android.widget.LinearLayout@40632180
android.widget.TextView: (972) 218-3500
android.widget.TextView: 1.83 Km
android.widget.TextView: 704 E Wintergreen Rd Lancaster, TX
android.widget.LinearLayout@40573b78
android.widget.FrameLayout@40574360
android.widget.TextView: Restaurant Finder
android.widget.FrameLayout@40575348
android.widget.RelativeLayout@40575800
android.widget.TextView: Loading my location...
android.widget.TextView: No contents.
android.widget.LinearLayout@405766f0
com.google.ads.AdView@40578a48
g@4057aed8
android.widget.ListView@405769c0
android.widget.LinearLayout@4057e020
android.widget.LinearLayout@40597a70
android.widget.TextView: Brenntag Southwest
android.widget.LinearLayout@40632180
android.widget.TextView: (972) 218-3500
android.widget.TextView: 1.83 Km
android.widget.TextView: 704 E Wintergreen Rd Lancaster, TX
android.widget.LinearLayout@4066d8e0
android.widget.LinearLayout@4066daf8
android.widget.TextView: Mr Jim's Pizza
android.widget.LinearLayout@4066e1b0
android.widget.TextView: (972) 227-8284
android.widget.TextView: 1.92 Km
android.widget.TextView: 1009 West Pleasant Run Road Lancaster, TX
android.widget.LinearLayout@405d0d08
android.widget.LinearLayout@405d0f20
android.widget.TextView: Hickory House
android.widget.LinearLayout@405d15d8
android.widget.TextView: (972) 227-7322
android.widget.TextView: 1.99 Km
android.widget.TextView: 906 North Dallas Avenue Lancaster, TX
android.widget.LinearLayout@405d2aa8
android.widget.LinearLayout@405d2cc0
android.widget.TextView: Alliance Restaurant Services Inc
android.widget.LinearLayout@405d3378
android.widget.TextView: (972) 315-0498
android.widget.TextView: 2.19 Km
android.widget.TextView: 211 East 7th Street Lancaster, TX
android.widget.LinearLayout@405d4848
android.widget.LinearLayout@405d4a60
android.widget.TextView: Pizza Hut
android.widget.LinearLayout@405d5118
android.widget.TextView: (972) 227-6200
android.widget.TextView: 2.61 Km
android.widget.TextView: 1450 West Pleasant Run Road Lancaster, TX
android.widget.LinearLayout@405d65e8
android.widget.LinearLayout@405d6800
android.widget.TextView: Jack in the Box - Lancaster, TX
android.widget.LinearLayout@405d6eb8
android.widget.TextView: (972) 227-2243
android.widget.TextView: 2.62 Km
android.widget.TextView: 1448 West Pleasant Run Road Lancaster, TX
android.widget.LinearLayout@40573b78
android.widget.FrameLayout@40574360
android.widget.TextView: Restaurant Finder
android.widget.FrameLayout@40575348
android.widget.RelativeLayout@40575800
android.widget.TextView: Loading my location...
android.widget.TextView: No contents.
android.widget.LinearLayout@405766f0
com.google.ads.AdView@40578a48
g@4057aed8
android.widget.ListView@405769c0
android.widget.LinearLayout@405d65e8
android.widget.LinearLayout@405d6800
android.widget.TextView: Jack in the Box - Lancaster, TX
android.widget.LinearLayout@405d6eb8
android.widget.TextView: (972) 227-2243
android.widget.TextView: 2.62 Km
android.widget.TextView: 1448 West Pleasant Run Road Lancaster, TX
android.widget.LinearLayout@406369d8
android.widget.LinearLayout@40636e60
android.widget.TextView: New Win Hing Restaurant
android.widget.LinearLayout@40634400
android.widget.TextView: (972) 227-7223
android.widget.TextView: 2.69 Km
android.widget.TextView: 1450 West Pleasant Run Road Lancaster, TX
android.widget.LinearLayout@405a54d8
android.widget.LinearLayout@4062e2c0
android.widget.TextView: Wings World
android.widget.LinearLayout@4054f830
android.widget.TextView: 
android.widget.TextView: 2.69 Km
android.widget.TextView: 1450 West Pleasant Run Road Lancaster, TX
android.widget.LinearLayout@4056d370
android.widget.LinearLayout@405ae118
android.widget.TextView: Donald Brown Chicken
android.widget.LinearLayout@40510f30
android.widget.TextView: (972) 227-1701
android.widget.TextView: 2.69 Km
android.widget.TextView: 1450 West Pleasant Run Road Lancaster, TX
android.widget.LinearLayout@40551dc0
android.widget.LinearLayout@40552c90
android.widget.TextView: Mc Donald's
android.widget.LinearLayout@40591d50
android.widget.TextView: (972) 218-0200
android.widget.TextView: 2.75 Km
android.widget.TextView: 1463 West Pleasant Run Road Lancaster, TX
android.widget.LinearLayout@40570688
android.widget.LinearLayout@40571f00
android.widget.TextView: Cafe Raaz
android.widget.LinearLayout@405ab930
android.widget.TextView: (972) 218-5500
android.widget.TextView: 2.87 Km
android.widget.TextView: 121 Historic Town Square Lancaster, TX
android.widget.LinearLayout@40573b78
android.widget.FrameLayout@40574360
android.widget.TextView: Restaurant Finder
android.widget.FrameLayout@40575348
android.widget.RelativeLayout@40575800
android.widget.TextView: Loading my location...
android.widget.TextView: No contents.
android.widget.LinearLayout@405766f0
com.google.ads.AdView@40578a48
g@4057aed8
android.widget.ListView@405769c0
android.widget.LinearLayout@40570688
android.widget.LinearLayout@40571f00
android.widget.TextView: Cafe Raaz
android.widget.LinearLayout@405ab930
android.widget.TextView: (972) 218-5500
android.widget.TextView: 2.87 Km
android.widget.TextView: 121 Historic Town Square Lancaster, TX
android.widget.LinearLayout@4057e020
android.widget.LinearLayout@40597a70
android.widget.TextView: Wendy's
android.widget.LinearLayout@40632180
android.widget.TextView: (972) 228-0751
android.widget.TextView: 3.12 Km
android.widget.TextView: 8787 South Lancaster Road Dallas, TX
android.widget.LinearLayout@4066d8e0
android.widget.LinearLayout@4066daf8
android.widget.TextView: William's Fried Chicken
android.widget.LinearLayout@4066e1b0
android.widget.TextView: (972) 228-0668
android.widget.TextView: 3.34 Km
android.widget.TextView: 8502 South Lancaster Road Dallas, TX
android.widget.LinearLayout@405d0d08
android.widget.LinearLayout@405d0f20
android.widget.TextView: Whataburger
android.widget.LinearLayout@405d15d8
android.widget.TextView: (972) 224-3511
android.widget.TextView: 3.38 Km
android.widget.TextView: 8501 South Lancaster Road Dallas, TX
android.widget.LinearLayout@405d2aa8
android.widget.LinearLayout@405d2cc0
android.widget.TextView: Taco Bell
android.widget.LinearLayout@405d3378
android.widget.TextView: (972) 228-2220
android.widget.TextView: 3.52 Km
android.widget.TextView: 8407 South Lancaster Road Dallas, TX
android.widget.LinearLayout@405d4848
android.widget.LinearLayout@405d4a60
android.widget.TextView: McDonald's
android.widget.LinearLayout@405d5118
android.widget.TextView: (469) 567-2567
android.widget.TextView: 3.61 Km
android.widget.TextView: 8333 South Lancaster Road Dallas, TX
android.widget.LinearLayout@40573b78
android.widget.FrameLayout@40574360
android.widget.TextView: Restaurant Finder
android.widget.FrameLayout@40575348
android.widget.RelativeLayout@40575800
android.widget.TextView: Loading my location...
android.widget.TextView: No contents.
android.widget.LinearLayout@405766f0
com.google.ads.AdView@40578a48
g@4057aed8
android.widget.ListView@405769c0
android.widget.LinearLayout@405d4848
android.widget.LinearLayout@405d4a60
android.widget.TextView: McDonald's
android.widget.LinearLayout@405d5118
android.widget.TextView: (469) 567-2567
android.widget.TextView: 3.61 Km
android.widget.TextView: 8333 South Lancaster Road Dallas, TX
android.widget.LinearLayout@405d65e8
android.widget.LinearLayout@405d6800
android.widget.TextView: Big Bruce's Bar-B-Que
android.widget.LinearLayout@405d6eb8
android.widget.TextView: (972) 228-8200
android.widget.TextView: 3.94 Km
android.widget.TextView: 8018 South Lancaster Road Dallas, TX
android.widget.LinearLayout@406369d8
android.widget.LinearLayout@40636e60
android.widget.TextView: CiCi's Pizza
android.widget.LinearLayout@40634400
android.widget.TextView: (972) 274-0555
android.widget.TextView: 5.57 Km
android.widget.TextView: 3250 West Pleasant Run Road Lancaster, TX
android.widget.LinearLayout@405a54d8
android.widget.LinearLayout@4062e2c0
android.widget.TextView: Chubby's
android.widget.LinearLayout@4054f830
android.widget.TextView: (972) 228-4101
android.widget.TextView: 5.59 Km
android.widget.TextView: 3307 West Pleasant Run Road Lancaster, TX
android.widget.LinearLayout@4056d370
android.widget.LinearLayout@405ae118
android.widget.TextView: Waffle House
android.widget.LinearLayout@40510f30
android.widget.TextView: (972) 228-3855
android.widget.TextView: 5.68 Km
android.widget.TextView: 1507 Interstate 35 Service Road DeSoto, TX
android.widget.LinearLayout@40551dc0
android.widget.LinearLayout@40552c90
android.widget.TextView: Evergreen Buffet Grill Seafood
android.widget.LinearLayout@40591d50
android.widget.TextView: (972) 274-5558
android.widget.TextView: 5.68 Km
android.widget.TextView: 3250 East Pleasant Run Road Lancaster, TX
android.widget.LinearLayout@40573b78
android.widget.FrameLayout@40574360
android.widget.TextView: Restaurant Finder
android.widget.FrameLayout@40575348
android.widget.RelativeLayout@40575800
android.widget.TextView: Loading my location...
android.widget.TextView: No contents.
android.widget.LinearLayout@405766f0
com.google.ads.AdView@40578a48
g@4057aed8
android.widget.ListView@405769c0
android.widget.LinearLayout@40551dc0
android.widget.LinearLayout@40552c90
android.widget.TextView: Evergreen Buffet Grill Seafood
android.widget.LinearLayout@40591d50
android.widget.TextView: (972) 274-5558
android.widget.TextView: 5.68 Km
android.widget.TextView: 3250 East Pleasant Run Road Lancaster, TX
android.widget.LinearLayout@40570688
android.widget.LinearLayout@40571f00
android.widget.TextView: Subway
android.widget.LinearLayout@405ab930
android.widget.TextView: (972) 230-1411
android.widget.TextView: 5.68 Km
android.widget.TextView: 3250 East Pleasant Run Road Lancaster, TX
android.widget.LinearLayout@4057e020
android.widget.LinearLayout@40597a70
android.widget.TextView: Cracker Barrel
android.widget.LinearLayout@40632180
android.widget.TextView: (972) 224-3004
android.widget.TextView: 5.76 Km
android.widget.TextView: 1421 Interstate 35 Service Road DeSoto, TX
android.widget.LinearLayout@4066d8e0
android.widget.LinearLayout@4066daf8
android.widget.TextView: MCM Grande Hotel Fundome Desoto
android.widget.LinearLayout@4066e1b0
android.widget.TextView: (972) 224-9100
android.widget.TextView: 5.76 Km
android.widget.TextView: 1515 Interstate 35 Service Road DeSoto, TX
android.widget.LinearLayout@405d0d08
android.widget.LinearLayout@405d0f20
android.widget.TextView: Bienvenidos Restaurant & Cantina
android.widget.LinearLayout@405d15d8
android.widget.TextView: (972) 230-3100
android.widget.TextView: 5.87 Km
android.widget.TextView: 920 North I-35 East Lancaster, TX
android.widget.LinearLayout@40573b78
android.widget.FrameLayout@40574360
android.widget.TextView: Restaurant Finder
android.widget.FrameLayout@40575348
android.widget.RelativeLayout@40575800
android.widget.TextView: Loading my location...
android.widget.TextView: No contents.
android.widget.LinearLayout@405766f0
com.google.ads.AdView@40578a48
g@4057aed8
android.widget.ListView@405769c0
android.widget.LinearLayout@4057e020
android.widget.LinearLayout@40597a70
android.widget.TextView: Cracker Barrel
android.widget.LinearLayout@40632180
android.widget.TextView: (972) 224-3004
android.widget.TextView: 5.76 Km
android.widget.TextView: 1421 Interstate 35 Service Road DeSoto, TX
android.widget.LinearLayout@4066d8e0
android.widget.LinearLayout@4066daf8
android.widget.TextView: MCM Grande Hotel Fundome Desoto
android.widget.LinearLayout@4066e1b0
android.widget.TextView: (972) 224-9100
android.widget.TextView: 5.76 Km
android.widget.TextView: 1515 Interstate 35 Service Road DeSoto, TX
android.widget.LinearLayout@405d0d08
android.widget.LinearLayout@405d0f20
android.widget.TextView: Bienvenidos Restaurant & Cantina
android.widget.LinearLayout@405d15d8
android.widget.TextView: (972) 230-3100
android.widget.TextView: 5.87 Km
android.widget.TextView: 920 North I-35 East Lancaster, TX
android.widget.LinearLayout@405d4848
android.widget.LinearLayout@405d4a60
android.widget.TextView: KFC
android.widget.LinearLayout@405d5118
android.widget.TextView: (972) 224-6042
android.widget.TextView: 5.89 Km
android.widget.TextView: 915 Interstate 35 Service Road DeSoto, TX
android.widget.LinearLayout@405d65e8
android.widget.LinearLayout@405d6800
android.widget.TextView: Starbucks
android.widget.LinearLayout@405d6eb8
android.widget.TextView: (972) 223-4934
android.widget.TextView: 5.9 Km
android.widget.TextView: 851 N I-35E-SR DeSoto, TX
