android.widget.LinearLayout@40573b78
android.widget.FrameLayout@40574360
android.widget.TextView: Restaurant Finder
android.widget.FrameLayout@40575348
android.widget.RelativeLayout@40575800
android.widget.TextView: Loading my location...
android.widget.TextView: No contents.
android.widget.LinearLayout@405766f0
com.google.ads.AdView@40578a48
g@4057aed8
android.widget.ListView@405769c0
android.widget.LinearLayout@405400b0
android.widget.LinearLayout@405a2508
android.widget.TextView: Beck's Kitchen
android.widget.LinearLayout@405a5c08
android.widget.TextView: (972) 275-0008
android.widget.TextView: 0.34 Km
android.widget.TextView: 1556 Warwick Drive Lancaster, TX
android.widget.LinearLayout@40515838
android.widget.LinearLayout@40530868
android.widget.TextView: Mc Donald's
android.widget.LinearLayout@40538938
android.widget.TextView: (972) 218-0200
android.widget.TextView: 0.51 Km
android.widget.TextView: 1463 West Pleasant Run Road Lancaster, TX
android.widget.LinearLayout@40585678
android.widget.LinearLayout@4050e1b0
android.widget.TextView: Jack in the Box - Lancaster, TX
android.widget.LinearLayout@40514800
android.widget.TextView: (972) 227-2243
android.widget.TextView: 0.65 Km
android.widget.TextView: 1448 West Pleasant Run Road Lancaster, TX
android.widget.LinearLayout@40554260
android.widget.LinearLayout@405796f0
android.widget.TextView: Pizza Hut
android.widget.LinearLayout@4057ac58
android.widget.TextView: (972) 227-6200
android.widget.TextView: 0.71 Km
android.widget.TextView: 1450 West Pleasant Run Road Lancaster, TX
android.widget.LinearLayout@4052e618
android.widget.LinearLayout@4057a8e0
android.widget.TextView: New Win Hing Restaurant
android.widget.LinearLayout@40546890
android.widget.TextView: (972) 227-7223
android.widget.TextView: 0.73 Km
android.widget.TextView: 1450 West Pleasant Run Road Lancaster, TX
android.widget.LinearLayout@40587410
android.widget.LinearLayout@40587c38
android.widget.TextView: Wings World
android.widget.LinearLayout@4052bd98
android.widget.TextView: 
android.widget.TextView: 0.73 Km
android.widget.TextView: 1450 West Pleasant Run Road Lancaster, TX
android.widget.LinearLayout@40573b78
android.widget.FrameLayout@40574360
android.widget.TextView: Restaurant Finder
android.widget.FrameLayout@40575348
android.widget.RelativeLayout@40575800
android.widget.TextView: Loading my location...
android.widget.TextView: No contents.
android.widget.LinearLayout@405766f0
com.google.ads.AdView@40578a48
g@4057aed8
android.widget.ListView@405769c0
android.widget.LinearLayout@40587410
android.widget.LinearLayout@40587c38
android.widget.TextView: Wings World
android.widget.LinearLayout@4052bd98
android.widget.TextView: 
android.widget.TextView: 0.73 Km
android.widget.TextView: 1450 West Pleasant Run Road Lancaster, TX
android.widget.LinearLayout@405108b0
android.widget.LinearLayout@40510ac8
android.widget.TextView: Donald Brown Chicken
android.widget.LinearLayout@405aca90
android.widget.TextView: (972) 227-1701
android.widget.TextView: 0.73 Km
android.widget.TextView: 1450 West Pleasant Run Road Lancaster, TX
android.widget.LinearLayout@405a45c0
android.widget.LinearLayout@405d7fd0
android.widget.TextView: Mr Jim's Pizza
android.widget.LinearLayout@405d8630
android.widget.TextView: (972) 227-8284
android.widget.TextView: 1.16 Km
android.widget.TextView: 1009 West Pleasant Run Road Lancaster, TX
android.widget.LinearLayout@4050f718
android.widget.LinearLayout@4050f8d8
android.widget.TextView: Henderson Chicken
android.widget.LinearLayout@4050ff90
android.widget.TextView: (972) 227-6777
android.widget.TextView: 2.05 Km
android.widget.TextView: 710 West Pleasant Run Road Lancaster, TX
android.widget.LinearLayout@4055d580
android.widget.LinearLayout@4055d6d0
android.widget.TextView: Sonic Drive-In
android.widget.LinearLayout@4055dd68
android.widget.TextView: (972) 228-3559
android.widget.TextView: 2.77 Km
android.widget.TextView: 3209 West Pleasant Run Road Lancaster, TX
android.widget.LinearLayout@40647a48
android.widget.LinearLayout@40647c60
android.widget.TextView: CiCi's Pizza
android.widget.LinearLayout@40648318
android.widget.TextView: (972) 274-0555
android.widget.TextView: 2.87 Km
android.widget.TextView: 3250 West Pleasant Run Road Lancaster, TX
android.widget.LinearLayout@40573b78
android.widget.FrameLayout@40574360
android.widget.TextView: Restaurant Finder
android.widget.FrameLayout@40575348
android.widget.RelativeLayout@40575800
android.widget.TextView: Loading my location...
android.widget.TextView: No contents.
android.widget.LinearLayout@405766f0
com.google.ads.AdView@40578a48
g@4057aed8
android.widget.ListView@405769c0
android.widget.LinearLayout@40647a48
android.widget.LinearLayout@40647c60
android.widget.TextView: CiCi's Pizza
android.widget.LinearLayout@40648318
android.widget.TextView: (972) 274-0555
android.widget.TextView: 2.87 Km
android.widget.TextView: 3250 West Pleasant Run Road Lancaster, TX
android.widget.LinearLayout@405400b0
android.widget.LinearLayout@405a2508
android.widget.TextView: Chubby's
android.widget.LinearLayout@405a5c08
android.widget.TextView: (972) 228-4101
android.widget.TextView: 2.9 Km
android.widget.TextView: 3307 West Pleasant Run Road Lancaster, TX
android.widget.LinearLayout@40515838
android.widget.LinearLayout@40530868
android.widget.TextView: Grandy's
android.widget.LinearLayout@40538938
android.widget.TextView: (972) 224-5033
android.widget.TextView: 2.9 Km
android.widget.TextView: 3255 West Pleasant Run Road Lancaster, TX
android.widget.LinearLayout@40585678
android.widget.LinearLayout@4050e1b0
android.widget.TextView: Roma Italian Restaurant
android.widget.LinearLayout@40514800
android.widget.TextView: (972) 227-7711
android.widget.TextView: 2.93 Km
android.widget.TextView: 201 West Pleasant Run Road Lancaster, TX
android.widget.LinearLayout@40554260
android.widget.LinearLayout@405796f0
android.widget.TextView: Evergreen Buffet Grill Seafood
android.widget.LinearLayout@4057ac58
android.widget.TextView: (972) 274-5558
android.widget.TextView: 2.97 Km
android.widget.TextView: 3250 East Pleasant Run Road Lancaster, TX
android.widget.LinearLayout@4052e618
android.widget.LinearLayout@4057a8e0
android.widget.TextView: Subway
android.widget.LinearLayout@40546890
android.widget.TextView: (972) 230-1411
android.widget.TextView: 2.97 Km
android.widget.TextView: 3250 East Pleasant Run Road Lancaster, TX
android.widget.LinearLayout@40573b78
android.widget.FrameLayout@40574360
android.widget.TextView: Restaurant Finder
android.widget.FrameLayout@40575348
android.widget.RelativeLayout@40575800
android.widget.TextView: Loading my location...
android.widget.TextView: No contents.
android.widget.LinearLayout@405766f0
com.google.ads.AdView@40578a48
g@4057aed8
android.widget.ListView@405769c0
android.widget.LinearLayout@4052e618
android.widget.LinearLayout@4057a8e0
android.widget.TextView: Subway
android.widget.LinearLayout@40546890
android.widget.TextView: (972) 230-1411
android.widget.TextView: 2.97 Km
android.widget.TextView: 3250 East Pleasant Run Road Lancaster, TX
android.widget.LinearLayout@40587410
android.widget.LinearLayout@40587c38
android.widget.TextView: Ton's Palace Chinese
android.widget.LinearLayout@4052bd98
android.widget.TextView: (972) 223-5601
android.widget.TextView: 2.97 Km
android.widget.TextView: 3250 East Pleasant Run Road Lancaster, TX
android.widget.LinearLayout@405108b0
android.widget.LinearLayout@40510ac8
android.widget.TextView: Burger King
android.widget.LinearLayout@405aca90
android.widget.TextView: (972) 224-7614
android.widget.TextView: 3.14 Km
android.widget.TextView: 913 North Beckley Avenue DeSoto, TX
android.widget.LinearLayout@405a45c0
android.widget.LinearLayout@405d7fd0
android.widget.TextView: Bienvenidos Restaurant & Cantina
android.widget.LinearLayout@405d8630
android.widget.TextView: (972) 230-3100
android.widget.TextView: 3.15 Km
android.widget.TextView: 920 North I-35 East Lancaster, TX
android.widget.LinearLayout@4050f718
android.widget.LinearLayout@4050f8d8
android.widget.TextView: El Chico Cafe
android.widget.LinearLayout@4050ff90
android.widget.TextView: (972) 228-2133
android.widget.TextView: 3.16 Km
android.widget.TextView: 1111 Interstate 35 Service Road DeSoto, TX
android.widget.LinearLayout@4055d580
android.widget.LinearLayout@4055d6d0
android.widget.TextView: IHOP Restaurant
android.widget.LinearLayout@4055dd68
android.widget.TextView: (972) 274-9191
android.widget.TextView: 3.19 Km
android.widget.TextView: 790 N I 35 E Lancaster, TX
android.widget.LinearLayout@40573b78
android.widget.FrameLayout@40574360
android.widget.TextView: Restaurant Finder
android.widget.FrameLayout@40575348
android.widget.RelativeLayout@40575800
android.widget.TextView: Loading my location...
android.widget.TextView: No contents.
android.widget.LinearLayout@405766f0
com.google.ads.AdView@40578a48
g@4057aed8
android.widget.ListView@405769c0
android.widget.LinearLayout@4055d580
android.widget.LinearLayout@4055d6d0
android.widget.TextView: IHOP Restaurant
android.widget.LinearLayout@4055dd68
android.widget.TextView: (972) 274-9191
android.widget.TextView: 3.19 Km
android.widget.TextView: 790 N I 35 E Lancaster, TX
android.widget.LinearLayout@40647a48
android.widget.LinearLayout@40647c60
android.widget.TextView: Starbucks
android.widget.LinearLayout@40648318
android.widget.TextView: (972) 223-4934
android.widget.TextView: 3.2 Km
android.widget.TextView: 851 N I-35E-SR DeSoto, TX
android.widget.LinearLayout@405400b0
android.widget.LinearLayout@405a2508
android.widget.TextView: Outback Steakhouse
android.widget.LinearLayout@405a5c08
android.widget.TextView: (972) 228-8748
android.widget.TextView: 3.21 Km
android.widget.TextView: 1101 N. I-35 East DeSoto, TX
android.widget.LinearLayout@40515838
android.widget.LinearLayout@40530868
android.widget.TextView: KFC
android.widget.LinearLayout@40538938
android.widget.TextView: (972) 224-6042
android.widget.TextView: 3.22 Km
android.widget.TextView: 915 Interstate 35 Service Road DeSoto, TX
android.widget.LinearLayout@40585678
android.widget.LinearLayout@4050e1b0
android.widget.TextView: Luby's
android.widget.LinearLayout@40514800
android.widget.TextView: (972) 230-9944
android.widget.TextView: 3.24 Km
android.widget.TextView: 801 N Beckley Rd DeSoto, TX
android.widget.LinearLayout@40554260
android.widget.LinearLayout@405796f0
android.widget.TextView: Wendy's
android.widget.LinearLayout@4057ac58
android.widget.TextView: (972) 230-3172
android.widget.TextView: 3.25 Km
android.widget.TextView: 1304 East Pleasant Run Road DeSoto, TX
android.widget.LinearLayout@40573b78
android.widget.FrameLayout@40574360
android.widget.TextView: Restaurant Finder
android.widget.FrameLayout@40575348
android.widget.RelativeLayout@40575800
android.widget.TextView: Loading my location...
android.widget.TextView: No contents.
android.widget.LinearLayout@405766f0
com.google.ads.AdView@40578a48
g@4057aed8
android.widget.ListView@405769c0
android.widget.LinearLayout@40554260
android.widget.LinearLayout@405796f0
android.widget.TextView: Wendy's
android.widget.LinearLayout@4057ac58
android.widget.TextView: (972) 230-3172
android.widget.TextView: 3.25 Km
android.widget.TextView: 1304 East Pleasant Run Road DeSoto, TX
android.widget.LinearLayout@4052e618
android.widget.LinearLayout@4057a8e0
android.widget.TextView: Dickey's Barbecue Pit
android.widget.LinearLayout@40546890
android.widget.TextView: (469) 567-8341
android.widget.TextView: 3.33 Km
android.widget.TextView: 1001 North Beckley Avenue DeSoto, TX
android.widget.LinearLayout@40587410
android.widget.LinearLayout@40587c38
android.widget.TextView: Chili's Grill & Bar
android.widget.LinearLayout@4052bd98
android.widget.TextView: (972) 223-3140
android.widget.TextView: 3.34 Km
android.widget.TextView: 530 North I-35 East Lancaster, TX
android.widget.LinearLayout@405108b0
android.widget.LinearLayout@40510ac8
android.widget.TextView: Waffle House
android.widget.LinearLayout@405aca90
android.widget.TextView: (972) 228-3855
android.widget.TextView: 3.35 Km
android.widget.TextView: 1507 Interstate 35 Service Road DeSoto, TX
android.widget.LinearLayout@405a45c0
android.widget.LinearLayout@405d7fd0
android.widget.TextView: Cracker Barrel
android.widget.LinearLayout@405d8630
android.widget.TextView: (972) 224-3004
android.widget.TextView: 3.39 Km
android.widget.TextView: 1421 Interstate 35 Service Road DeSoto, TX
android.widget.LinearLayout@4050f718
android.widget.LinearLayout@4050f8d8
android.widget.TextView: Taco Bueno
android.widget.LinearLayout@4050ff90
android.widget.TextView: (972) 228-3792
android.widget.TextView: 3.45 Km
android.widget.TextView: 1235 East Pleasant Run Road DeSoto, TX
android.widget.LinearLayout@40573b78
android.widget.FrameLayout@40574360
android.widget.TextView: Restaurant Finder
android.widget.FrameLayout@40575348
android.widget.RelativeLayout@40575800
android.widget.TextView: Loading my location...
android.widget.TextView: No contents.
android.widget.LinearLayout@405766f0
com.google.ads.AdView@40578a48
g@4057aed8
android.widget.ListView@405769c0
android.widget.LinearLayout@40587410
android.widget.LinearLayout@40587c38
android.widget.TextView: Chili's Grill & Bar
android.widget.LinearLayout@4052bd98
android.widget.TextView: (972) 223-3140
android.widget.TextView: 3.34 Km
android.widget.TextView: 530 North I-35 East Lancaster, TX
android.widget.LinearLayout@405108b0
android.widget.LinearLayout@40510ac8
android.widget.TextView: Waffle House
android.widget.LinearLayout@405aca90
android.widget.TextView: (972) 228-3855
android.widget.TextView: 3.35 Km
android.widget.TextView: 1507 Interstate 35 Service Road DeSoto, TX
android.widget.LinearLayout@405a45c0
android.widget.LinearLayout@405d7fd0
android.widget.TextView: Cracker Barrel
android.widget.LinearLayout@405d8630
android.widget.TextView: (972) 224-3004
android.widget.TextView: 3.39 Km
android.widget.TextView: 1421 Interstate 35 Service Road DeSoto, TX
android.widget.LinearLayout@4050f718
android.widget.LinearLayout@4050f8d8
android.widget.TextView: Taco Bueno
android.widget.LinearLayout@4050ff90
android.widget.TextView: (972) 228-3792
android.widget.TextView: 3.45 Km
android.widget.TextView: 1235 East Pleasant Run Road DeSoto, TX
android.widget.LinearLayout@4055d580
android.widget.LinearLayout@4055d6d0
android.widget.TextView: MCM Grande Hotel Fundome Desoto
android.widget.LinearLayout@4055dd68
android.widget.TextView: (972) 224-9100
android.widget.TextView: 3.47 Km
android.widget.TextView: 1515 Interstate 35 Service Road DeSoto, TX
