emulator-5558
D/umd.troyd( 2052): got command getViews
D/umd.troyd( 2052): android.widget.FrameLayout@406d1158: 16908290 (0)
D/umd.troyd( 2052): android.widget.RelativeLayout@406d1b98: 2131558603 (1)
D/umd.troyd( 2052): android.widget.LinearLayout@406d1fd0: -1 (2)
D/umd.troyd( 2052): com.walmart.android.ui.ViewStackLayout@406d2520: 2131558797 (3)
D/umd.troyd( 2052): android.widget.RelativeLayout@40722470: -1 (4)
D/umd.troyd( 2052): android.widget.RelativeLayout@407229c0: 2131558790 (5)
D/umd.troyd( 2052): android.widget.LinearLayout@40723540: 2131558790 (6)
D/umd.troyd( 2052): android.widget.RelativeLayout@40723d20: -1 (7)
D/umd.troyd( 2052): android.widget.Button:  (8)
D/umd.troyd( 2052): android.widget.TextView: Search a location (9)
D/umd.troyd( 2052): android.widget.Button:  (10)
D/umd.troyd( 2052): android.widget.Button:  (11)
D/umd.troyd( 2052): android.widget.Button:  (12)
D/umd.troyd( 2052): android.widget.RelativeLayout@407285d8: 2131558791 (13)
D/umd.troyd( 2052): com.walmart.android.storelocator.StoreMapView@40729870: 2131558792 (14)
D/umd.troyd( 2052): android.widget.ListView@40750c20: 2131558521 (15)
D/umd.troyd( 2052): android.widget.LinearLayout@4068c618: -1 (16)
D/umd.troyd( 2052): android.widget.RelativeLayout@4068ecd8: -1 (17)
D/umd.troyd( 2052): android.widget.RelativeLayout@4068ee30: -1 (18)
D/umd.troyd( 2052): android.widget.TextView: Walmart Store (19)
D/umd.troyd( 2052): android.widget.TextView: 6205 Baltimore National Pike (20)
D/umd.troyd( 2052): android.widget.TextView: Catonsville, MD 21228 (21)
D/umd.troyd( 2052): android.widget.RelativeLayout@40713400: -1 (22)
D/umd.troyd( 2052): android.widget.LinearLayout@40595518: 2131558801 (23)
D/umd.troyd( 2052): android.widget.TextView: 0.46 (24)
D/umd.troyd( 2052): android.widget.TextView: miles (25)
D/umd.troyd( 2052): android.widget.TextView:  (26)
D/umd.troyd( 2052): android.widget.ImageView@405616d8: 2131558517 (27)
D/umd.troyd( 2052): android.widget.LinearLayout@40561828: -1 (28)
D/umd.troyd( 2052): android.widget.RelativeLayout@40782660: -1 (29)
D/umd.troyd( 2052): android.widget.RelativeLayout@407827b8: -1 (30)
D/umd.troyd( 2052): android.widget.TextView: Walmart Store (31)
D/umd.troyd( 2052): android.widget.TextView: 3200 North Ridge Rd (32)
D/umd.troyd( 2052): android.widget.TextView: Ellicott City, MD 21043 (33)
D/umd.troyd( 2052): android.widget.RelativeLayout@405d0b90: -1 (34)
D/umd.troyd( 2052): android.widget.LinearLayout@405d0ce8: 2131558801 (35)
D/umd.troyd( 2052): android.widget.TextView: 3.43 (36)
D/umd.troyd( 2052): android.widget.TextView: miles (37)
D/umd.troyd( 2052): android.widget.TextView:  (38)
D/umd.troyd( 2052): android.widget.ImageView@4061d030: 2131558517 (39)
D/umd.troyd( 2052): android.widget.LinearLayout@4069f710: -1 (40)
D/umd.troyd( 2052): android.widget.RelativeLayout@4069f860: -1 (41)
D/umd.troyd( 2052): android.widget.RelativeLayout@4069fb78: -1 (42)
D/umd.troyd( 2052): android.widget.TextView: Walmart Supercenter (43)
D/umd.troyd( 2052): android.widget.TextView: 3601 Washington Blvd (44)
D/umd.troyd( 2052): android.widget.TextView: Arbutus, MD 21227 (45)
D/umd.troyd( 2052): android.widget.RelativeLayout@40712430: -1 (46)
D/umd.troyd( 2052): android.widget.LinearLayout@407127b0: 2131558801 (47)
D/umd.troyd( 2052): android.widget.TextView: 3.94 (48)
D/umd.troyd( 2052): android.widget.TextView: miles (49)
D/umd.troyd( 2052): android.widget.TextView:  (50)
D/umd.troyd( 2052): android.widget.ImageView@40768620: 2131558517 (51)
D/umd.troyd( 2052): android.widget.LinearLayout@40664cd8: -1 (52)
D/umd.troyd( 2052): android.widget.RelativeLayout@40664ec8: -1 (53)
D/umd.troyd( 2052): android.widget.RelativeLayout@406651e0: -1 (54)
D/umd.troyd( 2052): android.widget.TextView: Walmart Store (55)
D/umd.troyd( 2052): android.widget.TextView: 8730 Liberty Rd (56)
D/umd.troyd( 2052): android.widget.TextView: Randallstown, MD 21133 (57)
D/umd.troyd( 2052): android.widget.RelativeLayout@40777b58: -1 (58)
D/umd.troyd( 2052): android.widget.LinearLayout@40777eb8: 2131558801 (59)
D/umd.troyd( 2052): android.widget.TextView: 5.71 (60)
D/umd.troyd( 2052): android.widget.TextView: miles (61)
D/umd.troyd( 2052): android.widget.TextView:  (62)
D/umd.troyd( 2052): android.widget.ImageView@407480a0: 2131558517 (63)
D/umd.troyd( 2052): android.widget.LinearLayout@406894b0: -1 (64)
D/umd.troyd( 2052): android.widget.RelativeLayout@406896a0: -1 (65)
D/umd.troyd( 2052): android.widget.RelativeLayout@4068df40: -1 (66)
D/umd.troyd( 2052): android.widget.TextView: Walmart Store (67)
D/umd.troyd( 2052): android.widget.TextView: 6405 Dobbin Rd (68)
D/umd.troyd( 2052): android.widget.TextView: Columbia, MD 21045 (69)
D/umd.troyd( 2052): android.widget.RelativeLayout@40625308: -1 (70)
D/umd.troyd( 2052): android.widget.LinearLayout@40625688: 2131558801 (71)
D/umd.troyd( 2052): android.widget.TextView: 5.79 (72)
D/umd.troyd( 2052): android.widget.TextView: miles (73)
D/umd.troyd( 2052): android.widget.TextView:  (74)
D/umd.troyd( 2052): android.widget.ImageView@4065d6e0: 2131558517 (75)
D/umd.troyd( 2052): android.widget.LinearLayout@406a0b28: -1 (76)
D/umd.troyd( 2052): android.widget.RelativeLayout@406a0d18: -1 (77)
D/umd.troyd( 2052): android.widget.RelativeLayout@405d4e20: -1 (78)
D/umd.troyd( 2052): android.widget.TextView: Walmart Store (79)
D/umd.troyd( 2052): android.widget.TextView: 2701 Port Covington Dr (80)
D/umd.troyd( 2052): android.widget.TextView: Baltimore, MD 21230 (81)
D/umd.troyd( 2052): android.widget.RelativeLayout@40599398: -1 (82)
D/umd.troyd( 2052): android.widget.LinearLayout@40599718: 2131558801 (83)
D/umd.troyd( 2052): android.widget.TextView: 6.52 (84)
D/umd.troyd( 2052): android.widget.TextView: miles (85)
D/umd.troyd( 2052): android.widget.TextView:  (86)
D/umd.troyd( 2052): android.widget.ImageView@4069d1d0: 2131558517 (87)
D/umd.troyd( 2052): android.widget.RelativeLayout@406d4650: 2131558541 (88)
D/umd.troyd( 2052): android.widget.GridView@406d51c8: 2131558824 (89)
D/umd.troyd( 2052): android.widget.LinearLayout@406d6348: 2131558538 (90)
D/umd.troyd( 2052): android.widget.RelativeLayout@406d6d40: 2131558818 (91)
D/umd.troyd( 2052): android.widget.ImageButton@406d7690: 2131558819 (92)
D/umd.troyd( 2052): android.widget.RelativeLayout@406d7ba8: -1 (93)
D/umd.troyd( 2052): android.widget.ImageView@406d7f98: 2131558820 (94)
D/umd.troyd( 2052): android.widget.TextView: Stores (95)
D/umd.troyd( 2052): android.widget.RelativeLayout@406d8ea0: -1 (96)
D/umd.troyd( 2052): android.widget.Button:  (97)
D/umd.troyd( 2052): android.widget.ImageView@406d9a10: 2131558823 (98)
D/umd.troyd( 2052): android.widget.LinearLayout@406d9ca0: 2131558542 (99)
D/umd.troyd( 2052): got command getViews
D/umd.troyd( 2052): android.widget.FrameLayout@406d1158: 16908290 (0)
D/umd.troyd( 2052): android.widget.RelativeLayout@406d1b98: 2131558603 (1)
D/umd.troyd( 2052): android.widget.LinearLayout@406d1fd0: -1 (2)
D/umd.troyd( 2052): com.walmart.android.ui.ViewStackLayout@406d2520: 2131558797 (3)
D/umd.troyd( 2052): android.widget.RelativeLayout@40722470: -1 (4)
D/umd.troyd( 2052): android.widget.RelativeLayout@407229c0: 2131558790 (5)
D/umd.troyd( 2052): android.widget.LinearLayout@40723540: 2131558790 (6)
D/umd.troyd( 2052): android.widget.RelativeLayout@40723d20: -1 (7)
D/umd.troyd( 2052): android.widget.Button:  (8)
D/umd.troyd( 2052): android.widget.TextView: Search a location (9)
D/umd.troyd( 2052): android.widget.Button:  (10)
D/umd.troyd( 2052): android.widget.Button:  (11)
D/umd.troyd( 2052): android.widget.Button:  (12)
D/umd.troyd( 2052): android.widget.RelativeLayout@407285d8: 2131558791 (13)
D/umd.troyd( 2052): com.walmart.android.storelocator.StoreMapView@40729870: 2131558792 (14)
D/umd.troyd( 2052): android.widget.ListView@40750c20: 2131558521 (15)
D/umd.troyd( 2052): android.widget.LinearLayout@406a0b28: -1 (16)
D/umd.troyd( 2052): android.widget.RelativeLayout@406a0d18: -1 (17)
D/umd.troyd( 2052): android.widget.RelativeLayout@405d4e20: -1 (18)
D/umd.troyd( 2052): android.widget.TextView: Walmart Store (19)
D/umd.troyd( 2052): android.widget.TextView: 2701 Port Covington Dr (20)
D/umd.troyd( 2052): android.widget.TextView: Baltimore, MD 21230 (21)
D/umd.troyd( 2052): android.widget.RelativeLayout@40599398: -1 (22)
D/umd.troyd( 2052): android.widget.LinearLayout@40599718: 2131558801 (23)
D/umd.troyd( 2052): android.widget.TextView: 6.52 (24)
D/umd.troyd( 2052): android.widget.TextView: miles (25)
D/umd.troyd( 2052): android.widget.TextView:  (26)
D/umd.troyd( 2052): android.widget.ImageView@4069d1d0: 2131558517 (27)
D/umd.troyd( 2052): android.widget.LinearLayout@407ff500: -1 (28)
D/umd.troyd( 2052): android.widget.RelativeLayout@407ff6f0: -1 (29)
D/umd.troyd( 2052): android.widget.RelativeLayout@407ffa98: -1 (30)
D/umd.troyd( 2052): android.widget.TextView: Walmart Store (31)
D/umd.troyd( 2052): android.widget.TextView: 7081 Arundel Mills Cir (32)
D/umd.troyd( 2052): android.widget.TextView: Hanover, MD 21076 (33)
D/umd.troyd( 2052): android.widget.RelativeLayout@40800da8: -1 (34)
D/umd.troyd( 2052): android.widget.LinearLayout@408011b8: 2131558801 (35)
D/umd.troyd( 2052): android.widget.TextView: 7.16 (36)
D/umd.troyd( 2052): android.widget.TextView: miles (37)
D/umd.troyd( 2052): android.widget.TextView:  (38)
D/umd.troyd( 2052): android.widget.ImageView@40802270: 2131558517 (39)
D/umd.troyd( 2052): android.widget.LinearLayout@40803cf8: -1 (40)
D/umd.troyd( 2052): android.widget.RelativeLayout@40803ee8: -1 (41)
D/umd.troyd( 2052): android.widget.RelativeLayout@40804290: -1 (42)
D/umd.troyd( 2052): android.widget.TextView: Walmart Store (43)
D/umd.troyd( 2052): android.widget.TextView: 9750 Reistertown Road A (44)
D/umd.troyd( 2052): android.widget.TextView: Owings Mills, MD 21117 (45)
D/umd.troyd( 2052): android.widget.RelativeLayout@408055a0: -1 (46)
D/umd.troyd( 2052): android.widget.LinearLayout@408059b0: 2131558801 (47)
D/umd.troyd( 2052): android.widget.TextView: 7.94 (48)
D/umd.troyd( 2052): android.widget.TextView: miles (49)
D/umd.troyd( 2052): android.widget.TextView:  (50)
D/umd.troyd( 2052): android.widget.ImageView@40590dc8: 2131558517 (51)
D/umd.troyd( 2052): android.widget.LinearLayout@405d6868: -1 (52)
D/umd.troyd( 2052): android.widget.RelativeLayout@40592190: -1 (53)
D/umd.troyd( 2052): android.widget.RelativeLayout@406201a0: -1 (54)
D/umd.troyd( 2052): android.widget.TextView: Walmart Store (55)
D/umd.troyd( 2052): android.widget.TextView: 6721 Chesapeake Center Dr (56)
D/umd.troyd( 2052): android.widget.TextView: Glen Burnie, MD 21060 (57)
D/umd.troyd( 2052): android.widget.RelativeLayout@4065d4c8: -1 (58)
D/umd.troyd( 2052): android.widget.LinearLayout@407848e8: 2131558801 (59)
D/umd.troyd( 2052): android.widget.TextView: 8.30 (60)
D/umd.troyd( 2052): android.widget.TextView: miles (61)
D/umd.troyd( 2052): android.widget.TextView:  (62)
D/umd.troyd( 2052): android.widget.ImageView@4075ac50: 2131558517 (63)
D/umd.troyd( 2052): android.widget.LinearLayout@4077eee8: -1 (64)
D/umd.troyd( 2052): android.widget.RelativeLayout@4067a3b0: -1 (65)
D/umd.troyd( 2052): android.widget.RelativeLayout@405924a0: -1 (66)
D/umd.troyd( 2052): android.widget.TextView: Walmart Supercenter (67)
D/umd.troyd( 2052): android.widget.TextView: 407 George Claus Blvd (68)
D/umd.troyd( 2052): android.widget.TextView: Severn, MD 21144 (69)
D/umd.troyd( 2052): android.widget.RelativeLayout@405dd628: -1 (70)
D/umd.troyd( 2052): android.widget.LinearLayout@405deba0: 2131558801 (71)
D/umd.troyd( 2052): android.widget.TextView: 9.08 (72)
D/umd.troyd( 2052): android.widget.TextView: miles (73)
D/umd.troyd( 2052): android.widget.TextView:  (74)
D/umd.troyd( 2052): android.widget.ImageView@405dfc98: 2131558517 (75)
D/umd.troyd( 2052): android.widget.LinearLayout@406ae188: -1 (76)
D/umd.troyd( 2052): android.widget.RelativeLayout@406c3048: -1 (77)
D/umd.troyd( 2052): android.widget.RelativeLayout@406caf68: -1 (78)
D/umd.troyd( 2052): android.widget.TextView: Walmart Store (79)
D/umd.troyd( 2052): android.widget.TextView: 1238 Putty Hill Ave Ste 5 (80)
D/umd.troyd( 2052): android.widget.TextView: Towson, MD 21286 (81)
D/umd.troyd( 2052): android.widget.RelativeLayout@40748330: -1 (82)
D/umd.troyd( 2052): android.widget.LinearLayout@4065b118: 2131558801 (83)
D/umd.troyd( 2052): android.widget.TextView: 10.60 (84)
D/umd.troyd( 2052): android.widget.TextView: miles (85)
D/umd.troyd( 2052): android.widget.TextView:  (86)
D/umd.troyd( 2052): android.widget.ImageView@4067a868: 2131558517 (87)
D/umd.troyd( 2052): android.widget.RelativeLayout@406d4650: 2131558541 (88)
D/umd.troyd( 2052): android.widget.GridView@406d51c8: 2131558824 (89)
D/umd.troyd( 2052): android.widget.LinearLayout@406d6348: 2131558538 (90)
D/umd.troyd( 2052): android.widget.RelativeLayout@406d6d40: 2131558818 (91)
D/umd.troyd( 2052): android.widget.ImageButton@406d7690: 2131558819 (92)
D/umd.troyd( 2052): android.widget.RelativeLayout@406d7ba8: -1 (93)
D/umd.troyd( 2052): android.widget.ImageView@406d7f98: 2131558820 (94)
D/umd.troyd( 2052): android.widget.TextView: Stores (95)
D/umd.troyd( 2052): android.widget.RelativeLayout@406d8ea0: -1 (96)
D/umd.troyd( 2052): android.widget.Button:  (97)
D/umd.troyd( 2052): android.widget.ImageView@406d9a10: 2131558823 (98)
D/umd.troyd( 2052): android.widget.LinearLayout@406d9ca0: 2131558542 (99)
D/umd.troyd( 2052): got command getViews
D/umd.troyd( 2052): android.widget.FrameLayout@406d1158: 16908290 (0)
D/umd.troyd( 2052): android.widget.RelativeLayout@406d1b98: 2131558603 (1)
D/umd.troyd( 2052): android.widget.LinearLayout@406d1fd0: -1 (2)
D/umd.troyd( 2052): com.walmart.android.ui.ViewStackLayout@406d2520: 2131558797 (3)
D/umd.troyd( 2052): android.widget.RelativeLayout@40722470: -1 (4)
D/umd.troyd( 2052): android.widget.RelativeLayout@407229c0: 2131558790 (5)
D/umd.troyd( 2052): android.widget.LinearLayout@40723540: 2131558790 (6)
D/umd.troyd( 2052): android.widget.RelativeLayout@40723d20: -1 (7)
D/umd.troyd( 2052): android.widget.Button:  (8)
D/umd.troyd( 2052): android.widget.TextView: Search a location (9)
D/umd.troyd( 2052): android.widget.Button:  (10)
D/umd.troyd( 2052): android.widget.Button:  (11)
D/umd.troyd( 2052): android.widget.Button:  (12)
D/umd.troyd( 2052): android.widget.RelativeLayout@407285d8: 2131558791 (13)
D/umd.troyd( 2052): com.walmart.android.storelocator.StoreMapView@40729870: 2131558792 (14)
D/umd.troyd( 2052): android.widget.ListView@40750c20: 2131558521 (15)
D/umd.troyd( 2052): android.widget.LinearLayout@406ae188: -1 (16)
D/umd.troyd( 2052): android.widget.RelativeLayout@406c3048: -1 (17)
D/umd.troyd( 2052): android.widget.RelativeLayout@406caf68: -1 (18)
D/umd.troyd( 2052): android.widget.TextView: Walmart Store (19)
D/umd.troyd( 2052): android.widget.TextView: 1238 Putty Hill Ave Ste 5 (20)
D/umd.troyd( 2052): android.widget.TextView: Towson, MD 21286 (21)
D/umd.troyd( 2052): android.widget.RelativeLayout@40748330: -1 (22)
D/umd.troyd( 2052): android.widget.LinearLayout@4065b118: 2131558801 (23)
D/umd.troyd( 2052): android.widget.TextView: 10.60 (24)
D/umd.troyd( 2052): android.widget.TextView: miles (25)
D/umd.troyd( 2052): android.widget.TextView:  (26)
D/umd.troyd( 2052): android.widget.ImageView@4067a868: 2131558517 (27)
D/umd.troyd( 2052): android.widget.LinearLayout@4068c618: -1 (28)
D/umd.troyd( 2052): android.widget.RelativeLayout@4068ecd8: -1 (29)
D/umd.troyd( 2052): android.widget.RelativeLayout@4068ee30: -1 (30)
D/umd.troyd( 2052): android.widget.TextView: Walmart Supercenter (31)
D/umd.troyd( 2052): android.widget.TextView: 3549 Russett Grn (32)
D/umd.troyd( 2052): android.widget.TextView: Laurel, MD 20724 (33)
D/umd.troyd( 2052): android.widget.RelativeLayout@40713400: -1 (34)
D/umd.troyd( 2052): android.widget.LinearLayout@40595518: 2131558801 (35)
D/umd.troyd( 2052): android.widget.TextView: 10.93 (36)
D/umd.troyd( 2052): android.widget.TextView: miles (37)
D/umd.troyd( 2052): android.widget.TextView:  (38)
D/umd.troyd( 2052): android.widget.ImageView@405616d8: 2131558517 (39)
D/umd.troyd( 2052): android.widget.LinearLayout@40561828: -1 (40)
D/umd.troyd( 2052): android.widget.RelativeLayout@40782660: -1 (41)
D/umd.troyd( 2052): android.widget.RelativeLayout@407827b8: -1 (42)
D/umd.troyd( 2052): android.widget.TextView: Walmart Store (43)
D/umd.troyd( 2052): android.widget.TextView: 2399 North Point Blvd (44)
D/umd.troyd( 2052): android.widget.TextView: Dundalk, MD 21222 (45)
D/umd.troyd( 2052): android.widget.RelativeLayout@405d0b90: -1 (46)
D/umd.troyd( 2052): android.widget.LinearLayout@405d0ce8: 2131558801 (47)
D/umd.troyd( 2052): android.widget.TextView: 11.58 (48)
D/umd.troyd( 2052): android.widget.TextView: miles (49)
D/umd.troyd( 2052): android.widget.TextView:  (50)
D/umd.troyd( 2052): android.widget.ImageView@4061d030: 2131558517 (51)
D/umd.troyd( 2052): android.widget.LinearLayout@4069f710: -1 (52)
D/umd.troyd( 2052): android.widget.RelativeLayout@4069f860: -1 (53)
D/umd.troyd( 2052): android.widget.RelativeLayout@4069fb78: -1 (54)
D/umd.troyd( 2052): android.widget.TextView: Walmart Store (55)
D/umd.troyd( 2052): android.widget.TextView: 1320 Liberty Rd (56)
D/umd.troyd( 2052): android.widget.TextView: Eldersburg, MD 21784 (57)
D/umd.troyd( 2052): android.widget.RelativeLayout@40712430: -1 (58)
D/umd.troyd( 2052): android.widget.LinearLayout@407127b0: 2131558801 (59)
D/umd.troyd( 2052): android.widget.TextView: 12.18 (60)
D/umd.troyd( 2052): android.widget.TextView: miles (61)
D/umd.troyd( 2052): android.widget.TextView:  (62)
D/umd.troyd( 2052): android.widget.ImageView@40768620: 2131558517 (63)
D/umd.troyd( 2052): android.widget.LinearLayout@40664cd8: -1 (64)
D/umd.troyd( 2052): android.widget.RelativeLayout@40664ec8: -1 (65)
D/umd.troyd( 2052): android.widget.RelativeLayout@406651e0: -1 (66)
D/umd.troyd( 2052): android.widget.TextView: Walmart Supercenter (67)
D/umd.troyd( 2052): android.widget.TextView: 1 Frankel Way (68)
D/umd.troyd( 2052): android.widget.TextView: Cockeysville, MD 21030 (69)
D/umd.troyd( 2052): android.widget.RelativeLayout@40777b58: -1 (70)
D/umd.troyd( 2052): android.widget.LinearLayout@40777eb8: 2131558801 (71)
D/umd.troyd( 2052): android.widget.TextView: 12.57 (72)
D/umd.troyd( 2052): android.widget.TextView: miles (73)
D/umd.troyd( 2052): android.widget.TextView:  (74)
D/umd.troyd( 2052): android.widget.ImageView@407480a0: 2131558517 (75)
D/umd.troyd( 2052): android.widget.LinearLayout@406894b0: -1 (76)
D/umd.troyd( 2052): android.widget.RelativeLayout@406896a0: -1 (77)
D/umd.troyd( 2052): android.widget.RelativeLayout@4068df40: -1 (78)
D/umd.troyd( 2052): android.widget.TextView: Walmart Supercenter (79)
D/umd.troyd( 2052): android.widget.TextView: 6420 Petrie Way Rd (80)
D/umd.troyd( 2052): android.widget.TextView: Baltimore, MD 21237 (81)
D/umd.troyd( 2052): android.widget.RelativeLayout@40625308: -1 (82)
D/umd.troyd( 2052): android.widget.LinearLayout@40625688: 2131558801 (83)
D/umd.troyd( 2052): android.widget.TextView: 12.62 (84)
D/umd.troyd( 2052): android.widget.TextView: miles (85)
D/umd.troyd( 2052): android.widget.TextView:  (86)
D/umd.troyd( 2052): android.widget.ImageView@4065d6e0: 2131558517 (87)
D/umd.troyd( 2052): android.widget.RelativeLayout@406d4650: 2131558541 (88)
D/umd.troyd( 2052): android.widget.GridView@406d51c8: 2131558824 (89)
D/umd.troyd( 2052): android.widget.LinearLayout@406d6348: 2131558538 (90)
D/umd.troyd( 2052): android.widget.RelativeLayout@406d6d40: 2131558818 (91)
D/umd.troyd( 2052): android.widget.ImageButton@406d7690: 2131558819 (92)
D/umd.troyd( 2052): android.widget.RelativeLayout@406d7ba8: -1 (93)
D/umd.troyd( 2052): android.widget.ImageView@406d7f98: 2131558820 (94)
D/umd.troyd( 2052): android.widget.TextView: Stores (95)
D/umd.troyd( 2052): android.widget.RelativeLayout@406d8ea0: -1 (96)
D/umd.troyd( 2052): android.widget.Button:  (97)
D/umd.troyd( 2052): android.widget.ImageView@406d9a10: 2131558823 (98)
D/umd.troyd( 2052): android.widget.LinearLayout@406d9ca0: 2131558542 (99)
D/umd.troyd( 2052): got command getViews
D/umd.troyd( 2052): android.widget.FrameLayout@406d1158: 16908290 (0)
D/umd.troyd( 2052): android.widget.RelativeLayout@406d1b98: 2131558603 (1)
D/umd.troyd( 2052): android.widget.LinearLayout@406d1fd0: -1 (2)
D/umd.troyd( 2052): com.walmart.android.ui.ViewStackLayout@406d2520: 2131558797 (3)
D/umd.troyd( 2052): android.widget.RelativeLayout@40722470: -1 (4)
D/umd.troyd( 2052): android.widget.RelativeLayout@407229c0: 2131558790 (5)
D/umd.troyd( 2052): android.widget.LinearLayout@40723540: 2131558790 (6)
D/umd.troyd( 2052): android.widget.RelativeLayout@40723d20: -1 (7)
D/umd.troyd( 2052): android.widget.Button:  (8)
D/umd.troyd( 2052): android.widget.TextView: Search a location (9)
D/umd.troyd( 2052): android.widget.Button:  (10)
D/umd.troyd( 2052): android.widget.Button:  (11)
D/umd.troyd( 2052): android.widget.Button:  (12)
D/umd.troyd( 2052): android.widget.RelativeLayout@407285d8: 2131558791 (13)
D/umd.troyd( 2052): com.walmart.android.storelocator.StoreMapView@40729870: 2131558792 (14)
D/umd.troyd( 2052): android.widget.ListView@40750c20: 2131558521 (15)
D/umd.troyd( 2052): android.widget.LinearLayout@406894b0: -1 (16)
D/umd.troyd( 2052): android.widget.RelativeLayout@406896a0: -1 (17)
D/umd.troyd( 2052): android.widget.RelativeLayout@4068df40: -1 (18)
D/umd.troyd( 2052): android.widget.TextView: Walmart Supercenter (19)
D/umd.troyd( 2052): android.widget.TextView: 6420 Petrie Way Rd (20)
D/umd.troyd( 2052): android.widget.TextView: Baltimore, MD 21237 (21)
D/umd.troyd( 2052): android.widget.RelativeLayout@40625308: -1 (22)
D/umd.troyd( 2052): android.widget.LinearLayout@40625688: 2131558801 (23)
D/umd.troyd( 2052): android.widget.TextView: 12.62 (24)
D/umd.troyd( 2052): android.widget.TextView: miles (25)
D/umd.troyd( 2052): android.widget.TextView:  (26)
D/umd.troyd( 2052): android.widget.ImageView@4065d6e0: 2131558517 (27)
D/umd.troyd( 2052): android.widget.LinearLayout@406a0b28: -1 (28)
D/umd.troyd( 2052): android.widget.RelativeLayout@406a0d18: -1 (29)
D/umd.troyd( 2052): android.widget.RelativeLayout@405d4e20: -1 (30)
D/umd.troyd( 2052): android.widget.TextView: Walmart Supercenter (31)
D/umd.troyd( 2052): android.widget.TextView: 8118 Perry Hills Ct (32)
D/umd.troyd( 2052): android.widget.TextView: Nottingham, MD 21236 (33)
D/umd.troyd( 2052): android.widget.RelativeLayout@40599398: -1 (34)
D/umd.troyd( 2052): android.widget.LinearLayout@40599718: 2131558801 (35)
D/umd.troyd( 2052): android.widget.TextView: 12.69 (36)
D/umd.troyd( 2052): android.widget.TextView: miles (37)
D/umd.troyd( 2052): android.widget.TextView:  (38)
D/umd.troyd( 2052): android.widget.ImageView@4069d1d0: 2131558517 (39)
D/umd.troyd( 2052): android.widget.LinearLayout@407ff500: -1 (40)
D/umd.troyd( 2052): android.widget.RelativeLayout@407ff6f0: -1 (41)
D/umd.troyd( 2052): android.widget.RelativeLayout@407ffa98: -1 (42)
D/umd.troyd( 2052): android.widget.TextView: Walmart Store (43)
D/umd.troyd( 2052): android.widget.TextView: 112 Carroll Island Rd (44)
D/umd.troyd( 2052): android.widget.TextView: Baltimore, MD 21220 (45)
D/umd.troyd( 2052): android.widget.RelativeLayout@40800da8: -1 (46)
D/umd.troyd( 2052): android.widget.LinearLayout@408011b8: 2131558801 (47)
D/umd.troyd( 2052): android.widget.TextView: 16.51 (48)
D/umd.troyd( 2052): android.widget.TextView: miles (49)
D/umd.troyd( 2052): android.widget.TextView:  (50)
D/umd.troyd( 2052): android.widget.ImageView@40802270: 2131558517 (51)
D/umd.troyd( 2052): android.widget.LinearLayout@40803cf8: -1 (52)
D/umd.troyd( 2052): android.widget.RelativeLayout@40803ee8: -1 (53)
D/umd.troyd( 2052): android.widget.RelativeLayout@40804290: -1 (54)
D/umd.troyd( 2052): android.widget.TextView: Walmart Store (55)
D/umd.troyd( 2052): android.widget.TextView: 209 E Ridgeville Blvd (56)
D/umd.troyd( 2052): android.widget.TextView: Mount Airy, MD 21771 (57)
D/umd.troyd( 2052): android.widget.RelativeLayout@408055a0: -1 (58)
D/umd.troyd( 2052): android.widget.LinearLayout@408059b0: 2131558801 (59)
D/umd.troyd( 2052): android.widget.TextView: 19.96 (60)
D/umd.troyd( 2052): android.widget.TextView: miles (61)
D/umd.troyd( 2052): android.widget.TextView:  (62)
D/umd.troyd( 2052): android.widget.ImageView@40590dc8: 2131558517 (63)
D/umd.troyd( 2052): android.widget.LinearLayout@405d6868: -1 (64)
D/umd.troyd( 2052): android.widget.RelativeLayout@40592190: -1 (65)
D/umd.troyd( 2052): android.widget.RelativeLayout@406201a0: -1 (66)
D/umd.troyd( 2052): android.widget.TextView: Walmart Store (67)
D/umd.troyd( 2052): android.widget.TextView: 3300 Crain Hwy (68)
D/umd.troyd( 2052): android.widget.TextView: Bowie, MD 20716 (69)
D/umd.troyd( 2052): android.widget.RelativeLayout@4065d4c8: -1 (70)
D/umd.troyd( 2052): android.widget.LinearLayout@407848e8: 2131558801 (71)
D/umd.troyd( 2052): android.widget.TextView: 20.25 (72)
D/umd.troyd( 2052): android.widget.TextView: miles (73)
D/umd.troyd( 2052): android.widget.TextView:  (74)
D/umd.troyd( 2052): android.widget.ImageView@4075ac50: 2131558517 (75)
D/umd.troyd( 2052): android.widget.LinearLayout@4077eee8: -1 (76)
D/umd.troyd( 2052): android.widget.RelativeLayout@4067a3b0: -1 (77)
D/umd.troyd( 2052): android.widget.RelativeLayout@405924a0: -1 (78)
D/umd.troyd( 2052): android.widget.TextView: Walmart Store (79)
D/umd.troyd( 2052): android.widget.TextView: 6210 Annapolis Rd (80)
D/umd.troyd( 2052): android.widget.TextView: Landover Hills, MD 20784 (81)
D/umd.troyd( 2052): android.widget.RelativeLayout@405dd628: -1 (82)
D/umd.troyd( 2052): android.widget.LinearLayout@405deba0: 2131558801 (83)
D/umd.troyd( 2052): android.widget.TextView: 21.25 (84)
D/umd.troyd( 2052): android.widget.TextView: miles (85)
D/umd.troyd( 2052): android.widget.TextView:  (86)
D/umd.troyd( 2052): android.widget.ImageView@405dfc98: 2131558517 (87)
D/umd.troyd( 2052): android.widget.RelativeLayout@406d4650: 2131558541 (88)
D/umd.troyd( 2052): android.widget.GridView@406d51c8: 2131558824 (89)
D/umd.troyd( 2052): android.widget.LinearLayout@406d6348: 2131558538 (90)
D/umd.troyd( 2052): android.widget.RelativeLayout@406d6d40: 2131558818 (91)
D/umd.troyd( 2052): android.widget.ImageButton@406d7690: 2131558819 (92)
D/umd.troyd( 2052): android.widget.RelativeLayout@406d7ba8: -1 (93)
D/umd.troyd( 2052): android.widget.ImageView@406d7f98: 2131558820 (94)
D/umd.troyd( 2052): android.widget.TextView: Stores (95)
D/umd.troyd( 2052): android.widget.RelativeLayout@406d8ea0: -1 (96)
D/umd.troyd( 2052): android.widget.Button:  (97)
D/umd.troyd( 2052): android.widget.ImageView@406d9a10: 2131558823 (98)
D/umd.troyd( 2052): android.widget.LinearLayout@406d9ca0: 2131558542 (99)
D/umd.troyd( 2052): got command getViews
D/umd.troyd( 2052): android.widget.FrameLayout@406d1158: 16908290 (0)
D/umd.troyd( 2052): android.widget.RelativeLayout@406d1b98: 2131558603 (1)
D/umd.troyd( 2052): android.widget.LinearLayout@406d1fd0: -1 (2)
D/umd.troyd( 2052): com.walmart.android.ui.ViewStackLayout@406d2520: 2131558797 (3)
D/umd.troyd( 2052): android.widget.RelativeLayout@40722470: -1 (4)
D/umd.troyd( 2052): android.widget.RelativeLayout@407229c0: 2131558790 (5)
D/umd.troyd( 2052): android.widget.LinearLayout@40723540: 2131558790 (6)
D/umd.troyd( 2052): android.widget.RelativeLayout@40723d20: -1 (7)
D/umd.troyd( 2052): android.widget.Button:  (8)
D/umd.troyd( 2052): android.widget.TextView: Search a location (9)
D/umd.troyd( 2052): android.widget.Button:  (10)
D/umd.troyd( 2052): android.widget.Button:  (11)
D/umd.troyd( 2052): android.widget.Button:  (12)
D/umd.troyd( 2052): android.widget.RelativeLayout@407285d8: 2131558791 (13)
D/umd.troyd( 2052): com.walmart.android.storelocator.StoreMapView@40729870: 2131558792 (14)
D/umd.troyd( 2052): android.widget.ListView@40750c20: 2131558521 (15)
D/umd.troyd( 2052): android.widget.LinearLayout@4077eee8: -1 (16)
D/umd.troyd( 2052): android.widget.RelativeLayout@4067a3b0: -1 (17)
D/umd.troyd( 2052): android.widget.RelativeLayout@405924a0: -1 (18)
D/umd.troyd( 2052): android.widget.TextView: Walmart Store (19)
D/umd.troyd( 2052): android.widget.TextView: 6210 Annapolis Rd (20)
D/umd.troyd( 2052): android.widget.TextView: Landover Hills, MD 20784 (21)
D/umd.troyd( 2052): android.widget.RelativeLayout@405dd628: -1 (22)
D/umd.troyd( 2052): android.widget.LinearLayout@405deba0: 2131558801 (23)
D/umd.troyd( 2052): android.widget.TextView: 21.25 (24)
D/umd.troyd( 2052): android.widget.TextView: miles (25)
D/umd.troyd( 2052): android.widget.TextView:  (26)
D/umd.troyd( 2052): android.widget.ImageView@405dfc98: 2131558517 (27)
D/umd.troyd( 2052): android.widget.LinearLayout@406ae188: -1 (28)
D/umd.troyd( 2052): android.widget.RelativeLayout@406c3048: -1 (29)
D/umd.troyd( 2052): android.widget.RelativeLayout@406caf68: -1 (30)
D/umd.troyd( 2052): android.widget.TextView: Walmart Supercenter (31)
D/umd.troyd( 2052): android.widget.TextView: 303 Fallston Blvd (32)
D/umd.troyd( 2052): android.widget.TextView: Fallston, MD 21047 (33)
D/umd.troyd( 2052): android.widget.RelativeLayout@40748330: -1 (34)
D/umd.troyd( 2052): android.widget.LinearLayout@4065b118: 2131558801 (35)
D/umd.troyd( 2052): android.widget.TextView: 21.46 (36)
D/umd.troyd( 2052): android.widget.TextView: miles (37)
D/umd.troyd( 2052): android.widget.TextView:  (38)
D/umd.troyd( 2052): android.widget.ImageView@4067a868: 2131558517 (39)
D/umd.troyd( 2052): android.widget.LinearLayout@4068c618: -1 (40)
D/umd.troyd( 2052): android.widget.RelativeLayout@4068ecd8: -1 (41)
D/umd.troyd( 2052): android.widget.RelativeLayout@4068ee30: -1 (42)
D/umd.troyd( 2052): android.widget.TextView: Walmart Store (43)
D/umd.troyd( 2052): android.widget.TextView: 280 Woodward Rd (44)
D/umd.troyd( 2052): android.widget.TextView: Westminster, MD 21157 (45)
D/umd.troyd( 2052): android.widget.RelativeLayout@40713400: -1 (46)
D/umd.troyd( 2052): android.widget.LinearLayout@40595518: 2131558801 (47)
D/umd.troyd( 2052): android.widget.TextView: 21.64 (48)
D/umd.troyd( 2052): android.widget.TextView: miles (49)
D/umd.troyd( 2052): android.widget.TextView:  (50)
D/umd.troyd( 2052): android.widget.ImageView@405616d8: 2131558517 (51)
D/umd.troyd( 2052): android.widget.LinearLayout@40561828: -1 (52)
D/umd.troyd( 2052): android.widget.RelativeLayout@40782660: -1 (53)
D/umd.troyd( 2052): android.widget.RelativeLayout@407827b8: -1 (54)
D/umd.troyd( 2052): android.widget.TextView: Walmart Supercenter (55)
D/umd.troyd( 2052): android.widget.TextView: 2320 No. Hanover Pike (56)
D/umd.troyd( 2052): android.widget.TextView: Hampstead, MD 21074 (57)
D/umd.troyd( 2052): android.widget.RelativeLayout@405d0b90: -1 (58)
D/umd.troyd( 2052): android.widget.LinearLayout@405d0ce8: 2131558801 (59)
D/umd.troyd( 2052): android.widget.TextView: 22.46 (60)
D/umd.troyd( 2052): android.widget.TextView: miles (61)
D/umd.troyd( 2052): android.widget.TextView:  (62)
D/umd.troyd( 2052): android.widget.ImageView@4061d030: 2131558517 (63)
D/umd.troyd( 2052): android.widget.LinearLayout@4069f710: -1 (64)
D/umd.troyd( 2052): android.widget.RelativeLayout@4069f860: -1 (65)
D/umd.troyd( 2052): android.widget.RelativeLayout@4069fb78: -1 (66)
D/umd.troyd( 2052): android.widget.TextView: Walmart Store (67)
D/umd.troyd( 2052): android.widget.TextView: 401 Constant Friendship Blvd (68)
D/umd.troyd( 2052): android.widget.TextView: Abingdon, MD 21009 (69)
D/umd.troyd( 2052): android.widget.RelativeLayout@40712430: -1 (70)
D/umd.troyd( 2052): android.widget.LinearLayout@407127b0: 2131558801 (71)
D/umd.troyd( 2052): android.widget.TextView: 23.01 (72)
D/umd.troyd( 2052): android.widget.TextView: miles (73)
D/umd.troyd( 2052): android.widget.TextView:  (74)
D/umd.troyd( 2052): android.widget.ImageView@40768620: 2131558517 (75)
D/umd.troyd( 2052): android.widget.LinearLayout@40664cd8: -1 (76)
D/umd.troyd( 2052): android.widget.RelativeLayout@40664ec8: -1 (77)
D/umd.troyd( 2052): android.widget.RelativeLayout@406651e0: -1 (78)
D/umd.troyd( 2052): android.widget.TextView: Walmart Store (79)
D/umd.troyd( 2052): android.widget.TextView: 20910 Frederick Rd (80)
D/umd.troyd( 2052): android.widget.TextView: Germantown, MD 20876 (81)
D/umd.troyd( 2052): android.widget.RelativeLayout@40777b58: -1 (82)
D/umd.troyd( 2052): android.widget.LinearLayout@40777eb8: 2131558801 (83)
D/umd.troyd( 2052): android.widget.TextView: 23.89 (84)
D/umd.troyd( 2052): android.widget.TextView: miles (85)
D/umd.troyd( 2052): android.widget.TextView:  (86)
D/umd.troyd( 2052): android.widget.ImageView@407480a0: 2131558517 (87)
D/umd.troyd( 2052): android.widget.RelativeLayout@406d4650: 2131558541 (88)
D/umd.troyd( 2052): android.widget.GridView@406d51c8: 2131558824 (89)
D/umd.troyd( 2052): android.widget.LinearLayout@406d6348: 2131558538 (90)
D/umd.troyd( 2052): android.widget.RelativeLayout@406d6d40: 2131558818 (91)
D/umd.troyd( 2052): android.widget.ImageButton@406d7690: 2131558819 (92)
D/umd.troyd( 2052): android.widget.RelativeLayout@406d7ba8: -1 (93)
D/umd.troyd( 2052): android.widget.ImageView@406d7f98: 2131558820 (94)
D/umd.troyd( 2052): android.widget.TextView: Stores (95)
D/umd.troyd( 2052): android.widget.RelativeLayout@406d8ea0: -1 (96)
D/umd.troyd( 2052): android.widget.Button:  (97)
D/umd.troyd( 2052): android.widget.ImageView@406d9a10: 2131558823 (98)
D/umd.troyd( 2052): android.widget.LinearLayout@406d9ca0: 2131558542 (99)
