android.widget.LinearLayout@4059f4b0
android.widget.FrameLayout@405fe240
android.widget.TextView: Hospitals Near Me FREE
android.widget.FrameLayout@40618d00
android.widget.LinearLayout@405328c0
android.widget.ListView@40528528
android.widget.LinearLayout@405f4098
android.widget.ImageView@405f44d8
android.widget.TextView: 3.3 mi
android.widget.TableLayout@40569760
android.widget.TableRow@405eca08
android.widget.TextView: Group Health Eastside Hospital
android.widget.TableRow@405523c0
android.widget.TextView: Address , City
android.widget.TableRow@405adf68
android.widget.TextView: Phone Number
android.widget.LinearLayout@405d71b0
android.widget.ImageView@405d73c8
android.widget.TextView: 3.7 mi
android.widget.TableLayout@405e1a68
android.widget.TableRow@405e1f40
android.widget.TextView: Evergreen Healthcare
android.widget.TableRow@4058d730
android.widget.TextView: Address , City
android.widget.TableRow@40552920
android.widget.TextView: Phone Number
android.widget.LinearLayout@405717b8
android.widget.ImageView@40571908
android.widget.TextView: 4.7 mi
android.widget.TableLayout@40571f68
android.widget.TableRow@40550d40
android.widget.TextView: Careunit Hospital of Kirkland
android.widget.TableRow@40551560
android.widget.TextView: Address , City
android.widget.TableRow@405585b8
android.widget.TextView: Phone Number
android.widget.LinearLayout@4058e770
android.widget.ImageView@4058e8e8
android.widget.TextView: 4.8 mi
android.widget.TableLayout@4058efb8
android.widget.TableRow@40568120
android.widget.TextView: Fairfax Hospital
android.widget.TableRow@40568930
android.widget.TextView: Address , City
android.widget.TableRow@40511078
android.widget.TextView: Phone Number
android.widget.LinearLayout@4056a3e8
android.widget.ImageView@4056a600
android.widget.TextView: 5.1 mi
android.widget.TableLayout@40624e88
android.widget.TableRow@40625360
android.widget.TextView: Overlake Hospital Medical Center
android.widget.TableRow@405e6ee8
android.widget.TextView: Address , City
android.widget.TableRow@405e7600
android.widget.TextView: Phone Number
android.widget.LinearLayout@405a92c8
android.widget.ImageView@405a94e0
android.widget.TextView: 7.7 mi
android.widget.TableLayout@40625d88
android.widget.TableRow@40626260
android.widget.TextView: Children's Hospital and Regional Medical Center
android.widget.TableRow@40626a80
android.widget.TextView: Address , City
android.widget.TableRow@405168a0
android.widget.TextView: Phone Number
android.widget.TextView: Loading data
android.widget.LinearLayout@4059f4b0
android.widget.FrameLayout@405fe240
android.widget.TextView: Hospitals Near Me FREE
android.widget.FrameLayout@40618d00
android.widget.LinearLayout@405328c0
android.widget.ListView@40528528
android.widget.LinearLayout@405a92c8
android.widget.ImageView@405a94e0
android.widget.TextView: 7.7 mi
android.widget.TableLayout@40625d88
android.widget.TableRow@40626260
android.widget.TextView: Children's Hospital and Regional Medical Center
android.widget.TableRow@40626a80
android.widget.TextView: Address , City
android.widget.TableRow@405168a0
android.widget.TextView: Phone Number
android.widget.LinearLayout@405eb7d8
android.widget.ImageView@405eb9f0
android.widget.TextView: 7.9 mi
android.widget.TableLayout@405f4978
android.widget.TableRow@405f4dd0
android.widget.TextView: Firlawns Sanitarium
android.widget.TableRow@405f55f0
android.widget.TextView: Address , City
android.widget.TableRow@405f5e10
android.widget.TextView: Phone Number
android.widget.LinearLayout@405db968
android.widget.ImageView@405dbb80
android.widget.TextView: 8.9 mi
android.widget.TableLayout@405dc250
android.widget.TableRow@405dc728
android.widget.TextView: University Student Health Service
android.widget.TableRow@405dcf48
android.widget.TextView: Address , City
android.widget.TableRow@405e8050
android.widget.TextView: Phone Number
android.widget.LinearLayout@405e9020
android.widget.ImageView@405e9238
android.widget.TextView: 9.5 mi
android.widget.TableLayout@405e9908
android.widget.TableRow@405e9de0
android.widget.TextView: Kindred Hospital Seattle
android.widget.TableRow@406280c8
android.widget.TextView: Address , City
android.widget.TableRow@406288e8
android.widget.TextView: Phone Number
android.widget.LinearLayout@40629928
android.widget.ImageView@40629b40
android.widget.TextView: 9.6 mi
android.widget.TableLayout@405a9f28
android.widget.TableRow@405aa400
android.widget.TextView: Firland Hospital
android.widget.TableRow@405aac20
android.widget.TextView: Address , City
android.widget.TableRow@405ab440
android.widget.TextView: Phone Number
android.widget.LinearLayout@405b73b0
android.widget.ImageView@405b7590
android.widget.TextView: 9.8 mi
android.widget.TableLayout@405b7c60
android.widget.TableRow@405b8138
android.widget.TextView: Group Health Central Hospital
android.widget.TableRow@405b8958
android.widget.TextView: Address , City
android.widget.TableRow@405b9178
android.widget.TextView: Phone Number
android.widget.TextView: Loading data
