android.widget.LinearLayout@405751f8
android.widget.FrameLayout@405759e0
android.widget.TextView: Restaurant Finder
android.widget.FrameLayout@405769c8
android.widget.RelativeLayout@40576e80
android.widget.TextView: Loading my location...
android.widget.TextView: No contents.
android.widget.LinearLayout@40577d70
com.google.ads.AdView@4057a0c8
g@4057c558
android.widget.ListView@40578040
android.widget.LinearLayout@4062cc00
android.widget.LinearLayout@405f3598
android.widget.TextView: Breezy Point Snack Shop
android.widget.LinearLayout@405f3b60
android.widget.TextView: (718) 318-3445
android.widget.TextView: 5.06 Km
android.widget.TextView: 20220 Rockaway Point Blvd Far Rockaway, NY
android.widget.LinearLayout@4062aeb8
android.widget.LinearLayout@4062b078
android.widget.TextView: Kennedy's Restaurant
android.widget.LinearLayout@4062b730
android.widget.TextView: (718) 945-0202
android.widget.TextView: 6.54 Km
android.widget.TextView: 406 Bayside Rockaway Point, NY
android.widget.LinearLayout@4067f508
android.widget.LinearLayout@4067f720
android.widget.TextView: Bayhouse
android.widget.LinearLayout@4067fdd8
android.widget.TextView: (718) 318-9660
android.widget.TextView: 7.22 Km
android.widget.TextView: 500 Bayside Drive Brezzy Point, NY
android.widget.LinearLayout@4067b740
android.widget.LinearLayout@4067b958
android.widget.TextView: Tatiana
android.widget.LinearLayout@4067c010
android.widget.TextView: (718) 891-5151
android.widget.TextView: 7.42 Km
android.widget.TextView: 3152 Brighton 6th Street Brooklyn, NY
android.widget.LinearLayout@4050d490
android.widget.LinearLayout@4050d6a8
android.widget.TextView: Tatiana Cafe
android.widget.LinearLayout@4050dd60
android.widget.TextView: (718) 646-7630
android.widget.TextView: 7.46 Km
android.widget.TextView: 3145 Brighton 4th Street Brooklyn, NY
android.widget.LinearLayout@4050ad70
android.widget.LinearLayout@4050af88
android.widget.TextView: Ruby's Bar & Grill
android.widget.LinearLayout@4050b640
android.widget.TextView: (718) 975-7829
android.widget.TextView: 7.48 Km
android.widget.TextView: 1213 Boardwalk West New York, NY
android.widget.LinearLayout@405751f8
android.widget.FrameLayout@405759e0
android.widget.TextView: Restaurant Finder
android.widget.FrameLayout@405769c8
android.widget.RelativeLayout@40576e80
android.widget.TextView: Loading my location...
android.widget.TextView: No contents.
android.widget.LinearLayout@40577d70
com.google.ads.AdView@4057a0c8
g@4057c558
android.widget.ListView@40578040
android.widget.LinearLayout@4050ad70
android.widget.LinearLayout@4050af88
android.widget.TextView: Ruby's Bar & Grill
android.widget.LinearLayout@4050b640
android.widget.TextView: (718) 975-7829
android.widget.TextView: 7.48 Km
android.widget.TextView: 1213 Boardwalk West New York, NY
android.widget.LinearLayout@405e72f8
android.widget.LinearLayout@405e7510
android.widget.TextView: New York Aquarium
android.widget.LinearLayout@405e7bc8
android.widget.TextView: (718) 265-3474
android.widget.TextView: 7.49 Km
android.widget.TextView: 602 Surf Avenue New York, NY
android.widget.LinearLayout@405f86f0
android.widget.LinearLayout@405f8908
android.widget.TextView: Pauls Daughter
android.widget.LinearLayout@405f8fc0
android.widget.TextView: (718) 449-4252
android.widget.TextView: 7.49 Km
android.widget.TextView: 1001 Boardwalk West New York, NY
android.widget.LinearLayout@405fa490
android.widget.LinearLayout@405fa6a8
android.widget.TextView: Deno's Wonder Wheel Amusement Park
android.widget.LinearLayout@405fad60
android.widget.TextView: (718) 372-2592
android.widget.TextView: 7.57 Km
android.widget.TextView: 3059 Denos Vourderis Place Brooklyn, NY
android.widget.LinearLayout@405fc5c0
android.widget.LinearLayout@405fc7d8
android.widget.TextView: Riviera Grill & Sushi Restaurant
android.widget.LinearLayout@405fce90
android.widget.TextView: (718) 333-0003
android.widget.TextView: 7.59 Km
android.widget.TextView: 3100 Ocean Parkway Brooklyn, NY
android.widget.LinearLayout@405751f8
android.widget.FrameLayout@405759e0
android.widget.TextView: Restaurant Finder
android.widget.FrameLayout@405769c8
android.widget.RelativeLayout@40576e80
android.widget.TextView: Loading my location...
android.widget.TextView: No contents.
android.widget.LinearLayout@40577d70
com.google.ads.AdView@4057a0c8
g@4057c558
android.widget.ListView@40578040
android.widget.LinearLayout@405fc5c0
android.widget.LinearLayout@405fc7d8
android.widget.TextView: Riviera Grill & Sushi Restaurant
android.widget.LinearLayout@405fce90
android.widget.TextView: (718) 333-0003
android.widget.TextView: 7.59 Km
android.widget.TextView: 3100 Ocean Parkway Brooklyn, NY
android.widget.LinearLayout@4062cc00
android.widget.LinearLayout@405f3598
android.widget.TextView: Anyway Cafe
android.widget.LinearLayout@405f3b60
android.widget.TextView: (718) 648-3906
android.widget.TextView: 7.63 Km
android.widget.TextView: 111 Oriental Boulevard Brooklyn, NY
android.widget.LinearLayout@4062aeb8
android.widget.LinearLayout@4062b078
android.widget.TextView: Primorski Restaurant
android.widget.LinearLayout@4062b730
android.widget.TextView: (718) 891-3111
android.widget.TextView: 7.64 Km
android.widget.TextView: 282 Brighton Beach Avenue Brooklyn, NY
android.widget.LinearLayout@4067f508
android.widget.LinearLayout@4067f720
android.widget.TextView: Brighton Beach Residence
android.widget.LinearLayout@4067fdd8
android.widget.TextView: (347) 551-0480
android.widget.TextView: 7.65 Km
android.widget.TextView: 3087 Brighton 5th Street New York, NY
android.widget.LinearLayout@4067b740
android.widget.LinearLayout@4067b958
android.widget.TextView: National
android.widget.LinearLayout@4067c010
android.widget.TextView: (718) 646-1225
android.widget.TextView: 7.67 Km
android.widget.TextView: 273 Brighton Beach Avenue Brooklyn, NY
android.widget.LinearLayout@4050d490
android.widget.LinearLayout@4050d6a8
android.widget.TextView: Cafe Kashkar
android.widget.LinearLayout@4050dd60
android.widget.TextView: (718) 743-3832
android.widget.TextView: 7.69 Km
android.widget.TextView: 1141 Brighton Beach Avenue Brooklyn, NY
android.widget.LinearLayout@405751f8
android.widget.FrameLayout@405759e0
android.widget.TextView: Restaurant Finder
android.widget.FrameLayout@405769c8
android.widget.RelativeLayout@40576e80
android.widget.TextView: Loading my location...
android.widget.TextView: No contents.
android.widget.LinearLayout@40577d70
com.google.ads.AdView@4057a0c8
g@4057c558
android.widget.ListView@40578040
android.widget.LinearLayout@4050d490
android.widget.LinearLayout@4050d6a8
android.widget.TextView: Cafe Kashkar
android.widget.LinearLayout@4050dd60
android.widget.TextView: (718) 743-3832
android.widget.TextView: 7.69 Km
android.widget.TextView: 1141 Brighton Beach Avenue Brooklyn, NY
android.widget.LinearLayout@4050ad70
android.widget.LinearLayout@4050af88
android.widget.TextView: Starbucks
android.widget.LinearLayout@4050b640
android.widget.TextView: (718) 934-3211
android.widget.TextView: 7.73 Km
android.widget.TextView: 607 Brighton Beach Avenue New York, NY
android.widget.LinearLayout@405e72f8
android.widget.LinearLayout@405e7510
android.widget.TextView: Nathan's Famous
android.widget.LinearLayout@405e7bc8
android.widget.TextView: (718) 946-2705
android.widget.TextView: 7.76 Km
android.widget.TextView: 1310 Surf Avenue Brooklyn, NY
android.widget.LinearLayout@405f86f0
android.widget.LinearLayout@405f8908
android.widget.TextView: Coney Island Arcade
android.widget.LinearLayout@405f8fc0
android.widget.TextView: (718) 372-8811
android.widget.TextView: 7.76 Km
android.widget.TextView: 3019 West 12th Street Brooklyn, NY
android.widget.LinearLayout@405fa490
android.widget.LinearLayout@405fa6a8
android.widget.TextView: Kebeer Draft Bar & Grill
android.widget.LinearLayout@405fad60
android.widget.TextView: (718) 934-9005
android.widget.TextView: 7.76 Km
android.widget.TextView: 1003 Brighton Beach Avenue Brooklyn, NY
android.widget.LinearLayout@40614ae8
android.widget.LinearLayout@40614d00
android.widget.TextView: Coney Island Surf & Turf Grill
android.widget.LinearLayout@406153b8
android.widget.TextView: (718) 513-6490
android.widget.TextView: 7.81 Km
android.widget.TextView: 1315 Surf Avenue Brooklyn, NY
android.widget.LinearLayout@405751f8
android.widget.FrameLayout@405759e0
android.widget.TextView: Restaurant Finder
android.widget.FrameLayout@405769c8
android.widget.RelativeLayout@40576e80
android.widget.TextView: Loading my location...
android.widget.TextView: No contents.
android.widget.LinearLayout@40577d70
com.google.ads.AdView@4057a0c8
g@4057c558
android.widget.ListView@40578040
android.widget.LinearLayout@40614ae8
android.widget.LinearLayout@40614d00
android.widget.TextView: Coney Island Surf & Turf Grill
android.widget.LinearLayout@406153b8
android.widget.TextView: (718) 513-6490
android.widget.TextView: 7.81 Km
android.widget.TextView: 1315 Surf Avenue Brooklyn, NY
android.widget.LinearLayout@405fc5c0
android.widget.LinearLayout@405fc7d8
android.widget.TextView: Footprints Cafe
android.widget.LinearLayout@405fce90
android.widget.TextView: (718) 265-2530
android.widget.TextView: 7.83 Km
android.widget.TextView: 1521 Surf Avenue Brooklyn, NY
android.widget.LinearLayout@4062cc00
android.widget.LinearLayout@405f3598
android.widget.TextView: Cafe Glechik
android.widget.LinearLayout@405f3b60
android.widget.TextView: (718) 616-0766
android.widget.TextView: 7.85 Km
android.widget.TextView: 3159 Coney Island Avenue Brooklyn, NY
android.widget.LinearLayout@4062aeb8
android.widget.LinearLayout@4062b078
android.widget.TextView: Gargiulo's Restaurant
android.widget.LinearLayout@4062b730
android.widget.TextView: (718) 266-4891
android.widget.TextView: 7.91 Km
android.widget.TextView: 2911 West 15th Street Brooklyn, NY
android.widget.LinearLayout@4067f508
android.widget.LinearLayout@4067f720
android.widget.TextView: Subway
android.widget.LinearLayout@4067fdd8
android.widget.TextView: (718) 673-5290
android.widget.TextView: 7.99 Km
android.widget.TextView: 2915 Stillwell Avenue #1 Brooklyn, NY
android.widget.LinearLayout@4067b740
android.widget.LinearLayout@4067b958
android.widget.TextView: Totonno's Pizzeria Napolitano
android.widget.LinearLayout@4067c010
android.widget.TextView: (718) 372-8606
android.widget.TextView: 8.2 Km
android.widget.TextView: 1524 Neptune Avenue Brooklyn, NY
android.widget.LinearLayout@405751f8
android.widget.FrameLayout@405759e0
android.widget.TextView: Restaurant Finder
android.widget.FrameLayout@405769c8
android.widget.RelativeLayout@40576e80
android.widget.TextView: Loading my location...
android.widget.TextView: No contents.
android.widget.LinearLayout@40577d70
com.google.ads.AdView@4057a0c8
g@4057c558
android.widget.ListView@40578040
android.widget.LinearLayout@4067b740
android.widget.LinearLayout@4067b958
android.widget.TextView: Totonno's Pizzeria Napolitano
android.widget.LinearLayout@4067c010
android.widget.TextView: (718) 372-8606
android.widget.TextView: 8.2 Km
android.widget.TextView: 1524 Neptune Avenue Brooklyn, NY
android.widget.LinearLayout@4050d490
android.widget.LinearLayout@4050d6a8
android.widget.TextView: Coney Island Gyro
android.widget.LinearLayout@4050dd60
android.widget.TextView: (718) 676-1902
android.widget.TextView: 8.25 Km
android.widget.TextView: 1621 Neptune Avenue Brooklyn, NY
android.widget.LinearLayout@4050ad70
android.widget.LinearLayout@4050af88
android.widget.TextView: 1000 Nights
android.widget.LinearLayout@4050b640
android.widget.TextView: (718) 646-1001
android.widget.TextView: 8.3 Km
android.widget.TextView: 35 Neptune Ave Brooklyn, NY
android.widget.LinearLayout@405e72f8
android.widget.LinearLayout@405e7510
android.widget.TextView: Randazzo's Clam Bar
android.widget.LinearLayout@405e7bc8
android.widget.TextView: (718) 615-0010
android.widget.TextView: 8.4 Km
android.widget.TextView: 2017 Emmons Avenue Brooklyn, NY
android.widget.LinearLayout@405f86f0
android.widget.LinearLayout@405f8908
android.widget.TextView: Baku Palace Restaurant
android.widget.LinearLayout@405f8fc0
android.widget.TextView: (718) 615-4700
android.widget.TextView: 8.42 Km
android.widget.TextView: 2001 Emmons Avenue Brooklyn, NY
android.widget.LinearLayout@405fa490
android.widget.LinearLayout@405fa6a8
android.widget.TextView: Liman Restaurant
android.widget.LinearLayout@405fad60
android.widget.TextView: (718) 769-3322
android.widget.TextView: 8.44 Km
android.widget.TextView: 2710 Emmons Avenue Brooklyn, NY
android.widget.LinearLayout@405751f8
android.widget.FrameLayout@405759e0
android.widget.TextView: Restaurant Finder
android.widget.FrameLayout@405769c8
android.widget.RelativeLayout@40576e80
android.widget.TextView: Loading my location...
android.widget.TextView: No contents.
android.widget.LinearLayout@40577d70
com.google.ads.AdView@4057a0c8
g@4057c558
android.widget.ListView@40578040
android.widget.LinearLayout@405fa490
android.widget.LinearLayout@405fa6a8
android.widget.TextView: Liman Restaurant
android.widget.LinearLayout@405fad60
android.widget.TextView: (718) 769-3322
android.widget.TextView: 8.44 Km
android.widget.TextView: 2710 Emmons Avenue Brooklyn, NY
android.widget.LinearLayout@40614ae8
android.widget.LinearLayout@40614d00
android.widget.TextView: II Fornetto
android.widget.LinearLayout@406153b8
android.widget.TextView: (718) 332-8494
android.widget.TextView: 8.46 Km
android.widget.TextView: 2902 Emmons Avenue Brooklyn, NY
android.widget.LinearLayout@405fc5c0
android.widget.LinearLayout@405fc7d8
android.widget.TextView: Roll-N-Roaster
android.widget.LinearLayout@405fce90
android.widget.TextView: (718) 769-6000
android.widget.TextView: 8.51 Km
android.widget.TextView: 2901 Emmons Avenue Brooklyn, NY
android.widget.LinearLayout@4062cc00
android.widget.LinearLayout@405f3598
android.widget.TextView: Clemente's Maryland Crabhouse
android.widget.LinearLayout@405f3b60
android.widget.TextView: (718) 646-7373
android.widget.TextView: 8.85 Km
android.widget.TextView: 3939 Emmons Avenue New York, NY
android.widget.LinearLayout@4062aeb8
android.widget.LinearLayout@4062b078
android.widget.TextView: Sea Gulls' Nest
android.widget.LinearLayout@4062b730
android.widget.TextView: (732) 872-0025
android.widget.TextView: 9.67 Km
android.widget.TextView: 100 Hartshorne Drive Highlands, NJ
android.widget.LinearLayout@4067f508
android.widget.LinearLayout@4067f720
android.widget.TextView: L & B Spumoni Gardens
android.widget.LinearLayout@4067fdd8
android.widget.TextView: (718) 449-1230
android.widget.TextView: 9.84 Km
android.widget.TextView: 2725 86th Street Brooklyn, NY
android.widget.LinearLayout@405751f8
android.widget.FrameLayout@405759e0
android.widget.TextView: Restaurant Finder
android.widget.FrameLayout@405769c8
android.widget.RelativeLayout@40576e80
android.widget.TextView: Loading my location...
android.widget.TextView: No contents.
android.widget.LinearLayout@40577d70
com.google.ads.AdView@4057a0c8
g@4057c558
android.widget.ListView@40578040
android.widget.LinearLayout@4067f508
android.widget.LinearLayout@4067f720
android.widget.TextView: L & B Spumoni Gardens
android.widget.LinearLayout@4067fdd8
android.widget.TextView: (718) 449-1230
android.widget.TextView: 9.84 Km
android.widget.TextView: 2725 86th Street Brooklyn, NY
android.widget.LinearLayout@4067b740
android.widget.LinearLayout@4067b958
android.widget.TextView: The Vanderbilt at South Beach
android.widget.LinearLayout@4067c010
android.widget.TextView: (718) 447-0800
android.widget.TextView: 13.04 Km
android.widget.TextView: 300 Father Capodanno Boulevard Staten Island, NY
android.widget.LinearLayout@4050d490
android.widget.LinearLayout@4050d6a8
android.widget.TextView: South Fin Grill
android.widget.LinearLayout@4050dd60
android.widget.TextView: (718) 447-7679
android.widget.TextView: 13.09 Km
android.widget.TextView: 300 Father Capodanno Boulevard Staten Island, NY
android.widget.LinearLayout@4050ad70
android.widget.LinearLayout@4050af88
android.widget.TextView: Chinar On the Island
android.widget.LinearLayout@4050b640
android.widget.TextView: (718) 390-5305
android.widget.TextView: 13.39 Km
android.widget.TextView: 283 Sand Lane Staten Island, NY
android.widget.LinearLayout@405e72f8
android.widget.LinearLayout@405e7510
android.widget.TextView: Basilio Inn Restaurant
android.widget.LinearLayout@405e7bc8
android.widget.TextView: (718) 447-9292
android.widget.TextView: 13.5 Km
android.widget.TextView: 6 Galesville Court Staten Island, NY
