emulator-5566
D/umd.troyd( 6960): got command getViews
D/umd.troyd( 6960): android.widget.FrameLayout@406d24a8: 16908290 (0)
D/umd.troyd( 6960): android.widget.RelativeLayout@4071b348: 2131558603 (1)
D/umd.troyd( 6960): android.widget.LinearLayout@4071b780: -1 (2)
D/umd.troyd( 6960): com.walmart.android.ui.ViewStackLayout@4071bcd0: 2131558797 (3)
D/umd.troyd( 6960): android.widget.RelativeLayout@4072c990: -1 (4)
D/umd.troyd( 6960): android.widget.RelativeLayout@4072cef8: 2131558790 (5)
D/umd.troyd( 6960): android.widget.LinearLayout@4072da78: 2131558790 (6)
D/umd.troyd( 6960): android.widget.RelativeLayout@4072e258: -1 (7)
D/umd.troyd( 6960): android.widget.Button:  (8)
D/umd.troyd( 6960): android.widget.TextView: Search a location (9)
D/umd.troyd( 6960): android.widget.Button:  (10)
D/umd.troyd( 6960): android.widget.Button:  (11)
D/umd.troyd( 6960): android.widget.Button:  (12)
D/umd.troyd( 6960): android.widget.RelativeLayout@40732b10: 2131558791 (13)
D/umd.troyd( 6960): com.walmart.android.storelocator.StoreMapView@40733da8: 2131558792 (14)
D/umd.troyd( 6960): android.widget.ListView@40780ae8: 2131558521 (15)
D/umd.troyd( 6960): android.widget.LinearLayout@4074dfc8: -1 (16)
D/umd.troyd( 6960): android.widget.RelativeLayout@4074e118: -1 (17)
D/umd.troyd( 6960): android.widget.RelativeLayout@4054b240: -1 (18)
D/umd.troyd( 6960): android.widget.TextView: Walmart Supercenter (19)
D/umd.troyd( 6960): android.widget.TextView: 800 S Us Hwy 81/287 (20)
D/umd.troyd( 6960): android.widget.TextView: Decatur, TX 76234 (21)
D/umd.troyd( 6960): android.widget.RelativeLayout@407a8530: -1 (22)
D/umd.troyd( 6960): android.widget.LinearLayout@407a8688: 2131558801 (23)
D/umd.troyd( 6960): android.widget.TextView: 1.11 (24)
D/umd.troyd( 6960): android.widget.TextView: miles (25)
D/umd.troyd( 6960): android.widget.TextView:  (26)
D/umd.troyd( 6960): android.widget.ImageView@406892e0: 2131558517 (27)
D/umd.troyd( 6960): android.widget.LinearLayout@40776068: -1 (28)
D/umd.troyd( 6960): android.widget.RelativeLayout@407761b8: -1 (29)
D/umd.troyd( 6960): android.widget.RelativeLayout@40776310: -1 (30)
D/umd.troyd( 6960): android.widget.TextView: Walmart Supercenter (31)
D/umd.troyd( 6960): android.widget.TextView: 721 Boyd Rd (32)
D/umd.troyd( 6960): android.widget.TextView: Azle, TX 76020 (33)
D/umd.troyd( 6960): android.widget.RelativeLayout@405c7e20: -1 (34)
D/umd.troyd( 6960): android.widget.LinearLayout@405c7f78: 2131558801 (35)
D/umd.troyd( 6960): android.widget.TextView: 20.96 (36)
D/umd.troyd( 6960): android.widget.TextView: miles (37)
D/umd.troyd( 6960): android.widget.TextView:  (38)
D/umd.troyd( 6960): android.widget.ImageView@4062b290: 2131558517 (39)
D/umd.troyd( 6960): android.widget.LinearLayout@40549d08: -1 (40)
D/umd.troyd( 6960): android.widget.RelativeLayout@40549ef8: -1 (41)
D/umd.troyd( 6960): android.widget.RelativeLayout@4069e4b0: -1 (42)
D/umd.troyd( 6960): android.widget.TextView: Walmart Supercenter (43)
D/umd.troyd( 6960): android.widget.TextView: 2750 W University Dr (44)
D/umd.troyd( 6960): android.widget.TextView: Denton, TX 76201 (45)
D/umd.troyd( 6960): android.widget.RelativeLayout@40608cc8: -1 (46)
D/umd.troyd( 6960): android.widget.LinearLayout@405e4268: 2131558801 (47)
D/umd.troyd( 6960): android.widget.TextView: 21.20 (48)
D/umd.troyd( 6960): android.widget.TextView: miles (49)
D/umd.troyd( 6960): android.widget.TextView:  (50)
D/umd.troyd( 6960): android.widget.ImageView@4061a158: 2131558517 (51)
D/umd.troyd( 6960): android.widget.LinearLayout@4071ee50: -1 (52)
D/umd.troyd( 6960): android.widget.RelativeLayout@4071f040: -1 (53)
D/umd.troyd( 6960): android.widget.RelativeLayout@40720648: -1 (54)
D/umd.troyd( 6960): android.widget.TextView: Walmart Supercenter (55)
D/umd.troyd( 6960): android.widget.TextView: 1341 Highway 287 N (56)
D/umd.troyd( 6960): android.widget.TextView: Bowie, TX 76230 (57)
D/umd.troyd( 6960): android.widget.RelativeLayout@4079a150: -1 (58)
D/umd.troyd( 6960): android.widget.LinearLayout@405f7bb0: 2131558801 (59)
D/umd.troyd( 6960): android.widget.TextView: 21.54 (60)
D/umd.troyd( 6960): android.widget.TextView: miles (61)
D/umd.troyd( 6960): android.widget.TextView:  (62)
D/umd.troyd( 6960): android.widget.ImageView@407a9e90: 2131558517 (63)
D/umd.troyd( 6960): android.widget.LinearLayout@40678a58: -1 (64)
D/umd.troyd( 6960): android.widget.RelativeLayout@40678c48: -1 (65)
D/umd.troyd( 6960): android.widget.RelativeLayout@406783b0: -1 (66)
D/umd.troyd( 6960): android.widget.TextView: Walmart Supercenter (67)
D/umd.troyd( 6960): android.widget.TextView: 1228 North Highway 377 (68)
D/umd.troyd( 6960): android.widget.TextView: Roanoke, TX 76262 (69)
D/umd.troyd( 6960): android.widget.RelativeLayout@4075e380: -1 (70)
D/umd.troyd( 6960): android.widget.LinearLayout@4075e600: 2131558801 (71)
D/umd.troyd( 6960): android.widget.TextView: 23.28 (72)
D/umd.troyd( 6960): android.widget.TextView: miles (73)
D/umd.troyd( 6960): android.widget.TextView:  (74)
D/umd.troyd( 6960): android.widget.ImageView@4076e570: 2131558517 (75)
D/umd.troyd( 6960): android.widget.LinearLayout@406975d0: -1 (76)
D/umd.troyd( 6960): android.widget.RelativeLayout@4066c638: -1 (77)
D/umd.troyd( 6960): android.widget.RelativeLayout@4066c930: -1 (78)
D/umd.troyd( 6960): android.widget.TextView: Walmart Supercenter (79)
D/umd.troyd( 6960): android.widget.TextView: 1401 N Saginaw Blvd (80)
D/umd.troyd( 6960): android.widget.TextView: Saginaw, TX 76179 (81)
D/umd.troyd( 6960): android.widget.RelativeLayout@405df438: -1 (82)
D/umd.troyd( 6960): android.widget.LinearLayout@405df798: 2131558801 (83)
D/umd.troyd( 6960): android.widget.TextView: 24.35 (84)
D/umd.troyd( 6960): android.widget.TextView: miles (85)
D/umd.troyd( 6960): android.widget.TextView:  (86)
D/umd.troyd( 6960): android.widget.ImageView@40618d68: 2131558517 (87)
D/umd.troyd( 6960): android.widget.RelativeLayout@4071de00: 2131558541 (88)
D/umd.troyd( 6960): android.widget.GridView@4071e978: 2131558824 (89)
D/umd.troyd( 6960): android.widget.LinearLayout@4071faf8: 2131558538 (90)
D/umd.troyd( 6960): android.widget.RelativeLayout@407204f0: 2131558818 (91)
D/umd.troyd( 6960): android.widget.ImageButton@40720e40: 2131558819 (92)
D/umd.troyd( 6960): android.widget.RelativeLayout@40721358: -1 (93)
D/umd.troyd( 6960): android.widget.ImageView@40721748: 2131558820 (94)
D/umd.troyd( 6960): android.widget.TextView: Stores (95)
D/umd.troyd( 6960): android.widget.RelativeLayout@40722650: -1 (96)
D/umd.troyd( 6960): android.widget.Button:  (97)
D/umd.troyd( 6960): android.widget.ImageView@407231c0: 2131558823 (98)
D/umd.troyd( 6960): android.widget.LinearLayout@40723450: 2131558542 (99)
D/umd.troyd( 6960): got command getViews
D/umd.troyd( 6960): android.widget.FrameLayout@406d24a8: 16908290 (0)
D/umd.troyd( 6960): android.widget.RelativeLayout@4071b348: 2131558603 (1)
D/umd.troyd( 6960): android.widget.LinearLayout@4071b780: -1 (2)
D/umd.troyd( 6960): com.walmart.android.ui.ViewStackLayout@4071bcd0: 2131558797 (3)
D/umd.troyd( 6960): android.widget.RelativeLayout@4072c990: -1 (4)
D/umd.troyd( 6960): android.widget.RelativeLayout@4072cef8: 2131558790 (5)
D/umd.troyd( 6960): android.widget.LinearLayout@4072da78: 2131558790 (6)
D/umd.troyd( 6960): android.widget.RelativeLayout@4072e258: -1 (7)
D/umd.troyd( 6960): android.widget.Button:  (8)
D/umd.troyd( 6960): android.widget.TextView: Search a location (9)
D/umd.troyd( 6960): android.widget.Button:  (10)
D/umd.troyd( 6960): android.widget.Button:  (11)
D/umd.troyd( 6960): android.widget.Button:  (12)
D/umd.troyd( 6960): android.widget.RelativeLayout@40732b10: 2131558791 (13)
D/umd.troyd( 6960): com.walmart.android.storelocator.StoreMapView@40733da8: 2131558792 (14)
D/umd.troyd( 6960): android.widget.ListView@40780ae8: 2131558521 (15)
D/umd.troyd( 6960): android.widget.LinearLayout@406975d0: -1 (16)
D/umd.troyd( 6960): android.widget.RelativeLayout@4066c638: -1 (17)
D/umd.troyd( 6960): android.widget.RelativeLayout@4066c930: -1 (18)
D/umd.troyd( 6960): android.widget.TextView: Walmart Supercenter (19)
D/umd.troyd( 6960): android.widget.TextView: 1401 N Saginaw Blvd (20)
D/umd.troyd( 6960): android.widget.TextView: Saginaw, TX 76179 (21)
D/umd.troyd( 6960): android.widget.RelativeLayout@405df438: -1 (22)
D/umd.troyd( 6960): android.widget.LinearLayout@405df798: 2131558801 (23)
D/umd.troyd( 6960): android.widget.TextView: 24.35 (24)
D/umd.troyd( 6960): android.widget.TextView: miles (25)
D/umd.troyd( 6960): android.widget.TextView:  (26)
D/umd.troyd( 6960): android.widget.ImageView@40618d68: 2131558517 (27)
D/umd.troyd( 6960): android.widget.LinearLayout@407c9df8: -1 (28)
D/umd.troyd( 6960): android.widget.RelativeLayout@407c9fe8: -1 (29)
D/umd.troyd( 6960): android.widget.RelativeLayout@407ca390: -1 (30)
D/umd.troyd( 6960): android.widget.TextView: Walmart Supercenter (31)
D/umd.troyd( 6960): android.widget.TextView: 1515 S Loop 288 (32)
D/umd.troyd( 6960): android.widget.TextView: Denton, TX 76205 (33)
D/umd.troyd( 6960): android.widget.RelativeLayout@407cb6a0: -1 (34)
D/umd.troyd( 6960): android.widget.LinearLayout@407cbab0: 2131558801 (35)
D/umd.troyd( 6960): android.widget.TextView: 25.14 (36)
D/umd.troyd( 6960): android.widget.TextView: miles (37)
D/umd.troyd( 6960): android.widget.TextView:  (38)
D/umd.troyd( 6960): android.widget.ImageView@407ccb68: 2131558517 (39)
D/umd.troyd( 6960): android.widget.LinearLayout@407ce5f0: -1 (40)
D/umd.troyd( 6960): android.widget.RelativeLayout@407ce7e0: -1 (41)
D/umd.troyd( 6960): android.widget.RelativeLayout@407ceb88: -1 (42)
D/umd.troyd( 6960): android.widget.TextView: Walmart Supercenter (43)
D/umd.troyd( 6960): android.widget.TextView: 8520 N Beach St (44)
D/umd.troyd( 6960): android.widget.TextView: Fort Worth, TX 76244 (45)
D/umd.troyd( 6960): android.widget.RelativeLayout@407cfe98: -1 (46)
D/umd.troyd( 6960): android.widget.LinearLayout@407d02a8: 2131558801 (47)
D/umd.troyd( 6960): android.widget.TextView: 26.03 (48)
D/umd.troyd( 6960): android.widget.TextView: miles (49)
D/umd.troyd( 6960): android.widget.TextView:  (50)
D/umd.troyd( 6960): android.widget.ImageView@407d1360: 2131558517 (51)
D/umd.troyd( 6960): android.widget.LinearLayout@407d2df0: -1 (52)
D/umd.troyd( 6960): android.widget.RelativeLayout@407d2fe0: -1 (53)
D/umd.troyd( 6960): android.widget.RelativeLayout@407d3388: -1 (54)
D/umd.troyd( 6960): android.widget.TextView: Walmart Supercenter (55)
D/umd.troyd( 6960): android.widget.TextView: 6360 Lake Worth Blvd (56)
D/umd.troyd( 6960): android.widget.TextView: Lake Worth, TX 76135 (57)
D/umd.troyd( 6960): android.widget.RelativeLayout@407d4698: -1 (58)
D/umd.troyd( 6960): android.widget.LinearLayout@407d4aa8: 2131558801 (59)
D/umd.troyd( 6960): android.widget.TextView: 27.34 (60)
D/umd.troyd( 6960): android.widget.TextView: miles (61)
D/umd.troyd( 6960): android.widget.TextView:  (62)
D/umd.troyd( 6960): android.widget.ImageView@407d5b60: 2131558517 (63)
D/umd.troyd( 6960): android.widget.LinearLayout@407d94d8: -1 (64)
D/umd.troyd( 6960): android.widget.RelativeLayout@407d96c8: -1 (65)
D/umd.troyd( 6960): android.widget.RelativeLayout@407d9a70: -1 (66)
D/umd.troyd( 6960): android.widget.TextView: Neighborhood Market (67)
D/umd.troyd( 6960): android.widget.TextView: 7401 Park Vista Blvd (68)
D/umd.troyd( 6960): android.widget.TextView: Fort Worth, TX 76137 (69)
D/umd.troyd( 6960): android.widget.RelativeLayout@407dad80: -1 (70)
D/umd.troyd( 6960): android.widget.LinearLayout@407db190: 2131558801 (71)
D/umd.troyd( 6960): android.widget.TextView: 27.57 (72)
D/umd.troyd( 6960): android.widget.TextView: miles (73)
D/umd.troyd( 6960): android.widget.TextView:  (74)
D/umd.troyd( 6960): android.widget.ImageView@407dc248: 2131558517 (75)
D/umd.troyd( 6960): android.widget.LinearLayout@407ddcd8: -1 (76)
D/umd.troyd( 6960): android.widget.RelativeLayout@407ddec8: -1 (77)
D/umd.troyd( 6960): android.widget.RelativeLayout@407de270: -1 (78)
D/umd.troyd( 6960): android.widget.TextView: Neighborhood Market (79)
D/umd.troyd( 6960): android.widget.TextView: 2130 Ruf Snow Drive (80)
D/umd.troyd( 6960): android.widget.TextView: Keller, TX 76248 (81)
D/umd.troyd( 6960): android.widget.RelativeLayout@407df580: -1 (82)
D/umd.troyd( 6960): android.widget.LinearLayout@407df990: 2131558801 (83)
D/umd.troyd( 6960): android.widget.TextView: 27.60 (84)
D/umd.troyd( 6960): android.widget.TextView: miles (85)
D/umd.troyd( 6960): android.widget.TextView:  (86)
D/umd.troyd( 6960): android.widget.ImageView@407e0a48: 2131558517 (87)
D/umd.troyd( 6960): android.widget.RelativeLayout@4071de00: 2131558541 (88)
D/umd.troyd( 6960): android.widget.GridView@4071e978: 2131558824 (89)
D/umd.troyd( 6960): android.widget.LinearLayout@4071faf8: 2131558538 (90)
D/umd.troyd( 6960): android.widget.RelativeLayout@407204f0: 2131558818 (91)
D/umd.troyd( 6960): android.widget.ImageButton@40720e40: 2131558819 (92)
D/umd.troyd( 6960): android.widget.RelativeLayout@40721358: -1 (93)
D/umd.troyd( 6960): android.widget.ImageView@40721748: 2131558820 (94)
D/umd.troyd( 6960): android.widget.TextView: Stores (95)
D/umd.troyd( 6960): android.widget.RelativeLayout@40722650: -1 (96)
D/umd.troyd( 6960): android.widget.Button:  (97)
D/umd.troyd( 6960): android.widget.ImageView@407231c0: 2131558823 (98)
D/umd.troyd( 6960): android.widget.LinearLayout@40723450: 2131558542 (99)
D/umd.troyd( 6960): got command getViews
D/umd.troyd( 6960): android.widget.FrameLayout@406d24a8: 16908290 (0)
D/umd.troyd( 6960): android.widget.RelativeLayout@4071b348: 2131558603 (1)
D/umd.troyd( 6960): android.widget.LinearLayout@4071b780: -1 (2)
D/umd.troyd( 6960): com.walmart.android.ui.ViewStackLayout@4071bcd0: 2131558797 (3)
D/umd.troyd( 6960): android.widget.RelativeLayout@4072c990: -1 (4)
D/umd.troyd( 6960): android.widget.RelativeLayout@4072cef8: 2131558790 (5)
D/umd.troyd( 6960): android.widget.LinearLayout@4072da78: 2131558790 (6)
D/umd.troyd( 6960): android.widget.RelativeLayout@4072e258: -1 (7)
D/umd.troyd( 6960): android.widget.Button:  (8)
D/umd.troyd( 6960): android.widget.TextView: Search a location (9)
D/umd.troyd( 6960): android.widget.Button:  (10)
D/umd.troyd( 6960): android.widget.Button:  (11)
D/umd.troyd( 6960): android.widget.Button:  (12)
D/umd.troyd( 6960): android.widget.RelativeLayout@40732b10: 2131558791 (13)
D/umd.troyd( 6960): com.walmart.android.storelocator.StoreMapView@40733da8: 2131558792 (14)
D/umd.troyd( 6960): android.widget.ListView@40780ae8: 2131558521 (15)
D/umd.troyd( 6960): android.widget.LinearLayout@407ddcd8: -1 (16)
D/umd.troyd( 6960): android.widget.RelativeLayout@407ddec8: -1 (17)
D/umd.troyd( 6960): android.widget.RelativeLayout@407de270: -1 (18)
D/umd.troyd( 6960): android.widget.TextView: Neighborhood Market (19)
D/umd.troyd( 6960): android.widget.TextView: 2130 Ruf Snow Drive (20)
D/umd.troyd( 6960): android.widget.TextView: Keller, TX 76248 (21)
D/umd.troyd( 6960): android.widget.RelativeLayout@407df580: -1 (22)
D/umd.troyd( 6960): android.widget.LinearLayout@407df990: 2131558801 (23)
D/umd.troyd( 6960): android.widget.TextView: 27.60 (24)
D/umd.troyd( 6960): android.widget.TextView: miles (25)
D/umd.troyd( 6960): android.widget.TextView:  (26)
D/umd.troyd( 6960): android.widget.ImageView@407e0a48: 2131558517 (27)
D/umd.troyd( 6960): android.widget.LinearLayout@4074dfc8: -1 (28)
D/umd.troyd( 6960): android.widget.RelativeLayout@4074e118: -1 (29)
D/umd.troyd( 6960): android.widget.RelativeLayout@4054b240: -1 (30)
D/umd.troyd( 6960): android.widget.TextView: Neighborhood Market (31)
D/umd.troyd( 6960): android.widget.TextView: 2201 West Southlake Blvd (32)
D/umd.troyd( 6960): android.widget.TextView: Southlake, TX 76092 (33)
D/umd.troyd( 6960): android.widget.RelativeLayout@407a8530: -1 (34)
D/umd.troyd( 6960): android.widget.LinearLayout@407a8688: 2131558801 (35)
D/umd.troyd( 6960): android.widget.TextView: 27.66 (36)
D/umd.troyd( 6960): android.widget.TextView: miles (37)
D/umd.troyd( 6960): android.widget.TextView:  (38)
D/umd.troyd( 6960): android.widget.ImageView@406892e0: 2131558517 (39)
D/umd.troyd( 6960): android.widget.LinearLayout@40776068: -1 (40)
D/umd.troyd( 6960): android.widget.RelativeLayout@407761b8: -1 (41)
D/umd.troyd( 6960): android.widget.RelativeLayout@40776310: -1 (42)
D/umd.troyd( 6960): android.widget.TextView: Walmart Supercenter (43)
D/umd.troyd( 6960): android.widget.TextView: 3060 Justin Rd (44)
D/umd.troyd( 6960): android.widget.TextView: Highland Village, TX 75077 (45)
D/umd.troyd( 6960): android.widget.RelativeLayout@405c7e20: -1 (46)
D/umd.troyd( 6960): android.widget.LinearLayout@405c7f78: 2131558801 (47)
D/umd.troyd( 6960): android.widget.TextView: 27.73 (48)
D/umd.troyd( 6960): android.widget.TextView: miles (49)
D/umd.troyd( 6960): android.widget.TextView:  (50)
D/umd.troyd( 6960): android.widget.ImageView@4062b290: 2131558517 (51)
D/umd.troyd( 6960): android.widget.LinearLayout@40549d08: -1 (52)
D/umd.troyd( 6960): android.widget.RelativeLayout@40549ef8: -1 (53)
D/umd.troyd( 6960): android.widget.RelativeLayout@4069e4b0: -1 (54)
D/umd.troyd( 6960): android.widget.TextView: Walmart Supercenter (55)
D/umd.troyd( 6960): android.widget.TextView: 1035 Hickory Creek Blvd (56)
D/umd.troyd( 6960): android.widget.TextView: Hickory Creek, TX 75065 (57)
D/umd.troyd( 6960): android.widget.RelativeLayout@40608cc8: -1 (58)
D/umd.troyd( 6960): android.widget.LinearLayout@405e4268: 2131558801 (59)
D/umd.troyd( 6960): android.widget.TextView: 28.40 (60)
D/umd.troyd( 6960): android.widget.TextView: miles (61)
D/umd.troyd( 6960): android.widget.TextView:  (62)
D/umd.troyd( 6960): android.widget.ImageView@4061a158: 2131558517 (63)
D/umd.troyd( 6960): android.widget.LinearLayout@4071ee50: -1 (64)
D/umd.troyd( 6960): android.widget.RelativeLayout@4071f040: -1 (65)
D/umd.troyd( 6960): android.widget.RelativeLayout@40720648: -1 (66)
D/umd.troyd( 6960): android.widget.TextView: Walmart Supercenter (67)
D/umd.troyd( 6960): android.widget.TextView: 9101 N Tarrant Pkwy (68)
D/umd.troyd( 6960): android.widget.TextView: North Richland Hill, TX 76182 (69)
D/umd.troyd( 6960): android.widget.RelativeLayout@4079a150: -1 (70)
D/umd.troyd( 6960): android.widget.LinearLayout@405f7bb0: 2131558801 (71)
D/umd.troyd( 6960): android.widget.TextView: 28.64 (72)
D/umd.troyd( 6960): android.widget.TextView: miles (73)
D/umd.troyd( 6960): android.widget.TextView:  (74)
D/umd.troyd( 6960): android.widget.ImageView@407a9e90: 2131558517 (75)
D/umd.troyd( 6960): android.widget.LinearLayout@40678a58: -1 (76)
D/umd.troyd( 6960): android.widget.RelativeLayout@40678c48: -1 (77)
D/umd.troyd( 6960): android.widget.RelativeLayout@406783b0: -1 (78)
D/umd.troyd( 6960): android.widget.TextView: Walmart Supercenter (79)
D/umd.troyd( 6960): android.widget.TextView: 9500 Clifford St (80)
D/umd.troyd( 6960): android.widget.TextView: Fort Worth, TX 76108 (81)
D/umd.troyd( 6960): android.widget.RelativeLayout@4075e380: -1 (82)
D/umd.troyd( 6960): android.widget.LinearLayout@4075e600: 2131558801 (83)
D/umd.troyd( 6960): android.widget.TextView: 29.36 (84)
D/umd.troyd( 6960): android.widget.TextView: miles (85)
D/umd.troyd( 6960): android.widget.TextView:  (86)
D/umd.troyd( 6960): android.widget.ImageView@4076e570: 2131558517 (87)
D/umd.troyd( 6960): android.widget.RelativeLayout@4071de00: 2131558541 (88)
D/umd.troyd( 6960): android.widget.GridView@4071e978: 2131558824 (89)
D/umd.troyd( 6960): android.widget.LinearLayout@4071faf8: 2131558538 (90)
D/umd.troyd( 6960): android.widget.RelativeLayout@407204f0: 2131558818 (91)
D/umd.troyd( 6960): android.widget.ImageButton@40720e40: 2131558819 (92)
D/umd.troyd( 6960): android.widget.RelativeLayout@40721358: -1 (93)
D/umd.troyd( 6960): android.widget.ImageView@40721748: 2131558820 (94)
D/umd.troyd( 6960): android.widget.TextView: Stores (95)
D/umd.troyd( 6960): android.widget.RelativeLayout@40722650: -1 (96)
D/umd.troyd( 6960): android.widget.Button:  (97)
D/umd.troyd( 6960): android.widget.ImageView@407231c0: 2131558823 (98)
D/umd.troyd( 6960): android.widget.LinearLayout@40723450: 2131558542 (99)
D/umd.troyd( 6960): got command getViews
D/umd.troyd( 6960): android.widget.FrameLayout@406d24a8: 16908290 (0)
D/umd.troyd( 6960): android.widget.RelativeLayout@4071b348: 2131558603 (1)
D/umd.troyd( 6960): android.widget.LinearLayout@4071b780: -1 (2)
D/umd.troyd( 6960): com.walmart.android.ui.ViewStackLayout@4071bcd0: 2131558797 (3)
D/umd.troyd( 6960): android.widget.RelativeLayout@4072c990: -1 (4)
D/umd.troyd( 6960): android.widget.RelativeLayout@4072cef8: 2131558790 (5)
D/umd.troyd( 6960): android.widget.LinearLayout@4072da78: 2131558790 (6)
D/umd.troyd( 6960): android.widget.RelativeLayout@4072e258: -1 (7)
D/umd.troyd( 6960): android.widget.Button:  (8)
D/umd.troyd( 6960): android.widget.TextView: Search a location (9)
D/umd.troyd( 6960): android.widget.Button:  (10)
D/umd.troyd( 6960): android.widget.Button:  (11)
D/umd.troyd( 6960): android.widget.Button:  (12)
D/umd.troyd( 6960): android.widget.RelativeLayout@40732b10: 2131558791 (13)
D/umd.troyd( 6960): com.walmart.android.storelocator.StoreMapView@40733da8: 2131558792 (14)
D/umd.troyd( 6960): android.widget.ListView@40780ae8: 2131558521 (15)
D/umd.troyd( 6960): android.widget.LinearLayout@40678a58: -1 (16)
D/umd.troyd( 6960): android.widget.RelativeLayout@40678c48: -1 (17)
D/umd.troyd( 6960): android.widget.RelativeLayout@406783b0: -1 (18)
D/umd.troyd( 6960): android.widget.TextView: Walmart Supercenter (19)
D/umd.troyd( 6960): android.widget.TextView: 9500 Clifford St (20)
D/umd.troyd( 6960): android.widget.TextView: Fort Worth, TX 76108 (21)
D/umd.troyd( 6960): android.widget.RelativeLayout@4075e380: -1 (22)
D/umd.troyd( 6960): android.widget.LinearLayout@4075e600: 2131558801 (23)
D/umd.troyd( 6960): android.widget.TextView: 29.36 (24)
D/umd.troyd( 6960): android.widget.TextView: miles (25)
D/umd.troyd( 6960): android.widget.TextView:  (26)
D/umd.troyd( 6960): android.widget.ImageView@4076e570: 2131558517 (27)
D/umd.troyd( 6960): android.widget.LinearLayout@406975d0: -1 (28)
D/umd.troyd( 6960): android.widget.RelativeLayout@4066c638: -1 (29)
D/umd.troyd( 6960): android.widget.RelativeLayout@4066c930: -1 (30)
D/umd.troyd( 6960): android.widget.TextView: Neighborhood Market (31)
D/umd.troyd( 6960): android.widget.TextView: 2800 Flower Mound Rd (32)
D/umd.troyd( 6960): android.widget.TextView: Flower Mound, TX 75022 (33)
D/umd.troyd( 6960): android.widget.RelativeLayout@405df438: -1 (34)
D/umd.troyd( 6960): android.widget.LinearLayout@405df798: 2131558801 (35)
D/umd.troyd( 6960): android.widget.TextView: 29.54 (36)
D/umd.troyd( 6960): android.widget.TextView: miles (37)
D/umd.troyd( 6960): android.widget.TextView:  (38)
D/umd.troyd( 6960): android.widget.ImageView@40618d68: 2131558517 (39)
D/umd.troyd( 6960): android.widget.LinearLayout@407c9df8: -1 (40)
D/umd.troyd( 6960): android.widget.RelativeLayout@407c9fe8: -1 (41)
D/umd.troyd( 6960): android.widget.RelativeLayout@407ca390: -1 (42)
D/umd.troyd( 6960): android.widget.TextView: Walmart Supercenter (43)
D/umd.troyd( 6960): android.widget.TextView: 6401 Ne Loop 820 (44)
D/umd.troyd( 6960): android.widget.TextView: North Richland Hill, TX 76180 (45)
D/umd.troyd( 6960): android.widget.RelativeLayout@407cb6a0: -1 (46)
D/umd.troyd( 6960): android.widget.LinearLayout@407cbab0: 2131558801 (47)
D/umd.troyd( 6960): android.widget.TextView: 29.79 (48)
D/umd.troyd( 6960): android.widget.TextView: miles (49)
D/umd.troyd( 6960): android.widget.TextView:  (50)
D/umd.troyd( 6960): android.widget.ImageView@407ccb68: 2131558517 (51)
D/umd.troyd( 6960): android.widget.LinearLayout@407ce5f0: -1 (52)
D/umd.troyd( 6960): android.widget.RelativeLayout@407ce7e0: -1 (53)
D/umd.troyd( 6960): android.widget.RelativeLayout@407ceb88: -1 (54)
D/umd.troyd( 6960): android.widget.TextView: Neighborhood Market (55)
D/umd.troyd( 6960): android.widget.TextView: 1515 Justin Rd (56)
D/umd.troyd( 6960): android.widget.TextView: Lewisville, TX 75077 (57)
D/umd.troyd( 6960): android.widget.RelativeLayout@407cfe98: -1 (58)
D/umd.troyd( 6960): android.widget.LinearLayout@407d02a8: 2131558801 (59)
D/umd.troyd( 6960): android.widget.TextView: 29.83 (60)
D/umd.troyd( 6960): android.widget.TextView: miles (61)
D/umd.troyd( 6960): android.widget.TextView:  (62)
D/umd.troyd( 6960): android.widget.ImageView@407d1360: 2131558517 (63)
D/umd.troyd( 6960): android.widget.LinearLayout@407d2df0: -1 (64)
D/umd.troyd( 6960): android.widget.RelativeLayout@407d2fe0: -1 (65)
D/umd.troyd( 6960): android.widget.RelativeLayout@407d3388: -1 (66)
D/umd.troyd( 6960): android.widget.TextView: Walmart Supercenter (67)
D/umd.troyd( 6960): android.widget.TextView: 2801 E Interstate 20 (68)
D/umd.troyd( 6960): android.widget.TextView: Hudson Oaks, TX 76087 (69)
D/umd.troyd( 6960): android.widget.RelativeLayout@407d4698: -1 (70)
D/umd.troyd( 6960): android.widget.LinearLayout@407d4aa8: 2131558801 (71)
D/umd.troyd( 6960): android.widget.TextView: 30.04 (72)
D/umd.troyd( 6960): android.widget.TextView: miles (73)
D/umd.troyd( 6960): android.widget.TextView:  (74)
D/umd.troyd( 6960): android.widget.ImageView@407d5b60: 2131558517 (75)
D/umd.troyd( 6960): android.widget.LinearLayout@407d94d8: -1 (76)
D/umd.troyd( 6960): android.widget.RelativeLayout@407d96c8: -1 (77)
D/umd.troyd( 6960): android.widget.RelativeLayout@407d9a70: -1 (78)
D/umd.troyd( 6960): android.widget.TextView: Walmart Supercenter (79)
D/umd.troyd( 6960): android.widget.TextView: 6770 Westworth Blvd (80)
D/umd.troyd( 6960): android.widget.TextView: Westworth Village, TX 76114 (81)
D/umd.troyd( 6960): android.widget.RelativeLayout@407dad80: -1 (82)
D/umd.troyd( 6960): android.widget.LinearLayout@407db190: 2131558801 (83)
D/umd.troyd( 6960): android.widget.TextView: 30.54 (84)
D/umd.troyd( 6960): android.widget.TextView: miles (85)
D/umd.troyd( 6960): android.widget.TextView:  (86)
D/umd.troyd( 6960): android.widget.ImageView@407dc248: 2131558517 (87)
D/umd.troyd( 6960): android.widget.RelativeLayout@4071de00: 2131558541 (88)
D/umd.troyd( 6960): android.widget.GridView@4071e978: 2131558824 (89)
D/umd.troyd( 6960): android.widget.LinearLayout@4071faf8: 2131558538 (90)
D/umd.troyd( 6960): android.widget.RelativeLayout@407204f0: 2131558818 (91)
D/umd.troyd( 6960): android.widget.ImageButton@40720e40: 2131558819 (92)
D/umd.troyd( 6960): android.widget.RelativeLayout@40721358: -1 (93)
D/umd.troyd( 6960): android.widget.ImageView@40721748: 2131558820 (94)
D/umd.troyd( 6960): android.widget.TextView: Stores (95)
D/umd.troyd( 6960): android.widget.RelativeLayout@40722650: -1 (96)
D/umd.troyd( 6960): android.widget.Button:  (97)
D/umd.troyd( 6960): android.widget.ImageView@407231c0: 2131558823 (98)
D/umd.troyd( 6960): android.widget.LinearLayout@40723450: 2131558542 (99)
D/umd.troyd( 6960): got command getViews
D/umd.troyd( 6960): android.widget.FrameLayout@406d24a8: 16908290 (0)
D/umd.troyd( 6960): android.widget.RelativeLayout@4071b348: 2131558603 (1)
D/umd.troyd( 6960): android.widget.LinearLayout@4071b780: -1 (2)
D/umd.troyd( 6960): com.walmart.android.ui.ViewStackLayout@4071bcd0: 2131558797 (3)
D/umd.troyd( 6960): android.widget.RelativeLayout@4072c990: -1 (4)
D/umd.troyd( 6960): android.widget.RelativeLayout@4072cef8: 2131558790 (5)
D/umd.troyd( 6960): android.widget.LinearLayout@4072da78: 2131558790 (6)
D/umd.troyd( 6960): android.widget.RelativeLayout@4072e258: -1 (7)
D/umd.troyd( 6960): android.widget.Button:  (8)
D/umd.troyd( 6960): android.widget.TextView: Search a location (9)
D/umd.troyd( 6960): android.widget.Button:  (10)
D/umd.troyd( 6960): android.widget.Button:  (11)
D/umd.troyd( 6960): android.widget.Button:  (12)
D/umd.troyd( 6960): android.widget.RelativeLayout@40732b10: 2131558791 (13)
D/umd.troyd( 6960): com.walmart.android.storelocator.StoreMapView@40733da8: 2131558792 (14)
D/umd.troyd( 6960): android.widget.ListView@40780ae8: 2131558521 (15)
D/umd.troyd( 6960): android.widget.LinearLayout@407d94d8: -1 (16)
D/umd.troyd( 6960): android.widget.RelativeLayout@407d96c8: -1 (17)
D/umd.troyd( 6960): android.widget.RelativeLayout@407d9a70: -1 (18)
D/umd.troyd( 6960): android.widget.TextView: Walmart Supercenter (19)
D/umd.troyd( 6960): android.widget.TextView: 6770 Westworth Blvd (20)
D/umd.troyd( 6960): android.widget.TextView: Westworth Village, TX 76114 (21)
D/umd.troyd( 6960): android.widget.RelativeLayout@407dad80: -1 (22)
D/umd.troyd( 6960): android.widget.LinearLayout@407db190: 2131558801 (23)
D/umd.troyd( 6960): android.widget.TextView: 30.54 (24)
D/umd.troyd( 6960): android.widget.TextView: miles (25)
D/umd.troyd( 6960): android.widget.TextView:  (26)
D/umd.troyd( 6960): android.widget.ImageView@407dc248: 2131558517 (27)
D/umd.troyd( 6960): android.widget.LinearLayout@407ddcd8: -1 (28)
D/umd.troyd( 6960): android.widget.RelativeLayout@407ddec8: -1 (29)
D/umd.troyd( 6960): android.widget.RelativeLayout@407de270: -1 (30)
D/umd.troyd( 6960): android.widget.TextView: Neighborhood Market (31)
D/umd.troyd( 6960): android.widget.TextView: 4904 Colleyville Blvd (32)
D/umd.troyd( 6960): android.widget.TextView: Colleyville, TX 76034 (33)
D/umd.troyd( 6960): android.widget.RelativeLayout@407df580: -1 (34)
D/umd.troyd( 6960): android.widget.LinearLayout@407df990: 2131558801 (35)
D/umd.troyd( 6960): android.widget.TextView: 30.96 (36)
D/umd.troyd( 6960): android.widget.TextView: miles (37)
D/umd.troyd( 6960): android.widget.TextView:  (38)
D/umd.troyd( 6960): android.widget.ImageView@407e0a48: 2131558517 (39)
D/umd.troyd( 6960): android.widget.LinearLayout@4074dfc8: -1 (40)
D/umd.troyd( 6960): android.widget.RelativeLayout@4074e118: -1 (41)
D/umd.troyd( 6960): android.widget.RelativeLayout@4054b240: -1 (42)
D/umd.troyd( 6960): android.widget.TextView: Walmart Supercenter (43)
D/umd.troyd( 6960): android.widget.TextView: 1601 W State Highway 114 (44)
D/umd.troyd( 6960): android.widget.TextView: Grapevine, TX 76051 (45)
D/umd.troyd( 6960): android.widget.RelativeLayout@407a8530: -1 (46)
D/umd.troyd( 6960): android.widget.LinearLayout@407a8688: 2131558801 (47)
D/umd.troyd( 6960): android.widget.TextView: 31.14 (48)
D/umd.troyd( 6960): android.widget.TextView: miles (49)
D/umd.troyd( 6960): android.widget.TextView:  (50)
D/umd.troyd( 6960): android.widget.ImageView@406892e0: 2131558517 (51)
D/umd.troyd( 6960): android.widget.LinearLayout@40776068: -1 (52)
D/umd.troyd( 6960): android.widget.RelativeLayout@407761b8: -1 (53)
D/umd.troyd( 6960): android.widget.RelativeLayout@40776310: -1 (54)
D/umd.troyd( 6960): android.widget.TextView: Walmart Supercenter (55)
D/umd.troyd( 6960): android.widget.TextView: 801 W Main St (56)
D/umd.troyd( 6960): android.widget.TextView: Lewisville, TX 75067 (57)
D/umd.troyd( 6960): android.widget.RelativeLayout@405c7e20: -1 (58)
D/umd.troyd( 6960): android.widget.LinearLayout@405c7f78: 2131558801 (59)
D/umd.troyd( 6960): android.widget.TextView: 31.36 (60)
D/umd.troyd( 6960): android.widget.TextView: miles (61)
D/umd.troyd( 6960): android.widget.TextView:  (62)
D/umd.troyd( 6960): android.widget.ImageView@4062b290: 2131558517 (63)
D/umd.troyd( 6960): android.widget.LinearLayout@40549d08: -1 (64)
D/umd.troyd( 6960): android.widget.RelativeLayout@40549ef8: -1 (65)
D/umd.troyd( 6960): android.widget.RelativeLayout@4069e4b0: -1 (66)
D/umd.troyd( 6960): android.widget.TextView: Walmart Supercenter (67)
D/umd.troyd( 6960): android.widget.TextView: 1732 Precinct Line Rd (68)
D/umd.troyd( 6960): android.widget.TextView: Hurst, TX 76054 (69)
D/umd.troyd( 6960): android.widget.RelativeLayout@40608cc8: -1 (70)
D/umd.troyd( 6960): android.widget.LinearLayout@405e4268: 2131558801 (71)
D/umd.troyd( 6960): android.widget.TextView: 31.64 (72)
D/umd.troyd( 6960): android.widget.TextView: miles (73)
D/umd.troyd( 6960): android.widget.TextView:  (74)
D/umd.troyd( 6960): android.widget.ImageView@4061a158: 2131558517 (75)
D/umd.troyd( 6960): android.widget.LinearLayout@4071ee50: -1 (76)
D/umd.troyd( 6960): android.widget.RelativeLayout@4071f040: -1 (77)
D/umd.troyd( 6960): android.widget.RelativeLayout@40720648: -1 (78)
D/umd.troyd( 6960): android.widget.TextView: Walmart Supercenter (79)
D/umd.troyd( 6960): android.widget.TextView: 3851 Airport Fwy (80)
D/umd.troyd( 6960): android.widget.TextView: Fort Worth, TX 76111 (81)
D/umd.troyd( 6960): android.widget.RelativeLayout@4079a150: -1 (82)
D/umd.troyd( 6960): android.widget.LinearLayout@405f7bb0: 2131558801 (83)
D/umd.troyd( 6960): android.widget.TextView: 32.15 (84)
D/umd.troyd( 6960): android.widget.TextView: miles (85)
D/umd.troyd( 6960): android.widget.TextView:  (86)
D/umd.troyd( 6960): android.widget.ImageView@407a9e90: 2131558517 (87)
D/umd.troyd( 6960): android.widget.RelativeLayout@4071de00: 2131558541 (88)
D/umd.troyd( 6960): android.widget.GridView@4071e978: 2131558824 (89)
D/umd.troyd( 6960): android.widget.LinearLayout@4071faf8: 2131558538 (90)
D/umd.troyd( 6960): android.widget.RelativeLayout@407204f0: 2131558818 (91)
D/umd.troyd( 6960): android.widget.ImageButton@40720e40: 2131558819 (92)
D/umd.troyd( 6960): android.widget.RelativeLayout@40721358: -1 (93)
D/umd.troyd( 6960): android.widget.ImageView@40721748: 2131558820 (94)
D/umd.troyd( 6960): android.widget.TextView: Stores (95)
D/umd.troyd( 6960): android.widget.RelativeLayout@40722650: -1 (96)
D/umd.troyd( 6960): android.widget.Button:  (97)
D/umd.troyd( 6960): android.widget.ImageView@407231c0: 2131558823 (98)
D/umd.troyd( 6960): android.widget.LinearLayout@40723450: 2131558542 (99)
