emulator-5572
D/umd.troyd( 6927): got command getViews
D/umd.troyd( 6927): android.widget.FrameLayout@406d0910: 16908290 (0)
D/umd.troyd( 6927): android.widget.RelativeLayout@4071b3e0: 2131558603 (1)
D/umd.troyd( 6927): android.widget.LinearLayout@4071b818: -1 (2)
D/umd.troyd( 6927): com.walmart.android.ui.ViewStackLayout@4071bd68: 2131558797 (3)
D/umd.troyd( 6927): android.widget.RelativeLayout@4072ca28: -1 (4)
D/umd.troyd( 6927): android.widget.RelativeLayout@4072cf90: 2131558790 (5)
D/umd.troyd( 6927): android.widget.LinearLayout@4072db10: 2131558790 (6)
D/umd.troyd( 6927): android.widget.RelativeLayout@4072e2f0: -1 (7)
D/umd.troyd( 6927): android.widget.Button:  (8)
D/umd.troyd( 6927): android.widget.TextView: Search a location (9)
D/umd.troyd( 6927): android.widget.Button:  (10)
D/umd.troyd( 6927): android.widget.Button:  (11)
D/umd.troyd( 6927): android.widget.Button:  (12)
D/umd.troyd( 6927): android.widget.RelativeLayout@40732ba8: 2131558791 (13)
D/umd.troyd( 6927): com.walmart.android.storelocator.StoreMapView@40733e40: 2131558792 (14)
D/umd.troyd( 6927): android.widget.ListView@4073bd00: 2131558521 (15)
D/umd.troyd( 6927): android.widget.LinearLayout@4061c910: -1 (16)
D/umd.troyd( 6927): android.widget.RelativeLayout@407673e0: -1 (17)
D/umd.troyd( 6927): android.widget.RelativeLayout@40767538: -1 (18)
D/umd.troyd( 6927): android.widget.TextView: Walmart Supercenter (19)
D/umd.troyd( 6927): android.widget.TextView: 800 S Us Hwy 81/287 (20)
D/umd.troyd( 6927): android.widget.TextView: Decatur, TX 76234 (21)
D/umd.troyd( 6927): android.widget.RelativeLayout@4076ea58: -1 (22)
D/umd.troyd( 6927): android.widget.LinearLayout@40610240: 2131558801 (23)
D/umd.troyd( 6927): android.widget.TextView: 0.94 (24)
D/umd.troyd( 6927): android.widget.TextView: miles (25)
D/umd.troyd( 6927): android.widget.TextView:  (26)
D/umd.troyd( 6927): android.widget.ImageView@40790878: 2131558517 (27)
D/umd.troyd( 6927): android.widget.LinearLayout@40791290: -1 (28)
D/umd.troyd( 6927): android.widget.RelativeLayout@4075d1d0: -1 (29)
D/umd.troyd( 6927): android.widget.RelativeLayout@4075d4c8: -1 (30)
D/umd.troyd( 6927): android.widget.TextView: Walmart Supercenter (31)
D/umd.troyd( 6927): android.widget.TextView: 721 Boyd Rd (32)
D/umd.troyd( 6927): android.widget.TextView: Azle, TX 76020 (33)
D/umd.troyd( 6927): android.widget.RelativeLayout@40618ca8: -1 (34)
D/umd.troyd( 6927): android.widget.LinearLayout@40699b78: 2131558801 (35)
D/umd.troyd( 6927): android.widget.TextView: 20.79 (36)
D/umd.troyd( 6927): android.widget.TextView: miles (37)
D/umd.troyd( 6927): android.widget.TextView:  (38)
D/umd.troyd( 6927): android.widget.ImageView@40702c38: 2131558517 (39)
D/umd.troyd( 6927): android.widget.LinearLayout@4070e9c8: -1 (40)
D/umd.troyd( 6927): android.widget.RelativeLayout@4070ebb8: -1 (41)
D/umd.troyd( 6927): android.widget.RelativeLayout@40517b78: -1 (42)
D/umd.troyd( 6927): android.widget.TextView: Walmart Supercenter (43)
D/umd.troyd( 6927): android.widget.TextView: 2750 W University Dr (44)
D/umd.troyd( 6927): android.widget.TextView: Denton, TX 76201 (45)
D/umd.troyd( 6927): android.widget.RelativeLayout@40752408: -1 (46)
D/umd.troyd( 6927): android.widget.LinearLayout@405ee480: 2131558801 (47)
D/umd.troyd( 6927): android.widget.TextView: 21.21 (48)
D/umd.troyd( 6927): android.widget.TextView: miles (49)
D/umd.troyd( 6927): android.widget.TextView:  (50)
D/umd.troyd( 6927): android.widget.ImageView@40707dc0: 2131558517 (51)
D/umd.troyd( 6927): android.widget.LinearLayout@40777910: -1 (52)
D/umd.troyd( 6927): android.widget.RelativeLayout@40777b00: -1 (53)
D/umd.troyd( 6927): android.widget.RelativeLayout@407018f0: -1 (54)
D/umd.troyd( 6927): android.widget.TextView: Walmart Supercenter (55)
D/umd.troyd( 6927): android.widget.TextView: 1341 Highway 287 N (56)
D/umd.troyd( 6927): android.widget.TextView: Bowie, TX 76230 (57)
D/umd.troyd( 6927): android.widget.RelativeLayout@4061a328: -1 (58)
D/umd.troyd( 6927): android.widget.LinearLayout@4061a6a8: 2131558801 (59)
D/umd.troyd( 6927): android.widget.TextView: 21.67 (60)
D/umd.troyd( 6927): android.widget.TextView: miles (61)
D/umd.troyd( 6927): android.widget.TextView:  (62)
D/umd.troyd( 6927): android.widget.ImageView@4066fc88: 2131558517 (63)
D/umd.troyd( 6927): android.widget.LinearLayout@40754ea0: -1 (64)
D/umd.troyd( 6927): android.widget.RelativeLayout@40755090: -1 (65)
D/umd.troyd( 6927): android.widget.RelativeLayout@407553a8: -1 (66)
D/umd.troyd( 6927): android.widget.TextView: Walmart Supercenter (67)
D/umd.troyd( 6927): android.widget.TextView: 1228 North Highway 377 (68)
D/umd.troyd( 6927): android.widget.TextView: Roanoke, TX 76262 (69)
D/umd.troyd( 6927): android.widget.RelativeLayout@40685cf8: -1 (70)
D/umd.troyd( 6927): android.widget.LinearLayout@406115b8: 2131558801 (71)
D/umd.troyd( 6927): android.widget.TextView: 23.20 (72)
D/umd.troyd( 6927): android.widget.TextView: miles (73)
D/umd.troyd( 6927): android.widget.TextView:  (74)
D/umd.troyd( 6927): android.widget.ImageView@40752858: 2131558517 (75)
D/umd.troyd( 6927): android.widget.LinearLayout@407619c8: -1 (76)
D/umd.troyd( 6927): android.widget.RelativeLayout@40761bb8: -1 (77)
D/umd.troyd( 6927): android.widget.RelativeLayout@4076eec0: -1 (78)
D/umd.troyd( 6927): android.widget.TextView: Walmart Supercenter (79)
D/umd.troyd( 6927): android.widget.TextView: 1401 N Saginaw Blvd (80)
D/umd.troyd( 6927): android.widget.TextView: Saginaw, TX 76179 (81)
D/umd.troyd( 6927): android.widget.RelativeLayout@40777e30: -1 (82)
D/umd.troyd( 6927): android.widget.LinearLayout@407781b0: 2131558801 (83)
D/umd.troyd( 6927): android.widget.TextView: 24.20 (84)
D/umd.troyd( 6927): android.widget.TextView: miles (85)
D/umd.troyd( 6927): android.widget.TextView:  (86)
D/umd.troyd( 6927): android.widget.ImageView@4056b0c8: 2131558517 (87)
D/umd.troyd( 6927): android.widget.RelativeLayout@4071de98: 2131558541 (88)
D/umd.troyd( 6927): android.widget.GridView@4071ea10: 2131558824 (89)
D/umd.troyd( 6927): android.widget.LinearLayout@4071fb90: 2131558538 (90)
D/umd.troyd( 6927): android.widget.RelativeLayout@40720588: 2131558818 (91)
D/umd.troyd( 6927): android.widget.ImageButton@40720ed8: 2131558819 (92)
D/umd.troyd( 6927): android.widget.RelativeLayout@407213f0: -1 (93)
D/umd.troyd( 6927): android.widget.ImageView@407217e0: 2131558820 (94)
D/umd.troyd( 6927): android.widget.TextView: Stores (95)
D/umd.troyd( 6927): android.widget.RelativeLayout@407226e8: -1 (96)
D/umd.troyd( 6927): android.widget.Button:  (97)
D/umd.troyd( 6927): android.widget.ImageView@40723258: 2131558823 (98)
D/umd.troyd( 6927): android.widget.LinearLayout@407234e8: 2131558542 (99)
D/umd.troyd( 6927): got command getViews
D/umd.troyd( 6927): android.widget.FrameLayout@406d0910: 16908290 (0)
D/umd.troyd( 6927): android.widget.RelativeLayout@4071b3e0: 2131558603 (1)
D/umd.troyd( 6927): android.widget.LinearLayout@4071b818: -1 (2)
D/umd.troyd( 6927): com.walmart.android.ui.ViewStackLayout@4071bd68: 2131558797 (3)
D/umd.troyd( 6927): android.widget.RelativeLayout@4072ca28: -1 (4)
D/umd.troyd( 6927): android.widget.RelativeLayout@4072cf90: 2131558790 (5)
D/umd.troyd( 6927): android.widget.LinearLayout@4072db10: 2131558790 (6)
D/umd.troyd( 6927): android.widget.RelativeLayout@4072e2f0: -1 (7)
D/umd.troyd( 6927): android.widget.Button:  (8)
D/umd.troyd( 6927): android.widget.TextView: Search a location (9)
D/umd.troyd( 6927): android.widget.Button:  (10)
D/umd.troyd( 6927): android.widget.Button:  (11)
D/umd.troyd( 6927): android.widget.Button:  (12)
D/umd.troyd( 6927): android.widget.RelativeLayout@40732ba8: 2131558791 (13)
D/umd.troyd( 6927): com.walmart.android.storelocator.StoreMapView@40733e40: 2131558792 (14)
D/umd.troyd( 6927): android.widget.ListView@4073bd00: 2131558521 (15)
D/umd.troyd( 6927): android.widget.LinearLayout@407619c8: -1 (16)
D/umd.troyd( 6927): android.widget.RelativeLayout@40761bb8: -1 (17)
D/umd.troyd( 6927): android.widget.RelativeLayout@4076eec0: -1 (18)
D/umd.troyd( 6927): android.widget.TextView: Walmart Supercenter (19)
D/umd.troyd( 6927): android.widget.TextView: 1401 N Saginaw Blvd (20)
D/umd.troyd( 6927): android.widget.TextView: Saginaw, TX 76179 (21)
D/umd.troyd( 6927): android.widget.RelativeLayout@40777e30: -1 (22)
D/umd.troyd( 6927): android.widget.LinearLayout@407781b0: 2131558801 (23)
D/umd.troyd( 6927): android.widget.TextView: 24.20 (24)
D/umd.troyd( 6927): android.widget.TextView: miles (25)
D/umd.troyd( 6927): android.widget.TextView:  (26)
D/umd.troyd( 6927): android.widget.ImageView@4056b0c8: 2131558517 (27)
D/umd.troyd( 6927): android.widget.LinearLayout@407d2138: -1 (28)
D/umd.troyd( 6927): android.widget.RelativeLayout@407d2328: -1 (29)
D/umd.troyd( 6927): android.widget.RelativeLayout@407d26d0: -1 (30)
D/umd.troyd( 6927): android.widget.TextView: Walmart Supercenter (31)
D/umd.troyd( 6927): android.widget.TextView: 1515 S Loop 288 (32)
D/umd.troyd( 6927): android.widget.TextView: Denton, TX 76205 (33)
D/umd.troyd( 6927): android.widget.RelativeLayout@407d39e0: -1 (34)
D/umd.troyd( 6927): android.widget.LinearLayout@407d3df0: 2131558801 (35)
D/umd.troyd( 6927): android.widget.TextView: 25.14 (36)
D/umd.troyd( 6927): android.widget.TextView: miles (37)
D/umd.troyd( 6927): android.widget.TextView:  (38)
D/umd.troyd( 6927): android.widget.ImageView@407d4ea8: 2131558517 (39)
D/umd.troyd( 6927): android.widget.LinearLayout@407d6930: -1 (40)
D/umd.troyd( 6927): android.widget.RelativeLayout@407d6b20: -1 (41)
D/umd.troyd( 6927): android.widget.RelativeLayout@407d6ec8: -1 (42)
D/umd.troyd( 6927): android.widget.TextView: Walmart Supercenter (43)
D/umd.troyd( 6927): android.widget.TextView: 8520 N Beach St (44)
D/umd.troyd( 6927): android.widget.TextView: Fort Worth, TX 76244 (45)
D/umd.troyd( 6927): android.widget.RelativeLayout@407d81d8: -1 (46)
D/umd.troyd( 6927): android.widget.LinearLayout@407d85e8: 2131558801 (47)
D/umd.troyd( 6927): android.widget.TextView: 25.90 (48)
D/umd.troyd( 6927): android.widget.TextView: miles (49)
D/umd.troyd( 6927): android.widget.TextView:  (50)
D/umd.troyd( 6927): android.widget.ImageView@407d96a0: 2131558517 (51)
D/umd.troyd( 6927): android.widget.LinearLayout@407db130: -1 (52)
D/umd.troyd( 6927): android.widget.RelativeLayout@407db320: -1 (53)
D/umd.troyd( 6927): android.widget.RelativeLayout@407db6c8: -1 (54)
D/umd.troyd( 6927): android.widget.TextView: Walmart Supercenter (55)
D/umd.troyd( 6927): android.widget.TextView: 6360 Lake Worth Blvd (56)
D/umd.troyd( 6927): android.widget.TextView: Lake Worth, TX 76135 (57)
D/umd.troyd( 6927): android.widget.RelativeLayout@407dc9d8: -1 (58)
D/umd.troyd( 6927): android.widget.LinearLayout@407dcde8: 2131558801 (59)
D/umd.troyd( 6927): android.widget.TextView: 27.18 (60)
D/umd.troyd( 6927): android.widget.TextView: miles (61)
D/umd.troyd( 6927): android.widget.TextView:  (62)
D/umd.troyd( 6927): android.widget.ImageView@407ddea0: 2131558517 (63)
D/umd.troyd( 6927): android.widget.LinearLayout@407df930: -1 (64)
D/umd.troyd( 6927): android.widget.RelativeLayout@407dfb20: -1 (65)
D/umd.troyd( 6927): android.widget.RelativeLayout@407dfec8: -1 (66)
D/umd.troyd( 6927): android.widget.TextView: Neighborhood Market (67)
D/umd.troyd( 6927): android.widget.TextView: 7401 Park Vista Blvd (68)
D/umd.troyd( 6927): android.widget.TextView: Fort Worth, TX 76137 (69)
D/umd.troyd( 6927): android.widget.RelativeLayout@407e11d8: -1 (70)
D/umd.troyd( 6927): android.widget.LinearLayout@407e15e8: 2131558801 (71)
D/umd.troyd( 6927): android.widget.TextView: 27.45 (72)
D/umd.troyd( 6927): android.widget.TextView: miles (73)
D/umd.troyd( 6927): android.widget.TextView:  (74)
D/umd.troyd( 6927): android.widget.ImageView@40560860: 2131558517 (75)
D/umd.troyd( 6927): android.widget.LinearLayout@4073c798: -1 (76)
D/umd.troyd( 6927): android.widget.RelativeLayout@4055c650: -1 (77)
D/umd.troyd( 6927): android.widget.RelativeLayout@405e2688: -1 (78)
D/umd.troyd( 6927): android.widget.TextView: Neighborhood Market (79)
D/umd.troyd( 6927): android.widget.TextView: 2130 Ruf Snow Drive (80)
D/umd.troyd( 6927): android.widget.TextView: Keller, TX 76248 (81)
D/umd.troyd( 6927): android.widget.RelativeLayout@40745d30: -1 (82)
D/umd.troyd( 6927): android.widget.LinearLayout@4078aa98: 2131558801 (83)
D/umd.troyd( 6927): android.widget.TextView: 27.48 (84)
D/umd.troyd( 6927): android.widget.TextView: miles (85)
D/umd.troyd( 6927): android.widget.TextView:  (86)
D/umd.troyd( 6927): android.widget.ImageView@407d1f90: 2131558517 (87)
D/umd.troyd( 6927): android.widget.RelativeLayout@4071de98: 2131558541 (88)
D/umd.troyd( 6927): android.widget.GridView@4071ea10: 2131558824 (89)
D/umd.troyd( 6927): android.widget.LinearLayout@4071fb90: 2131558538 (90)
D/umd.troyd( 6927): android.widget.RelativeLayout@40720588: 2131558818 (91)
D/umd.troyd( 6927): android.widget.ImageButton@40720ed8: 2131558819 (92)
D/umd.troyd( 6927): android.widget.RelativeLayout@407213f0: -1 (93)
D/umd.troyd( 6927): android.widget.ImageView@407217e0: 2131558820 (94)
D/umd.troyd( 6927): android.widget.TextView: Stores (95)
D/umd.troyd( 6927): android.widget.RelativeLayout@407226e8: -1 (96)
D/umd.troyd( 6927): android.widget.Button:  (97)
D/umd.troyd( 6927): android.widget.ImageView@40723258: 2131558823 (98)
D/umd.troyd( 6927): android.widget.LinearLayout@407234e8: 2131558542 (99)
D/umd.troyd( 6927): got command getViews
D/umd.troyd( 6927): android.widget.FrameLayout@406d0910: 16908290 (0)
D/umd.troyd( 6927): android.widget.RelativeLayout@4071b3e0: 2131558603 (1)
D/umd.troyd( 6927): android.widget.LinearLayout@4071b818: -1 (2)
D/umd.troyd( 6927): com.walmart.android.ui.ViewStackLayout@4071bd68: 2131558797 (3)
D/umd.troyd( 6927): android.widget.RelativeLayout@4072ca28: -1 (4)
D/umd.troyd( 6927): android.widget.RelativeLayout@4072cf90: 2131558790 (5)
D/umd.troyd( 6927): android.widget.LinearLayout@4072db10: 2131558790 (6)
D/umd.troyd( 6927): android.widget.RelativeLayout@4072e2f0: -1 (7)
D/umd.troyd( 6927): android.widget.Button:  (8)
D/umd.troyd( 6927): android.widget.TextView: Search a location (9)
D/umd.troyd( 6927): android.widget.Button:  (10)
D/umd.troyd( 6927): android.widget.Button:  (11)
D/umd.troyd( 6927): android.widget.Button:  (12)
D/umd.troyd( 6927): android.widget.RelativeLayout@40732ba8: 2131558791 (13)
D/umd.troyd( 6927): com.walmart.android.storelocator.StoreMapView@40733e40: 2131558792 (14)
D/umd.troyd( 6927): android.widget.ListView@4073bd00: 2131558521 (15)
D/umd.troyd( 6927): android.widget.LinearLayout@4073c798: -1 (16)
D/umd.troyd( 6927): android.widget.RelativeLayout@4055c650: -1 (17)
D/umd.troyd( 6927): android.widget.RelativeLayout@405e2688: -1 (18)
D/umd.troyd( 6927): android.widget.TextView: Neighborhood Market (19)
D/umd.troyd( 6927): android.widget.TextView: 2130 Ruf Snow Drive (20)
D/umd.troyd( 6927): android.widget.TextView: Keller, TX 76248 (21)
D/umd.troyd( 6927): android.widget.RelativeLayout@40745d30: -1 (22)
D/umd.troyd( 6927): android.widget.LinearLayout@4078aa98: 2131558801 (23)
D/umd.troyd( 6927): android.widget.TextView: 27.48 (24)
D/umd.troyd( 6927): android.widget.TextView: miles (25)
D/umd.troyd( 6927): android.widget.TextView:  (26)
D/umd.troyd( 6927): android.widget.ImageView@407d1f90: 2131558517 (27)
D/umd.troyd( 6927): android.widget.LinearLayout@4061c910: -1 (28)
D/umd.troyd( 6927): android.widget.RelativeLayout@407673e0: -1 (29)
D/umd.troyd( 6927): android.widget.RelativeLayout@40767538: -1 (30)
D/umd.troyd( 6927): android.widget.TextView: Neighborhood Market (31)
D/umd.troyd( 6927): android.widget.TextView: 2201 West Southlake Blvd (32)
D/umd.troyd( 6927): android.widget.TextView: Southlake, TX 76092 (33)
D/umd.troyd( 6927): android.widget.RelativeLayout@4076ea58: -1 (34)
D/umd.troyd( 6927): android.widget.LinearLayout@40610240: 2131558801 (35)
D/umd.troyd( 6927): android.widget.TextView: 27.56 (36)
D/umd.troyd( 6927): android.widget.TextView: miles (37)
D/umd.troyd( 6927): android.widget.TextView:  (38)
D/umd.troyd( 6927): android.widget.ImageView@40790878: 2131558517 (39)
D/umd.troyd( 6927): android.widget.LinearLayout@40791290: -1 (40)
D/umd.troyd( 6927): android.widget.RelativeLayout@4075d1d0: -1 (41)
D/umd.troyd( 6927): android.widget.RelativeLayout@4075d4c8: -1 (42)
D/umd.troyd( 6927): android.widget.TextView: Walmart Supercenter (43)
D/umd.troyd( 6927): android.widget.TextView: 3060 Justin Rd (44)
D/umd.troyd( 6927): android.widget.TextView: Highland Village, TX 75077 (45)
D/umd.troyd( 6927): android.widget.RelativeLayout@40618ca8: -1 (46)
D/umd.troyd( 6927): android.widget.LinearLayout@40699b78: 2131558801 (47)
D/umd.troyd( 6927): android.widget.TextView: 27.69 (48)
D/umd.troyd( 6927): android.widget.TextView: miles (49)
D/umd.troyd( 6927): android.widget.TextView:  (50)
D/umd.troyd( 6927): android.widget.ImageView@40702c38: 2131558517 (51)
D/umd.troyd( 6927): android.widget.LinearLayout@4070e9c8: -1 (52)
D/umd.troyd( 6927): android.widget.RelativeLayout@4070ebb8: -1 (53)
D/umd.troyd( 6927): android.widget.RelativeLayout@40517b78: -1 (54)
D/umd.troyd( 6927): android.widget.TextView: Walmart Supercenter (55)
D/umd.troyd( 6927): android.widget.TextView: 1035 Hickory Creek Blvd (56)
D/umd.troyd( 6927): android.widget.TextView: Hickory Creek, TX 75065 (57)
D/umd.troyd( 6927): android.widget.RelativeLayout@40752408: -1 (58)
D/umd.troyd( 6927): android.widget.LinearLayout@405ee480: 2131558801 (59)
D/umd.troyd( 6927): android.widget.TextView: 28.37 (60)
D/umd.troyd( 6927): android.widget.TextView: miles (61)
D/umd.troyd( 6927): android.widget.TextView:  (62)
D/umd.troyd( 6927): android.widget.ImageView@40707dc0: 2131558517 (63)
D/umd.troyd( 6927): android.widget.LinearLayout@40777910: -1 (64)
D/umd.troyd( 6927): android.widget.RelativeLayout@40777b00: -1 (65)
D/umd.troyd( 6927): android.widget.RelativeLayout@407018f0: -1 (66)
D/umd.troyd( 6927): android.widget.TextView: Walmart Supercenter (67)
D/umd.troyd( 6927): android.widget.TextView: 9101 N Tarrant Pkwy (68)
D/umd.troyd( 6927): android.widget.TextView: North Richland Hill, TX 76182 (69)
D/umd.troyd( 6927): android.widget.RelativeLayout@4061a328: -1 (70)
D/umd.troyd( 6927): android.widget.LinearLayout@4061a6a8: 2131558801 (71)
D/umd.troyd( 6927): android.widget.TextView: 28.53 (72)
D/umd.troyd( 6927): android.widget.TextView: miles (73)
D/umd.troyd( 6927): android.widget.TextView:  (74)
D/umd.troyd( 6927): android.widget.ImageView@4066fc88: 2131558517 (75)
D/umd.troyd( 6927): android.widget.LinearLayout@40754ea0: -1 (76)
D/umd.troyd( 6927): android.widget.RelativeLayout@40755090: -1 (77)
D/umd.troyd( 6927): android.widget.RelativeLayout@407553a8: -1 (78)
D/umd.troyd( 6927): android.widget.TextView: Walmart Supercenter (79)
D/umd.troyd( 6927): android.widget.TextView: 9500 Clifford St (80)
D/umd.troyd( 6927): android.widget.TextView: Fort Worth, TX 76108 (81)
D/umd.troyd( 6927): android.widget.RelativeLayout@40685cf8: -1 (82)
D/umd.troyd( 6927): android.widget.LinearLayout@406115b8: 2131558801 (83)
D/umd.troyd( 6927): android.widget.TextView: 29.20 (84)
D/umd.troyd( 6927): android.widget.TextView: miles (85)
D/umd.troyd( 6927): android.widget.TextView:  (86)
D/umd.troyd( 6927): android.widget.ImageView@40752858: 2131558517 (87)
D/umd.troyd( 6927): android.widget.RelativeLayout@4071de98: 2131558541 (88)
D/umd.troyd( 6927): android.widget.GridView@4071ea10: 2131558824 (89)
D/umd.troyd( 6927): android.widget.LinearLayout@4071fb90: 2131558538 (90)
D/umd.troyd( 6927): android.widget.RelativeLayout@40720588: 2131558818 (91)
D/umd.troyd( 6927): android.widget.ImageButton@40720ed8: 2131558819 (92)
D/umd.troyd( 6927): android.widget.RelativeLayout@407213f0: -1 (93)
D/umd.troyd( 6927): android.widget.ImageView@407217e0: 2131558820 (94)
D/umd.troyd( 6927): android.widget.TextView: Stores (95)
D/umd.troyd( 6927): android.widget.RelativeLayout@407226e8: -1 (96)
D/umd.troyd( 6927): android.widget.Button:  (97)
D/umd.troyd( 6927): android.widget.ImageView@40723258: 2131558823 (98)
D/umd.troyd( 6927): android.widget.LinearLayout@407234e8: 2131558542 (99)
D/umd.troyd( 6927): got command getViews
D/umd.troyd( 6927): android.widget.FrameLayout@406d0910: 16908290 (0)
D/umd.troyd( 6927): android.widget.RelativeLayout@4071b3e0: 2131558603 (1)
D/umd.troyd( 6927): android.widget.LinearLayout@4071b818: -1 (2)
D/umd.troyd( 6927): com.walmart.android.ui.ViewStackLayout@4071bd68: 2131558797 (3)
D/umd.troyd( 6927): android.widget.RelativeLayout@4072ca28: -1 (4)
D/umd.troyd( 6927): android.widget.RelativeLayout@4072cf90: 2131558790 (5)
D/umd.troyd( 6927): android.widget.LinearLayout@4072db10: 2131558790 (6)
D/umd.troyd( 6927): android.widget.RelativeLayout@4072e2f0: -1 (7)
D/umd.troyd( 6927): android.widget.Button:  (8)
D/umd.troyd( 6927): android.widget.TextView: Search a location (9)
D/umd.troyd( 6927): android.widget.Button:  (10)
D/umd.troyd( 6927): android.widget.Button:  (11)
D/umd.troyd( 6927): android.widget.Button:  (12)
D/umd.troyd( 6927): android.widget.RelativeLayout@40732ba8: 2131558791 (13)
D/umd.troyd( 6927): com.walmart.android.storelocator.StoreMapView@40733e40: 2131558792 (14)
D/umd.troyd( 6927): android.widget.ListView@4073bd00: 2131558521 (15)
D/umd.troyd( 6927): android.widget.LinearLayout@40754ea0: -1 (16)
D/umd.troyd( 6927): android.widget.RelativeLayout@40755090: -1 (17)
D/umd.troyd( 6927): android.widget.RelativeLayout@407553a8: -1 (18)
D/umd.troyd( 6927): android.widget.TextView: Walmart Supercenter (19)
D/umd.troyd( 6927): android.widget.TextView: 9500 Clifford St (20)
D/umd.troyd( 6927): android.widget.TextView: Fort Worth, TX 76108 (21)
D/umd.troyd( 6927): android.widget.RelativeLayout@40685cf8: -1 (22)
D/umd.troyd( 6927): android.widget.LinearLayout@406115b8: 2131558801 (23)
D/umd.troyd( 6927): android.widget.TextView: 29.20 (24)
D/umd.troyd( 6927): android.widget.TextView: miles (25)
D/umd.troyd( 6927): android.widget.TextView:  (26)
D/umd.troyd( 6927): android.widget.ImageView@40752858: 2131558517 (27)
D/umd.troyd( 6927): android.widget.LinearLayout@407619c8: -1 (28)
D/umd.troyd( 6927): android.widget.RelativeLayout@40761bb8: -1 (29)
D/umd.troyd( 6927): android.widget.RelativeLayout@4076eec0: -1 (30)
D/umd.troyd( 6927): android.widget.TextView: Neighborhood Market (31)
D/umd.troyd( 6927): android.widget.TextView: 2800 Flower Mound Rd (32)
D/umd.troyd( 6927): android.widget.TextView: Flower Mound, TX 75022 (33)
D/umd.troyd( 6927): android.widget.RelativeLayout@40777e30: -1 (34)
D/umd.troyd( 6927): android.widget.LinearLayout@407781b0: 2131558801 (35)
D/umd.troyd( 6927): android.widget.TextView: 29.47 (36)
D/umd.troyd( 6927): android.widget.TextView: miles (37)
D/umd.troyd( 6927): android.widget.TextView:  (38)
D/umd.troyd( 6927): android.widget.ImageView@4056b0c8: 2131558517 (39)
D/umd.troyd( 6927): android.widget.LinearLayout@407d2138: -1 (40)
D/umd.troyd( 6927): android.widget.RelativeLayout@407d2328: -1 (41)
D/umd.troyd( 6927): android.widget.RelativeLayout@407d26d0: -1 (42)
D/umd.troyd( 6927): android.widget.TextView: Walmart Supercenter (43)
D/umd.troyd( 6927): android.widget.TextView: 6401 Ne Loop 820 (44)
D/umd.troyd( 6927): android.widget.TextView: North Richland Hill, TX 76180 (45)
D/umd.troyd( 6927): android.widget.RelativeLayout@407d39e0: -1 (46)
D/umd.troyd( 6927): android.widget.LinearLayout@407d3df0: 2131558801 (47)
D/umd.troyd( 6927): android.widget.TextView: 29.67 (48)
D/umd.troyd( 6927): android.widget.TextView: miles (49)
D/umd.troyd( 6927): android.widget.TextView:  (50)
D/umd.troyd( 6927): android.widget.ImageView@407d4ea8: 2131558517 (51)
D/umd.troyd( 6927): android.widget.LinearLayout@407d6930: -1 (52)
D/umd.troyd( 6927): android.widget.RelativeLayout@407d6b20: -1 (53)
D/umd.troyd( 6927): android.widget.RelativeLayout@407d6ec8: -1 (54)
D/umd.troyd( 6927): android.widget.TextView: Neighborhood Market (55)
D/umd.troyd( 6927): android.widget.TextView: 1515 Justin Rd (56)
D/umd.troyd( 6927): android.widget.TextView: Lewisville, TX 75077 (57)
D/umd.troyd( 6927): android.widget.RelativeLayout@407d81d8: -1 (58)
D/umd.troyd( 6927): android.widget.LinearLayout@407d85e8: 2131558801 (59)
D/umd.troyd( 6927): android.widget.TextView: 29.79 (60)
D/umd.troyd( 6927): android.widget.TextView: miles (61)
D/umd.troyd( 6927): android.widget.TextView:  (62)
D/umd.troyd( 6927): android.widget.ImageView@407d96a0: 2131558517 (63)
D/umd.troyd( 6927): android.widget.LinearLayout@407db130: -1 (64)
D/umd.troyd( 6927): android.widget.RelativeLayout@407db320: -1 (65)
D/umd.troyd( 6927): android.widget.RelativeLayout@407db6c8: -1 (66)
D/umd.troyd( 6927): android.widget.TextView: Walmart Supercenter (67)
D/umd.troyd( 6927): android.widget.TextView: 2801 E Interstate 20 (68)
D/umd.troyd( 6927): android.widget.TextView: Hudson Oaks, TX 76087 (69)
D/umd.troyd( 6927): android.widget.RelativeLayout@407dc9d8: -1 (70)
D/umd.troyd( 6927): android.widget.LinearLayout@407dcde8: 2131558801 (71)
D/umd.troyd( 6927): android.widget.TextView: 29.87 (72)
D/umd.troyd( 6927): android.widget.TextView: miles (73)
D/umd.troyd( 6927): android.widget.TextView:  (74)
D/umd.troyd( 6927): android.widget.ImageView@407ddea0: 2131558517 (75)
D/umd.troyd( 6927): android.widget.LinearLayout@407df930: -1 (76)
D/umd.troyd( 6927): android.widget.RelativeLayout@407dfb20: -1 (77)
D/umd.troyd( 6927): android.widget.RelativeLayout@407dfec8: -1 (78)
D/umd.troyd( 6927): android.widget.TextView: Walmart Supercenter (79)
D/umd.troyd( 6927): android.widget.TextView: 6770 Westworth Blvd (80)
D/umd.troyd( 6927): android.widget.TextView: Westworth Village, TX 76114 (81)
D/umd.troyd( 6927): android.widget.RelativeLayout@407e11d8: -1 (82)
D/umd.troyd( 6927): android.widget.LinearLayout@407e15e8: 2131558801 (83)
D/umd.troyd( 6927): android.widget.TextView: 30.39 (84)
D/umd.troyd( 6927): android.widget.TextView: miles (85)
D/umd.troyd( 6927): android.widget.TextView:  (86)
D/umd.troyd( 6927): android.widget.ImageView@40560860: 2131558517 (87)
D/umd.troyd( 6927): android.widget.RelativeLayout@4071de98: 2131558541 (88)
D/umd.troyd( 6927): android.widget.GridView@4071ea10: 2131558824 (89)
D/umd.troyd( 6927): android.widget.LinearLayout@4071fb90: 2131558538 (90)
D/umd.troyd( 6927): android.widget.RelativeLayout@40720588: 2131558818 (91)
D/umd.troyd( 6927): android.widget.ImageButton@40720ed8: 2131558819 (92)
D/umd.troyd( 6927): android.widget.RelativeLayout@407213f0: -1 (93)
D/umd.troyd( 6927): android.widget.ImageView@407217e0: 2131558820 (94)
D/umd.troyd( 6927): android.widget.TextView: Stores (95)
D/umd.troyd( 6927): android.widget.RelativeLayout@407226e8: -1 (96)
D/umd.troyd( 6927): android.widget.Button:  (97)
D/umd.troyd( 6927): android.widget.ImageView@40723258: 2131558823 (98)
D/umd.troyd( 6927): android.widget.LinearLayout@407234e8: 2131558542 (99)
D/umd.troyd( 6927): got command getViews
D/umd.troyd( 6927): android.widget.FrameLayout@406d0910: 16908290 (0)
D/umd.troyd( 6927): android.widget.RelativeLayout@4071b3e0: 2131558603 (1)
D/umd.troyd( 6927): android.widget.LinearLayout@4071b818: -1 (2)
D/umd.troyd( 6927): com.walmart.android.ui.ViewStackLayout@4071bd68: 2131558797 (3)
D/umd.troyd( 6927): android.widget.RelativeLayout@4072ca28: -1 (4)
D/umd.troyd( 6927): android.widget.RelativeLayout@4072cf90: 2131558790 (5)
D/umd.troyd( 6927): android.widget.LinearLayout@4072db10: 2131558790 (6)
D/umd.troyd( 6927): android.widget.RelativeLayout@4072e2f0: -1 (7)
D/umd.troyd( 6927): android.widget.Button:  (8)
D/umd.troyd( 6927): android.widget.TextView: Search a location (9)
D/umd.troyd( 6927): android.widget.Button:  (10)
D/umd.troyd( 6927): android.widget.Button:  (11)
D/umd.troyd( 6927): android.widget.Button:  (12)
D/umd.troyd( 6927): android.widget.RelativeLayout@40732ba8: 2131558791 (13)
D/umd.troyd( 6927): com.walmart.android.storelocator.StoreMapView@40733e40: 2131558792 (14)
D/umd.troyd( 6927): android.widget.ListView@4073bd00: 2131558521 (15)
D/umd.troyd( 6927): android.widget.LinearLayout@407df930: -1 (16)
D/umd.troyd( 6927): android.widget.RelativeLayout@407dfb20: -1 (17)
D/umd.troyd( 6927): android.widget.RelativeLayout@407dfec8: -1 (18)
D/umd.troyd( 6927): android.widget.TextView: Walmart Supercenter (19)
D/umd.troyd( 6927): android.widget.TextView: 6770 Westworth Blvd (20)
D/umd.troyd( 6927): android.widget.TextView: Westworth Village, TX 76114 (21)
D/umd.troyd( 6927): android.widget.RelativeLayout@407e11d8: -1 (22)
D/umd.troyd( 6927): android.widget.LinearLayout@407e15e8: 2131558801 (23)
D/umd.troyd( 6927): android.widget.TextView: 30.39 (24)
D/umd.troyd( 6927): android.widget.TextView: miles (25)
D/umd.troyd( 6927): android.widget.TextView:  (26)
D/umd.troyd( 6927): android.widget.ImageView@40560860: 2131558517 (27)
D/umd.troyd( 6927): android.widget.LinearLayout@4073c798: -1 (28)
D/umd.troyd( 6927): android.widget.RelativeLayout@4055c650: -1 (29)
D/umd.troyd( 6927): android.widget.RelativeLayout@405e2688: -1 (30)
D/umd.troyd( 6927): android.widget.TextView: Neighborhood Market (31)
D/umd.troyd( 6927): android.widget.TextView: 4904 Colleyville Blvd (32)
D/umd.troyd( 6927): android.widget.TextView: Colleyville, TX 76034 (33)
D/umd.troyd( 6927): android.widget.RelativeLayout@40745d30: -1 (34)
D/umd.troyd( 6927): android.widget.LinearLayout@4078aa98: 2131558801 (35)
D/umd.troyd( 6927): android.widget.TextView: 30.85 (36)
D/umd.troyd( 6927): android.widget.TextView: miles (37)
D/umd.troyd( 6927): android.widget.TextView:  (38)
D/umd.troyd( 6927): android.widget.ImageView@407d1f90: 2131558517 (39)
D/umd.troyd( 6927): android.widget.LinearLayout@4061c910: -1 (40)
D/umd.troyd( 6927): android.widget.RelativeLayout@407673e0: -1 (41)
D/umd.troyd( 6927): android.widget.RelativeLayout@40767538: -1 (42)
D/umd.troyd( 6927): android.widget.TextView: Walmart Supercenter (43)
D/umd.troyd( 6927): android.widget.TextView: 1601 W State Highway 114 (44)
D/umd.troyd( 6927): android.widget.TextView: Grapevine, TX 76051 (45)
D/umd.troyd( 6927): android.widget.RelativeLayout@4076ea58: -1 (46)
D/umd.troyd( 6927): android.widget.LinearLayout@40610240: 2131558801 (47)
D/umd.troyd( 6927): android.widget.TextView: 31.05 (48)
D/umd.troyd( 6927): android.widget.TextView: miles (49)
D/umd.troyd( 6927): android.widget.TextView:  (50)
D/umd.troyd( 6927): android.widget.ImageView@40790878: 2131558517 (51)
D/umd.troyd( 6927): android.widget.LinearLayout@40791290: -1 (52)
D/umd.troyd( 6927): android.widget.RelativeLayout@4075d1d0: -1 (53)
D/umd.troyd( 6927): android.widget.RelativeLayout@4075d4c8: -1 (54)
D/umd.troyd( 6927): android.widget.TextView: Walmart Supercenter (55)
D/umd.troyd( 6927): android.widget.TextView: 801 W Main St (56)
D/umd.troyd( 6927): android.widget.TextView: Lewisville, TX 75067 (57)
D/umd.troyd( 6927): android.widget.RelativeLayout@40618ca8: -1 (58)
D/umd.troyd( 6927): android.widget.LinearLayout@40699b78: 2131558801 (59)
D/umd.troyd( 6927): android.widget.TextView: 31.31 (60)
D/umd.troyd( 6927): android.widget.TextView: miles (61)
D/umd.troyd( 6927): android.widget.TextView:  (62)
D/umd.troyd( 6927): android.widget.ImageView@40702c38: 2131558517 (63)
D/umd.troyd( 6927): android.widget.LinearLayout@4070e9c8: -1 (64)
D/umd.troyd( 6927): android.widget.RelativeLayout@4070ebb8: -1 (65)
D/umd.troyd( 6927): android.widget.RelativeLayout@40517b78: -1 (66)
D/umd.troyd( 6927): android.widget.TextView: Walmart Supercenter (67)
D/umd.troyd( 6927): android.widget.TextView: 1732 Precinct Line Rd (68)
D/umd.troyd( 6927): android.widget.TextView: Hurst, TX 76054 (69)
D/umd.troyd( 6927): android.widget.RelativeLayout@40752408: -1 (70)
D/umd.troyd( 6927): android.widget.LinearLayout@405ee480: 2131558801 (71)
D/umd.troyd( 6927): android.widget.TextView: 31.53 (72)
D/umd.troyd( 6927): android.widget.TextView: miles (73)
D/umd.troyd( 6927): android.widget.TextView:  (74)
D/umd.troyd( 6927): android.widget.ImageView@40707dc0: 2131558517 (75)
D/umd.troyd( 6927): android.widget.LinearLayout@40777910: -1 (76)
D/umd.troyd( 6927): android.widget.RelativeLayout@40777b00: -1 (77)
D/umd.troyd( 6927): android.widget.RelativeLayout@407018f0: -1 (78)
D/umd.troyd( 6927): android.widget.TextView: Walmart Supercenter (79)
D/umd.troyd( 6927): android.widget.TextView: 3851 Airport Fwy (80)
D/umd.troyd( 6927): android.widget.TextView: Fort Worth, TX 76111 (81)
D/umd.troyd( 6927): android.widget.RelativeLayout@4061a328: -1 (82)
D/umd.troyd( 6927): android.widget.LinearLayout@4061a6a8: 2131558801 (83)
D/umd.troyd( 6927): android.widget.TextView: 32.01 (84)
D/umd.troyd( 6927): android.widget.TextView: miles (85)
D/umd.troyd( 6927): android.widget.TextView:  (86)
D/umd.troyd( 6927): android.widget.ImageView@4066fc88: 2131558517 (87)
D/umd.troyd( 6927): android.widget.RelativeLayout@4071de98: 2131558541 (88)
D/umd.troyd( 6927): android.widget.GridView@4071ea10: 2131558824 (89)
D/umd.troyd( 6927): android.widget.LinearLayout@4071fb90: 2131558538 (90)
D/umd.troyd( 6927): android.widget.RelativeLayout@40720588: 2131558818 (91)
D/umd.troyd( 6927): android.widget.ImageButton@40720ed8: 2131558819 (92)
D/umd.troyd( 6927): android.widget.RelativeLayout@407213f0: -1 (93)
D/umd.troyd( 6927): android.widget.ImageView@407217e0: 2131558820 (94)
D/umd.troyd( 6927): android.widget.TextView: Stores (95)
D/umd.troyd( 6927): android.widget.RelativeLayout@407226e8: -1 (96)
D/umd.troyd( 6927): android.widget.Button:  (97)
D/umd.troyd( 6927): android.widget.ImageView@40723258: 2131558823 (98)
D/umd.troyd( 6927): android.widget.LinearLayout@407234e8: 2131558542 (99)
