android.widget.FrameLayout@40587a70
android.widget.LinearLayout@40588520
android.widget.FrameLayout@405887d0
android.widget.ImageView@40588a80
android.widget.RelativeLayout@40588f18
android.widget.ImageButton@40589528
android.widget.EditText: 
android.widget.Button: Map
android.widget.RelativeLayout@4058cbd8
android.widget.EditText: 
android.widget.Button: Cancel
android.widget.RelativeLayout@4058efe8
android.widget.LinearLayout@4058f390
android.widget.TextView: Locations
com.google.android.maps.MapView@40590b88
android.widget.LinearLayout@40528c38
android.widget.TextView: Locations
android.widget.ScrollView@40524330
android.widget.TableLayout@405ac948
android.widget.TableRow@40623f88
android.widget.ImageView@4060dbf0
android.widget.TextView: 995 Morris Avenue (Kean University)
android.widget.TextView: 1.01 mi
android.widget.TableRow@4061cb30
android.widget.ImageView@4061cfd8
android.widget.TextView: 995 Morris Avenue
android.widget.TextView: 1.01 mi
android.widget.TableRow@40614698
android.widget.ImageView@40621130
android.widget.TextView: 570 Chestnut Street
android.widget.TextView: 2.81 mi
android.widget.TableRow@40624a20
android.widget.ImageView@40624e68
android.widget.TextView: 570 Chestnut Street
android.widget.TextView: 2.83 mi
android.widget.TableRow@40579fc0
android.widget.ImageView@4057a468
android.widget.TextView: 2265 Morris Avenue
android.widget.TextView: 3.67 mi
android.widget.TableRow@4060b388
android.widget.ImageView@4060b830
android.widget.TextView: 2265 Morris Avenue
android.widget.TextView: 3.67 mi
android.widget.TableRow@40654728
android.widget.ImageView@40654bd0
android.widget.TextView: 37 Saint Georges Avenue
android.widget.TextView: 3.81 mi
android.widget.TableRow@40618f10
android.widget.ImageView@40615558
android.widget.TextView: 37 Saint Georges Avenue
android.widget.TextView: 3.81 mi
android.widget.TableRow@40616520
android.widget.ImageView@40575fd8
android.widget.TextView: 356 Springfield Avenue
android.widget.TextView: 3.85 mi
android.widget.TableRow@40610a28
android.widget.ImageView@40610d80
android.widget.TextView: 105-109 Mulberry Street
android.widget.TextView: 4.56 mi
android.widget.TableRow@40622460
android.widget.ImageView@40622908
android.widget.TextView: 105-109 Mulberry Street
android.widget.TextView: 4.57 mi
android.widget.TableRow@40551580
android.widget.ImageView@40551a10
android.widget.TextView: 1180 Raymond Boulevard
android.widget.TextView: 4.64 mi
android.widget.TableRow@405529d8
android.widget.ImageView@4061e618
android.widget.TextView: 1180 Raymond Boulevard
android.widget.TextView: 4.64 mi
android.widget.TableRow@4061f640
android.widget.ImageView@4061fae8
android.widget.TextView: 465 S Avenue
android.widget.TextView: 4.64 mi
android.widget.TableRow@4060f1c0
android.widget.ImageView@4060f668
android.widget.TextView: 465 S Avenue
android.widget.TextView: 4.68 mi
android.widget.TableRow@406270d8
android.widget.ImageView@40627580
android.widget.TextView: 166 Morris Avenue
android.widget.TextView: 5.29 mi
android.widget.TableRow@4054f120
android.widget.ImageView@4054f5c8
android.widget.TextView: 166 Morris Avenue
android.widget.TextView: 5.29 mi
android.widget.TableRow@40550590
android.widget.ImageView@40550a38
android.widget.TextView: 1600 Forest Avenue
android.widget.TextView: 5.44 mi
android.widget.TableRow@40577e28
android.widget.ImageView@40578268
android.widget.TextView: 1600 Forest Avenue
android.widget.TextView: 5.45 mi
android.widget.TableRow@40540480
android.widget.ImageView@40540928
android.widget.TextView: 1837 Richmond Avenue
android.widget.TextView: 5.97 mi
android.widget.FrameLayout@4053f598
android.widget.ImageView@4053a2e8
android.widget.Button: Filter
android.widget.LinearLayout@4053b030
android.widget.FrameLayout@4060ff00
android.widget.ImageView@4053b8d0
android.widget.Button: Filter
android.widget.FrameLayout@40611ff8
android.widget.Button: Done
android.widget.FrameLayout@40613330
android.widget.ImageView@4053bc68
android.widget.TextView: Stores
android.widget.ImageView@4053bfc8
android.widget.FrameLayout@40613868
android.widget.ImageView@4053c6d0
android.widget.TextView: ATMs
android.widget.ImageView@4053cb28
android.widget.FrameLayout@40587a70
android.widget.LinearLayout@40588520
android.widget.FrameLayout@405887d0
android.widget.ImageView@40588a80
android.widget.RelativeLayout@40588f18
android.widget.ImageButton@40589528
android.widget.EditText: 
android.widget.Button: Map
android.widget.RelativeLayout@4058cbd8
android.widget.EditText: 
android.widget.Button: Cancel
android.widget.RelativeLayout@4058efe8
android.widget.LinearLayout@4058f390
android.widget.TextView: Locations
com.google.android.maps.MapView@40590b88
android.widget.LinearLayout@40528c38
android.widget.TextView: Locations
android.widget.ScrollView@40524330
android.widget.TableLayout@405ac948
android.widget.TableRow@40623f88
android.widget.ImageView@4060dbf0
android.widget.TextView: 995 Morris Avenue (Kean University)
android.widget.TextView: 1.01 mi
android.widget.TableRow@4061cb30
android.widget.ImageView@4061cfd8
android.widget.TextView: 995 Morris Avenue
android.widget.TextView: 1.01 mi
android.widget.TableRow@40614698
android.widget.ImageView@40621130
android.widget.TextView: 570 Chestnut Street
android.widget.TextView: 2.81 mi
android.widget.TableRow@40624a20
android.widget.ImageView@40624e68
android.widget.TextView: 570 Chestnut Street
android.widget.TextView: 2.83 mi
android.widget.TableRow@40579fc0
android.widget.ImageView@4057a468
android.widget.TextView: 2265 Morris Avenue
android.widget.TextView: 3.67 mi
android.widget.TableRow@4060b388
android.widget.ImageView@4060b830
android.widget.TextView: 2265 Morris Avenue
android.widget.TextView: 3.67 mi
android.widget.TableRow@40654728
android.widget.ImageView@40654bd0
android.widget.TextView: 37 Saint Georges Avenue
android.widget.TextView: 3.81 mi
android.widget.TableRow@40618f10
android.widget.ImageView@40615558
android.widget.TextView: 37 Saint Georges Avenue
android.widget.TextView: 3.81 mi
android.widget.TableRow@40616520
android.widget.ImageView@40575fd8
android.widget.TextView: 356 Springfield Avenue
android.widget.TextView: 3.85 mi
android.widget.TableRow@40610a28
android.widget.ImageView@40610d80
android.widget.TextView: 105-109 Mulberry Street
android.widget.TextView: 4.56 mi
android.widget.TableRow@40622460
android.widget.ImageView@40622908
android.widget.TextView: 105-109 Mulberry Street
android.widget.TextView: 4.57 mi
android.widget.TableRow@40551580
android.widget.ImageView@40551a10
android.widget.TextView: 1180 Raymond Boulevard
android.widget.TextView: 4.64 mi
android.widget.TableRow@405529d8
android.widget.ImageView@4061e618
android.widget.TextView: 1180 Raymond Boulevard
android.widget.TextView: 4.64 mi
android.widget.TableRow@4061f640
android.widget.ImageView@4061fae8
android.widget.TextView: 465 S Avenue
android.widget.TextView: 4.64 mi
android.widget.TableRow@4060f1c0
android.widget.ImageView@4060f668
android.widget.TextView: 465 S Avenue
android.widget.TextView: 4.68 mi
android.widget.TableRow@406270d8
android.widget.ImageView@40627580
android.widget.TextView: 166 Morris Avenue
android.widget.TextView: 5.29 mi
android.widget.TableRow@4054f120
android.widget.ImageView@4054f5c8
android.widget.TextView: 166 Morris Avenue
android.widget.TextView: 5.29 mi
android.widget.TableRow@40550590
android.widget.ImageView@40550a38
android.widget.TextView: 1600 Forest Avenue
android.widget.TextView: 5.44 mi
android.widget.TableRow@40577e28
android.widget.ImageView@40578268
android.widget.TextView: 1600 Forest Avenue
android.widget.TextView: 5.45 mi
android.widget.TableRow@40540480
android.widget.ImageView@40540928
android.widget.TextView: 1837 Richmond Avenue
android.widget.TextView: 5.97 mi
android.widget.FrameLayout@4053f598
android.widget.ImageView@4053a2e8
android.widget.Button: Filter
android.widget.LinearLayout@4053b030
android.widget.FrameLayout@4060ff00
android.widget.ImageView@4053b8d0
android.widget.Button: Filter
android.widget.FrameLayout@40611ff8
android.widget.Button: Done
android.widget.FrameLayout@40613330
android.widget.ImageView@4053bc68
android.widget.TextView: Stores
android.widget.ImageView@4053bfc8
android.widget.FrameLayout@40613868
android.widget.ImageView@4053c6d0
android.widget.TextView: ATMs
android.widget.ImageView@4053cb28
android.widget.FrameLayout@40587a70
android.widget.LinearLayout@40588520
android.widget.FrameLayout@405887d0
android.widget.ImageView@40588a80
android.widget.RelativeLayout@40588f18
android.widget.ImageButton@40589528
android.widget.EditText: 
android.widget.Button: Map
android.widget.RelativeLayout@4058cbd8
android.widget.EditText: 
android.widget.Button: Cancel
android.widget.RelativeLayout@4058efe8
android.widget.LinearLayout@4058f390
android.widget.TextView: Locations
com.google.android.maps.MapView@40590b88
android.widget.LinearLayout@40528c38
android.widget.TextView: Locations
android.widget.ScrollView@40524330
android.widget.TableLayout@405ac948
android.widget.TableRow@40623f88
android.widget.ImageView@4060dbf0
android.widget.TextView: 995 Morris Avenue (Kean University)
android.widget.TextView: 1.01 mi
android.widget.TableRow@4061cb30
android.widget.ImageView@4061cfd8
android.widget.TextView: 995 Morris Avenue
android.widget.TextView: 1.01 mi
android.widget.TableRow@40614698
android.widget.ImageView@40621130
android.widget.TextView: 570 Chestnut Street
android.widget.TextView: 2.81 mi
android.widget.TableRow@40624a20
android.widget.ImageView@40624e68
android.widget.TextView: 570 Chestnut Street
android.widget.TextView: 2.83 mi
android.widget.TableRow@40579fc0
android.widget.ImageView@4057a468
android.widget.TextView: 2265 Morris Avenue
android.widget.TextView: 3.67 mi
android.widget.TableRow@4060b388
android.widget.ImageView@4060b830
android.widget.TextView: 2265 Morris Avenue
android.widget.TextView: 3.67 mi
android.widget.TableRow@40654728
android.widget.ImageView@40654bd0
android.widget.TextView: 37 Saint Georges Avenue
android.widget.TextView: 3.81 mi
android.widget.TableRow@40618f10
android.widget.ImageView@40615558
android.widget.TextView: 37 Saint Georges Avenue
android.widget.TextView: 3.81 mi
android.widget.TableRow@40616520
android.widget.ImageView@40575fd8
android.widget.TextView: 356 Springfield Avenue
android.widget.TextView: 3.85 mi
android.widget.TableRow@40610a28
android.widget.ImageView@40610d80
android.widget.TextView: 105-109 Mulberry Street
android.widget.TextView: 4.56 mi
android.widget.TableRow@40622460
android.widget.ImageView@40622908
android.widget.TextView: 105-109 Mulberry Street
android.widget.TextView: 4.57 mi
android.widget.TableRow@40551580
android.widget.ImageView@40551a10
android.widget.TextView: 1180 Raymond Boulevard
android.widget.TextView: 4.64 mi
android.widget.TableRow@405529d8
android.widget.ImageView@4061e618
android.widget.TextView: 1180 Raymond Boulevard
android.widget.TextView: 4.64 mi
android.widget.TableRow@4061f640
android.widget.ImageView@4061fae8
android.widget.TextView: 465 S Avenue
android.widget.TextView: 4.64 mi
android.widget.TableRow@4060f1c0
android.widget.ImageView@4060f668
android.widget.TextView: 465 S Avenue
android.widget.TextView: 4.68 mi
android.widget.TableRow@406270d8
android.widget.ImageView@40627580
android.widget.TextView: 166 Morris Avenue
android.widget.TextView: 5.29 mi
android.widget.TableRow@4054f120
android.widget.ImageView@4054f5c8
android.widget.TextView: 166 Morris Avenue
android.widget.TextView: 5.29 mi
android.widget.TableRow@40550590
android.widget.ImageView@40550a38
android.widget.TextView: 1600 Forest Avenue
android.widget.TextView: 5.44 mi
android.widget.TableRow@40577e28
android.widget.ImageView@40578268
android.widget.TextView: 1600 Forest Avenue
android.widget.TextView: 5.45 mi
android.widget.TableRow@40540480
android.widget.ImageView@40540928
android.widget.TextView: 1837 Richmond Avenue
android.widget.TextView: 5.97 mi
android.widget.FrameLayout@4053f598
android.widget.ImageView@4053a2e8
android.widget.Button: Filter
android.widget.LinearLayout@4053b030
android.widget.FrameLayout@4060ff00
android.widget.ImageView@4053b8d0
android.widget.Button: Filter
android.widget.FrameLayout@40611ff8
android.widget.Button: Done
android.widget.FrameLayout@40613330
android.widget.ImageView@4053bc68
android.widget.TextView: Stores
android.widget.ImageView@4053bfc8
android.widget.FrameLayout@40613868
android.widget.ImageView@4053c6d0
android.widget.TextView: ATMs
android.widget.ImageView@4053cb28
