android.widget.FrameLayout@405c3c70
android.widget.RelativeLayout@4058cf00
android.widget.LinearLayout@405848d0
android.view.View@407049f8
android.widget.RelativeLayout@406f3878
android.widget.TextView: Regular
android.view.View@407292d8
android.view.View@40704650
android.widget.RelativeLayout@405db278
android.widget.TextView: Midgrade
android.view.View@406a52b0
android.view.View@40704798
android.widget.RelativeLayout@406ad290
android.widget.TextView: Premium
android.view.View@40667958
android.view.View@407048c8
android.widget.RelativeLayout@40667b08
android.widget.TextView: Diesel
android.view.View@407013e8
android.view.View@40707a38
android.view.View@405f29b8
android.widget.LinearLayout@40551770
android.widget.RelativeLayout@405883f8
android.widget.ImageView@405d5510
android.widget.TextView: Reload
android.widget.RelativeLayout@406b85d8
android.widget.ImageView@406b9e08
android.widget.TextView: Sort By Price
android.widget.RelativeLayout@406ba748
android.widget.ImageView@405941e0
android.widget.TextView: Map View
android.view.View@405c3ee8
gbis.gbandroid.views.layouts.CustomListView@406b50d0
android.widget.RelativeLayout@4070cc50
com.google.ads.AdView@4071f5c8
android.gesture.GestureOverlayView@40662fd0
android.widget.FrameLayout@40722d18
com.google.ads.internal.AdWebView@40656a80
android.widget.TableLayout@407124c0
android.widget.TableRow@40712a90
android.widget.RelativeLayout@40713150
android.widget.RelativeLayout@407159b0
android.widget.TextView: 3.15
android.widget.TextView: 9
android.widget.TextView: 15 hours ago
android.widget.TextView: Update
android.widget.RelativeLayout@40719538
android.widget.ImageView@40719910
android.widget.TextView: Texaco
android.widget.TextView: 1105 N US-287 & FM-1810
android.widget.TextView: Decatur, TX
android.widget.TextView: 2.41 mi
android.widget.TableLayout@406f86b0
android.widget.TableRow@406fb190
android.widget.RelativeLayout@406fb850
android.widget.RelativeLayout@406fbc28
android.widget.TextView: 3.19
android.widget.TextView: 9
android.widget.TextView: 15 hours ago
android.widget.TextView: Update
android.widget.RelativeLayout@40701920
android.widget.ImageView@40701c40
android.widget.TextView: Shell
android.widget.TextView: 200 US-287 N  & W Walnut St
android.widget.TextView: Decatur, TX
android.widget.TextView: 2.88 mi
android.widget.TableLayout@406dfd58
android.widget.TableRow@406e02f0
android.widget.RelativeLayout@406e2ee0
android.widget.RelativeLayout@406e32a0
android.widget.TextView: 3.14
android.widget.TextView: 9
android.widget.TextView: 15 hours ago
android.widget.TextView: Update
android.widget.RelativeLayout@406e6ff8
android.widget.ImageView@406e73b8
android.widget.TextView: Chevron
android.widget.TextView: 114 US-287 N  & W Walnut St
android.widget.TextView: Decatur, TX
android.widget.TextView: 2.9 mi
android.widget.TableLayout@406c13b8
android.widget.TableRow@406c1d68
android.widget.RelativeLayout@406c5200
android.widget.RelativeLayout@406c7c60
android.widget.TextView: 3.15
android.widget.TextView: 9
android.widget.TextView: 10 hours ago
android.widget.TextView: Update
android.widget.RelativeLayout@406cbae0
android.widget.ImageView@406cbf00
android.widget.TextView: Murphy USA
android.widget.TextView: 806 S US-287 & FM-51
android.widget.TextView: Decatur, TX
android.widget.TextView: 3.05 mi
android.widget.RelativeLayout@40702e18
android.widget.FrameLayout@405c3c70
android.widget.RelativeLayout@4058cf00
android.widget.LinearLayout@405848d0
android.view.View@407049f8
android.widget.RelativeLayout@406f3878
android.widget.TextView: Regular
android.view.View@407292d8
android.view.View@40704650
android.widget.RelativeLayout@405db278
android.widget.TextView: Midgrade
android.view.View@406a52b0
android.view.View@40704798
android.widget.RelativeLayout@406ad290
android.widget.TextView: Premium
android.view.View@40667958
android.view.View@407048c8
android.widget.RelativeLayout@40667b08
android.widget.TextView: Diesel
android.view.View@407013e8
android.view.View@40707a38
android.view.View@405f29b8
android.widget.LinearLayout@40551770
android.widget.RelativeLayout@405883f8
android.widget.ImageView@405d5510
android.widget.TextView: Reload
android.widget.RelativeLayout@406b85d8
android.widget.ImageView@406b9e08
android.widget.TextView: Sort By Price
android.widget.RelativeLayout@406ba748
android.widget.ImageView@405941e0
android.widget.TextView: Map View
android.view.View@405c3ee8
gbis.gbandroid.views.layouts.CustomListView@406b50d0
android.widget.TableLayout@406c13b8
android.widget.TableRow@406c1d68
android.widget.RelativeLayout@406c5200
android.widget.RelativeLayout@406c7c60
android.widget.TextView: 3.15
android.widget.TextView: 9
android.widget.TextView: 10 hours ago
android.widget.TextView: Update
android.widget.RelativeLayout@406cbae0
android.widget.ImageView@406cbf00
android.widget.TextView: Murphy USA
android.widget.TextView: 806 S US-287 & FM-51
android.widget.TextView: Decatur, TX
android.widget.TextView: 3.05 mi
android.widget.TableLayout@407b6680
android.widget.TableRow@407b6c50
android.widget.RelativeLayout@407b7310
android.widget.RelativeLayout@407b76e8
android.widget.TextView: 3.15
android.widget.TextView: 9
android.widget.TextView: 11 hours ago
android.widget.TextView: Update
android.widget.RelativeLayout@407b8ef8
android.widget.ImageView@407b92d0
android.widget.TextView: Unbranded
android.widget.TextView: 1210 S FM-51 & W Reeves Ave
android.widget.TextView: Decatur, TX
android.widget.TextView: 3.12 mi
android.widget.TableLayout@4057c678
android.widget.TableRow@4057c4d8
android.widget.RelativeLayout@4055a630
android.widget.RelativeLayout@4057eec8
android.widget.TextView: 3.15
android.widget.TextView: 9
android.widget.TextView: 11 hours ago
android.widget.TextView: Update
android.widget.RelativeLayout@4059ac60
android.widget.ImageView@4054da10
android.widget.TextView: Exxon
android.widget.TextView: 1105 S FM-51 & US-287
android.widget.TextView: Decatur, TX
android.widget.TextView: 3.15 mi
android.widget.TableLayout@4057e4a8
android.widget.TableRow@406647f0
android.widget.RelativeLayout@4059c358
android.widget.RelativeLayout@40662dd8
android.widget.TextView: 3.15
android.widget.TextView: 9
android.widget.TextView: 10 hours ago
android.widget.TextView: Update
android.widget.RelativeLayout@406833c0
android.widget.ImageView@405b3940
android.widget.TextView: Alon
android.widget.TextView: 1305 S US-287  & S Trenchard St
android.widget.TextView: Decatur, TX
android.widget.TextView: 3.29 mi
android.widget.TableLayout@4057f2a8
android.widget.TableRow@4066db98
android.widget.RelativeLayout@40683b28
android.widget.RelativeLayout@4069c820
android.widget.TextView: --
android.widget.TextView: 9
android.widget.TextView: time
android.widget.TextView: Report Price
android.widget.RelativeLayout@406a20d0
android.widget.ImageView@405cbd10
android.widget.TextView: Alon
android.widget.TextView: 201 N Cates St & E Walnut St
android.widget.TextView: Decatur, TX
android.widget.TextView: 3.63 mi
android.widget.RelativeLayout@40702e18
android.widget.FrameLayout@405c3c70
android.widget.RelativeLayout@4058cf00
android.widget.LinearLayout@405848d0
android.view.View@407049f8
android.widget.RelativeLayout@406f3878
android.widget.TextView: Regular
android.view.View@407292d8
android.view.View@40704650
android.widget.RelativeLayout@405db278
android.widget.TextView: Midgrade
android.view.View@406a52b0
android.view.View@40704798
android.widget.RelativeLayout@406ad290
android.widget.TextView: Premium
android.view.View@40667958
android.view.View@407048c8
android.widget.RelativeLayout@40667b08
android.widget.TextView: Diesel
android.view.View@407013e8
android.view.View@40707a38
android.view.View@405f29b8
android.widget.LinearLayout@40551770
android.widget.RelativeLayout@405883f8
android.widget.ImageView@405d5510
android.widget.TextView: Reload
android.widget.RelativeLayout@406b85d8
android.widget.ImageView@406b9e08
android.widget.TextView: Sort By Price
android.widget.RelativeLayout@406ba748
android.widget.ImageView@405941e0
android.widget.TextView: Map View
android.view.View@405c3ee8
gbis.gbandroid.views.layouts.CustomListView@406b50d0
android.widget.TableLayout@4057f2a8
android.widget.TableRow@4066db98
android.widget.RelativeLayout@40683b28
android.widget.RelativeLayout@4069c820
android.widget.TextView: --
android.widget.TextView: 9
android.widget.TextView: time
android.widget.TextView: Report Price
android.widget.RelativeLayout@406a20d0
android.widget.ImageView@405cbd10
android.widget.TextView: Alon
android.widget.TextView: 201 N Cates St & E Walnut St
android.widget.TextView: Decatur, TX
android.widget.TextView: 3.63 mi
android.widget.TableLayout@405898a0
android.widget.TableRow@40676ee8
android.widget.RelativeLayout@406b9110
android.widget.RelativeLayout@406b9638
android.widget.TextView: 3.29
android.widget.TextView: 9
android.widget.TextView: Mon 4:51 PM
android.widget.TextView: Update
android.widget.RelativeLayout@406bb510
android.widget.ImageView@4060e770
android.widget.TextView: Shell
android.widget.TextView: 2105 S College Ave & US-287
android.widget.TextView: Decatur, TX
android.widget.TextView: 3.99 mi
android.widget.TableLayout@405fe8c0
android.widget.TableRow@4069d458
android.widget.RelativeLayout@406bd070
android.widget.RelativeLayout@406bd518
android.widget.TextView: 3.25
android.widget.TextView: 9
android.widget.TextView: 8 hours ago
android.widget.TextView: Update
android.widget.RelativeLayout@406bee70
android.widget.ImageView@4062bd90
android.widget.TextView: Shell
android.widget.TextView: 1306 E US-380 Bus & FM-51
android.widget.TextView: Decatur, TX
android.widget.TextView: 4.25 mi
android.widget.TableLayout@406014f0
android.widget.TableRow@406df150
android.widget.RelativeLayout@406c0730
android.widget.RelativeLayout@406c2530
android.widget.TextView: --
android.widget.TextView: 9
android.widget.TextView: time
android.widget.TextView: Report Price
android.widget.RelativeLayout@406c3e38
android.widget.ImageView@4062eab0
android.widget.TextView: Phillips 66
android.widget.TextView: 1605 16th St & Thompson St
android.widget.TextView: Bridgeport, TX
android.widget.TextView: 6.35 mi
android.widget.TableLayout@40604158
android.widget.TableRow@406f0608
android.widget.RelativeLayout@406dbe98
android.widget.RelativeLayout@406df4e8
android.widget.TextView: 3.19
android.widget.TextView: 9
android.widget.TextView: 11 hours ago
android.widget.TextView: Update
android.widget.RelativeLayout@406e7d88
android.widget.ImageView@40680aa8
android.widget.TextView: Brookshire's
android.widget.TextView: 1203 US-380 & SH-101
android.widget.TextView: Bridgeport, TX
android.widget.TextView: 6.39 mi
android.widget.RelativeLayout@40702e18
android.widget.FrameLayout@405c3c70
android.widget.RelativeLayout@4058cf00
android.widget.LinearLayout@405848d0
android.view.View@407049f8
android.widget.RelativeLayout@406f3878
android.widget.TextView: Regular
android.view.View@407292d8
android.view.View@40704650
android.widget.RelativeLayout@405db278
android.widget.TextView: Midgrade
android.view.View@406a52b0
android.view.View@40704798
android.widget.RelativeLayout@406ad290
android.widget.TextView: Premium
android.view.View@40667958
android.view.View@407048c8
android.widget.RelativeLayout@40667b08
android.widget.TextView: Diesel
android.view.View@407013e8
android.view.View@40707a38
android.view.View@405f29b8
android.widget.LinearLayout@40551770
android.widget.RelativeLayout@405883f8
android.widget.ImageView@405d5510
android.widget.TextView: Reload
android.widget.RelativeLayout@406b85d8
android.widget.ImageView@406b9e08
android.widget.TextView: Sort By Price
android.widget.RelativeLayout@406ba748
android.widget.ImageView@405941e0
android.widget.TextView: Map View
android.view.View@405c3ee8
gbis.gbandroid.views.layouts.CustomListView@406b50d0
android.widget.TableLayout@40604158
android.widget.TableRow@406f0608
android.widget.RelativeLayout@406dbe98
android.widget.RelativeLayout@406df4e8
android.widget.TextView: 3.19
android.widget.TextView: 9
android.widget.TextView: 11 hours ago
android.widget.TextView: Update
android.widget.RelativeLayout@406e7d88
android.widget.ImageView@40680aa8
android.widget.TextView: Brookshire's
android.widget.TextView: 1203 US-380 & SH-101
android.widget.TextView: Bridgeport, TX
android.widget.TextView: 6.39 mi
android.widget.TableLayout@406cd2c0
android.widget.TableRow@40702ba0
android.widget.RelativeLayout@4058aff0
android.widget.RelativeLayout@405acf30
android.widget.TextView: 3.29
android.widget.TextView: 9
android.widget.TextView: 11 hours ago
android.widget.TextView: Update
android.widget.RelativeLayout@405bc3c0
android.widget.ImageView@405e70b8
android.widget.TextView: Mobil
android.widget.TextView: 806 13th St & Cobb St
android.widget.TextView: Bridgeport, TX
android.widget.TextView: 6.7 mi
android.widget.TableLayout@406dd788
android.widget.TableRow@406727a0
android.widget.RelativeLayout@40622280
android.widget.RelativeLayout@40679b10
android.widget.TextView: 3.29
android.widget.TextView: 9
android.widget.TextView: 11 hours ago
android.widget.TextView: Update
android.widget.RelativeLayout@4064f988
android.widget.ImageView@406a5c38
android.widget.TextView: Valero
android.widget.TextView: 101 W US-380 & SH-101
android.widget.TextView: Bridgeport, TX
android.widget.TextView: 7.21 mi
android.widget.TableLayout@4068fd90
android.widget.TableRow@40698200
android.widget.RelativeLayout@406a0690
android.widget.RelativeLayout@4066be80
android.widget.TextView: 3.19
android.widget.TextView: 9
android.widget.TextView: 11 hours ago
android.widget.TextView: Update
android.widget.RelativeLayout@4077d688
android.widget.ImageView@40788328
android.widget.TextView: Conoco
android.widget.TextView: 1701 Chico Hwy & Lake Rd  
android.widget.TextView: Bridgeport, TX
android.widget.TextView: 7.24 mi
android.widget.TableLayout@406296e8
android.widget.TableRow@40646008
android.widget.RelativeLayout@4066f2f0
android.widget.RelativeLayout@406835a0
android.widget.TextView: 3.29
android.widget.TextView: 9
android.widget.TextView: 11 hours ago
android.widget.TextView: Update
android.widget.RelativeLayout@4069abd8
android.widget.ImageView@4069b580
android.widget.TextView: Exxon
android.widget.TextView: 99 US-380 & SH-101
android.widget.TextView: Bridgeport, TX
android.widget.TextView: 7.25 mi
android.widget.TableLayout@405671f8
android.widget.TableRow@405ff340
android.widget.RelativeLayout@40633058
android.widget.RelativeLayout@40639d88
android.widget.TextView: 3.36
android.widget.TextView: 9
android.widget.TextView: 11 hours ago
android.widget.TextView: Update
android.widget.RelativeLayout@406333c0
android.widget.ImageView@40580fd0
android.widget.TextView: Phillips 66
android.widget.TextView: 206 Cates St & 2nd St
android.widget.TextView: Bridgeport, TX
android.widget.TextView: 7.29 mi
android.widget.RelativeLayout@40702e18
android.widget.FrameLayout@405c3c70
android.widget.RelativeLayout@4058cf00
android.widget.LinearLayout@405848d0
android.view.View@407049f8
android.widget.RelativeLayout@406f3878
android.widget.TextView: Regular
android.view.View@407292d8
android.view.View@40704650
android.widget.RelativeLayout@405db278
android.widget.TextView: Midgrade
android.view.View@406a52b0
android.view.View@40704798
android.widget.RelativeLayout@406ad290
android.widget.TextView: Premium
android.view.View@40667958
android.view.View@407048c8
android.widget.RelativeLayout@40667b08
android.widget.TextView: Diesel
android.view.View@407013e8
android.view.View@40707a38
android.view.View@405f29b8
android.widget.LinearLayout@40551770
android.widget.RelativeLayout@405883f8
android.widget.ImageView@405d5510
android.widget.TextView: Reload
android.widget.RelativeLayout@406b85d8
android.widget.ImageView@406b9e08
android.widget.TextView: Sort By Price
android.widget.RelativeLayout@406ba748
android.widget.ImageView@405941e0
android.widget.TextView: Map View
android.view.View@405c3ee8
gbis.gbandroid.views.layouts.CustomListView@406b50d0
android.widget.TableLayout@4057b098
android.widget.TableRow@4057f458
android.widget.RelativeLayout@40558f18
android.widget.RelativeLayout@4059ac60
android.widget.TextView: 3.36
android.widget.TextView: 9
android.widget.TextView: 11 hours ago
android.widget.TextView: Update
android.widget.RelativeLayout@4059c358
android.widget.ImageView@4054da10
android.widget.TextView: Phillips 66
android.widget.TextView: 206 Cates St & 2nd St
android.widget.TextView: Bridgeport, TX
android.widget.TextView: 7.29 mi
android.widget.TableLayout@40633b58
android.widget.TableRow@40765198
android.widget.RelativeLayout@4061ec68
android.widget.RelativeLayout@407007f8
android.widget.TextView: 3.27
android.widget.TextView: 9
android.widget.TextView: 15 hours ago
android.widget.TextView: Update
android.widget.RelativeLayout@405edd40
android.widget.ImageView@406145a8
android.widget.TextView: Shell
android.widget.TextView: 806 W State St & US-287
android.widget.TextView: Alvord, TX
android.widget.TextView: 8.84 mi
android.widget.TableLayout@40764938
android.widget.TableRow@40602e28
android.widget.RelativeLayout@40674068
android.widget.RelativeLayout@4069c988
android.widget.TextView: 3.39
android.widget.TextView: 9
android.widget.TextView: 11 hours ago
android.widget.TextView: Update
android.widget.RelativeLayout@406341c0
android.widget.ImageView@40634438
android.widget.TextView: Phillips 66
android.widget.TextView: 303 E Sherman & SH-101
android.widget.TextView: Chico, TX
android.widget.TextView: 9.34 mi
android.widget.TableLayout@40670948
android.widget.TableRow@406b4968
android.widget.RelativeLayout@40612878
android.widget.RelativeLayout@4061daf8
android.widget.TextView: 3.29
android.widget.TextView: 9
android.widget.TextView: 11 hours ago
android.widget.TextView: Update
android.widget.RelativeLayout@4061a830
android.widget.ImageView@40649258
android.widget.TextView: Alon
android.widget.TextView: 106 S SH-101 & Decatur
android.widget.TextView: Chico, TX
android.widget.TextView: 9.39 mi
android.widget.TableLayout@406910d0
android.widget.TableRow@40693dc8
android.widget.RelativeLayout@40699428
android.widget.RelativeLayout@40699708
android.widget.TextView: --
android.widget.TextView: 9
android.widget.TextView: 15 hours ago
android.widget.TextView: Report Price
android.widget.RelativeLayout@40621a40
android.widget.ImageView@4064b7f0
android.widget.TextView: Exxon
android.widget.TextView: 490 W Rock Island  & Knox Ave
android.widget.TextView: Boyd, TX
android.widget.TextView: 12 mi
android.widget.TableLayout@405671f8
android.widget.TableRow@405ff340
android.widget.RelativeLayout@40633058
android.widget.RelativeLayout@40639d88
android.widget.TextView: --
android.widget.TextView: 9
android.widget.TextView: 11 hours ago
android.widget.TextView: Report Price
android.widget.RelativeLayout@406333c0
android.widget.ImageView@40580fd0
android.widget.TextView: Valero
android.widget.TextView: 108 S Allen St & Rock Island Ave
android.widget.TextView: Boyd, TX
android.widget.TextView: 12.03 mi
android.widget.RelativeLayout@40702e18
android.widget.FrameLayout@405c3c70
android.widget.RelativeLayout@4058cf00
android.widget.LinearLayout@405848d0
android.view.View@407049f8
android.widget.RelativeLayout@406f3878
android.widget.TextView: Regular
android.view.View@407292d8
android.view.View@40704650
android.widget.RelativeLayout@405db278
android.widget.TextView: Midgrade
android.view.View@406a52b0
android.view.View@40704798
android.widget.RelativeLayout@406ad290
android.widget.TextView: Premium
android.view.View@40667958
android.view.View@407048c8
android.widget.RelativeLayout@40667b08
android.widget.TextView: Diesel
android.view.View@407013e8
android.view.View@40707a38
android.view.View@405f29b8
android.widget.LinearLayout@40551770
android.widget.RelativeLayout@405883f8
android.widget.ImageView@405d5510
android.widget.TextView: Reload
android.widget.RelativeLayout@406b85d8
android.widget.ImageView@406b9e08
android.widget.TextView: Sort By Price
android.widget.RelativeLayout@406ba748
android.widget.ImageView@405941e0
android.widget.TextView: Map View
android.view.View@405c3ee8
gbis.gbandroid.views.layouts.CustomListView@406b50d0
android.widget.TableLayout@405671f8
android.widget.TableRow@405ff340
android.widget.RelativeLayout@40633058
android.widget.RelativeLayout@40639d88
android.widget.TextView: --
android.widget.TextView: 9
android.widget.TextView: 11 hours ago
android.widget.TextView: Report Price
android.widget.RelativeLayout@406333c0
android.widget.ImageView@40580fd0
android.widget.TextView: Valero
android.widget.TextView: 108 S Allen St & Rock Island Ave
android.widget.TextView: Boyd, TX
android.widget.TextView: 12.03 mi
android.widget.TableLayout@406296e8
android.widget.TableRow@40646008
android.widget.RelativeLayout@4066f2f0
android.widget.RelativeLayout@406835a0
android.widget.TextView: --
android.widget.TextView: 9
android.widget.TextView: 11 hours ago
android.widget.TextView: Report Price
android.widget.RelativeLayout@4069abd8
android.widget.ImageView@4069b580
android.widget.TextView: Phillips 66
android.widget.TextView: 217 E Rock Island Ave & Hitt St
android.widget.TextView: Boyd, TX
android.widget.TextView: 12.04 mi
android.widget.TableLayout@4057c678
android.widget.TableRow@40600ca8
android.widget.RelativeLayout@40611ca8
android.widget.RelativeLayout@4061f0d0
android.widget.TextView: --
android.widget.TextView: 9
android.widget.TextView: time
android.widget.TextView: Report Price
android.widget.RelativeLayout@40629960
android.widget.ImageView@405b3940
android.widget.TextView: Conoco
android.widget.TextView: 400 E Rock Island Ave & SH-114
android.widget.TextView: Boyd, TX
android.widget.TextView: 12.12 mi
android.widget.TableLayout@4057f2a8
android.widget.TableRow@406016a0
android.widget.RelativeLayout@40635198
android.widget.RelativeLayout@40648e78
android.widget.TextView: --
android.widget.TextView: 9
android.widget.TextView: time
android.widget.TextView: Report Price
android.widget.RelativeLayout@40649760
android.widget.ImageView@405cbd10
android.widget.TextView: Shamrock
android.widget.TextView: FM-2123 & Draco Rd
android.widget.TextView: Paradise, TX
android.widget.TextView: 12.31 mi
android.widget.TableLayout@405898a0
android.widget.TableRow@4061fb10
android.widget.RelativeLayout@40662dd8
android.widget.RelativeLayout@40683b28
android.widget.TextView: 3.19
android.widget.TextView: 9
android.widget.TextView: 15 hours ago
android.widget.TextView: Update
android.widget.RelativeLayout@406ce7e0
android.widget.ImageView@4062bd90
android.widget.TextView: Exxon
android.widget.TextView: 8417  N US-287 & Pvt Rd 1613
android.widget.TextView: Alvord, TX
android.widget.TextView: 12.93 mi
android.widget.RelativeLayout@40702e18
android.widget.FrameLayout@405c3c70
android.widget.RelativeLayout@4058cf00
android.widget.LinearLayout@405848d0
android.view.View@407049f8
android.widget.RelativeLayout@406f3878
android.widget.TextView: Regular
android.view.View@407292d8
android.view.View@40704650
android.widget.RelativeLayout@405db278
android.widget.TextView: Midgrade
android.view.View@406a52b0
android.view.View@40704798
android.widget.RelativeLayout@406ad290
android.widget.TextView: Premium
android.view.View@40667958
android.view.View@407048c8
android.widget.RelativeLayout@40667b08
android.widget.TextView: Diesel
android.view.View@407013e8
android.view.View@40707a38
android.view.View@405f29b8
android.widget.LinearLayout@40551770
android.widget.RelativeLayout@405883f8
android.widget.ImageView@405d5510
android.widget.TextView: Reload
android.widget.RelativeLayout@406b85d8
android.widget.ImageView@406b9e08
android.widget.TextView: Sort By Price
android.widget.RelativeLayout@406ba748
android.widget.ImageView@405941e0
android.widget.TextView: Map View
android.view.View@405c3ee8
gbis.gbandroid.views.layouts.CustomListView@406b50d0
android.widget.TableLayout@405898a0
android.widget.TableRow@4061fb10
android.widget.RelativeLayout@40662dd8
android.widget.RelativeLayout@40683b28
android.widget.TextView: 3.19
android.widget.TextView: 9
android.widget.TextView: 15 hours ago
android.widget.TextView: Update
android.widget.RelativeLayout@406ce7e0
android.widget.ImageView@4062bd90
android.widget.TextView: Exxon
android.widget.TextView: 8417  N US-287 & Pvt Rd 1613
android.widget.TextView: Alvord, TX
android.widget.TextView: 12.93 mi
android.widget.TableLayout@406910d0
android.widget.TableRow@40693dc8
android.widget.RelativeLayout@40699428
android.widget.RelativeLayout@40699708
android.widget.TextView: --
android.widget.TextView: 9
android.widget.TextView: 15 hours ago
android.widget.TextView: Report Price
android.widget.RelativeLayout@40621a40
android.widget.ImageView@4064b7f0
android.widget.TextView: Oliver Creek Store
android.widget.TextView: 4880 FM-2264 & CR-4421
android.widget.TextView: Decatur, TX
android.widget.TextView: 13.23 mi
android.widget.TableLayout@405fe8c0
android.widget.TableRow@4069c820
android.widget.RelativeLayout@406e9648
android.widget.RelativeLayout@406f08c0
android.widget.TextView: 3.19
android.widget.TextView: 9
android.widget.TextView: 1 hour ago
android.widget.TextView: Update
android.widget.RelativeLayout@407253b0
android.widget.ImageView@406bd360
android.widget.TextView: Shell
android.widget.TextView: 250 US-380 & Runway Bay Dr
android.widget.TextView: Bridgeport, TX
android.widget.TextView: 13.32 mi
android.widget.TableLayout@406014f0
android.widget.TableRow@4069d458
android.widget.RelativeLayout@4057e290
android.widget.RelativeLayout@4058aff0
android.widget.TextView: --
android.widget.TextView: 9
android.widget.TextView: time
android.widget.TextView: Report Price
android.widget.RelativeLayout@405acf30
android.widget.ImageView@4071ec10
android.widget.TextView: 1 Stop
android.widget.TextView: 598 US-380 & Runaway Bay Dr
android.widget.TextView: Runaway Bay, TX
android.widget.TextView: 13.49 mi
android.widget.TableLayout@40606670
android.widget.TableRow@406c1d68
android.widget.RelativeLayout@405e0818
android.widget.RelativeLayout@4062c108
android.widget.TextView: --
android.widget.TextView: 9
android.widget.TextView: time
android.widget.TextView: Report Price
android.widget.RelativeLayout@406dbe98
android.widget.ImageView@40757ed0
android.widget.TextView: Texaco
android.widget.TextView: 101 FM-407 & US-287
android.widget.TextView: Rhome, TX
android.widget.TextView: 13.96 mi
android.widget.RelativeLayout@40702e18
android.widget.FrameLayout@405c3c70
android.widget.RelativeLayout@4058cf00
android.widget.LinearLayout@405848d0
android.view.View@407049f8
android.widget.RelativeLayout@406f3878
android.widget.TextView: Regular
android.view.View@407292d8
android.view.View@40704650
android.widget.RelativeLayout@405db278
android.widget.TextView: Midgrade
android.view.View@406a52b0
android.view.View@40704798
android.widget.RelativeLayout@406ad290
android.widget.TextView: Premium
android.view.View@40667958
android.view.View@407048c8
android.widget.RelativeLayout@40667b08
android.widget.TextView: Diesel
android.view.View@407013e8
android.view.View@40707a38
android.view.View@405f29b8
android.widget.LinearLayout@40551770
android.widget.RelativeLayout@405883f8
android.widget.ImageView@405d5510
android.widget.TextView: Reload
android.widget.RelativeLayout@406b85d8
android.widget.ImageView@406b9e08
android.widget.TextView: Sort By Price
android.widget.RelativeLayout@406ba748
android.widget.ImageView@405941e0
android.widget.TextView: Map View
android.view.View@405c3ee8
gbis.gbandroid.views.layouts.CustomListView@406b50d0
android.widget.TableLayout@40606670
android.widget.TableRow@406c1d68
android.widget.RelativeLayout@405e0818
android.widget.RelativeLayout@4062c108
android.widget.TextView: --
android.widget.TextView: 9
android.widget.TextView: time
android.widget.TextView: Report Price
android.widget.RelativeLayout@406dbe98
android.widget.ImageView@40757ed0
android.widget.TextView: Texaco
android.widget.TextView: 101 FM-407 & US-287
android.widget.TextView: Rhome, TX
android.widget.TextView: 13.96 mi
android.widget.TableLayout@4057f2a8
android.widget.TableRow@406016a0
android.widget.RelativeLayout@40635198
android.widget.RelativeLayout@40648e78
android.widget.TextView: 3.15
android.widget.TextView: 9
android.widget.TextView: 9 hours ago
android.widget.TextView: Update
android.widget.RelativeLayout@40649760
android.widget.ImageView@405cbd10
android.widget.TextView: Love's
android.widget.TextView: 4800 E SH-114 & US-287
android.widget.TextView: Rhome, TX
android.widget.TextView: 15.67 mi
android.widget.TableLayout@4070e6c8
android.widget.TableRow@40669898
android.widget.RelativeLayout@4064bf38
android.widget.RelativeLayout@40617ca0
android.widget.TextView: 3.19
android.widget.TextView: 9
android.widget.TextView: Mon 10:44 PM
android.widget.TextView: Update
android.widget.RelativeLayout@4061abb8
android.widget.ImageView@406a4250
android.widget.TextView: Exxon
android.widget.TextView: 405 W BC Rhome Ave & US-287  
android.widget.TextView: Rhome, TX
android.widget.TextView: 15.97 mi
android.widget.TableLayout@40692dc8
android.widget.TableRow@4061a168
android.widget.RelativeLayout@40664780
android.widget.RelativeLayout@40626b50
android.widget.TextView: --
android.widget.TextView: 9
android.widget.TextView: time
android.widget.TextView: Report Price
android.widget.RelativeLayout@406ce178
android.widget.ImageView@406fd938
android.widget.TextView: Phillips 66
android.widget.TextView: 100 N Main St & E 1st St
android.widget.TextView: Rhome, TX
android.widget.TextView: 16.27 mi
android.widget.TableLayout@40515618
android.widget.TableRow@4069cf90
android.widget.RelativeLayout@4061c9d0
android.widget.RelativeLayout@40619be0
android.widget.TextView: 3.49
android.widget.TextView: 9
android.widget.TextView: 15 hours ago
android.widget.TextView: Update
android.widget.RelativeLayout@4078a128
android.widget.ImageView@40688328
android.widget.TextView: Phillips 66
android.widget.TextView: 1110 US-287 & Campbell Ln
android.widget.TextView: Sunset, TX
android.widget.TextView: 16.37 mi
android.widget.RelativeLayout@40702e18
android.widget.FrameLayout@405c3c70
android.widget.RelativeLayout@4058cf00
android.widget.LinearLayout@405848d0
android.view.View@407049f8
android.widget.RelativeLayout@406f3878
android.widget.TextView: Regular
android.view.View@407292d8
android.view.View@40704650
android.widget.RelativeLayout@405db278
android.widget.TextView: Midgrade
android.view.View@406a52b0
android.view.View@40704798
android.widget.RelativeLayout@406ad290
android.widget.TextView: Premium
android.view.View@40667958
android.view.View@407048c8
android.widget.RelativeLayout@40667b08
android.widget.TextView: Diesel
android.view.View@407013e8
android.view.View@40707a38
android.view.View@405f29b8
android.widget.LinearLayout@40551770
android.widget.RelativeLayout@405883f8
android.widget.ImageView@405d5510
android.widget.TextView: Reload
android.widget.RelativeLayout@406b85d8
android.widget.ImageView@406b9e08
android.widget.TextView: Sort By Price
android.widget.RelativeLayout@406ba748
android.widget.ImageView@405941e0
android.widget.TextView: Map View
android.view.View@405c3ee8
gbis.gbandroid.views.layouts.CustomListView@406b50d0
android.widget.TableLayout@40787988
android.widget.TableRow@40787f58
android.widget.RelativeLayout@4068c448
android.widget.RelativeLayout@406fc920
android.widget.TextView: 3.49
android.widget.TextView: 9
android.widget.TextView: 15 hours ago
android.widget.TextView: Update
android.widget.RelativeLayout@406e1518
android.widget.ImageView@406c2698
android.widget.TextView: Phillips 66
android.widget.TextView: 1110 US-287 & Campbell Ln
android.widget.TextView: Sunset, TX
android.widget.TextView: 16.37 mi
android.widget.TableLayout@406669e0
android.widget.TableRow@406ebae8
android.widget.RelativeLayout@407034d0
android.widget.RelativeLayout@407038a8
android.widget.TextView: --
android.widget.TextView: 9
android.widget.TextView: time
android.widget.TextView: Report Price
android.widget.RelativeLayout@40705cc8
android.widget.ImageView@406f9278
android.widget.TextView: Shell
android.widget.TextView: 700 South Main & Hwy 287
android.widget.TextView: Rhome, TX
android.widget.TextView: 16.63 mi
android.widget.TableLayout@406ab960
android.widget.TableRow@406d5980
android.widget.RelativeLayout@406d5ec8
android.widget.RelativeLayout@40613d50
android.widget.TextView: --
android.widget.TextView: 9
android.widget.TextView: time
android.widget.TextView: Report Price
android.widget.RelativeLayout@40687178
android.widget.ImageView@4072b608
android.widget.TextView: Valero
android.widget.TextView: 2000 Illinois St & Rhome To Justin Rd
android.widget.TextView: Rhome, TX
android.widget.TextView: 16.73 mi
android.widget.TableLayout@406014f0
android.widget.TableRow@4069d458
android.widget.RelativeLayout@4057e290
android.widget.RelativeLayout@4058aff0
android.widget.TextView: --
android.widget.TextView: 9
android.widget.TextView: time
android.widget.TextView: Report Price
android.widget.RelativeLayout@405acf30
android.widget.ImageView@4071ec10
android.widget.TextView: Mobil
android.widget.TextView: 10326 S US-287 & FM-3433
android.widget.TextView: Rhome, TX
android.widget.TextView: 16.78 mi
android.widget.TableLayout@40515618
android.widget.TableRow@4069cf90
android.widget.RelativeLayout@4061c9d0
android.widget.RelativeLayout@40619be0
android.widget.TextView: 3.10
android.widget.TextView: 9
android.widget.TextView: Mon 7:49 AM
android.widget.TextView: Update
android.widget.RelativeLayout@4078a128
android.widget.ImageView@40688328
android.widget.TextView: JJ Truck stop
android.widget.TextView: 17997 US-380 W & FM-2622
android.widget.TextView: Ponder, TX
android.widget.TextView: 16.83 mi
android.widget.RelativeLayout@40702e18
android.widget.FrameLayout@405c3c70
android.widget.RelativeLayout@4058cf00
android.widget.LinearLayout@405848d0
android.view.View@407049f8
android.widget.RelativeLayout@406f3878
android.widget.TextView: Regular
android.view.View@407292d8
android.view.View@40704650
android.widget.RelativeLayout@405db278
android.widget.TextView: Midgrade
android.view.View@406a52b0
android.view.View@40704798
android.widget.RelativeLayout@406ad290
android.widget.TextView: Premium
android.view.View@40667958
android.view.View@407048c8
android.widget.RelativeLayout@40667b08
android.widget.TextView: Diesel
android.view.View@407013e8
android.view.View@40707a38
android.view.View@405f29b8
android.widget.LinearLayout@40551770
android.widget.RelativeLayout@405883f8
android.widget.ImageView@405d5510
android.widget.TextView: Reload
android.widget.RelativeLayout@406b85d8
android.widget.ImageView@406b9e08
android.widget.TextView: Sort By Price
android.widget.RelativeLayout@406ba748
android.widget.ImageView@405941e0
android.widget.TextView: Map View
android.view.View@405c3ee8
gbis.gbandroid.views.layouts.CustomListView@406b50d0
android.widget.TableLayout@40515618
android.widget.TableRow@4069cf90
android.widget.RelativeLayout@4061c9d0
android.widget.RelativeLayout@40619be0
android.widget.TextView: 3.10
android.widget.TextView: 9
android.widget.TextView: Mon 7:49 AM
android.widget.TextView: Update
android.widget.RelativeLayout@4078a128
android.widget.ImageView@40688328
android.widget.TextView: JJ Truck stop
android.widget.TextView: 17997 US-380 W & FM-2622
android.widget.TextView: Ponder, TX
android.widget.TextView: 16.83 mi
android.widget.TableLayout@40692dc8
android.widget.TableRow@4061a168
android.widget.RelativeLayout@40664780
android.widget.RelativeLayout@40626b50
android.widget.TextView: 3.17
android.widget.TextView: 9
android.widget.TextView: Mon 10:27 AM
android.widget.TextView: Update
android.widget.RelativeLayout@406ce178
android.widget.ImageView@406fd938
android.widget.TextView: Phillips 66
android.widget.TextView: 17605 US-380 W  & County Line Rd
android.widget.TextView: Ponder, TX
android.widget.TextView: 17.25 mi
android.widget.TableLayout@40757388
android.widget.TableRow@40696e30
android.widget.RelativeLayout@406973c0
android.widget.RelativeLayout@40697798
android.widget.TextView: --
android.widget.TextView: 9
android.widget.TextView: time
android.widget.TextView: Report Price
android.widget.RelativeLayout@40681d28
android.widget.ImageView@406226b0
android.widget.TextView: Quick Stop
android.widget.TextView: 510 FM-718 & Central Ave
android.widget.TextView: Newark, TX
android.widget.TextView: 18.43 mi
android.widget.TableLayout@406ed450
android.widget.TableRow@406eda20
android.widget.RelativeLayout@406ee0a0
android.widget.RelativeLayout@406ee478
android.widget.TextView: --
android.widget.TextView: 9
android.widget.TextView: time
android.widget.TextView: Report Price
android.widget.RelativeLayout@4075f658
android.widget.ImageView@4075fa30
android.widget.TextView: Conoco
android.widget.TextView: 902 Seven Hills Rd & FM-718
android.widget.TextView: Newark, TX
android.widget.TextView: 18.66 mi
android.widget.TableLayout@4074d9e8
android.widget.TableRow@4074dfb8
android.widget.RelativeLayout@4074e638
android.widget.RelativeLayout@405c94c8
android.widget.TextView: 3.19
android.widget.TextView: 9
android.widget.TextView: 14 hours ago
android.widget.TextView: Update
android.widget.RelativeLayout@405cace0
android.widget.ImageView@405cb0b8
android.widget.TextView: Shell
android.widget.TextView: 100 W SH-199 & FM-51
android.widget.TextView: Springtown, TX
android.widget.TextView: 19.18 mi
android.widget.RelativeLayout@40702e18
android.widget.FrameLayout@405c3c70
android.widget.RelativeLayout@4058cf00
android.widget.LinearLayout@405848d0
android.view.View@407049f8
android.widget.RelativeLayout@406f3878
android.widget.TextView: Regular
android.view.View@407292d8
android.view.View@40704650
android.widget.RelativeLayout@405db278
android.widget.TextView: Midgrade
android.view.View@406a52b0
android.view.View@40704798
android.widget.RelativeLayout@406ad290
android.widget.TextView: Premium
android.view.View@40667958
android.view.View@407048c8
android.widget.RelativeLayout@40667b08
android.widget.TextView: Diesel
android.view.View@407013e8
android.view.View@40707a38
android.view.View@405f29b8
android.widget.LinearLayout@40551770
android.widget.RelativeLayout@405883f8
android.widget.ImageView@405d5510
android.widget.TextView: Reload
android.widget.RelativeLayout@406b85d8
android.widget.ImageView@406b9e08
android.widget.TextView: Sort By Price
android.widget.RelativeLayout@406ba748
android.widget.ImageView@405941e0
android.widget.TextView: Map View
android.view.View@405c3ee8
gbis.gbandroid.views.layouts.CustomListView@406b50d0
android.widget.TableLayout@4074d9e8
android.widget.TableRow@4074dfb8
android.widget.RelativeLayout@4074e638
android.widget.RelativeLayout@405c94c8
android.widget.TextView: 3.19
android.widget.TextView: 9
android.widget.TextView: 14 hours ago
android.widget.TextView: Update
android.widget.RelativeLayout@405cace0
android.widget.ImageView@405cb0b8
android.widget.TextView: Shell
android.widget.TextView: 100 W SH-199 & FM-51
android.widget.TextView: Springtown, TX
android.widget.TextView: 19.18 mi
android.widget.TableLayout@406014f0
android.widget.TableRow@4069d458
android.widget.RelativeLayout@4057e290
android.widget.RelativeLayout@4058aff0
android.widget.TextView: 3.19
android.widget.TextView: 9
android.widget.TextView: 6 hours ago
android.widget.TextView: Update
android.widget.RelativeLayout@405acf30
android.widget.ImageView@4071ec10
android.widget.TextView: Exxon
android.widget.TextView: 101 W SH-199 & S Ash St
android.widget.TextView: Springtown, TX
android.widget.TextView: 19.18 mi
android.widget.TableLayout@407f95b8
android.widget.TableRow@407f9b88
android.widget.RelativeLayout@407fa248
android.widget.RelativeLayout@407fa620
android.widget.TextView: 3.19
android.widget.TextView: 9
android.widget.TextView: 14 hours ago
android.widget.TextView: Update
android.widget.RelativeLayout@407fbe30
android.widget.ImageView@407fc208
android.widget.TextView: Valero
android.widget.TextView: 320 E SH-199 & Old Springtown Rd
android.widget.TextView: Springtown, TX
android.widget.TextView: 19.2 mi
android.widget.TableLayout@40809b70
android.widget.TableRow@4080a140
android.widget.RelativeLayout@4080acd0
android.widget.RelativeLayout@40558f18
android.widget.TextView: --
android.widget.TextView: 9
android.widget.TextView: time
android.widget.TextView: Report Price
android.widget.RelativeLayout@4059ac60
android.widget.ImageView@4054da10
android.widget.TextView: Texaco
android.widget.TextView: 9086 W SH-199 & Salt Creek Rd
android.widget.TextView: Springtown, TX
android.widget.TextView: 19.77 mi
android.widget.TableLayout@4057b098
android.widget.TableRow@4054d428
android.widget.RelativeLayout@4059c358
android.widget.RelativeLayout@405e0818
android.widget.TextView: --
android.widget.TextView: 9
android.widget.TextView: time
android.widget.TextView: Report Price
android.widget.RelativeLayout@406034b0
android.widget.ImageView@405af998
android.widget.TextView: Shell
android.widget.TextView: 10892 SH-199 & FM-920
android.widget.TextView: Bridgeport, TX
android.widget.TextView: 19.78 mi
android.widget.RelativeLayout@40702e18
android.widget.FrameLayout@405c3c70
android.widget.RelativeLayout@4058cf00
android.widget.LinearLayout@405848d0
android.view.View@407049f8
android.widget.RelativeLayout@406f3878
android.widget.TextView: Regular
android.view.View@407292d8
android.view.View@40704650
android.widget.RelativeLayout@405db278
android.widget.TextView: Midgrade
android.view.View@406a52b0
android.view.View@40704798
android.widget.RelativeLayout@406ad290
android.widget.TextView: Premium
android.view.View@40667958
android.view.View@407048c8
android.widget.RelativeLayout@40667b08
android.widget.TextView: Diesel
android.view.View@407013e8
android.view.View@40707a38
android.view.View@405f29b8
android.widget.LinearLayout@40551770
android.widget.RelativeLayout@405883f8
android.widget.ImageView@405d5510
android.widget.TextView: Reload
android.widget.RelativeLayout@406b85d8
android.widget.ImageView@406b9e08
android.widget.TextView: Sort By Price
android.widget.RelativeLayout@406ba748
android.widget.ImageView@405941e0
android.widget.TextView: Map View
android.view.View@405c3ee8
gbis.gbandroid.views.layouts.CustomListView@406b50d0
android.widget.TableLayout@4057b098
android.widget.TableRow@4054d428
android.widget.RelativeLayout@4059c358
android.widget.RelativeLayout@405e0818
android.widget.TextView: --
android.widget.TextView: 9
android.widget.TextView: time
android.widget.TextView: Report Price
android.widget.RelativeLayout@406034b0
android.widget.ImageView@405af998
android.widget.TextView: Shell
android.widget.TextView: 10892 SH-199 & FM-920
android.widget.TextView: Bridgeport, TX
android.widget.TextView: 19.78 mi
android.widget.TableLayout@406ed450
android.widget.TableRow@406eda20
android.widget.RelativeLayout@406ee0a0
android.widget.RelativeLayout@406ee478
android.widget.TextView: 3.07
android.widget.TextView: 9
android.widget.TextView: Mon 5:32 PM
android.widget.TextView: Update
android.widget.RelativeLayout@4075f658
android.widget.ImageView@4075fa30
android.widget.TextView: Valero
android.widget.TextView: 1003 N FM-156 & King George Rd
android.widget.TextView: Ponder, TX
android.widget.TextView: 21.08 mi
android.widget.TableLayout@4057c678
android.widget.TableRow@4057ef60
android.widget.RelativeLayout@40618550
android.widget.RelativeLayout@4062c108
android.widget.TextView: --
android.widget.TextView: 9
android.widget.TextView: time
android.widget.TextView: Report Price
android.widget.RelativeLayout@40635008
android.widget.ImageView@405b3940
android.widget.TextView: Conoco
android.widget.TextView: 101 Sparks St & W Seaberry Ave
android.widget.TextView: Poolville, TX
android.widget.TextView: 22 mi
android.widget.TableLayout@4057f2a8
android.widget.TableRow@4057f458
android.widget.RelativeLayout@40662dd8
android.widget.RelativeLayout@4066c9a0
android.widget.TextView: --
android.widget.TextView: 9
android.widget.TextView: time
android.widget.TextView: Report Price
android.widget.RelativeLayout@40683b28
android.widget.ImageView@405cbd10
android.widget.TextView: Chevron
android.widget.TextView: 5094 E SH-199 & Newsom Mound Rd
android.widget.TextView: Springtown, TX
android.widget.TextView: 22.17 mi
android.widget.TableLayout@405898a0
android.widget.TableRow@40600ca8
android.widget.RelativeLayout@406912c0
android.widget.RelativeLayout@40695f28
android.widget.TextView: --
android.widget.TextView: 9
android.widget.TextView: time
android.widget.TextView: Report Price
android.widget.RelativeLayout@406bb188
android.widget.ImageView@405edfa8
android.widget.TextView: Super Save
android.widget.TextView: 904 W 1st  St & Leuty Ave
android.widget.TextView: Justin, TX
android.widget.TextView: 22.34 mi
android.widget.RelativeLayout@40702e18
