android.widget.FrameLayout@405a8cf0
android.widget.RelativeLayout@405a2010
android.widget.LinearLayout@405b1c90
android.view.View@40557cd8
android.widget.RelativeLayout@406c7170
android.widget.TextView: Regular
android.view.View@406ecbd0
android.view.View@406acc60
android.widget.RelativeLayout@406f0108
android.widget.TextView: Midgrade
android.view.View@4070acf0
android.view.View@406acdc0
android.widget.RelativeLayout@40557090
android.widget.TextView: Premium
android.view.View@406adf98
android.view.View@40557ba8
android.widget.RelativeLayout@406b63e0
android.widget.TextView: Diesel
android.view.View@405ec188
android.view.View@405b28b8
android.view.View@405dd5c0
android.widget.LinearLayout@405e3f48
android.widget.RelativeLayout@40549488
android.widget.ImageView@4072b020
android.widget.TextView: Reload
android.widget.RelativeLayout@405bb580
android.widget.ImageView@405dd0e0
android.widget.TextView: Sort By Price
android.widget.RelativeLayout@406569e8
android.widget.ImageView@405d5020
android.widget.TextView: Map View
android.view.View@406b8350
gbis.gbandroid.views.layouts.CustomListView@406b5040
android.widget.RelativeLayout@406e9920
com.google.ads.AdView@406f8b78
android.gesture.GestureOverlayView@4063bc30
android.widget.FrameLayout@406ff4d0
com.google.ads.internal.AdWebView@405cd768
android.widget.TableLayout@40705688
android.widget.TableRow@407080a8
android.widget.RelativeLayout@40708758
android.widget.RelativeLayout@40708b30
android.widget.TextView: 3.15
android.widget.TextView: 9
android.widget.TextView: 15 hours ago
android.widget.TextView: Update
android.widget.RelativeLayout@4070ea88
android.widget.ImageView@4070ee08
android.widget.TextView: Texaco
android.widget.TextView: 1105 N US-287 & FM-1810
android.widget.TextView: Decatur, TX
android.widget.TextView: 0.32 mi
android.widget.TableLayout@406eaa28
android.widget.TableRow@406ed4e0
android.widget.RelativeLayout@406edba0
android.widget.RelativeLayout@40660cf8
android.widget.TextView: 3.19
android.widget.TextView: 9
android.widget.TextView: 15 hours ago
android.widget.TextView: Update
android.widget.RelativeLayout@406f4da0
android.widget.ImageView@406f5178
android.widget.TextView: Shell
android.widget.TextView: 200 US-287 N  & W Walnut St
android.widget.TextView: Decatur, TX
android.widget.TextView: 0.37 mi
android.widget.TableLayout@406d2358
android.widget.TableRow@406d2928
android.widget.RelativeLayout@406d5468
android.widget.RelativeLayout@406d57c8
android.widget.TextView: 3.14
android.widget.TextView: 9
android.widget.TextView: 15 hours ago
android.widget.TextView: Update
android.widget.RelativeLayout@406d94f0
android.widget.ImageView@406d98c8
android.widget.TextView: Chevron
android.widget.TextView: 114 US-287 N  & W Walnut St
android.widget.TextView: Decatur, TX
android.widget.TextView: 0.42 mi
android.widget.TableLayout@4071eae0
android.widget.TableRow@407221e0
android.widget.RelativeLayout@406a6ed8
android.widget.RelativeLayout@406a7388
android.widget.TextView: 3.15
android.widget.TextView: 9
android.widget.TextView: 10 hours ago
android.widget.TextView: Update
android.widget.RelativeLayout@406bdea0
android.widget.ImageView@406be2c0
android.widget.TextView: Murphy USA
android.widget.TextView: 806 S US-287 & FM-51
android.widget.TextView: Decatur, TX
android.widget.TextView: 0.82 mi
android.widget.RelativeLayout@406e4398
android.widget.FrameLayout@405a8cf0
android.widget.RelativeLayout@405a2010
android.widget.LinearLayout@405b1c90
android.view.View@40557cd8
android.widget.RelativeLayout@406c7170
android.widget.TextView: Regular
android.view.View@406ecbd0
android.view.View@406acc60
android.widget.RelativeLayout@406f0108
android.widget.TextView: Midgrade
android.view.View@4070acf0
android.view.View@406acdc0
android.widget.RelativeLayout@40557090
android.widget.TextView: Premium
android.view.View@406adf98
android.view.View@40557ba8
android.widget.RelativeLayout@406b63e0
android.widget.TextView: Diesel
android.view.View@405ec188
android.view.View@405b28b8
android.view.View@405dd5c0
android.widget.LinearLayout@405e3f48
android.widget.RelativeLayout@40549488
android.widget.ImageView@4072b020
android.widget.TextView: Reload
android.widget.RelativeLayout@405bb580
android.widget.ImageView@405dd0e0
android.widget.TextView: Sort By Price
android.widget.RelativeLayout@406569e8
android.widget.ImageView@405d5020
android.widget.TextView: Map View
android.view.View@406b8350
gbis.gbandroid.views.layouts.CustomListView@406b5040
android.widget.TableLayout@4071eae0
android.widget.TableRow@407221e0
android.widget.RelativeLayout@406a6ed8
android.widget.RelativeLayout@406a7388
android.widget.TextView: 3.15
android.widget.TextView: 9
android.widget.TextView: 10 hours ago
android.widget.TextView: Update
android.widget.RelativeLayout@406bdea0
android.widget.ImageView@406be2c0
android.widget.TextView: Murphy USA
android.widget.TextView: 806 S US-287 & FM-51
android.widget.TextView: Decatur, TX
android.widget.TextView: 0.82 mi
android.widget.TableLayout@4057bb58
android.widget.TableRow@40601f38
android.widget.RelativeLayout@405bc8b0
android.widget.RelativeLayout@40642790
android.widget.TextView: 3.15
android.widget.TextView: 9
android.widget.TextView: 11 hours ago
android.widget.TextView: Update
android.widget.RelativeLayout@406645c0
android.widget.ImageView@4055e178
android.widget.TextView: Exxon
android.widget.TextView: 1105 S FM-51 & US-287
android.widget.TextView: Decatur, TX
android.widget.TextView: 0.98 mi
android.widget.TableLayout@40600d48
android.widget.TableRow@40607930
android.widget.RelativeLayout@40668ef8
android.widget.RelativeLayout@4067d5c8
android.widget.TextView: 3.15
android.widget.TextView: 9
android.widget.TextView: 11 hours ago
android.widget.TextView: Update
android.widget.RelativeLayout@406823f8
android.widget.ImageView@40584640
android.widget.TextView: Unbranded
android.widget.TextView: 1210 S FM-51 & W Reeves Ave
android.widget.TextView: Decatur, TX
android.widget.TextView: 1 mi
android.widget.TableLayout@40603960
android.widget.TableRow@40643c70
android.widget.RelativeLayout@4068d678
android.widget.RelativeLayout@40699b50
android.widget.TextView: --
android.widget.TextView: 9
android.widget.TextView: time
android.widget.TextView: Report Price
android.widget.RelativeLayout@406cabb8
android.widget.ImageView@405af318
android.widget.TextView: Alon
android.widget.TextView: 201 N Cates St & E Walnut St
android.widget.TextView: Decatur, TX
android.widget.TextView: 1.06 mi
android.widget.TableLayout@40606528
android.widget.TableRow@4064e360
android.widget.RelativeLayout@406cca00
android.widget.RelativeLayout@406d3598
android.widget.TextView: 3.15
android.widget.TextView: 9
android.widget.TextView: 10 hours ago
android.widget.TextView: Update
android.widget.RelativeLayout@406e7d78
android.widget.ImageView@405e7a40
android.widget.TextView: Alon
android.widget.TextView: 1305 S US-287  & S Trenchard St
android.widget.TextView: Decatur, TX
android.widget.TextView: 1.09 mi
android.widget.RelativeLayout@406e4398
android.widget.FrameLayout@405a8cf0
android.widget.RelativeLayout@405a2010
android.widget.LinearLayout@405b1c90
android.view.View@40557cd8
android.widget.RelativeLayout@406c7170
android.widget.TextView: Regular
android.view.View@406ecbd0
android.view.View@406acc60
android.widget.RelativeLayout@406f0108
android.widget.TextView: Midgrade
android.view.View@4070acf0
android.view.View@406acdc0
android.widget.RelativeLayout@40557090
android.widget.TextView: Premium
android.view.View@406adf98
android.view.View@40557ba8
android.widget.RelativeLayout@406b63e0
android.widget.TextView: Diesel
android.view.View@405ec188
android.view.View@405b28b8
android.view.View@405dd5c0
android.widget.LinearLayout@405e3f48
android.widget.RelativeLayout@40549488
android.widget.ImageView@4072b020
android.widget.TextView: Reload
android.widget.RelativeLayout@405bb580
android.widget.ImageView@405dd0e0
android.widget.TextView: Sort By Price
android.widget.RelativeLayout@406569e8
android.widget.ImageView@405d5020
android.widget.TextView: Map View
android.view.View@406b8350
gbis.gbandroid.views.layouts.CustomListView@406b5040
android.widget.TableLayout@40606528
android.widget.TableRow@4064e360
android.widget.RelativeLayout@406cca00
android.widget.RelativeLayout@406d3598
android.widget.TextView: 3.15
android.widget.TextView: 9
android.widget.TextView: 10 hours ago
android.widget.TextView: Update
android.widget.RelativeLayout@406e7d78
android.widget.ImageView@405e7a40
android.widget.TextView: Alon
android.widget.TextView: 1305 S US-287  & S Trenchard St
android.widget.TextView: Decatur, TX
android.widget.TextView: 1.09 mi
android.widget.TableLayout@40620d58
android.widget.TableRow@40627618
android.widget.RelativeLayout@40635d70
android.widget.RelativeLayout@4063b250
android.widget.TextView: 3.25
android.widget.TextView: 9
android.widget.TextView: 8 hours ago
android.widget.TextView: Update
android.widget.RelativeLayout@4066df98
android.widget.ImageView@40674330
android.widget.TextView: Shell
android.widget.TextView: 1306 E US-380 Bus & FM-51
android.widget.TextView: Decatur, TX
android.widget.TextView: 1.65 mi
android.widget.TableLayout@4064e938
android.widget.TableRow@4067fab8
android.widget.RelativeLayout@406e2568
android.widget.RelativeLayout@4076f058
android.widget.TextView: 3.29
android.widget.TextView: 9
android.widget.TextView: Mon 4:51 PM
android.widget.TextView: Update
android.widget.RelativeLayout@406fbd80
android.widget.ImageView@4071d6b0
android.widget.TextView: Shell
android.widget.TextView: 2105 S College Ave & US-287
android.widget.TextView: Decatur, TX
android.widget.TextView: 1.94 mi
android.widget.TableLayout@406dea50
android.widget.TableRow@4071d968
android.widget.RelativeLayout@40649850
android.widget.RelativeLayout@4070a758
android.widget.TextView: --
android.widget.TextView: 9
android.widget.TextView: time
android.widget.TextView: Report Price
android.widget.RelativeLayout@406e6410
android.widget.ImageView@4055fbb8
android.widget.TextView: Phillips 66
android.widget.TextView: 1605 16th St & Thompson St
android.widget.TextView: Bridgeport, TX
android.widget.TextView: 8.88 mi
android.widget.TableLayout@4066d500
android.widget.TableRow@40670cd0
android.widget.RelativeLayout@4067e860
android.widget.RelativeLayout@40684478
android.widget.TextView: 3.19
android.widget.TextView: 9
android.widget.TextView: 11 hours ago
android.widget.TextView: Update
android.widget.RelativeLayout@4069d9e0
android.widget.ImageView@406a3200
android.widget.TextView: Brookshire's
android.widget.TextView: 1203 US-380 & SH-101
android.widget.TextView: Bridgeport, TX
android.widget.TextView: 8.97 mi
android.widget.RelativeLayout@406e4398
android.widget.FrameLayout@405a8cf0
android.widget.RelativeLayout@405a2010
android.widget.LinearLayout@405b1c90
android.view.View@40557cd8
android.widget.RelativeLayout@406c7170
android.widget.TextView: Regular
android.view.View@406ecbd0
android.view.View@406acc60
android.widget.RelativeLayout@406f0108
android.widget.TextView: Midgrade
android.view.View@4070acf0
android.view.View@406acdc0
android.widget.RelativeLayout@40557090
android.widget.TextView: Premium
android.view.View@406adf98
android.view.View@40557ba8
android.widget.RelativeLayout@406b63e0
android.widget.TextView: Diesel
android.view.View@405ec188
android.view.View@405b28b8
android.view.View@405dd5c0
android.widget.LinearLayout@405e3f48
android.widget.RelativeLayout@40549488
android.widget.ImageView@4072b020
android.widget.TextView: Reload
android.widget.RelativeLayout@405bb580
android.widget.ImageView@405dd0e0
android.widget.TextView: Sort By Price
android.widget.RelativeLayout@406569e8
android.widget.ImageView@405d5020
android.widget.TextView: Map View
android.view.View@406b8350
gbis.gbandroid.views.layouts.CustomListView@406b5040
android.widget.TableLayout@4066d500
android.widget.TableRow@40670cd0
android.widget.RelativeLayout@4067e860
android.widget.RelativeLayout@40684478
android.widget.TextView: 3.19
android.widget.TextView: 9
android.widget.TextView: 11 hours ago
android.widget.TextView: Update
android.widget.RelativeLayout@4069d9e0
android.widget.ImageView@406a3200
android.widget.TextView: Brookshire's
android.widget.TextView: 1203 US-380 & SH-101
android.widget.TextView: Bridgeport, TX
android.widget.TextView: 8.97 mi
android.widget.TableLayout@406fcf60
android.widget.TableRow@4071bd58
android.widget.RelativeLayout@4068c448
android.widget.RelativeLayout@406d0218
android.widget.TextView: 3.29
android.widget.TextView: 9
android.widget.TextView: 11 hours ago
android.widget.TextView: Update
android.widget.RelativeLayout@405f2f50
android.widget.ImageView@405f31e8
android.widget.TextView: Mobil
android.widget.TextView: 806 13th St & Cobb St
android.widget.TextView: Bridgeport, TX
android.widget.TextView: 9.19 mi
android.widget.TableLayout@406e3ce8
android.widget.TableRow@406217a0
android.widget.RelativeLayout@4054f780
android.widget.RelativeLayout@406fecc8
android.widget.TextView: 3.29
android.widget.TextView: 9
android.widget.TextView: 11 hours ago
android.widget.TextView: Update
android.widget.RelativeLayout@406179f8
android.widget.ImageView@40685b08
android.widget.TextView: Valero
android.widget.TextView: 101 W US-380 & SH-101
android.widget.TextView: Bridgeport, TX
android.widget.TextView: 9.79 mi
android.widget.TableLayout@4057f3b8
android.widget.TableRow@40604228
android.widget.RelativeLayout@406175b8
android.widget.RelativeLayout@4061a5c0
android.widget.TextView: 3.19
android.widget.TextView: 9
android.widget.TextView: 11 hours ago
android.widget.TextView: Update
android.widget.RelativeLayout@406381d0
android.widget.ImageView@40646370
android.widget.TextView: Conoco
android.widget.TextView: 1701 Chico Hwy & Lake Rd  
android.widget.TextView: Bridgeport, TX
android.widget.TextView: 9.79 mi
android.widget.TableLayout@406e5668
android.widget.TableRow@40720ef0
android.widget.RelativeLayout@40726850
android.widget.RelativeLayout@40771168
android.widget.TextView: 3.36
android.widget.TextView: 9
android.widget.TextView: 11 hours ago
android.widget.TextView: Update
android.widget.RelativeLayout@4059ba78
android.widget.ImageView@4062ab90
android.widget.TextView: Phillips 66
android.widget.TextView: 206 Cates St & 2nd St
android.widget.TextView: Bridgeport, TX
android.widget.TextView: 9.82 mi
android.widget.TableLayout@40686328
android.widget.TableRow@406f9ca8
android.widget.RelativeLayout@40676e60
android.widget.RelativeLayout@40677178
android.widget.TextView: 3.29
android.widget.TextView: 9
android.widget.TextView: 11 hours ago
android.widget.TextView: Update
android.widget.RelativeLayout@406f6e80
android.widget.ImageView@406f7160
android.widget.TextView: Exxon
android.widget.TextView: 99 US-380 & SH-101
android.widget.TextView: Bridgeport, TX
android.widget.TextView: 9.84 mi
android.widget.RelativeLayout@406e4398
android.widget.FrameLayout@405a8cf0
android.widget.RelativeLayout@405a2010
android.widget.LinearLayout@405b1c90
android.view.View@40557cd8
android.widget.RelativeLayout@406c7170
android.widget.TextView: Regular
android.view.View@406ecbd0
android.view.View@406acc60
android.widget.RelativeLayout@406f0108
android.widget.TextView: Midgrade
android.view.View@4070acf0
android.view.View@406acdc0
android.widget.RelativeLayout@40557090
android.widget.TextView: Premium
android.view.View@406adf98
android.view.View@40557ba8
android.widget.RelativeLayout@406b63e0
android.widget.TextView: Diesel
android.view.View@405ec188
android.view.View@405b28b8
android.view.View@405dd5c0
android.widget.LinearLayout@405e3f48
android.widget.RelativeLayout@40549488
android.widget.ImageView@4072b020
android.widget.TextView: Reload
android.widget.RelativeLayout@405bb580
android.widget.ImageView@405dd0e0
android.widget.TextView: Sort By Price
android.widget.RelativeLayout@406569e8
android.widget.ImageView@405d5020
android.widget.TextView: Map View
android.view.View@406b8350
gbis.gbandroid.views.layouts.CustomListView@406b5040
android.widget.TableLayout@40642bc0
android.widget.TableRow@40643080
android.widget.RelativeLayout@4062b5c8
android.widget.RelativeLayout@4062b9a0
android.widget.TextView: 3.29
android.widget.TextView: 9
android.widget.TextView: 11 hours ago
android.widget.TextView: Update
android.widget.RelativeLayout@406e0198
android.widget.ImageView@406faee0
android.widget.TextView: Exxon
android.widget.TextView: 99 US-380 & SH-101
android.widget.TextView: Bridgeport, TX
android.widget.TextView: 9.84 mi
android.widget.TableLayout@406c6b58
android.widget.TableRow@406d4120
android.widget.RelativeLayout@406d47a0
android.widget.RelativeLayout@406e4860
android.widget.TextView: 3.27
android.widget.TextView: 9
android.widget.TextView: 15 hours ago
android.widget.TextView: Update
android.widget.RelativeLayout@406052b0
android.widget.ImageView@40661a70
android.widget.TextView: Shell
android.widget.TextView: 806 W State St & US-287
android.widget.TextView: Alvord, TX
android.widget.TextView: 10.12 mi
android.widget.TableLayout@407138c0
android.widget.TableRow@40713e90
android.widget.RelativeLayout@406ffc38
android.widget.RelativeLayout@40700010
android.widget.TextView: --
android.widget.TextView: 9
android.widget.TextView: time
android.widget.TextView: Report Price
android.widget.RelativeLayout@406bfbe8
android.widget.ImageView@406bffa8
android.widget.TextView: Oliver Creek Store
android.widget.TextView: 4880 FM-2264 & CR-4421
android.widget.TextView: Decatur, TX
android.widget.TextView: 10.92 mi
android.widget.TableLayout@40638d50
android.widget.TableRow@406242c8
android.widget.RelativeLayout@40630908
android.widget.RelativeLayout@40630ca0
android.widget.TextView: --
android.widget.TextView: 9
android.widget.TextView: 15 hours ago
android.widget.TextView: Report Price
android.widget.RelativeLayout@406eeca8
android.widget.ImageView@406ef080
android.widget.TextView: Phillips 66
android.widget.TextView: 217 E Rock Island Ave & Hitt St
android.widget.TextView: Boyd, TX
android.widget.TextView: 11.26 mi
android.widget.TableLayout@40686328
android.widget.TableRow@406f9ca8
android.widget.RelativeLayout@40676e60
android.widget.RelativeLayout@40677178
android.widget.TextView: --
android.widget.TextView: 9
android.widget.TextView: 11 hours ago
android.widget.TextView: Report Price
android.widget.RelativeLayout@406f6e80
android.widget.ImageView@406f7160
android.widget.TextView: Valero
android.widget.TextView: 108 S Allen St & Rock Island Ave
android.widget.TextView: Boyd, TX
android.widget.TextView: 11.28 mi
android.widget.RelativeLayout@406e4398
android.widget.FrameLayout@405a8cf0
android.widget.RelativeLayout@405a2010
android.widget.LinearLayout@405b1c90
android.view.View@40557cd8
android.widget.RelativeLayout@406c7170
android.widget.TextView: Regular
android.view.View@406ecbd0
android.view.View@406acc60
android.widget.RelativeLayout@406f0108
android.widget.TextView: Midgrade
android.view.View@4070acf0
android.view.View@406acdc0
android.widget.RelativeLayout@40557090
android.widget.TextView: Premium
android.view.View@406adf98
android.view.View@40557ba8
android.widget.RelativeLayout@406b63e0
android.widget.TextView: Diesel
android.view.View@405ec188
android.view.View@405b28b8
android.view.View@405dd5c0
android.widget.LinearLayout@405e3f48
android.widget.RelativeLayout@40549488
android.widget.ImageView@4072b020
android.widget.TextView: Reload
android.widget.RelativeLayout@405bb580
android.widget.ImageView@405dd0e0
android.widget.TextView: Sort By Price
android.widget.RelativeLayout@406569e8
android.widget.ImageView@405d5020
android.widget.TextView: Map View
android.view.View@406b8350
gbis.gbandroid.views.layouts.CustomListView@406b5040
android.widget.TableLayout@40686328
android.widget.TableRow@406f9ca8
android.widget.RelativeLayout@40676e60
android.widget.RelativeLayout@40677178
android.widget.TextView: --
android.widget.TextView: 9
android.widget.TextView: 11 hours ago
android.widget.TextView: Report Price
android.widget.RelativeLayout@406f6e80
android.widget.ImageView@406f7160
android.widget.TextView: Valero
android.widget.TextView: 108 S Allen St & Rock Island Ave
android.widget.TextView: Boyd, TX
android.widget.TextView: 11.28 mi
android.widget.TableLayout@406e5668
android.widget.TableRow@40720ef0
android.widget.RelativeLayout@40726850
android.widget.RelativeLayout@40771168
android.widget.TextView: --
android.widget.TextView: 9
android.widget.TextView: 11 hours ago
android.widget.TextView: Report Price
android.widget.RelativeLayout@4059ba78
android.widget.ImageView@4062ab90
android.widget.TextView: Conoco
android.widget.TextView: 400 E Rock Island Ave & SH-114
android.widget.TextView: Boyd, TX
android.widget.TextView: 11.32 mi
android.widget.TableLayout@4057bb58
android.widget.TableRow@40600ba8
android.widget.RelativeLayout@405bc8b0
android.widget.RelativeLayout@405cd518
android.widget.TextView: --
android.widget.TextView: 9
android.widget.TextView: time
android.widget.TextView: Report Price
android.widget.RelativeLayout@406254f0
android.widget.ImageView@4055e178
android.widget.TextView: Exxon
android.widget.TextView: 490 W Rock Island  & Knox Ave
android.widget.TextView: Boyd, TX
android.widget.TextView: 11.35 mi
android.widget.TableLayout@40600d48
android.widget.TableRow@40614c10
android.widget.RelativeLayout@4062c558
android.widget.RelativeLayout@40642790
android.widget.TextView: 3.39
android.widget.TextView: 9
android.widget.TextView: 11 hours ago
android.widget.TextView: Update
android.widget.RelativeLayout@4064b410
android.widget.ImageView@4056aa98
android.widget.TextView: Phillips 66
android.widget.TextView: 303 E Sherman & SH-101
android.widget.TextView: Chico, TX
android.widget.TextView: 11.77 mi
android.widget.TableLayout@40603460
android.widget.TableRow@4061e140
android.widget.RelativeLayout@406645c0
android.widget.RelativeLayout@406823f8
android.widget.TextView: 3.29
android.widget.TextView: 9
android.widget.TextView: 11 hours ago
android.widget.TextView: Update
android.widget.RelativeLayout@40696d90
android.widget.ImageView@405af318
android.widget.TextView: Alon
android.widget.TextView: 106 S SH-101 & Decatur
android.widget.TextView: Chico, TX
android.widget.TextView: 11.83 mi
android.widget.RelativeLayout@406e4398
android.widget.FrameLayout@405a8cf0
android.widget.RelativeLayout@405a2010
android.widget.LinearLayout@405b1c90
android.view.View@40557cd8
android.widget.RelativeLayout@406c7170
android.widget.TextView: Regular
android.view.View@406ecbd0
android.view.View@406acc60
android.widget.RelativeLayout@406f0108
android.widget.TextView: Midgrade
android.view.View@4070acf0
android.view.View@406acdc0
android.widget.RelativeLayout@40557090
android.widget.TextView: Premium
android.view.View@406adf98
android.view.View@40557ba8
android.widget.RelativeLayout@406b63e0
android.widget.TextView: Diesel
android.view.View@405ec188
android.view.View@405b28b8
android.view.View@405dd5c0
android.widget.LinearLayout@405e3f48
android.widget.RelativeLayout@40549488
android.widget.ImageView@4072b020
android.widget.TextView: Reload
android.widget.RelativeLayout@405bb580
android.widget.ImageView@405dd0e0
android.widget.TextView: Sort By Price
android.widget.RelativeLayout@406569e8
android.widget.ImageView@405d5020
android.widget.TextView: Map View
android.view.View@406b8350
gbis.gbandroid.views.layouts.CustomListView@406b5040
android.widget.TableLayout@40603460
android.widget.TableRow@4061e140
android.widget.RelativeLayout@406645c0
android.widget.RelativeLayout@406823f8
android.widget.TextView: 3.29
android.widget.TextView: 9
android.widget.TextView: 11 hours ago
android.widget.TextView: Update
android.widget.RelativeLayout@40696d90
android.widget.ImageView@405af318
android.widget.TextView: Alon
android.widget.TextView: 106 S SH-101 & Decatur
android.widget.TextView: Chico, TX
android.widget.TextView: 11.83 mi
android.widget.TableLayout@40638d50
android.widget.TableRow@406242c8
android.widget.RelativeLayout@40630908
android.widget.RelativeLayout@40630ca0
android.widget.TextView: --
android.widget.TextView: 9
android.widget.TextView: 15 hours ago
android.widget.TextView: Report Price
android.widget.RelativeLayout@406eeca8
android.widget.ImageView@406ef080
android.widget.TextView: Texaco
android.widget.TextView: 101 FM-407 & US-287
android.widget.TextView: Rhome, TX
android.widget.TextView: 12.19 mi
android.widget.TableLayout@40603960
android.widget.TableRow@40627618
android.widget.RelativeLayout@406c4ea0
android.widget.RelativeLayout@406dbee0
android.widget.TextView: --
android.widget.TextView: 9
android.widget.TextView: time
android.widget.TextView: Report Price
android.widget.RelativeLayout@40722b58
android.widget.ImageView@405b0db8
android.widget.TextView: Shamrock
android.widget.TextView: FM-2123 & Draco Rd
android.widget.TextView: Paradise, TX
android.widget.TextView: 13.28 mi
android.widget.TableLayout@40606528
android.widget.TableRow@40655f50
android.widget.RelativeLayout@4058a9e8
android.widget.RelativeLayout@4068c0b8
android.widget.TextView: 3.19
android.widget.TextView: 9
android.widget.TextView: 15 hours ago
android.widget.TextView: Update
android.widget.RelativeLayout@4069d9e0
android.widget.ImageView@405fdfa0
android.widget.TextView: Exxon
android.widget.TextView: 8417  N US-287 & Pvt Rd 1613
android.widget.TextView: Alvord, TX
android.widget.TextView: 14.22 mi
android.widget.TableLayout@40616bd0
android.widget.TableRow@40663550
android.widget.RelativeLayout@4069ffe0
android.widget.RelativeLayout@406f67a8
android.widget.TextView: 3.10
android.widget.TextView: 9
android.widget.TextView: Mon 7:49 AM
android.widget.TextView: Update
android.widget.RelativeLayout@4055f6a0
android.widget.ImageView@40607530
android.widget.TextView: JJ Truck stop
android.widget.TextView: 17997 US-380 W & FM-2622
android.widget.TextView: Ponder, TX
android.widget.TextView: 14.23 mi
android.widget.RelativeLayout@406e4398
android.widget.FrameLayout@405a8cf0
android.widget.RelativeLayout@405a2010
android.widget.LinearLayout@405b1c90
android.view.View@40557cd8
android.widget.RelativeLayout@406c7170
android.widget.TextView: Regular
android.view.View@406ecbd0
android.view.View@406acc60
android.widget.RelativeLayout@406f0108
android.widget.TextView: Midgrade
android.view.View@4070acf0
android.view.View@406acdc0
android.widget.RelativeLayout@40557090
android.widget.TextView: Premium
android.view.View@406adf98
android.view.View@40557ba8
android.widget.RelativeLayout@406b63e0
android.widget.TextView: Diesel
android.view.View@405ec188
android.view.View@405b28b8
android.view.View@405dd5c0
android.widget.LinearLayout@405e3f48
android.widget.RelativeLayout@40549488
android.widget.ImageView@4072b020
android.widget.TextView: Reload
android.widget.RelativeLayout@405bb580
android.widget.ImageView@405dd0e0
android.widget.TextView: Sort By Price
android.widget.RelativeLayout@406569e8
android.widget.ImageView@405d5020
android.widget.TextView: Map View
android.view.View@406b8350
gbis.gbandroid.views.layouts.CustomListView@406b5040
android.widget.TableLayout@40616bd0
android.widget.TableRow@40663550
android.widget.RelativeLayout@4069ffe0
android.widget.RelativeLayout@406f67a8
android.widget.TextView: 3.10
android.widget.TextView: 9
android.widget.TextView: Mon 7:49 AM
android.widget.TextView: Update
android.widget.RelativeLayout@4055f6a0
android.widget.ImageView@40607530
android.widget.TextView: JJ Truck stop
android.widget.TextView: 17997 US-380 W & FM-2622
android.widget.TextView: Ponder, TX
android.widget.TextView: 14.23 mi
android.widget.TableLayout@40600d48
android.widget.TableRow@40614c10
android.widget.RelativeLayout@4062c558
android.widget.RelativeLayout@40642790
android.widget.TextView: 3.15
android.widget.TextView: 9
android.widget.TextView: 9 hours ago
android.widget.TextView: Update
android.widget.RelativeLayout@4064b410
android.widget.ImageView@4056aa98
android.widget.TextView: Love's
android.widget.TextView: 4800 E SH-114 & US-287
android.widget.TextView: Rhome, TX
android.widget.TextView: 14.26 mi
android.widget.TableLayout@4061aa68
android.widget.TableRow@40680178
android.widget.RelativeLayout@4058dfb8
android.widget.RelativeLayout@405f6fa8
android.widget.TextView: 3.19
android.widget.TextView: 9
android.widget.TextView: Mon 10:44 PM
android.widget.TextView: Update
android.widget.RelativeLayout@40611200
android.widget.ImageView@406183e8
android.widget.TextView: Exxon
android.widget.TextView: 405 W BC Rhome Ave & US-287  
android.widget.TextView: Rhome, TX
android.widget.TextView: 14.52 mi
android.widget.TableLayout@4061df90
android.widget.TableRow@40699b50
android.widget.RelativeLayout@4061a030
android.widget.RelativeLayout@4063b0a8
android.widget.TextView: 3.17
android.widget.TextView: 9
android.widget.TextView: Mon 10:27 AM
android.widget.TextView: Update
android.widget.RelativeLayout@40669a18
android.widget.ImageView@406ba270
android.widget.TextView: Phillips 66
android.widget.TextView: 17605 US-380 W  & County Line Rd
android.widget.TextView: Ponder, TX
android.widget.TextView: 14.64 mi
android.widget.TableLayout@40620ba8
android.widget.TableRow@406b0c98
android.widget.RelativeLayout@40691440
android.widget.RelativeLayout@40697b28
android.widget.TextView: --
android.widget.TextView: 9
android.widget.TextView: time
android.widget.TextView: Report Price
android.widget.RelativeLayout@406998a8
android.widget.ImageView@406c1f58
android.widget.TextView: Valero
android.widget.TextView: 2000 Illinois St & Rhome To Justin Rd
android.widget.TextView: Rhome, TX
android.widget.TextView: 14.69 mi
android.widget.RelativeLayout@406e4398
android.widget.FrameLayout@405a8cf0
android.widget.RelativeLayout@405a2010
android.widget.LinearLayout@405b1c90
android.view.View@40557cd8
android.widget.RelativeLayout@406c7170
android.widget.TextView: Regular
android.view.View@406ecbd0
android.view.View@406acc60
android.widget.RelativeLayout@406f0108
android.widget.TextView: Midgrade
android.view.View@4070acf0
android.view.View@406acdc0
android.widget.RelativeLayout@40557090
android.widget.TextView: Premium
android.view.View@406adf98
android.view.View@40557ba8
android.widget.RelativeLayout@406b63e0
android.widget.TextView: Diesel
android.view.View@405ec188
android.view.View@405b28b8
android.view.View@405dd5c0
android.widget.LinearLayout@405e3f48
android.widget.RelativeLayout@40549488
android.widget.ImageView@4072b020
android.widget.TextView: Reload
android.widget.RelativeLayout@405bb580
android.widget.ImageView@405dd0e0
android.widget.TextView: Sort By Price
android.widget.RelativeLayout@406569e8
android.widget.ImageView@405d5020
android.widget.TextView: Map View
android.view.View@406b8350
gbis.gbandroid.views.layouts.CustomListView@406b5040
android.widget.TableLayout@40620ba8
android.widget.TableRow@406b0c98
android.widget.RelativeLayout@40691440
android.widget.RelativeLayout@40697b28
android.widget.TextView: --
android.widget.TextView: 9
android.widget.TextView: time
android.widget.TextView: Report Price
android.widget.RelativeLayout@406998a8
android.widget.ImageView@406c1f58
android.widget.TextView: Valero
android.widget.TextView: 2000 Illinois St & Rhome To Justin Rd
android.widget.TextView: Rhome, TX
android.widget.TextView: 14.69 mi
android.widget.TableLayout@40606528
android.widget.TableRow@40655f50
android.widget.RelativeLayout@4058a9e8
android.widget.RelativeLayout@4068c0b8
android.widget.TextView: --
android.widget.TextView: 9
android.widget.TextView: 15 hours ago
android.widget.TextView: Report Price
android.widget.RelativeLayout@4069d9e0
android.widget.ImageView@405fdfa0
android.widget.TextView: Phillips 66
android.widget.TextView: 100 N Main St & E 1st St
android.widget.TextView: Rhome, TX
android.widget.TextView: 14.8 mi
android.widget.TableLayout@4057f368
android.widget.TableRow@40715950
android.widget.RelativeLayout@4066d280
android.widget.RelativeLayout@40610e30
android.widget.TextView: --
android.widget.TextView: 9
android.widget.TextView: time
android.widget.TextView: Report Price
android.widget.RelativeLayout@4071eb38
android.widget.ImageView@406e63b0
android.widget.TextView: Shell
android.widget.TextView: 700 South Main & Hwy 287
android.widget.TextView: Rhome, TX
android.widget.TextView: 15.19 mi
android.widget.TableLayout@406c3a50
android.widget.TableRow@4058b430
android.widget.RelativeLayout@4066d8d8
android.widget.RelativeLayout@406fc4f0
android.widget.TextView: --
android.widget.TextView: 9
android.widget.TextView: time
android.widget.TextView: Report Price
android.widget.RelativeLayout@406466e0
android.widget.ImageView@40629c50
android.widget.TextView: Mobil
android.widget.TextView: 10326 S US-287 & FM-3433
android.widget.TextView: Rhome, TX
android.widget.TextView: 15.35 mi
android.widget.TableLayout@4063a480
android.widget.TableRow@4068e538
android.widget.RelativeLayout@40619650
android.widget.RelativeLayout@40603728
android.widget.TextView: 3.19
android.widget.TextView: 9
android.widget.TextView: 1 hour ago
android.widget.TextView: Update
android.widget.RelativeLayout@406341f0
android.widget.ImageView@40684050
android.widget.TextView: Shell
android.widget.TextView: 250 US-380 & Runway Bay Dr
android.widget.TextView: Bridgeport, TX
android.widget.TextView: 15.79 mi
android.widget.RelativeLayout@406e4398
android.widget.FrameLayout@405a8cf0
android.widget.RelativeLayout@405a2010
android.widget.LinearLayout@405b1c90
android.view.View@40557cd8
android.widget.RelativeLayout@406c7170
android.widget.TextView: Regular
android.view.View@406ecbd0
android.view.View@406acc60
android.widget.RelativeLayout@406f0108
android.widget.TextView: Midgrade
android.view.View@4070acf0
android.view.View@406acdc0
android.widget.RelativeLayout@40557090
android.widget.TextView: Premium
android.view.View@406adf98
android.view.View@40557ba8
android.widget.RelativeLayout@406b63e0
android.widget.TextView: Diesel
android.view.View@405ec188
android.view.View@405b28b8
android.view.View@405dd5c0
android.widget.LinearLayout@405e3f48
android.widget.RelativeLayout@40549488
android.widget.ImageView@4072b020
android.widget.TextView: Reload
android.widget.RelativeLayout@405bb580
android.widget.ImageView@405dd0e0
android.widget.TextView: Sort By Price
android.widget.RelativeLayout@406569e8
android.widget.ImageView@405d5020
android.widget.TextView: Map View
android.view.View@406b8350
gbis.gbandroid.views.layouts.CustomListView@406b5040
android.widget.TableLayout@40770948
android.widget.TableRow@40786370
android.widget.RelativeLayout@40786908
android.widget.RelativeLayout@4069f870
android.widget.TextView: 3.19
android.widget.TextView: 9
android.widget.TextView: 1 hour ago
android.widget.TextView: Update
android.widget.RelativeLayout@406888c0
android.widget.ImageView@406d7910
android.widget.TextView: Shell
android.widget.TextView: 250 US-380 & Runway Bay Dr
android.widget.TextView: Bridgeport, TX
android.widget.TextView: 15.79 mi
android.widget.TableLayout@406c7ac8
android.widget.TableRow@406457a0
android.widget.RelativeLayout@40760948
android.widget.RelativeLayout@4057cba0
android.widget.TextView: --
android.widget.TextView: 9
android.widget.TextView: time
android.widget.TextView: Report Price
android.widget.RelativeLayout@406d6f98
android.widget.ImageView@406d7278
android.widget.TextView: 1 Stop
android.widget.TextView: 598 US-380 & Runaway Bay Dr
android.widget.TextView: Runaway Bay, TX
android.widget.TextView: 15.96 mi
android.widget.TableLayout@40694820
android.widget.TableRow@40718d18
android.widget.RelativeLayout@40638888
android.widget.RelativeLayout@40703670
android.widget.TextView: --
android.widget.TextView: 9
android.widget.TextView: time
android.widget.TextView: Report Price
android.widget.RelativeLayout@40679a58
android.widget.ImageView@4068cc20
android.widget.TextView: Quick Stop
android.widget.TextView: 510 FM-718 & Central Ave
android.widget.TextView: Newark, TX
android.widget.TextView: 17.29 mi
android.widget.TableLayout@4061df90
android.widget.TableRow@40699b50
android.widget.RelativeLayout@4061a030
android.widget.RelativeLayout@4063b0a8
android.widget.TextView: --
android.widget.TextView: 9
android.widget.TextView: Mon 10:27 AM
android.widget.TextView: Report Price
android.widget.RelativeLayout@40669a18
android.widget.ImageView@406ba270
android.widget.TextView: Conoco
android.widget.TextView: 902 Seven Hills Rd & FM-718
android.widget.TextView: Newark, TX
android.widget.TextView: 17.52 mi
android.widget.TableLayout@4063a480
android.widget.TableRow@4068e538
android.widget.RelativeLayout@40619650
android.widget.RelativeLayout@40603728
android.widget.TextView: 3.49
android.widget.TextView: 9
android.widget.TextView: 15 hours ago
android.widget.TextView: Update
android.widget.RelativeLayout@406341f0
android.widget.ImageView@40684050
android.widget.TextView: Phillips 66
android.widget.TextView: 1110 US-287 & Campbell Ln
android.widget.TextView: Sunset, TX
android.widget.TextView: 17.7 mi
android.widget.RelativeLayout@406e4398
android.widget.FrameLayout@405a8cf0
android.widget.RelativeLayout@405a2010
android.widget.LinearLayout@405b1c90
android.view.View@40557cd8
android.widget.RelativeLayout@406c7170
android.widget.TextView: Regular
android.view.View@406ecbd0
android.view.View@406acc60
android.widget.RelativeLayout@406f0108
android.widget.TextView: Midgrade
android.view.View@4070acf0
android.view.View@406acdc0
android.widget.RelativeLayout@40557090
android.widget.TextView: Premium
android.view.View@406adf98
android.view.View@40557ba8
android.widget.RelativeLayout@406b63e0
android.widget.TextView: Diesel
android.view.View@405ec188
android.view.View@405b28b8
android.view.View@405dd5c0
android.widget.LinearLayout@405e3f48
android.widget.RelativeLayout@40549488
android.widget.ImageView@4072b020
android.widget.TextView: Reload
android.widget.RelativeLayout@405bb580
android.widget.ImageView@405dd0e0
android.widget.TextView: Sort By Price
android.widget.RelativeLayout@406569e8
android.widget.ImageView@405d5020
android.widget.TextView: Map View
android.view.View@406b8350
gbis.gbandroid.views.layouts.CustomListView@406b5040
android.widget.TableLayout@4063a480
android.widget.TableRow@4068e538
android.widget.RelativeLayout@40619650
android.widget.RelativeLayout@40603728
android.widget.TextView: 3.49
android.widget.TextView: 9
android.widget.TextView: 15 hours ago
android.widget.TextView: Update
android.widget.RelativeLayout@406341f0
android.widget.ImageView@40684050
android.widget.TextView: Phillips 66
android.widget.TextView: 1110 US-287 & Campbell Ln
android.widget.TextView: Sunset, TX
android.widget.TextView: 17.7 mi
android.widget.TableLayout@406c3a50
android.widget.TableRow@4058b430
android.widget.RelativeLayout@4066d8d8
android.widget.RelativeLayout@406fc4f0
android.widget.TextView: 3.07
android.widget.TextView: 9
android.widget.TextView: Mon 5:32 PM
android.widget.TextView: Update
android.widget.RelativeLayout@406466e0
android.widget.ImageView@40629c50
android.widget.TextView: Valero
android.widget.TextView: 1003 N FM-156 & King George Rd
android.widget.TextView: Ponder, TX
android.widget.TextView: 18.51 mi
android.widget.TableLayout@40752a78
android.widget.TableRow@40753048
android.widget.RelativeLayout@4065eab0
android.widget.RelativeLayout@4065ee88
android.widget.TextView: 3.19
android.widget.TextView: 9
android.widget.TextView: 14 hours ago
android.widget.TextView: Update
android.widget.RelativeLayout@40660698
android.widget.ImageView@40660a70
android.widget.TextView: Shell
android.widget.TextView: 100 W SH-199 & FM-51
android.widget.TextView: Springtown, TX
android.widget.TextView: 19.64 mi
android.widget.TableLayout@4075d300
android.widget.TableRow@4075d838
android.widget.RelativeLayout@4075dee8
android.widget.RelativeLayout@4075e2c0
android.widget.TextView: 3.19
android.widget.TextView: 9
android.widget.TextView: 14 hours ago
android.widget.TextView: Update
android.widget.RelativeLayout@4075fad0
android.widget.ImageView@4075fea8
android.widget.TextView: Valero
android.widget.TextView: 320 E SH-199 & Old Springtown Rd
android.widget.TextView: Springtown, TX
android.widget.TextView: 19.64 mi
android.widget.TableLayout@407d1b48
android.widget.TableRow@407d2118
android.widget.RelativeLayout@407d27d8
android.widget.RelativeLayout@407d2bb0
android.widget.TextView: 3.19
android.widget.TextView: 9
android.widget.TextView: 6 hours ago
android.widget.TextView: Update
android.widget.RelativeLayout@407d43c0
android.widget.ImageView@407d4798
android.widget.TextView: Exxon
android.widget.TextView: 101 W SH-199 & S Ash St
android.widget.TextView: Springtown, TX
android.widget.TextView: 19.65 mi
android.widget.RelativeLayout@406e4398
android.widget.FrameLayout@405a8cf0
android.widget.RelativeLayout@405a2010
android.widget.LinearLayout@405b1c90
android.view.View@40557cd8
android.widget.RelativeLayout@406c7170
android.widget.TextView: Regular
android.view.View@406ecbd0
android.view.View@406acc60
android.widget.RelativeLayout@406f0108
android.widget.TextView: Midgrade
android.view.View@4070acf0
android.view.View@406acdc0
android.widget.RelativeLayout@40557090
android.widget.TextView: Premium
android.view.View@406adf98
android.view.View@40557ba8
android.widget.RelativeLayout@406b63e0
android.widget.TextView: Diesel
android.view.View@405ec188
android.view.View@405b28b8
android.view.View@405dd5c0
android.widget.LinearLayout@405e3f48
android.widget.RelativeLayout@40549488
android.widget.ImageView@4072b020
android.widget.TextView: Reload
android.widget.RelativeLayout@405bb580
android.widget.ImageView@405dd0e0
android.widget.TextView: Sort By Price
android.widget.RelativeLayout@406569e8
android.widget.ImageView@405d5020
android.widget.TextView: Map View
android.view.View@406b8350
gbis.gbandroid.views.layouts.CustomListView@406b5040
android.widget.TableLayout@407d1b48
android.widget.TableRow@407d2118
android.widget.RelativeLayout@407d27d8
android.widget.RelativeLayout@407d2bb0
android.widget.TextView: 3.19
android.widget.TextView: 9
android.widget.TextView: 6 hours ago
android.widget.TextView: Update
android.widget.RelativeLayout@407d43c0
android.widget.ImageView@407d4798
android.widget.TextView: Exxon
android.widget.TextView: 101 W SH-199 & S Ash St
android.widget.TextView: Springtown, TX
android.widget.TextView: 19.65 mi
android.widget.TableLayout@4061df90
android.widget.TableRow@40699b50
android.widget.RelativeLayout@4061a030
android.widget.RelativeLayout@4063b0a8
android.widget.TextView: --
android.widget.TextView: 9
android.widget.TextView: Mon 10:27 AM
android.widget.TextView: Report Price
android.widget.RelativeLayout@40669a18
android.widget.ImageView@406ba270
android.widget.TextView: Super Save
android.widget.TextView: 904 W 1st  St & Leuty Ave
android.widget.TextView: Justin, TX
android.widget.TextView: 20.08 mi
android.widget.TableLayout@407fcac8
android.widget.TableRow@407fd098
android.widget.RelativeLayout@407fd758
android.widget.RelativeLayout@407fdb30
android.widget.TextView: --
android.widget.TextView: 9
android.widget.TextView: time
android.widget.TextView: Report Price
android.widget.RelativeLayout@407ff340
android.widget.ImageView@407ff718
android.widget.TextView: Henderson Oil and Propane
android.widget.TextView: 401 N FM-156 & W 4th St
android.widget.TextView: Justin, TX
android.widget.TextView: 20.53 mi
android.widget.TableLayout@40803088
android.widget.TableRow@40803658
android.widget.RelativeLayout@40803d18
android.widget.RelativeLayout@408040f0
android.widget.TextView: 3.09
android.widget.TextView: 9
android.widget.TextView: 9 hours ago
android.widget.TextView: Update
android.widget.RelativeLayout@40805900
android.widget.ImageView@40805cd8
android.widget.TextView: Valero
android.widget.TextView: 303 N FM-156 & W 3rd St
android.widget.TextView: Justin, TX
android.widget.TextView: 20.55 mi
android.widget.TableLayout@4057bb58
android.widget.TableRow@40600ba8
android.widget.RelativeLayout@4057cba0
android.widget.RelativeLayout@405bc8b0
android.widget.TextView: 3.19
android.widget.TextView: 9
android.widget.TextView: 9 hours ago
android.widget.TextView: Update
android.widget.RelativeLayout@405cd518
android.widget.ImageView@4055e178
android.widget.TextView: Texaco
android.widget.TextView: 24 S FM-156  & Barrett Dr
android.widget.TextView: Justin, TX
android.widget.TextView: 20.66 mi
android.widget.TableLayout@405ca650
android.widget.TableRow@40655f50
android.widget.RelativeLayout@40603018
android.widget.RelativeLayout@40642790
android.widget.TextView: 3.79
android.widget.TextView: 9
android.widget.TextView: Mon 5:14 AM
android.widget.TextView: Update
android.widget.RelativeLayout@406454f0
android.widget.ImageView@405af318
android.widget.TextView: Chevron
android.widget.TextView: 210 W McCart St & FM-156
android.widget.TextView: Krum, TX
android.widget.TextView: 21.02 mi
android.widget.RelativeLayout@406e4398
