emulator-5572
D/umd.troyd( 6190): got command getViews
D/umd.troyd( 6190): android.widget.FrameLayout@406b3810: 16908290 (0)
D/umd.troyd( 6190): android.widget.RelativeLayout@406b4250: 2131558603 (1)
D/umd.troyd( 6190): android.widget.LinearLayout@406b4688: -1 (2)
D/umd.troyd( 6190): com.walmart.android.ui.ViewStackLayout@406b4bd8: 2131558797 (3)
D/umd.troyd( 6190): android.widget.RelativeLayout@407200c8: -1 (4)
D/umd.troyd( 6190): android.widget.RelativeLayout@40720630: 2131558790 (5)
D/umd.troyd( 6190): android.widget.LinearLayout@407211b0: 2131558790 (6)
D/umd.troyd( 6190): android.widget.RelativeLayout@40721990: -1 (7)
D/umd.troyd( 6190): android.widget.Button:  (8)
D/umd.troyd( 6190): android.widget.TextView: Search a location (9)
D/umd.troyd( 6190): android.widget.Button:  (10)
D/umd.troyd( 6190): android.widget.Button:  (11)
D/umd.troyd( 6190): android.widget.Button:  (12)
D/umd.troyd( 6190): android.widget.RelativeLayout@40726248: 2131558791 (13)
D/umd.troyd( 6190): com.walmart.android.storelocator.StoreMapView@407274e0: 2131558792 (14)
D/umd.troyd( 6190): android.widget.ListView@405b7268: 2131558521 (15)
D/umd.troyd( 6190): android.widget.LinearLayout@4054a358: -1 (16)
D/umd.troyd( 6190): android.widget.RelativeLayout@4054a598: -1 (17)
D/umd.troyd( 6190): android.widget.RelativeLayout@407423a0: -1 (18)
D/umd.troyd( 6190): android.widget.TextView: Walmart Supercenter (19)
D/umd.troyd( 6190): android.widget.TextView: 800 S Us Hwy 81/287 (20)
D/umd.troyd( 6190): android.widget.TextView: Decatur, TX 76234 (21)
D/umd.troyd( 6190): android.widget.RelativeLayout@406b7e00: -1 (22)
D/umd.troyd( 6190): android.widget.LinearLayout@406edbd0: 2131558801 (23)
D/umd.troyd( 6190): android.widget.TextView: 1.64 (24)
D/umd.troyd( 6190): android.widget.TextView: miles (25)
D/umd.troyd( 6190): android.widget.TextView:  (26)
D/umd.troyd( 6190): android.widget.ImageView@40552b48: 2131558517 (27)
D/umd.troyd( 6190): android.widget.LinearLayout@406675c0: -1 (28)
D/umd.troyd( 6190): android.widget.RelativeLayout@406ecb80: -1 (29)
D/umd.troyd( 6190): android.widget.RelativeLayout@406ecef0: -1 (30)
D/umd.troyd( 6190): android.widget.TextView: Walmart Supercenter (31)
D/umd.troyd( 6190): android.widget.TextView: 2750 W University Dr (32)
D/umd.troyd( 6190): android.widget.TextView: Denton, TX 76201 (33)
D/umd.troyd( 6190): android.widget.RelativeLayout@407068c8: -1 (34)
D/umd.troyd( 6190): android.widget.LinearLayout@4070b708: 2131558801 (35)
D/umd.troyd( 6190): android.widget.TextView: 19.80 (36)
D/umd.troyd( 6190): android.widget.TextView: miles (37)
D/umd.troyd( 6190): android.widget.TextView:  (38)
D/umd.troyd( 6190): android.widget.ImageView@40712628: 2131558517 (39)
D/umd.troyd( 6190): android.widget.LinearLayout@40788598: -1 (40)
D/umd.troyd( 6190): android.widget.RelativeLayout@40788750: -1 (41)
D/umd.troyd( 6190): android.widget.RelativeLayout@4078a850: -1 (42)
D/umd.troyd( 6190): android.widget.TextView: Walmart Supercenter (43)
D/umd.troyd( 6190): android.widget.TextView: 721 Boyd Rd (44)
D/umd.troyd( 6190): android.widget.TextView: Azle, TX 76020 (45)
D/umd.troyd( 6190): android.widget.RelativeLayout@40611440: -1 (46)
D/umd.troyd( 6190): android.widget.LinearLayout@40611758: 2131558801 (47)
D/umd.troyd( 6190): android.widget.TextView: 19.97 (48)
D/umd.troyd( 6190): android.widget.TextView: miles (49)
D/umd.troyd( 6190): android.widget.TextView:  (50)
D/umd.troyd( 6190): android.widget.ImageView@407312e8: 2131558517 (51)
D/umd.troyd( 6190): android.widget.LinearLayout@405f9540: -1 (52)
D/umd.troyd( 6190): android.widget.RelativeLayout@40629500: -1 (53)
D/umd.troyd( 6190): android.widget.RelativeLayout@406297e8: -1 (54)
D/umd.troyd( 6190): android.widget.TextView: Walmart Supercenter (55)
D/umd.troyd( 6190): android.widget.TextView: 1228 North Highway 377 (56)
D/umd.troyd( 6190): android.widget.TextView: Roanoke, TX 76262 (57)
D/umd.troyd( 6190): android.widget.RelativeLayout@4070fbf8: -1 (58)
D/umd.troyd( 6190): android.widget.LinearLayout@40710008: 2131558801 (59)
D/umd.troyd( 6190): android.widget.TextView: 21.65 (60)
D/umd.troyd( 6190): android.widget.TextView: miles (61)
D/umd.troyd( 6190): android.widget.TextView:  (62)
D/umd.troyd( 6190): android.widget.ImageView@405ce838: 2131558517 (63)
D/umd.troyd( 6190): android.widget.LinearLayout@406a2e18: -1 (64)
D/umd.troyd( 6190): android.widget.RelativeLayout@406a3008: -1 (65)
D/umd.troyd( 6190): android.widget.RelativeLayout@40528110: -1 (66)
D/umd.troyd( 6190): android.widget.TextView: Walmart Supercenter (67)
D/umd.troyd( 6190): android.widget.TextView: 1401 N Saginaw Blvd (68)
D/umd.troyd( 6190): android.widget.TextView: Saginaw, TX 76179 (69)
D/umd.troyd( 6190): android.widget.RelativeLayout@40709140: -1 (70)
D/umd.troyd( 6190): android.widget.LinearLayout@40709550: 2131558801 (71)
D/umd.troyd( 6190): android.widget.TextView: 22.98 (72)
D/umd.troyd( 6190): android.widget.TextView: miles (73)
D/umd.troyd( 6190): android.widget.TextView:  (74)
D/umd.troyd( 6190): android.widget.ImageView@4067f710: 2131558517 (75)
D/umd.troyd( 6190): android.widget.LinearLayout@405cefe8: -1 (76)
D/umd.troyd( 6190): android.widget.RelativeLayout@4054a8d0: -1 (77)
D/umd.troyd( 6190): android.widget.RelativeLayout@40690578: -1 (78)
D/umd.troyd( 6190): android.widget.TextView: Walmart Supercenter (79)
D/umd.troyd( 6190): android.widget.TextView: 1341 Highway 287 N (80)
D/umd.troyd( 6190): android.widget.TextView: Bowie, TX 76230 (81)
D/umd.troyd( 6190): android.widget.RelativeLayout@40694120: -1 (82)
D/umd.troyd( 6190): android.widget.LinearLayout@40668090: 2131558801 (83)
D/umd.troyd( 6190): android.widget.TextView: 23.06 (84)
D/umd.troyd( 6190): android.widget.TextView: miles (85)
D/umd.troyd( 6190): android.widget.TextView:  (86)
D/umd.troyd( 6190): android.widget.ImageView@406a64d8: 2131558517 (87)
D/umd.troyd( 6190): android.widget.RelativeLayout@406b6d08: 2131558541 (88)
D/umd.troyd( 6190): android.widget.GridView@406b7880: 2131558824 (89)
D/umd.troyd( 6190): android.widget.LinearLayout@406b8a00: 2131558538 (90)
D/umd.troyd( 6190): android.widget.RelativeLayout@406b93f8: 2131558818 (91)
D/umd.troyd( 6190): android.widget.ImageButton@406b9d48: 2131558819 (92)
D/umd.troyd( 6190): android.widget.RelativeLayout@406ba260: -1 (93)
D/umd.troyd( 6190): android.widget.ImageView@406ba650: 2131558820 (94)
D/umd.troyd( 6190): android.widget.TextView: Stores (95)
D/umd.troyd( 6190): android.widget.RelativeLayout@406bb558: -1 (96)
D/umd.troyd( 6190): android.widget.Button:  (97)
D/umd.troyd( 6190): android.widget.ImageView@406bc0c8: 2131558823 (98)
D/umd.troyd( 6190): android.widget.LinearLayout@406bc358: 2131558542 (99)
D/umd.troyd( 6190): got command getViews
D/umd.troyd( 6190): android.widget.FrameLayout@406b3810: 16908290 (0)
D/umd.troyd( 6190): android.widget.RelativeLayout@406b4250: 2131558603 (1)
D/umd.troyd( 6190): android.widget.LinearLayout@406b4688: -1 (2)
D/umd.troyd( 6190): com.walmart.android.ui.ViewStackLayout@406b4bd8: 2131558797 (3)
D/umd.troyd( 6190): android.widget.RelativeLayout@407200c8: -1 (4)
D/umd.troyd( 6190): android.widget.RelativeLayout@40720630: 2131558790 (5)
D/umd.troyd( 6190): android.widget.LinearLayout@407211b0: 2131558790 (6)
D/umd.troyd( 6190): android.widget.RelativeLayout@40721990: -1 (7)
D/umd.troyd( 6190): android.widget.Button:  (8)
D/umd.troyd( 6190): android.widget.TextView: Search a location (9)
D/umd.troyd( 6190): android.widget.Button:  (10)
D/umd.troyd( 6190): android.widget.Button:  (11)
D/umd.troyd( 6190): android.widget.Button:  (12)
D/umd.troyd( 6190): android.widget.RelativeLayout@40726248: 2131558791 (13)
D/umd.troyd( 6190): com.walmart.android.storelocator.StoreMapView@407274e0: 2131558792 (14)
D/umd.troyd( 6190): android.widget.ListView@405b7268: 2131558521 (15)
D/umd.troyd( 6190): android.widget.LinearLayout@405cefe8: -1 (16)
D/umd.troyd( 6190): android.widget.RelativeLayout@4054a8d0: -1 (17)
D/umd.troyd( 6190): android.widget.RelativeLayout@40690578: -1 (18)
D/umd.troyd( 6190): android.widget.TextView: Walmart Supercenter (19)
D/umd.troyd( 6190): android.widget.TextView: 1341 Highway 287 N (20)
D/umd.troyd( 6190): android.widget.TextView: Bowie, TX 76230 (21)
D/umd.troyd( 6190): android.widget.RelativeLayout@40694120: -1 (22)
D/umd.troyd( 6190): android.widget.LinearLayout@40668090: 2131558801 (23)
D/umd.troyd( 6190): android.widget.TextView: 23.06 (24)
D/umd.troyd( 6190): android.widget.TextView: miles (25)
D/umd.troyd( 6190): android.widget.TextView:  (26)
D/umd.troyd( 6190): android.widget.ImageView@406a64d8: 2131558517 (27)
D/umd.troyd( 6190): android.widget.LinearLayout@4072f418: -1 (28)
D/umd.troyd( 6190): android.widget.RelativeLayout@4072f568: -1 (29)
D/umd.troyd( 6190): android.widget.RelativeLayout@4072f8b8: -1 (30)
D/umd.troyd( 6190): android.widget.TextView: Walmart Supercenter (31)
D/umd.troyd( 6190): android.widget.TextView: 1515 S Loop 288 (32)
D/umd.troyd( 6190): android.widget.TextView: Denton, TX 76205 (33)
D/umd.troyd( 6190): android.widget.RelativeLayout@407fcd98: -1 (34)
D/umd.troyd( 6190): android.widget.LinearLayout@407fd188: 2131558801 (35)
D/umd.troyd( 6190): android.widget.TextView: 23.67 (36)
D/umd.troyd( 6190): android.widget.TextView: miles (37)
D/umd.troyd( 6190): android.widget.TextView:  (38)
D/umd.troyd( 6190): android.widget.ImageView@40816398: 2131558517 (39)
D/umd.troyd( 6190): android.widget.LinearLayout@40785bb0: -1 (40)
D/umd.troyd( 6190): android.widget.RelativeLayout@40785da0: -1 (41)
D/umd.troyd( 6190): android.widget.RelativeLayout@40786130: -1 (42)
D/umd.troyd( 6190): android.widget.TextView: Walmart Supercenter (43)
D/umd.troyd( 6190): android.widget.TextView: 8520 N Beach St (44)
D/umd.troyd( 6190): android.widget.TextView: Fort Worth, TX 76244 (45)
D/umd.troyd( 6190): android.widget.RelativeLayout@4070daf8: -1 (46)
D/umd.troyd( 6190): android.widget.LinearLayout@4070def0: 2131558801 (47)
D/umd.troyd( 6190): android.widget.TextView: 24.52 (48)
D/umd.troyd( 6190): android.widget.TextView: miles (49)
D/umd.troyd( 6190): android.widget.TextView:  (50)
D/umd.troyd( 6190): android.widget.ImageView@40719058: 2131558517 (51)
D/umd.troyd( 6190): android.widget.LinearLayout@4072dcc0: -1 (52)
D/umd.troyd( 6190): android.widget.RelativeLayout@4072deb0: -1 (53)
D/umd.troyd( 6190): android.widget.RelativeLayout@40616df8: -1 (54)
D/umd.troyd( 6190): android.widget.TextView: Neighborhood Market (55)
D/umd.troyd( 6190): android.widget.TextView: 2130 Ruf Snow Drive (56)
D/umd.troyd( 6190): android.widget.TextView: Keller, TX 76248 (57)
D/umd.troyd( 6190): android.widget.RelativeLayout@406a3e90: -1 (58)
D/umd.troyd( 6190): android.widget.LinearLayout@406a4280: 2131558801 (59)
D/umd.troyd( 6190): android.widget.TextView: 26.05 (60)
D/umd.troyd( 6190): android.widget.TextView: miles (61)
D/umd.troyd( 6190): android.widget.TextView:  (62)
D/umd.troyd( 6190): android.widget.ImageView@40666f78: 2131558517 (63)
D/umd.troyd( 6190): android.widget.LinearLayout@4078e650: -1 (64)
D/umd.troyd( 6190): android.widget.RelativeLayout@4078e840: -1 (65)
D/umd.troyd( 6190): android.widget.RelativeLayout@40664660: -1 (66)
D/umd.troyd( 6190): android.widget.TextView: Neighborhood Market (67)
D/umd.troyd( 6190): android.widget.TextView: 2201 West Southlake Blvd (68)
D/umd.troyd( 6190): android.widget.TextView: Southlake, TX 76092 (69)
D/umd.troyd( 6190): android.widget.RelativeLayout@406f4120: -1 (70)
D/umd.troyd( 6190): android.widget.LinearLayout@406f4518: 2131558801 (71)
D/umd.troyd( 6190): android.widget.TextView: 26.05 (72)
D/umd.troyd( 6190): android.widget.TextView: miles (73)
D/umd.troyd( 6190): android.widget.TextView:  (74)
D/umd.troyd( 6190): android.widget.ImageView@407725c0: 2131558517 (75)
D/umd.troyd( 6190): android.widget.LinearLayout@40708b20: -1 (76)
D/umd.troyd( 6190): android.widget.RelativeLayout@40708d10: -1 (77)
D/umd.troyd( 6190): android.widget.RelativeLayout@40665528: -1 (78)
D/umd.troyd( 6190): android.widget.TextView: Neighborhood Market (79)
D/umd.troyd( 6190): android.widget.TextView: 7401 Park Vista Blvd (80)
D/umd.troyd( 6190): android.widget.TextView: Fort Worth, TX 76137 (81)
D/umd.troyd( 6190): android.widget.RelativeLayout@406fa110: -1 (82)
D/umd.troyd( 6190): android.widget.LinearLayout@406fa508: 2131558801 (83)
D/umd.troyd( 6190): android.widget.TextView: 26.06 (84)
D/umd.troyd( 6190): android.widget.TextView: miles (85)
D/umd.troyd( 6190): android.widget.TextView:  (86)
D/umd.troyd( 6190): android.widget.ImageView@406fb5d0: 2131558517 (87)
D/umd.troyd( 6190): android.widget.RelativeLayout@406b6d08: 2131558541 (88)
D/umd.troyd( 6190): android.widget.GridView@406b7880: 2131558824 (89)
D/umd.troyd( 6190): android.widget.LinearLayout@406b8a00: 2131558538 (90)
D/umd.troyd( 6190): android.widget.RelativeLayout@406b93f8: 2131558818 (91)
D/umd.troyd( 6190): android.widget.ImageButton@406b9d48: 2131558819 (92)
D/umd.troyd( 6190): android.widget.RelativeLayout@406ba260: -1 (93)
D/umd.troyd( 6190): android.widget.ImageView@406ba650: 2131558820 (94)
D/umd.troyd( 6190): android.widget.TextView: Stores (95)
D/umd.troyd( 6190): android.widget.RelativeLayout@406bb558: -1 (96)
D/umd.troyd( 6190): android.widget.Button:  (97)
D/umd.troyd( 6190): android.widget.ImageView@406bc0c8: 2131558823 (98)
D/umd.troyd( 6190): android.widget.LinearLayout@406bc358: 2131558542 (99)
D/umd.troyd( 6190): got command getViews
D/umd.troyd( 6190): android.widget.FrameLayout@406b3810: 16908290 (0)
D/umd.troyd( 6190): android.widget.RelativeLayout@406b4250: 2131558603 (1)
D/umd.troyd( 6190): android.widget.LinearLayout@406b4688: -1 (2)
D/umd.troyd( 6190): com.walmart.android.ui.ViewStackLayout@406b4bd8: 2131558797 (3)
D/umd.troyd( 6190): android.widget.RelativeLayout@407200c8: -1 (4)
D/umd.troyd( 6190): android.widget.RelativeLayout@40720630: 2131558790 (5)
D/umd.troyd( 6190): android.widget.LinearLayout@407211b0: 2131558790 (6)
D/umd.troyd( 6190): android.widget.RelativeLayout@40721990: -1 (7)
D/umd.troyd( 6190): android.widget.Button:  (8)
D/umd.troyd( 6190): android.widget.TextView: Search a location (9)
D/umd.troyd( 6190): android.widget.Button:  (10)
D/umd.troyd( 6190): android.widget.Button:  (11)
D/umd.troyd( 6190): android.widget.Button:  (12)
D/umd.troyd( 6190): android.widget.RelativeLayout@40726248: 2131558791 (13)
D/umd.troyd( 6190): com.walmart.android.storelocator.StoreMapView@407274e0: 2131558792 (14)
D/umd.troyd( 6190): android.widget.ListView@405b7268: 2131558521 (15)
D/umd.troyd( 6190): android.widget.LinearLayout@40708b20: -1 (16)
D/umd.troyd( 6190): android.widget.RelativeLayout@40708d10: -1 (17)
D/umd.troyd( 6190): android.widget.RelativeLayout@40665528: -1 (18)
D/umd.troyd( 6190): android.widget.TextView: Neighborhood Market (19)
D/umd.troyd( 6190): android.widget.TextView: 7401 Park Vista Blvd (20)
D/umd.troyd( 6190): android.widget.TextView: Fort Worth, TX 76137 (21)
D/umd.troyd( 6190): android.widget.RelativeLayout@406fa110: -1 (22)
D/umd.troyd( 6190): android.widget.LinearLayout@406fa508: 2131558801 (23)
D/umd.troyd( 6190): android.widget.TextView: 26.06 (24)
D/umd.troyd( 6190): android.widget.TextView: miles (25)
D/umd.troyd( 6190): android.widget.TextView:  (26)
D/umd.troyd( 6190): android.widget.ImageView@406fb5d0: 2131558517 (27)
D/umd.troyd( 6190): android.widget.LinearLayout@4054a358: -1 (28)
D/umd.troyd( 6190): android.widget.RelativeLayout@4054a598: -1 (29)
D/umd.troyd( 6190): android.widget.RelativeLayout@407423a0: -1 (30)
D/umd.troyd( 6190): android.widget.TextView: Walmart Supercenter (31)
D/umd.troyd( 6190): android.widget.TextView: 6360 Lake Worth Blvd (32)
D/umd.troyd( 6190): android.widget.TextView: Lake Worth, TX 76135 (33)
D/umd.troyd( 6190): android.widget.RelativeLayout@406b7e00: -1 (34)
D/umd.troyd( 6190): android.widget.LinearLayout@406edbd0: 2131558801 (35)
D/umd.troyd( 6190): android.widget.TextView: 26.11 (36)
D/umd.troyd( 6190): android.widget.TextView: miles (37)
D/umd.troyd( 6190): android.widget.TextView:  (38)
D/umd.troyd( 6190): android.widget.ImageView@40552b48: 2131558517 (39)
D/umd.troyd( 6190): android.widget.LinearLayout@406675c0: -1 (40)
D/umd.troyd( 6190): android.widget.RelativeLayout@406ecb80: -1 (41)
D/umd.troyd( 6190): android.widget.RelativeLayout@406ecef0: -1 (42)
D/umd.troyd( 6190): android.widget.TextView: Walmart Supercenter (43)
D/umd.troyd( 6190): android.widget.TextView: 3060 Justin Rd (44)
D/umd.troyd( 6190): android.widget.TextView: Highland Village, TX 75077 (45)
D/umd.troyd( 6190): android.widget.RelativeLayout@407068c8: -1 (46)
D/umd.troyd( 6190): android.widget.LinearLayout@4070b708: 2131558801 (47)
D/umd.troyd( 6190): android.widget.TextView: 26.13 (48)
D/umd.troyd( 6190): android.widget.TextView: miles (49)
D/umd.troyd( 6190): android.widget.TextView:  (50)
D/umd.troyd( 6190): android.widget.ImageView@40712628: 2131558517 (51)
D/umd.troyd( 6190): android.widget.LinearLayout@40788598: -1 (52)
D/umd.troyd( 6190): android.widget.RelativeLayout@40788750: -1 (53)
D/umd.troyd( 6190): android.widget.RelativeLayout@4078a850: -1 (54)
D/umd.troyd( 6190): android.widget.TextView: Walmart Supercenter (55)
D/umd.troyd( 6190): android.widget.TextView: 1035 Hickory Creek Blvd (56)
D/umd.troyd( 6190): android.widget.TextView: Hickory Creek, TX 75065 (57)
D/umd.troyd( 6190): android.widget.RelativeLayout@40611440: -1 (58)
D/umd.troyd( 6190): android.widget.LinearLayout@40611758: 2131558801 (59)
D/umd.troyd( 6190): android.widget.TextView: 26.84 (60)
D/umd.troyd( 6190): android.widget.TextView: miles (61)
D/umd.troyd( 6190): android.widget.TextView:  (62)
D/umd.troyd( 6190): android.widget.ImageView@407312e8: 2131558517 (63)
D/umd.troyd( 6190): android.widget.LinearLayout@405f9540: -1 (64)
D/umd.troyd( 6190): android.widget.RelativeLayout@40629500: -1 (65)
D/umd.troyd( 6190): android.widget.RelativeLayout@406297e8: -1 (66)
D/umd.troyd( 6190): android.widget.TextView: Walmart Supercenter (67)
D/umd.troyd( 6190): android.widget.TextView: 9101 N Tarrant Pkwy (68)
D/umd.troyd( 6190): android.widget.TextView: North Richland Hill, TX 76182 (69)
D/umd.troyd( 6190): android.widget.RelativeLayout@4070fbf8: -1 (70)
D/umd.troyd( 6190): android.widget.LinearLayout@40710008: 2131558801 (71)
D/umd.troyd( 6190): android.widget.TextView: 27.05 (72)
D/umd.troyd( 6190): android.widget.TextView: miles (73)
D/umd.troyd( 6190): android.widget.TextView:  (74)
D/umd.troyd( 6190): android.widget.ImageView@405ce838: 2131558517 (75)
D/umd.troyd( 6190): android.widget.LinearLayout@406a2e18: -1 (76)
D/umd.troyd( 6190): android.widget.RelativeLayout@406a3008: -1 (77)
D/umd.troyd( 6190): android.widget.RelativeLayout@40528110: -1 (78)
D/umd.troyd( 6190): android.widget.TextView: Neighborhood Market (79)
D/umd.troyd( 6190): android.widget.TextView: 2800 Flower Mound Rd (80)
D/umd.troyd( 6190): android.widget.TextView: Flower Mound, TX 75022 (81)
D/umd.troyd( 6190): android.widget.RelativeLayout@40709140: -1 (82)
D/umd.troyd( 6190): android.widget.LinearLayout@40709550: 2131558801 (83)
D/umd.troyd( 6190): android.widget.TextView: 27.91 (84)
D/umd.troyd( 6190): android.widget.TextView: miles (85)
D/umd.troyd( 6190): android.widget.TextView:  (86)
D/umd.troyd( 6190): android.widget.ImageView@4067f710: 2131558517 (87)
D/umd.troyd( 6190): android.widget.RelativeLayout@406b6d08: 2131558541 (88)
D/umd.troyd( 6190): android.widget.GridView@406b7880: 2131558824 (89)
D/umd.troyd( 6190): android.widget.LinearLayout@406b8a00: 2131558538 (90)
D/umd.troyd( 6190): android.widget.RelativeLayout@406b93f8: 2131558818 (91)
D/umd.troyd( 6190): android.widget.ImageButton@406b9d48: 2131558819 (92)
D/umd.troyd( 6190): android.widget.RelativeLayout@406ba260: -1 (93)
D/umd.troyd( 6190): android.widget.ImageView@406ba650: 2131558820 (94)
D/umd.troyd( 6190): android.widget.TextView: Stores (95)
D/umd.troyd( 6190): android.widget.RelativeLayout@406bb558: -1 (96)
D/umd.troyd( 6190): android.widget.Button:  (97)
D/umd.troyd( 6190): android.widget.ImageView@406bc0c8: 2131558823 (98)
D/umd.troyd( 6190): android.widget.LinearLayout@406bc358: 2131558542 (99)
D/umd.troyd( 6190): got command getViews
D/umd.troyd( 6190): android.widget.FrameLayout@406b3810: 16908290 (0)
D/umd.troyd( 6190): android.widget.RelativeLayout@406b4250: 2131558603 (1)
D/umd.troyd( 6190): android.widget.LinearLayout@406b4688: -1 (2)
D/umd.troyd( 6190): com.walmart.android.ui.ViewStackLayout@406b4bd8: 2131558797 (3)
D/umd.troyd( 6190): android.widget.RelativeLayout@407200c8: -1 (4)
D/umd.troyd( 6190): android.widget.RelativeLayout@40720630: 2131558790 (5)
D/umd.troyd( 6190): android.widget.LinearLayout@407211b0: 2131558790 (6)
D/umd.troyd( 6190): android.widget.RelativeLayout@40721990: -1 (7)
D/umd.troyd( 6190): android.widget.Button:  (8)
D/umd.troyd( 6190): android.widget.TextView: Search a location (9)
D/umd.troyd( 6190): android.widget.Button:  (10)
D/umd.troyd( 6190): android.widget.Button:  (11)
D/umd.troyd( 6190): android.widget.Button:  (12)
D/umd.troyd( 6190): android.widget.RelativeLayout@40726248: 2131558791 (13)
D/umd.troyd( 6190): com.walmart.android.storelocator.StoreMapView@407274e0: 2131558792 (14)
D/umd.troyd( 6190): android.widget.ListView@405b7268: 2131558521 (15)
D/umd.troyd( 6190): android.widget.LinearLayout@406a2e18: -1 (16)
D/umd.troyd( 6190): android.widget.RelativeLayout@406a3008: -1 (17)
D/umd.troyd( 6190): android.widget.RelativeLayout@40528110: -1 (18)
D/umd.troyd( 6190): android.widget.TextView: Neighborhood Market (19)
D/umd.troyd( 6190): android.widget.TextView: 2800 Flower Mound Rd (20)
D/umd.troyd( 6190): android.widget.TextView: Flower Mound, TX 75022 (21)
D/umd.troyd( 6190): android.widget.RelativeLayout@40709140: -1 (22)
D/umd.troyd( 6190): android.widget.LinearLayout@40709550: 2131558801 (23)
D/umd.troyd( 6190): android.widget.TextView: 27.91 (24)
D/umd.troyd( 6190): android.widget.TextView: miles (25)
D/umd.troyd( 6190): android.widget.TextView:  (26)
D/umd.troyd( 6190): android.widget.ImageView@4067f710: 2131558517 (27)
D/umd.troyd( 6190): android.widget.LinearLayout@405cefe8: -1 (28)
D/umd.troyd( 6190): android.widget.RelativeLayout@4054a8d0: -1 (29)
D/umd.troyd( 6190): android.widget.RelativeLayout@40690578: -1 (30)
D/umd.troyd( 6190): android.widget.TextView: Neighborhood Market (31)
D/umd.troyd( 6190): android.widget.TextView: 1515 Justin Rd (32)
D/umd.troyd( 6190): android.widget.TextView: Lewisville, TX 75077 (33)
D/umd.troyd( 6190): android.widget.RelativeLayout@40694120: -1 (34)
D/umd.troyd( 6190): android.widget.LinearLayout@40668090: 2131558801 (35)
D/umd.troyd( 6190): android.widget.TextView: 28.23 (36)
D/umd.troyd( 6190): android.widget.TextView: miles (37)
D/umd.troyd( 6190): android.widget.TextView:  (38)
D/umd.troyd( 6190): android.widget.ImageView@406a64d8: 2131558517 (39)
D/umd.troyd( 6190): android.widget.LinearLayout@4072f418: -1 (40)
D/umd.troyd( 6190): android.widget.RelativeLayout@4072f568: -1 (41)
D/umd.troyd( 6190): android.widget.RelativeLayout@4072f8b8: -1 (42)
D/umd.troyd( 6190): android.widget.TextView: Walmart Supercenter (43)
D/umd.troyd( 6190): android.widget.TextView: 9500 Clifford St (44)
D/umd.troyd( 6190): android.widget.TextView: Fort Worth, TX 76108 (45)
D/umd.troyd( 6190): android.widget.RelativeLayout@407fcd98: -1 (46)
D/umd.troyd( 6190): android.widget.LinearLayout@407fd188: 2131558801 (47)
D/umd.troyd( 6190): android.widget.TextView: 28.27 (48)
D/umd.troyd( 6190): android.widget.TextView: miles (49)
D/umd.troyd( 6190): android.widget.TextView:  (50)
D/umd.troyd( 6190): android.widget.ImageView@40816398: 2131558517 (51)
D/umd.troyd( 6190): android.widget.LinearLayout@40785bb0: -1 (52)
D/umd.troyd( 6190): android.widget.RelativeLayout@40785da0: -1 (53)
D/umd.troyd( 6190): android.widget.RelativeLayout@40786130: -1 (54)
D/umd.troyd( 6190): android.widget.TextView: Walmart Supercenter (55)
D/umd.troyd( 6190): android.widget.TextView: 6401 Ne Loop 820 (56)
D/umd.troyd( 6190): android.widget.TextView: North Richland Hill, TX 76180 (57)
D/umd.troyd( 6190): android.widget.RelativeLayout@4070daf8: -1 (58)
D/umd.troyd( 6190): android.widget.LinearLayout@4070def0: 2131558801 (59)
D/umd.troyd( 6190): android.widget.TextView: 28.29 (60)
D/umd.troyd( 6190): android.widget.TextView: miles (61)
D/umd.troyd( 6190): android.widget.TextView:  (62)
D/umd.troyd( 6190): android.widget.ImageView@40719058: 2131558517 (63)
D/umd.troyd( 6190): android.widget.LinearLayout@4072dcc0: -1 (64)
D/umd.troyd( 6190): android.widget.RelativeLayout@4072deb0: -1 (65)
D/umd.troyd( 6190): android.widget.RelativeLayout@40616df8: -1 (66)
D/umd.troyd( 6190): android.widget.TextView: Walmart Supercenter (67)
D/umd.troyd( 6190): android.widget.TextView: 6770 Westworth Blvd (68)
D/umd.troyd( 6190): android.widget.TextView: Westworth Village, TX 76114 (69)
D/umd.troyd( 6190): android.widget.RelativeLayout@406a3e90: -1 (70)
D/umd.troyd( 6190): android.widget.LinearLayout@406a4280: 2131558801 (71)
D/umd.troyd( 6190): android.widget.TextView: 29.36 (72)
D/umd.troyd( 6190): android.widget.TextView: miles (73)
D/umd.troyd( 6190): android.widget.TextView:  (74)
D/umd.troyd( 6190): android.widget.ImageView@40666f78: 2131558517 (75)
D/umd.troyd( 6190): android.widget.LinearLayout@4078e650: -1 (76)
D/umd.troyd( 6190): android.widget.RelativeLayout@4078e840: -1 (77)
D/umd.troyd( 6190): android.widget.RelativeLayout@40664660: -1 (78)
D/umd.troyd( 6190): android.widget.TextView: Neighborhood Market (79)
D/umd.troyd( 6190): android.widget.TextView: 4904 Colleyville Blvd (80)
D/umd.troyd( 6190): android.widget.TextView: Colleyville, TX 76034 (81)
D/umd.troyd( 6190): android.widget.RelativeLayout@406f4120: -1 (82)
D/umd.troyd( 6190): android.widget.LinearLayout@406f4518: 2131558801 (83)
D/umd.troyd( 6190): android.widget.TextView: 29.37 (84)
D/umd.troyd( 6190): android.widget.TextView: miles (85)
D/umd.troyd( 6190): android.widget.TextView:  (86)
D/umd.troyd( 6190): android.widget.ImageView@407725c0: 2131558517 (87)
D/umd.troyd( 6190): android.widget.RelativeLayout@406b6d08: 2131558541 (88)
D/umd.troyd( 6190): android.widget.GridView@406b7880: 2131558824 (89)
D/umd.troyd( 6190): android.widget.LinearLayout@406b8a00: 2131558538 (90)
D/umd.troyd( 6190): android.widget.RelativeLayout@406b93f8: 2131558818 (91)
D/umd.troyd( 6190): android.widget.ImageButton@406b9d48: 2131558819 (92)
D/umd.troyd( 6190): android.widget.RelativeLayout@406ba260: -1 (93)
D/umd.troyd( 6190): android.widget.ImageView@406ba650: 2131558820 (94)
D/umd.troyd( 6190): android.widget.TextView: Stores (95)
D/umd.troyd( 6190): android.widget.RelativeLayout@406bb558: -1 (96)
D/umd.troyd( 6190): android.widget.Button:  (97)
D/umd.troyd( 6190): android.widget.ImageView@406bc0c8: 2131558823 (98)
D/umd.troyd( 6190): android.widget.LinearLayout@406bc358: 2131558542 (99)
D/umd.troyd( 6190): got command getViews
D/umd.troyd( 6190): android.widget.FrameLayout@406b3810: 16908290 (0)
D/umd.troyd( 6190): android.widget.RelativeLayout@406b4250: 2131558603 (1)
D/umd.troyd( 6190): android.widget.LinearLayout@406b4688: -1 (2)
D/umd.troyd( 6190): com.walmart.android.ui.ViewStackLayout@406b4bd8: 2131558797 (3)
D/umd.troyd( 6190): android.widget.RelativeLayout@407200c8: -1 (4)
D/umd.troyd( 6190): android.widget.RelativeLayout@40720630: 2131558790 (5)
D/umd.troyd( 6190): android.widget.LinearLayout@407211b0: 2131558790 (6)
D/umd.troyd( 6190): android.widget.RelativeLayout@40721990: -1 (7)
D/umd.troyd( 6190): android.widget.Button:  (8)
D/umd.troyd( 6190): android.widget.TextView: Search a location (9)
D/umd.troyd( 6190): android.widget.Button:  (10)
D/umd.troyd( 6190): android.widget.Button:  (11)
D/umd.troyd( 6190): android.widget.Button:  (12)
D/umd.troyd( 6190): android.widget.RelativeLayout@40726248: 2131558791 (13)
D/umd.troyd( 6190): com.walmart.android.storelocator.StoreMapView@407274e0: 2131558792 (14)
D/umd.troyd( 6190): android.widget.ListView@405b7268: 2131558521 (15)
D/umd.troyd( 6190): android.widget.LinearLayout@4078e650: -1 (16)
D/umd.troyd( 6190): android.widget.RelativeLayout@4078e840: -1 (17)
D/umd.troyd( 6190): android.widget.RelativeLayout@40664660: -1 (18)
D/umd.troyd( 6190): android.widget.TextView: Neighborhood Market (19)
D/umd.troyd( 6190): android.widget.TextView: 4904 Colleyville Blvd (20)
D/umd.troyd( 6190): android.widget.TextView: Colleyville, TX 76034 (21)
D/umd.troyd( 6190): android.widget.RelativeLayout@406f4120: -1 (22)
D/umd.troyd( 6190): android.widget.LinearLayout@406f4518: 2131558801 (23)
D/umd.troyd( 6190): android.widget.TextView: 29.37 (24)
D/umd.troyd( 6190): android.widget.TextView: miles (25)
D/umd.troyd( 6190): android.widget.TextView:  (26)
D/umd.troyd( 6190): android.widget.ImageView@407725c0: 2131558517 (27)
D/umd.troyd( 6190): android.widget.LinearLayout@40708b20: -1 (28)
D/umd.troyd( 6190): android.widget.RelativeLayout@40708d10: -1 (29)
D/umd.troyd( 6190): android.widget.RelativeLayout@40665528: -1 (30)
D/umd.troyd( 6190): android.widget.TextView: Walmart Supercenter (31)
D/umd.troyd( 6190): android.widget.TextView: 2801 E Interstate 20 (32)
D/umd.troyd( 6190): android.widget.TextView: Hudson Oaks, TX 76087 (33)
D/umd.troyd( 6190): android.widget.RelativeLayout@406fa110: -1 (34)
D/umd.troyd( 6190): android.widget.LinearLayout@406fa508: 2131558801 (35)
D/umd.troyd( 6190): android.widget.TextView: 29.50 (36)
D/umd.troyd( 6190): android.widget.TextView: miles (37)
D/umd.troyd( 6190): android.widget.TextView:  (38)
D/umd.troyd( 6190): android.widget.ImageView@406fb5d0: 2131558517 (39)
D/umd.troyd( 6190): android.widget.LinearLayout@4054a358: -1 (40)
D/umd.troyd( 6190): android.widget.RelativeLayout@4054a598: -1 (41)
D/umd.troyd( 6190): android.widget.RelativeLayout@407423a0: -1 (42)
D/umd.troyd( 6190): android.widget.TextView: Walmart Supercenter (43)
D/umd.troyd( 6190): android.widget.TextView: 1601 W State Highway 114 (44)
D/umd.troyd( 6190): android.widget.TextView: Grapevine, TX 76051 (45)
D/umd.troyd( 6190): android.widget.RelativeLayout@406b7e00: -1 (46)
D/umd.troyd( 6190): android.widget.LinearLayout@406edbd0: 2131558801 (47)
D/umd.troyd( 6190): android.widget.TextView: 29.51 (48)
D/umd.troyd( 6190): android.widget.TextView: miles (49)
D/umd.troyd( 6190): android.widget.TextView:  (50)
D/umd.troyd( 6190): android.widget.ImageView@40552b48: 2131558517 (51)
D/umd.troyd( 6190): android.widget.LinearLayout@406675c0: -1 (52)
D/umd.troyd( 6190): android.widget.RelativeLayout@406ecb80: -1 (53)
D/umd.troyd( 6190): android.widget.RelativeLayout@406ecef0: -1 (54)
D/umd.troyd( 6190): android.widget.TextView: Walmart Supercenter (55)
D/umd.troyd( 6190): android.widget.TextView: 801 W Main St (56)
D/umd.troyd( 6190): android.widget.TextView: Lewisville, TX 75067 (57)
D/umd.troyd( 6190): android.widget.RelativeLayout@407068c8: -1 (58)
D/umd.troyd( 6190): android.widget.LinearLayout@4070b708: 2131558801 (59)
D/umd.troyd( 6190): android.widget.TextView: 29.75 (60)
D/umd.troyd( 6190): android.widget.TextView: miles (61)
D/umd.troyd( 6190): android.widget.TextView:  (62)
D/umd.troyd( 6190): android.widget.ImageView@40712628: 2131558517 (63)
D/umd.troyd( 6190): android.widget.LinearLayout@40788598: -1 (64)
D/umd.troyd( 6190): android.widget.RelativeLayout@40788750: -1 (65)
D/umd.troyd( 6190): android.widget.RelativeLayout@4078a850: -1 (66)
D/umd.troyd( 6190): android.widget.TextView: Walmart Supercenter (67)
D/umd.troyd( 6190): android.widget.TextView: 1732 Precinct Line Rd (68)
D/umd.troyd( 6190): android.widget.TextView: Hurst, TX 76054 (69)
D/umd.troyd( 6190): android.widget.RelativeLayout@40611440: -1 (70)
D/umd.troyd( 6190): android.widget.LinearLayout@40611758: 2131558801 (71)
D/umd.troyd( 6190): android.widget.TextView: 30.09 (72)
D/umd.troyd( 6190): android.widget.TextView: miles (73)
D/umd.troyd( 6190): android.widget.TextView:  (74)
D/umd.troyd( 6190): android.widget.ImageView@407312e8: 2131558517 (75)
D/umd.troyd( 6190): android.widget.LinearLayout@405f9540: -1 (76)
D/umd.troyd( 6190): android.widget.RelativeLayout@40629500: -1 (77)
D/umd.troyd( 6190): android.widget.RelativeLayout@406297e8: -1 (78)
D/umd.troyd( 6190): android.widget.TextView: Walmart Supercenter (79)
D/umd.troyd( 6190): android.widget.TextView: 3851 Airport Fwy (80)
D/umd.troyd( 6190): android.widget.TextView: Fort Worth, TX 76111 (81)
D/umd.troyd( 6190): android.widget.RelativeLayout@4070fbf8: -1 (82)
D/umd.troyd( 6190): android.widget.LinearLayout@40710008: 2131558801 (83)
D/umd.troyd( 6190): android.widget.TextView: 30.74 (84)
D/umd.troyd( 6190): android.widget.TextView: miles (85)
D/umd.troyd( 6190): android.widget.TextView:  (86)
D/umd.troyd( 6190): android.widget.ImageView@405ce838: 2131558517 (87)
D/umd.troyd( 6190): android.widget.RelativeLayout@406b6d08: 2131558541 (88)
D/umd.troyd( 6190): android.widget.GridView@406b7880: 2131558824 (89)
D/umd.troyd( 6190): android.widget.LinearLayout@406b8a00: 2131558538 (90)
D/umd.troyd( 6190): android.widget.RelativeLayout@406b93f8: 2131558818 (91)
D/umd.troyd( 6190): android.widget.ImageButton@406b9d48: 2131558819 (92)
D/umd.troyd( 6190): android.widget.RelativeLayout@406ba260: -1 (93)
D/umd.troyd( 6190): android.widget.ImageView@406ba650: 2131558820 (94)
D/umd.troyd( 6190): android.widget.TextView: Stores (95)
D/umd.troyd( 6190): android.widget.RelativeLayout@406bb558: -1 (96)
D/umd.troyd( 6190): android.widget.Button:  (97)
D/umd.troyd( 6190): android.widget.ImageView@406bc0c8: 2131558823 (98)
D/umd.troyd( 6190): android.widget.LinearLayout@406bc358: 2131558542 (99)
