emulator-5566
D/umd.troyd( 6470): got command getViews
D/umd.troyd( 6470): android.widget.FrameLayout@4072d750: 16908290 (0)
D/umd.troyd( 6470): android.widget.RelativeLayout@4072e190: 2131558603 (1)
D/umd.troyd( 6470): android.widget.LinearLayout@4072e5c8: -1 (2)
D/umd.troyd( 6470): com.walmart.android.ui.ViewStackLayout@4072eb18: 2131558797 (3)
D/umd.troyd( 6470): android.widget.RelativeLayout@4073f7d8: -1 (4)
D/umd.troyd( 6470): android.widget.RelativeLayout@4073fd40: 2131558790 (5)
D/umd.troyd( 6470): android.widget.LinearLayout@407408c0: 2131558790 (6)
D/umd.troyd( 6470): android.widget.RelativeLayout@407410a0: -1 (7)
D/umd.troyd( 6470): android.widget.Button:  (8)
D/umd.troyd( 6470): android.widget.TextView: Search a location (9)
D/umd.troyd( 6470): android.widget.Button:  (10)
D/umd.troyd( 6470): android.widget.Button:  (11)
D/umd.troyd( 6470): android.widget.Button:  (12)
D/umd.troyd( 6470): android.widget.RelativeLayout@406a4308: 2131558791 (13)
D/umd.troyd( 6470): com.walmart.android.storelocator.StoreMapView@40519760: 2131558792 (14)
D/umd.troyd( 6470): android.widget.ListView@40786370: 2131558521 (15)
D/umd.troyd( 6470): android.widget.LinearLayout@4072bc90: -1 (16)
D/umd.troyd( 6470): android.widget.RelativeLayout@4077ea50: -1 (17)
D/umd.troyd( 6470): android.widget.RelativeLayout@4077ef00: -1 (18)
D/umd.troyd( 6470): android.widget.TextView: Walmart Supercenter (19)
D/umd.troyd( 6470): android.widget.TextView: 800 S Us Hwy 81/287 (20)
D/umd.troyd( 6470): android.widget.TextView: Decatur, TX 76234 (21)
D/umd.troyd( 6470): android.widget.RelativeLayout@405c9a50: -1 (22)
D/umd.troyd( 6470): android.widget.LinearLayout@407280e0: 2131558801 (23)
D/umd.troyd( 6470): android.widget.TextView: 5.36 (24)
D/umd.troyd( 6470): android.widget.TextView: miles (25)
D/umd.troyd( 6470): android.widget.TextView:  (26)
D/umd.troyd( 6470): android.widget.ImageView@40740660: 2131558517 (27)
D/umd.troyd( 6470): android.widget.LinearLayout@407881b0: -1 (28)
D/umd.troyd( 6470): android.widget.RelativeLayout@40519290: -1 (29)
D/umd.troyd( 6470): android.widget.RelativeLayout@4069c560: -1 (30)
D/umd.troyd( 6470): android.widget.TextView: Walmart Supercenter (31)
D/umd.troyd( 6470): android.widget.TextView: 721 Boyd Rd (32)
D/umd.troyd( 6470): android.widget.TextView: Azle, TX 76020 (33)
D/umd.troyd( 6470): android.widget.RelativeLayout@406b79b0: -1 (34)
D/umd.troyd( 6470): android.widget.LinearLayout@406b7cc0: 2131558801 (35)
D/umd.troyd( 6470): android.widget.TextView: 15.83 (36)
D/umd.troyd( 6470): android.widget.TextView: miles (37)
D/umd.troyd( 6470): android.widget.TextView:  (38)
D/umd.troyd( 6470): android.widget.ImageView@40783760: 2131558517 (39)
D/umd.troyd( 6470): android.widget.LinearLayout@4066c018: -1 (40)
D/umd.troyd( 6470): android.widget.RelativeLayout@4077e310: -1 (41)
D/umd.troyd( 6470): android.widget.RelativeLayout@4067fc90: -1 (42)
D/umd.troyd( 6470): android.widget.TextView: Walmart Supercenter (43)
D/umd.troyd( 6470): android.widget.TextView: 1401 N Saginaw Blvd (44)
D/umd.troyd( 6470): android.widget.TextView: Saginaw, TX 76179 (45)
D/umd.troyd( 6470): android.widget.RelativeLayout@407da758: -1 (46)
D/umd.troyd( 6470): android.widget.LinearLayout@4062ce98: 2131558801 (47)
D/umd.troyd( 6470): android.widget.TextView: 20.88 (48)
D/umd.troyd( 6470): android.widget.TextView: miles (49)
D/umd.troyd( 6470): android.widget.TextView:  (50)
D/umd.troyd( 6470): android.widget.ImageView@4066baa8: 2131558517 (51)
D/umd.troyd( 6470): android.widget.LinearLayout@40784980: -1 (52)
D/umd.troyd( 6470): android.widget.RelativeLayout@406baf18: -1 (53)
D/umd.troyd( 6470): android.widget.RelativeLayout@406f9f50: -1 (54)
D/umd.troyd( 6470): android.widget.TextView: Walmart Supercenter (55)
D/umd.troyd( 6470): android.widget.TextView: 1228 North Highway 377 (56)
D/umd.troyd( 6470): android.widget.TextView: Roanoke, TX 76262 (57)
D/umd.troyd( 6470): android.widget.RelativeLayout@4072cc60: -1 (58)
D/umd.troyd( 6470): android.widget.LinearLayout@4077e770: 2131558801 (59)
D/umd.troyd( 6470): android.widget.TextView: 22.89 (60)
D/umd.troyd( 6470): android.widget.TextView: miles (61)
D/umd.troyd( 6470): android.widget.TextView:  (62)
D/umd.troyd( 6470): android.widget.ImageView@4072abe8: 2131558517 (63)
D/umd.troyd( 6470): android.widget.LinearLayout@406f7cd0: -1 (64)
D/umd.troyd( 6470): android.widget.RelativeLayout@406fce20: -1 (65)
D/umd.troyd( 6470): android.widget.RelativeLayout@40783e00: -1 (66)
D/umd.troyd( 6470): android.widget.TextView: Walmart Supercenter (67)
D/umd.troyd( 6470): android.widget.TextView: 6360 Lake Worth Blvd (68)
D/umd.troyd( 6470): android.widget.TextView: Lake Worth, TX 76135 (69)
D/umd.troyd( 6470): android.widget.RelativeLayout@407ef820: -1 (70)
D/umd.troyd( 6470): android.widget.LinearLayout@407ef978: 2131558801 (71)
D/umd.troyd( 6470): android.widget.TextView: 23.03 (72)
D/umd.troyd( 6470): android.widget.TextView: miles (73)
D/umd.troyd( 6470): android.widget.TextView:  (74)
D/umd.troyd( 6470): android.widget.ImageView@407fd890: 2131558517 (75)
D/umd.troyd( 6470): android.widget.LinearLayout@408130b8: -1 (76)
D/umd.troyd( 6470): android.widget.RelativeLayout@40813208: -1 (77)
D/umd.troyd( 6470): android.widget.RelativeLayout@40814280: -1 (78)
D/umd.troyd( 6470): android.widget.TextView: Walmart Supercenter (79)
D/umd.troyd( 6470): android.widget.TextView: 8520 N Beach St (80)
D/umd.troyd( 6470): android.widget.TextView: Fort Worth, TX 76244 (81)
D/umd.troyd( 6470): android.widget.RelativeLayout@407bc588: -1 (82)
D/umd.troyd( 6470): android.widget.LinearLayout@407bc6e0: 2131558801 (83)
D/umd.troyd( 6470): android.widget.TextView: 23.57 (84)
D/umd.troyd( 6470): android.widget.TextView: miles (85)
D/umd.troyd( 6470): android.widget.TextView:  (86)
D/umd.troyd( 6470): android.widget.ImageView@407d0248: 2131558517 (87)
D/umd.troyd( 6470): android.widget.RelativeLayout@40730c48: 2131558541 (88)
D/umd.troyd( 6470): android.widget.GridView@407317c0: 2131558824 (89)
D/umd.troyd( 6470): android.widget.LinearLayout@40732940: 2131558538 (90)
D/umd.troyd( 6470): android.widget.RelativeLayout@40733338: 2131558818 (91)
D/umd.troyd( 6470): android.widget.ImageButton@40733c88: 2131558819 (92)
D/umd.troyd( 6470): android.widget.RelativeLayout@407341a0: -1 (93)
D/umd.troyd( 6470): android.widget.ImageView@40734590: 2131558820 (94)
D/umd.troyd( 6470): android.widget.TextView: Stores (95)
D/umd.troyd( 6470): android.widget.RelativeLayout@40735498: -1 (96)
D/umd.troyd( 6470): android.widget.Button:  (97)
D/umd.troyd( 6470): android.widget.ImageView@40736008: 2131558823 (98)
D/umd.troyd( 6470): android.widget.LinearLayout@40736298: 2131558542 (99)
D/umd.troyd( 6470): got command getViews
D/umd.troyd( 6470): android.widget.FrameLayout@4072d750: 16908290 (0)
D/umd.troyd( 6470): android.widget.RelativeLayout@4072e190: 2131558603 (1)
D/umd.troyd( 6470): android.widget.LinearLayout@4072e5c8: -1 (2)
D/umd.troyd( 6470): com.walmart.android.ui.ViewStackLayout@4072eb18: 2131558797 (3)
D/umd.troyd( 6470): android.widget.RelativeLayout@4073f7d8: -1 (4)
D/umd.troyd( 6470): android.widget.RelativeLayout@4073fd40: 2131558790 (5)
D/umd.troyd( 6470): android.widget.LinearLayout@407408c0: 2131558790 (6)
D/umd.troyd( 6470): android.widget.RelativeLayout@407410a0: -1 (7)
D/umd.troyd( 6470): android.widget.Button:  (8)
D/umd.troyd( 6470): android.widget.TextView: Search a location (9)
D/umd.troyd( 6470): android.widget.Button:  (10)
D/umd.troyd( 6470): android.widget.Button:  (11)
D/umd.troyd( 6470): android.widget.Button:  (12)
D/umd.troyd( 6470): android.widget.RelativeLayout@406a4308: 2131558791 (13)
D/umd.troyd( 6470): com.walmart.android.storelocator.StoreMapView@40519760: 2131558792 (14)
D/umd.troyd( 6470): android.widget.ListView@40786370: 2131558521 (15)
D/umd.troyd( 6470): android.widget.LinearLayout@408130b8: -1 (16)
D/umd.troyd( 6470): android.widget.RelativeLayout@40813208: -1 (17)
D/umd.troyd( 6470): android.widget.RelativeLayout@40814280: -1 (18)
D/umd.troyd( 6470): android.widget.TextView: Walmart Supercenter (19)
D/umd.troyd( 6470): android.widget.TextView: 8520 N Beach St (20)
D/umd.troyd( 6470): android.widget.TextView: Fort Worth, TX 76244 (21)
D/umd.troyd( 6470): android.widget.RelativeLayout@407bc588: -1 (22)
D/umd.troyd( 6470): android.widget.LinearLayout@407bc6e0: 2131558801 (23)
D/umd.troyd( 6470): android.widget.TextView: 23.57 (24)
D/umd.troyd( 6470): android.widget.TextView: miles (25)
D/umd.troyd( 6470): android.widget.TextView:  (26)
D/umd.troyd( 6470): android.widget.ImageView@407d0248: 2131558517 (27)
D/umd.troyd( 6470): android.widget.LinearLayout@40764c50: -1 (28)
D/umd.troyd( 6470): android.widget.RelativeLayout@40764e40: -1 (29)
D/umd.troyd( 6470): android.widget.RelativeLayout@407651e8: -1 (30)
D/umd.troyd( 6470): android.widget.TextView: Walmart Supercenter (31)
D/umd.troyd( 6470): android.widget.TextView: 2801 E Interstate 20 (32)
D/umd.troyd( 6470): android.widget.TextView: Hudson Oaks, TX 76087 (33)
D/umd.troyd( 6470): android.widget.RelativeLayout@407664f8: -1 (34)
D/umd.troyd( 6470): android.widget.LinearLayout@40766908: 2131558801 (35)
D/umd.troyd( 6470): android.widget.TextView: 23.82 (36)
D/umd.troyd( 6470): android.widget.TextView: miles (37)
D/umd.troyd( 6470): android.widget.TextView:  (38)
D/umd.troyd( 6470): android.widget.ImageView@407679c0: 2131558517 (39)
D/umd.troyd( 6470): android.widget.LinearLayout@40769450: -1 (40)
D/umd.troyd( 6470): android.widget.RelativeLayout@40769640: -1 (41)
D/umd.troyd( 6470): android.widget.RelativeLayout@407699e8: -1 (42)
D/umd.troyd( 6470): android.widget.TextView: Walmart Supercenter (43)
D/umd.troyd( 6470): android.widget.TextView: 9500 Clifford St (44)
D/umd.troyd( 6470): android.widget.TextView: Fort Worth, TX 76108 (45)
D/umd.troyd( 6470): android.widget.RelativeLayout@4076acf8: -1 (46)
D/umd.troyd( 6470): android.widget.LinearLayout@4076b108: 2131558801 (47)
D/umd.troyd( 6470): android.widget.TextView: 24.41 (48)
D/umd.troyd( 6470): android.widget.TextView: miles (49)
D/umd.troyd( 6470): android.widget.TextView:  (50)
D/umd.troyd( 6470): android.widget.ImageView@4076c1c0: 2131558517 (51)
D/umd.troyd( 6470): android.widget.LinearLayout@40759240: -1 (52)
D/umd.troyd( 6470): android.widget.RelativeLayout@40759430: -1 (53)
D/umd.troyd( 6470): android.widget.RelativeLayout@407597d8: -1 (54)
D/umd.troyd( 6470): android.widget.TextView: Walmart Supercenter (55)
D/umd.troyd( 6470): android.widget.TextView: 2750 W University Dr (56)
D/umd.troyd( 6470): android.widget.TextView: Denton, TX 76201 (57)
D/umd.troyd( 6470): android.widget.RelativeLayout@4075aae8: -1 (58)
D/umd.troyd( 6470): android.widget.LinearLayout@4075aef8: 2131558801 (59)
D/umd.troyd( 6470): android.widget.TextView: 24.46 (60)
D/umd.troyd( 6470): android.widget.TextView: miles (61)
D/umd.troyd( 6470): android.widget.TextView:  (62)
D/umd.troyd( 6470): android.widget.ImageView@4075bfb0: 2131558517 (63)
D/umd.troyd( 6470): android.widget.LinearLayout@4075da38: -1 (64)
D/umd.troyd( 6470): android.widget.RelativeLayout@4075dc28: -1 (65)
D/umd.troyd( 6470): android.widget.RelativeLayout@4075dfd0: -1 (66)
D/umd.troyd( 6470): android.widget.TextView: Neighborhood Market (67)
D/umd.troyd( 6470): android.widget.TextView: 7401 Park Vista Blvd (68)
D/umd.troyd( 6470): android.widget.TextView: Fort Worth, TX 76137 (69)
D/umd.troyd( 6470): android.widget.RelativeLayout@4075f2e0: -1 (70)
D/umd.troyd( 6470): android.widget.LinearLayout@4075f6f0: 2131558801 (71)
D/umd.troyd( 6470): android.widget.TextView: 25.09 (72)
D/umd.troyd( 6470): android.widget.TextView: miles (73)
D/umd.troyd( 6470): android.widget.TextView:  (74)
D/umd.troyd( 6470): android.widget.ImageView@407607a8: 2131558517 (75)
D/umd.troyd( 6470): android.widget.LinearLayout@40685020: -1 (76)
D/umd.troyd( 6470): android.widget.RelativeLayout@40685210: -1 (77)
D/umd.troyd( 6470): android.widget.RelativeLayout@406855b8: -1 (78)
D/umd.troyd( 6470): android.widget.TextView: Walmart Supercenter (79)
D/umd.troyd( 6470): android.widget.TextView: 1341 Highway 287 N (80)
D/umd.troyd( 6470): android.widget.TextView: Bowie, TX 76230 (81)
D/umd.troyd( 6470): android.widget.RelativeLayout@406868c8: -1 (82)
D/umd.troyd( 6470): android.widget.LinearLayout@40686cd8: 2131558801 (83)
D/umd.troyd( 6470): android.widget.TextView: 25.39 (84)
D/umd.troyd( 6470): android.widget.TextView: miles (85)
D/umd.troyd( 6470): android.widget.TextView:  (86)
D/umd.troyd( 6470): android.widget.ImageView@40687d90: 2131558517 (87)
D/umd.troyd( 6470): android.widget.RelativeLayout@40730c48: 2131558541 (88)
D/umd.troyd( 6470): android.widget.GridView@407317c0: 2131558824 (89)
D/umd.troyd( 6470): android.widget.LinearLayout@40732940: 2131558538 (90)
D/umd.troyd( 6470): android.widget.RelativeLayout@40733338: 2131558818 (91)
D/umd.troyd( 6470): android.widget.ImageButton@40733c88: 2131558819 (92)
D/umd.troyd( 6470): android.widget.RelativeLayout@407341a0: -1 (93)
D/umd.troyd( 6470): android.widget.ImageView@40734590: 2131558820 (94)
D/umd.troyd( 6470): android.widget.TextView: Stores (95)
D/umd.troyd( 6470): android.widget.RelativeLayout@40735498: -1 (96)
D/umd.troyd( 6470): android.widget.Button:  (97)
D/umd.troyd( 6470): android.widget.ImageView@40736008: 2131558823 (98)
D/umd.troyd( 6470): android.widget.LinearLayout@40736298: 2131558542 (99)
D/umd.troyd( 6470): got command getViews
D/umd.troyd( 6470): android.widget.FrameLayout@4072d750: 16908290 (0)
D/umd.troyd( 6470): android.widget.RelativeLayout@4072e190: 2131558603 (1)
D/umd.troyd( 6470): android.widget.LinearLayout@4072e5c8: -1 (2)
D/umd.troyd( 6470): com.walmart.android.ui.ViewStackLayout@4072eb18: 2131558797 (3)
D/umd.troyd( 6470): android.widget.RelativeLayout@4073f7d8: -1 (4)
D/umd.troyd( 6470): android.widget.RelativeLayout@4073fd40: 2131558790 (5)
D/umd.troyd( 6470): android.widget.LinearLayout@407408c0: 2131558790 (6)
D/umd.troyd( 6470): android.widget.RelativeLayout@407410a0: -1 (7)
D/umd.troyd( 6470): android.widget.Button:  (8)
D/umd.troyd( 6470): android.widget.TextView: Search a location (9)
D/umd.troyd( 6470): android.widget.Button:  (10)
D/umd.troyd( 6470): android.widget.Button:  (11)
D/umd.troyd( 6470): android.widget.Button:  (12)
D/umd.troyd( 6470): android.widget.RelativeLayout@406a4308: 2131558791 (13)
D/umd.troyd( 6470): com.walmart.android.storelocator.StoreMapView@40519760: 2131558792 (14)
D/umd.troyd( 6470): android.widget.ListView@40786370: 2131558521 (15)
D/umd.troyd( 6470): android.widget.LinearLayout@40685020: -1 (16)
D/umd.troyd( 6470): android.widget.RelativeLayout@40685210: -1 (17)
D/umd.troyd( 6470): android.widget.RelativeLayout@406855b8: -1 (18)
D/umd.troyd( 6470): android.widget.TextView: Walmart Supercenter (19)
D/umd.troyd( 6470): android.widget.TextView: 1341 Highway 287 N (20)
D/umd.troyd( 6470): android.widget.TextView: Bowie, TX 76230 (21)
D/umd.troyd( 6470): android.widget.RelativeLayout@406868c8: -1 (22)
D/umd.troyd( 6470): android.widget.LinearLayout@40686cd8: 2131558801 (23)
D/umd.troyd( 6470): android.widget.TextView: 25.39 (24)
D/umd.troyd( 6470): android.widget.TextView: miles (25)
D/umd.troyd( 6470): android.widget.TextView:  (26)
D/umd.troyd( 6470): android.widget.ImageView@40687d90: 2131558517 (27)
D/umd.troyd( 6470): android.widget.LinearLayout@4072bc90: -1 (28)
D/umd.troyd( 6470): android.widget.RelativeLayout@4077ea50: -1 (29)
D/umd.troyd( 6470): android.widget.RelativeLayout@4077ef00: -1 (30)
D/umd.troyd( 6470): android.widget.TextView: Neighborhood Market (31)
D/umd.troyd( 6470): android.widget.TextView: 2130 Ruf Snow Drive (32)
D/umd.troyd( 6470): android.widget.TextView: Keller, TX 76248 (33)
D/umd.troyd( 6470): android.widget.RelativeLayout@405c9a50: -1 (34)
D/umd.troyd( 6470): android.widget.LinearLayout@407280e0: 2131558801 (35)
D/umd.troyd( 6470): android.widget.TextView: 25.56 (36)
D/umd.troyd( 6470): android.widget.TextView: miles (37)
D/umd.troyd( 6470): android.widget.TextView:  (38)
D/umd.troyd( 6470): android.widget.ImageView@40740660: 2131558517 (39)
D/umd.troyd( 6470): android.widget.LinearLayout@407881b0: -1 (40)
D/umd.troyd( 6470): android.widget.RelativeLayout@40519290: -1 (41)
D/umd.troyd( 6470): android.widget.RelativeLayout@4069c560: -1 (42)
D/umd.troyd( 6470): android.widget.TextView: Walmart Supercenter (43)
D/umd.troyd( 6470): android.widget.TextView: 6770 Westworth Blvd (44)
D/umd.troyd( 6470): android.widget.TextView: Westworth Village, TX 76114 (45)
D/umd.troyd( 6470): android.widget.RelativeLayout@406b79b0: -1 (46)
D/umd.troyd( 6470): android.widget.LinearLayout@406b7cc0: 2131558801 (47)
D/umd.troyd( 6470): android.widget.TextView: 25.95 (48)
D/umd.troyd( 6470): android.widget.TextView: miles (49)
D/umd.troyd( 6470): android.widget.TextView:  (50)
D/umd.troyd( 6470): android.widget.ImageView@40783760: 2131558517 (51)
D/umd.troyd( 6470): android.widget.LinearLayout@4066c018: -1 (52)
D/umd.troyd( 6470): android.widget.RelativeLayout@4077e310: -1 (53)
D/umd.troyd( 6470): android.widget.RelativeLayout@4067fc90: -1 (54)
D/umd.troyd( 6470): android.widget.TextView: Walmart Supercenter (55)
D/umd.troyd( 6470): android.widget.TextView: 1836 S Main St (56)
D/umd.troyd( 6470): android.widget.TextView: Weatherford, TX 76086 (57)
D/umd.troyd( 6470): android.widget.RelativeLayout@407da758: -1 (58)
D/umd.troyd( 6470): android.widget.LinearLayout@4062ce98: 2131558801 (59)
D/umd.troyd( 6470): android.widget.TextView: 26.03 (60)
D/umd.troyd( 6470): android.widget.TextView: miles (61)
D/umd.troyd( 6470): android.widget.TextView:  (62)
D/umd.troyd( 6470): android.widget.ImageView@4066baa8: 2131558517 (63)
D/umd.troyd( 6470): android.widget.LinearLayout@40784980: -1 (64)
D/umd.troyd( 6470): android.widget.RelativeLayout@406baf18: -1 (65)
D/umd.troyd( 6470): android.widget.RelativeLayout@406f9f50: -1 (66)
D/umd.troyd( 6470): android.widget.TextView: Neighborhood Market (67)
D/umd.troyd( 6470): android.widget.TextView: 2201 West Southlake Blvd (68)
D/umd.troyd( 6470): android.widget.TextView: Southlake, TX 76092 (69)
D/umd.troyd( 6470): android.widget.RelativeLayout@4072cc60: -1 (70)
D/umd.troyd( 6470): android.widget.LinearLayout@4077e770: 2131558801 (71)
D/umd.troyd( 6470): android.widget.TextView: 26.50 (72)
D/umd.troyd( 6470): android.widget.TextView: miles (73)
D/umd.troyd( 6470): android.widget.TextView:  (74)
D/umd.troyd( 6470): android.widget.ImageView@4072abe8: 2131558517 (75)
D/umd.troyd( 6470): android.widget.LinearLayout@406f7cd0: -1 (76)
D/umd.troyd( 6470): android.widget.RelativeLayout@406fce20: -1 (77)
D/umd.troyd( 6470): android.widget.RelativeLayout@40783e00: -1 (78)
D/umd.troyd( 6470): android.widget.TextView: Walmart Supercenter (79)
D/umd.troyd( 6470): android.widget.TextView: 9101 N Tarrant Pkwy (80)
D/umd.troyd( 6470): android.widget.TextView: North Richland Hill, TX 76182 (81)
D/umd.troyd( 6470): android.widget.RelativeLayout@407ef820: -1 (82)
D/umd.troyd( 6470): android.widget.LinearLayout@407ef978: 2131558801 (83)
D/umd.troyd( 6470): android.widget.TextView: 27.15 (84)
D/umd.troyd( 6470): android.widget.TextView: miles (85)
D/umd.troyd( 6470): android.widget.TextView:  (86)
D/umd.troyd( 6470): android.widget.ImageView@407fd890: 2131558517 (87)
D/umd.troyd( 6470): android.widget.RelativeLayout@40730c48: 2131558541 (88)
D/umd.troyd( 6470): android.widget.GridView@407317c0: 2131558824 (89)
D/umd.troyd( 6470): android.widget.LinearLayout@40732940: 2131558538 (90)
D/umd.troyd( 6470): android.widget.RelativeLayout@40733338: 2131558818 (91)
D/umd.troyd( 6470): android.widget.ImageButton@40733c88: 2131558819 (92)
D/umd.troyd( 6470): android.widget.RelativeLayout@407341a0: -1 (93)
D/umd.troyd( 6470): android.widget.ImageView@40734590: 2131558820 (94)
D/umd.troyd( 6470): android.widget.TextView: Stores (95)
D/umd.troyd( 6470): android.widget.RelativeLayout@40735498: -1 (96)
D/umd.troyd( 6470): android.widget.Button:  (97)
D/umd.troyd( 6470): android.widget.ImageView@40736008: 2131558823 (98)
D/umd.troyd( 6470): android.widget.LinearLayout@40736298: 2131558542 (99)
D/umd.troyd( 6470): got command getViews
D/umd.troyd( 6470): android.widget.FrameLayout@4072d750: 16908290 (0)
D/umd.troyd( 6470): android.widget.RelativeLayout@4072e190: 2131558603 (1)
D/umd.troyd( 6470): android.widget.LinearLayout@4072e5c8: -1 (2)
D/umd.troyd( 6470): com.walmart.android.ui.ViewStackLayout@4072eb18: 2131558797 (3)
D/umd.troyd( 6470): android.widget.RelativeLayout@4073f7d8: -1 (4)
D/umd.troyd( 6470): android.widget.RelativeLayout@4073fd40: 2131558790 (5)
D/umd.troyd( 6470): android.widget.LinearLayout@407408c0: 2131558790 (6)
D/umd.troyd( 6470): android.widget.RelativeLayout@407410a0: -1 (7)
D/umd.troyd( 6470): android.widget.Button:  (8)
D/umd.troyd( 6470): android.widget.TextView: Search a location (9)
D/umd.troyd( 6470): android.widget.Button:  (10)
D/umd.troyd( 6470): android.widget.Button:  (11)
D/umd.troyd( 6470): android.widget.Button:  (12)
D/umd.troyd( 6470): android.widget.RelativeLayout@406a4308: 2131558791 (13)
D/umd.troyd( 6470): com.walmart.android.storelocator.StoreMapView@40519760: 2131558792 (14)
D/umd.troyd( 6470): android.widget.ListView@40786370: 2131558521 (15)
D/umd.troyd( 6470): android.widget.LinearLayout@406f7cd0: -1 (16)
D/umd.troyd( 6470): android.widget.RelativeLayout@406fce20: -1 (17)
D/umd.troyd( 6470): android.widget.RelativeLayout@40783e00: -1 (18)
D/umd.troyd( 6470): android.widget.TextView: Walmart Supercenter (19)
D/umd.troyd( 6470): android.widget.TextView: 9101 N Tarrant Pkwy (20)
D/umd.troyd( 6470): android.widget.TextView: North Richland Hill, TX 76182 (21)
D/umd.troyd( 6470): android.widget.RelativeLayout@407ef820: -1 (22)
D/umd.troyd( 6470): android.widget.LinearLayout@407ef978: 2131558801 (23)
D/umd.troyd( 6470): android.widget.TextView: 27.15 (24)
D/umd.troyd( 6470): android.widget.TextView: miles (25)
D/umd.troyd( 6470): android.widget.TextView:  (26)
D/umd.troyd( 6470): android.widget.ImageView@407fd890: 2131558517 (27)
D/umd.troyd( 6470): android.widget.LinearLayout@408130b8: -1 (28)
D/umd.troyd( 6470): android.widget.RelativeLayout@40813208: -1 (29)
D/umd.troyd( 6470): android.widget.RelativeLayout@40814280: -1 (30)
D/umd.troyd( 6470): android.widget.TextView: Walmart Supercenter (31)
D/umd.troyd( 6470): android.widget.TextView: 6401 Ne Loop 820 (32)
D/umd.troyd( 6470): android.widget.TextView: North Richland Hill, TX 76180 (33)
D/umd.troyd( 6470): android.widget.RelativeLayout@407bc588: -1 (34)
D/umd.troyd( 6470): android.widget.LinearLayout@407bc6e0: 2131558801 (35)
D/umd.troyd( 6470): android.widget.TextView: 27.23 (36)
D/umd.troyd( 6470): android.widget.TextView: miles (37)
D/umd.troyd( 6470): android.widget.TextView:  (38)
D/umd.troyd( 6470): android.widget.ImageView@407d0248: 2131558517 (39)
D/umd.troyd( 6470): android.widget.LinearLayout@40764c50: -1 (40)
D/umd.troyd( 6470): android.widget.RelativeLayout@40764e40: -1 (41)
D/umd.troyd( 6470): android.widget.RelativeLayout@407651e8: -1 (42)
D/umd.troyd( 6470): android.widget.TextView: Walmart Supercenter (43)
D/umd.troyd( 6470): android.widget.TextView: 1515 S Loop 288 (44)
D/umd.troyd( 6470): android.widget.TextView: Denton, TX 76205 (45)
D/umd.troyd( 6470): android.widget.RelativeLayout@407664f8: -1 (46)
D/umd.troyd( 6470): android.widget.LinearLayout@40766908: 2131558801 (47)
D/umd.troyd( 6470): android.widget.TextView: 27.81 (48)
D/umd.troyd( 6470): android.widget.TextView: miles (49)
D/umd.troyd( 6470): android.widget.TextView:  (50)
D/umd.troyd( 6470): android.widget.ImageView@407679c0: 2131558517 (51)
D/umd.troyd( 6470): android.widget.LinearLayout@40769450: -1 (52)
D/umd.troyd( 6470): android.widget.RelativeLayout@40769640: -1 (53)
D/umd.troyd( 6470): android.widget.RelativeLayout@407699e8: -1 (54)
D/umd.troyd( 6470): android.widget.TextView: Neighborhood Market (55)
D/umd.troyd( 6470): android.widget.TextView: 6756 W Vickery Blvd (56)
D/umd.troyd( 6470): android.widget.TextView: Fort Worth, TX 76116 (57)
D/umd.troyd( 6470): android.widget.RelativeLayout@4076acf8: -1 (58)
D/umd.troyd( 6470): android.widget.LinearLayout@4076b108: 2131558801 (59)
D/umd.troyd( 6470): android.widget.TextView: 28.74 (60)
D/umd.troyd( 6470): android.widget.TextView: miles (61)
D/umd.troyd( 6470): android.widget.TextView:  (62)
D/umd.troyd( 6470): android.widget.ImageView@4076c1c0: 2131558517 (63)
D/umd.troyd( 6470): android.widget.LinearLayout@40759240: -1 (64)
D/umd.troyd( 6470): android.widget.RelativeLayout@40759430: -1 (65)
D/umd.troyd( 6470): android.widget.RelativeLayout@407597d8: -1 (66)
D/umd.troyd( 6470): android.widget.TextView: Walmart Supercenter (67)
D/umd.troyd( 6470): android.widget.TextView: 3851 Airport Fwy (68)
D/umd.troyd( 6470): android.widget.TextView: Fort Worth, TX 76111 (69)
D/umd.troyd( 6470): android.widget.RelativeLayout@4075aae8: -1 (70)
D/umd.troyd( 6470): android.widget.LinearLayout@4075aef8: 2131558801 (71)
D/umd.troyd( 6470): android.widget.TextView: 28.79 (72)
D/umd.troyd( 6470): android.widget.TextView: miles (73)
D/umd.troyd( 6470): android.widget.TextView:  (74)
D/umd.troyd( 6470): android.widget.ImageView@4075bfb0: 2131558517 (75)
D/umd.troyd( 6470): android.widget.LinearLayout@4075da38: -1 (76)
D/umd.troyd( 6470): android.widget.RelativeLayout@4075dc28: -1 (77)
D/umd.troyd( 6470): android.widget.RelativeLayout@4075dfd0: -1 (78)
D/umd.troyd( 6470): android.widget.TextView: Walmart Supercenter (79)
D/umd.troyd( 6470): android.widget.TextView: 3060 Justin Rd (80)
D/umd.troyd( 6470): android.widget.TextView: Highland Village, TX 75077 (81)
D/umd.troyd( 6470): android.widget.RelativeLayout@4075f2e0: -1 (82)
D/umd.troyd( 6470): android.widget.LinearLayout@4075f6f0: 2131558801 (83)
D/umd.troyd( 6470): android.widget.TextView: 28.86 (84)
D/umd.troyd( 6470): android.widget.TextView: miles (85)
D/umd.troyd( 6470): android.widget.TextView:  (86)
D/umd.troyd( 6470): android.widget.ImageView@407607a8: 2131558517 (87)
D/umd.troyd( 6470): android.widget.RelativeLayout@40730c48: 2131558541 (88)
D/umd.troyd( 6470): android.widget.GridView@407317c0: 2131558824 (89)
D/umd.troyd( 6470): android.widget.LinearLayout@40732940: 2131558538 (90)
D/umd.troyd( 6470): android.widget.RelativeLayout@40733338: 2131558818 (91)
D/umd.troyd( 6470): android.widget.ImageButton@40733c88: 2131558819 (92)
D/umd.troyd( 6470): android.widget.RelativeLayout@407341a0: -1 (93)
D/umd.troyd( 6470): android.widget.ImageView@40734590: 2131558820 (94)
D/umd.troyd( 6470): android.widget.TextView: Stores (95)
D/umd.troyd( 6470): android.widget.RelativeLayout@40735498: -1 (96)
D/umd.troyd( 6470): android.widget.Button:  (97)
D/umd.troyd( 6470): android.widget.ImageView@40736008: 2131558823 (98)
D/umd.troyd( 6470): android.widget.LinearLayout@40736298: 2131558542 (99)
D/umd.troyd( 6470): got command getViews
D/umd.troyd( 6470): android.widget.FrameLayout@4072d750: 16908290 (0)
D/umd.troyd( 6470): android.widget.RelativeLayout@4072e190: 2131558603 (1)
D/umd.troyd( 6470): android.widget.LinearLayout@4072e5c8: -1 (2)
D/umd.troyd( 6470): com.walmart.android.ui.ViewStackLayout@4072eb18: 2131558797 (3)
D/umd.troyd( 6470): android.widget.RelativeLayout@4073f7d8: -1 (4)
D/umd.troyd( 6470): android.widget.RelativeLayout@4073fd40: 2131558790 (5)
D/umd.troyd( 6470): android.widget.LinearLayout@407408c0: 2131558790 (6)
D/umd.troyd( 6470): android.widget.RelativeLayout@407410a0: -1 (7)
D/umd.troyd( 6470): android.widget.Button:  (8)
D/umd.troyd( 6470): android.widget.TextView: Search a location (9)
D/umd.troyd( 6470): android.widget.Button:  (10)
D/umd.troyd( 6470): android.widget.Button:  (11)
D/umd.troyd( 6470): android.widget.Button:  (12)
D/umd.troyd( 6470): android.widget.RelativeLayout@406a4308: 2131558791 (13)
D/umd.troyd( 6470): com.walmart.android.storelocator.StoreMapView@40519760: 2131558792 (14)
D/umd.troyd( 6470): android.widget.ListView@40786370: 2131558521 (15)
D/umd.troyd( 6470): android.widget.LinearLayout@4075da38: -1 (16)
D/umd.troyd( 6470): android.widget.RelativeLayout@4075dc28: -1 (17)
D/umd.troyd( 6470): android.widget.RelativeLayout@4075dfd0: -1 (18)
D/umd.troyd( 6470): android.widget.TextView: Walmart Supercenter (19)
D/umd.troyd( 6470): android.widget.TextView: 3060 Justin Rd (20)
D/umd.troyd( 6470): android.widget.TextView: Highland Village, TX 75077 (21)
D/umd.troyd( 6470): android.widget.RelativeLayout@4075f2e0: -1 (22)
D/umd.troyd( 6470): android.widget.LinearLayout@4075f6f0: 2131558801 (23)
D/umd.troyd( 6470): android.widget.TextView: 28.86 (24)
D/umd.troyd( 6470): android.widget.TextView: miles (25)
D/umd.troyd( 6470): android.widget.TextView:  (26)
D/umd.troyd( 6470): android.widget.ImageView@407607a8: 2131558517 (27)
D/umd.troyd( 6470): android.widget.LinearLayout@40685020: -1 (28)
D/umd.troyd( 6470): android.widget.RelativeLayout@40685210: -1 (29)
D/umd.troyd( 6470): android.widget.RelativeLayout@406855b8: -1 (30)
D/umd.troyd( 6470): android.widget.TextView: Neighborhood Market (31)
D/umd.troyd( 6470): android.widget.TextView: 4904 Colleyville Blvd (32)
D/umd.troyd( 6470): android.widget.TextView: Colleyville, TX 76034 (33)
D/umd.troyd( 6470): android.widget.RelativeLayout@406868c8: -1 (34)
D/umd.troyd( 6470): android.widget.LinearLayout@40686cd8: 2131558801 (35)
D/umd.troyd( 6470): android.widget.TextView: 29.37 (36)
D/umd.troyd( 6470): android.widget.TextView: miles (37)
D/umd.troyd( 6470): android.widget.TextView:  (38)
D/umd.troyd( 6470): android.widget.ImageView@40687d90: 2131558517 (39)
D/umd.troyd( 6470): android.widget.LinearLayout@4072bc90: -1 (40)
D/umd.troyd( 6470): android.widget.RelativeLayout@4077ea50: -1 (41)
D/umd.troyd( 6470): android.widget.RelativeLayout@4077ef00: -1 (42)
D/umd.troyd( 6470): android.widget.TextView: Walmart Supercenter (43)
D/umd.troyd( 6470): android.widget.TextView: 1732 Precinct Line Rd (44)
D/umd.troyd( 6470): android.widget.TextView: Hurst, TX 76054 (45)
D/umd.troyd( 6470): android.widget.RelativeLayout@405c9a50: -1 (46)
D/umd.troyd( 6470): android.widget.LinearLayout@407280e0: 2131558801 (47)
D/umd.troyd( 6470): android.widget.TextView: 29.55 (48)
D/umd.troyd( 6470): android.widget.TextView: miles (49)
D/umd.troyd( 6470): android.widget.TextView:  (50)
D/umd.troyd( 6470): android.widget.ImageView@40740660: 2131558517 (51)
D/umd.troyd( 6470): android.widget.LinearLayout@407881b0: -1 (52)
D/umd.troyd( 6470): android.widget.RelativeLayout@40519290: -1 (53)
D/umd.troyd( 6470): android.widget.RelativeLayout@4069c560: -1 (54)
D/umd.troyd( 6470): android.widget.TextView: Walmart Supercenter (55)
D/umd.troyd( 6470): android.widget.TextView: 8840 Benbrook Blvd (56)
D/umd.troyd( 6470): android.widget.TextView: Benbrook, TX 76126 (57)
D/umd.troyd( 6470): android.widget.RelativeLayout@406b79b0: -1 (58)
D/umd.troyd( 6470): android.widget.LinearLayout@406b7cc0: 2131558801 (59)
D/umd.troyd( 6470): android.widget.TextView: 29.62 (60)
D/umd.troyd( 6470): android.widget.TextView: miles (61)
D/umd.troyd( 6470): android.widget.TextView:  (62)
D/umd.troyd( 6470): android.widget.ImageView@40783760: 2131558517 (63)
D/umd.troyd( 6470): android.widget.LinearLayout@4066c018: -1 (64)
D/umd.troyd( 6470): android.widget.RelativeLayout@4077e310: -1 (65)
D/umd.troyd( 6470): android.widget.RelativeLayout@4067fc90: -1 (66)
D/umd.troyd( 6470): android.widget.TextView: Walmart Supercenter (67)
D/umd.troyd( 6470): android.widget.TextView: 601 No. Fm 1821 (68)
D/umd.troyd( 6470): android.widget.TextView: Mineral Wells, TX 76067 (69)
D/umd.troyd( 6470): android.widget.RelativeLayout@407da758: -1 (70)
D/umd.troyd( 6470): android.widget.LinearLayout@4062ce98: 2131558801 (71)
D/umd.troyd( 6470): android.widget.TextView: 29.93 (72)
D/umd.troyd( 6470): android.widget.TextView: miles (73)
D/umd.troyd( 6470): android.widget.TextView:  (74)
D/umd.troyd( 6470): android.widget.ImageView@4066baa8: 2131558517 (75)
D/umd.troyd( 6470): android.widget.LinearLayout@40784980: -1 (76)
D/umd.troyd( 6470): android.widget.RelativeLayout@406baf18: -1 (77)
D/umd.troyd( 6470): android.widget.RelativeLayout@406f9f50: -1 (78)
D/umd.troyd( 6470): android.widget.TextView: Neighborhood Market (79)
D/umd.troyd( 6470): android.widget.TextView: 2800 Flower Mound Rd (80)
D/umd.troyd( 6470): android.widget.TextView: Flower Mound, TX 75022 (81)
D/umd.troyd( 6470): android.widget.RelativeLayout@4072cc60: -1 (82)
D/umd.troyd( 6470): android.widget.LinearLayout@4077e770: 2131558801 (83)
D/umd.troyd( 6470): android.widget.TextView: 29.93 (84)
D/umd.troyd( 6470): android.widget.TextView: miles (85)
D/umd.troyd( 6470): android.widget.TextView:  (86)
D/umd.troyd( 6470): android.widget.ImageView@4072abe8: 2131558517 (87)
D/umd.troyd( 6470): android.widget.RelativeLayout@40730c48: 2131558541 (88)
D/umd.troyd( 6470): android.widget.GridView@407317c0: 2131558824 (89)
D/umd.troyd( 6470): android.widget.LinearLayout@40732940: 2131558538 (90)
D/umd.troyd( 6470): android.widget.RelativeLayout@40733338: 2131558818 (91)
D/umd.troyd( 6470): android.widget.ImageButton@40733c88: 2131558819 (92)
D/umd.troyd( 6470): android.widget.RelativeLayout@407341a0: -1 (93)
D/umd.troyd( 6470): android.widget.ImageView@40734590: 2131558820 (94)
D/umd.troyd( 6470): android.widget.TextView: Stores (95)
D/umd.troyd( 6470): android.widget.RelativeLayout@40735498: -1 (96)
D/umd.troyd( 6470): android.widget.Button:  (97)
D/umd.troyd( 6470): android.widget.ImageView@40736008: 2131558823 (98)
D/umd.troyd( 6470): android.widget.LinearLayout@40736298: 2131558542 (99)
