android.widget.FrameLayout@4070af08
android.widget.RelativeLayout@4070e5d8
android.widget.LinearLayout@407117b0
android.view.View@40731510
android.widget.RelativeLayout@40719bc8
android.widget.TextView: Regular
android.view.View@4071dac0
android.view.View@40731168
android.widget.RelativeLayout@4071dcd0
android.widget.TextView: Midgrade
android.view.View@40720cc0
android.view.View@407312b0
android.widget.RelativeLayout@40720eb0
android.widget.TextView: Premium
android.view.View@4072dbc0
android.view.View@407313e0
android.widget.RelativeLayout@4072dd98
android.widget.TextView: Diesel
android.view.View@4072e900
android.view.View@40731630
android.view.View@4071b8e0
android.widget.LinearLayout@4071baa8
android.widget.RelativeLayout@4071bd70
android.widget.ImageView@40722780
android.widget.TextView: Reload
android.widget.RelativeLayout@40726600
android.widget.ImageView@40729940
android.widget.TextView: Sort By Price
android.widget.RelativeLayout@4072ce60
android.widget.ImageView@40730230
android.widget.TextView: Map View
android.view.View@40733a50
gbis.gbandroid.views.layouts.CustomListView@40736bc0
android.widget.RelativeLayout@40624b20
com.google.ads.AdView@40661898
android.gesture.GestureOverlayView@4070c858
android.widget.FrameLayout@40661b20
com.google.ads.internal.AdWebView@40631ad0
android.widget.TableLayout@406f6980
android.widget.TableRow@406f7330
android.widget.RelativeLayout@406f8268
android.widget.RelativeLayout@406f8718
android.widget.TextView: 3.39
android.widget.TextView: 9
android.widget.TextView: 1 hour ago
android.widget.TextView: Update
android.widget.RelativeLayout@40685150
android.widget.ImageView@40685570
android.widget.TextView: Shell
android.widget.TextView: 1001 Aviation Blvd & Air Cargo Dr
android.widget.TextView: Linthicum, MD
android.widget.TextView: 0.79 mi
android.widget.TableLayout@40751918
android.widget.TableRow@40751ee8
android.widget.RelativeLayout@407525a8
android.widget.RelativeLayout@40752980
android.widget.TextView: 3.45
android.widget.TextView: 9
android.widget.TextView: 23 hours ago
android.widget.TextView: Update
android.widget.RelativeLayout@40754190
android.widget.ImageView@40754568
android.widget.TextView: Shell
android.widget.TextView: 7177 Baltimore Annapolis Blvd & Ferndale Ave
android.widget.TextView: Glen Burnie, MD
android.widget.TextView: 0.81 mi
android.widget.TableLayout@40761ec0
android.widget.TableRow@40762490
android.widget.RelativeLayout@40762b50
android.widget.RelativeLayout@40762f28
android.widget.TextView: 3.45
android.widget.TextView: 9
android.widget.TextView: 7 hours ago
android.widget.TextView: Update
android.widget.RelativeLayout@40764738
android.widget.ImageView@40764b10
android.widget.TextView: 7-Eleven
android.widget.TextView: 6930 Aviation Blvd & Hollins Ferry Rd
android.widget.TextView: Glen Burnie, MD
android.widget.TextView: 0.84 mi
android.widget.TableLayout@407726e0
android.widget.TableRow@40772cb0
android.widget.RelativeLayout@40773370
android.widget.RelativeLayout@40773748
android.widget.TextView: --
android.widget.TextView: 9
android.widget.TextView: time
android.widget.TextView: Report Price
android.widget.RelativeLayout@40774f58
android.widget.ImageView@40775330
android.widget.TextView: Royal Farms
android.widget.TextView: 7201 Baltimore Annapolis Blvd  & Wellham Ave
android.widget.TextView: Glen Burnie, MD
android.widget.TextView: 0.93 mi
android.widget.RelativeLayout@40624548
android.widget.FrameLayout@4070af08
android.widget.RelativeLayout@4070e5d8
android.widget.LinearLayout@407117b0
android.view.View@40731510
android.widget.RelativeLayout@40719bc8
android.widget.TextView: Regular
android.view.View@4071dac0
android.view.View@40731168
android.widget.RelativeLayout@4071dcd0
android.widget.TextView: Midgrade
android.view.View@40720cc0
android.view.View@407312b0
android.widget.RelativeLayout@40720eb0
android.widget.TextView: Premium
android.view.View@4072dbc0
android.view.View@407313e0
android.widget.RelativeLayout@4072dd98
android.widget.TextView: Diesel
android.view.View@4072e900
android.view.View@40731630
android.view.View@4071b8e0
android.widget.LinearLayout@4071baa8
android.widget.RelativeLayout@4071bd70
android.widget.ImageView@40722780
android.widget.TextView: Reload
android.widget.RelativeLayout@40726600
android.widget.ImageView@40729940
android.widget.TextView: Sort By Price
android.widget.RelativeLayout@4072ce60
android.widget.ImageView@40730230
android.widget.TextView: Map View
android.view.View@40733a50
gbis.gbandroid.views.layouts.CustomListView@40736bc0
android.widget.TableLayout@4057f388
android.widget.TableRow@405a0160
android.widget.RelativeLayout@40612d68
android.widget.RelativeLayout@406159b0
android.widget.TextView: --
android.widget.TextView: 9
android.widget.TextView: 7 hours ago
android.widget.TextView: Report Price
android.widget.RelativeLayout@4064e7c8
android.widget.ImageView@4055c6c8
android.widget.TextView: Royal Farms
android.widget.TextView: 7201 Baltimore Annapolis Blvd  & Wellham Ave
android.widget.TextView: Glen Burnie, MD
android.widget.TextView: 0.93 mi
android.widget.TableLayout@4057c750
android.widget.TableRow@4058d788
android.widget.RelativeLayout@40601bb0
android.widget.RelativeLayout@40604790
android.widget.TextView: 3.47
android.widget.TextView: 9
android.widget.TextView: 8 hours ago
android.widget.TextView: Update
android.widget.RelativeLayout@406073c0
android.widget.ImageView@4055b2e8
android.widget.TextView: Osprey
android.widget.TextView: 521 S Camp Meade Rd & Transmission Ct
android.widget.TextView: Linthicum, MD
android.widget.TextView: 1.11 mi
android.widget.RelativeLayout@40624548
android.widget.FrameLayout@4070af08
android.widget.RelativeLayout@4070e5d8
android.widget.LinearLayout@407117b0
android.view.View@40731510
android.widget.RelativeLayout@40719bc8
android.widget.TextView: Regular
android.view.View@4071dac0
android.view.View@40731168
android.widget.RelativeLayout@4071dcd0
android.widget.TextView: Midgrade
android.view.View@40720cc0
android.view.View@407312b0
android.widget.RelativeLayout@40720eb0
android.widget.TextView: Premium
android.view.View@4072dbc0
android.view.View@407313e0
android.widget.RelativeLayout@4072dd98
android.widget.TextView: Diesel
android.view.View@4072e900
android.view.View@40731630
android.view.View@4071b8e0
android.widget.LinearLayout@4071baa8
android.widget.RelativeLayout@4071bd70
android.widget.ImageView@40722780
android.widget.TextView: Reload
android.widget.RelativeLayout@40726600
android.widget.ImageView@40729940
android.widget.TextView: Sort By Price
android.widget.RelativeLayout@4072ce60
android.widget.ImageView@40730230
android.widget.TextView: Map View
android.view.View@40733a50
gbis.gbandroid.views.layouts.CustomListView@40736bc0
android.widget.TableLayout@405625f8
android.widget.TableRow@4057ae90
android.widget.RelativeLayout@4057f538
android.widget.RelativeLayout@40582110
android.widget.TextView: 3.47
android.widget.TextView: 9
android.widget.TextView: Sun 5:54 PM
android.widget.TextView: Update
android.widget.RelativeLayout@405f29a8
android.widget.ImageView@4054d4e0
android.widget.TextView: CITGO
android.widget.TextView: 7281 Baltimore Annapolis Blvd & I-97
android.widget.TextView: Glen Burnie, MD
android.widget.TextView: 1.14 mi
android.widget.TableLayout@4054fb10
android.widget.TableRow@405544e8
android.widget.RelativeLayout@40558368
android.widget.RelativeLayout@4057c370
android.widget.TextView: 3.47
android.widget.TextView: 9
android.widget.TextView: 8 hours ago
android.widget.TextView: Update
android.widget.RelativeLayout@4057c900
android.widget.ImageView@40517ee0
android.widget.TextView: Exxon
android.widget.TextView:  402 Camp Meade Rd &  Benton Ave
android.widget.TextView: Linthicum, MD
android.widget.TextView: 1.2 mi
android.widget.TableLayout@407726e0
android.widget.TableRow@40772cb0
android.widget.RelativeLayout@40773370
android.widget.RelativeLayout@40773748
android.widget.TextView: 3.45
android.widget.TextView: 9
android.widget.TextView: 7 hours ago
android.widget.TextView: Update
android.widget.RelativeLayout@40774f58
android.widget.ImageView@40775330
android.widget.TextView: Royal Farms
android.widget.TextView: 930 Cromwell Park Dr & Aviation Blvd
android.widget.TextView: Glen Burnie, MD
android.widget.TextView: 1.22 mi
android.widget.TableLayout@4057fc50
android.widget.TableRow@405f11a8
android.widget.RelativeLayout@4068c9a8
android.widget.RelativeLayout@40697eb0
android.widget.TextView: 3.55
android.widget.TextView: 9
android.widget.TextView: 7 hours ago
android.widget.TextView: Update
android.widget.RelativeLayout@40510888
android.widget.ImageView@4058ceb0
android.widget.TextView: BP
android.widget.TextView: 7059 Baltimore Annapolis Blvd & Furnace Branch Rd
android.widget.TextView: Glen Burnie, MD
android.widget.TextView: 1.41 mi
android.widget.TableLayout@4066c2d8
android.widget.TableRow@406cf370
android.widget.RelativeLayout@40559a80
android.widget.RelativeLayout@405812d0
android.widget.TextView: --
android.widget.TextView: 9
android.widget.TextView: time
android.widget.TextView: Report Price
android.widget.RelativeLayout@406d5b60
android.widget.ImageView@4055a740
android.widget.TextView: BP
android.widget.TextView: 7401 Baltimore Annapolis Rd & 8th St
android.widget.TextView: Glen Burnie, MD
android.widget.TextView: 1.78 mi
android.widget.RelativeLayout@40624548
android.widget.FrameLayout@4070af08
android.widget.RelativeLayout@4070e5d8
android.widget.LinearLayout@407117b0
android.view.View@40731510
android.widget.RelativeLayout@40719bc8
android.widget.TextView: Regular
android.view.View@4071dac0
android.view.View@40731168
android.widget.RelativeLayout@4071dcd0
android.widget.TextView: Midgrade
android.view.View@40720cc0
android.view.View@407312b0
android.widget.RelativeLayout@40720eb0
android.widget.TextView: Premium
android.view.View@4072dbc0
android.view.View@407313e0
android.widget.RelativeLayout@4072dd98
android.widget.TextView: Diesel
android.view.View@4072e900
android.view.View@40731630
android.view.View@4071b8e0
android.widget.LinearLayout@4071baa8
android.widget.RelativeLayout@4071bd70
android.widget.ImageView@40722780
android.widget.TextView: Reload
android.widget.RelativeLayout@40726600
android.widget.ImageView@40729940
android.widget.TextView: Sort By Price
android.widget.RelativeLayout@4072ce60
android.widget.ImageView@40730230
android.widget.TextView: Map View
android.view.View@40733a50
gbis.gbandroid.views.layouts.CustomListView@40736bc0
android.widget.TableLayout@405b50c8
android.widget.TableRow@405a0160
android.widget.RelativeLayout@40612d68
android.widget.RelativeLayout@406159b0
android.widget.TextView: --
android.widget.TextView: 9
android.widget.TextView: 21 hours ago
android.widget.TextView: Report Price
android.widget.RelativeLayout@4064e7c8
android.widget.ImageView@405a2098
android.widget.TextView: BP
android.widget.TextView: 7401 Baltimore Annapolis Rd & 8th St
android.widget.TextView: Glen Burnie, MD
android.widget.TextView: 1.78 mi
android.widget.TableLayout@4057f388
android.widget.TableRow@406ade58
android.widget.RelativeLayout@40581f50
android.widget.RelativeLayout@405fe048
android.widget.TextView: --
android.widget.TextView: 9
android.widget.TextView: 8 hours ago
android.widget.TextView: Report Price
android.widget.RelativeLayout@405fefa0
android.widget.ImageView@405938a0
android.widget.TextView: Quarles
android.widget.TextView: 508 Digiulian Blvd & Dorsey Dr
android.widget.TextView: Glen Burnie, MD
android.widget.TextView: 1.82 mi
android.widget.TableLayout@405d3b78
android.widget.TableRow@406ed6e0
android.widget.RelativeLayout@4063eb88
android.widget.RelativeLayout@406a5980
android.widget.TextView: --
android.widget.TextView: 9
android.widget.TextView: time
android.widget.TextView: Report Price
android.widget.RelativeLayout@4062b8d0
android.widget.ImageView@40653588
android.widget.TextView: Shell
android.widget.TextView: 7408 Baltimore Annapolis Blvd & Linden Ln
android.widget.TextView: Glen Burnie, MD
android.widget.TextView: 1.84 mi
android.widget.TableLayout@4057c750
android.widget.TableRow@4058d788
android.widget.RelativeLayout@40601bb0
android.widget.RelativeLayout@40604790
android.widget.TextView: 3.69
android.widget.TextView: 9
android.widget.TextView: 8 hours ago
android.widget.TextView: Update
android.widget.RelativeLayout@406073c0
android.widget.ImageView@4055b2e8
android.widget.TextView: BP
android.widget.TextView: 1595 W Nursery Rd & Winterson Rd
android.widget.TextView: Linthicum, MD
android.widget.TextView: 1.88 mi
android.widget.TableLayout@4066c2d8
android.widget.TableRow@406cf370
android.widget.RelativeLayout@40559a80
android.widget.RelativeLayout@405812d0
android.widget.TextView: 3.43
android.widget.TextView: 9
android.widget.TextView: 21 hours ago
android.widget.TextView: Update
android.widget.RelativeLayout@406d5b60
android.widget.ImageView@4055a740
android.widget.TextView: 7-Eleven
android.widget.TextView: 6971 Baltimore Annapolis Blvd & Hammond's Ln
android.widget.TextView: Brooklyn Park, MD
android.widget.TextView: 1.93 mi
android.widget.RelativeLayout@40624548
android.widget.FrameLayout@4070af08
android.widget.RelativeLayout@4070e5d8
android.widget.LinearLayout@407117b0
android.view.View@40731510
android.widget.RelativeLayout@40719bc8
android.widget.TextView: Regular
android.view.View@4071dac0
android.view.View@40731168
android.widget.RelativeLayout@4071dcd0
android.widget.TextView: Midgrade
android.view.View@40720cc0
android.view.View@407312b0
android.widget.RelativeLayout@40720eb0
android.widget.TextView: Premium
android.view.View@4072dbc0
android.view.View@407313e0
android.widget.RelativeLayout@4072dd98
android.widget.TextView: Diesel
android.view.View@4072e900
android.view.View@40731630
android.view.View@4071b8e0
android.widget.LinearLayout@4071baa8
android.widget.RelativeLayout@4071bd70
android.widget.ImageView@40722780
android.widget.TextView: Reload
android.widget.RelativeLayout@40726600
android.widget.ImageView@40729940
android.widget.TextView: Sort By Price
android.widget.RelativeLayout@4072ce60
android.widget.ImageView@40730230
android.widget.TextView: Map View
android.view.View@40733a50
gbis.gbandroid.views.layouts.CustomListView@40736bc0
android.widget.TableLayout@4066c2d8
android.widget.TableRow@406cf370
android.widget.RelativeLayout@40559a80
android.widget.RelativeLayout@405812d0
android.widget.TextView: 3.43
android.widget.TextView: 9
android.widget.TextView: 21 hours ago
android.widget.TextView: Update
android.widget.RelativeLayout@406d5b60
android.widget.ImageView@4055a740
android.widget.TextView: 7-Eleven
android.widget.TextView: 6971 Baltimore Annapolis Blvd & Hammond's Ln
android.widget.TextView: Brooklyn Park, MD
android.widget.TextView: 1.93 mi
android.widget.TableLayout@4057fc50
android.widget.TableRow@405f11a8
android.widget.RelativeLayout@4068c9a8
android.widget.RelativeLayout@40697eb0
android.widget.TextView: 3.47
android.widget.TextView: 9
android.widget.TextView: 8 hours ago
android.widget.TextView: Update
android.widget.RelativeLayout@40510888
android.widget.ImageView@4058ceb0
android.widget.TextView: Shell
android.widget.TextView: 463 N Camp Meade Rd & Annapolis Rd
android.widget.TextView: Linthicum, MD
android.widget.TextView: 2.16 mi
android.widget.TableLayout@405db130
android.widget.TableRow@40637608
android.widget.RelativeLayout@4068c220
android.widget.RelativeLayout@4068c3d8
android.widget.TextView: 3.45
android.widget.TextView: 9
android.widget.TextView: 3 hours ago
android.widget.TextView: Update
android.widget.RelativeLayout@40691a78
android.widget.ImageView@405b2da0
android.widget.TextView: Mobil
android.widget.TextView: 7200 Ritchie Hwy & 8th Ave
android.widget.TextView: Glen Burnie, MD
android.widget.TextView: 2.2 mi
android.widget.TableLayout@405e76d8
android.widget.TableRow@4067ddf8
android.widget.RelativeLayout@406946a8
android.widget.RelativeLayout@40697288
android.widget.TextView: 3.49
android.widget.TextView: 9
android.widget.TextView: 6 hours ago
android.widget.TextView: Update
android.widget.RelativeLayout@40699e60
android.widget.ImageView@406280a8
android.widget.TextView: 7-Eleven
android.widget.TextView: 1075 Dorsey Rd & Old Telegraph Rd
android.widget.TextView: Hanover, MD
android.widget.TextView: 2.24 mi
android.widget.TableLayout@40601a08
android.widget.TableRow@407927d0
android.widget.RelativeLayout@40640ff0
android.widget.RelativeLayout@406944f8
android.widget.TextView: --
android.widget.TextView: 9
android.widget.TextView: time
android.widget.TextView: Report Price
android.widget.RelativeLayout@406afde8
android.widget.ImageView@406c07a0
android.widget.TextView: CITGO
android.widget.TextView: 7237 Ritchie Hwy & 6th Ave NE
android.widget.TextView: Glen Burnie, MD
android.widget.TextView: 2.24 mi
android.widget.RelativeLayout@40624548
android.widget.FrameLayout@4070af08
android.widget.RelativeLayout@4070e5d8
android.widget.LinearLayout@407117b0
android.view.View@40731510
android.widget.RelativeLayout@40719bc8
android.widget.TextView: Regular
android.view.View@4071dac0
android.view.View@40731168
android.widget.RelativeLayout@4071dcd0
android.widget.TextView: Midgrade
android.view.View@40720cc0
android.view.View@407312b0
android.widget.RelativeLayout@40720eb0
android.widget.TextView: Premium
android.view.View@4072dbc0
android.view.View@407313e0
android.widget.RelativeLayout@4072dd98
android.widget.TextView: Diesel
android.view.View@4072e900
android.view.View@40731630
android.view.View@4071b8e0
android.widget.LinearLayout@4071baa8
android.widget.RelativeLayout@4071bd70
android.widget.ImageView@40722780
android.widget.TextView: Reload
android.widget.RelativeLayout@40726600
android.widget.ImageView@40729940
android.widget.TextView: Sort By Price
android.widget.RelativeLayout@4072ce60
android.widget.ImageView@40730230
android.widget.TextView: Map View
android.view.View@40733a50
gbis.gbandroid.views.layouts.CustomListView@40736bc0
android.widget.TableLayout@40601a08
android.widget.TableRow@407927d0
android.widget.RelativeLayout@40640ff0
android.widget.RelativeLayout@406944f8
android.widget.TextView: --
android.widget.TextView: 9
android.widget.TextView: time
android.widget.TextView: Report Price
android.widget.RelativeLayout@406afde8
android.widget.ImageView@406c07a0
android.widget.TextView: CITGO
android.widget.TextView: 7237 Ritchie Hwy & 6th Ave NE
android.widget.TextView: Glen Burnie, MD
android.widget.TextView: 2.24 mi
android.widget.TableLayout@4057c750
android.widget.TableRow@4058d788
android.widget.RelativeLayout@40601bb0
android.widget.RelativeLayout@40604790
android.widget.TextView: --
android.widget.TextView: 9
android.widget.TextView: 8 hours ago
android.widget.TextView: Report Price
android.widget.RelativeLayout@406073c0
android.widget.ImageView@4055b2e8
android.widget.TextView: Lakson Mart/ BWI Subway
android.widget.TextView: 500 Progress Dr Linthicum Md 21090 & W Nursery Rd
android.widget.TextView: Linthicum, MD
android.widget.TextView: 2.39 mi
android.widget.TableLayout@40662450
android.widget.TableRow@4065d6e0
android.widget.RelativeLayout@406fdc18
android.widget.RelativeLayout@40710740
android.widget.TextView: 3.39
android.widget.TextView: 9
android.widget.TextView: Mon 1:11 PM
android.widget.TextView: Update
android.widget.RelativeLayout@407724c8
android.widget.ImageView@40784310
android.widget.TextView: Hess
android.widget.TextView: 6803 Ritchie Hwy & Holsum Way
android.widget.TextView: Glen Burnie, MD
android.widget.TextView: 2.41 mi
android.widget.TableLayout@40587738
android.widget.TableRow@405971a0
android.widget.RelativeLayout@406c2ee0
android.widget.RelativeLayout@40723488
android.widget.TextView: 3.45
android.widget.TextView: 9
android.widget.TextView: 13 hours ago
android.widget.TextView: Update
android.widget.RelativeLayout@40675960
android.widget.ImageView@406af8e8
android.widget.TextView: Shell
android.widget.TextView: 501 Crain Hwy S  & 5th Ave SE
android.widget.TextView: Glen Burnie, MD
android.widget.TextView: 2.41 mi
android.widget.TableLayout@406d1ac0
android.widget.TableRow@406d7050
android.widget.RelativeLayout@406dca18
android.widget.RelativeLayout@406df588
android.widget.TextView: 3.45
android.widget.TextView: 9
android.widget.TextView: Mon 1:09 PM
android.widget.TextView: Update
android.widget.RelativeLayout@406913b8
android.widget.ImageView@40691720
android.widget.TextView: Royal Farms
android.widget.TextView: 6901 Ritchie Hwy & Dover Rd
android.widget.TextView: Glen Burnie, MD
android.widget.TextView: 2.43 mi
android.widget.RelativeLayout@40624548
android.widget.FrameLayout@4070af08
android.widget.RelativeLayout@4070e5d8
android.widget.LinearLayout@407117b0
android.view.View@40731510
android.widget.RelativeLayout@40719bc8
android.widget.TextView: Regular
android.view.View@4071dac0
android.view.View@40731168
android.widget.RelativeLayout@4071dcd0
android.widget.TextView: Midgrade
android.view.View@40720cc0
android.view.View@407312b0
android.widget.RelativeLayout@40720eb0
android.widget.TextView: Premium
android.view.View@4072dbc0
android.view.View@407313e0
android.widget.RelativeLayout@4072dd98
android.widget.TextView: Diesel
android.view.View@4072e900
android.view.View@40731630
android.view.View@4071b8e0
android.widget.LinearLayout@4071baa8
android.widget.RelativeLayout@4071bd70
android.widget.ImageView@40722780
android.widget.TextView: Reload
android.widget.RelativeLayout@40726600
android.widget.ImageView@40729940
android.widget.TextView: Sort By Price
android.widget.RelativeLayout@4072ce60
android.widget.ImageView@40730230
android.widget.TextView: Map View
android.view.View@40733a50
gbis.gbandroid.views.layouts.CustomListView@40736bc0
android.widget.TableLayout@406d1ac0
android.widget.TableRow@406d7050
android.widget.RelativeLayout@406dca18
android.widget.RelativeLayout@406df588
android.widget.TextView: 3.45
android.widget.TextView: 9
android.widget.TextView: Mon 1:09 PM
android.widget.TextView: Update
android.widget.RelativeLayout@406913b8
android.widget.ImageView@40691720
android.widget.TextView: Royal Farms
android.widget.TextView: 6901 Ritchie Hwy & Dover Rd
android.widget.TextView: Glen Burnie, MD
android.widget.TextView: 2.43 mi
android.widget.TableLayout@405e76d8
android.widget.TableRow@4067ddf8
android.widget.RelativeLayout@406946a8
android.widget.RelativeLayout@40697288
android.widget.TextView: 3.39
android.widget.TextView: 9
android.widget.TextView: 2 hours ago
android.widget.TextView: Update
android.widget.RelativeLayout@40699e60
android.widget.ImageView@406280a8
android.widget.TextView: Exxon
android.widget.TextView:  6701 Ritchie Hwy & Ordnance Rd
android.widget.TextView: Glen Burnie, MD
android.widget.TextView: 2.46 mi
android.widget.TableLayout@4054fb10
android.widget.TableRow@40552d00
android.widget.RelativeLayout@40558368
android.widget.RelativeLayout@4057c900
android.widget.TextView: 3.38
android.widget.TextView: 9
android.widget.TextView: 2 hours ago
android.widget.TextView: Update
android.widget.RelativeLayout@4057f538
android.widget.ImageView@40517ee0
android.widget.TextView: Shell
android.widget.TextView: 6616 Ritchie Hwy & MVA  Rd
android.widget.TextView: Glen Burnie, MD
android.widget.TextView: 2.49 mi
android.widget.TableLayout@405625f8
android.widget.TableRow@405a0160
android.widget.RelativeLayout@40582110
android.widget.RelativeLayout@405d5028
android.widget.TextView: 3.37
android.widget.TextView: 9
android.widget.TextView: 5 hours ago
android.widget.TextView: Update
android.widget.RelativeLayout@405fefa0
android.widget.ImageView@4054d4e0
android.widget.TextView: BP
android.widget.TextView: 901 S Crain Hwy & SW Pershing Ave
android.widget.TextView: Glen Burnie, MD
android.widget.TextView: 2.52 mi
android.widget.TableLayout@4057f388
android.widget.TableRow@405bdc30
android.widget.RelativeLayout@40612d68
android.widget.RelativeLayout@406159b0
android.widget.TextView: 3.39
android.widget.TextView: 9
android.widget.TextView: 51 minutes ago
android.widget.TextView: Update
android.widget.RelativeLayout@4063eb88
android.widget.ImageView@405938a0
android.widget.TextView: Gulf
android.widget.TextView: 251 Aquahart Rd & Crain Hwy S
android.widget.TextView: Glen Burnie, MD
android.widget.TextView: 2.62 mi
android.widget.RelativeLayout@40624548
android.widget.FrameLayout@4070af08
android.widget.RelativeLayout@4070e5d8
android.widget.LinearLayout@407117b0
android.view.View@40731510
android.widget.RelativeLayout@40719bc8
android.widget.TextView: Regular
android.view.View@4071dac0
android.view.View@40731168
android.widget.RelativeLayout@4071dcd0
android.widget.TextView: Midgrade
android.view.View@40720cc0
android.view.View@407312b0
android.widget.RelativeLayout@40720eb0
android.widget.TextView: Premium
android.view.View@4072dbc0
android.view.View@407313e0
android.widget.RelativeLayout@4072dd98
android.widget.TextView: Diesel
android.view.View@4072e900
android.view.View@40731630
android.view.View@4071b8e0
android.widget.LinearLayout@4071baa8
android.widget.RelativeLayout@4071bd70
android.widget.ImageView@40722780
android.widget.TextView: Reload
android.widget.RelativeLayout@40726600
android.widget.ImageView@40729940
android.widget.TextView: Sort By Price
android.widget.RelativeLayout@4072ce60
android.widget.ImageView@40730230
android.widget.TextView: Map View
android.view.View@40733a50
gbis.gbandroid.views.layouts.CustomListView@40736bc0
android.widget.TableLayout@4057f388
android.widget.TableRow@405bdc30
android.widget.RelativeLayout@40612d68
android.widget.RelativeLayout@406159b0
android.widget.TextView: 3.39
android.widget.TextView: 9
android.widget.TextView: 51 minutes ago
android.widget.TextView: Update
android.widget.RelativeLayout@4063eb88
android.widget.ImageView@405938a0
android.widget.TextView: Gulf
android.widget.TextView: 251 Aquahart Rd & Crain Hwy S
android.widget.TextView: Glen Burnie, MD
android.widget.TextView: 2.62 mi
android.widget.TableLayout@40587738
android.widget.TableRow@405971a0
android.widget.RelativeLayout@406c2ee0
android.widget.RelativeLayout@40723488
android.widget.TextView: 3.45
android.widget.TextView: 9
android.widget.TextView: Mon 3:24 PM
android.widget.TextView: Update
android.widget.RelativeLayout@40675960
android.widget.ImageView@406af8e8
android.widget.TextView: BP
android.widget.TextView: 6830 Annapolis Rd & Nursery Rd 
android.widget.TextView: Linthicum, MD
android.widget.TextView: 2.63 mi
android.widget.TableLayout@4072f038
android.widget.TableRow@406e0f88
android.widget.RelativeLayout@406e2448
android.widget.RelativeLayout@405471b0
android.widget.TextView: 3.39
android.widget.TextView: 9
android.widget.TextView: 49 minutes ago
android.widget.TextView: Update
android.widget.RelativeLayout@40757060
android.widget.ImageView@40784870
android.widget.TextView: Gulf
android.widget.TextView: 7690 Quarterfield Rd & Old Stage Rd
android.widget.TextView: Glen Burnie, MD
android.widget.TextView: 2.64 mi
android.widget.TableLayout@40725188
android.widget.TableRow@405e4900
android.widget.RelativeLayout@4061aa88
android.widget.RelativeLayout@406329e8
android.widget.TextView: 3.37
android.widget.TextView: 9
android.widget.TextView: 1 hour ago
android.widget.TextView: Update
android.widget.RelativeLayout@40724da8
android.widget.ImageView@40731d90
android.widget.TextView: 7-Eleven
android.widget.TextView: 1250 Crain Hwy S & Thelma Ave
android.widget.TextView: Glen Burnie, MD
android.widget.TextView: 2.65 mi
android.widget.TableLayout@406aa360
android.widget.TableRow@406fc368
android.widget.RelativeLayout@407854d0
android.widget.RelativeLayout@405bcb88
android.widget.TextView: 3.37
android.widget.TextView: 9
android.widget.TextView: 50 minutes ago
android.widget.TextView: Update
android.widget.RelativeLayout@406bbf10
android.widget.ImageView@4069d3b0
android.widget.TextView: American Petroleum
android.widget.TextView: 7700 Quarterfield Rd & Old Stage Rd
android.widget.TextView: Glen Burnie, MD
android.widget.TextView: 2.66 mi
android.widget.RelativeLayout@40624548
android.widget.FrameLayout@4070af08
android.widget.RelativeLayout@4070e5d8
android.widget.LinearLayout@407117b0
android.view.View@40731510
android.widget.RelativeLayout@40719bc8
android.widget.TextView: Regular
android.view.View@4071dac0
android.view.View@40731168
android.widget.RelativeLayout@4071dcd0
android.widget.TextView: Midgrade
android.view.View@40720cc0
android.view.View@407312b0
android.widget.RelativeLayout@40720eb0
android.widget.TextView: Premium
android.view.View@4072dbc0
android.view.View@407313e0
android.widget.RelativeLayout@4072dd98
android.widget.TextView: Diesel
android.view.View@4072e900
android.view.View@40731630
android.view.View@4071b8e0
android.widget.LinearLayout@4071baa8
android.widget.RelativeLayout@4071bd70
android.widget.ImageView@40722780
android.widget.TextView: Reload
android.widget.RelativeLayout@40726600
android.widget.ImageView@40729940
android.widget.TextView: Sort By Price
android.widget.RelativeLayout@4072ce60
android.widget.ImageView@40730230
android.widget.TextView: Map View
android.view.View@40733a50
gbis.gbandroid.views.layouts.CustomListView@40736bc0
android.widget.TableLayout@40719758
android.widget.TableRow@406381c0
android.widget.RelativeLayout@40638840
android.widget.RelativeLayout@4065ca30
android.widget.TextView: 3.37
android.widget.TextView: 9
android.widget.TextView: 50 minutes ago
android.widget.TextView: Update
android.widget.RelativeLayout@4063d8e8
android.widget.ImageView@4063dcc0
android.widget.TextView: American Petroleum
android.widget.TextView: 7700 Quarterfield Rd & Old Stage Rd
android.widget.TextView: Glen Burnie, MD
android.widget.TextView: 2.66 mi
android.widget.TableLayout@4057d870
android.widget.TableRow@4057dde0
android.widget.RelativeLayout@407127c8
android.widget.RelativeLayout@40712ba0
android.widget.TextView: 3.39
android.widget.TextView: 9
android.widget.TextView: 49 minutes ago
android.widget.TextView: Update
android.widget.RelativeLayout@40680ed0
android.widget.ImageView@40681270
android.widget.TextView: 7-Eleven
android.widget.TextView: 7701 Quarterfield Rd & Old Stage Rd
android.widget.TextView: Glen Burnie, MD
android.widget.TextView: 2.7 mi
android.widget.TableLayout@406693e0
android.widget.TableRow@4072bc80
android.widget.RelativeLayout@407171c8
android.widget.RelativeLayout@4062d8a0
android.widget.TextView: 3.27
android.widget.TextView: 9
android.widget.TextView: 5 hours ago
android.widget.TextView: Update
android.widget.RelativeLayout@4067ce40
android.widget.ImageView@4067d200
android.widget.TextView: Sam's Club
android.widget.TextView: 424 George Clauss Blvd & Quarterfield Rd
android.widget.TextView: Severn, MD
android.widget.TextView: 2.72 mi
android.widget.TableLayout@405625f8
android.widget.TableRow@405a0160
android.widget.RelativeLayout@40582110
android.widget.RelativeLayout@405d5028
android.widget.TextView: --
android.widget.TextView: 9
android.widget.TextView: 49 minutes ago
android.widget.TextView: Report Price
android.widget.RelativeLayout@405fefa0
android.widget.ImageView@4054d4e0
android.widget.TextView: Exxon
android.widget.TextView: 723 Nursery Rd & Fairview Ave
android.widget.TextView: Linthicum, MD
android.widget.TextView: 2.75 mi
android.widget.TableLayout@406aa360
android.widget.TableRow@406fc368
android.widget.RelativeLayout@407854d0
android.widget.RelativeLayout@405bcb88
android.widget.TextView: --
android.widget.TextView: 9
android.widget.TextView: 50 minutes ago
android.widget.TextView: Report Price
android.widget.RelativeLayout@406bbf10
android.widget.ImageView@4069d3b0
android.widget.TextView: Shell
android.widget.TextView: 724 Nursery Rd & Fairview Ave
android.widget.TextView: Linthicum, MD
android.widget.TextView: 2.78 mi
android.widget.RelativeLayout@40624548
android.widget.FrameLayout@4070af08
android.widget.RelativeLayout@4070e5d8
android.widget.LinearLayout@407117b0
android.view.View@40731510
android.widget.RelativeLayout@40719bc8
android.widget.TextView: Regular
android.view.View@4071dac0
android.view.View@40731168
android.widget.RelativeLayout@4071dcd0
android.widget.TextView: Midgrade
android.view.View@40720cc0
android.view.View@407312b0
android.widget.RelativeLayout@40720eb0
android.widget.TextView: Premium
android.view.View@4072dbc0
android.view.View@407313e0
android.widget.RelativeLayout@4072dd98
android.widget.TextView: Diesel
android.view.View@4072e900
android.view.View@40731630
android.view.View@4071b8e0
android.widget.LinearLayout@4071baa8
android.widget.RelativeLayout@4071bd70
android.widget.ImageView@40722780
android.widget.TextView: Reload
android.widget.RelativeLayout@40726600
android.widget.ImageView@40729940
android.widget.TextView: Sort By Price
android.widget.RelativeLayout@4072ce60
android.widget.ImageView@40730230
android.widget.TextView: Map View
android.view.View@40733a50
gbis.gbandroid.views.layouts.CustomListView@40736bc0
android.widget.TableLayout@406aa360
android.widget.TableRow@406fc368
android.widget.RelativeLayout@407854d0
android.widget.RelativeLayout@405bcb88
android.widget.TextView: --
android.widget.TextView: 9
android.widget.TextView: 50 minutes ago
android.widget.TextView: Report Price
android.widget.RelativeLayout@406bbf10
android.widget.ImageView@4069d3b0
android.widget.TextView: Shell
android.widget.TextView: 724 Nursery Rd & Fairview Ave
android.widget.TextView: Linthicum, MD
android.widget.TextView: 2.78 mi
android.widget.TableLayout@40725188
android.widget.TableRow@405e4900
android.widget.RelativeLayout@4061aa88
android.widget.RelativeLayout@406329e8
android.widget.TextView: --
android.widget.TextView: 9
android.widget.TextView: 1 hour ago
android.widget.TextView: Report Price
android.widget.RelativeLayout@40724da8
android.widget.ImageView@40731d90
android.widget.TextView: CITGO
android.widget.TextView: 722 Hammonds Ferry Rd & Nursery Rd
android.widget.TextView: Linthicum, MD
android.widget.TextView: 2.79 mi
android.widget.TableLayout@4054fb10
android.widget.TableRow@4050c2d0
android.widget.RelativeLayout@40558368
android.widget.RelativeLayout@4057c900
android.widget.TextView: --
android.widget.TextView: 9
android.widget.TextView: time
android.widget.TextView: Report Price
android.widget.RelativeLayout@4057f538
android.widget.ImageView@40517ee0
android.widget.TextView: BP
android.widget.TextView: 816 Nursery Rd & N Hammonds Ferry Rd
android.widget.TextView: Linthicum, MD
android.widget.TextView: 2.82 mi
android.widget.TableLayout@4057c750
android.widget.TableRow@4058d788
android.widget.RelativeLayout@405e5550
android.widget.RelativeLayout@40601bb0
android.widget.TextView: 3.39
android.widget.TextView: 9
android.widget.TextView: 1 hour ago
android.widget.TextView: Update
android.widget.RelativeLayout@40604790
android.widget.ImageView@4055b2e8
android.widget.TextView: Shell
android.widget.TextView: 7845 Quarterfield Rd & Parke West Dr
android.widget.TextView: Glen Burnie, MD
android.widget.TextView: 2.93 mi
android.widget.TableLayout@4057f388
android.widget.TableRow@405bdc30
android.widget.RelativeLayout@406073c0
android.widget.RelativeLayout@40612d68
android.widget.TextView: 3.37
android.widget.TextView: 9
android.widget.TextView: 25 minutes ago
android.widget.TextView: Update
android.widget.RelativeLayout@406159b0
android.widget.ImageView@405938a0
android.widget.TextView: CITGO
android.widget.TextView: 7800 Parke West Dr & Quarterfield Rd
android.widget.TextView: Glen Burnie, MD
android.widget.TextView: 2.96 mi
android.widget.RelativeLayout@40624548
android.widget.FrameLayout@4070af08
android.widget.RelativeLayout@4070e5d8
android.widget.LinearLayout@407117b0
android.view.View@40731510
android.widget.RelativeLayout@40719bc8
android.widget.TextView: Regular
android.view.View@4071dac0
android.view.View@40731168
android.widget.RelativeLayout@4071dcd0
android.widget.TextView: Midgrade
android.view.View@40720cc0
android.view.View@407312b0
android.widget.RelativeLayout@40720eb0
android.widget.TextView: Premium
android.view.View@4072dbc0
android.view.View@407313e0
android.widget.RelativeLayout@4072dd98
android.widget.TextView: Diesel
android.view.View@4072e900
android.view.View@40731630
android.view.View@4071b8e0
android.widget.LinearLayout@4071baa8
android.widget.RelativeLayout@4071bd70
android.widget.ImageView@40722780
android.widget.TextView: Reload
android.widget.RelativeLayout@40726600
android.widget.ImageView@40729940
android.widget.TextView: Sort By Price
android.widget.RelativeLayout@4072ce60
android.widget.ImageView@40730230
android.widget.TextView: Map View
android.view.View@40733a50
gbis.gbandroid.views.layouts.CustomListView@40736bc0
android.widget.TableLayout@4057f388
android.widget.TableRow@405bdc30
android.widget.RelativeLayout@406073c0
android.widget.RelativeLayout@40612d68
android.widget.TextView: 3.37
android.widget.TextView: 9
android.widget.TextView: 25 minutes ago
android.widget.TextView: Update
android.widget.RelativeLayout@406159b0
android.widget.ImageView@405938a0
android.widget.TextView: CITGO
android.widget.TextView: 7800 Parke West Dr & Quarterfield Rd
android.widget.TextView: Glen Burnie, MD
android.widget.TextView: 2.96 mi
android.widget.TableLayout@405625f8
android.widget.TableRow@405a0160
android.widget.RelativeLayout@40582110
android.widget.RelativeLayout@405d5028
android.widget.TextView: 3.35
android.widget.TextView: 9
android.widget.TextView: 1 hour ago
android.widget.TextView: Update
android.widget.RelativeLayout@405fefa0
android.widget.ImageView@4054d4e0
android.widget.TextView: RM Service Center
android.widget.TextView: 720 Aquahart Rd & Greenway Rd SE
android.widget.TextView: Glen Burnie, MD
android.widget.TextView: 3.06 mi
android.widget.TableLayout@405db130
android.widget.TableRow@405bea58
android.widget.RelativeLayout@4064e7c8
android.widget.RelativeLayout@40675960
android.widget.TextView: 3.23
android.widget.TextView: 9
android.widget.TextView: 1 hour ago
android.widget.TextView: Update
android.widget.RelativeLayout@4068c220
android.widget.ImageView@405a2098
android.widget.TextView: Atomoco
android.widget.TextView: 7444 E Furnace Branch & Biddle Rd
android.widget.TextView: Glen Burnie, MD
android.widget.TextView: 3.19 mi
android.widget.TableLayout@405e76d8
android.widget.TableRow@405e0ee0
android.widget.RelativeLayout@4068c3d8
android.widget.RelativeLayout@4068c9a8
android.widget.TextView: 3.39
android.widget.TextView: 9
android.widget.TextView: 8 hours ago
android.widget.TextView: Update
android.widget.RelativeLayout@40691a78
android.widget.ImageView@405b2da0
android.widget.TextView: Sunoco
android.widget.TextView: 5731 Ritchie  Hwy & Walton Ave
android.widget.TextView: Brooklyn Park, MD
android.widget.TextView: 3.19 mi
android.widget.TableLayout@40601a08
android.widget.TableRow@405e5028
android.widget.RelativeLayout@406946a8
android.widget.RelativeLayout@40697288
android.widget.TextView: 3.39
android.widget.TextView: 9
android.widget.TextView: 6 hours ago
android.widget.TextView: Update
android.widget.RelativeLayout@40697eb0
android.widget.ImageView@405d4ab8
android.widget.TextView: Sunoco
android.widget.TextView: 7448 E Furnace Branch Rd & Biddle Rd
android.widget.TextView: Glen Burnie, MD
android.widget.TextView: 3.22 mi
android.widget.RelativeLayout@40624548
android.widget.FrameLayout@4070af08
android.widget.RelativeLayout@4070e5d8
android.widget.LinearLayout@407117b0
android.view.View@40731510
android.widget.RelativeLayout@40719bc8
android.widget.TextView: Regular
android.view.View@4071dac0
android.view.View@40731168
android.widget.RelativeLayout@4071dcd0
android.widget.TextView: Midgrade
android.view.View@40720cc0
android.view.View@407312b0
android.widget.RelativeLayout@40720eb0
android.widget.TextView: Premium
android.view.View@4072dbc0
android.view.View@407313e0
android.widget.RelativeLayout@4072dd98
android.widget.TextView: Diesel
android.view.View@4072e900
android.view.View@40731630
android.view.View@4071b8e0
android.widget.LinearLayout@4071baa8
android.widget.RelativeLayout@4071bd70
android.widget.ImageView@40722780
android.widget.TextView: Reload
android.widget.RelativeLayout@40726600
android.widget.ImageView@40729940
android.widget.TextView: Sort By Price
android.widget.RelativeLayout@4072ce60
android.widget.ImageView@40730230
android.widget.TextView: Map View
android.view.View@40733a50
gbis.gbandroid.views.layouts.CustomListView@40736bc0
android.widget.TableLayout@40601a08
android.widget.TableRow@405e5028
android.widget.RelativeLayout@406946a8
android.widget.RelativeLayout@40697288
android.widget.TextView: 3.39
android.widget.TextView: 9
android.widget.TextView: 6 hours ago
android.widget.TextView: Update
android.widget.RelativeLayout@40697eb0
android.widget.ImageView@405d4ab8
android.widget.TextView: Sunoco
android.widget.TextView: 7448 E Furnace Branch Rd & Biddle Rd
android.widget.TextView: Glen Burnie, MD
android.widget.TextView: 3.22 mi
android.widget.TableLayout@4057c750
android.widget.TableRow@4058d788
android.widget.RelativeLayout@405e5550
android.widget.RelativeLayout@40601bb0
android.widget.TextView: 3.33
android.widget.TextView: 9
android.widget.TextView: 1 hour ago
android.widget.TextView: Update
android.widget.RelativeLayout@40604790
android.widget.ImageView@4055b2e8
android.widget.TextView: Gulf
android.widget.TextView: 7639 Baltimore Annapolis Blvd & Pillsbury Pl
android.widget.TextView: Glen Burnie, MD
android.widget.TextView: 3.24 mi
android.widget.TableLayout@406614a8
android.widget.TableRow@406cdca0
android.widget.RelativeLayout@406aa1b0
android.widget.RelativeLayout@40773bb8
android.widget.TextView: 3.49
android.widget.TextView: 9
android.widget.TextView: 6 hours ago
android.widget.TextView: Update
android.widget.RelativeLayout@405ac130
android.widget.ImageView@405cd5f0
android.widget.TextView: Shell
android.widget.TextView: 345 Hospital Dr & Crain Hwy
android.widget.TextView: Glen Burnie, MD
android.widget.TextView: 3.25 mi
android.widget.TableLayout@405eac68
android.widget.TableRow@406b6378
android.widget.RelativeLayout@40706b08
android.widget.RelativeLayout@40708128
android.widget.TextView: 3.27
android.widget.TextView: 9
android.widget.TextView: 19 hours ago
android.widget.TextView: Update
android.widget.RelativeLayout@406be498
android.widget.ImageView@40627be8
android.widget.TextView: Costco
android.widget.TextView: 575  E Ordnance Rd & MD-10
android.widget.TextView: Glen Burnie, MD
android.widget.TextView: 3.26 mi
android.widget.TableLayout@406d4450
android.widget.TableRow@406c3090
android.widget.RelativeLayout@40780fc0
android.widget.RelativeLayout@40581348
android.widget.TextView: 3.29
android.widget.TextView: 9
android.widget.TextView: 2 hours ago
android.widget.TextView: Update
android.widget.RelativeLayout@4069bdc8
android.widget.ImageView@4050cdb8
android.widget.TextView: Gulf
android.widget.TextView: 5701 Ritchie Hwy & Church St 
android.widget.TextView: Brooklyn Park, MD
android.widget.TextView: 3.28 mi
android.widget.RelativeLayout@40624548
android.widget.FrameLayout@4070af08
android.widget.RelativeLayout@4070e5d8
android.widget.LinearLayout@407117b0
android.view.View@40731510
android.widget.RelativeLayout@40719bc8
android.widget.TextView: Regular
android.view.View@4071dac0
android.view.View@40731168
android.widget.RelativeLayout@4071dcd0
android.widget.TextView: Midgrade
android.view.View@40720cc0
android.view.View@407312b0
android.widget.RelativeLayout@40720eb0
android.widget.TextView: Premium
android.view.View@4072dbc0
android.view.View@407313e0
android.widget.RelativeLayout@4072dd98
android.widget.TextView: Diesel
android.view.View@4072e900
android.view.View@40731630
android.view.View@4071b8e0
android.widget.LinearLayout@4071baa8
android.widget.RelativeLayout@4071bd70
android.widget.ImageView@40722780
android.widget.TextView: Reload
android.widget.RelativeLayout@40726600
android.widget.ImageView@40729940
android.widget.TextView: Sort By Price
android.widget.RelativeLayout@4072ce60
android.widget.ImageView@40730230
android.widget.TextView: Map View
android.view.View@40733a50
gbis.gbandroid.views.layouts.CustomListView@40736bc0
android.widget.TableLayout@406d4450
android.widget.TableRow@406c3090
android.widget.RelativeLayout@40780fc0
android.widget.RelativeLayout@40581348
android.widget.TextView: 3.29
android.widget.TextView: 9
android.widget.TextView: 2 hours ago
android.widget.TextView: Update
android.widget.RelativeLayout@4069bdc8
android.widget.ImageView@4050cdb8
android.widget.TextView: Gulf
android.widget.TextView: 5701 Ritchie Hwy & Church St 
android.widget.TextView: Brooklyn Park, MD
android.widget.TextView: 3.28 mi
android.widget.TableLayout@405e76d8
android.widget.TableRow@405e0ee0
android.widget.RelativeLayout@4068c3d8
android.widget.RelativeLayout@4068c9a8
android.widget.TextView: 3.39
android.widget.TextView: 9
android.widget.TextView: 21 hours ago
android.widget.TextView: Update
android.widget.RelativeLayout@40691a78
android.widget.ImageView@405b2da0
android.widget.TextView: Shell
android.widget.TextView: 5640 Ritchie Hwy & Church St
android.widget.TextView: Brooklyn Park, MD
android.widget.TextView: 3.29 mi
android.widget.TableLayout@40601788
android.widget.TableRow@406042c8
android.widget.RelativeLayout@40627190
android.widget.RelativeLayout@40691348
android.widget.TextView: 3.39
android.widget.TextView: 9
android.widget.TextView: 21 hours ago
android.widget.TextView: Update
android.widget.RelativeLayout@406a4728
android.widget.ImageView@406a4ae0
android.widget.TextView: American
android.widget.TextView: 5502 Ritchie Hwy & 16th Ave
android.widget.TextView: Brooklyn Park, MD
android.widget.TextView: 3.37 mi
android.widget.TableLayout@4057e738
android.widget.TableRow@40696d10
android.widget.RelativeLayout@4079c838
android.widget.RelativeLayout@406ac210
android.widget.TextView: --
android.widget.TextView: 9
android.widget.TextView: time
android.widget.TextView: Report Price
android.widget.RelativeLayout@405fdce8
android.widget.ImageView@4068a848
android.widget.TextView: Shell
android.widget.TextView: 1356 Dorsey Rd & Ridge Rd
android.widget.TextView: Hanover, MD
android.widget.TextView: 3.4 mi
android.widget.TableLayout@40734640
android.widget.TableRow@40735740
android.widget.RelativeLayout@4050acb0
android.widget.RelativeLayout@4073ac88
android.widget.TextView: 3.37
android.widget.TextView: 9
android.widget.TextView: 6 hours ago
android.widget.TextView: Update
android.widget.RelativeLayout@406f4f78
android.widget.ImageView@40689fd0
android.widget.TextView: Sunoco
android.widget.TextView: 327 Hospital Dr & Elvaton Rd
android.widget.TextView: Glen Burnie, MD
android.widget.TextView: 3.44 mi
android.widget.RelativeLayout@40624548
