android.widget.FrameLayout@4062ffe0
android.widget.RelativeLayout@40630aa0
android.widget.LinearLayout@40630e98
android.widget.LinearLayout@406311d0
android.widget.LinearLayout@40645ca0
android.widget.RelativeLayout@40646930
android.widget.LinearLayout@40647230
android.widget.LinearLayout@40647520
android.widget.ImageView@406477a8
android.widget.TextView: Local Listings
android.widget.RelativeLayout@406485b8
android.widget.Button: Map
android.widget.ViewFlipper@40648f18
android.widget.FrameLayout@40649258
android.widget.RelativeLayout@406494c0
android.widget.TextView: Pharmacy Results
android.widget.LinearLayout@4064a160
android.widget.ProgressBar@4064a438
android.widget.ListView@4064aa38
android.widget.RelativeLayout@4050d9a8
android.widget.ImageView@4050b360
android.widget.TextView: Walmart Pharmacy #421
android.widget.TextView: 800 S US Hwy 81287
android.widget.TextView: Decatur,TX 76234
android.widget.TextView: 1.3Miles
android.widget.RelativeLayout@4060d7f0
android.widget.ImageView@405ebbb0
android.widget.TextView: S And J Pharmacy
android.widget.TextView: 1101 W Eagle Dr Ste 
android.widget.TextView: Decatur,TX 76234
android.widget.TextView: 2.2Miles
android.widget.RelativeLayout@40645e40
android.widget.ImageView@406461e0
android.widget.TextView: Solaris Pharmacy
android.widget.TextView: 2300 S Fm 51
android.widget.TextView: Decatur,TX 76234
android.widget.TextView: 2.3Miles
android.widget.RelativeLayout@40595070
android.widget.ImageView@40553cf0
android.widget.TextView: Renshaw Drug
android.widget.TextView: 800 Medical Center D
android.widget.TextView: Decatur,TX 76234
android.widget.TextView: 3.0Miles
android.widget.LinearLayout@4061ce40
android.widget.Button: Sort
android.widget.RelativeLayout@4061dc88
com.google.android.maps.MapView@4061e990
android.widget.FrameLayout@4062ffe0
android.widget.RelativeLayout@40630aa0
android.widget.LinearLayout@40630e98
android.widget.LinearLayout@406311d0
android.widget.LinearLayout@40645ca0
android.widget.RelativeLayout@40646930
android.widget.LinearLayout@40647230
android.widget.LinearLayout@40647520
android.widget.ImageView@406477a8
android.widget.TextView: Local Listings
android.widget.RelativeLayout@406485b8
android.widget.Button: Map
android.widget.ViewFlipper@40648f18
android.widget.FrameLayout@40649258
android.widget.RelativeLayout@406494c0
android.widget.TextView: Pharmacy Results
android.widget.LinearLayout@4064a160
android.widget.ProgressBar@4064a438
android.widget.ListView@4064aa38
android.widget.RelativeLayout@40595070
android.widget.ImageView@40553cf0
android.widget.TextView: Renshaw Drug
android.widget.TextView: 800 Medical Center D
android.widget.TextView: Decatur,TX 76234
android.widget.TextView: 3.0Miles
android.widget.RelativeLayout@40602730
android.widget.ImageView@40611390
android.widget.TextView: Wise Regional Health Sys Phcy
android.widget.TextView: 609 Medical Center D
android.widget.TextView: Decatur,TX 76234
android.widget.TextView: 3.0Miles
android.widget.RelativeLayout@406153d8
android.widget.ImageView@4060a7e8
android.widget.TextView: Rhome Pharmacy
android.widget.TextView: 450 S Main St
android.widget.TextView: Rhome,TX 76078
android.widget.TextView: 6.7Miles
android.widget.RelativeLayout@40601aa0
android.widget.ImageView@40601e40
android.widget.TextView: IGA Medicine Store
android.widget.TextView: 200 W Rock Island Av
android.widget.TextView: Boyd,TX 76023
android.widget.TextView: 10.2Mile
android.widget.LinearLayout@4061ce40
android.widget.Button: Sort
android.widget.RelativeLayout@4061dc88
com.google.android.maps.MapView@4061e990
android.widget.FrameLayout@4062ffe0
android.widget.RelativeLayout@40630aa0
android.widget.LinearLayout@40630e98
android.widget.LinearLayout@406311d0
android.widget.LinearLayout@40645ca0
android.widget.RelativeLayout@40646930
android.widget.LinearLayout@40647230
android.widget.LinearLayout@40647520
android.widget.ImageView@406477a8
android.widget.TextView: Local Listings
android.widget.RelativeLayout@406485b8
android.widget.Button: Map
android.widget.ViewFlipper@40648f18
android.widget.FrameLayout@40649258
android.widget.RelativeLayout@406494c0
android.widget.TextView: Pharmacy Results
android.widget.LinearLayout@4064a160
android.widget.ProgressBar@4064a438
android.widget.ListView@4064aa38
android.widget.RelativeLayout@40601aa0
android.widget.ImageView@40601e40
android.widget.TextView: IGA Medicine Store
android.widget.TextView: 200 W Rock Island Av
android.widget.TextView: Boyd,TX 76023
android.widget.TextView: 10.2Mile
android.widget.RelativeLayout@4050d9a8
android.widget.ImageView@4050b360
android.widget.TextView: Valu-Rite Pharmacy
android.widget.TextView: 709 Woodrow Wilson R
android.widget.TextView: Bridgeport,TX 76426
android.widget.TextView: 12.5Mile
android.widget.RelativeLayout@4060d7f0
android.widget.ImageView@405ebbb0
android.widget.TextView: Brookshire's Pharmacy # 5
android.widget.TextView: 1203 US Highway 380
android.widget.TextView: Bridgeport,TX 76426
android.widget.TextView: 15.0Mile
android.widget.RelativeLayout@40645e40
android.widget.ImageView@406461e0
android.widget.TextView: Justin Pharmacy
android.widget.TextView: 120 W 4th St
android.widget.TextView: Justin,TX 76247
android.widget.TextView: 16.1Mile
android.widget.LinearLayout@4061ce40
android.widget.Button: Sort
android.widget.RelativeLayout@4061dc88
com.google.android.maps.MapView@4061e990
android.widget.FrameLayout@4062ffe0
android.widget.RelativeLayout@40630aa0
android.widget.LinearLayout@40630e98
android.widget.LinearLayout@406311d0
android.widget.LinearLayout@40645ca0
android.widget.RelativeLayout@40646930
android.widget.LinearLayout@40647230
android.widget.LinearLayout@40647520
android.widget.ImageView@406477a8
android.widget.TextView: Local Listings
android.widget.RelativeLayout@406485b8
android.widget.Button: Map
android.widget.ViewFlipper@40648f18
android.widget.FrameLayout@40649258
android.widget.RelativeLayout@406494c0
android.widget.TextView: Pharmacy Results
android.widget.LinearLayout@4064a160
android.widget.ProgressBar@4064a438
android.widget.ListView@4064aa38
android.widget.RelativeLayout@40645e40
android.widget.ImageView@406461e0
android.widget.TextView: Justin Pharmacy
android.widget.TextView: 120 W 4th St
android.widget.TextView: Justin,TX 76247
android.widget.TextView: 16.1Mile
android.widget.RelativeLayout@40595070
android.widget.ImageView@40553cf0
android.widget.TextView: S & J Pharmacy
android.widget.TextView: 900 E McCart St Ste 
android.widget.TextView: Krum,TX 76249
android.widget.TextView: 18.7Mile
android.widget.RelativeLayout@40602730
android.widget.ImageView@40611390
android.widget.TextView: Springtown Drug
android.widget.TextView: 117 E 1st St
android.widget.TextView: Springtown,TX 76082
android.widget.TextView: 19.2Mile
android.widget.RelativeLayout@406153d8
android.widget.ImageView@4060a7e8
android.widget.TextView: Brookshire's Pharmacy #126
android.widget.TextView: 500 E Highway 199
android.widget.TextView: Springtown,TX 76082
android.widget.TextView: 20.8Mile
android.widget.LinearLayout@4061ce40
android.widget.Button: Sort
android.widget.RelativeLayout@4061dc88
com.google.android.maps.MapView@4061e990
android.widget.FrameLayout@4062ffe0
android.widget.RelativeLayout@40630aa0
android.widget.LinearLayout@40630e98
android.widget.LinearLayout@406311d0
android.widget.LinearLayout@40645ca0
android.widget.RelativeLayout@40646930
android.widget.LinearLayout@40647230
android.widget.LinearLayout@40647520
android.widget.ImageView@406477a8
android.widget.TextView: Local Listings
android.widget.RelativeLayout@406485b8
android.widget.Button: Map
android.widget.ViewFlipper@40648f18
android.widget.FrameLayout@40649258
android.widget.RelativeLayout@406494c0
android.widget.TextView: Pharmacy Results
android.widget.LinearLayout@4064a160
android.widget.ProgressBar@4064a438
android.widget.ListView@4064aa38
android.widget.RelativeLayout@406153d8
android.widget.ImageView@4060a7e8
android.widget.TextView: Brookshire's Pharmacy #126
android.widget.TextView: 500 E Highway 199
android.widget.TextView: Springtown,TX 76082
android.widget.TextView: 20.8Mile
android.widget.RelativeLayout@40601aa0
android.widget.ImageView@40601e40
android.widget.TextView: Walgreens Pharmacy #9500
android.widget.TextView: 705 Boyd Rd
android.widget.TextView: Azle,TX 76020
android.widget.TextView: 22.1Mile
android.widget.RelativeLayout@4050d9a8
android.widget.ImageView@4050b360
android.widget.TextView: Walmart Pharmacy #5359
android.widget.TextView: 721 Boyd Rd
android.widget.TextView: Azle,TX 76020
android.widget.TextView: 22.1Mile
android.widget.RelativeLayout@4060d7f0
android.widget.ImageView@405ebbb0
android.widget.TextView: Albertson's Pharmacy #4290
android.widget.TextView: 480 Northwest Pkwy
android.widget.TextView: Azle,TX 76020
android.widget.TextView: 22.5Mile
android.widget.LinearLayout@4061ce40
android.widget.Button: Sort
android.widget.RelativeLayout@4061dc88
com.google.android.maps.MapView@4061e990
android.widget.FrameLayout@4062ffe0
android.widget.RelativeLayout@40630aa0
android.widget.LinearLayout@40630e98
android.widget.LinearLayout@406311d0
android.widget.LinearLayout@40645ca0
android.widget.RelativeLayout@40646930
android.widget.LinearLayout@40647230
android.widget.LinearLayout@40647520
android.widget.ImageView@406477a8
android.widget.TextView: Local Listings
android.widget.RelativeLayout@406485b8
android.widget.Button: Map
android.widget.ViewFlipper@40648f18
android.widget.FrameLayout@40649258
android.widget.RelativeLayout@406494c0
android.widget.TextView: Pharmacy Results
android.widget.LinearLayout@4064a160
android.widget.ProgressBar@4064a438
android.widget.ListView@4064aa38
android.widget.RelativeLayout@4060d7f0
android.widget.ImageView@405ebbb0
android.widget.TextView: Albertson's Pharmacy #4290
android.widget.TextView: 480 Northwest Pkwy
android.widget.TextView: Azle,TX 76020
android.widget.TextView: 22.5Mile
android.widget.RelativeLayout@40645e40
android.widget.ImageView@406461e0
android.widget.TextView: CVS Pharmacy #7467
android.widget.TextView: 460 Northwest Pkwy
android.widget.TextView: Azle,TX 76020
android.widget.TextView: 22.5Mile
android.widget.RelativeLayout@40595070
android.widget.ImageView@40553cf0
android.widget.TextView: Doyle Pharmacy
android.widget.TextView: 2509 Scripture St
android.widget.TextView: Denton,TX 76201
android.widget.TextView: 22.8Mile
android.widget.RelativeLayout@40602730
android.widget.ImageView@40611390
android.widget.TextView: Walmart Pharmacy #4627
android.widget.TextView: 2750 W University Dr
android.widget.TextView: Denton,TX 76201
android.widget.TextView: 22.8Mile
android.widget.LinearLayout@4061ce40
android.widget.Button: Sort
android.widget.RelativeLayout@4061dc88
com.google.android.maps.MapView@4061e990
android.widget.FrameLayout@4062ffe0
android.widget.RelativeLayout@40630aa0
android.widget.LinearLayout@40630e98
android.widget.LinearLayout@406311d0
android.widget.LinearLayout@40645ca0
android.widget.RelativeLayout@40646930
android.widget.LinearLayout@40647230
android.widget.LinearLayout@40647520
android.widget.ImageView@406477a8
android.widget.TextView: Local Listings
android.widget.RelativeLayout@406485b8
android.widget.Button: Map
android.widget.ViewFlipper@40648f18
android.widget.FrameLayout@40649258
android.widget.RelativeLayout@406494c0
android.widget.TextView: Pharmacy Results
android.widget.LinearLayout@4064a160
android.widget.ProgressBar@4064a438
android.widget.ListView@4064aa38
android.widget.RelativeLayout@40602730
android.widget.ImageView@40611390
android.widget.TextView: Walmart Pharmacy #4627
android.widget.TextView: 2750 W University Dr
android.widget.TextView: Denton,TX 76201
android.widget.TextView: 22.8Mile
android.widget.RelativeLayout@406153d8
android.widget.ImageView@4060a7e8
android.widget.TextView: Denton Prescription Shop
android.widget.TextView: 2501 W Oak St
android.widget.TextView: Denton,TX 76201
android.widget.TextView: 22.9Mile
android.widget.RelativeLayout@40601aa0
android.widget.ImageView@40601e40
android.widget.TextView: Brookshire's Pharmacy #125
android.widget.TextView: 511 N Stewart St
android.widget.TextView: Azle,TX 76020
android.widget.TextView: 23.0Mile
android.widget.RelativeLayout@4050d9a8
android.widget.ImageView@4050b360
android.widget.TextView: Denton Presby Hospital Phcy
android.widget.TextView: 3000 N Interstate 35
android.widget.TextView: Denton,TX 76201
android.widget.TextView: 23.0Mile
android.widget.LinearLayout@4061ce40
android.widget.Button: Sort
android.widget.RelativeLayout@4061dc88
com.google.android.maps.MapView@4061e990
android.widget.FrameLayout@4062ffe0
android.widget.RelativeLayout@40630aa0
android.widget.LinearLayout@40630e98
android.widget.LinearLayout@406311d0
android.widget.LinearLayout@40645ca0
android.widget.RelativeLayout@40646930
android.widget.LinearLayout@40647230
android.widget.LinearLayout@40647520
android.widget.ImageView@406477a8
android.widget.TextView: Local Listings
android.widget.RelativeLayout@406485b8
android.widget.Button: Map
android.widget.ViewFlipper@40648f18
android.widget.FrameLayout@40649258
android.widget.RelativeLayout@406494c0
android.widget.TextView: Pharmacy Results
android.widget.LinearLayout@4064a160
android.widget.ProgressBar@4064a438
android.widget.ListView@4064aa38
android.widget.RelativeLayout@4050d9a8
android.widget.ImageView@4050b360
android.widget.TextView: Denton Presby Hospital Phcy
android.widget.TextView: 3000 N Interstate 35
android.widget.TextView: Denton,TX 76201
android.widget.TextView: 23.0Mile
android.widget.RelativeLayout@4060d7f0
android.widget.ImageView@405ebbb0
android.widget.TextView: Murr's Medicine Chest
android.widget.TextView: 232 W Main St
android.widget.TextView: Azle,TX 76020
android.widget.TextView: 23.0Mile
android.widget.RelativeLayout@40645e40
android.widget.ImageView@406461e0
android.widget.TextView: Presbyterian Hospital Pharmacy
android.widget.TextView: 3000 N Interstate 35
android.widget.TextView: Denton,TX 76201
android.widget.TextView: 23.0Mile
android.widget.RelativeLayout@40595070
android.widget.ImageView@40553cf0
android.widget.TextView: Albertsons Savon Pharmacy #4152
android.widget.TextView: 2321 W University Dr
android.widget.TextView: Denton,TX 76201
android.widget.TextView: 23.1Mile
android.widget.LinearLayout@4061ce40
android.widget.Button: Sort
android.widget.RelativeLayout@4061dc88
com.google.android.maps.MapView@4061e990
android.widget.FrameLayout@4062ffe0
android.widget.RelativeLayout@40630aa0
android.widget.LinearLayout@40630e98
android.widget.LinearLayout@406311d0
android.widget.LinearLayout@40645ca0
android.widget.RelativeLayout@40646930
android.widget.LinearLayout@40647230
android.widget.LinearLayout@40647520
android.widget.ImageView@406477a8
android.widget.TextView: Local Listings
android.widget.RelativeLayout@406485b8
android.widget.Button: Map
android.widget.ViewFlipper@40648f18
android.widget.FrameLayout@40649258
android.widget.RelativeLayout@406494c0
android.widget.TextView: Pharmacy Results
android.widget.LinearLayout@4064a160
android.widget.ProgressBar@4064a438
android.widget.ListView@4064aa38
android.widget.RelativeLayout@40595070
android.widget.ImageView@40553cf0
android.widget.TextView: Albertsons Savon Pharmacy #4152
android.widget.TextView: 2321 W University Dr
android.widget.TextView: Denton,TX 76201
android.widget.TextView: 23.1Mile
android.widget.RelativeLayout@40602730
android.widget.ImageView@40611390
android.widget.TextView: TX Health Harris Methodist Azle
android.widget.TextView: 108 Denver Trl
android.widget.TextView: Azle,TX 76020
android.widget.TextView: 23.8Mile
android.widget.RelativeLayout@406153d8
android.widget.ImageView@4060a7e8
android.widget.TextView: University Of North Texas Phcy
android.widget.TextView: 1800 W Chestnut St
android.widget.TextView: Denton,TX 76201
android.widget.TextView: 24.0Mile
android.widget.RelativeLayout@40601aa0
android.widget.ImageView@40601e40
android.widget.TextView: S & J Pharmacy
android.widget.TextView: 801 W Chapman Dr
android.widget.TextView: Sanger,TX 76266
android.widget.TextView: 24.2Mile
android.widget.LinearLayout@4061ce40
android.widget.Button: Sort
android.widget.RelativeLayout@4061dc88
com.google.android.maps.MapView@4061e990
android.widget.FrameLayout@4062ffe0
android.widget.RelativeLayout@40630aa0
android.widget.LinearLayout@40630e98
android.widget.LinearLayout@406311d0
android.widget.LinearLayout@40645ca0
android.widget.RelativeLayout@40646930
android.widget.LinearLayout@40647230
android.widget.LinearLayout@40647520
android.widget.ImageView@406477a8
android.widget.TextView: Local Listings
android.widget.RelativeLayout@406485b8
android.widget.Button: Map
android.widget.ViewFlipper@40648f18
android.widget.FrameLayout@40649258
android.widget.RelativeLayout@406494c0
android.widget.TextView: Pharmacy Results
android.widget.LinearLayout@4064a160
android.widget.ProgressBar@4064a438
android.widget.ListView@4064aa38
android.widget.RelativeLayout@40601aa0
android.widget.ImageView@40601e40
android.widget.TextView: S & J Pharmacy
android.widget.TextView: 801 W Chapman Dr
android.widget.TextView: Sanger,TX 76266
android.widget.TextView: 24.2Mile
android.widget.RelativeLayout@4050d9a8
android.widget.ImageView@4050b360
android.widget.TextView: Drug Emporium Pharmacy #101
android.widget.TextView: 824 W University Dr
android.widget.TextView: Denton,TX 76201
android.widget.TextView: 24.3Mile
android.widget.RelativeLayout@4060d7f0
android.widget.ImageView@405ebbb0
android.widget.TextView: Kroger Pharmacy #493
android.widget.TextView: 500 W University Dr
android.widget.TextView: Denton,TX 76201
android.widget.TextView: 24.4Mile
android.widget.RelativeLayout@40645e40
android.widget.ImageView@406461e0
android.widget.TextView: Walmart Pharmacy #5247
android.widget.TextView: 1228 N Highway 377
android.widget.TextView: Roanoke,TX 76262
android.widget.TextView: 24.5Mile
android.widget.LinearLayout@4061ce40
android.widget.Button: Sort
android.widget.RelativeLayout@4061dc88
com.google.android.maps.MapView@4061e990
android.widget.FrameLayout@4062ffe0
android.widget.RelativeLayout@40630aa0
android.widget.LinearLayout@40630e98
android.widget.LinearLayout@406311d0
android.widget.LinearLayout@40645ca0
android.widget.RelativeLayout@40646930
android.widget.LinearLayout@40647230
android.widget.LinearLayout@40647520
android.widget.ImageView@406477a8
android.widget.TextView: Local Listings
android.widget.RelativeLayout@406485b8
android.widget.Button: Map
android.widget.ViewFlipper@40648f18
android.widget.FrameLayout@40649258
android.widget.RelativeLayout@406494c0
android.widget.TextView: Pharmacy Results
android.widget.LinearLayout@4064a160
android.widget.ProgressBar@4064a438
android.widget.ListView@4064aa38
android.widget.RelativeLayout@40645e40
android.widget.ImageView@406461e0
android.widget.TextView: Walmart Pharmacy #5247
android.widget.TextView: 1228 N Highway 377
android.widget.TextView: Roanoke,TX 76262
android.widget.TextView: 24.5Mile
android.widget.RelativeLayout@40595070
android.widget.ImageView@40553cf0
android.widget.TextView: CVS Pharmacy #6856
android.widget.TextView: 116 W University Dr
android.widget.TextView: Denton,TX 76201
android.widget.TextView: 24.7Mile
android.widget.RelativeLayout@40602730
android.widget.ImageView@40611390
android.widget.TextView: Walgreens Pharmacy #5161
android.widget.TextView: 101 W University Dr
android.widget.TextView: Denton,TX 76201
android.widget.TextView: 24.7Mile
android.widget.RelativeLayout@406153d8
android.widget.ImageView@4060a7e8
android.widget.TextView: Savon Pharmacy #4149
android.widget.TextView: 1108 N Highway 377
android.widget.TextView: Roanoke,TX 76262
android.widget.TextView: 24.8Mile
android.widget.LinearLayout@4061ce40
android.widget.Button: Sort
android.widget.RelativeLayout@4061dc88
com.google.android.maps.MapView@4061e990
