android.widget.FrameLayout@40717848
android.widget.RelativeLayout@405e6b60
android.widget.LinearLayout@405865e0
android.view.View@406e6c50
android.widget.RelativeLayout@406be438
android.widget.TextView: Regular
android.view.View@406cbf60
android.view.View@406e3a28
android.widget.RelativeLayout@406cc170
android.widget.TextView: Midgrade
android.view.View@406d2a80
android.view.View@406e3b88
android.widget.RelativeLayout@406d6218
android.widget.TextView: Premium
android.view.View@406d99f0
android.view.View@406e3cb8
android.widget.RelativeLayout@406d9be0
android.widget.TextView: Diesel
android.view.View@406e3708
android.view.View@406e6d70
android.view.View@4051c860
android.widget.LinearLayout@40561670
android.widget.RelativeLayout@4058ec28
android.widget.ImageView@405df8e0
android.widget.TextView: Reload
android.widget.RelativeLayout@40550c60
android.widget.ImageView@405f2890
android.widget.TextView: Sort By Price
android.widget.RelativeLayout@40673d20
android.widget.ImageView@405863a0
android.widget.TextView: Map View
android.view.View@4064ec18
gbis.gbandroid.views.layouts.CustomListView@4068a250
android.widget.RelativeLayout@406cd148
com.google.ads.AdView@406e4a20
android.gesture.GestureOverlayView@40712ad0
android.widget.FrameLayout@406ee998
com.google.ads.internal.AdWebView@407098a8
android.widget.TableLayout@40735420
android.widget.TableRow@407359f0
android.widget.RelativeLayout@407360b0
android.widget.RelativeLayout@40736488
android.widget.TextView: 4.09
android.widget.TextView: 9
android.widget.TextView: 3 hours ago
android.widget.TextView: Update
android.widget.RelativeLayout@40737c98
android.widget.ImageView@40738070
android.widget.TextView: BP
android.widget.TextView: 4201 Webster Ave & E 233rd St
android.widget.TextView: Bronx, NY
android.widget.TextView: 0.07 mi
android.widget.TableLayout@4072df40
android.widget.TableRow@4072e510
android.widget.RelativeLayout@4072ebd0
android.widget.RelativeLayout@4072efa8
android.widget.TextView: 3.87
android.widget.TextView: 9
android.widget.TextView: 8 hours ago
android.widget.TextView: Update
android.widget.RelativeLayout@407307b8
android.widget.ImageView@40730b90
android.widget.TextView: Hess
android.widget.TextView: 285 E 233rd St & Katonah Ave
android.widget.TextView: Bronx, NY
android.widget.TextView: 0.13 mi
android.widget.TableLayout@40707b40
android.widget.TableRow@4070a5e0
android.widget.RelativeLayout@4070aca0
android.widget.RelativeLayout@4070b078
android.widget.TextView: 4.39
android.widget.TextView: 9
android.widget.TextView: 3 hours ago
android.widget.TextView: Update
android.widget.RelativeLayout@407111a8
android.widget.ImageView@40711580
android.widget.TextView: Ultimate
android.widget.TextView: 4220 Bronx Blvd & 233rd St
android.widget.TextView: Bronx, NY
android.widget.TextView: 0.22 mi
android.widget.TableLayout@406e9688
android.widget.TableRow@406ec2b0
android.widget.RelativeLayout@406ef698
android.widget.RelativeLayout@406efb48
android.widget.TextView: 3.89
android.widget.TextView: 9
android.widget.TextView: 3 hours ago
android.widget.TextView: Update
android.widget.RelativeLayout@406f37e0
android.widget.ImageView@406f5ee8
android.widget.TextView: Hess
android.widget.TextView: 610 Nereid Ave & Bronx Blvd
android.widget.TextView: Bronx, NY
android.widget.TextView: 0.46 mi
android.widget.RelativeLayout@406c6380
android.widget.FrameLayout@40717848
android.widget.RelativeLayout@405e6b60
android.widget.LinearLayout@405865e0
android.view.View@406e6c50
android.widget.RelativeLayout@406be438
android.widget.TextView: Regular
android.view.View@406cbf60
android.view.View@406e3a28
android.widget.RelativeLayout@406cc170
android.widget.TextView: Midgrade
android.view.View@406d2a80
android.view.View@406e3b88
android.widget.RelativeLayout@406d6218
android.widget.TextView: Premium
android.view.View@406d99f0
android.view.View@406e3cb8
android.widget.RelativeLayout@406d9be0
android.widget.TextView: Diesel
android.view.View@406e3708
android.view.View@406e6d70
android.view.View@4051c860
android.widget.LinearLayout@40561670
android.widget.RelativeLayout@4058ec28
android.widget.ImageView@405df8e0
android.widget.TextView: Reload
android.widget.RelativeLayout@40550c60
android.widget.ImageView@405f2890
android.widget.TextView: Sort By Price
android.widget.RelativeLayout@40673d20
android.widget.ImageView@405863a0
android.widget.TextView: Map View
android.view.View@4064ec18
gbis.gbandroid.views.layouts.CustomListView@4068a250
android.widget.TableLayout@406e9688
android.widget.TableRow@406ec2b0
android.widget.RelativeLayout@406ef698
android.widget.RelativeLayout@406efb48
android.widget.TextView: 3.89
android.widget.TextView: 9
android.widget.TextView: 3 hours ago
android.widget.TextView: Update
android.widget.RelativeLayout@406f37e0
android.widget.ImageView@406f5ee8
android.widget.TextView: Hess
android.widget.TextView: 610 Nereid Ave & Bronx Blvd
android.widget.TextView: Bronx, NY
android.widget.TextView: 0.46 mi
android.widget.TableLayout@407a6eb0
android.widget.TableRow@407a7480
android.widget.RelativeLayout@407a7b40
android.widget.RelativeLayout@407a7f18
android.widget.TextView: 4.09
android.widget.TextView: 9
android.widget.TextView: 44 minutes ago
android.widget.TextView: Update
android.widget.RelativeLayout@407a9728
android.widget.ImageView@407a9b00
android.widget.TextView: Sunoco
android.widget.TextView: 931 McLean Ave & Kimball Ave
android.widget.TextView: Yonkers, NY
android.widget.TextView: 0.54 mi
android.widget.TableLayout@405502f8
android.widget.TableRow@405a11d8
android.widget.RelativeLayout@4054b600
android.widget.RelativeLayout@4056fa58
android.widget.TextView: 4.24
android.widget.TextView: 9
android.widget.TextView: 44 minutes ago
android.widget.TextView: Update
android.widget.RelativeLayout@4057efe0
android.widget.ImageView@4054d500
android.widget.TextView: 76
android.widget.TextView: 920 Mclean Ave & Kimball Ave
android.widget.TextView: Yonkers, NY
android.widget.TextView: 0.6 mi
android.widget.TableLayout@4057c228
android.widget.TableRow@405bdc78
android.widget.RelativeLayout@40581bd0
android.widget.RelativeLayout@405adbe8
android.widget.TextView: --
android.widget.TextView: 9
android.widget.TextView: time
android.widget.TextView: Report Price
android.widget.RelativeLayout@405b9d50
android.widget.ImageView@405543e0
android.widget.TextView: BP
android.widget.TextView: 1 East 233rd St & Van Cortlandt Park E
android.widget.TextView: Bronx, NY
android.widget.TextView: 0.61 mi
android.widget.TableLayout@4057ec90
android.widget.TableRow@405be4f8
android.widget.RelativeLayout@405ff210
android.widget.RelativeLayout@40601e38
android.widget.TextView: 3.70
android.widget.TextView: 9
android.widget.TextView: 2 hours ago
android.widget.TextView: Update
android.widget.RelativeLayout@40604460
android.widget.ImageView@405b3f58
android.widget.TextView: Shell
android.widget.TextView: 836 East 233rd St & Bussing Ave
android.widget.TextView: Bronx, NY
android.widget.TextView: 0.67 mi
android.widget.RelativeLayout@406c6380
android.widget.FrameLayout@40717848
android.widget.RelativeLayout@405e6b60
android.widget.LinearLayout@405865e0
android.view.View@406e6c50
android.widget.RelativeLayout@406be438
android.widget.TextView: Regular
android.view.View@406cbf60
android.view.View@406e3a28
android.widget.RelativeLayout@406cc170
android.widget.TextView: Midgrade
android.view.View@406d2a80
android.view.View@406e3b88
android.widget.RelativeLayout@406d6218
android.widget.TextView: Premium
android.view.View@406d99f0
android.view.View@406e3cb8
android.widget.RelativeLayout@406d9be0
android.widget.TextView: Diesel
android.view.View@406e3708
android.view.View@406e6d70
android.view.View@4051c860
android.widget.LinearLayout@40561670
android.widget.RelativeLayout@4058ec28
android.widget.ImageView@405df8e0
android.widget.TextView: Reload
android.widget.RelativeLayout@40550c60
android.widget.ImageView@405f2890
android.widget.TextView: Sort By Price
android.widget.RelativeLayout@40673d20
android.widget.ImageView@405863a0
android.widget.TextView: Map View
android.view.View@4064ec18
gbis.gbandroid.views.layouts.CustomListView@4068a250
android.widget.TableLayout@40584418
android.widget.TableRow@406c2408
android.widget.RelativeLayout@4062bbd0
android.widget.RelativeLayout@4062c2d0
android.widget.TextView: 3.70
android.widget.TextView: 9
android.widget.TextView: 2 hours ago
android.widget.TextView: Update
android.widget.RelativeLayout@40631370
android.widget.ImageView@40752100
android.widget.TextView: Shell
android.widget.TextView: 836 East 233rd St & Bussing Ave
android.widget.TextView: Bronx, NY
android.widget.TextView: 0.67 mi
android.widget.TableLayout@40581a20
android.widget.TableRow@406b4598
android.widget.RelativeLayout@40624b00
android.widget.RelativeLayout@40627288
android.widget.TextView: 4.09
android.widget.TextView: 9
android.widget.TextView: 44 minutes ago
android.widget.TextView: Update
android.widget.RelativeLayout@40628f88
android.widget.ImageView@4069f1c0
android.widget.TextView: Delta
android.widget.TextView: 109 Bronx River Rd & New Place
android.widget.TextView: Yonkers, NY
android.widget.TextView: 0.69 mi
android.widget.TableLayout@40581878
android.widget.TableRow@406710d8
android.widget.RelativeLayout@406107f8
android.widget.RelativeLayout@40615f68
android.widget.TextView: 4.19
android.widget.TextView: 9
android.widget.TextView: 44 minutes ago
android.widget.TextView: Update
android.widget.RelativeLayout@4061e6f0
android.widget.ImageView@40638508
android.widget.TextView: BP
android.widget.TextView: 856 McLean Ave & Harding Ave
android.widget.TextView: Yonkers, NY
android.widget.TextView: 0.72 mi
android.widget.TableLayout@4057ee38
android.widget.TableRow@40661be0
android.widget.RelativeLayout@40604a50
android.widget.RelativeLayout@4060a880
android.widget.TextView: --
android.widget.TextView: 9
android.widget.TextView: 44 minutes ago
android.widget.TextView: Report Price
android.widget.RelativeLayout@4060c5d8
android.widget.ImageView@405f1350
android.widget.TextView: Shell
android.widget.TextView: 143 Bronx River Rd & Wakefield Ave
android.widget.TextView: Yonkers, NY
android.widget.TextView: 0.78 mi
android.widget.TableLayout@4057ec90
android.widget.TableRow@405be4f8
android.widget.RelativeLayout@405ff210
android.widget.RelativeLayout@40601e38
android.widget.TextView: 3.99
android.widget.TextView: 9
android.widget.TextView: 17 hours ago
android.widget.TextView: Update
android.widget.RelativeLayout@40604460
android.widget.ImageView@405b3f58
android.widget.TextView: Gulf
android.widget.TextView: 70 Major Deegan Expwy & E 233rd St ramp
android.widget.TextView: Bronx, NY
android.widget.TextView: 0.87 mi
android.widget.RelativeLayout@406c6380
android.widget.FrameLayout@40717848
android.widget.RelativeLayout@405e6b60
android.widget.LinearLayout@405865e0
android.view.View@406e6c50
android.widget.RelativeLayout@406be438
android.widget.TextView: Regular
android.view.View@406cbf60
android.view.View@406e3a28
android.widget.RelativeLayout@406cc170
android.widget.TextView: Midgrade
android.view.View@406d2a80
android.view.View@406e3b88
android.widget.RelativeLayout@406d6218
android.widget.TextView: Premium
android.view.View@406d99f0
android.view.View@406e3cb8
android.widget.RelativeLayout@406d9be0
android.widget.TextView: Diesel
android.view.View@406e3708
android.view.View@406e6d70
android.view.View@4051c860
android.widget.LinearLayout@40561670
android.widget.RelativeLayout@4058ec28
android.widget.ImageView@405df8e0
android.widget.TextView: Reload
android.widget.RelativeLayout@40550c60
android.widget.ImageView@405f2890
android.widget.TextView: Sort By Price
android.widget.RelativeLayout@40673d20
android.widget.ImageView@405863a0
android.widget.TextView: Map View
android.view.View@4064ec18
gbis.gbandroid.views.layouts.CustomListView@4068a250
android.widget.TableLayout@4057ec90
android.widget.TableRow@405be4f8
android.widget.RelativeLayout@405ff210
android.widget.RelativeLayout@40601e38
android.widget.TextView: 3.99
android.widget.TextView: 9
android.widget.TextView: 17 hours ago
android.widget.TextView: Update
android.widget.RelativeLayout@40604460
android.widget.ImageView@405b3f58
android.widget.TextView: Gulf
android.widget.TextView: 70 Major Deegan Expwy & E 233rd St ramp
android.widget.TextView: Bronx, NY
android.widget.TextView: 0.87 mi
android.widget.TableLayout@40617940
android.widget.TableRow@40561e20
android.widget.RelativeLayout@4057c3d8
android.widget.RelativeLayout@40584770
android.widget.TextView: --
android.widget.TextView: 9
android.widget.TextView: time
android.widget.TextView: Report Price
android.widget.RelativeLayout@406133a0
android.widget.ImageView@405a0540
android.widget.TextView: Gulf
android.widget.TextView: 700 East 241st St & White Plains Rd
android.widget.TextView: Bronx, NY
android.widget.TextView: 0.91 mi
android.widget.TableLayout@40628dd8
android.widget.TableRow@4076dcb0
android.widget.RelativeLayout@40617af0
android.widget.RelativeLayout@4061bb88
android.widget.TextView: --
android.widget.TextView: 9
android.widget.TextView: time
android.widget.TextView: Report Price
android.widget.RelativeLayout@40624cb8
android.widget.ImageView@406a9f80
android.widget.TextView: Gulf
android.widget.TextView: 71 Major Deegan Expwy & Central Park Ave Ramp
android.widget.TextView: Bronx, NY
android.widget.TextView: 0.93 mi
android.widget.TableLayout@40642080
android.widget.TableRow@4066a8a8
android.widget.RelativeLayout@4062e768
android.widget.RelativeLayout@40637cb8
android.widget.TextView: 4.29
android.widget.TextView: 9
android.widget.TextView: 15 hours ago
android.widget.TextView: Update
android.widget.RelativeLayout@4063d618
android.widget.ImageView@40645970
android.widget.TextView: Gulf
android.widget.TextView: 641 E Gun Hill Rd & Olinville Ave
android.widget.TextView: Bronx, NY
android.widget.TextView: 1.25 mi
android.widget.TableLayout@4054cf18
android.widget.TableRow@405bca80
android.widget.RelativeLayout@40588e18
android.widget.RelativeLayout@4069fd30
android.widget.TextView: --
android.widget.TextView: 9
android.widget.TextView: time
android.widget.TextView: Report Price
android.widget.RelativeLayout@4062ba00
android.widget.ImageView@406f5ae8
android.widget.TextView: Shell
android.widget.TextView: 1217 East 233rd St & Baychester Ave
android.widget.TextView: Bronx, NY
android.widget.TextView: 1.27 mi
android.widget.RelativeLayout@406c6380
android.widget.FrameLayout@40717848
android.widget.RelativeLayout@405e6b60
android.widget.LinearLayout@405865e0
android.view.View@406e6c50
android.widget.RelativeLayout@406be438
android.widget.TextView: Regular
android.view.View@406cbf60
android.view.View@406e3a28
android.widget.RelativeLayout@406cc170
android.widget.TextView: Midgrade
android.view.View@406d2a80
android.view.View@406e3b88
android.widget.RelativeLayout@406d6218
android.widget.TextView: Premium
android.view.View@406d99f0
android.view.View@406e3cb8
android.widget.RelativeLayout@406d9be0
android.widget.TextView: Diesel
android.view.View@406e3708
android.view.View@406e6d70
android.view.View@4051c860
android.widget.LinearLayout@40561670
android.widget.RelativeLayout@4058ec28
android.widget.ImageView@405df8e0
android.widget.TextView: Reload
android.widget.RelativeLayout@40550c60
android.widget.ImageView@405f2890
android.widget.TextView: Sort By Price
android.widget.RelativeLayout@40673d20
android.widget.ImageView@405863a0
android.widget.TextView: Map View
android.view.View@4064ec18
gbis.gbandroid.views.layouts.CustomListView@4068a250
android.widget.TableLayout@4054cf18
android.widget.TableRow@405bca80
android.widget.RelativeLayout@40588e18
android.widget.RelativeLayout@4069fd30
android.widget.TextView: --
android.widget.TextView: 9
android.widget.TextView: time
android.widget.TextView: Report Price
android.widget.RelativeLayout@4062ba00
android.widget.ImageView@406f5ae8
android.widget.TextView: Shell
android.widget.TextView: 1217 East 233rd St & Baychester Ave
android.widget.TextView: Bronx, NY
android.widget.TextView: 1.27 mi
android.widget.TableLayout@40639220
android.widget.TableRow@406b6b20
android.widget.RelativeLayout@405f3880
android.widget.RelativeLayout@407173b8
android.widget.TextView: --
android.widget.TextView: 9
android.widget.TextView: time
android.widget.TextView: Report Price
android.widget.RelativeLayout@4054e450
android.widget.ImageView@40684678
android.widget.TextView: Getty
android.widget.TextView: 1220 E 233rd St & Baychester Ave
android.widget.TextView: Bronx, NY
android.widget.TextView: 1.27 mi
android.widget.TableLayout@40707ed0
android.widget.TableRow@405cbe20
android.widget.RelativeLayout@406c2848
android.widget.RelativeLayout@40630f18
android.widget.TextView: 4.89
android.widget.TextView: 9
android.widget.TextView: 15 hours ago
android.widget.TextView: Update
android.widget.RelativeLayout@4067baa0
android.widget.ImageView@40681b20
android.widget.TextView: Mobil
android.widget.TextView: 688 E Gun Hill Rd & Olinville Ave
android.widget.TextView: Bronx, NY
android.widget.TextView: 1.29 mi
android.widget.TableLayout@4063c400
android.widget.TableRow@406531e0
android.widget.RelativeLayout@4066fbe8
android.widget.RelativeLayout@406f4728
android.widget.TextView: --
android.widget.TextView: 9
android.widget.TextView: time
android.widget.TextView: Report Price
android.widget.RelativeLayout@40634f78
android.widget.ImageView@406f41a8
android.widget.TextView: Shell
android.widget.TextView: 1063 Yonkers Ave & Kimball Ave
android.widget.TextView: Yonkers, NY
android.widget.TextView: 1.3 mi
android.widget.TableLayout@405825a0
android.widget.TableRow@405ffc90
android.widget.RelativeLayout@406051a8
android.widget.RelativeLayout@40610ef8
android.widget.TextView: --
android.widget.TextView: 9
android.widget.TextView: time
android.widget.TextView: Report Price
android.widget.RelativeLayout@40646070
android.widget.ImageView@406463b0
android.widget.TextView: CITGO
android.widget.TextView: 1225 E 233rd St & Baychester Ave
android.widget.TextView: Bronx, NY
android.widget.TextView: 1.32 mi
android.widget.RelativeLayout@406c6380
android.widget.FrameLayout@40717848
android.widget.RelativeLayout@405e6b60
android.widget.LinearLayout@405865e0
android.view.View@406e6c50
android.widget.RelativeLayout@406be438
android.widget.TextView: Regular
android.view.View@406cbf60
android.view.View@406e3a28
android.widget.RelativeLayout@406cc170
android.widget.TextView: Midgrade
android.view.View@406d2a80
android.view.View@406e3b88
android.widget.RelativeLayout@406d6218
android.widget.TextView: Premium
android.view.View@406d99f0
android.view.View@406e3cb8
android.widget.RelativeLayout@406d9be0
android.widget.TextView: Diesel
android.view.View@406e3708
android.view.View@406e6d70
android.view.View@4051c860
android.widget.LinearLayout@40561670
android.widget.RelativeLayout@4058ec28
android.widget.ImageView@405df8e0
android.widget.TextView: Reload
android.widget.RelativeLayout@40550c60
android.widget.ImageView@405f2890
android.widget.TextView: Sort By Price
android.widget.RelativeLayout@40673d20
android.widget.ImageView@405863a0
android.widget.TextView: Map View
android.view.View@4064ec18
gbis.gbandroid.views.layouts.CustomListView@4068a250
android.widget.TableLayout@405825a0
android.widget.TableRow@405ffc90
android.widget.RelativeLayout@406051a8
android.widget.RelativeLayout@40610ef8
android.widget.TextView: --
android.widget.TextView: 9
android.widget.TextView: time
android.widget.TextView: Report Price
android.widget.RelativeLayout@40646070
android.widget.ImageView@406463b0
android.widget.TextView: CITGO
android.widget.TextView: 1225 E 233rd St & Baychester Ave
android.widget.TextView: Bronx, NY
android.widget.TextView: 1.32 mi
android.widget.TableLayout@40555e98
android.widget.TableRow@405a11d8
android.widget.RelativeLayout@4054b600
android.widget.RelativeLayout@4056fa58
android.widget.TextView: 4.05
android.widget.TextView: 9
android.widget.TextView: Mon 7:59 PM
android.widget.TextView: Update
android.widget.RelativeLayout@4057efe0
android.widget.ImageView@4054d500
android.widget.TextView: Sunoco
android.widget.TextView: 215 West 1st St & N 14th Ave
android.widget.TextView: Mount Vernon, NY
android.widget.TextView: 1.36 mi
android.widget.TableLayout@4057c228
android.widget.TableRow@405b9d50
android.widget.RelativeLayout@40581bd0
android.widget.RelativeLayout@405adbe8
android.widget.TextView: 4.03
android.widget.TextView: 9
android.widget.TextView: Mon 7:59 PM
android.widget.TextView: Update
android.widget.RelativeLayout@40604a50
android.widget.ImageView@405543e0
android.widget.TextView: CITGO
android.widget.TextView: 22 South West St & Mount Vernon Ave
android.widget.TextView: Mount Vernon, NY
android.widget.TextView: 1.39 mi
android.widget.TableLayout@4057ee38
android.widget.TableRow@405bdc78
android.widget.RelativeLayout@4060c5d8
android.widget.RelativeLayout@406107f8
android.widget.TextView: --
android.widget.TextView: 9
android.widget.TextView: time
android.widget.TextView: Report Price
android.widget.RelativeLayout@40615f68
android.widget.ImageView@405f1350
android.widget.TextView: Speed Gas
android.widget.TextView: 167 West 1st  & Mt Vernon 
android.widget.TextView: Mount Vernon, NY
android.widget.TextView: 1.44 mi
android.widget.TableLayout@40581a20
android.widget.TableRow@405db768
android.widget.RelativeLayout@4061e6f0
android.widget.RelativeLayout@40624b00
android.widget.TextView: 3.99
android.widget.TextView: 9
android.widget.TextView: 2 hours ago
android.widget.TextView: Update
android.widget.RelativeLayout@40628f88
android.widget.ImageView@40638508
android.widget.TextView: BP
android.widget.TextView: 30 Mount Vernon Ave & S Bond St
android.widget.TextView: Mount Vernon, NY
android.widget.TextView: 1.46 mi
android.widget.RelativeLayout@406c6380
android.widget.FrameLayout@40717848
android.widget.RelativeLayout@405e6b60
android.widget.LinearLayout@405865e0
android.view.View@406e6c50
android.widget.RelativeLayout@406be438
android.widget.TextView: Regular
android.view.View@406cbf60
android.view.View@406e3a28
android.widget.RelativeLayout@406cc170
android.widget.TextView: Midgrade
android.view.View@406d2a80
android.view.View@406e3b88
android.widget.RelativeLayout@406d6218
android.widget.TextView: Premium
android.view.View@406d99f0
android.view.View@406e3cb8
android.widget.RelativeLayout@406d9be0
android.widget.TextView: Diesel
android.view.View@406e3708
android.view.View@406e6d70
android.view.View@4051c860
android.widget.LinearLayout@40561670
android.widget.RelativeLayout@4058ec28
android.widget.ImageView@405df8e0
android.widget.TextView: Reload
android.widget.RelativeLayout@40550c60
android.widget.ImageView@405f2890
android.widget.TextView: Sort By Price
android.widget.RelativeLayout@40673d20
android.widget.ImageView@405863a0
android.widget.TextView: Map View
android.view.View@4064ec18
gbis.gbandroid.views.layouts.CustomListView@4068a250
android.widget.TableLayout@40581a20
android.widget.TableRow@405db768
android.widget.RelativeLayout@4061e6f0
android.widget.RelativeLayout@40624b00
android.widget.TextView: 3.99
android.widget.TextView: 9
android.widget.TextView: 2 hours ago
android.widget.TextView: Update
android.widget.RelativeLayout@40628f88
android.widget.ImageView@40638508
android.widget.TextView: BP
android.widget.TextView: 30 Mount Vernon Ave & S Bond St
android.widget.TextView: Mount Vernon, NY
android.widget.TextView: 1.46 mi
android.widget.TableLayout@406654c0
android.widget.TableRow@40518230
android.widget.RelativeLayout@406fa0a8
android.widget.RelativeLayout@4069d9d8
android.widget.TextView: 4.15
android.widget.TextView: 9
android.widget.TextView: 21 hours ago
android.widget.TextView: Update
android.widget.RelativeLayout@406d9eb8
android.widget.ImageView@406be040
android.widget.TextView: Shell
android.widget.TextView: 414 McLean Ave & Putnam Ave
android.widget.TextView: Yonkers, NY
android.widget.TextView: 1.51 mi
android.widget.TableLayout@406f2c78
android.widget.TableRow@406f62e0
android.widget.RelativeLayout@406f9810
android.widget.RelativeLayout@407a8790
android.widget.TextView: 4.29
android.widget.TextView: 9
android.widget.TextView: 11 hours ago
android.widget.TextView: Update
android.widget.RelativeLayout@407a8e10
android.widget.ImageView@406ce2c0
android.widget.TextView: Gulf
android.widget.TextView: 3210 Webster Ave & E 205th St
android.widget.TextView: Bronx, NY
android.widget.TextView: 1.58 mi
android.widget.TableLayout@4062f1e8
android.widget.TableRow@40646b78
android.widget.RelativeLayout@406622c0
android.widget.RelativeLayout@40673378
android.widget.TextView: 4.19
android.widget.TextView: 9
android.widget.TextView: 21 hours ago
android.widget.TextView: Update
android.widget.RelativeLayout@406f8438
android.widget.ImageView@407108d0
android.widget.TextView: Mobil
android.widget.TextView: 296 McLean Ave & Allison Ave
android.widget.TextView: Yonkers, NY
android.widget.TextView: 1.63 mi
android.widget.TableLayout@40641b38
android.widget.TableRow@4068b4a8
android.widget.RelativeLayout@40584d38
android.widget.RelativeLayout@405850f0
android.widget.TextView: 4.09
android.widget.TextView: 9
android.widget.TextView: Mon 10:44 AM
android.widget.TextView: Update
android.widget.RelativeLayout@4064e198
android.widget.ImageView@4064e558
android.widget.TextView: BP
android.widget.TextView: 3276 Jerome Ave & Risse St
android.widget.TextView: Bronx, NY
android.widget.TextView: 1.63 mi
android.widget.RelativeLayout@406c6380
android.widget.FrameLayout@40717848
android.widget.RelativeLayout@405e6b60
android.widget.LinearLayout@405865e0
android.view.View@406e6c50
android.widget.RelativeLayout@406be438
android.widget.TextView: Regular
android.view.View@406cbf60
android.view.View@406e3a28
android.widget.RelativeLayout@406cc170
android.widget.TextView: Midgrade
android.view.View@406d2a80
android.view.View@406e3b88
android.widget.RelativeLayout@406d6218
android.widget.TextView: Premium
android.view.View@406d99f0
android.view.View@406e3cb8
android.widget.RelativeLayout@406d9be0
android.widget.TextView: Diesel
android.view.View@406e3708
android.view.View@406e6d70
android.view.View@4051c860
android.widget.LinearLayout@40561670
android.widget.RelativeLayout@4058ec28
android.widget.ImageView@405df8e0
android.widget.TextView: Reload
android.widget.RelativeLayout@40550c60
android.widget.ImageView@405f2890
android.widget.TextView: Sort By Price
android.widget.RelativeLayout@40673d20
android.widget.ImageView@405863a0
android.widget.TextView: Map View
android.view.View@4064ec18
gbis.gbandroid.views.layouts.CustomListView@4068a250
android.widget.TableLayout@40606140
android.widget.TableRow@406db6f0
android.widget.RelativeLayout@40762c20
android.widget.RelativeLayout@40762f40
android.widget.TextView: 4.09
android.widget.TextView: 9
android.widget.TextView: Mon 10:44 AM
android.widget.TextView: Update
android.widget.RelativeLayout@4076c6d8
android.widget.ImageView@4076cab0
android.widget.TextView: BP
android.widget.TextView: 3276 Jerome Ave & Risse St
android.widget.TextView: Bronx, NY
android.widget.TextView: 1.63 mi
android.widget.TableLayout@40784370
android.widget.TableRow@40614330
android.widget.RelativeLayout@406149b0
android.widget.RelativeLayout@406baa80
android.widget.TextView: --
android.widget.TextView: 9
android.widget.TextView: time
android.widget.TextView: Report Price
android.widget.RelativeLayout@406c7020
android.widget.ImageView@406c73c0
android.widget.TextView: Gulf
android.widget.TextView: 263 S 5th Ave & W 4th St
android.widget.TextView: Mount Vernon, NY
android.widget.TextView: 1.66 mi
android.widget.TableLayout@406e77f0
android.widget.TableRow@406ea938
android.widget.RelativeLayout@406eaec8
android.widget.RelativeLayout@406f4a70
android.widget.TextView: 3.89
android.widget.TextView: 9
android.widget.TextView: 5 hours ago
android.widget.TextView: Update
android.widget.RelativeLayout@4070c9b8
android.widget.ImageView@4070cd70
android.widget.TextView: BP
android.widget.TextView: 1128 E Gun Hill Rd & Boston Rd
android.widget.TextView: Bronx, NY
android.widget.TextView: 1.67 mi
android.widget.TableLayout@40638c98
android.widget.TableRow@406fb748
android.widget.RelativeLayout@406fbdc8
android.widget.RelativeLayout@4064ce30
android.widget.TextView: --
android.widget.TextView: 9
android.widget.TextView: time
android.widget.TextView: Report Price
android.widget.RelativeLayout@40652278
android.widget.ImageView@406c9230
android.widget.TextView: Mobil
android.widget.TextView: 6161 Broadway & W 251st St
android.widget.TextView: Bronx, NY
android.widget.TextView: 1.68 mi
android.widget.TableLayout@40641b38
android.widget.TableRow@4068b4a8
android.widget.RelativeLayout@40584d38
android.widget.RelativeLayout@405850f0
android.widget.TextView: 3.99
android.widget.TextView: 9
android.widget.TextView: 49 minutes ago
android.widget.TextView: Update
android.widget.RelativeLayout@4064e198
android.widget.ImageView@4064e558
android.widget.TextView: Sunoco
android.widget.TextView: 493 Central Park Ave & Loring Ave
android.widget.TextView: Yonkers, NY
android.widget.TextView: 1.7 mi
android.widget.RelativeLayout@406c6380
android.widget.FrameLayout@40717848
android.widget.RelativeLayout@405e6b60
android.widget.LinearLayout@405865e0
android.view.View@406e6c50
android.widget.RelativeLayout@406be438
android.widget.TextView: Regular
android.view.View@406cbf60
android.view.View@406e3a28
android.widget.RelativeLayout@406cc170
android.widget.TextView: Midgrade
android.view.View@406d2a80
android.view.View@406e3b88
android.widget.RelativeLayout@406d6218
android.widget.TextView: Premium
android.view.View@406d99f0
android.view.View@406e3cb8
android.widget.RelativeLayout@406d9be0
android.widget.TextView: Diesel
android.view.View@406e3708
android.view.View@406e6d70
android.view.View@4051c860
android.widget.LinearLayout@40561670
android.widget.RelativeLayout@4058ec28
android.widget.ImageView@405df8e0
android.widget.TextView: Reload
android.widget.RelativeLayout@40550c60
android.widget.ImageView@405f2890
android.widget.TextView: Sort By Price
android.widget.RelativeLayout@40673d20
android.widget.ImageView@405863a0
android.widget.TextView: Map View
android.view.View@4064ec18
gbis.gbandroid.views.layouts.CustomListView@4068a250
android.widget.TableLayout@40641b38
android.widget.TableRow@4068b4a8
android.widget.RelativeLayout@40584d38
android.widget.RelativeLayout@405850f0
android.widget.TextView: 3.99
android.widget.TextView: 9
android.widget.TextView: 49 minutes ago
android.widget.TextView: Update
android.widget.RelativeLayout@4064e198
android.widget.ImageView@4064e558
android.widget.TextView: Sunoco
android.widget.TextView: 493 Central Park Ave & Loring Ave
android.widget.TextView: Yonkers, NY
android.widget.TextView: 1.7 mi
android.widget.TableLayout@406b9bb8
android.widget.TableRow@406ba188
android.widget.RelativeLayout@40759a58
android.widget.RelativeLayout@40759e30
android.widget.TextView: 4.15
android.widget.TextView: 9
android.widget.TextView: 7 hours ago
android.widget.TextView: Update
android.widget.RelativeLayout@4075b640
android.widget.ImageView@4075ba18
android.widget.TextView: Gulf
android.widget.TextView: 2 West Sandford Blvd & S 4th Ave
android.widget.TextView: Mount Vernon, NY
android.widget.TextView: 1.71 mi
android.widget.TableLayout@406218c0
android.widget.TableRow@40621e90
android.widget.RelativeLayout@40622550
android.widget.RelativeLayout@40622928
android.widget.TextView: --
android.widget.TextView: 9
android.widget.TextView: time
android.widget.TextView: Report Price
android.widget.RelativeLayout@4065aff0
android.widget.ImageView@4065b3c8
android.widget.TextView: Getty
android.widget.TextView: 780 Burke Ave & Barnes Ave
android.widget.TextView: Bronx, NY
android.widget.TextView: 1.71 mi
android.widget.TableLayout@405502f8
android.widget.TableRow@40561e20
android.widget.RelativeLayout@4054b600
android.widget.RelativeLayout@4056fa58
android.widget.TextView: 4.25
android.widget.TextView: 9
android.widget.TextView: 3 hours ago
android.widget.TextView: Update
android.widget.RelativeLayout@4057c3d8
android.widget.ImageView@4054d500
android.widget.TextView: BP
android.widget.TextView: 3804 Boston Rd & Baychester Ave
android.widget.TextView: Bronx, NY
android.widget.TextView: 1.71 mi
android.widget.TableLayout@4057c228
android.widget.TableRow@405a11d8
android.widget.RelativeLayout@4057ddf0
android.widget.RelativeLayout@4057efe0
android.widget.TextView: --
android.widget.TextView: 9
android.widget.TextView: time
android.widget.TextView: Report Price
android.widget.RelativeLayout@40581bd0
android.widget.ImageView@40552080
android.widget.TextView: CITGO
android.widget.TextView: 529 Central Park  & Boone St
android.widget.TextView: Yonkers, NY
android.widget.TextView: 1.73 mi
android.widget.RelativeLayout@406c6380
android.widget.FrameLayout@40717848
android.widget.RelativeLayout@405e6b60
android.widget.LinearLayout@405865e0
android.view.View@406e6c50
android.widget.RelativeLayout@406be438
android.widget.TextView: Regular
android.view.View@406cbf60
android.view.View@406e3a28
android.widget.RelativeLayout@406cc170
android.widget.TextView: Midgrade
android.view.View@406d2a80
android.view.View@406e3b88
android.widget.RelativeLayout@406d6218
android.widget.TextView: Premium
android.view.View@406d99f0
android.view.View@406e3cb8
android.widget.RelativeLayout@406d9be0
android.widget.TextView: Diesel
android.view.View@406e3708
android.view.View@406e6d70
android.view.View@4051c860
android.widget.LinearLayout@40561670
android.widget.RelativeLayout@4058ec28
android.widget.ImageView@405df8e0
android.widget.TextView: Reload
android.widget.RelativeLayout@40550c60
android.widget.ImageView@405f2890
android.widget.TextView: Sort By Price
android.widget.RelativeLayout@40673d20
android.widget.ImageView@405863a0
android.widget.TextView: Map View
android.view.View@4064ec18
gbis.gbandroid.views.layouts.CustomListView@4068a250
android.widget.TableLayout@4057c228
android.widget.TableRow@405a11d8
android.widget.RelativeLayout@4057ddf0
android.widget.RelativeLayout@4057efe0
android.widget.TextView: --
android.widget.TextView: 9
android.widget.TextView: time
android.widget.TextView: Report Price
android.widget.RelativeLayout@40581bd0
android.widget.ImageView@40552080
android.widget.TextView: CITGO
android.widget.TextView: 529 Central Park  & Boone St
android.widget.TextView: Yonkers, NY
android.widget.TextView: 1.73 mi
android.widget.TableLayout@4057ee38
android.widget.TableRow@405b9d50
android.widget.RelativeLayout@40584770
android.widget.RelativeLayout@405adbe8
android.widget.TextView: 4.19
android.widget.TextView: 9
android.widget.TextView: 5 hours ago
android.widget.TextView: Update
android.widget.RelativeLayout@405ff210
android.widget.ImageView@405543e0
android.widget.TextView: Prime
android.widget.TextView: 6469 Broadway & Mosholu Ave
android.widget.TextView: Bronx, NY
android.widget.TextView: 1.75 mi
android.widget.TableLayout@40581a20
android.widget.TableRow@405bca80
android.widget.RelativeLayout@40601e38
android.widget.RelativeLayout@40604a50
android.widget.TextView: 3.95
android.widget.TextView: 9
android.widget.TextView: 4 hours ago
android.widget.TextView: Update
android.widget.RelativeLayout@4060c5d8
android.widget.ImageView@405a0540
android.widget.TextView: Gulf
android.widget.TextView: 1255 E Gun Hill Rd & Bouck Ave
android.widget.TextView: Bronx, NY
android.widget.TextView: 1.78 mi
android.widget.TableLayout@405daf20
android.widget.TableRow@405bdc78
android.widget.RelativeLayout@406107f8
android.widget.RelativeLayout@406133a0
android.widget.TextView: 4.19
android.widget.TextView: 9
android.widget.TextView: 6 hours ago
android.widget.TextView: Update
android.widget.RelativeLayout@40615f68
android.widget.ImageView@405b3f58
android.widget.TextView: Getty
android.widget.TextView: 561 Kimball Ave & Mile Square Rd
android.widget.TextView: Yonkers, NY
android.widget.TextView: 1.79 mi
android.widget.TableLayout@405ff060
android.widget.TableRow@405be4f8
android.widget.RelativeLayout@40617af0
android.widget.RelativeLayout@4061bb88
android.widget.TextView: 4.19
android.widget.TextView: 9
android.widget.TextView: 21 hours ago
android.widget.TextView: Update
android.widget.RelativeLayout@4061e6f0
android.widget.ImageView@405f1350
android.widget.TextView: BP
android.widget.TextView: 191 Mclean Ave & Pelton St
android.widget.TextView: Yonkers, NY
android.widget.TextView: 1.81 mi
android.widget.RelativeLayout@406c6380
android.widget.FrameLayout@40717848
android.widget.RelativeLayout@405e6b60
android.widget.LinearLayout@405865e0
android.view.View@406e6c50
android.widget.RelativeLayout@406be438
android.widget.TextView: Regular
android.view.View@406cbf60
android.view.View@406e3a28
android.widget.RelativeLayout@406cc170
android.widget.TextView: Midgrade
android.view.View@406d2a80
android.view.View@406e3b88
android.widget.RelativeLayout@406d6218
android.widget.TextView: Premium
android.view.View@406d99f0
android.view.View@406e3cb8
android.widget.RelativeLayout@406d9be0
android.widget.TextView: Diesel
android.view.View@406e3708
android.view.View@406e6d70
android.view.View@4051c860
android.widget.LinearLayout@40561670
android.widget.RelativeLayout@4058ec28
android.widget.ImageView@405df8e0
android.widget.TextView: Reload
android.widget.RelativeLayout@40550c60
android.widget.ImageView@405f2890
android.widget.TextView: Sort By Price
android.widget.RelativeLayout@40673d20
android.widget.ImageView@405863a0
android.widget.TextView: Map View
android.view.View@4064ec18
gbis.gbandroid.views.layouts.CustomListView@4068a250
android.widget.TableLayout@405ff060
android.widget.TableRow@405be4f8
android.widget.RelativeLayout@40617af0
android.widget.RelativeLayout@4061bb88
android.widget.TextView: 4.19
android.widget.TextView: 9
android.widget.TextView: 21 hours ago
android.widget.TextView: Update
android.widget.RelativeLayout@4061e6f0
android.widget.ImageView@405f1350
android.widget.TextView: BP
android.widget.TextView: 191 Mclean Ave & Pelton St
android.widget.TextView: Yonkers, NY
android.widget.TextView: 1.81 mi
android.widget.TableLayout@40600b88
android.widget.TableRow@40612cd0
android.widget.RelativeLayout@40672430
android.widget.RelativeLayout@406e1168
android.widget.TextView: --
android.widget.TextView: 9
android.widget.TextView: time
android.widget.TextView: Report Price
android.widget.RelativeLayout@406c2408
android.widget.ImageView@406ec2b0
android.widget.TextView: Getty
android.widget.TextView: 3400-08 Baychester Ave & Tillotsin Ave
android.widget.TextView: Bronx, NY
android.widget.TextView: 1.83 mi
android.widget.TableLayout@406654c0
android.widget.TableRow@40619198
android.widget.RelativeLayout@4067bc50
android.widget.RelativeLayout@406869b8
android.widget.TextView: 3.89
android.widget.TextView: 9
android.widget.TextView: 5 hours ago
android.widget.TextView: Update
android.widget.RelativeLayout@40551e70
android.widget.ImageView@4061cef8
android.widget.TextView: Lukoil
android.widget.TextView: 6571 Broadway & W 260th St
android.widget.TextView: Bronx, NY
android.widget.TextView: 1.86 mi
android.widget.TableLayout@407aa030
android.widget.TableRow@405f3848
android.widget.RelativeLayout@406c27d0
android.widget.RelativeLayout@4057d830
android.widget.TextView: --
android.widget.TextView: 9
android.widget.TextView: time
android.widget.TextView: Report Price
android.widget.RelativeLayout@4069f388
android.widget.ImageView@4076cdb8
android.widget.TextView: Lukoil
android.widget.TextView: 3079-3087 Webster Ave & E 203rd St
android.widget.TextView: Bronx, NY
android.widget.TextView: 1.86 mi
android.widget.TableLayout@406032d8
android.widget.TableRow@40623418
android.widget.RelativeLayout@40640c00
android.widget.RelativeLayout@4067a280
android.widget.TextView: 4.09
android.widget.TextView: 9
android.widget.TextView: Mon 4:40 PM
android.widget.TextView: Update
android.widget.RelativeLayout@40779e20
android.widget.ImageView@40555df0
android.widget.TextView: BP
android.widget.TextView: 3059 Webster Ave & E 202nd St
android.widget.TextView: Bronx, NY
android.widget.TextView: 1.9 mi
android.widget.RelativeLayout@406c6380
android.widget.FrameLayout@40717848
android.widget.RelativeLayout@405e6b60
android.widget.LinearLayout@405865e0
android.view.View@406e6c50
android.widget.RelativeLayout@406be438
android.widget.TextView: Regular
android.view.View@406cbf60
android.view.View@406e3a28
android.widget.RelativeLayout@406cc170
android.widget.TextView: Midgrade
android.view.View@406d2a80
android.view.View@406e3b88
android.widget.RelativeLayout@406d6218
android.widget.TextView: Premium
android.view.View@406d99f0
android.view.View@406e3cb8
android.widget.RelativeLayout@406d9be0
android.widget.TextView: Diesel
android.view.View@406e3708
android.view.View@406e6d70
android.view.View@4051c860
android.widget.LinearLayout@40561670
android.widget.RelativeLayout@4058ec28
android.widget.ImageView@405df8e0
android.widget.TextView: Reload
android.widget.RelativeLayout@40550c60
android.widget.ImageView@405f2890
android.widget.TextView: Sort By Price
android.widget.RelativeLayout@40673d20
android.widget.ImageView@405863a0
android.widget.TextView: Map View
android.view.View@4064ec18
gbis.gbandroid.views.layouts.CustomListView@4068a250
android.widget.TableLayout@406032d8
android.widget.TableRow@40623418
android.widget.RelativeLayout@40640c00
android.widget.RelativeLayout@4067a280
android.widget.TextView: 4.09
android.widget.TextView: 9
android.widget.TextView: Mon 4:40 PM
android.widget.TextView: Update
android.widget.RelativeLayout@40779e20
android.widget.ImageView@40555df0
android.widget.TextView: BP
android.widget.TextView: 3059 Webster Ave & E 202nd St
android.widget.TextView: Bronx, NY
android.widget.TextView: 1.9 mi
android.widget.TableLayout@407484f8
android.widget.TableRow@4063c1f8
android.widget.RelativeLayout@40678f30
android.widget.RelativeLayout@40712468
android.widget.TextView: --
android.widget.TextView: 9
android.widget.TextView: time
android.widget.TextView: Report Price
android.widget.RelativeLayout@40631d28
android.widget.ImageView@4064c4d8
android.widget.TextView: Petro USA
android.widget.TextView: 80 West Lincoln Ave & North 8th 
android.widget.TextView: Mount Vernon, NY
android.widget.TextView: 1.93 mi
android.widget.TableLayout@4063e520
android.widget.TableRow@40647620
android.widget.RelativeLayout@406d7eb8
android.widget.RelativeLayout@40582340
android.widget.TextView: --
android.widget.TextView: 9
android.widget.TextView: time
android.widget.TextView: Report Price
android.widget.RelativeLayout@406ac558
android.widget.ImageView@406d52a0
android.widget.TextView: Express
android.widget.TextView: 2918 Boston Rd & Arnow
android.widget.TextView: Bronx, NY
android.widget.TextView: 1.95 mi
android.widget.TableLayout@40777380
android.widget.TableRow@4075efd8
android.widget.RelativeLayout@407a7bd8
android.widget.RelativeLayout@40644248
android.widget.TextView: 4.29
android.widget.TextView: 9
android.widget.TextView: 8 hours ago
android.widget.TextView: Update
android.widget.RelativeLayout@406cadd0
android.widget.ImageView@406cb138
android.widget.TextView: Mobil
android.widget.TextView: 5832 Broadway & W 239th St
android.widget.TextView: Bronx, NY
android.widget.TextView: 1.98 mi
android.widget.TableLayout@40713e78
android.widget.TableRow@40714448
android.widget.RelativeLayout@4066ed60
android.widget.RelativeLayout@406acd10
android.widget.TextView: 4.19
android.widget.TextView: 9
android.widget.TextView: 6 hours ago
android.widget.TextView: Update
android.widget.RelativeLayout@406eb340
android.widget.ImageView@406eb718
android.widget.TextView: Lukoil
android.widget.TextView: 40 West Lincoln Ave & N 7th Ave
android.widget.TextView: Mount Vernon, NY
android.widget.TextView: 1.98 mi
android.widget.RelativeLayout@406c6380
android.widget.FrameLayout@40717848
android.widget.RelativeLayout@405e6b60
android.widget.LinearLayout@405865e0
android.view.View@406e6c50
android.widget.RelativeLayout@406be438
android.widget.TextView: Regular
android.view.View@406cbf60
android.view.View@406e3a28
android.widget.RelativeLayout@406cc170
android.widget.TextView: Midgrade
android.view.View@406d2a80
android.view.View@406e3b88
android.widget.RelativeLayout@406d6218
android.widget.TextView: Premium
android.view.View@406d99f0
android.view.View@406e3cb8
android.widget.RelativeLayout@406d9be0
android.widget.TextView: Diesel
android.view.View@406e3708
android.view.View@406e6d70
android.view.View@4051c860
android.widget.LinearLayout@40561670
android.widget.RelativeLayout@4058ec28
android.widget.ImageView@405df8e0
android.widget.TextView: Reload
android.widget.RelativeLayout@40550c60
android.widget.ImageView@405f2890
android.widget.TextView: Sort By Price
android.widget.RelativeLayout@40673d20
android.widget.ImageView@405863a0
android.widget.TextView: Map View
android.view.View@4064ec18
gbis.gbandroid.views.layouts.CustomListView@4068a250
android.widget.TableLayout@4074fdc0
android.widget.TableRow@40750390
android.widget.RelativeLayout@4065d358
android.widget.RelativeLayout@4065d710
android.widget.TextView: --
android.widget.TextView: 9
android.widget.TextView: time
android.widget.TextView: Report Price
android.widget.RelativeLayout@4065ef20
android.widget.ImageView@4065f2f8
android.widget.TextView: Express
android.widget.TextView: 2918 Boston Rd & Arnow
android.widget.TextView: Bronx, NY
android.widget.TextView: 1.95 mi
android.widget.TableLayout@40757ab8
android.widget.TableRow@40758088
android.widget.RelativeLayout@40758708
android.widget.RelativeLayout@40758ae0
android.widget.TextView: 4.29
android.widget.TextView: 9
android.widget.TextView: 8 hours ago
android.widget.TextView: Update
android.widget.RelativeLayout@4075c590
android.widget.ImageView@4075c968
android.widget.TextView: Mobil
android.widget.TextView: 5832 Broadway & W 239th St
android.widget.TextView: Bronx, NY
android.widget.TextView: 1.98 mi
android.widget.TableLayout@40713e78
android.widget.TableRow@40714448
android.widget.RelativeLayout@4066ed60
android.widget.RelativeLayout@406acd10
android.widget.TextView: 4.19
android.widget.TextView: 9
android.widget.TextView: 6 hours ago
android.widget.TextView: Update
android.widget.RelativeLayout@406eb340
android.widget.ImageView@406eb718
android.widget.TextView: Lukoil
android.widget.TextView: 40 West Lincoln Ave & N 7th Ave
android.widget.TextView: Mount Vernon, NY
android.widget.TextView: 1.98 mi
android.widget.TableLayout@40777380
android.widget.TableRow@4075efd8
android.widget.RelativeLayout@407a7bd8
android.widget.RelativeLayout@40644248
android.widget.TextView: --
android.widget.TextView: 9
android.widget.TextView: 8 hours ago
android.widget.TextView: Report Price
android.widget.RelativeLayout@406cadd0
android.widget.ImageView@406cb138
android.widget.TextView: CITGO
android.widget.TextView: 95 Vredernburg Ave & Stillwell Ave
android.widget.TextView: Yonkers, NY
android.widget.TextView: 1.98 mi
android.widget.RelativeLayout@406c6380
android.widget.FrameLayout@40717848
android.widget.RelativeLayout@405e6b60
android.widget.LinearLayout@405865e0
android.view.View@406e6c50
android.widget.RelativeLayout@406be438
android.widget.TextView: Regular
android.view.View@406cbf60
android.view.View@406e3a28
android.widget.RelativeLayout@406cc170
android.widget.TextView: Midgrade
android.view.View@406d2a80
android.view.View@406e3b88
android.widget.RelativeLayout@406d6218
android.widget.TextView: Premium
android.view.View@406d99f0
android.view.View@406e3cb8
android.widget.RelativeLayout@406d9be0
android.widget.TextView: Diesel
android.view.View@406e3708
android.view.View@406e6d70
android.view.View@4051c860
android.widget.LinearLayout@40561670
android.widget.RelativeLayout@4058ec28
android.widget.ImageView@405df8e0
android.widget.TextView: Reload
android.widget.RelativeLayout@40550c60
android.widget.ImageView@405f2890
android.widget.TextView: Sort By Price
android.widget.RelativeLayout@40673d20
android.widget.ImageView@405863a0
android.widget.TextView: Map View
android.view.View@4064ec18
gbis.gbandroid.views.layouts.CustomListView@4068a250
android.widget.TableLayout@4074fdc0
android.widget.TableRow@40750390
android.widget.RelativeLayout@4065d358
android.widget.RelativeLayout@4065d710
android.widget.TextView: --
android.widget.TextView: 9
android.widget.TextView: time
android.widget.TextView: Report Price
android.widget.RelativeLayout@4065ef20
android.widget.ImageView@4065f2f8
android.widget.TextView: Express
android.widget.TextView: 2918 Boston Rd & Arnow
android.widget.TextView: Bronx, NY
android.widget.TextView: 1.95 mi
android.widget.TableLayout@40757ab8
android.widget.TableRow@40758088
android.widget.RelativeLayout@40758708
android.widget.RelativeLayout@40758ae0
android.widget.TextView: 4.29
android.widget.TextView: 9
android.widget.TextView: 8 hours ago
android.widget.TextView: Update
android.widget.RelativeLayout@4075c590
android.widget.ImageView@4075c968
android.widget.TextView: Mobil
android.widget.TextView: 5832 Broadway & W 239th St
android.widget.TextView: Bronx, NY
android.widget.TextView: 1.98 mi
android.widget.TableLayout@40713e78
android.widget.TableRow@40714448
android.widget.RelativeLayout@4066ed60
android.widget.RelativeLayout@406acd10
android.widget.TextView: 4.19
android.widget.TextView: 9
android.widget.TextView: 6 hours ago
android.widget.TextView: Update
android.widget.RelativeLayout@406eb340
android.widget.ImageView@406eb718
android.widget.TextView: Lukoil
android.widget.TextView: 40 West Lincoln Ave & N 7th Ave
android.widget.TextView: Mount Vernon, NY
android.widget.TextView: 1.98 mi
android.widget.TableLayout@40777380
android.widget.TableRow@4075efd8
android.widget.RelativeLayout@407a7bd8
android.widget.RelativeLayout@40644248
android.widget.TextView: --
android.widget.TextView: 9
android.widget.TextView: 8 hours ago
android.widget.TextView: Report Price
android.widget.RelativeLayout@406cadd0
android.widget.ImageView@406cb138
android.widget.TextView: CITGO
android.widget.TextView: 95 Vredernburg Ave & Stillwell Ave
android.widget.TextView: Yonkers, NY
android.widget.TextView: 1.98 mi
android.widget.TableLayout@4063e520
android.widget.TableRow@40647620
android.widget.RelativeLayout@406d7eb8
android.widget.RelativeLayout@40582340
android.widget.TextView: --
android.widget.TextView: 9
android.widget.TextView: time
android.widget.TextView: Report Price
android.widget.RelativeLayout@406ac558
android.widget.ImageView@406d52a0
android.widget.TextView: CITGO
android.widget.TextView: 197 Franklin Ave & East 3rd 
android.widget.TextView: Mount Vernon, NY
android.widget.TextView: 2.02 mi
android.widget.RelativeLayout@406c6380
