android.widget.FrameLayout@405e4c20
android.widget.RelativeLayout@40558890
android.widget.LinearLayout@405cc100
android.view.View@406e57b8
android.widget.RelativeLayout@406fffd8
android.widget.TextView: Regular
android.view.View@40721d50
android.view.View@406e53f8
android.widget.RelativeLayout@40728780
android.widget.TextView: Midgrade
android.view.View@40556708
android.view.View@406e5558
android.widget.RelativeLayout@405568f8
android.widget.TextView: Premium
android.view.View@406ad958
android.view.View@406e5688
android.widget.RelativeLayout@406adb48
android.widget.TextView: Diesel
android.view.View@406e2220
android.view.View@406ebe80
android.view.View@406b9f58
android.widget.LinearLayout@406ba1a8
android.widget.RelativeLayout@406ba450
android.widget.ImageView@406ad408
android.widget.TextView: Reload
android.widget.RelativeLayout@40644740
android.widget.ImageView@406c1e10
android.widget.TextView: Sort By Price
android.widget.RelativeLayout@406c8c00
android.widget.ImageView@406d2ee8
android.widget.TextView: Map View
android.view.View@406d9c68
gbis.gbandroid.views.layouts.CustomListView@406b4b78
android.widget.RelativeLayout@405ba510
com.google.ads.AdView@4068c468
android.gesture.GestureOverlayView@40666150
android.widget.FrameLayout@405defb8
com.google.ads.internal.AdWebView@4068b5c0
android.widget.TableLayout@40701540
android.widget.TableRow@40703e68
android.widget.RelativeLayout@40704438
android.widget.RelativeLayout@40704810
android.widget.TextView: 4.09
android.widget.TextView: 9
android.widget.TextView: 3 hours ago
android.widget.TextView: Update
android.widget.RelativeLayout@407084a0
android.widget.ImageView@4070acc0
android.widget.TextView: BP
android.widget.TextView: 4201 Webster Ave & E 233rd St
android.widget.TextView: Bronx, NY
android.widget.TextView: 0.07 mi
android.widget.TableLayout@406eca70
android.widget.TableRow@406ed028
android.widget.RelativeLayout@406ed6e8
android.widget.RelativeLayout@406efcd0
android.widget.TextView: 3.87
android.widget.TextView: 9
android.widget.TextView: 8 hours ago
android.widget.TextView: Update
android.widget.RelativeLayout@406f39f8
android.widget.ImageView@406f3dd0
android.widget.TextView: Hess
android.widget.TextView: 285 E 233rd St & Katonah Ave
android.widget.TextView: Bronx, NY
android.widget.TextView: 0.13 mi
android.widget.TableLayout@406d2850
android.widget.TableRow@406d52f8
android.widget.RelativeLayout@406d59b8
android.widget.RelativeLayout@406d5d90
android.widget.TextView: 4.39
android.widget.TextView: 9
android.widget.TextView: 3 hours ago
android.widget.TextView: Update
android.widget.RelativeLayout@406dbc98
android.widget.ImageView@406dc058
android.widget.TextView: Ultimate
android.widget.TextView: 4220 Bronx Blvd & 233rd St
android.widget.TextView: Bronx, NY
android.widget.TextView: 0.22 mi
android.widget.TableLayout@40721770
android.widget.TableRow@40724e20
android.widget.RelativeLayout@406a5a40
android.widget.RelativeLayout@406a5ef0
android.widget.TextView: 3.89
android.widget.TextView: 9
android.widget.TextView: 3 hours ago
android.widget.TextView: Update
android.widget.RelativeLayout@406be268
android.widget.ImageView@406c0b10
android.widget.TextView: Hess
android.widget.TextView: 610 Nereid Ave & Bronx Blvd
android.widget.TextView: Bronx, NY
android.widget.TextView: 0.46 mi
android.widget.RelativeLayout@40669460
android.widget.FrameLayout@405e4c20
android.widget.RelativeLayout@40558890
android.widget.LinearLayout@405cc100
android.view.View@406e57b8
android.widget.RelativeLayout@406fffd8
android.widget.TextView: Regular
android.view.View@40721d50
android.view.View@406e53f8
android.widget.RelativeLayout@40728780
android.widget.TextView: Midgrade
android.view.View@40556708
android.view.View@406e5558
android.widget.RelativeLayout@405568f8
android.widget.TextView: Premium
android.view.View@406ad958
android.view.View@406e5688
android.widget.RelativeLayout@406adb48
android.widget.TextView: Diesel
android.view.View@406e2220
android.view.View@406ebe80
android.view.View@406b9f58
android.widget.LinearLayout@406ba1a8
android.widget.RelativeLayout@406ba450
android.widget.ImageView@406ad408
android.widget.TextView: Reload
android.widget.RelativeLayout@40644740
android.widget.ImageView@406c1e10
android.widget.TextView: Sort By Price
android.widget.RelativeLayout@406c8c00
android.widget.ImageView@406d2ee8
android.widget.TextView: Map View
android.view.View@406d9c68
gbis.gbandroid.views.layouts.CustomListView@406b4b78
android.widget.TableLayout@40721770
android.widget.TableRow@40724e20
android.widget.RelativeLayout@406a5a40
android.widget.RelativeLayout@406a5ef0
android.widget.TextView: 3.89
android.widget.TextView: 9
android.widget.TextView: 3 hours ago
android.widget.TextView: Update
android.widget.RelativeLayout@406be268
android.widget.ImageView@406c0b10
android.widget.TextView: Hess
android.widget.TextView: 610 Nereid Ave & Bronx Blvd
android.widget.TextView: Bronx, NY
android.widget.TextView: 0.46 mi
android.widget.TableLayout@4079d2c0
android.widget.TableRow@4079d890
android.widget.RelativeLayout@4079df50
android.widget.RelativeLayout@4079e328
android.widget.TextView: 4.09
android.widget.TextView: 9
android.widget.TextView: 42 minutes ago
android.widget.TextView: Update
android.widget.RelativeLayout@4079fb38
android.widget.ImageView@4079ff10
android.widget.TextView: Sunoco
android.widget.TextView: 931 McLean Ave & Kimball Ave
android.widget.TextView: Yonkers, NY
android.widget.TextView: 0.54 mi
android.widget.TableLayout@4057ae78
android.widget.TableRow@4055f188
android.widget.RelativeLayout@4057b020
android.widget.RelativeLayout@4057dcd0
android.widget.TextView: 4.24
android.widget.TextView: 9
android.widget.TextView: 42 minutes ago
android.widget.TextView: Update
android.widget.RelativeLayout@40582728
android.widget.ImageView@4054fdc8
android.widget.TextView: 76
android.widget.TextView: 920 Mclean Ave & Kimball Ave
android.widget.TextView: Yonkers, NY
android.widget.TextView: 0.6 mi
android.widget.TableLayout@4057db20
android.widget.TableRow@405e4290
android.widget.RelativeLayout@405ff6b0
android.widget.RelativeLayout@405ffc40
android.widget.TextView: --
android.widget.TextView: 9
android.widget.TextView: time
android.widget.TextView: Report Price
android.widget.RelativeLayout@40616bf8
android.widget.ImageView@405b2840
android.widget.TextView: BP
android.widget.TextView: 1 East 233rd St & Van Cortlandt Park E
android.widget.TextView: Bronx, NY
android.widget.TextView: 0.61 mi
android.widget.TableLayout@4057f680
android.widget.TableRow@405f2430
android.widget.RelativeLayout@40619720
android.widget.RelativeLayout@4061e018
android.widget.TextView: 3.70
android.widget.TextView: 9
android.widget.TextView: 2 hours ago
android.widget.TextView: Update
android.widget.RelativeLayout@40620c18
android.widget.ImageView@4061ce98
android.widget.TextView: Shell
android.widget.TextView: 836 East 233rd St & Bussing Ave
android.widget.TextView: Bronx, NY
android.widget.TextView: 0.67 mi
android.widget.RelativeLayout@40669460
android.widget.FrameLayout@405e4c20
android.widget.RelativeLayout@40558890
android.widget.LinearLayout@405cc100
android.view.View@406e57b8
android.widget.RelativeLayout@406fffd8
android.widget.TextView: Regular
android.view.View@40721d50
android.view.View@406e53f8
android.widget.RelativeLayout@40728780
android.widget.TextView: Midgrade
android.view.View@40556708
android.view.View@406e5558
android.widget.RelativeLayout@405568f8
android.widget.TextView: Premium
android.view.View@406ad958
android.view.View@406e5688
android.widget.RelativeLayout@406adb48
android.widget.TextView: Diesel
android.view.View@406e2220
android.view.View@406ebe80
android.view.View@406b9f58
android.widget.LinearLayout@406ba1a8
android.widget.RelativeLayout@406ba450
android.widget.ImageView@406ad408
android.widget.TextView: Reload
android.widget.RelativeLayout@40644740
android.widget.ImageView@406c1e10
android.widget.TextView: Sort By Price
android.widget.RelativeLayout@406c8c00
android.widget.ImageView@406d2ee8
android.widget.TextView: Map View
android.view.View@406d9c68
gbis.gbandroid.views.layouts.CustomListView@406b4b78
android.widget.TableLayout@4057f680
android.widget.TableRow@405f2430
android.widget.RelativeLayout@40619720
android.widget.RelativeLayout@4061e018
android.widget.TextView: 3.70
android.widget.TextView: 9
android.widget.TextView: 2 hours ago
android.widget.TextView: Update
android.widget.RelativeLayout@40620c18
android.widget.ImageView@4061ce98
android.widget.TextView: Shell
android.widget.TextView: 836 East 233rd St & Bussing Ave
android.widget.TextView: Bronx, NY
android.widget.TextView: 0.67 mi
android.widget.TableLayout@405806e0
android.widget.TableRow@4063a478
android.widget.RelativeLayout@40624e80
android.widget.RelativeLayout@40627a60
android.widget.TextView: 4.09
android.widget.TextView: 9
android.widget.TextView: 42 minutes ago
android.widget.TextView: Update
android.widget.RelativeLayout@40629498
android.widget.ImageView@4063dc68
android.widget.TextView: Delta
android.widget.TextView: 109 Bronx River Rd & New Place
android.widget.TextView: Yonkers, NY
android.widget.TextView: 0.69 mi
android.widget.TableLayout@405c4ac0
android.widget.TableRow@40644488
android.widget.RelativeLayout@40629da8
android.widget.RelativeLayout@4062cc38
android.widget.TextView: 4.19
android.widget.TextView: 9
android.widget.TextView: 42 minutes ago
android.widget.TextView: Update
android.widget.RelativeLayout@4062f880
android.widget.ImageView@40664668
android.widget.TextView: BP
android.widget.TextView: 856 McLean Ave & Harding Ave
android.widget.TextView: Yonkers, NY
android.widget.TextView: 0.72 mi
android.widget.TableLayout@405ffa90
android.widget.TableRow@406c53c8
android.widget.RelativeLayout@40632418
android.widget.RelativeLayout@40635020
android.widget.TextView: --
android.widget.TextView: 9
android.widget.TextView: time
android.widget.TextView: Report Price
android.widget.RelativeLayout@40638bf8
android.widget.ImageView@406a19f8
android.widget.TextView: Shell
android.widget.TextView: 143 Bronx River Rd & Wakefield Ave
android.widget.TextView: Yonkers, NY
android.widget.TextView: 0.78 mi
android.widget.TableLayout@406026a0
android.widget.TableRow@406f2cf0
android.widget.RelativeLayout@4063a2c0
android.widget.RelativeLayout@4063ddf8
android.widget.TextView: 3.99
android.widget.TextView: 9
android.widget.TextView: 17 hours ago
android.widget.TextView: Update
android.widget.RelativeLayout@40646548
android.widget.ImageView@406a3148
android.widget.TextView: Gulf
android.widget.TextView: 70 Major Deegan Expwy & E 233rd St ramp
android.widget.TextView: Bronx, NY
android.widget.TextView: 0.87 mi
android.widget.RelativeLayout@40669460
android.widget.FrameLayout@405e4c20
android.widget.RelativeLayout@40558890
android.widget.LinearLayout@405cc100
android.view.View@406e57b8
android.widget.RelativeLayout@406fffd8
android.widget.TextView: Regular
android.view.View@40721d50
android.view.View@406e53f8
android.widget.RelativeLayout@40728780
android.widget.TextView: Midgrade
android.view.View@40556708
android.view.View@406e5558
android.widget.RelativeLayout@405568f8
android.widget.TextView: Premium
android.view.View@406ad958
android.view.View@406e5688
android.widget.RelativeLayout@406adb48
android.widget.TextView: Diesel
android.view.View@406e2220
android.view.View@406ebe80
android.view.View@406b9f58
android.widget.LinearLayout@406ba1a8
android.widget.RelativeLayout@406ba450
android.widget.ImageView@406ad408
android.widget.TextView: Reload
android.widget.RelativeLayout@40644740
android.widget.ImageView@406c1e10
android.widget.TextView: Sort By Price
android.widget.RelativeLayout@406c8c00
android.widget.ImageView@406d2ee8
android.widget.TextView: Map View
android.view.View@406d9c68
gbis.gbandroid.views.layouts.CustomListView@406b4b78
android.widget.TableLayout@406026a0
android.widget.TableRow@406f2cf0
android.widget.RelativeLayout@4063a2c0
android.widget.RelativeLayout@4063ddf8
android.widget.TextView: 3.99
android.widget.TextView: 9
android.widget.TextView: 17 hours ago
android.widget.TextView: Update
android.widget.RelativeLayout@40646548
android.widget.ImageView@406a3148
android.widget.TextView: Gulf
android.widget.TextView: 70 Major Deegan Expwy & E 233rd St ramp
android.widget.TextView: Bronx, NY
android.widget.TextView: 0.87 mi
android.widget.TableLayout@40631d70
android.widget.TableRow@4069edc0
android.widget.RelativeLayout@4057d6d8
android.widget.RelativeLayout@405b2c50
android.widget.TextView: --
android.widget.TextView: 9
android.widget.TextView: time
android.widget.TextView: Report Price
android.widget.RelativeLayout@406b8080
android.widget.ImageView@407055d8
android.widget.TextView: Gulf
android.widget.TextView: 700 East 241st St & White Plains Rd
android.widget.TextView: Bronx, NY
android.widget.TextView: 0.91 mi
android.widget.TableLayout@407233c0
android.widget.TableRow@40726998
android.widget.RelativeLayout@40717148
android.widget.RelativeLayout@406113a0
android.widget.TextView: --
android.widget.TextView: 9
android.widget.TextView: time
android.widget.TextView: Report Price
android.widget.RelativeLayout@406f9210
android.widget.ImageView@406135b8
android.widget.TextView: Gulf
android.widget.TextView: 71 Major Deegan Expwy & Central Park Ave Ramp
android.widget.TextView: Bronx, NY
android.widget.TextView: 0.93 mi
android.widget.TableLayout@406a2d60
android.widget.TableRow@405bacd0
android.widget.RelativeLayout@406a0760
android.widget.RelativeLayout@406bf1e0
android.widget.TextView: 4.29
android.widget.TextView: 9
android.widget.TextView: 14 hours ago
android.widget.TextView: Update
android.widget.RelativeLayout@407621e0
android.widget.ImageView@4076cec8
android.widget.TextView: Gulf
android.widget.TextView: 641 E Gun Hill Rd & Olinville Ave
android.widget.TextView: Bronx, NY
android.widget.TextView: 1.25 mi
android.widget.TableLayout@406ef4b0
android.widget.TableRow@4057d8a8
android.widget.RelativeLayout@406046e0
android.widget.RelativeLayout@406192f8
android.widget.TextView: --
android.widget.TextView: 9
android.widget.TextView: time
android.widget.TextView: Report Price
android.widget.RelativeLayout@40637ee8
android.widget.ImageView@406567f8
android.widget.TextView: Shell
android.widget.TextView: 1217 East 233rd St & Baychester Ave
android.widget.TextView: Bronx, NY
android.widget.TextView: 1.27 mi
android.widget.RelativeLayout@40669460
android.widget.FrameLayout@405e4c20
android.widget.RelativeLayout@40558890
android.widget.LinearLayout@405cc100
android.view.View@406e57b8
android.widget.RelativeLayout@406fffd8
android.widget.TextView: Regular
android.view.View@40721d50
android.view.View@406e53f8
android.widget.RelativeLayout@40728780
android.widget.TextView: Midgrade
android.view.View@40556708
android.view.View@406e5558
android.widget.RelativeLayout@405568f8
android.widget.TextView: Premium
android.view.View@406ad958
android.view.View@406e5688
android.widget.RelativeLayout@406adb48
android.widget.TextView: Diesel
android.view.View@406e2220
android.view.View@406ebe80
android.view.View@406b9f58
android.widget.LinearLayout@406ba1a8
android.widget.RelativeLayout@406ba450
android.widget.ImageView@406ad408
android.widget.TextView: Reload
android.widget.RelativeLayout@40644740
android.widget.ImageView@406c1e10
android.widget.TextView: Sort By Price
android.widget.RelativeLayout@406c8c00
android.widget.ImageView@406d2ee8
android.widget.TextView: Map View
android.view.View@406d9c68
gbis.gbandroid.views.layouts.CustomListView@406b4b78
android.widget.TableLayout@4057f680
android.widget.TableRow@405ff6b0
android.widget.RelativeLayout@40614050
android.widget.RelativeLayout@40616bf8
android.widget.TextView: --
android.widget.TextView: 9
android.widget.TextView: time
android.widget.TextView: Report Price
android.widget.RelativeLayout@40619720
android.widget.ImageView@4061ce98
android.widget.TextView: Shell
android.widget.TextView: 1217 East 233rd St & Baychester Ave
android.widget.TextView: Bronx, NY
android.widget.TextView: 1.27 mi
android.widget.TableLayout@4057db20
android.widget.TableRow@405e4290
android.widget.RelativeLayout@405ffc40
android.widget.RelativeLayout@40602848
android.widget.TextView: --
android.widget.TextView: 9
android.widget.TextView: time
android.widget.TextView: Report Price
android.widget.RelativeLayout@40605438
android.widget.ImageView@405b2840
android.widget.TextView: Getty
android.widget.TextView: 1220 E 233rd St & Baychester Ave
android.widget.TextView: Bronx, NY
android.widget.TextView: 1.27 mi
android.widget.TableLayout@4057ae78
android.widget.TableRow@405abe50
android.widget.RelativeLayout@4057b020
android.widget.RelativeLayout@4057dcd0
android.widget.TextView: 4.89
android.widget.TextView: 9
android.widget.TextView: 14 hours ago
android.widget.TextView: Update
android.widget.RelativeLayout@40582728
android.widget.ImageView@4054fdc8
android.widget.TextView: Mobil
android.widget.TextView: 688 E Gun Hill Rd & Olinville Ave
android.widget.TextView: Bronx, NY
android.widget.TextView: 1.29 mi
android.widget.TableLayout@40637298
android.widget.TableRow@40691288
android.widget.RelativeLayout@4068b0a8
android.widget.RelativeLayout@4068b370
android.widget.TextView: --
android.widget.TextView: 9
android.widget.TextView: time
android.widget.TextView: Report Price
android.widget.RelativeLayout@406021a0
android.widget.ImageView@40602438
android.widget.TextView: Shell
android.widget.TextView: 1063 Yonkers Ave & Kimball Ave
android.widget.TextView: Yonkers, NY
android.widget.TextView: 1.3 mi
android.widget.RelativeLayout@40669460
android.widget.FrameLayout@405e4c20
android.widget.RelativeLayout@40558890
android.widget.LinearLayout@405cc100
android.view.View@406e57b8
android.widget.RelativeLayout@406fffd8
android.widget.TextView: Regular
android.view.View@40721d50
android.view.View@406e53f8
android.widget.RelativeLayout@40728780
android.widget.TextView: Midgrade
android.view.View@40556708
android.view.View@406e5558
android.widget.RelativeLayout@405568f8
android.widget.TextView: Premium
android.view.View@406ad958
android.view.View@406e5688
android.widget.RelativeLayout@406adb48
android.widget.TextView: Diesel
android.view.View@406e2220
android.view.View@406ebe80
android.view.View@406b9f58
android.widget.LinearLayout@406ba1a8
android.widget.RelativeLayout@406ba450
android.widget.ImageView@406ad408
android.widget.TextView: Reload
android.widget.RelativeLayout@40644740
android.widget.ImageView@406c1e10
android.widget.TextView: Sort By Price
android.widget.RelativeLayout@406c8c00
android.widget.ImageView@406d2ee8
android.widget.TextView: Map View
android.view.View@406d9c68
gbis.gbandroid.views.layouts.CustomListView@406b4b78
android.widget.TableLayout@40637298
android.widget.TableRow@40691288
android.widget.RelativeLayout@4068b0a8
android.widget.RelativeLayout@4068b370
android.widget.TextView: --
android.widget.TextView: 9
android.widget.TextView: time
android.widget.TextView: Report Price
android.widget.RelativeLayout@406021a0
android.widget.ImageView@40602438
android.widget.TextView: Shell
android.widget.TextView: 1063 Yonkers Ave & Kimball Ave
android.widget.TextView: Yonkers, NY
android.widget.TextView: 1.3 mi
android.widget.TableLayout@406ef4b0
android.widget.TableRow@4057d8a8
android.widget.RelativeLayout@406046e0
android.widget.RelativeLayout@406192f8
android.widget.TextView: --
android.widget.TextView: 9
android.widget.TextView: time
android.widget.TextView: Report Price
android.widget.RelativeLayout@40637ee8
android.widget.ImageView@406567f8
android.widget.TextView: CITGO
android.widget.TextView: 1225 E 233rd St & Baychester Ave
android.widget.TextView: Bronx, NY
android.widget.TextView: 1.32 mi
android.widget.TableLayout@405806e0
android.widget.TableRow@406273b0
android.widget.RelativeLayout@40619e88
android.widget.RelativeLayout@4061e018
android.widget.TextView: 4.05
android.widget.TextView: 9
android.widget.TextView: Mon 7:59 PM
android.widget.TextView: Update
android.widget.RelativeLayout@40620c18
android.widget.ImageView@4063dc68
android.widget.TextView: Sunoco
android.widget.TextView: 215 West 1st St & N 14th Ave
android.widget.TextView: Mount Vernon, NY
android.widget.TextView: 1.36 mi
android.widget.TableLayout@405c4ac0
android.widget.TableRow@406c53c8
android.widget.RelativeLayout@40623fa8
android.widget.RelativeLayout@40624e80
android.widget.TextView: 4.03
android.widget.TextView: 9
android.widget.TextView: Mon 7:59 PM
android.widget.TextView: Update
android.widget.RelativeLayout@40627a60
android.widget.ImageView@40669040
android.widget.TextView: CITGO
android.widget.TextView: 22 South West St & Mount Vernon Ave
android.widget.TextView: Mount Vernon, NY
android.widget.TextView: 1.39 mi
android.widget.TableLayout@405ffa90
android.widget.TableRow@406f4638
android.widget.RelativeLayout@40629da8
android.widget.RelativeLayout@4062cc38
android.widget.TextView: --
android.widget.TextView: 9
android.widget.TextView: time
android.widget.TextView: Report Price
android.widget.RelativeLayout@4062f880
android.widget.ImageView@406a3148
android.widget.TextView: Speed Gas
android.widget.TextView: 167 West 1st  & Mt Vernon 
android.widget.TextView: Mount Vernon, NY
android.widget.TextView: 1.44 mi
android.widget.RelativeLayout@40669460
android.widget.FrameLayout@405e4c20
android.widget.RelativeLayout@40558890
android.widget.LinearLayout@405cc100
android.view.View@406e57b8
android.widget.RelativeLayout@406fffd8
android.widget.TextView: Regular
android.view.View@40721d50
android.view.View@406e53f8
android.widget.RelativeLayout@40728780
android.widget.TextView: Midgrade
android.view.View@40556708
android.view.View@406e5558
android.widget.RelativeLayout@405568f8
android.widget.TextView: Premium
android.view.View@406ad958
android.view.View@406e5688
android.widget.RelativeLayout@406adb48
android.widget.TextView: Diesel
android.view.View@406e2220
android.view.View@406ebe80
android.view.View@406b9f58
android.widget.LinearLayout@406ba1a8
android.widget.RelativeLayout@406ba450
android.widget.ImageView@406ad408
android.widget.TextView: Reload
android.widget.RelativeLayout@40644740
android.widget.ImageView@406c1e10
android.widget.TextView: Sort By Price
android.widget.RelativeLayout@406c8c00
android.widget.ImageView@406d2ee8
android.widget.TextView: Map View
android.view.View@406d9c68
gbis.gbandroid.views.layouts.CustomListView@406b4b78
android.widget.TableLayout@405ffa90
android.widget.TableRow@406f4638
android.widget.RelativeLayout@40629da8
android.widget.RelativeLayout@4062cc38
android.widget.TextView: --
android.widget.TextView: 9
android.widget.TextView: time
android.widget.TextView: Report Price
android.widget.RelativeLayout@4062f880
android.widget.ImageView@406a3148
android.widget.TextView: Speed Gas
android.widget.TextView: 167 West 1st  & Mt Vernon 
android.widget.TextView: Mount Vernon, NY
android.widget.TextView: 1.44 mi
android.widget.TableLayout@40616a48
android.widget.TableRow@40705240
android.widget.RelativeLayout@40632418
android.widget.RelativeLayout@40635020
android.widget.TextView: 3.99
android.widget.TextView: 9
android.widget.TextView: 2 hours ago
android.widget.TextView: Update
android.widget.RelativeLayout@40638bf8
android.widget.ImageView@406f0d48
android.widget.TextView: BP
android.widget.TextView: 30 Mount Vernon Ave & S Bond St
android.widget.TextView: Mount Vernon, NY
android.widget.TextView: 1.46 mi
android.widget.TableLayout@40619570
android.widget.TableRow@40724e20
android.widget.RelativeLayout@406544f0
android.widget.RelativeLayout@40670138
android.widget.TextView: 4.15
android.widget.TextView: 9
android.widget.TextView: 21 hours ago
android.widget.TextView: Update
android.widget.RelativeLayout@40670c20
android.widget.ImageView@406774f8
android.widget.TextView: Shell
android.widget.TextView: 414 McLean Ave & Putnam Ave
android.widget.TextView: Yonkers, NY
android.widget.TextView: 1.51 mi
android.widget.TableLayout@4061de70
android.widget.TableRow@40604428
android.widget.RelativeLayout@4067a0d8
android.widget.RelativeLayout@40681dc8
android.widget.TextView: 4.29
android.widget.TextView: 9
android.widget.TextView: 11 hours ago
android.widget.TextView: Update
android.widget.RelativeLayout@406882e8
android.widget.ImageView@4068d8a0
android.widget.TextView: Gulf
android.widget.TextView: 3210 Webster Ave & E 205th St
android.widget.TextView: Bronx, NY
android.widget.TextView: 1.58 mi
android.widget.TableLayout@40673650
android.widget.TableRow@40684260
android.widget.RelativeLayout@406026a0
android.widget.RelativeLayout@40632270
android.widget.TextView: 4.19
android.widget.TextView: 9
android.widget.TextView: 21 hours ago
android.widget.TextView: Update
android.widget.RelativeLayout@40678118
android.widget.ImageView@406986b8
android.widget.TextView: Mobil
android.widget.TextView: 296 McLean Ave & Allison Ave
android.widget.TextView: Yonkers, NY
android.widget.TextView: 1.63 mi
android.widget.RelativeLayout@40669460
android.widget.FrameLayout@405e4c20
android.widget.RelativeLayout@40558890
android.widget.LinearLayout@405cc100
android.view.View@406e57b8
android.widget.RelativeLayout@406fffd8
android.widget.TextView: Regular
android.view.View@40721d50
android.view.View@406e53f8
android.widget.RelativeLayout@40728780
android.widget.TextView: Midgrade
android.view.View@40556708
android.view.View@406e5558
android.widget.RelativeLayout@405568f8
android.widget.TextView: Premium
android.view.View@406ad958
android.view.View@406e5688
android.widget.RelativeLayout@406adb48
android.widget.TextView: Diesel
android.view.View@406e2220
android.view.View@406ebe80
android.view.View@406b9f58
android.widget.LinearLayout@406ba1a8
android.widget.RelativeLayout@406ba450
android.widget.ImageView@406ad408
android.widget.TextView: Reload
android.widget.RelativeLayout@40644740
android.widget.ImageView@406c1e10
android.widget.TextView: Sort By Price
android.widget.RelativeLayout@406c8c00
android.widget.ImageView@406d2ee8
android.widget.TextView: Map View
android.view.View@406d9c68
gbis.gbandroid.views.layouts.CustomListView@406b4b78
android.widget.TableLayout@40673650
android.widget.TableRow@40684260
android.widget.RelativeLayout@406026a0
android.widget.RelativeLayout@40632270
android.widget.TextView: 4.19
android.widget.TextView: 9
android.widget.TextView: 21 hours ago
android.widget.TextView: Update
android.widget.RelativeLayout@40678118
android.widget.ImageView@406986b8
android.widget.TextView: Mobil
android.widget.TextView: 296 McLean Ave & Allison Ave
android.widget.TextView: Yonkers, NY
android.widget.TextView: 1.63 mi
android.widget.TableLayout@40664058
android.widget.TableRow@406c0f18
android.widget.RelativeLayout@406c1638
android.widget.RelativeLayout@4079f7a8
android.widget.TextView: 4.09
android.widget.TextView: 9
android.widget.TextView: Mon 10:44 AM
android.widget.TextView: Update
android.widget.RelativeLayout@40764428
android.widget.ImageView@406fc458
android.widget.TextView: BP
android.widget.TextView: 3276 Jerome Ave & Risse St
android.widget.TextView: Bronx, NY
android.widget.TextView: 1.63 mi
android.widget.TableLayout@406a6068
android.widget.TableRow@40664f40
android.widget.RelativeLayout@406c4410
android.widget.RelativeLayout@405fd7b0
android.widget.TextView: --
android.widget.TextView: 9
android.widget.TextView: time
android.widget.TextView: Report Price
android.widget.RelativeLayout@406f7798
android.widget.ImageView@406247d0
android.widget.TextView: Gulf
android.widget.TextView: 263 S 5th Ave & W 4th St
android.widget.TextView: Mount Vernon, NY
android.widget.TextView: 1.66 mi
android.widget.TableLayout@40684e10
android.widget.TableRow@4068dfa8
android.widget.RelativeLayout@40690c70
android.widget.RelativeLayout@40698f68
android.widget.TextView: 3.89
android.widget.TextView: 9
android.widget.TextView: 5 hours ago
android.widget.TextView: Update
android.widget.RelativeLayout@40779bb8
android.widget.ImageView@40679a08
android.widget.TextView: BP
android.widget.TextView: 1128 E Gun Hill Rd & Boston Rd
android.widget.TextView: Bronx, NY
android.widget.TextView: 1.67 mi
android.widget.TableLayout@40641ce0
android.widget.TableRow@4064f9c0
android.widget.RelativeLayout@405f0938
android.widget.RelativeLayout@4064b668
android.widget.TextView: --
android.widget.TextView: 9
android.widget.TextView: time
android.widget.TextView: Report Price
android.widget.RelativeLayout@406f27a0
android.widget.ImageView@406f2958
android.widget.TextView: Mobil
android.widget.TextView: 6161 Broadway & W 251st St
android.widget.TextView: Bronx, NY
android.widget.TextView: 1.68 mi
android.widget.RelativeLayout@40669460
android.widget.FrameLayout@405e4c20
android.widget.RelativeLayout@40558890
android.widget.LinearLayout@405cc100
android.view.View@406e57b8
android.widget.RelativeLayout@406fffd8
android.widget.TextView: Regular
android.view.View@40721d50
android.view.View@406e53f8
android.widget.RelativeLayout@40728780
android.widget.TextView: Midgrade
android.view.View@40556708
android.view.View@406e5558
android.widget.RelativeLayout@405568f8
android.widget.TextView: Premium
android.view.View@406ad958
android.view.View@406e5688
android.widget.RelativeLayout@406adb48
android.widget.TextView: Diesel
android.view.View@406e2220
android.view.View@406ebe80
android.view.View@406b9f58
android.widget.LinearLayout@406ba1a8
android.widget.RelativeLayout@406ba450
android.widget.ImageView@406ad408
android.widget.TextView: Reload
android.widget.RelativeLayout@40644740
android.widget.ImageView@406c1e10
android.widget.TextView: Sort By Price
android.widget.RelativeLayout@406c8c00
android.widget.ImageView@406d2ee8
android.widget.TextView: Map View
android.view.View@406d9c68
gbis.gbandroid.views.layouts.CustomListView@406b4b78
android.widget.TableLayout@40641ce0
android.widget.TableRow@4064f9c0
android.widget.RelativeLayout@405f0938
android.widget.RelativeLayout@4064b668
android.widget.TextView: --
android.widget.TextView: 9
android.widget.TextView: time
android.widget.TextView: Report Price
android.widget.RelativeLayout@406f27a0
android.widget.ImageView@406f2958
android.widget.TextView: Mobil
android.widget.TextView: 6161 Broadway & W 251st St
android.widget.TextView: Bronx, NY
android.widget.TextView: 1.68 mi
android.widget.TableLayout@4076ddb0
android.widget.TableRow@4076e2c0
android.widget.RelativeLayout@406ee1c0
android.widget.RelativeLayout@406ee598
android.widget.TextView: 3.99
android.widget.TextView: 9
android.widget.TextView: 47 minutes ago
android.widget.TextView: Update
android.widget.RelativeLayout@4071d788
android.widget.ImageView@4071db48
android.widget.TextView: Sunoco
android.widget.TextView: 493 Central Park Ave & Loring Ave
android.widget.TextView: Yonkers, NY
android.widget.TextView: 1.7 mi
android.widget.TableLayout@406127d0
android.widget.TableRow@4066b2b8
android.widget.RelativeLayout@4066b978
android.widget.RelativeLayout@406ddf98
android.widget.TextView: 4.15
android.widget.TextView: 9
android.widget.TextView: 7 hours ago
android.widget.TextView: Update
android.widget.RelativeLayout@406c68e8
android.widget.ImageView@406d0540
android.widget.TextView: Gulf
android.widget.TextView: 2 West Sandford Blvd & S 4th Ave
android.widget.TextView: Mount Vernon, NY
android.widget.TextView: 1.71 mi
android.widget.TableLayout@4063d758
android.widget.TableRow@406c7ed0
android.widget.RelativeLayout@40720018
android.widget.RelativeLayout@407203f0
android.widget.TextView: --
android.widget.TextView: 9
android.widget.TextView: time
android.widget.TextView: Report Price
android.widget.RelativeLayout@4079fb28
android.widget.ImageView@4079ff00
android.widget.TextView: Getty
android.widget.TextView: 780 Burke Ave & Barnes Ave
android.widget.TextView: Bronx, NY
android.widget.TextView: 1.71 mi
android.widget.TableLayout@4077ada0
android.widget.TableRow@407022f8
android.widget.RelativeLayout@407029a8
android.widget.RelativeLayout@406fec18
android.widget.TextView: 4.25
android.widget.TextView: 9
android.widget.TextView: 3 hours ago
android.widget.TextView: Update
android.widget.RelativeLayout@406533a0
android.widget.ImageView@40653778
android.widget.TextView: BP
android.widget.TextView: 3804 Boston Rd & Baychester Ave
android.widget.TextView: Bronx, NY
android.widget.TextView: 1.71 mi
android.widget.RelativeLayout@40669460
android.widget.FrameLayout@405e4c20
android.widget.RelativeLayout@40558890
android.widget.LinearLayout@405cc100
android.view.View@406e57b8
android.widget.RelativeLayout@406fffd8
android.widget.TextView: Regular
android.view.View@40721d50
android.view.View@406e53f8
android.widget.RelativeLayout@40728780
android.widget.TextView: Midgrade
android.view.View@40556708
android.view.View@406e5558
android.widget.RelativeLayout@405568f8
android.widget.TextView: Premium
android.view.View@406ad958
android.view.View@406e5688
android.widget.RelativeLayout@406adb48
android.widget.TextView: Diesel
android.view.View@406e2220
android.view.View@406ebe80
android.view.View@406b9f58
android.widget.LinearLayout@406ba1a8
android.widget.RelativeLayout@406ba450
android.widget.ImageView@406ad408
android.widget.TextView: Reload
android.widget.RelativeLayout@40644740
android.widget.ImageView@406c1e10
android.widget.TextView: Sort By Price
android.widget.RelativeLayout@406c8c00
android.widget.ImageView@406d2ee8
android.widget.TextView: Map View
android.view.View@406d9c68
gbis.gbandroid.views.layouts.CustomListView@406b4b78
android.widget.TableLayout@40753ff8
android.widget.TableRow@4065de98
android.widget.RelativeLayout@4065e558
android.widget.RelativeLayout@4065e930
android.widget.TextView: 4.25
android.widget.TextView: 9
android.widget.TextView: 3 hours ago
android.widget.TextView: Update
android.widget.RelativeLayout@40660140
android.widget.ImageView@40660518
android.widget.TextView: BP
android.widget.TextView: 3804 Boston Rd & Baychester Ave
android.widget.TextView: Bronx, NY
android.widget.TextView: 1.71 mi
android.widget.TableLayout@4065d110
android.widget.TableRow@40755808
android.widget.RelativeLayout@40755ec8
android.widget.RelativeLayout@407562a0
android.widget.TextView: --
android.widget.TextView: 9
android.widget.TextView: 4 hours ago
android.widget.TextView: Report Price
android.widget.RelativeLayout@40757ab0
android.widget.ImageView@40748758
android.widget.TextView: CITGO
android.widget.TextView: 529 Central Park  & Boone St
android.widget.TextView: Yonkers, NY
android.widget.TextView: 1.73 mi
android.widget.TableLayout@40615848
android.widget.TableRow@40615e18
android.widget.RelativeLayout@40671c20
android.widget.RelativeLayout@40671ff8
android.widget.TextView: 4.19
android.widget.TextView: 9
android.widget.TextView: 5 hours ago
android.widget.TextView: Update
android.widget.RelativeLayout@40633b90
android.widget.ImageView@40633f50
android.widget.TextView: Prime
android.widget.TextView: 6469 Broadway & Mosholu Ave
android.widget.TextView: Bronx, NY
android.widget.TextView: 1.75 mi
android.widget.TableLayout@4063fc08
android.widget.TableRow@406401d8
android.widget.RelativeLayout@4062df00
android.widget.RelativeLayout@4062e2d8
android.widget.TextView: 3.95
android.widget.TextView: 9
android.widget.TextView: 4 hours ago
android.widget.TextView: Update
android.widget.RelativeLayout@40685ec8
android.widget.ImageView@40686288
android.widget.TextView: Gulf
android.widget.TextView: 1255 E Gun Hill Rd & Bouck Ave
android.widget.TextView: Bronx, NY
android.widget.TextView: 1.78 mi
android.widget.TableLayout@4077ada0
android.widget.TableRow@407022f8
android.widget.RelativeLayout@407029a8
android.widget.RelativeLayout@406fec18
android.widget.TextView: 4.19
android.widget.TextView: 9
android.widget.TextView: 6 hours ago
android.widget.TextView: Update
android.widget.RelativeLayout@406533a0
android.widget.ImageView@40653778
android.widget.TextView: Getty
android.widget.TextView: 561 Kimball Ave & Mile Square Rd
android.widget.TextView: Yonkers, NY
android.widget.TextView: 1.79 mi
android.widget.RelativeLayout@40669460
android.widget.FrameLayout@405e4c20
android.widget.RelativeLayout@40558890
android.widget.LinearLayout@405cc100
android.view.View@406e57b8
android.widget.RelativeLayout@406fffd8
android.widget.TextView: Regular
android.view.View@40721d50
android.view.View@406e53f8
android.widget.RelativeLayout@40728780
android.widget.TextView: Midgrade
android.view.View@40556708
android.view.View@406e5558
android.widget.RelativeLayout@405568f8
android.widget.TextView: Premium
android.view.View@406ad958
android.view.View@406e5688
android.widget.RelativeLayout@406adb48
android.widget.TextView: Diesel
android.view.View@406e2220
android.view.View@406ebe80
android.view.View@406b9f58
android.widget.LinearLayout@406ba1a8
android.widget.RelativeLayout@406ba450
android.widget.ImageView@406ad408
android.widget.TextView: Reload
android.widget.RelativeLayout@40644740
android.widget.ImageView@406c1e10
android.widget.TextView: Sort By Price
android.widget.RelativeLayout@406c8c00
android.widget.ImageView@406d2ee8
android.widget.TextView: Map View
android.view.View@406d9c68
gbis.gbandroid.views.layouts.CustomListView@406b4b78
android.widget.TableLayout@4077ada0
android.widget.TableRow@407022f8
android.widget.RelativeLayout@407029a8
android.widget.RelativeLayout@406fec18
android.widget.TextView: 4.19
android.widget.TextView: 9
android.widget.TextView: 6 hours ago
android.widget.TextView: Update
android.widget.RelativeLayout@406533a0
android.widget.ImageView@40653778
android.widget.TextView: Getty
android.widget.TextView: 561 Kimball Ave & Mile Square Rd
android.widget.TextView: Yonkers, NY
android.widget.TextView: 1.79 mi
android.widget.TableLayout@4057ae78
android.widget.TableRow@405abe50
android.widget.RelativeLayout@4057b020
android.widget.RelativeLayout@4057dcd0
android.widget.TextView: 4.19
android.widget.TextView: 9
android.widget.TextView: 21 hours ago
android.widget.TextView: Update
android.widget.RelativeLayout@40582728
android.widget.ImageView@4054fdc8
android.widget.TextView: BP
android.widget.TextView: 191 Mclean Ave & Pelton St
android.widget.TextView: Yonkers, NY
android.widget.TextView: 1.81 mi
android.widget.TableLayout@4057db20
android.widget.TableRow@405e4290
android.widget.RelativeLayout@405ffc40
android.widget.RelativeLayout@40602848
android.widget.TextView: --
android.widget.TextView: 9
android.widget.TextView: time
android.widget.TextView: Report Price
android.widget.RelativeLayout@406046e0
android.widget.ImageView@405b2840
android.widget.TextView: Getty
android.widget.TextView: 3400-08 Baychester Ave & Tillotsin Ave
android.widget.TextView: Bronx, NY
android.widget.TextView: 1.83 mi
android.widget.TableLayout@4057f680
android.widget.TableRow@4066d678
android.widget.RelativeLayout@40605438
android.widget.RelativeLayout@40614050
android.widget.TextView: 3.89
android.widget.TextView: 9
android.widget.TextView: 5 hours ago
android.widget.TextView: Update
android.widget.RelativeLayout@40616bf8
android.widget.ImageView@4061ce98
android.widget.TextView: Lukoil
android.widget.TextView: 6571 Broadway & W 260th St
android.widget.TextView: Bronx, NY
android.widget.TextView: 1.86 mi
android.widget.TableLayout@405806e0
android.widget.TableRow@406c53c8
android.widget.RelativeLayout@40619720
android.widget.RelativeLayout@4061e018
android.widget.TextView: --
android.widget.TextView: 9
android.widget.TextView: time
android.widget.TextView: Report Price
android.widget.RelativeLayout@40620c18
android.widget.ImageView@4063dc68
android.widget.TextView: Lukoil
android.widget.TextView: 3079-3087 Webster Ave & E 203rd St
android.widget.TextView: Bronx, NY
android.widget.TextView: 1.86 mi
android.widget.RelativeLayout@40669460
android.widget.FrameLayout@405e4c20
android.widget.RelativeLayout@40558890
android.widget.LinearLayout@405cc100
android.view.View@406e57b8
android.widget.RelativeLayout@406fffd8
android.widget.TextView: Regular
android.view.View@40721d50
android.view.View@406e53f8
android.widget.RelativeLayout@40728780
android.widget.TextView: Midgrade
android.view.View@40556708
android.view.View@406e5558
android.widget.RelativeLayout@405568f8
android.widget.TextView: Premium
android.view.View@406ad958
android.view.View@406e5688
android.widget.RelativeLayout@406adb48
android.widget.TextView: Diesel
android.view.View@406e2220
android.view.View@406ebe80
android.view.View@406b9f58
android.widget.LinearLayout@406ba1a8
android.widget.RelativeLayout@406ba450
android.widget.ImageView@406ad408
android.widget.TextView: Reload
android.widget.RelativeLayout@40644740
android.widget.ImageView@406c1e10
android.widget.TextView: Sort By Price
android.widget.RelativeLayout@406c8c00
android.widget.ImageView@406d2ee8
android.widget.TextView: Map View
android.view.View@406d9c68
gbis.gbandroid.views.layouts.CustomListView@406b4b78
android.widget.TableLayout@405806e0
android.widget.TableRow@406c53c8
android.widget.RelativeLayout@40619720
android.widget.RelativeLayout@4061e018
android.widget.TextView: --
android.widget.TextView: 9
android.widget.TextView: time
android.widget.TextView: Report Price
android.widget.RelativeLayout@40620c18
android.widget.ImageView@4063dc68
android.widget.TextView: Lukoil
android.widget.TextView: 3079-3087 Webster Ave & E 203rd St
android.widget.TextView: Bronx, NY
android.widget.TextView: 1.86 mi
android.widget.TableLayout@405c4ac0
android.widget.TableRow@406f4638
android.widget.RelativeLayout@40623fa8
android.widget.RelativeLayout@40624e80
android.widget.TextView: 4.09
android.widget.TextView: 9
android.widget.TextView: Mon 4:40 PM
android.widget.TextView: Update
android.widget.RelativeLayout@40627a60
android.widget.ImageView@4079ee08
android.widget.TextView: BP
android.widget.TextView: 3059 Webster Ave & E 202nd St
android.widget.TextView: Bronx, NY
android.widget.TextView: 1.9 mi
android.widget.TableLayout@40670a70
android.widget.TableRow@40684260
android.widget.RelativeLayout@407006e8
android.widget.RelativeLayout@4054c640
android.widget.TextView: --
android.widget.TextView: 9
android.widget.TextView: time
android.widget.TextView: Report Price
android.widget.RelativeLayout@40624b08
android.widget.ImageView@40680f08
android.widget.TextView: Petro USA
android.widget.TextView: 80 West Lincoln Ave & North 8th 
android.widget.TextView: Mount Vernon, NY
android.widget.TextView: 1.93 mi
android.widget.TableLayout@406b8080
android.widget.TableRow@405173c0
android.widget.RelativeLayout@4068dfa8
android.widget.RelativeLayout@406e5f68
android.widget.TextView: --
android.widget.TextView: 9
android.widget.TextView: time
android.widget.TextView: Report Price
android.widget.RelativeLayout@40615628
android.widget.ImageView@4068bb48
android.widget.TextView: Express
android.widget.TextView: 2918 Boston Rd & Arnow
android.widget.TextView: Bronx, NY
android.widget.TextView: 1.95 mi
android.widget.TableLayout@4071c0a0
android.widget.TableRow@40662520
android.widget.RelativeLayout@40611ac8
android.widget.RelativeLayout@4061d588
android.widget.TextView: 4.29
android.widget.TextView: 9
android.widget.TextView: 7 hours ago
android.widget.TextView: Update
android.widget.RelativeLayout@40649e88
android.widget.ImageView@40663aa8
android.widget.TextView: Mobil
android.widget.TextView: 5832 Broadway & W 239th St
android.widget.TextView: Bronx, NY
android.widget.TextView: 1.98 mi
android.widget.RelativeLayout@40669460
android.widget.FrameLayout@405e4c20
android.widget.RelativeLayout@40558890
android.widget.LinearLayout@405cc100
android.view.View@406e57b8
android.widget.RelativeLayout@406fffd8
android.widget.TextView: Regular
android.view.View@40721d50
android.view.View@406e53f8
android.widget.RelativeLayout@40728780
android.widget.TextView: Midgrade
android.view.View@40556708
android.view.View@406e5558
android.widget.RelativeLayout@405568f8
android.widget.TextView: Premium
android.view.View@406ad958
android.view.View@406e5688
android.widget.RelativeLayout@406adb48
android.widget.TextView: Diesel
android.view.View@406e2220
android.view.View@406ebe80
android.view.View@406b9f58
android.widget.LinearLayout@406ba1a8
android.widget.RelativeLayout@406ba450
android.widget.ImageView@406ad408
android.widget.TextView: Reload
android.widget.RelativeLayout@40644740
android.widget.ImageView@406c1e10
android.widget.TextView: Sort By Price
android.widget.RelativeLayout@406c8c00
android.widget.ImageView@406d2ee8
android.widget.TextView: Map View
android.view.View@406d9c68
gbis.gbandroid.views.layouts.CustomListView@406b4b78
android.widget.TableLayout@406b8080
android.widget.TableRow@405173c0
android.widget.RelativeLayout@4068dfa8
android.widget.RelativeLayout@406e5f68
android.widget.TextView: --
android.widget.TextView: 9
android.widget.TextView: time
android.widget.TextView: Report Price
android.widget.RelativeLayout@40615628
android.widget.ImageView@4068bb48
android.widget.TextView: Express
android.widget.TextView: 2918 Boston Rd & Arnow
android.widget.TextView: Bronx, NY
android.widget.TextView: 1.95 mi
android.widget.TableLayout@4071c0a0
android.widget.TableRow@40662520
android.widget.RelativeLayout@40611ac8
android.widget.RelativeLayout@4061d588
android.widget.TextView: 4.29
android.widget.TextView: 9
android.widget.TextView: 7 hours ago
android.widget.TextView: Update
android.widget.RelativeLayout@40649e88
android.widget.ImageView@40663aa8
android.widget.TextView: Mobil
android.widget.TextView: 5832 Broadway & W 239th St
android.widget.TextView: Bronx, NY
android.widget.TextView: 1.98 mi
android.widget.TableLayout@40709388
android.widget.TableRow@40679c78
android.widget.RelativeLayout@406c1a18
android.widget.RelativeLayout@4071f8e8
android.widget.TextView: 4.19
android.widget.TextView: 9
android.widget.TextView: 6 hours ago
android.widget.TextView: Update
android.widget.RelativeLayout@4063efe8
android.widget.ImageView@4063f248
android.widget.TextView: Lukoil
android.widget.TextView: 40 West Lincoln Ave & N 7th Ave
android.widget.TextView: Mount Vernon, NY
android.widget.TextView: 1.98 mi
android.widget.TableLayout@40614958
android.widget.TableRow@4066de50
android.widget.RelativeLayout@4067b718
android.widget.RelativeLayout@4067b9f8
android.widget.TextView: --
android.widget.TextView: 9
android.widget.TextView: time
android.widget.TextView: Report Price
android.widget.RelativeLayout@406ac998
android.widget.ImageView@406206f8
android.widget.TextView: CITGO
android.widget.TextView: 95 Vredernburg Ave & Stillwell Ave
android.widget.TextView: Yonkers, NY
android.widget.TextView: 1.98 mi
android.widget.TableLayout@40645550
android.widget.TableRow@40643548
android.widget.RelativeLayout@40645b28
android.widget.RelativeLayout@406f4988
android.widget.TextView: --
android.widget.TextView: 9
android.widget.TextView: time
android.widget.TextView: Report Price
android.widget.RelativeLayout@406f13a0
android.widget.ImageView@406f1778
android.widget.TextView: CITGO
android.widget.TextView: 197 Franklin Ave & East 3rd 
android.widget.TextView: Mount Vernon, NY
android.widget.TextView: 2.02 mi
android.widget.RelativeLayout@40669460
