emulator-5574
D/umd.troyd(25973): got command getViews
D/umd.troyd(25973): android.widget.FrameLayout@40631908: 16908290 (0)
D/umd.troyd(25973): android.widget.RelativeLayout@40632348: 2131558603 (1)
D/umd.troyd(25973): android.widget.LinearLayout@40632780: -1 (2)
D/umd.troyd(25973): com.walmart.android.ui.ViewStackLayout@40632cd0: 2131558797 (3)
D/umd.troyd(25973): android.widget.RelativeLayout@40641128: -1 (4)
D/umd.troyd(25973): android.widget.RelativeLayout@40641690: 2131558790 (5)
D/umd.troyd(25973): android.widget.LinearLayout@40642210: 2131558790 (6)
D/umd.troyd(25973): android.widget.RelativeLayout@406429f0: -1 (7)
D/umd.troyd(25973): android.widget.Button:  (8)
D/umd.troyd(25973): android.widget.TextView: Search a location (9)
D/umd.troyd(25973): android.widget.Button:  (10)
D/umd.troyd(25973): android.widget.Button:  (11)
D/umd.troyd(25973): android.widget.Button:  (12)
D/umd.troyd(25973): android.widget.RelativeLayout@406476b8: 2131558791 (13)
D/umd.troyd(25973): com.walmart.android.storelocator.StoreMapView@40648950: 2131558792 (14)
D/umd.troyd(25973): android.widget.ListView@40765f48: 2131558521 (15)
D/umd.troyd(25973): android.widget.LinearLayout@406d2738: -1 (16)
D/umd.troyd(25973): android.widget.RelativeLayout@406d2920: -1 (17)
D/umd.troyd(25973): android.widget.RelativeLayout@406d2c38: -1 (18)
D/umd.troyd(25973): android.widget.TextView: Walmart Supercenter (19)
D/umd.troyd(25973): android.widget.TextView: 500 Bayonne Crossing Way (20)
D/umd.troyd(25973): android.widget.TextView: Bayonne, NJ 07002 (21)
D/umd.troyd(25973): android.widget.RelativeLayout@406e97b0: -1 (22)
D/umd.troyd(25973): android.widget.LinearLayout@406e9b30: 2131558801 (23)
D/umd.troyd(25973): android.widget.TextView: 12.26 (24)
D/umd.troyd(25973): android.widget.TextView: miles (25)
D/umd.troyd(25973): android.widget.TextView:  (26)
D/umd.troyd(25973): android.widget.ImageView@405e4af8: 2131558517 (27)
D/umd.troyd(25973): android.widget.LinearLayout@4065bcb8: -1 (28)
D/umd.troyd(25973): android.widget.RelativeLayout@4065bea8: -1 (29)
D/umd.troyd(25973): android.widget.RelativeLayout@4065c1c0: -1 (30)
D/umd.troyd(25973): android.widget.TextView: Walmart Store (31)
D/umd.troyd(25973): android.widget.TextView: 77 Green Acres Rd (32)
D/umd.troyd(25973): android.widget.TextView: Valley Stream, NY 11581 (33)
D/umd.troyd(25973): android.widget.RelativeLayout@406a2e88: -1 (34)
D/umd.troyd(25973): android.widget.LinearLayout@405e7758: 2131558801 (35)
D/umd.troyd(25973): android.widget.TextView: 14.72 (36)
D/umd.troyd(25973): android.widget.TextView: miles (37)
D/umd.troyd(25973): android.widget.TextView:  (38)
D/umd.troyd(25973): android.widget.ImageView@405de078: 2131558517 (39)
D/umd.troyd(25973): android.widget.LinearLayout@405a0968: -1 (40)
D/umd.troyd(25973): android.widget.RelativeLayout@405a0b58: -1 (41)
D/umd.troyd(25973): android.widget.RelativeLayout@406285f8: -1 (42)
D/umd.troyd(25973): android.widget.TextView: Walmart Store (43)
D/umd.troyd(25973): android.widget.TextView: 1601 W Edgar Rd (44)
D/umd.troyd(25973): android.widget.TextView: Linden, NJ 07036 (45)
D/umd.troyd(25973): android.widget.RelativeLayout@406a3190: -1 (46)
D/umd.troyd(25973): android.widget.LinearLayout@406a34d8: 2131558801 (47)
D/umd.troyd(25973): android.widget.TextView: 15.14 (48)
D/umd.troyd(25973): android.widget.TextView: miles (49)
D/umd.troyd(25973): android.widget.TextView:  (50)
D/umd.troyd(25973): android.widget.ImageView@4060c568: 2131558517 (51)
D/umd.troyd(25973): android.widget.LinearLayout@405ea778: -1 (52)
D/umd.troyd(25973): android.widget.RelativeLayout@405ea968: -1 (53)
D/umd.troyd(25973): android.widget.RelativeLayout@407512f0: -1 (54)
D/umd.troyd(25973): android.widget.TextView: Walmart Store (55)
D/umd.troyd(25973): android.widget.TextView: 306 Us Highway 9 N (56)
D/umd.troyd(25973): android.widget.TextView: Woodbridge, NJ 07095 (57)
D/umd.troyd(25973): android.widget.RelativeLayout@4077d518: -1 (58)
D/umd.troyd(25973): android.widget.LinearLayout@4077d798: 2131558801 (59)
D/umd.troyd(25973): android.widget.TextView: 15.57 (60)
D/umd.troyd(25973): android.widget.TextView: miles (61)
D/umd.troyd(25973): android.widget.TextView:  (62)
D/umd.troyd(25973): android.widget.ImageView@4077e848: 2131558517 (63)
D/umd.troyd(25973): android.widget.LinearLayout@406e32a0: -1 (64)
D/umd.troyd(25973): android.widget.RelativeLayout@4069c848: -1 (65)
D/umd.troyd(25973): android.widget.RelativeLayout@4069cb20: -1 (66)
D/umd.troyd(25973): android.widget.TextView: Walmart Store (67)
D/umd.troyd(25973): android.widget.TextView: 1126 Us Highway 9 (68)
D/umd.troyd(25973): android.widget.TextView: Old Bridge, NJ 08857 (69)
D/umd.troyd(25973): android.widget.RelativeLayout@405b79b8: -1 (70)
D/umd.troyd(25973): android.widget.LinearLayout@405b7d18: 2131558801 (71)
D/umd.troyd(25973): android.widget.TextView: 15.86 (72)
D/umd.troyd(25973): android.widget.TextView: miles (73)
D/umd.troyd(25973): android.widget.TextView:  (74)
D/umd.troyd(25973): android.widget.ImageView@4060b778: 2131558517 (75)
D/umd.troyd(25973): android.widget.LinearLayout@40738b70: -1 (76)
D/umd.troyd(25973): android.widget.RelativeLayout@40738d60: -1 (77)
D/umd.troyd(25973): android.widget.RelativeLayout@40739078: -1 (78)
D/umd.troyd(25973): android.widget.TextView: Walmart Supercenter (79)
D/umd.troyd(25973): android.widget.TextView: 3575 State Route 66 (80)
D/umd.troyd(25973): android.widget.TextView: Neptune, NJ 07753 (81)
D/umd.troyd(25973): android.widget.RelativeLayout@405170f8: -1 (82)
D/umd.troyd(25973): android.widget.LinearLayout@40517440: 2131558801 (83)
D/umd.troyd(25973): android.widget.TextView: 16.97 (84)
D/umd.troyd(25973): android.widget.TextView: miles (85)
D/umd.troyd(25973): android.widget.TextView:  (86)
D/umd.troyd(25973): android.widget.ImageView@405e9e78: 2131558517 (87)
D/umd.troyd(25973): android.widget.RelativeLayout@40634990: 2131558541 (88)
D/umd.troyd(25973): android.widget.GridView@40635508: 2131558824 (89)
D/umd.troyd(25973): android.widget.LinearLayout@40636688: 2131558538 (90)
D/umd.troyd(25973): android.widget.RelativeLayout@40637080: 2131558818 (91)
D/umd.troyd(25973): android.widget.ImageButton@406379d0: 2131558819 (92)
D/umd.troyd(25973): android.widget.RelativeLayout@40637ee8: -1 (93)
D/umd.troyd(25973): android.widget.ImageView@406382d8: 2131558820 (94)
D/umd.troyd(25973): android.widget.TextView: Stores (95)
D/umd.troyd(25973): android.widget.RelativeLayout@406391e0: -1 (96)
D/umd.troyd(25973): android.widget.Button:  (97)
D/umd.troyd(25973): android.widget.ImageView@40639d50: 2131558823 (98)
D/umd.troyd(25973): android.widget.LinearLayout@40639fe0: 2131558542 (99)
D/umd.troyd(25973): got command getViews
D/umd.troyd(25973): android.widget.FrameLayout@40631908: 16908290 (0)
D/umd.troyd(25973): android.widget.RelativeLayout@40632348: 2131558603 (1)
D/umd.troyd(25973): android.widget.LinearLayout@40632780: -1 (2)
D/umd.troyd(25973): com.walmart.android.ui.ViewStackLayout@40632cd0: 2131558797 (3)
D/umd.troyd(25973): android.widget.RelativeLayout@40641128: -1 (4)
D/umd.troyd(25973): android.widget.RelativeLayout@40641690: 2131558790 (5)
D/umd.troyd(25973): android.widget.LinearLayout@40642210: 2131558790 (6)
D/umd.troyd(25973): android.widget.RelativeLayout@406429f0: -1 (7)
D/umd.troyd(25973): android.widget.Button:  (8)
D/umd.troyd(25973): android.widget.TextView: Search a location (9)
D/umd.troyd(25973): android.widget.Button:  (10)
D/umd.troyd(25973): android.widget.Button:  (11)
D/umd.troyd(25973): android.widget.Button:  (12)
D/umd.troyd(25973): android.widget.RelativeLayout@406476b8: 2131558791 (13)
D/umd.troyd(25973): com.walmart.android.storelocator.StoreMapView@40648950: 2131558792 (14)
D/umd.troyd(25973): android.widget.ListView@40765f48: 2131558521 (15)
D/umd.troyd(25973): android.widget.LinearLayout@40738b70: -1 (16)
D/umd.troyd(25973): android.widget.RelativeLayout@40738d60: -1 (17)
D/umd.troyd(25973): android.widget.RelativeLayout@40739078: -1 (18)
D/umd.troyd(25973): android.widget.TextView: Walmart Supercenter (19)
D/umd.troyd(25973): android.widget.TextView: 3575 State Route 66 (20)
D/umd.troyd(25973): android.widget.TextView: Neptune, NJ 07753 (21)
D/umd.troyd(25973): android.widget.RelativeLayout@405170f8: -1 (22)
D/umd.troyd(25973): android.widget.LinearLayout@40517440: 2131558801 (23)
D/umd.troyd(25973): android.widget.TextView: 16.97 (24)
D/umd.troyd(25973): android.widget.TextView: miles (25)
D/umd.troyd(25973): android.widget.TextView:  (26)
D/umd.troyd(25973): android.widget.ImageView@405e9e78: 2131558517 (27)
D/umd.troyd(25973): android.widget.LinearLayout@407e58d0: -1 (28)
D/umd.troyd(25973): android.widget.RelativeLayout@407e5ac0: -1 (29)
D/umd.troyd(25973): android.widget.RelativeLayout@407e5e68: -1 (30)
D/umd.troyd(25973): android.widget.TextView: Walmart Store (31)
D/umd.troyd(25973): android.widget.TextView: 150 Harrison Ave (32)
D/umd.troyd(25973): android.widget.TextView: Kearny, NJ 07032 (33)
D/umd.troyd(25973): android.widget.RelativeLayout@407e7178: -1 (34)
D/umd.troyd(25973): android.widget.LinearLayout@407e7588: 2131558801 (35)
D/umd.troyd(25973): android.widget.TextView: 17.51 (36)
D/umd.troyd(25973): android.widget.TextView: miles (37)
D/umd.troyd(25973): android.widget.TextView:  (38)
D/umd.troyd(25973): android.widget.ImageView@407e8640: 2131558517 (39)
D/umd.troyd(25973): android.widget.LinearLayout@407ea0c8: -1 (40)
D/umd.troyd(25973): android.widget.RelativeLayout@407ea2b8: -1 (41)
D/umd.troyd(25973): android.widget.RelativeLayout@407ea660: -1 (42)
D/umd.troyd(25973): android.widget.TextView: Walmart Supercenter (43)
D/umd.troyd(25973): android.widget.TextView: 400 Park Pl (44)
D/umd.troyd(25973): android.widget.TextView: Secaucus, NJ 07094 (45)
D/umd.troyd(25973): android.widget.RelativeLayout@40517ed0: -1 (46)
D/umd.troyd(25973): android.widget.LinearLayout@405b3e58: 2131558801 (47)
D/umd.troyd(25973): android.widget.TextView: 18.58 (48)
D/umd.troyd(25973): android.widget.TextView: miles (49)
D/umd.troyd(25973): android.widget.TextView:  (50)
D/umd.troyd(25973): android.widget.ImageView@405d50f0: 2131558517 (51)
D/umd.troyd(25973): android.widget.LinearLayout@405e21b8: -1 (52)
D/umd.troyd(25973): android.widget.RelativeLayout@4067b1b8: -1 (53)
D/umd.troyd(25973): android.widget.RelativeLayout@407299f0: -1 (54)
D/umd.troyd(25973): android.widget.TextView: Walmart Store (55)
D/umd.troyd(25973): android.widget.TextView: 2220 State Route 27 (56)
D/umd.troyd(25973): android.widget.TextView: Edison, NJ 08817 (57)
D/umd.troyd(25973): android.widget.RelativeLayout@407318a8: -1 (58)
D/umd.troyd(25973): android.widget.LinearLayout@405e4df0: 2131558801 (59)
D/umd.troyd(25973): android.widget.TextView: 19.29 (60)
D/umd.troyd(25973): android.widget.TextView: miles (61)
D/umd.troyd(25973): android.widget.TextView:  (62)
D/umd.troyd(25973): android.widget.ImageView@40644748: 2131558517 (63)
D/umd.troyd(25973): android.widget.LinearLayout@4067b580: -1 (64)
D/umd.troyd(25973): android.widget.RelativeLayout@40734468: -1 (65)
D/umd.troyd(25973): android.widget.RelativeLayout@40738310: -1 (66)
D/umd.troyd(25973): android.widget.TextView: Walmart Store (67)
D/umd.troyd(25973): android.widget.TextView: 900 Springfield Rd (68)
D/umd.troyd(25973): android.widget.TextView: Union, NJ 07083 (69)
D/umd.troyd(25973): android.widget.RelativeLayout@407457a0: -1 (70)
D/umd.troyd(25973): android.widget.LinearLayout@40738770: 2131558801 (71)
D/umd.troyd(25973): android.widget.TextView: 19.60 (72)
D/umd.troyd(25973): android.widget.TextView: miles (73)
D/umd.troyd(25973): android.widget.TextView:  (74)
D/umd.troyd(25973): android.widget.ImageView@407e5728: 2131558517 (75)
D/umd.troyd(25973): android.widget.LinearLayout@4075c488: -1 (76)
D/umd.troyd(25973): android.widget.RelativeLayout@4075e2a8: -1 (77)
D/umd.troyd(25973): android.widget.RelativeLayout@407992f8: -1 (78)
D/umd.troyd(25973): android.widget.TextView: Walmart Supercenter (79)
D/umd.troyd(25973): android.widget.TextView: 2100 88Th St (80)
D/umd.troyd(25973): android.widget.TextView: North Bergen, NJ 07047 (81)
D/umd.troyd(25973): android.widget.RelativeLayout@40581ac0: -1 (82)
D/umd.troyd(25973): android.widget.LinearLayout@40581e98: 2131558801 (83)
D/umd.troyd(25973): android.widget.TextView: 19.65 (84)
D/umd.troyd(25973): android.widget.TextView: miles (85)
D/umd.troyd(25973): android.widget.TextView:  (86)
D/umd.troyd(25973): android.widget.ImageView@405c63e8: 2131558517 (87)
D/umd.troyd(25973): android.widget.RelativeLayout@40634990: 2131558541 (88)
D/umd.troyd(25973): android.widget.GridView@40635508: 2131558824 (89)
D/umd.troyd(25973): android.widget.LinearLayout@40636688: 2131558538 (90)
D/umd.troyd(25973): android.widget.RelativeLayout@40637080: 2131558818 (91)
D/umd.troyd(25973): android.widget.ImageButton@406379d0: 2131558819 (92)
D/umd.troyd(25973): android.widget.RelativeLayout@40637ee8: -1 (93)
D/umd.troyd(25973): android.widget.ImageView@406382d8: 2131558820 (94)
D/umd.troyd(25973): android.widget.TextView: Stores (95)
D/umd.troyd(25973): android.widget.RelativeLayout@406391e0: -1 (96)
D/umd.troyd(25973): android.widget.Button:  (97)
D/umd.troyd(25973): android.widget.ImageView@40639d50: 2131558823 (98)
D/umd.troyd(25973): android.widget.LinearLayout@40639fe0: 2131558542 (99)
D/umd.troyd(25973): got command getViews
D/umd.troyd(25973): android.widget.FrameLayout@40631908: 16908290 (0)
D/umd.troyd(25973): android.widget.RelativeLayout@40632348: 2131558603 (1)
D/umd.troyd(25973): android.widget.LinearLayout@40632780: -1 (2)
D/umd.troyd(25973): com.walmart.android.ui.ViewStackLayout@40632cd0: 2131558797 (3)
D/umd.troyd(25973): android.widget.RelativeLayout@40641128: -1 (4)
D/umd.troyd(25973): android.widget.RelativeLayout@40641690: 2131558790 (5)
D/umd.troyd(25973): android.widget.LinearLayout@40642210: 2131558790 (6)
D/umd.troyd(25973): android.widget.RelativeLayout@406429f0: -1 (7)
D/umd.troyd(25973): android.widget.Button:  (8)
D/umd.troyd(25973): android.widget.TextView: Search a location (9)
D/umd.troyd(25973): android.widget.Button:  (10)
D/umd.troyd(25973): android.widget.Button:  (11)
D/umd.troyd(25973): android.widget.Button:  (12)
D/umd.troyd(25973): android.widget.RelativeLayout@406476b8: 2131558791 (13)
D/umd.troyd(25973): com.walmart.android.storelocator.StoreMapView@40648950: 2131558792 (14)
D/umd.troyd(25973): android.widget.ListView@40765f48: 2131558521 (15)
D/umd.troyd(25973): android.widget.LinearLayout@4075c488: -1 (16)
D/umd.troyd(25973): android.widget.RelativeLayout@4075e2a8: -1 (17)
D/umd.troyd(25973): android.widget.RelativeLayout@407992f8: -1 (18)
D/umd.troyd(25973): android.widget.TextView: Walmart Supercenter (19)
D/umd.troyd(25973): android.widget.TextView: 2100 88Th St (20)
D/umd.troyd(25973): android.widget.TextView: North Bergen, NJ 07047 (21)
D/umd.troyd(25973): android.widget.RelativeLayout@40581ac0: -1 (22)
D/umd.troyd(25973): android.widget.LinearLayout@40581e98: 2131558801 (23)
D/umd.troyd(25973): android.widget.TextView: 19.65 (24)
D/umd.troyd(25973): android.widget.TextView: miles (25)
D/umd.troyd(25973): android.widget.TextView:  (26)
D/umd.troyd(25973): android.widget.ImageView@405c63e8: 2131558517 (27)
D/umd.troyd(25973): android.widget.LinearLayout@406d2738: -1 (28)
D/umd.troyd(25973): android.widget.RelativeLayout@406d2920: -1 (29)
D/umd.troyd(25973): android.widget.RelativeLayout@406d2c38: -1 (30)
D/umd.troyd(25973): android.widget.TextView: Walmart Store (31)
D/umd.troyd(25973): android.widget.TextView: 1123 Jerusalem Ave (32)
D/umd.troyd(25973): android.widget.TextView: Uniondale, NY 11553 (33)
D/umd.troyd(25973): android.widget.RelativeLayout@406e97b0: -1 (34)
D/umd.troyd(25973): android.widget.LinearLayout@406e9b30: 2131558801 (35)
D/umd.troyd(25973): android.widget.TextView: 21.20 (36)
D/umd.troyd(25973): android.widget.TextView: miles (37)
D/umd.troyd(25973): android.widget.TextView:  (38)
D/umd.troyd(25973): android.widget.ImageView@405e4af8: 2131558517 (39)
D/umd.troyd(25973): android.widget.LinearLayout@4065bcb8: -1 (40)
D/umd.troyd(25973): android.widget.RelativeLayout@4065bea8: -1 (41)
D/umd.troyd(25973): android.widget.RelativeLayout@4065c1c0: -1 (42)
D/umd.troyd(25973): android.widget.TextView: Walmart Supercenter (43)
D/umd.troyd(25973): android.widget.TextView: 326 W Main St (44)
D/umd.troyd(25973): android.widget.TextView: Freehold, NJ 07728 (45)
D/umd.troyd(25973): android.widget.RelativeLayout@406a2e88: -1 (46)
D/umd.troyd(25973): android.widget.LinearLayout@405e7758: 2131558801 (47)
D/umd.troyd(25973): android.widget.TextView: 21.29 (48)
D/umd.troyd(25973): android.widget.TextView: miles (49)
D/umd.troyd(25973): android.widget.TextView:  (50)
D/umd.troyd(25973): android.widget.ImageView@405de078: 2131558517 (51)
D/umd.troyd(25973): android.widget.LinearLayout@405a0968: -1 (52)
D/umd.troyd(25973): android.widget.RelativeLayout@405a0b58: -1 (53)
D/umd.troyd(25973): android.widget.RelativeLayout@406285f8: -1 (54)
D/umd.troyd(25973): android.widget.TextView: Walmart Store (55)
D/umd.troyd(25973): android.widget.TextView: 1220 Old Country Rd (56)
D/umd.troyd(25973): android.widget.TextView: Westbury, NY 11590 (57)
D/umd.troyd(25973): android.widget.RelativeLayout@406a3190: -1 (58)
D/umd.troyd(25973): android.widget.LinearLayout@406a34d8: 2131558801 (59)
D/umd.troyd(25973): android.widget.TextView: 22.25 (60)
D/umd.troyd(25973): android.widget.TextView: miles (61)
D/umd.troyd(25973): android.widget.TextView:  (62)
D/umd.troyd(25973): android.widget.ImageView@4060c568: 2131558517 (63)
D/umd.troyd(25973): android.widget.LinearLayout@405ea778: -1 (64)
D/umd.troyd(25973): android.widget.RelativeLayout@405ea968: -1 (65)
D/umd.troyd(25973): android.widget.RelativeLayout@407512f0: -1 (66)
D/umd.troyd(25973): android.widget.TextView: Walmart Store (67)
D/umd.troyd(25973): android.widget.TextView: 1303 Centennial Ave (68)
D/umd.troyd(25973): android.widget.TextView: Piscataway, NJ 08854 (69)
D/umd.troyd(25973): android.widget.RelativeLayout@4077d518: -1 (70)
D/umd.troyd(25973): android.widget.LinearLayout@4077d798: 2131558801 (71)
D/umd.troyd(25973): android.widget.TextView: 22.39 (72)
D/umd.troyd(25973): android.widget.TextView: miles (73)
D/umd.troyd(25973): android.widget.TextView:  (74)
D/umd.troyd(25973): android.widget.ImageView@4077e848: 2131558517 (75)
D/umd.troyd(25973): android.widget.LinearLayout@406e32a0: -1 (76)
D/umd.troyd(25973): android.widget.RelativeLayout@4069c848: -1 (77)
D/umd.troyd(25973): android.widget.RelativeLayout@4069cb20: -1 (78)
D/umd.troyd(25973): android.widget.TextView: Walmart Store (79)
D/umd.troyd(25973): android.widget.TextView: 1501 Us Highway 22 (80)
D/umd.troyd(25973): android.widget.TextView: Watchung, NJ 07069 (81)
D/umd.troyd(25973): android.widget.RelativeLayout@405b79b8: -1 (82)
D/umd.troyd(25973): android.widget.LinearLayout@405b7d18: 2131558801 (83)
D/umd.troyd(25973): android.widget.TextView: 22.95 (84)
D/umd.troyd(25973): android.widget.TextView: miles (85)
D/umd.troyd(25973): android.widget.TextView:  (86)
D/umd.troyd(25973): android.widget.ImageView@4060b778: 2131558517 (87)
D/umd.troyd(25973): android.widget.RelativeLayout@40634990: 2131558541 (88)
D/umd.troyd(25973): android.widget.GridView@40635508: 2131558824 (89)
D/umd.troyd(25973): android.widget.LinearLayout@40636688: 2131558538 (90)
D/umd.troyd(25973): android.widget.RelativeLayout@40637080: 2131558818 (91)
D/umd.troyd(25973): android.widget.ImageButton@406379d0: 2131558819 (92)
D/umd.troyd(25973): android.widget.RelativeLayout@40637ee8: -1 (93)
D/umd.troyd(25973): android.widget.ImageView@406382d8: 2131558820 (94)
D/umd.troyd(25973): android.widget.TextView: Stores (95)
D/umd.troyd(25973): android.widget.RelativeLayout@406391e0: -1 (96)
D/umd.troyd(25973): android.widget.Button:  (97)
D/umd.troyd(25973): android.widget.ImageView@40639d50: 2131558823 (98)
D/umd.troyd(25973): android.widget.LinearLayout@40639fe0: 2131558542 (99)
D/umd.troyd(25973): got command getViews
D/umd.troyd(25973): android.widget.FrameLayout@40631908: 16908290 (0)
D/umd.troyd(25973): android.widget.RelativeLayout@40632348: 2131558603 (1)
D/umd.troyd(25973): android.widget.LinearLayout@40632780: -1 (2)
D/umd.troyd(25973): com.walmart.android.ui.ViewStackLayout@40632cd0: 2131558797 (3)
D/umd.troyd(25973): android.widget.RelativeLayout@40641128: -1 (4)
D/umd.troyd(25973): android.widget.RelativeLayout@40641690: 2131558790 (5)
D/umd.troyd(25973): android.widget.LinearLayout@40642210: 2131558790 (6)
D/umd.troyd(25973): android.widget.RelativeLayout@406429f0: -1 (7)
D/umd.troyd(25973): android.widget.Button:  (8)
D/umd.troyd(25973): android.widget.TextView: Search a location (9)
D/umd.troyd(25973): android.widget.Button:  (10)
D/umd.troyd(25973): android.widget.Button:  (11)
D/umd.troyd(25973): android.widget.Button:  (12)
D/umd.troyd(25973): android.widget.RelativeLayout@406476b8: 2131558791 (13)
D/umd.troyd(25973): com.walmart.android.storelocator.StoreMapView@40648950: 2131558792 (14)
D/umd.troyd(25973): android.widget.ListView@40765f48: 2131558521 (15)
D/umd.troyd(25973): android.widget.LinearLayout@406e32a0: -1 (16)
D/umd.troyd(25973): android.widget.RelativeLayout@4069c848: -1 (17)
D/umd.troyd(25973): android.widget.RelativeLayout@4069cb20: -1 (18)
D/umd.troyd(25973): android.widget.TextView: Walmart Store (19)
D/umd.troyd(25973): android.widget.TextView: 1501 Us Highway 22 (20)
D/umd.troyd(25973): android.widget.TextView: Watchung, NJ 07069 (21)
D/umd.troyd(25973): android.widget.RelativeLayout@405b79b8: -1 (22)
D/umd.troyd(25973): android.widget.LinearLayout@405b7d18: 2131558801 (23)
D/umd.troyd(25973): android.widget.TextView: 22.95 (24)
D/umd.troyd(25973): android.widget.TextView: miles (25)
D/umd.troyd(25973): android.widget.TextView:  (26)
D/umd.troyd(25973): android.widget.ImageView@4060b778: 2131558517 (27)
D/umd.troyd(25973): android.widget.LinearLayout@40738b70: -1 (28)
D/umd.troyd(25973): android.widget.RelativeLayout@40738d60: -1 (29)
D/umd.troyd(25973): android.widget.RelativeLayout@40739078: -1 (30)
D/umd.troyd(25973): android.widget.TextView: Walmart Store (31)
D/umd.troyd(25973): android.widget.TextView: 979 Route#1 South (32)
D/umd.troyd(25973): android.widget.TextView: North Brunswick, NJ 08902 (33)
D/umd.troyd(25973): android.widget.RelativeLayout@405170f8: -1 (34)
D/umd.troyd(25973): android.widget.LinearLayout@40517440: 2131558801 (35)
D/umd.troyd(25973): android.widget.TextView: 23.28 (36)
D/umd.troyd(25973): android.widget.TextView: miles (37)
D/umd.troyd(25973): android.widget.TextView:  (38)
D/umd.troyd(25973): android.widget.ImageView@405e9e78: 2131558517 (39)
D/umd.troyd(25973): android.widget.LinearLayout@407e58d0: -1 (40)
D/umd.troyd(25973): android.widget.RelativeLayout@407e5ac0: -1 (41)
D/umd.troyd(25973): android.widget.RelativeLayout@407e5e68: -1 (42)
D/umd.troyd(25973): android.widget.TextView: Walmart Supercenter (43)
D/umd.troyd(25973): android.widget.TextView: 174 Passaic St (44)
D/umd.troyd(25973): android.widget.TextView: Garfield, NJ 07026 (45)
D/umd.troyd(25973): android.widget.RelativeLayout@407e7178: -1 (46)
D/umd.troyd(25973): android.widget.LinearLayout@407e7588: 2131558801 (47)
D/umd.troyd(25973): android.widget.TextView: 23.56 (48)
D/umd.troyd(25973): android.widget.TextView: miles (49)
D/umd.troyd(25973): android.widget.TextView:  (50)
D/umd.troyd(25973): android.widget.ImageView@407e8640: 2131558517 (51)
D/umd.troyd(25973): android.widget.LinearLayout@407ea0c8: -1 (52)
D/umd.troyd(25973): android.widget.RelativeLayout@407ea2b8: -1 (53)
D/umd.troyd(25973): android.widget.RelativeLayout@407ea660: -1 (54)
D/umd.troyd(25973): android.widget.TextView: Walmart Store (55)
D/umd.troyd(25973): android.widget.TextView: 2465 Hempstead Tpke (56)
D/umd.troyd(25973): android.widget.TextView: East Meadow, NY 11554 (57)
D/umd.troyd(25973): android.widget.RelativeLayout@40517ed0: -1 (58)
D/umd.troyd(25973): android.widget.LinearLayout@405b3e58: 2131558801 (59)
D/umd.troyd(25973): android.widget.TextView: 23.59 (60)
D/umd.troyd(25973): android.widget.TextView: miles (61)
D/umd.troyd(25973): android.widget.TextView:  (62)
D/umd.troyd(25973): android.widget.ImageView@405d50f0: 2131558517 (63)
D/umd.troyd(25973): android.widget.LinearLayout@405e21b8: -1 (64)
D/umd.troyd(25973): android.widget.RelativeLayout@4067b1b8: -1 (65)
D/umd.troyd(25973): android.widget.RelativeLayout@407299f0: -1 (66)
D/umd.troyd(25973): android.widget.TextView: Walmart Store (67)
D/umd.troyd(25973): android.widget.TextView: 4900 U.S. Hwy #9 (68)
D/umd.troyd(25973): android.widget.TextView: Howell, NJ 07731 (69)
D/umd.troyd(25973): android.widget.RelativeLayout@407318a8: -1 (70)
D/umd.troyd(25973): android.widget.LinearLayout@405e4df0: 2131558801 (71)
D/umd.troyd(25973): android.widget.TextView: 24.67 (72)
D/umd.troyd(25973): android.widget.TextView: miles (73)
D/umd.troyd(25973): android.widget.TextView:  (74)
D/umd.troyd(25973): android.widget.ImageView@40644748: 2131558517 (75)
D/umd.troyd(25973): android.widget.LinearLayout@4067b580: -1 (76)
D/umd.troyd(25973): android.widget.RelativeLayout@40734468: -1 (77)
D/umd.troyd(25973): android.widget.RelativeLayout@40738310: -1 (78)
D/umd.troyd(25973): android.widget.TextView: Walmart Store (79)
D/umd.troyd(25973): android.widget.TextView: 189 Us Highway 46 (80)
D/umd.troyd(25973): android.widget.TextView: Saddle Brook, NJ 07663 (81)
D/umd.troyd(25973): android.widget.RelativeLayout@407457a0: -1 (82)
D/umd.troyd(25973): android.widget.LinearLayout@40738770: 2131558801 (83)
D/umd.troyd(25973): android.widget.TextView: 24.95 (84)
D/umd.troyd(25973): android.widget.TextView: miles (85)
D/umd.troyd(25973): android.widget.TextView:  (86)
D/umd.troyd(25973): android.widget.ImageView@407e5728: 2131558517 (87)
D/umd.troyd(25973): android.widget.RelativeLayout@40634990: 2131558541 (88)
D/umd.troyd(25973): android.widget.GridView@40635508: 2131558824 (89)
D/umd.troyd(25973): android.widget.LinearLayout@40636688: 2131558538 (90)
D/umd.troyd(25973): android.widget.RelativeLayout@40637080: 2131558818 (91)
D/umd.troyd(25973): android.widget.ImageButton@406379d0: 2131558819 (92)
D/umd.troyd(25973): android.widget.RelativeLayout@40637ee8: -1 (93)
D/umd.troyd(25973): android.widget.ImageView@406382d8: 2131558820 (94)
D/umd.troyd(25973): android.widget.TextView: Stores (95)
D/umd.troyd(25973): android.widget.RelativeLayout@406391e0: -1 (96)
D/umd.troyd(25973): android.widget.Button:  (97)
D/umd.troyd(25973): android.widget.ImageView@40639d50: 2131558823 (98)
D/umd.troyd(25973): android.widget.LinearLayout@40639fe0: 2131558542 (99)
D/umd.troyd(25973): got command getViews
D/umd.troyd(25973): android.widget.FrameLayout@40631908: 16908290 (0)
D/umd.troyd(25973): android.widget.RelativeLayout@40632348: 2131558603 (1)
D/umd.troyd(25973): android.widget.LinearLayout@40632780: -1 (2)
D/umd.troyd(25973): com.walmart.android.ui.ViewStackLayout@40632cd0: 2131558797 (3)
D/umd.troyd(25973): android.widget.RelativeLayout@40641128: -1 (4)
D/umd.troyd(25973): android.widget.RelativeLayout@40641690: 2131558790 (5)
D/umd.troyd(25973): android.widget.LinearLayout@40642210: 2131558790 (6)
D/umd.troyd(25973): android.widget.RelativeLayout@406429f0: -1 (7)
D/umd.troyd(25973): android.widget.Button:  (8)
D/umd.troyd(25973): android.widget.TextView: Search a location (9)
D/umd.troyd(25973): android.widget.Button:  (10)
D/umd.troyd(25973): android.widget.Button:  (11)
D/umd.troyd(25973): android.widget.Button:  (12)
D/umd.troyd(25973): android.widget.RelativeLayout@406476b8: 2131558791 (13)
D/umd.troyd(25973): com.walmart.android.storelocator.StoreMapView@40648950: 2131558792 (14)
D/umd.troyd(25973): android.widget.ListView@40765f48: 2131558521 (15)
D/umd.troyd(25973): android.widget.LinearLayout@4067b580: -1 (16)
D/umd.troyd(25973): android.widget.RelativeLayout@40734468: -1 (17)
D/umd.troyd(25973): android.widget.RelativeLayout@40738310: -1 (18)
D/umd.troyd(25973): android.widget.TextView: Walmart Store (19)
D/umd.troyd(25973): android.widget.TextView: 189 Us Highway 46 (20)
D/umd.troyd(25973): android.widget.TextView: Saddle Brook, NJ 07663 (21)
D/umd.troyd(25973): android.widget.RelativeLayout@407457a0: -1 (22)
D/umd.troyd(25973): android.widget.LinearLayout@40738770: 2131558801 (23)
D/umd.troyd(25973): android.widget.TextView: 24.95 (24)
D/umd.troyd(25973): android.widget.TextView: miles (25)
D/umd.troyd(25973): android.widget.TextView:  (26)
D/umd.troyd(25973): android.widget.ImageView@407e5728: 2131558517 (27)
D/umd.troyd(25973): android.widget.LinearLayout@4075c488: -1 (28)
D/umd.troyd(25973): android.widget.RelativeLayout@4075e2a8: -1 (29)
D/umd.troyd(25973): android.widget.RelativeLayout@407992f8: -1 (30)
D/umd.troyd(25973): android.widget.TextView: Walmart Store (31)
D/umd.troyd(25973): android.widget.TextView: 1872 Route 88 (32)
D/umd.troyd(25973): android.widget.TextView: Brick, NJ 08724 (33)
D/umd.troyd(25973): android.widget.RelativeLayout@40581ac0: -1 (34)
D/umd.troyd(25973): android.widget.LinearLayout@40581e98: 2131558801 (35)
D/umd.troyd(25973): android.widget.TextView: 26.16 (36)
D/umd.troyd(25973): android.widget.TextView: miles (37)
D/umd.troyd(25973): android.widget.TextView:  (38)
D/umd.troyd(25973): android.widget.ImageView@405c63e8: 2131558517 (39)
D/umd.troyd(25973): android.widget.LinearLayout@406d2738: -1 (40)
D/umd.troyd(25973): android.widget.RelativeLayout@406d2920: -1 (41)
D/umd.troyd(25973): android.widget.RelativeLayout@406d2c38: -1 (42)
D/umd.troyd(25973): android.widget.TextView: Walmart Store (43)
D/umd.troyd(25973): android.widget.TextView: 200 Sunrise Mall (44)
D/umd.troyd(25973): android.widget.TextView: Massapequa, NY 11758 (45)
D/umd.troyd(25973): android.widget.RelativeLayout@406e97b0: -1 (46)
D/umd.troyd(25973): android.widget.LinearLayout@406e9b30: 2131558801 (47)
D/umd.troyd(25973): android.widget.TextView: 26.55 (48)
D/umd.troyd(25973): android.widget.TextView: miles (49)
D/umd.troyd(25973): android.widget.TextView:  (50)
D/umd.troyd(25973): android.widget.ImageView@405e4af8: 2131558517 (51)
D/umd.troyd(25973): android.widget.LinearLayout@4065bcb8: -1 (52)
D/umd.troyd(25973): android.widget.RelativeLayout@4065bea8: -1 (53)
D/umd.troyd(25973): android.widget.RelativeLayout@4065c1c0: -1 (54)
D/umd.troyd(25973): android.widget.TextView: Walmart Store (55)
D/umd.troyd(25973): android.widget.TextView: 965 Broadhollow Rd (56)
D/umd.troyd(25973): android.widget.TextView: Farmingdale, NY 11735 (57)
D/umd.troyd(25973): android.widget.RelativeLayout@406a2e88: -1 (58)
D/umd.troyd(25973): android.widget.LinearLayout@405e7758: 2131558801 (59)
D/umd.troyd(25973): android.widget.TextView: 28.30 (60)
D/umd.troyd(25973): android.widget.TextView: miles (61)
D/umd.troyd(25973): android.widget.TextView:  (62)
D/umd.troyd(25973): android.widget.ImageView@405de078: 2131558517 (63)
D/umd.troyd(25973): android.widget.LinearLayout@405a0968: -1 (64)
D/umd.troyd(25973): android.widget.RelativeLayout@405a0b58: -1 (65)
D/umd.troyd(25973): android.widget.RelativeLayout@406285f8: -1 (66)
D/umd.troyd(25973): android.widget.TextView: Walmart Store (67)
D/umd.troyd(25973): android.widget.TextView: 100 No. Main Street (68)
D/umd.troyd(25973): android.widget.TextView: Manville, NJ 08835 (69)
D/umd.troyd(25973): android.widget.RelativeLayout@406a3190: -1 (70)
D/umd.troyd(25973): android.widget.LinearLayout@406a34d8: 2131558801 (71)
D/umd.troyd(25973): android.widget.TextView: 28.73 (72)
D/umd.troyd(25973): android.widget.TextView: miles (73)
D/umd.troyd(25973): android.widget.TextView:  (74)
D/umd.troyd(25973): android.widget.ImageView@4060c568: 2131558517 (75)
D/umd.troyd(25973): android.widget.LinearLayout@405ea778: -1 (76)
D/umd.troyd(25973): android.widget.RelativeLayout@405ea968: -1 (77)
D/umd.troyd(25973): android.widget.RelativeLayout@407512f0: -1 (78)
D/umd.troyd(25973): android.widget.TextView: Walmart Store (79)
D/umd.troyd(25973): android.widget.TextView: 235 Ridgedale Ave (80)
D/umd.troyd(25973): android.widget.TextView: Cedar Knolls, NJ 07927 (81)
D/umd.troyd(25973): android.widget.RelativeLayout@4077d518: -1 (82)
D/umd.troyd(25973): android.widget.LinearLayout@4077d798: 2131558801 (83)
D/umd.troyd(25973): android.widget.TextView: 29.76 (84)
D/umd.troyd(25973): android.widget.TextView: miles (85)
D/umd.troyd(25973): android.widget.TextView:  (86)
D/umd.troyd(25973): android.widget.ImageView@4077e848: 2131558517 (87)
D/umd.troyd(25973): android.widget.RelativeLayout@40634990: 2131558541 (88)
D/umd.troyd(25973): android.widget.GridView@40635508: 2131558824 (89)
D/umd.troyd(25973): android.widget.LinearLayout@40636688: 2131558538 (90)
D/umd.troyd(25973): android.widget.RelativeLayout@40637080: 2131558818 (91)
D/umd.troyd(25973): android.widget.ImageButton@406379d0: 2131558819 (92)
D/umd.troyd(25973): android.widget.RelativeLayout@40637ee8: -1 (93)
D/umd.troyd(25973): android.widget.ImageView@406382d8: 2131558820 (94)
D/umd.troyd(25973): android.widget.TextView: Stores (95)
D/umd.troyd(25973): android.widget.RelativeLayout@406391e0: -1 (96)
D/umd.troyd(25973): android.widget.Button:  (97)
D/umd.troyd(25973): android.widget.ImageView@40639d50: 2131558823 (98)
D/umd.troyd(25973): android.widget.LinearLayout@40639fe0: 2131558542 (99)
