emulator-5568
D/umd.troyd(26206): got command getViews
D/umd.troyd(26206): android.widget.FrameLayout@406cf020: 16908290 (0)
D/umd.troyd(26206): android.widget.RelativeLayout@406cfa60: 2131558603 (1)
D/umd.troyd(26206): android.widget.LinearLayout@4071afc0: -1 (2)
D/umd.troyd(26206): com.walmart.android.ui.ViewStackLayout@4071b510: 2131558797 (3)
D/umd.troyd(26206): android.widget.RelativeLayout@4072c1d0: -1 (4)
D/umd.troyd(26206): android.widget.RelativeLayout@4072c738: 2131558790 (5)
D/umd.troyd(26206): android.widget.LinearLayout@4072d2b8: 2131558790 (6)
D/umd.troyd(26206): android.widget.RelativeLayout@4072da98: -1 (7)
D/umd.troyd(26206): android.widget.Button:  (8)
D/umd.troyd(26206): android.widget.TextView: Search a location (9)
D/umd.troyd(26206): android.widget.Button:  (10)
D/umd.troyd(26206): android.widget.Button:  (11)
D/umd.troyd(26206): android.widget.Button:  (12)
D/umd.troyd(26206): android.widget.RelativeLayout@40732350: 2131558791 (13)
D/umd.troyd(26206): com.walmart.android.storelocator.StoreMapView@407335e8: 2131558792 (14)
D/umd.troyd(26206): android.widget.ListView@4073c8d8: 2131558521 (15)
D/umd.troyd(26206): android.widget.LinearLayout@4078c750: -1 (16)
D/umd.troyd(26206): android.widget.RelativeLayout@405ef540: -1 (17)
D/umd.troyd(26206): android.widget.RelativeLayout@4071d9b8: -1 (18)
D/umd.troyd(26206): android.widget.TextView: Walmart Store (19)
D/umd.troyd(26206): android.widget.TextView: 1126 Us Highway 9 (20)
D/umd.troyd(26206): android.widget.TextView: Old Bridge, NJ 08857 (21)
D/umd.troyd(26206): android.widget.RelativeLayout@405ec5e0: -1 (22)
D/umd.troyd(26206): android.widget.LinearLayout@4054c4f8: 2131558801 (23)
D/umd.troyd(26206): android.widget.TextView: 11.68 (24)
D/umd.troyd(26206): android.widget.TextView: miles (25)
D/umd.troyd(26206): android.widget.TextView:  (26)
D/umd.troyd(26206): android.widget.ImageView@4061da48: 2131558517 (27)
D/umd.troyd(26206): android.widget.LinearLayout@4060fb08: -1 (28)
D/umd.troyd(26206): android.widget.RelativeLayout@4060fc58: -1 (29)
D/umd.troyd(26206): android.widget.RelativeLayout@40529c68: -1 (30)
D/umd.troyd(26206): android.widget.TextView: Walmart Store (31)
D/umd.troyd(26206): android.widget.TextView: 306 Us Highway 9 N (32)
D/umd.troyd(26206): android.widget.TextView: Woodbridge, NJ 07095 (33)
D/umd.troyd(26206): android.widget.RelativeLayout@40691e60: -1 (34)
D/umd.troyd(26206): android.widget.LinearLayout@406ce0a8: 2131558801 (35)
D/umd.troyd(26206): android.widget.TextView: 12.57 (36)
D/umd.troyd(26206): android.widget.TextView: miles (37)
D/umd.troyd(26206): android.widget.TextView:  (38)
D/umd.troyd(26206): android.widget.ImageView@4073f028: 2131558517 (39)
D/umd.troyd(26206): android.widget.LinearLayout@40667700: -1 (40)
D/umd.troyd(26206): android.widget.RelativeLayout@406678f0: -1 (41)
D/umd.troyd(26206): android.widget.RelativeLayout@405cc0d8: -1 (42)
D/umd.troyd(26206): android.widget.TextView: Walmart Supercenter (43)
D/umd.troyd(26206): android.widget.TextView: 500 Bayonne Crossing Way (44)
D/umd.troyd(26206): android.widget.TextView: Bayonne, NJ 07002 (45)
D/umd.troyd(26206): android.widget.RelativeLayout@407116d0: -1 (46)
D/umd.troyd(26206): android.widget.LinearLayout@40718308: 2131558801 (47)
D/umd.troyd(26206): android.widget.TextView: 13.19 (48)
D/umd.troyd(26206): android.widget.TextView: miles (49)
D/umd.troyd(26206): android.widget.TextView:  (50)
D/umd.troyd(26206): android.widget.ImageView@4072d5c0: 2131558517 (51)
D/umd.troyd(26206): android.widget.LinearLayout@40714e80: -1 (52)
D/umd.troyd(26206): android.widget.RelativeLayout@40715050: -1 (53)
D/umd.troyd(26206): android.widget.RelativeLayout@407197e8: -1 (54)
D/umd.troyd(26206): android.widget.TextView: Walmart Supercenter (55)
D/umd.troyd(26206): android.widget.TextView: 3575 State Route 66 (56)
D/umd.troyd(26206): android.widget.TextView: Neptune, NJ 07753 (57)
D/umd.troyd(26206): android.widget.RelativeLayout@405fada0: -1 (58)
D/umd.troyd(26206): android.widget.LinearLayout@40781ae0: 2131558801 (59)
D/umd.troyd(26206): android.widget.TextView: 13.41 (60)
D/umd.troyd(26206): android.widget.TextView: miles (61)
D/umd.troyd(26206): android.widget.TextView:  (62)
D/umd.troyd(26206): android.widget.ImageView@406cf178: 2131558517 (63)
D/umd.troyd(26206): android.widget.LinearLayout@4067b748: -1 (64)
D/umd.troyd(26206): android.widget.RelativeLayout@4067b938: -1 (65)
D/umd.troyd(26206): android.widget.RelativeLayout@40782420: -1 (66)
D/umd.troyd(26206): android.widget.TextView: Walmart Store (67)
D/umd.troyd(26206): android.widget.TextView: 1601 W Edgar Rd (68)
D/umd.troyd(26206): android.widget.TextView: Linden, NJ 07036 (69)
D/umd.troyd(26206): android.widget.RelativeLayout@405e1300: -1 (70)
D/umd.troyd(26206): android.widget.LinearLayout@407910c0: 2131558801 (71)
D/umd.troyd(26206): android.widget.TextView: 13.64 (72)
D/umd.troyd(26206): android.widget.TextView: miles (73)
D/umd.troyd(26206): android.widget.TextView:  (74)
D/umd.troyd(26206): android.widget.ImageView@40740cc8: 2131558517 (75)
D/umd.troyd(26206): android.widget.LinearLayout@4074f728: -1 (76)
D/umd.troyd(26206): android.widget.RelativeLayout@407063f0: -1 (77)
D/umd.troyd(26206): android.widget.RelativeLayout@407066d0: -1 (78)
D/umd.troyd(26206): android.widget.TextView: Walmart Store (79)
D/umd.troyd(26206): android.widget.TextView: 2220 State Route 27 (80)
D/umd.troyd(26206): android.widget.TextView: Edison, NJ 08817 (81)
D/umd.troyd(26206): android.widget.RelativeLayout@4075d920: -1 (82)
D/umd.troyd(26206): android.widget.LinearLayout@4060ab68: 2131558801 (83)
D/umd.troyd(26206): android.widget.TextView: 16.00 (84)
D/umd.troyd(26206): android.widget.TextView: miles (85)
D/umd.troyd(26206): android.widget.TextView:  (86)
D/umd.troyd(26206): android.widget.ImageView@407531e8: 2131558517 (87)
D/umd.troyd(26206): android.widget.RelativeLayout@4071d640: 2131558541 (88)
D/umd.troyd(26206): android.widget.GridView@4071e1b8: 2131558824 (89)
D/umd.troyd(26206): android.widget.LinearLayout@4071f338: 2131558538 (90)
D/umd.troyd(26206): android.widget.RelativeLayout@4071fd30: 2131558818 (91)
D/umd.troyd(26206): android.widget.ImageButton@40720680: 2131558819 (92)
D/umd.troyd(26206): android.widget.RelativeLayout@40720b98: -1 (93)
D/umd.troyd(26206): android.widget.ImageView@40720f88: 2131558820 (94)
D/umd.troyd(26206): android.widget.TextView: Stores (95)
D/umd.troyd(26206): android.widget.RelativeLayout@40721e90: -1 (96)
D/umd.troyd(26206): android.widget.Button:  (97)
D/umd.troyd(26206): android.widget.ImageView@40722a00: 2131558823 (98)
D/umd.troyd(26206): android.widget.LinearLayout@40722c90: 2131558542 (99)
D/umd.troyd(26206): got command getViews
D/umd.troyd(26206): android.widget.FrameLayout@406cf020: 16908290 (0)
D/umd.troyd(26206): android.widget.RelativeLayout@406cfa60: 2131558603 (1)
D/umd.troyd(26206): android.widget.LinearLayout@4071afc0: -1 (2)
D/umd.troyd(26206): com.walmart.android.ui.ViewStackLayout@4071b510: 2131558797 (3)
D/umd.troyd(26206): android.widget.RelativeLayout@4072c1d0: -1 (4)
D/umd.troyd(26206): android.widget.RelativeLayout@4072c738: 2131558790 (5)
D/umd.troyd(26206): android.widget.LinearLayout@4072d2b8: 2131558790 (6)
D/umd.troyd(26206): android.widget.RelativeLayout@4072da98: -1 (7)
D/umd.troyd(26206): android.widget.Button:  (8)
D/umd.troyd(26206): android.widget.TextView: Search a location (9)
D/umd.troyd(26206): android.widget.Button:  (10)
D/umd.troyd(26206): android.widget.Button:  (11)
D/umd.troyd(26206): android.widget.Button:  (12)
D/umd.troyd(26206): android.widget.RelativeLayout@40732350: 2131558791 (13)
D/umd.troyd(26206): com.walmart.android.storelocator.StoreMapView@407335e8: 2131558792 (14)
D/umd.troyd(26206): android.widget.ListView@4073c8d8: 2131558521 (15)
D/umd.troyd(26206): android.widget.LinearLayout@4074f728: -1 (16)
D/umd.troyd(26206): android.widget.RelativeLayout@407063f0: -1 (17)
D/umd.troyd(26206): android.widget.RelativeLayout@407066d0: -1 (18)
D/umd.troyd(26206): android.widget.TextView: Walmart Store (19)
D/umd.troyd(26206): android.widget.TextView: 2220 State Route 27 (20)
D/umd.troyd(26206): android.widget.TextView: Edison, NJ 08817 (21)
D/umd.troyd(26206): android.widget.RelativeLayout@4075d920: -1 (22)
D/umd.troyd(26206): android.widget.LinearLayout@4060ab68: 2131558801 (23)
D/umd.troyd(26206): android.widget.TextView: 16.00 (24)
D/umd.troyd(26206): android.widget.TextView: miles (25)
D/umd.troyd(26206): android.widget.TextView:  (26)
D/umd.troyd(26206): android.widget.ImageView@407531e8: 2131558517 (27)
D/umd.troyd(26206): android.widget.LinearLayout@407c8e50: -1 (28)
D/umd.troyd(26206): android.widget.RelativeLayout@407c9040: -1 (29)
D/umd.troyd(26206): android.widget.RelativeLayout@407c93e8: -1 (30)
D/umd.troyd(26206): android.widget.TextView: Walmart Supercenter (31)
D/umd.troyd(26206): android.widget.TextView: 326 W Main St (32)
D/umd.troyd(26206): android.widget.TextView: Freehold, NJ 07728 (33)
D/umd.troyd(26206): android.widget.RelativeLayout@407ca6f8: -1 (34)
D/umd.troyd(26206): android.widget.LinearLayout@407cab08: 2131558801 (35)
D/umd.troyd(26206): android.widget.TextView: 16.60 (36)
D/umd.troyd(26206): android.widget.TextView: miles (37)
D/umd.troyd(26206): android.widget.TextView:  (38)
D/umd.troyd(26206): android.widget.ImageView@407cbbc0: 2131558517 (39)
D/umd.troyd(26206): android.widget.LinearLayout@406ffa28: -1 (40)
D/umd.troyd(26206): android.widget.RelativeLayout@405fca78: -1 (41)
D/umd.troyd(26206): android.widget.RelativeLayout@4078d948: -1 (42)
D/umd.troyd(26206): android.widget.TextView: Walmart Store (43)
D/umd.troyd(26206): android.widget.TextView: 900 Springfield Rd (44)
D/umd.troyd(26206): android.widget.TextView: Union, NJ 07083 (45)
D/umd.troyd(26206): android.widget.RelativeLayout@40703dc8: -1 (46)
D/umd.troyd(26206): android.widget.LinearLayout@407c8ca8: 2131558801 (47)
D/umd.troyd(26206): android.widget.TextView: 18.59 (48)
D/umd.troyd(26206): android.widget.TextView: miles (49)
D/umd.troyd(26206): android.widget.TextView:  (50)
D/umd.troyd(26206): android.widget.ImageView@407d6038: 2131558517 (51)
D/umd.troyd(26206): android.widget.LinearLayout@407d74d0: -1 (52)
D/umd.troyd(26206): android.widget.RelativeLayout@40718618: -1 (53)
D/umd.troyd(26206): android.widget.RelativeLayout@40577528: -1 (54)
D/umd.troyd(26206): android.widget.TextView: Walmart Store (55)
D/umd.troyd(26206): android.widget.TextView: 150 Harrison Ave (56)
D/umd.troyd(26206): android.widget.TextView: Kearny, NJ 07032 (57)
D/umd.troyd(26206): android.widget.RelativeLayout@40716f50: -1 (58)
D/umd.troyd(26206): android.widget.LinearLayout@407d9b70: 2131558801 (59)
D/umd.troyd(26206): android.widget.TextView: 18.61 (60)
D/umd.troyd(26206): android.widget.TextView: miles (61)
D/umd.troyd(26206): android.widget.TextView:  (62)
D/umd.troyd(26206): android.widget.ImageView@407dba88: 2131558517 (63)
D/umd.troyd(26206): android.widget.LinearLayout@407dd648: -1 (64)
D/umd.troyd(26206): android.widget.RelativeLayout@407e0f10: -1 (65)
D/umd.troyd(26206): android.widget.RelativeLayout@40671a38: -1 (66)
D/umd.troyd(26206): android.widget.TextView: Walmart Store (67)
D/umd.troyd(26206): android.widget.TextView: 1303 Centennial Ave (68)
D/umd.troyd(26206): android.widget.TextView: Piscataway, NJ 08854 (69)
D/umd.troyd(26206): android.widget.RelativeLayout@40695a90: -1 (70)
D/umd.troyd(26206): android.widget.LinearLayout@407deef0: 2131558801 (71)
D/umd.troyd(26206): android.widget.TextView: 19.22 (72)
D/umd.troyd(26206): android.widget.TextView: miles (73)
D/umd.troyd(26206): android.widget.TextView:  (74)
D/umd.troyd(26206): android.widget.ImageView@407e2ef8: 2131558517 (75)
D/umd.troyd(26206): android.widget.LinearLayout@407e68d8: -1 (76)
D/umd.troyd(26206): android.widget.RelativeLayout@407889c8: -1 (77)
D/umd.troyd(26206): android.widget.RelativeLayout@40792798: -1 (78)
D/umd.troyd(26206): android.widget.TextView: Walmart Store (79)
D/umd.troyd(26206): android.widget.TextView: 979 Route#1 South (80)
D/umd.troyd(26206): android.widget.TextView: North Brunswick, NJ 08902 (81)
D/umd.troyd(26206): android.widget.RelativeLayout@405caeb8: -1 (82)
D/umd.troyd(26206): android.widget.LinearLayout@407e88e8: 2131558801 (83)
D/umd.troyd(26206): android.widget.TextView: 19.26 (84)
D/umd.troyd(26206): android.widget.TextView: miles (85)
D/umd.troyd(26206): android.widget.TextView:  (86)
D/umd.troyd(26206): android.widget.ImageView@407ea768: 2131558517 (87)
D/umd.troyd(26206): android.widget.RelativeLayout@4071d640: 2131558541 (88)
D/umd.troyd(26206): android.widget.GridView@4071e1b8: 2131558824 (89)
D/umd.troyd(26206): android.widget.LinearLayout@4071f338: 2131558538 (90)
D/umd.troyd(26206): android.widget.RelativeLayout@4071fd30: 2131558818 (91)
D/umd.troyd(26206): android.widget.ImageButton@40720680: 2131558819 (92)
D/umd.troyd(26206): android.widget.RelativeLayout@40720b98: -1 (93)
D/umd.troyd(26206): android.widget.ImageView@40720f88: 2131558820 (94)
D/umd.troyd(26206): android.widget.TextView: Stores (95)
D/umd.troyd(26206): android.widget.RelativeLayout@40721e90: -1 (96)
D/umd.troyd(26206): android.widget.Button:  (97)
D/umd.troyd(26206): android.widget.ImageView@40722a00: 2131558823 (98)
D/umd.troyd(26206): android.widget.LinearLayout@40722c90: 2131558542 (99)
D/umd.troyd(26206): got command getViews
D/umd.troyd(26206): android.widget.FrameLayout@406cf020: 16908290 (0)
D/umd.troyd(26206): android.widget.RelativeLayout@406cfa60: 2131558603 (1)
D/umd.troyd(26206): android.widget.LinearLayout@4071afc0: -1 (2)
D/umd.troyd(26206): com.walmart.android.ui.ViewStackLayout@4071b510: 2131558797 (3)
D/umd.troyd(26206): android.widget.RelativeLayout@4072c1d0: -1 (4)
D/umd.troyd(26206): android.widget.RelativeLayout@4072c738: 2131558790 (5)
D/umd.troyd(26206): android.widget.LinearLayout@4072d2b8: 2131558790 (6)
D/umd.troyd(26206): android.widget.RelativeLayout@4072da98: -1 (7)
D/umd.troyd(26206): android.widget.Button:  (8)
D/umd.troyd(26206): android.widget.TextView: Search a location (9)
D/umd.troyd(26206): android.widget.Button:  (10)
D/umd.troyd(26206): android.widget.Button:  (11)
D/umd.troyd(26206): android.widget.Button:  (12)
D/umd.troyd(26206): android.widget.RelativeLayout@40732350: 2131558791 (13)
D/umd.troyd(26206): com.walmart.android.storelocator.StoreMapView@407335e8: 2131558792 (14)
D/umd.troyd(26206): android.widget.ListView@4073c8d8: 2131558521 (15)
D/umd.troyd(26206): android.widget.LinearLayout@407e68d8: -1 (16)
D/umd.troyd(26206): android.widget.RelativeLayout@407889c8: -1 (17)
D/umd.troyd(26206): android.widget.RelativeLayout@40792798: -1 (18)
D/umd.troyd(26206): android.widget.TextView: Walmart Store (19)
D/umd.troyd(26206): android.widget.TextView: 979 Route#1 South (20)
D/umd.troyd(26206): android.widget.TextView: North Brunswick, NJ 08902 (21)
D/umd.troyd(26206): android.widget.RelativeLayout@405caeb8: -1 (22)
D/umd.troyd(26206): android.widget.LinearLayout@407e88e8: 2131558801 (23)
D/umd.troyd(26206): android.widget.TextView: 19.26 (24)
D/umd.troyd(26206): android.widget.TextView: miles (25)
D/umd.troyd(26206): android.widget.TextView:  (26)
D/umd.troyd(26206): android.widget.ImageView@407ea768: 2131558517 (27)
D/umd.troyd(26206): android.widget.LinearLayout@4078c750: -1 (28)
D/umd.troyd(26206): android.widget.RelativeLayout@405ef540: -1 (29)
D/umd.troyd(26206): android.widget.RelativeLayout@4071d9b8: -1 (30)
D/umd.troyd(26206): android.widget.TextView: Walmart Store (31)
D/umd.troyd(26206): android.widget.TextView: 77 Green Acres Rd (32)
D/umd.troyd(26206): android.widget.TextView: Valley Stream, NY 11581 (33)
D/umd.troyd(26206): android.widget.RelativeLayout@405ec5e0: -1 (34)
D/umd.troyd(26206): android.widget.LinearLayout@4054c4f8: 2131558801 (35)
D/umd.troyd(26206): android.widget.TextView: 19.44 (36)
D/umd.troyd(26206): android.widget.TextView: miles (37)
D/umd.troyd(26206): android.widget.TextView:  (38)
D/umd.troyd(26206): android.widget.ImageView@4061da48: 2131558517 (39)
D/umd.troyd(26206): android.widget.LinearLayout@4060fb08: -1 (40)
D/umd.troyd(26206): android.widget.RelativeLayout@4060fc58: -1 (41)
D/umd.troyd(26206): android.widget.RelativeLayout@40529c68: -1 (42)
D/umd.troyd(26206): android.widget.TextView: Walmart Store (43)
D/umd.troyd(26206): android.widget.TextView: 4900 U.S. Hwy #9 (44)
D/umd.troyd(26206): android.widget.TextView: Howell, NJ 07731 (45)
D/umd.troyd(26206): android.widget.RelativeLayout@40691e60: -1 (46)
D/umd.troyd(26206): android.widget.LinearLayout@406ce0a8: 2131558801 (47)
D/umd.troyd(26206): android.widget.TextView: 20.51 (48)
D/umd.troyd(26206): android.widget.TextView: miles (49)
D/umd.troyd(26206): android.widget.TextView:  (50)
D/umd.troyd(26206): android.widget.ImageView@4073f028: 2131558517 (51)
D/umd.troyd(26206): android.widget.LinearLayout@40667700: -1 (52)
D/umd.troyd(26206): android.widget.RelativeLayout@406678f0: -1 (53)
D/umd.troyd(26206): android.widget.RelativeLayout@405cc0d8: -1 (54)
D/umd.troyd(26206): android.widget.TextView: Walmart Store (55)
D/umd.troyd(26206): android.widget.TextView: 1501 Us Highway 22 (56)
D/umd.troyd(26206): android.widget.TextView: Watchung, NJ 07069 (57)
D/umd.troyd(26206): android.widget.RelativeLayout@407116d0: -1 (58)
D/umd.troyd(26206): android.widget.LinearLayout@40718308: 2131558801 (59)
D/umd.troyd(26206): android.widget.TextView: 20.71 (60)
D/umd.troyd(26206): android.widget.TextView: miles (61)
D/umd.troyd(26206): android.widget.TextView:  (62)
D/umd.troyd(26206): android.widget.ImageView@4072d5c0: 2131558517 (63)
D/umd.troyd(26206): android.widget.LinearLayout@40714e80: -1 (64)
D/umd.troyd(26206): android.widget.RelativeLayout@40715050: -1 (65)
D/umd.troyd(26206): android.widget.RelativeLayout@407197e8: -1 (66)
D/umd.troyd(26206): android.widget.TextView: Walmart Supercenter (67)
D/umd.troyd(26206): android.widget.TextView: 400 Park Pl (68)
D/umd.troyd(26206): android.widget.TextView: Secaucus, NJ 07094 (69)
D/umd.troyd(26206): android.widget.RelativeLayout@405fada0: -1 (70)
D/umd.troyd(26206): android.widget.LinearLayout@40781ae0: 2131558801 (71)
D/umd.troyd(26206): android.widget.TextView: 20.83 (72)
D/umd.troyd(26206): android.widget.TextView: miles (73)
D/umd.troyd(26206): android.widget.TextView:  (74)
D/umd.troyd(26206): android.widget.ImageView@406cf178: 2131558517 (75)
D/umd.troyd(26206): android.widget.LinearLayout@4067b748: -1 (76)
D/umd.troyd(26206): android.widget.RelativeLayout@4067b938: -1 (77)
D/umd.troyd(26206): android.widget.RelativeLayout@40782420: -1 (78)
D/umd.troyd(26206): android.widget.TextView: Walmart Supercenter (79)
D/umd.troyd(26206): android.widget.TextView: 2100 88Th St (80)
D/umd.troyd(26206): android.widget.TextView: North Bergen, NJ 07047 (81)
D/umd.troyd(26206): android.widget.RelativeLayout@405e1300: -1 (82)
D/umd.troyd(26206): android.widget.LinearLayout@407910c0: 2131558801 (83)
D/umd.troyd(26206): android.widget.TextView: 22.18 (84)
D/umd.troyd(26206): android.widget.TextView: miles (85)
D/umd.troyd(26206): android.widget.TextView:  (86)
D/umd.troyd(26206): android.widget.ImageView@40740cc8: 2131558517 (87)
D/umd.troyd(26206): android.widget.RelativeLayout@4071d640: 2131558541 (88)
D/umd.troyd(26206): android.widget.GridView@4071e1b8: 2131558824 (89)
D/umd.troyd(26206): android.widget.LinearLayout@4071f338: 2131558538 (90)
D/umd.troyd(26206): android.widget.RelativeLayout@4071fd30: 2131558818 (91)
D/umd.troyd(26206): android.widget.ImageButton@40720680: 2131558819 (92)
D/umd.troyd(26206): android.widget.RelativeLayout@40720b98: -1 (93)
D/umd.troyd(26206): android.widget.ImageView@40720f88: 2131558820 (94)
D/umd.troyd(26206): android.widget.TextView: Stores (95)
D/umd.troyd(26206): android.widget.RelativeLayout@40721e90: -1 (96)
D/umd.troyd(26206): android.widget.Button:  (97)
D/umd.troyd(26206): android.widget.ImageView@40722a00: 2131558823 (98)
D/umd.troyd(26206): android.widget.LinearLayout@40722c90: 2131558542 (99)
D/umd.troyd(26206): got command getViews
D/umd.troyd(26206): android.widget.FrameLayout@406cf020: 16908290 (0)
D/umd.troyd(26206): android.widget.RelativeLayout@406cfa60: 2131558603 (1)
D/umd.troyd(26206): android.widget.LinearLayout@4071afc0: -1 (2)
D/umd.troyd(26206): com.walmart.android.ui.ViewStackLayout@4071b510: 2131558797 (3)
D/umd.troyd(26206): android.widget.RelativeLayout@4072c1d0: -1 (4)
D/umd.troyd(26206): android.widget.RelativeLayout@4072c738: 2131558790 (5)
D/umd.troyd(26206): android.widget.LinearLayout@4072d2b8: 2131558790 (6)
D/umd.troyd(26206): android.widget.RelativeLayout@4072da98: -1 (7)
D/umd.troyd(26206): android.widget.Button:  (8)
D/umd.troyd(26206): android.widget.TextView: Search a location (9)
D/umd.troyd(26206): android.widget.Button:  (10)
D/umd.troyd(26206): android.widget.Button:  (11)
D/umd.troyd(26206): android.widget.Button:  (12)
D/umd.troyd(26206): android.widget.RelativeLayout@40732350: 2131558791 (13)
D/umd.troyd(26206): com.walmart.android.storelocator.StoreMapView@407335e8: 2131558792 (14)
D/umd.troyd(26206): android.widget.ListView@4073c8d8: 2131558521 (15)
D/umd.troyd(26206): android.widget.LinearLayout@4067b748: -1 (16)
D/umd.troyd(26206): android.widget.RelativeLayout@4067b938: -1 (17)
D/umd.troyd(26206): android.widget.RelativeLayout@40782420: -1 (18)
D/umd.troyd(26206): android.widget.TextView: Walmart Supercenter (19)
D/umd.troyd(26206): android.widget.TextView: 2100 88Th St (20)
D/umd.troyd(26206): android.widget.TextView: North Bergen, NJ 07047 (21)
D/umd.troyd(26206): android.widget.RelativeLayout@405e1300: -1 (22)
D/umd.troyd(26206): android.widget.LinearLayout@407910c0: 2131558801 (23)
D/umd.troyd(26206): android.widget.TextView: 22.18 (24)
D/umd.troyd(26206): android.widget.TextView: miles (25)
D/umd.troyd(26206): android.widget.TextView:  (26)
D/umd.troyd(26206): android.widget.ImageView@40740cc8: 2131558517 (27)
D/umd.troyd(26206): android.widget.LinearLayout@4074f728: -1 (28)
D/umd.troyd(26206): android.widget.RelativeLayout@407063f0: -1 (29)
D/umd.troyd(26206): android.widget.RelativeLayout@407066d0: -1 (30)
D/umd.troyd(26206): android.widget.TextView: Walmart Store (31)
D/umd.troyd(26206): android.widget.TextView: 1872 Route 88 (32)
D/umd.troyd(26206): android.widget.TextView: Brick, NJ 08724 (33)
D/umd.troyd(26206): android.widget.RelativeLayout@4075d920: -1 (34)
D/umd.troyd(26206): android.widget.LinearLayout@4060ab68: 2131558801 (35)
D/umd.troyd(26206): android.widget.TextView: 22.66 (36)
D/umd.troyd(26206): android.widget.TextView: miles (37)
D/umd.troyd(26206): android.widget.TextView:  (38)
D/umd.troyd(26206): android.widget.ImageView@407531e8: 2131558517 (39)
D/umd.troyd(26206): android.widget.LinearLayout@407c8e50: -1 (40)
D/umd.troyd(26206): android.widget.RelativeLayout@407c9040: -1 (41)
D/umd.troyd(26206): android.widget.RelativeLayout@407c93e8: -1 (42)
D/umd.troyd(26206): android.widget.TextView: Walmart Store (43)
D/umd.troyd(26206): android.widget.TextView: 100 No. Main Street (44)
D/umd.troyd(26206): android.widget.TextView: Manville, NJ 08835 (45)
D/umd.troyd(26206): android.widget.RelativeLayout@407ca6f8: -1 (46)
D/umd.troyd(26206): android.widget.LinearLayout@407cab08: 2131558801 (47)
D/umd.troyd(26206): android.widget.TextView: 25.29 (48)
D/umd.troyd(26206): android.widget.TextView: miles (49)
D/umd.troyd(26206): android.widget.TextView:  (50)
D/umd.troyd(26206): android.widget.ImageView@407cbbc0: 2131558517 (51)
D/umd.troyd(26206): android.widget.LinearLayout@406ffa28: -1 (52)
D/umd.troyd(26206): android.widget.RelativeLayout@405fca78: -1 (53)
D/umd.troyd(26206): android.widget.RelativeLayout@4078d948: -1 (54)
D/umd.troyd(26206): android.widget.TextView: Walmart Supercenter (55)
D/umd.troyd(26206): android.widget.TextView: 174 Passaic St (56)
D/umd.troyd(26206): android.widget.TextView: Garfield, NJ 07026 (57)
D/umd.troyd(26206): android.widget.RelativeLayout@40703dc8: -1 (58)
D/umd.troyd(26206): android.widget.LinearLayout@407c8ca8: 2131558801 (59)
D/umd.troyd(26206): android.widget.TextView: 25.42 (60)
D/umd.troyd(26206): android.widget.TextView: miles (61)
D/umd.troyd(26206): android.widget.TextView:  (62)
D/umd.troyd(26206): android.widget.ImageView@407d6038: 2131558517 (63)
D/umd.troyd(26206): android.widget.LinearLayout@407d74d0: -1 (64)
D/umd.troyd(26206): android.widget.RelativeLayout@40718618: -1 (65)
D/umd.troyd(26206): android.widget.RelativeLayout@40577528: -1 (66)
D/umd.troyd(26206): android.widget.TextView: Walmart Store (67)
D/umd.troyd(26206): android.widget.TextView: 839 Us Highway 130 (68)
D/umd.troyd(26206): android.widget.TextView: East Windsor, NJ 08520 (69)
D/umd.troyd(26206): android.widget.RelativeLayout@40716f50: -1 (70)
D/umd.troyd(26206): android.widget.LinearLayout@407d9b70: 2131558801 (71)
D/umd.troyd(26206): android.widget.TextView: 25.88 (72)
D/umd.troyd(26206): android.widget.TextView: miles (73)
D/umd.troyd(26206): android.widget.TextView:  (74)
D/umd.troyd(26206): android.widget.ImageView@407dba88: 2131558517 (75)
D/umd.troyd(26206): android.widget.LinearLayout@407dd648: -1 (76)
D/umd.troyd(26206): android.widget.RelativeLayout@407e0f10: -1 (77)
D/umd.troyd(26206): android.widget.RelativeLayout@40671a38: -1 (78)
D/umd.troyd(26206): android.widget.TextView: Walmart Store (79)
D/umd.troyd(26206): android.widget.TextView: 1123 Jerusalem Ave (80)
D/umd.troyd(26206): android.widget.TextView: Uniondale, NY 11553 (81)
D/umd.troyd(26206): android.widget.RelativeLayout@40695a90: -1 (82)
D/umd.troyd(26206): android.widget.LinearLayout@407deef0: 2131558801 (83)
D/umd.troyd(26206): android.widget.TextView: 25.99 (84)
D/umd.troyd(26206): android.widget.TextView: miles (85)
D/umd.troyd(26206): android.widget.TextView:  (86)
D/umd.troyd(26206): android.widget.ImageView@407e2ef8: 2131558517 (87)
D/umd.troyd(26206): android.widget.RelativeLayout@4071d640: 2131558541 (88)
D/umd.troyd(26206): android.widget.GridView@4071e1b8: 2131558824 (89)
D/umd.troyd(26206): android.widget.LinearLayout@4071f338: 2131558538 (90)
D/umd.troyd(26206): android.widget.RelativeLayout@4071fd30: 2131558818 (91)
D/umd.troyd(26206): android.widget.ImageButton@40720680: 2131558819 (92)
D/umd.troyd(26206): android.widget.RelativeLayout@40720b98: -1 (93)
D/umd.troyd(26206): android.widget.ImageView@40720f88: 2131558820 (94)
D/umd.troyd(26206): android.widget.TextView: Stores (95)
D/umd.troyd(26206): android.widget.RelativeLayout@40721e90: -1 (96)
D/umd.troyd(26206): android.widget.Button:  (97)
D/umd.troyd(26206): android.widget.ImageView@40722a00: 2131558823 (98)
D/umd.troyd(26206): android.widget.LinearLayout@40722c90: 2131558542 (99)
D/umd.troyd(26206): got command getViews
D/umd.troyd(26206): android.widget.FrameLayout@406cf020: 16908290 (0)
D/umd.troyd(26206): android.widget.RelativeLayout@406cfa60: 2131558603 (1)
D/umd.troyd(26206): android.widget.LinearLayout@4071afc0: -1 (2)
D/umd.troyd(26206): com.walmart.android.ui.ViewStackLayout@4071b510: 2131558797 (3)
D/umd.troyd(26206): android.widget.RelativeLayout@4072c1d0: -1 (4)
D/umd.troyd(26206): android.widget.RelativeLayout@4072c738: 2131558790 (5)
D/umd.troyd(26206): android.widget.LinearLayout@4072d2b8: 2131558790 (6)
D/umd.troyd(26206): android.widget.RelativeLayout@4072da98: -1 (7)
D/umd.troyd(26206): android.widget.Button:  (8)
D/umd.troyd(26206): android.widget.TextView: Search a location (9)
D/umd.troyd(26206): android.widget.Button:  (10)
D/umd.troyd(26206): android.widget.Button:  (11)
D/umd.troyd(26206): android.widget.Button:  (12)
D/umd.troyd(26206): android.widget.RelativeLayout@40732350: 2131558791 (13)
D/umd.troyd(26206): com.walmart.android.storelocator.StoreMapView@407335e8: 2131558792 (14)
D/umd.troyd(26206): android.widget.ListView@4073c8d8: 2131558521 (15)
D/umd.troyd(26206): android.widget.LinearLayout@407dd648: -1 (16)
D/umd.troyd(26206): android.widget.RelativeLayout@407e0f10: -1 (17)
D/umd.troyd(26206): android.widget.RelativeLayout@40671a38: -1 (18)
D/umd.troyd(26206): android.widget.TextView: Walmart Store (19)
D/umd.troyd(26206): android.widget.TextView: 1123 Jerusalem Ave (20)
D/umd.troyd(26206): android.widget.TextView: Uniondale, NY 11553 (21)
D/umd.troyd(26206): android.widget.RelativeLayout@40695a90: -1 (22)
D/umd.troyd(26206): android.widget.LinearLayout@407deef0: 2131558801 (23)
D/umd.troyd(26206): android.widget.TextView: 25.99 (24)
D/umd.troyd(26206): android.widget.TextView: miles (25)
D/umd.troyd(26206): android.widget.TextView:  (26)
D/umd.troyd(26206): android.widget.ImageView@407e2ef8: 2131558517 (27)
D/umd.troyd(26206): android.widget.LinearLayout@407e68d8: -1 (28)
D/umd.troyd(26206): android.widget.RelativeLayout@407889c8: -1 (29)
D/umd.troyd(26206): android.widget.RelativeLayout@40792798: -1 (30)
D/umd.troyd(26206): android.widget.TextView: Walmart Store (31)
D/umd.troyd(26206): android.widget.TextView: 189 Us Highway 46 (32)
D/umd.troyd(26206): android.widget.TextView: Saddle Brook, NJ 07663 (33)
D/umd.troyd(26206): android.widget.RelativeLayout@405caeb8: -1 (34)
D/umd.troyd(26206): android.widget.LinearLayout@407e88e8: 2131558801 (35)
D/umd.troyd(26206): android.widget.TextView: 26.91 (36)
D/umd.troyd(26206): android.widget.TextView: miles (37)
D/umd.troyd(26206): android.widget.TextView:  (38)
D/umd.troyd(26206): android.widget.ImageView@407ea768: 2131558517 (39)
D/umd.troyd(26206): android.widget.LinearLayout@4078c750: -1 (40)
D/umd.troyd(26206): android.widget.RelativeLayout@405ef540: -1 (41)
D/umd.troyd(26206): android.widget.RelativeLayout@4071d9b8: -1 (42)
D/umd.troyd(26206): android.widget.TextView: Walmart Store (43)
D/umd.troyd(26206): android.widget.TextView: 1220 Old Country Rd (44)
D/umd.troyd(26206): android.widget.TextView: Westbury, NY 11590 (45)
D/umd.troyd(26206): android.widget.RelativeLayout@405ec5e0: -1 (46)
D/umd.troyd(26206): android.widget.LinearLayout@4054c4f8: 2131558801 (47)
D/umd.troyd(26206): android.widget.TextView: 26.98 (48)
D/umd.troyd(26206): android.widget.TextView: miles (49)
D/umd.troyd(26206): android.widget.TextView:  (50)
D/umd.troyd(26206): android.widget.ImageView@4061da48: 2131558517 (51)
D/umd.troyd(26206): android.widget.LinearLayout@4060fb08: -1 (52)
D/umd.troyd(26206): android.widget.RelativeLayout@4060fc58: -1 (53)
D/umd.troyd(26206): android.widget.RelativeLayout@40529c68: -1 (54)
D/umd.troyd(26206): android.widget.TextView: Walmart Store (55)
D/umd.troyd(26206): android.widget.TextView: 2465 Hempstead Tpke (56)
D/umd.troyd(26206): android.widget.TextView: East Meadow, NY 11554 (57)
D/umd.troyd(26206): android.widget.RelativeLayout@40691e60: -1 (58)
D/umd.troyd(26206): android.widget.LinearLayout@406ce0a8: 2131558801 (59)
D/umd.troyd(26206): android.widget.TextView: 28.37 (60)
D/umd.troyd(26206): android.widget.TextView: miles (61)
D/umd.troyd(26206): android.widget.TextView:  (62)
D/umd.troyd(26206): android.widget.ImageView@4073f028: 2131558517 (63)
D/umd.troyd(26206): android.widget.LinearLayout@40667700: -1 (64)
D/umd.troyd(26206): android.widget.RelativeLayout@406678f0: -1 (65)
D/umd.troyd(26206): android.widget.RelativeLayout@405cc0d8: -1 (66)
D/umd.troyd(26206): android.widget.TextView: Walmart Store (67)
D/umd.troyd(26206): android.widget.TextView: 235 Ridgedale Ave (68)
D/umd.troyd(26206): android.widget.TextView: Cedar Knolls, NJ 07927 (69)
D/umd.troyd(26206): android.widget.RelativeLayout@407116d0: -1 (70)
D/umd.troyd(26206): android.widget.LinearLayout@40718308: 2131558801 (71)
D/umd.troyd(26206): android.widget.TextView: 28.80 (72)
D/umd.troyd(26206): android.widget.TextView: miles (73)
D/umd.troyd(26206): android.widget.TextView:  (74)
D/umd.troyd(26206): android.widget.ImageView@4072d5c0: 2131558517 (75)
D/umd.troyd(26206): android.widget.LinearLayout@40714e80: -1 (76)
D/umd.troyd(26206): android.widget.RelativeLayout@40715050: -1 (77)
D/umd.troyd(26206): android.widget.RelativeLayout@407197e8: -1 (78)
D/umd.troyd(26206): android.widget.TextView: Walmart Store (79)
D/umd.troyd(26206): android.widget.TextView: 950 Route 37 W (80)
D/umd.troyd(26206): android.widget.TextView: Toms River, NJ 08755 (81)
D/umd.troyd(26206): android.widget.RelativeLayout@405fada0: -1 (82)
D/umd.troyd(26206): android.widget.LinearLayout@40781ae0: 2131558801 (83)
D/umd.troyd(26206): android.widget.TextView: 29.54 (84)
D/umd.troyd(26206): android.widget.TextView: miles (85)
D/umd.troyd(26206): android.widget.TextView:  (86)
D/umd.troyd(26206): android.widget.ImageView@406cf178: 2131558517 (87)
D/umd.troyd(26206): android.widget.RelativeLayout@4071d640: 2131558541 (88)
D/umd.troyd(26206): android.widget.GridView@4071e1b8: 2131558824 (89)
D/umd.troyd(26206): android.widget.LinearLayout@4071f338: 2131558538 (90)
D/umd.troyd(26206): android.widget.RelativeLayout@4071fd30: 2131558818 (91)
D/umd.troyd(26206): android.widget.ImageButton@40720680: 2131558819 (92)
D/umd.troyd(26206): android.widget.RelativeLayout@40720b98: -1 (93)
D/umd.troyd(26206): android.widget.ImageView@40720f88: 2131558820 (94)
D/umd.troyd(26206): android.widget.TextView: Stores (95)
D/umd.troyd(26206): android.widget.RelativeLayout@40721e90: -1 (96)
D/umd.troyd(26206): android.widget.Button:  (97)
D/umd.troyd(26206): android.widget.ImageView@40722a00: 2131558823 (98)
D/umd.troyd(26206): android.widget.LinearLayout@40722c90: 2131558542 (99)
