android.widget.LinearLayout@405ea928
android.widget.FrameLayout@405eb110
android.widget.TextView: Hospitals Near Me FREE
android.widget.FrameLayout@405f3230
android.widget.LinearLayout@405f36d8
android.widget.ListView@405f3b58
android.widget.LinearLayout@405e89e0
android.widget.ImageView@405e8e58
android.widget.TextView: 3.6 mi
android.widget.TableLayout@405e9aa0
android.widget.TableRow@405eff58
android.widget.TextView: Group Health Eastside Hospital
android.widget.TableRow@405f0a20
android.widget.TextView: Address , City
android.widget.TableRow@405f12d8
android.widget.TextView: Phone Number
android.widget.LinearLayout@405f2468
android.widget.ImageView@405f2680
android.widget.TextView: 4.4 mi
android.widget.TableLayout@405d2af8
android.widget.TableRow@405d2fd0
android.widget.TextView: Evergreen Healthcare
android.widget.TableRow@405d37f0
android.widget.TextView: Address , City
android.widget.TableRow@405d4010
android.widget.TextView: Phone Number
android.widget.LinearLayout@405d5020
android.widget.ImageView@405daed8
android.widget.TextView: 5.4 mi
android.widget.TableLayout@405db598
android.widget.TableRow@405dba70
android.widget.TextView: Careunit Hospital of Kirkland
android.widget.TableRow@405dc290
android.widget.TextView: Address , City
android.widget.TableRow@405dcab0
android.widget.TextView: Phone Number
android.widget.LinearLayout@405ebca0
android.widget.ImageView@405ebeb8
android.widget.TextView: 5.5 mi
android.widget.TableLayout@405ec588
android.widget.TableRow@405eca60
android.widget.TextView: Fairfax Hospital
android.widget.TableRow@405ed280
android.widget.TextView: Address , City
android.widget.TableRow@405edaa0
android.widget.TextView: Phone Number
android.widget.LinearLayout@405c6250
android.widget.ImageView@405c6468
android.widget.TextView: 5.6 mi
android.widget.TableLayout@405c6b38
android.widget.TableRow@405c7010
android.widget.TextView: Overlake Hospital Medical Center
android.widget.TableRow@405c7830
android.widget.TextView: Address , City
android.widget.TableRow@405c8050
android.widget.TextView: Phone Number
android.widget.LinearLayout@405d7540
android.widget.ImageView@405d7758
android.widget.TextView: 8.5 mi
android.widget.TableLayout@405d7e28
android.widget.TableRow@405d8300
android.widget.TextView: Children's Hospital and Regional Medical Center
android.widget.TableRow@405d8b20
android.widget.TextView: Address , City
android.widget.TableRow@405d9340
android.widget.TextView: Phone Number
android.widget.TextView: Loading data
android.widget.LinearLayout@405ea928
android.widget.FrameLayout@405eb110
android.widget.TextView: Hospitals Near Me FREE
android.widget.FrameLayout@405f3230
android.widget.LinearLayout@405f36d8
android.widget.ListView@405f3b58
android.widget.LinearLayout@405d5020
android.widget.ImageView@405daed8
android.widget.TextView: 5.4 mi
android.widget.TableLayout@405db598
android.widget.TableRow@405dba70
android.widget.TextView: Careunit Hospital of Kirkland
android.widget.TableRow@405dc290
android.widget.TextView: Address , City
android.widget.TableRow@405dcab0
android.widget.TextView: Phone Number
android.widget.LinearLayout@405ebca0
android.widget.ImageView@405ebeb8
android.widget.TextView: 5.5 mi
android.widget.TableLayout@405ec588
android.widget.TableRow@405eca60
android.widget.TextView: Fairfax Hospital
android.widget.TableRow@405ed280
android.widget.TextView: Address , City
android.widget.TableRow@405edaa0
android.widget.TextView: Phone Number
android.widget.LinearLayout@405c6250
android.widget.ImageView@405c6468
android.widget.TextView: 5.6 mi
android.widget.TableLayout@405c6b38
android.widget.TableRow@405c7010
android.widget.TextView: Overlake Hospital Medical Center
android.widget.TableRow@405c7830
android.widget.TextView: Address , City
android.widget.TableRow@405c8050
android.widget.TextView: Phone Number
android.widget.LinearLayout@405d7540
android.widget.ImageView@405d7758
android.widget.TextView: 8.5 mi
android.widget.TableLayout@405d7e28
android.widget.TableRow@405d8300
android.widget.TextView: Children's Hospital and Regional Medical Center
android.widget.TableRow@405d8b20
android.widget.TextView: Address , City
android.widget.TableRow@405d9340
android.widget.TextView: Phone Number
android.widget.LinearLayout@4057f210
android.widget.ImageView@4057f428
android.widget.TextView: 8.6 mi
android.widget.TableLayout@4057faf8
android.widget.TableRow@4057ffd0
android.widget.TextView: Firlawns Sanitarium
android.widget.TableRow@40570288
android.widget.TextView: Address , City
android.widget.TableRow@40570aa8
android.widget.TextView: Phone Number
android.widget.LinearLayout@40571aa0
android.widget.ImageView@40571cb8
android.widget.TextView: 9.7 mi
android.widget.TableLayout@40572388
android.widget.TableRow@40572860
android.widget.TextView: University Student Health Service
android.widget.TableRow@40573080
android.widget.TextView: Address , City
android.widget.TableRow@40661630
android.widget.TextView: Phone Number
android.widget.TextView: Loading data
