emulator-5568
D/umd.troyd(27186): got command getViews
D/umd.troyd(27186): android.widget.FrameLayout@406c5020: 16908290 (0)
D/umd.troyd(27186): android.widget.RelativeLayout@406c5a60: 2131558603 (1)
D/umd.troyd(27186): android.widget.LinearLayout@406c5e98: -1 (2)
D/umd.troyd(27186): com.walmart.android.ui.ViewStackLayout@406c63e8: 2131558797 (3)
D/umd.troyd(27186): android.widget.RelativeLayout@40728000: -1 (4)
D/umd.troyd(27186): android.widget.RelativeLayout@40728568: 2131558790 (5)
D/umd.troyd(27186): android.widget.LinearLayout@407290e8: 2131558790 (6)
D/umd.troyd(27186): android.widget.RelativeLayout@407298c8: -1 (7)
D/umd.troyd(27186): android.widget.Button:  (8)
D/umd.troyd(27186): android.widget.TextView: Search a location (9)
D/umd.troyd(27186): android.widget.Button:  (10)
D/umd.troyd(27186): android.widget.Button:  (11)
D/umd.troyd(27186): android.widget.Button:  (12)
D/umd.troyd(27186): android.widget.RelativeLayout@4072e180: 2131558791 (13)
D/umd.troyd(27186): com.walmart.android.storelocator.StoreMapView@4072f418: 2131558792 (14)
D/umd.troyd(27186): android.widget.ListView@40734d98: 2131558521 (15)
D/umd.troyd(27186): android.widget.LinearLayout@406f8da0: -1 (16)
D/umd.troyd(27186): android.widget.RelativeLayout@40755968: -1 (17)
D/umd.troyd(27186): android.widget.RelativeLayout@4075a868: -1 (18)
D/umd.troyd(27186): android.widget.TextView: Walmart Store (19)
D/umd.troyd(27186): android.widget.TextView: 900 Springfield Rd (20)
D/umd.troyd(27186): android.widget.TextView: Union, NJ 07083 (21)
D/umd.troyd(27186): android.widget.RelativeLayout@405731b0: -1 (22)
D/umd.troyd(27186): android.widget.LinearLayout@40582568: 2131558801 (23)
D/umd.troyd(27186): android.widget.TextView: 3.84 (24)
D/umd.troyd(27186): android.widget.TextView: miles (25)
D/umd.troyd(27186): android.widget.TextView:  (26)
D/umd.troyd(27186): android.widget.ImageView@405bf2a0: 2131558517 (27)
D/umd.troyd(27186): android.widget.LinearLayout@4062f768: -1 (28)
D/umd.troyd(27186): android.widget.RelativeLayout@4069ae50: -1 (29)
D/umd.troyd(27186): android.widget.RelativeLayout@406beb10: -1 (30)
D/umd.troyd(27186): android.widget.TextView: Walmart Store (31)
D/umd.troyd(27186): android.widget.TextView: 1601 W Edgar Rd (32)
D/umd.troyd(27186): android.widget.TextView: Linden, NJ 07036 (33)
D/umd.troyd(27186): android.widget.RelativeLayout@4073afd8: -1 (34)
D/umd.troyd(27186): android.widget.LinearLayout@40754970: 2131558801 (35)
D/umd.troyd(27186): android.widget.TextView: 4.25 (36)
D/umd.troyd(27186): android.widget.TextView: miles (37)
D/umd.troyd(27186): android.widget.TextView:  (38)
D/umd.troyd(27186): android.widget.ImageView@40780d00: 2131558517 (39)
D/umd.troyd(27186): android.widget.LinearLayout@4069bbe0: -1 (40)
D/umd.troyd(27186): android.widget.RelativeLayout@406beeb0: -1 (41)
D/umd.troyd(27186): android.widget.RelativeLayout@406c1c30: -1 (42)
D/umd.troyd(27186): android.widget.TextView: Walmart Supercenter (43)
D/umd.troyd(27186): android.widget.TextView: 500 Bayonne Crossing Way (44)
D/umd.troyd(27186): android.widget.TextView: Bayonne, NJ 07002 (45)
D/umd.troyd(27186): android.widget.RelativeLayout@40574c78: -1 (46)
D/umd.troyd(27186): android.widget.LinearLayout@405c80f0: 2131558801 (47)
D/umd.troyd(27186): android.widget.TextView: 5.16 (48)
D/umd.troyd(27186): android.widget.TextView: miles (49)
D/umd.troyd(27186): android.widget.TextView:  (50)
D/umd.troyd(27186): android.widget.ImageView@40753d80: 2131558517 (51)
D/umd.troyd(27186): android.widget.LinearLayout@407081f8: -1 (52)
D/umd.troyd(27186): android.widget.RelativeLayout@40708348: -1 (53)
D/umd.troyd(27186): android.widget.RelativeLayout@4070dac8: -1 (54)
D/umd.troyd(27186): android.widget.TextView: Walmart Store (55)
D/umd.troyd(27186): android.widget.TextView: 150 Harrison Ave (56)
D/umd.troyd(27186): android.widget.TextView: Kearny, NJ 07032 (57)
D/umd.troyd(27186): android.widget.RelativeLayout@40774828: -1 (58)
D/umd.troyd(27186): android.widget.LinearLayout@40546ea8: 2131558801 (59)
D/umd.troyd(27186): android.widget.TextView: 5.42 (60)
D/umd.troyd(27186): android.widget.TextView: miles (61)
D/umd.troyd(27186): android.widget.TextView:  (62)
D/umd.troyd(27186): android.widget.ImageView@4060f8d0: 2131558517 (63)
D/umd.troyd(27186): android.widget.LinearLayout@406c4620: -1 (64)
D/umd.troyd(27186): android.widget.RelativeLayout@40736f58: -1 (65)
D/umd.troyd(27186): android.widget.RelativeLayout@40754200: -1 (66)
D/umd.troyd(27186): android.widget.TextView: Walmart Store (67)
D/umd.troyd(27186): android.widget.TextView: 306 Us Highway 9 N (68)
D/umd.troyd(27186): android.widget.TextView: Woodbridge, NJ 07095 (69)
D/umd.troyd(27186): android.widget.RelativeLayout@40784d58: -1 (70)
D/umd.troyd(27186): android.widget.LinearLayout@40790d18: 2131558801 (71)
D/umd.troyd(27186): android.widget.TextView: 9.33 (72)
D/umd.troyd(27186): android.widget.TextView: miles (73)
D/umd.troyd(27186): android.widget.TextView:  (74)
D/umd.troyd(27186): android.widget.ImageView@4066b7d8: 2131558517 (75)
D/umd.troyd(27186): android.widget.LinearLayout@4074ad68: -1 (76)
D/umd.troyd(27186): android.widget.RelativeLayout@4074aeb8: -1 (77)
D/umd.troyd(27186): android.widget.RelativeLayout@40759970: -1 (78)
D/umd.troyd(27186): android.widget.TextView: Walmart Store (79)
D/umd.troyd(27186): android.widget.TextView: 1501 Us Highway 22 (80)
D/umd.troyd(27186): android.widget.TextView: Watchung, NJ 07069 (81)
D/umd.troyd(27186): android.widget.RelativeLayout@407c44a0: -1 (82)
D/umd.troyd(27186): android.widget.LinearLayout@407c45f8: 2131558801 (83)
D/umd.troyd(27186): android.widget.TextView: 9.64 (84)
D/umd.troyd(27186): android.widget.TextView: miles (85)
D/umd.troyd(27186): android.widget.TextView:  (86)
D/umd.troyd(27186): android.widget.ImageView@407d3e70: 2131558517 (87)
D/umd.troyd(27186): android.widget.RelativeLayout@406c8518: 2131558541 (88)
D/umd.troyd(27186): android.widget.GridView@406c9090: 2131558824 (89)
D/umd.troyd(27186): android.widget.LinearLayout@4071b168: 2131558538 (90)
D/umd.troyd(27186): android.widget.RelativeLayout@4071bb60: 2131558818 (91)
D/umd.troyd(27186): android.widget.ImageButton@4071c4b0: 2131558819 (92)
D/umd.troyd(27186): android.widget.RelativeLayout@4071c9c8: -1 (93)
D/umd.troyd(27186): android.widget.ImageView@4071cdb8: 2131558820 (94)
D/umd.troyd(27186): android.widget.TextView: Stores (95)
D/umd.troyd(27186): android.widget.RelativeLayout@4071dcc0: -1 (96)
D/umd.troyd(27186): android.widget.Button:  (97)
D/umd.troyd(27186): android.widget.ImageView@4071e830: 2131558823 (98)
D/umd.troyd(27186): android.widget.LinearLayout@4071eac0: 2131558542 (99)
D/umd.troyd(27186): got command getViews
D/umd.troyd(27186): android.widget.FrameLayout@406c5020: 16908290 (0)
D/umd.troyd(27186): android.widget.RelativeLayout@406c5a60: 2131558603 (1)
D/umd.troyd(27186): android.widget.LinearLayout@406c5e98: -1 (2)
D/umd.troyd(27186): com.walmart.android.ui.ViewStackLayout@406c63e8: 2131558797 (3)
D/umd.troyd(27186): android.widget.RelativeLayout@40728000: -1 (4)
D/umd.troyd(27186): android.widget.RelativeLayout@40728568: 2131558790 (5)
D/umd.troyd(27186): android.widget.LinearLayout@407290e8: 2131558790 (6)
D/umd.troyd(27186): android.widget.RelativeLayout@407298c8: -1 (7)
D/umd.troyd(27186): android.widget.Button:  (8)
D/umd.troyd(27186): android.widget.TextView: Search a location (9)
D/umd.troyd(27186): android.widget.Button:  (10)
D/umd.troyd(27186): android.widget.Button:  (11)
D/umd.troyd(27186): android.widget.Button:  (12)
D/umd.troyd(27186): android.widget.RelativeLayout@4072e180: 2131558791 (13)
D/umd.troyd(27186): com.walmart.android.storelocator.StoreMapView@4072f418: 2131558792 (14)
D/umd.troyd(27186): android.widget.ListView@40734d98: 2131558521 (15)
D/umd.troyd(27186): android.widget.LinearLayout@4074ad68: -1 (16)
D/umd.troyd(27186): android.widget.RelativeLayout@4074aeb8: -1 (17)
D/umd.troyd(27186): android.widget.RelativeLayout@40759970: -1 (18)
D/umd.troyd(27186): android.widget.TextView: Walmart Store (19)
D/umd.troyd(27186): android.widget.TextView: 1501 Us Highway 22 (20)
D/umd.troyd(27186): android.widget.TextView: Watchung, NJ 07069 (21)
D/umd.troyd(27186): android.widget.RelativeLayout@407c44a0: -1 (22)
D/umd.troyd(27186): android.widget.LinearLayout@407c45f8: 2131558801 (23)
D/umd.troyd(27186): android.widget.TextView: 9.64 (24)
D/umd.troyd(27186): android.widget.TextView: miles (25)
D/umd.troyd(27186): android.widget.TextView:  (26)
D/umd.troyd(27186): android.widget.ImageView@407d3e70: 2131558517 (27)
D/umd.troyd(27186): android.widget.LinearLayout@4075c7d8: -1 (28)
D/umd.troyd(27186): android.widget.RelativeLayout@4075c9c8: -1 (29)
D/umd.troyd(27186): android.widget.RelativeLayout@4075cd70: -1 (30)
D/umd.troyd(27186): android.widget.TextView: Walmart Supercenter (31)
D/umd.troyd(27186): android.widget.TextView: 400 Park Pl (32)
D/umd.troyd(27186): android.widget.TextView: Secaucus, NJ 07094 (33)
D/umd.troyd(27186): android.widget.RelativeLayout@4075e080: -1 (34)
D/umd.troyd(27186): android.widget.LinearLayout@4075e490: 2131558801 (35)
D/umd.troyd(27186): android.widget.TextView: 10.42 (36)
D/umd.troyd(27186): android.widget.TextView: miles (37)
D/umd.troyd(27186): android.widget.TextView:  (38)
D/umd.troyd(27186): android.widget.ImageView@407457d0: 2131558517 (39)
D/umd.troyd(27186): android.widget.LinearLayout@40747258: -1 (40)
D/umd.troyd(27186): android.widget.RelativeLayout@40747448: -1 (41)
D/umd.troyd(27186): android.widget.RelativeLayout@4079fbb0: -1 (42)
D/umd.troyd(27186): android.widget.TextView: Walmart Store (43)
D/umd.troyd(27186): android.widget.TextView: 2220 State Route 27 (44)
D/umd.troyd(27186): android.widget.TextView: Edison, NJ 08817 (45)
D/umd.troyd(27186): android.widget.RelativeLayout@407a0ec0: -1 (46)
D/umd.troyd(27186): android.widget.LinearLayout@407a12d0: 2131558801 (47)
D/umd.troyd(27186): android.widget.TextView: 11.52 (48)
D/umd.troyd(27186): android.widget.TextView: miles (49)
D/umd.troyd(27186): android.widget.TextView:  (50)
D/umd.troyd(27186): android.widget.ImageView@407a2388: 2131558517 (51)
D/umd.troyd(27186): android.widget.LinearLayout@407780c0: -1 (52)
D/umd.troyd(27186): android.widget.RelativeLayout@407782b0: -1 (53)
D/umd.troyd(27186): android.widget.RelativeLayout@40778658: -1 (54)
D/umd.troyd(27186): android.widget.TextView: Walmart Supercenter (55)
D/umd.troyd(27186): android.widget.TextView: 2100 88Th St (56)
D/umd.troyd(27186): android.widget.TextView: North Bergen, NJ 07047 (57)
D/umd.troyd(27186): android.widget.RelativeLayout@405f4ba0: -1 (58)
D/umd.troyd(27186): android.widget.LinearLayout@405f4f98: 2131558801 (59)
D/umd.troyd(27186): android.widget.TextView: 12.23 (60)
D/umd.troyd(27186): android.widget.TextView: miles (61)
D/umd.troyd(27186): android.widget.TextView:  (62)
D/umd.troyd(27186): android.widget.ImageView@405f6050: 2131558517 (63)
D/umd.troyd(27186): android.widget.LinearLayout@4066bc18: -1 (64)
D/umd.troyd(27186): android.widget.RelativeLayout@4066be08: -1 (65)
D/umd.troyd(27186): android.widget.RelativeLayout@4066c1b0: -1 (66)
D/umd.troyd(27186): android.widget.TextView: Walmart Supercenter (67)
D/umd.troyd(27186): android.widget.TextView: 174 Passaic St (68)
D/umd.troyd(27186): android.widget.TextView: Garfield, NJ 07026 (69)
D/umd.troyd(27186): android.widget.RelativeLayout@4066d4c0: -1 (70)
D/umd.troyd(27186): android.widget.LinearLayout@4066d8d0: 2131558801 (71)
D/umd.troyd(27186): android.widget.TextView: 12.40 (72)
D/umd.troyd(27186): android.widget.TextView: miles (73)
D/umd.troyd(27186): android.widget.TextView:  (74)
D/umd.troyd(27186): android.widget.ImageView@4066e988: 2131558517 (75)
D/umd.troyd(27186): android.widget.LinearLayout@40670410: -1 (76)
D/umd.troyd(27186): android.widget.RelativeLayout@40670600: -1 (77)
D/umd.troyd(27186): android.widget.RelativeLayout@406709a8: -1 (78)
D/umd.troyd(27186): android.widget.TextView: Walmart Store (79)
D/umd.troyd(27186): android.widget.TextView: 1303 Centennial Ave (80)
D/umd.troyd(27186): android.widget.TextView: Piscataway, NJ 08854 (81)
D/umd.troyd(27186): android.widget.RelativeLayout@405d47e0: -1 (82)
D/umd.troyd(27186): android.widget.LinearLayout@40698b88: 2131558801 (83)
D/umd.troyd(27186): android.widget.TextView: 12.70 (84)
D/umd.troyd(27186): android.widget.TextView: miles (85)
D/umd.troyd(27186): android.widget.TextView:  (86)
D/umd.troyd(27186): android.widget.ImageView@407181b0: 2131558517 (87)
D/umd.troyd(27186): android.widget.RelativeLayout@406c8518: 2131558541 (88)
D/umd.troyd(27186): android.widget.GridView@406c9090: 2131558824 (89)
D/umd.troyd(27186): android.widget.LinearLayout@4071b168: 2131558538 (90)
D/umd.troyd(27186): android.widget.RelativeLayout@4071bb60: 2131558818 (91)
D/umd.troyd(27186): android.widget.ImageButton@4071c4b0: 2131558819 (92)
D/umd.troyd(27186): android.widget.RelativeLayout@4071c9c8: -1 (93)
D/umd.troyd(27186): android.widget.ImageView@4071cdb8: 2131558820 (94)
D/umd.troyd(27186): android.widget.TextView: Stores (95)
D/umd.troyd(27186): android.widget.RelativeLayout@4071dcc0: -1 (96)
D/umd.troyd(27186): android.widget.Button:  (97)
D/umd.troyd(27186): android.widget.ImageView@4071e830: 2131558823 (98)
D/umd.troyd(27186): android.widget.LinearLayout@4071eac0: 2131558542 (99)
D/umd.troyd(27186): got command getViews
D/umd.troyd(27186): android.widget.FrameLayout@406c5020: 16908290 (0)
D/umd.troyd(27186): android.widget.RelativeLayout@406c5a60: 2131558603 (1)
D/umd.troyd(27186): android.widget.LinearLayout@406c5e98: -1 (2)
D/umd.troyd(27186): com.walmart.android.ui.ViewStackLayout@406c63e8: 2131558797 (3)
D/umd.troyd(27186): android.widget.RelativeLayout@40728000: -1 (4)
D/umd.troyd(27186): android.widget.RelativeLayout@40728568: 2131558790 (5)
D/umd.troyd(27186): android.widget.LinearLayout@407290e8: 2131558790 (6)
D/umd.troyd(27186): android.widget.RelativeLayout@407298c8: -1 (7)
D/umd.troyd(27186): android.widget.Button:  (8)
D/umd.troyd(27186): android.widget.TextView: Search a location (9)
D/umd.troyd(27186): android.widget.Button:  (10)
D/umd.troyd(27186): android.widget.Button:  (11)
D/umd.troyd(27186): android.widget.Button:  (12)
D/umd.troyd(27186): android.widget.RelativeLayout@4072e180: 2131558791 (13)
D/umd.troyd(27186): com.walmart.android.storelocator.StoreMapView@4072f418: 2131558792 (14)
D/umd.troyd(27186): android.widget.ListView@40734d98: 2131558521 (15)
D/umd.troyd(27186): android.widget.LinearLayout@40670410: -1 (16)
D/umd.troyd(27186): android.widget.RelativeLayout@40670600: -1 (17)
D/umd.troyd(27186): android.widget.RelativeLayout@406709a8: -1 (18)
D/umd.troyd(27186): android.widget.TextView: Walmart Store (19)
D/umd.troyd(27186): android.widget.TextView: 1303 Centennial Ave (20)
D/umd.troyd(27186): android.widget.TextView: Piscataway, NJ 08854 (21)
D/umd.troyd(27186): android.widget.RelativeLayout@405d47e0: -1 (22)
D/umd.troyd(27186): android.widget.LinearLayout@40698b88: 2131558801 (23)
D/umd.troyd(27186): android.widget.TextView: 12.70 (24)
D/umd.troyd(27186): android.widget.TextView: miles (25)
D/umd.troyd(27186): android.widget.TextView:  (26)
D/umd.troyd(27186): android.widget.ImageView@407181b0: 2131558517 (27)
D/umd.troyd(27186): android.widget.LinearLayout@406f8da0: -1 (28)
D/umd.troyd(27186): android.widget.RelativeLayout@40755968: -1 (29)
D/umd.troyd(27186): android.widget.RelativeLayout@4075a868: -1 (30)
D/umd.troyd(27186): android.widget.TextView: Walmart Store (31)
D/umd.troyd(27186): android.widget.TextView: 235 Ridgedale Ave (32)
D/umd.troyd(27186): android.widget.TextView: Cedar Knolls, NJ 07927 (33)
D/umd.troyd(27186): android.widget.RelativeLayout@405731b0: -1 (34)
D/umd.troyd(27186): android.widget.LinearLayout@40582568: 2131558801 (35)
D/umd.troyd(27186): android.widget.TextView: 13.44 (36)
D/umd.troyd(27186): android.widget.TextView: miles (37)
D/umd.troyd(27186): android.widget.TextView:  (38)
D/umd.troyd(27186): android.widget.ImageView@405bf2a0: 2131558517 (39)
D/umd.troyd(27186): android.widget.LinearLayout@4062f768: -1 (40)
D/umd.troyd(27186): android.widget.RelativeLayout@4069ae50: -1 (41)
D/umd.troyd(27186): android.widget.RelativeLayout@406beb10: -1 (42)
D/umd.troyd(27186): android.widget.TextView: Walmart Store (43)
D/umd.troyd(27186): android.widget.TextView: 189 Us Highway 46 (44)
D/umd.troyd(27186): android.widget.TextView: Saddle Brook, NJ 07663 (45)
D/umd.troyd(27186): android.widget.RelativeLayout@4073afd8: -1 (46)
D/umd.troyd(27186): android.widget.LinearLayout@40754970: 2131558801 (47)
D/umd.troyd(27186): android.widget.TextView: 13.92 (48)
D/umd.troyd(27186): android.widget.TextView: miles (49)
D/umd.troyd(27186): android.widget.TextView:  (50)
D/umd.troyd(27186): android.widget.ImageView@40780d00: 2131558517 (51)
D/umd.troyd(27186): android.widget.LinearLayout@4069bbe0: -1 (52)
D/umd.troyd(27186): android.widget.RelativeLayout@406beeb0: -1 (53)
D/umd.troyd(27186): android.widget.RelativeLayout@406c1c30: -1 (54)
D/umd.troyd(27186): android.widget.TextView: Walmart Store (55)
D/umd.troyd(27186): android.widget.TextView: 1126 Us Highway 9 (56)
D/umd.troyd(27186): android.widget.TextView: Old Bridge, NJ 08857 (57)
D/umd.troyd(27186): android.widget.RelativeLayout@40574c78: -1 (58)
D/umd.troyd(27186): android.widget.LinearLayout@405c80f0: 2131558801 (59)
D/umd.troyd(27186): android.widget.TextView: 14.42 (60)
D/umd.troyd(27186): android.widget.TextView: miles (61)
D/umd.troyd(27186): android.widget.TextView:  (62)
D/umd.troyd(27186): android.widget.ImageView@40753d80: 2131558517 (63)
D/umd.troyd(27186): android.widget.LinearLayout@407081f8: -1 (64)
D/umd.troyd(27186): android.widget.RelativeLayout@40708348: -1 (65)
D/umd.troyd(27186): android.widget.RelativeLayout@4070dac8: -1 (66)
D/umd.troyd(27186): android.widget.TextView: Walmart Store (67)
D/umd.troyd(27186): android.widget.TextView: 300 Wootton St (68)
D/umd.troyd(27186): android.widget.TextView: Boonton, NJ 07005 (69)
D/umd.troyd(27186): android.widget.RelativeLayout@40774828: -1 (70)
D/umd.troyd(27186): android.widget.LinearLayout@40546ea8: 2131558801 (71)
D/umd.troyd(27186): android.widget.TextView: 16.09 (72)
D/umd.troyd(27186): android.widget.TextView: miles (73)
D/umd.troyd(27186): android.widget.TextView:  (74)
D/umd.troyd(27186): android.widget.ImageView@4060f8d0: 2131558517 (75)
D/umd.troyd(27186): android.widget.LinearLayout@406c4620: -1 (76)
D/umd.troyd(27186): android.widget.RelativeLayout@40736f58: -1 (77)
D/umd.troyd(27186): android.widget.RelativeLayout@40754200: -1 (78)
D/umd.troyd(27186): android.widget.TextView: Walmart Store (79)
D/umd.troyd(27186): android.widget.TextView: 979 Route#1 South (80)
D/umd.troyd(27186): android.widget.TextView: North Brunswick, NJ 08902 (81)
D/umd.troyd(27186): android.widget.RelativeLayout@40784d58: -1 (82)
D/umd.troyd(27186): android.widget.LinearLayout@40790d18: 2131558801 (83)
D/umd.troyd(27186): android.widget.TextView: 17.34 (84)
D/umd.troyd(27186): android.widget.TextView: miles (85)
D/umd.troyd(27186): android.widget.TextView:  (86)
D/umd.troyd(27186): android.widget.ImageView@4066b7d8: 2131558517 (87)
D/umd.troyd(27186): android.widget.RelativeLayout@406c8518: 2131558541 (88)
D/umd.troyd(27186): android.widget.GridView@406c9090: 2131558824 (89)
D/umd.troyd(27186): android.widget.LinearLayout@4071b168: 2131558538 (90)
D/umd.troyd(27186): android.widget.RelativeLayout@4071bb60: 2131558818 (91)
D/umd.troyd(27186): android.widget.ImageButton@4071c4b0: 2131558819 (92)
D/umd.troyd(27186): android.widget.RelativeLayout@4071c9c8: -1 (93)
D/umd.troyd(27186): android.widget.ImageView@4071cdb8: 2131558820 (94)
D/umd.troyd(27186): android.widget.TextView: Stores (95)
D/umd.troyd(27186): android.widget.RelativeLayout@4071dcc0: -1 (96)
D/umd.troyd(27186): android.widget.Button:  (97)
D/umd.troyd(27186): android.widget.ImageView@4071e830: 2131558823 (98)
D/umd.troyd(27186): android.widget.LinearLayout@4071eac0: 2131558542 (99)
D/umd.troyd(27186): got command getViews
D/umd.troyd(27186): android.widget.FrameLayout@406c5020: 16908290 (0)
D/umd.troyd(27186): android.widget.RelativeLayout@406c5a60: 2131558603 (1)
D/umd.troyd(27186): android.widget.LinearLayout@406c5e98: -1 (2)
D/umd.troyd(27186): com.walmart.android.ui.ViewStackLayout@406c63e8: 2131558797 (3)
D/umd.troyd(27186): android.widget.RelativeLayout@40728000: -1 (4)
D/umd.troyd(27186): android.widget.RelativeLayout@40728568: 2131558790 (5)
D/umd.troyd(27186): android.widget.LinearLayout@407290e8: 2131558790 (6)
D/umd.troyd(27186): android.widget.RelativeLayout@407298c8: -1 (7)
D/umd.troyd(27186): android.widget.Button:  (8)
D/umd.troyd(27186): android.widget.TextView: Search a location (9)
D/umd.troyd(27186): android.widget.Button:  (10)
D/umd.troyd(27186): android.widget.Button:  (11)
D/umd.troyd(27186): android.widget.Button:  (12)
D/umd.troyd(27186): android.widget.RelativeLayout@4072e180: 2131558791 (13)
D/umd.troyd(27186): com.walmart.android.storelocator.StoreMapView@4072f418: 2131558792 (14)
D/umd.troyd(27186): android.widget.ListView@40734d98: 2131558521 (15)
D/umd.troyd(27186): android.widget.LinearLayout@406c4620: -1 (16)
D/umd.troyd(27186): android.widget.RelativeLayout@40736f58: -1 (17)
D/umd.troyd(27186): android.widget.RelativeLayout@40754200: -1 (18)
D/umd.troyd(27186): android.widget.TextView: Walmart Store (19)
D/umd.troyd(27186): android.widget.TextView: 979 Route#1 South (20)
D/umd.troyd(27186): android.widget.TextView: North Brunswick, NJ 08902 (21)
D/umd.troyd(27186): android.widget.RelativeLayout@40784d58: -1 (22)
D/umd.troyd(27186): android.widget.LinearLayout@40790d18: 2131558801 (23)
D/umd.troyd(27186): android.widget.TextView: 17.34 (24)
D/umd.troyd(27186): android.widget.TextView: miles (25)
D/umd.troyd(27186): android.widget.TextView:  (26)
D/umd.troyd(27186): android.widget.ImageView@4066b7d8: 2131558517 (27)
D/umd.troyd(27186): android.widget.LinearLayout@4074ad68: -1 (28)
D/umd.troyd(27186): android.widget.RelativeLayout@4074aeb8: -1 (29)
D/umd.troyd(27186): android.widget.RelativeLayout@40759970: -1 (30)
D/umd.troyd(27186): android.widget.TextView: Walmart Store (31)
D/umd.troyd(27186): android.widget.TextView: 100 No. Main Street (32)
D/umd.troyd(27186): android.widget.TextView: Manville, NJ 08835 (33)
D/umd.troyd(27186): android.widget.RelativeLayout@407c44a0: -1 (34)
D/umd.troyd(27186): android.widget.LinearLayout@407c45f8: 2131558801 (35)
D/umd.troyd(27186): android.widget.TextView: 18.50 (36)
D/umd.troyd(27186): android.widget.TextView: miles (37)
D/umd.troyd(27186): android.widget.TextView:  (38)
D/umd.troyd(27186): android.widget.ImageView@407d3e70: 2131558517 (39)
D/umd.troyd(27186): android.widget.LinearLayout@4075c7d8: -1 (40)
D/umd.troyd(27186): android.widget.RelativeLayout@4075c9c8: -1 (41)
D/umd.troyd(27186): android.widget.RelativeLayout@4075cd70: -1 (42)
D/umd.troyd(27186): android.widget.TextView: Walmart Store (43)
D/umd.troyd(27186): android.widget.TextView: 48 State Rt 23 (44)
D/umd.troyd(27186): android.widget.TextView: Riverdale, NJ 07457 (45)
D/umd.troyd(27186): android.widget.RelativeLayout@4075e080: -1 (46)
D/umd.troyd(27186): android.widget.LinearLayout@4075e490: 2131558801 (47)
D/umd.troyd(27186): android.widget.TextView: 19.26 (48)
D/umd.troyd(27186): android.widget.TextView: miles (49)
D/umd.troyd(27186): android.widget.TextView:  (50)
D/umd.troyd(27186): android.widget.ImageView@407457d0: 2131558517 (51)
D/umd.troyd(27186): android.widget.LinearLayout@40747258: -1 (52)
D/umd.troyd(27186): android.widget.RelativeLayout@40747448: -1 (53)
D/umd.troyd(27186): android.widget.RelativeLayout@4079fbb0: -1 (54)
D/umd.troyd(27186): android.widget.TextView: Walmart Store (55)
D/umd.troyd(27186): android.widget.TextView: 220 Enterprise Dr (56)
D/umd.troyd(27186): android.widget.TextView: Rockaway, NJ 07866 (57)
D/umd.troyd(27186): android.widget.RelativeLayout@407a0ec0: -1 (58)
D/umd.troyd(27186): android.widget.LinearLayout@407a12d0: 2131558801 (59)
D/umd.troyd(27186): android.widget.TextView: 20.78 (60)
D/umd.troyd(27186): android.widget.TextView: miles (61)
D/umd.troyd(27186): android.widget.TextView:  (62)
D/umd.troyd(27186): android.widget.ImageView@407a2388: 2131558517 (63)
D/umd.troyd(27186): android.widget.LinearLayout@407780c0: -1 (64)
D/umd.troyd(27186): android.widget.RelativeLayout@407782b0: -1 (65)
D/umd.troyd(27186): android.widget.RelativeLayout@40778658: -1 (66)
D/umd.troyd(27186): android.widget.TextView: Walmart Store (67)
D/umd.troyd(27186): android.widget.TextView: 77 Green Acres Rd (68)
D/umd.troyd(27186): android.widget.TextView: Valley Stream, NY 11581 (69)
D/umd.troyd(27186): android.widget.RelativeLayout@405f4ba0: -1 (70)
D/umd.troyd(27186): android.widget.LinearLayout@405f4f98: 2131558801 (71)
D/umd.troyd(27186): android.widget.TextView: 22.32 (72)
D/umd.troyd(27186): android.widget.TextView: miles (73)
D/umd.troyd(27186): android.widget.TextView:  (74)
D/umd.troyd(27186): android.widget.ImageView@405f6050: 2131558517 (75)
D/umd.troyd(27186): android.widget.LinearLayout@4066bc18: -1 (76)
D/umd.troyd(27186): android.widget.RelativeLayout@4066be08: -1 (77)
D/umd.troyd(27186): android.widget.RelativeLayout@4066c1b0: -1 (78)
D/umd.troyd(27186): android.widget.TextView: Walmart Store (79)
D/umd.troyd(27186): android.widget.TextView: 2569 To 461 Rt 10 Suite 29 (80)
D/umd.troyd(27186): android.widget.TextView: Ledgewood, NJ 07852 (81)
D/umd.troyd(27186): android.widget.RelativeLayout@4066d4c0: -1 (82)
D/umd.troyd(27186): android.widget.LinearLayout@4066d8d0: 2131558801 (83)
D/umd.troyd(27186): android.widget.TextView: 23.01 (84)
D/umd.troyd(27186): android.widget.TextView: miles (85)
D/umd.troyd(27186): android.widget.TextView:  (86)
D/umd.troyd(27186): android.widget.ImageView@4066e988: 2131558517 (87)
D/umd.troyd(27186): android.widget.RelativeLayout@406c8518: 2131558541 (88)
D/umd.troyd(27186): android.widget.GridView@406c9090: 2131558824 (89)
D/umd.troyd(27186): android.widget.LinearLayout@4071b168: 2131558538 (90)
D/umd.troyd(27186): android.widget.RelativeLayout@4071bb60: 2131558818 (91)
D/umd.troyd(27186): android.widget.ImageButton@4071c4b0: 2131558819 (92)
D/umd.troyd(27186): android.widget.RelativeLayout@4071c9c8: -1 (93)
D/umd.troyd(27186): android.widget.ImageView@4071cdb8: 2131558820 (94)
D/umd.troyd(27186): android.widget.TextView: Stores (95)
D/umd.troyd(27186): android.widget.RelativeLayout@4071dcc0: -1 (96)
D/umd.troyd(27186): android.widget.Button:  (97)
D/umd.troyd(27186): android.widget.ImageView@4071e830: 2131558823 (98)
D/umd.troyd(27186): android.widget.LinearLayout@4071eac0: 2131558542 (99)
D/umd.troyd(27186): got command getViews
D/umd.troyd(27186): android.widget.FrameLayout@406c5020: 16908290 (0)
D/umd.troyd(27186): android.widget.RelativeLayout@406c5a60: 2131558603 (1)
D/umd.troyd(27186): android.widget.LinearLayout@406c5e98: -1 (2)
D/umd.troyd(27186): com.walmart.android.ui.ViewStackLayout@406c63e8: 2131558797 (3)
D/umd.troyd(27186): android.widget.RelativeLayout@40728000: -1 (4)
D/umd.troyd(27186): android.widget.RelativeLayout@40728568: 2131558790 (5)
D/umd.troyd(27186): android.widget.LinearLayout@407290e8: 2131558790 (6)
D/umd.troyd(27186): android.widget.RelativeLayout@407298c8: -1 (7)
D/umd.troyd(27186): android.widget.Button:  (8)
D/umd.troyd(27186): android.widget.TextView: Search a location (9)
D/umd.troyd(27186): android.widget.Button:  (10)
D/umd.troyd(27186): android.widget.Button:  (11)
D/umd.troyd(27186): android.widget.Button:  (12)
D/umd.troyd(27186): android.widget.RelativeLayout@4072e180: 2131558791 (13)
D/umd.troyd(27186): com.walmart.android.storelocator.StoreMapView@4072f418: 2131558792 (14)
D/umd.troyd(27186): android.widget.ListView@40734d98: 2131558521 (15)
D/umd.troyd(27186): android.widget.LinearLayout@4066bc18: -1 (16)
D/umd.troyd(27186): android.widget.RelativeLayout@4066be08: -1 (17)
D/umd.troyd(27186): android.widget.RelativeLayout@4066c1b0: -1 (18)
D/umd.troyd(27186): android.widget.TextView: Walmart Store (19)
D/umd.troyd(27186): android.widget.TextView: 2569 To 461 Rt 10 Suite 29 (20)
D/umd.troyd(27186): android.widget.TextView: Ledgewood, NJ 07852 (21)
D/umd.troyd(27186): android.widget.RelativeLayout@4066d4c0: -1 (22)
D/umd.troyd(27186): android.widget.LinearLayout@4066d8d0: 2131558801 (23)
D/umd.troyd(27186): android.widget.TextView: 23.01 (24)
D/umd.troyd(27186): android.widget.TextView: miles (25)
D/umd.troyd(27186): android.widget.TextView:  (26)
D/umd.troyd(27186): android.widget.ImageView@4066e988: 2131558517 (27)
D/umd.troyd(27186): android.widget.LinearLayout@40670410: -1 (28)
D/umd.troyd(27186): android.widget.RelativeLayout@40670600: -1 (29)
D/umd.troyd(27186): android.widget.RelativeLayout@406709a8: -1 (30)
D/umd.troyd(27186): android.widget.TextView: Walmart Store (31)
D/umd.troyd(27186): android.widget.TextView: 3576 Us Highway 22 (32)
D/umd.troyd(27186): android.widget.TextView: Branchburg, NJ 08876 (33)
D/umd.troyd(27186): android.widget.RelativeLayout@405d47e0: -1 (34)
D/umd.troyd(27186): android.widget.LinearLayout@40698b88: 2131558801 (35)
D/umd.troyd(27186): android.widget.TextView: 23.49 (36)
D/umd.troyd(27186): android.widget.TextView: miles (37)
D/umd.troyd(27186): android.widget.TextView:  (38)
D/umd.troyd(27186): android.widget.ImageView@407181b0: 2131558517 (39)
D/umd.troyd(27186): android.widget.LinearLayout@406f8da0: -1 (40)
D/umd.troyd(27186): android.widget.RelativeLayout@40755968: -1 (41)
D/umd.troyd(27186): android.widget.RelativeLayout@4075a868: -1 (42)
D/umd.troyd(27186): android.widget.TextView: Walmart Store (43)
D/umd.troyd(27186): android.widget.TextView: 40 International Dr S (44)
D/umd.troyd(27186): android.widget.TextView: Flanders, NJ 07836 (45)
D/umd.troyd(27186): android.widget.RelativeLayout@405731b0: -1 (46)
D/umd.troyd(27186): android.widget.LinearLayout@40582568: 2131558801 (47)
D/umd.troyd(27186): android.widget.TextView: 25.43 (48)
D/umd.troyd(27186): android.widget.TextView: miles (49)
D/umd.troyd(27186): android.widget.TextView:  (50)
D/umd.troyd(27186): android.widget.ImageView@405bf2a0: 2131558517 (51)
D/umd.troyd(27186): android.widget.LinearLayout@4062f768: -1 (52)
D/umd.troyd(27186): android.widget.RelativeLayout@4069ae50: -1 (53)
D/umd.troyd(27186): android.widget.RelativeLayout@406beb10: -1 (54)
D/umd.troyd(27186): android.widget.TextView: Walmart Supercenter (55)
D/umd.troyd(27186): android.widget.TextView: 326 W Main St (56)
D/umd.troyd(27186): android.widget.TextView: Freehold, NJ 07728 (57)
D/umd.troyd(27186): android.widget.RelativeLayout@4073afd8: -1 (58)
D/umd.troyd(27186): android.widget.LinearLayout@40754970: 2131558801 (59)
D/umd.troyd(27186): android.widget.TextView: 26.38 (60)
D/umd.troyd(27186): android.widget.TextView: miles (61)
D/umd.troyd(27186): android.widget.TextView:  (62)
D/umd.troyd(27186): android.widget.ImageView@40780d00: 2131558517 (63)
D/umd.troyd(27186): android.widget.LinearLayout@4069bbe0: -1 (64)
D/umd.troyd(27186): android.widget.RelativeLayout@406beeb0: -1 (65)
D/umd.troyd(27186): android.widget.RelativeLayout@406c1c30: -1 (66)
D/umd.troyd(27186): android.widget.TextView: Walmart Store (67)
D/umd.troyd(27186): android.widget.TextView: 250 Route 59 (68)
D/umd.troyd(27186): android.widget.TextView: Suffern, NY 10901 (69)
D/umd.troyd(27186): android.widget.RelativeLayout@40574c78: -1 (70)
D/umd.troyd(27186): android.widget.LinearLayout@405c80f0: 2131558801 (71)
D/umd.troyd(27186): android.widget.TextView: 26.47 (72)
D/umd.troyd(27186): android.widget.TextView: miles (73)
D/umd.troyd(27186): android.widget.TextView:  (74)
D/umd.troyd(27186): android.widget.ImageView@40753d80: 2131558517 (75)
D/umd.troyd(27186): android.widget.LinearLayout@407081f8: -1 (76)
D/umd.troyd(27186): android.widget.RelativeLayout@40708348: -1 (77)
D/umd.troyd(27186): android.widget.RelativeLayout@4070dac8: -1 (78)
D/umd.troyd(27186): android.widget.TextView: Walmart Supercenter (79)
D/umd.troyd(27186): android.widget.TextView: 3575 State Route 66 (80)
D/umd.troyd(27186): android.widget.TextView: Neptune, NJ 07753 (81)
D/umd.troyd(27186): android.widget.RelativeLayout@40774828: -1 (82)
D/umd.troyd(27186): android.widget.LinearLayout@40546ea8: 2131558801 (83)
D/umd.troyd(27186): android.widget.TextView: 27.98 (84)
D/umd.troyd(27186): android.widget.TextView: miles (85)
D/umd.troyd(27186): android.widget.TextView:  (86)
D/umd.troyd(27186): android.widget.ImageView@4060f8d0: 2131558517 (87)
D/umd.troyd(27186): android.widget.RelativeLayout@406c8518: 2131558541 (88)
D/umd.troyd(27186): android.widget.GridView@406c9090: 2131558824 (89)
D/umd.troyd(27186): android.widget.LinearLayout@4071b168: 2131558538 (90)
D/umd.troyd(27186): android.widget.RelativeLayout@4071bb60: 2131558818 (91)
D/umd.troyd(27186): android.widget.ImageButton@4071c4b0: 2131558819 (92)
D/umd.troyd(27186): android.widget.RelativeLayout@4071c9c8: -1 (93)
D/umd.troyd(27186): android.widget.ImageView@4071cdb8: 2131558820 (94)
D/umd.troyd(27186): android.widget.TextView: Stores (95)
D/umd.troyd(27186): android.widget.RelativeLayout@4071dcc0: -1 (96)
D/umd.troyd(27186): android.widget.Button:  (97)
D/umd.troyd(27186): android.widget.ImageView@4071e830: 2131558823 (98)
D/umd.troyd(27186): android.widget.LinearLayout@4071eac0: 2131558542 (99)
