emulator-5554
D/umd.troyd(27489): got command getViews
D/umd.troyd(27489): android.widget.FrameLayout@406b9370: 16908290 (0)
D/umd.troyd(27489): android.widget.RelativeLayout@406b9db0: 2131558603 (1)
D/umd.troyd(27489): android.widget.LinearLayout@406ba1e8: -1 (2)
D/umd.troyd(27489): com.walmart.android.ui.ViewStackLayout@406ba738: 2131558797 (3)
D/umd.troyd(27489): android.widget.RelativeLayout@407241f8: -1 (4)
D/umd.troyd(27489): android.widget.RelativeLayout@40724760: 2131558790 (5)
D/umd.troyd(27489): android.widget.LinearLayout@407252e0: 2131558790 (6)
D/umd.troyd(27489): android.widget.RelativeLayout@40725ac0: -1 (7)
D/umd.troyd(27489): android.widget.Button:  (8)
D/umd.troyd(27489): android.widget.TextView: Search a location (9)
D/umd.troyd(27489): android.widget.Button:  (10)
D/umd.troyd(27489): android.widget.Button:  (11)
D/umd.troyd(27489): android.widget.Button:  (12)
D/umd.troyd(27489): android.widget.RelativeLayout@4072a378: 2131558791 (13)
D/umd.troyd(27489): com.walmart.android.storelocator.StoreMapView@4072b610: 2131558792 (14)
D/umd.troyd(27489): android.widget.ListView@406609b8: 2131558521 (15)
D/umd.troyd(27489): android.widget.LinearLayout@405c2ee0: -1 (16)
D/umd.troyd(27489): android.widget.RelativeLayout@4070e1c8: -1 (17)
D/umd.troyd(27489): android.widget.RelativeLayout@4070e468: -1 (18)
D/umd.troyd(27489): android.widget.TextView: Walmart Store (19)
D/umd.troyd(27489): android.widget.TextView: 306 Us Highway 9 N (20)
D/umd.troyd(27489): android.widget.TextView: Woodbridge, NJ 07095 (21)
D/umd.troyd(27489): android.widget.RelativeLayout@406f2218: -1 (22)
D/umd.troyd(27489): android.widget.LinearLayout@406f2578: 2131558801 (23)
D/umd.troyd(27489): android.widget.TextView: 0.98 (24)
D/umd.troyd(27489): android.widget.TextView: miles (25)
D/umd.troyd(27489): android.widget.TextView:  (26)
D/umd.troyd(27489): android.widget.ImageView@40799eb8: 2131558517 (27)
D/umd.troyd(27489): android.widget.LinearLayout@4066e8c8: -1 (28)
D/umd.troyd(27489): android.widget.RelativeLayout@4066eab8: -1 (29)
D/umd.troyd(27489): android.widget.RelativeLayout@4066edd0: -1 (30)
D/umd.troyd(27489): android.widget.TextView: Walmart Store (31)
D/umd.troyd(27489): android.widget.TextView: 2220 State Route 27 (32)
D/umd.troyd(27489): android.widget.TextView: Edison, NJ 08817 (33)
D/umd.troyd(27489): android.widget.RelativeLayout@406843e8: -1 (34)
D/umd.troyd(27489): android.widget.LinearLayout@407372b8: 2131558801 (35)
D/umd.troyd(27489): android.widget.TextView: 2.82 (36)
D/umd.troyd(27489): android.widget.TextView: miles (37)
D/umd.troyd(27489): android.widget.TextView:  (38)
D/umd.troyd(27489): android.widget.ImageView@40617008: 2131558517 (39)
D/umd.troyd(27489): android.widget.LinearLayout@405fc0c0: -1 (40)
D/umd.troyd(27489): android.widget.RelativeLayout@405fc2b0: -1 (41)
D/umd.troyd(27489): android.widget.RelativeLayout@405fc5c8: -1 (42)
D/umd.troyd(27489): android.widget.TextView: Walmart Store (43)
D/umd.troyd(27489): android.widget.TextView: 1126 Us Highway 9 (44)
D/umd.troyd(27489): android.widget.TextView: Old Bridge, NJ 08857 (45)
D/umd.troyd(27489): android.widget.RelativeLayout@40771f20: -1 (46)
D/umd.troyd(27489): android.widget.LinearLayout@40772268: 2131558801 (47)
D/umd.troyd(27489): android.widget.TextView: 5.29 (48)
D/umd.troyd(27489): android.widget.TextView: miles (49)
D/umd.troyd(27489): android.widget.TextView:  (50)
D/umd.troyd(27489): android.widget.ImageView@407819d8: 2131558517 (51)
D/umd.troyd(27489): android.widget.LinearLayout@40709cb0: -1 (52)
D/umd.troyd(27489): android.widget.RelativeLayout@40709ea0: -1 (53)
D/umd.troyd(27489): android.widget.RelativeLayout@4070d6e8: -1 (54)
D/umd.troyd(27489): android.widget.TextView: Walmart Store (55)
D/umd.troyd(27489): android.widget.TextView: 1601 W Edgar Rd (56)
D/umd.troyd(27489): android.widget.TextView: Linden, NJ 07036 (57)
D/umd.troyd(27489): android.widget.RelativeLayout@407148f0: -1 (58)
D/umd.troyd(27489): android.widget.LinearLayout@40719568: 2131558801 (59)
D/umd.troyd(27489): android.widget.TextView: 5.57 (60)
D/umd.troyd(27489): android.widget.TextView: miles (61)
D/umd.troyd(27489): android.widget.TextView:  (62)
D/umd.troyd(27489): android.widget.ImageView@40795050: 2131558517 (63)
D/umd.troyd(27489): android.widget.LinearLayout@40791120: -1 (64)
D/umd.troyd(27489): android.widget.RelativeLayout@405d28f0: -1 (65)
D/umd.troyd(27489): android.widget.RelativeLayout@405d2be8: -1 (66)
D/umd.troyd(27489): android.widget.TextView: Walmart Store (67)
D/umd.troyd(27489): android.widget.TextView: 1303 Centennial Ave (68)
D/umd.troyd(27489): android.widget.TextView: Piscataway, NJ 08854 (69)
D/umd.troyd(27489): android.widget.RelativeLayout@4060d170: -1 (70)
D/umd.troyd(27489): android.widget.LinearLayout@4060d478: 2131558801 (71)
D/umd.troyd(27489): android.widget.TextView: 5.85 (72)
D/umd.troyd(27489): android.widget.TextView: miles (73)
D/umd.troyd(27489): android.widget.TextView:  (74)
D/umd.troyd(27489): android.widget.ImageView@4074b810: 2131558517 (75)
D/umd.troyd(27489): android.widget.LinearLayout@405f17b0: -1 (76)
D/umd.troyd(27489): android.widget.RelativeLayout@405f1980: -1 (77)
D/umd.troyd(27489): android.widget.RelativeLayout@405f1c78: -1 (78)
D/umd.troyd(27489): android.widget.TextView: Walmart Store (79)
D/umd.troyd(27489): android.widget.TextView: 1501 Us Highway 22 (80)
D/umd.troyd(27489): android.widget.TextView: Watchung, NJ 07069 (81)
D/umd.troyd(27489): android.widget.RelativeLayout@405fe0d8: -1 (82)
D/umd.troyd(27489): android.widget.LinearLayout@405fe420: 2131558801 (83)
D/umd.troyd(27489): android.widget.TextView: 7.87 (84)
D/umd.troyd(27489): android.widget.TextView: miles (85)
D/umd.troyd(27489): android.widget.TextView:  (86)
D/umd.troyd(27489): android.widget.ImageView@406138b0: 2131558517 (87)
D/umd.troyd(27489): android.widget.RelativeLayout@406bc868: 2131558541 (88)
D/umd.troyd(27489): android.widget.GridView@406bd3e0: 2131558824 (89)
D/umd.troyd(27489): android.widget.LinearLayout@406be560: 2131558538 (90)
D/umd.troyd(27489): android.widget.RelativeLayout@406bef58: 2131558818 (91)
D/umd.troyd(27489): android.widget.ImageButton@406bf8a8: 2131558819 (92)
D/umd.troyd(27489): android.widget.RelativeLayout@406bfdc0: -1 (93)
D/umd.troyd(27489): android.widget.ImageView@406c01b0: 2131558820 (94)
D/umd.troyd(27489): android.widget.TextView: Stores (95)
D/umd.troyd(27489): android.widget.RelativeLayout@406c10b8: -1 (96)
D/umd.troyd(27489): android.widget.Button:  (97)
D/umd.troyd(27489): android.widget.ImageView@406c1c28: 2131558823 (98)
D/umd.troyd(27489): android.widget.LinearLayout@406c1eb8: 2131558542 (99)
D/umd.troyd(27489): got command getViews
D/umd.troyd(27489): android.widget.FrameLayout@406b9370: 16908290 (0)
D/umd.troyd(27489): android.widget.RelativeLayout@406b9db0: 2131558603 (1)
D/umd.troyd(27489): android.widget.LinearLayout@406ba1e8: -1 (2)
D/umd.troyd(27489): com.walmart.android.ui.ViewStackLayout@406ba738: 2131558797 (3)
D/umd.troyd(27489): android.widget.RelativeLayout@407241f8: -1 (4)
D/umd.troyd(27489): android.widget.RelativeLayout@40724760: 2131558790 (5)
D/umd.troyd(27489): android.widget.LinearLayout@407252e0: 2131558790 (6)
D/umd.troyd(27489): android.widget.RelativeLayout@40725ac0: -1 (7)
D/umd.troyd(27489): android.widget.Button:  (8)
D/umd.troyd(27489): android.widget.TextView: Search a location (9)
D/umd.troyd(27489): android.widget.Button:  (10)
D/umd.troyd(27489): android.widget.Button:  (11)
D/umd.troyd(27489): android.widget.Button:  (12)
D/umd.troyd(27489): android.widget.RelativeLayout@4072a378: 2131558791 (13)
D/umd.troyd(27489): com.walmart.android.storelocator.StoreMapView@4072b610: 2131558792 (14)
D/umd.troyd(27489): android.widget.ListView@406609b8: 2131558521 (15)
D/umd.troyd(27489): android.widget.LinearLayout@405f17b0: -1 (16)
D/umd.troyd(27489): android.widget.RelativeLayout@405f1980: -1 (17)
D/umd.troyd(27489): android.widget.RelativeLayout@405f1c78: -1 (18)
D/umd.troyd(27489): android.widget.TextView: Walmart Store (19)
D/umd.troyd(27489): android.widget.TextView: 1501 Us Highway 22 (20)
D/umd.troyd(27489): android.widget.TextView: Watchung, NJ 07069 (21)
D/umd.troyd(27489): android.widget.RelativeLayout@405fe0d8: -1 (22)
D/umd.troyd(27489): android.widget.LinearLayout@405fe420: 2131558801 (23)
D/umd.troyd(27489): android.widget.TextView: 7.87 (24)
D/umd.troyd(27489): android.widget.TextView: miles (25)
D/umd.troyd(27489): android.widget.TextView:  (26)
D/umd.troyd(27489): android.widget.ImageView@406138b0: 2131558517 (27)
D/umd.troyd(27489): android.widget.LinearLayout@406e7500: -1 (28)
D/umd.troyd(27489): android.widget.RelativeLayout@406e76f0: -1 (29)
D/umd.troyd(27489): android.widget.RelativeLayout@406e7a98: -1 (30)
D/umd.troyd(27489): android.widget.TextView: Walmart Store (31)
D/umd.troyd(27489): android.widget.TextView: 979 Route#1 South (32)
D/umd.troyd(27489): android.widget.TextView: North Brunswick, NJ 08902 (33)
D/umd.troyd(27489): android.widget.RelativeLayout@406e8da8: -1 (34)
D/umd.troyd(27489): android.widget.LinearLayout@406e91b8: 2131558801 (35)
D/umd.troyd(27489): android.widget.TextView: 8.19 (36)
D/umd.troyd(27489): android.widget.TextView: miles (37)
D/umd.troyd(27489): android.widget.TextView:  (38)
D/umd.troyd(27489): android.widget.ImageView@406ea270: 2131558517 (39)
D/umd.troyd(27489): android.widget.LinearLayout@406ebcc0: -1 (40)
D/umd.troyd(27489): android.widget.RelativeLayout@406ebeb0: -1 (41)
D/umd.troyd(27489): android.widget.RelativeLayout@406ec258: -1 (42)
D/umd.troyd(27489): android.widget.TextView: Walmart Store (43)
D/umd.troyd(27489): android.widget.TextView: 900 Springfield Rd (44)
D/umd.troyd(27489): android.widget.TextView: Union, NJ 07083 (45)
D/umd.troyd(27489): android.widget.RelativeLayout@406ed568: -1 (46)
D/umd.troyd(27489): android.widget.LinearLayout@406ed978: 2131558801 (47)
D/umd.troyd(27489): android.widget.TextView: 9.13 (48)
D/umd.troyd(27489): android.widget.TextView: miles (49)
D/umd.troyd(27489): android.widget.TextView:  (50)
D/umd.troyd(27489): android.widget.ImageView@406eea30: 2131558517 (51)
D/umd.troyd(27489): android.widget.LinearLayout@406f04b8: -1 (52)
D/umd.troyd(27489): android.widget.RelativeLayout@406f06a8: -1 (53)
D/umd.troyd(27489): android.widget.RelativeLayout@406f0a50: -1 (54)
D/umd.troyd(27489): android.widget.TextView: Walmart Supercenter (55)
D/umd.troyd(27489): android.widget.TextView: 500 Bayonne Crossing Way (56)
D/umd.troyd(27489): android.widget.TextView: Bayonne, NJ 07002 (57)
D/umd.troyd(27489): android.widget.RelativeLayout@407d6518: -1 (58)
D/umd.troyd(27489): android.widget.LinearLayout@407d6908: 2131558801 (59)
D/umd.troyd(27489): android.widget.TextView: 12.14 (60)
D/umd.troyd(27489): android.widget.TextView: miles (61)
D/umd.troyd(27489): android.widget.TextView:  (62)
D/umd.troyd(27489): android.widget.ImageView@407d79c0: 2131558517 (63)
D/umd.troyd(27489): android.widget.LinearLayout@407d9448: -1 (64)
D/umd.troyd(27489): android.widget.RelativeLayout@407d9638: -1 (65)
D/umd.troyd(27489): android.widget.RelativeLayout@407d99e0: -1 (66)
D/umd.troyd(27489): android.widget.TextView: Walmart Store (67)
D/umd.troyd(27489): android.widget.TextView: 100 No. Main Street (68)
D/umd.troyd(27489): android.widget.TextView: Manville, NJ 08835 (69)
D/umd.troyd(27489): android.widget.RelativeLayout@407dacf0: -1 (70)
D/umd.troyd(27489): android.widget.LinearLayout@407db100: 2131558801 (71)
D/umd.troyd(27489): android.widget.TextView: 12.22 (72)
D/umd.troyd(27489): android.widget.TextView: miles (73)
D/umd.troyd(27489): android.widget.TextView:  (74)
D/umd.troyd(27489): android.widget.ImageView@407dc1b8: 2131558517 (75)
D/umd.troyd(27489): android.widget.LinearLayout@407ddc40: -1 (76)
D/umd.troyd(27489): android.widget.RelativeLayout@407dde30: -1 (77)
D/umd.troyd(27489): android.widget.RelativeLayout@407de1d8: -1 (78)
D/umd.troyd(27489): android.widget.TextView: Walmart Store (79)
D/umd.troyd(27489): android.widget.TextView: 150 Harrison Ave (80)
D/umd.troyd(27489): android.widget.TextView: Kearny, NJ 07032 (81)
D/umd.troyd(27489): android.widget.RelativeLayout@407df4e8: -1 (82)
D/umd.troyd(27489): android.widget.LinearLayout@407df8f8: 2131558801 (83)
D/umd.troyd(27489): android.widget.TextView: 15.08 (84)
D/umd.troyd(27489): android.widget.TextView: miles (85)
D/umd.troyd(27489): android.widget.TextView:  (86)
D/umd.troyd(27489): android.widget.ImageView@407e09b0: 2131558517 (87)
D/umd.troyd(27489): android.widget.RelativeLayout@406bc868: 2131558541 (88)
D/umd.troyd(27489): android.widget.GridView@406bd3e0: 2131558824 (89)
D/umd.troyd(27489): android.widget.LinearLayout@406be560: 2131558538 (90)
D/umd.troyd(27489): android.widget.RelativeLayout@406bef58: 2131558818 (91)
D/umd.troyd(27489): android.widget.ImageButton@406bf8a8: 2131558819 (92)
D/umd.troyd(27489): android.widget.RelativeLayout@406bfdc0: -1 (93)
D/umd.troyd(27489): android.widget.ImageView@406c01b0: 2131558820 (94)
D/umd.troyd(27489): android.widget.TextView: Stores (95)
D/umd.troyd(27489): android.widget.RelativeLayout@406c10b8: -1 (96)
D/umd.troyd(27489): android.widget.Button:  (97)
D/umd.troyd(27489): android.widget.ImageView@406c1c28: 2131558823 (98)
D/umd.troyd(27489): android.widget.LinearLayout@406c1eb8: 2131558542 (99)
D/umd.troyd(27489): got command getViews
D/umd.troyd(27489): android.widget.FrameLayout@406b9370: 16908290 (0)
D/umd.troyd(27489): android.widget.RelativeLayout@406b9db0: 2131558603 (1)
D/umd.troyd(27489): android.widget.LinearLayout@406ba1e8: -1 (2)
D/umd.troyd(27489): com.walmart.android.ui.ViewStackLayout@406ba738: 2131558797 (3)
D/umd.troyd(27489): android.widget.RelativeLayout@407241f8: -1 (4)
D/umd.troyd(27489): android.widget.RelativeLayout@40724760: 2131558790 (5)
D/umd.troyd(27489): android.widget.LinearLayout@407252e0: 2131558790 (6)
D/umd.troyd(27489): android.widget.RelativeLayout@40725ac0: -1 (7)
D/umd.troyd(27489): android.widget.Button:  (8)
D/umd.troyd(27489): android.widget.TextView: Search a location (9)
D/umd.troyd(27489): android.widget.Button:  (10)
D/umd.troyd(27489): android.widget.Button:  (11)
D/umd.troyd(27489): android.widget.Button:  (12)
D/umd.troyd(27489): android.widget.RelativeLayout@4072a378: 2131558791 (13)
D/umd.troyd(27489): com.walmart.android.storelocator.StoreMapView@4072b610: 2131558792 (14)
D/umd.troyd(27489): android.widget.ListView@406609b8: 2131558521 (15)
D/umd.troyd(27489): android.widget.LinearLayout@407ddc40: -1 (16)
D/umd.troyd(27489): android.widget.RelativeLayout@407dde30: -1 (17)
D/umd.troyd(27489): android.widget.RelativeLayout@407de1d8: -1 (18)
D/umd.troyd(27489): android.widget.TextView: Walmart Store (19)
D/umd.troyd(27489): android.widget.TextView: 150 Harrison Ave (20)
D/umd.troyd(27489): android.widget.TextView: Kearny, NJ 07032 (21)
D/umd.troyd(27489): android.widget.RelativeLayout@407df4e8: -1 (22)
D/umd.troyd(27489): android.widget.LinearLayout@407df8f8: 2131558801 (23)
D/umd.troyd(27489): android.widget.TextView: 15.08 (24)
D/umd.troyd(27489): android.widget.TextView: miles (25)
D/umd.troyd(27489): android.widget.TextView:  (26)
D/umd.troyd(27489): android.widget.ImageView@407e09b0: 2131558517 (27)
D/umd.troyd(27489): android.widget.LinearLayout@405c2ee0: -1 (28)
D/umd.troyd(27489): android.widget.RelativeLayout@4070e1c8: -1 (29)
D/umd.troyd(27489): android.widget.RelativeLayout@4070e468: -1 (30)
D/umd.troyd(27489): android.widget.TextView: Walmart Supercenter (31)
D/umd.troyd(27489): android.widget.TextView: 326 W Main St (32)
D/umd.troyd(27489): android.widget.TextView: Freehold, NJ 07728 (33)
D/umd.troyd(27489): android.widget.RelativeLayout@406f2218: -1 (34)
D/umd.troyd(27489): android.widget.LinearLayout@406f2578: 2131558801 (35)
D/umd.troyd(27489): android.widget.TextView: 17.52 (36)
D/umd.troyd(27489): android.widget.TextView: miles (37)
D/umd.troyd(27489): android.widget.TextView:  (38)
D/umd.troyd(27489): android.widget.ImageView@40799eb8: 2131558517 (39)
D/umd.troyd(27489): android.widget.LinearLayout@4066e8c8: -1 (40)
D/umd.troyd(27489): android.widget.RelativeLayout@4066eab8: -1 (41)
D/umd.troyd(27489): android.widget.RelativeLayout@4066edd0: -1 (42)
D/umd.troyd(27489): android.widget.TextView: Walmart Store (43)
D/umd.troyd(27489): android.widget.TextView: 235 Ridgedale Ave (44)
D/umd.troyd(27489): android.widget.TextView: Cedar Knolls, NJ 07927 (45)
D/umd.troyd(27489): android.widget.RelativeLayout@406843e8: -1 (46)
D/umd.troyd(27489): android.widget.LinearLayout@407372b8: 2131558801 (47)
D/umd.troyd(27489): android.widget.TextView: 17.66 (48)
D/umd.troyd(27489): android.widget.TextView: miles (49)
D/umd.troyd(27489): android.widget.TextView:  (50)
D/umd.troyd(27489): android.widget.ImageView@40617008: 2131558517 (51)
D/umd.troyd(27489): android.widget.LinearLayout@405fc0c0: -1 (52)
D/umd.troyd(27489): android.widget.RelativeLayout@405fc2b0: -1 (53)
D/umd.troyd(27489): android.widget.RelativeLayout@405fc5c8: -1 (54)
D/umd.troyd(27489): android.widget.TextView: Walmart Store (55)
D/umd.troyd(27489): android.widget.TextView: 3576 Us Highway 22 (56)
D/umd.troyd(27489): android.widget.TextView: Branchburg, NJ 08876 (57)
D/umd.troyd(27489): android.widget.RelativeLayout@40771f20: -1 (58)
D/umd.troyd(27489): android.widget.LinearLayout@40772268: 2131558801 (59)
D/umd.troyd(27489): android.widget.TextView: 19.23 (60)
D/umd.troyd(27489): android.widget.TextView: miles (61)
D/umd.troyd(27489): android.widget.TextView:  (62)
D/umd.troyd(27489): android.widget.ImageView@407819d8: 2131558517 (63)
D/umd.troyd(27489): android.widget.LinearLayout@40709cb0: -1 (64)
D/umd.troyd(27489): android.widget.RelativeLayout@40709ea0: -1 (65)
D/umd.troyd(27489): android.widget.RelativeLayout@4070d6e8: -1 (66)
D/umd.troyd(27489): android.widget.TextView: Walmart Supercenter (67)
D/umd.troyd(27489): android.widget.TextView: 400 Park Pl (68)
D/umd.troyd(27489): android.widget.TextView: Secaucus, NJ 07094 (69)
D/umd.troyd(27489): android.widget.RelativeLayout@407148f0: -1 (70)
D/umd.troyd(27489): android.widget.LinearLayout@40719568: 2131558801 (71)
D/umd.troyd(27489): android.widget.TextView: 19.81 (72)
D/umd.troyd(27489): android.widget.TextView: miles (73)
D/umd.troyd(27489): android.widget.TextView:  (74)
D/umd.troyd(27489): android.widget.ImageView@40795050: 2131558517 (75)
D/umd.troyd(27489): android.widget.LinearLayout@40791120: -1 (76)
D/umd.troyd(27489): android.widget.RelativeLayout@405d28f0: -1 (77)
D/umd.troyd(27489): android.widget.RelativeLayout@405d2be8: -1 (78)
D/umd.troyd(27489): android.widget.TextView: Walmart Store (79)
D/umd.troyd(27489): android.widget.TextView: 839 Us Highway 130 (80)
D/umd.troyd(27489): android.widget.TextView: East Windsor, NJ 08520 (81)
D/umd.troyd(27489): android.widget.RelativeLayout@4060d170: -1 (82)
D/umd.troyd(27489): android.widget.LinearLayout@4060d478: 2131558801 (83)
D/umd.troyd(27489): android.widget.TextView: 20.04 (84)
D/umd.troyd(27489): android.widget.TextView: miles (85)
D/umd.troyd(27489): android.widget.TextView:  (86)
D/umd.troyd(27489): android.widget.ImageView@4074b810: 2131558517 (87)
D/umd.troyd(27489): android.widget.RelativeLayout@406bc868: 2131558541 (88)
D/umd.troyd(27489): android.widget.GridView@406bd3e0: 2131558824 (89)
D/umd.troyd(27489): android.widget.LinearLayout@406be560: 2131558538 (90)
D/umd.troyd(27489): android.widget.RelativeLayout@406bef58: 2131558818 (91)
D/umd.troyd(27489): android.widget.ImageButton@406bf8a8: 2131558819 (92)
D/umd.troyd(27489): android.widget.RelativeLayout@406bfdc0: -1 (93)
D/umd.troyd(27489): android.widget.ImageView@406c01b0: 2131558820 (94)
D/umd.troyd(27489): android.widget.TextView: Stores (95)
D/umd.troyd(27489): android.widget.RelativeLayout@406c10b8: -1 (96)
D/umd.troyd(27489): android.widget.Button:  (97)
D/umd.troyd(27489): android.widget.ImageView@406c1c28: 2131558823 (98)
D/umd.troyd(27489): android.widget.LinearLayout@406c1eb8: 2131558542 (99)
D/umd.troyd(27489): got command getViews
D/umd.troyd(27489): android.widget.FrameLayout@406b9370: 16908290 (0)
D/umd.troyd(27489): android.widget.RelativeLayout@406b9db0: 2131558603 (1)
D/umd.troyd(27489): android.widget.LinearLayout@406ba1e8: -1 (2)
D/umd.troyd(27489): com.walmart.android.ui.ViewStackLayout@406ba738: 2131558797 (3)
D/umd.troyd(27489): android.widget.RelativeLayout@407241f8: -1 (4)
D/umd.troyd(27489): android.widget.RelativeLayout@40724760: 2131558790 (5)
D/umd.troyd(27489): android.widget.LinearLayout@407252e0: 2131558790 (6)
D/umd.troyd(27489): android.widget.RelativeLayout@40725ac0: -1 (7)
D/umd.troyd(27489): android.widget.Button:  (8)
D/umd.troyd(27489): android.widget.TextView: Search a location (9)
D/umd.troyd(27489): android.widget.Button:  (10)
D/umd.troyd(27489): android.widget.Button:  (11)
D/umd.troyd(27489): android.widget.Button:  (12)
D/umd.troyd(27489): android.widget.RelativeLayout@4072a378: 2131558791 (13)
D/umd.troyd(27489): com.walmart.android.storelocator.StoreMapView@4072b610: 2131558792 (14)
D/umd.troyd(27489): android.widget.ListView@406609b8: 2131558521 (15)
D/umd.troyd(27489): android.widget.LinearLayout@40791120: -1 (16)
D/umd.troyd(27489): android.widget.RelativeLayout@405d28f0: -1 (17)
D/umd.troyd(27489): android.widget.RelativeLayout@405d2be8: -1 (18)
D/umd.troyd(27489): android.widget.TextView: Walmart Store (19)
D/umd.troyd(27489): android.widget.TextView: 839 Us Highway 130 (20)
D/umd.troyd(27489): android.widget.TextView: East Windsor, NJ 08520 (21)
D/umd.troyd(27489): android.widget.RelativeLayout@4060d170: -1 (22)
D/umd.troyd(27489): android.widget.LinearLayout@4060d478: 2131558801 (23)
D/umd.troyd(27489): android.widget.TextView: 20.04 (24)
D/umd.troyd(27489): android.widget.TextView: miles (25)
D/umd.troyd(27489): android.widget.TextView:  (26)
D/umd.troyd(27489): android.widget.ImageView@4074b810: 2131558517 (27)
D/umd.troyd(27489): android.widget.LinearLayout@405f17b0: -1 (28)
D/umd.troyd(27489): android.widget.RelativeLayout@405f1980: -1 (29)
D/umd.troyd(27489): android.widget.RelativeLayout@405f1c78: -1 (30)
D/umd.troyd(27489): android.widget.TextView: Walmart Supercenter (31)
D/umd.troyd(27489): android.widget.TextView: 3575 State Route 66 (32)
D/umd.troyd(27489): android.widget.TextView: Neptune, NJ 07753 (33)
D/umd.troyd(27489): android.widget.RelativeLayout@405fe0d8: -1 (34)
D/umd.troyd(27489): android.widget.LinearLayout@405fe420: 2131558801 (35)
D/umd.troyd(27489): android.widget.TextView: 21.43 (36)
D/umd.troyd(27489): android.widget.TextView: miles (37)
D/umd.troyd(27489): android.widget.TextView:  (38)
D/umd.troyd(27489): android.widget.ImageView@406138b0: 2131558517 (39)
D/umd.troyd(27489): android.widget.LinearLayout@406e7500: -1 (40)
D/umd.troyd(27489): android.widget.RelativeLayout@406e76f0: -1 (41)
D/umd.troyd(27489): android.widget.RelativeLayout@406e7a98: -1 (42)
D/umd.troyd(27489): android.widget.TextView: Walmart Store (43)
D/umd.troyd(27489): android.widget.TextView: 101 Nassau Park Blvd (44)
D/umd.troyd(27489): android.widget.TextView: Princeton, NJ 08540 (45)
D/umd.troyd(27489): android.widget.RelativeLayout@406e8da8: -1 (46)
D/umd.troyd(27489): android.widget.LinearLayout@406e91b8: 2131558801 (47)
D/umd.troyd(27489): android.widget.TextView: 21.62 (48)
D/umd.troyd(27489): android.widget.TextView: miles (49)
D/umd.troyd(27489): android.widget.TextView:  (50)
D/umd.troyd(27489): android.widget.ImageView@406ea270: 2131558517 (51)
D/umd.troyd(27489): android.widget.LinearLayout@406ebcc0: -1 (52)
D/umd.troyd(27489): android.widget.RelativeLayout@406ebeb0: -1 (53)
D/umd.troyd(27489): android.widget.RelativeLayout@406ec258: -1 (54)
D/umd.troyd(27489): android.widget.TextView: Walmart Supercenter (55)
D/umd.troyd(27489): android.widget.TextView: 2100 88Th St (56)
D/umd.troyd(27489): android.widget.TextView: North Bergen, NJ 07047 (57)
D/umd.troyd(27489): android.widget.RelativeLayout@406ed568: -1 (58)
D/umd.troyd(27489): android.widget.LinearLayout@406ed978: 2131558801 (59)
D/umd.troyd(27489): android.widget.TextView: 21.62 (60)
D/umd.troyd(27489): android.widget.TextView: miles (61)
D/umd.troyd(27489): android.widget.TextView:  (62)
D/umd.troyd(27489): android.widget.ImageView@406eea30: 2131558517 (63)
D/umd.troyd(27489): android.widget.LinearLayout@406f04b8: -1 (64)
D/umd.troyd(27489): android.widget.RelativeLayout@406f06a8: -1 (65)
D/umd.troyd(27489): android.widget.RelativeLayout@406f0a50: -1 (66)
D/umd.troyd(27489): android.widget.TextView: Walmart Supercenter (67)
D/umd.troyd(27489): android.widget.TextView: 174 Passaic St (68)
D/umd.troyd(27489): android.widget.TextView: Garfield, NJ 07026 (69)
D/umd.troyd(27489): android.widget.RelativeLayout@407d6518: -1 (70)
D/umd.troyd(27489): android.widget.LinearLayout@407d6908: 2131558801 (71)
D/umd.troyd(27489): android.widget.TextView: 22.15 (72)
D/umd.troyd(27489): android.widget.TextView: miles (73)
D/umd.troyd(27489): android.widget.TextView:  (74)
D/umd.troyd(27489): android.widget.ImageView@407d79c0: 2131558517 (75)
D/umd.troyd(27489): android.widget.LinearLayout@407d9448: -1 (76)
D/umd.troyd(27489): android.widget.RelativeLayout@407d9638: -1 (77)
D/umd.troyd(27489): android.widget.RelativeLayout@407d99e0: -1 (78)
D/umd.troyd(27489): android.widget.TextView: Walmart Store (79)
D/umd.troyd(27489): android.widget.TextView: 300 Wootton St (80)
D/umd.troyd(27489): android.widget.TextView: Boonton, NJ 07005 (81)
D/umd.troyd(27489): android.widget.RelativeLayout@407dacf0: -1 (82)
D/umd.troyd(27489): android.widget.LinearLayout@407db100: 2131558801 (83)
D/umd.troyd(27489): android.widget.TextView: 22.65 (84)
D/umd.troyd(27489): android.widget.TextView: miles (85)
D/umd.troyd(27489): android.widget.TextView:  (86)
D/umd.troyd(27489): android.widget.ImageView@407dc1b8: 2131558517 (87)
D/umd.troyd(27489): android.widget.RelativeLayout@406bc868: 2131558541 (88)
D/umd.troyd(27489): android.widget.GridView@406bd3e0: 2131558824 (89)
D/umd.troyd(27489): android.widget.LinearLayout@406be560: 2131558538 (90)
D/umd.troyd(27489): android.widget.RelativeLayout@406bef58: 2131558818 (91)
D/umd.troyd(27489): android.widget.ImageButton@406bf8a8: 2131558819 (92)
D/umd.troyd(27489): android.widget.RelativeLayout@406bfdc0: -1 (93)
D/umd.troyd(27489): android.widget.ImageView@406c01b0: 2131558820 (94)
D/umd.troyd(27489): android.widget.TextView: Stores (95)
D/umd.troyd(27489): android.widget.RelativeLayout@406c10b8: -1 (96)
D/umd.troyd(27489): android.widget.Button:  (97)
D/umd.troyd(27489): android.widget.ImageView@406c1c28: 2131558823 (98)
D/umd.troyd(27489): android.widget.LinearLayout@406c1eb8: 2131558542 (99)
D/umd.troyd(27489): got command getViews
D/umd.troyd(27489): android.widget.FrameLayout@406b9370: 16908290 (0)
D/umd.troyd(27489): android.widget.RelativeLayout@406b9db0: 2131558603 (1)
D/umd.troyd(27489): android.widget.LinearLayout@406ba1e8: -1 (2)
D/umd.troyd(27489): com.walmart.android.ui.ViewStackLayout@406ba738: 2131558797 (3)
D/umd.troyd(27489): android.widget.RelativeLayout@407241f8: -1 (4)
D/umd.troyd(27489): android.widget.RelativeLayout@40724760: 2131558790 (5)
D/umd.troyd(27489): android.widget.LinearLayout@407252e0: 2131558790 (6)
D/umd.troyd(27489): android.widget.RelativeLayout@40725ac0: -1 (7)
D/umd.troyd(27489): android.widget.Button:  (8)
D/umd.troyd(27489): android.widget.TextView: Search a location (9)
D/umd.troyd(27489): android.widget.Button:  (10)
D/umd.troyd(27489): android.widget.Button:  (11)
D/umd.troyd(27489): android.widget.Button:  (12)
D/umd.troyd(27489): android.widget.RelativeLayout@4072a378: 2131558791 (13)
D/umd.troyd(27489): com.walmart.android.storelocator.StoreMapView@4072b610: 2131558792 (14)
D/umd.troyd(27489): android.widget.ListView@406609b8: 2131558521 (15)
D/umd.troyd(27489): android.widget.LinearLayout@407d9448: -1 (16)
D/umd.troyd(27489): android.widget.RelativeLayout@407d9638: -1 (17)
D/umd.troyd(27489): android.widget.RelativeLayout@407d99e0: -1 (18)
D/umd.troyd(27489): android.widget.TextView: Walmart Store (19)
D/umd.troyd(27489): android.widget.TextView: 300 Wootton St (20)
D/umd.troyd(27489): android.widget.TextView: Boonton, NJ 07005 (21)
D/umd.troyd(27489): android.widget.RelativeLayout@407dacf0: -1 (22)
D/umd.troyd(27489): android.widget.LinearLayout@407db100: 2131558801 (23)
D/umd.troyd(27489): android.widget.TextView: 22.65 (24)
D/umd.troyd(27489): android.widget.TextView: miles (25)
D/umd.troyd(27489): android.widget.TextView:  (26)
D/umd.troyd(27489): android.widget.ImageView@407dc1b8: 2131558517 (27)
D/umd.troyd(27489): android.widget.LinearLayout@407ddc40: -1 (28)
D/umd.troyd(27489): android.widget.RelativeLayout@407dde30: -1 (29)
D/umd.troyd(27489): android.widget.RelativeLayout@407de1d8: -1 (30)
D/umd.troyd(27489): android.widget.TextView: Walmart Store (31)
D/umd.troyd(27489): android.widget.TextView: 189 Us Highway 46 (32)
D/umd.troyd(27489): android.widget.TextView: Saddle Brook, NJ 07663 (33)
D/umd.troyd(27489): android.widget.RelativeLayout@407df4e8: -1 (34)
D/umd.troyd(27489): android.widget.LinearLayout@407df8f8: 2131558801 (35)
D/umd.troyd(27489): android.widget.TextView: 23.66 (36)
D/umd.troyd(27489): android.widget.TextView: miles (37)
D/umd.troyd(27489): android.widget.TextView:  (38)
D/umd.troyd(27489): android.widget.ImageView@407e09b0: 2131558517 (39)
D/umd.troyd(27489): android.widget.LinearLayout@405c2ee0: -1 (40)
D/umd.troyd(27489): android.widget.RelativeLayout@4070e1c8: -1 (41)
D/umd.troyd(27489): android.widget.RelativeLayout@4070e468: -1 (42)
D/umd.troyd(27489): android.widget.TextView: Walmart Supercenter (43)
D/umd.troyd(27489): android.widget.TextView: 152 Route 31 North (44)
D/umd.troyd(27489): android.widget.TextView: Flemington, NJ 08822 (45)
D/umd.troyd(27489): android.widget.RelativeLayout@406f2218: -1 (46)
D/umd.troyd(27489): android.widget.LinearLayout@406f2578: 2131558801 (47)
D/umd.troyd(27489): android.widget.TextView: 24.52 (48)
D/umd.troyd(27489): android.widget.TextView: miles (49)
D/umd.troyd(27489): android.widget.TextView:  (50)
D/umd.troyd(27489): android.widget.ImageView@40799eb8: 2131558517 (51)
D/umd.troyd(27489): android.widget.LinearLayout@4066e8c8: -1 (52)
D/umd.troyd(27489): android.widget.RelativeLayout@4066eab8: -1 (53)
D/umd.troyd(27489): android.widget.RelativeLayout@4066edd0: -1 (54)
D/umd.troyd(27489): android.widget.TextView: Walmart Store (55)
D/umd.troyd(27489): android.widget.TextView: 4900 U.S. Hwy #9 (56)
D/umd.troyd(27489): android.widget.TextView: Howell, NJ 07731 (57)
D/umd.troyd(27489): android.widget.RelativeLayout@406843e8: -1 (58)
D/umd.troyd(27489): android.widget.LinearLayout@407372b8: 2131558801 (59)
D/umd.troyd(27489): android.widget.TextView: 24.53 (60)
D/umd.troyd(27489): android.widget.TextView: miles (61)
D/umd.troyd(27489): android.widget.TextView:  (62)
D/umd.troyd(27489): android.widget.ImageView@40617008: 2131558517 (63)
D/umd.troyd(27489): android.widget.LinearLayout@405fc0c0: -1 (64)
D/umd.troyd(27489): android.widget.RelativeLayout@405fc2b0: -1 (65)
D/umd.troyd(27489): android.widget.RelativeLayout@405fc5c8: -1 (66)
D/umd.troyd(27489): android.widget.TextView: Walmart Store (67)
D/umd.troyd(27489): android.widget.TextView: 220 Enterprise Dr (68)
D/umd.troyd(27489): android.widget.TextView: Rockaway, NJ 07866 (69)
D/umd.troyd(27489): android.widget.RelativeLayout@40771f20: -1 (70)
D/umd.troyd(27489): android.widget.LinearLayout@40772268: 2131558801 (71)
D/umd.troyd(27489): android.widget.TextView: 24.94 (72)
D/umd.troyd(27489): android.widget.TextView: miles (73)
D/umd.troyd(27489): android.widget.TextView:  (74)
D/umd.troyd(27489): android.widget.ImageView@407819d8: 2131558517 (75)
D/umd.troyd(27489): android.widget.LinearLayout@40709cb0: -1 (76)
D/umd.troyd(27489): android.widget.RelativeLayout@40709ea0: -1 (77)
D/umd.troyd(27489): android.widget.RelativeLayout@4070d6e8: -1 (78)
D/umd.troyd(27489): android.widget.TextView: Walmart Store (79)
D/umd.troyd(27489): android.widget.TextView: 700 Marketplace Blvd (80)
D/umd.troyd(27489): android.widget.TextView: Hamilton, NJ 08691 (81)
D/umd.troyd(27489): android.widget.RelativeLayout@407148f0: -1 (82)
D/umd.troyd(27489): android.widget.LinearLayout@40719568: 2131558801 (83)
D/umd.troyd(27489): android.widget.TextView: 25.11 (84)
D/umd.troyd(27489): android.widget.TextView: miles (85)
D/umd.troyd(27489): android.widget.TextView:  (86)
D/umd.troyd(27489): android.widget.ImageView@40795050: 2131558517 (87)
D/umd.troyd(27489): android.widget.RelativeLayout@406bc868: 2131558541 (88)
D/umd.troyd(27489): android.widget.GridView@406bd3e0: 2131558824 (89)
D/umd.troyd(27489): android.widget.LinearLayout@406be560: 2131558538 (90)
D/umd.troyd(27489): android.widget.RelativeLayout@406bef58: 2131558818 (91)
D/umd.troyd(27489): android.widget.ImageButton@406bf8a8: 2131558819 (92)
D/umd.troyd(27489): android.widget.RelativeLayout@406bfdc0: -1 (93)
D/umd.troyd(27489): android.widget.ImageView@406c01b0: 2131558820 (94)
D/umd.troyd(27489): android.widget.TextView: Stores (95)
D/umd.troyd(27489): android.widget.RelativeLayout@406c10b8: -1 (96)
D/umd.troyd(27489): android.widget.Button:  (97)
D/umd.troyd(27489): android.widget.ImageView@406c1c28: 2131558823 (98)
D/umd.troyd(27489): android.widget.LinearLayout@406c1eb8: 2131558542 (99)
