android.widget.LinearLayout@40573c20
android.widget.FrameLayout@40574408
android.widget.TextView: Restaurant Finder
android.widget.FrameLayout@405753f0
android.widget.RelativeLayout@405758a8
android.widget.TextView: Loading my location...
android.widget.TextView: No contents.
android.widget.LinearLayout@40576798
com.google.ads.AdView@40578af0
g@4057af80
android.widget.ListView@40576a68
android.widget.LinearLayout@40570b18
android.widget.LinearLayout@405b1d70
android.widget.TextView: Southgate Garden
android.widget.LinearLayout@40539a30
android.widget.TextView: (425) 603-9292
android.widget.TextView: 1.74 Km
android.widget.TextView: 3703 150th Avenue Southeast Bellevue, WA
android.widget.LinearLayout@4054b0d8
android.widget.LinearLayout@405b0b00
android.widget.TextView: Domino's Pizza
android.widget.LinearLayout@4056d090
android.widget.TextView: (425) 747-9766
android.widget.TextView: 1.75 Km
android.widget.TextView: 15100 Southeast 38th Street Bellevue, WA
android.widget.LinearLayout@4058d218
android.widget.LinearLayout@4052ec00
android.widget.TextView: Outback Steakhouse
android.widget.LinearLayout@405468d8
android.widget.TextView: (425) 746-4647
android.widget.TextView: 1.88 Km
android.widget.TextView: 15100 S.E. 38th Street, #500 Bellevue, WA
android.widget.LinearLayout@40554288
android.widget.LinearLayout@40579798
android.widget.TextView: Ricardo's Restaurant
android.widget.LinearLayout@4058c5c8
android.widget.TextView: (425) 643-5585
android.widget.TextView: 2.12 Km
android.widget.TextView: 4065 Factoria Boulevard Southeast Bellevue, WA
android.widget.LinearLayout@405903a0
android.widget.LinearLayout@405adfd8
android.widget.TextView: India Gate Restaurant
android.widget.LinearLayout@40541e70
android.widget.TextView: (425) 747-1075
android.widget.TextView: 2.28 Km
android.widget.TextView: 3080 148th Avenue Southeast #102 Bellevue, WA
android.widget.LinearLayout@40573c20
android.widget.FrameLayout@40574408
android.widget.TextView: Restaurant Finder
android.widget.FrameLayout@405753f0
android.widget.RelativeLayout@405758a8
android.widget.TextView: Loading my location...
android.widget.TextView: No contents.
android.widget.LinearLayout@40576798
com.google.ads.AdView@40578af0
g@4057af80
android.widget.ListView@40576a68
android.widget.LinearLayout@405903a0
android.widget.LinearLayout@405adfd8
android.widget.TextView: India Gate Restaurant
android.widget.LinearLayout@40541e70
android.widget.TextView: (425) 747-1075
android.widget.TextView: 2.28 Km
android.widget.TextView: 3080 148th Avenue Southeast #102 Bellevue, WA
android.widget.LinearLayout@4054c758
android.widget.LinearLayout@4050f718
android.widget.TextView: Lil' Jon Restaurant & Lounge
android.widget.LinearLayout@4050fd30
android.widget.TextView: (425) 746-4653
android.widget.TextView: 2.33 Km
android.widget.TextView: 3080 Southeast Eastgate Way #201 Bellevue, WA
android.widget.LinearLayout@405160f8
android.widget.LinearLayout@40516890
android.widget.TextView: Tapatio
android.widget.LinearLayout@40516f10
android.widget.TextView: (425) 373-0855
android.widget.TextView: 2.35 Km
android.widget.TextView: 3720 Factoria Boulevard Southeast Bellevue, WA
android.widget.LinearLayout@40519490
android.widget.LinearLayout@40583850
android.widget.TextView: The Keg Steakhouse & Bar - Factoria
android.widget.LinearLayout@40583e18
android.widget.TextView: (425) 644-9700
android.widget.TextView: 2.44 Km
android.widget.TextView: 3600 Factoria Boulevard Southeast Bellevue, WA
