android.widget.LinearLayout@40574998
android.widget.FrameLayout@40575180
android.widget.TextView: Restaurant Finder
android.widget.FrameLayout@40576168
android.widget.RelativeLayout@40576620
android.widget.TextView: Loading my location...
android.widget.TextView: No contents.
android.widget.LinearLayout@40577510
com.google.ads.AdView@40579868
g@4057bcf8
android.widget.ListView@405777e0
android.widget.LinearLayout@405876a8
android.widget.LinearLayout@40587940
android.widget.TextView: Willows Run Golf Club
android.widget.LinearLayout@40587c10
android.widget.TextView: (425) 883-1200
android.widget.TextView: 0.09 Km
android.widget.TextView: 10402 Willows Road Northeast Redmond, WA
android.widget.LinearLayout@40587eb0
android.widget.LinearLayout@405aeb48
android.widget.TextView: Willows Deli
android.widget.LinearLayout@4054bf50
android.widget.TextView: (425) 885-2021
android.widget.TextView: 1.25 Km
android.widget.TextView: 14858 Northeast 95th Street Redmond, WA
android.widget.LinearLayout@4054d638
android.widget.LinearLayout@405f21b0
android.widget.TextView: Pasta Ya Gotcha
android.widget.LinearLayout@40587400
android.widget.TextView: (425) 558-9525
android.widget.TextView: 1.25 Km
android.widget.TextView: 14868 Northeast 95th Street Redmond, WA
android.widget.LinearLayout@405ef9d8
android.widget.LinearLayout@4057b2c8
android.widget.TextView: Subway
android.widget.LinearLayout@4052e7d0
android.widget.TextView: (425) 885-4088
android.widget.TextView: 1.51 Km
android.widget.TextView: 14712 Northeast 91st Street Redmond, WA
android.widget.LinearLayout@405542c0
android.widget.LinearLayout@405886e8
android.widget.TextView: Flying Saucer Pizza
android.widget.LinearLayout@40596a40
android.widget.TextView: (425) 376-2700
android.widget.TextView: 1.53 Km
android.widget.TextView: 14712 Northeast 91st Street Redmond, WA
android.widget.LinearLayout@40589470
android.widget.LinearLayout@40512e48
android.widget.TextView: Santa Fe Mexican Grill
android.widget.LinearLayout@40529da0
android.widget.TextView: (425) 821-9405
android.widget.TextView: 2.29 Km
android.widget.TextView: 12709 Northeast 124th Street Kirkland, WA
android.widget.LinearLayout@40574998
android.widget.FrameLayout@40575180
android.widget.TextView: Restaurant Finder
android.widget.FrameLayout@40576168
android.widget.RelativeLayout@40576620
android.widget.TextView: Loading my location...
android.widget.TextView: No contents.
android.widget.LinearLayout@40577510
com.google.ads.AdView@40579868
g@4057bcf8
android.widget.ListView@405777e0
android.widget.LinearLayout@40589470
android.widget.LinearLayout@40512e48
android.widget.TextView: Santa Fe Mexican Grill
android.widget.LinearLayout@40529da0
android.widget.TextView: (425) 821-9405
android.widget.TextView: 2.29 Km
android.widget.TextView: 12709 Northeast 124th Street Kirkland, WA
android.widget.LinearLayout@405555b8
android.widget.LinearLayout@4055edc0
android.widget.TextView: Lucky 7 Saloon
android.widget.LinearLayout@4058df28
android.widget.TextView: (425) 821-7717
android.widget.TextView: 2.29 Km
android.widget.TextView: 12715 Northeast 124th Street Kirkland, WA
android.widget.LinearLayout@4058ee10
android.widget.LinearLayout@40593e08
android.widget.TextView: Thai Kitchen
android.widget.LinearLayout@4059e440
android.widget.TextView: (425) 820-5630
android.widget.TextView: 2.33 Km
android.widget.TextView: 11701 124th Avenue Northeast Kirkland, WA
android.widget.LinearLayout@40594fb8
android.widget.LinearLayout@4054c3a8
android.widget.TextView: Coho Cafe
android.widget.LinearLayout@40571e70
android.widget.TextView: (425) 885-2646
android.widget.TextView: 2.37 Km
android.widget.TextView: 8976 161st Avenue Northeast Redmond, WA
android.widget.LinearLayout@405ad6d0
android.widget.LinearLayout@405b05a8
android.widget.TextView: KFC
android.widget.LinearLayout@40549b70
android.widget.TextView: (425) 823-6899
android.widget.TextView: 2.38 Km
android.widget.TextView: 11747 124th Avenue Northeast Kirkland, WA
android.widget.LinearLayout@405193e0
android.widget.LinearLayout@40526608
android.widget.TextView: Panda Express
android.widget.LinearLayout@405540e8
android.widget.TextView: (425) 881-8454
android.widget.TextView: 2.39 Km
android.widget.TextView: 8867 161st Avenue Northeast Redmond, WA
android.widget.LinearLayout@40574998
android.widget.FrameLayout@40575180
android.widget.TextView: Restaurant Finder
android.widget.FrameLayout@40576168
android.widget.RelativeLayout@40576620
android.widget.TextView: Loading my location...
android.widget.TextView: No contents.
android.widget.LinearLayout@40577510
com.google.ads.AdView@40579868
g@4057bcf8
android.widget.ListView@405777e0
android.widget.LinearLayout@405193e0
android.widget.LinearLayout@40526608
android.widget.TextView: Panda Express
android.widget.LinearLayout@405540e8
android.widget.TextView: (425) 881-8454
android.widget.TextView: 2.39 Km
android.widget.TextView: 8867 161st Avenue Northeast Redmond, WA
android.widget.LinearLayout@405876a8
android.widget.LinearLayout@40587940
android.widget.TextView: Brown Bag Cafe Kirkland
android.widget.LinearLayout@40587c10
android.widget.TextView: (425) 822-9462
android.widget.TextView: 2.39 Km
android.widget.TextView: 12217 Northeast 116th Street Kirkland, WA
android.widget.LinearLayout@40587eb0
android.widget.LinearLayout@405aeb48
android.widget.TextView: Starbucks
android.widget.LinearLayout@4054bf50
android.widget.TextView: (425) 869-1080
android.widget.TextView: 2.4 Km
android.widget.TextView: 8867 161st Avenue Northeast Redmond, WA
android.widget.LinearLayout@4054d638
android.widget.LinearLayout@405f21b0
android.widget.TextView: Chan's Place Cuisine of China
android.widget.LinearLayout@40587400
android.widget.TextView: (425) 629-9439
android.widget.TextView: 2.4 Km
android.widget.TextView: 12041 124th Avenue Northeast Kirkland, WA
android.widget.LinearLayout@405ef9d8
android.widget.LinearLayout@4057b2c8
android.widget.TextView: JJ Mahoney's Irish Pub
android.widget.LinearLayout@4052e7d0
android.widget.TextView: (425) 558-1866
android.widget.TextView: 2.47 Km
android.widget.TextView: 8932 161st Avenue Northeast Redmond, WA
android.widget.LinearLayout@405542c0
android.widget.LinearLayout@405886e8
android.widget.TextView: Ken Zaburo
android.widget.LinearLayout@40596a40
android.widget.TextView: (425) 823-2888
android.widget.TextView: 2.47 Km
android.widget.TextView: 12413 Northeast 124th Street Kirkland, WA
android.widget.LinearLayout@40574998
android.widget.FrameLayout@40575180
android.widget.TextView: Restaurant Finder
android.widget.FrameLayout@40576168
android.widget.RelativeLayout@40576620
android.widget.TextView: Loading my location...
android.widget.TextView: No contents.
android.widget.LinearLayout@40577510
com.google.ads.AdView@40579868
g@4057bcf8
android.widget.ListView@405777e0
android.widget.LinearLayout@405542c0
android.widget.LinearLayout@405886e8
android.widget.TextView: Ken Zaburo
android.widget.LinearLayout@40596a40
android.widget.TextView: (425) 823-2888
android.widget.TextView: 2.47 Km
android.widget.TextView: 12413 Northeast 124th Street Kirkland, WA
android.widget.LinearLayout@40589470
android.widget.LinearLayout@40512e48
android.widget.TextView: Yummy Pho
android.widget.LinearLayout@40529da0
android.widget.TextView: (425) 498-2288
android.widget.TextView: 2.49 Km
android.widget.TextView: 8920 161st Avenue Northeast Redmond, WA
android.widget.LinearLayout@405555b8
android.widget.LinearLayout@4055edc0
android.widget.TextView: Papa John's Pizza
android.widget.LinearLayout@4058df28
android.widget.TextView: (425) 895-8500
android.widget.TextView: 2.5 Km
android.widget.TextView: 16110 Northeast 87th Street Redmond, WA
android.widget.LinearLayout@4058ee10
android.widget.LinearLayout@40593e08
android.widget.TextView: Marinepolis Sushi Land Redmond
android.widget.LinearLayout@4059e440
android.widget.TextView: (425) 284-2587
android.widget.TextView: 2.51 Km
android.widget.TextView: 8910 161st Ave NE Redmond, WA
android.widget.LinearLayout@40594fb8
android.widget.LinearLayout@4054c3a8
android.widget.TextView: Ooba Tooba
android.widget.LinearLayout@40571e70
android.widget.TextView: (425) 702-1694
android.widget.TextView: 2.58 Km
android.widget.TextView: 15802 Northeast 83rd Street Redmond, WA
android.widget.LinearLayout@405ad6d0
android.widget.LinearLayout@405b05a8
android.widget.TextView: Pegasus Pizza & Pasta
android.widget.LinearLayout@40549b70
android.widget.TextView: (425) 822-7400
android.widget.TextView: 2.6 Km
android.widget.TextView: 12669 NE 85th St Kirkland, WA
android.widget.LinearLayout@40574998
android.widget.FrameLayout@40575180
android.widget.TextView: Restaurant Finder
android.widget.FrameLayout@40576168
android.widget.RelativeLayout@40576620
android.widget.TextView: Loading my location...
android.widget.TextView: No contents.
android.widget.LinearLayout@40577510
com.google.ads.AdView@40579868
g@4057bcf8
android.widget.ListView@405777e0
android.widget.LinearLayout@405ad6d0
android.widget.LinearLayout@405b05a8
android.widget.TextView: Pegasus Pizza & Pasta
android.widget.LinearLayout@40549b70
android.widget.TextView: (425) 822-7400
android.widget.TextView: 2.6 Km
android.widget.TextView: 12669 NE 85th St Kirkland, WA
android.widget.LinearLayout@405193e0
android.widget.LinearLayout@40526608
android.widget.TextView: Village Square Cafe
android.widget.LinearLayout@405540e8
android.widget.TextView: (425) 885-7287
android.widget.TextView: 2.61 Km
android.widget.TextView: 16150 Northeast 85th St # 104 Redmond, WA
android.widget.LinearLayout@405876a8
android.widget.LinearLayout@40587940
android.widget.TextView: Jack in the Box - Redmond, WA
android.widget.LinearLayout@40587c10
android.widget.TextView: (425) 861-0681
android.widget.TextView: 2.64 Km
android.widget.TextView: 16280 Northeast 87th Street Redmond, WA
android.widget.LinearLayout@40587eb0
android.widget.LinearLayout@405aeb48
android.widget.TextView: Sages Restaurant
android.widget.LinearLayout@4054bf50
android.widget.TextView: (425) 881-5004
android.widget.TextView: 2.68 Km
android.widget.TextView: 15916 Northeast 83rd Street Redmond, WA
android.widget.LinearLayout@4054d638
android.widget.LinearLayout@405f21b0
android.widget.TextView: Canyons Restaurant
android.widget.LinearLayout@40587400
android.widget.TextView: (425) 556-1390
android.widget.TextView: 2.8 Km
android.widget.TextView: 15740 Redmond Way Redmond, WA
android.widget.LinearLayout@405ef9d8
android.widget.LinearLayout@4057b2c8
android.widget.TextView: Grand Peking Restaurant
android.widget.LinearLayout@4052e7d0
android.widget.TextView: (425) 885-6454
android.widget.TextView: 2.85 Km
android.widget.TextView: 8075 161st Ave NE Redmond, WA
android.widget.LinearLayout@40574998
android.widget.FrameLayout@40575180
android.widget.TextView: Restaurant Finder
android.widget.FrameLayout@40576168
android.widget.RelativeLayout@40576620
android.widget.TextView: Loading my location...
android.widget.TextView: No contents.
android.widget.LinearLayout@40577510
com.google.ads.AdView@40579868
g@4057bcf8
android.widget.ListView@405777e0
android.widget.LinearLayout@405ef9d8
android.widget.LinearLayout@4057b2c8
android.widget.TextView: Grand Peking Restaurant
android.widget.LinearLayout@4052e7d0
android.widget.TextView: (425) 885-6454
android.widget.TextView: 2.85 Km
android.widget.TextView: 8075 161st Ave NE Redmond, WA
android.widget.LinearLayout@405542c0
android.widget.LinearLayout@405886e8
android.widget.TextView: Cafe Veloce
android.widget.LinearLayout@40596a40
android.widget.TextView: (425) 814-2972
android.widget.TextView: 2.86 Km
android.widget.TextView: 12514 120th Avenue Northeast Kirkland, WA
android.widget.LinearLayout@40589470
android.widget.LinearLayout@40512e48
android.widget.TextView: Tropea Ristorante Italiano
android.widget.LinearLayout@40529da0
android.widget.TextView: (425) 867-1082
android.widget.TextView: 2.91 Km
android.widget.TextView: 8042 161st Avenue Northeast Redmond, WA
android.widget.LinearLayout@405555b8
android.widget.LinearLayout@4055edc0
android.widget.TextView: Victor's Celtic Coffee Co
android.widget.LinearLayout@4058df28
android.widget.TextView: (425) 881-6451
android.widget.TextView: 3.14 Km
android.widget.TextView: 7993 Gilman Street Redmond, WA
android.widget.LinearLayout@4058ee10
android.widget.LinearLayout@40593e08
android.widget.TextView: Purple Cafe and Wine Bar
android.widget.LinearLayout@4059e440
android.widget.TextView: (425) 483-7129
android.widget.TextView: 3.92 Km
android.widget.TextView: 14459 Woodinville Redmond Road Northeast Woodinville, WA
android.widget.LinearLayout@40574998
android.widget.FrameLayout@40575180
android.widget.TextView: Restaurant Finder
android.widget.FrameLayout@40576168
android.widget.RelativeLayout@40576620
android.widget.TextView: Loading my location...
android.widget.TextView: No contents.
android.widget.LinearLayout@40577510
com.google.ads.AdView@40579868
g@4057bcf8
android.widget.ListView@405777e0
android.widget.LinearLayout@4058ee10
android.widget.LinearLayout@40593e08
android.widget.TextView: Purple Cafe and Wine Bar
android.widget.LinearLayout@4059e440
android.widget.TextView: (425) 483-7129
android.widget.TextView: 3.92 Km
android.widget.TextView: 14459 Woodinville Redmond Road Northeast Woodinville, WA
android.widget.LinearLayout@405ad6d0
android.widget.LinearLayout@405b05a8
android.widget.TextView: Mazatlan
android.widget.LinearLayout@40549b70
android.widget.TextView: (425) 483-6633
android.widget.TextView: 3.98 Km
android.widget.TextView: 14450 Woodinville Redmond Road Northeast Woodinville, WA
android.widget.LinearLayout@405193e0
android.widget.LinearLayout@40526608
android.widget.TextView: The Herbfarm
android.widget.LinearLayout@405540e8
android.widget.TextView: (425) 485-5300
android.widget.TextView: 4.02 Km
android.widget.TextView: 14590 Northeast 145th Street Woodinville, WA
android.widget.LinearLayout@405876a8
android.widget.LinearLayout@40587940
android.widget.TextView: Barking Frog
android.widget.LinearLayout@40587c10
android.widget.TextView: (425) 424-2999
android.widget.TextView: 4.1 Km
android.widget.TextView: 14580 Northeast 145th Street Woodinville, WA
android.widget.LinearLayout@40587eb0
android.widget.LinearLayout@405aeb48
android.widget.TextView: Redhook Woodinville Brewery
android.widget.LinearLayout@4054bf50
android.widget.TextView: (425) 483-3232
android.widget.TextView: 4.21 Km
android.widget.TextView: Woodinville, WA
