emulator-5576
D/umd.troyd(26774): got command finish
D/umd.troyd(26774): finish
D/umd.troyd(27316): got command getViews
D/umd.troyd(27316): android.widget.FrameLayout@40565900: 16908290 (0)
D/umd.troyd(27316): android.widget.RelativeLayout@4056dea0: -1 (1)
D/umd.troyd(27316): android.widget.ListView@40580cf8: 2131558536 (2)
D/umd.troyd(27316): android.widget.RelativeLayout@405e1688: -1 (3)
D/umd.troyd(27316): android.widget.ImageView@405e1a48: 2131558519 (4)
D/umd.troyd(27316): android.widget.ImageView@405e1c80: 2131558520 (5)
D/umd.troyd(27316): android.widget.LinearLayout@4061c0e8: -1 (6)
D/umd.troyd(27316): android.widget.RelativeLayout@4061c328: -1 (7)
D/umd.troyd(27316): android.widget.LinearLayout@4061c6d0: 2131558514 (8)
D/umd.troyd(27316): android.widget.TextView: Rollbacks (9)
D/umd.troyd(27316): android.widget.TextView: Low prices just got lower (10)
D/umd.troyd(27316): android.widget.ImageView@4061dd80: 2131558517 (11)
D/umd.troyd(27316): android.widget.ImageView@4061e300: 2131558518 (12)
D/umd.troyd(27316): android.widget.LinearLayout@405d21d8: -1 (13)
D/umd.troyd(27316): android.widget.RelativeLayout@405da390: -1 (14)
D/umd.troyd(27316): android.widget.LinearLayout@40562760: 2131558514 (15)
D/umd.troyd(27316): android.widget.TextView: Scan QR Codes (16)
D/umd.troyd(27316): android.widget.TextView: Get item details and more (17)
D/umd.troyd(27316): android.widget.ImageView@4056bd00: 2131558517 (18)
D/umd.troyd(27316): android.widget.ImageView@405bb048: 2131558518 (19)
D/umd.troyd(27316): android.widget.LinearLayout@40577210: -1 (20)
D/umd.troyd(27316): android.widget.RelativeLayout@405d7fd8: -1 (21)
D/umd.troyd(27316): android.widget.LinearLayout@4057e938: 2131558514 (22)
D/umd.troyd(27316): android.widget.TextView: Value of the Day (23)
D/umd.troyd(27316): android.widget.TextView: Grab it before it's gone (24)
D/umd.troyd(27316): android.widget.ImageView@40586968: 2131558517 (25)
D/umd.troyd(27316): android.widget.ImageView@405e0d58: 2131558518 (26)
D/umd.troyd(27316): android.widget.RelativeLayout@4056e338: 2131558537 (27)
D/umd.troyd(27316): android.widget.Button:  (28)
D/umd.troyd(27316): android.widget.TextView: Search (29)
D/umd.troyd(27316): android.widget.RelativeLayout@4057af80: 2131558541 (30)
D/umd.troyd(27316): android.widget.GridView@4057b590: 2131558824 (31)
D/umd.troyd(27316): android.widget.LinearLayout@405524b0: 2131558538 (32)
D/umd.troyd(27316): android.widget.RelativeLayout@40552db0: 2131558818 (33)
D/umd.troyd(27316): android.widget.ImageButton@4055ecc8: 2131558819 (34)
D/umd.troyd(27316): android.widget.RelativeLayout@405c6730: -1 (35)
D/umd.troyd(27316): android.widget.ImageView@405c6d38: 2131558820 (36)
D/umd.troyd(27316): android.widget.TextView:  (37)
D/umd.troyd(27316): android.widget.RelativeLayout@405cb2b0: -1 (38)
D/umd.troyd(27316): android.widget.Button:  (39)
D/umd.troyd(27316): android.widget.ImageView@405d4190: 2131558823 (40)
D/umd.troyd(27316): android.widget.LinearLayout@405d4768: 2131558542 (41)
D/umd.troyd(27316): android.widget.RelativeLayout@40581bf8: 2131558543 (42)
D/umd.troyd(27316): android.widget.ImageView@4055e4a8: 2131558544 (43)
D/umd.troyd(27316): got command getViews
D/umd.troyd(27316): android.widget.FrameLayout@40565900: 16908290 (0)
D/umd.troyd(27316): android.widget.RelativeLayout@4056dea0: -1 (1)
D/umd.troyd(27316): android.widget.ListView@40580cf8: 2131558536 (2)
D/umd.troyd(27316): android.widget.RelativeLayout@405e1688: -1 (3)
D/umd.troyd(27316): android.widget.ImageView@405e1a48: 2131558519 (4)
D/umd.troyd(27316): android.widget.ImageView@405e1c80: 2131558520 (5)
D/umd.troyd(27316): android.widget.LinearLayout@4061c0e8: -1 (6)
D/umd.troyd(27316): android.widget.RelativeLayout@4061c328: -1 (7)
D/umd.troyd(27316): android.widget.LinearLayout@4061c6d0: 2131558514 (8)
D/umd.troyd(27316): android.widget.TextView: Rollbacks (9)
D/umd.troyd(27316): android.widget.TextView: Low prices just got lower (10)
D/umd.troyd(27316): android.widget.ImageView@4061dd80: 2131558517 (11)
D/umd.troyd(27316): android.widget.ImageView@4061e300: 2131558518 (12)
D/umd.troyd(27316): android.widget.LinearLayout@405d21d8: -1 (13)
D/umd.troyd(27316): android.widget.RelativeLayout@405da390: -1 (14)
D/umd.troyd(27316): android.widget.LinearLayout@40562760: 2131558514 (15)
D/umd.troyd(27316): android.widget.TextView: Scan QR Codes (16)
D/umd.troyd(27316): android.widget.TextView: Get item details and more (17)
D/umd.troyd(27316): android.widget.ImageView@4056bd00: 2131558517 (18)
D/umd.troyd(27316): android.widget.ImageView@405bb048: 2131558518 (19)
D/umd.troyd(27316): android.widget.LinearLayout@40577210: -1 (20)
D/umd.troyd(27316): android.widget.RelativeLayout@405d7fd8: -1 (21)
D/umd.troyd(27316): android.widget.LinearLayout@4057e938: 2131558514 (22)
D/umd.troyd(27316): android.widget.TextView: Value of the Day (23)
D/umd.troyd(27316): android.widget.TextView: Grab it before it's gone (24)
D/umd.troyd(27316): android.widget.ImageView@40586968: 2131558517 (25)
D/umd.troyd(27316): android.widget.ImageView@405e0d58: 2131558518 (26)
D/umd.troyd(27316): android.widget.LinearLayout@40601658: -1 (27)
D/umd.troyd(27316): android.widget.RelativeLayout@40601848: -1 (28)
D/umd.troyd(27316): android.widget.LinearLayout@40601bf0: 2131558514 (29)
D/umd.troyd(27316): android.widget.TextView: Local Ads (30)
D/umd.troyd(27316): android.widget.TextView: Find great values at a store nearby (31)
D/umd.troyd(27316): android.widget.ImageView@4060d750: 2131558517 (32)
D/umd.troyd(27316): android.widget.ImageView@4060d9a0: 2131558518 (33)
D/umd.troyd(27316): android.widget.LinearLayout@4060e460: -1 (34)
D/umd.troyd(27316): android.widget.RelativeLayout@4060e650: -1 (35)
D/umd.troyd(27316): android.widget.LinearLayout@4060e9f8: 2131558514 (36)
D/umd.troyd(27316): android.widget.TextView: Pharmacy (37)
D/umd.troyd(27316): android.widget.TextView: Browse $4 prescriptions, order refills (38)
D/umd.troyd(27316): android.widget.ImageView@4061a2b0: 2131558517 (39)
D/umd.troyd(27316): android.widget.ImageView@4061a540: 2131558518 (40)
D/umd.troyd(27316): android.widget.RelativeLayout@4056e338: 2131558537 (41)
D/umd.troyd(27316): android.widget.Button:  (42)
D/umd.troyd(27316): android.widget.TextView: Search (43)
D/umd.troyd(27316): android.widget.RelativeLayout@4057af80: 2131558541 (44)
D/umd.troyd(27316): android.widget.GridView@4057b590: 2131558824 (45)
D/umd.troyd(27316): android.widget.LinearLayout@405524b0: 2131558538 (46)
D/umd.troyd(27316): android.widget.RelativeLayout@40552db0: 2131558818 (47)
D/umd.troyd(27316): android.widget.ImageButton@4055ecc8: 2131558819 (48)
D/umd.troyd(27316): android.widget.RelativeLayout@405c6730: -1 (49)
D/umd.troyd(27316): android.widget.ImageView@405c6d38: 2131558820 (50)
D/umd.troyd(27316): android.widget.TextView:  (51)
D/umd.troyd(27316): android.widget.RelativeLayout@405cb2b0: -1 (52)
D/umd.troyd(27316): android.widget.Button:  (53)
D/umd.troyd(27316): android.widget.ImageView@405d4190: 2131558823 (54)
D/umd.troyd(27316): android.widget.LinearLayout@405d4768: 2131558542 (55)
D/umd.troyd(27316): android.widget.RelativeLayout@40581bf8: 2131558543 (56)
D/umd.troyd(27316): android.widget.ImageView@4055e4a8: 2131558544 (57)
D/umd.troyd(27316): got command getViews
D/umd.troyd(27316): android.widget.FrameLayout@40565900: 16908290 (0)
D/umd.troyd(27316): android.widget.RelativeLayout@4056dea0: -1 (1)
D/umd.troyd(27316): android.widget.ListView@40580cf8: 2131558536 (2)
D/umd.troyd(27316): android.widget.RelativeLayout@405e1688: -1 (3)
D/umd.troyd(27316): android.widget.ImageView@405e1a48: 2131558519 (4)
D/umd.troyd(27316): android.widget.ImageView@405e1c80: 2131558520 (5)
D/umd.troyd(27316): android.widget.LinearLayout@4061c0e8: -1 (6)
D/umd.troyd(27316): android.widget.RelativeLayout@4061c328: -1 (7)
D/umd.troyd(27316): android.widget.LinearLayout@4061c6d0: 2131558514 (8)
D/umd.troyd(27316): android.widget.TextView: Rollbacks (9)
D/umd.troyd(27316): android.widget.TextView: Low prices just got lower (10)
D/umd.troyd(27316): android.widget.ImageView@4061dd80: 2131558517 (11)
D/umd.troyd(27316): android.widget.ImageView@4061e300: 2131558518 (12)
D/umd.troyd(27316): android.widget.LinearLayout@405d21d8: -1 (13)
D/umd.troyd(27316): android.widget.RelativeLayout@405da390: -1 (14)
D/umd.troyd(27316): android.widget.LinearLayout@40562760: 2131558514 (15)
D/umd.troyd(27316): android.widget.TextView: Scan QR Codes (16)
D/umd.troyd(27316): android.widget.TextView: Get item details and more (17)
D/umd.troyd(27316): android.widget.ImageView@4056bd00: 2131558517 (18)
D/umd.troyd(27316): android.widget.ImageView@405bb048: 2131558518 (19)
D/umd.troyd(27316): android.widget.LinearLayout@40577210: -1 (20)
D/umd.troyd(27316): android.widget.RelativeLayout@405d7fd8: -1 (21)
D/umd.troyd(27316): android.widget.LinearLayout@4057e938: 2131558514 (22)
D/umd.troyd(27316): android.widget.TextView: Value of the Day (23)
D/umd.troyd(27316): android.widget.TextView: Grab it before it's gone (24)
D/umd.troyd(27316): android.widget.ImageView@40586968: 2131558517 (25)
D/umd.troyd(27316): android.widget.ImageView@405e0d58: 2131558518 (26)
D/umd.troyd(27316): android.widget.LinearLayout@40601658: -1 (27)
D/umd.troyd(27316): android.widget.RelativeLayout@40601848: -1 (28)
D/umd.troyd(27316): android.widget.LinearLayout@40601bf0: 2131558514 (29)
D/umd.troyd(27316): android.widget.TextView: Local Ads (30)
D/umd.troyd(27316): android.widget.TextView: Find great values at a store nearby (31)
D/umd.troyd(27316): android.widget.ImageView@4060d750: 2131558517 (32)
D/umd.troyd(27316): android.widget.ImageView@4060d9a0: 2131558518 (33)
D/umd.troyd(27316): android.widget.LinearLayout@4060e460: -1 (34)
D/umd.troyd(27316): android.widget.RelativeLayout@4060e650: -1 (35)
D/umd.troyd(27316): android.widget.LinearLayout@4060e9f8: 2131558514 (36)
D/umd.troyd(27316): android.widget.TextView: Pharmacy (37)
D/umd.troyd(27316): android.widget.TextView: Browse $4 prescriptions, order refills (38)
D/umd.troyd(27316): android.widget.ImageView@4061a2b0: 2131558517 (39)
D/umd.troyd(27316): android.widget.ImageView@4061a540: 2131558518 (40)
D/umd.troyd(27316): android.widget.RelativeLayout@4056e338: 2131558537 (41)
D/umd.troyd(27316): android.widget.Button:  (42)
D/umd.troyd(27316): android.widget.TextView: Search (43)
D/umd.troyd(27316): android.widget.RelativeLayout@4057af80: 2131558541 (44)
D/umd.troyd(27316): android.widget.GridView@4057b590: 2131558824 (45)
D/umd.troyd(27316): android.widget.LinearLayout@405524b0: 2131558538 (46)
D/umd.troyd(27316): android.widget.RelativeLayout@40552db0: 2131558818 (47)
D/umd.troyd(27316): android.widget.ImageButton@4055ecc8: 2131558819 (48)
D/umd.troyd(27316): android.widget.RelativeLayout@405c6730: -1 (49)
D/umd.troyd(27316): android.widget.ImageView@405c6d38: 2131558820 (50)
D/umd.troyd(27316): android.widget.TextView:  (51)
D/umd.troyd(27316): android.widget.RelativeLayout@405cb2b0: -1 (52)
D/umd.troyd(27316): android.widget.Button:  (53)
D/umd.troyd(27316): android.widget.ImageView@405d4190: 2131558823 (54)
D/umd.troyd(27316): android.widget.LinearLayout@405d4768: 2131558542 (55)
D/umd.troyd(27316): android.widget.RelativeLayout@40581bf8: 2131558543 (56)
D/umd.troyd(27316): android.widget.ImageView@4055e4a8: 2131558544 (57)
D/umd.troyd(27316): got command clickImg
