android.widget.FrameLayout@4056e8c8
android.widget.RelativeLayout@40661f98
android.widget.LinearLayout@40656ab0
android.view.View@40581120
android.widget.RelativeLayout@406b0738
android.widget.TextView: Regular
android.view.View@40700950
android.view.View@4057d998
android.widget.RelativeLayout@40702350
android.widget.TextView: Midgrade
android.view.View@4070c658
android.view.View@4057daf8
android.widget.RelativeLayout@4071a410
android.widget.TextView: Premium
android.view.View@40683828
android.view.View@40580ff0
android.widget.RelativeLayout@405b84d8
android.widget.TextView: Diesel
android.view.View@4061d740
android.view.View@40581240
android.view.View@405b7808
android.widget.LinearLayout@4060f468
android.widget.RelativeLayout@406309f8
android.widget.ImageView@40630ee0
android.widget.TextView: Reload
android.widget.RelativeLayout@40631408
android.widget.ImageView@40632db8
android.widget.TextView: Sort By Price
android.widget.RelativeLayout@40633328
android.widget.ImageView@4063d428
android.widget.TextView: Map View
android.view.View@4063a7a0
gbis.gbandroid.views.layouts.CustomListView@40642098
android.widget.RelativeLayout@4064f330
com.google.ads.AdView@40678ae0
android.gesture.GestureOverlayView@40629ec0
android.widget.FrameLayout@405e0c98
com.google.ads.internal.AdWebView@405cd670
android.widget.TableLayout@405ffbe8
android.widget.TableRow@406001b8
android.widget.RelativeLayout@40602d10
android.widget.RelativeLayout@406030e8
android.widget.TextView: 3.29
android.widget.TextView: 9
android.widget.TextView: Mon 4:51 PM
android.widget.TextView: Update
android.widget.RelativeLayout@406363a8
android.widget.ImageView@40636780
android.widget.TextView: Shell
android.widget.TextView: 2105 S College Ave & US-287
android.widget.TextView: Decatur, TX
android.widget.TextView: 1.78 mi
android.widget.TableLayout@40710cb8
android.widget.TableRow@40711288
android.widget.RelativeLayout@40714698
android.widget.RelativeLayout@40714a70
android.widget.TextView: 3.15
android.widget.TextView: 9
android.widget.TextView: 12 hours ago
android.widget.TextView: Update
android.widget.RelativeLayout@4061dfc0
android.widget.ImageView@4061e360
android.widget.TextView: Unbranded
android.widget.TextView: 1210 S FM-51 & W Reeves Ave
android.widget.TextView: Decatur, TX
android.widget.TextView: 2.2 mi
android.widget.TableLayout@406e8398
android.widget.TableRow@406eb4e0
android.widget.RelativeLayout@406ebad0
android.widget.RelativeLayout@406eeb78
android.widget.TextView: 3.15
android.widget.TextView: 9
android.widget.TextView: 11 hours ago
android.widget.TextView: Update
android.widget.RelativeLayout@406f5ac8
android.widget.ImageView@406f8d30
android.widget.TextView: Alon
android.widget.TextView: 1305 S US-287  & S Trenchard St
android.widget.TextView: Decatur, TX
android.widget.TextView: 2.22 mi
android.widget.TableLayout@406a7990
android.widget.TableRow@406aade0
android.widget.RelativeLayout@406ae7c0
android.widget.RelativeLayout@406b1770
android.widget.TextView: 3.15
android.widget.TextView: 9
android.widget.TextView: 12 hours ago
android.widget.TextView: Update
android.widget.RelativeLayout@406bfa30
android.widget.ImageView@406bfe18
android.widget.TextView: Exxon
android.widget.TextView: 1105 S FM-51 & US-287
android.widget.TextView: Decatur, TX
android.widget.TextView: 2.25 mi
android.widget.RelativeLayout@4055b2d0
android.widget.FrameLayout@4056e8c8
android.widget.RelativeLayout@40661f98
android.widget.LinearLayout@40656ab0
android.view.View@40581120
android.widget.RelativeLayout@406b0738
android.widget.TextView: Regular
android.view.View@40700950
android.view.View@4057d998
android.widget.RelativeLayout@40702350
android.widget.TextView: Midgrade
android.view.View@4070c658
android.view.View@4057daf8
android.widget.RelativeLayout@4071a410
android.widget.TextView: Premium
android.view.View@40683828
android.view.View@40580ff0
android.widget.RelativeLayout@405b84d8
android.widget.TextView: Diesel
android.view.View@4061d740
android.view.View@40581240
android.view.View@405b7808
android.widget.LinearLayout@4060f468
android.widget.RelativeLayout@406309f8
android.widget.ImageView@40630ee0
android.widget.TextView: Reload
android.widget.RelativeLayout@40631408
android.widget.ImageView@40632db8
android.widget.TextView: Sort By Price
android.widget.RelativeLayout@40633328
android.widget.ImageView@4063d428
android.widget.TextView: Map View
android.view.View@4063a7a0
gbis.gbandroid.views.layouts.CustomListView@40642098
android.widget.TableLayout@406a7990
android.widget.TableRow@406aade0
android.widget.RelativeLayout@406ae7c0
android.widget.RelativeLayout@406b1770
android.widget.TextView: 3.15
android.widget.TextView: 9
android.widget.TextView: 12 hours ago
android.widget.TextView: Update
android.widget.RelativeLayout@406bfa30
android.widget.ImageView@406bfe18
android.widget.TextView: Exxon
android.widget.TextView: 1105 S FM-51 & US-287
android.widget.TextView: Decatur, TX
android.widget.TextView: 2.25 mi
android.widget.TableLayout@4076b190
android.widget.TableRow@4076b760
android.widget.RelativeLayout@4076be20
android.widget.RelativeLayout@4076c1f8
android.widget.TextView: 3.15
android.widget.TextView: 9
android.widget.TextView: 11 hours ago
android.widget.TextView: Update
android.widget.RelativeLayout@4076da08
android.widget.ImageView@4076dde0
android.widget.TextView: Murphy USA
android.widget.TextView: 806 S US-287 & FM-51
android.widget.TextView: Decatur, TX
android.widget.TextView: 2.39 mi
android.widget.TableLayout@4077b560
android.widget.TableRow@4077bb30
android.widget.RelativeLayout@4077c1f0
android.widget.RelativeLayout@4077c5c8
android.widget.TextView: 3.14
android.widget.TextView: 9
android.widget.TextView: 16 hours ago
android.widget.TextView: Update
android.widget.RelativeLayout@4077ddd8
android.widget.ImageView@4077e1b0
android.widget.TextView: Chevron
android.widget.TextView: 114 US-287 N  & W Walnut St
android.widget.TextView: Decatur, TX
android.widget.TextView: 2.8 mi
android.widget.TableLayout@4078bbf0
android.widget.TableRow@4078c1c0
android.widget.RelativeLayout@4078c880
android.widget.RelativeLayout@4078cc58
android.widget.TextView: 3.19
android.widget.TextView: 9
android.widget.TextView: 16 hours ago
android.widget.TextView: Update
android.widget.RelativeLayout@4078e468
android.widget.ImageView@4078e840
android.widget.TextView: Shell
android.widget.TextView: 200 US-287 N  & W Walnut St
android.widget.TextView: Decatur, TX
android.widget.TextView: 2.85 mi
android.widget.TableLayout@4079c038
android.widget.TableRow@4079c608
android.widget.RelativeLayout@4079ccc8
android.widget.RelativeLayout@4079d0a0
android.widget.TextView: --
android.widget.TextView: 9
android.widget.TextView: time
android.widget.TextView: Report Price
android.widget.RelativeLayout@4079e8b0
android.widget.ImageView@4079ec88
android.widget.TextView: Alon
android.widget.TextView: 201 N Cates St & E Walnut St
android.widget.TextView: Decatur, TX
android.widget.TextView: 2.99 mi
android.widget.RelativeLayout@4055b2d0
android.widget.FrameLayout@4056e8c8
android.widget.RelativeLayout@40661f98
android.widget.LinearLayout@40656ab0
android.view.View@40581120
android.widget.RelativeLayout@406b0738
android.widget.TextView: Regular
android.view.View@40700950
android.view.View@4057d998
android.widget.RelativeLayout@40702350
android.widget.TextView: Midgrade
android.view.View@4070c658
android.view.View@4057daf8
android.widget.RelativeLayout@4071a410
android.widget.TextView: Premium
android.view.View@40683828
android.view.View@40580ff0
android.widget.RelativeLayout@405b84d8
android.widget.TextView: Diesel
android.view.View@4061d740
android.view.View@40581240
android.view.View@405b7808
android.widget.LinearLayout@4060f468
android.widget.RelativeLayout@406309f8
android.widget.ImageView@40630ee0
android.widget.TextView: Reload
android.widget.RelativeLayout@40631408
android.widget.ImageView@40632db8
android.widget.TextView: Sort By Price
android.widget.RelativeLayout@40633328
android.widget.ImageView@4063d428
android.widget.TextView: Map View
android.view.View@4063a7a0
gbis.gbandroid.views.layouts.CustomListView@40642098
android.widget.TableLayout@4079c038
android.widget.TableRow@4079c608
android.widget.RelativeLayout@4079ccc8
android.widget.RelativeLayout@4079d0a0
android.widget.TextView: --
android.widget.TextView: 9
android.widget.TextView: time
android.widget.TextView: Report Price
android.widget.RelativeLayout@4079e8b0
android.widget.ImageView@4079ec88
android.widget.TextView: Alon
android.widget.TextView: 201 N Cates St & E Walnut St
android.widget.TextView: Decatur, TX
android.widget.TextView: 2.99 mi
android.widget.TableLayout@4050b7d8
android.widget.TableRow@405820d8
android.widget.RelativeLayout@4054f350
android.widget.RelativeLayout@4060e798
android.widget.TextView: 3.15
android.widget.TextView: 9
android.widget.TextView: 16 hours ago
android.widget.TextView: Update
android.widget.RelativeLayout@406254b8
android.widget.ImageView@4050a7a8
android.widget.TextView: Texaco
android.widget.TextView: 1105 N US-287 & FM-1810
android.widget.TextView: Decatur, TX
android.widget.TextView: 3.35 mi
android.widget.TableLayout@40584c40
android.widget.TableRow@405e9f60
android.widget.RelativeLayout@40628778
android.widget.RelativeLayout@4062ad70
android.widget.TextView: 3.25
android.widget.TextView: 9
android.widget.TextView: 10 hours ago
android.widget.TextView: Update
android.widget.RelativeLayout@406390c0
android.widget.ImageView@40588300
android.widget.TextView: Shell
android.widget.TextView: 1306 E US-380 Bus & FM-51
android.widget.TextView: Decatur, TX
android.widget.TextView: 3.56 mi
android.widget.TableLayout@4058aff8
android.widget.TableRow@405f7b70
android.widget.RelativeLayout@4064f5d8
android.widget.RelativeLayout@40652ce8
android.widget.TextView: --
android.widget.TextView: 9
android.widget.TextView: time
android.widget.TextView: Report Price
android.widget.RelativeLayout@40655918
android.widget.ImageView@40590cf8
android.widget.TextView: Phillips 66
android.widget.TextView: 217 E Rock Island Ave & Hitt St
android.widget.TextView: Boyd, TX
android.widget.TextView: 8.24 mi
android.widget.TableLayout@4059f5c0
android.widget.TableRow@40648c80
android.widget.RelativeLayout@4065bb78
android.widget.RelativeLayout@40660c68
android.widget.TextView: --
android.widget.TextView: 9
android.widget.TextView: time
android.widget.TextView: Report Price
android.widget.RelativeLayout@406624c8
android.widget.ImageView@405a2cf0
android.widget.TextView: Valero
android.widget.TextView: 108 S Allen St & Rock Island Ave
android.widget.TextView: Boyd, TX
android.widget.TextView: 8.25 mi
android.widget.RelativeLayout@4055b2d0
android.widget.FrameLayout@4056e8c8
android.widget.RelativeLayout@40661f98
android.widget.LinearLayout@40656ab0
android.view.View@40581120
android.widget.RelativeLayout@406b0738
android.widget.TextView: Regular
android.view.View@40700950
android.view.View@4057d998
android.widget.RelativeLayout@40702350
android.widget.TextView: Midgrade
android.view.View@4070c658
android.view.View@4057daf8
android.widget.RelativeLayout@4071a410
android.widget.TextView: Premium
android.view.View@40683828
android.view.View@40580ff0
android.widget.RelativeLayout@405b84d8
android.widget.TextView: Diesel
android.view.View@4061d740
android.view.View@40581240
android.view.View@405b7808
android.widget.LinearLayout@4060f468
android.widget.RelativeLayout@406309f8
android.widget.ImageView@40630ee0
android.widget.TextView: Reload
android.widget.RelativeLayout@40631408
android.widget.ImageView@40632db8
android.widget.TextView: Sort By Price
android.widget.RelativeLayout@40633328
android.widget.ImageView@4063d428
android.widget.TextView: Map View
android.view.View@4063a7a0
gbis.gbandroid.views.layouts.CustomListView@40642098
android.widget.TableLayout@4059f5c0
android.widget.TableRow@40648c80
android.widget.RelativeLayout@4065bb78
android.widget.RelativeLayout@40660c68
android.widget.TextView: --
android.widget.TextView: 9
android.widget.TextView: time
android.widget.TextView: Report Price
android.widget.RelativeLayout@406624c8
android.widget.ImageView@405a2cf0
android.widget.TextView: Valero
android.widget.TextView: 108 S Allen St & Rock Island Ave
android.widget.TextView: Boyd, TX
android.widget.TextView: 8.25 mi
android.widget.TableLayout@405a2778
android.widget.TableRow@4064a278
android.widget.RelativeLayout@40662d60
android.widget.RelativeLayout@40666058
android.widget.TextView: --
android.widget.TextView: 9
android.widget.TextView: time
android.widget.TextView: Report Price
android.widget.RelativeLayout@40668650
android.widget.ImageView@405d37a0
android.widget.TextView: Exxon
android.widget.TextView: 490 W Rock Island  & Knox Ave
android.widget.TextView: Boyd, TX
android.widget.TextView: 8.29 mi
android.widget.TableLayout@405a2920
android.widget.TableRow@406997e0
android.widget.RelativeLayout@4066baf8
android.widget.RelativeLayout@406715d0
android.widget.TextView: --
android.widget.TextView: 9
android.widget.TextView: time
android.widget.TextView: Report Price
android.widget.RelativeLayout@40673fd0
android.widget.ImageView@40609418
android.widget.TextView: Conoco
android.widget.TextView: 400 E Rock Island Ave & SH-114
android.widget.TextView: Boyd, TX
android.widget.TextView: 8.31 mi
android.widget.TableLayout@4060cfb0
android.widget.TableRow@40624be8
android.widget.RelativeLayout@40647008
android.widget.RelativeLayout@406480b0
android.widget.TextView: --
android.widget.TextView: 9
android.widget.TextView: time
android.widget.TextView: Report Price
android.widget.RelativeLayout@406655e8
android.widget.ImageView@4066a7d8
android.widget.TextView: Phillips 66
android.widget.TextView: 1605 16th St & Thompson St
android.widget.TextView: Bridgeport, TX
android.widget.TextView: 8.81 mi
android.widget.TableLayout@406738b8
android.widget.TableRow@4067f1c8
android.widget.RelativeLayout@40688150
android.widget.RelativeLayout@4068d4f8
android.widget.TextView: 3.29
android.widget.TextView: 9
android.widget.TextView: 12 hours ago
android.widget.TextView: Update
android.widget.RelativeLayout@40681f78
android.widget.ImageView@406f39d8
android.widget.TextView: Mobil
android.widget.TextView: 806 13th St & Cobb St
android.widget.TextView: Bridgeport, TX
android.widget.TextView: 8.94 mi
android.widget.RelativeLayout@4055b2d0
android.widget.FrameLayout@4056e8c8
android.widget.RelativeLayout@40661f98
android.widget.LinearLayout@40656ab0
android.view.View@40581120
android.widget.RelativeLayout@406b0738
android.widget.TextView: Regular
android.view.View@40700950
android.view.View@4057d998
android.widget.RelativeLayout@40702350
android.widget.TextView: Midgrade
android.view.View@4070c658
android.view.View@4057daf8
android.widget.RelativeLayout@4071a410
android.widget.TextView: Premium
android.view.View@40683828
android.view.View@40580ff0
android.widget.RelativeLayout@405b84d8
android.widget.TextView: Diesel
android.view.View@4061d740
android.view.View@40581240
android.view.View@405b7808
android.widget.LinearLayout@4060f468
android.widget.RelativeLayout@406309f8
android.widget.ImageView@40630ee0
android.widget.TextView: Reload
android.widget.RelativeLayout@40631408
android.widget.ImageView@40632db8
android.widget.TextView: Sort By Price
android.widget.RelativeLayout@40633328
android.widget.ImageView@4063d428
android.widget.TextView: Map View
android.view.View@4063a7a0
gbis.gbandroid.views.layouts.CustomListView@40642098
android.widget.TableLayout@406738b8
android.widget.TableRow@4067f1c8
android.widget.RelativeLayout@40688150
android.widget.RelativeLayout@4068d4f8
android.widget.TextView: 3.29
android.widget.TextView: 9
android.widget.TextView: 12 hours ago
android.widget.TextView: Update
android.widget.RelativeLayout@40681f78
android.widget.ImageView@406f39d8
android.widget.TextView: Mobil
android.widget.TextView: 806 13th St & Cobb St
android.widget.TextView: Bridgeport, TX
android.widget.TextView: 8.94 mi
android.widget.TableLayout@4050ac20
android.widget.TableRow@405b8098
android.widget.RelativeLayout@4060d130
android.widget.RelativeLayout@4065d900
android.widget.TextView: 3.19
android.widget.TextView: 9
android.widget.TextView: 12 hours ago
android.widget.TextView: Update
android.widget.RelativeLayout@4067e4b8
android.widget.ImageView@4067e978
android.widget.TextView: Brookshire's
android.widget.TextView: 1203 US-380 & SH-101
android.widget.TextView: Bridgeport, TX
android.widget.TextView: 9.13 mi
android.widget.TableLayout@40688410
android.widget.TableRow@405fea08
android.widget.RelativeLayout@40648398
android.widget.RelativeLayout@40666c90
android.widget.TextView: 3.36
android.widget.TextView: 9
android.widget.TextView: 12 hours ago
android.widget.TextView: Update
android.widget.RelativeLayout@4065b710
android.widget.ImageView@40662f08
android.widget.TextView: Phillips 66
android.widget.TextView: 206 Cates St & 2nd St
android.widget.TextView: Bridgeport, TX
android.widget.TextView: 9.66 mi
android.widget.TableLayout@40625630
android.widget.TableRow@40639370
android.widget.RelativeLayout@406847d8
android.widget.RelativeLayout@40698a10
android.widget.TextView: --
android.widget.TextView: 9
android.widget.TextView: time
android.widget.TextView: Report Price
android.widget.RelativeLayout@4070e958
android.widget.ImageView@405ff938
android.widget.TextView: Oliver Creek Store
android.widget.TextView: 4880 FM-2264 & CR-4421
android.widget.TextView: Decatur, TX
android.widget.TextView: 9.71 mi
android.widget.TableLayout@406bce08
android.widget.TableRow@406d4758
android.widget.RelativeLayout@406d8018
android.widget.RelativeLayout@406e5548
android.widget.TextView: 3.19
android.widget.TextView: 9
android.widget.TextView: 12 hours ago
android.widget.TextView: Update
android.widget.RelativeLayout@4061ae50
android.widget.ImageView@406d4320
android.widget.TextView: Conoco
android.widget.TextView: 1701 Chico Hwy & Lake Rd  
android.widget.TextView: Bridgeport, TX
android.widget.TextView: 9.76 mi
android.widget.TableLayout@40618ff0
android.widget.TableRow@40637180
android.widget.RelativeLayout@406aecb0
android.widget.RelativeLayout@405da4e0
android.widget.TextView: --
android.widget.TextView: 9
android.widget.TextView: time
android.widget.TextView: Report Price
android.widget.RelativeLayout@407165e8
android.widget.ImageView@407714b8
android.widget.TextView: Texaco
android.widget.TextView: 101 FM-407 & US-287
android.widget.TextView: Rhome, TX
android.widget.TextView: 9.95 mi
android.widget.RelativeLayout@4055b2d0
android.widget.FrameLayout@4056e8c8
android.widget.RelativeLayout@40661f98
android.widget.LinearLayout@40656ab0
android.view.View@40581120
android.widget.RelativeLayout@406b0738
android.widget.TextView: Regular
android.view.View@40700950
android.view.View@4057d998
android.widget.RelativeLayout@40702350
android.widget.TextView: Midgrade
android.view.View@4070c658
android.view.View@4057daf8
android.widget.RelativeLayout@4071a410
android.widget.TextView: Premium
android.view.View@40683828
android.view.View@40580ff0
android.widget.RelativeLayout@405b84d8
android.widget.TextView: Diesel
android.view.View@4061d740
android.view.View@40581240
android.view.View@405b7808
android.widget.LinearLayout@4060f468
android.widget.RelativeLayout@406309f8
android.widget.ImageView@40630ee0
android.widget.TextView: Reload
android.widget.RelativeLayout@40631408
android.widget.ImageView@40632db8
android.widget.TextView: Sort By Price
android.widget.RelativeLayout@40633328
android.widget.ImageView@4063d428
android.widget.TextView: Map View
android.view.View@4063a7a0
gbis.gbandroid.views.layouts.CustomListView@40642098
android.widget.TableLayout@40618ff0
android.widget.TableRow@40637180
android.widget.RelativeLayout@406aecb0
android.widget.RelativeLayout@405da4e0
android.widget.TextView: --
android.widget.TextView: 9
android.widget.TextView: time
android.widget.TextView: Report Price
android.widget.RelativeLayout@407165e8
android.widget.ImageView@407714b8
android.widget.TextView: Texaco
android.widget.TextView: 101 FM-407 & US-287
android.widget.TextView: Rhome, TX
android.widget.TextView: 9.95 mi
android.widget.TableLayout@406da240
android.widget.TableRow@406da7e8
android.widget.RelativeLayout@4069ce18
android.widget.RelativeLayout@4069d1f0
android.widget.TextView: 3.29
android.widget.TextView: 9
android.widget.TextView: 12 hours ago
android.widget.TextView: Update
android.widget.RelativeLayout@406ddb18
android.widget.ImageView@406e76d8
android.widget.TextView: Valero
android.widget.TextView: 101 W US-380 & SH-101
android.widget.TextView: Bridgeport, TX
android.widget.TextView: 9.95 mi
android.widget.TableLayout@4077fd48
android.widget.TableRow@407802e0
android.widget.RelativeLayout@40790708
android.widget.RelativeLayout@406ee1d8
android.widget.TextView: 3.29
android.widget.TextView: 9
android.widget.TextView: 12 hours ago
android.widget.TextView: Update
android.widget.RelativeLayout@406785a0
android.widget.ImageView@406c5bc0
android.widget.TextView: Exxon
android.widget.TextView: 99 US-380 & SH-101
android.widget.TextView: Bridgeport, TX
android.widget.TextView: 10 mi
android.widget.TableLayout@406adda8
android.widget.TableRow@40628d10
android.widget.RelativeLayout@4063b068
android.widget.RelativeLayout@4063b440
android.widget.TextView: --
android.widget.TextView: 9
android.widget.TextView: time
android.widget.TextView: Report Price
android.widget.RelativeLayout@4067d738
android.widget.ImageView@4067db10
android.widget.TextView: Shamrock
android.widget.TextView: FM-2123 & Draco Rd
android.widget.TextView: Paradise, TX
android.widget.TextView: 10.61 mi
android.widget.TableLayout@406d8888
android.widget.TableRow@406d8e58
android.widget.RelativeLayout@406921f0
android.widget.RelativeLayout@406925c8
android.widget.TextView: 3.15
android.widget.TextView: 9
android.widget.TextView: 10 hours ago
android.widget.TextView: Update
android.widget.RelativeLayout@406e27c8
android.widget.ImageView@406e2b88
android.widget.TextView: Love's
android.widget.TextView: 4800 E SH-114 & US-287
android.widget.TextView: Rhome, TX
android.widget.TextView: 11.62 mi
android.widget.TableLayout@406b6058
android.widget.TableRow@406b6628
android.widget.RelativeLayout@406b6ca8
android.widget.RelativeLayout@406e9210
android.widget.TextView: 3.19
android.widget.TextView: 9
android.widget.TextView: Mon 10:44 PM
android.widget.TextView: Update
android.widget.RelativeLayout@406c4808
android.widget.ImageView@406c4be0
android.widget.TextView: Exxon
android.widget.TextView: 405 W BC Rhome Ave & US-287  
android.widget.TextView: Rhome, TX
android.widget.TextView: 11.92 mi
android.widget.RelativeLayout@4055b2d0
android.widget.FrameLayout@4056e8c8
android.widget.RelativeLayout@40661f98
android.widget.LinearLayout@40656ab0
android.view.View@40581120
android.widget.RelativeLayout@406b0738
android.widget.TextView: Regular
android.view.View@40700950
android.view.View@4057d998
android.widget.RelativeLayout@40702350
android.widget.TextView: Midgrade
android.view.View@4070c658
android.view.View@4057daf8
android.widget.RelativeLayout@4071a410
android.widget.TextView: Premium
android.view.View@40683828
android.view.View@40580ff0
android.widget.RelativeLayout@405b84d8
android.widget.TextView: Diesel
android.view.View@4061d740
android.view.View@40581240
android.view.View@405b7808
android.widget.LinearLayout@4060f468
android.widget.RelativeLayout@406309f8
android.widget.ImageView@40630ee0
android.widget.TextView: Reload
android.widget.RelativeLayout@40631408
android.widget.ImageView@40632db8
android.widget.TextView: Sort By Price
android.widget.RelativeLayout@40633328
android.widget.ImageView@4063d428
android.widget.TextView: Map View
android.view.View@4063a7a0
gbis.gbandroid.views.layouts.CustomListView@40642098
android.widget.TableLayout@4058aff8
android.widget.TableRow@40648c80
android.widget.RelativeLayout@406390c0
android.widget.RelativeLayout@40653b08
android.widget.TextView: 3.19
android.widget.TextView: 9
android.widget.TextView: Mon 10:44 PM
android.widget.TextView: Update
android.widget.RelativeLayout@40662d60
android.widget.ImageView@40588300
android.widget.TextView: Exxon
android.widget.TextView: 405 W BC Rhome Ave & US-287  
android.widget.TextView: Rhome, TX
android.widget.TextView: 11.92 mi
android.widget.TableLayout@40584c40
android.widget.TableRow@405f7b70
android.widget.RelativeLayout@406254b8
android.widget.RelativeLayout@40628778
android.widget.TextView: --
android.widget.TextView: 9
android.widget.TextView: time
android.widget.TextView: Report Price
android.widget.RelativeLayout@4062ad70
android.widget.ImageView@40587a30
android.widget.TextView: Phillips 66
android.widget.TextView: 100 N Main St & E 1st St
android.widget.TextView: Rhome, TX
android.widget.TextView: 12.22 mi
android.widget.TableLayout@4050b7d8
android.widget.TableRow@405820d8
android.widget.RelativeLayout@40582d30
android.widget.RelativeLayout@405a2610
android.widget.TextView: --
android.widget.TextView: 9
android.widget.TextView: time
android.widget.TextView: Report Price
android.widget.RelativeLayout@4060e798
android.widget.ImageView@4050fe08
android.widget.TextView: Shell
android.widget.TextView: 700 South Main & Hwy 287
android.widget.TextView: Rhome, TX
android.widget.TextView: 12.58 mi
android.widget.TableLayout@406bce08
android.widget.TableRow@406d4758
android.widget.RelativeLayout@406d8018
android.widget.RelativeLayout@406e5548
android.widget.TextView: --
android.widget.TextView: 9
android.widget.TextView: 12 hours ago
android.widget.TextView: Report Price
android.widget.RelativeLayout@4061ae50
android.widget.ImageView@406d4320
android.widget.TextView: Mobil
android.widget.TextView: 10326 S US-287 & FM-3433
android.widget.TextView: Rhome, TX
android.widget.TextView: 12.73 mi
android.widget.TableLayout@406b6058
android.widget.TableRow@406b6628
android.widget.RelativeLayout@406b6ca8
android.widget.RelativeLayout@406e9210
android.widget.TextView: 3.27
android.widget.TextView: 9
android.widget.TextView: 16 hours ago
android.widget.TextView: Update
android.widget.RelativeLayout@406c4808
android.widget.ImageView@406c4be0
android.widget.TextView: Shell
android.widget.TextView: 806 W State St & US-287
android.widget.TextView: Alvord, TX
android.widget.TextView: 12.76 mi
android.widget.RelativeLayout@4055b2d0
android.widget.FrameLayout@4056e8c8
android.widget.RelativeLayout@40661f98
android.widget.LinearLayout@40656ab0
android.view.View@40581120
android.widget.RelativeLayout@406b0738
android.widget.TextView: Regular
android.view.View@40700950
android.view.View@4057d998
android.widget.RelativeLayout@40702350
android.widget.TextView: Midgrade
android.view.View@4070c658
android.view.View@4057daf8
android.widget.RelativeLayout@4071a410
android.widget.TextView: Premium
android.view.View@40683828
android.view.View@40580ff0
android.widget.RelativeLayout@405b84d8
android.widget.TextView: Diesel
android.view.View@4061d740
android.view.View@40581240
android.view.View@405b7808
android.widget.LinearLayout@4060f468
android.widget.RelativeLayout@406309f8
android.widget.ImageView@40630ee0
android.widget.TextView: Reload
android.widget.RelativeLayout@40631408
android.widget.ImageView@40632db8
android.widget.TextView: Sort By Price
android.widget.RelativeLayout@40633328
android.widget.ImageView@4063d428
android.widget.TextView: Map View
android.view.View@4063a7a0
gbis.gbandroid.views.layouts.CustomListView@40642098
android.widget.TableLayout@406b6058
android.widget.TableRow@406b6628
android.widget.RelativeLayout@406b6ca8
android.widget.RelativeLayout@406e9210
android.widget.TextView: 3.27
android.widget.TextView: 9
android.widget.TextView: 16 hours ago
android.widget.TextView: Update
android.widget.RelativeLayout@406c4808
android.widget.ImageView@406c4be0
android.widget.TextView: Shell
android.widget.TextView: 806 W State St & US-287
android.widget.TextView: Alvord, TX
android.widget.TextView: 12.76 mi
android.widget.TableLayout@406d8888
android.widget.TableRow@406d8e58
android.widget.RelativeLayout@406921f0
android.widget.RelativeLayout@406925c8
android.widget.TextView: --
android.widget.TextView: 9
android.widget.TextView: 10 hours ago
android.widget.TextView: Report Price
android.widget.RelativeLayout@406e27c8
android.widget.ImageView@406e2b88
android.widget.TextView: Valero
android.widget.TextView: 2000 Illinois St & Rhome To Justin Rd
android.widget.TextView: Rhome, TX
android.widget.TextView: 12.85 mi
android.widget.TableLayout@4059f5c0
android.widget.TableRow@4064a278
android.widget.RelativeLayout@40666058
android.widget.RelativeLayout@40668650
android.widget.TextView: 3.39
android.widget.TextView: 9
android.widget.TextView: 13 hours ago
android.widget.TextView: Update
android.widget.RelativeLayout@4066baf8
android.widget.ImageView@40590cf8
android.widget.TextView: Phillips 66
android.widget.TextView: 303 E Sherman & SH-101
android.widget.TextView: Chico, TX
android.widget.TextView: 13.09 mi
android.widget.TableLayout@405a2778
android.widget.TableRow@4064f5d8
android.widget.RelativeLayout@406715d0
android.widget.RelativeLayout@40673fd0
android.widget.TextView: 3.29
android.widget.TextView: 9
android.widget.TextView: 13 hours ago
android.widget.TextView: Update
android.widget.RelativeLayout@40676bc0
android.widget.ImageView@405a2cf0
android.widget.TextView: Alon
android.widget.TextView: 106 S SH-101 & Decatur
android.widget.TextView: Chico, TX
android.widget.TextView: 13.15 mi
android.widget.TableLayout@405a2920
android.widget.TableRow@40657a88
android.widget.RelativeLayout@4068ddd8
android.widget.RelativeLayout@407175c0
android.widget.TextView: --
android.widget.TextView: 9
android.widget.TextView: time
android.widget.TextView: Report Price
android.widget.RelativeLayout@4060d130
android.widget.ImageView@405d37a0
android.widget.TextView: Quick Stop
android.widget.TextView: 510 FM-718 & Central Ave
android.widget.TextView: Newark, TX
android.widget.TextView: 14.46 mi
android.widget.RelativeLayout@4055b2d0
android.widget.FrameLayout@4056e8c8
android.widget.RelativeLayout@40661f98
android.widget.LinearLayout@40656ab0
android.view.View@40581120
android.widget.RelativeLayout@406b0738
android.widget.TextView: Regular
android.view.View@40700950
android.view.View@4057d998
android.widget.RelativeLayout@40702350
android.widget.TextView: Midgrade
android.view.View@4070c658
android.view.View@4057daf8
android.widget.RelativeLayout@4071a410
android.widget.TextView: Premium
android.view.View@40683828
android.view.View@40580ff0
android.widget.RelativeLayout@405b84d8
android.widget.TextView: Diesel
android.view.View@4061d740
android.view.View@40581240
android.view.View@405b7808
android.widget.LinearLayout@4060f468
android.widget.RelativeLayout@406309f8
android.widget.ImageView@40630ee0
android.widget.TextView: Reload
android.widget.RelativeLayout@40631408
android.widget.ImageView@40632db8
android.widget.TextView: Sort By Price
android.widget.RelativeLayout@40633328
android.widget.ImageView@4063d428
android.widget.TextView: Map View
android.view.View@4063a7a0
gbis.gbandroid.views.layouts.CustomListView@40642098
android.widget.TableLayout@405a2920
android.widget.TableRow@40657a88
android.widget.RelativeLayout@4068ddd8
android.widget.RelativeLayout@407175c0
android.widget.TextView: --
android.widget.TextView: 9
android.widget.TextView: time
android.widget.TextView: Report Price
android.widget.RelativeLayout@4060d130
android.widget.ImageView@405d37a0
android.widget.TextView: Quick Stop
android.widget.TextView: 510 FM-718 & Central Ave
android.widget.TextView: Newark, TX
android.widget.TextView: 14.46 mi
android.widget.TableLayout@406bce08
android.widget.TableRow@406d4758
android.widget.RelativeLayout@406d8018
android.widget.RelativeLayout@406e5548
android.widget.TextView: 3.10
android.widget.TextView: 9
android.widget.TextView: Mon 7:49 AM
android.widget.TextView: Update
android.widget.RelativeLayout@4061ae50
android.widget.ImageView@406d4320
android.widget.TextView: JJ Truck stop
android.widget.TextView: 17997 US-380 W & FM-2622
android.widget.TextView: Ponder, TX
android.widget.TextView: 14.58 mi
android.widget.TableLayout@4060cfb0
android.widget.TableRow@406997e0
android.widget.RelativeLayout@406318e8
android.widget.RelativeLayout@406ff6f0
android.widget.TextView: --
android.widget.TextView: 9
android.widget.TextView: time
android.widget.TextView: Report Price
android.widget.RelativeLayout@406b0420
android.widget.ImageView@4050a980
android.widget.TextView: Conoco
android.widget.TextView: 902 Seven Hills Rd & FM-718
android.widget.TextView: Newark, TX
android.widget.TextView: 14.69 mi
android.widget.TableLayout@40708798
android.widget.TableRow@4078b7b0
android.widget.RelativeLayout@405dc978
android.widget.RelativeLayout@405e38e8
android.widget.TextView: 3.17
android.widget.TextView: 9
android.widget.TextView: Mon 10:27 AM
android.widget.TextView: Update
android.widget.RelativeLayout@40655eb8
android.widget.ImageView@4054d158
android.widget.TextView: Phillips 66
android.widget.TextView: 17605 US-380 W  & County Line Rd
android.widget.TextView: Ponder, TX
android.widget.TextView: 14.98 mi
android.widget.TableLayout@406790a0
android.widget.TableRow@405a41d8
android.widget.RelativeLayout@406a01d0
android.widget.RelativeLayout@40593ef8
android.widget.TextView: 3.19
android.widget.TextView: 9
android.widget.TextView: 2 hours ago
android.widget.TextView: Update
android.widget.RelativeLayout@406b19d8
android.widget.ImageView@405b5210
android.widget.TextView: Shell
android.widget.TextView: 250 US-380 & Runway Bay Dr
android.widget.TextView: Bridgeport, TX
android.widget.TextView: 15.18 mi
android.widget.RelativeLayout@4055b2d0
android.widget.FrameLayout@4056e8c8
android.widget.RelativeLayout@40661f98
android.widget.LinearLayout@40656ab0
android.view.View@40581120
android.widget.RelativeLayout@406b0738
android.widget.TextView: Regular
android.view.View@40700950
android.view.View@4057d998
android.widget.RelativeLayout@40702350
android.widget.TextView: Midgrade
android.view.View@4070c658
android.view.View@4057daf8
android.widget.RelativeLayout@4071a410
android.widget.TextView: Premium
android.view.View@40683828
android.view.View@40580ff0
android.widget.RelativeLayout@405b84d8
android.widget.TextView: Diesel
android.view.View@4061d740
android.view.View@40581240
android.view.View@405b7808
android.widget.LinearLayout@4060f468
android.widget.RelativeLayout@406309f8
android.widget.ImageView@40630ee0
android.widget.TextView: Reload
android.widget.RelativeLayout@40631408
android.widget.ImageView@40632db8
android.widget.TextView: Sort By Price
android.widget.RelativeLayout@40633328
android.widget.ImageView@4063d428
android.widget.TextView: Map View
android.view.View@4063a7a0
gbis.gbandroid.views.layouts.CustomListView@40642098
android.widget.TableLayout@406790a0
android.widget.TableRow@405a41d8
android.widget.RelativeLayout@406a01d0
android.widget.RelativeLayout@40593ef8
android.widget.TextView: 3.19
android.widget.TextView: 9
android.widget.TextView: 2 hours ago
android.widget.TextView: Update
android.widget.RelativeLayout@406b19d8
android.widget.ImageView@405b5210
android.widget.TextView: Shell
android.widget.TextView: 250 US-380 & Runway Bay Dr
android.widget.TextView: Bridgeport, TX
android.widget.TextView: 15.18 mi
android.widget.TableLayout@405a2778
android.widget.TableRow@4064f5d8
android.widget.RelativeLayout@406715d0
android.widget.RelativeLayout@40673fd0
android.widget.TextView: --
android.widget.TextView: 9
android.widget.TextView: 13 hours ago
android.widget.TextView: Report Price
android.widget.RelativeLayout@40676bc0
android.widget.ImageView@405a2cf0
android.widget.TextView: 1 Stop
android.widget.TextView: 598 US-380 & Runaway Bay Dr
android.widget.TextView: Runaway Bay, TX
android.widget.TextView: 15.33 mi
android.widget.TableLayout@406fe820
android.widget.TableRow@407900b8
android.widget.RelativeLayout@40687ce0
android.widget.RelativeLayout@4054fba8
android.widget.TextView: 3.19
android.widget.TextView: 9
android.widget.TextView: 15 hours ago
android.widget.TextView: Update
android.widget.RelativeLayout@40674f70
android.widget.ImageView@406a69b8
android.widget.TextView: Valero
android.widget.TextView: 320 E SH-199 & Old Springtown Rd
android.widget.TextView: Springtown, TX
android.widget.TextView: 16.64 mi
android.widget.TableLayout@4067ba98
android.widget.TableRow@40601fe8
android.widget.RelativeLayout@40636c70
android.widget.RelativeLayout@406650f0
android.widget.TextView: 3.19
android.widget.TextView: 9
android.widget.TextView: 15 hours ago
android.widget.TextView: Update
android.widget.RelativeLayout@4050b3a0
android.widget.ImageView@4069fd30
android.widget.TextView: Shell
android.widget.TextView: 100 W SH-199 & FM-51
android.widget.TextView: Springtown, TX
android.widget.TextView: 16.64 mi
android.widget.TableLayout@40664be0
android.widget.TableRow@40606db0
android.widget.RelativeLayout@406a3a48
android.widget.RelativeLayout@406b4b80
android.widget.TextView: 3.19
android.widget.TextView: 9
android.widget.TextView: 7 hours ago
android.widget.TextView: Update
android.widget.RelativeLayout@405b2430
android.widget.ImageView@405b26a8
android.widget.TextView: Exxon
android.widget.TextView: 101 W SH-199 & S Ash St
android.widget.TextView: Springtown, TX
android.widget.TextView: 16.66 mi
android.widget.RelativeLayout@4055b2d0
android.widget.FrameLayout@4056e8c8
android.widget.RelativeLayout@40661f98
android.widget.LinearLayout@40656ab0
android.view.View@40581120
android.widget.RelativeLayout@406b0738
android.widget.TextView: Regular
android.view.View@40700950
android.view.View@4057d998
android.widget.RelativeLayout@40702350
android.widget.TextView: Midgrade
android.view.View@4070c658
android.view.View@4057daf8
android.widget.RelativeLayout@4071a410
android.widget.TextView: Premium
android.view.View@40683828
android.view.View@40580ff0
android.widget.RelativeLayout@405b84d8
android.widget.TextView: Diesel
android.view.View@4061d740
android.view.View@40581240
android.view.View@405b7808
android.widget.LinearLayout@4060f468
android.widget.RelativeLayout@406309f8
android.widget.ImageView@40630ee0
android.widget.TextView: Reload
android.widget.RelativeLayout@40631408
android.widget.ImageView@40632db8
android.widget.TextView: Sort By Price
android.widget.RelativeLayout@40633328
android.widget.ImageView@4063d428
android.widget.TextView: Map View
android.view.View@4063a7a0
gbis.gbandroid.views.layouts.CustomListView@40642098
android.widget.TableLayout@40664be0
android.widget.TableRow@40606db0
android.widget.RelativeLayout@406a3a48
android.widget.RelativeLayout@406b4b80
android.widget.TextView: 3.19
android.widget.TextView: 9
android.widget.TextView: 7 hours ago
android.widget.TextView: Update
android.widget.RelativeLayout@405b2430
android.widget.ImageView@405b26a8
android.widget.TextView: Exxon
android.widget.TextView: 101 W SH-199 & S Ash St
android.widget.TextView: Springtown, TX
android.widget.TextView: 16.66 mi
android.widget.TableLayout@40708798
android.widget.TableRow@4078b7b0
android.widget.RelativeLayout@405dc978
android.widget.RelativeLayout@405e38e8
android.widget.TextView: 3.19
android.widget.TextView: 9
android.widget.TextView: 16 hours ago
android.widget.TextView: Update
android.widget.RelativeLayout@40655eb8
android.widget.ImageView@4054d158
android.widget.TextView: Exxon
android.widget.TextView: 8417  N US-287 & Pvt Rd 1613
android.widget.TextView: Alvord, TX
android.widget.TextView: 16.87 mi
android.widget.TableLayout@40779a40
android.widget.TableRow@40779fd0
android.widget.RelativeLayout@406af6d0
android.widget.RelativeLayout@406afaa8
android.widget.TextView: 3.07
android.widget.TextView: 9
android.widget.TextView: Mon 5:32 PM
android.widget.TextView: Update
android.widget.RelativeLayout@4079a648
android.widget.ImageView@4079aa20
android.widget.TextView: Valero
android.widget.TextView: 1003 N FM-156 & King George Rd
android.widget.TextView: Ponder, TX
android.widget.TextView: 18.19 mi
android.widget.TableLayout@407b11d0
android.widget.TableRow@4077e528
android.widget.RelativeLayout@4077eba8
android.widget.RelativeLayout@4077ef80
android.widget.TextView: 3.19
android.widget.TextView: 9
android.widget.TextView: 7 hours ago
android.widget.TextView: Update
android.widget.RelativeLayout@406ed950
android.widget.ImageView@406c0b18
android.widget.TextView: Exxon
android.widget.TextView: 13201 FM-718 & US-287
android.widget.TextView: Haslet, TX
android.widget.TextView: 18.42 mi
android.widget.TableLayout@4076c088
android.widget.TableRow@4076c588
android.widget.RelativeLayout@4076cc08
android.widget.RelativeLayout@4076cfe0
android.widget.TextView: --
android.widget.TextView: 9
android.widget.TextView: time
android.widget.TextView: Report Price
android.widget.RelativeLayout@405c93f0
android.widget.ImageView@405c97c8
android.widget.TextView: Super Save
android.widget.TextView: 904 W 1st  St & Leuty Ave
android.widget.TextView: Justin, TX
android.widget.TextView: 18.64 mi
android.widget.RelativeLayout@4055b2d0
android.widget.FrameLayout@4056e8c8
android.widget.RelativeLayout@40661f98
android.widget.LinearLayout@40656ab0
android.view.View@40581120
android.widget.RelativeLayout@406b0738
android.widget.TextView: Regular
android.view.View@40700950
android.view.View@4057d998
android.widget.RelativeLayout@40702350
android.widget.TextView: Midgrade
android.view.View@4070c658
android.view.View@4057daf8
android.widget.RelativeLayout@4071a410
android.widget.TextView: Premium
android.view.View@40683828
android.view.View@40580ff0
android.widget.RelativeLayout@405b84d8
android.widget.TextView: Diesel
android.view.View@4061d740
android.view.View@40581240
android.view.View@405b7808
android.widget.LinearLayout@4060f468
android.widget.RelativeLayout@406309f8
android.widget.ImageView@40630ee0
android.widget.TextView: Reload
android.widget.RelativeLayout@40631408
android.widget.ImageView@40632db8
android.widget.TextView: Sort By Price
android.widget.RelativeLayout@40633328
android.widget.ImageView@4063d428
android.widget.TextView: Map View
android.view.View@4063a7a0
gbis.gbandroid.views.layouts.CustomListView@40642098
android.widget.TableLayout@407e8c10
android.widget.TableRow@407e91e0
android.widget.RelativeLayout@407e9860
android.widget.RelativeLayout@407e9c38
android.widget.TextView: --
android.widget.TextView: 9
android.widget.TextView: time
android.widget.TextView: Report Price
android.widget.RelativeLayout@407eb448
android.widget.ImageView@407eb820
android.widget.TextView: Super Save
android.widget.TextView: 904 W 1st  St & Leuty Ave
android.widget.TextView: Justin, TX
android.widget.TextView: 18.64 mi
android.widget.TableLayout@407d9630
android.widget.TableRow@407d9c00
android.widget.RelativeLayout@407da280
android.widget.RelativeLayout@407da658
android.widget.TextView: 3.19
android.widget.TextView: 9
android.widget.TextView: 13 hours ago
android.widget.TextView: Update
android.widget.RelativeLayout@407dbe68
android.widget.ImageView@407dc240
android.widget.TextView: Chevron
android.widget.TextView: 1704 FM-730 N  & Sandy Beach Rd
android.widget.TextView: Azle, TX
android.widget.TextView: 18.71 mi
android.widget.TableLayout@407c97f8
android.widget.TableRow@407c9dc8
android.widget.RelativeLayout@407ca448
android.widget.RelativeLayout@407ca820
android.widget.TextView: 3.19
android.widget.TextView: 9
android.widget.TextView: 7 hours ago
android.widget.TextView: Update
android.widget.RelativeLayout@407cc030
android.widget.ImageView@407cc408
android.widget.TextView: Shell
android.widget.TextView: 13200 US-287 & FM-718
android.widget.TextView: Haslet, TX
android.widget.TextView: 18.87 mi
android.widget.RelativeLayout@4055b2d0
android.widget.FrameLayout@4056e8c8
android.widget.RelativeLayout@40661f98
android.widget.LinearLayout@40656ab0
android.view.View@40581120
android.widget.RelativeLayout@406b0738
android.widget.TextView: Regular
android.view.View@40700950
android.view.View@4057d998
android.widget.RelativeLayout@40702350
android.widget.TextView: Midgrade
android.view.View@4070c658
android.view.View@4057daf8
android.widget.RelativeLayout@4071a410
android.widget.TextView: Premium
android.view.View@40683828
android.view.View@40580ff0
android.widget.RelativeLayout@405b84d8
android.widget.TextView: Diesel
android.view.View@4061d740
android.view.View@40581240
android.view.View@405b7808
android.widget.LinearLayout@4060f468
android.widget.RelativeLayout@406309f8
android.widget.ImageView@40630ee0
android.widget.TextView: Reload
android.widget.RelativeLayout@40631408
android.widget.ImageView@40632db8
android.widget.TextView: Sort By Price
android.widget.RelativeLayout@40633328
android.widget.ImageView@4063d428
android.widget.TextView: Map View
android.view.View@4063a7a0
gbis.gbandroid.views.layouts.CustomListView@40642098
android.widget.TableLayout@407e8c10
android.widget.TableRow@407e91e0
android.widget.RelativeLayout@407e9860
android.widget.RelativeLayout@407e9c38
android.widget.TextView: --
android.widget.TextView: 9
android.widget.TextView: time
android.widget.TextView: Report Price
android.widget.RelativeLayout@407eb448
android.widget.ImageView@407eb820
android.widget.TextView: Super Save
android.widget.TextView: 904 W 1st  St & Leuty Ave
android.widget.TextView: Justin, TX
android.widget.TextView: 18.64 mi
android.widget.TableLayout@407d9630
android.widget.TableRow@407d9c00
android.widget.RelativeLayout@407da280
android.widget.RelativeLayout@407da658
android.widget.TextView: 3.19
android.widget.TextView: 9
android.widget.TextView: 13 hours ago
android.widget.TextView: Update
android.widget.RelativeLayout@407dbe68
android.widget.ImageView@407dc240
android.widget.TextView: Chevron
android.widget.TextView: 1704 FM-730 N  & Sandy Beach Rd
android.widget.TextView: Azle, TX
android.widget.TextView: 18.71 mi
android.widget.TableLayout@407c97f8
android.widget.TableRow@407c9dc8
android.widget.RelativeLayout@407ca448
android.widget.RelativeLayout@407ca820
android.widget.TextView: 3.19
android.widget.TextView: 9
android.widget.TextView: 7 hours ago
android.widget.TextView: Update
android.widget.RelativeLayout@407cc030
android.widget.ImageView@407cc408
android.widget.TextView: Shell
android.widget.TextView: 13200 US-287 & FM-718
android.widget.TextView: Haslet, TX
android.widget.TextView: 18.87 mi
android.widget.TableLayout@4067ba98
android.widget.TableRow@40601fe8
android.widget.RelativeLayout@40636c70
android.widget.RelativeLayout@406650f0
android.widget.TextView: --
android.widget.TextView: 9
android.widget.TextView: 13 hours ago
android.widget.TextView: Report Price
android.widget.RelativeLayout@4050b3a0
android.widget.ImageView@4069fd30
android.widget.TextView: Texaco
android.widget.TextView: 9086 W SH-199 & Salt Creek Rd
android.widget.TextView: Springtown, TX
android.widget.TextView: 18.87 mi
android.widget.TableLayout@4076c088
android.widget.TableRow@4076c588
android.widget.RelativeLayout@4076cc08
android.widget.RelativeLayout@4076cfe0
android.widget.TextView: --
android.widget.TextView: 9
android.widget.TextView: time
android.widget.TextView: Report Price
android.widget.RelativeLayout@405c93f0
android.widget.ImageView@405c97c8
android.widget.TextView: Chevron
android.widget.TextView: 5094 E SH-199 & Newsom Mound Rd
android.widget.TextView: Springtown, TX
android.widget.TextView: 18.91 mi
android.widget.RelativeLayout@4055b2d0
