android.widget.FrameLayout@406c3da0
android.widget.RelativeLayout@405f3f80
android.widget.LinearLayout@405d09b8
android.view.View@406fdbe0
android.widget.RelativeLayout@4071b9a8
android.widget.TextView: Regular
android.view.View@406a4318
android.view.View@406fd820
android.widget.RelativeLayout@406a4528
android.widget.TextView: Midgrade
android.view.View@406b5850
android.view.View@406fd980
android.widget.RelativeLayout@406b5a40
android.widget.TextView: Premium
android.view.View@406db8d0
android.view.View@406fdab0
android.widget.RelativeLayout@406dbac0
android.widget.TextView: Diesel
android.view.View@406fa5f0
android.view.View@40700bd0
android.view.View@405df550
android.widget.LinearLayout@405e1628
android.widget.RelativeLayout@405e6f98
android.widget.ImageView@406b76a8
android.widget.TextView: Reload
android.widget.RelativeLayout@406b8c18
android.widget.ImageView@406b97a8
android.widget.TextView: Sort By Price
android.widget.RelativeLayout@406bad50
android.widget.ImageView@406acd10
android.widget.TextView: Map View
android.view.View@405affa0
gbis.gbandroid.views.layouts.CustomListView@406b43f0
android.widget.RelativeLayout@40710008
com.google.ads.AdView@40720df0
android.gesture.GestureOverlayView@406c6c58
android.widget.FrameLayout@40724550
com.google.ads.internal.AdWebView@40667580
android.widget.TableLayout@40715be0
android.widget.TableRow@407161b0
android.widget.RelativeLayout@40716870
android.widget.RelativeLayout@40718f20
android.widget.TextView: --
android.widget.TextView: 9
android.widget.TextView: 9 hours ago
android.widget.TextView: Report Price
android.widget.RelativeLayout@4071cc00
android.widget.ImageView@4071cfd8
android.widget.TextView: Alon
android.widget.TextView: 201 N Cates St & E Walnut St
android.widget.TextView: Decatur, TX
android.widget.TextView: 0.61 mi
android.widget.TableLayout@406faf38
android.widget.TableRow@406fb4f0
android.widget.RelativeLayout@406fdf48
android.widget.RelativeLayout@406fe1e0
android.widget.TextView: 3.25
android.widget.TextView: 9
android.widget.TextView: 2 hours ago
android.widget.TextView: Update
android.widget.RelativeLayout@40701c58
android.widget.ImageView@40702030
android.widget.TextView: Shell
android.widget.TextView: 1306 E US-380 Bus & FM-51
android.widget.TextView: Decatur, TX
android.widget.TextView: 0.65 mi
android.widget.TableLayout@406e33b0
android.widget.TableRow@406e3980
android.widget.RelativeLayout@406e6530
android.widget.RelativeLayout@406e6908
android.widget.TextView: 3.19
android.widget.TextView: 9
android.widget.TextView: 9 hours ago
android.widget.TextView: Update
android.widget.RelativeLayout@406ea5a0
android.widget.ImageView@406ea978
android.widget.TextView: Shell
android.widget.TextView: 200 US-287 N  & W Walnut St
android.widget.TextView: Decatur, TX
android.widget.TextView: 0.97 mi
android.widget.TableLayout@406c8380
android.widget.TableRow@406cb208
android.widget.RelativeLayout@406ce850
android.widget.RelativeLayout@406ced00
android.widget.TextView: 3.14
android.widget.TextView: 9
android.widget.TextView: 9 hours ago
android.widget.TextView: Update
android.widget.RelativeLayout@406d2c60
android.widget.ImageView@406d5588
android.widget.TextView: Chevron
android.widget.TextView: 114 US-287 N  & W Walnut St
android.widget.TextView: Decatur, TX
android.widget.TextView: 0.99 mi
android.widget.RelativeLayout@4070aee8
android.widget.FrameLayout@406c3da0
android.widget.RelativeLayout@405f3f80
android.widget.LinearLayout@405d09b8
android.view.View@406fdbe0
android.widget.RelativeLayout@4071b9a8
android.widget.TextView: Regular
android.view.View@406a4318
android.view.View@406fd820
android.widget.RelativeLayout@406a4528
android.widget.TextView: Midgrade
android.view.View@406b5850
android.view.View@406fd980
android.widget.RelativeLayout@406b5a40
android.widget.TextView: Premium
android.view.View@406db8d0
android.view.View@406fdab0
android.widget.RelativeLayout@406dbac0
android.widget.TextView: Diesel
android.view.View@406fa5f0
android.view.View@40700bd0
android.view.View@405df550
android.widget.LinearLayout@405e1628
android.widget.RelativeLayout@405e6f98
android.widget.ImageView@406b76a8
android.widget.TextView: Reload
android.widget.RelativeLayout@406b8c18
android.widget.ImageView@406b97a8
android.widget.TextView: Sort By Price
android.widget.RelativeLayout@406bad50
android.widget.ImageView@406acd10
android.widget.TextView: Map View
android.view.View@405affa0
gbis.gbandroid.views.layouts.CustomListView@406b43f0
android.widget.TableLayout@406c8380
android.widget.TableRow@406cb208
android.widget.RelativeLayout@406ce850
android.widget.RelativeLayout@406ced00
android.widget.TextView: 3.14
android.widget.TextView: 9
android.widget.TextView: 9 hours ago
android.widget.TextView: Update
android.widget.RelativeLayout@406d2c60
android.widget.ImageView@406d5588
android.widget.TextView: Chevron
android.widget.TextView: 114 US-287 N  & W Walnut St
android.widget.TextView: Decatur, TX
android.widget.TextView: 0.99 mi
android.widget.TableLayout@407a35c0
android.widget.TableRow@407a3b90
android.widget.RelativeLayout@407a4250
android.widget.RelativeLayout@407a4628
android.widget.TextView: 3.15
android.widget.TextView: 9
android.widget.TextView: 9 hours ago
android.widget.TextView: Update
android.widget.RelativeLayout@407a5e38
android.widget.ImageView@407a6210
android.widget.TextView: Texaco
android.widget.TextView: 1105 N US-287 & FM-1810
android.widget.TextView: Decatur, TX
android.widget.TextView: 1.26 mi
android.widget.TableLayout@407b3cf0
android.widget.TableRow@407b42c0
android.widget.RelativeLayout@407b4980
android.widget.RelativeLayout@407b4d58
android.widget.TextView: 3.15
android.widget.TextView: 9
android.widget.TextView: 4 hours ago
android.widget.TextView: Update
android.widget.RelativeLayout@407b6568
android.widget.ImageView@407b6940
android.widget.TextView: Murphy USA
android.widget.TextView: 806 S US-287 & FM-51
android.widget.TextView: Decatur, TX
android.widget.TextView: 1.26 mi
android.widget.TableLayout@4057faa8
android.widget.TableRow@4057cca8
android.widget.RelativeLayout@40613970
android.widget.RelativeLayout@40619f58
android.widget.TextView: 3.15
android.widget.TextView: 9
android.widget.TextView: 5 hours ago
android.widget.TextView: Update
android.widget.RelativeLayout@40629138
android.widget.ImageView@40547858
android.widget.TextView: Exxon
android.widget.TextView: 1105 S FM-51 & US-287
android.widget.TextView: Decatur, TX
android.widget.TextView: 1.35 mi
android.widget.TableLayout@405826b8
android.widget.TableRow@406bd278
android.widget.RelativeLayout@40651f10
android.widget.RelativeLayout@4066ac90
android.widget.TextView: 3.15
android.widget.TextView: 9
android.widget.TextView: 4 hours ago
android.widget.TextView: Update
android.widget.RelativeLayout@4067ae30
android.widget.ImageView@405b4450
android.widget.TextView: Alon
android.widget.TextView: 1305 S US-287  & S Trenchard St
android.widget.TextView: Decatur, TX
android.widget.TextView: 1.36 mi
android.widget.RelativeLayout@4070aee8
android.widget.FrameLayout@406c3da0
android.widget.RelativeLayout@405f3f80
android.widget.LinearLayout@405d09b8
android.view.View@406fdbe0
android.widget.RelativeLayout@4071b9a8
android.widget.TextView: Regular
android.view.View@406a4318
android.view.View@406fd820
android.widget.RelativeLayout@406a4528
android.widget.TextView: Midgrade
android.view.View@406b5850
android.view.View@406fd980
android.widget.RelativeLayout@406b5a40
android.widget.TextView: Premium
android.view.View@406db8d0
android.view.View@406fdab0
android.widget.RelativeLayout@406dbac0
android.widget.TextView: Diesel
android.view.View@406fa5f0
android.view.View@40700bd0
android.view.View@405df550
android.widget.LinearLayout@405e1628
android.widget.RelativeLayout@405e6f98
android.widget.ImageView@406b76a8
android.widget.TextView: Reload
android.widget.RelativeLayout@406b8c18
android.widget.ImageView@406b97a8
android.widget.TextView: Sort By Price
android.widget.RelativeLayout@406bad50
android.widget.ImageView@406acd10
android.widget.TextView: Map View
android.view.View@405affa0
gbis.gbandroid.views.layouts.CustomListView@406b43f0
android.widget.TableLayout@405826b8
android.widget.TableRow@406bd278
android.widget.RelativeLayout@40651f10
android.widget.RelativeLayout@4066ac90
android.widget.TextView: 3.15
android.widget.TextView: 9
android.widget.TextView: 4 hours ago
android.widget.TextView: Update
android.widget.RelativeLayout@4067ae30
android.widget.ImageView@405b4450
android.widget.TextView: Alon
android.widget.TextView: 1305 S US-287  & S Trenchard St
android.widget.TextView: Decatur, TX
android.widget.TextView: 1.36 mi
android.widget.TableLayout@405e0838
android.widget.TableRow@406e5d38
android.widget.RelativeLayout@406962b0
android.widget.RelativeLayout@4069feb8
android.widget.TextView: 3.15
android.widget.TextView: 9
android.widget.TextView: 5 hours ago
android.widget.TextView: Update
android.widget.RelativeLayout@406ab5f8
android.widget.ImageView@40619c30
android.widget.TextView: Unbranded
android.widget.TextView: 1210 S FM-51 & W Reeves Ave
android.widget.TextView: Decatur, TX
android.widget.TextView: 1.41 mi
android.widget.TableLayout@405ff8b0
android.widget.TableRow@406f3968
android.widget.RelativeLayout@406cad58
android.widget.RelativeLayout@406d8450
android.widget.TextView: 3.29
android.widget.TextView: 9
android.widget.TextView: Mon 4:51 PM
android.widget.TextView: Update
android.widget.RelativeLayout@406e7a28
android.widget.ImageView@40641688
android.widget.TextView: Shell
android.widget.TextView: 2105 S College Ave & US-287
android.widget.TextView: Decatur, TX
android.widget.TextView: 1.96 mi
android.widget.TableLayout@406041b0
android.widget.TableRow@40701280
android.widget.RelativeLayout@406ec9f0
android.widget.RelativeLayout@406ece98
android.widget.TextView: --
android.widget.TextView: 9
android.widget.TextView: time
android.widget.TextView: Report Price
android.widget.RelativeLayout@406f8d60
android.widget.ImageView@4066c0e0
android.widget.TextView: Phillips 66
android.widget.TextView: 1605 16th St & Thompson St
android.widget.TextView: Bridgeport, TX
android.widget.TextView: 9.97 mi
android.widget.TableLayout@40606dc0
android.widget.TableRow@40708ef8
android.widget.RelativeLayout@4070acb8
android.widget.RelativeLayout@40716fd0
android.widget.TextView: 3.19
android.widget.TextView: 9
android.widget.TextView: 5 hours ago
android.widget.TextView: Update
android.widget.RelativeLayout@4071a488
android.widget.ImageView@40686690
android.widget.TextView: Brookshire's
android.widget.TextView: 1203 US-380 & SH-101
android.widget.TextView: Bridgeport, TX
android.widget.TextView: 10.04 mi
android.widget.RelativeLayout@4070aee8
android.widget.FrameLayout@406c3da0
android.widget.RelativeLayout@405f3f80
android.widget.LinearLayout@405d09b8
android.view.View@406fdbe0
android.widget.RelativeLayout@4071b9a8
android.widget.TextView: Regular
android.view.View@406a4318
android.view.View@406fd820
android.widget.RelativeLayout@406a4528
android.widget.TextView: Midgrade
android.view.View@406b5850
android.view.View@406fd980
android.widget.RelativeLayout@406b5a40
android.widget.TextView: Premium
android.view.View@406db8d0
android.view.View@406fdab0
android.widget.RelativeLayout@406dbac0
android.widget.TextView: Diesel
android.view.View@406fa5f0
android.view.View@40700bd0
android.view.View@405df550
android.widget.LinearLayout@405e1628
android.widget.RelativeLayout@405e6f98
android.widget.ImageView@406b76a8
android.widget.TextView: Reload
android.widget.RelativeLayout@406b8c18
android.widget.ImageView@406b97a8
android.widget.TextView: Sort By Price
android.widget.RelativeLayout@406bad50
android.widget.ImageView@406acd10
android.widget.TextView: Map View
android.view.View@405affa0
gbis.gbandroid.views.layouts.CustomListView@406b43f0
android.widget.TableLayout@40606dc0
android.widget.TableRow@40708ef8
android.widget.RelativeLayout@4070acb8
android.widget.RelativeLayout@40716fd0
android.widget.TextView: 3.19
android.widget.TextView: 9
android.widget.TextView: 5 hours ago
android.widget.TextView: Update
android.widget.RelativeLayout@4071a488
android.widget.ImageView@40686690
android.widget.TextView: Brookshire's
android.widget.TextView: 1203 US-380 & SH-101
android.widget.TextView: Bridgeport, TX
android.widget.TextView: 10.04 mi
android.widget.TableLayout@40683480
android.widget.TableRow@40697338
android.widget.RelativeLayout@40716c38
android.widget.RelativeLayout@40620930
android.widget.TextView: --
android.widget.TextView: 9
android.widget.TextView: time
android.widget.TextView: Report Price
android.widget.RelativeLayout@40582f80
android.widget.ImageView@405ff270
android.widget.TextView: Oliver Creek Store
android.widget.TextView: 4880 FM-2264 & CR-4421
android.widget.TextView: Decatur, TX
android.widget.TextView: 10.22 mi
android.widget.TableLayout@4060c838
android.widget.TableRow@405b3798
android.widget.RelativeLayout@406050b8
android.widget.RelativeLayout@405b35c8
android.widget.TextView: 3.29
android.widget.TextView: 9
android.widget.TextView: 5 hours ago
android.widget.TextView: Update
android.widget.RelativeLayout@405a22b0
android.widget.ImageView@405b18b8
android.widget.TextView: Mobil
android.widget.TextView: 806 13th St & Cobb St
android.widget.TextView: Bridgeport, TX
android.widget.TextView: 10.28 mi
android.widget.TableLayout@40694e48
android.widget.TableRow@406cc590
android.widget.RelativeLayout@4063d728
android.widget.RelativeLayout@405c5bf0
android.widget.TextView: 3.27
android.widget.TextView: 9
android.widget.TextView: 9 hours ago
android.widget.TextView: Update
android.widget.RelativeLayout@4068d690
android.widget.ImageView@40714de8
android.widget.TextView: Shell
android.widget.TextView: 806 W State St & US-287
android.widget.TextView: Alvord, TX
android.widget.TextView: 10.53 mi
android.widget.TableLayout@406819a0
android.widget.TableRow@40687340
android.widget.RelativeLayout@40691cf0
android.widget.RelativeLayout@40696f28
android.widget.TextView: 3.29
android.widget.TextView: 9
android.widget.TextView: 5 hours ago
android.widget.TextView: Update
android.widget.RelativeLayout@4061c010
android.widget.ImageView@40680850
android.widget.TextView: Valero
android.widget.TextView: 101 W US-380 & SH-101
android.widget.TextView: Bridgeport, TX
android.widget.TextView: 10.87 mi
android.widget.TableLayout@40776b40
android.widget.TableRow@406f0288
android.widget.RelativeLayout@4058c610
android.widget.RelativeLayout@406012f0
android.widget.TextView: 3.19
android.widget.TextView: 9
android.widget.TextView: 5 hours ago
android.widget.TextView: Update
android.widget.RelativeLayout@4062eaa8
android.widget.ImageView@40645f28
android.widget.TextView: Conoco
android.widget.TextView: 1701 Chico Hwy & Lake Rd  
android.widget.TextView: Bridgeport, TX
android.widget.TextView: 10.88 mi
android.widget.RelativeLayout@4070aee8
android.widget.FrameLayout@406c3da0
android.widget.RelativeLayout@405f3f80
android.widget.LinearLayout@405d09b8
android.view.View@406fdbe0
android.widget.RelativeLayout@4071b9a8
android.widget.TextView: Regular
android.view.View@406a4318
android.view.View@406fd820
android.widget.RelativeLayout@406a4528
android.widget.TextView: Midgrade
android.view.View@406b5850
android.view.View@406fd980
android.widget.RelativeLayout@406b5a40
android.widget.TextView: Premium
android.view.View@406db8d0
android.view.View@406fdab0
android.widget.RelativeLayout@406dbac0
android.widget.TextView: Diesel
android.view.View@406fa5f0
android.view.View@40700bd0
android.view.View@405df550
android.widget.LinearLayout@405e1628
android.widget.RelativeLayout@405e6f98
android.widget.ImageView@406b76a8
android.widget.TextView: Reload
android.widget.RelativeLayout@406b8c18
android.widget.ImageView@406b97a8
android.widget.TextView: Sort By Price
android.widget.RelativeLayout@406bad50
android.widget.ImageView@406acd10
android.widget.TextView: Map View
android.view.View@405affa0
gbis.gbandroid.views.layouts.CustomListView@406b43f0
android.widget.TableLayout@4057faa8
android.widget.TableRow@405e2928
android.widget.RelativeLayout@4066ac90
android.widget.RelativeLayout@406733f8
android.widget.TextView: 3.19
android.widget.TextView: 9
android.widget.TextView: 5 hours ago
android.widget.TextView: Update
android.widget.RelativeLayout@406960e8
android.widget.ImageView@405ba5b0
android.widget.TextView: Conoco
android.widget.TextView: 1701 Chico Hwy & Lake Rd  
android.widget.TextView: Bridgeport, TX
android.widget.TextView: 10.88 mi
android.widget.TableLayout@4057ce48
android.widget.TableRow@40582868
android.widget.RelativeLayout@406369b8
android.widget.RelativeLayout@40648898
android.widget.TextView: 3.36
android.widget.TextView: 9
android.widget.TextView: 5 hours ago
android.widget.TextView: Update
android.widget.RelativeLayout@40651f10
android.widget.ImageView@405b4450
android.widget.TextView: Phillips 66
android.widget.TextView: 206 Cates St & 2nd St
android.widget.TextView: Bridgeport, TX
android.widget.TextView: 10.91 mi
android.widget.TableLayout@40551520
android.widget.TableRow@4057f1c0
android.widget.RelativeLayout@405812e8
android.widget.RelativeLayout@40619f58
android.widget.TextView: 3.29
android.widget.TextView: 9
android.widget.TextView: 5 hours ago
android.widget.TextView: Update
android.widget.RelativeLayout@40624d70
android.widget.ImageView@40547858
android.widget.TextView: Exxon
android.widget.TextView: 99 US-380 & SH-101
android.widget.TextView: Bridgeport, TX
android.widget.TextView: 10.91 mi
android.widget.TableLayout@40631400
android.widget.TableRow@40634090
android.widget.RelativeLayout@4064be68
android.widget.RelativeLayout@40653ca0
android.widget.TextView: --
android.widget.TextView: 9
android.widget.TextView: 5 hours ago
android.widget.TextView: Report Price
android.widget.RelativeLayout@405814d8
android.widget.ImageView@40604b50
android.widget.TextView: Phillips 66
android.widget.TextView: 217 E Rock Island Ave & Hitt St
android.widget.TextView: Boyd, TX
android.widget.TextView: 11.42 mi
android.widget.RelativeLayout@4070aee8
android.widget.FrameLayout@406c3da0
android.widget.RelativeLayout@405f3f80
android.widget.LinearLayout@405d09b8
android.view.View@406fdbe0
android.widget.RelativeLayout@4071b9a8
android.widget.TextView: Regular
android.view.View@406a4318
android.view.View@406fd820
android.widget.RelativeLayout@406a4528
android.widget.TextView: Midgrade
android.view.View@406b5850
android.view.View@406fd980
android.widget.RelativeLayout@406b5a40
android.widget.TextView: Premium
android.view.View@406db8d0
android.view.View@406fdab0
android.widget.RelativeLayout@406dbac0
android.widget.TextView: Diesel
android.view.View@406fa5f0
android.view.View@40700bd0
android.view.View@405df550
android.widget.LinearLayout@405e1628
android.widget.RelativeLayout@405e6f98
android.widget.ImageView@406b76a8
android.widget.TextView: Reload
android.widget.RelativeLayout@406b8c18
android.widget.ImageView@406b97a8
android.widget.TextView: Sort By Price
android.widget.RelativeLayout@406bad50
android.widget.ImageView@406acd10
android.widget.TextView: Map View
android.view.View@405affa0
gbis.gbandroid.views.layouts.CustomListView@406b43f0
android.widget.TableLayout@40776b40
android.widget.TableRow@406f0288
android.widget.RelativeLayout@4058c610
android.widget.RelativeLayout@406012f0
android.widget.TextView: --
android.widget.TextView: 9
android.widget.TextView: 5 hours ago
android.widget.TextView: Report Price
android.widget.RelativeLayout@4062eaa8
android.widget.ImageView@40645f28
android.widget.TextView: Valero
android.widget.TextView: 108 S Allen St & Rock Island Ave
android.widget.TextView: Boyd, TX
android.widget.TextView: 11.45 mi
android.widget.TableLayout@406819a0
android.widget.TableRow@40687340
android.widget.RelativeLayout@40691cf0
android.widget.RelativeLayout@40696f28
android.widget.TextView: --
android.widget.TextView: 9
android.widget.TextView: 5 hours ago
android.widget.TextView: Report Price
android.widget.RelativeLayout@4061c010
android.widget.ImageView@40680850
android.widget.TextView: Conoco
android.widget.TextView: 400 E Rock Island Ave & SH-114
android.widget.TextView: Boyd, TX
android.widget.TextView: 11.47 mi
android.widget.TableLayout@405826b8
android.widget.TableRow@40616b18
android.widget.RelativeLayout@406962b0
android.widget.RelativeLayout@406ab5f8
android.widget.TextView: --
android.widget.TextView: 9
android.widget.TextView: time
android.widget.TextView: Report Price
android.widget.RelativeLayout@4071b6d0
android.widget.ImageView@40619db8
android.widget.TextView: Exxon
android.widget.TextView: 490 W Rock Island  & Knox Ave
android.widget.TextView: Boyd, TX
android.widget.TextView: 11.56 mi
android.widget.TableLayout@405e0838
android.widget.TableRow@4061d428
android.widget.RelativeLayout@405c62a8
android.widget.RelativeLayout@40604360
android.widget.TextView: --
android.widget.TextView: 9
android.widget.TextView: time
android.widget.TextView: Report Price
android.widget.RelativeLayout@40614b60
android.widget.ImageView@4066c0e0
android.widget.TextView: Texaco
android.widget.TextView: 101 FM-407 & US-287
android.widget.TextView: Rhome, TX
android.widget.TextView: 11.82 mi
android.widget.TableLayout@406041b0
android.widget.TableRow@406296c8
android.widget.RelativeLayout@40618a60
android.widget.RelativeLayout@4061dd70
android.widget.TextView: 3.39
android.widget.TextView: 9
android.widget.TextView: 5 hours ago
android.widget.TextView: Update
android.widget.RelativeLayout@406249d0
android.widget.ImageView@406a35b8
android.widget.TextView: Phillips 66
android.widget.TextView: 303 E Sherman & SH-101
android.widget.TextView: Chico, TX
android.widget.TextView: 12.68 mi
android.widget.RelativeLayout@4070aee8
android.widget.FrameLayout@406c3da0
android.widget.RelativeLayout@405f3f80
android.widget.LinearLayout@405d09b8
android.view.View@406fdbe0
android.widget.RelativeLayout@4071b9a8
android.widget.TextView: Regular
android.view.View@406a4318
android.view.View@406fd820
android.widget.RelativeLayout@406a4528
android.widget.TextView: Midgrade
android.view.View@406b5850
android.view.View@406fd980
android.widget.RelativeLayout@406b5a40
android.widget.TextView: Premium
android.view.View@406db8d0
android.view.View@406fdab0
android.widget.RelativeLayout@406dbac0
android.widget.TextView: Diesel
android.view.View@406fa5f0
android.view.View@40700bd0
android.view.View@405df550
android.widget.LinearLayout@405e1628
android.widget.RelativeLayout@405e6f98
android.widget.ImageView@406b76a8
android.widget.TextView: Reload
android.widget.RelativeLayout@406b8c18
android.widget.ImageView@406b97a8
android.widget.TextView: Sort By Price
android.widget.RelativeLayout@406bad50
android.widget.ImageView@406acd10
android.widget.TextView: Map View
android.view.View@405affa0
gbis.gbandroid.views.layouts.CustomListView@406b43f0
android.widget.TableLayout@406041b0
android.widget.TableRow@406296c8
android.widget.RelativeLayout@40618a60
android.widget.RelativeLayout@4061dd70
android.widget.TextView: 3.39
android.widget.TextView: 9
android.widget.TextView: 5 hours ago
android.widget.TextView: Update
android.widget.RelativeLayout@406249d0
android.widget.ImageView@406a35b8
android.widget.TextView: Phillips 66
android.widget.TextView: 303 E Sherman & SH-101
android.widget.TextView: Chico, TX
android.widget.TextView: 12.68 mi
android.widget.TableLayout@40631400
android.widget.TableRow@40634090
android.widget.RelativeLayout@4064be68
android.widget.RelativeLayout@40653ca0
android.widget.TextView: 3.29
android.widget.TextView: 9
android.widget.TextView: 5 hours ago
android.widget.TextView: Update
android.widget.RelativeLayout@405814d8
android.widget.ImageView@40604b50
android.widget.TextView: Alon
android.widget.TextView: 106 S SH-101 & Decatur
android.widget.TextView: Chico, TX
android.widget.TextView: 12.73 mi
android.widget.TableLayout@405181d8
android.widget.TableRow@40643df8
android.widget.RelativeLayout@40668858
android.widget.RelativeLayout@406c2e50
android.widget.TextView: 3.10
android.widget.TextView: 9
android.widget.TextView: Mon 7:49 AM
android.widget.TextView: Update
android.widget.RelativeLayout@40627160
android.widget.ImageView@40627410
android.widget.TextView: JJ Truck stop
android.widget.TextView: 17997 US-380 W & FM-2622
android.widget.TextView: Ponder, TX
android.widget.TextView: 13.18 mi
android.widget.TableLayout@40789ef8
android.widget.TableRow@4063d478
android.widget.RelativeLayout@4057f5d8
android.widget.RelativeLayout@40549b08
android.widget.TextView: 3.17
android.widget.TextView: 9
android.widget.TextView: Mon 10:27 AM
android.widget.TextView: Update
android.widget.RelativeLayout@40647368
android.widget.ImageView@406476e8
android.widget.TextView: Phillips 66
android.widget.TextView: 17605 US-380 W  & County Line Rd
android.widget.TextView: Ponder, TX
android.widget.TextView: 13.6 mi
android.widget.TableLayout@40620430
android.widget.TableRow@4063daf0
android.widget.RelativeLayout@4064ebb0
android.widget.RelativeLayout@406ac0d0
android.widget.TextView: --
android.widget.TextView: 9
android.widget.TextView: time
android.widget.TextView: Report Price
android.widget.RelativeLayout@4061cfb0
android.widget.ImageView@406b3610
android.widget.TextView: Shamrock
android.widget.TextView: FM-2123 & Draco Rd
android.widget.TextView: Paradise, TX
android.widget.TextView: 14.05 mi
android.widget.RelativeLayout@4070aee8
android.widget.FrameLayout@406c3da0
android.widget.RelativeLayout@405f3f80
android.widget.LinearLayout@405d09b8
android.view.View@406fdbe0
android.widget.RelativeLayout@4071b9a8
android.widget.TextView: Regular
android.view.View@406a4318
android.view.View@406fd820
android.widget.RelativeLayout@406a4528
android.widget.TextView: Midgrade
android.view.View@406b5850
android.view.View@406fd980
android.widget.RelativeLayout@406b5a40
android.widget.TextView: Premium
android.view.View@406db8d0
android.view.View@406fdab0
android.widget.RelativeLayout@406dbac0
android.widget.TextView: Diesel
android.view.View@406fa5f0
android.view.View@40700bd0
android.view.View@405df550
android.widget.LinearLayout@405e1628
android.widget.RelativeLayout@405e6f98
android.widget.ImageView@406b76a8
android.widget.TextView: Reload
android.widget.RelativeLayout@406b8c18
android.widget.ImageView@406b97a8
android.widget.TextView: Sort By Price
android.widget.RelativeLayout@406bad50
android.widget.ImageView@406acd10
android.widget.TextView: Map View
android.view.View@405affa0
gbis.gbandroid.views.layouts.CustomListView@406b43f0
android.widget.TableLayout@40620430
android.widget.TableRow@4063daf0
android.widget.RelativeLayout@4064ebb0
android.widget.RelativeLayout@406ac0d0
android.widget.TextView: --
android.widget.TextView: 9
android.widget.TextView: time
android.widget.TextView: Report Price
android.widget.RelativeLayout@4061cfb0
android.widget.ImageView@406b3610
android.widget.TextView: Shamrock
android.widget.TextView: FM-2123 & Draco Rd
android.widget.TextView: Paradise, TX
android.widget.TextView: 14.05 mi
android.widget.TableLayout@405e0838
android.widget.TableRow@4061d428
android.widget.RelativeLayout@405c62a8
android.widget.RelativeLayout@40604360
android.widget.TextView: 3.15
android.widget.TextView: 9
android.widget.TextView: 3 hours ago
android.widget.TextView: Update
android.widget.RelativeLayout@40614b60
android.widget.ImageView@4066c0e0
android.widget.TextView: Love's
android.widget.TextView: 4800 E SH-114 & US-287
android.widget.TextView: Rhome, TX
android.widget.TextView: 14.08 mi
android.widget.TableLayout@4057ce48
android.widget.TableRow@406c14a0
android.widget.RelativeLayout@405812e8
android.widget.RelativeLayout@40582f80
android.widget.TextView: --
android.widget.TextView: 9
android.widget.TextView: time
android.widget.TextView: Report Price
android.widget.RelativeLayout@405a22b0
android.widget.ImageView@40547858
android.widget.TextView: Valero
android.widget.TextView: 2000 Illinois St & Rhome To Justin Rd
android.widget.TextView: Rhome, TX
android.widget.TextView: 14.14 mi
android.widget.TableLayout@4057faa8
android.widget.TableRow@406e5d38
android.widget.RelativeLayout@406015a0
android.widget.RelativeLayout@40619f58
android.widget.TextView: 3.19
android.widget.TextView: 9
android.widget.TextView: 19 hours ago
android.widget.TextView: Update
android.widget.RelativeLayout@40620930
android.widget.ImageView@405b4450
android.widget.TextView: Exxon
android.widget.TextView: 405 W BC Rhome Ave & US-287  
android.widget.TextView: Rhome, TX
android.widget.TextView: 14.32 mi
android.widget.TableLayout@40606dc0
android.widget.TableRow@4072b2c0
android.widget.RelativeLayout@40624d70
android.widget.RelativeLayout@40648898
android.widget.TextView: --
android.widget.TextView: 9
android.widget.TextView: time
android.widget.TextView: Report Price
android.widget.RelativeLayout@40651f10
android.widget.ImageView@405ba5b0
android.widget.TextView: Phillips 66
android.widget.TextView: 100 N Main St & E 1st St
android.widget.TextView: Rhome, TX
android.widget.TextView: 14.58 mi
android.widget.RelativeLayout@4070aee8
android.widget.FrameLayout@406c3da0
android.widget.RelativeLayout@405f3f80
android.widget.LinearLayout@405d09b8
android.view.View@406fdbe0
android.widget.RelativeLayout@4071b9a8
android.widget.TextView: Regular
android.view.View@406a4318
android.view.View@406fd820
android.widget.RelativeLayout@406a4528
android.widget.TextView: Midgrade
android.view.View@406b5850
android.view.View@406fd980
android.widget.RelativeLayout@406b5a40
android.widget.TextView: Premium
android.view.View@406db8d0
android.view.View@406fdab0
android.widget.RelativeLayout@406dbac0
android.widget.TextView: Diesel
android.view.View@406fa5f0
android.view.View@40700bd0
android.view.View@405df550
android.widget.LinearLayout@405e1628
android.widget.RelativeLayout@405e6f98
android.widget.ImageView@406b76a8
android.widget.TextView: Reload
android.widget.RelativeLayout@406b8c18
android.widget.ImageView@406b97a8
android.widget.TextView: Sort By Price
android.widget.RelativeLayout@406bad50
android.widget.ImageView@406acd10
android.widget.TextView: Map View
android.view.View@405affa0
gbis.gbandroid.views.layouts.CustomListView@406b43f0
android.widget.TableLayout@40606dc0
android.widget.TableRow@4072b2c0
android.widget.RelativeLayout@40624d70
android.widget.RelativeLayout@40648898
android.widget.TextView: --
android.widget.TextView: 9
android.widget.TextView: time
android.widget.TextView: Report Price
android.widget.RelativeLayout@40651f10
android.widget.ImageView@405ba5b0
android.widget.TextView: Phillips 66
android.widget.TextView: 100 N Main St & E 1st St
android.widget.TextView: Rhome, TX
android.widget.TextView: 14.58 mi
android.widget.TableLayout@40789ef8
android.widget.TableRow@4063d478
android.widget.RelativeLayout@4057f5d8
android.widget.RelativeLayout@40549b08
android.widget.TextView: 3.19
android.widget.TextView: 9
android.widget.TextView: 9 hours ago
android.widget.TextView: Update
android.widget.RelativeLayout@40647368
android.widget.ImageView@406476e8
android.widget.TextView: Exxon
android.widget.TextView: 8417  N US-287 & Pvt Rd 1613
android.widget.TextView: Alvord, TX
android.widget.TextView: 14.59 mi
android.widget.TableLayout@4062e488
android.widget.TableRow@406b4158
android.widget.RelativeLayout@405ada70
android.widget.RelativeLayout@405b5b80
android.widget.TextView: --
android.widget.TextView: 9
android.widget.TextView: time
android.widget.TextView: Report Price
android.widget.RelativeLayout@406367b0
android.widget.ImageView@40547678
android.widget.TextView: Shell
android.widget.TextView: 700 South Main & Hwy 287
android.widget.TextView: Rhome, TX
android.widget.TextView: 14.98 mi
android.widget.TableLayout@406461a0
android.widget.TableRow@4064e558
android.widget.RelativeLayout@4066f440
android.widget.RelativeLayout@40610ea8
android.widget.TextView: --
android.widget.TextView: 9
android.widget.TextView: time
android.widget.TextView: Report Price
android.widget.RelativeLayout@405c5470
android.widget.ImageView@40708e60
android.widget.TextView: Mobil
android.widget.TextView: 10326 S US-287 & FM-3433
android.widget.TextView: Rhome, TX
android.widget.TextView: 15.15 mi
android.widget.TableLayout@406ba000
android.widget.TableRow@40551520
android.widget.RelativeLayout@406e8f48
android.widget.RelativeLayout@406324b0
android.widget.TextView: --
android.widget.TextView: 9
android.widget.TextView: time
android.widget.TextView: Report Price
android.widget.RelativeLayout@40602588
android.widget.ImageView@40724348
android.widget.TextView: Shell
android.widget.TextView: 250 US-380 & Runway Bay Dr
android.widget.TextView: Bridgeport, TX
android.widget.TextView: 16.88 mi
android.widget.RelativeLayout@4070aee8
android.widget.FrameLayout@406c3da0
android.widget.RelativeLayout@405f3f80
android.widget.LinearLayout@405d09b8
android.view.View@406fdbe0
android.widget.RelativeLayout@4071b9a8
android.widget.TextView: Regular
android.view.View@406a4318
android.view.View@406fd820
android.widget.RelativeLayout@406a4528
android.widget.TextView: Midgrade
android.view.View@406b5850
android.view.View@406fd980
android.widget.RelativeLayout@406b5a40
android.widget.TextView: Premium
android.view.View@406db8d0
android.view.View@406fdab0
android.widget.RelativeLayout@406dbac0
android.widget.TextView: Diesel
android.view.View@406fa5f0
android.view.View@40700bd0
android.view.View@405df550
android.widget.LinearLayout@405e1628
android.widget.RelativeLayout@405e6f98
android.widget.ImageView@406b76a8
android.widget.TextView: Reload
android.widget.RelativeLayout@406b8c18
android.widget.ImageView@406b97a8
android.widget.TextView: Sort By Price
android.widget.RelativeLayout@406bad50
android.widget.ImageView@406acd10
android.widget.TextView: Map View
android.view.View@405affa0
gbis.gbandroid.views.layouts.CustomListView@406b43f0
android.widget.TableLayout@4071a5f0
android.widget.TableRow@4071ab80
android.widget.RelativeLayout@40774688
android.widget.RelativeLayout@40774a60
android.widget.TextView: --
android.widget.TextView: 9
android.widget.TextView: Mon 5:32 PM
android.widget.TextView: Report Price
android.widget.RelativeLayout@4066b4d8
android.widget.ImageView@4066b898
android.widget.TextView: Shell
android.widget.TextView: 250 US-380 & Runway Bay Dr
android.widget.TextView: Bridgeport, TX
android.widget.TextView: 16.88 mi
android.widget.TableLayout@40777170
android.widget.TableRow@40777670
android.widget.RelativeLayout@40713d30
android.widget.RelativeLayout@40714108
android.widget.TextView: --
android.widget.TextView: 9
android.widget.TextView: time
android.widget.TextView: Report Price
android.widget.RelativeLayout@40724d18
android.widget.ImageView@407a3f10
android.widget.TextView: 1 Stop
android.widget.TextView: 598 US-380 & Runaway Bay Dr
android.widget.TextView: Runaway Bay, TX
android.widget.TextView: 17.05 mi
android.widget.TableLayout@4061b198
android.widget.TableRow@4061b6a8
android.widget.RelativeLayout@4078a5a8
android.widget.RelativeLayout@4057b788
android.widget.TextView: --
android.widget.TextView: 9
android.widget.TextView: time
android.widget.TextView: Report Price
android.widget.RelativeLayout@40727378
android.widget.ImageView@40699328
android.widget.TextView: Quick Stop
android.widget.TextView: 510 FM-718 & Central Ave
android.widget.TextView: Newark, TX
android.widget.TextView: 17.23 mi
android.widget.TableLayout@4057faa8
android.widget.TableRow@406e5d38
android.widget.RelativeLayout@406015a0
android.widget.RelativeLayout@40619f58
android.widget.TextView: --
android.widget.TextView: 9
android.widget.TextView: 19 hours ago
android.widget.TextView: Report Price
android.widget.RelativeLayout@40620930
android.widget.ImageView@405b4450
android.widget.TextView: Conoco
android.widget.TextView: 902 Seven Hills Rd & FM-718
android.widget.TextView: Newark, TX
android.widget.TextView: 17.44 mi
android.widget.RelativeLayout@4070aee8
android.widget.FrameLayout@406c3da0
android.widget.RelativeLayout@405f3f80
android.widget.LinearLayout@405d09b8
android.view.View@406fdbe0
android.widget.RelativeLayout@4071b9a8
android.widget.TextView: Regular
android.view.View@406a4318
android.view.View@406fd820
android.widget.RelativeLayout@406a4528
android.widget.TextView: Midgrade
android.view.View@406b5850
android.view.View@406fd980
android.widget.RelativeLayout@406b5a40
android.widget.TextView: Premium
android.view.View@406db8d0
android.view.View@406fdab0
android.widget.RelativeLayout@406dbac0
android.widget.TextView: Diesel
android.view.View@406fa5f0
android.view.View@40700bd0
android.view.View@405df550
android.widget.LinearLayout@405e1628
android.widget.RelativeLayout@405e6f98
android.widget.ImageView@406b76a8
android.widget.TextView: Reload
android.widget.RelativeLayout@406b8c18
android.widget.ImageView@406b97a8
android.widget.TextView: Sort By Price
android.widget.RelativeLayout@406bad50
android.widget.ImageView@406acd10
android.widget.TextView: Map View
android.view.View@405affa0
gbis.gbandroid.views.layouts.CustomListView@406b43f0
android.widget.TableLayout@406ba000
android.widget.TableRow@40551520
android.widget.RelativeLayout@406e8f48
android.widget.RelativeLayout@406324b0
android.widget.TextView: 3.07
android.widget.TextView: 9
android.widget.TextView: Mon 5:32 PM
android.widget.TextView: Update
android.widget.RelativeLayout@40602588
android.widget.ImageView@40724348
android.widget.TextView: Valero
android.widget.TextView: 1003 N FM-156 & King George Rd
android.widget.TextView: Ponder, TX
android.widget.TextView: 17.55 mi
android.widget.TableLayout@406461a0
android.widget.TableRow@4064e558
android.widget.RelativeLayout@4066f440
android.widget.RelativeLayout@40610ea8
android.widget.TextView: 3.49
android.widget.TextView: 9
android.widget.TextView: 9 hours ago
android.widget.TextView: Update
android.widget.RelativeLayout@405c5470
android.widget.ImageView@40708e60
android.widget.TextView: Phillips 66
android.widget.TextView: 1110 US-287 & Campbell Ln
android.widget.TextView: Sunset, TX
android.widget.TextView: 18.06 mi
android.widget.TableLayout@40744be0
android.widget.TableRow@406451d0
android.widget.RelativeLayout@40645850
android.widget.RelativeLayout@40645c28
android.widget.TextView: --
android.widget.TextView: 9
android.widget.TextView: time
android.widget.TextView: Report Price
android.widget.RelativeLayout@406377a0
android.widget.ImageView@40637b78
android.widget.TextView: Super Save
android.widget.TextView: 904 W 1st  St & Leuty Ave
android.widget.TextView: Justin, TX
android.widget.TextView: 19.38 mi
android.widget.TableLayout@4070b878
android.widget.TableRow@4070be48
android.widget.RelativeLayout@406028a0
android.widget.RelativeLayout@40602c78
android.widget.TextView: --
android.widget.TextView: 9
android.widget.TextView: time
android.widget.TextView: Report Price
android.widget.RelativeLayout@4074e570
android.widget.ImageView@4074e948
android.widget.TextView: Henderson Oil and Propane
android.widget.TextView: 401 N FM-156 & W 4th St
android.widget.TextView: Justin, TX
android.widget.TextView: 19.8 mi
android.widget.TableLayout@406822d0
android.widget.TableRow@40682770
android.widget.RelativeLayout@40682df0
android.widget.RelativeLayout@406831c8
android.widget.TextView: 3.09
android.widget.TextView: 9
android.widget.TextView: 3 hours ago
android.widget.TextView: Update
android.widget.RelativeLayout@4066e0d8
android.widget.ImageView@4066e4b0
android.widget.TextView: Valero
android.widget.TextView: 303 N FM-156 & W 3rd St
android.widget.TextView: Justin, TX
android.widget.TextView: 19.83 mi
android.widget.RelativeLayout@4070aee8
android.widget.FrameLayout@406c3da0
android.widget.RelativeLayout@405f3f80
android.widget.LinearLayout@405d09b8
android.view.View@406fdbe0
android.widget.RelativeLayout@4071b9a8
android.widget.TextView: Regular
android.view.View@406a4318
android.view.View@406fd820
android.widget.RelativeLayout@406a4528
android.widget.TextView: Midgrade
android.view.View@406b5850
android.view.View@406fd980
android.widget.RelativeLayout@406b5a40
android.widget.TextView: Premium
android.view.View@406db8d0
android.view.View@406fdab0
android.widget.RelativeLayout@406dbac0
android.widget.TextView: Diesel
android.view.View@406fa5f0
android.view.View@40700bd0
android.view.View@405df550
android.widget.LinearLayout@405e1628
android.widget.RelativeLayout@405e6f98
android.widget.ImageView@406b76a8
android.widget.TextView: Reload
android.widget.RelativeLayout@406b8c18
android.widget.ImageView@406b97a8
android.widget.TextView: Sort By Price
android.widget.RelativeLayout@406bad50
android.widget.ImageView@406acd10
android.widget.TextView: Map View
android.view.View@405affa0
gbis.gbandroid.views.layouts.CustomListView@406b43f0
android.widget.TableLayout@406822d0
android.widget.TableRow@40682770
android.widget.RelativeLayout@40682df0
android.widget.RelativeLayout@406831c8
android.widget.TextView: 3.09
android.widget.TextView: 9
android.widget.TextView: 3 hours ago
android.widget.TextView: Update
android.widget.RelativeLayout@4066e0d8
android.widget.ImageView@4066e4b0
android.widget.TextView: Valero
android.widget.TextView: 303 N FM-156 & W 3rd St
android.widget.TextView: Justin, TX
android.widget.TextView: 19.83 mi
android.widget.TableLayout@4057faa8
android.widget.TableRow@406e5d38
android.widget.RelativeLayout@406015a0
android.widget.RelativeLayout@40619f58
android.widget.TextView: 3.19
android.widget.TextView: 9
android.widget.TextView: 3 hours ago
android.widget.TextView: Update
android.widget.RelativeLayout@40620930
android.widget.ImageView@405b4450
android.widget.TextView: Texaco
android.widget.TextView: 24 S FM-156  & Barrett Dr
android.widget.TextView: Justin, TX
android.widget.TextView: 19.95 mi
android.widget.TableLayout@407e61f8
android.widget.TableRow@407e67c8
android.widget.RelativeLayout@407e6e48
android.widget.RelativeLayout@407e7220
android.widget.TextView: 3.79
android.widget.TextView: 9
android.widget.TextView: Mon 5:14 AM
android.widget.TextView: Update
android.widget.RelativeLayout@407e8a30
android.widget.ImageView@407e8e08
android.widget.TextView: Chevron
android.widget.TextView: 210 W McCart St & FM-156
android.widget.TextView: Krum, TX
android.widget.TextView: 19.95 mi
android.widget.TableLayout@407f6810
android.widget.TableRow@407f6de0
android.widget.RelativeLayout@407f7460
android.widget.RelativeLayout@407f7838
android.widget.TextView: --
android.widget.TextView: 9
android.widget.TextView: time
android.widget.TextView: Report Price
android.widget.RelativeLayout@407f9048
android.widget.ImageView@407f9420
android.widget.TextView: Fuel 4 Texas
android.widget.TextView: 100 S 1st St & FM-1173
android.widget.TextView: Krum, TX
android.widget.TextView: 19.97 mi
android.widget.TableLayout@407fcbb0
android.widget.TableRow@407fd180
android.widget.RelativeLayout@407fd800
android.widget.RelativeLayout@407fdbd8
android.widget.TextView: 3.19
android.widget.TextView: 9
android.widget.TextView: 8 hours ago
android.widget.TextView: Update
android.widget.RelativeLayout@407ff3e8
android.widget.ImageView@407ff7c0
android.widget.TextView: Valero
android.widget.TextView: 320 E SH-199 & Old Springtown Rd
android.widget.TextView: Springtown, TX
android.widget.TextView: 20.21 mi
android.widget.RelativeLayout@4070aee8
android.widget.FrameLayout@406c3da0
android.widget.RelativeLayout@405f3f80
android.widget.LinearLayout@405d09b8
android.view.View@406fdbe0
android.widget.RelativeLayout@4071b9a8
android.widget.TextView: Regular
android.view.View@406a4318
android.view.View@406fd820
android.widget.RelativeLayout@406a4528
android.widget.TextView: Midgrade
android.view.View@406b5850
android.view.View@406fd980
android.widget.RelativeLayout@406b5a40
android.widget.TextView: Premium
android.view.View@406db8d0
android.view.View@406fdab0
android.widget.RelativeLayout@406dbac0
android.widget.TextView: Diesel
android.view.View@406fa5f0
android.view.View@40700bd0
android.view.View@405df550
android.widget.LinearLayout@405e1628
android.widget.RelativeLayout@405e6f98
android.widget.ImageView@406b76a8
android.widget.TextView: Reload
android.widget.RelativeLayout@406b8c18
android.widget.ImageView@406b97a8
android.widget.TextView: Sort By Price
android.widget.RelativeLayout@406bad50
android.widget.ImageView@406acd10
android.widget.TextView: Map View
android.view.View@405affa0
gbis.gbandroid.views.layouts.CustomListView@406b43f0
android.widget.TableLayout@4057faa8
android.widget.TableRow@406e5d38
android.widget.RelativeLayout@406015a0
android.widget.RelativeLayout@40619f58
android.widget.TextView: 3.19
android.widget.TextView: 9
android.widget.TextView: 3 hours ago
android.widget.TextView: Update
android.widget.RelativeLayout@40620930
android.widget.ImageView@405b4450
android.widget.TextView: Texaco
android.widget.TextView: 24 S FM-156  & Barrett Dr
android.widget.TextView: Justin, TX
android.widget.TextView: 19.95 mi
android.widget.TableLayout@407e61f8
android.widget.TableRow@407e67c8
android.widget.RelativeLayout@407e6e48
android.widget.RelativeLayout@407e7220
android.widget.TextView: 3.79
android.widget.TextView: 9
android.widget.TextView: Mon 5:14 AM
android.widget.TextView: Update
android.widget.RelativeLayout@407e8a30
android.widget.ImageView@407e8e08
android.widget.TextView: Chevron
android.widget.TextView: 210 W McCart St & FM-156
android.widget.TextView: Krum, TX
android.widget.TextView: 19.95 mi
android.widget.TableLayout@407f6810
android.widget.TableRow@407f6de0
android.widget.RelativeLayout@407f7460
android.widget.RelativeLayout@407f7838
android.widget.TextView: --
android.widget.TextView: 9
android.widget.TextView: time
android.widget.TextView: Report Price
android.widget.RelativeLayout@407f9048
android.widget.ImageView@407f9420
android.widget.TextView: Fuel 4 Texas
android.widget.TextView: 100 S 1st St & FM-1173
android.widget.TextView: Krum, TX
android.widget.TextView: 19.97 mi
android.widget.TableLayout@407fcbb0
android.widget.TableRow@407fd180
android.widget.RelativeLayout@407fd800
android.widget.RelativeLayout@407fdbd8
android.widget.TextView: 3.19
android.widget.TextView: 9
android.widget.TextView: 8 hours ago
android.widget.TextView: Update
android.widget.RelativeLayout@407ff3e8
android.widget.ImageView@407ff7c0
android.widget.TextView: Valero
android.widget.TextView: 320 E SH-199 & Old Springtown Rd
android.widget.TextView: Springtown, TX
android.widget.TextView: 20.21 mi
android.widget.TableLayout@4070b878
android.widget.TableRow@4070be48
android.widget.RelativeLayout@406028a0
android.widget.RelativeLayout@40602c78
android.widget.TextView: 3.19
android.widget.TextView: 9
android.widget.TextView: 8 hours ago
android.widget.TextView: Update
android.widget.RelativeLayout@4074e570
android.widget.ImageView@4074e948
android.widget.TextView: Shell
android.widget.TextView: 100 W SH-199 & FM-51
android.widget.TextView: Springtown, TX
android.widget.TextView: 20.22 mi
android.widget.RelativeLayout@4070aee8
