android.widget.FrameLayout@4056e938
android.widget.TabHost@40585b48
android.widget.LinearLayout@4056cd90
android.widget.LinearLayout@4056d168
android.widget.LinearLayout@4063b2c8
android.widget.ImageView@406235e8
android.widget.ImageButton@40623738
android.widget.TextView: Nearest Stations
android.widget.ImageButton@4066e910
android.widget.ProgressBar@4066f6d8
android.widget.ImageButton@40583278
android.widget.TabWidget@40565700
android.widget.LinearLayout@40639518
android.widget.ImageView@40577d90
android.widget.TextView: METRO RAIL
android.widget.LinearLayout@4056fbc0
android.widget.ImageView@40626b60
android.widget.TextView: METRO BUS
android.widget.FrameLayout@4056b2d8
android.view.View@405936d8
android.widget.ImageView@40628870
android.widget.TextView: Approx Address (within 0.0 meters)
4650 Clark Pl NW
Washington, District of Columbia 20007
android.widget.ImageView@40638d18
com.jazzmoonstudio.android.common.view.CustomViewPager@40637cd8
android.support.v4.app.y@405549e8
android.widget.LinearLayout@40611688
android.widget.TextView: Your search turned up no results. Either you're too far away or your GPS isn't reporting propertly. Try adjusting the distance setting by pressing menu->settings.
android.widget.ListView@40612188
android.support.v4.app.y@4056c080
android.widget.LinearLayout@40555428
android.widget.TextView: Your search turned up no results. Either you're too far away or your GPS isn't reporting propertly. Try adjusting the distance setting by pressing menu->settings.
android.widget.ListView@40572510
android.widget.FrameLayout@40607320
com.millennialmedia.android.MMAdView@406075e0
android.webkit.WebView@4061b5e0
android.widget.FrameLayout@4056e938
android.widget.TabHost@40585b48
android.widget.LinearLayout@4056cd90
android.widget.LinearLayout@4056d168
android.widget.LinearLayout@4063b2c8
android.widget.ImageView@406235e8
android.widget.ImageButton@40623738
android.widget.TextView: Nearest Stations
android.widget.ImageButton@4066e910
android.widget.ProgressBar@4066f6d8
android.widget.ImageButton@40583278
android.widget.TabWidget@40565700
android.widget.LinearLayout@40639518
android.widget.ImageView@40577d90
android.widget.TextView: METRO RAIL
android.widget.LinearLayout@4056fbc0
android.widget.ImageView@40626b60
android.widget.TextView: METRO BUS
android.widget.FrameLayout@4056b2d8
android.view.View@405936d8
android.widget.ImageView@40628870
android.widget.TextView: Approx Address (within 0.0 meters)
4650 Clark Pl NW
Washington, District of Columbia 20007
android.widget.ImageView@40638d18
com.jazzmoonstudio.android.common.view.CustomViewPager@40637cd8
android.support.v4.app.y@405549e8
android.widget.LinearLayout@40611688
android.widget.TextView: Your search turned up no results. Either you're too far away or your GPS isn't reporting propertly. Try adjusting the distance setting by pressing menu->settings.
android.widget.ListView@40612188
android.support.v4.app.y@4056c080
android.widget.LinearLayout@40555428
android.widget.TextView: Your search turned up no results. Either you're too far away or your GPS isn't reporting propertly. Try adjusting the distance setting by pressing menu->settings.
android.widget.ListView@40572510
com.jazzmoonstudio.android.common.view.MetroStationListItemView@40590270
android.widget.TextView: MACARTHUR BLVD NW + Q ST NW
android.widget.TextView: Approx: 0.32 mi.
android.widget.TextView: Stop ID: 1001408
Lines: D5,D6
com.jazzmoonstudio.android.common.view.DontPressWithParentImageView@40591580
com.jazzmoonstudio.android.common.view.MetroStationListItemView@405e5ab8
android.widget.TextView: MACARTHUR BLVD NW + 47TH PL NW
android.widget.TextView: Approx: 0.4 mi.
android.widget.TextView: Stop ID: 1001573
Lines: D5,D6,D6v1
com.jazzmoonstudio.android.common.view.DontPressWithParentImageView@405e6dd0
com.jazzmoonstudio.android.common.view.MetroStationListItemView@405e7a88
android.widget.TextView: MACARTHUR BLVD NW + Q ST NW
android.widget.TextView: Approx: 0.41 mi.
android.widget.TextView: Stop ID: 1001409
Lines: D5,D6,D6v1
com.jazzmoonstudio.android.common.view.DontPressWithParentImageView@405e8da0
android.widget.FrameLayout@40607320
com.millennialmedia.android.MMAdView@406075e0
android.webkit.WebView@4061b5e0
android.widget.FrameLayout@4056e938
android.widget.TabHost@40585b48
android.widget.LinearLayout@4056cd90
android.widget.LinearLayout@4056d168
android.widget.LinearLayout@4063b2c8
android.widget.ImageView@406235e8
android.widget.ImageButton@40623738
android.widget.TextView: Nearest Stations
android.widget.ImageButton@4066e910
android.widget.ProgressBar@4066f6d8
android.widget.ImageButton@40583278
android.widget.TabWidget@40565700
android.widget.LinearLayout@40639518
android.widget.ImageView@40577d90
android.widget.TextView: METRO RAIL
android.widget.LinearLayout@4056fbc0
android.widget.ImageView@40626b60
android.widget.TextView: METRO BUS
android.widget.FrameLayout@4056b2d8
android.view.View@405936d8
android.widget.ImageView@40628870
android.widget.TextView: Approx Address (within 0.0 meters)
4650 Clark Pl NW
Washington, District of Columbia 20007
android.widget.ImageView@40638d18
com.jazzmoonstudio.android.common.view.CustomViewPager@40637cd8
android.support.v4.app.y@405549e8
android.widget.LinearLayout@40611688
android.widget.TextView: Your search turned up no results. Either you're too far away or your GPS isn't reporting propertly. Try adjusting the distance setting by pressing menu->settings.
android.widget.ListView@40612188
android.support.v4.app.y@4056c080
android.widget.LinearLayout@40555428
android.widget.TextView: Your search turned up no results. Either you're too far away or your GPS isn't reporting propertly. Try adjusting the distance setting by pressing menu->settings.
android.widget.ListView@40572510
com.jazzmoonstudio.android.common.view.MetroStationListItemView@405e5ab8
android.widget.TextView: MACARTHUR BLVD NW + 47TH PL NW
android.widget.TextView: Approx: 0.4 mi.
android.widget.TextView: Stop ID: 1001573
Lines: D5,D6,D6v1
com.jazzmoonstudio.android.common.view.DontPressWithParentImageView@405e6dd0
com.jazzmoonstudio.android.common.view.MetroStationListItemView@405e7a88
android.widget.TextView: MACARTHUR BLVD NW + Q ST NW
android.widget.TextView: Approx: 0.41 mi.
android.widget.TextView: Stop ID: 1001409
Lines: D5,D6,D6v1
com.jazzmoonstudio.android.common.view.DontPressWithParentImageView@405e8da0
com.jazzmoonstudio.android.common.view.MetroStationListItemView@4058b108
android.widget.TextView: Q ST NW + MAC ARTHUR BLVD NW
android.widget.TextView: Approx: 0.44 mi.
android.widget.TextView: Stop ID: 1001432
Lines: D6
com.jazzmoonstudio.android.common.view.DontPressWithParentImageView@4058ccc0
android.widget.FrameLayout@40607320
com.millennialmedia.android.MMAdView@406075e0
android.webkit.WebView@4061b5e0
