android.widget.LinearLayout@40572d28
android.widget.FrameLayout@40573510
android.widget.TextView: Restaurant Finder
android.widget.FrameLayout@405744f8
android.widget.RelativeLayout@405749b0
android.widget.TextView: Loading my location...
android.widget.TextView: No contents.
android.widget.LinearLayout@405758a0
com.google.ads.AdView@40577bf8
g@4057a088
android.widget.ListView@40575b70
android.widget.LinearLayout@405a0e00
android.widget.LinearLayout@405a1018
android.widget.TextView: McDonald's
android.widget.LinearLayout@40572ed0
android.widget.TextView: (410) 488-2163
android.widget.TextView: 11.71 Km
android.widget.TextView: 5713 Belair Road Baltimore, MD
android.widget.LinearLayout@40586f98
android.widget.LinearLayout@40587190
android.widget.TextView: Hazelwood Inn
android.widget.LinearLayout@405a84e8
android.widget.TextView: (410) 866-3116
android.widget.TextView: 12.5 Km
android.widget.TextView: 4937 Hazelwood Avenue Baltimore, MD
android.widget.LinearLayout@4056ea88
android.widget.LinearLayout@4056f508
android.widget.TextView: Perry's Pizzeria
android.widget.LinearLayout@405ab2f8
android.widget.TextView: (410) 866-7827
android.widget.TextView: 12.51 Km
android.widget.TextView: 4918 Hazelwood Avenue Baltimore, MD
android.widget.LinearLayout@4052d490
android.widget.LinearLayout@40544338
android.widget.TextView: Arlon's
android.widget.LinearLayout@4052cbc8
android.widget.TextView: (410) 866-6060
android.widget.TextView: 12.51 Km
android.widget.TextView: 4918 Hazelwood Avenue Baltimore, MD
android.widget.LinearLayout@4052bb08
android.widget.LinearLayout@40570de8
android.widget.TextView: Pat's Pizza
android.widget.LinearLayout@40588d10
android.widget.TextView: (410) 866-5111
android.widget.TextView: 13.65 Km
android.widget.TextView: 6301 Kenwood Avenue Rosedale, MD
