android.widget.FrameLayout@40589480
android.widget.LinearLayout@40589f30
android.widget.FrameLayout@4058a1e0
android.widget.ImageView@4058a490
android.widget.RelativeLayout@4058a928
android.widget.ImageButton@4058af38
android.widget.EditText: 
android.widget.Button: Map
android.widget.RelativeLayout@4058e5e8
android.widget.EditText: 
android.widget.Button: Cancel
android.widget.RelativeLayout@405909f8
android.widget.LinearLayout@40590da0
android.widget.TextView: Locations
com.google.android.maps.MapView@40592598
android.widget.LinearLayout@40537cd8
android.widget.TextView: Locations
android.widget.ScrollView@40525990
android.widget.TableLayout@40574228
android.widget.TableRow@4062a688
android.widget.TextView: No search results found
android.widget.FrameLayout@40560d50
android.widget.ImageView@40548c48
android.widget.Button: Filter
android.widget.LinearLayout@40558348
android.widget.FrameLayout@4060a600
android.widget.ImageView@4055fc88
android.widget.Button: Filter
android.widget.FrameLayout@40613660
android.widget.Button: Done
android.widget.FrameLayout@406190d8
android.widget.ImageView@40577588
android.widget.TextView: Stores
android.widget.ImageView@40579cf8
android.widget.FrameLayout@4061b958
android.widget.ImageView@405ba2c0
android.widget.TextView: ATMs
android.widget.ImageView@40618058
