android.widget.FrameLayout@4065ecb8
android.widget.RelativeLayout@4065f798
android.widget.LinearLayout@4065fd08
android.widget.LinearLayout@40660278
android.widget.LinearLayout@40661128
android.widget.RelativeLayout@40663970
android.widget.LinearLayout@40663f28
android.widget.LinearLayout@40664450
android.widget.ImageView@40664d90
android.widget.TextView: Local Listings
android.widget.RelativeLayout@40679f40
android.widget.Button: Map
android.widget.ViewFlipper@4067aa20
android.widget.FrameLayout@40551b50
android.widget.RelativeLayout@405f3910
android.widget.TextView: Pharmacy Results
android.widget.LinearLayout@406192e0
android.widget.ProgressBar@405f3fa8
android.widget.ListView@405f34e8
android.widget.RelativeLayout@4066d890
android.widget.ImageView@4066dc78
android.widget.TextView: Walmart Pharmacy #421
android.widget.TextView: 800 S US Hwy 81287
android.widget.TextView: Decatur,TX 76234
android.widget.TextView: 0.9Miles
android.widget.RelativeLayout@4053def0
android.widget.ImageView@4056ad10
android.widget.TextView: S And J Pharmacy
android.widget.TextView: 1101 W Eagle Dr Ste 
android.widget.TextView: Decatur,TX 76234
android.widget.TextView: 2.1Miles
android.widget.RelativeLayout@406df050
android.widget.ImageView@405d4ea0
android.widget.TextView: Solaris Pharmacy
android.widget.TextView: 2300 S Fm 51
android.widget.TextView: Decatur,TX 76234
android.widget.TextView: 2.3Miles
android.widget.RelativeLayout@406ddf30
android.widget.ImageView@406e8838
android.widget.TextView: Renshaw Drug
android.widget.TextView: 800 Medical Center D
android.widget.TextView: Decatur,TX 76234
android.widget.TextView: 3.3Miles
android.widget.LinearLayout@4060b088
android.widget.Button: Sort
android.widget.RelativeLayout@405faa78
com.google.android.maps.MapView@405afb08
android.widget.FrameLayout@4065ecb8
android.widget.RelativeLayout@4065f798
android.widget.LinearLayout@4065fd08
android.widget.LinearLayout@40660278
android.widget.LinearLayout@40661128
android.widget.RelativeLayout@40663970
android.widget.LinearLayout@40663f28
android.widget.LinearLayout@40664450
android.widget.ImageView@40664d90
android.widget.TextView: Local Listings
android.widget.RelativeLayout@40679f40
android.widget.Button: Map
android.widget.ViewFlipper@4067aa20
android.widget.FrameLayout@40551b50
android.widget.RelativeLayout@405f3910
android.widget.TextView: Pharmacy Results
android.widget.LinearLayout@406192e0
android.widget.ProgressBar@405f3fa8
android.widget.ListView@405f34e8
android.widget.RelativeLayout@406ddf30
android.widget.ImageView@406e8838
android.widget.TextView: Renshaw Drug
android.widget.TextView: 800 Medical Center D
android.widget.TextView: Decatur,TX 76234
android.widget.TextView: 3.3Miles
android.widget.RelativeLayout@40566e08
android.widget.ImageView@4058a798
android.widget.TextView: Wise Regional Health Sys Phcy
android.widget.TextView: 609 Medical Center D
android.widget.TextView: Decatur,TX 76234
android.widget.TextView: 3.3Miles
android.widget.RelativeLayout@4057a338
android.widget.ImageView@405c9500
android.widget.TextView: Rhome Pharmacy
android.widget.TextView: 450 S Main St
android.widget.TextView: Rhome,TX 76078
android.widget.TextView: 7.1Miles
android.widget.RelativeLayout@40605388
android.widget.ImageView@406055e8
android.widget.TextView: IGA Medicine Store
android.widget.TextView: 200 W Rock Island Av
android.widget.TextView: Boyd,TX 76023
android.widget.TextView: 10.6Mile
android.widget.LinearLayout@4060b088
android.widget.Button: Sort
android.widget.RelativeLayout@405faa78
com.google.android.maps.MapView@405afb08
android.widget.FrameLayout@4065ecb8
android.widget.RelativeLayout@4065f798
android.widget.LinearLayout@4065fd08
android.widget.LinearLayout@40660278
android.widget.LinearLayout@40661128
android.widget.RelativeLayout@40663970
android.widget.LinearLayout@40663f28
android.widget.LinearLayout@40664450
android.widget.ImageView@40664d90
android.widget.TextView: Local Listings
android.widget.RelativeLayout@40679f40
android.widget.Button: Map
android.widget.ViewFlipper@4067aa20
android.widget.FrameLayout@40551b50
android.widget.RelativeLayout@405f3910
android.widget.TextView: Pharmacy Results
android.widget.LinearLayout@406192e0
android.widget.ProgressBar@405f3fa8
android.widget.ListView@405f34e8
android.widget.RelativeLayout@40605388
android.widget.ImageView@406055e8
android.widget.TextView: IGA Medicine Store
android.widget.TextView: 200 W Rock Island Av
android.widget.TextView: Boyd,TX 76023
android.widget.TextView: 10.6Mile
android.widget.RelativeLayout@4066d890
android.widget.ImageView@4066dc78
android.widget.TextView: Valu-Rite Pharmacy
android.widget.TextView: 709 Woodrow Wilson R
android.widget.TextView: Bridgeport,TX 76426
android.widget.TextView: 12.2Mile
android.widget.RelativeLayout@4053def0
android.widget.ImageView@4056ad10
android.widget.TextView: Brookshire's Pharmacy # 5
android.widget.TextView: 1203 US Highway 380
android.widget.TextView: Bridgeport,TX 76426
android.widget.TextView: 14.8Mile
android.widget.RelativeLayout@406df050
android.widget.ImageView@405d4ea0
android.widget.TextView: Justin Pharmacy
android.widget.TextView: 120 W 4th St
android.widget.TextView: Justin,TX 76247
android.widget.TextView: 16.5Mile
android.widget.LinearLayout@4060b088
android.widget.Button: Sort
android.widget.RelativeLayout@405faa78
com.google.android.maps.MapView@405afb08
android.widget.FrameLayout@4065ecb8
android.widget.RelativeLayout@4065f798
android.widget.LinearLayout@4065fd08
android.widget.LinearLayout@40660278
android.widget.LinearLayout@40661128
android.widget.RelativeLayout@40663970
android.widget.LinearLayout@40663f28
android.widget.LinearLayout@40664450
android.widget.ImageView@40664d90
android.widget.TextView: Local Listings
android.widget.RelativeLayout@40679f40
android.widget.Button: Map
android.widget.ViewFlipper@4067aa20
android.widget.FrameLayout@40551b50
android.widget.RelativeLayout@405f3910
android.widget.TextView: Pharmacy Results
android.widget.LinearLayout@406192e0
android.widget.ProgressBar@405f3fa8
android.widget.ListView@405f34e8
android.widget.RelativeLayout@406df050
android.widget.ImageView@405d4ea0
android.widget.TextView: Justin Pharmacy
android.widget.TextView: 120 W 4th St
android.widget.TextView: Justin,TX 76247
android.widget.TextView: 16.5Mile
android.widget.RelativeLayout@406ddf30
android.widget.ImageView@406e8838
android.widget.TextView: S & J Pharmacy
android.widget.TextView: 900 E McCart St Ste 
android.widget.TextView: Krum,TX 76249
android.widget.TextView: 18.9Mile
android.widget.RelativeLayout@40566e08
android.widget.ImageView@4058a798
android.widget.TextView: Springtown Drug
android.widget.TextView: 117 E 1st St
android.widget.TextView: Springtown,TX 76082
android.widget.TextView: 19.5Mile
android.widget.RelativeLayout@4057a338
android.widget.ImageView@405c9500
android.widget.TextView: Brookshire's Pharmacy #126
android.widget.TextView: 500 E Highway 199
android.widget.TextView: Springtown,TX 76082
android.widget.TextView: 21.2Mile
android.widget.LinearLayout@4060b088
android.widget.Button: Sort
android.widget.RelativeLayout@405faa78
com.google.android.maps.MapView@405afb08
android.widget.FrameLayout@4065ecb8
android.widget.RelativeLayout@4065f798
android.widget.LinearLayout@4065fd08
android.widget.LinearLayout@40660278
android.widget.LinearLayout@40661128
android.widget.RelativeLayout@40663970
android.widget.LinearLayout@40663f28
android.widget.LinearLayout@40664450
android.widget.ImageView@40664d90
android.widget.TextView: Local Listings
android.widget.RelativeLayout@40679f40
android.widget.Button: Map
android.widget.ViewFlipper@4067aa20
android.widget.FrameLayout@40551b50
android.widget.RelativeLayout@405f3910
android.widget.TextView: Pharmacy Results
android.widget.LinearLayout@406192e0
android.widget.ProgressBar@405f3fa8
android.widget.ListView@405f34e8
android.widget.RelativeLayout@4057a338
android.widget.ImageView@405c9500
android.widget.TextView: Brookshire's Pharmacy #126
android.widget.TextView: 500 E Highway 199
android.widget.TextView: Springtown,TX 76082
android.widget.TextView: 21.2Mile
android.widget.RelativeLayout@40605388
android.widget.ImageView@406055e8
android.widget.TextView: Walgreens Pharmacy #9500
android.widget.TextView: 705 Boyd Rd
android.widget.TextView: Azle,TX 76020
android.widget.TextView: 22.5Mile
android.widget.RelativeLayout@4066d890
android.widget.ImageView@4066dc78
android.widget.TextView: Walmart Pharmacy #5359
android.widget.TextView: 721 Boyd Rd
android.widget.TextView: Azle,TX 76020
android.widget.TextView: 22.5Mile
android.widget.RelativeLayout@4053def0
android.widget.ImageView@4056ad10
android.widget.TextView: Albertson's Pharmacy #4290
android.widget.TextView: 480 Northwest Pkwy
android.widget.TextView: Azle,TX 76020
android.widget.TextView: 22.8Mile
android.widget.LinearLayout@4060b088
android.widget.Button: Sort
android.widget.RelativeLayout@405faa78
com.google.android.maps.MapView@405afb08
android.widget.FrameLayout@4065ecb8
android.widget.RelativeLayout@4065f798
android.widget.LinearLayout@4065fd08
android.widget.LinearLayout@40660278
android.widget.LinearLayout@40661128
android.widget.RelativeLayout@40663970
android.widget.LinearLayout@40663f28
android.widget.LinearLayout@40664450
android.widget.ImageView@40664d90
android.widget.TextView: Local Listings
android.widget.RelativeLayout@40679f40
android.widget.Button: Map
android.widget.ViewFlipper@4067aa20
android.widget.FrameLayout@40551b50
android.widget.RelativeLayout@405f3910
android.widget.TextView: Pharmacy Results
android.widget.LinearLayout@406192e0
android.widget.ProgressBar@405f3fa8
android.widget.ListView@405f34e8
android.widget.RelativeLayout@4053def0
android.widget.ImageView@4056ad10
android.widget.TextView: Albertson's Pharmacy #4290
android.widget.TextView: 480 Northwest Pkwy
android.widget.TextView: Azle,TX 76020
android.widget.TextView: 22.8Mile
android.widget.RelativeLayout@406df050
android.widget.ImageView@405d4ea0
android.widget.TextView: CVS Pharmacy #7467
android.widget.TextView: 460 Northwest Pkwy
android.widget.TextView: Azle,TX 76020
android.widget.TextView: 22.9Mile
android.widget.RelativeLayout@406ddf30
android.widget.ImageView@406e8838
android.widget.TextView: Doyle Pharmacy
android.widget.TextView: 2509 Scripture St
android.widget.TextView: Denton,TX 76201
android.widget.TextView: 23.0Mile
android.widget.RelativeLayout@40566e08
android.widget.ImageView@4058a798
android.widget.TextView: Walmart Pharmacy #4627
android.widget.TextView: 2750 W University Dr
android.widget.TextView: Denton,TX 76201
android.widget.TextView: 23.0Mile
android.widget.LinearLayout@4060b088
android.widget.Button: Sort
android.widget.RelativeLayout@405faa78
com.google.android.maps.MapView@405afb08
android.widget.FrameLayout@4065ecb8
android.widget.RelativeLayout@4065f798
android.widget.LinearLayout@4065fd08
android.widget.LinearLayout@40660278
android.widget.LinearLayout@40661128
android.widget.RelativeLayout@40663970
android.widget.LinearLayout@40663f28
android.widget.LinearLayout@40664450
android.widget.ImageView@40664d90
android.widget.TextView: Local Listings
android.widget.RelativeLayout@40679f40
android.widget.Button: Map
android.widget.ViewFlipper@4067aa20
android.widget.FrameLayout@40551b50
android.widget.RelativeLayout@405f3910
android.widget.TextView: Pharmacy Results
android.widget.LinearLayout@406192e0
android.widget.ProgressBar@405f3fa8
android.widget.ListView@405f34e8
android.widget.RelativeLayout@40566e08
android.widget.ImageView@4058a798
android.widget.TextView: Walmart Pharmacy #4627
android.widget.TextView: 2750 W University Dr
android.widget.TextView: Denton,TX 76201
android.widget.TextView: 23.0Mile
android.widget.RelativeLayout@4057a338
android.widget.ImageView@405c9500
android.widget.TextView: Denton Prescription Shop
android.widget.TextView: 2501 W Oak St
android.widget.TextView: Denton,TX 76201
android.widget.TextView: 23.1Mile
android.widget.RelativeLayout@40605388
android.widget.ImageView@406055e8
android.widget.TextView: Denton Presby Hospital Phcy
android.widget.TextView: 3000 N Interstate 35
android.widget.TextView: Denton,TX 76201
android.widget.TextView: 23.2Mile
android.widget.RelativeLayout@4066d890
android.widget.ImageView@4066dc78
android.widget.TextView: Presbyterian Hospital Pharmacy
android.widget.TextView: 3000 N Interstate 35
android.widget.TextView: Denton,TX 76201
android.widget.TextView: 23.2Mile
android.widget.LinearLayout@4060b088
android.widget.Button: Sort
android.widget.RelativeLayout@405faa78
com.google.android.maps.MapView@405afb08
android.widget.FrameLayout@4065ecb8
android.widget.RelativeLayout@4065f798
android.widget.LinearLayout@4065fd08
android.widget.LinearLayout@40660278
android.widget.LinearLayout@40661128
android.widget.RelativeLayout@40663970
android.widget.LinearLayout@40663f28
android.widget.LinearLayout@40664450
android.widget.ImageView@40664d90
android.widget.TextView: Local Listings
android.widget.RelativeLayout@40679f40
android.widget.Button: Map
android.widget.ViewFlipper@4067aa20
android.widget.FrameLayout@40551b50
android.widget.RelativeLayout@405f3910
android.widget.TextView: Pharmacy Results
android.widget.LinearLayout@406192e0
android.widget.ProgressBar@405f3fa8
android.widget.ListView@405f34e8
android.widget.RelativeLayout@4066d890
android.widget.ImageView@4066dc78
android.widget.TextView: Presbyterian Hospital Pharmacy
android.widget.TextView: 3000 N Interstate 35
android.widget.TextView: Denton,TX 76201
android.widget.TextView: 23.2Mile
android.widget.RelativeLayout@4053def0
android.widget.ImageView@4056ad10
android.widget.TextView: Albertsons Savon Pharmacy #4152
android.widget.TextView: 2321 W University Dr
android.widget.TextView: Denton,TX 76201
android.widget.TextView: 23.3Mile
android.widget.RelativeLayout@406df050
android.widget.ImageView@405d4ea0
android.widget.TextView: Brookshire's Pharmacy #125
android.widget.TextView: 511 N Stewart St
android.widget.TextView: Azle,TX 76020
android.widget.TextView: 23.3Mile
android.widget.RelativeLayout@406ddf30
android.widget.ImageView@406e8838
android.widget.TextView: Murr's Medicine Chest
android.widget.TextView: 232 W Main St
android.widget.TextView: Azle,TX 76020
android.widget.TextView: 23.4Mile
android.widget.LinearLayout@4060b088
android.widget.Button: Sort
android.widget.RelativeLayout@405faa78
com.google.android.maps.MapView@405afb08
android.widget.FrameLayout@4065ecb8
android.widget.RelativeLayout@4065f798
android.widget.LinearLayout@4065fd08
android.widget.LinearLayout@40660278
android.widget.LinearLayout@40661128
android.widget.RelativeLayout@40663970
android.widget.LinearLayout@40663f28
android.widget.LinearLayout@40664450
android.widget.ImageView@40664d90
android.widget.TextView: Local Listings
android.widget.RelativeLayout@40679f40
android.widget.Button: Map
android.widget.ViewFlipper@4067aa20
android.widget.FrameLayout@40551b50
android.widget.RelativeLayout@405f3910
android.widget.TextView: Pharmacy Results
android.widget.LinearLayout@406192e0
android.widget.ProgressBar@405f3fa8
android.widget.ListView@405f34e8
android.widget.RelativeLayout@406ddf30
android.widget.ImageView@406e8838
android.widget.TextView: Murr's Medicine Chest
android.widget.TextView: 232 W Main St
android.widget.TextView: Azle,TX 76020
android.widget.TextView: 23.4Mile
android.widget.RelativeLayout@40566e08
android.widget.ImageView@4058a798
android.widget.TextView: TX Health Harris Methodist Azle
android.widget.TextView: 108 Denver Trl
android.widget.TextView: Azle,TX 76020
android.widget.TextView: 24.1Mile
android.widget.RelativeLayout@4057a338
android.widget.ImageView@405c9500
android.widget.TextView: University Of North Texas Phcy
android.widget.TextView: 1800 W Chestnut St
android.widget.TextView: Denton,TX 76201
android.widget.TextView: 24.2Mile
android.widget.RelativeLayout@40605388
android.widget.ImageView@406055e8
android.widget.TextView: S & J Pharmacy
android.widget.TextView: 801 W Chapman Dr
android.widget.TextView: Sanger,TX 76266
android.widget.TextView: 24.3Mile
android.widget.LinearLayout@4060b088
android.widget.Button: Sort
android.widget.RelativeLayout@405faa78
com.google.android.maps.MapView@405afb08
android.widget.FrameLayout@4065ecb8
android.widget.RelativeLayout@4065f798
android.widget.LinearLayout@4065fd08
android.widget.LinearLayout@40660278
android.widget.LinearLayout@40661128
android.widget.RelativeLayout@40663970
android.widget.LinearLayout@40663f28
android.widget.LinearLayout@40664450
android.widget.ImageView@40664d90
android.widget.TextView: Local Listings
android.widget.RelativeLayout@40679f40
android.widget.Button: Map
android.widget.ViewFlipper@4067aa20
android.widget.FrameLayout@40551b50
android.widget.RelativeLayout@405f3910
android.widget.TextView: Pharmacy Results
android.widget.LinearLayout@406192e0
android.widget.ProgressBar@405f3fa8
android.widget.ListView@405f34e8
android.widget.RelativeLayout@40605388
android.widget.ImageView@406055e8
android.widget.TextView: S & J Pharmacy
android.widget.TextView: 801 W Chapman Dr
android.widget.TextView: Sanger,TX 76266
android.widget.TextView: 24.3Mile
android.widget.RelativeLayout@4066d890
android.widget.ImageView@4066dc78
android.widget.TextView: Drug Emporium Pharmacy #101
android.widget.TextView: 824 W University Dr
android.widget.TextView: Denton,TX 76201
android.widget.TextView: 24.5Mile
android.widget.RelativeLayout@4053def0
android.widget.ImageView@4056ad10
android.widget.TextView: Kroger Pharmacy #493
android.widget.TextView: 500 W University Dr
android.widget.TextView: Denton,TX 76201
android.widget.TextView: 24.7Mile
android.widget.RelativeLayout@406df050
android.widget.ImageView@405d4ea0
android.widget.TextView: CVS Pharmacy #6856
android.widget.TextView: 116 W University Dr
android.widget.TextView: Denton,TX 76201
android.widget.TextView: 24.9Mile
android.widget.LinearLayout@4060b088
android.widget.Button: Sort
android.widget.RelativeLayout@405faa78
com.google.android.maps.MapView@405afb08
android.widget.FrameLayout@4065ecb8
android.widget.RelativeLayout@4065f798
android.widget.LinearLayout@4065fd08
android.widget.LinearLayout@40660278
android.widget.LinearLayout@40661128
android.widget.RelativeLayout@40663970
android.widget.LinearLayout@40663f28
android.widget.LinearLayout@40664450
android.widget.ImageView@40664d90
android.widget.TextView: Local Listings
android.widget.RelativeLayout@40679f40
android.widget.Button: Map
android.widget.ViewFlipper@4067aa20
android.widget.FrameLayout@40551b50
android.widget.RelativeLayout@405f3910
android.widget.TextView: Pharmacy Results
android.widget.LinearLayout@406192e0
android.widget.ProgressBar@405f3fa8
android.widget.ListView@405f34e8
android.widget.RelativeLayout@4053def0
android.widget.ImageView@4056ad10
android.widget.TextView: Kroger Pharmacy #493
android.widget.TextView: 500 W University Dr
android.widget.TextView: Denton,TX 76201
android.widget.TextView: 24.7Mile
android.widget.RelativeLayout@406df050
android.widget.ImageView@405d4ea0
android.widget.TextView: CVS Pharmacy #6856
android.widget.TextView: 116 W University Dr
android.widget.TextView: Denton,TX 76201
android.widget.TextView: 24.9Mile
android.widget.RelativeLayout@406ddf30
android.widget.ImageView@406e8838
android.widget.TextView: Walgreens Pharmacy #5161
android.widget.TextView: 101 W University Dr
android.widget.TextView: Denton,TX 76201
android.widget.TextView: 24.9Mile
android.widget.RelativeLayout@40566e08
android.widget.ImageView@4058a798
android.widget.TextView: Walmart Pharmacy #5247
android.widget.TextView: 1228 N Highway 377
android.widget.TextView: Roanoke,TX 76262
android.widget.TextView: 24.9Mile
android.widget.LinearLayout@4060b088
android.widget.Button: Sort
android.widget.RelativeLayout@405faa78
com.google.android.maps.MapView@405afb08
