android.widget.LinearLayout@405736b0
android.widget.FrameLayout@40573e98
android.widget.TextView: Restaurant Finder
android.widget.FrameLayout@40574e80
android.widget.RelativeLayout@40575338
android.widget.TextView: Loading my location...
android.widget.TextView: No contents.
android.widget.LinearLayout@40576228
com.google.ads.AdView@40578580
g@4057aa10
android.widget.ListView@405764f8
android.widget.LinearLayout@40591570
android.widget.LinearLayout@40510e08
android.widget.TextView: Forest Park Grill
android.widget.LinearLayout@40556ff8
android.widget.TextView: (410) 448-0705
android.widget.TextView: 0.8 Km
android.widget.TextView: 2900 Hillsdale Road Baltimore, MD
android.widget.LinearLayout@405a0b90
android.widget.LinearLayout@406336c8
android.widget.TextView: New York Fried Chicken
android.widget.LinearLayout@40632ea0
android.widget.TextView: (443) 200-5712
android.widget.TextView: 1.12 Km
android.widget.TextView: 2012 North Forest Park Avenue Baltimore, MD
android.widget.LinearLayout@40581638
android.widget.LinearLayout@40591818
android.widget.TextView: Crab Shack
android.widget.LinearLayout@4058ee30
android.widget.TextView: (410) 944-1535
android.widget.TextView: 1.27 Km
android.widget.TextView: 6324 Windsor Mill Road Baltimore, MD
android.widget.LinearLayout@40596f00
android.widget.LinearLayout@40544bb0
android.widget.TextView: Tanya's Pizzeria
android.widget.LinearLayout@4052d4e8
android.widget.TextView: (410) 597-8111
android.widget.TextView: 1.3 Km
android.widget.TextView: 6325 Windsor Mill Road Baltimore, MD
android.widget.LinearLayout@405af848
android.widget.LinearLayout@40629248
android.widget.TextView: New York Fried Chicken
android.widget.LinearLayout@4058a0a0
android.widget.TextView: (410) 944-7990
android.widget.TextView: 1.32 Km
android.widget.TextView: 6401 Windsor Mill Road Gwynn Oak, MD
android.widget.LinearLayout@405736b0
android.widget.FrameLayout@40573e98
android.widget.TextView: Restaurant Finder
android.widget.FrameLayout@40574e80
android.widget.RelativeLayout@40575338
android.widget.TextView: Loading my location...
android.widget.TextView: No contents.
android.widget.LinearLayout@40576228
com.google.ads.AdView@40578580
g@4057aa10
android.widget.ListView@405764f8
android.widget.LinearLayout@405af848
android.widget.LinearLayout@40629248
android.widget.TextView: New York Fried Chicken
android.widget.LinearLayout@4058a0a0
android.widget.TextView: (410) 944-7990
android.widget.TextView: 1.32 Km
android.widget.TextView: 6401 Windsor Mill Road Gwynn Oak, MD
android.widget.LinearLayout@405f5fe8
android.widget.LinearLayout@405f6200
android.widget.TextView: Caribbean Dutch Pot Restaurant
android.widget.LinearLayout@405f68b8
android.widget.TextView: (410) 944-1013
android.widget.TextView: 1.33 Km
android.widget.TextView: 6403 Windsor Mill Road Gwynn Oak, MD
android.widget.LinearLayout@405f7d88
android.widget.LinearLayout@405f7fa0
android.widget.TextView: Kron Deli & Mart
android.widget.LinearLayout@405f8658
android.widget.TextView: 
android.widget.TextView: 1.33 Km
android.widget.TextView: 6403 Windsor Mill Road Gwynn Oak, MD
android.widget.LinearLayout@405f9b28
android.widget.LinearLayout@405f9d40
android.widget.TextView: Bullwinkles Saloon
android.widget.LinearLayout@405fa3f8
android.widget.TextView: (410) 594-9465
android.widget.TextView: 1.78 Km
android.widget.TextView: 1660 Ingleside Avenue Gwynn Oak, MD
android.widget.LinearLayout@405fb8c8
android.widget.LinearLayout@405fbae0
android.widget.TextView: Fred's Carryout
android.widget.LinearLayout@405fc198
android.widget.TextView: (410) 664-5135
android.widget.TextView: 1.83 Km
android.widget.TextView: 4708 Gwynn Oak Avenue Baltimore, MD
android.widget.LinearLayout@405fd668
android.widget.LinearLayout@405fd880
android.widget.TextView: Caribbean Heat
android.widget.LinearLayout@405fdf38
android.widget.TextView: (410) 542-3131
android.widget.TextView: 1.85 Km
android.widget.TextView: 4740 Liberty Heights Avenue Baltimore, MD
android.widget.LinearLayout@405736b0
android.widget.FrameLayout@40573e98
android.widget.TextView: Restaurant Finder
android.widget.FrameLayout@40574e80
android.widget.RelativeLayout@40575338
android.widget.TextView: Loading my location...
android.widget.TextView: No contents.
android.widget.LinearLayout@40576228
com.google.ads.AdView@40578580
g@4057aa10
android.widget.ListView@405764f8
android.widget.LinearLayout@405fd668
android.widget.LinearLayout@405fd880
android.widget.TextView: Caribbean Heat
android.widget.LinearLayout@405fdf38
android.widget.TextView: (410) 542-3131
android.widget.TextView: 1.85 Km
android.widget.TextView: 4740 Liberty Heights Avenue Baltimore, MD
android.widget.LinearLayout@40591570
android.widget.LinearLayout@40510e08
android.widget.TextView: Wings Things n More
android.widget.LinearLayout@40556ff8
android.widget.TextView: (410) 466-8100
android.widget.TextView: 1.88 Km
android.widget.TextView: 4714 Liberty Heights Avenue Baltimore, MD
android.widget.LinearLayout@405a0b90
android.widget.LinearLayout@406336c8
android.widget.TextView: New York Fried Chicken
android.widget.LinearLayout@40632ea0
android.widget.TextView: (410) 466-1882
android.widget.TextView: 1.89 Km
android.widget.TextView: 4700 Liberty Heights Avenue Baltimore, MD
android.widget.LinearLayout@40581638
android.widget.LinearLayout@40591818
android.widget.TextView: McDonald's
android.widget.LinearLayout@4058ee30
android.widget.TextView: (410) 597-8689
android.widget.TextView: 1.93 Km
android.widget.TextView: 6005 Liberty Road Baltimore, MD
android.widget.LinearLayout@40596f00
android.widget.LinearLayout@40544bb0
android.widget.TextView: Serenity Cafe
android.widget.LinearLayout@4052d4e8
android.widget.TextView: (410) 281-2197
android.widget.TextView: 1.96 Km
android.widget.TextView: 6002 Liberty Road Lochearn, MD
android.widget.LinearLayout@405a34d0
android.widget.LinearLayout@405aa780
android.widget.TextView: Pizza Boli's
android.widget.LinearLayout@405561f0
android.widget.TextView: (410) 265-6500
android.widget.TextView: 1.97 Km
android.widget.TextView: 6500 Security Boulevard Gwynn Oak, MD
android.widget.LinearLayout@405736b0
android.widget.FrameLayout@40573e98
android.widget.TextView: Restaurant Finder
android.widget.FrameLayout@40574e80
android.widget.RelativeLayout@40575338
android.widget.TextView: Loading my location...
android.widget.TextView: No contents.
android.widget.LinearLayout@40576228
com.google.ads.AdView@40578580
g@4057aa10
android.widget.ListView@405764f8
android.widget.LinearLayout@405a34d0
android.widget.LinearLayout@405aa780
android.widget.TextView: Pizza Boli's
android.widget.LinearLayout@405561f0
android.widget.TextView: (410) 265-6500
android.widget.TextView: 1.97 Km
android.widget.TextView: 6500 Security Boulevard Gwynn Oak, MD
android.widget.LinearLayout@405af848
android.widget.LinearLayout@40629248
android.widget.TextView: Papa John's Pizza
android.widget.LinearLayout@4058a0a0
android.widget.TextView: (410) 265-6262
android.widget.TextView: 2.23 Km
android.widget.TextView: 1826 Woodlawn Drive Gwynn Oak, MD
android.widget.LinearLayout@405f5fe8
android.widget.LinearLayout@405f6200
android.widget.TextView: Subway
android.widget.LinearLayout@405f68b8
android.widget.TextView: (410) 265-1307
android.widget.TextView: 2.33 Km
android.widget.TextView: 6638 Security Boulevard Gwynn Oak, MD
android.widget.LinearLayout@405f7d88
android.widget.LinearLayout@405f7fa0
android.widget.TextView: Salsa Grill
android.widget.LinearLayout@405f8658
android.widget.TextView: (410) 265-5552
android.widget.TextView: 2.37 Km
android.widget.TextView: 6644 Security Boulevard Woodlawn, MD
android.widget.LinearLayout@405f9b28
android.widget.LinearLayout@405f9d40
android.widget.TextView: Peju's Kitchen
android.widget.LinearLayout@405fa3f8
android.widget.TextView: (410) 277-9779
android.widget.TextView: 2.47 Km
android.widget.TextView: 1724 Woodlawn Drive #18 Baltimore, MD
android.widget.LinearLayout@405fb8c8
android.widget.LinearLayout@405fbae0
android.widget.TextView: QingZhen Halal Chinese Restaurant
android.widget.LinearLayout@405fc198
android.widget.TextView: (443) 200-3671
android.widget.TextView: 2.47 Km
android.widget.TextView: 1724 Woodlawn Drive #9 Gwynn Oak, MD
android.widget.LinearLayout@405736b0
android.widget.FrameLayout@40573e98
android.widget.TextView: Restaurant Finder
android.widget.FrameLayout@40574e80
android.widget.RelativeLayout@40575338
android.widget.TextView: Loading my location...
android.widget.TextView: No contents.
android.widget.LinearLayout@40576228
com.google.ads.AdView@40578580
g@4057aa10
android.widget.ListView@405764f8
android.widget.LinearLayout@405fb8c8
android.widget.LinearLayout@405fbae0
android.widget.TextView: QingZhen Halal Chinese Restaurant
android.widget.LinearLayout@405fc198
android.widget.TextView: (443) 200-3671
android.widget.TextView: 2.47 Km
android.widget.TextView: 1724 Woodlawn Drive #9 Gwynn Oak, MD
android.widget.LinearLayout@405fd668
android.widget.LinearLayout@405fd880
android.widget.TextView: Shahi Grill
android.widget.LinearLayout@405fdf38
android.widget.TextView: (443) 436-0505
android.widget.TextView: 2.48 Km
android.widget.TextView: 1724 Woodlawn Drive Baltimore, MD
android.widget.LinearLayout@40591570
android.widget.LinearLayout@40510e08
android.widget.TextView: Midnight Kings Hookah Lounge
android.widget.LinearLayout@40556ff8
android.widget.TextView: (410) 925-3829
android.widget.TextView: 2.48 Km
android.widget.TextView: 1724 Woodlawn Drive Woodlawn, MD
android.widget.LinearLayout@405a0b90
android.widget.LinearLayout@406336c8
android.widget.TextView: Kennedy Fried Chicken
android.widget.LinearLayout@40632ea0
android.widget.TextView: (410) 466-4400
android.widget.TextView: 2.6 Km
android.widget.TextView: 3317 Garrison Boulevard Baltimore, MD
android.widget.LinearLayout@40581638
android.widget.LinearLayout@40591818
android.widget.TextView: Dunkin Donuts
android.widget.LinearLayout@4058ee30
android.widget.TextView: (410) 944-4829
android.widget.TextView: 2.61 Km
android.widget.TextView: 6669 Security Boulevard M-4 MD
android.widget.LinearLayout@405736b0
android.widget.FrameLayout@40573e98
android.widget.TextView: Restaurant Finder
android.widget.FrameLayout@40574e80
android.widget.RelativeLayout@40575338
android.widget.TextView: Loading my location...
android.widget.TextView: No contents.
android.widget.LinearLayout@40576228
com.google.ads.AdView@40578580
g@4057aa10
android.widget.ListView@405764f8
android.widget.LinearLayout@40581638
android.widget.LinearLayout@40591818
android.widget.TextView: Dunkin Donuts
android.widget.LinearLayout@4058ee30
android.widget.TextView: (410) 944-4829
android.widget.TextView: 2.61 Km
android.widget.TextView: 6669 Security Boulevard M-4 MD
android.widget.LinearLayout@405a34d0
android.widget.LinearLayout@405aa780
android.widget.TextView: City View Bar & Grill
android.widget.LinearLayout@405561f0
android.widget.TextView: (410) 944-4013
android.widget.TextView: 2.71 Km
android.widget.TextView: 6700 Security Boulevard Gwynn Oak, MD
android.widget.LinearLayout@405af848
android.widget.LinearLayout@40629248
android.widget.TextView: Paradise Indian Cuisine
android.widget.LinearLayout@4058a0a0
android.widget.TextView: (410) 594-9600
android.widget.TextView: 2.81 Km
android.widget.TextView: 1660 Whitehead Court Gwynn Oak, MD
android.widget.LinearLayout@405f5fe8
android.widget.LinearLayout@405f6200
android.widget.TextView: Wendy's
android.widget.LinearLayout@405f68b8
android.widget.TextView: (410) 358-9469
android.widget.TextView: 3.09 Km
android.widget.TextView: 4410 West Northern Parkway Baltimore, MD
android.widget.LinearLayout@405f7d88
android.widget.LinearLayout@405f7fa0
android.widget.TextView: Hip Hop
android.widget.LinearLayout@405f8658
android.widget.TextView: (410) 744-0440
android.widget.TextView: 3.16 Km
android.widget.TextView: 5223 Baltimore National Pike Baltimore, MD
android.widget.LinearLayout@405f9b28
android.widget.LinearLayout@405f9d40
android.widget.TextView: Pho #1
android.widget.LinearLayout@405fa3f8
android.widget.TextView: (410) 719-7500
android.widget.TextView: 3.91 Km
android.widget.TextView: 5764 Baltimore National Pike Catonsville, MD
android.widget.LinearLayout@405736b0
android.widget.FrameLayout@40573e98
android.widget.TextView: Restaurant Finder
android.widget.FrameLayout@40574e80
android.widget.RelativeLayout@40575338
android.widget.TextView: Loading my location...
android.widget.TextView: No contents.
android.widget.LinearLayout@40576228
com.google.ads.AdView@40578580
g@4057aa10
android.widget.ListView@405764f8
android.widget.LinearLayout@405f5fe8
android.widget.LinearLayout@405f6200
android.widget.TextView: Wendy's
android.widget.LinearLayout@405f68b8
android.widget.TextView: (410) 358-9469
android.widget.TextView: 3.09 Km
android.widget.TextView: 4410 West Northern Parkway Baltimore, MD
android.widget.LinearLayout@405f7d88
android.widget.LinearLayout@405f7fa0
android.widget.TextView: Hip Hop
android.widget.LinearLayout@405f8658
android.widget.TextView: (410) 744-0440
android.widget.TextView: 3.16 Km
android.widget.TextView: 5223 Baltimore National Pike Baltimore, MD
android.widget.LinearLayout@405f9b28
android.widget.LinearLayout@405f9d40
android.widget.TextView: Pho #1
android.widget.LinearLayout@405fa3f8
android.widget.TextView: (410) 719-7500
android.widget.TextView: 3.91 Km
android.widget.TextView: 5764 Baltimore National Pike Catonsville, MD
android.widget.LinearLayout@405fb8c8
android.widget.LinearLayout@405fbae0
android.widget.TextView: Panera Bread
android.widget.LinearLayout@405fc198
android.widget.TextView: (410) 448-7431
android.widget.TextView: 3.96 Km
android.widget.TextView: 7169 Security Boulevard Baltimore, MD
android.widget.LinearLayout@405fd668
android.widget.LinearLayout@405fd880
android.widget.TextView: Mari Luna's Mexican Grill
android.widget.LinearLayout@405fdf38
android.widget.TextView: (410) 486-9910
android.widget.TextView: 4.96 Km
android.widget.TextView: 102 Reisterstown Road Pikesville, MD
android.widget.LinearLayout@40591570
android.widget.LinearLayout@40510e08
android.widget.TextView: Suburban House
android.widget.LinearLayout@40556ff8
android.widget.TextView: (410) 484-7775
android.widget.TextView: 7.01 Km
android.widget.TextView: 1700 Reisterstown Road Pikesville, MD
