android.widget.FrameLayout@4067c208
android.widget.RelativeLayout@4067cc50
android.widget.LinearLayout@40625f98
android.view.View@4050c360
android.widget.RelativeLayout@40638458
android.widget.TextView: Regular
android.view.View@40632488
android.view.View@4050bfa0
android.widget.RelativeLayout@40632698
android.widget.TextView: Midgrade
android.view.View@40666e30
android.view.View@4050c100
android.widget.RelativeLayout@40667070
android.widget.TextView: Premium
android.view.View@4073e9c8
android.view.View@4050c230
android.widget.RelativeLayout@4073ebb8
android.widget.TextView: Diesel
android.view.View@4050bc68
android.view.View@4050c480
android.view.View@4065f6d8
android.widget.LinearLayout@4065f8a0
android.widget.RelativeLayout@4065fb68
android.widget.ImageView@40681f30
android.widget.TextView: Reload
android.widget.RelativeLayout@40733de8
android.widget.ImageView@40734648
android.widget.TextView: Sort By Price
android.widget.RelativeLayout@40684508
android.widget.ImageView@40684e00
android.widget.TextView: Map View
android.view.View@40627b70
gbis.gbandroid.views.layouts.CustomListView@40710268
android.widget.RelativeLayout@40656ef8
com.google.ads.AdView@40693cb0
android.gesture.GestureOverlayView@407429b0
android.widget.FrameLayout@40694058
com.google.ads.internal.AdWebView@40699828
android.widget.TableLayout@4078dff0
android.widget.TableRow@4078e5c0
android.widget.RelativeLayout@4078ec80
android.widget.RelativeLayout@4078f058
android.widget.TextView: --
android.widget.TextView: 9
android.widget.TextView: time
android.widget.TextView: Report Price
android.widget.RelativeLayout@40790868
android.widget.ImageView@40790c40
android.widget.TextView: Gulf
android.widget.TextView: 300 Bay Ave & Washington Ave
android.widget.TextView: Highlands, NJ
android.widget.TextView: 2.87 mi
android.widget.TableLayout@4077dbd8
android.widget.TableRow@4077e1a8
android.widget.RelativeLayout@4077e868
android.widget.RelativeLayout@4077ec40
android.widget.TextView: 3.43
android.widget.TextView: 9
android.widget.TextView: 12 hours ago
android.widget.TextView: Update
android.widget.RelativeLayout@40780450
android.widget.ImageView@40780828
android.widget.TextView: Racestar
android.widget.TextView: 133 First Ave & E Washington Ave
android.widget.TextView: Atlantic Highlands, NJ
android.widget.TextView: 3.04 mi
android.widget.TableLayout@4076e7f0
android.widget.TableRow@4076edc0
android.widget.RelativeLayout@4076f480
android.widget.RelativeLayout@4076f858
android.widget.TextView: --
android.widget.TextView: 9
android.widget.TextView: time
android.widget.TextView: Report Price
android.widget.RelativeLayout@40771068
android.widget.ImageView@40771440
android.widget.TextView: Gulf
android.widget.TextView: 116 Bay Ave & Jackson St
android.widget.TextView: Highlands, NJ
android.widget.TextView: 3.21 mi
android.widget.TableLayout@40691c80
android.widget.TableRow@40764490
android.widget.RelativeLayout@40764b50
android.widget.RelativeLayout@40764f28
android.widget.TextView: 3.59
android.widget.TextView: 9
android.widget.TextView: 11 hours ago
android.widget.TextView: Update
android.widget.RelativeLayout@40769858
android.widget.ImageView@40769c30
android.widget.TextView: Shell
android.widget.TextView: 195 First Ave & NJ-36 N
android.widget.TextView: Atlantic Highlands, NJ
android.widget.TextView: 3.24 mi
android.widget.TableLayout@40646038
android.widget.TableRow@406469e8
android.widget.RelativeLayout@40647920
android.widget.RelativeLayout@40647dd0
android.widget.TextView: --
android.widget.TextView: 9
android.widget.TextView: time
android.widget.TextView: Report Price
android.widget.RelativeLayout@40649958
android.widget.ImageView@40649d78
android.widget.TextView: Sunoco
android.widget.TextView: 162 NJ-36 N & East Ave
android.widget.TextView: Atlantic Highlands, NJ
android.widget.TextView: 3.29 mi
android.widget.RelativeLayout@406568a0
android.widget.FrameLayout@4067c208
android.widget.RelativeLayout@4067cc50
android.widget.LinearLayout@40625f98
android.view.View@4050c360
android.widget.RelativeLayout@40638458
android.widget.TextView: Regular
android.view.View@40632488
android.view.View@4050bfa0
android.widget.RelativeLayout@40632698
android.widget.TextView: Midgrade
android.view.View@40666e30
android.view.View@4050c100
android.widget.RelativeLayout@40667070
android.widget.TextView: Premium
android.view.View@4073e9c8
android.view.View@4050c230
android.widget.RelativeLayout@4073ebb8
android.widget.TextView: Diesel
android.view.View@4050bc68
android.view.View@4050c480
android.view.View@4065f6d8
android.widget.LinearLayout@4065f8a0
android.widget.RelativeLayout@4065fb68
android.widget.ImageView@40681f30
android.widget.TextView: Reload
android.widget.RelativeLayout@40733de8
android.widget.ImageView@40734648
android.widget.TextView: Sort By Price
android.widget.RelativeLayout@40684508
android.widget.ImageView@40684e00
android.widget.TextView: Map View
android.view.View@40627b70
gbis.gbandroid.views.layouts.CustomListView@40710268
android.widget.TableLayout@40646038
android.widget.TableRow@406469e8
android.widget.RelativeLayout@40647920
android.widget.RelativeLayout@40647dd0
android.widget.TextView: --
android.widget.TextView: 9
android.widget.TextView: time
android.widget.TextView: Report Price
android.widget.RelativeLayout@40649958
android.widget.ImageView@40649d78
android.widget.TextView: Sunoco
android.widget.TextView: 162 NJ-36 N & East Ave
android.widget.TextView: Atlantic Highlands, NJ
android.widget.TextView: 3.29 mi
android.widget.TableLayout@4054dff0
android.widget.TableRow@405287a0
android.widget.RelativeLayout@40559378
android.widget.RelativeLayout@40599950
android.widget.TextView: 3.69
android.widget.TextView: 9
android.widget.TextView: 11 hours ago
android.widget.TextView: Update
android.widget.RelativeLayout@405c07b0
android.widget.ImageView@4055b170
android.widget.TextView: Getty
android.widget.TextView: 947 NJ-36 N & Ave D
android.widget.TextView: Atlantic Highlands, NJ
android.widget.TextView: 3.43 mi
android.widget.TableLayout@405507e0
android.widget.TableRow@4055d190
android.widget.RelativeLayout@40602378
android.widget.RelativeLayout@4062b088
android.widget.TextView: 3.45
android.widget.TextView: 9
android.widget.TextView: 11 hours ago
android.widget.TextView: Update
android.widget.RelativeLayout@4063fa88
android.widget.ImageView@40567fd8
android.widget.TextView: Wawa
android.widget.TextView: 75 Appleton Ave & NJ-36 S
android.widget.TextView: Leonardo, NJ
android.widget.TextView: 4.08 mi
android.widget.TableLayout@405834a8
android.widget.TableRow@4056c950
android.widget.RelativeLayout@4069cff0
android.widget.RelativeLayout@4069fc20
android.widget.TextView: 3.69
android.widget.TextView: 9
android.widget.TextView: 12 hours ago
android.widget.TextView: Update
android.widget.RelativeLayout@406a27e8
android.widget.ImageView@4058a040
android.widget.TextView: Fuel One
android.widget.TextView: 659 NJ-36 N  & East Rd
android.widget.TextView: Belford, NJ
android.widget.TextView: 4.83 mi
android.widget.TableLayout@405ff5f0
android.widget.TableRow@4058e9e0
android.widget.RelativeLayout@406a53e0
android.widget.RelativeLayout@406a8010
android.widget.TextView: 3.89
android.widget.TextView: 9
android.widget.TextView: Tue 4:04 AM
android.widget.TextView: Update
android.widget.RelativeLayout@406ad858
android.widget.ImageView@406b8818
android.widget.TextView: Exxon
android.widget.TextView: 27 W River Rd & Allen St
android.widget.TextView: Rumson, NJ
android.widget.TextView: 4.91 mi
android.widget.TableLayout@40602020
android.widget.TableRow@40607978
android.widget.RelativeLayout@406a5230
android.widget.RelativeLayout@406aaa78
android.widget.TextView: --
android.widget.TextView: 9
android.widget.TextView: time
android.widget.TextView: Report Price
android.widget.RelativeLayout@406c6230
android.widget.ImageView@406d1070
android.widget.TextView: Sunoco
android.widget.TextView: 560 NJ-36 S & East Rd
android.widget.TextView: Belford, NJ
android.widget.TextView: 5.03 mi
android.widget.RelativeLayout@406568a0
android.widget.FrameLayout@4067c208
android.widget.RelativeLayout@4067cc50
android.widget.LinearLayout@40625f98
android.view.View@4050c360
android.widget.RelativeLayout@40638458
android.widget.TextView: Regular
android.view.View@40632488
android.view.View@4050bfa0
android.widget.RelativeLayout@40632698
android.widget.TextView: Midgrade
android.view.View@40666e30
android.view.View@4050c100
android.widget.RelativeLayout@40667070
android.widget.TextView: Premium
android.view.View@4073e9c8
android.view.View@4050c230
android.widget.RelativeLayout@4073ebb8
android.widget.TextView: Diesel
android.view.View@4050bc68
android.view.View@4050c480
android.view.View@4065f6d8
android.widget.LinearLayout@4065f8a0
android.widget.RelativeLayout@4065fb68
android.widget.ImageView@40681f30
android.widget.TextView: Reload
android.widget.RelativeLayout@40733de8
android.widget.ImageView@40734648
android.widget.TextView: Sort By Price
android.widget.RelativeLayout@40684508
android.widget.ImageView@40684e00
android.widget.TextView: Map View
android.view.View@40627b70
gbis.gbandroid.views.layouts.CustomListView@40710268
android.widget.TableLayout@405bef70
android.widget.TableRow@406c57a8
android.widget.RelativeLayout@406b0478
android.widget.RelativeLayout@406b5c50
android.widget.TextView: --
android.widget.TextView: 9
android.widget.TextView: Tue 4:08 AM
android.widget.TextView: Report Price
android.widget.RelativeLayout@406c8ff0
android.widget.ImageView@40702288
android.widget.TextView: Sunoco
android.widget.TextView: 560 NJ-36 S & East Rd
android.widget.TextView: Belford, NJ
android.widget.TextView: 5.03 mi
android.widget.TableLayout@405a4a98
android.widget.TableRow@4066ba28
android.widget.RelativeLayout@40580aa0
android.widget.RelativeLayout@40607b30
android.widget.TextView: 3.74
android.widget.TextView: 9
android.widget.TextView: 12 hours ago
android.widget.TextView: Update
android.widget.RelativeLayout@406aac28
android.widget.ImageView@405e2628
android.widget.TextView: Gulf
android.widget.TextView: 412 NJ-36 S & Wilson Ave
android.widget.TextView: Port Monmouth, NJ
android.widget.TextView: 5.61 mi
android.widget.TableLayout@406b1398
android.widget.TableRow@406e06a8
android.widget.RelativeLayout@4058d340
android.widget.RelativeLayout@40601de8
android.widget.TextView: --
android.widget.TextView: 9
android.widget.TextView: time
android.widget.TextView: Report Price
android.widget.RelativeLayout@40772f08
android.widget.ImageView@40639e30
android.widget.TextView: Gulf
android.widget.TextView: 1006 Ocean Ave & Rumson Rd
android.widget.TextView: Sea Bright, NJ
android.widget.TextView: 5.71 mi
android.widget.TableLayout@406d61d8
android.widget.TableRow@406db9d8
android.widget.RelativeLayout@406e95e0
android.widget.RelativeLayout@406eed78
android.widget.TextView: --
android.widget.TextView: 9
android.widget.TextView: 12 hours ago
android.widget.TextView: Report Price
android.widget.RelativeLayout@406ff950
android.widget.ImageView@40702530
android.widget.TextView: Sunoco
android.widget.TextView: 1010 Ocean Ave & Rumson Rd
android.widget.TextView: Sea Bright, NJ
android.widget.TextView: 5.75 mi
android.widget.TableLayout@40602020
android.widget.TableRow@40607978
android.widget.RelativeLayout@406a5230
android.widget.RelativeLayout@406aaa78
android.widget.TextView: 3.87
android.widget.TextView: 9
android.widget.TextView: Tue 4:08 AM
android.widget.TextView: Update
android.widget.RelativeLayout@406c6230
android.widget.ImageView@406d1070
android.widget.TextView: Valero
android.widget.TextView: 554 River Rd & Smith St
android.widget.TextView: Fair Haven, NJ
android.widget.TextView: 6.28 mi
android.widget.RelativeLayout@406568a0
android.widget.FrameLayout@4067c208
android.widget.RelativeLayout@4067cc50
android.widget.LinearLayout@40625f98
android.view.View@4050c360
android.widget.RelativeLayout@40638458
android.widget.TextView: Regular
android.view.View@40632488
android.view.View@4050bfa0
android.widget.RelativeLayout@40632698
android.widget.TextView: Midgrade
android.view.View@40666e30
android.view.View@4050c100
android.widget.RelativeLayout@40667070
android.widget.TextView: Premium
android.view.View@4073e9c8
android.view.View@4050c230
android.widget.RelativeLayout@4073ebb8
android.widget.TextView: Diesel
android.view.View@4050bc68
android.view.View@4050c480
android.view.View@4065f6d8
android.widget.LinearLayout@4065f8a0
android.widget.RelativeLayout@4065fb68
android.widget.ImageView@40681f30
android.widget.TextView: Reload
android.widget.RelativeLayout@40733de8
android.widget.ImageView@40734648
android.widget.TextView: Sort By Price
android.widget.RelativeLayout@40684508
android.widget.ImageView@40684e00
android.widget.TextView: Map View
android.view.View@40627b70
gbis.gbandroid.views.layouts.CustomListView@40710268
android.widget.TableLayout@40602020
android.widget.TableRow@40607978
android.widget.RelativeLayout@406a5230
android.widget.RelativeLayout@406aaa78
android.widget.TextView: 3.87
android.widget.TextView: 9
android.widget.TextView: Tue 4:08 AM
android.widget.TextView: Update
android.widget.RelativeLayout@406c6230
android.widget.ImageView@406d1070
android.widget.TextView: Valero
android.widget.TextView: 554 River Rd & Smith St
android.widget.TextView: Fair Haven, NJ
android.widget.TextView: 6.28 mi
android.widget.TableLayout@406e9e50
android.widget.TableRow@407291a0
android.widget.RelativeLayout@406cc818
android.widget.RelativeLayout@406ce7c8
android.widget.TextView: 3.59
android.widget.TextView: 9
android.widget.TextView: 6 minutes ago
android.widget.TextView: Update
android.widget.RelativeLayout@406d0e28
android.widget.ImageView@40710dd0
android.widget.TextView: BP
android.widget.TextView: 863 NJ-35 & Tindall Rd & Kings Hwy
android.widget.TextView: Middletown, NJ
android.widget.TextView: 6.44 mi
android.widget.TableLayout@406fa798
android.widget.TableRow@4059fef8
android.widget.RelativeLayout@406d6c70
android.widget.RelativeLayout@406dc470
android.widget.TextView: 3.57
android.widget.TextView: 9
android.widget.TextView: 11 hours ago
android.widget.TextView: Update
android.widget.RelativeLayout@406df050
android.widget.ImageView@405113b8
android.widget.TextView: Hess
android.widget.TextView: 431 NJ-35 N & Chapel Hill Rd
android.widget.TextView: Middletown, NJ
android.widget.TextView: 6.77 mi
android.widget.TableLayout@406fa940
android.widget.TableRow@40700238
android.widget.RelativeLayout@406e1bf0
android.widget.RelativeLayout@406e4810
android.widget.TextView: 3.59
android.widget.TextView: 9
android.widget.TextView: 15 hours ago
android.widget.TextView: Update
android.widget.RelativeLayout@406ea000
android.widget.ImageView@4054e6b8
android.widget.TextView: Craig's Independent
android.widget.TextView: 1201 NJ-35 N & New Monmouth Rd
android.widget.TextView: Middletown, NJ
android.widget.TextView: 6.77 mi
android.widget.TableLayout@4070b320
android.widget.TableRow@4070df50
android.widget.RelativeLayout@406ecc00
android.widget.RelativeLayout@406f2540
android.widget.TextView: 3.69
android.widget.TextView: 9
android.widget.TextView: 11 hours ago
android.widget.TextView: Update
android.widget.RelativeLayout@4070e100
android.widget.ImageView@40550d38
android.widget.TextView: Sunoco
android.widget.TextView: 417 NJ-35 N & Cooper Rd
android.widget.TextView: Middletown, NJ
android.widget.TextView: 6.82 mi
android.widget.RelativeLayout@406568a0
android.widget.FrameLayout@4067c208
android.widget.RelativeLayout@4067cc50
android.widget.LinearLayout@40625f98
android.view.View@4050c360
android.widget.RelativeLayout@40638458
android.widget.TextView: Regular
android.view.View@40632488
android.view.View@4050bfa0
android.widget.RelativeLayout@40632698
android.widget.TextView: Midgrade
android.view.View@40666e30
android.view.View@4050c100
android.widget.RelativeLayout@40667070
android.widget.TextView: Premium
android.view.View@4073e9c8
android.view.View@4050c230
android.widget.RelativeLayout@4073ebb8
android.widget.TextView: Diesel
android.view.View@4050bc68
android.view.View@4050c480
android.view.View@4065f6d8
android.widget.LinearLayout@4065f8a0
android.widget.RelativeLayout@4065fb68
android.widget.ImageView@40681f30
android.widget.TextView: Reload
android.widget.RelativeLayout@40733de8
android.widget.ImageView@40734648
android.widget.TextView: Sort By Price
android.widget.RelativeLayout@40684508
android.widget.ImageView@40684e00
android.widget.TextView: Map View
android.view.View@40627b70
gbis.gbandroid.views.layouts.CustomListView@40710268
android.widget.TableLayout@4070b320
android.widget.TableRow@4070df50
android.widget.RelativeLayout@406ecc00
android.widget.RelativeLayout@406f2540
android.widget.TextView: 3.69
android.widget.TextView: 9
android.widget.TextView: 11 hours ago
android.widget.TextView: Update
android.widget.RelativeLayout@4070e100
android.widget.ImageView@40550d38
android.widget.TextView: Sunoco
android.widget.TextView: 417 NJ-35 N & Cooper Rd
android.widget.TextView: Middletown, NJ
android.widget.TextView: 6.82 mi
android.widget.TableLayout@40511f68
android.widget.TableRow@4066cb10
android.widget.RelativeLayout@407094c8
android.widget.RelativeLayout@40725318
android.widget.TextView: 3.69
android.widget.TextView: 9
android.widget.TextView: 10 hours ago
android.widget.TextView: Update
android.widget.RelativeLayout@405187a0
android.widget.ImageView@4071f648
android.widget.TextView: Exxon
android.widget.TextView: 2 NJ-36 S  & Palmer Ave
android.widget.TextView: Middletown, NJ
android.widget.TextView: 6.94 mi
android.widget.TableLayout@405575d8
android.widget.TableRow@4072fae8
android.widget.RelativeLayout@406716d0
android.widget.RelativeLayout@40566a50
android.widget.TextView: 3.49
android.widget.TextView: 9
android.widget.TextView: Mon 9:34 AM
android.widget.TextView: Update
android.widget.RelativeLayout@40720b70
android.widget.ImageView@40617cb0
android.widget.TextView: Shell
android.widget.TextView: 9 NJ-36 N & Main St
android.widget.TextView: Keansburg, NJ
android.widget.TextView: 6.97 mi
android.widget.TableLayout@40759a28
android.widget.TableRow@4057e7b0
android.widget.RelativeLayout@40584f50
android.widget.RelativeLayout@40657468
android.widget.TextView: 3.79
android.widget.TextView: 9
android.widget.TextView: 10 hours ago
android.widget.TextView: Update
android.widget.RelativeLayout@40664f00
android.widget.ImageView@40584a80
android.widget.TextView: Raceway
android.widget.TextView: 237 NJ-35 N & Pine St
android.widget.TextView: Middletown, NJ
android.widget.TextView: 7.04 mi
android.widget.TableLayout@406d1bf8
android.widget.TableRow@406d4938
android.widget.RelativeLayout@406da2a0
android.widget.RelativeLayout@406dcdd8
android.widget.TextView: 3.75
android.widget.TextView: 9
android.widget.TextView: 12 hours ago
android.widget.TextView: Update
android.widget.RelativeLayout@406fe0f8
android.widget.ImageView@407038e8
android.widget.TextView: American Fuel
android.widget.TextView: 44 NJ-36 S & Palmer Ave
android.widget.TextView: Hazlet, NJ
android.widget.TextView: 7.08 mi
android.widget.TableLayout@406bd3c8
android.widget.TableRow@4069f378
android.widget.RelativeLayout@406ad0d8
android.widget.RelativeLayout@406b27d8
android.widget.TextView: 3.59
android.widget.TextView: 9
android.widget.TextView: Mon 2:30 PM
android.widget.TextView: Update
android.widget.RelativeLayout@40588b78
android.widget.ImageView@40588e40
android.widget.TextView: Racestar
android.widget.TextView: 161 NJ-36 N & Monroe Ave
android.widget.TextView: Hazlet, NJ
android.widget.TextView: 7.27 mi
android.widget.RelativeLayout@406568a0
android.widget.FrameLayout@4067c208
android.widget.RelativeLayout@4067cc50
android.widget.LinearLayout@40625f98
android.view.View@4050c360
android.widget.RelativeLayout@40638458
android.widget.TextView: Regular
android.view.View@40632488
android.view.View@4050bfa0
android.widget.RelativeLayout@40632698
android.widget.TextView: Midgrade
android.view.View@40666e30
android.view.View@4050c100
android.widget.RelativeLayout@40667070
android.widget.TextView: Premium
android.view.View@4073e9c8
android.view.View@4050c230
android.widget.RelativeLayout@4073ebb8
android.widget.TextView: Diesel
android.view.View@4050bc68
android.view.View@4050c480
android.view.View@4065f6d8
android.widget.LinearLayout@4065f8a0
android.widget.RelativeLayout@4065fb68
android.widget.ImageView@40681f30
android.widget.TextView: Reload
android.widget.RelativeLayout@40733de8
android.widget.ImageView@40734648
android.widget.TextView: Sort By Price
android.widget.RelativeLayout@40684508
android.widget.ImageView@40684e00
android.widget.TextView: Map View
android.view.View@40627b70
gbis.gbandroid.views.layouts.CustomListView@40710268
android.widget.TableLayout@406bd3c8
android.widget.TableRow@4069f378
android.widget.RelativeLayout@406ad0d8
android.widget.RelativeLayout@406b27d8
android.widget.TextView: 3.59
android.widget.TextView: 9
android.widget.TextView: Mon 2:30 PM
android.widget.TextView: Update
android.widget.RelativeLayout@40588b78
android.widget.ImageView@40588e40
android.widget.TextView: Racestar
android.widget.TextView: 161 NJ-36 N & Monroe Ave
android.widget.TextView: Hazlet, NJ
android.widget.TextView: 7.27 mi
android.widget.TableLayout@4066d048
android.widget.TableRow@4066d558
android.widget.RelativeLayout@4070a2b8
android.widget.RelativeLayout@40753a60
android.widget.TextView: 3.59
android.widget.TextView: 9
android.widget.TextView: 3 hours ago
android.widget.TextView: Update
android.widget.RelativeLayout@40740f48
android.widget.ImageView@4074ecb0
android.widget.TextView: Woroco
android.widget.TextView: 241 NJ-36 N & Laurel Ave
android.widget.TextView: Hazlet, NJ
android.widget.TextView: 7.47 mi
android.widget.TableLayout@4067d128
android.widget.TableRow@4067d638
android.widget.RelativeLayout@4068f648
android.widget.RelativeLayout@4068fa20
android.widget.TextView: 3.59
android.widget.TextView: 9
android.widget.TextView: Mon 11:02 AM
android.widget.TextView: Update
android.widget.RelativeLayout@406a3610
android.widget.ImageView@406a39e8
android.widget.TextView: Exxon
android.widget.TextView: 2055 NJ-35 N  & Palmer Ave
android.widget.TextView: Holmdel, NJ
android.widget.TextView: 7.6 mi
android.widget.TableLayout@406dada8
android.widget.TableRow@40743058
android.widget.RelativeLayout@40743718
android.widget.RelativeLayout@4061e6f0
android.widget.TextView: 3.59
android.widget.TextView: 9
android.widget.TextView: 3 hours ago
android.widget.TextView: Update
android.widget.RelativeLayout@40735cd8
android.widget.ImageView@407360b0
android.widget.TextView: CITGO
android.widget.TextView: 325 NJ-36 N & Central Ave
android.widget.TextView: Hazlet, NJ
android.widget.TextView: 7.67 mi
android.widget.TableLayout@40741838
android.widget.TableRow@407651f0
android.widget.RelativeLayout@407658a0
android.widget.RelativeLayout@4071bfd8
android.widget.TextView: 3.72
android.widget.TextView: 9
android.widget.TextView: 10 hours ago
android.widget.TextView: Update
android.widget.RelativeLayout@4074c8f0
android.widget.ImageView@4074cc90
android.widget.TextView: Exxon
android.widget.TextView: 2122 NJ-35 S  & S Laurel Ave
android.widget.TextView: Holmdel, NJ
android.widget.TextView: 7.81 mi
android.widget.RelativeLayout@406568a0
android.widget.FrameLayout@4067c208
android.widget.RelativeLayout@4067cc50
android.widget.LinearLayout@40625f98
android.view.View@4050c360
android.widget.RelativeLayout@40638458
android.widget.TextView: Regular
android.view.View@40632488
android.view.View@4050bfa0
android.widget.RelativeLayout@40632698
android.widget.TextView: Midgrade
android.view.View@40666e30
android.view.View@4050c100
android.widget.RelativeLayout@40667070
android.widget.TextView: Premium
android.view.View@4073e9c8
android.view.View@4050c230
android.widget.RelativeLayout@4073ebb8
android.widget.TextView: Diesel
android.view.View@4050bc68
android.view.View@4050c480
android.view.View@4065f6d8
android.widget.LinearLayout@4065f8a0
android.widget.RelativeLayout@4065fb68
android.widget.ImageView@40681f30
android.widget.TextView: Reload
android.widget.RelativeLayout@40733de8
android.widget.ImageView@40734648
android.widget.TextView: Sort By Price
android.widget.RelativeLayout@40684508
android.widget.ImageView@40684e00
android.widget.TextView: Map View
android.view.View@40627b70
gbis.gbandroid.views.layouts.CustomListView@40710268
android.widget.TableLayout@40741838
android.widget.TableRow@407651f0
android.widget.RelativeLayout@407658a0
android.widget.RelativeLayout@4071bfd8
android.widget.TextView: 3.72
android.widget.TextView: 9
android.widget.TextView: 10 hours ago
android.widget.TextView: Update
android.widget.RelativeLayout@4074c8f0
android.widget.ImageView@4074cc90
android.widget.TextView: Exxon
android.widget.TextView: 2122 NJ-35 S  & S Laurel Ave
android.widget.TextView: Holmdel, NJ
android.widget.TextView: 7.81 mi
android.widget.TableLayout@40603fc0
android.widget.TableRow@407013c8
android.widget.RelativeLayout@40701a48
android.widget.RelativeLayout@40701e20
android.widget.TextView: 3.78
android.widget.TextView: 9
android.widget.TextView: Tue 12:06 AM
android.widget.TextView: Update
android.widget.RelativeLayout@4071e758
android.widget.ImageView@4071eb10
android.widget.TextView: CITGO
android.widget.TextView: 697 Branch Ave & Sycamore Ave
android.widget.TextView: Little Silver, NJ
android.widget.TextView: 8.42 mi
android.widget.TableLayout@406a96e0
android.widget.TableRow@406a9cb0
android.widget.RelativeLayout@406b6fa8
android.widget.RelativeLayout@406b7380
android.widget.TextView: 3.99
android.widget.TextView: 9
android.widget.TextView: Mon 5:18 PM
android.widget.TextView: Update
android.widget.RelativeLayout@406c2698
android.widget.ImageView@406fe640
android.widget.TextView: Shell
android.widget.TextView: 390 Shrewsbury Ave & Newman Springs Rd
android.widget.TextView: Red Bank, NJ
android.widget.TextView: 8.43 mi
android.widget.TableLayout@406fc930
android.widget.TableRow@4057c718
android.widget.RelativeLayout@4057cdd8
android.widget.RelativeLayout@4057d1b0
android.widget.TextView: 4.02
android.widget.TextView: 9
android.widget.TextView: Tue 12:06 AM
android.widget.TextView: Update
android.widget.RelativeLayout@406cf440
android.widget.ImageView@406cf6d8
android.widget.TextView: Exxon
android.widget.TextView: 220 Newman Springs Rd & Shrewsbury Ave
android.widget.TextView: Red Bank, NJ
android.widget.TextView: 8.43 mi
android.widget.TableLayout@406b4a78
android.widget.TableRow@40697730
android.widget.RelativeLayout@40697cb8
android.widget.RelativeLayout@40698090
android.widget.TextView: 3.78
android.widget.TextView: 9
android.widget.TextView: 5 hours ago
android.widget.TextView: Update
android.widget.RelativeLayout@406d2d38
android.widget.ImageView@406d30f8
android.widget.TextView: Lukoil
android.widget.TextView: 219 Newman Springs Rd & Shrewsbury Ave
android.widget.TextView: Shrewsbury, NJ
android.widget.TextView: 8.46 mi
android.widget.RelativeLayout@406568a0
android.widget.FrameLayout@4067c208
android.widget.RelativeLayout@4067cc50
android.widget.LinearLayout@40625f98
android.view.View@4050c360
android.widget.RelativeLayout@40638458
android.widget.TextView: Regular
android.view.View@40632488
android.view.View@4050bfa0
android.widget.RelativeLayout@40632698
android.widget.TextView: Midgrade
android.view.View@40666e30
android.view.View@4050c100
android.widget.RelativeLayout@40667070
android.widget.TextView: Premium
android.view.View@4073e9c8
android.view.View@4050c230
android.widget.RelativeLayout@4073ebb8
android.widget.TextView: Diesel
android.view.View@4050bc68
android.view.View@4050c480
android.view.View@4065f6d8
android.widget.LinearLayout@4065f8a0
android.widget.RelativeLayout@4065fb68
android.widget.ImageView@40681f30
android.widget.TextView: Reload
android.widget.RelativeLayout@40733de8
android.widget.ImageView@40734648
android.widget.TextView: Sort By Price
android.widget.RelativeLayout@40684508
android.widget.ImageView@40684e00
android.widget.TextView: Map View
android.view.View@40627b70
gbis.gbandroid.views.layouts.CustomListView@40710268
android.widget.TableLayout@4054dff0
android.widget.TableRow@4055d190
android.widget.RelativeLayout@406021e0
android.widget.RelativeLayout@40602378
android.widget.TextView: 3.78
android.widget.TextView: 9
android.widget.TextView: 5 hours ago
android.widget.TextView: Update
android.widget.RelativeLayout@40604da0
android.widget.ImageView@40567fd8
android.widget.TextView: Lukoil
android.widget.TextView: 219 Newman Springs Rd & Shrewsbury Ave
android.widget.TextView: Shrewsbury, NJ
android.widget.TextView: 8.46 mi
android.widget.TableLayout@40518950
android.widget.TableRow@405287a0
android.widget.RelativeLayout@40559378
android.widget.RelativeLayout@40580aa0
android.widget.TextView: 3.43
android.widget.TextView: 9
android.widget.TextView: 19 hours ago
android.widget.TextView: Update
android.widget.RelativeLayout@405c07b0
android.widget.ImageView@40566c00
android.widget.TextView: Racestar
android.widget.TextView: 375 Middle Rd & Union Ave
android.widget.TextView: Hazlet, NJ
android.widget.TextView: 8.46 mi
android.widget.TableLayout@407e8f08
android.widget.TableRow@407e94d8
android.widget.RelativeLayout@407e9b98
android.widget.RelativeLayout@407e9f70
android.widget.TextView: --
android.widget.TextView: 9
android.widget.TextView: time
android.widget.TextView: Report Price
android.widget.RelativeLayout@407eb780
android.widget.ImageView@407ebb58
android.widget.TextView: Getty
android.widget.TextView: 4 Ocean Ave & Riverdale Ave
android.widget.TextView: Monmouth Beach, NJ
android.widget.TextView: 8.56 mi
android.widget.TableLayout@4062f298
android.widget.TableRow@4062f868
android.widget.RelativeLayout@4062fef8
android.widget.RelativeLayout@406302d0
android.widget.TextView: --
android.widget.TextView: 9
android.widget.TextView: 19 hours ago
android.widget.TextView: Report Price
android.widget.RelativeLayout@407e4308
android.widget.ImageView@407e46e0
android.widget.TextView: Lukoil
android.widget.TextView: 2131 NJ-35 N & Union Ave
android.widget.TextView: Holmdel, NJ
android.widget.TextView: 8.62 mi
android.widget.TableLayout@406b4a78
android.widget.TableRow@40697730
android.widget.RelativeLayout@40697cb8
android.widget.RelativeLayout@40698090
android.widget.TextView: 3.36
android.widget.TextView: 9
android.widget.TextView: Mon 6:13 PM
android.widget.TextView: Update
android.widget.RelativeLayout@406d2d38
android.widget.ImageView@406d30f8
android.widget.TextView: Hess
android.widget.TextView: 943 NJ-36 N & Union Ave
android.widget.TextView: Union Beach, NJ
android.widget.TextView: 8.73 mi
android.widget.RelativeLayout@406568a0
android.widget.FrameLayout@4067c208
android.widget.RelativeLayout@4067cc50
android.widget.LinearLayout@40625f98
android.view.View@4050c360
android.widget.RelativeLayout@40638458
android.widget.TextView: Regular
android.view.View@40632488
android.view.View@4050bfa0
android.widget.RelativeLayout@40632698
android.widget.TextView: Midgrade
android.view.View@40666e30
android.view.View@4050c100
android.widget.RelativeLayout@40667070
android.widget.TextView: Premium
android.view.View@4073e9c8
android.view.View@4050c230
android.widget.RelativeLayout@4073ebb8
android.widget.TextView: Diesel
android.view.View@4050bc68
android.view.View@4050c480
android.view.View@4065f6d8
android.widget.LinearLayout@4065f8a0
android.widget.RelativeLayout@4065fb68
android.widget.ImageView@40681f30
android.widget.TextView: Reload
android.widget.RelativeLayout@40733de8
android.widget.ImageView@40734648
android.widget.TextView: Sort By Price
android.widget.RelativeLayout@40684508
android.widget.ImageView@40684e00
android.widget.TextView: Map View
android.view.View@40627b70
gbis.gbandroid.views.layouts.CustomListView@40710268
android.widget.TableLayout@406b4a78
android.widget.TableRow@40697730
android.widget.RelativeLayout@40697cb8
android.widget.RelativeLayout@40698090
android.widget.TextView: 3.36
android.widget.TextView: 9
android.widget.TextView: Mon 6:13 PM
android.widget.TextView: Update
android.widget.RelativeLayout@406d2d38
android.widget.ImageView@406d30f8
android.widget.TextView: Hess
android.widget.TextView: 943 NJ-36 N & Union Ave
android.widget.TextView: Union Beach, NJ
android.widget.TextView: 8.73 mi
android.widget.TableLayout@405507e0
android.widget.TableRow@4056c950
android.widget.RelativeLayout@40607b30
android.widget.RelativeLayout@4062b088
android.widget.TextView: --
android.widget.TextView: 9
android.widget.TextView: time
android.widget.TextView: Report Price
android.widget.RelativeLayout@406327f8
android.widget.ImageView@4058a040
android.widget.TextView: Lukoil
android.widget.TextView: 590 Shrewsbury Ave & Executive Dr
android.widget.TextView: Tinton Falls, NJ
android.widget.TextView: 8.87 mi
android.widget.TableLayout@405834a8
android.widget.TableRow@4058e9e0
android.widget.RelativeLayout@4069cff0
android.widget.RelativeLayout@4069fc20
android.widget.TextView: --
android.widget.TextView: 9
android.widget.TextView: time
android.widget.TextView: Report Price
android.widget.RelativeLayout@406a27e8
android.widget.ImageView@40639e30
android.widget.TextView: Shell
android.widget.TextView: 434 Branchport  Ave & Elliott Pl
android.widget.TextView: Oceanport, NJ
android.widget.TextView: 9.12 mi
android.widget.TableLayout@4058c250
android.widget.TableRow@40599950
android.widget.RelativeLayout@406a53e0
android.widget.RelativeLayout@406a8010
android.widget.TextView: --
android.widget.TextView: 9
android.widget.TextView: time
android.widget.TextView: Report Price
android.widget.RelativeLayout@406aaa78
android.widget.ImageView@406662d0
android.widget.TextView: Mobil
android.widget.TextView: 1702 Neptune Ave & W 17th St
android.widget.TextView: Coney Island, NY
android.widget.TextView: 9.21 mi
android.widget.TableLayout@405a4a98
android.widget.TableRow@405a1150
android.widget.RelativeLayout@406aac28
android.widget.RelativeLayout@406ad858
android.widget.TextView: --
android.widget.TextView: 9
android.widget.TextView: time
android.widget.TextView: Report Price
android.widget.RelativeLayout@406b0478
android.widget.ImageView@40671880
android.widget.TextView: Hess
android.widget.TextView: 1620 Neptune Ave & W 17th St
android.widget.TextView: Coney Island, NY
android.widget.TextView: 9.22 mi
android.widget.RelativeLayout@406568a0
android.widget.FrameLayout@4067c208
android.widget.RelativeLayout@4067cc50
android.widget.LinearLayout@40625f98
android.view.View@4050c360
android.widget.RelativeLayout@40638458
android.widget.TextView: Regular
android.view.View@40632488
android.view.View@4050bfa0
android.widget.RelativeLayout@40632698
android.widget.TextView: Midgrade
android.view.View@40666e30
android.view.View@4050c100
android.widget.RelativeLayout@40667070
android.widget.TextView: Premium
android.view.View@4073e9c8
android.view.View@4050c230
android.widget.RelativeLayout@4073ebb8
android.widget.TextView: Diesel
android.view.View@4050bc68
android.view.View@4050c480
android.view.View@4065f6d8
android.widget.LinearLayout@4065f8a0
android.widget.RelativeLayout@4065fb68
android.widget.ImageView@40681f30
android.widget.TextView: Reload
android.widget.RelativeLayout@40733de8
android.widget.ImageView@40734648
android.widget.TextView: Sort By Price
android.widget.RelativeLayout@40684508
android.widget.ImageView@40684e00
android.widget.TextView: Map View
android.view.View@40627b70
gbis.gbandroid.views.layouts.CustomListView@40710268
android.widget.TableLayout@405a4a98
android.widget.TableRow@405a1150
android.widget.RelativeLayout@406aac28
android.widget.RelativeLayout@406ad858
android.widget.TextView: --
android.widget.TextView: 9
android.widget.TextView: time
android.widget.TextView: Report Price
android.widget.RelativeLayout@406b0478
android.widget.ImageView@40671880
android.widget.TextView: Hess
android.widget.TextView: 1620 Neptune Ave & W 17th St
android.widget.TextView: Coney Island, NY
android.widget.TextView: 9.22 mi
android.widget.TableLayout@406fa798
android.widget.TableRow@40707190
android.widget.RelativeLayout@40594ad8
android.widget.RelativeLayout@405f92c0
android.widget.TextView: --
android.widget.TextView: 9
android.widget.TextView: time
android.widget.TextView: Report Price
android.widget.RelativeLayout@4071db40
android.widget.ImageView@406018e0
android.widget.TextView: Gulf
android.widget.TextView: 2001 Neptune  & W 20 St
android.widget.TextView: Brooklyn, NY
android.widget.TextView: 9.23 mi
android.widget.TableLayout@405b41a0
android.widget.TableRow@40647ad0
android.widget.RelativeLayout@4055cb28
android.widget.RelativeLayout@40646038
android.widget.TextView: --
android.widget.TextView: 9
android.widget.TextView: time
android.widget.TextView: Report Price
android.widget.RelativeLayout@40723258
android.widget.ImageView@407245d0
android.widget.TextView: Shell
android.widget.TextView: 3072 Cropsey Ave & Hart Pl
android.widget.TextView: Brooklyn, NY
android.widget.TextView: 9.33 mi
android.widget.TableLayout@405c40c0
android.widget.TableRow@406da258
android.widget.RelativeLayout@4070e818
android.widget.RelativeLayout@405a3df8
android.widget.TextView: 3.89
android.widget.TextView: 9
android.widget.TextView: 9 hours ago
android.widget.TextView: Update
android.widget.RelativeLayout@406a49e0
android.widget.ImageView@406c5988
android.widget.TextView: Paz
android.widget.TextView: 2978 Cropsey Ave & Bay 54th St
android.widget.TextView: Brooklyn, NY
android.widget.TextView: 9.47 mi
android.widget.TableLayout@4063a110
android.widget.TableRow@4068f5b8
android.widget.RelativeLayout@4069f378
android.widget.RelativeLayout@406aa190
android.widget.TextView: 3.87
android.widget.TextView: 9
android.widget.TextView: 14 hours ago
android.widget.TextView: Update
android.widget.RelativeLayout@406b7d80
android.widget.ImageView@406bd5a0
android.widget.TextView: Lukoil
android.widget.TextView: 2955 Cropsey Ave & Canal Ave
android.widget.TextView: Brooklyn, NY
android.widget.TextView: 9.51 mi
android.widget.RelativeLayout@406568a0
android.widget.FrameLayout@4067c208
android.widget.RelativeLayout@4067cc50
android.widget.LinearLayout@40625f98
android.view.View@4050c360
android.widget.RelativeLayout@40638458
android.widget.TextView: Regular
android.view.View@40632488
android.view.View@4050bfa0
android.widget.RelativeLayout@40632698
android.widget.TextView: Midgrade
android.view.View@40666e30
android.view.View@4050c100
android.widget.RelativeLayout@40667070
android.widget.TextView: Premium
android.view.View@4073e9c8
android.view.View@4050c230
android.widget.RelativeLayout@4073ebb8
android.widget.TextView: Diesel
android.view.View@4050bc68
android.view.View@4050c480
android.view.View@4065f6d8
android.widget.LinearLayout@4065f8a0
android.widget.RelativeLayout@4065fb68
android.widget.ImageView@40681f30
android.widget.TextView: Reload
android.widget.RelativeLayout@40733de8
android.widget.ImageView@40734648
android.widget.TextView: Sort By Price
android.widget.RelativeLayout@40684508
android.widget.ImageView@40684e00
android.widget.TextView: Map View
android.view.View@40627b70
gbis.gbandroid.views.layouts.CustomListView@40710268
android.widget.TableLayout@4063a110
android.widget.TableRow@4068f5b8
android.widget.RelativeLayout@4069f378
android.widget.RelativeLayout@406aa190
android.widget.TextView: 3.87
android.widget.TextView: 9
android.widget.TextView: 14 hours ago
android.widget.TextView: Update
android.widget.RelativeLayout@406b7d80
android.widget.ImageView@406bd5a0
android.widget.TextView: Lukoil
android.widget.TextView: 2955 Cropsey Ave & Canal Ave
android.widget.TextView: Brooklyn, NY
android.widget.TextView: 9.51 mi
android.widget.TableLayout@40654148
android.widget.TableRow@4066d5b0
android.widget.RelativeLayout@406d0ea0
android.widget.RelativeLayout@406d48d0
android.widget.TextView: 3.49
android.widget.TextView: 9
android.widget.TextView: 3 hours ago
android.widget.TextView: Update
android.widget.RelativeLayout@40617dd0
android.widget.ImageView@40736b18
android.widget.TextView: Quick Chek
android.widget.TextView: 1170 NJ-36 S & Poole Ave
android.widget.TextView: Hazlet, NJ
android.widget.TextView: 9.57 mi
android.widget.TableLayout@406effe0
android.widget.TableRow@40727cc8
android.widget.RelativeLayout@406a1670
android.widget.RelativeLayout@406c4458
android.widget.TextView: 3.83
android.widget.TextView: 9
android.widget.TextView: 16 hours ago
android.widget.TextView: Update
android.widget.RelativeLayout@40616298
android.widget.ImageView@406b8328
android.widget.TextView: Shell
android.widget.TextView: 3046 Coney Island Ave & Neptune Ave
android.widget.TextView: Brooklyn, NY
android.widget.TextView: 9.62 mi
android.widget.TableLayout@40602c88
android.widget.TableRow@40605950
android.widget.RelativeLayout@406a4c38
android.widget.RelativeLayout@406b8f90
android.widget.TextView: --
android.widget.TextView: 9
android.widget.TextView: time
android.widget.TextView: Report Price
android.widget.RelativeLayout@40735e88
android.widget.ImageView@40736138
android.widget.TextView: Getty
android.widget.TextView: 208 Branchport Ave & Joline Ave
android.widget.TextView: Long Branch, NJ
android.widget.TextView: 9.63 mi
android.widget.TableLayout@40747388
android.widget.TableRow@40584398
android.widget.RelativeLayout@40558888
android.widget.RelativeLayout@406dbd10
android.widget.TextView: --
android.widget.TextView: 9
android.widget.TextView: time
android.widget.TextView: Report Price
android.widget.RelativeLayout@4068fe48
android.widget.ImageView@40728050
android.widget.TextView: Lukoil
android.widget.TextView: 570 Joline Ave & Branchport Ave
android.widget.TextView: Long Branch, NJ
android.widget.TextView: 9.63 mi
android.widget.RelativeLayout@406568a0
android.widget.FrameLayout@4067c208
android.widget.RelativeLayout@4067cc50
android.widget.LinearLayout@40625f98
android.view.View@4050c360
android.widget.RelativeLayout@40638458
android.widget.TextView: Regular
android.view.View@40632488
android.view.View@4050bfa0
android.widget.RelativeLayout@40632698
android.widget.TextView: Midgrade
android.view.View@40666e30
android.view.View@4050c100
android.widget.RelativeLayout@40667070
android.widget.TextView: Premium
android.view.View@4073e9c8
android.view.View@4050c230
android.widget.RelativeLayout@4073ebb8
android.widget.TextView: Diesel
android.view.View@4050bc68
android.view.View@4050c480
android.view.View@4065f6d8
android.widget.LinearLayout@4065f8a0
android.widget.RelativeLayout@4065fb68
android.widget.ImageView@40681f30
android.widget.TextView: Reload
android.widget.RelativeLayout@40733de8
android.widget.ImageView@40734648
android.widget.TextView: Sort By Price
android.widget.RelativeLayout@40684508
android.widget.ImageView@40684e00
android.widget.TextView: Map View
android.view.View@40627b70
gbis.gbandroid.views.layouts.CustomListView@40710268
android.widget.TableLayout@40602c88
android.widget.TableRow@40605950
android.widget.RelativeLayout@406a4c38
android.widget.RelativeLayout@406b8f90
android.widget.TextView: --
android.widget.TextView: 9
android.widget.TextView: time
android.widget.TextView: Report Price
android.widget.RelativeLayout@40735e88
android.widget.ImageView@40736138
android.widget.TextView: Getty
android.widget.TextView: 208 Branchport Ave & Joline Ave
android.widget.TextView: Long Branch, NJ
android.widget.TextView: 9.63 mi
android.widget.TableLayout@40747388
android.widget.TableRow@40584398
android.widget.RelativeLayout@40558888
android.widget.RelativeLayout@406dbd10
android.widget.TextView: --
android.widget.TextView: 9
android.widget.TextView: time
android.widget.TextView: Report Price
android.widget.RelativeLayout@4068fe48
android.widget.ImageView@40728050
android.widget.TextView: Lukoil
android.widget.TextView: 570 Joline Ave & Branchport Ave
android.widget.TextView: Long Branch, NJ
android.widget.TextView: 9.63 mi
android.widget.TableLayout@406b94a8
android.widget.TableRow@406b9a50
android.widget.RelativeLayout@4065a180
android.widget.RelativeLayout@4065a4c0
android.widget.TextView: --
android.widget.TextView: 9
android.widget.TextView: time
android.widget.TextView: Report Price
android.widget.RelativeLayout@405ca880
android.widget.ImageView@405cac00
android.widget.TextView: Gulf
android.widget.TextView: 3039 NJ-35 N & Poole Ave
android.widget.TextView: Hazlet, NJ
android.widget.TextView: 9.65 mi
android.widget.TableLayout@406dfeb0
android.widget.TableRow@406e0480
android.widget.RelativeLayout@40743bd0
android.widget.RelativeLayout@40743ec8
android.widget.TextView: --
android.widget.TextView: 9
android.widget.TextView: time
android.widget.TextView: Report Price
android.widget.RelativeLayout@4074b6e0
android.widget.ImageView@406f3628
android.widget.TextView: Gulf
android.widget.TextView: 3031 Coney Island Ave & Neptune Ave
android.widget.TextView: Brooklyn, NY
android.widget.TextView: 9.68 mi
android.widget.TableLayout@40678650
android.widget.TableRow@40678c20
android.widget.RelativeLayout@406968c8
android.widget.RelativeLayout@40696ca0
android.widget.TextView: 4.09
android.widget.TextView: 9
android.widget.TextView: 9 hours ago
android.widget.TextView: Update
android.widget.RelativeLayout@40582890
android.widget.ImageView@40703de8
android.widget.TextView: Mobil
android.widget.TextView: 3003 Coney Island  & Guider Ave
android.widget.TextView: Brooklyn, NY
android.widget.TextView: 9.7 mi
android.widget.RelativeLayout@406568a0
