android.widget.LinearLayout@40573fa8
android.widget.FrameLayout@40574790
android.widget.TextView: Restaurant Finder
android.widget.FrameLayout@40575778
android.widget.RelativeLayout@40575c30
android.widget.TextView: Loading my location...
android.widget.TextView: No contents.
android.widget.LinearLayout@40576b20
com.google.ads.AdView@40578e78
g@4057b308
android.widget.ListView@40576df0
android.widget.LinearLayout@405eb6b0
android.widget.LinearLayout@405eb8c8
android.widget.TextView: Simply Sophisticated Chefs LLC
android.widget.LinearLayout@405ebf80
android.widget.TextView: (410) 987-1553
android.widget.TextView: 0.9 Km
android.widget.TextView: 1100 Burkhardt Lane Severn, MD
android.widget.LinearLayout@405e9910
android.widget.LinearLayout@405e9b28
android.widget.TextView: Hellas Restaurant & Lounge
android.widget.LinearLayout@405ea1e0
android.widget.TextView: (410) 987-0948
android.widget.TextView: 2.68 Km
android.widget.TextView: 8498 Veterans Highway Millersville, MD
android.widget.LinearLayout@405e7b70
android.widget.LinearLayout@405e7d88
android.widget.TextView: New Transit Truck Stop
android.widget.LinearLayout@405e8440
android.widget.TextView: (410) 987-1444
android.widget.TextView: 2.76 Km
android.widget.TextView: 8400 Veterans Highway Millersville, MD
android.widget.LinearLayout@405e5dd0
android.widget.LinearLayout@405e5fe8
android.widget.TextView: Wawa Food Market
android.widget.LinearLayout@405e66a0
android.widget.TextView: (410) 729-9991
android.widget.TextView: 2.88 Km
android.widget.TextView: 8300 Veterans Highway Millersville, MD
android.widget.LinearLayout@405e4030
android.widget.LinearLayout@405e4248
android.widget.TextView: Domino's Pizza
android.widget.LinearLayout@405e4900
android.widget.TextView: (410) 987-3000
android.widget.TextView: 2.94 Km
android.widget.TextView: 8258 Veterans Highway #8 Millersville, MD
android.widget.LinearLayout@405e1ea0
android.widget.LinearLayout@405e20b8
android.widget.TextView: Zandi's Grill
android.widget.LinearLayout@405e27b8
android.widget.TextView: (410) 729-7666
android.widget.TextView: 2.94 Km
android.widget.TextView: 8258 Veterans Highway #11 Millersville, MD
android.widget.LinearLayout@40573fa8
android.widget.FrameLayout@40574790
android.widget.TextView: Restaurant Finder
android.widget.FrameLayout@40575778
android.widget.RelativeLayout@40575c30
android.widget.TextView: Loading my location...
android.widget.TextView: No contents.
android.widget.LinearLayout@40576b20
com.google.ads.AdView@40578e78
g@4057b308
android.widget.ListView@40576df0
android.widget.LinearLayout@405e1ea0
android.widget.LinearLayout@405e20b8
android.widget.TextView: Zandi's Grill
android.widget.LinearLayout@405e27b8
android.widget.TextView: (410) 729-7666
android.widget.TextView: 2.94 Km
android.widget.TextView: 8258 Veterans Highway #11 Millersville, MD
android.widget.LinearLayout@40677e10
android.widget.LinearLayout@40678028
android.widget.TextView: Ledo Pizza
android.widget.LinearLayout@406786e0
android.widget.TextView: (410) 729-3333
android.widget.TextView: 2.94 Km
android.widget.TextView: 8531 Veterans Highway Millersville, MD
android.widget.LinearLayout@40679bb0
android.widget.LinearLayout@40679dc8
android.widget.TextView: Little Caesars Pizza
android.widget.LinearLayout@4067a480
android.widget.TextView: (410) 674-4500
android.widget.TextView: 3.04 Km
android.widget.TextView: Annapolis Road Odenton, MD
android.widget.LinearLayout@4067b968
android.widget.LinearLayout@4067bb80
android.widget.TextView: Pizza Hut
android.widget.LinearLayout@4067c238
android.widget.TextView: (410) 674-2640
android.widget.TextView: 3.05 Km
android.widget.TextView: 1107 Odenton Road Odenton, MD
android.widget.LinearLayout@4067d720
android.widget.LinearLayout@4067d938
android.widget.TextView: McDonald's
android.widget.LinearLayout@4067e020
android.widget.TextView: (410) 674-8001
android.widget.TextView: 3.06 Km
android.widget.TextView: 1136 Annapolis Road Odenton, MD
android.widget.LinearLayout@4050f530
android.widget.LinearLayout@4058a110
android.widget.TextView: Dairy Queen
android.widget.LinearLayout@40529480
android.widget.TextView: (410) 551-9223
android.widget.TextView: 3.09 Km
android.widget.TextView: 1140 Annapolis Road Odenton, MD
android.widget.LinearLayout@40573fa8
android.widget.FrameLayout@40574790
android.widget.TextView: Restaurant Finder
android.widget.FrameLayout@40575778
android.widget.RelativeLayout@40575c30
android.widget.TextView: Loading my location...
android.widget.TextView: No contents.
android.widget.LinearLayout@40576b20
com.google.ads.AdView@40578e78
g@4057b308
android.widget.ListView@40576df0
android.widget.LinearLayout@4050f530
android.widget.LinearLayout@4058a110
android.widget.TextView: Dairy Queen
android.widget.LinearLayout@40529480
android.widget.TextView: (410) 551-9223
android.widget.TextView: 3.09 Km
android.widget.TextView: 1140 Annapolis Road Odenton, MD
android.widget.LinearLayout@405eb6b0
android.widget.LinearLayout@405eb8c8
android.widget.TextView: Subway
android.widget.LinearLayout@405ebf80
android.widget.TextView: (410) 672-1843
android.widget.TextView: 3.14 Km
android.widget.TextView: 1125 Annapolis Road Odenton, MD
android.widget.LinearLayout@405e9910
android.widget.LinearLayout@405e9b28
android.widget.TextView: Hunan L'Rose
android.widget.LinearLayout@405ea1e0
android.widget.TextView: (301) 621-9388
android.widget.TextView: 3.17 Km
android.widget.TextView: 1131 Annapolis Road Odenton, MD
android.widget.LinearLayout@405e7b70
android.widget.LinearLayout@405e7d88
android.widget.TextView: Papa John's Pizza
android.widget.LinearLayout@405e8440
android.widget.TextView: (410) 674-7272
android.widget.TextView: 3.19 Km
android.widget.TextView: 1200 Annapolis Road Odenton, MD
android.widget.LinearLayout@405e5dd0
android.widget.LinearLayout@405e5fe8
android.widget.TextView: Three Brothers Pizza
android.widget.LinearLayout@405e66a0
android.widget.TextView: (410) 674-0160
android.widget.TextView: 3.21 Km
android.widget.TextView: 1139 Annapolis Road Odenton, MD
android.widget.LinearLayout@405e4030
android.widget.LinearLayout@405e4248
android.widget.TextView: Perry's Restaurant and Lounge
android.widget.LinearLayout@405e4900
android.widget.TextView: (410) 674-4000
android.widget.TextView: 3.23 Km
android.widget.TextView: 1210 Annapolis Road Odenton, MD
android.widget.LinearLayout@40573fa8
android.widget.FrameLayout@40574790
android.widget.TextView: Restaurant Finder
android.widget.FrameLayout@40575778
android.widget.RelativeLayout@40575c30
android.widget.TextView: Loading my location...
android.widget.TextView: No contents.
android.widget.LinearLayout@40576b20
com.google.ads.AdView@40578e78
g@4057b308
android.widget.ListView@40576df0
android.widget.LinearLayout@405e4030
android.widget.LinearLayout@405e4248
android.widget.TextView: Perry's Restaurant and Lounge
android.widget.LinearLayout@405e4900
android.widget.TextView: (410) 674-4000
android.widget.TextView: 3.23 Km
android.widget.TextView: 1210 Annapolis Road Odenton, MD
android.widget.LinearLayout@405e1ea0
android.widget.LinearLayout@405e20b8
android.widget.TextView: Five Guys Burgers & Fries
android.widget.LinearLayout@405e27b8
android.widget.TextView: (410) 305-0501
android.widget.TextView: 3.23 Km
android.widget.TextView: 1157 Annapolis Road Odenton, MD
android.widget.LinearLayout@40677e10
android.widget.LinearLayout@40678028
android.widget.TextView: Hong Kong Gourmet
android.widget.LinearLayout@406786e0
android.widget.TextView: (410) 672-3970
android.widget.TextView: 3.26 Km
android.widget.TextView: 1215 Annapolis Road Odenton, MD
android.widget.LinearLayout@40679bb0
android.widget.LinearLayout@40679dc8
android.widget.TextView: Todays Pizza Inc
android.widget.LinearLayout@4067a480
android.widget.TextView: (410) 672-1070
android.widget.TextView: 3.3 Km
android.widget.TextView: 1215 Annapolis Road #209 Odenton, MD
android.widget.LinearLayout@4067b968
android.widget.LinearLayout@4067bb80
android.widget.TextView: Taco Bell
android.widget.LinearLayout@4067c238
android.widget.TextView: (410) 969-5001
android.widget.TextView: 3.31 Km
android.widget.TextView: 8081 Veterans Highway Millersville, MD
android.widget.LinearLayout@4067d720
android.widget.LinearLayout@4067d938
android.widget.TextView: A-1 Pizza & Subs
android.widget.LinearLayout@4067e020
android.widget.TextView: (410) 729-0900
android.widget.TextView: 3.35 Km
android.widget.TextView: 695 Old Mill Road Millersville, MD
android.widget.LinearLayout@40573fa8
android.widget.FrameLayout@40574790
android.widget.TextView: Restaurant Finder
android.widget.FrameLayout@40575778
android.widget.RelativeLayout@40575c30
android.widget.TextView: Loading my location...
android.widget.TextView: No contents.
android.widget.LinearLayout@40576b20
com.google.ads.AdView@40578e78
g@4057b308
android.widget.ListView@40576df0
android.widget.LinearLayout@4067d720
android.widget.LinearLayout@4067d938
android.widget.TextView: A-1 Pizza & Subs
android.widget.LinearLayout@4067e020
android.widget.TextView: (410) 729-0900
android.widget.TextView: 3.35 Km
android.widget.TextView: 695 Old Mill Road Millersville, MD
android.widget.LinearLayout@4050f530
android.widget.LinearLayout@4058a110
android.widget.TextView: Lee's Szechuan Restaurant
android.widget.LinearLayout@40529480
android.widget.TextView: (410) 987-6111
android.widget.TextView: 3.42 Km
android.widget.TextView: 672 Old Mill Road Millersville, MD
android.widget.LinearLayout@405eb6b0
android.widget.LinearLayout@405eb8c8
android.widget.TextView: Hunan of Odenton
android.widget.LinearLayout@405ebf80
android.widget.TextView: (410) 672-2735
android.widget.TextView: 3.42 Km
android.widget.TextView: 8318 Telegraph Road Odenton, MD
android.widget.LinearLayout@405e9910
android.widget.LinearLayout@405e9b28
android.widget.TextView: Squisito's of Severn
android.widget.LinearLayout@405ea1e0
android.widget.TextView: (410) 551-8000
android.widget.TextView: 3.45 Km
android.widget.TextView: 8141 Telegraph Road Severn, MD
android.widget.LinearLayout@405e7b70
android.widget.LinearLayout@405e7d88
android.widget.TextView: Domino's Pizza
android.widget.LinearLayout@405e8440
android.widget.TextView: (410) 672-3232
android.widget.TextView: 3.53 Km
android.widget.TextView: 1255 Annapolis Road Odenton, MD
android.widget.LinearLayout@405e5dd0
android.widget.LinearLayout@405e5fe8
android.widget.TextView: Romeo's Pizza
android.widget.LinearLayout@405e66a0
android.widget.TextView: (410) 674-2700
android.widget.TextView: 3.75 Km
android.widget.TextView: 8389 Piney Orchard Parkway Odenton, MD
android.widget.LinearLayout@40573fa8
android.widget.FrameLayout@40574790
android.widget.TextView: Restaurant Finder
android.widget.FrameLayout@40575778
android.widget.RelativeLayout@40575c30
android.widget.TextView: Loading my location...
android.widget.TextView: No contents.
android.widget.LinearLayout@40576b20
com.google.ads.AdView@40578e78
g@4057b308
android.widget.ListView@40576df0
android.widget.LinearLayout@405e5dd0
android.widget.LinearLayout@405e5fe8
android.widget.TextView: Romeo's Pizza
android.widget.LinearLayout@405e66a0
android.widget.TextView: (410) 674-2700
android.widget.TextView: 3.75 Km
android.widget.TextView: 8389 Piney Orchard Parkway Odenton, MD
android.widget.LinearLayout@405e4030
android.widget.LinearLayout@405e4248
android.widget.TextView: Pachanga Grill
android.widget.LinearLayout@405e4900
android.widget.TextView: (410) 551-9318
android.widget.TextView: 3.77 Km
android.widget.TextView: 8395 Piney Orchard Parkway Odenton, MD
android.widget.LinearLayout@405e1ea0
android.widget.LinearLayout@405e20b8
android.widget.TextView: Expressway Pit Beef
android.widget.LinearLayout@405e27b8
android.widget.TextView: (410) 674-7016
android.widget.TextView: 3.84 Km
android.widget.TextView: 8388 Piney Orchard Parkway Odenton, MD
android.widget.LinearLayout@40677e10
android.widget.LinearLayout@40678028
android.widget.TextView: Crab Galley
android.widget.LinearLayout@406786e0
android.widget.TextView: (410) 672-1272
android.widget.TextView: 3.9 Km
android.widget.TextView: 1351 Odenton Road Odenton, MD
android.widget.LinearLayout@40679bb0
android.widget.LinearLayout@40679dc8
android.widget.TextView: Bangkok Kitchen Thai Restaurant
android.widget.LinearLayout@4067a480
android.widget.TextView: (410) 674-6812
android.widget.TextView: 6.0 Km
android.widget.TextView: 1696 Annapolis Road Odenton, MD
android.widget.LinearLayout@4067b968
android.widget.LinearLayout@4067bb80
android.widget.TextView: Hana Japanese Cuisine
android.widget.LinearLayout@4067c238
android.widget.TextView: (410) 695-1666
android.widget.TextView: 6.07 Km
android.widget.TextView: 8743 Piney Orchard Parkway Odenton, MD
android.widget.LinearLayout@40573fa8
android.widget.FrameLayout@40574790
android.widget.TextView: Restaurant Finder
android.widget.FrameLayout@40575778
android.widget.RelativeLayout@40575c30
android.widget.TextView: Loading my location...
android.widget.TextView: No contents.
android.widget.LinearLayout@40576b20
com.google.ads.AdView@40578e78
g@4057b308
android.widget.ListView@40576df0
android.widget.LinearLayout@405e1ea0
android.widget.LinearLayout@405e20b8
android.widget.TextView: Expressway Pit Beef
android.widget.LinearLayout@405e27b8
android.widget.TextView: (410) 674-7016
android.widget.TextView: 3.84 Km
android.widget.TextView: 8388 Piney Orchard Parkway Odenton, MD
android.widget.LinearLayout@40677e10
android.widget.LinearLayout@40678028
android.widget.TextView: Crab Galley
android.widget.LinearLayout@406786e0
android.widget.TextView: (410) 672-1272
android.widget.TextView: 3.9 Km
android.widget.TextView: 1351 Odenton Road Odenton, MD
android.widget.LinearLayout@40679bb0
android.widget.LinearLayout@40679dc8
android.widget.TextView: Bangkok Kitchen Thai Restaurant
android.widget.LinearLayout@4067a480
android.widget.TextView: (410) 674-6812
android.widget.TextView: 6.0 Km
android.widget.TextView: 1696 Annapolis Road Odenton, MD
android.widget.LinearLayout@4067b968
android.widget.LinearLayout@4067bb80
android.widget.TextView: Hana Japanese Cuisine
android.widget.LinearLayout@4067c238
android.widget.TextView: (410) 695-1666
android.widget.TextView: 6.07 Km
android.widget.TextView: 8743 Piney Orchard Parkway Odenton, MD
android.widget.LinearLayout@4067d720
android.widget.LinearLayout@4067d938
android.widget.TextView: mamma roma
android.widget.LinearLayout@4067e020
android.widget.TextView: (410) 695-0247
android.widget.TextView: 6.14 Km
android.widget.TextView: 102-103, 8743 Piney Orchard Parkway Odenton, MD
