android.widget.LinearLayout@40573ff0
android.widget.FrameLayout@405747d8
android.widget.TextView: Restaurant Finder
android.widget.FrameLayout@405757c0
android.widget.RelativeLayout@40575c78
android.widget.TextView: Loading my location...
android.widget.TextView: No contents.
android.widget.LinearLayout@40576b68
com.google.ads.AdView@40578ec0
g@4057b350
android.widget.ListView@40576e38
android.widget.LinearLayout@4051e8f8
android.widget.LinearLayout@4052de20
android.widget.TextView: Los Portales
android.widget.LinearLayout@405720b0
android.widget.TextView: (410) 766-9800
android.widget.TextView: 0.51 Km
android.widget.TextView: 6938 Aviation Boulevard Glen Burnie, MD
android.widget.LinearLayout@40526ac0
android.widget.LinearLayout@40570630
android.widget.TextView: Aviation Deli & Grill
android.widget.LinearLayout@405a9f00
android.widget.TextView: (410) 590-1233
android.widget.TextView: 0.52 Km
android.widget.TextView: 6938 Aviation Boulevard Glen Burnie, MD
android.widget.LinearLayout@405ab028
android.widget.LinearLayout@4068a6e8
android.widget.TextView: Subway
android.widget.LinearLayout@4051fd40
android.widget.TextView: (410) 553-9942
android.widget.TextView: 0.54 Km
android.widget.TextView: 6938 Aviation Boulevard Glen Burnie, MD
android.widget.LinearLayout@4057e360
android.widget.LinearLayout@40582720
android.widget.TextView: HMS Host
android.widget.LinearLayout@405522d8
android.widget.TextView: (410) 691-2359
android.widget.TextView: 0.84 Km
android.widget.TextView: Baltimore, MD
android.widget.LinearLayout@4068e048
android.widget.LinearLayout@40596260
android.widget.TextView: Willy's Inc
android.widget.LinearLayout@4053c3c8
android.widget.TextView: (410) 761-8001
android.widget.TextView: 0.88 Km
android.widget.TextView: 7271 Baltimore Annapolis Boulevard Glen Burnie, MD
android.widget.LinearLayout@40573ff0
android.widget.FrameLayout@405747d8
android.widget.TextView: Restaurant Finder
android.widget.FrameLayout@405757c0
android.widget.RelativeLayout@40575c78
android.widget.TextView: Loading my location...
android.widget.TextView: No contents.
android.widget.LinearLayout@40576b68
com.google.ads.AdView@40578ec0
g@4057b350
android.widget.ListView@40576e38
android.widget.LinearLayout@4068e048
android.widget.LinearLayout@40596260
android.widget.TextView: Willy's Inc
android.widget.LinearLayout@4053c3c8
android.widget.TextView: (410) 761-8001
android.widget.TextView: 0.88 Km
android.widget.TextView: 7271 Baltimore Annapolis Boulevard Glen Burnie, MD
android.widget.LinearLayout@405ba210
android.widget.LinearLayout@405ba360
android.widget.TextView: China King
android.widget.LinearLayout@4068b0f8
android.widget.TextView: (410) 787-8888
android.widget.TextView: 1.02 Km
android.widget.TextView: 7165 Baltimore Annapolis Boulevard Glen Burnie, MD
android.widget.LinearLayout@40530c20
android.widget.LinearLayout@405f5f18
android.widget.TextView: McDonald's
android.widget.LinearLayout@4068c878
android.widget.TextView: (410) 761-7617
android.widget.TextView: 1.63 Km
android.widget.TextView: 7379 Baltimore Annapolis Boulevard Glen Burnie, MD
android.widget.LinearLayout@405f52d0
android.widget.LinearLayout@405f54e8
android.widget.TextView: California Tortilla
android.widget.LinearLayout@4068fb40
android.widget.TextView: (410) 694-0002
android.widget.TextView: 1.68 Km
android.widget.TextView: A/B Central Concourse Baltimore Washington International Airport
android.widget.LinearLayout@4050f240
android.widget.LinearLayout@4055c708
android.widget.TextView: KFC
android.widget.LinearLayout@4055cda0
android.widget.TextView: (410) 760-5687
android.widget.TextView: 1.69 Km
android.widget.TextView: 7395 Baltimore Annapolis Boulevard Glen Burnie, MD
android.widget.LinearLayout@40573ff0
android.widget.FrameLayout@405747d8
android.widget.TextView: Restaurant Finder
android.widget.FrameLayout@405757c0
android.widget.RelativeLayout@40575c78
android.widget.TextView: Loading my location...
android.widget.TextView: No contents.
android.widget.LinearLayout@40576b68
com.google.ads.AdView@40578ec0
g@4057b350
android.widget.ListView@40576e38
android.widget.LinearLayout@4050f240
android.widget.LinearLayout@4055c708
android.widget.TextView: KFC
android.widget.LinearLayout@4055cda0
android.widget.TextView: (410) 760-5687
android.widget.TextView: 1.69 Km
android.widget.TextView: 7395 Baltimore Annapolis Boulevard Glen Burnie, MD
android.widget.LinearLayout@4051e8f8
android.widget.LinearLayout@4052de20
android.widget.TextView: Hong Kong Chinese Restaurant
android.widget.LinearLayout@405720b0
android.widget.TextView: (410) 766-2268
android.widget.TextView: 1.72 Km
android.widget.TextView: 7389 Baltimore Annapolis Boulevard Glen Burnie, MD
android.widget.LinearLayout@40526ac0
android.widget.LinearLayout@40570630
android.widget.TextView: Silver Diner
android.widget.LinearLayout@405a9f00
android.widget.TextView: (410) 694-0990
android.widget.TextView: 1.9 Km
android.widget.TextView: 7062 Elm Road Baltimore, MD
android.widget.LinearLayout@405ab028
android.widget.LinearLayout@4068a6e8
android.widget.TextView: Timbuktu Restaurant
android.widget.LinearLayout@4051fd40
android.widget.TextView: (410) 768-4331
android.widget.TextView: 1.94 Km
android.widget.TextView: 1726 Dorsey Road Glen Burnie, MD
android.widget.LinearLayout@4057e360
android.widget.LinearLayout@40582720
android.widget.TextView: Buffalo Wings & Beer
android.widget.LinearLayout@405522d8
android.widget.TextView: (410) 760-2337
android.widget.TextView: 2.2 Km
android.widget.TextView: 7089 Baltimore Annapolis Boulevard Glen Burnie, MD
android.widget.LinearLayout@40573ff0
android.widget.FrameLayout@405747d8
android.widget.TextView: Restaurant Finder
android.widget.FrameLayout@405757c0
android.widget.RelativeLayout@40575c78
android.widget.TextView: Loading my location...
android.widget.TextView: No contents.
android.widget.LinearLayout@40576b68
com.google.ads.AdView@40578ec0
g@4057b350
android.widget.ListView@40576e38
android.widget.LinearLayout@4057e360
android.widget.LinearLayout@40582720
android.widget.TextView: Buffalo Wings & Beer
android.widget.LinearLayout@405522d8
android.widget.TextView: (410) 760-2337
android.widget.TextView: 2.2 Km
android.widget.TextView: 7089 Baltimore Annapolis Boulevard Glen Burnie, MD
android.widget.LinearLayout@4068e048
android.widget.LinearLayout@40596260
android.widget.TextView: Ocean Chinese Carry Out
android.widget.LinearLayout@4053c3c8
android.widget.TextView: (410) 691-2222
android.widget.TextView: 2.3 Km
android.widget.TextView: 529 Camp Meade Road Linthicum Hts, MD
android.widget.LinearLayout@405ba210
android.widget.LinearLayout@405ba360
android.widget.TextView: Papa John's Pizza
android.widget.LinearLayout@4068b0f8
android.widget.TextView: (410) 684-2777
android.widget.TextView: 2.32 Km
android.widget.TextView: 529 South Camp Meade Road Linthicum Heights, MD
android.widget.LinearLayout@40530c20
android.widget.LinearLayout@405f5f18
android.widget.TextView: Matsu Japanese Restaurant
android.widget.LinearLayout@4068c878
android.widget.TextView: (410) 850-0009
android.widget.TextView: 2.37 Km
android.widget.TextView: 517 South Camp Meade Road Linthicum Hts, MD
android.widget.LinearLayout@405f52d0
android.widget.LinearLayout@405f54e8
android.widget.TextView: Seaside Restaurant
android.widget.LinearLayout@4068fb40
android.widget.TextView: (410) 760-2200
android.widget.TextView: 2.56 Km
android.widget.TextView: 224 Crain Highway North Glen Burnie, MD
android.widget.LinearLayout@40573ff0
android.widget.FrameLayout@405747d8
android.widget.TextView: Restaurant Finder
android.widget.FrameLayout@405757c0
android.widget.RelativeLayout@40575c78
android.widget.TextView: Loading my location...
android.widget.TextView: No contents.
android.widget.LinearLayout@40576b68
com.google.ads.AdView@40578ec0
g@4057b350
android.widget.ListView@40576e38
android.widget.LinearLayout@405f52d0
android.widget.LinearLayout@405f54e8
android.widget.TextView: Seaside Restaurant
android.widget.LinearLayout@4068fb40
android.widget.TextView: (410) 760-2200
android.widget.TextView: 2.56 Km
android.widget.TextView: 224 Crain Highway North Glen Burnie, MD
android.widget.LinearLayout@4050f240
android.widget.LinearLayout@4055c708
android.widget.TextView: Goong Jeon Restaurant
android.widget.LinearLayout@4055cda0
android.widget.TextView: (410) 768-9788
android.widget.TextView: 2.58 Km
android.widget.TextView: 202 Crain Highway North Glen Burnie, MD
android.widget.LinearLayout@4051e8f8
android.widget.LinearLayout@4052de20
android.widget.TextView: IHOP
android.widget.LinearLayout@405720b0
android.widget.TextView: (410) 760-0194
android.widget.TextView: 2.76 Km
android.widget.TextView: 7142 Ritchie Highway Glen Burnie, MD
android.widget.LinearLayout@40526ac0
android.widget.LinearLayout@40570630
android.widget.TextView: Mo's Seafood Factory Restaurant & Market
android.widget.LinearLayout@405a9f00
android.widget.TextView: (410) 768-1000
android.widget.TextView: 2.79 Km
android.widget.TextView: 7146 Ritchie Highway Glen Burnie, MD
android.widget.LinearLayout@405ab028
android.widget.LinearLayout@4068a6e8
android.widget.TextView: Checkers Drive-In Restaurant
android.widget.LinearLayout@4051fd40
android.widget.TextView: (410) 761-3830
android.widget.TextView: 3.09 Km
android.widget.TextView: 1417 Crain Highway North Glen Burnie, MD
android.widget.LinearLayout@40573ff0
android.widget.FrameLayout@405747d8
android.widget.TextView: Restaurant Finder
android.widget.FrameLayout@405757c0
android.widget.RelativeLayout@40575c78
android.widget.TextView: Loading my location...
android.widget.TextView: No contents.
android.widget.LinearLayout@40576b68
com.google.ads.AdView@40578ec0
g@4057b350
android.widget.ListView@40576e38
android.widget.LinearLayout@405ab028
android.widget.LinearLayout@4068a6e8
android.widget.TextView: Checkers Drive-In Restaurant
android.widget.LinearLayout@4051fd40
android.widget.TextView: (410) 761-3830
android.widget.TextView: 3.09 Km
android.widget.TextView: 1417 Crain Highway North Glen Burnie, MD
android.widget.LinearLayout@4057e360
android.widget.LinearLayout@40582720
android.widget.TextView: Olive Tree Inc
android.widget.LinearLayout@405522d8
android.widget.TextView: (410) 761-8237
android.widget.TextView: 3.1 Km
android.widget.TextView: 7005 Ritchie Highway Glen Burnie, MD
android.widget.LinearLayout@4068e048
android.widget.LinearLayout@40596260
android.widget.TextView: Greenhouse Grill
android.widget.LinearLayout@4053c3c8
android.widget.TextView: (410) 787-9880
android.widget.TextView: 3.1 Km
android.widget.TextView: 6914 Ritchie Highway Glen Burnie, MD
android.widget.LinearLayout@405ba210
android.widget.LinearLayout@405ba360
android.widget.TextView: Romanos Restaurant
android.widget.LinearLayout@4068b0f8
android.widget.TextView: (410) 768-8188
android.widget.TextView: 3.19 Km
android.widget.TextView: 6905 Ritchie Highway Glen Burnie, MD
android.widget.LinearLayout@40530c20
android.widget.LinearLayout@405f5f18
android.widget.TextView: Pizza Hut
android.widget.LinearLayout@4068c878
android.widget.TextView: (410) 761-5646
android.widget.TextView: 3.3 Km
android.widget.TextView: 6712 Ritchie Highway Glen Burnie, MD
android.widget.LinearLayout@405f7a60
android.widget.LinearLayout@405f7c78
android.widget.TextView: Acqua Restaurant
android.widget.LinearLayout@405f8330
android.widget.TextView: (443) 577-2500
android.widget.TextView: 3.35 Km
android.widget.TextView: 1739 West Nursery Road Linthicum Hts, MD
android.widget.LinearLayout@40573ff0
android.widget.FrameLayout@405747d8
android.widget.TextView: Restaurant Finder
android.widget.FrameLayout@405757c0
android.widget.RelativeLayout@40575c78
android.widget.TextView: Loading my location...
android.widget.TextView: No contents.
android.widget.LinearLayout@40576b68
com.google.ads.AdView@40578ec0
g@4057b350
android.widget.ListView@40576e38
android.widget.LinearLayout@405f7a60
android.widget.LinearLayout@405f7c78
android.widget.TextView: Acqua Restaurant
android.widget.LinearLayout@405f8330
android.widget.TextView: (443) 577-2500
android.widget.TextView: 3.35 Km
android.widget.TextView: 1739 West Nursery Road Linthicum Hts, MD
android.widget.LinearLayout@405f52d0
android.widget.LinearLayout@405f54e8
android.widget.TextView: Bonefish Grill
android.widget.LinearLayout@4068fb40
android.widget.TextView: (410) 553-0299
android.widget.TextView: 3.41 Km
android.widget.TextView: 6711 Governor Ritchie Highway Glen Burnie, MD
android.widget.LinearLayout@4050f240
android.widget.LinearLayout@4055c708
android.widget.TextView: Five Guys Burgers & Fries
android.widget.LinearLayout@4055cda0
android.widget.TextView: (410) 590-3933
android.widget.TextView: 3.41 Km
android.widget.TextView: 6711 Ritchie Highway Glen Burnie, MD
android.widget.LinearLayout@4051e8f8
android.widget.LinearLayout@4052de20
android.widget.TextView: Bob Evans Restaurant
android.widget.LinearLayout@405720b0
android.widget.TextView: (410) 768-3034
android.widget.TextView: 3.44 Km
android.widget.TextView: 6620 Ritchie Highway Glen Burnie, MD
android.widget.LinearLayout@40526ac0
android.widget.LinearLayout@40570630
android.widget.TextView: Chuck E. Cheese's
android.widget.LinearLayout@405a9f00
android.widget.TextView: (410) 761-3334
android.widget.TextView: 3.48 Km
android.widget.TextView: 6637 Governor Ritchie Highway Glen Burnie, MD
android.widget.LinearLayout@40573ff0
android.widget.FrameLayout@405747d8
android.widget.TextView: Restaurant Finder
android.widget.FrameLayout@405757c0
android.widget.RelativeLayout@40575c78
android.widget.TextView: Loading my location...
android.widget.TextView: No contents.
android.widget.LinearLayout@40576b68
com.google.ads.AdView@40578ec0
g@4057b350
android.widget.ListView@40576e38
android.widget.LinearLayout@40526ac0
android.widget.LinearLayout@40570630
android.widget.TextView: Chuck E. Cheese's
android.widget.LinearLayout@405a9f00
android.widget.TextView: (410) 761-3334
android.widget.TextView: 3.48 Km
android.widget.TextView: 6637 Governor Ritchie Highway Glen Burnie, MD
android.widget.LinearLayout@405ab028
android.widget.LinearLayout@4068a6e8
android.widget.TextView: Panera Bread
android.widget.LinearLayout@4051fd40
android.widget.TextView: (410) 766-6356
android.widget.TextView: 3.59 Km
android.widget.TextView: 6633 Ritchie Highway Glen Burnie, MD
android.widget.LinearLayout@4057e360
android.widget.LinearLayout@40582720
android.widget.TextView: Golden Corral
android.widget.LinearLayout@405522d8
android.widget.TextView: (410) 590-0270
android.widget.TextView: 3.76 Km
android.widget.TextView: 6701 Chesapeake Center Drive Glen Burnie, MD
android.widget.LinearLayout@4068e048
android.widget.LinearLayout@40596260
android.widget.TextView: Sunset Restaurant
android.widget.LinearLayout@4053c3c8
android.widget.TextView: (410) 768-1417
android.widget.TextView: 3.93 Km
android.widget.TextView: 625 Greenway Road Southeast Glen Burnie, MD
android.widget.LinearLayout@405ba210
android.widget.LinearLayout@405ba360
android.widget.TextView: McDonald's
android.widget.LinearLayout@4068b0f8
android.widget.TextView: (410) 768-6350
android.widget.TextView: 4.67 Km
android.widget.TextView: 569 East Ordnance Road Glen Burnie, MD
android.widget.LinearLayout@40573ff0
android.widget.FrameLayout@405747d8
android.widget.TextView: Restaurant Finder
android.widget.FrameLayout@405757c0
android.widget.RelativeLayout@40575c78
android.widget.TextView: Loading my location...
android.widget.TextView: No contents.
android.widget.LinearLayout@40576b68
com.google.ads.AdView@40578ec0
g@4057b350
android.widget.ListView@40576e38
android.widget.LinearLayout@405ba210
android.widget.LinearLayout@405ba360
android.widget.TextView: McDonald's
android.widget.LinearLayout@4068b0f8
android.widget.TextView: (410) 768-6350
android.widget.TextView: 4.67 Km
android.widget.TextView: 569 East Ordnance Road Glen Burnie, MD
android.widget.LinearLayout@405f7a60
android.widget.LinearLayout@405f7c78
android.widget.TextView: SP Bay Meadow Grill LLC
android.widget.LinearLayout@405f8330
android.widget.TextView: (410) 787-7495
android.widget.TextView: 4.68 Km
android.widget.TextView: 6711 Baymeadow Drive Glen Burnie, MD
android.widget.LinearLayout@405f52d0
android.widget.LinearLayout@405f54e8
android.widget.TextView: Canada Dry Potomac Corporation
android.widget.LinearLayout@4068fb40
android.widget.TextView: (410) 760-7770
android.widget.TextView: 4.9 Km
android.widget.TextView: 6719 Dover Road Glen Burnie, MD
android.widget.LinearLayout@4050f240
android.widget.LinearLayout@4055c708
android.widget.TextView: Olive Grove Restaurant
android.widget.LinearLayout@4055cda0
android.widget.TextView: (410) 636-1385
android.widget.TextView: 4.94 Km
android.widget.TextView: 705 North Hammonds Ferry Road Linthicum Hts, MD
android.widget.LinearLayout@4051e8f8
android.widget.LinearLayout@4052de20
android.widget.TextView: G & M Restaurant & Lounge
android.widget.LinearLayout@405720b0
android.widget.TextView: (410) 636-1777
android.widget.TextView: 5.26 Km
android.widget.TextView: 804 Hammonds Ferry Road Linthicum Heights, MD
android.widget.LinearLayout@40573ff0
android.widget.FrameLayout@405747d8
android.widget.TextView: Restaurant Finder
android.widget.FrameLayout@405757c0
android.widget.RelativeLayout@40575c78
android.widget.TextView: Loading my location...
android.widget.TextView: No contents.
android.widget.LinearLayout@40576b68
com.google.ads.AdView@40578ec0
g@4057b350
android.widget.ListView@40576e38
android.widget.LinearLayout@4051e8f8
android.widget.LinearLayout@4052de20
android.widget.TextView: G & M Restaurant & Lounge
android.widget.LinearLayout@405720b0
android.widget.TextView: (410) 636-1777
android.widget.TextView: 5.26 Km
android.widget.TextView: 804 Hammonds Ferry Road Linthicum Heights, MD
android.widget.LinearLayout@40526ac0
android.widget.LinearLayout@40570630
android.widget.TextView: El Salto Inc
android.widget.LinearLayout@405a9f00
android.widget.TextView: (410) 789-1621
android.widget.TextView: 5.39 Km
android.widget.TextView: 5513 Ritchie Highway Baltimore, MD
android.widget.LinearLayout@405ab028
android.widget.LinearLayout@4068a6e8
android.widget.TextView: Domino's Pizza
android.widget.LinearLayout@4051fd40
android.widget.TextView: (410) 636-3030
android.widget.TextView: 5.4 Km
android.widget.TextView: 5507 Ritchie Highway Brooklyn Park, MD
android.widget.LinearLayout@4057e360
android.widget.LinearLayout@40582720
android.widget.TextView: Reckless Ric's
android.widget.LinearLayout@405522d8
android.widget.TextView: (410) 590-2280
android.widget.TextView: 5.42 Km
android.widget.TextView: 1702 Furnace Drive Glen Burnie, MD
android.widget.LinearLayout@4068e048
android.widget.LinearLayout@40596260
android.widget.TextView: Mutiny Pirate Bar and Island Grille
android.widget.LinearLayout@4053c3c8
android.widget.TextView: (410) 787-2050
android.widget.TextView: 5.53 Km
android.widget.TextView: 1653 Marley Avenue Glen Burnie, MD
android.widget.LinearLayout@40573ff0
android.widget.FrameLayout@405747d8
android.widget.TextView: Restaurant Finder
android.widget.FrameLayout@405757c0
android.widget.RelativeLayout@40575c78
android.widget.TextView: Loading my location...
android.widget.TextView: No contents.
android.widget.LinearLayout@40576b68
com.google.ads.AdView@40578ec0
g@4057b350
android.widget.ListView@40576e38
android.widget.LinearLayout@4068e048
android.widget.LinearLayout@40596260
android.widget.TextView: Mutiny Pirate Bar and Island Grille
android.widget.LinearLayout@4053c3c8
android.widget.TextView: (410) 787-2050
android.widget.TextView: 5.53 Km
android.widget.TextView: 1653 Marley Avenue Glen Burnie, MD
android.widget.LinearLayout@405ba210
android.widget.LinearLayout@405ba360
android.widget.TextView: Popeye's Chicken & Biscuits
android.widget.LinearLayout@4068b0f8
android.widget.TextView: (410) 789-2264
android.widget.TextView: 5.54 Km
android.widget.TextView: 5317 Ritchie Highway Baltimore, MD
android.widget.LinearLayout@405f7a60
android.widget.LinearLayout@405f7c78
android.widget.TextView: Linda's Steak Subs
android.widget.LinearLayout@405f8330
android.widget.TextView: (410) 636-0566
android.widget.TextView: 5.77 Km
android.widget.TextView: 5014 Ritchie Highway Baltimore, MD
android.widget.LinearLayout@405f52d0
android.widget.LinearLayout@405f54e8
android.widget.TextView: McDonald's
android.widget.LinearLayout@4068fb40
android.widget.TextView: (410) 789-5551
android.widget.TextView: 5.78 Km
android.widget.TextView: 5045 Ritchie Highway Brooklyn, MD
android.widget.LinearLayout@4050f240
android.widget.LinearLayout@4055c708
android.widget.TextView: Papa John's Pizza
android.widget.LinearLayout@4055cda0
android.widget.TextView: (410) 850-7272
android.widget.TextView: 5.97 Km
android.widget.TextView: 4809 Ritchie Highway Brooklyn, MD
android.widget.LinearLayout@40573ff0
android.widget.FrameLayout@405747d8
android.widget.TextView: Restaurant Finder
android.widget.FrameLayout@405757c0
android.widget.RelativeLayout@40575c78
android.widget.TextView: Loading my location...
android.widget.TextView: No contents.
android.widget.LinearLayout@40576b68
com.google.ads.AdView@40578ec0
g@4057b350
android.widget.ListView@40576e38
android.widget.LinearLayout@4050f240
android.widget.LinearLayout@4055c708
android.widget.TextView: Papa John's Pizza
android.widget.LinearLayout@4055cda0
android.widget.TextView: (410) 850-7272
android.widget.TextView: 5.97 Km
android.widget.TextView: 4809 Ritchie Highway Brooklyn, MD
android.widget.LinearLayout@4051e8f8
android.widget.LinearLayout@4052de20
android.widget.TextView: The Elkridge Furnace Inn
android.widget.LinearLayout@405720b0
android.widget.TextView: (410) 379-9336
android.widget.TextView: 5.98 Km
android.widget.TextView: 5745 Furnace Avenue Elkridge, MD
android.widget.LinearLayout@40526ac0
android.widget.LinearLayout@40570630
android.widget.TextView: Sharks Tooth
android.widget.LinearLayout@405a9f00
android.widget.TextView: (410) 789-2796
android.widget.TextView: 6.65 Km
android.widget.TextView: 401 Highland Ave Baltimore, MD
android.widget.LinearLayout@405ab028
android.widget.LinearLayout@4068a6e8
android.widget.TextView: Maynard's Cafe
android.widget.LinearLayout@4051fd40
android.widget.TextView: (410) 355-8924
android.widget.TextView: 6.89 Km
android.widget.TextView: 3916 South Hanover Street Baltimore, MD
android.widget.LinearLayout@4057e360
android.widget.LinearLayout@40582720
android.widget.TextView: Price's Seafood Carry Out
android.widget.LinearLayout@405522d8
android.widget.TextView: (410) 355-4725
android.widget.TextView: 7.01 Km
android.widget.TextView: 17 Talbott Street Baltimore, MD
android.widget.LinearLayout@40530c20
android.widget.LinearLayout@405f5f18
android.widget.TextView: Crab Alley Inc
android.widget.LinearLayout@4068c878
android.widget.TextView: (410) 354-1190
android.widget.TextView: 7.11 Km
android.widget.TextView: 3733 South Hanover Street Baltimore, MD
android.widget.LinearLayout@40573ff0
android.widget.FrameLayout@405747d8
android.widget.TextView: Restaurant Finder
android.widget.FrameLayout@405757c0
android.widget.RelativeLayout@40575c78
android.widget.TextView: Loading my location...
android.widget.TextView: No contents.
android.widget.LinearLayout@40576b68
com.google.ads.AdView@40578ec0
g@4057b350
android.widget.ListView@40576e38
android.widget.LinearLayout@40530c20
android.widget.LinearLayout@405f5f18
android.widget.TextView: Crab Alley Inc
android.widget.LinearLayout@4068c878
android.widget.TextView: (410) 354-1190
android.widget.TextView: 7.11 Km
android.widget.TextView: 3733 South Hanover Street Baltimore, MD
android.widget.LinearLayout@4068e048
android.widget.LinearLayout@40596260
android.widget.TextView: Castle
android.widget.LinearLayout@4053c3c8
android.widget.TextView: (410) 355-2227
android.widget.TextView: 7.12 Km
android.widget.TextView: 3720 Potee Street Baltimore, MD
android.widget.LinearLayout@405ba210
android.widget.LinearLayout@405ba360
android.widget.TextView: Panda Mexican Grill
android.widget.LinearLayout@4068b0f8
android.widget.TextView: (410) 355-6411
android.widget.TextView: 7.18 Km
android.widget.TextView: 3720 South Hanover Street Brooklyn, MD
android.widget.LinearLayout@405f7a60
android.widget.LinearLayout@405f7c78
android.widget.TextView: McDonald's
android.widget.LinearLayout@405f8330
android.widget.TextView: (410) 354-0651
android.widget.TextView: 7.28 Km
android.widget.TextView: 101 West Patapsco Avenue Baltimore, MD
android.widget.LinearLayout@405f52d0
android.widget.LinearLayout@405f54e8
android.widget.TextView: Peking House
android.widget.LinearLayout@4068fb40
android.widget.TextView: (410) 355-6322
android.widget.TextView: 7.31 Km
android.widget.TextView: 3606 South Hanover Street Baltimore, MD
android.widget.LinearLayout@405278a8
android.widget.LinearLayout@4052ad10
android.widget.TextView: Road Runner Pizza
android.widget.LinearLayout@405537b8
android.widget.TextView: (410) 355-5722
android.widget.TextView: 7.4 Km
android.widget.TextView: 402 East Patapsco Avenue Baltimore, MD
android.widget.LinearLayout@40573ff0
android.widget.FrameLayout@405747d8
android.widget.TextView: Restaurant Finder
android.widget.FrameLayout@405757c0
android.widget.RelativeLayout@40575c78
android.widget.TextView: Loading my location...
android.widget.TextView: No contents.
android.widget.LinearLayout@40576b68
com.google.ads.AdView@40578ec0
g@4057b350
android.widget.ListView@40576e38
android.widget.LinearLayout@405278a8
android.widget.LinearLayout@4052ad10
android.widget.TextView: Road Runner Pizza
android.widget.LinearLayout@405537b8
android.widget.TextView: (410) 355-5722
android.widget.TextView: 7.4 Km
android.widget.TextView: 402 East Patapsco Avenue Baltimore, MD
android.widget.LinearLayout@4050f240
android.widget.LinearLayout@4055c708
android.widget.TextView: Subway
android.widget.LinearLayout@4055cda0
android.widget.TextView: (410) 355-6333
android.widget.TextView: 7.43 Km
android.widget.TextView: 605 East Patapsco Avenue Brooklyn, MD
android.widget.LinearLayout@4051e8f8
android.widget.LinearLayout@4052de20
android.widget.TextView: New York Fried Chicken
android.widget.LinearLayout@405720b0
android.widget.TextView: (410) 355-6767
android.widget.TextView: 7.44 Km
android.widget.TextView: 542 East Patapsco Avenue Brooklyn, MD
android.widget.LinearLayout@40526ac0
android.widget.LinearLayout@40570630
android.widget.TextView: Ultimate Pizza
android.widget.LinearLayout@405a9f00
android.widget.TextView: (410) 350-0123
android.widget.TextView: 7.48 Km
android.widget.TextView: 813 East Patapsco Avenue Baltimore, MD
android.widget.LinearLayout@405ab028
android.widget.LinearLayout@4068a6e8
android.widget.TextView: 895 Grill
android.widget.LinearLayout@4051fd40
android.widget.TextView: (410) 354-1968
android.widget.TextView: 7.51 Km
android.widget.TextView: 101 Chesapeake Avenue Baltimore, MD
android.widget.LinearLayout@4057e360
android.widget.LinearLayout@40582720
android.widget.TextView: Panache Cuisine, LLC
android.widget.LinearLayout@405522d8
android.widget.TextView: (410) 760-4800
android.widget.TextView: 7.63 Km
android.widget.TextView: 3501 7th Street Baltimore, MD
android.widget.LinearLayout@40573ff0
android.widget.FrameLayout@405747d8
android.widget.TextView: Restaurant Finder
android.widget.FrameLayout@405757c0
android.widget.RelativeLayout@40575c78
android.widget.TextView: Loading my location...
android.widget.TextView: No contents.
android.widget.LinearLayout@40576b68
com.google.ads.AdView@40578ec0
g@4057b350
android.widget.ListView@40576e38
android.widget.LinearLayout@4057e360
android.widget.LinearLayout@40582720
android.widget.TextView: Panache Cuisine, LLC
android.widget.LinearLayout@405522d8
android.widget.TextView: (410) 760-4800
android.widget.TextView: 7.63 Km
android.widget.TextView: 3501 7th Street Baltimore, MD
android.widget.LinearLayout@40530c20
android.widget.LinearLayout@405f5f18
android.widget.TextView: Nabbs Creek Dockbar
android.widget.LinearLayout@4068c878
android.widget.TextView: (410) 437-3737
android.widget.TextView: 9.12 Km
android.widget.TextView: 864 Nabbs Creek Road Glen Burnie, MD
android.widget.LinearLayout@4068e048
android.widget.LinearLayout@40596260
android.widget.TextView: Nick's Fish House & Grill
android.widget.LinearLayout@4053c3c8
android.widget.TextView: (410) 347-4123
android.widget.TextView: 9.47 Km
android.widget.TextView: 2600 Insulator Drive Baltimore, MD
android.widget.LinearLayout@405ba210
android.widget.LinearLayout@405ba360
android.widget.TextView: Beefalo Bob's
android.widget.LinearLayout@4068b0f8
android.widget.TextView: (410) 360-3500
android.widget.TextView: 10.03 Km
android.widget.TextView: 8015 Ft. Smallwood Rd. Baltimore, MD
android.widget.LinearLayout@405f7a60
android.widget.LinearLayout@405f7c78
android.widget.TextView: Matthew's 1600
android.widget.LinearLayout@405f8330
android.widget.TextView: (410) 788-2500
android.widget.TextView: 13.11 Km
android.widget.TextView: 1600 Frederick Road Catonsville, MD
android.widget.LinearLayout@405f52d0
android.widget.LinearLayout@405f54e8
android.widget.TextView: Candle Light Inn
android.widget.LinearLayout@4068fb40
android.widget.TextView: (410) 788-6076
android.widget.TextView: 13.45 Km
android.widget.TextView: 1835 Frederick Road Catonsville, MD
