android.widget.LinearLayout@40573fb8
android.widget.FrameLayout@405747a0
android.widget.TextView: Restaurant Finder
android.widget.FrameLayout@40575788
android.widget.RelativeLayout@40575c40
android.widget.TextView: Loading my location...
android.widget.TextView: No contents.
android.widget.LinearLayout@40576b30
com.google.ads.AdView@40578e88
g@4057b318
android.widget.ListView@40576e00
android.widget.LinearLayout@406843a0
android.widget.LinearLayout@406845b8
android.widget.TextView: Quiznos Sandwich Restaurants
android.widget.LinearLayout@40684cb8
android.widget.TextView: (410) 969-3333
android.widget.TextView: 0.66 Km
android.widget.TextView: 7860 Quarterfield Road Severn, MD
android.widget.LinearLayout@40686530
android.widget.LinearLayout@40686748
android.widget.TextView: SHOPPERS Food & Pharmacy
android.widget.LinearLayout@40686e00
android.widget.TextView: (410) 969-4800
android.widget.TextView: 0.67 Km
android.widget.TextView: 7858 Quarterfield Road Severn, MD
android.widget.LinearLayout@406882d0
android.widget.LinearLayout@406884e8
android.widget.TextView: Wings NThings And Pizza
android.widget.LinearLayout@40688ba0
android.widget.TextView: (410) 969-3470
android.widget.TextView: 0.76 Km
android.widget.TextView: 7863 Quarterfield Road Severn, MD
android.widget.LinearLayout@4068a070
android.widget.LinearLayout@4068a288
android.widget.TextView: China Wok
android.widget.LinearLayout@4068a940
android.widget.TextView: (410) 590-6887
android.widget.TextView: 0.8 Km
android.widget.TextView: 7800 Parke West Drive Glen Burnie, MD
android.widget.LinearLayout@4068be10
android.widget.LinearLayout@4068c028
android.widget.TextView: Pizza Hut
android.widget.LinearLayout@4068c6e0
android.widget.TextView: (410) 590-2662
android.widget.TextView: 0.83 Km
android.widget.TextView: 7800 Parke West Drive Glen Burnie, MD
android.widget.LinearLayout@4062def0
android.widget.LinearLayout@4062e068
android.widget.TextView: Chick-fil-A
android.widget.LinearLayout@4062e720
android.widget.TextView: (410) 969-8272
android.widget.TextView: 0.93 Km
android.widget.TextView: 7831 Quarterfield Park Rd Severn, MD
android.widget.LinearLayout@40573fb8
android.widget.FrameLayout@405747a0
android.widget.TextView: Restaurant Finder
android.widget.FrameLayout@40575788
android.widget.RelativeLayout@40575c40
android.widget.TextView: Loading my location...
android.widget.TextView: No contents.
android.widget.LinearLayout@40576b30
com.google.ads.AdView@40578e88
g@4057b318
android.widget.ListView@40576e00
android.widget.LinearLayout@4062def0
android.widget.LinearLayout@4062e068
android.widget.TextView: Chick-fil-A
android.widget.LinearLayout@4062e720
android.widget.TextView: (410) 969-8272
android.widget.TextView: 0.93 Km
android.widget.TextView: 7831 Quarterfield Park Rd Severn, MD
android.widget.LinearLayout@40640118
android.widget.LinearLayout@40640330
android.widget.TextView: Subway
android.widget.LinearLayout@406409e8
android.widget.TextView: (410) 424-4445
android.widget.TextView: 1.17 Km
android.widget.TextView: 407 George Clauss Boulevard Severn, MD
android.widget.LinearLayout@40641eb8
android.widget.LinearLayout@406420d0
android.widget.TextView: Fortune Cooky Restaurant
android.widget.LinearLayout@40642788
android.widget.TextView: (410) 969-3310
android.widget.TextView: 1.66 Km
android.widget.TextView: 7978 Crain Highway South Glen Burnie, MD
android.widget.LinearLayout@40643c58
android.widget.LinearLayout@40643e70
android.widget.TextView: The Grill At Quarterfield Station
android.widget.LinearLayout@40644528
android.widget.TextView: (410) 766-6446
android.widget.TextView: 1.8 Km
android.widget.TextView: 7704 Quarterfield Road Glen Burnie, MD
android.widget.LinearLayout@406459f8
android.widget.LinearLayout@40645c10
android.widget.TextView: Burger King
android.widget.LinearLayout@406462c8
android.widget.TextView: (410) 969-7643
android.widget.TextView: 1.82 Km
android.widget.TextView: 7988 Crain Highway South Glen Burnie, MD
android.widget.LinearLayout@40647798
android.widget.LinearLayout@406479b0
android.widget.TextView: Squisito
android.widget.LinearLayout@40648068
android.widget.TextView: (410) 969-8505
android.widget.TextView: 1.83 Km
android.widget.TextView: 7938 Crain Highway South Glen Burnie, MD
android.widget.LinearLayout@40573fb8
android.widget.FrameLayout@405747a0
android.widget.TextView: Restaurant Finder
android.widget.FrameLayout@40575788
android.widget.RelativeLayout@40575c40
android.widget.TextView: Loading my location...
android.widget.TextView: No contents.
android.widget.LinearLayout@40576b30
com.google.ads.AdView@40578e88
g@4057b318
android.widget.ListView@40576e00
android.widget.LinearLayout@40647798
android.widget.LinearLayout@406479b0
android.widget.TextView: Squisito
android.widget.LinearLayout@40648068
android.widget.TextView: (410) 969-8505
android.widget.TextView: 1.83 Km
android.widget.TextView: 7938 Crain Highway South Glen Burnie, MD
android.widget.LinearLayout@406843a0
android.widget.LinearLayout@406845b8
android.widget.TextView: Seaside Seafood
android.widget.LinearLayout@40684cb8
android.widget.TextView: (410) 760-5210
android.widget.TextView: 2.18 Km
android.widget.TextView: 1702 Crain Highway South Glen Burnie, MD
android.widget.LinearLayout@40686530
android.widget.LinearLayout@40686748
android.widget.TextView: Trattoria Alberto
android.widget.LinearLayout@40686e00
android.widget.TextView: (410) 761-0922
android.widget.TextView: 2.23 Km
android.widget.TextView: 1660 Crain Highway South Glen Burnie, MD
android.widget.LinearLayout@406882d0
android.widget.LinearLayout@406884e8
android.widget.TextView: Subway
android.widget.LinearLayout@40688ba0
android.widget.TextView: (410) 768-4064
android.widget.TextView: 2.31 Km
android.widget.TextView: 337 Hospital Drive Glen Burnie, MD
android.widget.LinearLayout@4068a070
android.widget.LinearLayout@4068a288
android.widget.TextView: Crabtowne USA Inc
android.widget.LinearLayout@4068a940
android.widget.TextView: (410) 761-6118
android.widget.TextView: 2.33 Km
android.widget.TextView: 1500 Crain Highway South Glen Burnie, MD
android.widget.LinearLayout@4068be10
android.widget.LinearLayout@4068c028
android.widget.TextView: Hardee's
android.widget.LinearLayout@4068c6e0
android.widget.TextView: (410) 760-3241
android.widget.TextView: 2.34 Km
android.widget.TextView: 1699 Crain Highway South Glen Burnie, MD
android.widget.LinearLayout@40573fb8
android.widget.FrameLayout@405747a0
android.widget.TextView: Restaurant Finder
android.widget.FrameLayout@40575788
android.widget.RelativeLayout@40575c40
android.widget.TextView: Loading my location...
android.widget.TextView: No contents.
android.widget.LinearLayout@40576b30
com.google.ads.AdView@40578e88
g@4057b318
android.widget.ListView@40576e00
android.widget.LinearLayout@4068be10
android.widget.LinearLayout@4068c028
android.widget.TextView: Hardee's
android.widget.LinearLayout@4068c6e0
android.widget.TextView: (410) 760-3241
android.widget.TextView: 2.34 Km
android.widget.TextView: 1699 Crain Highway South Glen Burnie, MD
android.widget.LinearLayout@4062def0
android.widget.LinearLayout@4062e068
android.widget.TextView: Capri Pizza & Sub Shop
android.widget.LinearLayout@4062e720
android.widget.TextView: (410) 766-2525
android.widget.TextView: 2.44 Km
android.widget.TextView: 337 Hospital Drive Glen Burnie, MD
android.widget.LinearLayout@40640118
android.widget.LinearLayout@40640330
android.widget.TextView: Wendy's
android.widget.LinearLayout@406409e8
android.widget.TextView: (410) 760-9834
android.widget.TextView: 2.55 Km
android.widget.TextView: 1250 Crain Highway South Glen Burnie, MD
android.widget.LinearLayout@40641eb8
android.widget.LinearLayout@406420d0
android.widget.TextView: McDonald's
android.widget.LinearLayout@40642788
android.widget.TextView: (410) 551-0301
android.widget.TextView: 2.56 Km
android.widget.TextView: 810 Reece Road Severn, MD
android.widget.LinearLayout@40643c58
android.widget.LinearLayout@40643e70
android.widget.TextView: Timbuktu Restaurant
android.widget.LinearLayout@40644528
android.widget.TextView: (410) 768-4331
android.widget.TextView: 2.69 Km
android.widget.TextView: 1726 Dorsey Road Glen Burnie, MD
android.widget.LinearLayout@406459f8
android.widget.LinearLayout@40645c10
android.widget.TextView: Woo Chon Restaurant
android.widget.LinearLayout@406462c8
android.widget.TextView: (410) 766-6669
android.widget.TextView: 2.72 Km
android.widget.TextView: 11 Aquahart Road Glen Burnie, MD
android.widget.LinearLayout@40573fb8
android.widget.FrameLayout@405747a0
android.widget.TextView: Restaurant Finder
android.widget.FrameLayout@40575788
android.widget.RelativeLayout@40575c40
android.widget.TextView: Loading my location...
android.widget.TextView: No contents.
android.widget.LinearLayout@40576b30
com.google.ads.AdView@40578e88
g@4057b318
android.widget.ListView@40576e00
android.widget.LinearLayout@406459f8
android.widget.LinearLayout@40645c10
android.widget.TextView: Woo Chon Restaurant
android.widget.LinearLayout@406462c8
android.widget.TextView: (410) 766-6669
android.widget.TextView: 2.72 Km
android.widget.TextView: 11 Aquahart Road Glen Burnie, MD
android.widget.LinearLayout@40647798
android.widget.LinearLayout@406479b0
android.widget.TextView: Roy's Kwik Korner Inc
android.widget.LinearLayout@40648068
android.widget.TextView: (410) 768-3369
android.widget.TextView: 2.75 Km
android.widget.TextView: 1002 Crain Highway South Glen Burnie, MD
android.widget.LinearLayout@406843a0
android.widget.LinearLayout@406845b8
android.widget.TextView: Domino's Pizza
android.widget.LinearLayout@40684cb8
android.widget.TextView: (410) 553-0030
android.widget.TextView: 3.09 Km
android.widget.TextView: 7502 Connelley Drive #112 Hanover, MD
android.widget.LinearLayout@40686530
android.widget.LinearLayout@40686748
android.widget.TextView: Sunset Restaurant
android.widget.LinearLayout@40686e00
android.widget.TextView: (410) 768-1417
android.widget.TextView: 3.71 Km
android.widget.TextView: 625 Greenway Road Southeast Glen Burnie, MD
android.widget.LinearLayout@406882d0
android.widget.LinearLayout@406884e8
android.widget.TextView: Andy's Kitchen
android.widget.LinearLayout@40688ba0
android.widget.TextView: (410) 729-7666
android.widget.TextView: 3.71 Km
android.widget.TextView: 8258 Veterans Highway Millersville, MD
android.widget.LinearLayout@40573fb8
android.widget.FrameLayout@405747a0
android.widget.TextView: Restaurant Finder
android.widget.FrameLayout@40575788
android.widget.RelativeLayout@40575c40
android.widget.TextView: Loading my location...
android.widget.TextView: No contents.
android.widget.LinearLayout@40576b30
com.google.ads.AdView@40578e88
g@4057b318
android.widget.ListView@40576e00
android.widget.LinearLayout@406882d0
android.widget.LinearLayout@406884e8
android.widget.TextView: Andy's Kitchen
android.widget.LinearLayout@40688ba0
android.widget.TextView: (410) 729-7666
android.widget.TextView: 3.71 Km
android.widget.TextView: 8258 Veterans Highway Millersville, MD
android.widget.LinearLayout@4068be10
android.widget.LinearLayout@4068c028
android.widget.TextView: Los Portales
android.widget.LinearLayout@4068c6e0
android.widget.TextView: (410) 766-9800
android.widget.TextView: 4.08 Km
android.widget.TextView: 6938 Aviation Boulevard Glen Burnie, MD
android.widget.LinearLayout@4062def0
android.widget.LinearLayout@4062e068
android.widget.TextView: Little Spice Inc
android.widget.LinearLayout@4062e720
android.widget.TextView: (410) 859-0100
android.widget.TextView: 5.04 Km
android.widget.TextView: 1350 Dorsey Road Hanover, MD
android.widget.LinearLayout@40640118
android.widget.LinearLayout@40640330
android.widget.TextView: Cantina Mamma Lucia
android.widget.LinearLayout@406409e8
android.widget.TextView: (410) 684-2900
android.widget.TextView: 5.13 Km
android.widget.TextView: 1350 Dorsey Road Hanover, MD
android.widget.LinearLayout@40641eb8
android.widget.LinearLayout@406420d0
android.widget.TextView: Golden Corral
android.widget.LinearLayout@40642788
android.widget.TextView: (410) 799-0959
android.widget.TextView: 5.93 Km
android.widget.TextView: 7047 Arundel Mills Boulevard Hanover, MD
android.widget.LinearLayout@40643c58
android.widget.LinearLayout@40643e70
android.widget.TextView: DuClaw Brewing Co.
android.widget.LinearLayout@40644528
android.widget.TextView: (410) 799-1166
android.widget.TextView: 6.19 Km
android.widget.TextView: 7000 Arundel Mills Circle Hanover, MD
android.widget.LinearLayout@40573fb8
android.widget.FrameLayout@405747a0
android.widget.TextView: Restaurant Finder
android.widget.FrameLayout@40575788
android.widget.RelativeLayout@40575c40
android.widget.TextView: Loading my location...
android.widget.TextView: No contents.
android.widget.LinearLayout@40576b30
com.google.ads.AdView@40578e88
g@4057b318
android.widget.ListView@40576e00
android.widget.LinearLayout@40640118
android.widget.LinearLayout@40640330
android.widget.TextView: Cantina Mamma Lucia
android.widget.LinearLayout@406409e8
android.widget.TextView: (410) 684-2900
android.widget.TextView: 5.13 Km
android.widget.TextView: 1350 Dorsey Road Hanover, MD
android.widget.LinearLayout@40641eb8
android.widget.LinearLayout@406420d0
android.widget.TextView: Golden Corral
android.widget.LinearLayout@40642788
android.widget.TextView: (410) 799-0959
android.widget.TextView: 5.93 Km
android.widget.TextView: 7047 Arundel Mills Boulevard Hanover, MD
android.widget.LinearLayout@40643c58
android.widget.LinearLayout@40643e70
android.widget.TextView: DuClaw Brewing Co.
android.widget.LinearLayout@40644528
android.widget.TextView: (410) 799-1166
android.widget.TextView: 6.19 Km
android.widget.TextView: 7000 Arundel Mills Circle Hanover, MD
android.widget.LinearLayout@406459f8
android.widget.LinearLayout@40645c10
android.widget.TextView: The Elkridge Furnace Inn
android.widget.LinearLayout@406462c8
android.widget.TextView: (410) 379-9336
android.widget.TextView: 9.09 Km
android.widget.TextView: 5745 Furnace Avenue Elkridge, MD
android.widget.LinearLayout@40647798
android.widget.LinearLayout@406479b0
android.widget.TextView: G & M Restaurant & Lounge
android.widget.LinearLayout@40648068
android.widget.TextView: (410) 636-1777
android.widget.TextView: 9.57 Km
android.widget.TextView: 804 Hammonds Ferry Road Linthicum Heights, MD
