android.widget.FrameLayout@405d2790
android.widget.RelativeLayout@406b7d38
android.widget.LinearLayout@406b8228
android.view.View@4065db40
android.widget.RelativeLayout@406681f8
android.widget.TextView: Regular
android.view.View@406b6148
android.view.View@405dce88
android.widget.RelativeLayout@40551778
android.widget.TextView: Midgrade
android.view.View@406af390
android.view.View@405dcfe8
android.widget.RelativeLayout@406fdd90
android.widget.TextView: Premium
android.view.View@40704730
android.view.View@405dd118
android.widget.RelativeLayout@4070b018
android.widget.TextView: Diesel
android.view.View@405dcb50
android.view.View@4065dc60
android.view.View@405af2e0
android.widget.LinearLayout@405da7a0
android.widget.RelativeLayout@405e8570
android.widget.ImageView@406bcf48
android.widget.TextView: Reload
android.widget.RelativeLayout@406c5688
android.widget.ImageView@406ce1b8
android.widget.TextView: Sort By Price
android.widget.RelativeLayout@406d3228
android.widget.ImageView@406dbc80
android.widget.TextView: Map View
android.view.View@406e2ad8
gbis.gbandroid.views.layouts.CustomListView@4058a500
android.widget.RelativeLayout@405bc5c8
com.google.ads.AdView@405f11d8
android.gesture.GestureOverlayView@406db620
android.widget.FrameLayout@406445f8
com.google.ads.internal.AdWebView@4058db40
android.widget.TableLayout@40708c38
android.widget.TableRow@40709208
android.widget.RelativeLayout@4070baf0
android.widget.RelativeLayout@4070bec8
android.widget.TextView: 3.51
android.widget.TextView: 9
android.widget.TextView: Mon 9:37 AM
android.widget.TextView: Update
android.widget.RelativeLayout@4070fb60
android.widget.ImageView@4070ff38
android.widget.TextView: BP
android.widget.TextView: 2012 N Forest  Park  Dr & Windsor Mill Rd
android.widget.TextView: Gwynn Oak, MD
android.widget.TextView: 0.27 mi
android.widget.TableLayout@406f4048
android.widget.TableRow@406f4538
android.widget.RelativeLayout@406f4bf8
android.widget.RelativeLayout@406f4fd0
android.widget.TextView: 3.43
android.widget.TextView: 9
android.widget.TextView: 3 hours ago
android.widget.TextView: Update
android.widget.RelativeLayout@406fb258
android.widget.ImageView@406fb630
android.widget.TextView: Shell
android.widget.TextView: 1699 N Forest Park Ave & Stamford Rd
android.widget.TextView: Gwynn Oak, MD
android.widget.TextView: 0.63 mi
android.widget.TableLayout@406d9288
android.widget.TableRow@406d9858
android.widget.RelativeLayout@406dc3f0
android.widget.RelativeLayout@406dc7c8
android.widget.TextView: 3.34
android.widget.TextView: 9
android.widget.TextView: 3 hours ago
android.widget.TextView: Update
android.widget.RelativeLayout@406e0500
android.widget.ImageView@406e08d8
android.widget.TextView: Carroll Fuel
android.widget.TextView: 5217 Baltimore National Pike & Charing Cross Rd
android.widget.TextView: Baltimore, MD
android.widget.TextView: 1.07 mi
android.widget.TableLayout@406a64c0
android.widget.TableRow@4063c150
android.widget.RelativeLayout@406bd820
android.widget.RelativeLayout@406bdcd0
android.widget.TextView: 3.42
android.widget.TextView: 9
android.widget.TextView: 3 hours ago
android.widget.TextView: Update
android.widget.RelativeLayout@4065d698
android.widget.ImageView@40660c80
android.widget.TextView: Shell
android.widget.TextView: 4598 Edmondson Ave & Swann Ave
android.widget.TextView: Baltimore, MD
android.widget.TextView: 1.12 mi
android.widget.RelativeLayout@40663378
android.widget.FrameLayout@405d2790
android.widget.RelativeLayout@406b7d38
android.widget.LinearLayout@406b8228
android.view.View@4065db40
android.widget.RelativeLayout@406681f8
android.widget.TextView: Regular
android.view.View@406b6148
android.view.View@405dce88
android.widget.RelativeLayout@40551778
android.widget.TextView: Midgrade
android.view.View@406af390
android.view.View@405dcfe8
android.widget.RelativeLayout@406fdd90
android.widget.TextView: Premium
android.view.View@40704730
android.view.View@405dd118
android.widget.RelativeLayout@4070b018
android.widget.TextView: Diesel
android.view.View@405dcb50
android.view.View@4065dc60
android.view.View@405af2e0
android.widget.LinearLayout@405da7a0
android.widget.RelativeLayout@405e8570
android.widget.ImageView@406bcf48
android.widget.TextView: Reload
android.widget.RelativeLayout@406c5688
android.widget.ImageView@406ce1b8
android.widget.TextView: Sort By Price
android.widget.RelativeLayout@406d3228
android.widget.ImageView@406dbc80
android.widget.TextView: Map View
android.view.View@406e2ad8
gbis.gbandroid.views.layouts.CustomListView@4058a500
android.widget.TableLayout@406a64c0
android.widget.TableRow@4063c150
android.widget.RelativeLayout@406bd820
android.widget.RelativeLayout@406bdcd0
android.widget.TextView: 3.42
android.widget.TextView: 9
android.widget.TextView: 3 hours ago
android.widget.TextView: Update
android.widget.RelativeLayout@4065d698
android.widget.ImageView@40660c80
android.widget.TextView: Shell
android.widget.TextView: 4598 Edmondson Ave & Swann Ave
android.widget.TextView: Baltimore, MD
android.widget.TextView: 1.12 mi
android.widget.TableLayout@407a36e0
android.widget.TableRow@407a3cb0
android.widget.RelativeLayout@407a4370
android.widget.RelativeLayout@407a4748
android.widget.TextView: 3.42
android.widget.TextView: 9
android.widget.TextView: 10 hours ago
android.widget.TextView: Update
android.widget.RelativeLayout@407a5f58
android.widget.ImageView@407a6330
android.widget.TextView: Shell
android.widget.TextView: 5317 Edmondson Ave & N Bend Rd
android.widget.TextView: Baltimore, MD
android.widget.TextView: 1.37 mi
android.widget.TableLayout@407b3c20
android.widget.TableRow@407b41f0
android.widget.RelativeLayout@407b48b0
android.widget.RelativeLayout@407b4c88
android.widget.TextView: 3.45
android.widget.TextView: 9
android.widget.TextView: Mon 2:56 PM
android.widget.TextView: Update
android.widget.RelativeLayout@407b6498
android.widget.ImageView@407b6870
android.widget.TextView: Royal Farms
android.widget.TextView: 6416 Windsor Mill Rd & Gwynn Oak Ave
android.widget.TextView: Gwynn Oak, MD
android.widget.TextView: 1.52 mi
android.widget.TableLayout@4050f2b8
android.widget.TableRow@40619808
android.widget.RelativeLayout@4057f190
android.widget.RelativeLayout@40581d88
android.widget.TextView: 3.39
android.widget.TextView: 9
android.widget.TextView: 10 hours ago
android.widget.TextView: Update
android.widget.RelativeLayout@40586ec8
android.widget.ImageView@405a5358
android.widget.TextView: BP
android.widget.TextView: 5612 Baltimore National Pike & Jonnycake Rd
android.widget.TextView: Catonsville, MD
android.widget.TextView: 1.55 mi
android.widget.TableLayout@4057efe0
android.widget.TableRow@4064f8d0
android.widget.RelativeLayout@405e52f8
android.widget.RelativeLayout@405f4658
android.widget.TextView: 3.39
android.widget.TextView: 9
android.widget.TextView: 1 hour ago
android.widget.TextView: Update
android.widget.RelativeLayout@406020b8
android.widget.ImageView@40619d70
android.widget.TextView: Sunoco
android.widget.TextView: 5900 Johnnycake Rd & Ingleside Ave
android.widget.TextView: Gwynn Oak, MD
android.widget.TextView: 1.57 mi
android.widget.RelativeLayout@40663378
android.widget.FrameLayout@405d2790
android.widget.RelativeLayout@406b7d38
android.widget.LinearLayout@406b8228
android.view.View@4065db40
android.widget.RelativeLayout@406681f8
android.widget.TextView: Regular
android.view.View@406b6148
android.view.View@405dce88
android.widget.RelativeLayout@40551778
android.widget.TextView: Midgrade
android.view.View@406af390
android.view.View@405dcfe8
android.widget.RelativeLayout@406fdd90
android.widget.TextView: Premium
android.view.View@40704730
android.view.View@405dd118
android.widget.RelativeLayout@4070b018
android.widget.TextView: Diesel
android.view.View@405dcb50
android.view.View@4065dc60
android.view.View@405af2e0
android.widget.LinearLayout@405da7a0
android.widget.RelativeLayout@405e8570
android.widget.ImageView@406bcf48
android.widget.TextView: Reload
android.widget.RelativeLayout@406c5688
android.widget.ImageView@406ce1b8
android.widget.TextView: Sort By Price
android.widget.RelativeLayout@406d3228
android.widget.ImageView@406dbc80
android.widget.TextView: Map View
android.view.View@406e2ad8
gbis.gbandroid.views.layouts.CustomListView@4058a500
android.widget.TableLayout@4057efe0
android.widget.TableRow@4064f8d0
android.widget.RelativeLayout@405e52f8
android.widget.RelativeLayout@405f4658
android.widget.TextView: 3.39
android.widget.TextView: 9
android.widget.TextView: 1 hour ago
android.widget.TextView: Update
android.widget.RelativeLayout@406020b8
android.widget.ImageView@40619d70
android.widget.TextView: Sunoco
android.widget.TextView: 5900 Johnnycake Rd & Ingleside Ave
android.widget.TextView: Gwynn Oak, MD
android.widget.TextView: 1.57 mi
android.widget.TableLayout@40581a30
android.widget.TableRow@40663568
android.widget.RelativeLayout@40604cd8
android.widget.RelativeLayout@40607920
android.widget.TextView: 3.39
android.widget.TextView: 9
android.widget.TextView: 11 hours ago
android.widget.TextView: Update
android.widget.RelativeLayout@406161a8
android.widget.ImageView@40664b20
android.widget.TextView: Shell
android.widget.TextView: 6600 Security Blvd & Woodlawn Dr
android.widget.TextView: Gwynn Oak, MD
android.widget.TextView: 1.6 mi
android.widget.TableLayout@40581bd8
android.widget.TableRow@406ba7e8
android.widget.RelativeLayout@4061b158
android.widget.RelativeLayout@40620168
android.widget.TextView: 3.34
android.widget.TextView: 9
android.widget.TextView: 47 minutes ago
android.widget.TextView: Update
android.widget.RelativeLayout@40622718
android.widget.ImageView@406674f0
android.widget.TextView: Omar's Fuel
android.widget.TextView: 1022 Ingleside Ave & Johnnycake Rd
android.widget.TextView: Catonsville, MD
android.widget.TextView: 1.64 mi
android.widget.TableLayout@40582ae0
android.widget.TableRow@406cf898
android.widget.RelativeLayout@40624998
android.widget.RelativeLayout@40627578
android.widget.TextView: 3.43
android.widget.TextView: 9
android.widget.TextView: Mon 1:22 PM
android.widget.TextView: Update
android.widget.RelativeLayout@4062a170
android.widget.ImageView@4069ef48
android.widget.TextView: Shell
android.widget.TextView: 920 Ingleside Ave & Calyn Rd
android.widget.TextView: Catonsville, MD
android.widget.TextView: 1.7 mi
android.widget.TableLayout@405847d8
android.widget.TableRow@406fc2f8
android.widget.RelativeLayout@4062cac8
android.widget.RelativeLayout@4062f6e0
android.widget.TextView: 3.36
android.widget.TextView: 9
android.widget.TextView: 1 hour ago
android.widget.TextView: Update
android.widget.RelativeLayout@406322e8
android.widget.ImageView@406a06a0
android.widget.TextView: Safeway
android.widget.TextView: 5668 Baltimore Natl Pike & Ingleside Ave
android.widget.TextView: Catonsville, MD
android.widget.TextView: 1.72 mi
android.widget.RelativeLayout@40663378
android.widget.FrameLayout@405d2790
android.widget.RelativeLayout@406b7d38
android.widget.LinearLayout@406b8228
android.view.View@4065db40
android.widget.RelativeLayout@406681f8
android.widget.TextView: Regular
android.view.View@406b6148
android.view.View@405dce88
android.widget.RelativeLayout@40551778
android.widget.TextView: Midgrade
android.view.View@406af390
android.view.View@405dcfe8
android.widget.RelativeLayout@406fdd90
android.widget.TextView: Premium
android.view.View@40704730
android.view.View@405dd118
android.widget.RelativeLayout@4070b018
android.widget.TextView: Diesel
android.view.View@405dcb50
android.view.View@4065dc60
android.view.View@405af2e0
android.widget.LinearLayout@405da7a0
android.widget.RelativeLayout@405e8570
android.widget.ImageView@406bcf48
android.widget.TextView: Reload
android.widget.RelativeLayout@406c5688
android.widget.ImageView@406ce1b8
android.widget.TextView: Sort By Price
android.widget.RelativeLayout@406d3228
android.widget.ImageView@406dbc80
android.widget.TextView: Map View
android.view.View@406e2ad8
gbis.gbandroid.views.layouts.CustomListView@4058a500
android.widget.TableLayout@406cacd0
android.widget.TableRow@40557b80
android.widget.RelativeLayout@40647370
android.widget.RelativeLayout@40670618
android.widget.TextView: 3.36
android.widget.TextView: 9
android.widget.TextView: 1 hour ago
android.widget.TextView: Update
android.widget.RelativeLayout@405ed2f8
android.widget.ImageView@4061cea0
android.widget.TextView: Safeway
android.widget.TextView: 5668 Baltimore Natl Pike & Ingleside Ave
android.widget.TextView: Catonsville, MD
android.widget.TextView: 1.72 mi
android.widget.TableLayout@4063abe0
android.widget.TableRow@40646e68
android.widget.RelativeLayout@4064ec78
android.widget.RelativeLayout@4066c8d0
android.widget.TextView: 3.30
android.widget.TextView: 9
android.widget.TextView: 2 hours ago
android.widget.TextView: Update
android.widget.RelativeLayout@40686468
android.widget.ImageView@4068fa98
android.widget.TextView: Sam's Club
android.widget.TextView: 5702 Baltimore National Pike & Ingleside Ave
android.widget.TextView: Catonsville, MD
android.widget.TextView: 1.78 mi
android.widget.TableLayout@406b9ca0
android.widget.TableRow@4070e258
android.widget.RelativeLayout@40654868
android.widget.RelativeLayout@40680510
android.widget.TextView: 3.39
android.widget.TextView: 9
android.widget.TextView: Mon 5:50 PM
android.widget.TextView: Update
android.widget.RelativeLayout@406ba598
android.widget.ImageView@407222a0
android.widget.TextView: BP
android.widget.TextView: 6698 Security Blvd & Whitehead Rd
android.widget.TextView: Gwynn Oak, MD
android.widget.TextView: 1.83 mi
android.widget.TableLayout@40630890
android.widget.TableRow@4066c710
android.widget.RelativeLayout@40688970
android.widget.RelativeLayout@4068f8d8
android.widget.TextView: 3.29
android.widget.TextView: 9
android.widget.TextView: 6 hours ago
android.widget.TextView: Update
android.widget.RelativeLayout@4057fe00
android.widget.ImageView@4062d238
android.widget.TextView: XtraMart
android.widget.TextView: 1818 Woodlawn Dr & Whitehead Rd
android.widget.TextView: Gwynn Oak, MD
android.widget.TextView: 1.84 mi
android.widget.TableLayout@405847d8
android.widget.TableRow@406fc2f8
android.widget.RelativeLayout@4062cac8
android.widget.RelativeLayout@4062f6e0
android.widget.TextView: 3.33
android.widget.TextView: 9
android.widget.TextView: 11 hours ago
android.widget.TextView: Update
android.widget.RelativeLayout@406322e8
android.widget.ImageView@406a06a0
android.widget.TextView: CITGO
android.widget.TextView: 1816 Woodlawn Dr & Whitehead Rd
android.widget.TextView: Gwynn Oak, MD
android.widget.TextView: 1.84 mi
android.widget.RelativeLayout@40663378
android.widget.FrameLayout@405d2790
android.widget.RelativeLayout@406b7d38
android.widget.LinearLayout@406b8228
android.view.View@4065db40
android.widget.RelativeLayout@406681f8
android.widget.TextView: Regular
android.view.View@406b6148
android.view.View@405dce88
android.widget.RelativeLayout@40551778
android.widget.TextView: Midgrade
android.view.View@406af390
android.view.View@405dcfe8
android.widget.RelativeLayout@406fdd90
android.widget.TextView: Premium
android.view.View@40704730
android.view.View@405dd118
android.widget.RelativeLayout@4070b018
android.widget.TextView: Diesel
android.view.View@405dcb50
android.view.View@4065dc60
android.view.View@405af2e0
android.widget.LinearLayout@405da7a0
android.widget.RelativeLayout@405e8570
android.widget.ImageView@406bcf48
android.widget.TextView: Reload
android.widget.RelativeLayout@406c5688
android.widget.ImageView@406ce1b8
android.widget.TextView: Sort By Price
android.widget.RelativeLayout@406d3228
android.widget.ImageView@406dbc80
android.widget.TextView: Map View
android.view.View@406e2ad8
gbis.gbandroid.views.layouts.CustomListView@4058a500
android.widget.TableLayout@405847d8
android.widget.TableRow@406fc2f8
android.widget.RelativeLayout@4062cac8
android.widget.RelativeLayout@4062f6e0
android.widget.TextView: 3.33
android.widget.TextView: 9
android.widget.TextView: 11 hours ago
android.widget.TextView: Update
android.widget.RelativeLayout@406322e8
android.widget.ImageView@406a06a0
android.widget.TextView: CITGO
android.widget.TextView: 1816 Woodlawn Dr & Whitehead Rd
android.widget.TextView: Gwynn Oak, MD
android.widget.TextView: 1.84 mi
android.widget.TableLayout@4067f150
android.widget.TableRow@4068e030
android.widget.RelativeLayout@40690d80
android.widget.RelativeLayout@406938c0
android.widget.TextView: 3.49
android.widget.TextView: 9
android.widget.TextView: 8 hours ago
android.widget.TextView: Update
android.widget.RelativeLayout@40617ed0
android.widget.ImageView@40623340
android.widget.TextView: BP
android.widget.TextView: 4608 Liberty Heights Ave & Gwynn Oak Ave
android.widget.TextView: Baltimore, MD
android.widget.TextView: 1.87 mi
android.widget.TableLayout@406da570
android.widget.TableRow@40703608
android.widget.RelativeLayout@406eb8e8
android.widget.RelativeLayout@40614348
android.widget.TextView: --
android.widget.TextView: 9
android.widget.TextView: time
android.widget.TextView: Report Price
android.widget.RelativeLayout@4050db38
android.widget.ImageView@40672370
android.widget.TextView: BP
android.widget.TextView: 3300 W Garrison Blvd & Berwyn Ave
android.widget.TextView: Gwynn Oak, MD
android.widget.TextView: 1.92 mi
android.widget.TableLayout@4057efe0
android.widget.TableRow@405e36c8
android.widget.RelativeLayout@4055ac68
android.widget.RelativeLayout@4057f190
android.widget.TextView: 3.49
android.widget.TextView: 9
android.widget.TextView: 9 hours ago
android.widget.TextView: Update
android.widget.RelativeLayout@40581d88
android.widget.ImageView@4054f0b0
android.widget.TextView: BP
android.widget.TextView: 1800 Bloomingdale Rd & N Ellamont St
android.widget.TextView: Baltimore, MD
android.widget.TextView: 1.95 mi
android.widget.TableLayout@40581bd8
android.widget.TableRow@40619808
android.widget.RelativeLayout@40586ec8
android.widget.RelativeLayout@405e52f8
android.widget.TextView: 3.36
android.widget.TextView: 9
android.widget.TextView: 5 hours ago
android.widget.TextView: Update
android.widget.RelativeLayout@406020b8
android.widget.ImageView@40583ea8
android.widget.TextView: Sunoco
android.widget.TextView: 6122 Edmondson Ave & Harlem Ln
android.widget.TextView: Catonsville, MD
android.widget.TextView: 1.96 mi
android.widget.RelativeLayout@40663378
android.widget.FrameLayout@405d2790
android.widget.RelativeLayout@406b7d38
android.widget.LinearLayout@406b8228
android.view.View@4065db40
android.widget.RelativeLayout@406681f8
android.widget.TextView: Regular
android.view.View@406b6148
android.view.View@405dce88
android.widget.RelativeLayout@40551778
android.widget.TextView: Midgrade
android.view.View@406af390
android.view.View@405dcfe8
android.widget.RelativeLayout@406fdd90
android.widget.TextView: Premium
android.view.View@40704730
android.view.View@405dd118
android.widget.RelativeLayout@4070b018
android.widget.TextView: Diesel
android.view.View@405dcb50
android.view.View@4065dc60
android.view.View@405af2e0
android.widget.LinearLayout@405da7a0
android.widget.RelativeLayout@405e8570
android.widget.ImageView@406bcf48
android.widget.TextView: Reload
android.widget.RelativeLayout@406c5688
android.widget.ImageView@406ce1b8
android.widget.TextView: Sort By Price
android.widget.RelativeLayout@406d3228
android.widget.ImageView@406dbc80
android.widget.TextView: Map View
android.view.View@406e2ad8
gbis.gbandroid.views.layouts.CustomListView@4058a500
android.widget.TableLayout@40581bd8
android.widget.TableRow@40619808
android.widget.RelativeLayout@40586ec8
android.widget.RelativeLayout@405e52f8
android.widget.TextView: 3.36
android.widget.TextView: 9
android.widget.TextView: 5 hours ago
android.widget.TextView: Update
android.widget.RelativeLayout@406020b8
android.widget.ImageView@40583ea8
android.widget.TextView: Sunoco
android.widget.TextView: 6122 Edmondson Ave & Harlem Ln
android.widget.TextView: Catonsville, MD
android.widget.TextView: 1.96 mi
android.widget.TableLayout@40604b28
android.widget.TableRow@4063bc78
android.widget.RelativeLayout@40604cd8
android.widget.RelativeLayout@40607920
android.widget.TextView: --
android.widget.TextView: 9
android.widget.TextView: time
android.widget.TextView: Report Price
android.widget.RelativeLayout@40613608
android.widget.ImageView@406674f0
android.widget.TextView: Osprey
android.widget.TextView: 4123 Frederick Ave & S Augusta Ave
android.widget.TextView: Baltimore, MD
android.widget.TextView: 2.06 mi
android.widget.TableLayout@40616000
android.widget.TableRow@4063c150
android.widget.RelativeLayout@406161a8
android.widget.RelativeLayout@4061b158
android.widget.TextView: --
android.widget.TextView: 9
android.widget.TextView: time
android.widget.TextView: Report Price
android.widget.RelativeLayout@4061ffb8
android.widget.ImageView@406a32a0
android.widget.TextView: Sunoco
android.widget.TextView: 5900 Liberty Rd  & W Northern Pkwy
android.widget.TextView: Gwynn Oak, MD
android.widget.TextView: 2.12 mi
android.widget.TableLayout@4061af98
android.widget.TableRow@4064bba0
android.widget.RelativeLayout@40620168
android.widget.RelativeLayout@40622718
android.widget.TextView: 3.35
android.widget.TextView: 9
android.widget.TextView: 5 hours ago
android.widget.TextView: Update
android.widget.RelativeLayout@40624998
android.widget.ImageView@406cfd78
android.widget.TextView: Sunoco
android.widget.TextView: 6725 Dogwood Rd & White Stone Rd
android.widget.TextView: Gwynn Oak, MD
android.widget.TextView: 2.15 mi
android.widget.TableLayout@4061d3a0
android.widget.TableRow@40667840
android.widget.RelativeLayout@40627578
android.widget.RelativeLayout@4062a170
android.widget.TextView: --
android.widget.TextView: 9
android.widget.TextView: time
android.widget.TextView: Report Price
android.widget.RelativeLayout@4062f530
android.widget.ImageView@406d8380
android.widget.TextView: Valero
android.widget.TextView: 3900 Frederick Ave & S Monastary Ave
android.widget.TextView: Baltimore, MD
android.widget.TextView: 2.15 mi
android.widget.RelativeLayout@40663378
android.widget.FrameLayout@405d2790
android.widget.RelativeLayout@406b7d38
android.widget.LinearLayout@406b8228
android.view.View@4065db40
android.widget.RelativeLayout@406681f8
android.widget.TextView: Regular
android.view.View@406b6148
android.view.View@405dce88
android.widget.RelativeLayout@40551778
android.widget.TextView: Midgrade
android.view.View@406af390
android.view.View@405dcfe8
android.widget.RelativeLayout@406fdd90
android.widget.TextView: Premium
android.view.View@40704730
android.view.View@405dd118
android.widget.RelativeLayout@4070b018
android.widget.TextView: Diesel
android.view.View@405dcb50
android.view.View@4065dc60
android.view.View@405af2e0
android.widget.LinearLayout@405da7a0
android.widget.RelativeLayout@405e8570
android.widget.ImageView@406bcf48
android.widget.TextView: Reload
android.widget.RelativeLayout@406c5688
android.widget.ImageView@406ce1b8
android.widget.TextView: Sort By Price
android.widget.RelativeLayout@406d3228
android.widget.ImageView@406dbc80
android.widget.TextView: Map View
android.view.View@406e2ad8
gbis.gbandroid.views.layouts.CustomListView@4058a500
android.widget.TableLayout@4061d3a0
android.widget.TableRow@40667840
android.widget.RelativeLayout@40627578
android.widget.RelativeLayout@4062a170
android.widget.TextView: --
android.widget.TextView: 9
android.widget.TextView: time
android.widget.TextView: Report Price
android.widget.RelativeLayout@4062f530
android.widget.ImageView@406d8380
android.widget.TextView: Valero
android.widget.TextView: 3900 Frederick Ave & S Monastary Ave
android.widget.TextView: Baltimore, MD
android.widget.TextView: 2.15 mi
android.widget.TableLayout@40713c88
android.widget.TableRow@406e9d00
android.widget.RelativeLayout@406fdb78
android.widget.RelativeLayout@4075ad30
android.widget.TextView: --
android.widget.TextView: 9
android.widget.TextView: time
android.widget.TextView: Report Price
android.widget.RelativeLayout@40635c78
android.widget.ImageView@406dbe48
android.widget.TextView: BP
android.widget.TextView: 6006 Liberty Rd & Tulsa Rd
android.widget.TextView: Gwynn Oak, MD
android.widget.TextView: 2.18 mi
android.widget.TableLayout@40776a18
android.widget.TableRow@40715f18
android.widget.RelativeLayout@40589e60
android.widget.RelativeLayout@406a2eb0
android.widget.TextView: 3.45
android.widget.TextView: 9
android.widget.TextView: 2 hours ago
android.widget.TextView: Update
android.widget.RelativeLayout@406a3468
android.widget.ImageView@40606e10
android.widget.TextView: Sunoco
android.widget.TextView: 3300 W Baltimore St & N Hilton St
android.widget.TextView: Baltimore, MD
android.widget.TextView: 2.3 mi
android.widget.TableLayout@40769e78
android.widget.TableRow@4069fd98
android.widget.RelativeLayout@4064c6d8
android.widget.RelativeLayout@406c0a60
android.widget.TextView: 3.45
android.widget.TextView: 9
android.widget.TextView: 10 hours ago
android.widget.TextView: Update
android.widget.RelativeLayout@407a5e48
android.widget.ImageView@407b63f8
android.widget.TextView: Exxon
android.widget.TextView: 1601 Belmont & Security Blvd
android.widget.TextView: Windsor Mill, MD
android.widget.TextView: 2.36 mi
android.widget.TableLayout@406e2478
android.widget.TableRow@406f02f8
android.widget.RelativeLayout@406d2838
android.widget.RelativeLayout@407a32d0
android.widget.TextView: 3.39
android.widget.TextView: 9
android.widget.TextView: 4 hours ago
android.widget.TextView: Update
android.widget.RelativeLayout@40777180
android.widget.ImageView@4071f778
android.widget.TextView: Shell
android.widget.TextView: 5932 Baltimore National Pike & Winter's Ln
android.widget.TextView: Catonsville, MD
android.widget.TextView: 2.37 mi
android.widget.RelativeLayout@40663378
android.widget.FrameLayout@405d2790
android.widget.RelativeLayout@406b7d38
android.widget.LinearLayout@406b8228
android.view.View@4065db40
android.widget.RelativeLayout@406681f8
android.widget.TextView: Regular
android.view.View@406b6148
android.view.View@405dce88
android.widget.RelativeLayout@40551778
android.widget.TextView: Midgrade
android.view.View@406af390
android.view.View@405dcfe8
android.widget.RelativeLayout@406fdd90
android.widget.TextView: Premium
android.view.View@40704730
android.view.View@405dd118
android.widget.RelativeLayout@4070b018
android.widget.TextView: Diesel
android.view.View@405dcb50
android.view.View@4065dc60
android.view.View@405af2e0
android.widget.LinearLayout@405da7a0
android.widget.RelativeLayout@405e8570
android.widget.ImageView@406bcf48
android.widget.TextView: Reload
android.widget.RelativeLayout@406c5688
android.widget.ImageView@406ce1b8
android.widget.TextView: Sort By Price
android.widget.RelativeLayout@406d3228
android.widget.ImageView@406dbc80
android.widget.TextView: Map View
android.view.View@406e2ad8
gbis.gbandroid.views.layouts.CustomListView@4058a500
android.widget.TableLayout@406e2478
android.widget.TableRow@406f02f8
android.widget.RelativeLayout@406d2838
android.widget.RelativeLayout@407a32d0
android.widget.TextView: 3.39
android.widget.TextView: 9
android.widget.TextView: 4 hours ago
android.widget.TextView: Update
android.widget.RelativeLayout@40777180
android.widget.ImageView@4071f778
android.widget.TextView: Shell
android.widget.TextView: 5932 Baltimore National Pike & Winter's Ln
android.widget.TextView: Catonsville, MD
android.widget.TextView: 2.37 mi
android.widget.TableLayout@407287a8
android.widget.TableRow@40668a40
android.widget.RelativeLayout@40668ff0
android.widget.RelativeLayout@40680ab8
android.widget.TextView: 3.38
android.widget.TextView: 9
android.widget.TextView: 5 hours ago
android.widget.TextView: Update
android.widget.RelativeLayout@407177c0
android.widget.ImageView@40621340
android.widget.TextView: Carroll Fuel
android.widget.TextView: 620 Edmondson Ave  & Ingleside Ave
android.widget.TextView: Catonsville, MD
android.widget.TextView: 2.41 mi
android.widget.TableLayout@406d3658
android.widget.TableRow@406d3b18
android.widget.RelativeLayout@4057da70
android.widget.RelativeLayout@4057de48
android.widget.TextView: 3.42
android.widget.TextView: 9
android.widget.TextView: 5 hours ago
android.widget.TextView: Update
android.widget.RelativeLayout@406f95d0
android.widget.ImageView@406c9120
android.widget.TextView: BP
android.widget.TextView: 5931 Baltimore National Pike & Winter's Ln
android.widget.TextView: Catonsville, MD
android.widget.TextView: 2.42 mi
android.widget.TableLayout@4067b640
android.widget.TableRow@406c2540
android.widget.RelativeLayout@40582ae0
android.widget.RelativeLayout@40582e78
android.widget.TextView: --
android.widget.TextView: 9
android.widget.TextView: time
android.widget.TextView: Report Price
android.widget.RelativeLayout@40699ce8
android.widget.ImageView@4069a0a8
android.widget.TextView: CITGO
android.widget.TextView: 2801 Edmondson Ave & N Franklintown Rd
android.widget.TextView: Baltimore, MD
android.widget.TextView: 2.45 mi
android.widget.TableLayout@4057efe0
android.widget.TableRow@405e36c8
android.widget.RelativeLayout@4055ac68
android.widget.RelativeLayout@4057f190
android.widget.TextView: 3.37
android.widget.TextView: 9
android.widget.TextView: 5 hours ago
android.widget.TextView: Update
android.widget.RelativeLayout@4057fe00
android.widget.ImageView@4054f0b0
android.widget.TextView: Gulf
android.widget.TextView: 6001 Baltimore National Pike & Winter's Ln
android.widget.TextView: Catonsville, MD
android.widget.TextView: 2.46 mi
android.widget.RelativeLayout@40663378
android.widget.FrameLayout@405d2790
android.widget.RelativeLayout@406b7d38
android.widget.LinearLayout@406b8228
android.view.View@4065db40
android.widget.RelativeLayout@406681f8
android.widget.TextView: Regular
android.view.View@406b6148
android.view.View@405dce88
android.widget.RelativeLayout@40551778
android.widget.TextView: Midgrade
android.view.View@406af390
android.view.View@405dcfe8
android.widget.RelativeLayout@406fdd90
android.widget.TextView: Premium
android.view.View@40704730
android.view.View@405dd118
android.widget.RelativeLayout@4070b018
android.widget.TextView: Diesel
android.view.View@405dcb50
android.view.View@4065dc60
android.view.View@405af2e0
android.widget.LinearLayout@405da7a0
android.widget.RelativeLayout@405e8570
android.widget.ImageView@406bcf48
android.widget.TextView: Reload
android.widget.RelativeLayout@406c5688
android.widget.ImageView@406ce1b8
android.widget.TextView: Sort By Price
android.widget.RelativeLayout@406d3228
android.widget.ImageView@406dbc80
android.widget.TextView: Map View
android.view.View@406e2ad8
gbis.gbandroid.views.layouts.CustomListView@4058a500
android.widget.TableLayout@40604b28
android.widget.TableRow@4068ade0
android.widget.RelativeLayout@406161a8
android.widget.RelativeLayout@4061b158
android.widget.TextView: 3.37
android.widget.TextView: 9
android.widget.TextView: 5 hours ago
android.widget.TextView: Update
android.widget.RelativeLayout@40620168
android.widget.ImageView@4063c7c0
android.widget.TextView: Gulf
android.widget.TextView: 6001 Baltimore National Pike & Winter's Ln
android.widget.TextView: Catonsville, MD
android.widget.TextView: 2.46 mi
android.widget.TableLayout@40601f08
android.widget.TableRow@4063c150
android.widget.RelativeLayout@40604cd8
android.widget.RelativeLayout@40607920
android.widget.TextView: 3.34
android.widget.TextView: 9
android.widget.TextView: 10 hours ago
android.widget.TextView: Update
android.widget.RelativeLayout@40613608
android.widget.ImageView@4061cea0
android.widget.TextView: Crown
android.widget.TextView: 2810 W Franklin St & Lauretta Ave
android.widget.TextView: Baltimore, MD
android.widget.TextView: 2.48 mi
android.widget.TableLayout@405847d8
android.widget.TableRow@4063bc78
android.widget.RelativeLayout@4058a1b8
android.widget.RelativeLayout@405e52f8
android.widget.TextView: 3.45
android.widget.TextView: 9
android.widget.TextView: 21 hours ago
android.widget.TextView: Update
android.widget.RelativeLayout@406020b8
android.widget.ImageView@405ec938
android.widget.TextView: Carroll Fuel
android.widget.TextView: 408 Frederick Rd & Delray 
android.widget.TextView: Catonsville, MD
android.widget.TextView: 2.5 mi
android.widget.TableLayout@40581bd8
android.widget.TableRow@40619808
android.widget.RelativeLayout@40581d88
android.widget.RelativeLayout@40584988
android.widget.TextView: 3.34
android.widget.TextView: 9
android.widget.TextView: 7 hours ago
android.widget.TextView: Update
android.widget.RelativeLayout@40586ec8
android.widget.ImageView@405817a8
android.widget.TextView: Hess
android.widget.TextView: 510 Franklintown Rd & W Franklin St
android.widget.TextView: Baltimore, MD
android.widget.TextView: 2.52 mi
android.widget.TableLayout@4057efe0
android.widget.TableRow@405e36c8
android.widget.RelativeLayout@4055ac68
android.widget.RelativeLayout@4057f190
android.widget.TextView: 3.48
android.widget.TextView: 9
android.widget.TextView: 21 hours ago
android.widget.TextView: Update
android.widget.RelativeLayout@4057fe00
android.widget.ImageView@4054f0b0
android.widget.TextView: Gulf
android.widget.TextView: 500 Frederick Rd & Delray 
android.widget.TextView: Catonsville, MD
android.widget.TextView: 2.52 mi
android.widget.RelativeLayout@40663378
android.widget.FrameLayout@405d2790
android.widget.RelativeLayout@406b7d38
android.widget.LinearLayout@406b8228
android.view.View@4065db40
android.widget.RelativeLayout@406681f8
android.widget.TextView: Regular
android.view.View@406b6148
android.view.View@405dce88
android.widget.RelativeLayout@40551778
android.widget.TextView: Midgrade
android.view.View@406af390
android.view.View@405dcfe8
android.widget.RelativeLayout@406fdd90
android.widget.TextView: Premium
android.view.View@40704730
android.view.View@405dd118
android.widget.RelativeLayout@4070b018
android.widget.TextView: Diesel
android.view.View@405dcb50
android.view.View@4065dc60
android.view.View@405af2e0
android.widget.LinearLayout@405da7a0
android.widget.RelativeLayout@405e8570
android.widget.ImageView@406bcf48
android.widget.TextView: Reload
android.widget.RelativeLayout@406c5688
android.widget.ImageView@406ce1b8
android.widget.TextView: Sort By Price
android.widget.RelativeLayout@406d3228
android.widget.ImageView@406dbc80
android.widget.TextView: Map View
android.view.View@406e2ad8
gbis.gbandroid.views.layouts.CustomListView@4058a500
android.widget.TableLayout@4057efe0
android.widget.TableRow@405e36c8
android.widget.RelativeLayout@4055ac68
android.widget.RelativeLayout@4057f190
android.widget.TextView: 3.48
android.widget.TextView: 9
android.widget.TextView: 21 hours ago
android.widget.TextView: Update
android.widget.RelativeLayout@4057fe00
android.widget.ImageView@4054f0b0
android.widget.TextView: Gulf
android.widget.TextView: 500 Frederick Rd & Delray 
android.widget.TextView: Catonsville, MD
android.widget.TextView: 2.52 mi
android.widget.TableLayout@40769ff8
android.widget.TableRow@406cb3f8
android.widget.RelativeLayout@4066d058
android.widget.RelativeLayout@4068fa98
android.widget.TextView: 3.49
android.widget.TextView: 9
android.widget.TextView: 12 hours ago
android.widget.TextView: Update
android.widget.RelativeLayout@407a6e18
android.widget.ImageView@40646c80
android.widget.TextView: CITGO
android.widget.TextView: 3333 Frederick Rd   & S Hilton St
android.widget.TextView: Baltimore, MD
android.widget.TextView: 2.53 mi
android.widget.TableLayout@406c8f30
android.widget.TableRow@407b3150
android.widget.RelativeLayout@40693860
android.widget.RelativeLayout@40619ce0
android.widget.TextView: --
android.widget.TextView: 9
android.widget.TextView: time
android.widget.TextView: Report Price
android.widget.RelativeLayout@406c8738
android.widget.ImageView@406dd360
android.widget.TextView: BP
android.widget.TextView: 2850 Liberty Heights Ave & Druid Park Dr
android.widget.TextView: Baltimore, MD
android.widget.TextView: 2.58 mi
android.widget.TableLayout@40559ad8
android.widget.TableRow@407a5060
android.widget.RelativeLayout@406cba30
android.widget.RelativeLayout@40709948
android.widget.TextView: --
android.widget.TextView: 9
android.widget.TextView: time
android.widget.TextView: Report Price
android.widget.RelativeLayout@40711c28
android.widget.ImageView@4061aca0
android.widget.TextView: Gulf
android.widget.TextView: 2617 Gwynns Falls Pkwy & Evergreen St
android.widget.TextView: Baltimore, MD
android.widget.TextView: 2.58 mi
android.widget.TableLayout@406850a8
android.widget.TableRow@40594f08
android.widget.RelativeLayout@4072b570
android.widget.RelativeLayout@4057fa20
android.widget.TextView: 3.39
android.widget.TextView: 9
android.widget.TextView: 10 hours ago
android.widget.TextView: Update
android.widget.RelativeLayout@40586680
android.widget.ImageView@406bb150
android.widget.TextView: 7-Eleven
android.widget.TextView: 2701 W Franklin St & N Calverton Rd
android.widget.TextView: Baltimore, MD
android.widget.TextView: 2.59 mi
android.widget.RelativeLayout@40663378
android.widget.FrameLayout@405d2790
android.widget.RelativeLayout@406b7d38
android.widget.LinearLayout@406b8228
android.view.View@4065db40
android.widget.RelativeLayout@406681f8
android.widget.TextView: Regular
android.view.View@406b6148
android.view.View@405dce88
android.widget.RelativeLayout@40551778
android.widget.TextView: Midgrade
android.view.View@406af390
android.view.View@405dcfe8
android.widget.RelativeLayout@406fdd90
android.widget.TextView: Premium
android.view.View@40704730
android.view.View@405dd118
android.widget.RelativeLayout@4070b018
android.widget.TextView: Diesel
android.view.View@405dcb50
android.view.View@4065dc60
android.view.View@405af2e0
android.widget.LinearLayout@405da7a0
android.widget.RelativeLayout@405e8570
android.widget.ImageView@406bcf48
android.widget.TextView: Reload
android.widget.RelativeLayout@406c5688
android.widget.ImageView@406ce1b8
android.widget.TextView: Sort By Price
android.widget.RelativeLayout@406d3228
android.widget.ImageView@406dbc80
android.widget.TextView: Map View
android.view.View@406e2ad8
gbis.gbandroid.views.layouts.CustomListView@4058a500
android.widget.TableLayout@406850a8
android.widget.TableRow@40594f08
android.widget.RelativeLayout@4072b570
android.widget.RelativeLayout@4057fa20
android.widget.TextView: 3.39
android.widget.TextView: 9
android.widget.TextView: 10 hours ago
android.widget.TextView: Update
android.widget.RelativeLayout@40586680
android.widget.ImageView@406bb150
android.widget.TextView: 7-Eleven
android.widget.TextView: 2701 W Franklin St & N Calverton Rd
android.widget.TextView: Baltimore, MD
android.widget.TextView: 2.59 mi
android.widget.TableLayout@4066b288
android.widget.TableRow@4066b7f8
android.widget.RelativeLayout@406bf818
android.widget.RelativeLayout@406bfbf0
android.widget.TextView: --
android.widget.TextView: 9
android.widget.TextView: time
android.widget.TextView: Report Price
android.widget.RelativeLayout@406c6540
android.widget.ImageView@406c6918
android.widget.TextView: BP
android.widget.TextView: 607 Frederick Rd & Bishop's Ln
android.widget.TextView: Catonsville, MD
android.widget.TextView: 2.6 mi
android.widget.TableLayout@406e53e0
android.widget.TableRow@406e5970
android.widget.RelativeLayout@406e8d30
android.widget.RelativeLayout@406ebfe8
android.widget.TextView: 3.41
android.widget.TextView: 9
android.widget.TextView: 12 hours ago
android.widget.TextView: Update
android.widget.RelativeLayout@40687920
android.widget.ImageView@40687ce0
android.widget.TextView: Sunoco
android.widget.TextView: 1900 N Rolling Rd & Fairbrook Rd
android.widget.TextView: Windsor Mill, MD
android.widget.TextView: 2.63 mi
android.widget.TableLayout@4064b630
android.widget.TableRow@4062bad0
android.widget.RelativeLayout@4066be50
android.widget.RelativeLayout@4066c228
android.widget.TextView: --
android.widget.TextView: 9
android.widget.TextView: time
android.widget.TextView: Report Price
android.widget.RelativeLayout@40642fd8
android.widget.ImageView@406433b0
android.widget.TextView: BP
android.widget.TextView: 3601 Dolfield Ave & W Cold Spring Ln
android.widget.TextView: Baltimore, MD
android.widget.TextView: 2.66 mi
android.widget.TableLayout@40776480
android.widget.TableRow@4075dad0
android.widget.RelativeLayout@4075e190
android.widget.RelativeLayout@4075e568
android.widget.TextView: 3.44
android.widget.TextView: 9
android.widget.TextView: Mon 7:33 PM
android.widget.TextView: Update
android.widget.RelativeLayout@40685d70
android.widget.ImageView@40686148
android.widget.TextView: Exxon
android.widget.TextView: 6037 Baltimore National Pike & Pine St
android.widget.TextView: Catonsville, MD
android.widget.TextView: 2.67 mi
android.widget.RelativeLayout@40663378
android.widget.FrameLayout@405d2790
android.widget.RelativeLayout@406b7d38
android.widget.LinearLayout@406b8228
android.view.View@4065db40
android.widget.RelativeLayout@406681f8
android.widget.TextView: Regular
android.view.View@406b6148
android.view.View@405dce88
android.widget.RelativeLayout@40551778
android.widget.TextView: Midgrade
android.view.View@406af390
android.view.View@405dcfe8
android.widget.RelativeLayout@406fdd90
android.widget.TextView: Premium
android.view.View@40704730
android.view.View@405dd118
android.widget.RelativeLayout@4070b018
android.widget.TextView: Diesel
android.view.View@405dcb50
android.view.View@4065dc60
android.view.View@405af2e0
android.widget.LinearLayout@405da7a0
android.widget.RelativeLayout@405e8570
android.widget.ImageView@406bcf48
android.widget.TextView: Reload
android.widget.RelativeLayout@406c5688
android.widget.ImageView@406ce1b8
android.widget.TextView: Sort By Price
android.widget.RelativeLayout@406d3228
android.widget.ImageView@406dbc80
android.widget.TextView: Map View
android.view.View@406e2ad8
gbis.gbandroid.views.layouts.CustomListView@4058a500
android.widget.TableLayout@40776480
android.widget.TableRow@4075dad0
android.widget.RelativeLayout@4075e190
android.widget.RelativeLayout@4075e568
android.widget.TextView: 3.44
android.widget.TextView: 9
android.widget.TextView: Mon 7:33 PM
android.widget.TextView: Update
android.widget.RelativeLayout@40685d70
android.widget.ImageView@40686148
android.widget.TextView: Exxon
android.widget.TextView: 6037 Baltimore National Pike & Pine St
android.widget.TextView: Catonsville, MD
android.widget.TextView: 2.67 mi
android.widget.TableLayout@405b9778
android.widget.TableRow@405b9d48
android.widget.RelativeLayout@405ba3c8
android.widget.RelativeLayout@405ba7a0
android.widget.TextView: 3.49
android.widget.TextView: 9
android.widget.TextView: 2 hours ago
android.widget.TextView: Update
android.widget.RelativeLayout@406b2ca0
android.widget.ImageView@406b3078
android.widget.TextView: Shell
android.widget.TextView: 4500 W Northern Pkwy  & Wabash Ave
android.widget.TextView: Baltimore, MD
android.widget.TextView: 2.71 mi
android.widget.TableLayout@4074dfc0
android.widget.TableRow@4074e590
android.widget.RelativeLayout@4074ec50
android.widget.RelativeLayout@4074f028
android.widget.TextView: --
android.widget.TextView: 9
android.widget.TextView: time
android.widget.TextView: Report Price
android.widget.RelativeLayout@4065eca8
android.widget.ImageView@4065f080
android.widget.TextView: Save More
android.widget.TextView: 4200 Wabash Ave &  W Cold Spring Ln
android.widget.TextView: Baltimore, MD
android.widget.TextView: 2.72 mi
android.widget.TableLayout@40757dd8
android.widget.TableRow@407583a8
android.widget.RelativeLayout@40758a68
android.widget.RelativeLayout@40758e40
android.widget.TextView: 3.49
android.widget.TextView: 9
android.widget.TextView: Mon 9:11 AM
android.widget.TextView: Update
android.widget.RelativeLayout@40748e98
android.widget.ImageView@40749270
android.widget.TextView: CITGO
android.widget.TextView: 3300 W Cold Spring Ln & Wabash Ave
android.widget.TextView: Baltimore, MD
android.widget.TextView: 2.74 mi
android.widget.TableLayout@4057efe0
android.widget.TableRow@405e36c8
android.widget.RelativeLayout@4055ac68
android.widget.RelativeLayout@4057f190
android.widget.TextView: --
android.widget.TextView: 9
android.widget.TextView: time
android.widget.TextView: Report Price
android.widget.RelativeLayout@40581d88
android.widget.ImageView@4054f0b0
android.widget.TextView: Three Brothers
android.widget.TextView: 3041 Frederick Rd & Wellesley St
android.widget.TextView: Baltimore, MD
android.widget.TextView: 2.76 mi
android.widget.RelativeLayout@40663378
android.widget.FrameLayout@405d2790
android.widget.RelativeLayout@406b7d38
android.widget.LinearLayout@406b8228
android.view.View@4065db40
android.widget.RelativeLayout@406681f8
android.widget.TextView: Regular
android.view.View@406b6148
android.view.View@405dce88
android.widget.RelativeLayout@40551778
android.widget.TextView: Midgrade
android.view.View@406af390
android.view.View@405dcfe8
android.widget.RelativeLayout@406fdd90
android.widget.TextView: Premium
android.view.View@40704730
android.view.View@405dd118
android.widget.RelativeLayout@4070b018
android.widget.TextView: Diesel
android.view.View@405dcb50
android.view.View@4065dc60
android.view.View@405af2e0
android.widget.LinearLayout@405da7a0
android.widget.RelativeLayout@405e8570
android.widget.ImageView@406bcf48
android.widget.TextView: Reload
android.widget.RelativeLayout@406c5688
android.widget.ImageView@406ce1b8
android.widget.TextView: Sort By Price
android.widget.RelativeLayout@406d3228
android.widget.ImageView@406dbc80
android.widget.TextView: Map View
android.view.View@406e2ad8
gbis.gbandroid.views.layouts.CustomListView@4058a500
android.widget.TableLayout@40757dd8
android.widget.TableRow@407583a8
android.widget.RelativeLayout@40758a68
android.widget.RelativeLayout@40758e40
android.widget.TextView: 3.49
android.widget.TextView: 9
android.widget.TextView: Mon 9:11 AM
android.widget.TextView: Update
android.widget.RelativeLayout@40748e98
android.widget.ImageView@40749270
android.widget.TextView: CITGO
android.widget.TextView: 3300 W Cold Spring Ln & Wabash Ave
android.widget.TextView: Baltimore, MD
android.widget.TextView: 2.74 mi
android.widget.TableLayout@4057efe0
android.widget.TableRow@405e36c8
android.widget.RelativeLayout@4055ac68
android.widget.RelativeLayout@4057f190
android.widget.TextView: --
android.widget.TextView: 9
android.widget.TextView: time
android.widget.TextView: Report Price
android.widget.RelativeLayout@40581d88
android.widget.ImageView@4054f0b0
android.widget.TextView: Three Brothers
android.widget.TextView: 3041 Frederick Rd & Wellesley St
android.widget.TextView: Baltimore, MD
android.widget.TextView: 2.76 mi
android.widget.TableLayout@40581bd8
android.widget.TableRow@40619420
android.widget.RelativeLayout@40582ae0
android.widget.RelativeLayout@40584988
android.widget.TextView: 3.49
android.widget.TextView: 9
android.widget.TextView: 19 hours ago
android.widget.TextView: Update
android.widget.RelativeLayout@40586ec8
android.widget.ImageView@4055e980
android.widget.TextView: BP
android.widget.TextView: 5100 Reisterstown Rd (MD-140) & W Garrison Ave
android.widget.TextView: Baltimore, MD
android.widget.TextView: 2.81 mi
android.widget.TableLayout@405847d8
android.widget.TableRow@40619808
android.widget.RelativeLayout@4058a3a8
android.widget.RelativeLayout@405e52f8
android.widget.TextView: --
android.widget.TextView: 9
android.widget.TextView: time
android.widget.TextView: Report Price
android.widget.RelativeLayout@406020b8
android.widget.ImageView@405b5698
android.widget.TextView: Hess
android.widget.TextView: 5128 Reisterstown Rd (MD-140) & W Belvedere Ave
android.widget.TextView: Baltimore, MD
android.widget.TextView: 2.82 mi
android.widget.RelativeLayout@40663378
