android.widget.FrameLayout@405d69b8
android.widget.RelativeLayout@406b85a0
android.widget.LinearLayout@406b8cd8
android.view.View@4063c668
android.widget.RelativeLayout@406fdcb0
android.widget.TextView: Regular
android.view.View@40715d68
android.view.View@405ba118
android.widget.RelativeLayout@407193a0
android.widget.TextView: Midgrade
android.view.View@407239a8
android.view.View@405ba278
android.widget.RelativeLayout@4072a830
android.widget.TextView: Premium
android.view.View@40610b18
android.view.View@4063c538
android.widget.RelativeLayout@40641e20
android.widget.TextView: Diesel
android.view.View@405b9de0
android.view.View@4063c788
android.view.View@4055d3f0
android.widget.LinearLayout@405aeaf0
android.widget.RelativeLayout@405e6f68
android.widget.ImageView@406bec88
android.widget.TextView: Reload
android.widget.RelativeLayout@406c7770
android.widget.ImageView@406ce470
android.widget.TextView: Sort By Price
android.widget.RelativeLayout@406d6960
android.widget.ImageView@406dd7b8
android.widget.TextView: Map View
android.view.View@406e45a0
gbis.gbandroid.views.layouts.CustomListView@406b5098
android.widget.RelativeLayout@4055b020
com.google.ads.AdView@405f2170
android.gesture.GestureOverlayView@406bcc40
android.widget.FrameLayout@40644ac8
com.google.ads.internal.AdWebView@40675370
android.widget.TableLayout@40705cf0
android.widget.TableRow@407062c0
android.widget.RelativeLayout@40708e08
android.widget.RelativeLayout@407091e0
android.widget.TextView: 3.46
android.widget.TextView: 9
android.widget.TextView: Mon 7:33 PM
android.widget.TextView: Update
android.widget.RelativeLayout@4070ce98
android.widget.ImageView@4070f770
android.widget.TextView: Shell
android.widget.TextView: 700 N Rolling Rd & Geipe Rd
android.widget.TextView: Catonsville, MD
android.widget.TextView: 0.62 mi
android.widget.TableLayout@406ed9e8
android.widget.TableRow@406edfb8
android.widget.RelativeLayout@406f0bb0
android.widget.RelativeLayout@406f0f10
android.widget.TextView: 3.44
android.widget.TextView: 9
android.widget.TextView: Mon 7:33 PM
android.widget.TextView: Update
android.widget.RelativeLayout@406f4c00
android.widget.ImageView@406f4fd8
android.widget.TextView: Exxon
android.widget.TextView: 6037 Baltimore National Pike & Pine St
android.widget.TextView: Catonsville, MD
android.widget.TextView: 0.63 mi
android.widget.TableLayout@406cf908
android.widget.TableRow@406d2138
android.widget.RelativeLayout@406d27f8
android.widget.RelativeLayout@406d2bd0
android.widget.TextView: 3.49
android.widget.TextView: 9
android.widget.TextView: 2 hours ago
android.widget.TextView: Update
android.widget.RelativeLayout@406d8d08
android.widget.ImageView@406d90e0
android.widget.TextView: Shell
android.widget.TextView: 925 Frederick Rd & Sanford Rd
android.widget.TextView: Catonsville, MD
android.widget.TextView: 0.63 mi
android.widget.TableLayout@40726790
android.widget.TableRow@406a6510
android.widget.RelativeLayout@406436c8
android.widget.RelativeLayout@406a5318
android.widget.TextView: 3.37
android.widget.TextView: 9
android.widget.TextView: 5 hours ago
android.widget.TextView: Update
android.widget.RelativeLayout@4072bf00
android.widget.ImageView@406bd748
android.widget.TextView: Gulf
android.widget.TextView: 6001 Baltimore National Pike & Winter's Ln
android.widget.TextView: Catonsville, MD
android.widget.TextView: 0.73 mi
android.widget.RelativeLayout@405c4900
android.widget.FrameLayout@405d69b8
android.widget.RelativeLayout@406b85a0
android.widget.LinearLayout@406b8cd8
android.view.View@4063c668
android.widget.RelativeLayout@406fdcb0
android.widget.TextView: Regular
android.view.View@40715d68
android.view.View@405ba118
android.widget.RelativeLayout@407193a0
android.widget.TextView: Midgrade
android.view.View@407239a8
android.view.View@405ba278
android.widget.RelativeLayout@4072a830
android.widget.TextView: Premium
android.view.View@40610b18
android.view.View@4063c538
android.widget.RelativeLayout@40641e20
android.widget.TextView: Diesel
android.view.View@405b9de0
android.view.View@4063c788
android.view.View@4055d3f0
android.widget.LinearLayout@405aeaf0
android.widget.RelativeLayout@405e6f68
android.widget.ImageView@406bec88
android.widget.TextView: Reload
android.widget.RelativeLayout@406c7770
android.widget.ImageView@406ce470
android.widget.TextView: Sort By Price
android.widget.RelativeLayout@406d6960
android.widget.ImageView@406dd7b8
android.widget.TextView: Map View
android.view.View@406e45a0
gbis.gbandroid.views.layouts.CustomListView@406b5098
android.widget.TableLayout@40726790
android.widget.TableRow@406a6510
android.widget.RelativeLayout@406436c8
android.widget.RelativeLayout@406a5318
android.widget.TextView: 3.37
android.widget.TextView: 9
android.widget.TextView: 5 hours ago
android.widget.TextView: Update
android.widget.RelativeLayout@4072bf00
android.widget.ImageView@406bd748
android.widget.TextView: Gulf
android.widget.TextView: 6001 Baltimore National Pike & Winter's Ln
android.widget.TextView: Catonsville, MD
android.widget.TextView: 0.73 mi
android.widget.TableLayout@407b3f70
android.widget.TableRow@407b4540
android.widget.RelativeLayout@407b4c00
android.widget.RelativeLayout@407b4fd8
android.widget.TextView: 3.42
android.widget.TextView: 9
android.widget.TextView: 5 hours ago
android.widget.TextView: Update
android.widget.RelativeLayout@407b67e8
android.widget.ImageView@407b6bc0
android.widget.TextView: BP
android.widget.TextView: 5931 Baltimore National Pike & Winter's Ln
android.widget.TextView: Catonsville, MD
android.widget.TextView: 0.75 mi
android.widget.TableLayout@40582298
android.widget.TableRow@40670428
android.widget.RelativeLayout@40547618
android.widget.RelativeLayout@4057cda0
android.widget.TextView: 3.38
android.widget.TextView: 9
android.widget.TextView: 5 hours ago
android.widget.TextView: Update
android.widget.RelativeLayout@4057f438
android.widget.ImageView@40587e28
android.widget.TextView: Carroll Fuel
android.widget.TextView: 620 Edmondson Ave  & Ingleside Ave
android.widget.TextView: Catonsville, MD
android.widget.TextView: 0.8 mi
android.widget.TableLayout@40582440
android.widget.TableRow@406c6420
android.widget.RelativeLayout@4057f9e8
android.widget.RelativeLayout@40584c70
android.widget.TextView: 3.39
android.widget.TextView: 9
android.widget.TextView: 4 hours ago
android.widget.TextView: Update
android.widget.RelativeLayout@4058f2b0
android.widget.ImageView@405bce30
android.widget.TextView: Shell
android.widget.TextView: 5932 Baltimore National Pike & Winter's Ln
android.widget.TextView: Catonsville, MD
android.widget.TextView: 0.8 mi
android.widget.TableLayout@40584008
android.widget.TableRow@406d6768
android.widget.RelativeLayout@405fe9a0
android.widget.RelativeLayout@406015f0
android.widget.TextView: --
android.widget.TextView: 9
android.widget.TextView: time
android.widget.TextView: Report Price
android.widget.RelativeLayout@406041c8
android.widget.ImageView@406521d8
android.widget.TextView: BP
android.widget.TextView: 607 Frederick Rd & Bishop's Ln
android.widget.TextView: Catonsville, MD
android.widget.TextView: 0.99 mi
android.widget.RelativeLayout@405c4900
android.widget.FrameLayout@405d69b8
android.widget.RelativeLayout@406b85a0
android.widget.LinearLayout@406b8cd8
android.view.View@4063c668
android.widget.RelativeLayout@406fdcb0
android.widget.TextView: Regular
android.view.View@40715d68
android.view.View@405ba118
android.widget.RelativeLayout@407193a0
android.widget.TextView: Midgrade
android.view.View@407239a8
android.view.View@405ba278
android.widget.RelativeLayout@4072a830
android.widget.TextView: Premium
android.view.View@40610b18
android.view.View@4063c538
android.widget.RelativeLayout@40641e20
android.widget.TextView: Diesel
android.view.View@405b9de0
android.view.View@4063c788
android.view.View@4055d3f0
android.widget.LinearLayout@405aeaf0
android.widget.RelativeLayout@405e6f68
android.widget.ImageView@406bec88
android.widget.TextView: Reload
android.widget.RelativeLayout@406c7770
android.widget.ImageView@406ce470
android.widget.TextView: Sort By Price
android.widget.RelativeLayout@406d6960
android.widget.ImageView@406dd7b8
android.widget.TextView: Map View
android.view.View@406e45a0
gbis.gbandroid.views.layouts.CustomListView@406b5098
android.widget.TableLayout@40584008
android.widget.TableRow@406d6768
android.widget.RelativeLayout@405fe9a0
android.widget.RelativeLayout@406015f0
android.widget.TextView: --
android.widget.TextView: 9
android.widget.TextView: time
android.widget.TextView: Report Price
android.widget.RelativeLayout@406041c8
android.widget.ImageView@406521d8
android.widget.TextView: BP
android.widget.TextView: 607 Frederick Rd & Bishop's Ln
android.widget.TextView: Catonsville, MD
android.widget.TextView: 0.99 mi
android.widget.TableLayout@405ceb80
android.widget.TableRow@406f56a0
android.widget.RelativeLayout@40605100
android.widget.RelativeLayout@40613d68
android.widget.TextView: 3.48
android.widget.TextView: 9
android.widget.TextView: 21 hours ago
android.widget.TextView: Update
android.widget.RelativeLayout@40616950
android.widget.ImageView@4065db88
android.widget.TextView: Gulf
android.widget.TextView: 500 Frederick Rd & Delray 
android.widget.TextView: Catonsville, MD
android.widget.TextView: 1.07 mi
android.widget.TableLayout@40604018
android.widget.TableRow@407119e8
android.widget.RelativeLayout@40620a20
android.widget.RelativeLayout@406254b8
android.widget.TextView: 3.45
android.widget.TextView: 9
android.widget.TextView: 21 hours ago
android.widget.TextView: Update
android.widget.RelativeLayout@40625670
android.widget.ImageView@4069e630
android.widget.TextView: Carroll Fuel
android.widget.TextView: 408 Frederick Rd & Delray 
android.widget.TextView: Catonsville, MD
android.widget.TextView: 1.13 mi
android.widget.TableLayout@40604f80
android.widget.TableRow@40606c30
android.widget.RelativeLayout@40629150
android.widget.RelativeLayout@406296e0
android.widget.TextView: 3.36
android.widget.TextView: 9
android.widget.TextView: 5 hours ago
android.widget.TextView: Update
android.widget.RelativeLayout@4062c290
android.widget.ImageView@4069fd80
android.widget.TextView: Sunoco
android.widget.TextView: 6122 Edmondson Ave & Harlem Ln
android.widget.TextView: Catonsville, MD
android.widget.TextView: 1.3 mi
android.widget.TableLayout@40613a10
android.widget.TableRow@40613bb8
android.widget.RelativeLayout@4062d260
android.widget.RelativeLayout@4062ee98
android.widget.TextView: 3.30
android.widget.TextView: 9
android.widget.TextView: 2 hours ago
android.widget.TextView: Update
android.widget.RelativeLayout@40631a88
android.widget.ImageView@406a29e0
android.widget.TextView: Sam's Club
android.widget.TextView: 5702 Baltimore National Pike & Ingleside Ave
android.widget.TextView: Catonsville, MD
android.widget.TextView: 1.3 mi
android.widget.RelativeLayout@405c4900
android.widget.FrameLayout@405d69b8
android.widget.RelativeLayout@406b85a0
android.widget.LinearLayout@406b8cd8
android.view.View@4063c668
android.widget.RelativeLayout@406fdcb0
android.widget.TextView: Regular
android.view.View@40715d68
android.view.View@405ba118
android.widget.RelativeLayout@407193a0
android.widget.TextView: Midgrade
android.view.View@407239a8
android.view.View@405ba278
android.widget.RelativeLayout@4072a830
android.widget.TextView: Premium
android.view.View@40610b18
android.view.View@4063c538
android.widget.RelativeLayout@40641e20
android.widget.TextView: Diesel
android.view.View@405b9de0
android.view.View@4063c788
android.view.View@4055d3f0
android.widget.LinearLayout@405aeaf0
android.widget.RelativeLayout@405e6f68
android.widget.ImageView@406bec88
android.widget.TextView: Reload
android.widget.RelativeLayout@406c7770
android.widget.ImageView@406ce470
android.widget.TextView: Sort By Price
android.widget.RelativeLayout@406d6960
android.widget.ImageView@406dd7b8
android.widget.TextView: Map View
android.view.View@406e45a0
gbis.gbandroid.views.layouts.CustomListView@406b5098
android.widget.TableLayout@40613a10
android.widget.TableRow@40613bb8
android.widget.RelativeLayout@4062d260
android.widget.RelativeLayout@4062ee98
android.widget.TextView: 3.30
android.widget.TextView: 9
android.widget.TextView: 2 hours ago
android.widget.TextView: Update
android.widget.RelativeLayout@40631a88
android.widget.ImageView@406a29e0
android.widget.TextView: Sam's Club
android.widget.TextView: 5702 Baltimore National Pike & Ingleside Ave
android.widget.TextView: Catonsville, MD
android.widget.TextView: 1.3 mi
android.widget.TableLayout@406643f0
android.widget.TableRow@406b04f8
android.widget.RelativeLayout@406d2fe0
android.widget.RelativeLayout@406e10b8
android.widget.TextView: 3.36
android.widget.TextView: 9
android.widget.TextView: 1 hour ago
android.widget.TextView: Update
android.widget.RelativeLayout@406408a8
android.widget.ImageView@4065d6e0
android.widget.TextView: Safeway
android.widget.TextView: 5668 Baltimore Natl Pike & Ingleside Ave
android.widget.TextView: Catonsville, MD
android.widget.TextView: 1.35 mi
android.widget.TableLayout@40652d28
android.widget.TableRow@4063a430
android.widget.RelativeLayout@4076fc98
android.widget.RelativeLayout@405c64c8
android.widget.TextView: 3.43
android.widget.TextView: 9
android.widget.TextView: Mon 1:22 PM
android.widget.TextView: Update
android.widget.RelativeLayout@4069df68
android.widget.ImageView@406c7f08
android.widget.TextView: Shell
android.widget.TextView: 920 Ingleside Ave & Calyn Rd
android.widget.TextView: Catonsville, MD
android.widget.TextView: 1.39 mi
android.widget.TableLayout@406a25f8
android.widget.TableRow@40703560
android.widget.RelativeLayout@406a2ba8
android.widget.RelativeLayout@406b90d8
android.widget.TextView: 3.34
android.widget.TextView: 9
android.widget.TextView: 51 minutes ago
android.widget.TextView: Update
android.widget.RelativeLayout@4070b9d8
android.widget.ImageView@407167b8
android.widget.TextView: Omar's Fuel
android.widget.TextView: 1022 Ingleside Ave & Johnnycake Rd
android.widget.TextView: Catonsville, MD
android.widget.TextView: 1.48 mi
android.widget.TableLayout@40661890
android.widget.TableRow@406e9078
android.widget.RelativeLayout@40700798
android.widget.RelativeLayout@4070beb0
android.widget.TextView: 3.39
android.widget.TextView: 9
android.widget.TextView: 10 hours ago
android.widget.TextView: Update
android.widget.RelativeLayout@40595178
android.widget.ImageView@4057f5a0
android.widget.TextView: BP
android.widget.TextView: 5612 Baltimore National Pike & Jonnycake Rd
android.widget.TextView: Catonsville, MD
android.widget.TextView: 1.53 mi
android.widget.RelativeLayout@405c4900
android.widget.FrameLayout@405d69b8
android.widget.RelativeLayout@406b85a0
android.widget.LinearLayout@406b8cd8
android.view.View@4063c668
android.widget.RelativeLayout@406fdcb0
android.widget.TextView: Regular
android.view.View@40715d68
android.view.View@405ba118
android.widget.RelativeLayout@407193a0
android.widget.TextView: Midgrade
android.view.View@407239a8
android.view.View@405ba278
android.widget.RelativeLayout@4072a830
android.widget.TextView: Premium
android.view.View@40610b18
android.view.View@4063c538
android.widget.RelativeLayout@40641e20
android.widget.TextView: Diesel
android.view.View@405b9de0
android.view.View@4063c788
android.view.View@4055d3f0
android.widget.LinearLayout@405aeaf0
android.widget.RelativeLayout@405e6f68
android.widget.ImageView@406bec88
android.widget.TextView: Reload
android.widget.RelativeLayout@406c7770
android.widget.ImageView@406ce470
android.widget.TextView: Sort By Price
android.widget.RelativeLayout@406d6960
android.widget.ImageView@406dd7b8
android.widget.TextView: Map View
android.view.View@406e45a0
gbis.gbandroid.views.layouts.CustomListView@406b5098
android.widget.TableLayout@40626348
android.widget.TableRow@40639cd8
android.widget.RelativeLayout@4067dc58
android.widget.RelativeLayout@40617828
android.widget.TextView: 3.39
android.widget.TextView: 9
android.widget.TextView: 10 hours ago
android.widget.TextView: Update
android.widget.RelativeLayout@40614c60
android.widget.ImageView@40668950
android.widget.TextView: BP
android.widget.TextView: 5612 Baltimore National Pike & Jonnycake Rd
android.widget.TextView: Catonsville, MD
android.widget.TextView: 1.53 mi
android.widget.TableLayout@406dd2b8
android.widget.TableRow@405e6020
android.widget.RelativeLayout@406cbb00
android.widget.RelativeLayout@40677a80
android.widget.TextView: 3.39
android.widget.TextView: 9
android.widget.TextView: 1 hour ago
android.widget.TextView: Update
android.widget.RelativeLayout@406c2998
android.widget.ImageView@406fa650
android.widget.TextView: Sunoco
android.widget.TextView: 5900 Johnnycake Rd & Ingleside Ave
android.widget.TextView: Gwynn Oak, MD
android.widget.TextView: 1.56 mi
android.widget.TableLayout@4062f598
android.widget.TableRow@40641140
android.widget.RelativeLayout@40649e30
android.widget.RelativeLayout@4064aca0
android.widget.TextView: 3.42
android.widget.TextView: 9
android.widget.TextView: 10 hours ago
android.widget.TextView: Update
android.widget.RelativeLayout@40678858
android.widget.ImageView@4067b280
android.widget.TextView: Shell
android.widget.TextView: 5317 Edmondson Ave & N Bend Rd
android.widget.TextView: Baltimore, MD
android.widget.TextView: 2.09 mi
android.widget.TableLayout@40681bc0
android.widget.TableRow@4067e260
android.widget.RelativeLayout@4079a6a0
android.widget.RelativeLayout@406266d0
android.widget.TextView: 3.34
android.widget.TextView: 9
android.widget.TextView: 3 hours ago
android.widget.TextView: Update
android.widget.RelativeLayout@40606730
android.widget.ImageView@4061d728
android.widget.TextView: Carroll Fuel
android.widget.TextView: 5217 Baltimore National Pike & Charing Cross Rd
android.widget.TextView: Baltimore, MD
android.widget.TextView: 2.16 mi
android.widget.TableLayout@40661890
android.widget.TableRow@406e9078
android.widget.RelativeLayout@40700798
android.widget.RelativeLayout@4070beb0
android.widget.TextView: --
android.widget.TextView: 9
android.widget.TextView: 10 hours ago
android.widget.TextView: Report Price
android.widget.RelativeLayout@40595178
android.widget.ImageView@4057f5a0
android.widget.TextView: Shell
android.widget.TextView: 64 Frederick Rd & School Ln
android.widget.TextView: Ellicott City, MD
android.widget.TextView: 2.4 mi
android.widget.RelativeLayout@405c4900
android.widget.FrameLayout@405d69b8
android.widget.RelativeLayout@406b85a0
android.widget.LinearLayout@406b8cd8
android.view.View@4063c668
android.widget.RelativeLayout@406fdcb0
android.widget.TextView: Regular
android.view.View@40715d68
android.view.View@405ba118
android.widget.RelativeLayout@407193a0
android.widget.TextView: Midgrade
android.view.View@407239a8
android.view.View@405ba278
android.widget.RelativeLayout@4072a830
android.widget.TextView: Premium
android.view.View@40610b18
android.view.View@4063c538
android.widget.RelativeLayout@40641e20
android.widget.TextView: Diesel
android.view.View@405b9de0
android.view.View@4063c788
android.view.View@4055d3f0
android.widget.LinearLayout@405aeaf0
android.widget.RelativeLayout@405e6f68
android.widget.ImageView@406bec88
android.widget.TextView: Reload
android.widget.RelativeLayout@406c7770
android.widget.ImageView@406ce470
android.widget.TextView: Sort By Price
android.widget.RelativeLayout@406d6960
android.widget.ImageView@406dd7b8
android.widget.TextView: Map View
android.view.View@406e45a0
gbis.gbandroid.views.layouts.CustomListView@406b5098
android.widget.TableLayout@40661890
android.widget.TableRow@406e9078
android.widget.RelativeLayout@40700798
android.widget.RelativeLayout@4070beb0
android.widget.TextView: --
android.widget.TextView: 9
android.widget.TextView: 10 hours ago
android.widget.TextView: Report Price
android.widget.RelativeLayout@40595178
android.widget.ImageView@4057f5a0
android.widget.TextView: Shell
android.widget.TextView: 64 Frederick Rd & School Ln
android.widget.TextView: Ellicott City, MD
android.widget.TextView: 2.4 mi
android.widget.TableLayout@40582440
android.widget.TableRow@40547618
android.widget.RelativeLayout@40559650
android.widget.RelativeLayout@4057cda0
android.widget.TextView: 3.49
android.widget.TextView: 9
android.widget.TextView: Mon 3:31 PM
android.widget.TextView: Update
android.widget.RelativeLayout@4057f9e8
android.widget.ImageView@4054d9c0
android.widget.TextView: Shell
android.widget.TextView: 64 Frederick Rd & Westchester 
android.widget.TextView: Ellicott City, MD
android.widget.TextView: 2.45 mi
android.widget.TableLayout@40584008
android.widget.TableRow@4057c300
android.widget.RelativeLayout@405825f0
android.widget.RelativeLayout@4058f2b0
android.widget.TextView: 3.43
android.widget.TextView: 9
android.widget.TextView: 3 hours ago
android.widget.TextView: Update
android.widget.RelativeLayout@405fe9a0
android.widget.ImageView@40561f18
android.widget.TextView: Shell
android.widget.TextView: 1699 N Forest Park Ave & Stamford Rd
android.widget.TextView: Gwynn Oak, MD
android.widget.TextView: 2.46 mi
android.widget.TableLayout@405ceb80
android.widget.TableRow@405e1548
android.widget.RelativeLayout@406015f0
android.widget.RelativeLayout@406041c8
android.widget.TextView: 3.39
android.widget.TextView: 9
android.widget.TextView: Mon 5:50 PM
android.widget.TextView: Update
android.widget.RelativeLayout@40606dd8
android.widget.ImageView@40591cf0
android.widget.TextView: BP
android.widget.TextView: 6698 Security Blvd & Whitehead Rd
android.widget.TextView: Gwynn Oak, MD
android.widget.TextView: 2.64 mi
android.widget.TableLayout@40601440
android.widget.TableRow@406113f8
android.widget.RelativeLayout@40613d68
android.widget.RelativeLayout@40616950
android.widget.TextView: 3.41
android.widget.TextView: 9
android.widget.TextView: 12 hours ago
android.widget.TextView: Update
android.widget.RelativeLayout@4061dc28
android.widget.ImageView@405947b0
android.widget.TextView: Sunoco
android.widget.TextView: 1900 N Rolling Rd & Fairbrook Rd
android.widget.TextView: Windsor Mill, MD
android.widget.TextView: 2.64 mi
android.widget.RelativeLayout@405c4900
android.widget.FrameLayout@405d69b8
android.widget.RelativeLayout@406b85a0
android.widget.LinearLayout@406b8cd8
android.view.View@4063c668
android.widget.RelativeLayout@406fdcb0
android.widget.TextView: Regular
android.view.View@40715d68
android.view.View@405ba118
android.widget.RelativeLayout@407193a0
android.widget.TextView: Midgrade
android.view.View@407239a8
android.view.View@405ba278
android.widget.RelativeLayout@4072a830
android.widget.TextView: Premium
android.view.View@40610b18
android.view.View@4063c538
android.widget.RelativeLayout@40641e20
android.widget.TextView: Diesel
android.view.View@405b9de0
android.view.View@4063c788
android.view.View@4055d3f0
android.widget.LinearLayout@405aeaf0
android.widget.RelativeLayout@405e6f68
android.widget.ImageView@406bec88
android.widget.TextView: Reload
android.widget.RelativeLayout@406c7770
android.widget.ImageView@406ce470
android.widget.TextView: Sort By Price
android.widget.RelativeLayout@406d6960
android.widget.ImageView@406dd7b8
android.widget.TextView: Map View
android.view.View@406e45a0
gbis.gbandroid.views.layouts.CustomListView@406b5098
android.widget.TableLayout@40601440
android.widget.TableRow@406113f8
android.widget.RelativeLayout@40613d68
android.widget.RelativeLayout@40616950
android.widget.TextView: 3.41
android.widget.TextView: 9
android.widget.TextView: 12 hours ago
android.widget.TextView: Update
android.widget.RelativeLayout@4061dc28
android.widget.ImageView@405947b0
android.widget.TextView: Sunoco
android.widget.TextView: 1900 N Rolling Rd & Fairbrook Rd
android.widget.TextView: Windsor Mill, MD
android.widget.TextView: 2.64 mi
android.widget.TableLayout@40604018
android.widget.TableRow@4063fa50
android.widget.RelativeLayout@40698c58
android.widget.RelativeLayout@4069ebf0
android.widget.TextView: 3.45
android.widget.TextView: 9
android.widget.TextView: 10 hours ago
android.widget.TextView: Update
android.widget.RelativeLayout@406c1d38
android.widget.ImageView@406e2968
android.widget.TextView: Exxon
android.widget.TextView: 1601 Belmont & Security Blvd
android.widget.TextView: Windsor Mill, MD
android.widget.TextView: 2.69 mi
android.widget.TableLayout@407083a8
android.widget.TableRow@405f1fe8
android.widget.RelativeLayout@40646540
android.widget.RelativeLayout@4070d748
android.widget.TextView: 3.39
android.widget.TextView: 9
android.widget.TextView: 11 hours ago
android.widget.TextView: Update
android.widget.RelativeLayout@406c0dc0
android.widget.ImageView@406fad88
android.widget.TextView: Shell
android.widget.TextView: 6600 Security Blvd & Woodlawn Dr
android.widget.TextView: Gwynn Oak, MD
android.widget.TextView: 2.71 mi
android.widget.TableLayout@405df4a8
android.widget.TableRow@406c2dd8
android.widget.RelativeLayout@40613308
android.widget.RelativeLayout@406b9fd8
android.widget.TextView: 3.55
android.widget.TextView: 9
android.widget.TextView: Mon 4:27 PM
android.widget.TextView: Update
android.widget.RelativeLayout@40627460
android.widget.ImageView@40668fd8
android.widget.TextView: Shell
android.widget.TextView: 1075 Maiden Choice Ln & Westland Blvd
android.widget.TextView: Arbutus, MD
android.widget.TextView: 2.9 mi
android.widget.TableLayout@40613a10
android.widget.TableRow@406118c8
android.widget.RelativeLayout@405c64c8
android.widget.RelativeLayout@4061ddd0
android.widget.TextView: 3.49
android.widget.TextView: 9
android.widget.TextView: 6 hours ago
android.widget.TextView: Update
android.widget.RelativeLayout@40620a20
android.widget.ImageView@405b4308
android.widget.TextView: CITGO
android.widget.TextView: 8300 Baltimore National Pike & Governors Run
android.widget.TextView: Ellicott City, MD
android.widget.TextView: 2.98 mi
android.widget.RelativeLayout@405c4900
android.widget.FrameLayout@405d69b8
android.widget.RelativeLayout@406b85a0
android.widget.LinearLayout@406b8cd8
android.view.View@4063c668
android.widget.RelativeLayout@406fdcb0
android.widget.TextView: Regular
android.view.View@40715d68
android.view.View@405ba118
android.widget.RelativeLayout@407193a0
android.widget.TextView: Midgrade
android.view.View@407239a8
android.view.View@405ba278
android.widget.RelativeLayout@4072a830
android.widget.TextView: Premium
android.view.View@40610b18
android.view.View@4063c538
android.widget.RelativeLayout@40641e20
android.widget.TextView: Diesel
android.view.View@405b9de0
android.view.View@4063c788
android.view.View@4055d3f0
android.widget.LinearLayout@405aeaf0
android.widget.RelativeLayout@405e6f68
android.widget.ImageView@406bec88
android.widget.TextView: Reload
android.widget.RelativeLayout@406c7770
android.widget.ImageView@406ce470
android.widget.TextView: Sort By Price
android.widget.RelativeLayout@406d6960
android.widget.ImageView@406dd7b8
android.widget.TextView: Map View
android.view.View@406e45a0
gbis.gbandroid.views.layouts.CustomListView@406b5098
android.widget.TableLayout@40613a10
android.widget.TableRow@406118c8
android.widget.RelativeLayout@405c64c8
android.widget.RelativeLayout@4061ddd0
android.widget.TextView: 3.49
android.widget.TextView: 9
android.widget.TextView: 6 hours ago
android.widget.TextView: Update
android.widget.RelativeLayout@40620a20
android.widget.ImageView@405b4308
android.widget.TextView: CITGO
android.widget.TextView: 8300 Baltimore National Pike & Governors Run
android.widget.TextView: Ellicott City, MD
android.widget.TextView: 2.98 mi
android.widget.TableLayout@40613bb8
android.widget.TableRow@40678a08
android.widget.RelativeLayout@40625670
android.widget.RelativeLayout@406296e0
android.widget.TextView: 3.33
android.widget.TextView: 9
android.widget.TextView: 11 hours ago
android.widget.TextView: Update
android.widget.RelativeLayout@4062b7f8
android.widget.ImageView@40627f60
android.widget.TextView: CITGO
android.widget.TextView: 1816 Woodlawn Dr & Whitehead Rd
android.widget.TextView: Gwynn Oak, MD
android.widget.TextView: 3.01 mi
android.widget.TableLayout@406167a0
android.widget.TableRow@406e4308
android.widget.RelativeLayout@4062ee98
android.widget.RelativeLayout@40631a88
android.widget.TextView: 3.29
android.widget.TextView: 9
android.widget.TextView: 6 hours ago
android.widget.TextView: Update
android.widget.RelativeLayout@40638eb8
android.widget.ImageView@4065db88
android.widget.TextView: XtraMart
android.widget.TextView: 1818 Woodlawn Dr & Whitehead Rd
android.widget.TextView: Gwynn Oak, MD
android.widget.TextView: 3.04 mi
android.widget.TableLayout@40629530
android.widget.TableRow@40717ca8
android.widget.RelativeLayout@4063af10
android.widget.RelativeLayout@4063edd0
android.widget.TextView: 3.49
android.widget.TextView: 9
android.widget.TextView: Mon 7:13 PM
android.widget.TextView: Update
android.widget.RelativeLayout@406408a8
android.widget.ImageView@40673b30
android.widget.TextView: Sunoco
android.widget.TextView: 8411 Baltimore National Pike & Normandy Ln
android.widget.TextView: Ellicott City, MD
android.widget.TextView: 3.11 mi
android.widget.TableLayout@4062c0e0
android.widget.TableRow@4062ece8
android.widget.RelativeLayout@40647178
android.widget.RelativeLayout@40649540
android.widget.TextView: 3.33
android.widget.TextView: 9
android.widget.TextView: 10 hours ago
android.widget.TextView: Update
android.widget.RelativeLayout@40649fe0
android.widget.ImageView@4067c0e0
android.widget.TextView: BP
android.widget.TextView: 2202 N Rolling Rd & Gaybrook Rd
android.widget.TextView: Windsor Mill, MD
android.widget.TextView: 3.17 mi
android.widget.RelativeLayout@405c4900
android.widget.FrameLayout@405d69b8
android.widget.RelativeLayout@406b85a0
android.widget.LinearLayout@406b8cd8
android.view.View@4063c668
android.widget.RelativeLayout@406fdcb0
android.widget.TextView: Regular
android.view.View@40715d68
android.view.View@405ba118
android.widget.RelativeLayout@407193a0
android.widget.TextView: Midgrade
android.view.View@407239a8
android.view.View@405ba278
android.widget.RelativeLayout@4072a830
android.widget.TextView: Premium
android.view.View@40610b18
android.view.View@4063c538
android.widget.RelativeLayout@40641e20
android.widget.TextView: Diesel
android.view.View@405b9de0
android.view.View@4063c788
android.view.View@4055d3f0
android.widget.LinearLayout@405aeaf0
android.widget.RelativeLayout@405e6f68
android.widget.ImageView@406bec88
android.widget.TextView: Reload
android.widget.RelativeLayout@406c7770
android.widget.ImageView@406ce470
android.widget.TextView: Sort By Price
android.widget.RelativeLayout@406d6960
android.widget.ImageView@406dd7b8
android.widget.TextView: Map View
android.view.View@406e45a0
gbis.gbandroid.views.layouts.CustomListView@406b5098
android.widget.TableLayout@4062c0e0
android.widget.TableRow@4062ece8
android.widget.RelativeLayout@40647178
android.widget.RelativeLayout@40649540
android.widget.TextView: 3.33
android.widget.TextView: 9
android.widget.TextView: 10 hours ago
android.widget.TextView: Update
android.widget.RelativeLayout@40649fe0
android.widget.ImageView@4067c0e0
android.widget.TextView: BP
android.widget.TextView: 2202 N Rolling Rd & Gaybrook Rd
android.widget.TextView: Windsor Mill, MD
android.widget.TextView: 3.17 mi
android.widget.TableLayout@406c2900
android.widget.TableRow@4077ada8
android.widget.RelativeLayout@4061a148
android.widget.RelativeLayout@4068cb78
android.widget.TextView: 3.42
android.widget.TextView: 9
android.widget.TextView: 3 hours ago
android.widget.TextView: Update
android.widget.RelativeLayout@405b5d88
android.widget.ImageView@40685168
android.widget.TextView: Shell
android.widget.TextView: 4598 Edmondson Ave & Swann Ave
android.widget.TextView: Baltimore, MD
android.widget.TextView: 3.17 mi
android.widget.TableLayout@40711310
android.widget.TableRow@4067f688
android.widget.RelativeLayout@40682588
android.widget.RelativeLayout@40605a88
android.widget.TextView: 3.35
android.widget.TextView: 9
android.widget.TextView: 5 hours ago
android.widget.TextView: Update
android.widget.RelativeLayout@40656a88
android.widget.ImageView@4066af70
android.widget.TextView: Sunoco
android.widget.TextView: 6725 Dogwood Rd & White Stone Rd
android.widget.TextView: Gwynn Oak, MD
android.widget.TextView: 3.23 mi
android.widget.TableLayout@406eb848
android.widget.TableRow@406e0780
android.widget.RelativeLayout@406eca30
android.widget.RelativeLayout@4071bb70
android.widget.TextView: 3.51
android.widget.TextView: 9
android.widget.TextView: Mon 9:37 AM
android.widget.TextView: Update
android.widget.RelativeLayout@40681428
android.widget.ImageView@4066d5d8
android.widget.TextView: BP
android.widget.TextView: 2012 N Forest  Park  Dr & Windsor Mill Rd
android.widget.TextView: Gwynn Oak, MD
android.widget.TextView: 3.23 mi
android.widget.TableLayout@407b3db8
android.widget.TableRow@40725098
android.widget.RelativeLayout@405b3bb0
android.widget.RelativeLayout@40614990
android.widget.TextView: 3.43
android.widget.TextView: 9
android.widget.TextView: Mon 9:47 AM
android.widget.TextView: Update
android.widget.RelativeLayout@4058dc18
android.widget.ImageView@40627c20
android.widget.TextView: Crown
android.widget.TextView: 8505 Baltimore National Pike & Normandy Woods Dr
android.widget.TextView: Ellicott City, MD
android.widget.TextView: 3.24 mi
android.widget.RelativeLayout@405c4900
android.widget.FrameLayout@405d69b8
android.widget.RelativeLayout@406b85a0
android.widget.LinearLayout@406b8cd8
android.view.View@4063c668
android.widget.RelativeLayout@406fdcb0
android.widget.TextView: Regular
android.view.View@40715d68
android.view.View@405ba118
android.widget.RelativeLayout@407193a0
android.widget.TextView: Midgrade
android.view.View@407239a8
android.view.View@405ba278
android.widget.RelativeLayout@4072a830
android.widget.TextView: Premium
android.view.View@40610b18
android.view.View@4063c538
android.widget.RelativeLayout@40641e20
android.widget.TextView: Diesel
android.view.View@405b9de0
android.view.View@4063c788
android.view.View@4055d3f0
android.widget.LinearLayout@405aeaf0
android.widget.RelativeLayout@405e6f68
android.widget.ImageView@406bec88
android.widget.TextView: Reload
android.widget.RelativeLayout@406c7770
android.widget.ImageView@406ce470
android.widget.TextView: Sort By Price
android.widget.RelativeLayout@406d6960
android.widget.ImageView@406dd7b8
android.widget.TextView: Map View
android.view.View@406e45a0
gbis.gbandroid.views.layouts.CustomListView@406b5098
android.widget.TableLayout@40636318
android.widget.TableRow@406c4f68
android.widget.RelativeLayout@4064d7f0
android.widget.RelativeLayout@4064db50
android.widget.TextView: 3.43
android.widget.TextView: 9
android.widget.TextView: Mon 9:47 AM
android.widget.TextView: Update
android.widget.RelativeLayout@40770b20
android.widget.ImageView@40770ef8
android.widget.TextView: Crown
android.widget.TextView: 8505 Baltimore National Pike & Normandy Woods Dr
android.widget.TextView: Ellicott City, MD
android.widget.TextView: 3.24 mi
android.widget.TableLayout@406c9d90
android.widget.TableRow@406ca2a0
android.widget.RelativeLayout@406cd620
android.widget.RelativeLayout@406cd9f8
android.widget.TextView: 3.66
android.widget.TextView: 9
android.widget.TextView: 12 hours ago
android.widget.TextView: Update
android.widget.RelativeLayout@406dadb8
android.widget.ImageView@406db178
android.widget.TextView: Shell
android.widget.TextView: 1300 Linden Ave & Leeds Ave
android.widget.TextView: Arbutus, MD
android.widget.TextView: 3.27 mi
android.widget.TableLayout@4070dc80
android.widget.TableRow@4066c2f0
android.widget.RelativeLayout@4066c970
android.widget.RelativeLayout@406e8158
android.widget.TextView: 3.75
android.widget.TextView: 9
android.widget.TextView: 12 hours ago
android.widget.TextView: Update
android.widget.RelativeLayout@40772550
android.widget.ImageView@406e4a88
android.widget.TextView: Shell
android.widget.TextView: 4305 Southwestern Blvd & Leeds 
android.widget.TextView: Arbutus, MD
android.widget.TextView: 3.32 mi
android.widget.TableLayout@4066e920
android.widget.TableRow@4066eed8
android.widget.RelativeLayout@40666580
android.widget.RelativeLayout@40666958
android.widget.TextView: 3.55
android.widget.TextView: 9
android.widget.TextView: 12 hours ago
android.widget.TextView: Update
android.widget.RelativeLayout@406f60a8
android.widget.ImageView@406bf020
android.widget.TextView: Gulf
android.widget.TextView: 4307 Leeds  & Southwestern Blvd
android.widget.TextView: Arbutus, MD
android.widget.TextView: 3.32 mi
android.widget.TableLayout@407b3db8
android.widget.TableRow@40725098
android.widget.RelativeLayout@405b3bb0
android.widget.RelativeLayout@40614990
android.widget.TextView: 3.39
android.widget.TextView: 9
android.widget.TextView: 4 hours ago
android.widget.TextView: Update
android.widget.RelativeLayout@4058dc18
android.widget.ImageView@40627c20
android.widget.TextView: Apex
android.widget.TextView: 5301 East Dr & Linden Ave
android.widget.TextView: Arbutus, MD
android.widget.TextView: 3.36 mi
android.widget.RelativeLayout@405c4900
android.widget.FrameLayout@405d69b8
android.widget.RelativeLayout@406b85a0
android.widget.LinearLayout@406b8cd8
android.view.View@4063c668
android.widget.RelativeLayout@406fdcb0
android.widget.TextView: Regular
android.view.View@40715d68
android.view.View@405ba118
android.widget.RelativeLayout@407193a0
android.widget.TextView: Midgrade
android.view.View@407239a8
android.view.View@405ba278
android.widget.RelativeLayout@4072a830
android.widget.TextView: Premium
android.view.View@40610b18
android.view.View@4063c538
android.widget.RelativeLayout@40641e20
android.widget.TextView: Diesel
android.view.View@405b9de0
android.view.View@4063c788
android.view.View@4055d3f0
android.widget.LinearLayout@405aeaf0
android.widget.RelativeLayout@405e6f68
android.widget.ImageView@406bec88
android.widget.TextView: Reload
android.widget.RelativeLayout@406c7770
android.widget.ImageView@406ce470
android.widget.TextView: Sort By Price
android.widget.RelativeLayout@406d6960
android.widget.ImageView@406dd7b8
android.widget.TextView: Map View
android.view.View@406e45a0
gbis.gbandroid.views.layouts.CustomListView@406b5098
android.widget.TableLayout@407b3db8
android.widget.TableRow@40725098
android.widget.RelativeLayout@405b3bb0
android.widget.RelativeLayout@40614990
android.widget.TextView: 3.39
android.widget.TextView: 9
android.widget.TextView: 4 hours ago
android.widget.TextView: Update
android.widget.RelativeLayout@4058dc18
android.widget.ImageView@40627c20
android.widget.TextView: Apex
android.widget.TextView: 5301 East Dr & Linden Ave
android.widget.TextView: Arbutus, MD
android.widget.TextView: 3.36 mi
android.widget.TableLayout@40756ec0
android.widget.TableRow@40757490
android.widget.RelativeLayout@40757b10
android.widget.RelativeLayout@40750a18
android.widget.TextView: 3.45
android.widget.TextView: 9
android.widget.TextView: 12 hours ago
android.widget.TextView: Update
android.widget.RelativeLayout@40752308
android.widget.ImageView@407526e0
android.widget.TextView: Sunoco
android.widget.TextView: 4105 Southwestern Blvd & Leeds
android.widget.TextView: Baltimore, MD
android.widget.TextView: 3.4 mi
android.widget.TableLayout@407b5b70
android.widget.TableRow@407b6140
android.widget.RelativeLayout@407b6800
android.widget.RelativeLayout@407b6bd8
android.widget.TextView: --
android.widget.TextView: 9
android.widget.TextView: time
android.widget.TextView: Report Price
android.widget.RelativeLayout@407d9ea8
android.widget.ImageView@407da280
android.widget.TextView: Osprey
android.widget.TextView: 4123 Frederick Ave & S Augusta Ave
android.widget.TextView: Baltimore, MD
android.widget.TextView: 3.42 mi
android.widget.TableLayout@407ddf98
android.widget.TableRow@407de568
android.widget.RelativeLayout@407dec28
android.widget.RelativeLayout@407df000
android.widget.TextView: 3.49
android.widget.TextView: 9
android.widget.TextView: 3 hours ago
android.widget.TextView: Update
android.widget.RelativeLayout@407e0810
android.widget.ImageView@407e0be8
android.widget.TextView: Shell
android.widget.TextView: 3095 Rogers Ave & Normandy Center Dr
android.widget.TextView: Ellicott City, MD
android.widget.TextView: 3.44 mi
android.widget.TableLayout@407ee558
android.widget.TableRow@407eeb28
android.widget.RelativeLayout@407ef1e8
android.widget.RelativeLayout@407ef5c0
android.widget.TextView: 3.45
android.widget.TextView: 9
android.widget.TextView: Mon 2:56 PM
android.widget.TextView: Update
android.widget.RelativeLayout@407f0dd0
android.widget.ImageView@407f11a8
android.widget.TextView: Royal Farms
android.widget.TextView: 6416 Windsor Mill Rd & Gwynn Oak Ave
android.widget.TextView: Gwynn Oak, MD
android.widget.TextView: 3.46 mi
android.widget.RelativeLayout@405c4900
android.widget.FrameLayout@405d69b8
android.widget.RelativeLayout@406b85a0
android.widget.LinearLayout@406b8cd8
android.view.View@4063c668
android.widget.RelativeLayout@406fdcb0
android.widget.TextView: Regular
android.view.View@40715d68
android.view.View@405ba118
android.widget.RelativeLayout@407193a0
android.widget.TextView: Midgrade
android.view.View@407239a8
android.view.View@405ba278
android.widget.RelativeLayout@4072a830
android.widget.TextView: Premium
android.view.View@40610b18
android.view.View@4063c538
android.widget.RelativeLayout@40641e20
android.widget.TextView: Diesel
android.view.View@405b9de0
android.view.View@4063c788
android.view.View@4055d3f0
android.widget.LinearLayout@405aeaf0
android.widget.RelativeLayout@405e6f68
android.widget.ImageView@406bec88
android.widget.TextView: Reload
android.widget.RelativeLayout@406c7770
android.widget.ImageView@406ce470
android.widget.TextView: Sort By Price
android.widget.RelativeLayout@406d6960
android.widget.ImageView@406dd7b8
android.widget.TextView: Map View
android.view.View@406e45a0
gbis.gbandroid.views.layouts.CustomListView@406b5098
android.widget.TableLayout@407ee558
android.widget.TableRow@407eeb28
android.widget.RelativeLayout@407ef1e8
android.widget.RelativeLayout@407ef5c0
android.widget.TextView: 3.45
android.widget.TextView: 9
android.widget.TextView: Mon 2:56 PM
android.widget.TextView: Update
android.widget.RelativeLayout@407f0dd0
android.widget.ImageView@407f11a8
android.widget.TextView: Royal Farms
android.widget.TextView: 6416 Windsor Mill Rd & Gwynn Oak Ave
android.widget.TextView: Gwynn Oak, MD
android.widget.TextView: 3.46 mi
android.widget.TableLayout@40580f40
android.widget.TableRow@40547618
android.widget.RelativeLayout@40559650
android.widget.RelativeLayout@4057cda0
android.widget.TextView: --
android.widget.TextView: 9
android.widget.TextView: time
android.widget.TextView: Report Price
android.widget.RelativeLayout@4057f9e8
android.widget.ImageView@4054d9c0
android.widget.TextView: Valero
android.widget.TextView: 3900 Frederick Ave & S Monastary Ave
android.widget.TextView: Baltimore, MD
android.widget.TextView: 3.58 mi
android.widget.TableLayout@40582440
android.widget.TableRow@40547830
android.widget.RelativeLayout@405825f0
android.widget.RelativeLayout@40588d90
android.widget.TextView: 3.49
android.widget.TextView: 9
android.widget.TextView: 6 hours ago
android.widget.TextView: Update
android.widget.RelativeLayout@4058f2b0
android.widget.ImageView@40591cf0
android.widget.TextView: BP
android.widget.TextView: 8720 Baltimore National Pike & Executive Center Dr
android.widget.TextView: Ellicott City, MD
android.widget.TextView: 3.59 mi
android.widget.TableLayout@40584008
android.widget.TableRow@405e1548
android.widget.RelativeLayout@405fe9a0
android.widget.RelativeLayout@406015f0
android.widget.TextView: 3.55
android.widget.TextView: 9
android.widget.TextView: 12 hours ago
android.widget.TextView: Update
android.widget.RelativeLayout@406041c8
android.widget.ImageView@405b4308
android.widget.TextView: Quest
android.widget.TextView: 3508 Wilkens Ave & Pine Heights
android.widget.TextView: Baltimore, MD
android.widget.TextView: 3.75 mi
android.widget.TableLayout@405ceb80
android.widget.TableRow@406113f8
android.widget.RelativeLayout@40606dd8
android.widget.RelativeLayout@40613d68
android.widget.TextView: 3.33
android.widget.TextView: 9
android.widget.TextView: 9 hours ago
android.widget.TextView: Update
android.widget.RelativeLayout@40616950
android.widget.ImageView@4065db88
android.widget.TextView: 7-Eleven
android.widget.TextView: 2701 N Rolliing Rd & Hithergreen Dr
android.widget.TextView: Windsor Mill, MD
android.widget.TextView: 3.85 mi
android.widget.RelativeLayout@405c4900
android.widget.FrameLayout@405d69b8
android.widget.RelativeLayout@406b85a0
android.widget.LinearLayout@406b8cd8
android.view.View@4063c668
android.widget.RelativeLayout@406fdcb0
android.widget.TextView: Regular
android.view.View@40715d68
android.view.View@405ba118
android.widget.RelativeLayout@407193a0
android.widget.TextView: Midgrade
android.view.View@407239a8
android.view.View@405ba278
android.widget.RelativeLayout@4072a830
android.widget.TextView: Premium
android.view.View@40610b18
android.view.View@4063c538
android.widget.RelativeLayout@40641e20
android.widget.TextView: Diesel
android.view.View@405b9de0
android.view.View@4063c788
android.view.View@4055d3f0
android.widget.LinearLayout@405aeaf0
android.widget.RelativeLayout@405e6f68
android.widget.ImageView@406bec88
android.widget.TextView: Reload
android.widget.RelativeLayout@406c7770
android.widget.ImageView@406ce470
android.widget.TextView: Sort By Price
android.widget.RelativeLayout@406d6960
android.widget.ImageView@406dd7b8
android.widget.TextView: Map View
android.view.View@406e45a0
gbis.gbandroid.views.layouts.CustomListView@406b5098
android.widget.TableLayout@40582440
android.widget.TableRow@40547830
android.widget.RelativeLayout@405825f0
android.widget.RelativeLayout@40588d90
android.widget.TextView: 3.49
android.widget.TextView: 9
android.widget.TextView: 6 hours ago
android.widget.TextView: Update
android.widget.RelativeLayout@4058f2b0
android.widget.ImageView@40591cf0
android.widget.TextView: BP
android.widget.TextView: 8720 Baltimore National Pike & Executive Center Dr
android.widget.TextView: Ellicott City, MD
android.widget.TextView: 3.59 mi
android.widget.TableLayout@40584008
android.widget.TableRow@405e1548
android.widget.RelativeLayout@405fe9a0
android.widget.RelativeLayout@406015f0
android.widget.TextView: 3.55
android.widget.TextView: 9
android.widget.TextView: 12 hours ago
android.widget.TextView: Update
android.widget.RelativeLayout@406041c8
android.widget.ImageView@405b4308
android.widget.TextView: Quest
android.widget.TextView: 3508 Wilkens Ave & Pine Heights
android.widget.TextView: Baltimore, MD
android.widget.TextView: 3.75 mi
android.widget.TableLayout@405ceb80
android.widget.TableRow@406113f8
android.widget.RelativeLayout@40606dd8
android.widget.RelativeLayout@40613d68
android.widget.TextView: 3.33
android.widget.TextView: 9
android.widget.TextView: 9 hours ago
android.widget.TextView: Update
android.widget.RelativeLayout@40616950
android.widget.ImageView@4065db88
android.widget.TextView: 7-Eleven
android.widget.TextView: 2701 N Rolliing Rd & Hithergreen Dr
android.widget.TextView: Windsor Mill, MD
android.widget.TextView: 3.85 mi
android.widget.TableLayout@40604018
android.widget.TableRow@406118c8
android.widget.RelativeLayout@4061ddd0
android.widget.RelativeLayout@40620a20
android.widget.TextView: 3.49
android.widget.TextView: 9
android.widget.TextView: 12 hours ago
android.widget.TextView: Update
android.widget.RelativeLayout@40625670
android.widget.ImageView@40674780
android.widget.TextView: CITGO
android.widget.TextView: 3333 Frederick Rd   & S Hilton St
android.widget.TextView: Baltimore, MD
android.widget.TextView: 4.01 mi
android.widget.TableLayout@40613a10
android.widget.TableRow@40613130
android.widget.RelativeLayout@406296e0
android.widget.RelativeLayout@4062b7f8
android.widget.TextView: 3.46
android.widget.TextView: 9
android.widget.TextView: 11 hours ago
android.widget.TextView: Update
android.widget.RelativeLayout@4062ee98
android.widget.ImageView@40631a88
android.widget.TextView: Sunoco
android.widget.TextView: 4398 Montgomery Rd & Long Gate Pkwy
android.widget.TextView: Ellicott City, MD
android.widget.TextView: 4.02 mi
android.widget.RelativeLayout@405c4900
