android.widget.LinearLayout@40573698
android.widget.FrameLayout@40573e80
android.widget.TextView: Restaurant Finder
android.widget.FrameLayout@40574e68
android.widget.RelativeLayout@40575320
android.widget.TextView: Loading my location...
android.widget.TextView: No contents.
android.widget.LinearLayout@40576210
com.google.ads.AdView@40578568
g@4057a9f8
android.widget.ListView@405764e0
android.widget.LinearLayout@40602698
android.widget.LinearLayout@406028b0
android.widget.TextView: New York Fried Chicken
android.widget.LinearLayout@40602f68
android.widget.TextView: (443) 200-5712
android.widget.TextView: 0.44 Km
android.widget.TextView: 2012 North Forest Park Avenue Baltimore, MD
android.widget.LinearLayout@406008f8
android.widget.LinearLayout@40600b10
android.widget.TextView: Bullwinkles Saloon
android.widget.LinearLayout@406011c8
android.widget.TextView: (410) 594-9465
android.widget.TextView: 0.67 Km
android.widget.TextView: 1660 Ingleside Avenue Gwynn Oak, MD
android.widget.LinearLayout@405feb58
android.widget.LinearLayout@405fed70
android.widget.TextView: Events by Danielle
android.widget.LinearLayout@405ff428
android.widget.TextView: (443) 570-2826
android.widget.TextView: 1.36 Km
android.widget.TextView: 5905 Hilltop Avenue Baltimore, MD
android.widget.LinearLayout@405fcdb8
android.widget.LinearLayout@405fcfd0
android.widget.TextView: New China Restaurant
android.widget.LinearLayout@405fd688
android.widget.TextView: (410) 788-8680
android.widget.TextView: 1.7 Km
android.widget.TextView: 5210 Baltimore National Pike Baltimore, MD
android.widget.LinearLayout@405fb018
android.widget.LinearLayout@405fb230
android.widget.TextView: Hip Hop
android.widget.LinearLayout@405fb8e8
android.widget.TextView: (410) 744-0440
android.widget.TextView: 1.78 Km
android.widget.TextView: 5223 Baltimore National Pike Baltimore, MD
android.widget.LinearLayout@40573698
android.widget.FrameLayout@40573e80
android.widget.TextView: Restaurant Finder
android.widget.FrameLayout@40574e68
android.widget.RelativeLayout@40575320
android.widget.TextView: Loading my location...
android.widget.TextView: No contents.
android.widget.LinearLayout@40576210
com.google.ads.AdView@40578568
g@4057a9f8
android.widget.ListView@405764e0
android.widget.LinearLayout@405fb018
android.widget.LinearLayout@405fb230
android.widget.TextView: Hip Hop
android.widget.LinearLayout@405fb8e8
android.widget.TextView: (410) 744-0440
android.widget.TextView: 1.78 Km
android.widget.TextView: 5223 Baltimore National Pike Baltimore, MD
android.widget.LinearLayout@4050d610
android.widget.LinearLayout@40518ef0
android.widget.TextView: Subway
android.widget.LinearLayout@40529038
android.widget.TextView: (410) 233-7397
android.widget.TextView: 1.82 Km
android.widget.TextView: 4584 Edmondson Avenue Baltimore, MD
android.widget.LinearLayout@4052f210
android.widget.LinearLayout@40545cd8
android.widget.TextView: Royal Carryout
android.widget.LinearLayout@4056b658
android.widget.TextView: (410) 945-8430
android.widget.TextView: 1.82 Km
android.widget.TextView: 4578 Edmondson Avenue Baltimore, MD
android.widget.LinearLayout@405a02b8
android.widget.LinearLayout@405a7180
android.widget.TextView: Lake Trout
android.widget.LinearLayout@405b1810
android.widget.TextView: (410) 947-3223
android.widget.TextView: 1.83 Km
android.widget.TextView: 4562 Edmondson Avenue Baltimore, MD
android.widget.LinearLayout@40533108
android.widget.LinearLayout@405432d0
android.widget.TextView: Popeyes® Louisiana Kitchen
android.widget.LinearLayout@40551a70
android.widget.TextView: (410) 947-0235
android.widget.TextView: 1.91 Km
android.widget.TextView: 4408 Edmondson Avenue Baltimore, MD
android.widget.LinearLayout@4056f708
android.widget.LinearLayout@4059dbe0
android.widget.TextView: America's Best Wings
android.widget.LinearLayout@405a1580
android.widget.TextView: (410) 233-9464
android.widget.TextView: 1.99 Km
android.widget.TextView: 4428 Edmondson Avenue Baltimore, MD
android.widget.LinearLayout@40573698
android.widget.FrameLayout@40573e80
android.widget.TextView: Restaurant Finder
android.widget.FrameLayout@40574e68
android.widget.RelativeLayout@40575320
android.widget.TextView: Loading my location...
android.widget.TextView: No contents.
android.widget.LinearLayout@40576210
com.google.ads.AdView@40578568
g@4057a9f8
android.widget.ListView@405764e0
android.widget.LinearLayout@4056f708
android.widget.LinearLayout@4059dbe0
android.widget.TextView: America's Best Wings
android.widget.LinearLayout@405a1580
android.widget.TextView: (410) 233-9464
android.widget.TextView: 1.99 Km
android.widget.TextView: 4428 Edmondson Avenue Baltimore, MD
android.widget.LinearLayout@40602698
android.widget.LinearLayout@406028b0
android.widget.TextView: Shoppers
android.widget.LinearLayout@40602f68
android.widget.TextView: (410) 744-8065
android.widget.TextView: 2.0 Km
android.widget.TextView: 5457 Baltimore National Pike Baltimore, MD
android.widget.LinearLayout@406008f8
android.widget.LinearLayout@40600b10
android.widget.TextView: Chiofalos Pizza
android.widget.LinearLayout@406011c8
android.widget.TextView: (410) 744-0000
android.widget.TextView: 2.08 Km
android.widget.TextView: 5300 Edmondson Avenue Catonsville, MD
android.widget.LinearLayout@405feb58
android.widget.LinearLayout@405fed70
android.widget.TextView: Crab Shack
android.widget.LinearLayout@405ff428
android.widget.TextView: (410) 944-1535
android.widget.TextView: 2.38 Km
android.widget.TextView: 6324 Windsor Mill Road Baltimore, MD
android.widget.LinearLayout@405fcdb8
android.widget.LinearLayout@405fcfd0
android.widget.TextView: Tanya's Pizzeria
android.widget.LinearLayout@405fd688
android.widget.TextView: (410) 597-8111
android.widget.TextView: 2.4 Km
android.widget.TextView: 6325 Windsor Mill Road Baltimore, MD
android.widget.LinearLayout@4057a000
android.widget.LinearLayout@405a4438
android.widget.TextView: Pat's Pizzeria
android.widget.LinearLayout@40528998
android.widget.TextView: (410) 744-2211
android.widget.TextView: 2.42 Km
android.widget.TextView: 1111 Ingleside Avenue Gwynn Oaks, MD
android.widget.LinearLayout@40573698
android.widget.FrameLayout@40573e80
android.widget.TextView: Restaurant Finder
android.widget.FrameLayout@40574e68
android.widget.RelativeLayout@40575320
android.widget.TextView: Loading my location...
android.widget.TextView: No contents.
android.widget.LinearLayout@40576210
com.google.ads.AdView@40578568
g@4057a9f8
android.widget.ListView@405764e0
android.widget.LinearLayout@4057a000
android.widget.LinearLayout@405a4438
android.widget.TextView: Pat's Pizzeria
android.widget.LinearLayout@40528998
android.widget.TextView: (410) 744-2211
android.widget.TextView: 2.42 Km
android.widget.TextView: 1111 Ingleside Avenue Gwynn Oaks, MD
android.widget.LinearLayout@405fb018
android.widget.LinearLayout@405fb230
android.widget.TextView: Caribbean Dutch Pot Restaurant
android.widget.LinearLayout@405fb8e8
android.widget.TextView: (410) 944-1013
android.widget.TextView: 2.44 Km
android.widget.TextView: 6403 Windsor Mill Road Gwynn Oak, MD
android.widget.LinearLayout@4050d610
android.widget.LinearLayout@40518ef0
android.widget.TextView: Shirley's Family Diner
android.widget.LinearLayout@40529038
android.widget.TextView: (410) 788-9270
android.widget.TextView: 2.45 Km
android.widget.TextView: 5600 Baltimore National Pike Catonsville, MD
android.widget.LinearLayout@4052f210
android.widget.LinearLayout@40545cd8
android.widget.TextView: Burger King
android.widget.LinearLayout@4056b658
android.widget.TextView: (410) 747-3898
android.widget.TextView: 2.45 Km
android.widget.TextView: 5604 Baltimore National Pike Catonsville, MD
android.widget.LinearLayout@405a02b8
android.widget.LinearLayout@405a7180
android.widget.TextView: Domino's Pizza
android.widget.LinearLayout@405b1810
android.widget.TextView: (410) 744-0033
android.widget.TextView: 2.57 Km
android.widget.TextView: 5815 Johnnycake Road Baltimore, MD
android.widget.LinearLayout@40533108
android.widget.LinearLayout@405432d0
android.widget.TextView: Salsa Grill
android.widget.LinearLayout@40551a70
android.widget.TextView: (410) 265-5552
android.widget.TextView: 2.76 Km
android.widget.TextView: 6644 Security Boulevard Woodlawn, MD
android.widget.LinearLayout@40573698
android.widget.FrameLayout@40573e80
android.widget.TextView: Restaurant Finder
android.widget.FrameLayout@40574e68
android.widget.RelativeLayout@40575320
android.widget.TextView: Loading my location...
android.widget.TextView: No contents.
android.widget.LinearLayout@40576210
com.google.ads.AdView@40578568
g@4057a9f8
android.widget.ListView@405764e0
android.widget.LinearLayout@40533108
android.widget.LinearLayout@405432d0
android.widget.TextView: Salsa Grill
android.widget.LinearLayout@40551a70
android.widget.TextView: (410) 265-5552
android.widget.TextView: 2.76 Km
android.widget.TextView: 6644 Security Boulevard Woodlawn, MD
android.widget.LinearLayout@4056f708
android.widget.LinearLayout@4059dbe0
android.widget.TextView: KFC
android.widget.LinearLayout@405a1580
android.widget.TextView: (410) 788-5607
android.widget.TextView: 2.77 Km
android.widget.TextView: 5647 Baltimore National Pike Catonsville, MD
android.widget.LinearLayout@40602698
android.widget.LinearLayout@406028b0
android.widget.TextView: Chick-fil-A
android.widget.LinearLayout@40602f68
android.widget.TextView: (410) 788-4063
android.widget.TextView: 2.83 Km
android.widget.TextView: 5668 Baltimore National Pike Catonsville, MD
android.widget.LinearLayout@406008f8
android.widget.LinearLayout@40600b10
android.widget.TextView: Pho #1
android.widget.LinearLayout@406011c8
android.widget.TextView: (410) 719-7500
android.widget.TextView: 3.01 Km
android.widget.TextView: 5764 Baltimore National Pike Catonsville, MD
android.widget.LinearLayout@405feb58
android.widget.LinearLayout@405fed70
android.widget.TextView: Checkers Drive-In Restaurant
android.widget.LinearLayout@405ff428
android.widget.TextView: (410) 744-5528
android.widget.TextView: 3.04 Km
android.widget.TextView: 5705 Baltimore National Pike Catonsville, MD
android.widget.LinearLayout@405fcdb8
android.widget.LinearLayout@405fcfd0
android.widget.TextView: Peju's Kitchen
android.widget.LinearLayout@405fd688
android.widget.TextView: (410) 277-9779
android.widget.TextView: 3.05 Km
android.widget.TextView: 1724 Woodlawn Drive #18 Baltimore, MD
android.widget.LinearLayout@40573698
android.widget.FrameLayout@40573e80
android.widget.TextView: Restaurant Finder
android.widget.FrameLayout@40574e68
android.widget.RelativeLayout@40575320
android.widget.TextView: Loading my location...
android.widget.TextView: No contents.
android.widget.LinearLayout@40576210
com.google.ads.AdView@40578568
g@4057a9f8
android.widget.ListView@405764e0
android.widget.LinearLayout@405fcdb8
android.widget.LinearLayout@405fcfd0
android.widget.TextView: Peju's Kitchen
android.widget.LinearLayout@405fd688
android.widget.TextView: (410) 277-9779
android.widget.TextView: 3.05 Km
android.widget.TextView: 1724 Woodlawn Drive #18 Baltimore, MD
android.widget.LinearLayout@4057a000
android.widget.LinearLayout@405a4438
android.widget.TextView: Shahi Grill
android.widget.LinearLayout@40528998
android.widget.TextView: (443) 436-0505
android.widget.TextView: 3.05 Km
android.widget.TextView: 1724 Woodlawn Drive Baltimore, MD
android.widget.LinearLayout@405fb018
android.widget.LinearLayout@405fb230
android.widget.TextView: QingZhen Halal Chinese Restaurant
android.widget.LinearLayout@405fb8e8
android.widget.TextView: (443) 200-3671
android.widget.TextView: 3.05 Km
android.widget.TextView: 1724 Woodlawn Drive #9 Gwynn Oak, MD
android.widget.LinearLayout@4050d610
android.widget.LinearLayout@40518ef0
android.widget.TextView: City View Bar & Grill
android.widget.LinearLayout@40529038
android.widget.TextView: (410) 944-4013
android.widget.TextView: 3.08 Km
android.widget.TextView: 6700 Security Boulevard Gwynn Oak, MD
android.widget.LinearLayout@4052f210
android.widget.LinearLayout@40545cd8
android.widget.TextView: Paradise Indian Cuisine
android.widget.LinearLayout@4056b658
android.widget.TextView: (410) 594-9600
android.widget.TextView: 3.11 Km
android.widget.TextView: 1660 Whitehead Court Gwynn Oak, MD
android.widget.LinearLayout@40573698
android.widget.FrameLayout@40573e80
android.widget.TextView: Restaurant Finder
android.widget.FrameLayout@40574e68
android.widget.RelativeLayout@40575320
android.widget.TextView: Loading my location...
android.widget.TextView: No contents.
android.widget.LinearLayout@40576210
com.google.ads.AdView@40578568
g@4057a9f8
android.widget.ListView@405764e0
android.widget.LinearLayout@405fb018
android.widget.LinearLayout@405fb230
android.widget.TextView: QingZhen Halal Chinese Restaurant
android.widget.LinearLayout@405fb8e8
android.widget.TextView: (443) 200-3671
android.widget.TextView: 3.05 Km
android.widget.TextView: 1724 Woodlawn Drive #9 Gwynn Oak, MD
android.widget.LinearLayout@4050d610
android.widget.LinearLayout@40518ef0
android.widget.TextView: City View Bar & Grill
android.widget.LinearLayout@40529038
android.widget.TextView: (410) 944-4013
android.widget.TextView: 3.08 Km
android.widget.TextView: 6700 Security Boulevard Gwynn Oak, MD
android.widget.LinearLayout@4052f210
android.widget.LinearLayout@40545cd8
android.widget.TextView: Paradise Indian Cuisine
android.widget.LinearLayout@4056b658
android.widget.TextView: (410) 594-9600
android.widget.TextView: 3.11 Km
android.widget.TextView: 1660 Whitehead Court Gwynn Oak, MD
android.widget.LinearLayout@40533108
android.widget.LinearLayout@405432d0
android.widget.TextView: Chuck E. Cheese's
android.widget.LinearLayout@40551a70
android.widget.TextView: (410) 719-8851
android.widget.TextView: 3.17 Km
android.widget.TextView: 5912 Baltimore National Pike Baltimore, MD
android.widget.LinearLayout@4056f708
android.widget.LinearLayout@4059dbe0
android.widget.TextView: Grilled Cheese & Co.
android.widget.LinearLayout@405a1580
android.widget.TextView: (410) 747-2610
android.widget.TextView: 3.28 Km
android.widget.TextView: 500 Edmonson Ave Catonsville, MD
android.widget.LinearLayout@40602698
android.widget.LinearLayout@406028b0
android.widget.TextView: Mari Luna's Mexican Grill
android.widget.LinearLayout@40602f68
android.widget.TextView: (410) 486-9910
android.widget.TextView: 6.48 Km
android.widget.TextView: 102 Reisterstown Road Pikesville, MD
