android.widget.LinearLayout@405a7488
android.widget.FrameLayout@40698810
android.widget.TextView: Hospitals Near Me FREE
android.widget.FrameLayout@405259c0
android.widget.LinearLayout@4057ae50
android.widget.ListView@405860f8
android.widget.LinearLayout@405cea78
android.widget.ImageView@405ceea8
android.widget.TextView: 1.3 mi
android.widget.TableLayout@40600f50
android.widget.TableRow@405c1558
android.widget.TextView: Bay Ridge Hospital
android.widget.TableRow@4050cfc8
android.widget.TextView: Address , City
android.widget.TableRow@406979a0
android.widget.TextView: Phone Number
android.widget.LinearLayout@40515a38
android.widget.ImageView@40515b88
android.widget.TextView: 1.4 mi
android.widget.TableLayout@40516228
android.widget.TableRow@40565aa8
android.widget.TextView: Victory Memorial Hospital
android.widget.TableRow@4058a160
android.widget.TextView: Address , City
android.widget.TableRow@4058a830
android.widget.TextView: Phone Number
android.widget.LinearLayout@405ba728
android.widget.ImageView@405ba8e8
android.widget.TextView: 1.8 mi
android.widget.TableLayout@405bafa8
android.widget.TableRow@405d1908
android.widget.TextView: Veterans Administration New York Harbor Healthcare System
android.widget.TableRow@405d20f8
android.widget.TextView: Address , City
android.widget.TableRow@405469f8
android.widget.TextView: Phone Number
android.widget.LinearLayout@405e4638
android.widget.ImageView@405e4850
android.widget.TextView: 1.9 mi
android.widget.TableLayout@405e4f10
android.widget.TableRow@4057f008
android.widget.TextView: Lutheran Medical Center
android.widget.TableRow@4057f7f8
android.widget.TextView: Address , City
android.widget.TableRow@4065dce0
android.widget.TextView: Phone Number
android.widget.LinearLayout@40699358
android.widget.ImageView@40699570
android.widget.TextView: 2.6 mi
android.widget.TableLayout@40699c30
android.widget.TableRow@405511c8
android.widget.TextView: Maimonides Medical Center
android.widget.TableRow@405519b8
android.widget.TextView: Address , City
android.widget.TableRow@405c6118
android.widget.TextView: Phone Number
android.widget.LinearLayout@405c1ec0
android.widget.ImageView@405c20d8
android.widget.TextView: 2.9 mi
android.widget.TableLayout@405c2798
android.widget.TableRow@405c2c70
android.widget.TextView: Staten Island University Hospital-Concord
android.widget.TableRow@405e5830
android.widget.TextView: Address , City
android.widget.TableRow@405e6020
android.widget.TextView: Phone Number
android.widget.TextView: Loading data
android.widget.LinearLayout@405a7488
android.widget.FrameLayout@40698810
android.widget.TextView: Hospitals Near Me FREE
android.widget.FrameLayout@405259c0
android.widget.LinearLayout@4057ae50
android.widget.ListView@405860f8
android.widget.LinearLayout@405c1ec0
android.widget.ImageView@405c20d8
android.widget.TextView: 2.9 mi
android.widget.TableLayout@405c2798
android.widget.TableRow@405c2c70
android.widget.TextView: Staten Island University Hospital-Concord
android.widget.TableRow@405e5830
android.widget.TextView: Address , City
android.widget.TableRow@405e6020
android.widget.TextView: Phone Number
android.widget.LinearLayout@405d26d0
android.widget.ImageView@405d28e8
android.widget.TextView: 3.3 mi
android.widget.TableLayout@405d2fa8
android.widget.TableRow@405d3480
android.widget.TextView: Richmond University Medical Center
android.widget.TableRow@405d3c70
android.widget.TextView: Address , City
android.widget.TableRow@405d4460
android.widget.TextView: Phone Number
android.widget.LinearLayout@4058d0b0
android.widget.ImageView@4058d2c8
android.widget.TextView: 3.6 mi
android.widget.TableLayout@4058d988
android.widget.TableRow@4058de60
android.widget.TextView: Staten Island University Hospital
android.widget.TableRow@4058e650
android.widget.TextView: Address , City
android.widget.TableRow@40539690
android.widget.TextView: Phone Number
android.widget.LinearLayout@4053a648
android.widget.ImageView@4053a860
android.widget.TextView: 3.6 mi
android.widget.TableLayout@4053af20
android.widget.TableRow@405d4fe8
android.widget.TextView: South Beach Psychiatric Center
android.widget.TableRow@405d5738
android.widget.TextView: Address , City
android.widget.TableRow@405d5f28
android.widget.TextView: Phone Number
android.widget.LinearLayout@405d6f08
android.widget.ImageView@405d7120
android.widget.TextView: 4.5 mi
android.widget.TableLayout@405bb700
android.widget.TableRow@405bbbd8
android.widget.TextView: New York Methodist Hospital
android.widget.TableRow@405bc3c8
android.widget.TextView: Address , City
android.widget.TableRow@405bcbb8
android.widget.TextView: Phone Number
android.widget.LinearLayout@4050a880
android.widget.ImageView@4050aa60
android.widget.TextView: 4.5 mi
android.widget.TableLayout@4050b120
android.widget.TableRow@4050b5f8
android.widget.TextView: Bayonne Medical Center
android.widget.TableRow@4050bde8
android.widget.TextView: Address , City
android.widget.TableRow@4050c5d8
android.widget.TextView: Phone Number
android.widget.TextView: Loading data
android.widget.LinearLayout@405a7488
android.widget.FrameLayout@40698810
android.widget.TextView: Hospitals Near Me FREE
android.widget.FrameLayout@405259c0
android.widget.LinearLayout@4057ae50
android.widget.ListView@405860f8
android.widget.LinearLayout@4050a880
android.widget.ImageView@4050aa60
android.widget.TextView: 4.5 mi
android.widget.TableLayout@4050b120
android.widget.TableRow@4050b5f8
android.widget.TextView: Bayonne Medical Center
android.widget.TableRow@4050bde8
android.widget.TextView: Address , City
android.widget.TableRow@4050c5d8
android.widget.TextView: Phone Number
android.widget.LinearLayout@405cea78
android.widget.ImageView@405ceea8
android.widget.TextView: 5.0 mi
android.widget.TableLayout@40600f50
android.widget.TableRow@405c1558
android.widget.TextView: Coney Island Hospital
android.widget.TableRow@4050cfc8
android.widget.TextView: Address , City
android.widget.TableRow@406979a0
android.widget.TextView: Phone Number
android.widget.LinearLayout@40515a38
android.widget.ImageView@40515b88
android.widget.TextView: 5.0 mi
android.widget.TableLayout@40516228
android.widget.TableRow@40565aa8
android.widget.TextView: Midwood Hospital
android.widget.TableRow@4058a160
android.widget.TextView: Address , City
android.widget.TableRow@4058a830
android.widget.TextView: Phone Number
android.widget.LinearLayout@405ba728
android.widget.ImageView@405ba8e8
android.widget.TextView: 5.1 mi
android.widget.TableLayout@405bafa8
android.widget.TableRow@405d1908
android.widget.TextView: New York Community Hospital
android.widget.TableRow@405d20f8
android.widget.TextView: Address , City
android.widget.TableRow@405469f8
android.widget.TextView: Phone Number
android.widget.LinearLayout@405e4638
android.widget.ImageView@405e4850
android.widget.TextView: 5.1 mi
android.widget.TableLayout@405e4f10
android.widget.TableRow@4057f008
android.widget.TextView: Long Island College Hospital
android.widget.TableRow@4057f7f8
android.widget.TextView: Address , City
android.widget.TableRow@4065dce0
android.widget.TextView: Phone Number
android.widget.LinearLayout@40699358
android.widget.ImageView@40699570
android.widget.TextView: 5.4 mi
android.widget.TableLayout@40699c30
android.widget.TableRow@405511c8
android.widget.TextView: Salvation Army Home and Hospital
android.widget.TableRow@405519b8
android.widget.TextView: Address , City
android.widget.TableRow@405c6118
android.widget.TextView: Phone Number
android.widget.TextView: Loading data
android.widget.LinearLayout@405a7488
android.widget.FrameLayout@40698810
android.widget.TextView: Hospitals Near Me FREE
android.widget.FrameLayout@405259c0
android.widget.LinearLayout@4057ae50
android.widget.ListView@405860f8
android.widget.LinearLayout@40699358
android.widget.ImageView@40699570
android.widget.TextView: 5.4 mi
android.widget.TableLayout@40699c30
android.widget.TableRow@405511c8
android.widget.TextView: Salvation Army Home and Hospital
android.widget.TableRow@405519b8
android.widget.TextView: Address , City
android.widget.TableRow@405c6118
android.widget.TextView: Phone Number
android.widget.LinearLayout@405c1ec0
android.widget.ImageView@405c20d8
android.widget.TextView: 5.7 mi
android.widget.TableLayout@405c2798
android.widget.TableRow@405c2c70
android.widget.TextView: SUNY Downstate Medical Center University Hospital of Brooklyn
android.widget.TableRow@405e5830
android.widget.TextView: Address , City
android.widget.TableRow@405e6020
android.widget.TextView: Phone Number
android.widget.LinearLayout@405d26d0
android.widget.ImageView@405d28e8
android.widget.TextView: 5.7 mi
android.widget.TableLayout@405d2fa8
android.widget.TableRow@405d3480
android.widget.TextView: Brooklyn Hospital Center
android.widget.TableRow@405d3c70
android.widget.TextView: Address , City
android.widget.TableRow@405d4460
android.widget.TextView: Phone Number
android.widget.LinearLayout@4058d0b0
android.widget.ImageView@4058d2c8
android.widget.TextView: 5.7 mi
android.widget.TableLayout@4058d988
android.widget.TableRow@4058de60
android.widget.TextView: Brooklyn Eye and Ear Hospital
android.widget.TableRow@4058e650
android.widget.TextView: Address , City
android.widget.TableRow@40539690
android.widget.TextView: Phone Number
android.widget.LinearLayout@4053a648
android.widget.ImageView@4053a860
android.widget.TextView: 5.7 mi
android.widget.TableLayout@4053af20
android.widget.TableRow@405d4fe8
android.widget.TextView: Kings County Hospital Center
android.widget.TableRow@405d5738
android.widget.TextView: Address , City
android.widget.TableRow@405d5f28
android.widget.TextView: Phone Number
android.widget.LinearLayout@405d6f08
android.widget.ImageView@405d7120
android.widget.TextView: 5.7 mi
android.widget.TableLayout@405bb700
android.widget.TableRow@405bbbd8
android.widget.TextView: Adelphi Hospital
android.widget.TableRow@405bc3c8
android.widget.TextView: Address , City
android.widget.TableRow@405bcbb8
android.widget.TextView: Phone Number
android.widget.TextView: Loading data
android.widget.LinearLayout@405a7488
android.widget.FrameLayout@40698810
android.widget.TextView: Hospitals Near Me FREE
android.widget.FrameLayout@405259c0
android.widget.LinearLayout@4057ae50
android.widget.ListView@405860f8
android.widget.LinearLayout@405d6f08
android.widget.ImageView@405d7120
android.widget.TextView: 5.7 mi
android.widget.TableLayout@405bb700
android.widget.TableRow@405bbbd8
android.widget.TextView: Adelphi Hospital
android.widget.TableRow@405bc3c8
android.widget.TextView: Address , City
android.widget.TableRow@405bcbb8
android.widget.TextView: Phone Number
android.widget.LinearLayout@4050a880
android.widget.ImageView@4050aa60
android.widget.TextView: 5.8 mi
android.widget.TableLayout@4050b120
android.widget.TableRow@4050b5f8
android.widget.TextView: Lefferts General Hospital
android.widget.TableRow@4050bde8
android.widget.TextView: Address , City
android.widget.TableRow@4050c5d8
android.widget.TextView: Phone Number
android.widget.LinearLayout@405cea78
android.widget.ImageView@405ceea8
android.widget.TextView: 5.8 mi
android.widget.TableLayout@40600f50
android.widget.TableRow@405c1558
android.widget.TextView: LibertyHealth-Greenville Hospital
android.widget.TableRow@4050cfc8
android.widget.TextView: Address , City
android.widget.TableRow@406979a0
android.widget.TextView: Phone Number
android.widget.LinearLayout@40515a38
android.widget.ImageView@40515b88
android.widget.TextView: 5.9 mi
android.widget.TableLayout@40516228
android.widget.TableRow@40565aa8
android.widget.TextView: Cumberland Hospital
android.widget.TableRow@4058a160
android.widget.TextView: Address , City
android.widget.TableRow@4058a830
android.widget.TextView: Phone Number
android.widget.LinearLayout@405ba728
android.widget.ImageView@405ba8e8
android.widget.TextView: 6.0 mi
android.widget.TableLayout@405bafa8
android.widget.TableRow@405d1908
android.widget.TextView: Swedish Hospital in Brooklyn
android.widget.TableRow@405d20f8
android.widget.TextView: Address , City
android.widget.TableRow@405469f8
android.widget.TextView: Phone Number
android.widget.LinearLayout@405e4638
android.widget.ImageView@405e4850
android.widget.TextView: 6.0 mi
android.widget.TableLayout@405e4f10
android.widget.TableRow@4057f008
android.widget.TextView: House of St. Giles the Cripple
android.widget.TableRow@4057f7f8
android.widget.TextView: Address , City
android.widget.TableRow@4065dce0
android.widget.TextView: Phone Number
android.widget.TextView: Loading data
android.widget.LinearLayout@405a7488
android.widget.FrameLayout@40698810
android.widget.TextView: Hospitals Near Me FREE
android.widget.FrameLayout@405259c0
android.widget.LinearLayout@4057ae50
android.widget.ListView@405860f8
android.widget.LinearLayout@405e4638
android.widget.ImageView@405e4850
android.widget.TextView: 6.0 mi
android.widget.TableLayout@405e4f10
android.widget.TableRow@4057f008
android.widget.TextView: House of St. Giles the Cripple
android.widget.TableRow@4057f7f8
android.widget.TextView: Address , City
android.widget.TableRow@4065dce0
android.widget.TextView: Phone Number
android.widget.LinearLayout@40699358
android.widget.ImageView@40699570
android.widget.TextView: 6.1 mi
android.widget.TableLayout@40699c30
android.widget.TableRow@405511c8
android.widget.TextView: Kingsboro Psychiatric Center
android.widget.TableRow@405519b8
android.widget.TextView: Address , City
android.widget.TableRow@405c6118
android.widget.TextView: Phone Number
android.widget.LinearLayout@405c1ec0
android.widget.ImageView@405c20d8
android.widget.TextView: 6.2 mi
android.widget.TableLayout@405c2798
android.widget.TableRow@405c2c70
android.widget.TextView: New York Downtown Hospital
android.widget.TableRow@405e5830
android.widget.TextView: Address , City
android.widget.TableRow@405e6020
android.widget.TextView: Phone Number
android.widget.LinearLayout@405d26d0
android.widget.ImageView@405d28e8
android.widget.TextView: 6.3 mi
android.widget.TableLayout@405d2fa8
android.widget.TableRow@405d3480
android.widget.TextView: Flatbush General Hospital
android.widget.TableRow@405d3c70
android.widget.TextView: Address , City
android.widget.TableRow@405d4460
android.widget.TextView: Phone Number
android.widget.LinearLayout@4058d0b0
android.widget.ImageView@4058d2c8
android.widget.TextView: 6.3 mi
android.widget.TableLayout@4058d988
android.widget.TableRow@4058de60
android.widget.TextView: Kingsbrook Jewish Medical Center
android.widget.TableRow@4058e650
android.widget.TextView: Address , City
android.widget.TableRow@40539690
android.widget.TextView: Phone Number
android.widget.LinearLayout@4053a648
android.widget.ImageView@4053a860
android.widget.TextView: 6.3 mi
android.widget.TableLayout@4053af20
android.widget.TableRow@405d4fe8
android.widget.TextView: LibertyHealth-Jersey City Medical Center
android.widget.TableRow@405d5738
android.widget.TextView: Address , City
android.widget.TableRow@405d5f28
android.widget.TextView: Phone Number
android.widget.TextView: Loading data
android.widget.LinearLayout@405a7488
android.widget.FrameLayout@40698810
android.widget.TextView: Hospitals Near Me FREE
android.widget.FrameLayout@405259c0
android.widget.LinearLayout@4057ae50
android.widget.ListView@405860f8
android.widget.LinearLayout@4053a648
android.widget.ImageView@4053a860
android.widget.TextView: 6.3 mi
android.widget.TableLayout@4053af20
android.widget.TableRow@405d4fe8
android.widget.TextView: LibertyHealth-Jersey City Medical Center
android.widget.TableRow@405d5738
android.widget.TextView: Address , City
android.widget.TableRow@405d5f28
android.widget.TextView: Phone Number
android.widget.LinearLayout@405d6f08
android.widget.ImageView@405d7120
android.widget.TextView: 6.7 mi
android.widget.TableLayout@405bb700
android.widget.TableRow@405bbbd8
android.widget.TextView: Interfaith Medical Center
android.widget.TableRow@405bc3c8
android.widget.TextView: Address , City
android.widget.TableRow@405bcbb8
android.widget.TextView: Phone Number
android.widget.LinearLayout@4050a880
android.widget.ImageView@4050aa60
android.widget.TextView: 7.1 mi
android.widget.TableLayout@4050b120
android.widget.TableRow@4050b5f8
android.widget.TextView: Brooklyn Women's Hospital
android.widget.TableRow@4050bde8
android.widget.TextView: Address , City
android.widget.TableRow@4050c5d8
android.widget.TextView: Phone Number
android.widget.LinearLayout@405cea78
android.widget.ImageView@405ceea8
android.widget.TextView: 7.2 mi
android.widget.TableLayout@40600f50
android.widget.TableRow@405c1558
android.widget.TextView: Brookdale Hospital Medical Center
android.widget.TableRow@4050cfc8
android.widget.TextView: Address , City
android.widget.TableRow@406979a0
android.widget.TextView: Phone Number
android.widget.LinearLayout@40515a38
android.widget.ImageView@40515b88
android.widget.TextView: 7.3 mi
android.widget.TableLayout@40516228
android.widget.TableRow@40565aa8
android.widget.TextView: Brooklyn Children's Psychric Center
android.widget.TableRow@4058a160
android.widget.TextView: Address , City
android.widget.TableRow@4058a830
android.widget.TextView: Phone Number
android.widget.LinearLayout@405ba728
android.widget.ImageView@405ba8e8
android.widget.TextView: 7.5 mi
android.widget.TableLayout@405bafa8
android.widget.TableRow@405d1908
android.widget.TextView: Woodhull Medical and Mental Health Center
android.widget.TableRow@405d20f8
android.widget.TextView: Address , City
android.widget.TableRow@405469f8
android.widget.TextView: Phone Number
android.widget.TextView: Loading data
android.widget.LinearLayout@405a7488
android.widget.FrameLayout@40698810
android.widget.TextView: Hospitals Near Me FREE
android.widget.FrameLayout@405259c0
android.widget.LinearLayout@4057ae50
android.widget.ListView@405860f8
android.widget.LinearLayout@405ba728
android.widget.ImageView@405ba8e8
android.widget.TextView: 7.5 mi
android.widget.TableLayout@405bafa8
android.widget.TableRow@405d1908
android.widget.TextView: Woodhull Medical and Mental Health Center
android.widget.TableRow@405d20f8
android.widget.TextView: Address , City
android.widget.TableRow@405469f8
android.widget.TextView: Phone Number
android.widget.LinearLayout@405e4638
android.widget.ImageView@405e4850
android.widget.TextView: 7.5 mi
android.widget.TableLayout@405e4f10
android.widget.TableRow@4057f008
android.widget.TextView: Christ Hospital
android.widget.TableRow@4057f7f8
android.widget.TextView: Address , City
android.widget.TableRow@4065dce0
android.widget.TextView: Phone Number
android.widget.LinearLayout@40699358
android.widget.ImageView@40699570
android.widget.TextView: 7.8 mi
android.widget.TableLayout@40699c30
android.widget.TableRow@405511c8
android.widget.TextView: Williamsburgh General Hospital
android.widget.TableRow@405519b8
android.widget.TextView: Address , City
android.widget.TableRow@405c6118
android.widget.TextView: Phone Number
android.widget.LinearLayout@405c1ec0
android.widget.ImageView@405c20d8
android.widget.TextView: 8.0 mi
android.widget.TableLayout@405c2798
android.widget.TableRow@405c2c70
android.widget.TextView: Hoboken University Medical Center
android.widget.TableRow@405e5830
android.widget.TextView: Address , City
android.widget.TableRow@405e6020
android.widget.TextView: Phone Number
android.widget.LinearLayout@405d26d0
android.widget.ImageView@405d28e8
android.widget.TextView: 8.0 mi
android.widget.TableLayout@405d2fa8
android.widget.TableRow@405d3480
android.widget.TextView: New York Eye and Ear Infirmary
android.widget.TableRow@405d3c70
android.widget.TextView: Address , City
android.widget.TableRow@405d4460
android.widget.TextView: Phone Number
android.widget.LinearLayout@4058d0b0
android.widget.ImageView@4058d2c8
android.widget.TextView: 8.0 mi
android.widget.TableLayout@4058d988
android.widget.TableRow@4058de60
android.widget.TextView: Saint Vincent's Hospital - Manhattan
android.widget.TableRow@4058e650
android.widget.TextView: Address , City
android.widget.TableRow@40539690
android.widget.TextView: Phone Number
android.widget.TextView: Loading data
android.widget.LinearLayout@405a7488
android.widget.FrameLayout@40698810
android.widget.TextView: Hospitals Near Me FREE
android.widget.FrameLayout@405259c0
android.widget.LinearLayout@4057ae50
android.widget.ListView@405860f8
android.widget.LinearLayout@4058d0b0
android.widget.ImageView@4058d2c8
android.widget.TextView: 8.0 mi
android.widget.TableLayout@4058d988
android.widget.TableRow@4058de60
android.widget.TextView: Saint Vincent's Hospital - Manhattan
android.widget.TableRow@4058e650
android.widget.TextView: Address , City
android.widget.TableRow@40539690
android.widget.TextView: Phone Number
android.widget.LinearLayout@4053a648
android.widget.ImageView@4053a860
android.widget.TextView: 8.1 mi
android.widget.TableLayout@4053af20
android.widget.TableRow@405d4fe8
android.widget.TextView: Beth Israel Medical Center
android.widget.TableRow@405d5738
android.widget.TextView: Address , City
android.widget.TableRow@405d5f28
android.widget.TextView: Phone Number
android.widget.LinearLayout@405d6f08
android.widget.ImageView@405d7120
android.widget.TextView: 8.1 mi
android.widget.TableLayout@405bb700
android.widget.TableRow@405bbbd8
android.widget.TextView: Lutheran Hospital of Brooklyn
android.widget.TableRow@405bc3c8
android.widget.TextView: Address , City
android.widget.TableRow@405bcbb8
android.widget.TextView: Phone Number
android.widget.TextView: Loading data
android.widget.LinearLayout@405a7488
android.widget.FrameLayout@40698810
android.widget.TextView: Hospitals Near Me FREE
android.widget.FrameLayout@405259c0
android.widget.LinearLayout@4057ae50
android.widget.ListView@405860f8
android.widget.LinearLayout@40515a38
android.widget.ImageView@40515b88
android.widget.TextView: 8.6 mi
android.widget.TableLayout@40516228
android.widget.TableRow@40565aa8
android.widget.TextView: Linden General Hospital
android.widget.TableRow@4058a160
android.widget.TextView: Address , City
android.widget.TableRow@4058a830
android.widget.TextView: Phone Number
android.widget.LinearLayout@405ba728
android.widget.ImageView@405ba8e8
android.widget.TextView: 8.6 mi
android.widget.TableLayout@405bafa8
android.widget.TableRow@405d1908
android.widget.TextView: Wyckoff Heights Medical Center
android.widget.TableRow@405d20f8
android.widget.TextView: Address , City
android.widget.TableRow@405469f8
android.widget.TextView: Phone Number
android.widget.LinearLayout@405e4638
android.widget.ImageView@405e4850
android.widget.TextView: 8.6 mi
android.widget.TableLayout@405e4f10
android.widget.TableRow@4057f008
android.widget.TextView: Bellevue Hospital Center
android.widget.TableRow@4057f7f8
android.widget.TextView: Address , City
android.widget.TableRow@4065dce0
android.widget.TextView: Phone Number
android.widget.LinearLayout@40699358
android.widget.ImageView@40699570
android.widget.TextView: 8.9 mi
android.widget.TableLayout@40699c30
android.widget.TableRow@405511c8
android.widget.TextView: NYU Langone Medical Center
android.widget.TableRow@405519b8
android.widget.TextView: Address , City
android.widget.TableRow@405c6118
android.widget.TextView: Phone Number
android.widget.LinearLayout@405c1ec0
android.widget.ImageView@405c20d8
android.widget.TextView: 9.0 mi
android.widget.TableLayout@405c2798
android.widget.TableRow@405c2c70
android.widget.TextView: French and Polyclinic Medical School
android.widget.TableRow@405e5830
android.widget.TextView: Address , City
android.widget.TableRow@405e6020
android.widget.TextView: Phone Number
android.widget.LinearLayout@405d26d0
android.widget.ImageView@405d28e8
android.widget.TextView: 9.2 mi
android.widget.TableLayout@405d2fa8
android.widget.TableRow@405d3480
android.widget.TextView: Trinitas Hospital-Williamson Street Campus
android.widget.TableRow@405d3c70
android.widget.TextView: Address , City
android.widget.TableRow@405d4460
android.widget.TextView: Phone Number
android.widget.TextView: Loading data
