android.widget.FrameLayout@405dacf0
android.widget.RelativeLayout@4059eae8
android.widget.LinearLayout@406574d8
android.view.View@405f3b70
android.widget.RelativeLayout@406bfb58
android.widget.TextView: Regular
android.view.View@406d8e70
android.view.View@405cdd68
android.widget.RelativeLayout@406db738
android.widget.TextView: Midgrade
android.view.View@407100c8
android.view.View@405f3910
android.widget.RelativeLayout@40711de0
android.widget.TextView: Premium
android.view.View@40661ef8
android.view.View@405f3a40
android.widget.RelativeLayout@40683820
android.widget.TextView: Diesel
android.view.View@4055c310
android.view.View@406499e0
android.view.View@40608440
android.widget.LinearLayout@40553618
android.widget.RelativeLayout@4056ebb8
android.widget.ImageView@40630828
android.widget.TextView: Reload
android.widget.RelativeLayout@40630f78
android.widget.ImageView@40632970
android.widget.TextView: Sort By Price
android.widget.RelativeLayout@40632ee0
android.widget.ImageView@4063d3e8
android.widget.TextView: Map View
android.view.View@40645df0
gbis.gbandroid.views.layouts.CustomListView@406420a0
android.widget.RelativeLayout@405bebe8
com.google.ads.AdView@405e7f80
android.gesture.GestureOverlayView@4063afc8
android.widget.FrameLayout@406829b8
com.google.ads.internal.AdWebView@406d9b70
android.widget.TableLayout@406ac448
android.widget.TableRow@406aef58
android.widget.RelativeLayout@406af5d8
android.widget.RelativeLayout@406af9b0
android.widget.TextView: --
android.widget.TextView: 9
android.widget.TextView: 8 hours ago
android.widget.TextView: Report Price
android.widget.RelativeLayout@406b3618
android.widget.ImageView@406b5c98
android.widget.TextView: Gulf
android.widget.TextView: 300 Bay Ave & Washington Ave
android.widget.TextView: Highlands, NJ
android.widget.TextView: 3.47 mi
android.widget.TableLayout@40635430
android.widget.TableRow@40635a00
android.widget.RelativeLayout@40636080
android.widget.RelativeLayout@4069a9c8
android.widget.TextView: --
android.widget.TextView: 9
android.widget.TextView: time
android.widget.TextView: Report Price
android.widget.RelativeLayout@4069e5b8
android.widget.ImageView@4069e990
android.widget.TextView: Gulf
android.widget.TextView: 116 Bay Ave & Jackson St
android.widget.TextView: Highlands, NJ
android.widget.TextView: 3.49 mi
android.widget.TableLayout@4061e508
android.widget.TableRow@406d9fe8
android.widget.RelativeLayout@406da668
android.widget.RelativeLayout@406daa40
android.widget.TextView: 3.43
android.widget.TextView: 9
android.widget.TextView: 8 hours ago
android.widget.TextView: Update
android.widget.RelativeLayout@4057df40
android.widget.ImageView@4057e2c0
android.widget.TextView: Racestar
android.widget.TextView: 133 First Ave & E Washington Ave
android.widget.TextView: Atlantic Highlands, NJ
android.widget.TextView: 4.91 mi
android.widget.TableLayout@406f9180
android.widget.TableRow@406fc520
android.widget.RelativeLayout@406fca98
android.widget.RelativeLayout@406ffc28
android.widget.TextView: --
android.widget.TextView: 9
android.widget.TextView: time
android.widget.TextView: Report Price
android.widget.RelativeLayout@40706e20
android.widget.ImageView@407071f8
android.widget.TextView: Sunoco
android.widget.TextView: 162 NJ-36 N & East Ave
android.widget.TextView: Atlantic Highlands, NJ
android.widget.TextView: 4.92 mi
android.widget.TableLayout@406bb440
android.widget.TableRow@406beaf0
android.widget.RelativeLayout@406c2850
android.widget.RelativeLayout@406c5ab8
android.widget.TextView: 3.59
android.widget.TextView: 9
android.widget.TextView: 8 hours ago
android.widget.TextView: Update
android.widget.RelativeLayout@406ccf18
android.widget.ImageView@406cfce0
android.widget.TextView: Shell
android.widget.TextView: 195 First Ave & NJ-36 N
android.widget.TextView: Atlantic Highlands, NJ
android.widget.TextView: 5.11 mi
android.widget.RelativeLayout@405bd090
android.widget.FrameLayout@405dacf0
android.widget.RelativeLayout@4059eae8
android.widget.LinearLayout@406574d8
android.view.View@405f3b70
android.widget.RelativeLayout@406bfb58
android.widget.TextView: Regular
android.view.View@406d8e70
android.view.View@405cdd68
android.widget.RelativeLayout@406db738
android.widget.TextView: Midgrade
android.view.View@407100c8
android.view.View@405f3910
android.widget.RelativeLayout@40711de0
android.widget.TextView: Premium
android.view.View@40661ef8
android.view.View@405f3a40
android.widget.RelativeLayout@40683820
android.widget.TextView: Diesel
android.view.View@4055c310
android.view.View@406499e0
android.view.View@40608440
android.widget.LinearLayout@40553618
android.widget.RelativeLayout@4056ebb8
android.widget.ImageView@40630828
android.widget.TextView: Reload
android.widget.RelativeLayout@40630f78
android.widget.ImageView@40632970
android.widget.TextView: Sort By Price
android.widget.RelativeLayout@40632ee0
android.widget.ImageView@4063d3e8
android.widget.TextView: Map View
android.view.View@40645df0
gbis.gbandroid.views.layouts.CustomListView@406420a0
android.widget.TableLayout@406bb440
android.widget.TableRow@406beaf0
android.widget.RelativeLayout@406c2850
android.widget.RelativeLayout@406c5ab8
android.widget.TextView: 3.59
android.widget.TextView: 9
android.widget.TextView: 8 hours ago
android.widget.TextView: Update
android.widget.RelativeLayout@406ccf18
android.widget.ImageView@406cfce0
android.widget.TextView: Shell
android.widget.TextView: 195 First Ave & NJ-36 N
android.widget.TextView: Atlantic Highlands, NJ
android.widget.TextView: 5.11 mi
android.widget.TableLayout@40797c68
android.widget.TableRow@40798238
android.widget.RelativeLayout@407988f8
android.widget.RelativeLayout@40798cd0
android.widget.TextView: 3.69
android.widget.TextView: 9
android.widget.TextView: 8 hours ago
android.widget.TextView: Update
android.widget.RelativeLayout@4079a4e0
android.widget.ImageView@4079a8b8
android.widget.TextView: Getty
android.widget.TextView: 947 NJ-36 N & Ave D
android.widget.TextView: Atlantic Highlands, NJ
android.widget.TextView: 5.43 mi
android.widget.TableLayout@407a8018
android.widget.TableRow@407a85e8
android.widget.RelativeLayout@407a8ca8
android.widget.RelativeLayout@4054d398
android.widget.TextView: --
android.widget.TextView: 9
android.widget.TextView: time
android.widget.TextView: Report Price
android.widget.RelativeLayout@405506c8
android.widget.ImageView@40552e88
android.widget.TextView: Gulf
android.widget.TextView: 1006 Ocean Ave & Rumson Rd
android.widget.TextView: Sea Bright, NJ
android.widget.TextView: 5.64 mi
android.widget.TableLayout@40559d38
android.widget.TableRow@40527d80
android.widget.RelativeLayout@4055fc60
android.widget.RelativeLayout@40585130
android.widget.TextView: --
android.widget.TextView: 9
android.widget.TextView: time
android.widget.TextView: Report Price
android.widget.RelativeLayout@4058b2b0
android.widget.ImageView@40589f50
android.widget.TextView: Sunoco
android.widget.TextView: 1010 Ocean Ave & Rumson Rd
android.widget.TextView: Sea Bright, NJ
android.widget.TextView: 5.68 mi
android.widget.TableLayout@405b7c98
android.widget.TableRow@4059b8f0
android.widget.RelativeLayout@405b78b8
android.widget.RelativeLayout@405bbe28
android.widget.TextView: 3.89
android.widget.TextView: 9
android.widget.TextView: 21 hours ago
android.widget.TextView: Update
android.widget.RelativeLayout@405cad20
android.widget.ImageView@405db278
android.widget.TextView: Exxon
android.widget.TextView: 27 W River Rd & Allen St
android.widget.TextView: Rumson, NJ
android.widget.TextView: 5.74 mi
android.widget.RelativeLayout@405bd090
android.widget.FrameLayout@405dacf0
android.widget.RelativeLayout@4059eae8
android.widget.LinearLayout@406574d8
android.view.View@405f3b70
android.widget.RelativeLayout@406bfb58
android.widget.TextView: Regular
android.view.View@406d8e70
android.view.View@405cdd68
android.widget.RelativeLayout@406db738
android.widget.TextView: Midgrade
android.view.View@407100c8
android.view.View@405f3910
android.widget.RelativeLayout@40711de0
android.widget.TextView: Premium
android.view.View@40661ef8
android.view.View@405f3a40
android.widget.RelativeLayout@40683820
android.widget.TextView: Diesel
android.view.View@4055c310
android.view.View@406499e0
android.view.View@40608440
android.widget.LinearLayout@40553618
android.widget.RelativeLayout@4056ebb8
android.widget.ImageView@40630828
android.widget.TextView: Reload
android.widget.RelativeLayout@40630f78
android.widget.ImageView@40632970
android.widget.TextView: Sort By Price
android.widget.RelativeLayout@40632ee0
android.widget.ImageView@4063d3e8
android.widget.TextView: Map View
android.view.View@40645df0
gbis.gbandroid.views.layouts.CustomListView@406420a0
android.widget.TableLayout@405b7c98
android.widget.TableRow@4059b8f0
android.widget.RelativeLayout@405b78b8
android.widget.RelativeLayout@405bbe28
android.widget.TextView: 3.89
android.widget.TextView: 9
android.widget.TextView: 21 hours ago
android.widget.TextView: Update
android.widget.RelativeLayout@405cad20
android.widget.ImageView@405db278
android.widget.TextView: Exxon
android.widget.TextView: 27 W River Rd & Allen St
android.widget.TextView: Rumson, NJ
android.widget.TextView: 5.74 mi
android.widget.TableLayout@405ca9a8
android.widget.TableRow@405ec7f0
android.widget.RelativeLayout@405d4aa8
android.widget.RelativeLayout@406095e8
android.widget.TextView: 3.45
android.widget.TextView: 9
android.widget.TextView: 8 hours ago
android.widget.TextView: Update
android.widget.RelativeLayout@4060da90
android.widget.ImageView@406236a8
android.widget.TextView: Wawa
android.widget.TextView: 75 Appleton Ave & NJ-36 S
android.widget.TextView: Leonardo, NJ
android.widget.TextView: 6.25 mi
android.widget.TableLayout@405ef1d0
android.widget.TableRow@40602750
android.widget.RelativeLayout@40619250
android.widget.RelativeLayout@4061baf0
android.widget.TextView: 3.69
android.widget.TextView: 9
android.widget.TextView: 9 hours ago
android.widget.TextView: Update
android.widget.RelativeLayout@40622e90
android.widget.ImageView@406272c0
android.widget.TextView: Fuel One
android.widget.TextView: 659 NJ-36 N  & East Rd
android.widget.TextView: Belford, NJ
android.widget.TextView: 7.09 mi
android.widget.TableLayout@405f0658
android.widget.TableRow@4061ed98
android.widget.RelativeLayout@40625408
android.widget.RelativeLayout@40638280
android.widget.TextView: --
android.widget.TextView: 9
android.widget.TextView: time
android.widget.TextView: Report Price
android.widget.RelativeLayout@4063a6f8
android.widget.ImageView@4067bd88
android.widget.TextView: Sunoco
android.widget.TextView: 560 NJ-36 S & East Rd
android.widget.TextView: Belford, NJ
android.widget.TextView: 7.29 mi
android.widget.TableLayout@405f8170
android.widget.TableRow@4066a9d0
android.widget.RelativeLayout@40647890
android.widget.RelativeLayout@4064e880
android.widget.TextView: 3.87
android.widget.TextView: 9
android.widget.TextView: 20 hours ago
android.widget.TextView: Update
android.widget.RelativeLayout@406514a0
android.widget.ImageView@4068fab8
android.widget.TextView: Valero
android.widget.TextView: 554 River Rd & Smith St
android.widget.TextView: Fair Haven, NJ
android.widget.TextView: 7.47 mi
android.widget.TableLayout@40609438
android.widget.TableRow@4066b690
android.widget.RelativeLayout@40653458
android.widget.RelativeLayout@406551d8
android.widget.TextView: 3.74
android.widget.TextView: 9
android.widget.TextView: 9 hours ago
android.widget.TextView: Update
android.widget.RelativeLayout@406568d8
android.widget.ImageView@40690538
android.widget.TextView: Gulf
android.widget.TextView: 412 NJ-36 S & Wilson Ave
android.widget.TextView: Port Monmouth, NJ
android.widget.TextView: 7.93 mi
android.widget.RelativeLayout@405bd090
android.widget.FrameLayout@405dacf0
android.widget.RelativeLayout@4059eae8
android.widget.LinearLayout@406574d8
android.view.View@405f3b70
android.widget.RelativeLayout@406bfb58
android.widget.TextView: Regular
android.view.View@406d8e70
android.view.View@405cdd68
android.widget.RelativeLayout@406db738
android.widget.TextView: Midgrade
android.view.View@407100c8
android.view.View@405f3910
android.widget.RelativeLayout@40711de0
android.widget.TextView: Premium
android.view.View@40661ef8
android.view.View@405f3a40
android.widget.RelativeLayout@40683820
android.widget.TextView: Diesel
android.view.View@4055c310
android.view.View@406499e0
android.view.View@40608440
android.widget.LinearLayout@40553618
android.widget.RelativeLayout@4056ebb8
android.widget.ImageView@40630828
android.widget.TextView: Reload
android.widget.RelativeLayout@40630f78
android.widget.ImageView@40632970
android.widget.TextView: Sort By Price
android.widget.RelativeLayout@40632ee0
android.widget.ImageView@4063d3e8
android.widget.TextView: Map View
android.view.View@40645df0
gbis.gbandroid.views.layouts.CustomListView@406420a0
android.widget.TableLayout@40609438
android.widget.TableRow@4066b690
android.widget.RelativeLayout@40653458
android.widget.RelativeLayout@406551d8
android.widget.TextView: 3.74
android.widget.TextView: 9
android.widget.TextView: 9 hours ago
android.widget.TextView: Update
android.widget.RelativeLayout@406568d8
android.widget.ImageView@40690538
android.widget.TextView: Gulf
android.widget.TextView: 412 NJ-36 S & Wilson Ave
android.widget.TextView: Port Monmouth, NJ
android.widget.TextView: 7.93 mi
android.widget.TableLayout@406be178
android.widget.TableRow@40556858
android.widget.RelativeLayout@4062ec70
android.widget.RelativeLayout@406492f8
android.widget.TextView: 3.59
android.widget.TextView: 9
android.widget.TextView: 59 minutes ago
android.widget.TextView: Update
android.widget.RelativeLayout@4067b870
android.widget.ImageView@40623230
android.widget.TextView: BP
android.widget.TextView: 863 NJ-35 & Tindall Rd & Kings Hwy
android.widget.TextView: Middletown, NJ
android.widget.TextView: 8.51 mi
android.widget.TableLayout@40632030
android.widget.TableRow@406762a0
android.widget.RelativeLayout@406efdd8
android.widget.RelativeLayout@4062fee8
android.widget.TextView: --
android.widget.TextView: 9
android.widget.TextView: time
android.widget.TextView: Report Price
android.widget.RelativeLayout@40680d58
android.widget.ImageView@4070ac40
android.widget.TextView: Getty
android.widget.TextView: 4 Ocean Ave & Riverdale Ave
android.widget.TextView: Monmouth Beach, NJ
android.widget.TextView: 8.55 mi
android.widget.TableLayout@405a3648
android.widget.TableRow@406a88c8
android.widget.RelativeLayout@40717f48
android.widget.RelativeLayout@4064d8c8
android.widget.TextView: 3.57
android.widget.TextView: 9
android.widget.TextView: 7 hours ago
android.widget.TextView: Update
android.widget.RelativeLayout@40662370
android.widget.ImageView@406a9488
android.widget.TextView: Hess
android.widget.TextView: 431 NJ-35 N & Chapel Hill Rd
android.widget.TextView: Middletown, NJ
android.widget.TextView: 8.57 mi
android.widget.TableLayout@40669288
android.widget.TableRow@4066e1d0
android.widget.RelativeLayout@4067d888
android.widget.RelativeLayout@406833e0
android.widget.TextView: 3.69
android.widget.TextView: 9
android.widget.TextView: 7 hours ago
android.widget.TextView: Update
android.widget.RelativeLayout@405ff568
android.widget.ImageView@406165b0
android.widget.TextView: Sunoco
android.widget.TextView: 417 NJ-35 N & Cooper Rd
android.widget.TextView: Middletown, NJ
android.widget.TextView: 8.59 mi
android.widget.RelativeLayout@405bd090
android.widget.FrameLayout@405dacf0
android.widget.RelativeLayout@4059eae8
android.widget.LinearLayout@406574d8
android.view.View@405f3b70
android.widget.RelativeLayout@406bfb58
android.widget.TextView: Regular
android.view.View@406d8e70
android.view.View@405cdd68
android.widget.RelativeLayout@406db738
android.widget.TextView: Midgrade
android.view.View@407100c8
android.view.View@405f3910
android.widget.RelativeLayout@40711de0
android.widget.TextView: Premium
android.view.View@40661ef8
android.view.View@405f3a40
android.widget.RelativeLayout@40683820
android.widget.TextView: Diesel
android.view.View@4055c310
android.view.View@406499e0
android.view.View@40608440
android.widget.LinearLayout@40553618
android.widget.RelativeLayout@4056ebb8
android.widget.ImageView@40630828
android.widget.TextView: Reload
android.widget.RelativeLayout@40630f78
android.widget.ImageView@40632970
android.widget.TextView: Sort By Price
android.widget.RelativeLayout@40632ee0
android.widget.ImageView@4063d3e8
android.widget.TextView: Map View
android.view.View@40645df0
gbis.gbandroid.views.layouts.CustomListView@406420a0
android.widget.TableLayout@40669288
android.widget.TableRow@4066e1d0
android.widget.RelativeLayout@4067d888
android.widget.RelativeLayout@406833e0
android.widget.TextView: 3.69
android.widget.TextView: 9
android.widget.TextView: 7 hours ago
android.widget.TextView: Update
android.widget.RelativeLayout@405ff568
android.widget.ImageView@406165b0
android.widget.TextView: Sunoco
android.widget.TextView: 417 NJ-35 N & Cooper Rd
android.widget.TextView: Middletown, NJ
android.widget.TextView: 8.59 mi
android.widget.TableLayout@4066cff8
android.widget.TableRow@4069a0a8
android.widget.RelativeLayout@4067cc00
android.widget.RelativeLayout@40633e60
android.widget.TextView: 3.79
android.widget.TextView: 9
android.widget.TextView: 7 hours ago
android.widget.TextView: Update
android.widget.RelativeLayout@40511328
android.widget.ImageView@405bc6b0
android.widget.TextView: Raceway
android.widget.TextView: 237 NJ-35 N & Pine St
android.widget.TextView: Middletown, NJ
android.widget.TextView: 8.71 mi
android.widget.TableLayout@4066e8f0
android.widget.TableRow@40671600
android.widget.RelativeLayout@40675d48
android.widget.RelativeLayout@40676048
android.widget.TextView: 3.59
android.widget.TextView: 9
android.widget.TextView: 12 hours ago
android.widget.TextView: Update
android.widget.RelativeLayout@4068eae8
android.widget.ImageView@406912a0
android.widget.TextView: Craig's Independent
android.widget.TextView: 1201 NJ-35 N & New Monmouth Rd
android.widget.TextView: Middletown, NJ
android.widget.TextView: 8.93 mi
android.widget.TableLayout@4077cee0
android.widget.TableRow@40602138
android.widget.RelativeLayout@406a7c60
android.widget.RelativeLayout@406b5470
android.widget.TextView: 3.69
android.widget.TextView: 9
android.widget.TextView: 7 hours ago
android.widget.TextView: Update
android.widget.RelativeLayout@4070e648
android.widget.ImageView@40718410
android.widget.TextView: Exxon
android.widget.TextView: 2 NJ-36 S  & Palmer Ave
android.widget.TextView: Middletown, NJ
android.widget.TextView: 9.31 mi
android.widget.TableLayout@406ce2b8
android.widget.TableRow@406b0a30
android.widget.RelativeLayout@40677758
android.widget.RelativeLayout@40677b30
android.widget.TextView: --
android.widget.TextView: 9
android.widget.TextView: time
android.widget.TextView: Report Price
android.widget.RelativeLayout@4067c3d0
android.widget.ImageView@4067c750
android.widget.TextView: Mobil
android.widget.TextView: 1702 Neptune Ave & W 17th St
android.widget.TextView: Coney Island, NY
android.widget.TextView: 9.32 mi
android.widget.RelativeLayout@405bd090
android.widget.FrameLayout@405dacf0
android.widget.RelativeLayout@4059eae8
android.widget.LinearLayout@406574d8
android.view.View@405f3b70
android.widget.RelativeLayout@406bfb58
android.widget.TextView: Regular
android.view.View@406d8e70
android.view.View@405cdd68
android.widget.RelativeLayout@406db738
android.widget.TextView: Midgrade
android.view.View@407100c8
android.view.View@405f3910
android.widget.RelativeLayout@40711de0
android.widget.TextView: Premium
android.view.View@40661ef8
android.view.View@405f3a40
android.widget.RelativeLayout@40683820
android.widget.TextView: Diesel
android.view.View@4055c310
android.view.View@406499e0
android.view.View@40608440
android.widget.LinearLayout@40553618
android.widget.RelativeLayout@4056ebb8
android.widget.ImageView@40630828
android.widget.TextView: Reload
android.widget.RelativeLayout@40630f78
android.widget.ImageView@40632970
android.widget.TextView: Sort By Price
android.widget.RelativeLayout@40632ee0
android.widget.ImageView@4063d3e8
android.widget.TextView: Map View
android.view.View@40645df0
gbis.gbandroid.views.layouts.CustomListView@406420a0
android.widget.TableLayout@40559d38
android.widget.TableRow@40527d80
android.widget.RelativeLayout@40517a08
android.widget.RelativeLayout@4054d398
android.widget.TextView: --
android.widget.TextView: 9
android.widget.TextView: time
android.widget.TextView: Report Price
android.widget.RelativeLayout@405506c8
android.widget.ImageView@40552e88
android.widget.TextView: Mobil
android.widget.TextView: 1702 Neptune Ave & W 17th St
android.widget.TextView: Coney Island, NY
android.widget.TextView: 9.32 mi
android.widget.TableLayout@406e2ef8
android.widget.TableRow@406e34c8
android.widget.RelativeLayout@40701190
android.widget.RelativeLayout@40701568
android.widget.TextView: --
android.widget.TextView: 9
android.widget.TextView: Tue 12:06 AM
android.widget.TextView: Report Price
android.widget.RelativeLayout@40705108
android.widget.ImageView@407054e0
android.widget.TextView: Hess
android.widget.TextView: 1620 Neptune Ave & W 17th St
android.widget.TextView: Coney Island, NY
android.widget.TextView: 9.32 mi
android.widget.TableLayout@406d1538
android.widget.TableRow@406d1b08
android.widget.RelativeLayout@406df3b8
android.widget.RelativeLayout@406df790
android.widget.TextView: 3.49
android.widget.TextView: 9
android.widget.TextView: Mon 9:34 AM
android.widget.TextView: Update
android.widget.RelativeLayout@406f3f58
android.widget.ImageView@406f4330
android.widget.TextView: Shell
android.widget.TextView: 9 NJ-36 N & Main St
android.widget.TextView: Keansburg, NJ
android.widget.TextView: 9.33 mi
android.widget.TableLayout@4062c568
android.widget.TableRow@4062cb38
android.widget.RelativeLayout@407129d8
android.widget.RelativeLayout@40712db0
android.widget.TextView: 3.78
android.widget.TextView: 9
android.widget.TextView: Tue 12:06 AM
android.widget.TextView: Update
android.widget.RelativeLayout@406e5e08
android.widget.ImageView@406e61e0
android.widget.TextView: CITGO
android.widget.TextView: 697 Branch Ave & Sycamore Ave
android.widget.TextView: Little Silver, NJ
android.widget.TextView: 9.34 mi
android.widget.TableLayout@406ce2b8
android.widget.TableRow@406b0a30
android.widget.RelativeLayout@40677758
android.widget.RelativeLayout@40677b30
android.widget.TextView: --
android.widget.TextView: 9
android.widget.TextView: time
android.widget.TextView: Report Price
android.widget.RelativeLayout@4067c3d0
android.widget.ImageView@4067c750
android.widget.TextView: Gulf
android.widget.TextView: 2001 Neptune  & W 20 St
android.widget.TextView: Brooklyn, NY
android.widget.TextView: 9.36 mi
android.widget.RelativeLayout@405bd090
android.widget.FrameLayout@405dacf0
android.widget.RelativeLayout@4059eae8
android.widget.LinearLayout@406574d8
android.view.View@405f3b70
android.widget.RelativeLayout@406bfb58
android.widget.TextView: Regular
android.view.View@406d8e70
android.view.View@405cdd68
android.widget.RelativeLayout@406db738
android.widget.TextView: Midgrade
android.view.View@407100c8
android.view.View@405f3910
android.widget.RelativeLayout@40711de0
android.widget.TextView: Premium
android.view.View@40661ef8
android.view.View@405f3a40
android.widget.RelativeLayout@40683820
android.widget.TextView: Diesel
android.view.View@4055c310
android.view.View@406499e0
android.view.View@40608440
android.widget.LinearLayout@40553618
android.widget.RelativeLayout@4056ebb8
android.widget.ImageView@40630828
android.widget.TextView: Reload
android.widget.RelativeLayout@40630f78
android.widget.ImageView@40632970
android.widget.TextView: Sort By Price
android.widget.RelativeLayout@40632ee0
android.widget.ImageView@4063d3e8
android.widget.TextView: Map View
android.view.View@40645df0
gbis.gbandroid.views.layouts.CustomListView@406420a0
android.widget.TableLayout@406ce2b8
android.widget.TableRow@406b0a30
android.widget.RelativeLayout@40677758
android.widget.RelativeLayout@40677b30
android.widget.TextView: --
android.widget.TextView: 9
android.widget.TextView: time
android.widget.TextView: Report Price
android.widget.RelativeLayout@4067c3d0
android.widget.ImageView@4067c750
android.widget.TextView: Gulf
android.widget.TextView: 2001 Neptune  & W 20 St
android.widget.TextView: Brooklyn, NY
android.widget.TextView: 9.36 mi
android.widget.TableLayout@405b7c98
android.widget.TableRow@4059b8f0
android.widget.RelativeLayout@4055fc60
android.widget.RelativeLayout@40585130
android.widget.TextView: 3.83
android.widget.TextView: 9
android.widget.TextView: 13 hours ago
android.widget.TextView: Update
android.widget.RelativeLayout@4058b2b0
android.widget.ImageView@40589f50
android.widget.TextView: Shell
android.widget.TextView: 3046 Coney Island Ave & Neptune Ave
android.widget.TextView: Brooklyn, NY
android.widget.TextView: 9.4 mi
android.widget.TableLayout@405ca9a8
android.widget.TableRow@405ec7f0
android.widget.RelativeLayout@405a2cb0
android.widget.RelativeLayout@405b78b8
android.widget.TextView: --
android.widget.TextView: 9
android.widget.TextView: time
android.widget.TextView: Report Price
android.widget.RelativeLayout@405cad20
android.widget.ImageView@405db278
android.widget.TextView: Shell
android.widget.TextView: 3072 Cropsey Ave & Hart Pl
android.widget.TextView: Brooklyn, NY
android.widget.TextView: 9.44 mi
android.widget.TableLayout@405ef1d0
android.widget.TableRow@40602750
android.widget.RelativeLayout@405d4aa8
android.widget.RelativeLayout@406095e8
android.widget.TextView: --
android.widget.TextView: 9
android.widget.TextView: time
android.widget.TextView: Report Price
android.widget.RelativeLayout@40619250
android.widget.ImageView@4067bd88
android.widget.TextView: Gulf
android.widget.TextView: 3031 Coney Island Ave & Neptune Ave
android.widget.TextView: Brooklyn, NY
android.widget.TextView: 9.44 mi
android.widget.TableLayout@405f0658
android.widget.TableRow@4061ed98
android.widget.RelativeLayout@40622e90
android.widget.RelativeLayout@40625408
android.widget.TextView: 3.75
android.widget.TextView: 9
android.widget.TextView: 8 hours ago
android.widget.TextView: Update
android.widget.RelativeLayout@4063a6f8
android.widget.ImageView@4068fab8
android.widget.TextView: American Fuel
android.widget.TextView: 44 NJ-36 S & Palmer Ave
android.widget.TextView: Hazlet, NJ
android.widget.TextView: 9.45 mi
android.widget.RelativeLayout@405bd090
android.widget.FrameLayout@405dacf0
android.widget.RelativeLayout@4059eae8
android.widget.LinearLayout@406574d8
android.view.View@405f3b70
android.widget.RelativeLayout@406bfb58
android.widget.TextView: Regular
android.view.View@406d8e70
android.view.View@405cdd68
android.widget.RelativeLayout@406db738
android.widget.TextView: Midgrade
android.view.View@407100c8
android.view.View@405f3910
android.widget.RelativeLayout@40711de0
android.widget.TextView: Premium
android.view.View@40661ef8
android.view.View@405f3a40
android.widget.RelativeLayout@40683820
android.widget.TextView: Diesel
android.view.View@4055c310
android.view.View@406499e0
android.view.View@40608440
android.widget.LinearLayout@40553618
android.widget.RelativeLayout@4056ebb8
android.widget.ImageView@40630828
android.widget.TextView: Reload
android.widget.RelativeLayout@40630f78
android.widget.ImageView@40632970
android.widget.TextView: Sort By Price
android.widget.RelativeLayout@40632ee0
android.widget.ImageView@4063d3e8
android.widget.TextView: Map View
android.view.View@40645df0
gbis.gbandroid.views.layouts.CustomListView@406420a0
android.widget.TableLayout@405f0658
android.widget.TableRow@4061ed98
android.widget.RelativeLayout@40622e90
android.widget.RelativeLayout@40625408
android.widget.TextView: 3.75
android.widget.TextView: 9
android.widget.TextView: 8 hours ago
android.widget.TextView: Update
android.widget.RelativeLayout@4063a6f8
android.widget.ImageView@4068fab8
android.widget.TextView: American Fuel
android.widget.TextView: 44 NJ-36 S & Palmer Ave
android.widget.TextView: Hazlet, NJ
android.widget.TextView: 9.45 mi
android.widget.TableLayout@405f8170
android.widget.TableRow@4066a9d0
android.widget.RelativeLayout@4063d538
android.widget.RelativeLayout@40647890
android.widget.TextView: 4.09
android.widget.TextView: 9
android.widget.TextView: 6 hours ago
android.widget.TextView: Update
android.widget.RelativeLayout@4064e880
android.widget.ImageView@406aa5e0
android.widget.TextView: Mobil
android.widget.TextView: 3003 Coney Island  & Guider Ave
android.widget.TextView: Brooklyn, NY
android.widget.TextView: 9.47 mi
android.widget.TableLayout@40609438
android.widget.TableRow@4066b690
android.widget.RelativeLayout@40651a30
android.widget.RelativeLayout@40652588
android.widget.TextView: --
android.widget.TextView: 9
android.widget.TextView: time
android.widget.TextView: Report Price
android.widget.RelativeLayout@406551d8
android.widget.ImageView@406aaa98
android.widget.TextView: Shell
android.widget.TextView: 434 Branchport  Ave & Elliott Pl
android.widget.TextView: Oceanport, NJ
android.widget.TextView: 9.52 mi
android.widget.TableLayout@406225d8
android.widget.TableRow@406a8d58
android.widget.RelativeLayout@4065a4f0
android.widget.RelativeLayout@40661300
android.widget.TextView: 3.89
android.widget.TextView: 9
android.widget.TextView: 5 hours ago
android.widget.TextView: Update
android.widget.RelativeLayout@40664450
android.widget.ImageView@406add50
android.widget.TextView: Paz
android.widget.TextView: 2978 Cropsey Ave & Bay 54th St
android.widget.TextView: Brooklyn, NY
android.widget.TextView: 9.59 mi
android.widget.TableLayout@40625258
android.widget.TableRow@406beaf0
android.widget.RelativeLayout@40664b50
android.widget.RelativeLayout@406670b0
android.widget.TextView: 3.87
android.widget.TextView: 9
android.widget.TextView: 11 hours ago
android.widget.TextView: Update
android.widget.RelativeLayout@4066c8c0
android.widget.ImageView@406ae208
android.widget.TextView: Lukoil
android.widget.TextView: 2955 Cropsey Ave & Canal Ave
android.widget.TextView: Brooklyn, NY
android.widget.TextView: 9.62 mi
android.widget.RelativeLayout@405bd090
android.widget.FrameLayout@405dacf0
android.widget.RelativeLayout@4059eae8
android.widget.LinearLayout@406574d8
android.view.View@405f3b70
android.widget.RelativeLayout@406bfb58
android.widget.TextView: Regular
android.view.View@406d8e70
android.view.View@405cdd68
android.widget.RelativeLayout@406db738
android.widget.TextView: Midgrade
android.view.View@407100c8
android.view.View@405f3910
android.widget.RelativeLayout@40711de0
android.widget.TextView: Premium
android.view.View@40661ef8
android.view.View@405f3a40
android.widget.RelativeLayout@40683820
android.widget.TextView: Diesel
android.view.View@4055c310
android.view.View@406499e0
android.view.View@40608440
android.widget.LinearLayout@40553618
android.widget.RelativeLayout@4056ebb8
android.widget.ImageView@40630828
android.widget.TextView: Reload
android.widget.RelativeLayout@40630f78
android.widget.ImageView@40632970
android.widget.TextView: Sort By Price
android.widget.RelativeLayout@40632ee0
android.widget.ImageView@4063d3e8
android.widget.TextView: Map View
android.view.View@40645df0
gbis.gbandroid.views.layouts.CustomListView@406420a0
android.widget.TableLayout@40625258
android.widget.TableRow@406beaf0
android.widget.RelativeLayout@40664b50
android.widget.RelativeLayout@406670b0
android.widget.TextView: 3.87
android.widget.TextView: 9
android.widget.TextView: 11 hours ago
android.widget.TextView: Update
android.widget.RelativeLayout@4066c8c0
android.widget.ImageView@406ae208
android.widget.TextView: Lukoil
android.widget.TextView: 2955 Cropsey Ave & Canal Ave
android.widget.TextView: Brooklyn, NY
android.widget.TextView: 9.62 mi
android.widget.TableLayout@40683590
android.widget.TableRow@40679ce0
android.widget.RelativeLayout@4065fbf8
android.widget.RelativeLayout@40663208
android.widget.TextView: 3.59
android.widget.TextView: 9
android.widget.TextView: Mon 2:30 PM
android.widget.TextView: Update
android.widget.RelativeLayout@40550bc0
android.widget.ImageView@40608d68
android.widget.TextView: Racestar
android.widget.TextView: 161 NJ-36 N & Monroe Ave
android.widget.TextView: Hazlet, NJ
android.widget.TextView: 9.64 mi
android.widget.TableLayout@406b3bf0
android.widget.TableRow@4062fee8
android.widget.RelativeLayout@4060d720
android.widget.RelativeLayout@4066be68
android.widget.TextView: 4.02
android.widget.TextView: 9
android.widget.TextView: Tue 12:06 AM
android.widget.TextView: Update
android.widget.RelativeLayout@4075e6b8
android.widget.ImageView@405da2e0
android.widget.TextView: Exxon
android.widget.TextView: 220 Newman Springs Rd & Shrewsbury Ave
android.widget.TextView: Red Bank, NJ
android.widget.TextView: 9.77 mi
android.widget.TableLayout@4071afa0
android.widget.TableRow@4063bec0
android.widget.RelativeLayout@406c7248
android.widget.RelativeLayout@4064e3d8
android.widget.TextView: 3.99
android.widget.TextView: 9
android.widget.TextView: Mon 5:18 PM
android.widget.TextView: Update
android.widget.RelativeLayout@40675700
android.widget.ImageView@405e67e0
android.widget.TextView: Shell
android.widget.TextView: 390 Shrewsbury Ave & Newman Springs Rd
android.widget.TextView: Red Bank, NJ
android.widget.TextView: 9.77 mi
android.widget.TableLayout@40649098
android.widget.TableRow@406e6da0
android.widget.RelativeLayout@40666b18
android.widget.RelativeLayout@4067de08
android.widget.TextView: 3.78
android.widget.TextView: 9
android.widget.TextView: 2 hours ago
android.widget.TextView: Update
android.widget.RelativeLayout@406088a8
android.widget.ImageView@4068ae68
android.widget.TextView: Lukoil
android.widget.TextView: 219 Newman Springs Rd & Shrewsbury Ave
android.widget.TextView: Shrewsbury, NJ
android.widget.TextView: 9.79 mi
android.widget.RelativeLayout@405bd090
android.widget.FrameLayout@405dacf0
android.widget.RelativeLayout@4059eae8
android.widget.LinearLayout@406574d8
android.view.View@405f3b70
android.widget.RelativeLayout@406bfb58
android.widget.TextView: Regular
android.view.View@406d8e70
android.view.View@405cdd68
android.widget.RelativeLayout@406db738
android.widget.TextView: Midgrade
android.view.View@407100c8
android.view.View@405f3910
android.widget.RelativeLayout@40711de0
android.widget.TextView: Premium
android.view.View@40661ef8
android.view.View@405f3a40
android.widget.RelativeLayout@40683820
android.widget.TextView: Diesel
android.view.View@4055c310
android.view.View@406499e0
android.view.View@40608440
android.widget.LinearLayout@40553618
android.widget.RelativeLayout@4056ebb8
android.widget.ImageView@40630828
android.widget.TextView: Reload
android.widget.RelativeLayout@40630f78
android.widget.ImageView@40632970
android.widget.TextView: Sort By Price
android.widget.RelativeLayout@40632ee0
android.widget.ImageView@4063d3e8
android.widget.TextView: Map View
android.view.View@40645df0
gbis.gbandroid.views.layouts.CustomListView@406420a0
android.widget.TableLayout@40649098
android.widget.TableRow@406e6da0
android.widget.RelativeLayout@40666b18
android.widget.RelativeLayout@4067de08
android.widget.TextView: 3.78
android.widget.TextView: 9
android.widget.TextView: 2 hours ago
android.widget.TextView: Update
android.widget.RelativeLayout@406088a8
android.widget.ImageView@4068ae68
android.widget.TextView: Lukoil
android.widget.TextView: 219 Newman Springs Rd & Shrewsbury Ave
android.widget.TextView: Shrewsbury, NJ
android.widget.TextView: 9.79 mi
android.widget.TableLayout@40687100
android.widget.TableRow@4079d9f8
android.widget.RelativeLayout@406a4328
android.widget.RelativeLayout@406a5820
android.widget.TextView: 4.15
android.widget.TextView: 9
android.widget.TextView: 11 hours ago
android.widget.TextView: Update
android.widget.RelativeLayout@406b8940
android.widget.ImageView@406ea250
android.widget.TextView: BP
android.widget.TextView: 3010 Ocean Ave & Jerome Ave
android.widget.TextView: Brooklyn, NY
android.widget.TextView: 9.81 mi
android.widget.TableLayout@40708b48
android.widget.TableRow@4062c020
android.widget.RelativeLayout@40641c20
android.widget.RelativeLayout@407a7f10
android.widget.TextView: 3.59
android.widget.TextView: 9
android.widget.TextView: 4 minutes ago
android.widget.TextView: Update
android.widget.RelativeLayout@40617178
android.widget.ImageView@4062ec70
android.widget.TextView: Woroco
android.widget.TextView: 241 NJ-36 N & Laurel Ave
android.widget.TextView: Hazlet, NJ
android.widget.TextView: 9.84 mi
android.widget.TableLayout@406022e0
android.widget.TableRow@406f1c50
android.widget.RelativeLayout@40653c50
android.widget.RelativeLayout@4075f938
android.widget.TextView: --
android.widget.TextView: 9
android.widget.TextView: time
android.widget.TextView: Report Price
android.widget.RelativeLayout@406720a0
android.widget.ImageView@40604a30
android.widget.TextView: Eagle
android.widget.TextView: 366 Ave Y & W 3rd St
android.widget.TextView: Brooklyn, NY
android.widget.TextView: 9.87 mi
android.widget.TableLayout@40711568
android.widget.TableRow@40714998
android.widget.RelativeLayout@406fbdb8
android.widget.RelativeLayout@406fc190
android.widget.TextView: 3.59
android.widget.TextView: 9
android.widget.TextView: Mon 11:02 AM
android.widget.TextView: Update
android.widget.RelativeLayout@4057d7b8
android.widget.ImageView@4057db78
android.widget.TextView: Exxon
android.widget.TextView: 2055 NJ-35 N  & Palmer Ave
android.widget.TextView: Holmdel, NJ
android.widget.TextView: 9.89 mi
android.widget.RelativeLayout@405bd090
android.widget.FrameLayout@405dacf0
android.widget.RelativeLayout@4059eae8
android.widget.LinearLayout@406574d8
android.view.View@405f3b70
android.widget.RelativeLayout@406bfb58
android.widget.TextView: Regular
android.view.View@406d8e70
android.view.View@405cdd68
android.widget.RelativeLayout@406db738
android.widget.TextView: Midgrade
android.view.View@407100c8
android.view.View@405f3910
android.widget.RelativeLayout@40711de0
android.widget.TextView: Premium
android.view.View@40661ef8
android.view.View@405f3a40
android.widget.RelativeLayout@40683820
android.widget.TextView: Diesel
android.view.View@4055c310
android.view.View@406499e0
android.view.View@40608440
android.widget.LinearLayout@40553618
android.widget.RelativeLayout@4056ebb8
android.widget.ImageView@40630828
android.widget.TextView: Reload
android.widget.RelativeLayout@40630f78
android.widget.ImageView@40632970
android.widget.TextView: Sort By Price
android.widget.RelativeLayout@40632ee0
android.widget.ImageView@4063d3e8
android.widget.TextView: Map View
android.view.View@40645df0
gbis.gbandroid.views.layouts.CustomListView@406420a0
android.widget.TableLayout@407baa98
android.widget.TableRow@407bb068
android.widget.RelativeLayout@407bb728
android.widget.RelativeLayout@407bbb00
android.widget.TextView: 3.59
android.widget.TextView: 9
android.widget.TextView: Mon 11:02 AM
android.widget.TextView: Update
android.widget.RelativeLayout@407bd310
android.widget.ImageView@407bd6e8
android.widget.TextView: Exxon
android.widget.TextView: 2055 NJ-35 N  & Palmer Ave
android.widget.TextView: Holmdel, NJ
android.widget.TextView: 9.89 mi
android.widget.TableLayout@407ab1a0
android.widget.TableRow@407ab770
android.widget.RelativeLayout@407abe30
android.widget.RelativeLayout@407ac208
android.widget.TextView: 4.09
android.widget.TextView: 9
android.widget.TextView: 8 hours ago
android.widget.TextView: Update
android.widget.RelativeLayout@407ada18
android.widget.ImageView@407addf0
android.widget.TextView: Sunoco
android.widget.TextView: 2701 Knapp St & Voorhies Ave
android.widget.TextView: Brooklyn, NY
android.widget.TextView: 9.9 mi
android.widget.TableLayout@4074fa20
android.widget.TableRow@4074fff0
android.widget.RelativeLayout@407506b0
android.widget.RelativeLayout@40750a88
android.widget.TextView: --
android.widget.TextView: 9
android.widget.TextView: time
android.widget.TextView: Report Price
android.widget.RelativeLayout@40752298
android.widget.ImageView@40752670
android.widget.TextView: Singin
android.widget.TextView: 250 Broadway & 4th Ave
android.widget.TextView: Long Branch, NJ
android.widget.TextView: 9.93 mi
android.widget.TableLayout@4073f648
android.widget.TableRow@4073fc18
android.widget.RelativeLayout@40740298
android.widget.RelativeLayout@40740670
android.widget.TextView: --
android.widget.TextView: 9
android.widget.TextView: 8 hours ago
android.widget.TextView: Report Price
android.widget.RelativeLayout@40741e80
android.widget.ImageView@40742258
android.widget.TextView: Lukoil
android.widget.TextView: 570 Joline Ave & Branchport Ave
android.widget.TextView: Long Branch, NJ
android.widget.TextView: 9.97 mi
android.widget.TableLayout@40711568
android.widget.TableRow@40714998
android.widget.RelativeLayout@406fbdb8
android.widget.RelativeLayout@406fc190
android.widget.TextView: --
android.widget.TextView: 9
android.widget.TextView: Mon 11:02 AM
android.widget.TextView: Report Price
android.widget.RelativeLayout@4057d7b8
android.widget.ImageView@4057db78
android.widget.TextView: Getty
android.widget.TextView: 208 Branchport Ave & Joline Ave
android.widget.TextView: Long Branch, NJ
android.widget.TextView: 9.98 mi
android.widget.RelativeLayout@405bd090
android.widget.FrameLayout@405dacf0
android.widget.RelativeLayout@4059eae8
android.widget.LinearLayout@406574d8
android.view.View@405f3b70
android.widget.RelativeLayout@406bfb58
android.widget.TextView: Regular
android.view.View@406d8e70
android.view.View@405cdd68
android.widget.RelativeLayout@406db738
android.widget.TextView: Midgrade
android.view.View@407100c8
android.view.View@405f3910
android.widget.RelativeLayout@40711de0
android.widget.TextView: Premium
android.view.View@40661ef8
android.view.View@405f3a40
android.widget.RelativeLayout@40683820
android.widget.TextView: Diesel
android.view.View@4055c310
android.view.View@406499e0
android.view.View@40608440
android.widget.LinearLayout@40553618
android.widget.RelativeLayout@4056ebb8
android.widget.ImageView@40630828
android.widget.TextView: Reload
android.widget.RelativeLayout@40630f78
android.widget.ImageView@40632970
android.widget.TextView: Sort By Price
android.widget.RelativeLayout@40632ee0
android.widget.ImageView@4063d3e8
android.widget.TextView: Map View
android.view.View@40645df0
gbis.gbandroid.views.layouts.CustomListView@406420a0
android.widget.TableLayout@40711568
android.widget.TableRow@40714998
android.widget.RelativeLayout@406fbdb8
android.widget.RelativeLayout@406fc190
android.widget.TextView: --
android.widget.TextView: 9
android.widget.TextView: Mon 11:02 AM
android.widget.TextView: Report Price
android.widget.RelativeLayout@4057d7b8
android.widget.ImageView@4057db78
android.widget.TextView: Getty
android.widget.TextView: 208 Branchport Ave & Joline Ave
android.widget.TextView: Long Branch, NJ
android.widget.TextView: 9.98 mi
android.widget.TableLayout@40813010
android.widget.TableRow@408135e0
android.widget.RelativeLayout@40813ca0
android.widget.RelativeLayout@40814078
android.widget.TextView: 3.59
android.widget.TextView: 9
android.widget.TextView: 4 minutes ago
android.widget.TextView: Update
android.widget.RelativeLayout@40815888
android.widget.ImageView@40815c60
android.widget.TextView: CITGO
android.widget.TextView: 325 NJ-36 N & Central Ave
android.widget.TextView: Hazlet, NJ
android.widget.TextView: 10.04 mi
android.widget.TableLayout@40559d38
android.widget.TableRow@40527d80
android.widget.RelativeLayout@40517a08
android.widget.RelativeLayout@4054d398
android.widget.TextView: 4.09
android.widget.TextView: 9
android.widget.TextView: 7 hours ago
android.widget.TextView: Update
android.widget.RelativeLayout@405506c8
android.widget.ImageView@4050bfc8
android.widget.TextView: Liberty
android.widget.TextView: 2965 86th St & McDonald Ave
android.widget.TextView: Brooklyn, NY
android.widget.TextView: 10.05 mi
android.widget.TableLayout@405b7c98
android.widget.TableRow@4059b8f0
android.widget.RelativeLayout@4055fc60
android.widget.RelativeLayout@40585130
android.widget.TextView: 3.72
android.widget.TextView: 9
android.widget.TextView: 7 hours ago
android.widget.TextView: Update
android.widget.RelativeLayout@4058b2b0
android.widget.ImageView@40552e88
android.widget.TextView: Exxon
android.widget.TextView: 2122 NJ-35 S  & S Laurel Ave
android.widget.TextView: Holmdel, NJ
android.widget.TextView: 10.1 mi
android.widget.TableLayout@405ca9a8
android.widget.TableRow@405ec7f0
android.widget.RelativeLayout@405a2cb0
android.widget.RelativeLayout@405b78b8
android.widget.TextView: --
android.widget.TextView: 9
android.widget.TextView: time
android.widget.TextView: Report Price
android.widget.RelativeLayout@405cad20
android.widget.ImageView@40589f50
android.widget.TextView: Lukoil
android.widget.TextView: 590 Shrewsbury Ave & Executive Dr
android.widget.TextView: Tinton Falls, NJ
android.widget.TextView: 10.15 mi
android.widget.RelativeLayout@405bd090
