emulator-5566
D/umd.troyd(31957): got command getViews
D/umd.troyd(31957): android.widget.FrameLayout@406ab6c8: 16908290 (0)
D/umd.troyd(31957): android.widget.RelativeLayout@406ac108: 2131558603 (1)
D/umd.troyd(31957): android.widget.LinearLayout@406ac540: -1 (2)
D/umd.troyd(31957): com.walmart.android.ui.ViewStackLayout@406aca90: 2131558797 (3)
D/umd.troyd(31957): android.widget.RelativeLayout@406bd750: -1 (4)
D/umd.troyd(31957): android.widget.RelativeLayout@406bdcb8: 2131558790 (5)
D/umd.troyd(31957): android.widget.LinearLayout@406be838: 2131558790 (6)
D/umd.troyd(31957): android.widget.RelativeLayout@406bf018: -1 (7)
D/umd.troyd(31957): android.widget.Button:  (8)
D/umd.troyd(31957): android.widget.TextView: Search a location (9)
D/umd.troyd(31957): android.widget.Button:  (10)
D/umd.troyd(31957): android.widget.Button:  (11)
D/umd.troyd(31957): android.widget.Button:  (12)
D/umd.troyd(31957): android.widget.RelativeLayout@406c38d0: 2131558791 (13)
D/umd.troyd(31957): com.walmart.android.storelocator.StoreMapView@406c4b68: 2131558792 (14)
D/umd.troyd(31957): android.widget.ListView@40747ad8: 2131558521 (15)
D/umd.troyd(31957): android.widget.LinearLayout@407e83c8: -1 (16)
D/umd.troyd(31957): android.widget.RelativeLayout@407eace8: -1 (17)
D/umd.troyd(31957): android.widget.RelativeLayout@407ec438: -1 (18)
D/umd.troyd(31957): android.widget.TextView: Walmart Store (19)
D/umd.troyd(31957): android.widget.TextView: 1365 Boston Post Rd (20)
D/umd.troyd(31957): android.widget.TextView: Milford, CT 06460 (21)
D/umd.troyd(31957): android.widget.RelativeLayout@407f3600: -1 (22)
D/umd.troyd(31957): android.widget.LinearLayout@407f3758: 2131558801 (23)
D/umd.troyd(31957): android.widget.TextView: 5.32 (24)
D/umd.troyd(31957): android.widget.TextView: miles (25)
D/umd.troyd(31957): android.widget.TextView:  (26)
D/umd.troyd(31957): android.widget.ImageView@40708048: 2131558517 (27)
D/umd.troyd(31957): android.widget.LinearLayout@40743a48: -1 (28)
D/umd.troyd(31957): android.widget.RelativeLayout@40692f70: -1 (29)
D/umd.troyd(31957): android.widget.RelativeLayout@40691b60: -1 (30)
D/umd.troyd(31957): android.widget.TextView: Walmart Store (31)
D/umd.troyd(31957): android.widget.TextView: 515 Saw Mill Rd (32)
D/umd.troyd(31957): android.widget.TextView: West Haven, CT 06516 (33)
D/umd.troyd(31957): android.widget.RelativeLayout@407571b0: -1 (34)
D/umd.troyd(31957): android.widget.LinearLayout@4075ce40: 2131558801 (35)
D/umd.troyd(31957): android.widget.TextView: 6.30 (36)
D/umd.troyd(31957): android.widget.TextView: miles (37)
D/umd.troyd(31957): android.widget.TextView:  (38)
D/umd.troyd(31957): android.widget.ImageView@407107d0: 2131558517 (39)
D/umd.troyd(31957): android.widget.LinearLayout@406af0a0: -1 (40)
D/umd.troyd(31957): android.widget.RelativeLayout@406b0aa8: -1 (41)
D/umd.troyd(31957): android.widget.RelativeLayout@406be030: -1 (42)
D/umd.troyd(31957): android.widget.TextView: Walmart Store (43)
D/umd.troyd(31957): android.widget.TextView: 150 Barnum Avenue Cutoff (44)
D/umd.troyd(31957): android.widget.TextView: Stratford, CT 06614 (45)
D/umd.troyd(31957): android.widget.RelativeLayout@4073ca28: -1 (46)
D/umd.troyd(31957): android.widget.LinearLayout@4073cc60: 2131558801 (47)
D/umd.troyd(31957): android.widget.TextView: 7.16 (48)
D/umd.troyd(31957): android.widget.TextView: miles (49)
D/umd.troyd(31957): android.widget.TextView:  (50)
D/umd.troyd(31957): android.widget.ImageView@40690060: 2131558517 (51)
D/umd.troyd(31957): android.widget.LinearLayout@407283a8: -1 (52)
D/umd.troyd(31957): android.widget.RelativeLayout@4075a0b0: -1 (53)
D/umd.troyd(31957): android.widget.RelativeLayout@4075a2c8: -1 (54)
D/umd.troyd(31957): android.widget.TextView: Walmart Store (55)
D/umd.troyd(31957): android.widget.TextView: 120 Commercial Pkwy (56)
D/umd.troyd(31957): android.widget.TextView: Branford, CT 06405 (57)
D/umd.troyd(31957): android.widget.RelativeLayout@407cc0d0: -1 (58)
D/umd.troyd(31957): android.widget.LinearLayout@40558410: 2131558801 (59)
D/umd.troyd(31957): android.widget.TextView: 9.16 (60)
D/umd.troyd(31957): android.widget.TextView: miles (61)
D/umd.troyd(31957): android.widget.TextView:  (62)
D/umd.troyd(31957): android.widget.ImageView@406aa6b8: 2131558517 (63)
D/umd.troyd(31957): android.widget.LinearLayout@407522b8: -1 (64)
D/umd.troyd(31957): android.widget.RelativeLayout@40752470: -1 (65)
D/umd.troyd(31957): android.widget.RelativeLayout@40626420: -1 (66)
D/umd.troyd(31957): android.widget.TextView: Walmart Store (67)
D/umd.troyd(31957): android.widget.TextView: 656 New Haven Ave (68)
D/umd.troyd(31957): android.widget.TextView: Derby, CT 06418 (69)
D/umd.troyd(31957): android.widget.RelativeLayout@4069b8c8: -1 (70)
D/umd.troyd(31957): android.widget.LinearLayout@4069bc00: 2131558801 (71)
D/umd.troyd(31957): android.widget.TextView: 9.68 (72)
D/umd.troyd(31957): android.widget.TextView: miles (73)
D/umd.troyd(31957): android.widget.TextView:  (74)
D/umd.troyd(31957): android.widget.ImageView@40701fe8: 2131558517 (75)
D/umd.troyd(31957): android.widget.LinearLayout@4070eab8: -1 (76)
D/umd.troyd(31957): android.widget.RelativeLayout@407154f8: -1 (77)
D/umd.troyd(31957): android.widget.RelativeLayout@40715750: -1 (78)
D/umd.troyd(31957): android.widget.TextView: Walmart Supercenter (79)
D/umd.troyd(31957): android.widget.TextView: 315 Foxon Blvd (80)
D/umd.troyd(31957): android.widget.TextView: New Haven, CT 06513 (81)
D/umd.troyd(31957): android.widget.RelativeLayout@40721b38: -1 (82)
D/umd.troyd(31957): android.widget.LinearLayout@40721e18: 2131558801 (83)
D/umd.troyd(31957): android.widget.TextView: 10.03 (84)
D/umd.troyd(31957): android.widget.TextView: miles (85)
D/umd.troyd(31957): android.widget.TextView:  (86)
D/umd.troyd(31957): android.widget.ImageView@40786668: 2131558517 (87)
D/umd.troyd(31957): android.widget.RelativeLayout@406aebc0: 2131558541 (88)
D/umd.troyd(31957): android.widget.GridView@406af738: 2131558824 (89)
D/umd.troyd(31957): android.widget.LinearLayout@406b08b8: 2131558538 (90)
D/umd.troyd(31957): android.widget.RelativeLayout@406b12b0: 2131558818 (91)
D/umd.troyd(31957): android.widget.ImageButton@406b1c00: 2131558819 (92)
D/umd.troyd(31957): android.widget.RelativeLayout@406b2118: -1 (93)
D/umd.troyd(31957): android.widget.ImageView@406b2508: 2131558820 (94)
D/umd.troyd(31957): android.widget.TextView: Stores (95)
D/umd.troyd(31957): android.widget.RelativeLayout@406b3410: -1 (96)
D/umd.troyd(31957): android.widget.Button:  (97)
D/umd.troyd(31957): android.widget.ImageView@406b3f80: 2131558823 (98)
D/umd.troyd(31957): android.widget.LinearLayout@406b4210: 2131558542 (99)
D/umd.troyd(31957): got command getViews
D/umd.troyd(31957): android.widget.FrameLayout@406ab6c8: 16908290 (0)
D/umd.troyd(31957): android.widget.RelativeLayout@406ac108: 2131558603 (1)
D/umd.troyd(31957): android.widget.LinearLayout@406ac540: -1 (2)
D/umd.troyd(31957): com.walmart.android.ui.ViewStackLayout@406aca90: 2131558797 (3)
D/umd.troyd(31957): android.widget.RelativeLayout@406bd750: -1 (4)
D/umd.troyd(31957): android.widget.RelativeLayout@406bdcb8: 2131558790 (5)
D/umd.troyd(31957): android.widget.LinearLayout@406be838: 2131558790 (6)
D/umd.troyd(31957): android.widget.RelativeLayout@406bf018: -1 (7)
D/umd.troyd(31957): android.widget.Button:  (8)
D/umd.troyd(31957): android.widget.TextView: Search a location (9)
D/umd.troyd(31957): android.widget.Button:  (10)
D/umd.troyd(31957): android.widget.Button:  (11)
D/umd.troyd(31957): android.widget.Button:  (12)
D/umd.troyd(31957): android.widget.RelativeLayout@406c38d0: 2131558791 (13)
D/umd.troyd(31957): com.walmart.android.storelocator.StoreMapView@406c4b68: 2131558792 (14)
D/umd.troyd(31957): android.widget.ListView@40747ad8: 2131558521 (15)
D/umd.troyd(31957): android.widget.LinearLayout@4070eab8: -1 (16)
D/umd.troyd(31957): android.widget.RelativeLayout@407154f8: -1 (17)
D/umd.troyd(31957): android.widget.RelativeLayout@40715750: -1 (18)
D/umd.troyd(31957): android.widget.TextView: Walmart Supercenter (19)
D/umd.troyd(31957): android.widget.TextView: 315 Foxon Blvd (20)
D/umd.troyd(31957): android.widget.TextView: New Haven, CT 06513 (21)
D/umd.troyd(31957): android.widget.RelativeLayout@40721b38: -1 (22)
D/umd.troyd(31957): android.widget.LinearLayout@40721e18: 2131558801 (23)
D/umd.troyd(31957): android.widget.TextView: 10.03 (24)
D/umd.troyd(31957): android.widget.TextView: miles (25)
D/umd.troyd(31957): android.widget.TextView:  (26)
D/umd.troyd(31957): android.widget.ImageView@40786668: 2131558517 (27)
D/umd.troyd(31957): android.widget.LinearLayout@405a45c8: -1 (28)
D/umd.troyd(31957): android.widget.RelativeLayout@405a47b8: -1 (29)
D/umd.troyd(31957): android.widget.RelativeLayout@405a4b60: -1 (30)
D/umd.troyd(31957): android.widget.TextView: Walmart Store (31)
D/umd.troyd(31957): android.widget.TextView: 465 Bridgeport Ave (32)
D/umd.troyd(31957): android.widget.TextView: Shelton, CT 06484 (33)
D/umd.troyd(31957): android.widget.RelativeLayout@405a5e70: -1 (34)
D/umd.troyd(31957): android.widget.LinearLayout@405a6280: 2131558801 (35)
D/umd.troyd(31957): android.widget.TextView: 10.09 (36)
D/umd.troyd(31957): android.widget.TextView: miles (37)
D/umd.troyd(31957): android.widget.TextView:  (38)
D/umd.troyd(31957): android.widget.ImageView@405a7338: 2131558517 (39)
D/umd.troyd(31957): android.widget.LinearLayout@405a8dc0: -1 (40)
D/umd.troyd(31957): android.widget.RelativeLayout@405a8fb0: -1 (41)
D/umd.troyd(31957): android.widget.RelativeLayout@405a9358: -1 (42)
D/umd.troyd(31957): android.widget.TextView: Walmart Store (43)
D/umd.troyd(31957): android.widget.TextView: 2300 Dixwell Ave (44)
D/umd.troyd(31957): android.widget.TextView: Hamden, CT 06514 (45)
D/umd.troyd(31957): android.widget.RelativeLayout@405aa668: -1 (46)
D/umd.troyd(31957): android.widget.LinearLayout@405aaa78: 2131558801 (47)
D/umd.troyd(31957): android.widget.TextView: 12.63 (48)
D/umd.troyd(31957): android.widget.TextView: miles (49)
D/umd.troyd(31957): android.widget.TextView:  (50)
D/umd.troyd(31957): android.widget.ImageView@405abb30: 2131558517 (51)
D/umd.troyd(31957): android.widget.LinearLayout@405ad5b8: -1 (52)
D/umd.troyd(31957): android.widget.RelativeLayout@405ad7a8: -1 (53)
D/umd.troyd(31957): android.widget.RelativeLayout@405adb50: -1 (54)
D/umd.troyd(31957): android.widget.TextView: Walmart Store (55)
D/umd.troyd(31957): android.widget.TextView: 900 Boston Post Rd (56)
D/umd.troyd(31957): android.widget.TextView: Guilford, CT 06437 (57)
D/umd.troyd(31957): android.widget.RelativeLayout@407b6498: -1 (58)
D/umd.troyd(31957): android.widget.LinearLayout@407b6890: 2131558801 (59)
D/umd.troyd(31957): android.widget.TextView: 14.94 (60)
D/umd.troyd(31957): android.widget.TextView: miles (61)
D/umd.troyd(31957): android.widget.TextView:  (62)
D/umd.troyd(31957): android.widget.ImageView@407b7948: 2131558517 (63)
D/umd.troyd(31957): android.widget.LinearLayout@407b93d0: -1 (64)
D/umd.troyd(31957): android.widget.RelativeLayout@407b95c0: -1 (65)
D/umd.troyd(31957): android.widget.RelativeLayout@407b9968: -1 (66)
D/umd.troyd(31957): android.widget.TextView: Walmart Store (67)
D/umd.troyd(31957): android.widget.TextView: 3990 Nesconset Hwy (68)
D/umd.troyd(31957): android.widget.TextView: East Setauket, NY 11733 (69)
D/umd.troyd(31957): android.widget.RelativeLayout@407bac78: -1 (70)
D/umd.troyd(31957): android.widget.LinearLayout@407bb088: 2131558801 (71)
D/umd.troyd(31957): android.widget.TextView: 16.60 (72)
D/umd.troyd(31957): android.widget.TextView: miles (73)
D/umd.troyd(31957): android.widget.TextView:  (74)
D/umd.troyd(31957): android.widget.ImageView@407bc140: 2131558517 (75)
D/umd.troyd(31957): android.widget.LinearLayout@407bdbd8: -1 (76)
D/umd.troyd(31957): android.widget.RelativeLayout@407bddc8: -1 (77)
D/umd.troyd(31957): android.widget.RelativeLayout@407be170: -1 (78)
D/umd.troyd(31957): android.widget.TextView: Walmart Store (79)
D/umd.troyd(31957): android.widget.TextView: 750 Middle Country Rd (80)
D/umd.troyd(31957): android.widget.TextView: Middle Island, NY 11953 (81)
D/umd.troyd(31957): android.widget.RelativeLayout@407bf480: -1 (82)
D/umd.troyd(31957): android.widget.LinearLayout@407bf890: 2131558801 (83)
D/umd.troyd(31957): android.widget.TextView: 17.17 (84)
D/umd.troyd(31957): android.widget.TextView: miles (85)
D/umd.troyd(31957): android.widget.TextView:  (86)
D/umd.troyd(31957): android.widget.ImageView@407c0948: 2131558517 (87)
D/umd.troyd(31957): android.widget.RelativeLayout@406aebc0: 2131558541 (88)
D/umd.troyd(31957): android.widget.GridView@406af738: 2131558824 (89)
D/umd.troyd(31957): android.widget.LinearLayout@406b08b8: 2131558538 (90)
D/umd.troyd(31957): android.widget.RelativeLayout@406b12b0: 2131558818 (91)
D/umd.troyd(31957): android.widget.ImageButton@406b1c00: 2131558819 (92)
D/umd.troyd(31957): android.widget.RelativeLayout@406b2118: -1 (93)
D/umd.troyd(31957): android.widget.ImageView@406b2508: 2131558820 (94)
D/umd.troyd(31957): android.widget.TextView: Stores (95)
D/umd.troyd(31957): android.widget.RelativeLayout@406b3410: -1 (96)
D/umd.troyd(31957): android.widget.Button:  (97)
D/umd.troyd(31957): android.widget.ImageView@406b3f80: 2131558823 (98)
D/umd.troyd(31957): android.widget.LinearLayout@406b4210: 2131558542 (99)
D/umd.troyd(31957): got command getViews
D/umd.troyd(31957): android.widget.FrameLayout@406ab6c8: 16908290 (0)
D/umd.troyd(31957): android.widget.RelativeLayout@406ac108: 2131558603 (1)
D/umd.troyd(31957): android.widget.LinearLayout@406ac540: -1 (2)
D/umd.troyd(31957): com.walmart.android.ui.ViewStackLayout@406aca90: 2131558797 (3)
D/umd.troyd(31957): android.widget.RelativeLayout@406bd750: -1 (4)
D/umd.troyd(31957): android.widget.RelativeLayout@406bdcb8: 2131558790 (5)
D/umd.troyd(31957): android.widget.LinearLayout@406be838: 2131558790 (6)
D/umd.troyd(31957): android.widget.RelativeLayout@406bf018: -1 (7)
D/umd.troyd(31957): android.widget.Button:  (8)
D/umd.troyd(31957): android.widget.TextView: Search a location (9)
D/umd.troyd(31957): android.widget.Button:  (10)
D/umd.troyd(31957): android.widget.Button:  (11)
D/umd.troyd(31957): android.widget.Button:  (12)
D/umd.troyd(31957): android.widget.RelativeLayout@406c38d0: 2131558791 (13)
D/umd.troyd(31957): com.walmart.android.storelocator.StoreMapView@406c4b68: 2131558792 (14)
D/umd.troyd(31957): android.widget.ListView@40747ad8: 2131558521 (15)
D/umd.troyd(31957): android.widget.LinearLayout@407bdbd8: -1 (16)
D/umd.troyd(31957): android.widget.RelativeLayout@407bddc8: -1 (17)
D/umd.troyd(31957): android.widget.RelativeLayout@407be170: -1 (18)
D/umd.troyd(31957): android.widget.TextView: Walmart Store (19)
D/umd.troyd(31957): android.widget.TextView: 750 Middle Country Rd (20)
D/umd.troyd(31957): android.widget.TextView: Middle Island, NY 11953 (21)
D/umd.troyd(31957): android.widget.RelativeLayout@407bf480: -1 (22)
D/umd.troyd(31957): android.widget.LinearLayout@407bf890: 2131558801 (23)
D/umd.troyd(31957): android.widget.TextView: 17.17 (24)
D/umd.troyd(31957): android.widget.TextView: miles (25)
D/umd.troyd(31957): android.widget.TextView:  (26)
D/umd.troyd(31957): android.widget.ImageView@407c0948: 2131558517 (27)
D/umd.troyd(31957): android.widget.LinearLayout@407e83c8: -1 (28)
D/umd.troyd(31957): android.widget.RelativeLayout@407eace8: -1 (29)
D/umd.troyd(31957): android.widget.RelativeLayout@407ec438: -1 (30)
D/umd.troyd(31957): android.widget.TextView: Walmart Store (31)
D/umd.troyd(31957): android.widget.TextView: 1100 New Haven Rd (32)
D/umd.troyd(31957): android.widget.TextView: Naugatuck, CT 06770 (33)
D/umd.troyd(31957): android.widget.RelativeLayout@407f3600: -1 (34)
D/umd.troyd(31957): android.widget.LinearLayout@407f3758: 2131558801 (35)
D/umd.troyd(31957): android.widget.TextView: 18.49 (36)
D/umd.troyd(31957): android.widget.TextView: miles (37)
D/umd.troyd(31957): android.widget.TextView:  (38)
D/umd.troyd(31957): android.widget.ImageView@40708048: 2131558517 (39)
D/umd.troyd(31957): android.widget.LinearLayout@40743a48: -1 (40)
D/umd.troyd(31957): android.widget.RelativeLayout@40692f70: -1 (41)
D/umd.troyd(31957): android.widget.RelativeLayout@40691b60: -1 (42)
D/umd.troyd(31957): android.widget.TextView: Walmart Store (43)
D/umd.troyd(31957): android.widget.TextView: 161 Centereach Mall (44)
D/umd.troyd(31957): android.widget.TextView: Centereach, NY 11720 (45)
D/umd.troyd(31957): android.widget.RelativeLayout@407571b0: -1 (46)
D/umd.troyd(31957): android.widget.LinearLayout@4075ce40: 2131558801 (47)
D/umd.troyd(31957): android.widget.TextView: 18.92 (48)
D/umd.troyd(31957): android.widget.TextView: miles (49)
D/umd.troyd(31957): android.widget.TextView:  (50)
D/umd.troyd(31957): android.widget.ImageView@407107d0: 2131558517 (51)
D/umd.troyd(31957): android.widget.LinearLayout@406af0a0: -1 (52)
D/umd.troyd(31957): android.widget.RelativeLayout@406b0aa8: -1 (53)
D/umd.troyd(31957): android.widget.RelativeLayout@406be030: -1 (54)
D/umd.troyd(31957): android.widget.TextView: Walmart Store (55)
D/umd.troyd(31957): android.widget.TextView: 765 Old Country Rd (56)
D/umd.troyd(31957): android.widget.TextView: Riverhead, NY 11901 (57)
D/umd.troyd(31957): android.widget.RelativeLayout@4073ca28: -1 (58)
D/umd.troyd(31957): android.widget.LinearLayout@4073cc60: 2131558801 (59)
D/umd.troyd(31957): android.widget.TextView: 19.48 (60)
D/umd.troyd(31957): android.widget.TextView: miles (61)
D/umd.troyd(31957): android.widget.TextView:  (62)
D/umd.troyd(31957): android.widget.ImageView@40690060: 2131558517 (63)
D/umd.troyd(31957): android.widget.LinearLayout@407283a8: -1 (64)
D/umd.troyd(31957): android.widget.RelativeLayout@4075a0b0: -1 (65)
D/umd.troyd(31957): android.widget.RelativeLayout@4075a2c8: -1 (66)
D/umd.troyd(31957): android.widget.TextView: Walmart Supercenter (67)
D/umd.troyd(31957): android.widget.TextView: 844 N Colony Rd (68)
D/umd.troyd(31957): android.widget.TextView: Wallingford, CT 06492 (69)
D/umd.troyd(31957): android.widget.RelativeLayout@407cc0d0: -1 (70)
D/umd.troyd(31957): android.widget.LinearLayout@40558410: 2131558801 (71)
D/umd.troyd(31957): android.widget.TextView: 19.91 (72)
D/umd.troyd(31957): android.widget.TextView: miles (73)
D/umd.troyd(31957): android.widget.TextView:  (74)
D/umd.troyd(31957): android.widget.ImageView@406aa6b8: 2131558517 (75)
D/umd.troyd(31957): android.widget.LinearLayout@407522b8: -1 (76)
D/umd.troyd(31957): android.widget.RelativeLayout@40752470: -1 (77)
D/umd.troyd(31957): android.widget.RelativeLayout@40626420: -1 (78)
D/umd.troyd(31957): android.widget.TextView: Walmart Store (79)
D/umd.troyd(31957): android.widget.TextView: 650 Main Ave (80)
D/umd.troyd(31957): android.widget.TextView: Norwalk, CT 06851 (81)
D/umd.troyd(31957): android.widget.RelativeLayout@4069b8c8: -1 (82)
D/umd.troyd(31957): android.widget.LinearLayout@4069bc00: 2131558801 (83)
D/umd.troyd(31957): android.widget.TextView: 20.51 (84)
D/umd.troyd(31957): android.widget.TextView: miles (85)
D/umd.troyd(31957): android.widget.TextView:  (86)
D/umd.troyd(31957): android.widget.ImageView@40701fe8: 2131558517 (87)
D/umd.troyd(31957): android.widget.RelativeLayout@406aebc0: 2131558541 (88)
D/umd.troyd(31957): android.widget.GridView@406af738: 2131558824 (89)
D/umd.troyd(31957): android.widget.LinearLayout@406b08b8: 2131558538 (90)
D/umd.troyd(31957): android.widget.RelativeLayout@406b12b0: 2131558818 (91)
D/umd.troyd(31957): android.widget.ImageButton@406b1c00: 2131558819 (92)
D/umd.troyd(31957): android.widget.RelativeLayout@406b2118: -1 (93)
D/umd.troyd(31957): android.widget.ImageView@406b2508: 2131558820 (94)
D/umd.troyd(31957): android.widget.TextView: Stores (95)
D/umd.troyd(31957): android.widget.RelativeLayout@406b3410: -1 (96)
D/umd.troyd(31957): android.widget.Button:  (97)
D/umd.troyd(31957): android.widget.ImageView@406b3f80: 2131558823 (98)
D/umd.troyd(31957): android.widget.LinearLayout@406b4210: 2131558542 (99)
D/umd.troyd(31957): got command getViews
D/umd.troyd(31957): android.widget.FrameLayout@406ab6c8: 16908290 (0)
D/umd.troyd(31957): android.widget.RelativeLayout@406ac108: 2131558603 (1)
D/umd.troyd(31957): android.widget.LinearLayout@406ac540: -1 (2)
D/umd.troyd(31957): com.walmart.android.ui.ViewStackLayout@406aca90: 2131558797 (3)
D/umd.troyd(31957): android.widget.RelativeLayout@406bd750: -1 (4)
D/umd.troyd(31957): android.widget.RelativeLayout@406bdcb8: 2131558790 (5)
D/umd.troyd(31957): android.widget.LinearLayout@406be838: 2131558790 (6)
D/umd.troyd(31957): android.widget.RelativeLayout@406bf018: -1 (7)
D/umd.troyd(31957): android.widget.Button:  (8)
D/umd.troyd(31957): android.widget.TextView: Search a location (9)
D/umd.troyd(31957): android.widget.Button:  (10)
D/umd.troyd(31957): android.widget.Button:  (11)
D/umd.troyd(31957): android.widget.Button:  (12)
D/umd.troyd(31957): android.widget.RelativeLayout@406c38d0: 2131558791 (13)
D/umd.troyd(31957): com.walmart.android.storelocator.StoreMapView@406c4b68: 2131558792 (14)
D/umd.troyd(31957): android.widget.ListView@40747ad8: 2131558521 (15)
D/umd.troyd(31957): android.widget.LinearLayout@407522b8: -1 (16)
D/umd.troyd(31957): android.widget.RelativeLayout@40752470: -1 (17)
D/umd.troyd(31957): android.widget.RelativeLayout@40626420: -1 (18)
D/umd.troyd(31957): android.widget.TextView: Walmart Store (19)
D/umd.troyd(31957): android.widget.TextView: 650 Main Ave (20)
D/umd.troyd(31957): android.widget.TextView: Norwalk, CT 06851 (21)
D/umd.troyd(31957): android.widget.RelativeLayout@4069b8c8: -1 (22)
D/umd.troyd(31957): android.widget.LinearLayout@4069bc00: 2131558801 (23)
D/umd.troyd(31957): android.widget.TextView: 20.51 (24)
D/umd.troyd(31957): android.widget.TextView: miles (25)
D/umd.troyd(31957): android.widget.TextView:  (26)
D/umd.troyd(31957): android.widget.ImageView@40701fe8: 2131558517 (27)
D/umd.troyd(31957): android.widget.LinearLayout@4070eab8: -1 (28)
D/umd.troyd(31957): android.widget.RelativeLayout@407154f8: -1 (29)
D/umd.troyd(31957): android.widget.RelativeLayout@40715750: -1 (30)
D/umd.troyd(31957): android.widget.TextView: Walmart Store (31)
D/umd.troyd(31957): android.widget.TextView: 680 Connecticut Ave (32)
D/umd.troyd(31957): android.widget.TextView: Norwalk, CT 06854 (33)
D/umd.troyd(31957): android.widget.RelativeLayout@40721b38: -1 (34)
D/umd.troyd(31957): android.widget.LinearLayout@40721e18: 2131558801 (35)
D/umd.troyd(31957): android.widget.TextView: 22.29 (36)
D/umd.troyd(31957): android.widget.TextView: miles (37)
D/umd.troyd(31957): android.widget.TextView:  (38)
D/umd.troyd(31957): android.widget.ImageView@40786668: 2131558517 (39)
D/umd.troyd(31957): android.widget.LinearLayout@405a45c8: -1 (40)
D/umd.troyd(31957): android.widget.RelativeLayout@405a47b8: -1 (41)
D/umd.troyd(31957): android.widget.RelativeLayout@405a4b60: -1 (42)
D/umd.troyd(31957): android.widget.TextView: Walmart Store (43)
D/umd.troyd(31957): android.widget.TextView: 1850 Veterans Hwy (44)
D/umd.troyd(31957): android.widget.TextView: Islandia, NY 11749 (45)
D/umd.troyd(31957): android.widget.RelativeLayout@405a5e70: -1 (46)
D/umd.troyd(31957): android.widget.LinearLayout@405a6280: 2131558801 (47)
D/umd.troyd(31957): android.widget.TextView: 23.73 (48)
D/umd.troyd(31957): android.widget.TextView: miles (49)
D/umd.troyd(31957): android.widget.TextView:  (50)
D/umd.troyd(31957): android.widget.ImageView@405a7338: 2131558517 (51)
D/umd.troyd(31957): android.widget.LinearLayout@405a8dc0: -1 (52)
D/umd.troyd(31957): android.widget.RelativeLayout@405a8fb0: -1 (53)
D/umd.troyd(31957): android.widget.RelativeLayout@405a9358: -1 (54)
D/umd.troyd(31957): android.widget.TextView: Walmart Store (55)
D/umd.troyd(31957): android.widget.TextView: 910 Wolcott St (56)
D/umd.troyd(31957): android.widget.TextView: Waterbury, CT 06705 (57)
D/umd.troyd(31957): android.widget.RelativeLayout@405aa668: -1 (58)
D/umd.troyd(31957): android.widget.LinearLayout@405aaa78: 2131558801 (59)
D/umd.troyd(31957): android.widget.TextView: 24.02 (60)
D/umd.troyd(31957): android.widget.TextView: miles (61)
D/umd.troyd(31957): android.widget.TextView:  (62)
D/umd.troyd(31957): android.widget.ImageView@405abb30: 2131558517 (63)
D/umd.troyd(31957): android.widget.LinearLayout@405ad5b8: -1 (64)
D/umd.troyd(31957): android.widget.RelativeLayout@405ad7a8: -1 (65)
D/umd.troyd(31957): android.widget.RelativeLayout@405adb50: -1 (66)
D/umd.troyd(31957): android.widget.TextView: Walmart Store (67)
D/umd.troyd(31957): android.widget.TextView: 67 Newtown Rd (68)
D/umd.troyd(31957): android.widget.TextView: Danbury, CT 06810 (69)
D/umd.troyd(31957): android.widget.RelativeLayout@407b6498: -1 (70)
D/umd.troyd(31957): android.widget.LinearLayout@407b6890: 2131558801 (71)
D/umd.troyd(31957): android.widget.TextView: 25.01 (72)
D/umd.troyd(31957): android.widget.TextView: miles (73)
D/umd.troyd(31957): android.widget.TextView:  (74)
D/umd.troyd(31957): android.widget.ImageView@407b7948: 2131558517 (75)
D/umd.troyd(31957): android.widget.LinearLayout@407b93d0: -1 (76)
D/umd.troyd(31957): android.widget.RelativeLayout@407b95c0: -1 (77)
D/umd.troyd(31957): android.widget.RelativeLayout@407b9968: -1 (78)
D/umd.troyd(31957): android.widget.TextView: Walmart Store (79)
D/umd.troyd(31957): android.widget.TextView: 85 Crooked Hill Rd (80)
D/umd.troyd(31957): android.widget.TextView: Commack, NY 11725 (81)
D/umd.troyd(31957): android.widget.RelativeLayout@407bac78: -1 (82)
D/umd.troyd(31957): android.widget.LinearLayout@407bb088: 2131558801 (83)
D/umd.troyd(31957): android.widget.TextView: 25.82 (84)
D/umd.troyd(31957): android.widget.TextView: miles (85)
D/umd.troyd(31957): android.widget.TextView:  (86)
D/umd.troyd(31957): android.widget.ImageView@407bc140: 2131558517 (87)
D/umd.troyd(31957): android.widget.RelativeLayout@406aebc0: 2131558541 (88)
D/umd.troyd(31957): android.widget.GridView@406af738: 2131558824 (89)
D/umd.troyd(31957): android.widget.LinearLayout@406b08b8: 2131558538 (90)
D/umd.troyd(31957): android.widget.RelativeLayout@406b12b0: 2131558818 (91)
D/umd.troyd(31957): android.widget.ImageButton@406b1c00: 2131558819 (92)
D/umd.troyd(31957): android.widget.RelativeLayout@406b2118: -1 (93)
D/umd.troyd(31957): android.widget.ImageView@406b2508: 2131558820 (94)
D/umd.troyd(31957): android.widget.TextView: Stores (95)
D/umd.troyd(31957): android.widget.RelativeLayout@406b3410: -1 (96)
D/umd.troyd(31957): android.widget.Button:  (97)
D/umd.troyd(31957): android.widget.ImageView@406b3f80: 2131558823 (98)
D/umd.troyd(31957): android.widget.LinearLayout@406b4210: 2131558542 (99)
D/umd.troyd(31957): got command getViews
D/umd.troyd(31957): android.widget.FrameLayout@406ab6c8: 16908290 (0)
D/umd.troyd(31957): android.widget.RelativeLayout@406ac108: 2131558603 (1)
D/umd.troyd(31957): android.widget.LinearLayout@406ac540: -1 (2)
D/umd.troyd(31957): com.walmart.android.ui.ViewStackLayout@406aca90: 2131558797 (3)
D/umd.troyd(31957): android.widget.RelativeLayout@406bd750: -1 (4)
D/umd.troyd(31957): android.widget.RelativeLayout@406bdcb8: 2131558790 (5)
D/umd.troyd(31957): android.widget.LinearLayout@406be838: 2131558790 (6)
D/umd.troyd(31957): android.widget.RelativeLayout@406bf018: -1 (7)
D/umd.troyd(31957): android.widget.Button:  (8)
D/umd.troyd(31957): android.widget.TextView: Search a location (9)
D/umd.troyd(31957): android.widget.Button:  (10)
D/umd.troyd(31957): android.widget.Button:  (11)
D/umd.troyd(31957): android.widget.Button:  (12)
D/umd.troyd(31957): android.widget.RelativeLayout@406c38d0: 2131558791 (13)
D/umd.troyd(31957): com.walmart.android.storelocator.StoreMapView@406c4b68: 2131558792 (14)
D/umd.troyd(31957): android.widget.ListView@40747ad8: 2131558521 (15)
D/umd.troyd(31957): android.widget.LinearLayout@407b93d0: -1 (16)
D/umd.troyd(31957): android.widget.RelativeLayout@407b95c0: -1 (17)
D/umd.troyd(31957): android.widget.RelativeLayout@407b9968: -1 (18)
D/umd.troyd(31957): android.widget.TextView: Walmart Store (19)
D/umd.troyd(31957): android.widget.TextView: 85 Crooked Hill Rd (20)
D/umd.troyd(31957): android.widget.TextView: Commack, NY 11725 (21)
D/umd.troyd(31957): android.widget.RelativeLayout@407bac78: -1 (22)
D/umd.troyd(31957): android.widget.LinearLayout@407bb088: 2131558801 (23)
D/umd.troyd(31957): android.widget.TextView: 25.82 (24)
D/umd.troyd(31957): android.widget.TextView: miles (25)
D/umd.troyd(31957): android.widget.TextView:  (26)
D/umd.troyd(31957): android.widget.ImageView@407bc140: 2131558517 (27)
D/umd.troyd(31957): android.widget.LinearLayout@407bdbd8: -1 (28)
D/umd.troyd(31957): android.widget.RelativeLayout@407bddc8: -1 (29)
D/umd.troyd(31957): android.widget.RelativeLayout@407be170: -1 (30)
D/umd.troyd(31957): android.widget.TextView: Walmart Store (31)
D/umd.troyd(31957): android.widget.TextView: 665 Boston Post Rd (32)
D/umd.troyd(31957): android.widget.TextView: Old Saybrook, CT 06475 (33)
D/umd.troyd(31957): android.widget.RelativeLayout@407bf480: -1 (34)
D/umd.troyd(31957): android.widget.LinearLayout@407bf890: 2131558801 (35)
D/umd.troyd(31957): android.widget.TextView: 27.42 (36)
D/umd.troyd(31957): android.widget.TextView: miles (37)
D/umd.troyd(31957): android.widget.TextView:  (38)
D/umd.troyd(31957): android.widget.ImageView@407c0948: 2131558517 (39)
D/umd.troyd(31957): android.widget.LinearLayout@407e83c8: -1 (40)
D/umd.troyd(31957): android.widget.RelativeLayout@407eace8: -1 (41)
D/umd.troyd(31957): android.widget.RelativeLayout@407ec438: -1 (42)
D/umd.troyd(31957): android.widget.TextView: Walmart Store (43)
D/umd.troyd(31957): android.widget.TextView: 235 Queen St (44)
D/umd.troyd(31957): android.widget.TextView: Southington, CT 06489 (45)
D/umd.troyd(31957): android.widget.RelativeLayout@407f3600: -1 (46)
D/umd.troyd(31957): android.widget.LinearLayout@407f3758: 2131558801 (47)
D/umd.troyd(31957): android.widget.TextView: 27.61 (48)
D/umd.troyd(31957): android.widget.TextView: miles (49)
D/umd.troyd(31957): android.widget.TextView:  (50)
D/umd.troyd(31957): android.widget.ImageView@40708048: 2131558517 (51)
D/umd.troyd(31957): android.widget.LinearLayout@40743a48: -1 (52)
D/umd.troyd(31957): android.widget.RelativeLayout@40692f70: -1 (53)
D/umd.troyd(31957): android.widget.RelativeLayout@40691b60: -1 (54)
D/umd.troyd(31957): android.widget.TextView: Walmart Store (55)
D/umd.troyd(31957): android.widget.TextView: 161 Berlin Rd (56)
D/umd.troyd(31957): android.widget.TextView: Cromwell, CT 06416 (57)
D/umd.troyd(31957): android.widget.RelativeLayout@407571b0: -1 (58)
D/umd.troyd(31957): android.widget.LinearLayout@4075ce40: 2131558801 (59)
D/umd.troyd(31957): android.widget.TextView: 28.69 (60)
D/umd.troyd(31957): android.widget.TextView: miles (61)
D/umd.troyd(31957): android.widget.TextView:  (62)
D/umd.troyd(31957): android.widget.ImageView@407107d0: 2131558517 (63)
D/umd.troyd(31957): android.widget.LinearLayout@406af0a0: -1 (64)
D/umd.troyd(31957): android.widget.RelativeLayout@406b0aa8: -1 (65)
D/umd.troyd(31957): android.widget.RelativeLayout@406be030: -1 (66)
D/umd.troyd(31957): android.widget.TextView: Walmart Store (67)
D/umd.troyd(31957): android.widget.TextView: 164 Danbury Rd (68)
D/umd.troyd(31957): android.widget.TextView: New Milford, CT 06776 (69)
D/umd.troyd(31957): android.widget.RelativeLayout@4073ca28: -1 (70)
D/umd.troyd(31957): android.widget.LinearLayout@4073cc60: 2131558801 (71)
D/umd.troyd(31957): android.widget.TextView: 30.93 (72)
D/umd.troyd(31957): android.widget.TextView: miles (73)
D/umd.troyd(31957): android.widget.TextView:  (74)
D/umd.troyd(31957): android.widget.ImageView@40690060: 2131558517 (75)
D/umd.troyd(31957): android.widget.LinearLayout@407283a8: -1 (76)
D/umd.troyd(31957): android.widget.RelativeLayout@4075a0b0: -1 (77)
D/umd.troyd(31957): android.widget.RelativeLayout@4075a2c8: -1 (78)
D/umd.troyd(31957): android.widget.TextView: Walmart Store (79)
D/umd.troyd(31957): android.widget.TextView: 3164 Berlin Tpke (80)
D/umd.troyd(31957): android.widget.TextView: Newington, CT 06111 (81)
D/umd.troyd(31957): android.widget.RelativeLayout@407cc0d0: -1 (82)
D/umd.troyd(31957): android.widget.LinearLayout@40558410: 2131558801 (83)
D/umd.troyd(31957): android.widget.TextView: 31.81 (84)
D/umd.troyd(31957): android.widget.TextView: miles (85)
D/umd.troyd(31957): android.widget.TextView:  (86)
D/umd.troyd(31957): android.widget.ImageView@406aa6b8: 2131558517 (87)
D/umd.troyd(31957): android.widget.RelativeLayout@406aebc0: 2131558541 (88)
D/umd.troyd(31957): android.widget.GridView@406af738: 2131558824 (89)
D/umd.troyd(31957): android.widget.LinearLayout@406b08b8: 2131558538 (90)
D/umd.troyd(31957): android.widget.RelativeLayout@406b12b0: 2131558818 (91)
D/umd.troyd(31957): android.widget.ImageButton@406b1c00: 2131558819 (92)
D/umd.troyd(31957): android.widget.RelativeLayout@406b2118: -1 (93)
D/umd.troyd(31957): android.widget.ImageView@406b2508: 2131558820 (94)
D/umd.troyd(31957): android.widget.TextView: Stores (95)
D/umd.troyd(31957): android.widget.RelativeLayout@406b3410: -1 (96)
D/umd.troyd(31957): android.widget.Button:  (97)
D/umd.troyd(31957): android.widget.ImageView@406b3f80: 2131558823 (98)
D/umd.troyd(31957): android.widget.LinearLayout@406b4210: 2131558542 (99)
