android.widget.LinearLayout@40527bf0
android.widget.FrameLayout@4054bfa0
android.widget.TextView: Hospitals Near Me FREE
android.widget.FrameLayout@40589cc0
android.widget.LinearLayout@4054e408
android.widget.ListView@4057b978
android.widget.LinearLayout@405e8d08
android.widget.ImageView@40519228
android.widget.TextView: 8.6 mi
android.widget.TableLayout@40519e60
android.widget.TableRow@405e71a0
android.widget.TextView: Riverview Medical Center
android.widget.TableRow@4066ee80
android.widget.TextView: Address , City
android.widget.TableRow@4066f718
android.widget.TextView: Phone Number
android.widget.LinearLayout@4054d8d0
android.widget.ImageView@4054dae8
android.widget.TextView: 9.8 mi
android.widget.TableLayout@405ea8c8
android.widget.TableRow@405eada0
android.widget.TextView: Coney Island Hospital
android.widget.TableRow@405eb5c0
android.widget.TextView: Address , City
android.widget.TableRow@405ede78
android.widget.TextView: Phone Number
android.widget.TextView: Loading data
