android.widget.FrameLayout@40582d20
android.widget.LinearLayout@405837d0
android.widget.FrameLayout@40583a80
android.widget.ImageView@40583d30
android.widget.RelativeLayout@405841c8
android.widget.ImageButton@405847d8
android.widget.EditText: 
android.widget.Button: Map
android.widget.RelativeLayout@40587e88
android.widget.EditText: 
android.widget.Button: Cancel
android.widget.RelativeLayout@4058a298
android.widget.LinearLayout@4058a640
android.widget.TextView: Locations
com.google.android.maps.MapView@4058be38
android.widget.LinearLayout@405184b8
android.widget.TextView: Locations
android.widget.ScrollView@4050a4d0
android.widget.TableLayout@4056f850
android.widget.TableRow@40638458
android.widget.ImageView@406351f0
android.widget.TextView: 994 Chapel Street
android.widget.TextView: 1.65 mi
android.widget.TableRow@406117c8
android.widget.ImageView@40611c50
android.widget.TextView: 994 Chapel Street
android.widget.TextView: 1.65 mi
android.widget.TableRow@40629948
android.widget.ImageView@40619808
android.widget.TextView: 128 Amity Road
android.widget.TextView: 1.85 mi
android.widget.TableRow@405546c0
android.widget.ImageView@40625478
android.widget.TextView: 128 Amity Road
android.widget.TextView: 1.85 mi
android.widget.TableRow@40626790
android.widget.ImageView@40626c38
android.widget.TextView: 636 Campbell Avenue
android.widget.TextView: 3.40 mi
android.widget.TableRow@40633fb0
android.widget.ImageView@40634458
android.widget.TextView: 636 Campbell Avenue
android.widget.TextView: 3.40 mi
android.widget.TableRow@406374e0
android.widget.ImageView@40571218
android.widget.TextView: 466 Foxon Boulevard
android.widget.TextView: 4.12 mi
android.widget.TableRow@4060d548
android.widget.ImageView@4060d9f0
android.widget.TextView: 466 Foxon Boulevard
android.widget.TextView: 4.12 mi
android.widget.TableRow@40621998
android.widget.ImageView@4062f1d8
android.widget.TextView: 175 Boston Post Road
android.widget.TextView: 4.28 mi
android.widget.TableRow@4060f8e0
android.widget.ImageView@4060fd88
android.widget.TextView: 175 Boston Post Road
android.widget.TextView: 4.28 mi
android.widget.TableRow@4062c6b0
android.widget.ImageView@4062cb58
android.widget.TextView: 2992 Dixwell Avenue
android.widget.TextView: 4.81 mi
android.widget.TableRow@4061d088
android.widget.ImageView@4062b0a0
android.widget.TextView: 2992 Dixwell Avenue
android.widget.TextView: 4.81 mi
android.widget.TableRow@406225d8
android.widget.ImageView@40622a80
android.widget.TextView: 305 Sherman Avenue (Quinnipiac U. Sports Center)
android.widget.TextView: 6.63 mi
android.widget.TableRow@4060be88
android.widget.ImageView@4060c330
android.widget.TextView: 305 Sherman Avenue (Quinnipiac Unversity-Rocky Top Tavern Center)
android.widget.TextView: 6.63 mi
android.widget.TableRow@406335b0
android.widget.ImageView@40633a58
android.widget.TextView: 90 Washington Avenue
android.widget.TextView: 6.77 mi
android.widget.TableRow@40615b58
android.widget.ImageView@40574ab8
android.widget.TextView: 90 Washington Avenue
android.widget.TextView: 6.77 mi
android.widget.TableRow@405759b0
android.widget.ImageView@40616b38
android.widget.TextView: 971 W Main Street
android.widget.TextView: 6.93 mi
android.widget.TableRow@40617b00
android.widget.ImageView@405726e8
android.widget.TextView: 1003 W Main Street
android.widget.TextView: 7.03 mi
android.widget.TableRow@405736b0
android.widget.ImageView@40613690
android.widget.TextView: 555 New Road (Quinnipiac College)
android.widget.TextView: 7.05 mi
android.widget.TableRow@40614678
android.widget.ImageView@40614b20
android.widget.TextView: 555 New Road (Quinnipiac College)
android.widget.TextView: 7.05 mi
android.widget.FrameLayout@4050cb00
android.widget.ImageView@40539aa8
android.widget.Button: Filter
android.widget.LinearLayout@4053b660
android.widget.FrameLayout@40570c10
android.widget.ImageView@4054e7f0
android.widget.Button: Filter
android.widget.FrameLayout@4057cf28
android.widget.Button: Done
android.widget.FrameLayout@40610500
android.widget.ImageView@4057d9c0
android.widget.TextView: Stores
android.widget.ImageView@405b7070
android.widget.FrameLayout@406108b8
android.widget.ImageView@4060e7a8
android.widget.TextView: ATMs
android.widget.ImageView@406260e0
android.widget.FrameLayout@40582d20
android.widget.LinearLayout@405837d0
android.widget.FrameLayout@40583a80
android.widget.ImageView@40583d30
android.widget.RelativeLayout@405841c8
android.widget.ImageButton@405847d8
android.widget.EditText: 
android.widget.Button: Map
android.widget.RelativeLayout@40587e88
android.widget.EditText: 
android.widget.Button: Cancel
android.widget.RelativeLayout@4058a298
android.widget.LinearLayout@4058a640
android.widget.TextView: Locations
com.google.android.maps.MapView@4058be38
android.widget.LinearLayout@405184b8
android.widget.TextView: Locations
android.widget.ScrollView@4050a4d0
android.widget.TableLayout@4056f850
android.widget.TableRow@40638458
android.widget.ImageView@406351f0
android.widget.TextView: 994 Chapel Street
android.widget.TextView: 1.65 mi
android.widget.TableRow@406117c8
android.widget.ImageView@40611c50
android.widget.TextView: 994 Chapel Street
android.widget.TextView: 1.65 mi
android.widget.TableRow@40629948
android.widget.ImageView@40619808
android.widget.TextView: 128 Amity Road
android.widget.TextView: 1.85 mi
android.widget.TableRow@405546c0
android.widget.ImageView@40625478
android.widget.TextView: 128 Amity Road
android.widget.TextView: 1.85 mi
android.widget.TableRow@40626790
android.widget.ImageView@40626c38
android.widget.TextView: 636 Campbell Avenue
android.widget.TextView: 3.40 mi
android.widget.TableRow@40633fb0
android.widget.ImageView@40634458
android.widget.TextView: 636 Campbell Avenue
android.widget.TextView: 3.40 mi
android.widget.TableRow@406374e0
android.widget.ImageView@40571218
android.widget.TextView: 466 Foxon Boulevard
android.widget.TextView: 4.12 mi
android.widget.TableRow@4060d548
android.widget.ImageView@4060d9f0
android.widget.TextView: 466 Foxon Boulevard
android.widget.TextView: 4.12 mi
android.widget.TableRow@40621998
android.widget.ImageView@4062f1d8
android.widget.TextView: 175 Boston Post Road
android.widget.TextView: 4.28 mi
android.widget.TableRow@4060f8e0
android.widget.ImageView@4060fd88
android.widget.TextView: 175 Boston Post Road
android.widget.TextView: 4.28 mi
android.widget.TableRow@4062c6b0
android.widget.ImageView@4062cb58
android.widget.TextView: 2992 Dixwell Avenue
android.widget.TextView: 4.81 mi
android.widget.TableRow@4061d088
android.widget.ImageView@4062b0a0
android.widget.TextView: 2992 Dixwell Avenue
android.widget.TextView: 4.81 mi
android.widget.TableRow@406225d8
android.widget.ImageView@40622a80
android.widget.TextView: 305 Sherman Avenue (Quinnipiac U. Sports Center)
android.widget.TextView: 6.63 mi
android.widget.TableRow@4060be88
android.widget.ImageView@4060c330
android.widget.TextView: 305 Sherman Avenue (Quinnipiac Unversity-Rocky Top Tavern Center)
android.widget.TextView: 6.63 mi
android.widget.TableRow@406335b0
android.widget.ImageView@40633a58
android.widget.TextView: 90 Washington Avenue
android.widget.TextView: 6.77 mi
android.widget.TableRow@40615b58
android.widget.ImageView@40574ab8
android.widget.TextView: 90 Washington Avenue
android.widget.TextView: 6.77 mi
android.widget.TableRow@405759b0
android.widget.ImageView@40616b38
android.widget.TextView: 971 W Main Street
android.widget.TextView: 6.93 mi
android.widget.TableRow@40617b00
android.widget.ImageView@405726e8
android.widget.TextView: 1003 W Main Street
android.widget.TextView: 7.03 mi
android.widget.TableRow@405736b0
android.widget.ImageView@40613690
android.widget.TextView: 555 New Road (Quinnipiac College)
android.widget.TextView: 7.05 mi
android.widget.TableRow@40614678
android.widget.ImageView@40614b20
android.widget.TextView: 555 New Road (Quinnipiac College)
android.widget.TextView: 7.05 mi
android.widget.FrameLayout@4050cb00
android.widget.ImageView@40539aa8
android.widget.Button: Filter
android.widget.LinearLayout@4053b660
android.widget.FrameLayout@40570c10
android.widget.ImageView@4054e7f0
android.widget.Button: Filter
android.widget.FrameLayout@4057cf28
android.widget.Button: Done
android.widget.FrameLayout@40610500
android.widget.ImageView@4057d9c0
android.widget.TextView: Stores
android.widget.ImageView@405b7070
android.widget.FrameLayout@406108b8
android.widget.ImageView@4060e7a8
android.widget.TextView: ATMs
android.widget.ImageView@406260e0
android.widget.FrameLayout@40582d20
android.widget.LinearLayout@405837d0
android.widget.FrameLayout@40583a80
android.widget.ImageView@40583d30
android.widget.RelativeLayout@405841c8
android.widget.ImageButton@405847d8
android.widget.EditText: 
android.widget.Button: Map
android.widget.RelativeLayout@40587e88
android.widget.EditText: 
android.widget.Button: Cancel
android.widget.RelativeLayout@4058a298
android.widget.LinearLayout@4058a640
android.widget.TextView: Locations
com.google.android.maps.MapView@4058be38
android.widget.LinearLayout@405184b8
android.widget.TextView: Locations
android.widget.ScrollView@4050a4d0
android.widget.TableLayout@4056f850
android.widget.TableRow@40638458
android.widget.ImageView@406351f0
android.widget.TextView: 994 Chapel Street
android.widget.TextView: 1.65 mi
android.widget.TableRow@406117c8
android.widget.ImageView@40611c50
android.widget.TextView: 994 Chapel Street
android.widget.TextView: 1.65 mi
android.widget.TableRow@40629948
android.widget.ImageView@40619808
android.widget.TextView: 128 Amity Road
android.widget.TextView: 1.85 mi
android.widget.TableRow@405546c0
android.widget.ImageView@40625478
android.widget.TextView: 128 Amity Road
android.widget.TextView: 1.85 mi
android.widget.TableRow@40626790
android.widget.ImageView@40626c38
android.widget.TextView: 636 Campbell Avenue
android.widget.TextView: 3.40 mi
android.widget.TableRow@40633fb0
android.widget.ImageView@40634458
android.widget.TextView: 636 Campbell Avenue
android.widget.TextView: 3.40 mi
android.widget.TableRow@406374e0
android.widget.ImageView@40571218
android.widget.TextView: 466 Foxon Boulevard
android.widget.TextView: 4.12 mi
android.widget.TableRow@4060d548
android.widget.ImageView@4060d9f0
android.widget.TextView: 466 Foxon Boulevard
android.widget.TextView: 4.12 mi
android.widget.TableRow@40621998
android.widget.ImageView@4062f1d8
android.widget.TextView: 175 Boston Post Road
android.widget.TextView: 4.28 mi
android.widget.TableRow@4060f8e0
android.widget.ImageView@4060fd88
android.widget.TextView: 175 Boston Post Road
android.widget.TextView: 4.28 mi
android.widget.TableRow@4062c6b0
android.widget.ImageView@4062cb58
android.widget.TextView: 2992 Dixwell Avenue
android.widget.TextView: 4.81 mi
android.widget.TableRow@4061d088
android.widget.ImageView@4062b0a0
android.widget.TextView: 2992 Dixwell Avenue
android.widget.TextView: 4.81 mi
android.widget.TableRow@406225d8
android.widget.ImageView@40622a80
android.widget.TextView: 305 Sherman Avenue (Quinnipiac U. Sports Center)
android.widget.TextView: 6.63 mi
android.widget.TableRow@4060be88
android.widget.ImageView@4060c330
android.widget.TextView: 305 Sherman Avenue (Quinnipiac Unversity-Rocky Top Tavern Center)
android.widget.TextView: 6.63 mi
android.widget.TableRow@406335b0
android.widget.ImageView@40633a58
android.widget.TextView: 90 Washington Avenue
android.widget.TextView: 6.77 mi
android.widget.TableRow@40615b58
android.widget.ImageView@40574ab8
android.widget.TextView: 90 Washington Avenue
android.widget.TextView: 6.77 mi
android.widget.TableRow@405759b0
android.widget.ImageView@40616b38
android.widget.TextView: 971 W Main Street
android.widget.TextView: 6.93 mi
android.widget.TableRow@40617b00
android.widget.ImageView@405726e8
android.widget.TextView: 1003 W Main Street
android.widget.TextView: 7.03 mi
android.widget.TableRow@405736b0
android.widget.ImageView@40613690
android.widget.TextView: 555 New Road (Quinnipiac College)
android.widget.TextView: 7.05 mi
android.widget.TableRow@40614678
android.widget.ImageView@40614b20
android.widget.TextView: 555 New Road (Quinnipiac College)
android.widget.TextView: 7.05 mi
android.widget.FrameLayout@4050cb00
android.widget.ImageView@40539aa8
android.widget.Button: Filter
android.widget.LinearLayout@4053b660
android.widget.FrameLayout@40570c10
android.widget.ImageView@4054e7f0
android.widget.Button: Filter
android.widget.FrameLayout@4057cf28
android.widget.Button: Done
android.widget.FrameLayout@40610500
android.widget.ImageView@4057d9c0
android.widget.TextView: Stores
android.widget.ImageView@405b7070
android.widget.FrameLayout@406108b8
android.widget.ImageView@4060e7a8
android.widget.TextView: ATMs
android.widget.ImageView@406260e0
