emulator-5554
D/umd.troyd( 2241): got command getViews
D/umd.troyd( 2241): android.widget.FrameLayout@4071bf18: 16908290 (0)
D/umd.troyd( 2241): android.widget.RelativeLayout@4071c958: 2131558603 (1)
D/umd.troyd( 2241): android.widget.LinearLayout@4071cd90: -1 (2)
D/umd.troyd( 2241): com.walmart.android.ui.ViewStackLayout@4071d2e0: 2131558797 (3)
D/umd.troyd( 2241): android.widget.RelativeLayout@4072dfa0: -1 (4)
D/umd.troyd( 2241): android.widget.RelativeLayout@4072e508: 2131558790 (5)
D/umd.troyd( 2241): android.widget.LinearLayout@4072f088: 2131558790 (6)
D/umd.troyd( 2241): android.widget.RelativeLayout@4072f868: -1 (7)
D/umd.troyd( 2241): android.widget.Button:  (8)
D/umd.troyd( 2241): android.widget.TextView: Search a location (9)
D/umd.troyd( 2241): android.widget.Button:  (10)
D/umd.troyd( 2241): android.widget.Button:  (11)
D/umd.troyd( 2241): android.widget.Button:  (12)
D/umd.troyd( 2241): android.widget.RelativeLayout@40734120: 2131558791 (13)
D/umd.troyd( 2241): com.walmart.android.storelocator.StoreMapView@407353b8: 2131558792 (14)
D/umd.troyd( 2241): android.widget.ListView@406b9330: 2131558521 (15)
D/umd.troyd( 2241): android.widget.LinearLayout@40768338: -1 (16)
D/umd.troyd( 2241): android.widget.RelativeLayout@40768488: -1 (17)
D/umd.troyd( 2241): android.widget.RelativeLayout@40791080: -1 (18)
D/umd.troyd( 2241): android.widget.TextView: Walmart Store (19)
D/umd.troyd( 2241): android.widget.TextView: 6721 Chesapeake Center Dr (20)
D/umd.troyd( 2241): android.widget.TextView: Glen Burnie, MD 21060 (21)
D/umd.troyd( 2241): android.widget.RelativeLayout@407821d0: -1 (22)
D/umd.troyd( 2241): android.widget.LinearLayout@40782328: 2131558801 (23)
D/umd.troyd( 2241): android.widget.TextView: 1.82 (24)
D/umd.troyd( 2241): android.widget.TextView: miles (25)
D/umd.troyd( 2241): android.widget.TextView:  (26)
D/umd.troyd( 2241): android.widget.ImageView@406b2e80: 2131558517 (27)
D/umd.troyd( 2241): android.widget.LinearLayout@406b2fd0: -1 (28)
D/umd.troyd( 2241): android.widget.RelativeLayout@407a3248: -1 (29)
D/umd.troyd( 2241): android.widget.RelativeLayout@407a33a0: -1 (30)
D/umd.troyd( 2241): android.widget.TextView: Walmart Supercenter (31)
D/umd.troyd( 2241): android.widget.TextView: 407 George Claus Blvd (32)
D/umd.troyd( 2241): android.widget.TextView: Severn, MD 21144 (33)
D/umd.troyd( 2241): android.widget.RelativeLayout@4076c0b8: -1 (34)
D/umd.troyd( 2241): android.widget.LinearLayout@407a3c20: 2131558801 (35)
D/umd.troyd( 2241): android.widget.TextView: 4.34 (36)
D/umd.troyd( 2241): android.widget.TextView: miles (37)
D/umd.troyd( 2241): android.widget.TextView:  (38)
D/umd.troyd( 2241): android.widget.ImageView@4075b4c8: 2131558517 (39)
D/umd.troyd( 2241): android.widget.LinearLayout@40670158: -1 (40)
D/umd.troyd( 2241): android.widget.RelativeLayout@40670348: -1 (41)
D/umd.troyd( 2241): android.widget.RelativeLayout@40519218: -1 (42)
D/umd.troyd( 2241): android.widget.TextView: Walmart Store (43)
D/umd.troyd( 2241): android.widget.TextView: 2701 Port Covington Dr (44)
D/umd.troyd( 2241): android.widget.TextView: Baltimore, MD 21230 (45)
D/umd.troyd( 2241): android.widget.RelativeLayout@407a6180: -1 (46)
D/umd.troyd( 2241): android.widget.LinearLayout@4064a880: 2131558801 (47)
D/umd.troyd( 2241): android.widget.TextView: 4.79 (48)
D/umd.troyd( 2241): android.widget.TextView: miles (49)
D/umd.troyd( 2241): android.widget.TextView:  (50)
D/umd.troyd( 2241): android.widget.ImageView@407a4d80: 2131558517 (51)
D/umd.troyd( 2241): android.widget.LinearLayout@407476f8: -1 (52)
D/umd.troyd( 2241): android.widget.RelativeLayout@407478e8: -1 (53)
D/umd.troyd( 2241): android.widget.RelativeLayout@4076dfc0: -1 (54)
D/umd.troyd( 2241): android.widget.TextView: Walmart Supercenter (55)
D/umd.troyd( 2241): android.widget.TextView: 3601 Washington Blvd (56)
D/umd.troyd( 2241): android.widget.TextView: Arbutus, MD 21227 (57)
D/umd.troyd( 2241): android.widget.RelativeLayout@40778880: -1 (58)
D/umd.troyd( 2241): android.widget.LinearLayout@40778b40: 2131558801 (59)
D/umd.troyd( 2241): android.widget.TextView: 6.10 (60)
D/umd.troyd( 2241): android.widget.TextView: miles (61)
D/umd.troyd( 2241): android.widget.TextView:  (62)
D/umd.troyd( 2241): android.widget.ImageView@40652620: 2131558517 (63)
D/umd.troyd( 2241): android.widget.LinearLayout@4061ab78: -1 (64)
D/umd.troyd( 2241): android.widget.RelativeLayout@4061acc8: -1 (65)
D/umd.troyd( 2241): android.widget.RelativeLayout@4061afe0: -1 (66)
D/umd.troyd( 2241): android.widget.TextView: Walmart Store (67)
D/umd.troyd( 2241): android.widget.TextView: 2399 North Point Blvd (68)
D/umd.troyd( 2241): android.widget.TextView: Dundalk, MD 21222 (69)
D/umd.troyd( 2241): android.widget.RelativeLayout@40653db0: -1 (70)
D/umd.troyd( 2241): android.widget.LinearLayout@4074bf60: 2131558801 (71)
D/umd.troyd( 2241): android.widget.TextView: 6.85 (72)
D/umd.troyd( 2241): android.widget.TextView: miles (73)
D/umd.troyd( 2241): android.widget.TextView:  (74)
D/umd.troyd( 2241): android.widget.ImageView@40749108: 2131558517 (75)
D/umd.troyd( 2241): android.widget.LinearLayout@406060b8: -1 (76)
D/umd.troyd( 2241): android.widget.RelativeLayout@40606208: -1 (77)
D/umd.troyd( 2241): android.widget.RelativeLayout@40606500: -1 (78)
D/umd.troyd( 2241): android.widget.TextView: Walmart Store (79)
D/umd.troyd( 2241): android.widget.TextView: 7081 Arundel Mills Cir (80)
D/umd.troyd( 2241): android.widget.TextView: Hanover, MD 21076 (81)
D/umd.troyd( 2241): android.widget.RelativeLayout@406224b0: -1 (82)
D/umd.troyd( 2241): android.widget.LinearLayout@40622830: 2131558801 (83)
D/umd.troyd( 2241): android.widget.TextView: 7.85 (84)
D/umd.troyd( 2241): android.widget.TextView: miles (85)
D/umd.troyd( 2241): android.widget.TextView:  (86)
D/umd.troyd( 2241): android.widget.ImageView@407846c8: 2131558517 (87)
D/umd.troyd( 2241): android.widget.RelativeLayout@4071f410: 2131558541 (88)
D/umd.troyd( 2241): android.widget.GridView@4071ff88: 2131558824 (89)
D/umd.troyd( 2241): android.widget.LinearLayout@40721108: 2131558538 (90)
D/umd.troyd( 2241): android.widget.RelativeLayout@40721b00: 2131558818 (91)
D/umd.troyd( 2241): android.widget.ImageButton@40722450: 2131558819 (92)
D/umd.troyd( 2241): android.widget.RelativeLayout@40722968: -1 (93)
D/umd.troyd( 2241): android.widget.ImageView@40722d58: 2131558820 (94)
D/umd.troyd( 2241): android.widget.TextView: Stores (95)
D/umd.troyd( 2241): android.widget.RelativeLayout@40723c60: -1 (96)
D/umd.troyd( 2241): android.widget.Button:  (97)
D/umd.troyd( 2241): android.widget.ImageView@407247d0: 2131558823 (98)
D/umd.troyd( 2241): android.widget.LinearLayout@40724a60: 2131558542 (99)
D/umd.troyd( 2241): got command getViews
D/umd.troyd( 2241): android.widget.FrameLayout@4071bf18: 16908290 (0)
D/umd.troyd( 2241): android.widget.RelativeLayout@4071c958: 2131558603 (1)
D/umd.troyd( 2241): android.widget.LinearLayout@4071cd90: -1 (2)
D/umd.troyd( 2241): com.walmart.android.ui.ViewStackLayout@4071d2e0: 2131558797 (3)
D/umd.troyd( 2241): android.widget.RelativeLayout@4072dfa0: -1 (4)
D/umd.troyd( 2241): android.widget.RelativeLayout@4072e508: 2131558790 (5)
D/umd.troyd( 2241): android.widget.LinearLayout@4072f088: 2131558790 (6)
D/umd.troyd( 2241): android.widget.RelativeLayout@4072f868: -1 (7)
D/umd.troyd( 2241): android.widget.Button:  (8)
D/umd.troyd( 2241): android.widget.TextView: Search a location (9)
D/umd.troyd( 2241): android.widget.Button:  (10)
D/umd.troyd( 2241): android.widget.Button:  (11)
D/umd.troyd( 2241): android.widget.Button:  (12)
D/umd.troyd( 2241): android.widget.RelativeLayout@40734120: 2131558791 (13)
D/umd.troyd( 2241): com.walmart.android.storelocator.StoreMapView@407353b8: 2131558792 (14)
D/umd.troyd( 2241): android.widget.ListView@406b9330: 2131558521 (15)
D/umd.troyd( 2241): android.widget.LinearLayout@406060b8: -1 (16)
D/umd.troyd( 2241): android.widget.RelativeLayout@40606208: -1 (17)
D/umd.troyd( 2241): android.widget.RelativeLayout@40606500: -1 (18)
D/umd.troyd( 2241): android.widget.TextView: Walmart Store (19)
D/umd.troyd( 2241): android.widget.TextView: 7081 Arundel Mills Cir (20)
D/umd.troyd( 2241): android.widget.TextView: Hanover, MD 21076 (21)
D/umd.troyd( 2241): android.widget.RelativeLayout@406224b0: -1 (22)
D/umd.troyd( 2241): android.widget.LinearLayout@40622830: 2131558801 (23)
D/umd.troyd( 2241): android.widget.TextView: 7.85 (24)
D/umd.troyd( 2241): android.widget.TextView: miles (25)
D/umd.troyd( 2241): android.widget.TextView:  (26)
D/umd.troyd( 2241): android.widget.ImageView@407846c8: 2131558517 (27)
D/umd.troyd( 2241): android.widget.LinearLayout@407fa638: -1 (28)
D/umd.troyd( 2241): android.widget.RelativeLayout@407fa828: -1 (29)
D/umd.troyd( 2241): android.widget.RelativeLayout@407fabd0: -1 (30)
D/umd.troyd( 2241): android.widget.TextView: Walmart Supercenter (31)
D/umd.troyd( 2241): android.widget.TextView: 6420 Petrie Way Rd (32)
D/umd.troyd( 2241): android.widget.TextView: Baltimore, MD 21237 (33)
D/umd.troyd( 2241): android.widget.RelativeLayout@407fbee0: -1 (34)
D/umd.troyd( 2241): android.widget.LinearLayout@407fc2f0: 2131558801 (35)
D/umd.troyd( 2241): android.widget.TextView: 9.88 (36)
D/umd.troyd( 2241): android.widget.TextView: miles (37)
D/umd.troyd( 2241): android.widget.TextView:  (38)
D/umd.troyd( 2241): android.widget.ImageView@407fd3a8: 2131558517 (39)
D/umd.troyd( 2241): android.widget.LinearLayout@407fee38: -1 (40)
D/umd.troyd( 2241): android.widget.RelativeLayout@407ff028: -1 (41)
D/umd.troyd( 2241): android.widget.RelativeLayout@407ff3d0: -1 (42)
D/umd.troyd( 2241): android.widget.TextView: Walmart Store (43)
D/umd.troyd( 2241): android.widget.TextView: 6205 Baltimore National Pike (44)
D/umd.troyd( 2241): android.widget.TextView: Catonsville, MD 21228 (45)
D/umd.troyd( 2241): android.widget.RelativeLayout@408006e0: -1 (46)
D/umd.troyd( 2241): android.widget.LinearLayout@40800af0: 2131558801 (47)
D/umd.troyd( 2241): android.widget.TextView: 10.34 (48)
D/umd.troyd( 2241): android.widget.TextView: miles (49)
D/umd.troyd( 2241): android.widget.TextView:  (50)
D/umd.troyd( 2241): android.widget.ImageView@40801ba8: 2131558517 (51)
D/umd.troyd( 2241): android.widget.LinearLayout@4075e220: -1 (52)
D/umd.troyd( 2241): android.widget.RelativeLayout@40577d28: -1 (53)
D/umd.troyd( 2241): android.widget.RelativeLayout@405c74a8: -1 (54)
D/umd.troyd( 2241): android.widget.TextView: Walmart Store (55)
D/umd.troyd( 2241): android.widget.TextView: 6405 Dobbin Rd (56)
D/umd.troyd( 2241): android.widget.TextView: Columbia, MD 21045 (57)
D/umd.troyd( 2241): android.widget.RelativeLayout@407168a8: -1 (58)
D/umd.troyd( 2241): android.widget.LinearLayout@40761070: 2131558801 (59)
D/umd.troyd( 2241): android.widget.TextView: 11.76 (60)
D/umd.troyd( 2241): android.widget.TextView: miles (61)
D/umd.troyd( 2241): android.widget.TextView:  (62)
D/umd.troyd( 2241): android.widget.ImageView@40762ae8: 2131558517 (63)
D/umd.troyd( 2241): android.widget.LinearLayout@407644f0: -1 (64)
D/umd.troyd( 2241): android.widget.RelativeLayout@40758e38: -1 (65)
D/umd.troyd( 2241): android.widget.RelativeLayout@4076d008: -1 (66)
D/umd.troyd( 2241): android.widget.TextView: Walmart Store (67)
D/umd.troyd( 2241): android.widget.TextView: 112 Carroll Island Rd (68)
D/umd.troyd( 2241): android.widget.TextView: Baltimore, MD 21220 (69)
D/umd.troyd( 2241): android.widget.RelativeLayout@4077b9d0: -1 (70)
D/umd.troyd( 2241): android.widget.LinearLayout@40765f30: 2131558801 (71)
D/umd.troyd( 2241): android.widget.TextView: 11.96 (72)
D/umd.troyd( 2241): android.widget.TextView: miles (73)
D/umd.troyd( 2241): android.widget.TextView:  (74)
D/umd.troyd( 2241): android.widget.ImageView@40767f50: 2131558517 (75)
D/umd.troyd( 2241): android.widget.LinearLayout@4076b910: -1 (76)
D/umd.troyd( 2241): android.widget.RelativeLayout@40790228: -1 (77)
D/umd.troyd( 2241): android.widget.RelativeLayout@407a1570: -1 (78)
D/umd.troyd( 2241): android.widget.TextView: Walmart Supercenter (79)
D/umd.troyd( 2241): android.widget.TextView: 8118 Perry Hills Ct (80)
D/umd.troyd( 2241): android.widget.TextView: Nottingham, MD 21236 (81)
D/umd.troyd( 2241): android.widget.RelativeLayout@40744b88: -1 (82)
D/umd.troyd( 2241): android.widget.LinearLayout@4076bc60: 2131558801 (83)
D/umd.troyd( 2241): android.widget.TextView: 11.98 (84)
D/umd.troyd( 2241): android.widget.TextView: miles (85)
D/umd.troyd( 2241): android.widget.TextView:  (86)
D/umd.troyd( 2241): android.widget.ImageView@4076c5a8: 2131558517 (87)
D/umd.troyd( 2241): android.widget.RelativeLayout@4071f410: 2131558541 (88)
D/umd.troyd( 2241): android.widget.GridView@4071ff88: 2131558824 (89)
D/umd.troyd( 2241): android.widget.LinearLayout@40721108: 2131558538 (90)
D/umd.troyd( 2241): android.widget.RelativeLayout@40721b00: 2131558818 (91)
D/umd.troyd( 2241): android.widget.ImageButton@40722450: 2131558819 (92)
D/umd.troyd( 2241): android.widget.RelativeLayout@40722968: -1 (93)
D/umd.troyd( 2241): android.widget.ImageView@40722d58: 2131558820 (94)
D/umd.troyd( 2241): android.widget.TextView: Stores (95)
D/umd.troyd( 2241): android.widget.RelativeLayout@40723c60: -1 (96)
D/umd.troyd( 2241): android.widget.Button:  (97)
D/umd.troyd( 2241): android.widget.ImageView@407247d0: 2131558823 (98)
D/umd.troyd( 2241): android.widget.LinearLayout@40724a60: 2131558542 (99)
D/umd.troyd( 2241): got command getViews
D/umd.troyd( 2241): android.widget.FrameLayout@4071bf18: 16908290 (0)
D/umd.troyd( 2241): android.widget.RelativeLayout@4071c958: 2131558603 (1)
D/umd.troyd( 2241): android.widget.LinearLayout@4071cd90: -1 (2)
D/umd.troyd( 2241): com.walmart.android.ui.ViewStackLayout@4071d2e0: 2131558797 (3)
D/umd.troyd( 2241): android.widget.RelativeLayout@4072dfa0: -1 (4)
D/umd.troyd( 2241): android.widget.RelativeLayout@4072e508: 2131558790 (5)
D/umd.troyd( 2241): android.widget.LinearLayout@4072f088: 2131558790 (6)
D/umd.troyd( 2241): android.widget.RelativeLayout@4072f868: -1 (7)
D/umd.troyd( 2241): android.widget.Button:  (8)
D/umd.troyd( 2241): android.widget.TextView: Search a location (9)
D/umd.troyd( 2241): android.widget.Button:  (10)
D/umd.troyd( 2241): android.widget.Button:  (11)
D/umd.troyd( 2241): android.widget.Button:  (12)
D/umd.troyd( 2241): android.widget.RelativeLayout@40734120: 2131558791 (13)
D/umd.troyd( 2241): com.walmart.android.storelocator.StoreMapView@407353b8: 2131558792 (14)
D/umd.troyd( 2241): android.widget.ListView@406b9330: 2131558521 (15)
D/umd.troyd( 2241): android.widget.LinearLayout@4076b910: -1 (16)
D/umd.troyd( 2241): android.widget.RelativeLayout@40790228: -1 (17)
D/umd.troyd( 2241): android.widget.RelativeLayout@407a1570: -1 (18)
D/umd.troyd( 2241): android.widget.TextView: Walmart Supercenter (19)
D/umd.troyd( 2241): android.widget.TextView: 8118 Perry Hills Ct (20)
D/umd.troyd( 2241): android.widget.TextView: Nottingham, MD 21236 (21)
D/umd.troyd( 2241): android.widget.RelativeLayout@40744b88: -1 (22)
D/umd.troyd( 2241): android.widget.LinearLayout@4076bc60: 2131558801 (23)
D/umd.troyd( 2241): android.widget.TextView: 11.98 (24)
D/umd.troyd( 2241): android.widget.TextView: miles (25)
D/umd.troyd( 2241): android.widget.TextView:  (26)
D/umd.troyd( 2241): android.widget.ImageView@4076c5a8: 2131558517 (27)
D/umd.troyd( 2241): android.widget.LinearLayout@40768338: -1 (28)
D/umd.troyd( 2241): android.widget.RelativeLayout@40768488: -1 (29)
D/umd.troyd( 2241): android.widget.RelativeLayout@40791080: -1 (30)
D/umd.troyd( 2241): android.widget.TextView: Walmart Supercenter (31)
D/umd.troyd( 2241): android.widget.TextView: 3549 Russett Grn (32)
D/umd.troyd( 2241): android.widget.TextView: Laurel, MD 20724 (33)
D/umd.troyd( 2241): android.widget.RelativeLayout@407821d0: -1 (34)
D/umd.troyd( 2241): android.widget.LinearLayout@40782328: 2131558801 (35)
D/umd.troyd( 2241): android.widget.TextView: 12.19 (36)
D/umd.troyd( 2241): android.widget.TextView: miles (37)
D/umd.troyd( 2241): android.widget.TextView:  (38)
D/umd.troyd( 2241): android.widget.ImageView@406b2e80: 2131558517 (39)
D/umd.troyd( 2241): android.widget.LinearLayout@406b2fd0: -1 (40)
D/umd.troyd( 2241): android.widget.RelativeLayout@407a3248: -1 (41)
D/umd.troyd( 2241): android.widget.RelativeLayout@407a33a0: -1 (42)
D/umd.troyd( 2241): android.widget.TextView: Walmart Store (43)
D/umd.troyd( 2241): android.widget.TextView: 1238 Putty Hill Ave Ste 5 (44)
D/umd.troyd( 2241): android.widget.TextView: Towson, MD 21286 (45)
D/umd.troyd( 2241): android.widget.RelativeLayout@4076c0b8: -1 (46)
D/umd.troyd( 2241): android.widget.LinearLayout@407a3c20: 2131558801 (47)
D/umd.troyd( 2241): android.widget.TextView: 12.64 (48)
D/umd.troyd( 2241): android.widget.TextView: miles (49)
D/umd.troyd( 2241): android.widget.TextView:  (50)
D/umd.troyd( 2241): android.widget.ImageView@4075b4c8: 2131558517 (51)
D/umd.troyd( 2241): android.widget.LinearLayout@40670158: -1 (52)
D/umd.troyd( 2241): android.widget.RelativeLayout@40670348: -1 (53)
D/umd.troyd( 2241): android.widget.RelativeLayout@40519218: -1 (54)
D/umd.troyd( 2241): android.widget.TextView: Walmart Store (55)
D/umd.troyd( 2241): android.widget.TextView: 3200 North Ridge Rd (56)
D/umd.troyd( 2241): android.widget.TextView: Ellicott City, MD 21043 (57)
D/umd.troyd( 2241): android.widget.RelativeLayout@407a6180: -1 (58)
D/umd.troyd( 2241): android.widget.LinearLayout@4064a880: 2131558801 (59)
D/umd.troyd( 2241): android.widget.TextView: 13.17 (60)
D/umd.troyd( 2241): android.widget.TextView: miles (61)
D/umd.troyd( 2241): android.widget.TextView:  (62)
D/umd.troyd( 2241): android.widget.ImageView@407a4d80: 2131558517 (63)
D/umd.troyd( 2241): android.widget.LinearLayout@407476f8: -1 (64)
D/umd.troyd( 2241): android.widget.RelativeLayout@407478e8: -1 (65)
D/umd.troyd( 2241): android.widget.RelativeLayout@4076dfc0: -1 (66)
D/umd.troyd( 2241): android.widget.TextView: Walmart Store (67)
D/umd.troyd( 2241): android.widget.TextView: 8730 Liberty Rd (68)
D/umd.troyd( 2241): android.widget.TextView: Randallstown, MD 21133 (69)
D/umd.troyd( 2241): android.widget.RelativeLayout@40778880: -1 (70)
D/umd.troyd( 2241): android.widget.LinearLayout@40778b40: 2131558801 (71)
D/umd.troyd( 2241): android.widget.TextView: 14.75 (72)
D/umd.troyd( 2241): android.widget.TextView: miles (73)
D/umd.troyd( 2241): android.widget.TextView:  (74)
D/umd.troyd( 2241): android.widget.ImageView@40652620: 2131558517 (75)
D/umd.troyd( 2241): android.widget.LinearLayout@4061ab78: -1 (76)
D/umd.troyd( 2241): android.widget.RelativeLayout@4061acc8: -1 (77)
D/umd.troyd( 2241): android.widget.RelativeLayout@4061afe0: -1 (78)
D/umd.troyd( 2241): android.widget.TextView: Walmart Store (79)
D/umd.troyd( 2241): android.widget.TextView: 9750 Reistertown Road A (80)
D/umd.troyd( 2241): android.widget.TextView: Owings Mills, MD 21117 (81)
D/umd.troyd( 2241): android.widget.RelativeLayout@40653db0: -1 (82)
D/umd.troyd( 2241): android.widget.LinearLayout@4074bf60: 2131558801 (83)
D/umd.troyd( 2241): android.widget.TextView: 16.20 (84)
D/umd.troyd( 2241): android.widget.TextView: miles (85)
D/umd.troyd( 2241): android.widget.TextView:  (86)
D/umd.troyd( 2241): android.widget.ImageView@40749108: 2131558517 (87)
D/umd.troyd( 2241): android.widget.RelativeLayout@4071f410: 2131558541 (88)
D/umd.troyd( 2241): android.widget.GridView@4071ff88: 2131558824 (89)
D/umd.troyd( 2241): android.widget.LinearLayout@40721108: 2131558538 (90)
D/umd.troyd( 2241): android.widget.RelativeLayout@40721b00: 2131558818 (91)
D/umd.troyd( 2241): android.widget.ImageButton@40722450: 2131558819 (92)
D/umd.troyd( 2241): android.widget.RelativeLayout@40722968: -1 (93)
D/umd.troyd( 2241): android.widget.ImageView@40722d58: 2131558820 (94)
D/umd.troyd( 2241): android.widget.TextView: Stores (95)
D/umd.troyd( 2241): android.widget.RelativeLayout@40723c60: -1 (96)
D/umd.troyd( 2241): android.widget.Button:  (97)
D/umd.troyd( 2241): android.widget.ImageView@407247d0: 2131558823 (98)
D/umd.troyd( 2241): android.widget.LinearLayout@40724a60: 2131558542 (99)
D/umd.troyd( 2241): got command getViews
D/umd.troyd( 2241): android.widget.FrameLayout@4071bf18: 16908290 (0)
D/umd.troyd( 2241): android.widget.RelativeLayout@4071c958: 2131558603 (1)
D/umd.troyd( 2241): android.widget.LinearLayout@4071cd90: -1 (2)
D/umd.troyd( 2241): com.walmart.android.ui.ViewStackLayout@4071d2e0: 2131558797 (3)
D/umd.troyd( 2241): android.widget.RelativeLayout@4072dfa0: -1 (4)
D/umd.troyd( 2241): android.widget.RelativeLayout@4072e508: 2131558790 (5)
D/umd.troyd( 2241): android.widget.LinearLayout@4072f088: 2131558790 (6)
D/umd.troyd( 2241): android.widget.RelativeLayout@4072f868: -1 (7)
D/umd.troyd( 2241): android.widget.Button:  (8)
D/umd.troyd( 2241): android.widget.TextView: Search a location (9)
D/umd.troyd( 2241): android.widget.Button:  (10)
D/umd.troyd( 2241): android.widget.Button:  (11)
D/umd.troyd( 2241): android.widget.Button:  (12)
D/umd.troyd( 2241): android.widget.RelativeLayout@40734120: 2131558791 (13)
D/umd.troyd( 2241): com.walmart.android.storelocator.StoreMapView@407353b8: 2131558792 (14)
D/umd.troyd( 2241): android.widget.ListView@406b9330: 2131558521 (15)
D/umd.troyd( 2241): android.widget.LinearLayout@4061ab78: -1 (16)
D/umd.troyd( 2241): android.widget.RelativeLayout@4061acc8: -1 (17)
D/umd.troyd( 2241): android.widget.RelativeLayout@4061afe0: -1 (18)
D/umd.troyd( 2241): android.widget.TextView: Walmart Store (19)
D/umd.troyd( 2241): android.widget.TextView: 9750 Reistertown Road A (20)
D/umd.troyd( 2241): android.widget.TextView: Owings Mills, MD 21117 (21)
D/umd.troyd( 2241): android.widget.RelativeLayout@40653db0: -1 (22)
D/umd.troyd( 2241): android.widget.LinearLayout@4074bf60: 2131558801 (23)
D/umd.troyd( 2241): android.widget.TextView: 16.20 (24)
D/umd.troyd( 2241): android.widget.TextView: miles (25)
D/umd.troyd( 2241): android.widget.TextView:  (26)
D/umd.troyd( 2241): android.widget.ImageView@40749108: 2131558517 (27)
D/umd.troyd( 2241): android.widget.LinearLayout@406060b8: -1 (28)
D/umd.troyd( 2241): android.widget.RelativeLayout@40606208: -1 (29)
D/umd.troyd( 2241): android.widget.RelativeLayout@40606500: -1 (30)
D/umd.troyd( 2241): android.widget.TextView: Walmart Store (31)
D/umd.troyd( 2241): android.widget.TextView: 3300 Crain Hwy (32)
D/umd.troyd( 2241): android.widget.TextView: Bowie, MD 20716 (33)
D/umd.troyd( 2241): android.widget.RelativeLayout@406224b0: -1 (34)
D/umd.troyd( 2241): android.widget.LinearLayout@40622830: 2131558801 (35)
D/umd.troyd( 2241): android.widget.TextView: 16.43 (36)
D/umd.troyd( 2241): android.widget.TextView: miles (37)
D/umd.troyd( 2241): android.widget.TextView:  (38)
D/umd.troyd( 2241): android.widget.ImageView@407846c8: 2131558517 (39)
D/umd.troyd( 2241): android.widget.LinearLayout@407fa638: -1 (40)
D/umd.troyd( 2241): android.widget.RelativeLayout@407fa828: -1 (41)
D/umd.troyd( 2241): android.widget.RelativeLayout@407fabd0: -1 (42)
D/umd.troyd( 2241): android.widget.TextView: Walmart Supercenter (43)
D/umd.troyd( 2241): android.widget.TextView: 1 Frankel Way (44)
D/umd.troyd( 2241): android.widget.TextView: Cockeysville, MD 21030 (45)
D/umd.troyd( 2241): android.widget.RelativeLayout@407fbee0: -1 (46)
D/umd.troyd( 2241): android.widget.LinearLayout@407fc2f0: 2131558801 (47)
D/umd.troyd( 2241): android.widget.TextView: 17.21 (48)
D/umd.troyd( 2241): android.widget.TextView: miles (49)
D/umd.troyd( 2241): android.widget.TextView:  (50)
D/umd.troyd( 2241): android.widget.ImageView@407fd3a8: 2131558517 (51)
D/umd.troyd( 2241): android.widget.LinearLayout@407fee38: -1 (52)
D/umd.troyd( 2241): android.widget.RelativeLayout@407ff028: -1 (53)
D/umd.troyd( 2241): android.widget.RelativeLayout@407ff3d0: -1 (54)
D/umd.troyd( 2241): android.widget.TextView: Walmart Store (55)
D/umd.troyd( 2241): android.widget.TextView: 401 Constant Friendship Blvd (56)
D/umd.troyd( 2241): android.widget.TextView: Abingdon, MD 21009 (57)
D/umd.troyd( 2241): android.widget.RelativeLayout@408006e0: -1 (58)
D/umd.troyd( 2241): android.widget.LinearLayout@40800af0: 2131558801 (59)
D/umd.troyd( 2241): android.widget.TextView: 20.37 (60)
D/umd.troyd( 2241): android.widget.TextView: miles (61)
D/umd.troyd( 2241): android.widget.TextView:  (62)
D/umd.troyd( 2241): android.widget.ImageView@40801ba8: 2131558517 (63)
D/umd.troyd( 2241): android.widget.LinearLayout@4075e220: -1 (64)
D/umd.troyd( 2241): android.widget.RelativeLayout@40577d28: -1 (65)
D/umd.troyd( 2241): android.widget.RelativeLayout@405c74a8: -1 (66)
D/umd.troyd( 2241): android.widget.TextView: Walmart Supercenter (67)
D/umd.troyd( 2241): android.widget.TextView: 303 Fallston Blvd (68)
D/umd.troyd( 2241): android.widget.TextView: Fallston, MD 21047 (69)
D/umd.troyd( 2241): android.widget.RelativeLayout@407168a8: -1 (70)
D/umd.troyd( 2241): android.widget.LinearLayout@40761070: 2131558801 (71)
D/umd.troyd( 2241): android.widget.TextView: 20.64 (72)
D/umd.troyd( 2241): android.widget.TextView: miles (73)
D/umd.troyd( 2241): android.widget.TextView:  (74)
D/umd.troyd( 2241): android.widget.ImageView@40762ae8: 2131558517 (75)
D/umd.troyd( 2241): android.widget.LinearLayout@407644f0: -1 (76)
D/umd.troyd( 2241): android.widget.RelativeLayout@40758e38: -1 (77)
D/umd.troyd( 2241): android.widget.RelativeLayout@4076d008: -1 (78)
D/umd.troyd( 2241): android.widget.TextView: Walmart Store (79)
D/umd.troyd( 2241): android.widget.TextView: 6210 Annapolis Rd (80)
D/umd.troyd( 2241): android.widget.TextView: Landover Hills, MD 20784 (81)
D/umd.troyd( 2241): android.widget.RelativeLayout@4077b9d0: -1 (82)
D/umd.troyd( 2241): android.widget.LinearLayout@40765f30: 2131558801 (83)
D/umd.troyd( 2241): android.widget.TextView: 21.49 (84)
D/umd.troyd( 2241): android.widget.TextView: miles (85)
D/umd.troyd( 2241): android.widget.TextView:  (86)
D/umd.troyd( 2241): android.widget.ImageView@40767f50: 2131558517 (87)
D/umd.troyd( 2241): android.widget.RelativeLayout@4071f410: 2131558541 (88)
D/umd.troyd( 2241): android.widget.GridView@4071ff88: 2131558824 (89)
D/umd.troyd( 2241): android.widget.LinearLayout@40721108: 2131558538 (90)
D/umd.troyd( 2241): android.widget.RelativeLayout@40721b00: 2131558818 (91)
D/umd.troyd( 2241): android.widget.ImageButton@40722450: 2131558819 (92)
D/umd.troyd( 2241): android.widget.RelativeLayout@40722968: -1 (93)
D/umd.troyd( 2241): android.widget.ImageView@40722d58: 2131558820 (94)
D/umd.troyd( 2241): android.widget.TextView: Stores (95)
D/umd.troyd( 2241): android.widget.RelativeLayout@40723c60: -1 (96)
D/umd.troyd( 2241): android.widget.Button:  (97)
D/umd.troyd( 2241): android.widget.ImageView@407247d0: 2131558823 (98)
D/umd.troyd( 2241): android.widget.LinearLayout@40724a60: 2131558542 (99)
D/umd.troyd( 2241): got command getViews
D/umd.troyd( 2241): android.widget.FrameLayout@4071bf18: 16908290 (0)
D/umd.troyd( 2241): android.widget.RelativeLayout@4071c958: 2131558603 (1)
D/umd.troyd( 2241): android.widget.LinearLayout@4071cd90: -1 (2)
D/umd.troyd( 2241): com.walmart.android.ui.ViewStackLayout@4071d2e0: 2131558797 (3)
D/umd.troyd( 2241): android.widget.RelativeLayout@4072dfa0: -1 (4)
D/umd.troyd( 2241): android.widget.RelativeLayout@4072e508: 2131558790 (5)
D/umd.troyd( 2241): android.widget.LinearLayout@4072f088: 2131558790 (6)
D/umd.troyd( 2241): android.widget.RelativeLayout@4072f868: -1 (7)
D/umd.troyd( 2241): android.widget.Button:  (8)
D/umd.troyd( 2241): android.widget.TextView: Search a location (9)
D/umd.troyd( 2241): android.widget.Button:  (10)
D/umd.troyd( 2241): android.widget.Button:  (11)
D/umd.troyd( 2241): android.widget.Button:  (12)
D/umd.troyd( 2241): android.widget.RelativeLayout@40734120: 2131558791 (13)
D/umd.troyd( 2241): com.walmart.android.storelocator.StoreMapView@407353b8: 2131558792 (14)
D/umd.troyd( 2241): android.widget.ListView@406b9330: 2131558521 (15)
D/umd.troyd( 2241): android.widget.LinearLayout@407644f0: -1 (16)
D/umd.troyd( 2241): android.widget.RelativeLayout@40758e38: -1 (17)
D/umd.troyd( 2241): android.widget.RelativeLayout@4076d008: -1 (18)
D/umd.troyd( 2241): android.widget.TextView: Walmart Store (19)
D/umd.troyd( 2241): android.widget.TextView: 6210 Annapolis Rd (20)
D/umd.troyd( 2241): android.widget.TextView: Landover Hills, MD 20784 (21)
D/umd.troyd( 2241): android.widget.RelativeLayout@4077b9d0: -1 (22)
D/umd.troyd( 2241): android.widget.LinearLayout@40765f30: 2131558801 (23)
D/umd.troyd( 2241): android.widget.TextView: 21.49 (24)
D/umd.troyd( 2241): android.widget.TextView: miles (25)
D/umd.troyd( 2241): android.widget.TextView:  (26)
D/umd.troyd( 2241): android.widget.ImageView@40767f50: 2131558517 (27)
D/umd.troyd( 2241): android.widget.LinearLayout@4076b910: -1 (28)
D/umd.troyd( 2241): android.widget.RelativeLayout@40790228: -1 (29)
D/umd.troyd( 2241): android.widget.RelativeLayout@407a1570: -1 (30)
D/umd.troyd( 2241): android.widget.TextView: Walmart Store (31)
D/umd.troyd( 2241): android.widget.TextView: 1320 Liberty Rd (32)
D/umd.troyd( 2241): android.widget.TextView: Eldersburg, MD 21784 (33)
D/umd.troyd( 2241): android.widget.RelativeLayout@40744b88: -1 (34)
D/umd.troyd( 2241): android.widget.LinearLayout@4076bc60: 2131558801 (35)
D/umd.troyd( 2241): android.widget.TextView: 22.10 (36)
D/umd.troyd( 2241): android.widget.TextView: miles (37)
D/umd.troyd( 2241): android.widget.TextView:  (38)
D/umd.troyd( 2241): android.widget.ImageView@4076c5a8: 2131558517 (39)
D/umd.troyd( 2241): android.widget.LinearLayout@40768338: -1 (40)
D/umd.troyd( 2241): android.widget.RelativeLayout@40768488: -1 (41)
D/umd.troyd( 2241): android.widget.RelativeLayout@40791080: -1 (42)
D/umd.troyd( 2241): android.widget.TextView: Walmart Store (43)
D/umd.troyd( 2241): android.widget.TextView: 10600 Towne Center Blvd (44)
D/umd.troyd( 2241): android.widget.TextView: Dunkirk, MD 20754 (45)
D/umd.troyd( 2241): android.widget.RelativeLayout@407821d0: -1 (46)
D/umd.troyd( 2241): android.widget.LinearLayout@40782328: 2131558801 (47)
D/umd.troyd( 2241): android.widget.TextView: 25.71 (48)
D/umd.troyd( 2241): android.widget.TextView: miles (49)
D/umd.troyd( 2241): android.widget.TextView:  (50)
D/umd.troyd( 2241): android.widget.ImageView@406b2e80: 2131558517 (51)
D/umd.troyd( 2241): android.widget.LinearLayout@406b2fd0: -1 (52)
D/umd.troyd( 2241): android.widget.RelativeLayout@407a3248: -1 (53)
D/umd.troyd( 2241): android.widget.RelativeLayout@407a33a0: -1 (54)
D/umd.troyd( 2241): android.widget.TextView: Walmart Supercenter (55)
D/umd.troyd( 2241): android.widget.TextView: 645 S Philadelphia Blvd (56)
D/umd.troyd( 2241): android.widget.TextView: Aberdeen, MD 21001 (57)
D/umd.troyd( 2241): android.widget.RelativeLayout@4076c0b8: -1 (58)
D/umd.troyd( 2241): android.widget.LinearLayout@407a3c20: 2131558801 (59)
D/umd.troyd( 2241): android.widget.TextView: 26.19 (60)
D/umd.troyd( 2241): android.widget.TextView: miles (61)
D/umd.troyd( 2241): android.widget.TextView:  (62)
D/umd.troyd( 2241): android.widget.ImageView@4075b4c8: 2131558517 (63)
D/umd.troyd( 2241): android.widget.LinearLayout@40670158: -1 (64)
D/umd.troyd( 2241): android.widget.RelativeLayout@40670348: -1 (65)
D/umd.troyd( 2241): android.widget.RelativeLayout@40519218: -1 (66)
D/umd.troyd( 2241): android.widget.TextView: Walmart Store (67)
D/umd.troyd( 2241): android.widget.TextView: 8745 Branch Ave (68)
D/umd.troyd( 2241): android.widget.TextView: Clinton, MD 20735 (69)
D/umd.troyd( 2241): android.widget.RelativeLayout@407a6180: -1 (70)
D/umd.troyd( 2241): android.widget.LinearLayout@4064a880: 2131558801 (71)
D/umd.troyd( 2241): android.widget.TextView: 28.92 (72)
D/umd.troyd( 2241): android.widget.TextView: miles (73)
D/umd.troyd( 2241): android.widget.TextView:  (74)
D/umd.troyd( 2241): android.widget.ImageView@407a4d80: 2131558517 (75)
D/umd.troyd( 2241): android.widget.LinearLayout@407476f8: -1 (76)
D/umd.troyd( 2241): android.widget.RelativeLayout@407478e8: -1 (77)
D/umd.troyd( 2241): android.widget.RelativeLayout@4076dfc0: -1 (78)
D/umd.troyd( 2241): android.widget.TextView: Walmart Store (79)
D/umd.troyd( 2241): android.widget.TextView: 209 E Ridgeville Blvd (80)
D/umd.troyd( 2241): android.widget.TextView: Mount Airy, MD 21771 (81)
D/umd.troyd( 2241): android.widget.RelativeLayout@40778880: -1 (82)
D/umd.troyd( 2241): android.widget.LinearLayout@40778b40: 2131558801 (83)
D/umd.troyd( 2241): android.widget.TextView: 29.64 (84)
D/umd.troyd( 2241): android.widget.TextView: miles (85)
D/umd.troyd( 2241): android.widget.TextView:  (86)
D/umd.troyd( 2241): android.widget.ImageView@40652620: 2131558517 (87)
D/umd.troyd( 2241): android.widget.RelativeLayout@4071f410: 2131558541 (88)
D/umd.troyd( 2241): android.widget.GridView@4071ff88: 2131558824 (89)
D/umd.troyd( 2241): android.widget.LinearLayout@40721108: 2131558538 (90)
D/umd.troyd( 2241): android.widget.RelativeLayout@40721b00: 2131558818 (91)
D/umd.troyd( 2241): android.widget.ImageButton@40722450: 2131558819 (92)
D/umd.troyd( 2241): android.widget.RelativeLayout@40722968: -1 (93)
D/umd.troyd( 2241): android.widget.ImageView@40722d58: 2131558820 (94)
D/umd.troyd( 2241): android.widget.TextView: Stores (95)
D/umd.troyd( 2241): android.widget.RelativeLayout@40723c60: -1 (96)
D/umd.troyd( 2241): android.widget.Button:  (97)
D/umd.troyd( 2241): android.widget.ImageView@407247d0: 2131558823 (98)
D/umd.troyd( 2241): android.widget.LinearLayout@40724a60: 2131558542 (99)
