android.widget.LinearLayout@4059c490
android.widget.FrameLayout@4057fc58
android.widget.TextView: Hospitals Near Me FREE
android.widget.FrameLayout@40534b80
android.widget.LinearLayout@40631d08
android.widget.ListView@4056ac88
android.widget.LinearLayout@405f55c8
android.widget.ImageView@405f5a40
android.widget.TextView: 3.4 mi
android.widget.TableLayout@405a5ed0
android.widget.TableRow@405e7140
android.widget.TextView: Evergreen Healthcare
android.widget.TableRow@405e7b18
android.widget.TextView: Address , City
android.widget.TableRow@40688a78
android.widget.TextView: Phone Number
android.widget.LinearLayout@405eb008
android.widget.ImageView@405eb1e8
android.widget.TextView: 3.9 mi
android.widget.TableLayout@405eb8b8
android.widget.TableRow@405ebd90
android.widget.TextView: Group Health Eastside Hospital
android.widget.TableRow@40624ca8
android.widget.TextView: Address , City
android.widget.TableRow@406254c8
android.widget.TextView: Phone Number
android.widget.LinearLayout@405eeca0
android.widget.ImageView@405eeeb8
android.widget.TextView: 4.4 mi
android.widget.TableLayout@405f1780
android.widget.TableRow@405f1c58
android.widget.TextView: Careunit Hospital of Kirkland
android.widget.TableRow@405f2478
android.widget.TextView: Address , City
android.widget.TableRow@40553c30
android.widget.TextView: Phone Number
android.widget.LinearLayout@40672d40
android.widget.ImageView@40672f58
android.widget.TextView: 4.5 mi
android.widget.TableLayout@40673628
android.widget.TableRow@40673b00
android.widget.TextView: Fairfax Hospital
android.widget.TableRow@405ddd90
android.widget.TextView: Address , City
android.widget.TableRow@405de5b0
android.widget.TextView: Phone Number
android.widget.LinearLayout@40550238
android.widget.ImageView@40550450
android.widget.TextView: 5.6 mi
android.widget.TableLayout@40550b20
android.widget.TableRow@40550ff8
android.widget.TextView: Overlake Hospital Medical Center
android.widget.TableRow@405567b8
android.widget.TextView: Address , City
android.widget.TableRow@40556fd8
android.widget.TextView: Phone Number
android.widget.LinearLayout@405b8ba8
android.widget.ImageView@405b8dc0
android.widget.TextView: 7.5 mi
android.widget.TableLayout@405b9490
android.widget.TableRow@405a4078
android.widget.TextView: Firlawns Sanitarium
android.widget.TableRow@405a47b0
android.widget.TextView: Address , City
android.widget.TableRow@405a4fd0
android.widget.TextView: Phone Number
android.widget.TextView: Loading data
android.widget.LinearLayout@4059c490
android.widget.FrameLayout@4057fc58
android.widget.TextView: Hospitals Near Me FREE
android.widget.FrameLayout@40534b80
android.widget.LinearLayout@40631d08
android.widget.ListView@4056ac88
android.widget.LinearLayout@40550238
android.widget.ImageView@40550450
android.widget.TextView: 5.6 mi
android.widget.TableLayout@40550b20
android.widget.TableRow@40550ff8
android.widget.TextView: Overlake Hospital Medical Center
android.widget.TableRow@405567b8
android.widget.TextView: Address , City
android.widget.TableRow@40556fd8
android.widget.TextView: Phone Number
android.widget.LinearLayout@405b8ba8
android.widget.ImageView@405b8dc0
android.widget.TextView: 7.5 mi
android.widget.TableLayout@405b9490
android.widget.TableRow@405a4078
android.widget.TextView: Firlawns Sanitarium
android.widget.TableRow@405a47b0
android.widget.TextView: Address , City
android.widget.TableRow@405a4fd0
android.widget.TextView: Phone Number
android.widget.LinearLayout@405ed778
android.widget.ImageView@405ed990
android.widget.TextView: 7.8 mi
android.widget.TableLayout@40653e98
android.widget.TableRow@40654370
android.widget.TextView: Children's Hospital and Regional Medical Center
android.widget.TableRow@40654b90
android.widget.TextView: Address , City
android.widget.TableRow@406553b0
android.widget.TextView: Phone Number
android.widget.LinearLayout@4068acf0
android.widget.ImageView@4068af08
android.widget.TextView: 9.1 mi
android.widget.TableLayout@4068b5d8
android.widget.TableRow@4068bab0
android.widget.TextView: University Student Health Service
android.widget.TableRow@4068c2d0
android.widget.TextView: Address , City
android.widget.TableRow@4050cdb8
android.widget.TextView: Phone Number
android.widget.LinearLayout@4050dd78
android.widget.ImageView@4050df90
android.widget.TextView: 9.4 mi
android.widget.TableLayout@4050e660
android.widget.TableRow@4050eb38
android.widget.TextView: Firland Hospital
android.widget.TableRow@4050a678
android.widget.TextView: Address , City
android.widget.TableRow@4050ae98
android.widget.TextView: Phone Number
android.widget.LinearLayout@4050bed8
android.widget.ImageView@4050c0f0
android.widget.TextView: 9.4 mi
android.widget.TableLayout@4050c7c0
android.widget.TableRow@405cc308
android.widget.TextView: Kindred Hospital Seattle
android.widget.TableRow@405ccaf0
android.widget.TextView: Address , City
android.widget.TableRow@405cd310
android.widget.TextView: Phone Number
android.widget.TextView: Loading data
