android.widget.LinearLayout@40570298
android.widget.FrameLayout@40570a80
android.widget.TextView: Restaurant Finder
android.widget.FrameLayout@40571a68
android.widget.RelativeLayout@40571f20
android.widget.TextView: Loading my location...
android.widget.TextView: No contents.
android.widget.LinearLayout@40572e10
com.google.ads.AdView@40576888
g@40578d18
android.widget.ListView@405730e0
android.widget.LinearLayout@4066ae28
android.widget.LinearLayout@4066b040
android.widget.TextView: Pizza Plus-Rockaway
android.widget.LinearLayout@4066b6f8
android.widget.TextView: (718) 945-8730
android.widget.TextView: 4.45 Km
android.widget.TextView: Far Rockaway 5717 Shore Front Parkway, Arverne, NY
android.widget.LinearLayout@40669088
android.widget.LinearLayout@406692a0
android.widget.TextView: Irish Circle Tavern
android.widget.LinearLayout@40669958
android.widget.TextView: (718) 474-9002
android.widget.TextView: 4.48 Km
android.widget.TextView: 101-19 Rockaway Beach Boulevard New York, NY
android.widget.LinearLayout@406672e8
android.widget.LinearLayout@40667500
android.widget.TextView: 101 Deli
android.widget.LinearLayout@40667bb8
android.widget.TextView: (718) 634-1121
android.widget.TextView: 4.54 Km
android.widget.TextView: 100-16 Rockaway Beach Boulevard New York, NY
android.widget.LinearLayout@406651b8
android.widget.LinearLayout@406653d0
android.widget.TextView: Cuisine By Claudette
android.widget.LinearLayout@40665a88
android.widget.TextView: (718) 945-5511
android.widget.TextView: 4.59 Km
android.widget.TextView: 143 Beach 116th Street Rockaway Park, NY
android.widget.LinearLayout@405569c0
android.widget.LinearLayout@40556bd8
android.widget.TextView: The Tap & Grill
android.widget.LinearLayout@40557290
android.widget.TextView: (347) 246-6769
android.widget.TextView: 4.6 Km
android.widget.TextView: 97-20 Rockaway Beach Boulevard Queens, NY
android.widget.LinearLayout@40570298
android.widget.FrameLayout@40570a80
android.widget.TextView: Restaurant Finder
android.widget.FrameLayout@40571a68
android.widget.RelativeLayout@40571f20
android.widget.TextView: Loading my location...
android.widget.TextView: No contents.
android.widget.LinearLayout@40572e10
com.google.ads.AdView@40576888
g@40578d18
android.widget.ListView@405730e0
android.widget.LinearLayout@405569c0
android.widget.LinearLayout@40556bd8
android.widget.TextView: The Tap & Grill
android.widget.LinearLayout@40557290
android.widget.TextView: (347) 246-6769
android.widget.TextView: 4.6 Km
android.widget.TextView: 97-20 Rockaway Beach Boulevard Queens, NY
android.widget.LinearLayout@40696de8
android.widget.LinearLayout@40697000
android.widget.TextView: Surfside Bagels
android.widget.LinearLayout@406976b8
android.widget.TextView: (718) 634-3196
android.widget.TextView: 4.62 Km
android.widget.TextView: 95-11 Rockaway Beach Boulevard Rockaway Beach, NY
android.widget.LinearLayout@40698f30
android.widget.LinearLayout@40699148
android.widget.TextView: Rockaway Taco
android.widget.LinearLayout@40699800
android.widget.TextView: (347) 213-7466
android.widget.TextView: 4.62 Km
android.widget.TextView: 95-19 Rockaway Beach Boulevard Rockaway Beach, NY
android.widget.LinearLayout@4069b090
android.widget.LinearLayout@4069b2a8
android.widget.TextView: Ciro's Pizza
android.widget.LinearLayout@4069b960
android.widget.TextView: (718) 634-6800
android.widget.TextView: 4.64 Km
android.widget.TextView: 171 Beach 116th Street Rockaway Park, NY
android.widget.LinearLayout@4069ce48
android.widget.LinearLayout@4069d060
android.widget.TextView: La Joya Deceren Rest Corporation
android.widget.LinearLayout@4069d718
android.widget.TextView: (718) 318-1820
android.widget.TextView: 4.66 Km
android.widget.TextView: 11216 Rockaway Beach Boulevard Rockaway Park, NY
android.widget.LinearLayout@40570298
android.widget.FrameLayout@40570a80
android.widget.TextView: Restaurant Finder
android.widget.FrameLayout@40571a68
android.widget.RelativeLayout@40571f20
android.widget.TextView: Loading my location...
android.widget.TextView: No contents.
android.widget.LinearLayout@40572e10
com.google.ads.AdView@40576888
g@40578d18
android.widget.ListView@405730e0
android.widget.LinearLayout@4069ce48
android.widget.LinearLayout@4069d060
android.widget.TextView: La Joya Deceren Rest Corporation
android.widget.LinearLayout@4069d718
android.widget.TextView: (718) 318-1820
android.widget.TextView: 4.66 Km
android.widget.TextView: 11216 Rockaway Beach Boulevard Rockaway Park, NY
android.widget.LinearLayout@4066ae28
android.widget.LinearLayout@4066b040
android.widget.TextView: Elegante Restaurant & Pizzeria
android.widget.LinearLayout@4066b6f8
android.widget.TextView: (718) 634-3914
android.widget.TextView: 4.69 Km
android.widget.TextView: 9201 Far Rockaway, NY
android.widget.LinearLayout@40669088
android.widget.LinearLayout@406692a0
android.widget.TextView: New Kim Restaurant
android.widget.LinearLayout@40669958
android.widget.TextView: (718) 318-4881
android.widget.TextView: 4.72 Km
android.widget.TextView: 116-6 Rockaway Beach Boulevard New York, NY
android.widget.LinearLayout@406672e8
android.widget.LinearLayout@40667500
android.widget.TextView: Popeye's Chicken & Biscuits
android.widget.LinearLayout@40667bb8
android.widget.TextView: (212) 862-0635
android.widget.TextView: 4.76 Km
android.widget.TextView: 8515 Rockaway Beach Boulevard Rockaway Beach, NY
android.widget.LinearLayout@406651b8
android.widget.LinearLayout@406653d0
android.widget.TextView: 301 Chinese Restaurant
android.widget.LinearLayout@40665a88
android.widget.TextView: (718) 318-7800
android.widget.TextView: 4.76 Km
android.widget.TextView: 8603 Rockaway Beach Boulevard Rockaway Beach, NY
android.widget.LinearLayout@40570298
android.widget.FrameLayout@40570a80
android.widget.TextView: Restaurant Finder
android.widget.FrameLayout@40571a68
android.widget.RelativeLayout@40571f20
android.widget.TextView: Loading my location...
android.widget.TextView: No contents.
android.widget.LinearLayout@40572e10
com.google.ads.AdView@40576888
g@40578d18
android.widget.ListView@405730e0
android.widget.LinearLayout@406651b8
android.widget.LinearLayout@406653d0
android.widget.TextView: 301 Chinese Restaurant
android.widget.LinearLayout@40665a88
android.widget.TextView: (718) 318-7800
android.widget.TextView: 4.76 Km
android.widget.TextView: 8603 Rockaway Beach Boulevard Rockaway Beach, NY
android.widget.LinearLayout@405569c0
android.widget.LinearLayout@40556bd8
android.widget.TextView: Kam Fung Chinese Restaurant
android.widget.LinearLayout@40557290
android.widget.TextView: (718) 945-4400
android.widget.TextView: 4.78 Km
android.widget.TextView: 261 Beach 116th Street Far Rockaway, NY
android.widget.LinearLayout@40696de8
android.widget.LinearLayout@40697000
android.widget.TextView: Belle Harbor Steakhouse
android.widget.LinearLayout@406976b8
android.widget.TextView: (718) 318-5100
android.widget.TextView: 4.78 Km
android.widget.TextView: 268 Beach 116th Street Far Rockaway, NY
android.widget.LinearLayout@40698f30
android.widget.LinearLayout@40699148
android.widget.TextView: Last Stop Gourmet Shop
android.widget.LinearLayout@40699800
android.widget.TextView: (718) 945-6450
android.widget.TextView: 4.78 Km
android.widget.TextView: 2-22 Beach 116th Street Rockaway Park, NY
android.widget.LinearLayout@4069b090
android.widget.LinearLayout@4069b2a8
android.widget.TextView: Restaurant
android.widget.LinearLayout@4069b960
android.widget.TextView: (718) 634-5809
android.widget.TextView: 4.79 Km
android.widget.TextView: 8605 Rockaway Beach Boulevard Rockaway Beach, NY
android.widget.LinearLayout@40570298
android.widget.FrameLayout@40570a80
android.widget.TextView: Restaurant Finder
android.widget.FrameLayout@40571a68
android.widget.RelativeLayout@40571f20
android.widget.TextView: Loading my location...
android.widget.TextView: No contents.
android.widget.LinearLayout@40572e10
com.google.ads.AdView@40576888
g@40578d18
android.widget.ListView@405730e0
android.widget.LinearLayout@4069b090
android.widget.LinearLayout@4069b2a8
android.widget.TextView: Restaurant
android.widget.LinearLayout@4069b960
android.widget.TextView: (718) 634-5809
android.widget.TextView: 4.79 Km
android.widget.TextView: 8605 Rockaway Beach Boulevard Rockaway Beach, NY
android.widget.LinearLayout@4069ce48
android.widget.LinearLayout@4069d060
android.widget.TextView: La Playa Restaurant
android.widget.LinearLayout@4069d718
android.widget.TextView: (718) 318-8435
android.widget.TextView: 4.8 Km
android.widget.TextView: 87-16 Rockaway Beach Boulevard ROCKAWAY BEACH, NY
android.widget.LinearLayout@4066ae28
android.widget.LinearLayout@4066b040
android.widget.TextView: Fast Break
android.widget.LinearLayout@4066b6f8
android.widget.TextView: (718) 634-6808
android.widget.TextView: 4.8 Km
android.widget.TextView: 241 Beach 116th Street Far Rockaway, NY
android.widget.LinearLayout@40669088
android.widget.LinearLayout@406692a0
android.widget.TextView: Dragon Lee Chinese Kitchen
android.widget.LinearLayout@40669958
android.widget.TextView: (718) 634-5660
android.widget.TextView: 4.8 Km
android.widget.TextView: 8618 Rockaway Beach Boulevard Rockaway Beach, NY
android.widget.LinearLayout@406672e8
android.widget.LinearLayout@40667500
android.widget.TextView: O'Sake Japanese Restaurant
android.widget.LinearLayout@40667bb8
android.widget.TextView: (718) 945-8888
android.widget.TextView: 4.87 Km
android.widget.TextView: 263 Beach 116th Street Rockaway Park, NY
android.widget.LinearLayout@40570298
android.widget.FrameLayout@40570a80
android.widget.TextView: Restaurant Finder
android.widget.FrameLayout@40571a68
android.widget.RelativeLayout@40571f20
android.widget.TextView: Loading my location...
android.widget.TextView: No contents.
android.widget.LinearLayout@40572e10
com.google.ads.AdView@40576888
g@40578d18
android.widget.ListView@405730e0
android.widget.LinearLayout@406672e8
android.widget.LinearLayout@40667500
android.widget.TextView: O'Sake Japanese Restaurant
android.widget.LinearLayout@40667bb8
android.widget.TextView: (718) 945-8888
android.widget.TextView: 4.87 Km
android.widget.TextView: 263 Beach 116th Street Rockaway Park, NY
android.widget.LinearLayout@406651b8
android.widget.LinearLayout@406653d0
android.widget.TextView: Empire Wok
android.widget.LinearLayout@40665a88
android.widget.TextView: (718) 474-7711
android.widget.TextView: 4.9 Km
android.widget.TextView: 11407 Beach Channel Dr ROCKAWAY PARK, NY 11694
android.widget.LinearLayout@405569c0
android.widget.LinearLayout@40556bd8
android.widget.TextView: Wharf Bar & Grill
android.widget.LinearLayout@40557290
android.widget.TextView: (718) 474-8807
android.widget.TextView: 5.0 Km
android.widget.TextView: 416 Beach 116th Street Far Rockaway, NY
android.widget.LinearLayout@40696de8
android.widget.LinearLayout@40697000
android.widget.TextView: Thai Rock
android.widget.LinearLayout@406976b8
android.widget.TextView: (646) 455-3991
android.widget.TextView: 5.02 Km
android.widget.TextView: 375 Beach 92nd Street Rockaway Beach, NY
android.widget.LinearLayout@40698f30
android.widget.LinearLayout@40699148
android.widget.TextView: McDonald's
android.widget.LinearLayout@40699800
android.widget.TextView: (718) 474-6678
android.widget.TextView: 5.02 Km
android.widget.TextView: 9118 Beach Channel Drive Rockaway Beach, NY
android.widget.LinearLayout@40570298
android.widget.FrameLayout@40570a80
android.widget.TextView: Restaurant Finder
android.widget.FrameLayout@40571a68
android.widget.RelativeLayout@40571f20
android.widget.TextView: Loading my location...
android.widget.TextView: No contents.
android.widget.LinearLayout@40572e10
com.google.ads.AdView@40576888
g@40578d18
android.widget.ListView@405730e0
android.widget.LinearLayout@40698f30
android.widget.LinearLayout@40699148
android.widget.TextView: McDonald's
android.widget.LinearLayout@40699800
android.widget.TextView: (718) 474-6678
android.widget.TextView: 5.02 Km
android.widget.TextView: 9118 Beach Channel Drive Rockaway Beach, NY
android.widget.LinearLayout@4069b090
android.widget.LinearLayout@4069b2a8
android.widget.TextView: Plum Tomatoes Pizzeria
android.widget.LinearLayout@4069b960
android.widget.TextView: (718) 474-1775
android.widget.TextView: 5.23 Km
android.widget.TextView: 420 Beach 129th Street Rockaway Park, NY
android.widget.LinearLayout@4069ce48
android.widget.LinearLayout@4069d060
android.widget.TextView: Rockaway Seafood Company
android.widget.LinearLayout@4069d718
android.widget.TextView: (718) 945-3474
android.widget.TextView: 5.24 Km
android.widget.TextView: 419 Beach 129th Street Rockaway Park, NY
android.widget.LinearLayout@4066ae28
android.widget.LinearLayout@4066b040
android.widget.TextView: East Meets West
android.widget.LinearLayout@4066b6f8
android.widget.TextView: (718) 474-5999
android.widget.TextView: 5.25 Km
android.widget.TextView: 421 Beach 129th St # A Rockaway Park, NY
android.widget.LinearLayout@40669088
android.widget.LinearLayout@406692a0
android.widget.TextView: Goody's BBQ Chicken & Ribs
android.widget.LinearLayout@40669958
android.widget.TextView: (718) 318-9616
android.widget.TextView: 5.39 Km
android.widget.TextView: 7018 Amstel Boulevard Far Rockaway, NY
android.widget.LinearLayout@40570298
android.widget.FrameLayout@40570a80
android.widget.TextView: Restaurant Finder
android.widget.FrameLayout@40571a68
android.widget.RelativeLayout@40571f20
android.widget.TextView: Loading my location...
android.widget.TextView: No contents.
android.widget.LinearLayout@40572e10
com.google.ads.AdView@40576888
g@40578d18
android.widget.ListView@405730e0
android.widget.LinearLayout@4066ae28
android.widget.LinearLayout@4066b040
android.widget.TextView: East Meets West
android.widget.LinearLayout@4066b6f8
android.widget.TextView: (718) 474-5999
android.widget.TextView: 5.25 Km
android.widget.TextView: 421 Beach 129th St # A Rockaway Park, NY
android.widget.LinearLayout@40669088
android.widget.LinearLayout@406692a0
android.widget.TextView: Goody's BBQ Chicken & Ribs
android.widget.LinearLayout@40669958
android.widget.TextView: (718) 318-9616
android.widget.TextView: 5.39 Km
android.widget.TextView: 7018 Amstel Boulevard Far Rockaway, NY
android.widget.LinearLayout@406672e8
android.widget.LinearLayout@40667500
android.widget.TextView: Happy Wok Restaurant
android.widget.LinearLayout@40667bb8
android.widget.TextView: (718) 945-1202
android.widget.TextView: 5.43 Km
android.widget.TextView: 66-19 Beach Channel Drive New York, NY
android.widget.LinearLayout@406651b8
android.widget.LinearLayout@406653d0
android.widget.TextView: Bayview Restaurant & Catering Hall
android.widget.LinearLayout@40665a88
android.widget.TextView: (718) 634-4555
android.widget.TextView: 6.06 Km
android.widget.TextView: 22-25 Van Brunt Road Broad Channel, NY
android.widget.LinearLayout@405569c0
android.widget.LinearLayout@40556bd8
android.widget.TextView: aqua house
android.widget.LinearLayout@40557290
android.widget.TextView: (718) 318-2888
android.widget.TextView: 6.08 Km
android.widget.TextView: 2227 Van Brunt Road Broad Channel, NY
