android.widget.LinearLayout@40623df8
android.widget.FrameLayout@406245e0
android.widget.TextView: Hospitals Near Me FREE
android.widget.FrameLayout@405848c0
android.widget.LinearLayout@40584cc8
android.widget.ListView@40585148
android.widget.LinearLayout@40572eb0
android.widget.ImageView@40573328
android.widget.TextView: 3.1 mi
android.widget.TableLayout@40573f70
android.widget.TableRow@40574828
android.widget.TextView: Group Health Eastside Hospital
android.widget.TableRow@40541f88
android.widget.TextView: Address , City
android.widget.TableRow@40542840
android.widget.TextView: Phone Number
android.widget.LinearLayout@405439d0
android.widget.ImageView@40543be8
android.widget.TextView: 3.2 mi
android.widget.TableLayout@40636d78
android.widget.TableRow@40637150
android.widget.TextView: Evergreen Healthcare
android.widget.TableRow@40637960
android.widget.TextView: Address , City
android.widget.TableRow@40638180
android.widget.TextView: Phone Number
android.widget.LinearLayout@40639190
android.widget.ImageView@406393a8
android.widget.TextView: 4.1 mi
android.widget.TableLayout@40639a78
android.widget.TableRow@4066e258
android.widget.TextView: Careunit Hospital of Kirkland
android.widget.TableRow@4066e980
android.widget.TextView: Address , City
android.widget.TableRow@4066f1a0
android.widget.TextView: Phone Number
android.widget.LinearLayout@40670208
android.widget.ImageView@40670420
android.widget.TextView: 4.1 mi
android.widget.TableLayout@40670af0
android.widget.TableRow@40670fc8
android.widget.TextView: Fairfax Hospital
android.widget.TableRow@40649e10
android.widget.TextView: Address , City
android.widget.TableRow@4064a630
android.widget.TextView: Phone Number
android.widget.LinearLayout@4064b730
android.widget.ImageView@4064b948
android.widget.TextView: 4.6 mi
android.widget.TableLayout@4064c018
android.widget.TableRow@4064c4f0
android.widget.TextView: Overlake Hospital Medical Center
android.widget.TableRow@4064cd10
android.widget.TextView: Address , City
android.widget.TableRow@40686178
android.widget.TextView: Phone Number
android.widget.LinearLayout@40687298
android.widget.ImageView@406874b0
android.widget.TextView: 6.8 mi
android.widget.TableLayout@40687b80
android.widget.TableRow@40688058
android.widget.TextView: Children's Hospital and Regional Medical Center
android.widget.TableRow@40688878
android.widget.TextView: Address , City
android.widget.TableRow@40689098
android.widget.TextView: Phone Number
android.widget.TextView: Loading data
android.widget.LinearLayout@40623df8
android.widget.FrameLayout@406245e0
android.widget.TextView: Hospitals Near Me FREE
android.widget.FrameLayout@405848c0
android.widget.LinearLayout@40584cc8
android.widget.ListView@40585148
android.widget.LinearLayout@40687298
android.widget.ImageView@406874b0
android.widget.TextView: 6.8 mi
android.widget.TableLayout@40687b80
android.widget.TableRow@40688058
android.widget.TextView: Children's Hospital and Regional Medical Center
android.widget.TableRow@40688878
android.widget.TextView: Address , City
android.widget.TableRow@40689098
android.widget.TextView: Phone Number
android.widget.LinearLayout@40681440
android.widget.ImageView@40681658
android.widget.TextView: 7.3 mi
android.widget.TableLayout@40681cd8
android.widget.TableRow@406821b0
android.widget.TextView: Firlawns Sanitarium
android.widget.TableRow@406829d0
android.widget.TextView: Address , City
android.widget.TableRow@406831f0
android.widget.TextView: Phone Number
android.widget.LinearLayout@406841e8
android.widget.ImageView@40684400
android.widget.TextView: 8.1 mi
android.widget.TableLayout@40684ad0
android.widget.TableRow@40684fa8
android.widget.TextView: University Student Health Service
android.widget.TableRow@406857c8
android.widget.TextView: Address , City
android.widget.TableRow@406509a0
android.widget.TextView: Phone Number
android.widget.LinearLayout@406519b8
android.widget.ImageView@40651bd0
android.widget.TextView: 8.7 mi
android.widget.TableLayout@406522a0
android.widget.TableRow@40652778
android.widget.TextView: Kindred Hospital Seattle
android.widget.TableRow@40652f98
android.widget.TextView: Address , City
android.widget.TableRow@406537b8
android.widget.TextView: Phone Number
android.widget.LinearLayout@406547f8
android.widget.ImageView@40654a10
android.widget.TextView: 8.9 mi
android.widget.TableLayout@406550e0
android.widget.TableRow@406555b8
android.widget.TextView: Firland Hospital
android.widget.TableRow@40655dd8
android.widget.TextView: Address , City
android.widget.TableRow@4058c290
android.widget.TextView: Phone Number
android.widget.LinearLayout@4058d2f0
android.widget.ImageView@4058d508
android.widget.TextView: 9.1 mi
android.widget.TableLayout@4058dbd8
android.widget.TableRow@4058e0b0
android.widget.TextView: Group Health Central Hospital
android.widget.TableRow@4058e8d0
android.widget.TextView: Address , City
android.widget.TableRow@4058f0f0
android.widget.TextView: Phone Number
android.widget.TextView: Loading data
android.widget.LinearLayout@40623df8
android.widget.FrameLayout@406245e0
android.widget.TextView: Hospitals Near Me FREE
android.widget.FrameLayout@405848c0
android.widget.LinearLayout@40584cc8
android.widget.ListView@40585148
android.widget.LinearLayout@4058d2f0
android.widget.ImageView@4058d508
android.widget.TextView: 9.1 mi
android.widget.TableLayout@4058dbd8
android.widget.TableRow@4058e0b0
android.widget.TextView: Group Health Central Hospital
android.widget.TableRow@4058e8d0
android.widget.TextView: Address , City
android.widget.TableRow@4058f0f0
android.widget.TextView: Phone Number
android.widget.LinearLayout@40572eb0
android.widget.ImageView@40573328
android.widget.TextView: 9.5 mi
android.widget.TableLayout@40573f70
android.widget.TableRow@40574828
android.widget.TextView: Swedish Medical Center-Cherry Hill Campus
android.widget.TableRow@40541f88
android.widget.TextView: Address , City
android.widget.TableRow@40542840
android.widget.TextView: Phone Number
android.widget.LinearLayout@405439d0
android.widget.ImageView@40543be8
android.widget.TextView: 9.6 mi
android.widget.TableLayout@40636d78
android.widget.TableRow@40637150
android.widget.TextView: Northwest Hospital and Medical Center
android.widget.TableRow@40637960
android.widget.TextView: Address , City
android.widget.TableRow@40638180
android.widget.TextView: Phone Number
android.widget.LinearLayout@40639190
android.widget.ImageView@406393a8
android.widget.TextView: 9.6 mi
android.widget.TableLayout@40639a78
android.widget.TableRow@4066e258
android.widget.TextView: Seattle Cancer Care Alliance
android.widget.TableRow@4066e980
android.widget.TextView: Address , City
android.widget.TableRow@4066f1a0
android.widget.TextView: Phone Number
android.widget.LinearLayout@40670208
android.widget.ImageView@40670420
android.widget.TextView: 9.8 mi
android.widget.TableLayout@40670af0
android.widget.TableRow@40670fc8
android.widget.TextView: Swedish Health Services
android.widget.TableRow@40649e10
android.widget.TextView: Address , City
android.widget.TableRow@4064a630
android.widget.TextView: Phone Number
android.widget.LinearLayout@4064b730
android.widget.ImageView@4064b948
android.widget.TextView: 9.8 mi
android.widget.TableLayout@4064c018
android.widget.TableRow@4064c4f0
android.widget.TextView: Seattle General Hospital
android.widget.TableRow@4064cd10
android.widget.TextView: Address , City
android.widget.TableRow@40686178
android.widget.TextView: Phone Number
android.widget.TextView: Loading data
