android.widget.FrameLayout@40652ac0
android.widget.RelativeLayout@40657c30
android.widget.LinearLayout@4062a7f0
android.view.View@4070b2d8
android.widget.RelativeLayout@406365b0
android.widget.TextView: Regular
android.view.View@406ad6b8
android.view.View@40706230
android.widget.RelativeLayout@406af0a0
android.widget.TextView: Midgrade
android.view.View@406b96c8
android.view.View@40707bd0
android.widget.RelativeLayout@406f18d8
android.widget.TextView: Premium
android.view.View@406f9fb0
android.view.View@40709938
android.widget.RelativeLayout@406fbd60
android.widget.TextView: Diesel
android.view.View@40702ae0
android.view.View@4070d050
android.view.View@40527a98
android.widget.LinearLayout@405e49c8
android.widget.RelativeLayout@405ec5f0
android.widget.ImageView@405f52e8
android.widget.TextView: Reload
android.widget.RelativeLayout@40631d98
android.widget.ImageView@40632280
android.widget.TextView: Sort By Price
android.widget.RelativeLayout@40632760
android.widget.ImageView@40634110
android.widget.TextView: Map View
android.view.View@4061e3e0
gbis.gbandroid.views.layouts.CustomListView@40643430
android.widget.RelativeLayout@40554258
com.google.ads.AdView@405e6af8
android.gesture.GestureOverlayView@40629d40
android.widget.FrameLayout@406571c0
com.google.ads.internal.AdWebView@405100b8
android.widget.TableLayout@405fcea0
android.widget.TableRow@405fd430
android.widget.RelativeLayout@405fdab0
android.widget.RelativeLayout@40699af8
android.widget.TextView: 3.13
android.widget.TextView: 9
android.widget.TextView: 1 hour ago
android.widget.TextView: Update
android.widget.RelativeLayout@4065c3d8
android.widget.ImageView@4057c6b8
android.widget.TextView: Exxon
android.widget.TextView: 8302 Abrams Rd & Royal Ln
android.widget.TextView: Dallas, TX
android.widget.TextView: 0.53 mi
android.widget.TableLayout@406f0ea8
android.widget.TableRow@406f4140
android.widget.RelativeLayout@406f75f0
android.widget.RelativeLayout@406f78a0
android.widget.TextView: 3.12
android.widget.TextView: 9
android.widget.TextView: 49 minutes ago
android.widget.TextView: Update
android.widget.RelativeLayout@406feb68
android.widget.ImageView@40701be8
android.widget.TextView: Texaco
android.widget.TextView: 9100 Forest  Ln & Greenville 
android.widget.TextView: Dallas, TX
android.widget.TextView: 0.69 mi
android.widget.TableLayout@406c15e8
android.widget.TableRow@406c4940
android.widget.RelativeLayout@406c7d18
android.widget.RelativeLayout@406c80f0
android.widget.TextView: 3.12
android.widget.TextView: 9
android.widget.TextView: 31 minutes ago
android.widget.TextView: Update
android.widget.RelativeLayout@406d1f28
android.widget.ImageView@406d21c0
android.widget.TextView: Chevron
android.widget.TextView: 9455 Forest Ln & Abrams Rd
android.widget.TextView: Dallas, TX
android.widget.TextView: 1.01 mi
android.widget.TableLayout@406e2670
android.widget.TableRow@40581fa0
android.widget.RelativeLayout@405ff2c8
android.widget.RelativeLayout@40602528
android.widget.TextView: 3.09
android.widget.TextView: 9
android.widget.TextView: 5 hours ago
android.widget.TextView: Update
android.widget.RelativeLayout@4069be80
android.widget.ImageView@4069eff8
android.widget.TextView: RaceTrac
android.widget.TextView: 12250 Greenville Ave & Markville Dr
android.widget.TextView: Dallas, TX
android.widget.TextView: 1.11 mi
android.widget.RelativeLayout@40688ff0
android.widget.FrameLayout@40652ac0
android.widget.RelativeLayout@40657c30
android.widget.LinearLayout@4062a7f0
android.view.View@4070b2d8
android.widget.RelativeLayout@406365b0
android.widget.TextView: Regular
android.view.View@406ad6b8
android.view.View@40706230
android.widget.RelativeLayout@406af0a0
android.widget.TextView: Midgrade
android.view.View@406b96c8
android.view.View@40707bd0
android.widget.RelativeLayout@406f18d8
android.widget.TextView: Premium
android.view.View@406f9fb0
android.view.View@40709938
android.widget.RelativeLayout@406fbd60
android.widget.TextView: Diesel
android.view.View@40702ae0
android.view.View@4070d050
android.view.View@40527a98
android.widget.LinearLayout@405e49c8
android.widget.RelativeLayout@405ec5f0
android.widget.ImageView@405f52e8
android.widget.TextView: Reload
android.widget.RelativeLayout@40631d98
android.widget.ImageView@40632280
android.widget.TextView: Sort By Price
android.widget.RelativeLayout@40632760
android.widget.ImageView@40634110
android.widget.TextView: Map View
android.view.View@4061e3e0
gbis.gbandroid.views.layouts.CustomListView@40643430
android.widget.TableLayout@406e2670
android.widget.TableRow@40581fa0
android.widget.RelativeLayout@405ff2c8
android.widget.RelativeLayout@40602528
android.widget.TextView: 3.09
android.widget.TextView: 9
android.widget.TextView: 5 hours ago
android.widget.TextView: Update
android.widget.RelativeLayout@4069be80
android.widget.ImageView@4069eff8
android.widget.TextView: RaceTrac
android.widget.TextView: 12250 Greenville Ave & Markville Dr
android.widget.TextView: Dallas, TX
android.widget.TextView: 1.11 mi
android.widget.TableLayout@4078ecd0
android.widget.TableRow@4078f2a0
android.widget.RelativeLayout@4078f960
android.widget.RelativeLayout@4078fd38
android.widget.TextView: 3.09
android.widget.TextView: 9
android.widget.TextView: 6 hours ago
android.widget.TextView: Update
android.widget.RelativeLayout@40791548
android.widget.ImageView@40791920
android.widget.TextView: Shell
android.widget.TextView: 9351 LBJ Fwy & Abrams Rd
android.widget.TextView: Dallas, TX
android.widget.TextView: 1.15 mi
android.widget.TableLayout@4079f3f0
android.widget.TableRow@4079f9c0
android.widget.RelativeLayout@407a0080
android.widget.RelativeLayout@407a0458
android.widget.TextView: 3.09
android.widget.TextView: 9
android.widget.TextView: 20 hours ago
android.widget.TextView: Update
android.widget.RelativeLayout@407a1c68
android.widget.ImageView@407a2040
android.widget.TextView: Valero
android.widget.TextView: 8380 Meadow Ln & Greenville Ave
android.widget.TextView: Dallas, TX
android.widget.TextView: 1.15 mi
android.widget.TableLayout@407afce0
android.widget.TableRow@407b02b0
android.widget.RelativeLayout@40592dc0
android.widget.RelativeLayout@405c6060
android.widget.TextView: 3.19
android.widget.TextView: 9
android.widget.TextView: 1 hour ago
android.widget.TextView: Update
android.widget.RelativeLayout@405d6030
android.widget.ImageView@405a8ac8
android.widget.TextView: Texaco
android.widget.TextView: 9301 LBJ Fwy & Pinyon Tree Ln
android.widget.TextView: Dallas, TX
android.widget.TextView: 1.17 mi
android.widget.TableLayout@40564178
android.widget.TableRow@40549ed0
android.widget.RelativeLayout@405e4780
android.widget.RelativeLayout@4061d080
android.widget.TextView: 3.09
android.widget.TextView: 9
android.widget.TextView: Sun 1:44 PM
android.widget.TextView: Update
android.widget.RelativeLayout@40620e88
android.widget.ImageView@405b2528
android.widget.TextView: Exxon
android.widget.TextView: 9501 Forest Ln & LBJ Fwy
android.widget.TextView: Dallas, TX
android.widget.TextView: 1.19 mi
android.widget.RelativeLayout@40688ff0
android.widget.FrameLayout@40652ac0
android.widget.RelativeLayout@40657c30
android.widget.LinearLayout@4062a7f0
android.view.View@4070b2d8
android.widget.RelativeLayout@406365b0
android.widget.TextView: Regular
android.view.View@406ad6b8
android.view.View@40706230
android.widget.RelativeLayout@406af0a0
android.widget.TextView: Midgrade
android.view.View@406b96c8
android.view.View@40707bd0
android.widget.RelativeLayout@406f18d8
android.widget.TextView: Premium
android.view.View@406f9fb0
android.view.View@40709938
android.widget.RelativeLayout@406fbd60
android.widget.TextView: Diesel
android.view.View@40702ae0
android.view.View@4070d050
android.view.View@40527a98
android.widget.LinearLayout@405e49c8
android.widget.RelativeLayout@405ec5f0
android.widget.ImageView@405f52e8
android.widget.TextView: Reload
android.widget.RelativeLayout@40631d98
android.widget.ImageView@40632280
android.widget.TextView: Sort By Price
android.widget.RelativeLayout@40632760
android.widget.ImageView@40634110
android.widget.TextView: Map View
android.view.View@4061e3e0
gbis.gbandroid.views.layouts.CustomListView@40643430
android.widget.TableLayout@405f0690
android.widget.TableRow@4059f8e8
android.widget.RelativeLayout@4066d808
android.widget.RelativeLayout@406703d0
android.widget.TextView: 3.09
android.widget.TextView: 9
android.widget.TextView: Sun 1:44 PM
android.widget.TextView: Update
android.widget.RelativeLayout@4067a0e8
android.widget.ImageView@40658808
android.widget.TextView: Exxon
android.widget.TextView: 9501 Forest Ln & LBJ Fwy
android.widget.TextView: Dallas, TX
android.widget.TextView: 1.19 mi
android.widget.TableLayout@405eca90
android.widget.TableRow@40586d88
android.widget.RelativeLayout@406544a8
android.widget.RelativeLayout@406614f0
android.widget.TextView: 3.09
android.widget.TextView: 9
android.widget.TextView: 4 minutes ago
android.widget.TextView: Update
android.widget.RelativeLayout@4066a178
android.widget.ImageView@405f7c60
android.widget.TextView: RaceTrac
android.widget.TextView: 8124 Forest Ln & Schroeder Ln
android.widget.TextView: Dallas, TX
android.widget.TextView: 1.22 mi
android.widget.TableLayout@405eac98
android.widget.TableRow@40564b48
android.widget.RelativeLayout@40639630
android.widget.RelativeLayout@40645100
android.widget.TextView: 3.09
android.widget.TextView: 9
android.widget.TextView: 1 hour ago
android.widget.TextView: Update
android.widget.RelativeLayout@40652528
android.widget.ImageView@405e0958
android.widget.TextView: QuikTrip
android.widget.TextView: 9500 Forest Ln & IH-635
android.widget.TextView: Dallas, TX
android.widget.TextView: 1.23 mi
android.widget.RelativeLayout@40688ff0
android.widget.FrameLayout@40652ac0
android.widget.RelativeLayout@40657c30
android.widget.LinearLayout@4062a7f0
android.view.View@4070b2d8
android.widget.RelativeLayout@406365b0
android.widget.TextView: Regular
android.view.View@406ad6b8
android.view.View@40706230
android.widget.RelativeLayout@406af0a0
android.widget.TextView: Midgrade
android.view.View@406b96c8
android.view.View@40707bd0
android.widget.RelativeLayout@406f18d8
android.widget.TextView: Premium
android.view.View@406f9fb0
android.view.View@40709938
android.widget.RelativeLayout@406fbd60
android.widget.TextView: Diesel
android.view.View@40702ae0
android.view.View@4070d050
android.view.View@40527a98
android.widget.LinearLayout@405e49c8
android.widget.RelativeLayout@405ec5f0
android.widget.ImageView@405f52e8
android.widget.TextView: Reload
android.widget.RelativeLayout@40631d98
android.widget.ImageView@40632280
android.widget.TextView: Sort By Price
android.widget.RelativeLayout@40632760
android.widget.ImageView@40634110
android.widget.TextView: Map View
android.view.View@4061e3e0
gbis.gbandroid.views.layouts.CustomListView@40643430
android.widget.TableLayout@405eac98
android.widget.TableRow@40564b48
android.widget.RelativeLayout@40639630
android.widget.RelativeLayout@40645100
android.widget.TextView: 3.09
android.widget.TextView: 9
android.widget.TextView: 1 hour ago
android.widget.TextView: Update
android.widget.RelativeLayout@40652528
android.widget.ImageView@405e0958
android.widget.TextView: QuikTrip
android.widget.TextView: 9500 Forest Ln & IH-635
android.widget.TextView: Dallas, TX
android.widget.TextView: 1.23 mi
android.widget.TableLayout@405d49e8
android.widget.TableRow@4055f6c0
android.widget.RelativeLayout@40621130
android.widget.RelativeLayout@40622a98
android.widget.TextView: --
android.widget.TextView: 9
android.widget.TextView: 4 minutes ago
android.widget.TextView: Report Price
android.widget.RelativeLayout@406242b8
android.widget.ImageView@405ddd80
android.widget.TextView: Shamrock
android.widget.TextView: 8484 Walnut Hill Ln & Greenville Ave
android.widget.TextView: Dallas, TX
android.widget.TextView: 1.23 mi
android.widget.TableLayout@40564178
android.widget.TableRow@40549ed0
android.widget.RelativeLayout@405e4780
android.widget.RelativeLayout@4061d080
android.widget.TextView: 3.41
android.widget.TextView: 9
android.widget.TextView: 5 hours ago
android.widget.TextView: Update
android.widget.RelativeLayout@40620e88
android.widget.ImageView@405b2528
android.widget.TextView: Texaco
android.widget.TextView: 10950 N Central Expy   & Royal Ln
android.widget.TextView: Dallas, TX
android.widget.TextView: 1.25 mi
android.widget.TableLayout@4060c8a0
android.widget.TableRow@405bb5a8
android.widget.RelativeLayout@406801b0
android.widget.RelativeLayout@40689d68
android.widget.TextView: 3.23
android.widget.TextView: 9
android.widget.TextView: Mon 10:15 AM
android.widget.TextView: Update
android.widget.RelativeLayout@40601430
android.widget.ImageView@406673b0
android.widget.TextView: Texaco
android.widget.TextView: 7470 Greenville Ave & Walnut Hill Ln
android.widget.TextView: Dallas, TX
android.widget.TextView: 1.3 mi
android.widget.TableLayout@4060f810
android.widget.TableRow@405bd2a0
android.widget.RelativeLayout@407015c0
android.widget.RelativeLayout@40598630
android.widget.TextView: 3.11
android.widget.TextView: 9
android.widget.TextView: 9 hours ago
android.widget.TextView: Update
android.widget.RelativeLayout@405a0e98
android.widget.ImageView@4068b090
android.widget.TextView: Tom Thumb
android.widget.TextView: 8698 Skillman St & Royal Ln
android.widget.TextView: Dallas, TX
android.widget.TextView: 1.43 mi
android.widget.RelativeLayout@40688ff0
android.widget.FrameLayout@40652ac0
android.widget.RelativeLayout@40657c30
android.widget.LinearLayout@4062a7f0
android.view.View@4070b2d8
android.widget.RelativeLayout@406365b0
android.widget.TextView: Regular
android.view.View@406ad6b8
android.view.View@40706230
android.widget.RelativeLayout@406af0a0
android.widget.TextView: Midgrade
android.view.View@406b96c8
android.view.View@40707bd0
android.widget.RelativeLayout@406f18d8
android.widget.TextView: Premium
android.view.View@406f9fb0
android.view.View@40709938
android.widget.RelativeLayout@406fbd60
android.widget.TextView: Diesel
android.view.View@40702ae0
android.view.View@4070d050
android.view.View@40527a98
android.widget.LinearLayout@405e49c8
android.widget.RelativeLayout@405ec5f0
android.widget.ImageView@405f52e8
android.widget.TextView: Reload
android.widget.RelativeLayout@40631d98
android.widget.ImageView@40632280
android.widget.TextView: Sort By Price
android.widget.RelativeLayout@40632760
android.widget.ImageView@40634110
android.widget.TextView: Map View
android.view.View@4061e3e0
gbis.gbandroid.views.layouts.CustomListView@40643430
android.widget.TableLayout@4060f810
android.widget.TableRow@405bd2a0
android.widget.RelativeLayout@407015c0
android.widget.RelativeLayout@40598630
android.widget.TextView: 3.11
android.widget.TextView: 9
android.widget.TextView: 9 hours ago
android.widget.TextView: Update
android.widget.RelativeLayout@405a0e98
android.widget.ImageView@4068b090
android.widget.TextView: Tom Thumb
android.widget.TextView: 8698 Skillman St & Royal Ln
android.widget.TextView: Dallas, TX
android.widget.TextView: 1.43 mi
android.widget.TableLayout@406fd3c0
android.widget.TableRow@406c5220
android.widget.RelativeLayout@405bdbf0
android.widget.RelativeLayout@40566aa8
android.widget.TextView: 3.33
android.widget.TextView: 9
android.widget.TextView: 56 minutes ago
android.widget.TextView: Update
android.widget.RelativeLayout@4061e7e8
android.widget.ImageView@40627910
android.widget.TextView: Chevron
android.widget.TextView: 7950 Forest Ln & Central Expy
android.widget.TextView: Dallas, TX
android.widget.TextView: 1.52 mi
android.widget.TableLayout@405e6908
android.widget.TableRow@4061aef0
android.widget.RelativeLayout@4066e418
android.widget.RelativeLayout@40686220
android.widget.TextView: 3.21
android.widget.TextView: 9
android.widget.TextView: 5 hours ago
android.widget.TextView: Update
android.widget.RelativeLayout@40662378
android.widget.ImageView@405c8ab8
android.widget.TextView: Shell
android.widget.TextView: 10405 N Central Expy & Meadow Rd
android.widget.TextView: Dallas, TX
android.widget.TextView: 1.57 mi
android.widget.TableLayout@405e2458
android.widget.TableRow@40599740
android.widget.RelativeLayout@405f6818
android.widget.RelativeLayout@406a6140
android.widget.TextView: --
android.widget.TextView: 9
android.widget.TextView: time
android.widget.TextView: Report Price
android.widget.RelativeLayout@40687378
android.widget.ImageView@40709498
android.widget.TextView: Get N Go
android.widget.TextView: 11424 Audelia Rd & Summertree Ln
android.widget.TextView: Dallas, TX
android.widget.TextView: 1.76 mi
android.widget.TableLayout@405bc148
android.widget.TableRow@406a6388
android.widget.RelativeLayout@406c1e18
android.widget.RelativeLayout@406743e8
android.widget.TextView: 3.09
android.widget.TextView: 9
android.widget.TextView: 15 hours ago
android.widget.TextView: Update
android.widget.RelativeLayout@406b4720
android.widget.ImageView@407038f8
android.widget.TextView: Chevron
android.widget.TextView: 9791 Forest Ln & Audelia Rd
android.widget.TextView: Dallas, TX
android.widget.TextView: 1.79 mi
android.widget.RelativeLayout@40688ff0
android.widget.FrameLayout@40652ac0
android.widget.RelativeLayout@40657c30
android.widget.LinearLayout@4062a7f0
android.view.View@4070b2d8
android.widget.RelativeLayout@406365b0
android.widget.TextView: Regular
android.view.View@406ad6b8
android.view.View@40706230
android.widget.RelativeLayout@406af0a0
android.widget.TextView: Midgrade
android.view.View@406b96c8
android.view.View@40707bd0
android.widget.RelativeLayout@406f18d8
android.widget.TextView: Premium
android.view.View@406f9fb0
android.view.View@40709938
android.widget.RelativeLayout@406fbd60
android.widget.TextView: Diesel
android.view.View@40702ae0
android.view.View@4070d050
android.view.View@40527a98
android.widget.LinearLayout@405e49c8
android.widget.RelativeLayout@405ec5f0
android.widget.ImageView@405f52e8
android.widget.TextView: Reload
android.widget.RelativeLayout@40631d98
android.widget.ImageView@40632280
android.widget.TextView: Sort By Price
android.widget.RelativeLayout@40632760
android.widget.ImageView@40634110
android.widget.TextView: Map View
android.view.View@4061e3e0
gbis.gbandroid.views.layouts.CustomListView@40643430
android.widget.TableLayout@405bc148
android.widget.TableRow@406a6388
android.widget.RelativeLayout@406c1e18
android.widget.RelativeLayout@406743e8
android.widget.TextView: 3.09
android.widget.TextView: 9
android.widget.TextView: 15 hours ago
android.widget.TextView: Update
android.widget.RelativeLayout@406b4720
android.widget.ImageView@407038f8
android.widget.TextView: Chevron
android.widget.TextView: 9791 Forest Ln & Audelia Rd
android.widget.TextView: Dallas, TX
android.widget.TextView: 1.79 mi
android.widget.TableLayout@406c1a90
android.widget.TableRow@406cf228
android.widget.RelativeLayout@406dcda0
android.widget.RelativeLayout@406e0480
android.widget.TextView: 3.09
android.widget.TextView: 9
android.widget.TextView: 1 hour ago
android.widget.TextView: Update
android.widget.RelativeLayout@4071dbc8
android.widget.ImageView@40617850
android.widget.TextView: QuikTrip
android.widget.TextView: 7104 Greenville Ave & Phoenix Dr 
android.widget.TextView: Dallas, TX
android.widget.TextView: 1.84 mi
android.widget.TableLayout@4069c3c8
android.widget.TableRow@406195e0
android.widget.RelativeLayout@4067a830
android.widget.RelativeLayout@4063f938
android.widget.TextView: 3.09
android.widget.TextView: 9
android.widget.TextView: 2 minutes ago
android.widget.TextView: Update
android.widget.RelativeLayout@40794eb0
android.widget.ImageView@40795190
android.widget.TextView: RaceTrac
android.widget.TextView: 7057 Greenville Ave & Park Ln
android.widget.TextView: Dallas, TX
android.widget.TextView: 1.85 mi
android.widget.TableLayout@40690ec8
android.widget.TableRow@40671090
android.widget.RelativeLayout@40629630
android.widget.RelativeLayout@4067e4e0
android.widget.TextView: 3.09
android.widget.TextView: 9
android.widget.TextView: 4 hours ago
android.widget.TextView: Update
android.widget.RelativeLayout@4068e770
android.widget.ImageView@4068ea50
android.widget.TextView: Chevron
android.widget.TextView: 13010 Abrams Rd & Walnut St
android.widget.TextView: Richardson, TX
android.widget.TextView: 1.88 mi
android.widget.TableLayout@406d1ad8
android.widget.TableRow@40638648
android.widget.RelativeLayout@405ea500
android.widget.RelativeLayout@4067da98
android.widget.TextView: --
android.widget.TextView: 9
android.widget.TextView: time
android.widget.TextView: Report Price
android.widget.RelativeLayout@40610850
android.widget.ImageView@40600c20
android.widget.TextView: Shell
android.widget.TextView: 9701 N Central Expy & Walnut Hill Ln
android.widget.TextView: Dallas, TX
android.widget.TextView: 1.89 mi
android.widget.RelativeLayout@40688ff0
android.widget.FrameLayout@40652ac0
android.widget.RelativeLayout@40657c30
android.widget.LinearLayout@4062a7f0
android.view.View@4070b2d8
android.widget.RelativeLayout@406365b0
android.widget.TextView: Regular
android.view.View@406ad6b8
android.view.View@40706230
android.widget.RelativeLayout@406af0a0
android.widget.TextView: Midgrade
android.view.View@406b96c8
android.view.View@40707bd0
android.widget.RelativeLayout@406f18d8
android.widget.TextView: Premium
android.view.View@406f9fb0
android.view.View@40709938
android.widget.RelativeLayout@406fbd60
android.widget.TextView: Diesel
android.view.View@40702ae0
android.view.View@4070d050
android.view.View@40527a98
android.widget.LinearLayout@405e49c8
android.widget.RelativeLayout@405ec5f0
android.widget.ImageView@405f52e8
android.widget.TextView: Reload
android.widget.RelativeLayout@40631d98
android.widget.ImageView@40632280
android.widget.TextView: Sort By Price
android.widget.RelativeLayout@40632760
android.widget.ImageView@40634110
android.widget.TextView: Map View
android.view.View@4061e3e0
gbis.gbandroid.views.layouts.CustomListView@40643430
android.widget.TableLayout@406d1ad8
android.widget.TableRow@40638648
android.widget.RelativeLayout@405ea500
android.widget.RelativeLayout@4067da98
android.widget.TextView: --
android.widget.TextView: 9
android.widget.TextView: time
android.widget.TextView: Report Price
android.widget.RelativeLayout@40610850
android.widget.ImageView@40600c20
android.widget.TextView: Shell
android.widget.TextView: 9701 N Central Expy & Walnut Hill Ln
android.widget.TextView: Dallas, TX
android.widget.TextView: 1.89 mi
android.widget.TableLayout@406a8bf8
android.widget.TableRow@406b9cc8
android.widget.RelativeLayout@406bce60
android.widget.RelativeLayout@406bd238
android.widget.TextView: 3.19
android.widget.TextView: 9
android.widget.TextView: Sun 10:20 PM
android.widget.TextView: Update
android.widget.RelativeLayout@40565cc8
android.widget.ImageView@40566088
android.widget.TextView: 7-Eleven
android.widget.TextView: 9230 Skillman St & Adleta Rd
android.widget.TextView: Dallas, TX
android.widget.TextView: 1.96 mi
android.widget.TableLayout@4070a9b0
android.widget.TableRow@4070af48
android.widget.RelativeLayout@4057aad0
android.widget.RelativeLayout@4057aea8
android.widget.TextView: 3.13
android.widget.TextView: 9
android.widget.TextView: 5 minutes ago
android.widget.TextView: Update
android.widget.RelativeLayout@407ad058
android.widget.ImageView@407ad3d8
android.widget.TextView: Chevron
android.widget.TextView: 8209 Park Ln & Greenville Ave
android.widget.TextView: Dallas, TX
android.widget.TextView: 2.11 mi
android.widget.TableLayout@406d3410
android.widget.TableRow@406d39e0
android.widget.RelativeLayout@40692278
android.widget.RelativeLayout@40692650
android.widget.TextView: 3.39
android.widget.TextView: 9
android.widget.TextView: 3 hours ago
android.widget.TextView: Update
android.widget.RelativeLayout@406d9ff8
android.widget.ImageView@406da3b8
android.widget.TextView: Texaco
android.widget.TextView: 12968 Coit Rd & IH-635
android.widget.TextView: Dallas, TX
android.widget.TextView: 2.12 mi
android.widget.TableLayout@406adb50
android.widget.TableRow@406ae028
android.widget.RelativeLayout@406ae6a8
android.widget.RelativeLayout@406aea80
android.widget.TextView: --
android.widget.TextView: 9
android.widget.TextView: time
android.widget.TextView: Report Price
android.widget.RelativeLayout@406c9168
android.widget.ImageView@406c9508
android.widget.TextView: Conoco
android.widget.TextView: 6769 Abrams Rd & Park Ln
android.widget.TextView: Dallas, TX
android.widget.TextView: 2.14 mi
android.widget.RelativeLayout@40688ff0
android.widget.FrameLayout@40652ac0
android.widget.RelativeLayout@40657c30
android.widget.LinearLayout@4062a7f0
android.view.View@4070b2d8
android.widget.RelativeLayout@406365b0
android.widget.TextView: Regular
android.view.View@406ad6b8
android.view.View@40706230
android.widget.RelativeLayout@406af0a0
android.widget.TextView: Midgrade
android.view.View@406b96c8
android.view.View@40707bd0
android.widget.RelativeLayout@406f18d8
android.widget.TextView: Premium
android.view.View@406f9fb0
android.view.View@40709938
android.widget.RelativeLayout@406fbd60
android.widget.TextView: Diesel
android.view.View@40702ae0
android.view.View@4070d050
android.view.View@40527a98
android.widget.LinearLayout@405e49c8
android.widget.RelativeLayout@405ec5f0
android.widget.ImageView@405f52e8
android.widget.TextView: Reload
android.widget.RelativeLayout@40631d98
android.widget.ImageView@40632280
android.widget.TextView: Sort By Price
android.widget.RelativeLayout@40632760
android.widget.ImageView@40634110
android.widget.TextView: Map View
android.view.View@4061e3e0
gbis.gbandroid.views.layouts.CustomListView@40643430
android.widget.TableLayout@406adb50
android.widget.TableRow@406ae028
android.widget.RelativeLayout@406ae6a8
android.widget.RelativeLayout@406aea80
android.widget.TextView: --
android.widget.TextView: 9
android.widget.TextView: time
android.widget.TextView: Report Price
android.widget.RelativeLayout@406c9168
android.widget.ImageView@406c9508
android.widget.TextView: Conoco
android.widget.TextView: 6769 Abrams Rd & Park Ln
android.widget.TextView: Dallas, TX
android.widget.TextView: 2.14 mi
android.widget.TableLayout@407c9140
android.widget.TableRow@407c9710
android.widget.RelativeLayout@407c9db0
android.widget.RelativeLayout@407ca188
android.widget.TextView: 3.18
android.widget.TextView: 9
android.widget.TextView: 18 hours ago
android.widget.TextView: Update
android.widget.RelativeLayout@407cb998
android.widget.ImageView@407cbd70
android.widget.TextView: 7-Eleven
android.widget.TextView: 9750 Walnut Hill Ln & Audelia Rd
android.widget.TextView: Dallas, TX
android.widget.TextView: 2.16 mi
android.widget.TableLayout@407d95b8
android.widget.TableRow@407d9b88
android.widget.RelativeLayout@407da248
android.widget.RelativeLayout@407da620
android.widget.TextView: 3.09
android.widget.TextView: 9
android.widget.TextView: 2 minutes ago
android.widget.TextView: Update
android.widget.RelativeLayout@40592dc0
android.widget.ImageView@4057a530
android.widget.TextView: 7-Eleven
android.widget.TextView: 6881 Greenville Ave & Park Ln
android.widget.TextView: Dallas, TX
android.widget.TextView: 2.18 mi
android.widget.TableLayout@40564178
android.widget.TableRow@40549ed0
android.widget.RelativeLayout@405c6060
android.widget.RelativeLayout@405e4780
android.widget.TextView: 3.19
android.widget.TextView: 9
android.widget.TextView: 3 hours ago
android.widget.TextView: Update
android.widget.RelativeLayout@40601430
android.widget.ImageView@405a8ac8
android.widget.TextView: Valero
android.widget.TextView: 13205 Maham Rd & Central Expy
android.widget.TextView: Dallas, TX
android.widget.TextView: 2.22 mi
android.widget.TableLayout@40580e20
android.widget.TableRow@4055f6c0
android.widget.RelativeLayout@4061d080
android.widget.RelativeLayout@40620080
android.widget.TextView: --
android.widget.TextView: 9
android.widget.TextView: time
android.widget.TextView: Report Price
android.widget.RelativeLayout@40620e88
android.widget.ImageView@405b2528
android.widget.TextView: Valero
android.widget.TextView: 6666 Skillman St & Walling Ln
android.widget.TextView: Dallas, TX
android.widget.TextView: 2.25 mi
android.widget.RelativeLayout@40688ff0
android.widget.FrameLayout@40652ac0
android.widget.RelativeLayout@40657c30
android.widget.LinearLayout@4062a7f0
android.view.View@4070b2d8
android.widget.RelativeLayout@406365b0
android.widget.TextView: Regular
android.view.View@406ad6b8
android.view.View@40706230
android.widget.RelativeLayout@406af0a0
android.widget.TextView: Midgrade
android.view.View@406b96c8
android.view.View@40707bd0
android.widget.RelativeLayout@406f18d8
android.widget.TextView: Premium
android.view.View@406f9fb0
android.view.View@40709938
android.widget.RelativeLayout@406fbd60
android.widget.TextView: Diesel
android.view.View@40702ae0
android.view.View@4070d050
android.view.View@40527a98
android.widget.LinearLayout@405e49c8
android.widget.RelativeLayout@405ec5f0
android.widget.ImageView@405f52e8
android.widget.TextView: Reload
android.widget.RelativeLayout@40631d98
android.widget.ImageView@40632280
android.widget.TextView: Sort By Price
android.widget.RelativeLayout@40632760
android.widget.ImageView@40634110
android.widget.TextView: Map View
android.view.View@4061e3e0
gbis.gbandroid.views.layouts.CustomListView@40643430
android.widget.TableLayout@405f0690
android.widget.TableRow@4059f8e8
android.widget.RelativeLayout@406801b0
android.widget.RelativeLayout@40686220
android.widget.TextView: --
android.widget.TextView: 9
android.widget.TextView: 15 hours ago
android.widget.TextView: Report Price
android.widget.RelativeLayout@40689d68
android.widget.ImageView@405e0958
android.widget.TextView: Valero
android.widget.TextView: 6666 Skillman St & Walling Ln
android.widget.TextView: Dallas, TX
android.widget.TextView: 2.25 mi
android.widget.TableLayout@405eca90
android.widget.TableRow@40586d88
android.widget.RelativeLayout@4066e418
android.widget.RelativeLayout@4067a0e8
android.widget.TextView: 3.13
android.widget.TextView: 9
android.widget.TextView: 4 hours ago
android.widget.TextView: Update
android.widget.RelativeLayout@4067e4e0
android.widget.ImageView@405dee18
android.widget.TextView: Circle K
android.widget.TextView: 9616 Audelia Rd & Walnut Hill Ln
android.widget.TextView: Dallas, TX
android.widget.TextView: 2.25 mi
android.widget.TableLayout@405eac98
android.widget.TableRow@40581fa0
android.widget.RelativeLayout@406614f0
android.widget.RelativeLayout@4066a178
android.widget.TextView: 3.09
android.widget.TextView: 9
android.widget.TextView: 3 hours ago
android.widget.TextView: Update
android.widget.RelativeLayout@4066d808
android.widget.ImageView@405ddd80
android.widget.TextView: 7-Eleven
android.widget.TextView: 6556 Skillman St & Walling Ln
android.widget.TextView: Dallas, TX
android.widget.TextView: 2.29 mi
android.widget.TableLayout@405d49e8
android.widget.TableRow@40564b48
android.widget.RelativeLayout@40622a98
android.widget.RelativeLayout@40652528
android.widget.TextView: 3.15
android.widget.TextView: 9
android.widget.TextView: 15 hours ago
android.widget.TextView: Update
android.widget.RelativeLayout@40657010
android.widget.ImageView@405bb420
android.widget.TextView: Shell
android.widget.TextView: 9790 Walnut St & Audelia Rd
android.widget.TextView: Dallas, TX
android.widget.TextView: 2.3 mi
android.widget.TableLayout@40580e20
android.widget.TableRow@4055f6c0
android.widget.RelativeLayout@4061d080
android.widget.RelativeLayout@40620080
android.widget.TextView: 3.09
android.widget.TextView: 9
android.widget.TextView: 15 hours ago
android.widget.TextView: Update
android.widget.RelativeLayout@40620e88
android.widget.ImageView@405b2528
android.widget.TextView: 7-Eleven
android.widget.TextView: 9820 Walnut St & Audelia Rd
android.widget.TextView: Dallas, TX
android.widget.TextView: 2.35 mi
android.widget.RelativeLayout@40688ff0
android.widget.FrameLayout@40652ac0
android.widget.RelativeLayout@40657c30
android.widget.LinearLayout@4062a7f0
android.view.View@4070b2d8
android.widget.RelativeLayout@406365b0
android.widget.TextView: Regular
android.view.View@406ad6b8
android.view.View@40706230
android.widget.RelativeLayout@406af0a0
android.widget.TextView: Midgrade
android.view.View@406b96c8
android.view.View@40707bd0
android.widget.RelativeLayout@406f18d8
android.widget.TextView: Premium
android.view.View@406f9fb0
android.view.View@40709938
android.widget.RelativeLayout@406fbd60
android.widget.TextView: Diesel
android.view.View@40702ae0
android.view.View@4070d050
android.view.View@40527a98
android.widget.LinearLayout@405e49c8
android.widget.RelativeLayout@405ec5f0
android.widget.ImageView@405f52e8
android.widget.TextView: Reload
android.widget.RelativeLayout@40631d98
android.widget.ImageView@40632280
android.widget.TextView: Sort By Price
android.widget.RelativeLayout@40632760
android.widget.ImageView@40634110
android.widget.TextView: Map View
android.view.View@4061e3e0
gbis.gbandroid.views.layouts.CustomListView@40643430
android.widget.TableLayout@40580e20
android.widget.TableRow@4055f6c0
android.widget.RelativeLayout@4061d080
android.widget.RelativeLayout@40620080
android.widget.TextView: 3.09
android.widget.TextView: 9
android.widget.TextView: 15 hours ago
android.widget.TextView: Update
android.widget.RelativeLayout@40620e88
android.widget.ImageView@405b2528
android.widget.TextView: 7-Eleven
android.widget.TextView: 9820 Walnut St & Audelia Rd
android.widget.TextView: Dallas, TX
android.widget.TextView: 2.35 mi
android.widget.TableLayout@4061aed8
android.widget.TableRow@40671838
android.widget.RelativeLayout@406c1a90
android.widget.RelativeLayout@405b10c8
android.widget.TextView: 3.13
android.widget.TextView: 9
android.widget.TextView: 15 hours ago
android.widget.TextView: Update
android.widget.RelativeLayout@406173c0
android.widget.ImageView@40707948
android.widget.TextView: 7-Eleven
android.widget.TextView: 10340 Forest Ln & Skillman St
android.widget.TextView: Dallas, TX
android.widget.TextView: 2.36 mi
android.widget.TableLayout@405cf620
android.widget.TableRow@40631458
android.widget.RelativeLayout@406330e0
android.widget.RelativeLayout@40703898
android.widget.TextView: 3.08
android.widget.TextView: 9
android.widget.TextView: 15 hours ago
android.widget.TextView: Update
android.widget.RelativeLayout@406f9c50
android.widget.ImageView@4070a790
android.widget.TextView: Sam's Club
android.widget.TextView: 6185 Retail Rd  & Skillman St
android.widget.TextView: Dallas, TX
android.widget.TextView: 2.44 mi
android.widget.TableLayout@40660fe8
android.widget.TableRow@4066c8d8
android.widget.RelativeLayout@4069bde8
android.widget.RelativeLayout@4079f3a8
android.widget.TextView: 3.09
android.widget.TextView: 9
android.widget.TextView: 4 hours ago
android.widget.TextView: Update
android.widget.RelativeLayout@407ce570
android.widget.ImageView@406d44a0
android.widget.TextView: QuikTrip
android.widget.TextView: 6060 Skillman St & Eastridge Dr
android.widget.TextView: Dallas, TX
android.widget.TextView: 2.5 mi
android.widget.TableLayout@406cd9a8
android.widget.TableRow@406d7500
android.widget.RelativeLayout@4063b1a0
android.widget.RelativeLayout@40666088
android.widget.TextView: 3.08
android.widget.TextView: 9
android.widget.TextView: 3 hours ago
android.widget.TextView: Update
android.widget.RelativeLayout@40710200
android.widget.ImageView@406cfc80
android.widget.TextView: Murphy USA
android.widget.TextView: 13739 N Central Expy & Midpark Dr
android.widget.TextView: Dallas, TX
android.widget.TextView: 2.57 mi
android.widget.RelativeLayout@40688ff0
android.widget.FrameLayout@40652ac0
android.widget.RelativeLayout@40657c30
android.widget.LinearLayout@4062a7f0
android.view.View@4070b2d8
android.widget.RelativeLayout@406365b0
android.widget.TextView: Regular
android.view.View@406ad6b8
android.view.View@40706230
android.widget.RelativeLayout@406af0a0
android.widget.TextView: Midgrade
android.view.View@406b96c8
android.view.View@40707bd0
android.widget.RelativeLayout@406f18d8
android.widget.TextView: Premium
android.view.View@406f9fb0
android.view.View@40709938
android.widget.RelativeLayout@406fbd60
android.widget.TextView: Diesel
android.view.View@40702ae0
android.view.View@4070d050
android.view.View@40527a98
android.widget.LinearLayout@405e49c8
android.widget.RelativeLayout@405ec5f0
android.widget.ImageView@405f52e8
android.widget.TextView: Reload
android.widget.RelativeLayout@40631d98
android.widget.ImageView@40632280
android.widget.TextView: Sort By Price
android.widget.RelativeLayout@40632760
android.widget.ImageView@40634110
android.widget.TextView: Map View
android.view.View@4061e3e0
gbis.gbandroid.views.layouts.CustomListView@40643430
android.widget.TableLayout@406cd9a8
android.widget.TableRow@406d7500
android.widget.RelativeLayout@4063b1a0
android.widget.RelativeLayout@40666088
android.widget.TextView: 3.08
android.widget.TextView: 9
android.widget.TextView: 3 hours ago
android.widget.TextView: Update
android.widget.RelativeLayout@40710200
android.widget.ImageView@406cfc80
android.widget.TextView: Murphy USA
android.widget.TextView: 13739 N Central Expy & Midpark Dr
android.widget.TextView: Dallas, TX
android.widget.TextView: 2.57 mi
android.widget.TableLayout@407a1350
android.widget.TableRow@407a2600
android.widget.RelativeLayout@407a2cc8
android.widget.RelativeLayout@407a3128
android.widget.TextView: 3.19
android.widget.TextView: 9
android.widget.TextView: 2 hours ago
android.widget.TextView: Update
android.widget.RelativeLayout@4068bda8
android.widget.ImageView@406fc4f8
android.widget.TextView: Shell
android.widget.TextView: 13910 N Central Expy & TI Blvd
android.widget.TextView: Dallas, TX
android.widget.TextView: 2.64 mi
android.widget.TableLayout@40636c68
android.widget.TableRow@4070db48
android.widget.RelativeLayout@407adcb0
android.widget.RelativeLayout@407adf90
android.widget.TextView: 3.21
android.widget.TextView: 9
android.widget.TextView: Sun 2:26 PM
android.widget.TextView: Update
android.widget.RelativeLayout@406a8628
android.widget.ImageView@406a8950
android.widget.TextView: Shell
android.widget.TextView: 6449 Greenville Ave & Wellons Dr
android.widget.TextView: Dallas, TX
android.widget.TextView: 2.74 mi
android.widget.TableLayout@406d4d38
android.widget.TableRow@406d52c8
android.widget.RelativeLayout@40619f00
android.widget.RelativeLayout@406a1c48
android.widget.TextView: 3.11
android.widget.TextView: 9
android.widget.TextView: 5 hours ago
android.widget.TextView: Update
android.widget.RelativeLayout@406cdf70
android.widget.ImageView@406ce2f0
android.widget.TextView: Texaco
android.widget.TextView: 10560 New Church Rd &  Plano Rd
android.widget.TextView: Dallas, TX
android.widget.TextView: 2.74 mi
android.widget.TableLayout@40653018
android.widget.TableRow@40653490
android.widget.RelativeLayout@4071cb20
android.widget.RelativeLayout@4071cef8
android.widget.TextView: 3.09
android.widget.TextView: 9
android.widget.TextView: 3 hours ago
android.widget.TextView: Update
android.widget.RelativeLayout@40655fa8
android.widget.ImageView@40601a88
android.widget.TextView: RaceTrac
android.widget.TextView: 10707 Miller Rd & Plano Rd
android.widget.TextView: Dallas, TX
android.widget.TextView: 2.76 mi
android.widget.RelativeLayout@40688ff0
android.widget.FrameLayout@40652ac0
android.widget.RelativeLayout@40657c30
android.widget.LinearLayout@4062a7f0
android.view.View@4070b2d8
android.widget.RelativeLayout@406365b0
android.widget.TextView: Regular
android.view.View@406ad6b8
android.view.View@40706230
android.widget.RelativeLayout@406af0a0
android.widget.TextView: Midgrade
android.view.View@406b96c8
android.view.View@40707bd0
android.widget.RelativeLayout@406f18d8
android.widget.TextView: Premium
android.view.View@406f9fb0
android.view.View@40709938
android.widget.RelativeLayout@406fbd60
android.widget.TextView: Diesel
android.view.View@40702ae0
android.view.View@4070d050
android.view.View@40527a98
android.widget.LinearLayout@405e49c8
android.widget.RelativeLayout@405ec5f0
android.widget.ImageView@405f52e8
android.widget.TextView: Reload
android.widget.RelativeLayout@40631d98
android.widget.ImageView@40632280
android.widget.TextView: Sort By Price
android.widget.RelativeLayout@40632760
android.widget.ImageView@40634110
android.widget.TextView: Map View
android.view.View@4061e3e0
gbis.gbandroid.views.layouts.CustomListView@40643430
android.widget.TableLayout@40653018
android.widget.TableRow@40653490
android.widget.RelativeLayout@4071cb20
android.widget.RelativeLayout@4071cef8
android.widget.TextView: 3.09
android.widget.TextView: 9
android.widget.TextView: 3 hours ago
android.widget.TextView: Update
android.widget.RelativeLayout@40655fa8
android.widget.ImageView@40601a88
android.widget.TextView: RaceTrac
android.widget.TextView: 10707 Miller Rd & Plano Rd
android.widget.TextView: Dallas, TX
android.widget.TextView: 2.76 mi
android.widget.TableLayout@407fc320
android.widget.TableRow@407fc8f0
android.widget.RelativeLayout@407fcfb0
android.widget.RelativeLayout@407fd388
android.widget.TextView: 3.17
android.widget.TextView: 9
android.widget.TextView: 3 hours ago
android.widget.TextView: Update
android.widget.RelativeLayout@407feb98
android.widget.ImageView@407fef70
android.widget.TextView: Texaco
android.widget.TextView: 701 W Spring Valley Rd & US-75 exit 23
android.widget.TextView: Richardson, TX
android.widget.TextView: 2.83 mi
android.widget.TableLayout@4080c868
android.widget.TableRow@4080ce38
android.widget.RelativeLayout@4080d4f8
android.widget.RelativeLayout@4080d8d0
android.widget.TextView: 3.19
android.widget.TextView: 9
android.widget.TextView: 5 hours ago
android.widget.TextView: Update
android.widget.RelativeLayout@4080f0e0
android.widget.ImageView@4080f4b8
android.widget.TextView: Shell
android.widget.TextView: 10650 New Church Rd & IH-635
android.widget.TextView: Dallas, TX
android.widget.TextView: 2.85 mi
android.widget.TableLayout@40564178
android.widget.TableRow@40549ed0
android.widget.RelativeLayout@40546ef8
android.widget.RelativeLayout@40589a30
android.widget.TextView: --
android.widget.TextView: 9
android.widget.TextView: time
android.widget.TextView: Report Price
android.widget.RelativeLayout@40592dc0
android.widget.ImageView@40557a68
android.widget.TextView: Texaco
android.widget.TextView: 10550 Walnut St & N Plano Rd
android.widget.TextView: Dallas, TX
android.widget.TextView: 2.87 mi
android.widget.TableLayout@405cf620
android.widget.TableRow@4055f6c0
android.widget.RelativeLayout@405b6108
android.widget.RelativeLayout@405bd2a0
android.widget.TextView: 3.19
android.widget.TextView: 9
android.widget.TextView: 2 hours ago
android.widget.TextView: Update
android.widget.RelativeLayout@405c6060
android.widget.ImageView@4057a530
android.widget.TextView: Chevron
android.widget.TextView: 710 W Spring Valley Rd & US-75 exit 23
android.widget.TextView: Richardson, TX
android.widget.TextView: 2.88 mi
android.widget.RelativeLayout@40688ff0
android.widget.FrameLayout@40652ac0
android.widget.RelativeLayout@40657c30
android.widget.LinearLayout@4062a7f0
android.view.View@4070b2d8
android.widget.RelativeLayout@406365b0
android.widget.TextView: Regular
android.view.View@406ad6b8
android.view.View@40706230
android.widget.RelativeLayout@406af0a0
android.widget.TextView: Midgrade
android.view.View@406b96c8
android.view.View@40707bd0
android.widget.RelativeLayout@406f18d8
android.widget.TextView: Premium
android.view.View@406f9fb0
android.view.View@40709938
android.widget.RelativeLayout@406fbd60
android.widget.TextView: Diesel
android.view.View@40702ae0
android.view.View@4070d050
android.view.View@40527a98
android.widget.LinearLayout@405e49c8
android.widget.RelativeLayout@405ec5f0
android.widget.ImageView@405f52e8
android.widget.TextView: Reload
android.widget.RelativeLayout@40631d98
android.widget.ImageView@40632280
android.widget.TextView: Sort By Price
android.widget.RelativeLayout@40632760
android.widget.ImageView@40634110
android.widget.TextView: Map View
android.view.View@4061e3e0
gbis.gbandroid.views.layouts.CustomListView@40643430
android.widget.TableLayout@405cf620
android.widget.TableRow@4055f6c0
android.widget.RelativeLayout@405b6108
android.widget.RelativeLayout@405bd2a0
android.widget.TextView: 3.19
android.widget.TextView: 9
android.widget.TextView: 2 hours ago
android.widget.TextView: Update
android.widget.RelativeLayout@405c6060
android.widget.ImageView@4057a530
android.widget.TextView: Chevron
android.widget.TextView: 710 W Spring Valley Rd & US-75 exit 23
android.widget.TextView: Richardson, TX
android.widget.TextView: 2.88 mi
android.widget.TableLayout@405d49e8
android.widget.TableRow@40564b48
android.widget.RelativeLayout@405e4780
android.widget.RelativeLayout@40601430
android.widget.TextView: 3.15
android.widget.TextView: 9
android.widget.TextView: Mon 10:30 AM
android.widget.TextView: Update
android.widget.RelativeLayout@4061d080
android.widget.ImageView@40582610
android.widget.TextView: Shell
android.widget.TextView: 6505 East Northwest Hwy & Abrams Rd
android.widget.TextView: Dallas, TX
android.widget.TextView: 2.88 mi
android.widget.TableLayout@405eca90
android.widget.TableRow@40581fa0
android.widget.RelativeLayout@40620e88
android.widget.RelativeLayout@40622a98
android.widget.TextView: --
android.widget.TextView: 9
android.widget.TextView: time
android.widget.TextView: Report Price
android.widget.RelativeLayout@40623f70
android.widget.ImageView@405a8ac8
android.widget.TextView: Texaco
android.widget.TextView: 12307 Plano Rd & Pineridge Dr
android.widget.TextView: Dallas, TX
android.widget.TextView: 2.9 mi
android.widget.TableLayout@405f0690
android.widget.TableRow@40586d88
android.widget.RelativeLayout@4062e9e0
android.widget.RelativeLayout@4064edb8
android.widget.TextView: 3.15
android.widget.TextView: 9
android.widget.TextView: 18 hours ago
android.widget.TextView: Update
android.widget.RelativeLayout@40652528
android.widget.ImageView@405b2528
android.widget.TextView: Texaco
android.widget.TextView: 6500 E Northwest Hwy & Abrams
android.widget.TextView: Dallas, TX
android.widget.TextView: 2.91 mi
android.widget.TableLayout@405fe530
android.widget.TableRow@4059f8e8
android.widget.RelativeLayout@406614f0
android.widget.RelativeLayout@4066a178
android.widget.TextView: 3.24
android.widget.TextView: 9
android.widget.TextView: 5 hours ago
android.widget.TextView: Update
android.widget.RelativeLayout@4066d808
android.widget.ImageView@405c8ff0
android.widget.TextView: Chevron
android.widget.TextView: 236 E Spring Valley Rd & S Greenville Ave
android.widget.TextView: Richardson, TX
android.widget.TextView: 2.93 mi
android.widget.RelativeLayout@40688ff0
