android.widget.FrameLayout@4067c310
android.widget.RelativeLayout@40689f28
android.widget.LinearLayout@4061aa38
android.view.View@40701be0
android.widget.RelativeLayout@40567318
android.widget.TextView: Regular
android.view.View@4065c338
android.view.View@40701820
android.widget.RelativeLayout@4065c530
android.widget.TextView: Midgrade
android.view.View@406169b0
android.view.View@40701980
android.widget.RelativeLayout@40676020
android.widget.TextView: Premium
android.view.View@40676b88
android.view.View@40701ab0
android.widget.RelativeLayout@406e9e10
android.widget.TextView: Diesel
android.view.View@406ea8e8
android.view.View@40701d00
android.view.View@407032b0
android.widget.LinearLayout@40703478
android.widget.RelativeLayout@40709918
android.widget.ImageView@4071b368
android.widget.TextView: Reload
android.widget.RelativeLayout@40721c08
android.widget.ImageView@40725120
android.widget.TextView: Sort By Price
android.widget.RelativeLayout@4072bbf8
android.widget.ImageView@4072f3b8
android.widget.TextView: Map View
android.view.View@4061a190
gbis.gbandroid.views.layouts.CustomListView@407065e8
android.widget.RelativeLayout@406f56f0
com.google.ads.AdView@4061ba98
android.gesture.GestureOverlayView@4062a800
android.widget.FrameLayout@4061be40
com.google.ads.internal.AdWebView@407399e0
android.widget.TableLayout@40780e78
android.widget.TableRow@40781448
android.widget.RelativeLayout@40781b08
android.widget.RelativeLayout@40781ee0
android.widget.TextView: 3.99
android.widget.TextView: 9
android.widget.TextView: Mon 2:55 AM
android.widget.TextView: Update
android.widget.RelativeLayout@407836f0
android.widget.ImageView@40783ac8
android.widget.TextView: Shell
android.widget.TextView: 667 Coe Ave & CT-142
android.widget.TextView: East Haven, CT
android.widget.TextView: 0.71 mi
android.widget.TableLayout@4077a8b0
android.widget.TableRow@4077ae80
android.widget.RelativeLayout@4077b540
android.widget.RelativeLayout@4077b918
android.widget.TextView: --
android.widget.TextView: 9
android.widget.TextView: time
android.widget.TextView: Report Price
android.widget.RelativeLayout@4077d128
android.widget.ImageView@4077d500
android.widget.TextView: D'urso's
android.widget.TextView: 38 Townsend  & Morris Cove Rd
android.widget.TextView: East Haven, CT
android.widget.TextView: 0.95 mi
android.widget.TableLayout@40760898
android.widget.TableRow@40760e68
android.widget.RelativeLayout@40761528
android.widget.RelativeLayout@40761900
android.widget.TextView: 3.99
android.widget.TextView: 9
android.widget.TextView: Mon 2:55 AM
android.widget.TextView: Update
android.widget.RelativeLayout@40763110
android.widget.ImageView@407634e8
android.widget.TextView: Valero
android.widget.TextView: 227 Saltonstall Parkway & Sanford 
android.widget.TextView: East Haven, CT
android.widget.TextView: 1.78 mi
android.widget.TableLayout@40759f40
android.widget.TableRow@4075a510
android.widget.RelativeLayout@4075abd0
android.widget.RelativeLayout@4075afa8
android.widget.TextView: --
android.widget.TextView: 9
android.widget.TextView: time
android.widget.TextView: Report Price
android.widget.RelativeLayout@4075c7b8
android.widget.ImageView@4075cb90
android.widget.TextView: Frank's Gas & Service
android.widget.TextView: 439 Main St & Pardee Pl
android.widget.TextView: East Haven, CT
android.widget.TextView: 1.81 mi
android.widget.TableLayout@40693a00
android.widget.TableRow@406943b0
android.widget.RelativeLayout@406952e8
android.widget.RelativeLayout@40695798
android.widget.TextView: 3.89
android.widget.TextView: 9
android.widget.TextView: 17 hours ago
android.widget.TextView: Update
android.widget.RelativeLayout@406971d8
android.widget.ImageView@406975f8
android.widget.TextView: Hess
android.widget.TextView: 22 Frontage Rd & Kimberly Ave
android.widget.TextView: East Haven, CT
android.widget.TextView: 1.99 mi
android.widget.RelativeLayout@406f5118
android.widget.FrameLayout@4067c310
android.widget.RelativeLayout@40689f28
android.widget.LinearLayout@4061aa38
android.view.View@40701be0
android.widget.RelativeLayout@40567318
android.widget.TextView: Regular
android.view.View@4065c338
android.view.View@40701820
android.widget.RelativeLayout@4065c530
android.widget.TextView: Midgrade
android.view.View@406169b0
android.view.View@40701980
android.widget.RelativeLayout@40676020
android.widget.TextView: Premium
android.view.View@40676b88
android.view.View@40701ab0
android.widget.RelativeLayout@406e9e10
android.widget.TextView: Diesel
android.view.View@406ea8e8
android.view.View@40701d00
android.view.View@407032b0
android.widget.LinearLayout@40703478
android.widget.RelativeLayout@40709918
android.widget.ImageView@4071b368
android.widget.TextView: Reload
android.widget.RelativeLayout@40721c08
android.widget.ImageView@40725120
android.widget.TextView: Sort By Price
android.widget.RelativeLayout@4072bbf8
android.widget.ImageView@4072f3b8
android.widget.TextView: Map View
android.view.View@4061a190
gbis.gbandroid.views.layouts.CustomListView@407065e8
android.widget.TableLayout@40693a00
android.widget.TableRow@406943b0
android.widget.RelativeLayout@406952e8
android.widget.RelativeLayout@40695798
android.widget.TextView: 3.89
android.widget.TextView: 9
android.widget.TextView: 17 hours ago
android.widget.TextView: Update
android.widget.RelativeLayout@406971d8
android.widget.ImageView@406975f8
android.widget.TextView: Hess
android.widget.TextView: 22 Frontage Rd & Kimberly Ave
android.widget.TextView: East Haven, CT
android.widget.TextView: 1.99 mi
android.widget.TableLayout@40566470
android.widget.TableRow@405556f8
android.widget.RelativeLayout@40517b08
android.widget.RelativeLayout@4055a870
android.widget.TextView: 3.99
android.widget.TextView: 9
android.widget.TextView: 3 hours ago
android.widget.TextView: Update
android.widget.RelativeLayout@4055d0e8
android.widget.ImageView@4054ec18
android.widget.TextView: Sunoco
android.widget.TextView: 80 Frontage Rd & Near I-95  Exit 51
android.widget.TextView: East Haven, CT
android.widget.TextView: 2.09 mi
android.widget.TableLayout@4057fad0
android.widget.TableRow@4058b670
android.widget.RelativeLayout@40560ad0
android.widget.RelativeLayout@4057de98
android.widget.TextView: --
android.widget.TextView: 9
android.widget.TextView: time
android.widget.TextView: Report Price
android.widget.RelativeLayout@40580a80
android.widget.ImageView@40555988
android.widget.TextView: Sunoco
android.widget.TextView: 700 West Main  & Beaver Rd
android.widget.TextView: Branford, CT
android.widget.TextView: 2.34 mi
android.widget.TableLayout@405808d0
android.widget.TableRow@40592f10
android.widget.RelativeLayout@40583668
android.widget.RelativeLayout@40583820
android.widget.TextView: --
android.widget.TextView: 9
android.widget.TextView: time
android.widget.TextView: Report Price
android.widget.RelativeLayout@405cee80
android.widget.ImageView@40589a68
android.widget.TextView: Shell
android.widget.TextView: 1183 Townsend Ave & I-95
android.widget.TextView: New Haven, CT
android.widget.TextView: 2.45 mi
android.widget.TableLayout@40582688
android.widget.TableRow@405958c8
android.widget.RelativeLayout@405e6dc8
android.widget.RelativeLayout@40601cc8
android.widget.TextView: 3.83
android.widget.TextView: 9
android.widget.TextView: 3 hours ago
android.widget.TextView: Update
android.widget.RelativeLayout@40602258
android.widget.ImageView@4058e800
android.widget.TextView: Forbes Premium
android.widget.TextView: 401 Forbes Ave & Woodward Ave
android.widget.TextView: East Haven, CT
android.widget.TextView: 2.59 mi
android.widget.RelativeLayout@406f5118
android.widget.FrameLayout@4067c310
android.widget.RelativeLayout@40689f28
android.widget.LinearLayout@4061aa38
android.view.View@40701be0
android.widget.RelativeLayout@40567318
android.widget.TextView: Regular
android.view.View@4065c338
android.view.View@40701820
android.widget.RelativeLayout@4065c530
android.widget.TextView: Midgrade
android.view.View@406169b0
android.view.View@40701980
android.widget.RelativeLayout@40676020
android.widget.TextView: Premium
android.view.View@40676b88
android.view.View@40701ab0
android.widget.RelativeLayout@406e9e10
android.widget.TextView: Diesel
android.view.View@406ea8e8
android.view.View@40701d00
android.view.View@407032b0
android.widget.LinearLayout@40703478
android.widget.RelativeLayout@40709918
android.widget.ImageView@4071b368
android.widget.TextView: Reload
android.widget.RelativeLayout@40721c08
android.widget.ImageView@40725120
android.widget.TextView: Sort By Price
android.widget.RelativeLayout@4072bbf8
android.widget.ImageView@4072f3b8
android.widget.TextView: Map View
android.view.View@4061a190
gbis.gbandroid.views.layouts.CustomListView@407065e8
android.widget.TableLayout@40582688
android.widget.TableRow@405958c8
android.widget.RelativeLayout@405e6dc8
android.widget.RelativeLayout@40601cc8
android.widget.TextView: 3.83
android.widget.TextView: 9
android.widget.TextView: 3 hours ago
android.widget.TextView: Update
android.widget.RelativeLayout@40602258
android.widget.ImageView@4058e800
android.widget.TextView: Forbes Premium
android.widget.TextView: 401 Forbes Ave & Woodward Ave
android.widget.TextView: East Haven, CT
android.widget.TextView: 2.59 mi
android.widget.TableLayout@40710008
android.widget.TableRow@40678e68
android.widget.RelativeLayout@405f9460
android.widget.RelativeLayout@4060be60
android.widget.TextView: --
android.widget.TextView: 9
android.widget.TextView: time
android.widget.TextView: Report Price
android.widget.RelativeLayout@4054ba08
android.widget.ImageView@405a6180
android.widget.TextView: CITGO
android.widget.TextView: 260 Forbes Ave & Fulton 
android.widget.TextView: New Haven, CT
android.widget.TextView: 2.85 mi
android.widget.TableLayout@4066ca58
android.widget.TableRow@406fc0d8
android.widget.RelativeLayout@406fccb0
android.widget.RelativeLayout@406fdb10
android.widget.TextView: --
android.widget.TextView: 9
android.widget.TextView: time
android.widget.TextView: Report Price
android.widget.RelativeLayout@40673db8
android.widget.ImageView@40793930
android.widget.TextView: BP
android.widget.TextView: 30 Main St & US-1
android.widget.TextView: Branford, CT
android.widget.TextView: 2.88 mi
android.widget.TableLayout@405c0f68
android.widget.TableRow@406cf1c8
android.widget.RelativeLayout@406f1b18
android.widget.RelativeLayout@4057ffe8
android.widget.TextView: --
android.widget.TextView: 9
android.widget.TextView: time
android.widget.TextView: Report Price
android.widget.RelativeLayout@40604418
android.widget.ImageView@40614910
android.widget.TextView: Mobil
android.widget.TextView:  I-95 S & Exit 53
android.widget.TextView: Branford, CT
android.widget.TextView: 2.96 mi
android.widget.TableLayout@40555bd0
android.widget.TableRow@40511db8
android.widget.RelativeLayout@4057f948
android.widget.RelativeLayout@406078d0
android.widget.TextView: --
android.widget.TextView: 9
android.widget.TextView: time
android.widget.TextView: Report Price
android.widget.RelativeLayout@406153e0
android.widget.ImageView@40642310
android.widget.TextView: Gulf
android.widget.TextView: 177 Main  & Home Pl
android.widget.TextView: Branford, CT
android.widget.TextView: 3.02 mi
android.widget.TableLayout@405867f8
android.widget.TableRow@4054bd38
android.widget.RelativeLayout@40620e68
android.widget.RelativeLayout@40658df0
android.widget.TextView: --
android.widget.TextView: 9
android.widget.TextView: time
android.widget.TextView: Report Price
android.widget.RelativeLayout@4065b9b0
android.widget.ImageView@406cd068
android.widget.TextView: Xcel
android.widget.TextView: 501 Main St & Russell 
android.widget.TextView: Branford, CT
android.widget.TextView: 3.24 mi
android.widget.RelativeLayout@406f5118
android.widget.FrameLayout@4067c310
android.widget.RelativeLayout@40689f28
android.widget.LinearLayout@4061aa38
android.view.View@40701be0
android.widget.RelativeLayout@40567318
android.widget.TextView: Regular
android.view.View@4065c338
android.view.View@40701820
android.widget.RelativeLayout@4065c530
android.widget.TextView: Midgrade
android.view.View@406169b0
android.view.View@40701980
android.widget.RelativeLayout@40676020
android.widget.TextView: Premium
android.view.View@40676b88
android.view.View@40701ab0
android.widget.RelativeLayout@406e9e10
android.widget.TextView: Diesel
android.view.View@406ea8e8
android.view.View@40701d00
android.view.View@407032b0
android.widget.LinearLayout@40703478
android.widget.RelativeLayout@40709918
android.widget.ImageView@4071b368
android.widget.TextView: Reload
android.widget.RelativeLayout@40721c08
android.widget.ImageView@40725120
android.widget.TextView: Sort By Price
android.widget.RelativeLayout@4072bbf8
android.widget.ImageView@4072f3b8
android.widget.TextView: Map View
android.view.View@4061a190
gbis.gbandroid.views.layouts.CustomListView@407065e8
android.widget.TableLayout@405867f8
android.widget.TableRow@4054bd38
android.widget.RelativeLayout@40620e68
android.widget.RelativeLayout@40658df0
android.widget.TextView: --
android.widget.TextView: 9
android.widget.TextView: time
android.widget.TextView: Report Price
android.widget.RelativeLayout@4065b9b0
android.widget.ImageView@406cd068
android.widget.TextView: Xcel
android.widget.TextView: 501 Main St & Russell 
android.widget.TextView: Branford, CT
android.widget.TextView: 3.24 mi
android.widget.TableLayout@40594c08
android.widget.TableRow@405a2840
android.widget.RelativeLayout@406624a0
android.widget.RelativeLayout@40697de0
android.widget.TextView: 3.83
android.widget.TextView: 9
android.widget.TextView: 21 hours ago
android.widget.TextView: Update
android.widget.RelativeLayout@4069abb0
android.widget.ImageView@406d98e0
android.widget.TextView: Forbes Premium
android.widget.TextView: 863 North High St & Grannis St
android.widget.TextView: East Haven, CT
android.widget.TextView: 3.43 mi
android.widget.TableLayout@405d85b0
android.widget.TableRow@4061a460
android.widget.RelativeLayout@406a2dd8
android.widget.RelativeLayout@406a5be0
android.widget.TextView: 3.75
android.widget.TextView: 9
android.widget.TextView: 2 hours ago
android.widget.TextView: Update
android.widget.RelativeLayout@406ab1c8
android.widget.ImageView@406ab378
android.widget.TextView: Stop & Shop
android.widget.TextView: 78 N Main St & Todds Hill Rd
android.widget.TextView: Branford, CT
android.widget.TextView: 3.49 mi
android.widget.TableLayout@405ee738
android.widget.TableRow@406a7d90
android.widget.RelativeLayout@406b9060
android.widget.RelativeLayout@406c14a8
android.widget.TextView: --
android.widget.TextView: 9
android.widget.TextView: time
android.widget.TextView: Report Price
android.widget.RelativeLayout@406c4040
android.widget.ImageView@406c9850
android.widget.TextView: Sunoco
android.widget.TextView: 61 Chapel St & Ferry St
android.widget.TextView: New Haven, CT
android.widget.TextView: 3.5 mi
android.widget.TableLayout@40604ca8
android.widget.TableRow@406e5d10
android.widget.RelativeLayout@40602ed0
android.widget.RelativeLayout@40617f78
android.widget.TextView: 3.99
android.widget.TextView: 9
android.widget.TextView: Mon 6:04 AM
android.widget.TextView: Update
android.widget.RelativeLayout@40689dc8
android.widget.ImageView@406ade90
android.widget.TextView: Mobil
android.widget.TextView: 200 Sargent Dr & Food Terminal Dr
android.widget.TextView: New Haven, CT
android.widget.TextView: 3.52 mi
android.widget.RelativeLayout@406f5118
android.widget.FrameLayout@4067c310
android.widget.RelativeLayout@40689f28
android.widget.LinearLayout@4061aa38
android.view.View@40701be0
android.widget.RelativeLayout@40567318
android.widget.TextView: Regular
android.view.View@4065c338
android.view.View@40701820
android.widget.RelativeLayout@4065c530
android.widget.TextView: Midgrade
android.view.View@406169b0
android.view.View@40701980
android.widget.RelativeLayout@40676020
android.widget.TextView: Premium
android.view.View@40676b88
android.view.View@40701ab0
android.widget.RelativeLayout@406e9e10
android.widget.TextView: Diesel
android.view.View@406ea8e8
android.view.View@40701d00
android.view.View@407032b0
android.widget.LinearLayout@40703478
android.widget.RelativeLayout@40709918
android.widget.ImageView@4071b368
android.widget.TextView: Reload
android.widget.RelativeLayout@40721c08
android.widget.ImageView@40725120
android.widget.TextView: Sort By Price
android.widget.RelativeLayout@4072bbf8
android.widget.ImageView@4072f3b8
android.widget.TextView: Map View
android.view.View@4061a190
gbis.gbandroid.views.layouts.CustomListView@407065e8
android.widget.TableLayout@406484e8
android.widget.TableRow@40665698
android.widget.RelativeLayout@4066b050
android.widget.RelativeLayout@406b15b8
android.widget.TextView: 3.99
android.widget.TextView: 9
android.widget.TextView: Mon 6:04 AM
android.widget.TextView: Update
android.widget.RelativeLayout@4076f2c8
android.widget.ImageView@4067e508
android.widget.TextView: Mobil
android.widget.TextView: 200 Sargent Dr & Food Terminal Dr
android.widget.TextView: New Haven, CT
android.widget.TextView: 3.52 mi
android.widget.TableLayout@406683d8
android.widget.TableRow@40698690
android.widget.RelativeLayout@4069df80
android.widget.RelativeLayout@406a3690
android.widget.TextView: 3.79
android.widget.TextView: 9
android.widget.TextView: 8 hours ago
android.widget.TextView: Update
android.widget.RelativeLayout@406b3f28
android.widget.ImageView@406b6b28
android.widget.TextView: Mobil
android.widget.TextView: 108 N Main St & Cedar St
android.widget.TextView: Branford, CT
android.widget.TextView: 3.58 mi
android.widget.TableLayout@40733e38
android.widget.TableRow@406a2b18
android.widget.RelativeLayout@40619710
android.widget.RelativeLayout@4073b998
android.widget.TextView: 3.89
android.widget.TextView: 9
android.widget.TextView: Mon 5:51 PM
android.widget.TextView: Update
android.widget.RelativeLayout@4067c648
android.widget.ImageView@40559798
android.widget.TextView: CITGO
android.widget.TextView: 117 N Main St & Cedar St
android.widget.TextView: Branford, CT
android.widget.TextView: 3.61 mi
android.widget.TableLayout@406cec50
android.widget.TableRow@406544f0
android.widget.RelativeLayout@40684660
android.widget.RelativeLayout@40721710
android.widget.TextView: --
android.widget.TextView: 9
android.widget.TextView: 8 hours ago
android.widget.TextView: Report Price
android.widget.RelativeLayout@4066f728
android.widget.ImageView@406bb670
android.widget.TextView: Best Gas
android.widget.TextView: 147 Campbell Ave & Noble St
android.widget.TextView: West Haven, CT
android.widget.TextView: 3.78 mi
android.widget.TableLayout@40604ca8
android.widget.TableRow@406e5d10
android.widget.RelativeLayout@40602ed0
android.widget.RelativeLayout@40617f78
android.widget.TextView: 3.89
android.widget.TextView: 9
android.widget.TextView: 23 hours ago
android.widget.TextView: Update
android.widget.RelativeLayout@40689dc8
android.widget.ImageView@406ade90
android.widget.TextView: Sunoco
android.widget.TextView: 44 Elm St & Water St
android.widget.TextView: West Haven, CT
android.widget.TextView: 3.83 mi
android.widget.RelativeLayout@406f5118
android.widget.FrameLayout@4067c310
android.widget.RelativeLayout@40689f28
android.widget.LinearLayout@4061aa38
android.view.View@40701be0
android.widget.RelativeLayout@40567318
android.widget.TextView: Regular
android.view.View@4065c338
android.view.View@40701820
android.widget.RelativeLayout@4065c530
android.widget.TextView: Midgrade
android.view.View@406169b0
android.view.View@40701980
android.widget.RelativeLayout@40676020
android.widget.TextView: Premium
android.view.View@40676b88
android.view.View@40701ab0
android.widget.RelativeLayout@406e9e10
android.widget.TextView: Diesel
android.view.View@406ea8e8
android.view.View@40701d00
android.view.View@407032b0
android.widget.LinearLayout@40703478
android.widget.RelativeLayout@40709918
android.widget.ImageView@4071b368
android.widget.TextView: Reload
android.widget.RelativeLayout@40721c08
android.widget.ImageView@40725120
android.widget.TextView: Sort By Price
android.widget.RelativeLayout@4072bbf8
android.widget.ImageView@4072f3b8
android.widget.TextView: Map View
android.view.View@4061a190
gbis.gbandroid.views.layouts.CustomListView@407065e8
android.widget.TableLayout@40604ca8
android.widget.TableRow@406e5d10
android.widget.RelativeLayout@40602ed0
android.widget.RelativeLayout@40617f78
android.widget.TextView: 3.89
android.widget.TextView: 9
android.widget.TextView: 23 hours ago
android.widget.TextView: Update
android.widget.RelativeLayout@40689dc8
android.widget.ImageView@406ade90
android.widget.TextView: Sunoco
android.widget.TextView: 44 Elm St & Water St
android.widget.TextView: West Haven, CT
android.widget.TextView: 3.83 mi
android.widget.TableLayout@406aefc8
android.widget.TableRow@406af580
android.widget.RelativeLayout@4072af40
android.widget.RelativeLayout@4072b318
android.widget.TextView: 3.89
android.widget.TextView: 9
android.widget.TextView: 23 hours ago
android.widget.TextView: Update
android.widget.RelativeLayout@40747518
android.widget.ImageView@4057c828
android.widget.TextView: CITGO
android.widget.TextView:  62 Elm St & First Ave
android.widget.TextView: West Haven, CT
android.widget.TextView: 3.85 mi
android.widget.TableLayout@405808d0
android.widget.TableRow@40511db8
android.widget.RelativeLayout@4054ba08
android.widget.RelativeLayout@4055a870
android.widget.TextView: --
android.widget.TextView: 9
android.widget.TextView: time
android.widget.TextView: Report Price
android.widget.RelativeLayout@4055d0e8
android.widget.ImageView@4054ec18
android.widget.TextView: Getty
android.widget.TextView: 183 Ella T Grasso Blvd & Kimberly Ave
android.widget.TextView: New Haven, CT
android.widget.TextView: 3.86 mi
android.widget.TableLayout@405867f8
android.widget.TableRow@40517af8
android.widget.RelativeLayout@40560ad0
android.widget.RelativeLayout@4057de98
android.widget.TextView: 3.87
android.widget.TextView: 9
android.widget.TextView: Mon 6:53 PM
android.widget.TextView: Update
android.widget.RelativeLayout@40580a80
android.widget.ImageView@40555988
android.widget.TextView: Citgo
android.widget.TextView: Kimberly Ave & Howard Ave
android.widget.TextView: New Haven, CT
android.widget.TextView: 3.92 mi
android.widget.TableLayout@40594c08
android.widget.TableRow@405556f8
android.widget.RelativeLayout@40583668
android.widget.RelativeLayout@40583820
android.widget.TextView: --
android.widget.TextView: 9
android.widget.TextView: time
android.widget.TextView: Report Price
android.widget.RelativeLayout@405bc150
android.widget.ImageView@40589a68
android.widget.TextView: Sunoco
android.widget.TextView: 361 Campbell Ave  & Brown St
android.widget.TextView: West Haven, CT
android.widget.TextView: 3.95 mi
android.widget.RelativeLayout@406f5118
android.widget.FrameLayout@4067c310
android.widget.RelativeLayout@40689f28
android.widget.LinearLayout@4061aa38
android.view.View@40701be0
android.widget.RelativeLayout@40567318
android.widget.TextView: Regular
android.view.View@4065c338
android.view.View@40701820
android.widget.RelativeLayout@4065c530
android.widget.TextView: Midgrade
android.view.View@406169b0
android.view.View@40701980
android.widget.RelativeLayout@40676020
android.widget.TextView: Premium
android.view.View@40676b88
android.view.View@40701ab0
android.widget.RelativeLayout@406e9e10
android.widget.TextView: Diesel
android.view.View@406ea8e8
android.view.View@40701d00
android.view.View@407032b0
android.widget.LinearLayout@40703478
android.widget.RelativeLayout@40709918
android.widget.ImageView@4071b368
android.widget.TextView: Reload
android.widget.RelativeLayout@40721c08
android.widget.ImageView@40725120
android.widget.TextView: Sort By Price
android.widget.RelativeLayout@4072bbf8
android.widget.ImageView@4072f3b8
android.widget.TextView: Map View
android.view.View@4061a190
gbis.gbandroid.views.layouts.CustomListView@407065e8
android.widget.TableLayout@40594c08
android.widget.TableRow@405556f8
android.widget.RelativeLayout@40583668
android.widget.RelativeLayout@40583820
android.widget.TextView: --
android.widget.TextView: 9
android.widget.TextView: time
android.widget.TextView: Report Price
android.widget.RelativeLayout@405bc150
android.widget.ImageView@40589a68
android.widget.TextView: Sunoco
android.widget.TextView: 361 Campbell Ave  & Brown St
android.widget.TextView: West Haven, CT
android.widget.TextView: 3.95 mi
android.widget.TableLayout@405d85b0
android.widget.TableRow@40592f10
android.widget.RelativeLayout@405cee80
android.widget.RelativeLayout@405d8110
android.widget.TextView: --
android.widget.TextView: 9
android.widget.TextView: time
android.widget.TextView: Report Price
android.widget.RelativeLayout@405e50a0
android.widget.ImageView@4058e800
android.widget.TextView: Shell
android.widget.TextView: 658 Campbell Ave & Elm St
android.widget.TextView: West Haven, CT
android.widget.TextView: 4.32 mi
android.widget.TableLayout@405ee738
android.widget.TableRow@405958c8
android.widget.RelativeLayout@405e6dc8
android.widget.RelativeLayout@40602258
android.widget.TextView: 3.75
android.widget.TextView: 9
android.widget.TextView: 4 hours ago
android.widget.TextView: Update
android.widget.RelativeLayout@406153e0
android.widget.ImageView@405a6180
android.widget.TextView: Hess
android.widget.TextView: 345 Elm St & Savin Ave
android.widget.TextView: West Haven, CT
android.widget.TextView: 4.39 mi
android.widget.TableLayout@406078d0
android.widget.TableRow@405a2840
android.widget.RelativeLayout@40620e68
android.widget.RelativeLayout@40658df0
android.widget.TextView: 3.85
android.widget.TextView: 9
android.widget.TextView: 9 hours ago
android.widget.TextView: Update
android.widget.RelativeLayout@4065b9b0
android.widget.ImageView@4068a388
android.widget.TextView: 7-Eleven
android.widget.TextView: 400 Foxon Blvd  & Eastern St
android.widget.TextView: New Haven, CT
android.widget.TextView: 4.44 mi
android.widget.TableLayout@40615230
android.widget.TableRow@4061a460
android.widget.RelativeLayout@406624a0
android.widget.RelativeLayout@40673db8
android.widget.TextView: 3.75
android.widget.TextView: 9
android.widget.TextView: 2 hours ago
android.widget.TextView: Update
android.widget.RelativeLayout@406864c0
android.widget.ImageView@406cd068
android.widget.TextView: Global
android.widget.TextView: 202 East Main  & US-1
android.widget.TextView: Branford, CT
android.widget.TextView: 4.44 mi
android.widget.RelativeLayout@406f5118
android.widget.FrameLayout@4067c310
android.widget.RelativeLayout@40689f28
android.widget.LinearLayout@4061aa38
android.view.View@40701be0
android.widget.RelativeLayout@40567318
android.widget.TextView: Regular
android.view.View@4065c338
android.view.View@40701820
android.widget.RelativeLayout@4065c530
android.widget.TextView: Midgrade
android.view.View@406169b0
android.view.View@40701980
android.widget.RelativeLayout@40676020
android.widget.TextView: Premium
android.view.View@40676b88
android.view.View@40701ab0
android.widget.RelativeLayout@406e9e10
android.widget.TextView: Diesel
android.view.View@406ea8e8
android.view.View@40701d00
android.view.View@407032b0
android.widget.LinearLayout@40703478
android.widget.RelativeLayout@40709918
android.widget.ImageView@4071b368
android.widget.TextView: Reload
android.widget.RelativeLayout@40721c08
android.widget.ImageView@40725120
android.widget.TextView: Sort By Price
android.widget.RelativeLayout@4072bbf8
android.widget.ImageView@4072f3b8
android.widget.TextView: Map View
android.view.View@4061a190
gbis.gbandroid.views.layouts.CustomListView@407065e8
android.widget.TableLayout@40615230
android.widget.TableRow@4061a460
android.widget.RelativeLayout@406624a0
android.widget.RelativeLayout@40673db8
android.widget.TextView: 3.75
android.widget.TextView: 9
android.widget.TextView: 2 hours ago
android.widget.TextView: Update
android.widget.RelativeLayout@406864c0
android.widget.ImageView@406cd068
android.widget.TextView: Global
android.widget.TextView: 202 East Main  & US-1
android.widget.TextView: Branford, CT
android.widget.TextView: 4.44 mi
android.widget.TableLayout@40611688
android.widget.TableRow@40697140
android.widget.RelativeLayout@406a22a8
android.widget.RelativeLayout@406b5dd8
android.widget.TextView: --
android.widget.TextView: 9
android.widget.TextView: time
android.widget.TextView: Report Price
android.widget.RelativeLayout@405f6dc8
android.widget.ImageView@4057d7e8
android.widget.TextView: Shell
android.widget.TextView: 1228 Quinnipiac Ave & Foxon Blvd
android.widget.TextView: New Haven, CT
android.widget.TextView: 4.44 mi
android.widget.TableLayout@406d4490
android.widget.TableRow@406f4bd8
android.widget.RelativeLayout@40587858
android.widget.RelativeLayout@4063bbd0
android.widget.TextView: 3.83
android.widget.TextView: 9
android.widget.TextView: 4 hours ago
android.widget.TextView: Update
android.widget.RelativeLayout@40651328
android.widget.ImageView@4075e3b0
android.widget.TextView: Power Gas
android.widget.TextView: 884 State St & Humphrey St
android.widget.TextView: New Haven, CT
android.widget.TextView: 4.45 mi
android.widget.TableLayout@406960e8
android.widget.TableRow@40696728
android.widget.RelativeLayout@406c5f28
android.widget.RelativeLayout@40744fb0
android.widget.TextView: --
android.widget.TextView: 9
android.widget.TextView: time
android.widget.TextView: Report Price
android.widget.RelativeLayout@40785f30
android.widget.ImageView@40596450
android.widget.TextView: Sunoco
android.widget.TextView: 350 Foxon Blvd & Quinnipiac Ave
android.widget.TextView: New Haven, CT
android.widget.TextView: 4.46 mi
android.widget.TableLayout@40738c40
android.widget.TableRow@40640838
android.widget.RelativeLayout@407012e0
android.widget.RelativeLayout@406b0588
android.widget.TextView: 3.89
android.widget.TextView: 9
android.widget.TextView: 23 hours ago
android.widget.TextView: Update
android.widget.RelativeLayout@4067b088
android.widget.ImageView@406c66f0
android.widget.TextView: XtraMart
android.widget.TextView: 750 First Ave & I-95 Exit 43
android.widget.TextView: West Haven, CT
android.widget.TextView: 4.47 mi
android.widget.RelativeLayout@406f5118
android.widget.FrameLayout@4067c310
android.widget.RelativeLayout@40689f28
android.widget.LinearLayout@4061aa38
android.view.View@40701be0
android.widget.RelativeLayout@40567318
android.widget.TextView: Regular
android.view.View@4065c338
android.view.View@40701820
android.widget.RelativeLayout@4065c530
android.widget.TextView: Midgrade
android.view.View@406169b0
android.view.View@40701980
android.widget.RelativeLayout@40676020
android.widget.TextView: Premium
android.view.View@40676b88
android.view.View@40701ab0
android.widget.RelativeLayout@406e9e10
android.widget.TextView: Diesel
android.view.View@406ea8e8
android.view.View@40701d00
android.view.View@407032b0
android.widget.LinearLayout@40703478
android.widget.RelativeLayout@40709918
android.widget.ImageView@4071b368
android.widget.TextView: Reload
android.widget.RelativeLayout@40721c08
android.widget.ImageView@40725120
android.widget.TextView: Sort By Price
android.widget.RelativeLayout@4072bbf8
android.widget.ImageView@4072f3b8
android.widget.TextView: Map View
android.view.View@4061a190
gbis.gbandroid.views.layouts.CustomListView@407065e8
android.widget.TableLayout@40738c40
android.widget.TableRow@40640838
android.widget.RelativeLayout@407012e0
android.widget.RelativeLayout@406b0588
android.widget.TextView: 3.89
android.widget.TextView: 9
android.widget.TextView: 23 hours ago
android.widget.TextView: Update
android.widget.RelativeLayout@4067b088
android.widget.ImageView@406c66f0
android.widget.TextView: XtraMart
android.widget.TextView: 750 First Ave & I-95 Exit 43
android.widget.TextView: West Haven, CT
android.widget.TextView: 4.47 mi
android.widget.TableLayout@406065b0
android.widget.TableRow@40744250
android.widget.RelativeLayout@407448d0
android.widget.RelativeLayout@40720320
android.widget.TextView: --
android.widget.TextView: 9
android.widget.TextView: time
android.widget.TextView: Report Price
android.widget.RelativeLayout@40581690
android.widget.ImageView@405818a8
android.widget.TextView: Global
android.widget.TextView: 1260 Quinnipiac Ave & Foxon Blvd
android.widget.TextView: New Haven, CT
android.widget.TextView: 4.48 mi
android.widget.TableLayout@406c8190
android.widget.TableRow@4063e5c0
android.widget.RelativeLayout@4063ec40
android.widget.RelativeLayout@4063f018
android.widget.TextView: 3.77
android.widget.TextView: 9
android.widget.TextView: Mon 6:58 PM
android.widget.TextView: Update
android.widget.RelativeLayout@406c56b8
android.widget.ImageView@40656f88
android.widget.TextView: Valero
android.widget.TextView: 528 Main St & Kelsey Ave
android.widget.TextView: West Haven, CT
android.widget.TextView: 4.48 mi
android.widget.TableLayout@407345e0
android.widget.TableRow@40734bb0
android.widget.RelativeLayout@406c2798
android.widget.RelativeLayout@406c2b70
android.widget.TextView: 3.83
android.widget.TextView: 9
android.widget.TextView: 9 hours ago
android.widget.TextView: Update
android.widget.RelativeLayout@40764e28
android.widget.ImageView@407650d8
android.widget.TextView: CITGO
android.widget.TextView: 925 Foxon Rd & Rose 
android.widget.TextView: East Haven, CT
android.widget.TextView: 4.51 mi
android.widget.TableLayout@4070b320
android.widget.TableRow@4070b8f0
android.widget.RelativeLayout@406e0aa8
android.widget.RelativeLayout@406e0e80
android.widget.TextView: --
android.widget.TextView: 9
android.widget.TextView: time
android.widget.TextView: Report Price
android.widget.RelativeLayout@40673c08
android.widget.ImageView@40726ac0
android.widget.TextView: Hess
android.widget.TextView: 1331 State  St & Ferry St
android.widget.TextView: New Haven, CT
android.widget.TextView: 4.54 mi
android.widget.RelativeLayout@406f5118
android.widget.FrameLayout@4067c310
android.widget.RelativeLayout@40689f28
android.widget.LinearLayout@4061aa38
android.view.View@40701be0
android.widget.RelativeLayout@40567318
android.widget.TextView: Regular
android.view.View@4065c338
android.view.View@40701820
android.widget.RelativeLayout@4065c530
android.widget.TextView: Midgrade
android.view.View@406169b0
android.view.View@40701980
android.widget.RelativeLayout@40676020
android.widget.TextView: Premium
android.view.View@40676b88
android.view.View@40701ab0
android.widget.RelativeLayout@406e9e10
android.widget.TextView: Diesel
android.view.View@406ea8e8
android.view.View@40701d00
android.view.View@407032b0
android.widget.LinearLayout@40703478
android.widget.RelativeLayout@40709918
android.widget.ImageView@4071b368
android.widget.TextView: Reload
android.widget.RelativeLayout@40721c08
android.widget.ImageView@40725120
android.widget.TextView: Sort By Price
android.widget.RelativeLayout@4072bbf8
android.widget.ImageView@4072f3b8
android.widget.TextView: Map View
android.view.View@4061a190
gbis.gbandroid.views.layouts.CustomListView@407065e8
android.widget.TableLayout@406f77f0
android.widget.TableRow@406f7dc0
android.widget.RelativeLayout@40627d70
android.widget.RelativeLayout@40628148
android.widget.TextView: --
android.widget.TextView: 9
android.widget.TextView: time
android.widget.TextView: Report Price
android.widget.RelativeLayout@40629958
android.widget.ImageView@40629d30
android.widget.TextView: Hess
android.widget.TextView: 1331 State  St & Ferry St
android.widget.TextView: New Haven, CT
android.widget.TextView: 4.54 mi
android.widget.TableLayout@40778410
android.widget.TableRow@407789e0
android.widget.RelativeLayout@407790a0
android.widget.RelativeLayout@40779478
android.widget.TextView: --
android.widget.TextView: 9
android.widget.TextView: 22 hours ago
android.widget.TextView: Report Price
android.widget.RelativeLayout@4065e8c8
android.widget.ImageView@4065eca0
android.widget.TextView: Mercury
android.widget.TextView: 125 Foxon Blvd & I91
android.widget.TextView: New Haven, CT
android.widget.TextView: 4.57 mi
android.widget.TableLayout@40670088
android.widget.TableRow@40670658
android.widget.RelativeLayout@40670d08
android.widget.RelativeLayout@406710e0
android.widget.TextView: 3.79
android.widget.TextView: 9
android.widget.TextView: 4 hours ago
android.widget.TextView: Update
android.widget.RelativeLayout@40713000
android.widget.ImageView@407133d8
android.widget.TextView: First Fuel
android.widget.TextView: 810 1st Ave & Spring St
android.widget.TextView: West Haven, CT
android.widget.TextView: 4.59 mi
android.widget.TableLayout@4050b940
android.widget.TableRow@405cbb08
android.widget.RelativeLayout@405cc1c8
android.widget.RelativeLayout@405cc5a0
android.widget.TextView: --
android.widget.TextView: 9
android.widget.TextView: 4 hours ago
android.widget.TextView: Report Price
android.widget.RelativeLayout@40704d10
android.widget.ImageView@407050e8
android.widget.TextView: Gulf
android.widget.TextView: 227 E Main St & Mill Plain Rd
android.widget.TextView: Branford, CT
android.widget.TextView: 4.6 mi
android.widget.TableLayout@406bcbe8
android.widget.TableRow@406bd1b8
android.widget.RelativeLayout@406bd848
android.widget.RelativeLayout@406bdc20
android.widget.TextView: 3.83
android.widget.TextView: 9
android.widget.TextView: 22 hours ago
android.widget.TextView: Update
android.widget.RelativeLayout@40648a70
android.widget.ImageView@40648e48
android.widget.TextView: Exxon
android.widget.TextView: 713 Foxon Rd & Green St
android.widget.TextView: East Haven, CT
android.widget.TextView: 4.64 mi
android.widget.TableLayout@4070b320
android.widget.TableRow@4070b8f0
android.widget.RelativeLayout@406e0aa8
android.widget.RelativeLayout@406e0e80
android.widget.TextView: --
android.widget.TextView: 9
android.widget.TextView: time
android.widget.TextView: Report Price
android.widget.RelativeLayout@40673c08
android.widget.ImageView@40726ac0
android.widget.TextView: Mobil
android.widget.TextView: 265 Platt Ave & Jones Hill Rd
android.widget.TextView: West Haven, CT
android.widget.TextView: 4.67 mi
android.widget.RelativeLayout@406f5118
android.widget.FrameLayout@4067c310
android.widget.RelativeLayout@40689f28
android.widget.LinearLayout@4061aa38
android.view.View@40701be0
android.widget.RelativeLayout@40567318
android.widget.TextView: Regular
android.view.View@4065c338
android.view.View@40701820
android.widget.RelativeLayout@4065c530
android.widget.TextView: Midgrade
android.view.View@406169b0
android.view.View@40701980
android.widget.RelativeLayout@40676020
android.widget.TextView: Premium
android.view.View@40676b88
android.view.View@40701ab0
android.widget.RelativeLayout@406e9e10
android.widget.TextView: Diesel
android.view.View@406ea8e8
android.view.View@40701d00
android.view.View@407032b0
android.widget.LinearLayout@40703478
android.widget.RelativeLayout@40709918
android.widget.ImageView@4071b368
android.widget.TextView: Reload
android.widget.RelativeLayout@40721c08
android.widget.ImageView@40725120
android.widget.TextView: Sort By Price
android.widget.RelativeLayout@4072bbf8
android.widget.ImageView@4072f3b8
android.widget.TextView: Map View
android.view.View@4061a190
gbis.gbandroid.views.layouts.CustomListView@407065e8
android.widget.TableLayout@4070b320
android.widget.TableRow@4070b8f0
android.widget.RelativeLayout@406e0aa8
android.widget.RelativeLayout@406e0e80
android.widget.TextView: --
android.widget.TextView: 9
android.widget.TextView: time
android.widget.TextView: Report Price
android.widget.RelativeLayout@40673c08
android.widget.ImageView@40726ac0
android.widget.TextView: Mobil
android.widget.TextView: 265 Platt Ave & Jones Hill Rd
android.widget.TextView: West Haven, CT
android.widget.TextView: 4.67 mi
android.widget.TableLayout@405808d0
android.widget.TableRow@40511db8
android.widget.RelativeLayout@4055a870
android.widget.RelativeLayout@4055d0e8
android.widget.TextView: --
android.widget.TextView: 9
android.widget.TextView: time
android.widget.TextView: Report Price
android.widget.RelativeLayout@40560ad0
android.widget.ImageView@4054ec18
android.widget.TextView: CITGO
android.widget.TextView: 244 Platt Ave & Jones Hill Rd
android.widget.TextView: West Haven, CT
android.widget.TextView: 4.69 mi
android.widget.TableLayout@405867f8
android.widget.TableRow@40592f10
android.widget.RelativeLayout@4057de98
android.widget.RelativeLayout@40580a80
android.widget.TextView: 3.83
android.widget.TextView: 9
android.widget.TextView: 4 hours ago
android.widget.TextView: Update
android.widget.RelativeLayout@40583668
android.widget.ImageView@40555988
android.widget.TextView: Shell
android.widget.TextView: 141 Willow St & Nicoll St
android.widget.TextView: New Haven, CT
android.widget.TextView: 4.78 mi
android.widget.TableLayout@40594c08
android.widget.TableRow@405958c8
android.widget.RelativeLayout@40583820
android.widget.RelativeLayout@405cee80
android.widget.TextView: 3.85
android.widget.TextView: 9
android.widget.TextView: 3 hours ago
android.widget.TextView: Update
android.widget.RelativeLayout@405e50a0
android.widget.ImageView@40589a68
android.widget.TextView: Power Gas
android.widget.TextView: 1 Whalley Ave & Broadway
android.widget.TextView: New Haven, CT
android.widget.TextView: 4.94 mi
android.widget.TableLayout@405d85b0
android.widget.TableRow@405a2840
android.widget.RelativeLayout@405f5658
android.widget.RelativeLayout@40602258
android.widget.TextView: --
android.widget.TextView: 9
android.widget.TextView: time
android.widget.TextView: Report Price
android.widget.RelativeLayout@406153e0
android.widget.ImageView@4058e800
android.widget.TextView: CITGO
android.widget.TextView: 1585 State St & Albert St
android.widget.TextView: New Haven, CT
android.widget.TextView: 4.95 mi
android.widget.RelativeLayout@406f5118
android.widget.FrameLayout@4067c310
android.widget.RelativeLayout@40689f28
android.widget.LinearLayout@4061aa38
android.view.View@40701be0
android.widget.RelativeLayout@40567318
android.widget.TextView: Regular
android.view.View@4065c338
android.view.View@40701820
android.widget.RelativeLayout@4065c530
android.widget.TextView: Midgrade
android.view.View@406169b0
android.view.View@40701980
android.widget.RelativeLayout@40676020
android.widget.TextView: Premium
android.view.View@40676b88
android.view.View@40701ab0
android.widget.RelativeLayout@406e9e10
android.widget.TextView: Diesel
android.view.View@406ea8e8
android.view.View@40701d00
android.view.View@407032b0
android.widget.LinearLayout@40703478
android.widget.RelativeLayout@40709918
android.widget.ImageView@4071b368
android.widget.TextView: Reload
android.widget.RelativeLayout@40721c08
android.widget.ImageView@40725120
android.widget.TextView: Sort By Price
android.widget.RelativeLayout@4072bbf8
android.widget.ImageView@4072f3b8
android.widget.TextView: Map View
android.view.View@4061a190
gbis.gbandroid.views.layouts.CustomListView@407065e8
android.widget.TableLayout@40594c08
android.widget.TableRow@405958c8
android.widget.RelativeLayout@40583820
android.widget.RelativeLayout@405cee80
android.widget.TextView: 3.85
android.widget.TextView: 9
android.widget.TextView: 3 hours ago
android.widget.TextView: Update
android.widget.RelativeLayout@405e50a0
android.widget.ImageView@40589a68
android.widget.TextView: Power Gas
android.widget.TextView: 1 Whalley Ave & Broadway
android.widget.TextView: New Haven, CT
android.widget.TextView: 4.94 mi
android.widget.TableLayout@405d85b0
android.widget.TableRow@405a2840
android.widget.RelativeLayout@405f5658
android.widget.RelativeLayout@40602258
android.widget.TextView: --
android.widget.TextView: 9
android.widget.TextView: time
android.widget.TextView: Report Price
android.widget.RelativeLayout@406153e0
android.widget.ImageView@4058e800
android.widget.TextView: CITGO
android.widget.TextView: 1585 State St & Albert St
android.widget.TextView: New Haven, CT
android.widget.TextView: 4.95 mi
android.widget.TableLayout@405ee738
android.widget.TableRow@405e6dc8
android.widget.RelativeLayout@40620e68
android.widget.RelativeLayout@40658df0
android.widget.TextView: --
android.widget.TextView: 9
android.widget.TextView: time
android.widget.TextView: Report Price
android.widget.RelativeLayout@4065b9b0
android.widget.ImageView@405a4480
android.widget.TextView: Mobil
android.widget.TextView: 273 Saw Mill Rd & Greta St
android.widget.TextView: West Haven, CT
android.widget.TextView: 5.01 mi
android.widget.TableLayout@40604ca8
android.widget.TableRow@4061a460
android.widget.RelativeLayout@40669970
android.widget.RelativeLayout@406943b0
android.widget.TextView: 3.75
android.widget.TextView: 9
android.widget.TextView: 11 hours ago
android.widget.TextView: Update
android.widget.RelativeLayout@40644628
android.widget.ImageView@406960e8
android.widget.TextView: Best Gas
android.widget.TextView: Orange Ave & Front Ave
android.widget.TextView: West Haven, CT
android.widget.TextView: 5.11 mi
android.widget.TableLayout@4062cf90
android.widget.TableRow@406f8408
android.widget.RelativeLayout@40706d70
android.widget.RelativeLayout@40640230
android.widget.TextView: 3.77
android.widget.TextView: 9
android.widget.TextView: 11 hours ago
android.widget.TextView: Update
android.widget.RelativeLayout@405bc100
android.widget.ImageView@4061a758
android.widget.TextView: Mercury
android.widget.TextView: 270 Bostot Post Rd & Campbell Ave
android.widget.TextView: West Haven, CT
android.widget.TextView: 5.14 mi
android.widget.RelativeLayout@406f5118
