android.widget.FrameLayout@40648060
android.widget.RelativeLayout@406b8328
android.widget.LinearLayout@406b9608
android.view.View@405873a8
android.widget.RelativeLayout@40715418
android.widget.TextView: Regular
android.view.View@405bcc08
android.view.View@40557610
android.widget.RelativeLayout@40667fa0
android.widget.TextView: Midgrade
android.view.View@406a4d18
android.view.View@40557770
android.widget.RelativeLayout@406a4ef0
android.widget.TextView: Premium
android.view.View@4063bd28
android.view.View@405578a0
android.widget.RelativeLayout@4063bf18
android.widget.TextView: Diesel
android.view.View@406563d0
android.view.View@405874c8
android.view.View@405e5970
android.widget.LinearLayout@405f3a40
android.widget.RelativeLayout@406ad6c8
android.widget.ImageView@406c2050
android.widget.TextView: Reload
android.widget.RelativeLayout@406cac38
android.widget.ImageView@406d32c8
android.widget.TextView: Sort By Price
android.widget.RelativeLayout@406dd270
android.widget.ImageView@406e7298
android.widget.TextView: Map View
android.view.View@406efc98
gbis.gbandroid.views.layouts.CustomListView@406b4df0
android.widget.RelativeLayout@405c45c8
com.google.ads.AdView@4061c000
android.gesture.GestureOverlayView@406ca580
android.widget.FrameLayout@406a4aa0
com.google.ads.internal.AdWebView@406666c0
android.widget.TableLayout@40712880
android.widget.TableRow@40712e50
android.widget.RelativeLayout@407134a8
android.widget.RelativeLayout@40715e08
android.widget.TextView: 3.50
android.widget.TextView: 9
android.widget.TextView: 8 hours ago
android.widget.TextView: Update
android.widget.RelativeLayout@40719b60
android.widget.ImageView@40719f20
android.widget.TextView: Exxon
android.widget.TextView: 6109 Belair Rd & Raspe Ave
android.widget.TextView: Baltimore, MD
android.widget.TextView: 0.34 mi
android.widget.TableLayout@406fb0d8
android.widget.TableRow@406fdc68
android.widget.RelativeLayout@406fe238
android.widget.RelativeLayout@406fe610
android.widget.TextView: 3.54
android.widget.TextView: 9
android.widget.TextView: 8 hours ago
android.widget.TextView: Update
android.widget.RelativeLayout@40702308
android.widget.ImageView@40704b98
android.widget.TextView: BP
android.widget.TextView: 6019 Belair Rd & Parkmont Ave
android.widget.TextView: Baltimore, MD
android.widget.TextView: 0.37 mi
android.widget.TableLayout@406dfeb0
android.widget.TableRow@4065d3e0
android.widget.RelativeLayout@405b8238
android.widget.RelativeLayout@406e5f10
android.widget.TextView: 3.45
android.widget.TextView: 9
android.widget.TextView: 6 hours ago
android.widget.TextView: Update
android.widget.RelativeLayout@406e9988
android.widget.ImageView@406e9d60
android.widget.TextView: Glenmore Service Center
android.widget.TextView: 6300 Belair Rd & Glenmore Ave
android.widget.TextView: Baltimore, MD
android.widget.TextView: 0.38 mi
android.widget.TableLayout@406c16c8
android.widget.TableRow@406c45a0
android.widget.RelativeLayout@406c7b78
android.widget.RelativeLayout@406c8028
android.widget.TextView: 3.49
android.widget.TextView: 9
android.widget.TextView: 1 hour ago
android.widget.TextView: Update
android.widget.RelativeLayout@406cbf88
android.widget.ImageView@406ce8b0
android.widget.TextView: Quest
android.widget.TextView: 6232 Belair Rd & Glenmore Ave
android.widget.TextView: Baltimore, MD
android.widget.TextView: 0.38 mi
android.widget.RelativeLayout@4055a050
android.widget.FrameLayout@40648060
android.widget.RelativeLayout@406b8328
android.widget.LinearLayout@406b9608
android.view.View@405873a8
android.widget.RelativeLayout@40715418
android.widget.TextView: Regular
android.view.View@405bcc08
android.view.View@40557610
android.widget.RelativeLayout@40667fa0
android.widget.TextView: Midgrade
android.view.View@406a4d18
android.view.View@40557770
android.widget.RelativeLayout@406a4ef0
android.widget.TextView: Premium
android.view.View@4063bd28
android.view.View@405578a0
android.widget.RelativeLayout@4063bf18
android.widget.TextView: Diesel
android.view.View@406563d0
android.view.View@405874c8
android.view.View@405e5970
android.widget.LinearLayout@405f3a40
android.widget.RelativeLayout@406ad6c8
android.widget.ImageView@406c2050
android.widget.TextView: Reload
android.widget.RelativeLayout@406cac38
android.widget.ImageView@406d32c8
android.widget.TextView: Sort By Price
android.widget.RelativeLayout@406dd270
android.widget.ImageView@406e7298
android.widget.TextView: Map View
android.view.View@406efc98
gbis.gbandroid.views.layouts.CustomListView@406b4df0
android.widget.TableLayout@406c16c8
android.widget.TableRow@406c45a0
android.widget.RelativeLayout@406c7b78
android.widget.RelativeLayout@406c8028
android.widget.TextView: 3.49
android.widget.TextView: 9
android.widget.TextView: 1 hour ago
android.widget.TextView: Update
android.widget.RelativeLayout@406cbf88
android.widget.ImageView@406ce8b0
android.widget.TextView: Quest
android.widget.TextView: 6232 Belair Rd & Glenmore Ave
android.widget.TextView: Baltimore, MD
android.widget.TextView: 0.38 mi
android.widget.TableLayout@40793b60
android.widget.TableRow@40794130
android.widget.RelativeLayout@407947f0
android.widget.RelativeLayout@40794bc8
android.widget.TextView: 3.52
android.widget.TextView: 9
android.widget.TextView: 8 hours ago
android.widget.TextView: Update
android.widget.RelativeLayout@407963d8
android.widget.ImageView@407967b0
android.widget.TextView: Crown
android.widget.TextView: 5901 Belair Rd  & Glenarm Ave 
android.widget.TextView: Baltimore, MD
android.widget.TextView: 0.54 mi
android.widget.TableLayout@407a4328
android.widget.TableRow@407a48f8
android.widget.RelativeLayout@407a4fb8
android.widget.RelativeLayout@407a5390
android.widget.TextView: 3.55
android.widget.TextView: 9
android.widget.TextView: 8 hours ago
android.widget.TextView: Update
android.widget.RelativeLayout@407a6ba0
android.widget.ImageView@407a6f78
android.widget.TextView: Gulf
android.widget.TextView: 5838 Belair Rd & Kinsway 
android.widget.TextView: Baltimore, MD
android.widget.TextView: 0.65 mi
android.widget.TableLayout@407b49b8
android.widget.TableRow@407b4f88
android.widget.RelativeLayout@4057e238
android.widget.RelativeLayout@40605898
android.widget.TextView: 3.55
android.widget.TextView: 9
android.widget.TextView: Mon 9:25 AM
android.widget.TextView: Update
android.widget.RelativeLayout@4060d4b8
android.widget.ImageView@4054d3f8
android.widget.TextView: Shell
android.widget.TextView: 7533 Belair Rd  & Henry Ave
android.widget.TextView: Overlea, MD
android.widget.TextView: 1.35 mi
android.widget.TableLayout@4057b490
android.widget.TableRow@40599dc0
android.widget.RelativeLayout@40612ec8
android.widget.RelativeLayout@4061ded0
android.widget.TextView: 3.49
android.widget.TextView: 9
android.widget.TextView: Mon 9:30 AM
android.widget.TextView: Update
android.widget.RelativeLayout@40625400
android.widget.ImageView@405a2c68
android.widget.TextView: Shell
android.widget.TextView: 6321 Kenwood Ave  & Golden Ring Rd
android.widget.TextView: Rosedale, MD
android.widget.TextView: 1.5 mi
android.widget.RelativeLayout@4055a050
android.widget.FrameLayout@40648060
android.widget.RelativeLayout@406b8328
android.widget.LinearLayout@406b9608
android.view.View@405873a8
android.widget.RelativeLayout@40715418
android.widget.TextView: Regular
android.view.View@405bcc08
android.view.View@40557610
android.widget.RelativeLayout@40667fa0
android.widget.TextView: Midgrade
android.view.View@406a4d18
android.view.View@40557770
android.widget.RelativeLayout@406a4ef0
android.widget.TextView: Premium
android.view.View@4063bd28
android.view.View@405578a0
android.widget.RelativeLayout@4063bf18
android.widget.TextView: Diesel
android.view.View@406563d0
android.view.View@405874c8
android.view.View@405e5970
android.widget.LinearLayout@405f3a40
android.widget.RelativeLayout@406ad6c8
android.widget.ImageView@406c2050
android.widget.TextView: Reload
android.widget.RelativeLayout@406cac38
android.widget.ImageView@406d32c8
android.widget.TextView: Sort By Price
android.widget.RelativeLayout@406dd270
android.widget.ImageView@406e7298
android.widget.TextView: Map View
android.view.View@406efc98
gbis.gbandroid.views.layouts.CustomListView@406b4df0
android.widget.TableLayout@4057b490
android.widget.TableRow@40599dc0
android.widget.RelativeLayout@40612ec8
android.widget.RelativeLayout@4061ded0
android.widget.TextView: 3.49
android.widget.TextView: 9
android.widget.TextView: Mon 9:30 AM
android.widget.TextView: Update
android.widget.RelativeLayout@40625400
android.widget.ImageView@405a2c68
android.widget.TextView: Shell
android.widget.TextView: 6321 Kenwood Ave  & Golden Ring Rd
android.widget.TextView: Rosedale, MD
android.widget.TextView: 1.5 mi
android.widget.TableLayout@40580c98
android.widget.TableRow@4063a1b8
android.widget.RelativeLayout@40628010
android.widget.RelativeLayout@4062c168
android.widget.TextView: --
android.widget.TextView: 9
android.widget.TextView: time
android.widget.TextView: Report Price
android.widget.RelativeLayout@4062edc0
android.widget.ImageView@405b2a98
android.widget.TextView: Shell
android.widget.TextView: 5330 Frankford Ave & Sinclair Ln
android.widget.TextView: Baltimore, MD
android.widget.TextView: 1.62 mi
android.widget.TableLayout@40582a58
android.widget.TableRow@40676b38
android.widget.RelativeLayout@406319f0
android.widget.RelativeLayout@406345e0
android.widget.TextView: --
android.widget.TextView: 9
android.widget.TextView: time
android.widget.TextView: Report Price
android.widget.RelativeLayout@40639228
android.widget.ImageView@405c3158
android.widget.TextView: Evergreen
android.widget.TextView: 5609 Harford Rd & Evergreen Ave
android.widget.TextView: Baltimore, MD
android.widget.TextView: 1.62 mi
android.widget.TableLayout@40583708
android.widget.TableRow@4068b828
android.widget.RelativeLayout@4063f1a8
android.widget.RelativeLayout@40643e20
android.widget.TextView: 3.49
android.widget.TextView: 9
android.widget.TextView: Mon 8:30 AM
android.widget.TextView: Update
android.widget.RelativeLayout@406474b8
android.widget.ImageView@4063abd8
android.widget.TextView: BP
android.widget.TextView: 6823 Harford Rd  & Woodring Ave
android.widget.TextView: Baltimore, MD
android.widget.TextView: 1.62 mi
android.widget.TableLayout@40589988
android.widget.TableRow@406caed8
android.widget.RelativeLayout@40648550
android.widget.RelativeLayout@40648ae0
android.widget.TextView: 3.49
android.widget.TextView: 9
android.widget.TextView: Mon 8:30 AM
android.widget.TextView: Update
android.widget.RelativeLayout@40654ae8
android.widget.ImageView@4063e0f8
android.widget.TextView: Shell
android.widget.TextView: 6708 Harford Rd  & Northern Pkwy
android.widget.TextView: Baltimore, MD
android.widget.TextView: 1.62 mi
android.widget.RelativeLayout@4055a050
android.widget.FrameLayout@40648060
android.widget.RelativeLayout@406b8328
android.widget.LinearLayout@406b9608
android.view.View@405873a8
android.widget.RelativeLayout@40715418
android.widget.TextView: Regular
android.view.View@405bcc08
android.view.View@40557610
android.widget.RelativeLayout@40667fa0
android.widget.TextView: Midgrade
android.view.View@406a4d18
android.view.View@40557770
android.widget.RelativeLayout@406a4ef0
android.widget.TextView: Premium
android.view.View@4063bd28
android.view.View@405578a0
android.widget.RelativeLayout@4063bf18
android.widget.TextView: Diesel
android.view.View@406563d0
android.view.View@405874c8
android.view.View@405e5970
android.widget.LinearLayout@405f3a40
android.widget.RelativeLayout@406ad6c8
android.widget.ImageView@406c2050
android.widget.TextView: Reload
android.widget.RelativeLayout@406cac38
android.widget.ImageView@406d32c8
android.widget.TextView: Sort By Price
android.widget.RelativeLayout@406dd270
android.widget.ImageView@406e7298
android.widget.TextView: Map View
android.view.View@406efc98
gbis.gbandroid.views.layouts.CustomListView@406b4df0
android.widget.TableLayout@405e9cd8
android.widget.TableRow@4057bd50
android.widget.RelativeLayout@40634798
android.widget.RelativeLayout@40686a80
android.widget.TextView: 3.49
android.widget.TextView: 9
android.widget.TextView: Mon 8:30 AM
android.widget.TextView: Update
android.widget.RelativeLayout@40617c50
android.widget.ImageView@4061ffe0
android.widget.TextView: Shell
android.widget.TextView: 6708 Harford Rd  & Northern Pkwy
android.widget.TextView: Baltimore, MD
android.widget.TextView: 1.62 mi
android.widget.TableLayout@405b1c10
android.widget.TableRow@40648388
android.widget.RelativeLayout@405df210
android.widget.RelativeLayout@406ba3e8
android.widget.TextView: --
android.widget.TextView: 9
android.widget.TextView: time
android.widget.TextView: Report Price
android.widget.RelativeLayout@40676d70
android.widget.ImageView@405d65f8
android.widget.TextView: BP
android.widget.TextView: 5000 Harford Rd & Ailsa Ave
android.widget.TextView: Baltimore, MD
android.widget.TextView: 1.85 mi
android.widget.TableLayout@40699df0
android.widget.TableRow@406feee8
android.widget.RelativeLayout@40643c50
android.widget.RelativeLayout@4069ab38
android.widget.TextView: --
android.widget.TextView: 9
android.widget.TextView: time
android.widget.TextView: Report Price
android.widget.RelativeLayout@40629cc0
android.widget.ImageView@40634de8
android.widget.TextView: CITGO
android.widget.TextView: 4799 Harford Rd & Southern Ave
android.widget.TextView: Baltimore, MD
android.widget.TextView: 1.96 mi
android.widget.TableLayout@4061b6b8
android.widget.TableRow@40627e60
android.widget.RelativeLayout@4062ea48
android.widget.RelativeLayout@40639078
android.widget.TextView: --
android.widget.TextView: 9
android.widget.TextView: time
android.widget.TextView: Report Price
android.widget.RelativeLayout@40673cd8
android.widget.ImageView@40677d48
android.widget.TextView: Liberty
android.widget.TextView: 8500 Philadelphia Rd  & Chapel Hill Dr
android.widget.TextView: Rosedale, MD
android.widget.TextView: 1.99 mi
android.widget.TableLayout@40589988
android.widget.TableRow@406caed8
android.widget.RelativeLayout@40648550
android.widget.RelativeLayout@40648ae0
android.widget.TextView: 3.51
android.widget.TextView: 9
android.widget.TextView: Sun 7:08 PM
android.widget.TextView: Update
android.widget.RelativeLayout@40654ae8
android.widget.ImageView@4063e0f8
android.widget.TextView: CITGO
android.widget.TextView: 7940 Harford Rd & Linwood Ave
android.widget.TextView: Parkville, MD
android.widget.TextView: 2.08 mi
android.widget.RelativeLayout@4055a050
android.widget.FrameLayout@40648060
android.widget.RelativeLayout@406b8328
android.widget.LinearLayout@406b9608
android.view.View@405873a8
android.widget.RelativeLayout@40715418
android.widget.TextView: Regular
android.view.View@405bcc08
android.view.View@40557610
android.widget.RelativeLayout@40667fa0
android.widget.TextView: Midgrade
android.view.View@406a4d18
android.view.View@40557770
android.widget.RelativeLayout@406a4ef0
android.widget.TextView: Premium
android.view.View@4063bd28
android.view.View@405578a0
android.widget.RelativeLayout@4063bf18
android.widget.TextView: Diesel
android.view.View@406563d0
android.view.View@405874c8
android.view.View@405e5970
android.widget.LinearLayout@405f3a40
android.widget.RelativeLayout@406ad6c8
android.widget.ImageView@406c2050
android.widget.TextView: Reload
android.widget.RelativeLayout@406cac38
android.widget.ImageView@406d32c8
android.widget.TextView: Sort By Price
android.widget.RelativeLayout@406dd270
android.widget.ImageView@406e7298
android.widget.TextView: Map View
android.view.View@406efc98
gbis.gbandroid.views.layouts.CustomListView@406b4df0
android.widget.TableLayout@40589988
android.widget.TableRow@406caed8
android.widget.RelativeLayout@40648550
android.widget.RelativeLayout@40648ae0
android.widget.TextView: 3.51
android.widget.TextView: 9
android.widget.TextView: Sun 7:08 PM
android.widget.TextView: Update
android.widget.RelativeLayout@40654ae8
android.widget.ImageView@4063e0f8
android.widget.TextView: CITGO
android.widget.TextView: 7940 Harford Rd & Linwood Ave
android.widget.TextView: Parkville, MD
android.widget.TextView: 2.08 mi
android.widget.TableLayout@40647308
android.widget.TableRow@406c45a0
android.widget.RelativeLayout@4057e238
android.widget.RelativeLayout@4058a598
android.widget.TextView: 3.54
android.widget.TextView: 9
android.widget.TextView: 21 hours ago
android.widget.TextView: Update
android.widget.RelativeLayout@40605898
android.widget.ImageView@4054d3f8
android.widget.TextView: Exxon
android.widget.TextView: 8605 Philadelphia Rd  & Golden Ring Rd
android.widget.TextView: Rosedale, MD
android.widget.TextView: 2.14 mi
android.widget.TableLayout@406950a0
android.widget.TableRow@406d34e8
android.widget.RelativeLayout@4060d4b8
android.widget.RelativeLayout@40612d18
android.widget.TextView: 3.49
android.widget.TextView: 9
android.widget.TextView: 5 hours ago
android.widget.TextView: Update
android.widget.RelativeLayout@4066db60
android.widget.ImageView@40643ac8
android.widget.TextView: Royal Farms
android.widget.TextView: 7950 Pulaski Hwy  & Chesaco Ave
android.widget.TextView: Rosedale, MD
android.widget.TextView: 2.16 mi
android.widget.TableLayout@406bd160
android.widget.TableRow@406f30c0
android.widget.RelativeLayout@406712d0
android.widget.RelativeLayout@40677ef8
android.widget.TextView: 3.49
android.widget.TextView: 9
android.widget.TextView: 2 hours ago
android.widget.TextView: Update
android.widget.RelativeLayout@4067c298
android.widget.ImageView@40651870
android.widget.TextView: Shell
android.widget.TextView: 5920 Moravia Rd & Moravia Park Dr
android.widget.TextView: Baltimore, MD
android.widget.TextView: 2.19 mi
android.widget.TableLayout@406d2ff8
android.widget.TableRow@406f4ec0
android.widget.RelativeLayout@407a4530
android.widget.RelativeLayout@405e08c0
android.widget.TextView: 3.49
android.widget.TextView: 9
android.widget.TextView: 2 hours ago
android.widget.TextView: Update
android.widget.RelativeLayout@4070ff98
android.widget.ImageView@406fd9e0
android.widget.TextView: BP
android.widget.TextView: 5921 Moravia Rd & Moravia Park Dr
android.widget.TextView: Baltimore, MD
android.widget.TextView: 2.22 mi
android.widget.RelativeLayout@4055a050
android.widget.FrameLayout@40648060
android.widget.RelativeLayout@406b8328
android.widget.LinearLayout@406b9608
android.view.View@405873a8
android.widget.RelativeLayout@40715418
android.widget.TextView: Regular
android.view.View@405bcc08
android.view.View@40557610
android.widget.RelativeLayout@40667fa0
android.widget.TextView: Midgrade
android.view.View@406a4d18
android.view.View@40557770
android.widget.RelativeLayout@406a4ef0
android.widget.TextView: Premium
android.view.View@4063bd28
android.view.View@405578a0
android.widget.RelativeLayout@4063bf18
android.widget.TextView: Diesel
android.view.View@406563d0
android.view.View@405874c8
android.view.View@405e5970
android.widget.LinearLayout@405f3a40
android.widget.RelativeLayout@406ad6c8
android.widget.ImageView@406c2050
android.widget.TextView: Reload
android.widget.RelativeLayout@406cac38
android.widget.ImageView@406d32c8
android.widget.TextView: Sort By Price
android.widget.RelativeLayout@406dd270
android.widget.ImageView@406e7298
android.widget.TextView: Map View
android.view.View@406efc98
gbis.gbandroid.views.layouts.CustomListView@406b4df0
android.widget.TableLayout@406d2ff8
android.widget.TableRow@406f4ec0
android.widget.RelativeLayout@407a4530
android.widget.RelativeLayout@405e08c0
android.widget.TextView: 3.49
android.widget.TextView: 9
android.widget.TextView: 2 hours ago
android.widget.TextView: Update
android.widget.RelativeLayout@4070ff98
android.widget.ImageView@406fd9e0
android.widget.TextView: BP
android.widget.TextView: 5921 Moravia Rd & Moravia Park Dr
android.widget.TextView: Baltimore, MD
android.widget.TextView: 2.22 mi
android.widget.TableLayout@40655978
android.widget.TableRow@40709b98
android.widget.RelativeLayout@405808d8
android.widget.RelativeLayout@406ef640
android.widget.TextView: 3.49
android.widget.TextView: 9
android.widget.TextView: 4 hours ago
android.widget.TextView: Update
android.widget.RelativeLayout@4063d568
android.widget.ImageView@405f0110
android.widget.TextView: Exxon
android.widget.TextView: 6000 Moravia Rd & Moravia Park Dr
android.widget.TextView: Baltimore, MD
android.widget.TextView: 2.24 mi
android.widget.TableLayout@407a7c40
android.widget.TableRow@4067f878
android.widget.RelativeLayout@40647bc0
android.widget.RelativeLayout@4057eeb0
android.widget.TextView: 3.45
android.widget.TextView: 9
android.widget.TextView: 5 hours ago
android.widget.TextView: Update
android.widget.RelativeLayout@406d93e0
android.widget.ImageView@406d9728
android.widget.TextView: Crown
android.widget.TextView: 8350 Pulaski Hwy  & Berk Ave
android.widget.TextView: Rosedale, MD
android.widget.TextView: 2.27 mi
android.widget.TableLayout@406dcbb8
android.widget.TableRow@407a4960
android.widget.RelativeLayout@405eab40
android.widget.RelativeLayout@405eae78
android.widget.TextView: 3.49
android.widget.TextView: 9
android.widget.TextView: 5 hours ago
android.widget.TextView: Update
android.widget.RelativeLayout@40616558
android.widget.ImageView@40621430
android.widget.TextView: Shell
android.widget.TextView: 7514 Pulaski Hwy & 66th St
android.widget.TextView: Rosedale, MD
android.widget.TextView: 2.3 mi
android.widget.TableLayout@40683bb8
android.widget.TableRow@406129e0
android.widget.RelativeLayout@4071f1d8
android.widget.RelativeLayout@40794ff8
android.widget.TextView: 3.49
android.widget.TextView: 9
android.widget.TextView: 5 hours ago
android.widget.TextView: Update
android.widget.RelativeLayout@4057eb00
android.widget.ImageView@40678678
android.widget.TextView: BP
android.widget.TextView: 7500 Pulaski Hwy & 66th St
android.widget.TextView: Rosedale, MD
android.widget.TextView: 2.33 mi
android.widget.RelativeLayout@4055a050
android.widget.FrameLayout@40648060
android.widget.RelativeLayout@406b8328
android.widget.LinearLayout@406b9608
android.view.View@405873a8
android.widget.RelativeLayout@40715418
android.widget.TextView: Regular
android.view.View@405bcc08
android.view.View@40557610
android.widget.RelativeLayout@40667fa0
android.widget.TextView: Midgrade
android.view.View@406a4d18
android.view.View@40557770
android.widget.RelativeLayout@406a4ef0
android.widget.TextView: Premium
android.view.View@4063bd28
android.view.View@405578a0
android.widget.RelativeLayout@4063bf18
android.widget.TextView: Diesel
android.view.View@406563d0
android.view.View@405874c8
android.view.View@405e5970
android.widget.LinearLayout@405f3a40
android.widget.RelativeLayout@406ad6c8
android.widget.ImageView@406c2050
android.widget.TextView: Reload
android.widget.RelativeLayout@406cac38
android.widget.ImageView@406d32c8
android.widget.TextView: Sort By Price
android.widget.RelativeLayout@406dd270
android.widget.ImageView@406e7298
android.widget.TextView: Map View
android.view.View@406efc98
gbis.gbandroid.views.layouts.CustomListView@406b4df0
android.widget.TableLayout@40683bb8
android.widget.TableRow@406129e0
android.widget.RelativeLayout@4071f1d8
android.widget.RelativeLayout@40794ff8
android.widget.TextView: 3.49
android.widget.TextView: 9
android.widget.TextView: 5 hours ago
android.widget.TextView: Update
android.widget.RelativeLayout@4057eb00
android.widget.ImageView@40678678
android.widget.TextView: BP
android.widget.TextView: 7500 Pulaski Hwy & 66th St
android.widget.TextView: Rosedale, MD
android.widget.TextView: 2.33 mi
android.widget.TableLayout@406e4218
android.widget.TableRow@406e47d0
android.widget.RelativeLayout@4073c3f8
android.widget.RelativeLayout@4073c7d0
android.widget.TextView: 3.49
android.widget.TextView: 9
android.widget.TextView: Mon 8:30 AM
android.widget.TextView: Update
android.widget.RelativeLayout@4066b478
android.widget.ImageView@4066b850
android.widget.TextView: Exxon
android.widget.TextView: 7301 McClean & Oakleigh
android.widget.TextView: Parkville, MD
android.widget.TextView: 2.34 mi
android.widget.TableLayout@406d1068
android.widget.TableRow@406d4308
android.widget.RelativeLayout@406d7410
android.widget.RelativeLayout@406d77a8
android.widget.TextView: 3.44
android.widget.TextView: 9
android.widget.TextView: Mon 12:18 PM
android.widget.TextView: Update
android.widget.RelativeLayout@406de7f0
android.widget.ImageView@406e1920
android.widget.TextView: Sunoco
android.widget.TextView: 2535 Cleanleigh Dr  & Darlington Dr
android.widget.TextView: Parkville, MD
android.widget.TextView: 2.35 mi
android.widget.TableLayout@4057b490
android.widget.TableRow@40599dc0
android.widget.RelativeLayout@40558680
android.widget.RelativeLayout@4057e238
android.widget.TextView: 3.53
android.widget.TextView: 9
android.widget.TextView: Sun 7:08 PM
android.widget.TextView: Update
android.widget.RelativeLayout@40580e58
android.widget.ImageView@4054d0a0
android.widget.TextView: Sunoco
android.widget.TextView: 8401 Harford Rd & Texas Ave
android.widget.TextView: Parkville, MD
android.widget.TextView: 2.36 mi
android.widget.TableLayout@40580c98
android.widget.TableRow@4061eaf0
android.widget.RelativeLayout@405b4f98
android.widget.RelativeLayout@405fd428
android.widget.TextView: 3.37
android.widget.TextView: 9
android.widget.TextView: 1 hour ago
android.widget.TextView: Update
android.widget.RelativeLayout@40600010
android.widget.ImageView@4054d3f8
android.widget.TextView: Eagle Mart
android.widget.TextView: 2301 E Northern Pkwy & McClean Blvd
android.widget.TextView: Baltimore, MD
android.widget.TextView: 2.4 mi
android.widget.RelativeLayout@4055a050
android.widget.FrameLayout@40648060
android.widget.RelativeLayout@406b8328
android.widget.LinearLayout@406b9608
android.view.View@405873a8
android.widget.RelativeLayout@40715418
android.widget.TextView: Regular
android.view.View@405bcc08
android.view.View@40557610
android.widget.RelativeLayout@40667fa0
android.widget.TextView: Midgrade
android.view.View@406a4d18
android.view.View@40557770
android.widget.RelativeLayout@406a4ef0
android.widget.TextView: Premium
android.view.View@4063bd28
android.view.View@405578a0
android.widget.RelativeLayout@4063bf18
android.widget.TextView: Diesel
android.view.View@406563d0
android.view.View@405874c8
android.view.View@405e5970
android.widget.LinearLayout@405f3a40
android.widget.RelativeLayout@406ad6c8
android.widget.ImageView@406c2050
android.widget.TextView: Reload
android.widget.RelativeLayout@406cac38
android.widget.ImageView@406d32c8
android.widget.TextView: Sort By Price
android.widget.RelativeLayout@406dd270
android.widget.ImageView@406e7298
android.widget.TextView: Map View
android.view.View@406efc98
gbis.gbandroid.views.layouts.CustomListView@406b4df0
android.widget.TableLayout@40580c98
android.widget.TableRow@4061eaf0
android.widget.RelativeLayout@405b4f98
android.widget.RelativeLayout@405fd428
android.widget.TextView: 3.37
android.widget.TextView: 9
android.widget.TextView: 1 hour ago
android.widget.TextView: Update
android.widget.RelativeLayout@40600010
android.widget.ImageView@4054d3f8
android.widget.TextView: Eagle Mart
android.widget.TextView: 2301 E Northern Pkwy & McClean Blvd
android.widget.TextView: Baltimore, MD
android.widget.TextView: 2.4 mi
android.widget.TableLayout@40582a58
android.widget.TableRow@4063a1b8
android.widget.RelativeLayout@40602c58
android.widget.RelativeLayout@40605898
android.widget.TextView: 3.49
android.widget.TextView: 9
android.widget.TextView: 5 hours ago
android.widget.TextView: Update
android.widget.RelativeLayout@4060d4b8
android.widget.ImageView@405b2a98
android.widget.TextView: Royal Farms
android.widget.TextView: 1501 Pulaski Hwy  & 62nd St
android.widget.TextView: Rosedale, MD
android.widget.TextView: 2.49 mi
android.widget.TableLayout@40602aa8
android.widget.TableRow@40676b38
android.widget.RelativeLayout@40612ec8
android.widget.RelativeLayout@4061ded0
android.widget.TextView: 3.39
android.widget.TextView: 9
android.widget.TextView: 1 hour ago
android.widget.TextView: Update
android.widget.RelativeLayout@40625400
android.widget.ImageView@405c3158
android.widget.TextView: Sam's Club
android.widget.TextView: 6410 Petrie Way Rd  & Golden Ring Plaza
android.widget.TextView: Rosedale, MD
android.widget.TextView: 2.5 mi
android.widget.TableLayout@40612d18
android.widget.TableRow@4068b828
android.widget.RelativeLayout@406255b8
android.widget.RelativeLayout@40628010
android.widget.TextView: 3.49
android.widget.TextView: 9
android.widget.TextView: 22 hours ago
android.widget.TextView: Update
android.widget.RelativeLayout@40629cc0
android.widget.ImageView@4063abd8
android.widget.TextView: Exxon
android.widget.TextView: 8101 Belair Rd  &  Ridge Rd
android.widget.TextView: Nottingham, MD
android.widget.TextView: 2.51 mi
android.widget.TableLayout@4061b6b8
android.widget.TableRow@406c45a0
android.widget.RelativeLayout@4062c168
android.widget.RelativeLayout@4062edc0
android.widget.TextView: 3.45
android.widget.TextView: 9
android.widget.TextView: Mon 1:31 PM
android.widget.TextView: Update
android.widget.RelativeLayout@40631830
android.widget.ImageView@4063e0f8
android.widget.TextView: Royal Farms
android.widget.TextView: 8803 Philadelphia Rd & Ridge Rd
android.widget.TextView: Rossville, MD
android.widget.TextView: 2.58 mi
android.widget.RelativeLayout@4055a050
android.widget.FrameLayout@40648060
android.widget.RelativeLayout@406b8328
android.widget.LinearLayout@406b9608
android.view.View@405873a8
android.widget.RelativeLayout@40715418
android.widget.TextView: Regular
android.view.View@405bcc08
android.view.View@40557610
android.widget.RelativeLayout@40667fa0
android.widget.TextView: Midgrade
android.view.View@406a4d18
android.view.View@40557770
android.widget.RelativeLayout@406a4ef0
android.widget.TextView: Premium
android.view.View@4063bd28
android.view.View@405578a0
android.widget.RelativeLayout@4063bf18
android.widget.TextView: Diesel
android.view.View@406563d0
android.view.View@405874c8
android.view.View@405e5970
android.widget.LinearLayout@405f3a40
android.widget.RelativeLayout@406ad6c8
android.widget.ImageView@406c2050
android.widget.TextView: Reload
android.widget.RelativeLayout@406cac38
android.widget.ImageView@406d32c8
android.widget.TextView: Sort By Price
android.widget.RelativeLayout@406dd270
android.widget.ImageView@406e7298
android.widget.TextView: Map View
android.view.View@406efc98
gbis.gbandroid.views.layouts.CustomListView@406b4df0
android.widget.TableLayout@4061b6b8
android.widget.TableRow@406c45a0
android.widget.RelativeLayout@4062c168
android.widget.RelativeLayout@4062edc0
android.widget.TextView: 3.45
android.widget.TextView: 9
android.widget.TextView: Mon 1:31 PM
android.widget.TextView: Update
android.widget.RelativeLayout@40631830
android.widget.ImageView@4063e0f8
android.widget.TextView: Royal Farms
android.widget.TextView: 8803 Philadelphia Rd & Ridge Rd
android.widget.TextView: Rossville, MD
android.widget.TextView: 2.58 mi
android.widget.TableLayout@40551a10
android.widget.TableRow@406c7b78
android.widget.RelativeLayout@405df210
android.widget.RelativeLayout@4066a978
android.widget.TextView: 3.39
android.widget.TextView: 9
android.widget.TextView: 19 hours ago
android.widget.TextView: Update
android.widget.RelativeLayout@406ce680
android.widget.ImageView@40612468
android.widget.TextView: Gulf
android.widget.TextView: 7300 McClean Blvd & Perring Pkwy
android.widget.TextView: Parkville, MD
android.widget.TextView: 2.63 mi
android.widget.TableLayout@406f2360
android.widget.TableRow@406cc028
android.widget.RelativeLayout@406c32a0
android.widget.RelativeLayout@40628628
android.widget.TextView: 3.45
android.widget.TextView: 9
android.widget.TextView: Mon 11:00 AM
android.widget.TextView: Update
android.widget.RelativeLayout@4067eac8
android.widget.ImageView@40705bb8
android.widget.TextView: Sunoco
android.widget.TextView: 8730 Pulaski Hwy   & Rossville Bvd
android.widget.TextView: Rossville, MD
android.widget.TextView: 2.71 mi
android.widget.TableLayout@4054de38
android.widget.TableRow@40557078
android.widget.RelativeLayout@406feef8
android.widget.RelativeLayout@4061e770
android.widget.TextView: 3.43
android.widget.TextView: 9
android.widget.TextView: 17 hours ago
android.widget.TextView: Update
android.widget.RelativeLayout@4070e568
android.widget.ImageView@40712660
android.widget.TextView: Wawa
android.widget.TextView: 8731 Pulaski Hwy & Rossville Bvd
android.widget.TextView: Rossville, MD
android.widget.TextView: 2.73 mi
android.widget.TableLayout@40688fa0
android.widget.TableRow@406ec040
android.widget.RelativeLayout@4066ea60
android.widget.RelativeLayout@406ff758
android.widget.TextView: 3.45
android.widget.TextView: 9
android.widget.TextView: 5 hours ago
android.widget.TextView: Update
android.widget.RelativeLayout@40638ce0
android.widget.ImageView@40646f38
android.widget.TextView: Hess
android.widget.TextView: 6715 Pulaski Hwy & Moravia Rd  
android.widget.TextView: Baltimore, MD
android.widget.TextView: 2.8 mi
android.widget.RelativeLayout@4055a050
android.widget.FrameLayout@40648060
android.widget.RelativeLayout@406b8328
android.widget.LinearLayout@406b9608
android.view.View@405873a8
android.widget.RelativeLayout@40715418
android.widget.TextView: Regular
android.view.View@405bcc08
android.view.View@40557610
android.widget.RelativeLayout@40667fa0
android.widget.TextView: Midgrade
android.view.View@406a4d18
android.view.View@40557770
android.widget.RelativeLayout@406a4ef0
android.widget.TextView: Premium
android.view.View@4063bd28
android.view.View@405578a0
android.widget.RelativeLayout@4063bf18
android.widget.TextView: Diesel
android.view.View@406563d0
android.view.View@405874c8
android.view.View@405e5970
android.widget.LinearLayout@405f3a40
android.widget.RelativeLayout@406ad6c8
android.widget.ImageView@406c2050
android.widget.TextView: Reload
android.widget.RelativeLayout@406cac38
android.widget.ImageView@406d32c8
android.widget.TextView: Sort By Price
android.widget.RelativeLayout@406dd270
android.widget.ImageView@406e7298
android.widget.TextView: Map View
android.view.View@406efc98
gbis.gbandroid.views.layouts.CustomListView@406b4df0
android.widget.TableLayout@4062d3d8
android.widget.TableRow@4062d9a8
android.widget.RelativeLayout@40696230
android.widget.RelativeLayout@40696608
android.widget.TextView: 3.45
android.widget.TextView: 9
android.widget.TextView: 5 hours ago
android.widget.TextView: Update
android.widget.RelativeLayout@4063c090
android.widget.ImageView@4063c410
android.widget.TextView: Hess
android.widget.TextView: 6715 Pulaski Hwy & Moravia Rd  
android.widget.TextView: Baltimore, MD
android.widget.TextView: 2.8 mi
android.widget.TableLayout@40664020
android.widget.TableRow@4061c998
android.widget.RelativeLayout@4061d058
android.widget.RelativeLayout@40600e18
android.widget.TextView: 3.59
android.widget.TextView: 9
android.widget.TextView: 5 hours ago
android.widget.TextView: Update
android.widget.RelativeLayout@4068a170
android.widget.ImageView@4064f138
android.widget.TextView: Exxon
android.widget.TextView: 3320 Erdman Ave & Mannasota Ave
android.widget.TextView: Baltimore, MD
android.widget.TextView: 2.81 mi
android.widget.TableLayout@40706998
android.widget.TableRow@406045b8
android.widget.RelativeLayout@406f8548
android.widget.RelativeLayout@406f87f8
android.widget.TextView: 3.37
android.widget.TextView: 9
android.widget.TextView: 5 hours ago
android.widget.TextView: Update
android.widget.RelativeLayout@4063b5a0
android.widget.ImageView@4063b978
android.widget.TextView: BJ's
android.widget.TextView: 4201 Wholesale Club Dr & Belair Rd
android.widget.TextView: Nottingham, MD
android.widget.TextView: 2.88 mi
android.widget.TableLayout@406d5d80
android.widget.TableRow@40581ea8
android.widget.RelativeLayout@40582528
android.widget.RelativeLayout@406a1fa8
android.widget.TextView: 3.49
android.widget.TextView: 9
android.widget.TextView: Mon 1:12 PM
android.widget.TextView: Update
android.widget.RelativeLayout@406da1d0
android.widget.ImageView@406da590
android.widget.TextView: Excel Car Care Center
android.widget.TextView: 1701 Taylor Ave & Oakleigh Rd
android.widget.TextView: Parkville, MD
android.widget.TextView: 2.9 mi
android.widget.TableLayout@40688fa0
android.widget.TableRow@406ec040
android.widget.RelativeLayout@4066ea60
android.widget.RelativeLayout@406ff758
android.widget.TextView: 3.49
android.widget.TextView: 9
android.widget.TextView: 5 hours ago
android.widget.TextView: Update
android.widget.RelativeLayout@40638ce0
android.widget.ImageView@40646f38
android.widget.TextView: Royal Farms
android.widget.TextView: 6435 Pulaski Hwy & N North Point Rd
android.widget.TextView: Baltimore, MD
android.widget.TextView: 2.98 mi
android.widget.RelativeLayout@4055a050
android.widget.FrameLayout@40648060
android.widget.RelativeLayout@406b8328
android.widget.LinearLayout@406b9608
android.view.View@405873a8
android.widget.RelativeLayout@40715418
android.widget.TextView: Regular
android.view.View@405bcc08
android.view.View@40557610
android.widget.RelativeLayout@40667fa0
android.widget.TextView: Midgrade
android.view.View@406a4d18
android.view.View@40557770
android.widget.RelativeLayout@406a4ef0
android.widget.TextView: Premium
android.view.View@4063bd28
android.view.View@405578a0
android.widget.RelativeLayout@4063bf18
android.widget.TextView: Diesel
android.view.View@406563d0
android.view.View@405874c8
android.view.View@405e5970
android.widget.LinearLayout@405f3a40
android.widget.RelativeLayout@406ad6c8
android.widget.ImageView@406c2050
android.widget.TextView: Reload
android.widget.RelativeLayout@406cac38
android.widget.ImageView@406d32c8
android.widget.TextView: Sort By Price
android.widget.RelativeLayout@406dd270
android.widget.ImageView@406e7298
android.widget.TextView: Map View
android.view.View@406efc98
gbis.gbandroid.views.layouts.CustomListView@406b4df0
android.widget.TableLayout@40688fa0
android.widget.TableRow@406ec040
android.widget.RelativeLayout@4066ea60
android.widget.RelativeLayout@406ff758
android.widget.TextView: 3.49
android.widget.TextView: 9
android.widget.TextView: 5 hours ago
android.widget.TextView: Update
android.widget.RelativeLayout@40638ce0
android.widget.ImageView@40646f38
android.widget.TextView: Royal Farms
android.widget.TextView: 6435 Pulaski Hwy & N North Point Rd
android.widget.TextView: Baltimore, MD
android.widget.TextView: 2.98 mi
android.widget.TableLayout@4065cfb8
android.widget.TableRow@40755190
android.widget.RelativeLayout@40755810
android.widget.RelativeLayout@40755be8
android.widget.TextView: 3.49
android.widget.TextView: 9
android.widget.TextView: Sun 9:00 PM
android.widget.TextView: Update
android.widget.RelativeLayout@407573f8
android.widget.ImageView@40748038
android.widget.TextView: Carroll Fuel
android.widget.TextView: 9205 Harford Rd & East Ave
android.widget.TextView: Carney, MD
android.widget.TextView: 2.99 mi
android.widget.TableLayout@40752fa8
android.widget.TableRow@40753578
android.widget.RelativeLayout@40742b08
android.widget.RelativeLayout@40742ee0
android.widget.TextView: --
android.widget.TextView: 9
android.widget.TextView: time
android.widget.TextView: Report Price
android.widget.RelativeLayout@407446f0
android.widget.ImageView@40744ac8
android.widget.TextView: Shell
android.widget.TextView: 9200 Harford Rd & Richmond Ave
android.widget.TextView: Carney, MD
android.widget.TextView: 3 mi
android.widget.TableLayout@407f0f00
android.widget.TableRow@407f14d0
android.widget.RelativeLayout@407f1b90
android.widget.RelativeLayout@407f1f68
android.widget.TextView: 3.43
android.widget.TextView: 9
android.widget.TextView: 38 minutes ago
android.widget.TextView: Update
android.widget.RelativeLayout@407f3778
android.widget.ImageView@407f3b50
android.widget.TextView: Quest
android.widget.TextView: 4201 Erdman Ave & Sinclair Ln
android.widget.TextView: Baltimore, MD
android.widget.TextView: 3.02 mi
android.widget.TableLayout@407f86c0
android.widget.TableRow@407f8c90
android.widget.RelativeLayout@407f9350
android.widget.RelativeLayout@407f9728
android.widget.TextView: 3.43
android.widget.TextView: 9
android.widget.TextView: 38 minutes ago
android.widget.TextView: Update
android.widget.RelativeLayout@407faf38
android.widget.ImageView@407fb310
android.widget.TextView: CITGO
android.widget.TextView: 4501 Erdman Ave & Federal St
android.widget.TextView: Baltimore, MD
android.widget.TextView: 3.09 mi
android.widget.RelativeLayout@4055a050
android.widget.FrameLayout@40648060
android.widget.RelativeLayout@406b8328
android.widget.LinearLayout@406b9608
android.view.View@405873a8
android.widget.RelativeLayout@40715418
android.widget.TextView: Regular
android.view.View@405bcc08
android.view.View@40557610
android.widget.RelativeLayout@40667fa0
android.widget.TextView: Midgrade
android.view.View@406a4d18
android.view.View@40557770
android.widget.RelativeLayout@406a4ef0
android.widget.TextView: Premium
android.view.View@4063bd28
android.view.View@405578a0
android.widget.RelativeLayout@4063bf18
android.widget.TextView: Diesel
android.view.View@406563d0
android.view.View@405874c8
android.view.View@405e5970
android.widget.LinearLayout@405f3a40
android.widget.RelativeLayout@406ad6c8
android.widget.ImageView@406c2050
android.widget.TextView: Reload
android.widget.RelativeLayout@406cac38
android.widget.ImageView@406d32c8
android.widget.TextView: Sort By Price
android.widget.RelativeLayout@406dd270
android.widget.ImageView@406e7298
android.widget.TextView: Map View
android.view.View@406efc98
gbis.gbandroid.views.layouts.CustomListView@406b4df0
android.widget.TableLayout@407f86c0
android.widget.TableRow@407f8c90
android.widget.RelativeLayout@407f9350
android.widget.RelativeLayout@407f9728
android.widget.TextView: 3.43
android.widget.TextView: 9
android.widget.TextView: 38 minutes ago
android.widget.TextView: Update
android.widget.RelativeLayout@407faf38
android.widget.ImageView@407fb310
android.widget.TextView: CITGO
android.widget.TextView: 4501 Erdman Ave & Federal St
android.widget.TextView: Baltimore, MD
android.widget.TextView: 3.09 mi
android.widget.TableLayout@4054de38
android.widget.TableRow@40599dc0
android.widget.RelativeLayout@40558680
android.widget.RelativeLayout@4057b648
android.widget.TextView: --
android.widget.TextView: 9
android.widget.TextView: time
android.widget.TextView: Report Price
android.widget.RelativeLayout@4057e238
android.widget.ImageView@4054d0a0
android.widget.TextView: BP
android.widget.TextView: 9300 Harford Rd & Chenoak Ave
android.widget.TextView: Carney, MD
android.widget.TextView: 3.09 mi
android.widget.TableLayout@40551a10
android.widget.TableRow@4060e470
android.widget.RelativeLayout@40580e58
android.widget.RelativeLayout@405fd428
android.widget.TextView: 3.45
android.widget.TextView: 9
android.widget.TextView: Mon 1:08 PM
android.widget.TextView: Update
android.widget.RelativeLayout@40600010
android.widget.ImageView@4054d3f8
android.widget.TextView: Exxon
android.widget.TextView: 8601 Old Harford Rd & Putty Hill Rd
android.widget.TextView: Parkville, MD
android.widget.TextView: 3.1 mi
android.widget.TableLayout@4057b490
android.widget.TableRow@40627578
android.widget.RelativeLayout@40602c58
android.widget.RelativeLayout@40605898
android.widget.TextView: 3.45
android.widget.TextView: 9
android.widget.TextView: Mon 1:08 PM
android.widget.TextView: Update
android.widget.RelativeLayout@4060d4b8
android.widget.ImageView@4057dc20
android.widget.TextView: CITGO
android.widget.TextView: 8602 Old Harford Rd & Putty Hill Rd
android.widget.TextView: Parkville, MD
android.widget.TextView: 3.1 mi
android.widget.TableLayout@40580c98
android.widget.TableRow@4063a1b8
android.widget.RelativeLayout@40612ec8
android.widget.RelativeLayout@4061ded0
android.widget.TextView: 3.49
android.widget.TextView: 9
android.widget.TextView: 5 hours ago
android.widget.TextView: Update
android.widget.RelativeLayout@40620a70
android.widget.ImageView@405b2a98
android.widget.TextView: 7-Eleven
android.widget.TextView: 5920 Pulaski Hwy & Armistead Way
android.widget.TextView: Baltimore, MD
android.widget.TextView: 3.15 mi
android.widget.RelativeLayout@4055a050
android.widget.FrameLayout@40648060
android.widget.RelativeLayout@406b8328
android.widget.LinearLayout@406b9608
android.view.View@405873a8
android.widget.RelativeLayout@40715418
android.widget.TextView: Regular
android.view.View@405bcc08
android.view.View@40557610
android.widget.RelativeLayout@40667fa0
android.widget.TextView: Midgrade
android.view.View@406a4d18
android.view.View@40557770
android.widget.RelativeLayout@406a4ef0
android.widget.TextView: Premium
android.view.View@4063bd28
android.view.View@405578a0
android.widget.RelativeLayout@4063bf18
android.widget.TextView: Diesel
android.view.View@406563d0
android.view.View@405874c8
android.view.View@405e5970
android.widget.LinearLayout@405f3a40
android.widget.RelativeLayout@406ad6c8
android.widget.ImageView@406c2050
android.widget.TextView: Reload
android.widget.RelativeLayout@406cac38
android.widget.ImageView@406d32c8
android.widget.TextView: Sort By Price
android.widget.RelativeLayout@406dd270
android.widget.ImageView@406e7298
android.widget.TextView: Map View
android.view.View@406efc98
gbis.gbandroid.views.layouts.CustomListView@406b4df0
android.widget.TableLayout@40551a10
android.widget.TableRow@4060e470
android.widget.RelativeLayout@40580e58
android.widget.RelativeLayout@405fd428
android.widget.TextView: 3.45
android.widget.TextView: 9
android.widget.TextView: Mon 1:08 PM
android.widget.TextView: Update
android.widget.RelativeLayout@40600010
android.widget.ImageView@4054d3f8
android.widget.TextView: Exxon
android.widget.TextView: 8601 Old Harford Rd & Putty Hill Rd
android.widget.TextView: Parkville, MD
android.widget.TextView: 3.1 mi
android.widget.TableLayout@4057b490
android.widget.TableRow@40627578
android.widget.RelativeLayout@40602c58
android.widget.RelativeLayout@40605898
android.widget.TextView: 3.45
android.widget.TextView: 9
android.widget.TextView: Mon 1:08 PM
android.widget.TextView: Update
android.widget.RelativeLayout@4060d4b8
android.widget.ImageView@4057dc20
android.widget.TextView: CITGO
android.widget.TextView: 8602 Old Harford Rd & Putty Hill Rd
android.widget.TextView: Parkville, MD
android.widget.TextView: 3.1 mi
android.widget.TableLayout@40580c98
android.widget.TableRow@4063a1b8
android.widget.RelativeLayout@40612ec8
android.widget.RelativeLayout@4061ded0
android.widget.TextView: 3.49
android.widget.TextView: 9
android.widget.TextView: 5 hours ago
android.widget.TextView: Update
android.widget.RelativeLayout@40620a70
android.widget.ImageView@405b2a98
android.widget.TextView: 7-Eleven
android.widget.TextView: 5920 Pulaski Hwy & Armistead Way
android.widget.TextView: Baltimore, MD
android.widget.TextView: 3.15 mi
android.widget.TableLayout@40582a58
android.widget.TableRow@4064c660
android.widget.RelativeLayout@40625400
android.widget.RelativeLayout@406255b8
android.widget.TextView: 3.45
android.widget.TextView: 9
android.widget.TextView: 37 minutes ago
android.widget.TextView: Update
android.widget.RelativeLayout@40628010
android.widget.ImageView@405c3158
android.widget.TextView: BP
android.widget.TextView: 4901 Erdman Ave & N Macon St
android.widget.TextView: Baltimore, MD
android.widget.TextView: 3.15 mi
android.widget.TableLayout@4059eb90
android.widget.TableRow@406551f0
android.widget.RelativeLayout@4062c168
android.widget.RelativeLayout@4062edc0
android.widget.TextView: 3.45
android.widget.TextView: 9
android.widget.TextView: Mon 7:10 AM
android.widget.TextView: Update
android.widget.RelativeLayout@406319f0
android.widget.ImageView@40615958
android.widget.TextView: Exxon
android.widget.TextView: 1500 E Northern Pkwy & Loch Raven Blvd
android.widget.TextView: Baltimore, MD
android.widget.TextView: 3.16 mi
android.widget.RelativeLayout@4055a050
