android.widget.LinearLayout@40572938
android.widget.FrameLayout@40573120
android.widget.TextView: Restaurant Finder
android.widget.FrameLayout@40574108
android.widget.RelativeLayout@405745c0
android.widget.TextView: Loading my location...
android.widget.TextView: No contents.
android.widget.LinearLayout@405754b0
com.google.ads.AdView@40577808
g@40579c98
android.widget.ListView@40575780
android.widget.LinearLayout@40529c40
android.widget.LinearLayout@40537738
android.widget.TextView: Mount Everest Restaurant
android.widget.LinearLayout@40557020
android.widget.TextView: (410) 325-8166
android.widget.TextView: 9.23 Km
android.widget.TextView: 4907 Frankford Avenue Baltimore, MD
android.widget.LinearLayout@4050de98
android.widget.LinearLayout@4052ca40
android.widget.TextView: Pastore's of Rosedale
android.widget.LinearLayout@40542548
android.widget.TextView: (410) 686-1884
android.widget.TextView: 10.09 Km
android.widget.TextView: 8442 Philadelphia Road Baltimore, MD
