android.widget.LinearLayout@40572490
android.widget.FrameLayout@40572c78
android.widget.TextView: Restaurant Finder
android.widget.FrameLayout@40573c60
android.widget.RelativeLayout@40574118
android.widget.TextView: Loading my location...
android.widget.TextView: No contents.
android.widget.LinearLayout@40575008
com.google.ads.AdView@40577360
g@405797f0
android.widget.ListView@405752d8
android.widget.LinearLayout@4061a668
android.widget.LinearLayout@4061a880
android.widget.TextView: Mutiny Pirate Bar and Island Grille
android.widget.LinearLayout@4061af38
android.widget.TextView: (410) 787-2050
android.widget.TextView: 1.52 Km
android.widget.TextView: 1653 Marley Avenue Glen Burnie, MD
android.widget.LinearLayout@406188c8
android.widget.LinearLayout@40618ae0
android.widget.TextView: Reckless Ric's
android.widget.LinearLayout@40619198
android.widget.TextView: (410) 590-2280
android.widget.TextView: 1.59 Km
android.widget.TextView: 1702 Furnace Drive Glen Burnie, MD
android.widget.LinearLayout@40616b28
android.widget.LinearLayout@40616d40
android.widget.TextView: Canada Dry Potomac Corporation
android.widget.LinearLayout@406173f8
android.widget.TextView: (410) 760-7770
android.widget.TextView: 2.29 Km
android.widget.TextView: 6719 Dover Road Glen Burnie, MD
android.widget.LinearLayout@40614d88
android.widget.LinearLayout@40614fa0
android.widget.TextView: SP Bay Meadow Grill LLC
android.widget.LinearLayout@40615658
android.widget.TextView: (410) 787-7495
android.widget.TextView: 2.58 Km
android.widget.TextView: 6711 Baymeadow Drive Glen Burnie, MD
android.widget.LinearLayout@40612c90
android.widget.LinearLayout@40612ea8
android.widget.TextView: McDonald's
android.widget.LinearLayout@40613560
android.widget.TextView: (410) 768-6350
android.widget.TextView: 2.99 Km
android.widget.TextView: 569 East Ordnance Road Glen Burnie, MD
android.widget.LinearLayout@40572490
android.widget.FrameLayout@40572c78
android.widget.TextView: Restaurant Finder
android.widget.FrameLayout@40573c60
android.widget.RelativeLayout@40574118
android.widget.TextView: Loading my location...
android.widget.TextView: No contents.
android.widget.LinearLayout@40575008
com.google.ads.AdView@40577360
g@405797f0
android.widget.ListView@405752d8
android.widget.LinearLayout@40612c90
android.widget.LinearLayout@40612ea8
android.widget.TextView: McDonald's
android.widget.LinearLayout@40613560
android.widget.TextView: (410) 768-6350
android.widget.TextView: 2.99 Km
android.widget.TextView: 569 East Ordnance Road Glen Burnie, MD
android.widget.LinearLayout@4066cef0
android.widget.LinearLayout@4066d108
android.widget.TextView: Nabbs Creek Dockbar
android.widget.LinearLayout@4066d7c0
android.widget.TextView: (410) 437-3737
android.widget.TextView: 3.14 Km
android.widget.TextView: 864 Nabbs Creek Road Glen Burnie, MD
android.widget.LinearLayout@4066eca8
android.widget.LinearLayout@4066eec0
android.widget.TextView: Beefalo Bob's
android.widget.LinearLayout@4066f578
android.widget.TextView: (410) 360-3500
android.widget.TextView: 3.38 Km
android.widget.TextView: 8015 Ft. Smallwood Rd. Baltimore, MD
android.widget.LinearLayout@40670a60
android.widget.LinearLayout@40670c78
android.widget.TextView: Golden Corral
android.widget.LinearLayout@40671330
android.widget.TextView: (410) 590-0270
android.widget.TextView: 3.66 Km
android.widget.TextView: 6701 Chesapeake Center Drive Glen Burnie, MD
android.widget.LinearLayout@40672b90
android.widget.LinearLayout@40672da8
android.widget.TextView: Five Guys Burgers & Fries
android.widget.LinearLayout@40673460
android.widget.TextView: (410) 590-3933
android.widget.TextView: 3.87 Km
android.widget.TextView: 6711 Ritchie Highway Glen Burnie, MD
android.widget.LinearLayout@40572490
android.widget.FrameLayout@40572c78
android.widget.TextView: Restaurant Finder
android.widget.FrameLayout@40573c60
android.widget.RelativeLayout@40574118
android.widget.TextView: Loading my location...
android.widget.TextView: No contents.
android.widget.LinearLayout@40575008
com.google.ads.AdView@40577360
g@405797f0
android.widget.ListView@405752d8
android.widget.LinearLayout@40672b90
android.widget.LinearLayout@40672da8
android.widget.TextView: Five Guys Burgers & Fries
android.widget.LinearLayout@40673460
android.widget.TextView: (410) 590-3933
android.widget.TextView: 3.87 Km
android.widget.TextView: 6711 Ritchie Highway Glen Burnie, MD
android.widget.LinearLayout@4061a668
android.widget.LinearLayout@4061a880
android.widget.TextView: Romanos Restaurant
android.widget.LinearLayout@4061af38
android.widget.TextView: (410) 768-8188
android.widget.TextView: 3.88 Km
android.widget.TextView: 6905 Ritchie Highway Glen Burnie, MD
android.widget.LinearLayout@406188c8
android.widget.LinearLayout@40618ae0
android.widget.TextView: Bonefish Grill
android.widget.LinearLayout@40619198
android.widget.TextView: (410) 553-0299
android.widget.TextView: 3.91 Km
android.widget.TextView: 6711 Governor Ritchie Highway Glen Burnie, MD
android.widget.LinearLayout@40616b28
android.widget.LinearLayout@40616d40
android.widget.TextView: Olive Tree Inc
android.widget.LinearLayout@406173f8
android.widget.TextView: (410) 761-8237
android.widget.TextView: 3.91 Km
android.widget.TextView: 7005 Ritchie Highway Glen Burnie, MD
android.widget.LinearLayout@40614d88
android.widget.LinearLayout@40614fa0
android.widget.TextView: Greenhouse Grill
android.widget.LinearLayout@40615658
android.widget.TextView: (410) 787-9880
android.widget.TextView: 3.96 Km
android.widget.TextView: 6914 Ritchie Highway Glen Burnie, MD
android.widget.LinearLayout@40572490
android.widget.FrameLayout@40572c78
android.widget.TextView: Restaurant Finder
android.widget.FrameLayout@40573c60
android.widget.RelativeLayout@40574118
android.widget.TextView: Loading my location...
android.widget.TextView: No contents.
android.widget.LinearLayout@40575008
com.google.ads.AdView@40577360
g@405797f0
android.widget.ListView@405752d8
android.widget.LinearLayout@40614d88
android.widget.LinearLayout@40614fa0
android.widget.TextView: Greenhouse Grill
android.widget.LinearLayout@40615658
android.widget.TextView: (410) 787-9880
android.widget.TextView: 3.96 Km
android.widget.TextView: 6914 Ritchie Highway Glen Burnie, MD
android.widget.LinearLayout@40612c90
android.widget.LinearLayout@40612ea8
android.widget.TextView: Checkers Drive-In Restaurant
android.widget.LinearLayout@40613560
android.widget.TextView: (410) 761-3830
android.widget.TextView: 4.0 Km
android.widget.TextView: 1417 Crain Highway North Glen Burnie, MD
android.widget.LinearLayout@4066cef0
android.widget.LinearLayout@4066d108
android.widget.TextView: Panera Bread
android.widget.LinearLayout@4066d7c0
android.widget.TextView: (410) 766-6356
android.widget.TextView: 4.0 Km
android.widget.TextView: 6633 Ritchie Highway Glen Burnie, MD
android.widget.LinearLayout@4066eca8
android.widget.LinearLayout@4066eec0
android.widget.TextView: Pizza Hut
android.widget.LinearLayout@4066f578
android.widget.TextView: (410) 761-5646
android.widget.TextView: 4.13 Km
android.widget.TextView: 6712 Ritchie Highway Glen Burnie, MD
android.widget.LinearLayout@40670a60
android.widget.LinearLayout@40670c78
android.widget.TextView: Chuck E. Cheese's
android.widget.LinearLayout@40671330
android.widget.TextView: (410) 761-3334
android.widget.TextView: 4.14 Km
android.widget.TextView: 6637 Governor Ritchie Highway Glen Burnie, MD
android.widget.LinearLayout@40572490
android.widget.FrameLayout@40572c78
android.widget.TextView: Restaurant Finder
android.widget.FrameLayout@40573c60
android.widget.RelativeLayout@40574118
android.widget.TextView: Loading my location...
android.widget.TextView: No contents.
android.widget.LinearLayout@40575008
com.google.ads.AdView@40577360
g@405797f0
android.widget.ListView@405752d8
android.widget.LinearLayout@40670a60
android.widget.LinearLayout@40670c78
android.widget.TextView: Chuck E. Cheese's
android.widget.LinearLayout@40671330
android.widget.TextView: (410) 761-3334
android.widget.TextView: 4.14 Km
android.widget.TextView: 6637 Governor Ritchie Highway Glen Burnie, MD
android.widget.LinearLayout@40672b90
android.widget.LinearLayout@40672da8
android.widget.TextView: Stoney Creek Inn
android.widget.LinearLayout@40673460
android.widget.TextView: (410) 439-3123
android.widget.TextView: 4.15 Km
android.widget.TextView: 8238 Fort Smallwood Road Greenland Beach, MD
android.widget.LinearLayout@4061a668
android.widget.LinearLayout@4061a880
android.widget.TextView: Bob Evans Restaurant
android.widget.LinearLayout@4061af38
android.widget.TextView: (410) 768-3034
android.widget.TextView: 4.2 Km
android.widget.TextView: 6620 Ritchie Highway Glen Burnie, MD
android.widget.LinearLayout@406188c8
android.widget.LinearLayout@40618ae0
android.widget.TextView: Mo's Seafood Factory Restaurant & Market
android.widget.LinearLayout@40619198
android.widget.TextView: (410) 768-1000
android.widget.TextView: 4.27 Km
android.widget.TextView: 7146 Ritchie Highway Glen Burnie, MD
android.widget.LinearLayout@40616b28
android.widget.LinearLayout@40616d40
android.widget.TextView: IHOP
android.widget.LinearLayout@406173f8
android.widget.TextView: (410) 760-0194
android.widget.TextView: 4.29 Km
android.widget.TextView: 7142 Ritchie Highway Glen Burnie, MD
android.widget.LinearLayout@40572490
android.widget.FrameLayout@40572c78
android.widget.TextView: Restaurant Finder
android.widget.FrameLayout@40573c60
android.widget.RelativeLayout@40574118
android.widget.TextView: Loading my location...
android.widget.TextView: No contents.
android.widget.LinearLayout@40575008
com.google.ads.AdView@40577360
g@405797f0
android.widget.ListView@405752d8
android.widget.LinearLayout@40616b28
android.widget.LinearLayout@40616d40
android.widget.TextView: IHOP
android.widget.LinearLayout@406173f8
android.widget.TextView: (410) 760-0194
android.widget.TextView: 4.29 Km
android.widget.TextView: 7142 Ritchie Highway Glen Burnie, MD
android.widget.LinearLayout@40614d88
android.widget.LinearLayout@40614fa0
android.widget.TextView: Seaside Restaurant
android.widget.LinearLayout@40615658
android.widget.TextView: (410) 760-2200
android.widget.TextView: 5.26 Km
android.widget.TextView: 224 Crain Highway North Glen Burnie, MD
android.widget.LinearLayout@40612c90
android.widget.LinearLayout@40612ea8
android.widget.TextView: Goong Jeon Restaurant
android.widget.LinearLayout@40613560
android.widget.TextView: (410) 768-9788
android.widget.TextView: 5.31 Km
android.widget.TextView: 202 Crain Highway North Glen Burnie, MD
android.widget.LinearLayout@4066cef0
android.widget.LinearLayout@4066d108
android.widget.TextView: Sunset Restaurant
android.widget.LinearLayout@4066d7c0
android.widget.TextView: (410) 768-1417
android.widget.TextView: 5.6 Km
android.widget.TextView: 625 Greenway Road Southeast Glen Burnie, MD
android.widget.LinearLayout@4066eca8
android.widget.LinearLayout@4066eec0
android.widget.TextView: El Salto Inc
android.widget.LinearLayout@4066f578
android.widget.TextView: (410) 789-1621
android.widget.TextView: 5.63 Km
android.widget.TextView: 5513 Ritchie Highway Baltimore, MD
android.widget.LinearLayout@40572490
android.widget.FrameLayout@40572c78
android.widget.TextView: Restaurant Finder
android.widget.FrameLayout@40573c60
android.widget.RelativeLayout@40574118
android.widget.TextView: Loading my location...
android.widget.TextView: No contents.
android.widget.LinearLayout@40575008
com.google.ads.AdView@40577360
g@405797f0
android.widget.ListView@405752d8
android.widget.LinearLayout@4066eca8
android.widget.LinearLayout@4066eec0
android.widget.TextView: El Salto Inc
android.widget.LinearLayout@4066f578
android.widget.TextView: (410) 789-1621
android.widget.TextView: 5.63 Km
android.widget.TextView: 5513 Ritchie Highway Baltimore, MD
android.widget.LinearLayout@40670a60
android.widget.LinearLayout@40670c78
android.widget.TextView: Domino's Pizza
android.widget.LinearLayout@40671330
android.widget.TextView: (410) 636-3030
android.widget.TextView: 5.68 Km
android.widget.TextView: 5507 Ritchie Highway Brooklyn Park, MD
android.widget.LinearLayout@40672b90
android.widget.LinearLayout@40672da8
android.widget.TextView: Popeye's Chicken & Biscuits
android.widget.LinearLayout@40673460
android.widget.TextView: (410) 789-2264
android.widget.TextView: 5.73 Km
android.widget.TextView: 5317 Ritchie Highway Baltimore, MD
android.widget.LinearLayout@4061a668
android.widget.LinearLayout@4061a880
android.widget.TextView: McDonald's
android.widget.LinearLayout@4061af38
android.widget.TextView: (410) 789-5551
android.widget.TextView: 5.98 Km
android.widget.TextView: 5045 Ritchie Highway Brooklyn, MD
android.widget.LinearLayout@406188c8
android.widget.LinearLayout@40618ae0
android.widget.TextView: Linda's Steak Subs
android.widget.LinearLayout@40619198
android.widget.TextView: (410) 636-0566
android.widget.TextView: 5.99 Km
android.widget.TextView: 5014 Ritchie Highway Baltimore, MD
android.widget.LinearLayout@4062e688
android.widget.LinearLayout@405b5eb8
android.widget.TextView: Papa John's Pizza
android.widget.LinearLayout@406127b0
android.widget.TextView: (410) 850-7272
android.widget.TextView: 6.09 Km
android.widget.TextView: 4809 Ritchie Highway Brooklyn, MD
android.widget.LinearLayout@40572490
android.widget.FrameLayout@40572c78
android.widget.TextView: Restaurant Finder
android.widget.FrameLayout@40573c60
android.widget.RelativeLayout@40574118
android.widget.TextView: Loading my location...
android.widget.TextView: No contents.
android.widget.LinearLayout@40575008
com.google.ads.AdView@40577360
g@405797f0
android.widget.ListView@405752d8
android.widget.LinearLayout@4062e688
android.widget.LinearLayout@405b5eb8
android.widget.TextView: Papa John's Pizza
android.widget.LinearLayout@406127b0
android.widget.TextView: (410) 850-7272
android.widget.TextView: 6.09 Km
android.widget.TextView: 4809 Ritchie Highway Brooklyn, MD
android.widget.LinearLayout@40616b28
android.widget.LinearLayout@40616d40
android.widget.TextView: Ultimate Pizza
android.widget.LinearLayout@406173f8
android.widget.TextView: (410) 350-0123
android.widget.TextView: 6.25 Km
android.widget.TextView: 813 East Patapsco Avenue Baltimore, MD
android.widget.LinearLayout@40614d88
android.widget.LinearLayout@40614fa0
android.widget.TextView: Sharks Tooth
android.widget.LinearLayout@40615658
android.widget.TextView: (410) 789-2796
android.widget.TextView: 6.3 Km
android.widget.TextView: 401 Highland Ave Baltimore, MD
android.widget.LinearLayout@40612c90
android.widget.LinearLayout@40612ea8
android.widget.TextView: Subway
android.widget.LinearLayout@40613560
android.widget.TextView: (410) 355-6333
android.widget.TextView: 6.46 Km
android.widget.TextView: 605 East Patapsco Avenue Brooklyn, MD
android.widget.LinearLayout@4066cef0
android.widget.LinearLayout@4066d108
android.widget.TextView: Panache Cuisine, LLC
android.widget.LinearLayout@4066d7c0
android.widget.TextView: (410) 760-4800
android.widget.TextView: 6.47 Km
android.widget.TextView: 3501 7th Street Baltimore, MD
android.widget.LinearLayout@405aa508
android.widget.LinearLayout@405aa720
android.widget.TextView: New York Fried Chicken
android.widget.LinearLayout@40653950
android.widget.TextView: (410) 355-6767
android.widget.TextView: 6.54 Km
android.widget.TextView: 542 East Patapsco Avenue Brooklyn, MD
android.widget.LinearLayout@40572490
android.widget.FrameLayout@40572c78
android.widget.TextView: Restaurant Finder
android.widget.FrameLayout@40573c60
android.widget.RelativeLayout@40574118
android.widget.TextView: Loading my location...
android.widget.TextView: No contents.
android.widget.LinearLayout@40575008
com.google.ads.AdView@40577360
g@405797f0
android.widget.ListView@405752d8
android.widget.LinearLayout@405aa508
android.widget.LinearLayout@405aa720
android.widget.TextView: New York Fried Chicken
android.widget.LinearLayout@40653950
android.widget.TextView: (410) 355-6767
android.widget.TextView: 6.54 Km
android.widget.TextView: 542 East Patapsco Avenue Brooklyn, MD
android.widget.LinearLayout@4066eca8
android.widget.LinearLayout@4066eec0
android.widget.TextView: Road Runner Pizza
android.widget.LinearLayout@4066f578
android.widget.TextView: (410) 355-5722
android.widget.TextView: 6.73 Km
android.widget.TextView: 402 East Patapsco Avenue Baltimore, MD
android.widget.LinearLayout@40670a60
android.widget.LinearLayout@40670c78
android.widget.TextView: Maynard's Cafe
android.widget.LinearLayout@40671330
android.widget.TextView: (410) 355-8924
android.widget.TextView: 6.79 Km
android.widget.TextView: 3916 South Hanover Street Baltimore, MD
android.widget.LinearLayout@40672b90
android.widget.LinearLayout@40672da8
android.widget.TextView: Crab Alley Inc
android.widget.LinearLayout@40673460
android.widget.TextView: (410) 354-1190
android.widget.TextView: 6.92 Km
android.widget.TextView: 3733 South Hanover Street Baltimore, MD
android.widget.LinearLayout@4061a668
android.widget.LinearLayout@4061a880
android.widget.TextView: Panda Mexican Grill
android.widget.LinearLayout@4061af38
android.widget.TextView: (410) 355-6411
android.widget.TextView: 6.95 Km
android.widget.TextView: 3720 South Hanover Street Brooklyn, MD
android.widget.LinearLayout@406188c8
android.widget.LinearLayout@40618ae0
android.widget.TextView: Price's Seafood Carry Out
android.widget.LinearLayout@40619198
android.widget.TextView: (410) 355-4725
android.widget.TextView: 6.95 Km
android.widget.TextView: 17 Talbott Street Baltimore, MD
android.widget.LinearLayout@40572490
android.widget.FrameLayout@40572c78
android.widget.TextView: Restaurant Finder
android.widget.FrameLayout@40573c60
android.widget.RelativeLayout@40574118
android.widget.TextView: Loading my location...
android.widget.TextView: No contents.
android.widget.LinearLayout@40575008
com.google.ads.AdView@40577360
g@405797f0
android.widget.ListView@405752d8
android.widget.LinearLayout@406188c8
android.widget.LinearLayout@40618ae0
android.widget.TextView: Price's Seafood Carry Out
android.widget.LinearLayout@40619198
android.widget.TextView: (410) 355-4725
android.widget.TextView: 6.95 Km
android.widget.TextView: 17 Talbott Street Baltimore, MD
android.widget.LinearLayout@4062e688
android.widget.LinearLayout@405b5eb8
android.widget.TextView: Castle
android.widget.LinearLayout@406127b0
android.widget.TextView: (410) 355-2227
android.widget.TextView: 7.03 Km
android.widget.TextView: 3720 Potee Street Baltimore, MD
android.widget.LinearLayout@40616b28
android.widget.LinearLayout@40616d40
android.widget.TextView: Peking House
android.widget.LinearLayout@406173f8
android.widget.TextView: (410) 355-6322
android.widget.TextView: 7.03 Km
android.widget.TextView: 3606 South Hanover Street Baltimore, MD
android.widget.LinearLayout@40614d88
android.widget.LinearLayout@40614fa0
android.widget.TextView: 895 Grill
android.widget.LinearLayout@40615658
android.widget.TextView: (410) 354-1968
android.widget.TextView: 7.13 Km
android.widget.TextView: 101 Chesapeake Avenue Baltimore, MD
android.widget.LinearLayout@40612c90
android.widget.LinearLayout@40612ea8
android.widget.TextView: McDonald's
android.widget.LinearLayout@40613560
android.widget.TextView: (410) 354-0651
android.widget.TextView: 7.18 Km
android.widget.TextView: 101 West Patapsco Avenue Baltimore, MD
android.widget.LinearLayout@4066cef0
android.widget.LinearLayout@4066d108
android.widget.TextView: Nick's Fish House & Grill
android.widget.LinearLayout@4066d7c0
android.widget.TextView: (410) 347-4123
android.widget.TextView: 9.37 Km
android.widget.TextView: 2600 Insulator Drive Baltimore, MD
android.widget.LinearLayout@40572490
android.widget.FrameLayout@40572c78
android.widget.TextView: Restaurant Finder
android.widget.FrameLayout@40573c60
android.widget.RelativeLayout@40574118
android.widget.TextView: Loading my location...
android.widget.TextView: No contents.
android.widget.LinearLayout@40575008
com.google.ads.AdView@40577360
g@405797f0
android.widget.ListView@405752d8
android.widget.LinearLayout@40616b28
android.widget.LinearLayout@40616d40
android.widget.TextView: Peking House
android.widget.LinearLayout@406173f8
android.widget.TextView: (410) 355-6322
android.widget.TextView: 7.03 Km
android.widget.TextView: 3606 South Hanover Street Baltimore, MD
android.widget.LinearLayout@40614d88
android.widget.LinearLayout@40614fa0
android.widget.TextView: 895 Grill
android.widget.LinearLayout@40615658
android.widget.TextView: (410) 354-1968
android.widget.TextView: 7.13 Km
android.widget.TextView: 101 Chesapeake Avenue Baltimore, MD
android.widget.LinearLayout@40612c90
android.widget.LinearLayout@40612ea8
android.widget.TextView: McDonald's
android.widget.LinearLayout@40613560
android.widget.TextView: (410) 354-0651
android.widget.TextView: 7.18 Km
android.widget.TextView: 101 West Patapsco Avenue Baltimore, MD
android.widget.LinearLayout@4066cef0
android.widget.LinearLayout@4066d108
android.widget.TextView: Nick's Fish House & Grill
android.widget.LinearLayout@4066d7c0
android.widget.TextView: (410) 347-4123
android.widget.TextView: 9.37 Km
android.widget.TextView: 2600 Insulator Drive Baltimore, MD
android.widget.LinearLayout@405aa508
android.widget.LinearLayout@405aa720
android.widget.TextView: L.P. Steamers
android.widget.LinearLayout@40653950
android.widget.TextView: (410) 576-9294
android.widget.TextView: 9.99 Km
android.widget.TextView: 1100 East Fort Avenue Baltimore, MD
android.widget.LinearLayout@4066eca8
android.widget.LinearLayout@4066eec0
android.widget.TextView: Little Havana
android.widget.LinearLayout@4066f578
android.widget.TextView: (410) 837-9903
android.widget.TextView: 10.47 Km
android.widget.TextView: 1325 Key Highway Baltimore, MD
