android.widget.FrameLayout@40583748
android.widget.LinearLayout@405841f8
android.widget.FrameLayout@405844a8
android.widget.ImageView@40584758
android.widget.RelativeLayout@40584bf0
android.widget.ImageButton@40585200
android.widget.EditText: 
android.widget.Button: Map
android.widget.RelativeLayout@405888b0
android.widget.EditText: 
android.widget.Button: Cancel
android.widget.RelativeLayout@4058acc0
android.widget.LinearLayout@4058b068
android.widget.TextView: Locations
com.google.android.maps.MapView@4058c860
android.widget.LinearLayout@40535ac8
android.widget.TextView: Locations
android.widget.ScrollView@4052b6f0
android.widget.TableLayout@40527198
android.widget.TableRow@40630090
android.widget.ImageView@40579b90
android.widget.TextView: 320 Route 25 A (Rocky Point)
android.widget.TextView: 3.02 mi
android.widget.TableRow@4053cb60
android.widget.ImageView@40638a48
android.widget.TextView: 320 Route 25A
android.widget.TextView: 3.02 mi
android.widget.TableRow@40639aa0
android.widget.ImageView@40639f48
android.widget.TextView: 620 Route 25A
android.widget.TextView: 4.38 mi
android.widget.TableRow@40572f88
android.widget.ImageView@40573430
android.widget.TextView: 620 Route 25A
android.widget.TextView: 4.38 mi
android.widget.TableRow@40615250
android.widget.ImageView@406156f8
android.widget.TextView: 86 W Nesconset Highway
android.widget.TextView: 7.42 mi
android.widget.TableRow@40620590
android.widget.ImageView@4060e430
android.widget.TextView: 86 W Nesconset Highway
android.widget.TextView: 7.42 mi
android.widget.TableRow@4061de50
android.widget.ImageView@4061e248
android.widget.TextView: 949 Horseblock Road
android.widget.TextView: 11 mi
android.widget.TableRow@40619e40
android.widget.ImageView@4061a2e8
android.widget.TextView: 949 Horseblock Road
android.widget.TextView: 11 mi
android.widget.TableRow@40629918
android.widget.ImageView@40629dc0
android.widget.TextView: 2822 Middle Country Road
android.widget.TextView: 12 mi
android.widget.TableRow@40575a78
android.widget.ImageView@40575f20
android.widget.TextView: 2822 Middle Country Road
android.widget.TextView: 12 mi
android.widget.TableRow@405720a8
android.widget.ImageView@40572550
android.widget.TextView: 621 Lake Avenue
android.widget.TextView: 12 mi
android.widget.TableRow@40618d00
android.widget.ImageView@406191a8
android.widget.TextView: 621 Lake Avenue
android.widget.TextView: 12 mi
android.widget.TableRow@40626f90
android.widget.ImageView@40627438
android.widget.TextView: 474 Portion Road
android.widget.TextView: 13 mi
android.widget.TableRow@40628310
android.widget.ImageView@40615d18
android.widget.TextView: 474 Portion Road
android.widget.TextView: 13 mi
android.widget.TableRow@40616b90
android.widget.ImageView@40617038
android.widget.TextView: 1806 Medford Avenue
android.widget.TextView: 13 mi
android.widget.TableRow@40612248
android.widget.ImageView@406126f0
android.widget.TextView: 1806 Medford Avenue (Route 112)
android.widget.TextView: 13 mi
android.widget.TableRow@40613568
android.widget.ImageView@4061b588
android.widget.TextView: 101 Hospital Road
android.widget.TextView: 14 mi
android.widget.TableRow@4061c3e8
android.widget.ImageView@4061c890
android.widget.TextView: 530 William Floyd Parkway
android.widget.TextView: 14 mi
android.widget.TableRow@4062ab38
android.widget.ImageView@4062afe0
android.widget.TextView: 530 William Floyd Parkway
android.widget.TextView: 14 mi
android.widget.TableRow@4062bee8
android.widget.ImageView@4062c390
android.widget.TextView: 714 Smithtown Bypass
android.widget.TextView: 14 mi
android.widget.FrameLayout@40570648
android.widget.ImageView@40536478
android.widget.Button: Filter
android.widget.LinearLayout@40536fc0
android.widget.FrameLayout@4057bef0
android.widget.ImageView@4054f978
android.widget.Button: Filter
android.widget.FrameLayout@40610550
android.widget.Button: Done
android.widget.FrameLayout@40611aa0
android.widget.ImageView@40550ee0
android.widget.TextView: Stores
android.widget.ImageView@405547c0
android.widget.FrameLayout@40613d38
android.widget.ImageView@40589600
android.widget.TextView: ATMs
android.widget.ImageView@4060a3c8
android.widget.FrameLayout@40583748
android.widget.LinearLayout@405841f8
android.widget.FrameLayout@405844a8
android.widget.ImageView@40584758
android.widget.RelativeLayout@40584bf0
android.widget.ImageButton@40585200
android.widget.EditText: 
android.widget.Button: Map
android.widget.RelativeLayout@405888b0
android.widget.EditText: 
android.widget.Button: Cancel
android.widget.RelativeLayout@4058acc0
android.widget.LinearLayout@4058b068
android.widget.TextView: Locations
com.google.android.maps.MapView@4058c860
android.widget.LinearLayout@40535ac8
android.widget.TextView: Locations
android.widget.ScrollView@4052b6f0
android.widget.TableLayout@40527198
android.widget.TableRow@40630090
android.widget.ImageView@40579b90
android.widget.TextView: 320 Route 25 A (Rocky Point)
android.widget.TextView: 3.02 mi
android.widget.TableRow@4053cb60
android.widget.ImageView@40638a48
android.widget.TextView: 320 Route 25A
android.widget.TextView: 3.02 mi
android.widget.TableRow@40639aa0
android.widget.ImageView@40639f48
android.widget.TextView: 620 Route 25A
android.widget.TextView: 4.38 mi
android.widget.TableRow@40572f88
android.widget.ImageView@40573430
android.widget.TextView: 620 Route 25A
android.widget.TextView: 4.38 mi
android.widget.TableRow@40615250
android.widget.ImageView@406156f8
android.widget.TextView: 86 W Nesconset Highway
android.widget.TextView: 7.42 mi
android.widget.TableRow@40620590
android.widget.ImageView@4060e430
android.widget.TextView: 86 W Nesconset Highway
android.widget.TextView: 7.42 mi
android.widget.TableRow@4061de50
android.widget.ImageView@4061e248
android.widget.TextView: 949 Horseblock Road
android.widget.TextView: 11 mi
android.widget.TableRow@40619e40
android.widget.ImageView@4061a2e8
android.widget.TextView: 949 Horseblock Road
android.widget.TextView: 11 mi
android.widget.TableRow@40629918
android.widget.ImageView@40629dc0
android.widget.TextView: 2822 Middle Country Road
android.widget.TextView: 12 mi
android.widget.TableRow@40575a78
android.widget.ImageView@40575f20
android.widget.TextView: 2822 Middle Country Road
android.widget.TextView: 12 mi
android.widget.TableRow@405720a8
android.widget.ImageView@40572550
android.widget.TextView: 621 Lake Avenue
android.widget.TextView: 12 mi
android.widget.TableRow@40618d00
android.widget.ImageView@406191a8
android.widget.TextView: 621 Lake Avenue
android.widget.TextView: 12 mi
android.widget.TableRow@40626f90
android.widget.ImageView@40627438
android.widget.TextView: 474 Portion Road
android.widget.TextView: 13 mi
android.widget.TableRow@40628310
android.widget.ImageView@40615d18
android.widget.TextView: 474 Portion Road
android.widget.TextView: 13 mi
android.widget.TableRow@40616b90
android.widget.ImageView@40617038
android.widget.TextView: 1806 Medford Avenue
android.widget.TextView: 13 mi
android.widget.TableRow@40612248
android.widget.ImageView@406126f0
android.widget.TextView: 1806 Medford Avenue (Route 112)
android.widget.TextView: 13 mi
android.widget.TableRow@40613568
android.widget.ImageView@4061b588
android.widget.TextView: 101 Hospital Road
android.widget.TextView: 14 mi
android.widget.TableRow@4061c3e8
android.widget.ImageView@4061c890
android.widget.TextView: 530 William Floyd Parkway
android.widget.TextView: 14 mi
android.widget.TableRow@4062ab38
android.widget.ImageView@4062afe0
android.widget.TextView: 530 William Floyd Parkway
android.widget.TextView: 14 mi
android.widget.TableRow@4062bee8
android.widget.ImageView@4062c390
android.widget.TextView: 714 Smithtown Bypass
android.widget.TextView: 14 mi
android.widget.FrameLayout@40570648
android.widget.ImageView@40536478
android.widget.Button: Filter
android.widget.LinearLayout@40536fc0
android.widget.FrameLayout@4057bef0
android.widget.ImageView@4054f978
android.widget.Button: Filter
android.widget.FrameLayout@40610550
android.widget.Button: Done
android.widget.FrameLayout@40611aa0
android.widget.ImageView@40550ee0
android.widget.TextView: Stores
android.widget.ImageView@405547c0
android.widget.FrameLayout@40613d38
android.widget.ImageView@40589600
android.widget.TextView: ATMs
android.widget.ImageView@4060a3c8
android.widget.FrameLayout@40583748
android.widget.LinearLayout@405841f8
android.widget.FrameLayout@405844a8
android.widget.ImageView@40584758
android.widget.RelativeLayout@40584bf0
android.widget.ImageButton@40585200
android.widget.EditText: 
android.widget.Button: Map
android.widget.RelativeLayout@405888b0
android.widget.EditText: 
android.widget.Button: Cancel
android.widget.RelativeLayout@4058acc0
android.widget.LinearLayout@4058b068
android.widget.TextView: Locations
com.google.android.maps.MapView@4058c860
android.widget.LinearLayout@40535ac8
android.widget.TextView: Locations
android.widget.ScrollView@4052b6f0
android.widget.TableLayout@40527198
android.widget.TableRow@40630090
android.widget.ImageView@40579b90
android.widget.TextView: 320 Route 25 A (Rocky Point)
android.widget.TextView: 3.02 mi
android.widget.TableRow@4053cb60
android.widget.ImageView@40638a48
android.widget.TextView: 320 Route 25A
android.widget.TextView: 3.02 mi
android.widget.TableRow@40639aa0
android.widget.ImageView@40639f48
android.widget.TextView: 620 Route 25A
android.widget.TextView: 4.38 mi
android.widget.TableRow@40572f88
android.widget.ImageView@40573430
android.widget.TextView: 620 Route 25A
android.widget.TextView: 4.38 mi
android.widget.TableRow@40615250
android.widget.ImageView@406156f8
android.widget.TextView: 86 W Nesconset Highway
android.widget.TextView: 7.42 mi
android.widget.TableRow@40620590
android.widget.ImageView@4060e430
android.widget.TextView: 86 W Nesconset Highway
android.widget.TextView: 7.42 mi
android.widget.TableRow@4061de50
android.widget.ImageView@4061e248
android.widget.TextView: 949 Horseblock Road
android.widget.TextView: 11 mi
android.widget.TableRow@40619e40
android.widget.ImageView@4061a2e8
android.widget.TextView: 949 Horseblock Road
android.widget.TextView: 11 mi
android.widget.TableRow@40629918
android.widget.ImageView@40629dc0
android.widget.TextView: 2822 Middle Country Road
android.widget.TextView: 12 mi
android.widget.TableRow@40575a78
android.widget.ImageView@40575f20
android.widget.TextView: 2822 Middle Country Road
android.widget.TextView: 12 mi
android.widget.TableRow@405720a8
android.widget.ImageView@40572550
android.widget.TextView: 621 Lake Avenue
android.widget.TextView: 12 mi
android.widget.TableRow@40618d00
android.widget.ImageView@406191a8
android.widget.TextView: 621 Lake Avenue
android.widget.TextView: 12 mi
android.widget.TableRow@40626f90
android.widget.ImageView@40627438
android.widget.TextView: 474 Portion Road
android.widget.TextView: 13 mi
android.widget.TableRow@40628310
android.widget.ImageView@40615d18
android.widget.TextView: 474 Portion Road
android.widget.TextView: 13 mi
android.widget.TableRow@40616b90
android.widget.ImageView@40617038
android.widget.TextView: 1806 Medford Avenue
android.widget.TextView: 13 mi
android.widget.TableRow@40612248
android.widget.ImageView@406126f0
android.widget.TextView: 1806 Medford Avenue (Route 112)
android.widget.TextView: 13 mi
android.widget.TableRow@40613568
android.widget.ImageView@4061b588
android.widget.TextView: 101 Hospital Road
android.widget.TextView: 14 mi
android.widget.TableRow@4061c3e8
android.widget.ImageView@4061c890
android.widget.TextView: 530 William Floyd Parkway
android.widget.TextView: 14 mi
android.widget.TableRow@4062ab38
android.widget.ImageView@4062afe0
android.widget.TextView: 530 William Floyd Parkway
android.widget.TextView: 14 mi
android.widget.TableRow@4062bee8
android.widget.ImageView@4062c390
android.widget.TextView: 714 Smithtown Bypass
android.widget.TextView: 14 mi
android.widget.FrameLayout@40570648
android.widget.ImageView@40536478
android.widget.Button: Filter
android.widget.LinearLayout@40536fc0
android.widget.FrameLayout@4057bef0
android.widget.ImageView@4054f978
android.widget.Button: Filter
android.widget.FrameLayout@40610550
android.widget.Button: Done
android.widget.FrameLayout@40611aa0
android.widget.ImageView@40550ee0
android.widget.TextView: Stores
android.widget.ImageView@405547c0
android.widget.FrameLayout@40613d38
android.widget.ImageView@40589600
android.widget.TextView: ATMs
android.widget.ImageView@4060a3c8
