android.widget.FrameLayout@4058e3b8
android.widget.LinearLayout@4058ee68
android.widget.FrameLayout@4058f118
android.widget.ImageView@4058f3c8
android.widget.RelativeLayout@4058f860
android.widget.ImageButton@4058fe70
android.widget.EditText: 
android.widget.Button: Map
android.widget.RelativeLayout@40593520
android.widget.EditText: 
android.widget.Button: Cancel
android.widget.RelativeLayout@40595930
android.widget.LinearLayout@40595cd8
android.widget.TextView: Locations
com.google.android.maps.MapView@405974d0
android.widget.LinearLayout@4050bfa8
android.widget.TextView: Locations
android.widget.ScrollView@40558f00
android.widget.TableLayout@40555020
android.widget.TableRow@405328d8
android.widget.ImageView@4061c538
android.widget.TextView: 7926 Crain Highway S
android.widget.TextView: 9.74 mi
android.widget.TableRow@405870a8
android.widget.ImageView@40619110
android.widget.TextView: 7926 Crain Highway S
android.widget.TextView: 9.75 mi
android.widget.TableRow@40569618
android.widget.ImageView@4057c788
android.widget.TextView: 1800 Eastern Boulevard
android.widget.TextView: 12 mi
android.widget.TableRow@4055b8e0
android.widget.ImageView@40632ad0
android.widget.TextView: 1800 Eastern Boulevard
android.widget.TextView: 13 mi
android.widget.TableRow@405770a8
android.widget.ImageView@40609458
android.widget.TextView: 14401 Baltimore Avenue
android.widget.TextView: 17 mi
android.widget.TableRow@40575680
android.widget.ImageView@40583cb0
android.widget.TextView: 14401 Baltimore Avenue
android.widget.TextView: 17 mi
android.widget.TableRow@4053cbf8
android.widget.ImageView@4058c140
android.widget.TextView: 350 E Gude Drive
android.widget.TextView: 17 mi
android.widget.TableRow@40621970
android.widget.ImageView@40629740
android.widget.TextView: 1470 Ritchie Highway (Annapolis)
android.widget.TextView: 19 mi
android.widget.TableRow@40634990
android.widget.ImageView@40636920
android.widget.TextView: 1470 Ritchie Highway
android.widget.TextView: 19 mi
android.widget.TableRow@40586b28
android.widget.ImageView@4058ad38
android.widget.TextView: 2103 Commerce Park Drive (Bestgate)
android.widget.TextView: 20 mi
android.widget.TableRow@405a62f8
android.widget.ImageView@40579dd8
android.widget.TextView: 2103 Commerce Park Drive
android.widget.TextView: 20 mi
android.widget.TableRow@40576cd8
android.widget.ImageView@4052a9e0
android.widget.TextView: 3132 Briggs Chaney Road
android.widget.TextView: 20 mi
android.widget.TableRow@40576880
android.widget.ImageView@406082b8
android.widget.TextView: 3132 Briggs Chaney Road
android.widget.TextView: 20 mi
android.widget.TableRow@40635140
android.widget.ImageView@405802d0
android.widget.TextView: 4319 Collington Road (Route 197)
android.widget.TextView: 23 mi
android.widget.TableRow@4052d1d8
android.widget.ImageView@4061b9b0
android.widget.TextView: 4319 Collington Road (Route 197)
android.widget.TextView: 23 mi
android.widget.TableRow@40589910
android.widget.ImageView@4062aaf8
android.widget.TextView: 2 Lee Airpark Drive
android.widget.TextView: 23 mi
android.widget.TableRow@40615ae0
android.widget.ImageView@40633c00
android.widget.TextView: 2 Lee Airpark Drive
android.widget.TextView: 23 mi
android.widget.TableRow@405a56b0
android.widget.ImageView@406174f0
android.widget.TextView: 115 Baltimore Pike
android.widget.TextView: 24 mi
android.widget.TableRow@40622d10
android.widget.ImageView@4055f528
android.widget.TextView: 115 Baltimore Pike
android.widget.TextView: 24 mi
android.widget.TableRow@406374f0
android.widget.ImageView@405a47c8
android.widget.TextView: 8211 Annapolis Road
android.widget.TextView: 25 mi
android.widget.FrameLayout@40583900
android.widget.ImageView@40525800
android.widget.Button: Filter
android.widget.LinearLayout@40577df8
android.widget.FrameLayout@40616f40
android.widget.ImageView@40588af0
android.widget.Button: Filter
android.widget.FrameLayout@4061b858
android.widget.Button: Done
android.widget.FrameLayout@4061cb90
android.widget.ImageView@4058c488
android.widget.TextView: Stores
android.widget.ImageView@4058cfd0
android.widget.FrameLayout@406232f8
android.widget.ImageView@40597660
android.widget.TextView: ATMs
android.widget.ImageView@405bc968
android.widget.FrameLayout@4058e3b8
android.widget.LinearLayout@4058ee68
android.widget.FrameLayout@4058f118
android.widget.ImageView@4058f3c8
android.widget.RelativeLayout@4058f860
android.widget.ImageButton@4058fe70
android.widget.EditText: 
android.widget.Button: Map
android.widget.RelativeLayout@40593520
android.widget.EditText: 
android.widget.Button: Cancel
android.widget.RelativeLayout@40595930
android.widget.LinearLayout@40595cd8
android.widget.TextView: Locations
com.google.android.maps.MapView@405974d0
android.widget.LinearLayout@4050bfa8
android.widget.TextView: Locations
android.widget.ScrollView@40558f00
android.widget.TableLayout@40555020
android.widget.TableRow@405328d8
android.widget.ImageView@4061c538
android.widget.TextView: 7926 Crain Highway S
android.widget.TextView: 9.74 mi
android.widget.TableRow@405870a8
android.widget.ImageView@40619110
android.widget.TextView: 7926 Crain Highway S
android.widget.TextView: 9.75 mi
android.widget.TableRow@40569618
android.widget.ImageView@4057c788
android.widget.TextView: 1800 Eastern Boulevard
android.widget.TextView: 12 mi
android.widget.TableRow@4055b8e0
android.widget.ImageView@40632ad0
android.widget.TextView: 1800 Eastern Boulevard
android.widget.TextView: 13 mi
android.widget.TableRow@405770a8
android.widget.ImageView@40609458
android.widget.TextView: 14401 Baltimore Avenue
android.widget.TextView: 17 mi
android.widget.TableRow@40575680
android.widget.ImageView@40583cb0
android.widget.TextView: 14401 Baltimore Avenue
android.widget.TextView: 17 mi
android.widget.TableRow@4053cbf8
android.widget.ImageView@4058c140
android.widget.TextView: 350 E Gude Drive
android.widget.TextView: 17 mi
android.widget.TableRow@40621970
android.widget.ImageView@40629740
android.widget.TextView: 1470 Ritchie Highway (Annapolis)
android.widget.TextView: 19 mi
android.widget.TableRow@40634990
android.widget.ImageView@40636920
android.widget.TextView: 1470 Ritchie Highway
android.widget.TextView: 19 mi
android.widget.TableRow@40586b28
android.widget.ImageView@4058ad38
android.widget.TextView: 2103 Commerce Park Drive (Bestgate)
android.widget.TextView: 20 mi
android.widget.TableRow@405a62f8
android.widget.ImageView@40579dd8
android.widget.TextView: 2103 Commerce Park Drive
android.widget.TextView: 20 mi
android.widget.TableRow@40576cd8
android.widget.ImageView@4052a9e0
android.widget.TextView: 3132 Briggs Chaney Road
android.widget.TextView: 20 mi
android.widget.TableRow@40576880
android.widget.ImageView@406082b8
android.widget.TextView: 3132 Briggs Chaney Road
android.widget.TextView: 20 mi
android.widget.TableRow@40635140
android.widget.ImageView@405802d0
android.widget.TextView: 4319 Collington Road (Route 197)
android.widget.TextView: 23 mi
android.widget.TableRow@4052d1d8
android.widget.ImageView@4061b9b0
android.widget.TextView: 4319 Collington Road (Route 197)
android.widget.TextView: 23 mi
android.widget.TableRow@40589910
android.widget.ImageView@4062aaf8
android.widget.TextView: 2 Lee Airpark Drive
android.widget.TextView: 23 mi
android.widget.TableRow@40615ae0
android.widget.ImageView@40633c00
android.widget.TextView: 2 Lee Airpark Drive
android.widget.TextView: 23 mi
android.widget.TableRow@405a56b0
android.widget.ImageView@406174f0
android.widget.TextView: 115 Baltimore Pike
android.widget.TextView: 24 mi
android.widget.TableRow@40622d10
android.widget.ImageView@4055f528
android.widget.TextView: 115 Baltimore Pike
android.widget.TextView: 24 mi
android.widget.TableRow@406374f0
android.widget.ImageView@405a47c8
android.widget.TextView: 8211 Annapolis Road
android.widget.TextView: 25 mi
android.widget.FrameLayout@40583900
android.widget.ImageView@40525800
android.widget.Button: Filter
android.widget.LinearLayout@40577df8
android.widget.FrameLayout@40616f40
android.widget.ImageView@40588af0
android.widget.Button: Filter
android.widget.FrameLayout@4061b858
android.widget.Button: Done
android.widget.FrameLayout@4061cb90
android.widget.ImageView@4058c488
android.widget.TextView: Stores
android.widget.ImageView@4058cfd0
android.widget.FrameLayout@406232f8
android.widget.ImageView@40597660
android.widget.TextView: ATMs
android.widget.ImageView@405bc968
android.widget.FrameLayout@4058e3b8
android.widget.LinearLayout@4058ee68
android.widget.FrameLayout@4058f118
android.widget.ImageView@4058f3c8
android.widget.RelativeLayout@4058f860
android.widget.ImageButton@4058fe70
android.widget.EditText: 
android.widget.Button: Map
android.widget.RelativeLayout@40593520
android.widget.EditText: 
android.widget.Button: Cancel
android.widget.RelativeLayout@40595930
android.widget.LinearLayout@40595cd8
android.widget.TextView: Locations
com.google.android.maps.MapView@405974d0
android.widget.LinearLayout@4050bfa8
android.widget.TextView: Locations
android.widget.ScrollView@40558f00
android.widget.TableLayout@40555020
android.widget.TableRow@405328d8
android.widget.ImageView@4061c538
android.widget.TextView: 7926 Crain Highway S
android.widget.TextView: 9.74 mi
android.widget.TableRow@405870a8
android.widget.ImageView@40619110
android.widget.TextView: 7926 Crain Highway S
android.widget.TextView: 9.75 mi
android.widget.TableRow@40569618
android.widget.ImageView@4057c788
android.widget.TextView: 1800 Eastern Boulevard
android.widget.TextView: 12 mi
android.widget.TableRow@4055b8e0
android.widget.ImageView@40632ad0
android.widget.TextView: 1800 Eastern Boulevard
android.widget.TextView: 13 mi
android.widget.TableRow@405770a8
android.widget.ImageView@40609458
android.widget.TextView: 14401 Baltimore Avenue
android.widget.TextView: 17 mi
android.widget.TableRow@40575680
android.widget.ImageView@40583cb0
android.widget.TextView: 14401 Baltimore Avenue
android.widget.TextView: 17 mi
android.widget.TableRow@4053cbf8
android.widget.ImageView@4058c140
android.widget.TextView: 350 E Gude Drive
android.widget.TextView: 17 mi
android.widget.TableRow@40621970
android.widget.ImageView@40629740
android.widget.TextView: 1470 Ritchie Highway (Annapolis)
android.widget.TextView: 19 mi
android.widget.TableRow@40634990
android.widget.ImageView@40636920
android.widget.TextView: 1470 Ritchie Highway
android.widget.TextView: 19 mi
android.widget.TableRow@40586b28
android.widget.ImageView@4058ad38
android.widget.TextView: 2103 Commerce Park Drive (Bestgate)
android.widget.TextView: 20 mi
android.widget.TableRow@405a62f8
android.widget.ImageView@40579dd8
android.widget.TextView: 2103 Commerce Park Drive
android.widget.TextView: 20 mi
android.widget.TableRow@40576cd8
android.widget.ImageView@4052a9e0
android.widget.TextView: 3132 Briggs Chaney Road
android.widget.TextView: 20 mi
android.widget.TableRow@40576880
android.widget.ImageView@406082b8
android.widget.TextView: 3132 Briggs Chaney Road
android.widget.TextView: 20 mi
android.widget.TableRow@40635140
android.widget.ImageView@405802d0
android.widget.TextView: 4319 Collington Road (Route 197)
android.widget.TextView: 23 mi
android.widget.TableRow@4052d1d8
android.widget.ImageView@4061b9b0
android.widget.TextView: 4319 Collington Road (Route 197)
android.widget.TextView: 23 mi
android.widget.TableRow@40589910
android.widget.ImageView@4062aaf8
android.widget.TextView: 2 Lee Airpark Drive
android.widget.TextView: 23 mi
android.widget.TableRow@40615ae0
android.widget.ImageView@40633c00
android.widget.TextView: 2 Lee Airpark Drive
android.widget.TextView: 23 mi
android.widget.TableRow@405a56b0
android.widget.ImageView@406174f0
android.widget.TextView: 115 Baltimore Pike
android.widget.TextView: 24 mi
android.widget.TableRow@40622d10
android.widget.ImageView@4055f528
android.widget.TextView: 115 Baltimore Pike
android.widget.TextView: 24 mi
android.widget.TableRow@406374f0
android.widget.ImageView@405a47c8
android.widget.TextView: 8211 Annapolis Road
android.widget.TextView: 25 mi
android.widget.FrameLayout@40583900
android.widget.ImageView@40525800
android.widget.Button: Filter
android.widget.LinearLayout@40577df8
android.widget.FrameLayout@40616f40
android.widget.ImageView@40588af0
android.widget.Button: Filter
android.widget.FrameLayout@4061b858
android.widget.Button: Done
android.widget.FrameLayout@4061cb90
android.widget.ImageView@4058c488
android.widget.TextView: Stores
android.widget.ImageView@4058cfd0
android.widget.FrameLayout@406232f8
android.widget.ImageView@40597660
android.widget.TextView: ATMs
android.widget.ImageView@405bc968
