android.widget.FrameLayout@405894a0
android.widget.LinearLayout@40589f50
android.widget.FrameLayout@4058a200
android.widget.ImageView@4058a4b0
android.widget.RelativeLayout@4058a948
android.widget.ImageButton@4058af58
android.widget.EditText: 
android.widget.Button: Map
android.widget.RelativeLayout@4058e608
android.widget.EditText: 
android.widget.Button: Cancel
android.widget.RelativeLayout@40590a18
android.widget.LinearLayout@40590dc0
android.widget.TextView: Locations
com.google.android.maps.MapView@405925b8
android.widget.LinearLayout@405485b8
android.widget.TextView: Locations
android.widget.ScrollView@40553da0
android.widget.TableLayout@405301c0
android.widget.TableRow@40611d00
android.widget.ImageView@40610d48
android.widget.TextView: 1800 Eastern Boulevard
android.widget.TextView: 6.69 mi
android.widget.TableRow@40553730
android.widget.ImageView@40615700
android.widget.TextView: 1800 Eastern Boulevard
android.widget.TextView: 11 mi
android.widget.TableRow@406218f0
android.widget.ImageView@4061e328
android.widget.TextView: 7926 Crain Highway S
android.widget.TextView: 12 mi
android.widget.TableRow@40637920
android.widget.ImageView@40617c30
android.widget.TextView: 7926 Crain Highway S
android.widget.TextView: 12 mi
android.widget.TableRow@40620ac8
android.widget.ImageView@4061f808
android.widget.TextView: 1470 Ritchie Highway (Annapolis)
android.widget.TextView: 19 mi
android.widget.TableRow@40612b28
android.widget.ImageView@40552ab8
android.widget.TextView: 1470 Ritchie Highway
android.widget.TextView: 19 mi
android.widget.TableRow@4062dd60
android.widget.ImageView@40629ee8
android.widget.TextView: 115 Baltimore Pike
android.widget.TextView: 20 mi
android.widget.TableRow@4063a478
android.widget.ImageView@406185a8
android.widget.TextView: 115 Baltimore Pike
android.widget.TextView: 20 mi
android.widget.TableRow@40576420
android.widget.ImageView@40526598
android.widget.TextView: 2103 Commerce Park Drive (Bestgate)
android.widget.TextView: 21 mi
android.widget.TableRow@40622248
android.widget.ImageView@406226f0
android.widget.TextView: 2103 Commerce Park Drive
android.widget.TextView: 21 mi
android.widget.TableRow@40608ed8
android.widget.ImageView@40609380
android.widget.TextView: 14401 Baltimore Avenue
android.widget.TextView: 21 mi
android.widget.TableRow@40635638
android.widget.ImageView@4050df10
android.widget.TextView: 14401 Baltimore Avenue
android.widget.TextView: 21 mi
android.widget.TableRow@40623ac8
android.widget.ImageView@40623f70
android.widget.TextView: 350 E Gude Drive
android.widget.TextView: 22 mi
android.widget.TableRow@40613f30
android.widget.ImageView@40614378
android.widget.TextView: 2 Lee Airpark Drive
android.widget.TextView: 25 mi
android.widget.TableRow@40639640
android.widget.ImageView@40639ae8
android.widget.TextView: 2 Lee Airpark Drive
android.widget.TextView: 25 mi
android.widget.TableRow@4060b590
android.widget.ImageView@4060ba38
android.widget.TextView: 3132 Briggs Chaney Road
android.widget.TextView: 25 mi
android.widget.TableRow@40625f70
android.widget.ImageView@40626418
android.widget.TextView: 3132 Briggs Chaney Road
android.widget.TextView: 25 mi
android.widget.TableRow@4061ce30
android.widget.ImageView@4061d208
android.widget.TextView: 4319 Collington Road (Route 197)
android.widget.TextView: 26 mi
android.widget.TableRow@4050d240
android.widget.ImageView@4050d6e8
android.widget.TextView: 4319 Collington Road (Route 197)
android.widget.TextView: 26 mi
android.widget.TableRow@40624bc8
android.widget.ImageView@40625070
android.widget.TextView: 448 Route 9 S (Tuckerton)
android.widget.TextView: 27 mi
android.widget.FrameLayout@40576ac0
android.widget.ImageView@4055fcd0
android.widget.Button: Filter
android.widget.LinearLayout@40560978
android.widget.FrameLayout@4060c808
android.widget.ImageView@405721c0
android.widget.Button: Filter
android.widget.FrameLayout@40611550
android.widget.Button: Done
android.widget.FrameLayout@40614eb8
android.widget.ImageView@40577580
android.widget.TextView: Stores
android.widget.ImageView@40597100
android.widget.FrameLayout@40615fb0
android.widget.ImageView@40613130
android.widget.TextView: ATMs
android.widget.ImageView@4061c900
android.widget.FrameLayout@405894a0
android.widget.LinearLayout@40589f50
android.widget.FrameLayout@4058a200
android.widget.ImageView@4058a4b0
android.widget.RelativeLayout@4058a948
android.widget.ImageButton@4058af58
android.widget.EditText: 
android.widget.Button: Map
android.widget.RelativeLayout@4058e608
android.widget.EditText: 
android.widget.Button: Cancel
android.widget.RelativeLayout@40590a18
android.widget.LinearLayout@40590dc0
android.widget.TextView: Locations
com.google.android.maps.MapView@405925b8
android.widget.LinearLayout@405485b8
android.widget.TextView: Locations
android.widget.ScrollView@40553da0
android.widget.TableLayout@405301c0
android.widget.TableRow@40611d00
android.widget.ImageView@40610d48
android.widget.TextView: 1800 Eastern Boulevard
android.widget.TextView: 6.69 mi
android.widget.TableRow@40553730
android.widget.ImageView@40615700
android.widget.TextView: 1800 Eastern Boulevard
android.widget.TextView: 11 mi
android.widget.TableRow@406218f0
android.widget.ImageView@4061e328
android.widget.TextView: 7926 Crain Highway S
android.widget.TextView: 12 mi
android.widget.TableRow@40637920
android.widget.ImageView@40617c30
android.widget.TextView: 7926 Crain Highway S
android.widget.TextView: 12 mi
android.widget.TableRow@40620ac8
android.widget.ImageView@4061f808
android.widget.TextView: 1470 Ritchie Highway (Annapolis)
android.widget.TextView: 19 mi
android.widget.TableRow@40612b28
android.widget.ImageView@40552ab8
android.widget.TextView: 1470 Ritchie Highway
android.widget.TextView: 19 mi
android.widget.TableRow@4062dd60
android.widget.ImageView@40629ee8
android.widget.TextView: 115 Baltimore Pike
android.widget.TextView: 20 mi
android.widget.TableRow@4063a478
android.widget.ImageView@406185a8
android.widget.TextView: 115 Baltimore Pike
android.widget.TextView: 20 mi
android.widget.TableRow@40576420
android.widget.ImageView@40526598
android.widget.TextView: 2103 Commerce Park Drive (Bestgate)
android.widget.TextView: 21 mi
android.widget.TableRow@40622248
android.widget.ImageView@406226f0
android.widget.TextView: 2103 Commerce Park Drive
android.widget.TextView: 21 mi
android.widget.TableRow@40608ed8
android.widget.ImageView@40609380
android.widget.TextView: 14401 Baltimore Avenue
android.widget.TextView: 21 mi
android.widget.TableRow@40635638
android.widget.ImageView@4050df10
android.widget.TextView: 14401 Baltimore Avenue
android.widget.TextView: 21 mi
android.widget.TableRow@40623ac8
android.widget.ImageView@40623f70
android.widget.TextView: 350 E Gude Drive
android.widget.TextView: 22 mi
android.widget.TableRow@40613f30
android.widget.ImageView@40614378
android.widget.TextView: 2 Lee Airpark Drive
android.widget.TextView: 25 mi
android.widget.TableRow@40639640
android.widget.ImageView@40639ae8
android.widget.TextView: 2 Lee Airpark Drive
android.widget.TextView: 25 mi
android.widget.TableRow@4060b590
android.widget.ImageView@4060ba38
android.widget.TextView: 3132 Briggs Chaney Road
android.widget.TextView: 25 mi
android.widget.TableRow@40625f70
android.widget.ImageView@40626418
android.widget.TextView: 3132 Briggs Chaney Road
android.widget.TextView: 25 mi
android.widget.TableRow@4061ce30
android.widget.ImageView@4061d208
android.widget.TextView: 4319 Collington Road (Route 197)
android.widget.TextView: 26 mi
android.widget.TableRow@4050d240
android.widget.ImageView@4050d6e8
android.widget.TextView: 4319 Collington Road (Route 197)
android.widget.TextView: 26 mi
android.widget.TableRow@40624bc8
android.widget.ImageView@40625070
android.widget.TextView: 448 Route 9 S (Tuckerton)
android.widget.TextView: 27 mi
android.widget.FrameLayout@40576ac0
android.widget.ImageView@4055fcd0
android.widget.Button: Filter
android.widget.LinearLayout@40560978
android.widget.FrameLayout@4060c808
android.widget.ImageView@405721c0
android.widget.Button: Filter
android.widget.FrameLayout@40611550
android.widget.Button: Done
android.widget.FrameLayout@40614eb8
android.widget.ImageView@40577580
android.widget.TextView: Stores
android.widget.ImageView@40597100
android.widget.FrameLayout@40615fb0
android.widget.ImageView@40613130
android.widget.TextView: ATMs
android.widget.ImageView@4061c900
android.widget.FrameLayout@405894a0
android.widget.LinearLayout@40589f50
android.widget.FrameLayout@4058a200
android.widget.ImageView@4058a4b0
android.widget.RelativeLayout@4058a948
android.widget.ImageButton@4058af58
android.widget.EditText: 
android.widget.Button: Map
android.widget.RelativeLayout@4058e608
android.widget.EditText: 
android.widget.Button: Cancel
android.widget.RelativeLayout@40590a18
android.widget.LinearLayout@40590dc0
android.widget.TextView: Locations
com.google.android.maps.MapView@405925b8
android.widget.LinearLayout@405485b8
android.widget.TextView: Locations
android.widget.ScrollView@40553da0
android.widget.TableLayout@405301c0
android.widget.TableRow@40611d00
android.widget.ImageView@40610d48
android.widget.TextView: 1800 Eastern Boulevard
android.widget.TextView: 6.69 mi
android.widget.TableRow@40553730
android.widget.ImageView@40615700
android.widget.TextView: 1800 Eastern Boulevard
android.widget.TextView: 11 mi
android.widget.TableRow@406218f0
android.widget.ImageView@4061e328
android.widget.TextView: 7926 Crain Highway S
android.widget.TextView: 12 mi
android.widget.TableRow@40637920
android.widget.ImageView@40617c30
android.widget.TextView: 7926 Crain Highway S
android.widget.TextView: 12 mi
android.widget.TableRow@40620ac8
android.widget.ImageView@4061f808
android.widget.TextView: 1470 Ritchie Highway (Annapolis)
android.widget.TextView: 19 mi
android.widget.TableRow@40612b28
android.widget.ImageView@40552ab8
android.widget.TextView: 1470 Ritchie Highway
android.widget.TextView: 19 mi
android.widget.TableRow@4062dd60
android.widget.ImageView@40629ee8
android.widget.TextView: 115 Baltimore Pike
android.widget.TextView: 20 mi
android.widget.TableRow@4063a478
android.widget.ImageView@406185a8
android.widget.TextView: 115 Baltimore Pike
android.widget.TextView: 20 mi
android.widget.TableRow@40576420
android.widget.ImageView@40526598
android.widget.TextView: 2103 Commerce Park Drive (Bestgate)
android.widget.TextView: 21 mi
android.widget.TableRow@40622248
android.widget.ImageView@406226f0
android.widget.TextView: 2103 Commerce Park Drive
android.widget.TextView: 21 mi
android.widget.TableRow@40608ed8
android.widget.ImageView@40609380
android.widget.TextView: 14401 Baltimore Avenue
android.widget.TextView: 21 mi
android.widget.TableRow@40635638
android.widget.ImageView@4050df10
android.widget.TextView: 14401 Baltimore Avenue
android.widget.TextView: 21 mi
android.widget.TableRow@40623ac8
android.widget.ImageView@40623f70
android.widget.TextView: 350 E Gude Drive
android.widget.TextView: 22 mi
android.widget.TableRow@40613f30
android.widget.ImageView@40614378
android.widget.TextView: 2 Lee Airpark Drive
android.widget.TextView: 25 mi
android.widget.TableRow@40639640
android.widget.ImageView@40639ae8
android.widget.TextView: 2 Lee Airpark Drive
android.widget.TextView: 25 mi
android.widget.TableRow@4060b590
android.widget.ImageView@4060ba38
android.widget.TextView: 3132 Briggs Chaney Road
android.widget.TextView: 25 mi
android.widget.TableRow@40625f70
android.widget.ImageView@40626418
android.widget.TextView: 3132 Briggs Chaney Road
android.widget.TextView: 25 mi
android.widget.TableRow@4061ce30
android.widget.ImageView@4061d208
android.widget.TextView: 4319 Collington Road (Route 197)
android.widget.TextView: 26 mi
android.widget.TableRow@4050d240
android.widget.ImageView@4050d6e8
android.widget.TextView: 4319 Collington Road (Route 197)
android.widget.TextView: 26 mi
android.widget.TableRow@40624bc8
android.widget.ImageView@40625070
android.widget.TextView: 448 Route 9 S (Tuckerton)
android.widget.TextView: 27 mi
android.widget.FrameLayout@40576ac0
android.widget.ImageView@4055fcd0
android.widget.Button: Filter
android.widget.LinearLayout@40560978
android.widget.FrameLayout@4060c808
android.widget.ImageView@405721c0
android.widget.Button: Filter
android.widget.FrameLayout@40611550
android.widget.Button: Done
android.widget.FrameLayout@40614eb8
android.widget.ImageView@40577580
android.widget.TextView: Stores
android.widget.ImageView@40597100
android.widget.FrameLayout@40615fb0
android.widget.ImageView@40613130
android.widget.TextView: ATMs
android.widget.ImageView@4061c900
