emulator-5570
D/umd.troyd( 3242): got command getViews
D/umd.troyd( 3242): android.widget.FrameLayout@406b8570: 16908290 (0)
D/umd.troyd( 3242): android.widget.RelativeLayout@406b8fb0: 2131558603 (1)
D/umd.troyd( 3242): android.widget.LinearLayout@406b93e8: -1 (2)
D/umd.troyd( 3242): com.walmart.android.ui.ViewStackLayout@406b9938: 2131558797 (3)
D/umd.troyd( 3242): android.widget.RelativeLayout@40724008: -1 (4)
D/umd.troyd( 3242): android.widget.RelativeLayout@40724570: 2131558790 (5)
D/umd.troyd( 3242): android.widget.LinearLayout@407250f0: 2131558790 (6)
D/umd.troyd( 3242): android.widget.RelativeLayout@407258d0: -1 (7)
D/umd.troyd( 3242): android.widget.Button:  (8)
D/umd.troyd( 3242): android.widget.TextView: Search a location (9)
D/umd.troyd( 3242): android.widget.Button:  (10)
D/umd.troyd( 3242): android.widget.Button:  (11)
D/umd.troyd( 3242): android.widget.Button:  (12)
D/umd.troyd( 3242): android.widget.RelativeLayout@4072a188: 2131558791 (13)
D/umd.troyd( 3242): com.walmart.android.storelocator.StoreMapView@4072b420: 2131558792 (14)
D/umd.troyd( 3242): android.widget.ListView@406dc6a0: 2131558521 (15)
D/umd.troyd( 3242): android.widget.LinearLayout@405d4d70: -1 (16)
D/umd.troyd( 3242): android.widget.RelativeLayout@40759510: -1 (17)
D/umd.troyd( 3242): android.widget.RelativeLayout@405f32b0: -1 (18)
D/umd.troyd( 3242): android.widget.TextView: Walmart Supercenter (19)
D/umd.troyd( 3242): android.widget.TextView: 7001 Bridgeport Way W (20)
D/umd.troyd( 3242): android.widget.TextView: Lakewood, WA 98499 (21)
D/umd.troyd( 3242): android.widget.RelativeLayout@407592a8: -1 (22)
D/umd.troyd( 3242): android.widget.LinearLayout@40709248: 2131558801 (23)
D/umd.troyd( 3242): android.widget.TextView: 5.76 (24)
D/umd.troyd( 3242): android.widget.TextView: miles (25)
D/umd.troyd( 3242): android.widget.TextView:  (26)
D/umd.troyd( 3242): android.widget.ImageView@4077e8e0: 2131558517 (27)
D/umd.troyd( 3242): android.widget.LinearLayout@407f31d8: -1 (28)
D/umd.troyd( 3242): android.widget.RelativeLayout@406a81a0: -1 (29)
D/umd.troyd( 3242): android.widget.RelativeLayout@406f76e0: -1 (30)
D/umd.troyd( 3242): android.widget.TextView: Walmart Supercenter (31)
D/umd.troyd( 3242): android.widget.TextView: 34520 16Th Ave S (32)
D/umd.troyd( 3242): android.widget.TextView: Federal Way, WA 98003 (33)
D/umd.troyd( 3242): android.widget.RelativeLayout@40769538: -1 (34)
D/umd.troyd( 3242): android.widget.LinearLayout@406db128: 2131558801 (35)
D/umd.troyd( 3242): android.widget.TextView: 7.99 (36)
D/umd.troyd( 3242): android.widget.TextView: miles (37)
D/umd.troyd( 3242): android.widget.TextView:  (38)
D/umd.troyd( 3242): android.widget.ImageView@406f9890: 2131558517 (39)
D/umd.troyd( 3242): android.widget.LinearLayout@406b3aa0: -1 (40)
D/umd.troyd( 3242): android.widget.RelativeLayout@406ff7d8: -1 (41)
D/umd.troyd( 3242): android.widget.RelativeLayout@40704e68: -1 (42)
D/umd.troyd( 3242): android.widget.TextView: Walmart Store (43)
D/umd.troyd( 3242): android.widget.TextView: 1900 S 314Th St (44)
D/umd.troyd( 3242): android.widget.TextView: Federal Way, WA 98003 (45)
D/umd.troyd( 3242): android.widget.RelativeLayout@407234e0: -1 (46)
D/umd.troyd( 3242): android.widget.LinearLayout@40748918: 2131558801 (47)
D/umd.troyd( 3242): android.widget.TextView: 8.24 (48)
D/umd.troyd( 3242): android.widget.TextView: miles (49)
D/umd.troyd( 3242): android.widget.TextView:  (50)
D/umd.troyd( 3242): android.widget.ImageView@405e1c28: 2131558517 (51)
D/umd.troyd( 3242): android.widget.LinearLayout@406049e8: -1 (52)
D/umd.troyd( 3242): android.widget.RelativeLayout@40604fb0: -1 (53)
D/umd.troyd( 3242): android.widget.RelativeLayout@407a2a00: -1 (54)
D/umd.troyd( 3242): android.widget.TextView: Walmart Supercenter (55)
D/umd.troyd( 3242): android.widget.TextView: 762 Supermall Way Sw (56)
D/umd.troyd( 3242): android.widget.TextView: Auburn, WA 98001 (57)
D/umd.troyd( 3242): android.widget.RelativeLayout@4077b380: -1 (58)
D/umd.troyd( 3242): android.widget.LinearLayout@4077c308: 2131558801 (59)
D/umd.troyd( 3242): android.widget.TextView: 10.87 (60)
D/umd.troyd( 3242): android.widget.TextView: miles (61)
D/umd.troyd( 3242): android.widget.TextView:  (62)
D/umd.troyd( 3242): android.widget.ImageView@4077c458: 2131558517 (63)
D/umd.troyd( 3242): android.widget.LinearLayout@40512318: -1 (64)
D/umd.troyd( 3242): android.widget.RelativeLayout@40512468: -1 (65)
D/umd.troyd( 3242): android.widget.RelativeLayout@40583508: -1 (66)
D/umd.troyd( 3242): android.widget.TextView: Walmart Supercenter (67)
D/umd.troyd( 3242): android.widget.TextView: 310 31St Ave Se (68)
D/umd.troyd( 3242): android.widget.TextView: Puyallup, WA 98374 (69)
D/umd.troyd( 3242): android.widget.RelativeLayout@40583660: -1 (70)
D/umd.troyd( 3242): android.widget.LinearLayout@405cc058: 2131558801 (71)
D/umd.troyd( 3242): android.widget.TextView: 11.97 (72)
D/umd.troyd( 3242): android.widget.TextView: miles (73)
D/umd.troyd( 3242): android.widget.TextView:  (74)
D/umd.troyd( 3242): android.widget.ImageView@4065f428: 2131558517 (75)
D/umd.troyd( 3242): android.widget.LinearLayout@4065f578: -1 (76)
D/umd.troyd( 3242): android.widget.RelativeLayout@406ad530: -1 (77)
D/umd.troyd( 3242): android.widget.RelativeLayout@406ad688: -1 (78)
D/umd.troyd( 3242): android.widget.TextView: Walmart Supercenter (79)
D/umd.troyd( 3242): android.widget.TextView: 20307 Mountain Hwy E (80)
D/umd.troyd( 3242): android.widget.TextView: Spanaway, WA 98387 (81)
D/umd.troyd( 3242): android.widget.RelativeLayout@406b7608: -1 (82)
D/umd.troyd( 3242): android.widget.LinearLayout@406b7760: 2131558801 (83)
D/umd.troyd( 3242): android.widget.TextView: 13.55 (84)
D/umd.troyd( 3242): android.widget.TextView: miles (85)
D/umd.troyd( 3242): android.widget.TextView:  (86)
D/umd.troyd( 3242): android.widget.ImageView@40758d60: 2131558517 (87)
D/umd.troyd( 3242): android.widget.RelativeLayout@406bba68: 2131558541 (88)
D/umd.troyd( 3242): android.widget.GridView@406bc5e0: 2131558824 (89)
D/umd.troyd( 3242): android.widget.LinearLayout@406bd760: 2131558538 (90)
D/umd.troyd( 3242): android.widget.RelativeLayout@406be158: 2131558818 (91)
D/umd.troyd( 3242): android.widget.ImageButton@406beaa8: 2131558819 (92)
D/umd.troyd( 3242): android.widget.RelativeLayout@406befc0: -1 (93)
D/umd.troyd( 3242): android.widget.ImageView@406bf3b0: 2131558820 (94)
D/umd.troyd( 3242): android.widget.TextView: Stores (95)
D/umd.troyd( 3242): android.widget.RelativeLayout@406c02b8: -1 (96)
D/umd.troyd( 3242): android.widget.Button:  (97)
D/umd.troyd( 3242): android.widget.ImageView@406c0e28: 2131558823 (98)
D/umd.troyd( 3242): android.widget.LinearLayout@406c10b8: 2131558542 (99)
D/umd.troyd( 3242): got command getViews
D/umd.troyd( 3242): android.widget.FrameLayout@406b8570: 16908290 (0)
D/umd.troyd( 3242): android.widget.RelativeLayout@406b8fb0: 2131558603 (1)
D/umd.troyd( 3242): android.widget.LinearLayout@406b93e8: -1 (2)
D/umd.troyd( 3242): com.walmart.android.ui.ViewStackLayout@406b9938: 2131558797 (3)
D/umd.troyd( 3242): android.widget.RelativeLayout@40724008: -1 (4)
D/umd.troyd( 3242): android.widget.RelativeLayout@40724570: 2131558790 (5)
D/umd.troyd( 3242): android.widget.LinearLayout@407250f0: 2131558790 (6)
D/umd.troyd( 3242): android.widget.RelativeLayout@407258d0: -1 (7)
D/umd.troyd( 3242): android.widget.Button:  (8)
D/umd.troyd( 3242): android.widget.TextView: Search a location (9)
D/umd.troyd( 3242): android.widget.Button:  (10)
D/umd.troyd( 3242): android.widget.Button:  (11)
D/umd.troyd( 3242): android.widget.Button:  (12)
D/umd.troyd( 3242): android.widget.RelativeLayout@4072a188: 2131558791 (13)
D/umd.troyd( 3242): com.walmart.android.storelocator.StoreMapView@4072b420: 2131558792 (14)
D/umd.troyd( 3242): android.widget.ListView@406dc6a0: 2131558521 (15)
D/umd.troyd( 3242): android.widget.LinearLayout@4065f578: -1 (16)
D/umd.troyd( 3242): android.widget.RelativeLayout@406ad530: -1 (17)
D/umd.troyd( 3242): android.widget.RelativeLayout@406ad688: -1 (18)
D/umd.troyd( 3242): android.widget.TextView: Walmart Supercenter (19)
D/umd.troyd( 3242): android.widget.TextView: 20307 Mountain Hwy E (20)
D/umd.troyd( 3242): android.widget.TextView: Spanaway, WA 98387 (21)
D/umd.troyd( 3242): android.widget.RelativeLayout@406b7608: -1 (22)
D/umd.troyd( 3242): android.widget.LinearLayout@406b7760: 2131558801 (23)
D/umd.troyd( 3242): android.widget.TextView: 13.55 (24)
D/umd.troyd( 3242): android.widget.TextView: miles (25)
D/umd.troyd( 3242): android.widget.TextView:  (26)
D/umd.troyd( 3242): android.widget.ImageView@40758d60: 2131558517 (27)
D/umd.troyd( 3242): android.widget.LinearLayout@408010e8: -1 (28)
D/umd.troyd( 3242): android.widget.RelativeLayout@408012d8: -1 (29)
D/umd.troyd( 3242): android.widget.RelativeLayout@40801680: -1 (30)
D/umd.troyd( 3242): android.widget.TextView: Walmart Supercenter (31)
D/umd.troyd( 3242): android.widget.TextView: 16502 Meridian E (32)
D/umd.troyd( 3242): android.widget.TextView: Puyallup, WA 98375 (33)
D/umd.troyd( 3242): android.widget.RelativeLayout@40802990: -1 (34)
D/umd.troyd( 3242): android.widget.LinearLayout@40802da0: 2131558801 (35)
D/umd.troyd( 3242): android.widget.TextView: 14.20 (36)
D/umd.troyd( 3242): android.widget.TextView: miles (37)
D/umd.troyd( 3242): android.widget.TextView:  (38)
D/umd.troyd( 3242): android.widget.ImageView@40803e58: 2131558517 (39)
D/umd.troyd( 3242): android.widget.LinearLayout@408058e0: -1 (40)
D/umd.troyd( 3242): android.widget.RelativeLayout@40805ad0: -1 (41)
D/umd.troyd( 3242): android.widget.RelativeLayout@40805e78: -1 (42)
D/umd.troyd( 3242): android.widget.TextView: Walmart Store (43)
D/umd.troyd( 3242): android.widget.TextView: 3497 Bethel Rd Se (44)
D/umd.troyd( 3242): android.widget.TextView: Port Orchard, WA 98366 (45)
D/umd.troyd( 3242): android.widget.RelativeLayout@40589140: -1 (46)
D/umd.troyd( 3242): android.widget.LinearLayout@4058ab10: 2131558801 (47)
D/umd.troyd( 3242): android.widget.TextView: 14.36 (48)
D/umd.troyd( 3242): android.widget.TextView: miles (49)
D/umd.troyd( 3242): android.widget.TextView:  (50)
D/umd.troyd( 3242): android.widget.ImageView@405cd778: 2131558517 (51)
D/umd.troyd( 3242): android.widget.LinearLayout@406ab410: -1 (52)
D/umd.troyd( 3242): android.widget.RelativeLayout@405bb180: -1 (53)
D/umd.troyd( 3242): android.widget.RelativeLayout@406a75c8: -1 (54)
D/umd.troyd( 3242): android.widget.TextView: Walmart Store (55)
D/umd.troyd( 3242): android.widget.TextView: 743 Rainier Ave S (56)
D/umd.troyd( 3242): android.widget.TextView: Renton, WA 98057 (57)
D/umd.troyd( 3242): android.widget.RelativeLayout@4073f150: -1 (58)
D/umd.troyd( 3242): android.widget.LinearLayout@406eaac0: 2131558801 (59)
D/umd.troyd( 3242): android.widget.TextView: 15.89 (60)
D/umd.troyd( 3242): android.widget.TextView: miles (61)
D/umd.troyd( 3242): android.widget.TextView:  (62)
D/umd.troyd( 3242): android.widget.ImageView@406ebef8: 2131558517 (63)
D/umd.troyd( 3242): android.widget.LinearLayout@40727628: -1 (64)
D/umd.troyd( 3242): android.widget.RelativeLayout@4074ab58: -1 (65)
D/umd.troyd( 3242): android.widget.RelativeLayout@40756438: -1 (66)
D/umd.troyd( 3242): android.widget.TextView: Walmart Supercenter (67)
D/umd.troyd( 3242): android.widget.TextView: 19205 State Route 410 E (68)
D/umd.troyd( 3242): android.widget.TextView: Bonney Lake, WA 98391 (69)
D/umd.troyd( 3242): android.widget.RelativeLayout@406101e0: -1 (70)
D/umd.troyd( 3242): android.widget.LinearLayout@40729530: 2131558801 (71)
D/umd.troyd( 3242): android.widget.TextView: 16.39 (72)
D/umd.troyd( 3242): android.widget.TextView: miles (73)
D/umd.troyd( 3242): android.widget.TextView:  (74)
D/umd.troyd( 3242): android.widget.ImageView@40730cb8: 2131558517 (75)
D/umd.troyd( 3242): android.widget.LinearLayout@407fe7b8: -1 (76)
D/umd.troyd( 3242): android.widget.RelativeLayout@405b5bd0: -1 (77)
D/umd.troyd( 3242): android.widget.RelativeLayout@40602ea8: -1 (78)
D/umd.troyd( 3242): android.widget.TextView: Walmart Store (79)
D/umd.troyd( 3242): android.widget.TextView: 17432 Se 270Th Pl (80)
D/umd.troyd( 3242): android.widget.TextView: Covington, WA 98042 (81)
D/umd.troyd( 3242): android.widget.RelativeLayout@406a8a90: -1 (82)
D/umd.troyd( 3242): android.widget.LinearLayout@407ef488: 2131558801 (83)
D/umd.troyd( 3242): android.widget.TextView: 16.77 (84)
D/umd.troyd( 3242): android.widget.TextView: miles (85)
D/umd.troyd( 3242): android.widget.TextView:  (86)
D/umd.troyd( 3242): android.widget.ImageView@40729878: 2131558517 (87)
D/umd.troyd( 3242): android.widget.RelativeLayout@406bba68: 2131558541 (88)
D/umd.troyd( 3242): android.widget.GridView@406bc5e0: 2131558824 (89)
D/umd.troyd( 3242): android.widget.LinearLayout@406bd760: 2131558538 (90)
D/umd.troyd( 3242): android.widget.RelativeLayout@406be158: 2131558818 (91)
D/umd.troyd( 3242): android.widget.ImageButton@406beaa8: 2131558819 (92)
D/umd.troyd( 3242): android.widget.RelativeLayout@406befc0: -1 (93)
D/umd.troyd( 3242): android.widget.ImageView@406bf3b0: 2131558820 (94)
D/umd.troyd( 3242): android.widget.TextView: Stores (95)
D/umd.troyd( 3242): android.widget.RelativeLayout@406c02b8: -1 (96)
D/umd.troyd( 3242): android.widget.Button:  (97)
D/umd.troyd( 3242): android.widget.ImageView@406c0e28: 2131558823 (98)
D/umd.troyd( 3242): android.widget.LinearLayout@406c10b8: 2131558542 (99)
D/umd.troyd( 3242): got command getViews
D/umd.troyd( 3242): android.widget.FrameLayout@406b8570: 16908290 (0)
D/umd.troyd( 3242): android.widget.RelativeLayout@406b8fb0: 2131558603 (1)
D/umd.troyd( 3242): android.widget.LinearLayout@406b93e8: -1 (2)
D/umd.troyd( 3242): com.walmart.android.ui.ViewStackLayout@406b9938: 2131558797 (3)
D/umd.troyd( 3242): android.widget.RelativeLayout@40724008: -1 (4)
D/umd.troyd( 3242): android.widget.RelativeLayout@40724570: 2131558790 (5)
D/umd.troyd( 3242): android.widget.LinearLayout@407250f0: 2131558790 (6)
D/umd.troyd( 3242): android.widget.RelativeLayout@407258d0: -1 (7)
D/umd.troyd( 3242): android.widget.Button:  (8)
D/umd.troyd( 3242): android.widget.TextView: Search a location (9)
D/umd.troyd( 3242): android.widget.Button:  (10)
D/umd.troyd( 3242): android.widget.Button:  (11)
D/umd.troyd( 3242): android.widget.Button:  (12)
D/umd.troyd( 3242): android.widget.RelativeLayout@4072a188: 2131558791 (13)
D/umd.troyd( 3242): com.walmart.android.storelocator.StoreMapView@4072b420: 2131558792 (14)
D/umd.troyd( 3242): android.widget.ListView@406dc6a0: 2131558521 (15)
D/umd.troyd( 3242): android.widget.LinearLayout@407fe7b8: -1 (16)
D/umd.troyd( 3242): android.widget.RelativeLayout@405b5bd0: -1 (17)
D/umd.troyd( 3242): android.widget.RelativeLayout@40602ea8: -1 (18)
D/umd.troyd( 3242): android.widget.TextView: Walmart Store (19)
D/umd.troyd( 3242): android.widget.TextView: 17432 Se 270Th Pl (20)
D/umd.troyd( 3242): android.widget.TextView: Covington, WA 98042 (21)
D/umd.troyd( 3242): android.widget.RelativeLayout@406a8a90: -1 (22)
D/umd.troyd( 3242): android.widget.LinearLayout@407ef488: 2131558801 (23)
D/umd.troyd( 3242): android.widget.TextView: 16.77 (24)
D/umd.troyd( 3242): android.widget.TextView: miles (25)
D/umd.troyd( 3242): android.widget.TextView:  (26)
D/umd.troyd( 3242): android.widget.ImageView@40729878: 2131558517 (27)
D/umd.troyd( 3242): android.widget.LinearLayout@405d4d70: -1 (28)
D/umd.troyd( 3242): android.widget.RelativeLayout@40759510: -1 (29)
D/umd.troyd( 3242): android.widget.RelativeLayout@405f32b0: -1 (30)
D/umd.troyd( 3242): android.widget.TextView: Walmart Supercenter (31)
D/umd.troyd( 3242): android.widget.TextView: 1401 Galaxy Dr Ne (32)
D/umd.troyd( 3242): android.widget.TextView: Lacey, WA 98516 (33)
D/umd.troyd( 3242): android.widget.RelativeLayout@407592a8: -1 (34)
D/umd.troyd( 3242): android.widget.LinearLayout@40709248: 2131558801 (35)
D/umd.troyd( 3242): android.widget.TextView: 17.50 (36)
D/umd.troyd( 3242): android.widget.TextView: miles (37)
D/umd.troyd( 3242): android.widget.TextView:  (38)
D/umd.troyd( 3242): android.widget.ImageView@4077e8e0: 2131558517 (39)
D/umd.troyd( 3242): android.widget.LinearLayout@407f31d8: -1 (40)
D/umd.troyd( 3242): android.widget.RelativeLayout@406a81a0: -1 (41)
D/umd.troyd( 3242): android.widget.RelativeLayout@406f76e0: -1 (42)
D/umd.troyd( 3242): android.widget.TextView: Walmart Store (43)
D/umd.troyd( 3242): android.widget.TextView: 6797 State Highway 303 Ne (44)
D/umd.troyd( 3242): android.widget.TextView: Bremerton, WA 98311 (45)
D/umd.troyd( 3242): android.widget.RelativeLayout@40769538: -1 (46)
D/umd.troyd( 3242): android.widget.LinearLayout@406db128: 2131558801 (47)
D/umd.troyd( 3242): android.widget.TextView: 20.63 (48)
D/umd.troyd( 3242): android.widget.TextView: miles (49)
D/umd.troyd( 3242): android.widget.TextView:  (50)
D/umd.troyd( 3242): android.widget.ImageView@406f9890: 2131558517 (51)
D/umd.troyd( 3242): android.widget.LinearLayout@406b3aa0: -1 (52)
D/umd.troyd( 3242): android.widget.RelativeLayout@406ff7d8: -1 (53)
D/umd.troyd( 3242): android.widget.RelativeLayout@40704e68: -1 (54)
D/umd.troyd( 3242): android.widget.TextView: Walmart Store (55)
D/umd.troyd( 3242): android.widget.TextView: 12620 Se 41St Pl (56)
D/umd.troyd( 3242): android.widget.TextView: Bellevue S, WA 98006 (57)
D/umd.troyd( 3242): android.widget.RelativeLayout@407234e0: -1 (58)
D/umd.troyd( 3242): android.widget.LinearLayout@40748918: 2131558801 (59)
D/umd.troyd( 3242): android.widget.TextView: 21.59 (60)
D/umd.troyd( 3242): android.widget.TextView: miles (61)
D/umd.troyd( 3242): android.widget.TextView:  (62)
D/umd.troyd( 3242): android.widget.ImageView@405e1c28: 2131558517 (63)
D/umd.troyd( 3242): android.widget.LinearLayout@406049e8: -1 (64)
D/umd.troyd( 3242): android.widget.RelativeLayout@40604fb0: -1 (65)
D/umd.troyd( 3242): android.widget.RelativeLayout@407a2a00: -1 (66)
D/umd.troyd( 3242): android.widget.TextView: Walmart Supercenter (67)
D/umd.troyd( 3242): android.widget.TextView: 17100 State Route 507 Se (68)
D/umd.troyd( 3242): android.widget.TextView: Yelm, WA 98597 (69)
D/umd.troyd( 3242): android.widget.RelativeLayout@4077b380: -1 (70)
D/umd.troyd( 3242): android.widget.LinearLayout@4077c308: 2131558801 (71)
D/umd.troyd( 3242): android.widget.TextView: 21.72 (72)
D/umd.troyd( 3242): android.widget.TextView: miles (73)
D/umd.troyd( 3242): android.widget.TextView:  (74)
D/umd.troyd( 3242): android.widget.ImageView@4077c458: 2131558517 (75)
D/umd.troyd( 3242): android.widget.LinearLayout@40512318: -1 (76)
D/umd.troyd( 3242): android.widget.RelativeLayout@40512468: -1 (77)
D/umd.troyd( 3242): android.widget.RelativeLayout@40583508: -1 (78)
D/umd.troyd( 3242): android.widget.TextView: Neighborhood Market (79)
D/umd.troyd( 3242): android.widget.TextView: 15063 Main St (80)
D/umd.troyd( 3242): android.widget.TextView: Bellevue, WA 98007 (81)
D/umd.troyd( 3242): android.widget.RelativeLayout@40583660: -1 (82)
D/umd.troyd( 3242): android.widget.LinearLayout@405cc058: 2131558801 (83)
D/umd.troyd( 3242): android.widget.TextView: 24.18 (84)
D/umd.troyd( 3242): android.widget.TextView: miles (85)
D/umd.troyd( 3242): android.widget.TextView:  (86)
D/umd.troyd( 3242): android.widget.ImageView@4065f428: 2131558517 (87)
D/umd.troyd( 3242): android.widget.RelativeLayout@406bba68: 2131558541 (88)
D/umd.troyd( 3242): android.widget.GridView@406bc5e0: 2131558824 (89)
D/umd.troyd( 3242): android.widget.LinearLayout@406bd760: 2131558538 (90)
D/umd.troyd( 3242): android.widget.RelativeLayout@406be158: 2131558818 (91)
D/umd.troyd( 3242): android.widget.ImageButton@406beaa8: 2131558819 (92)
D/umd.troyd( 3242): android.widget.RelativeLayout@406befc0: -1 (93)
D/umd.troyd( 3242): android.widget.ImageView@406bf3b0: 2131558820 (94)
D/umd.troyd( 3242): android.widget.TextView: Stores (95)
D/umd.troyd( 3242): android.widget.RelativeLayout@406c02b8: -1 (96)
D/umd.troyd( 3242): android.widget.Button:  (97)
D/umd.troyd( 3242): android.widget.ImageView@406c0e28: 2131558823 (98)
D/umd.troyd( 3242): android.widget.LinearLayout@406c10b8: 2131558542 (99)
D/umd.troyd( 3242): got command getViews
D/umd.troyd( 3242): android.widget.FrameLayout@406b8570: 16908290 (0)
D/umd.troyd( 3242): android.widget.RelativeLayout@406b8fb0: 2131558603 (1)
D/umd.troyd( 3242): android.widget.LinearLayout@406b93e8: -1 (2)
D/umd.troyd( 3242): com.walmart.android.ui.ViewStackLayout@406b9938: 2131558797 (3)
D/umd.troyd( 3242): android.widget.RelativeLayout@40724008: -1 (4)
D/umd.troyd( 3242): android.widget.RelativeLayout@40724570: 2131558790 (5)
D/umd.troyd( 3242): android.widget.LinearLayout@407250f0: 2131558790 (6)
D/umd.troyd( 3242): android.widget.RelativeLayout@407258d0: -1 (7)
D/umd.troyd( 3242): android.widget.Button:  (8)
D/umd.troyd( 3242): android.widget.TextView: Search a location (9)
D/umd.troyd( 3242): android.widget.Button:  (10)
D/umd.troyd( 3242): android.widget.Button:  (11)
D/umd.troyd( 3242): android.widget.Button:  (12)
D/umd.troyd( 3242): android.widget.RelativeLayout@4072a188: 2131558791 (13)
D/umd.troyd( 3242): com.walmart.android.storelocator.StoreMapView@4072b420: 2131558792 (14)
D/umd.troyd( 3242): android.widget.ListView@406dc6a0: 2131558521 (15)
D/umd.troyd( 3242): android.widget.LinearLayout@40512318: -1 (16)
D/umd.troyd( 3242): android.widget.RelativeLayout@40512468: -1 (17)
D/umd.troyd( 3242): android.widget.RelativeLayout@40583508: -1 (18)
D/umd.troyd( 3242): android.widget.TextView: Neighborhood Market (19)
D/umd.troyd( 3242): android.widget.TextView: 15063 Main St (20)
D/umd.troyd( 3242): android.widget.TextView: Bellevue, WA 98007 (21)
D/umd.troyd( 3242): android.widget.RelativeLayout@40583660: -1 (22)
D/umd.troyd( 3242): android.widget.LinearLayout@405cc058: 2131558801 (23)
D/umd.troyd( 3242): android.widget.TextView: 24.18 (24)
D/umd.troyd( 3242): android.widget.TextView: miles (25)
D/umd.troyd( 3242): android.widget.TextView:  (26)
D/umd.troyd( 3242): android.widget.ImageView@4065f428: 2131558517 (27)
D/umd.troyd( 3242): android.widget.LinearLayout@4065f578: -1 (28)
D/umd.troyd( 3242): android.widget.RelativeLayout@406ad530: -1 (29)
D/umd.troyd( 3242): android.widget.RelativeLayout@406ad688: -1 (30)
D/umd.troyd( 3242): android.widget.TextView: Walmart Supercenter (31)
D/umd.troyd( 3242): android.widget.TextView: 5900 Littlerock Rd Sw (32)
D/umd.troyd( 3242): android.widget.TextView: Tumwater, WA 98512 (33)
D/umd.troyd( 3242): android.widget.RelativeLayout@406b7608: -1 (34)
D/umd.troyd( 3242): android.widget.LinearLayout@406b7760: 2131558801 (35)
D/umd.troyd( 3242): android.widget.TextView: 24.49 (36)
D/umd.troyd( 3242): android.widget.TextView: miles (37)
D/umd.troyd( 3242): android.widget.TextView:  (38)
D/umd.troyd( 3242): android.widget.ImageView@40758d60: 2131558517 (39)
D/umd.troyd( 3242): android.widget.LinearLayout@408010e8: -1 (40)
D/umd.troyd( 3242): android.widget.RelativeLayout@408012d8: -1 (41)
D/umd.troyd( 3242): android.widget.RelativeLayout@40801680: -1 (42)
D/umd.troyd( 3242): android.widget.TextView: Walmart Supercenter (43)
D/umd.troyd( 3242): android.widget.TextView: 100 E Wallace Kneeland Blvd (44)
D/umd.troyd( 3242): android.widget.TextView: Shelton, WA 98584 (45)
D/umd.troyd( 3242): android.widget.RelativeLayout@40802990: -1 (46)
D/umd.troyd( 3242): android.widget.LinearLayout@40802da0: 2131558801 (47)
D/umd.troyd( 3242): android.widget.TextView: 24.58 (48)
D/umd.troyd( 3242): android.widget.TextView: miles (49)
D/umd.troyd( 3242): android.widget.TextView:  (50)
D/umd.troyd( 3242): android.widget.ImageView@40803e58: 2131558517 (51)
D/umd.troyd( 3242): android.widget.LinearLayout@408058e0: -1 (52)
D/umd.troyd( 3242): android.widget.RelativeLayout@40805ad0: -1 (53)
D/umd.troyd( 3242): android.widget.RelativeLayout@40805e78: -1 (54)
D/umd.troyd( 3242): android.widget.TextView: Walmart Supercenter (55)
D/umd.troyd( 3242): android.widget.TextView: 21200 Olhava Way Nw (56)
D/umd.troyd( 3242): android.widget.TextView: Poulsbo, WA 98370 (57)
D/umd.troyd( 3242): android.widget.RelativeLayout@40589140: -1 (58)
D/umd.troyd( 3242): android.widget.LinearLayout@4058ab10: 2131558801 (59)
D/umd.troyd( 3242): android.widget.TextView: 28.65 (60)
D/umd.troyd( 3242): android.widget.TextView: miles (61)
D/umd.troyd( 3242): android.widget.TextView:  (62)
D/umd.troyd( 3242): android.widget.ImageView@405cd778: 2131558517 (63)
D/umd.troyd( 3242): android.widget.LinearLayout@406ab410: -1 (64)
D/umd.troyd( 3242): android.widget.RelativeLayout@405bb180: -1 (65)
D/umd.troyd( 3242): android.widget.RelativeLayout@406a75c8: -1 (66)
D/umd.troyd( 3242): android.widget.TextView: Neighborhood Market (67)
D/umd.troyd( 3242): android.widget.TextView: 17222 Highway 99 (68)
D/umd.troyd( 3242): android.widget.TextView: Lynnwood, WA 98037 (69)
D/umd.troyd( 3242): android.widget.RelativeLayout@4073f150: -1 (70)
D/umd.troyd( 3242): android.widget.LinearLayout@406eaac0: 2131558801 (71)
D/umd.troyd( 3242): android.widget.TextView: 34.07 (72)
D/umd.troyd( 3242): android.widget.TextView: miles (73)
D/umd.troyd( 3242): android.widget.TextView:  (74)
D/umd.troyd( 3242): android.widget.ImageView@406ebef8: 2131558517 (75)
D/umd.troyd( 3242): android.widget.LinearLayout@40727628: -1 (76)
D/umd.troyd( 3242): android.widget.RelativeLayout@4074ab58: -1 (77)
D/umd.troyd( 3242): android.widget.RelativeLayout@40756438: -1 (78)
D/umd.troyd( 3242): android.widget.TextView: Walmart Store (79)
D/umd.troyd( 3242): android.widget.TextView: 1400 164Th St Sw (80)
D/umd.troyd( 3242): android.widget.TextView: Lynnwood, WA 98087 (81)
D/umd.troyd( 3242): android.widget.RelativeLayout@406101e0: -1 (82)
D/umd.troyd( 3242): android.widget.LinearLayout@40729530: 2131558801 (83)
D/umd.troyd( 3242): android.widget.TextView: 34.99 (84)
D/umd.troyd( 3242): android.widget.TextView: miles (85)
D/umd.troyd( 3242): android.widget.TextView:  (86)
D/umd.troyd( 3242): android.widget.ImageView@40730cb8: 2131558517 (87)
D/umd.troyd( 3242): android.widget.RelativeLayout@406bba68: 2131558541 (88)
D/umd.troyd( 3242): android.widget.GridView@406bc5e0: 2131558824 (89)
D/umd.troyd( 3242): android.widget.LinearLayout@406bd760: 2131558538 (90)
D/umd.troyd( 3242): android.widget.RelativeLayout@406be158: 2131558818 (91)
D/umd.troyd( 3242): android.widget.ImageButton@406beaa8: 2131558819 (92)
D/umd.troyd( 3242): android.widget.RelativeLayout@406befc0: -1 (93)
D/umd.troyd( 3242): android.widget.ImageView@406bf3b0: 2131558820 (94)
D/umd.troyd( 3242): android.widget.TextView: Stores (95)
D/umd.troyd( 3242): android.widget.RelativeLayout@406c02b8: -1 (96)
D/umd.troyd( 3242): android.widget.Button:  (97)
D/umd.troyd( 3242): android.widget.ImageView@406c0e28: 2131558823 (98)
D/umd.troyd( 3242): android.widget.LinearLayout@406c10b8: 2131558542 (99)
D/umd.troyd( 3242): got command getViews
D/umd.troyd( 3242): android.widget.FrameLayout@406b8570: 16908290 (0)
D/umd.troyd( 3242): android.widget.RelativeLayout@406b8fb0: 2131558603 (1)
D/umd.troyd( 3242): android.widget.LinearLayout@406b93e8: -1 (2)
D/umd.troyd( 3242): com.walmart.android.ui.ViewStackLayout@406b9938: 2131558797 (3)
D/umd.troyd( 3242): android.widget.RelativeLayout@40724008: -1 (4)
D/umd.troyd( 3242): android.widget.RelativeLayout@40724570: 2131558790 (5)
D/umd.troyd( 3242): android.widget.LinearLayout@407250f0: 2131558790 (6)
D/umd.troyd( 3242): android.widget.RelativeLayout@407258d0: -1 (7)
D/umd.troyd( 3242): android.widget.Button:  (8)
D/umd.troyd( 3242): android.widget.TextView: Search a location (9)
D/umd.troyd( 3242): android.widget.Button:  (10)
D/umd.troyd( 3242): android.widget.Button:  (11)
D/umd.troyd( 3242): android.widget.Button:  (12)
D/umd.troyd( 3242): android.widget.RelativeLayout@4072a188: 2131558791 (13)
D/umd.troyd( 3242): com.walmart.android.storelocator.StoreMapView@4072b420: 2131558792 (14)
D/umd.troyd( 3242): android.widget.ListView@406dc6a0: 2131558521 (15)
D/umd.troyd( 3242): android.widget.LinearLayout@40727628: -1 (16)
D/umd.troyd( 3242): android.widget.RelativeLayout@4074ab58: -1 (17)
D/umd.troyd( 3242): android.widget.RelativeLayout@40756438: -1 (18)
D/umd.troyd( 3242): android.widget.TextView: Walmart Store (19)
D/umd.troyd( 3242): android.widget.TextView: 1400 164Th St Sw (20)
D/umd.troyd( 3242): android.widget.TextView: Lynnwood, WA 98087 (21)
D/umd.troyd( 3242): android.widget.RelativeLayout@406101e0: -1 (22)
D/umd.troyd( 3242): android.widget.LinearLayout@40729530: 2131558801 (23)
D/umd.troyd( 3242): android.widget.TextView: 34.99 (24)
D/umd.troyd( 3242): android.widget.TextView: miles (25)
D/umd.troyd( 3242): android.widget.TextView:  (26)
D/umd.troyd( 3242): android.widget.ImageView@40730cb8: 2131558517 (27)
D/umd.troyd( 3242): android.widget.LinearLayout@407fe7b8: -1 (28)
D/umd.troyd( 3242): android.widget.RelativeLayout@405b5bd0: -1 (29)
D/umd.troyd( 3242): android.widget.RelativeLayout@40602ea8: -1 (30)
D/umd.troyd( 3242): android.widget.TextView: Walmart Store (31)
D/umd.troyd( 3242): android.widget.TextView: 11400 Highway 99 (32)
D/umd.troyd( 3242): android.widget.TextView: Everett, WA 98204 (33)
D/umd.troyd( 3242): android.widget.RelativeLayout@406a8a90: -1 (34)
D/umd.troyd( 3242): android.widget.LinearLayout@407ef488: 2131558801 (35)
D/umd.troyd( 3242): android.widget.TextView: 37.58 (36)
D/umd.troyd( 3242): android.widget.TextView: miles (37)
D/umd.troyd( 3242): android.widget.TextView:  (38)
D/umd.troyd( 3242): android.widget.ImageView@40729878: 2131558517 (39)
D/umd.troyd( 3242): android.widget.LinearLayout@405d4d70: -1 (40)
D/umd.troyd( 3242): android.widget.RelativeLayout@40759510: -1 (41)
D/umd.troyd( 3242): android.widget.RelativeLayout@405f32b0: -1 (42)
D/umd.troyd( 3242): android.widget.TextView: Walmart Supercenter (43)
D/umd.troyd( 3242): android.widget.TextView: 1601 Nw Louisiana Ave (44)
D/umd.troyd( 3242): android.widget.TextView: Chehalis, WA 98532 (45)
D/umd.troyd( 3242): android.widget.RelativeLayout@407592a8: -1 (46)
D/umd.troyd( 3242): android.widget.LinearLayout@40709248: 2131558801 (47)
D/umd.troyd( 3242): android.widget.TextView: 41.51 (48)
D/umd.troyd( 3242): android.widget.TextView: miles (49)
D/umd.troyd( 3242): android.widget.TextView:  (50)
D/umd.troyd( 3242): android.widget.ImageView@4077e8e0: 2131558517 (51)
D/umd.troyd( 3242): android.widget.LinearLayout@407f31d8: -1 (52)
D/umd.troyd( 3242): android.widget.RelativeLayout@406a81a0: -1 (53)
D/umd.troyd( 3242): android.widget.RelativeLayout@406f76e0: -1 (54)
D/umd.troyd( 3242): android.widget.TextView: Walmart Supercenter (55)
D/umd.troyd( 3242): android.widget.TextView: 8924 Quilceda Blvd (56)
D/umd.troyd( 3242): android.widget.TextView: Marysville, WA 98271 (57)
D/umd.troyd( 3242): android.widget.RelativeLayout@40769538: -1 (58)
D/umd.troyd( 3242): android.widget.LinearLayout@406db128: 2131558801 (59)
D/umd.troyd( 3242): android.widget.TextView: 48.96 (60)
D/umd.troyd( 3242): android.widget.TextView: miles (61)
D/umd.troyd( 3242): android.widget.TextView:  (62)
D/umd.troyd( 3242): android.widget.ImageView@406f9890: 2131558517 (63)
D/umd.troyd( 3242): android.widget.LinearLayout@406b3aa0: -1 (64)
D/umd.troyd( 3242): android.widget.RelativeLayout@406ff7d8: -1 (65)
D/umd.troyd( 3242): android.widget.RelativeLayout@40704e68: -1 (66)
D/umd.troyd( 3242): android.widget.TextView: Walmart Supercenter (67)
D/umd.troyd( 3242): android.widget.TextView: 4010 172Nd St Ne (68)
D/umd.troyd( 3242): android.widget.TextView: Arlington, WA 98223 (69)
D/umd.troyd( 3242): android.widget.RelativeLayout@407234e0: -1 (70)
D/umd.troyd( 3242): android.widget.LinearLayout@40748918: 2131558801 (71)
D/umd.troyd( 3242): android.widget.TextView: 53.30 (72)
D/umd.troyd( 3242): android.widget.TextView: miles (73)
D/umd.troyd( 3242): android.widget.TextView:  (74)
D/umd.troyd( 3242): android.widget.ImageView@405e1c28: 2131558517 (75)
D/umd.troyd( 3242): android.widget.LinearLayout@406049e8: -1 (76)
D/umd.troyd( 3242): android.widget.RelativeLayout@40604fb0: -1 (77)
D/umd.troyd( 3242): android.widget.RelativeLayout@407a2a00: -1 (78)
D/umd.troyd( 3242): android.widget.TextView: Walmart Supercenter (79)
D/umd.troyd( 3242): android.widget.TextView: 1110 W Washington St (80)
D/umd.troyd( 3242): android.widget.TextView: Sequim, WA 98382 (81)
D/umd.troyd( 3242): android.widget.RelativeLayout@4077b380: -1 (82)
D/umd.troyd( 3242): android.widget.LinearLayout@4077c308: 2131558801 (83)
D/umd.troyd( 3242): android.widget.TextView: 53.64 (84)
D/umd.troyd( 3242): android.widget.TextView: miles (85)
D/umd.troyd( 3242): android.widget.TextView:  (86)
D/umd.troyd( 3242): android.widget.ImageView@4077c458: 2131558517 (87)
D/umd.troyd( 3242): android.widget.RelativeLayout@406bba68: 2131558541 (88)
D/umd.troyd( 3242): android.widget.GridView@406bc5e0: 2131558824 (89)
D/umd.troyd( 3242): android.widget.LinearLayout@406bd760: 2131558538 (90)
D/umd.troyd( 3242): android.widget.RelativeLayout@406be158: 2131558818 (91)
D/umd.troyd( 3242): android.widget.ImageButton@406beaa8: 2131558819 (92)
D/umd.troyd( 3242): android.widget.RelativeLayout@406befc0: -1 (93)
D/umd.troyd( 3242): android.widget.ImageView@406bf3b0: 2131558820 (94)
D/umd.troyd( 3242): android.widget.TextView: Stores (95)
D/umd.troyd( 3242): android.widget.RelativeLayout@406c02b8: -1 (96)
D/umd.troyd( 3242): android.widget.Button:  (97)
D/umd.troyd( 3242): android.widget.ImageView@406c0e28: 2131558823 (98)
D/umd.troyd( 3242): android.widget.LinearLayout@406c10b8: 2131558542 (99)
