android.widget.FrameLayout@40584fb8
android.widget.LinearLayout@40585a68
android.widget.FrameLayout@40585d18
android.widget.ImageView@40585fc8
android.widget.RelativeLayout@40586460
android.widget.ImageButton@40586a70
android.widget.EditText: 
android.widget.Button: Map
android.widget.RelativeLayout@4058a120
android.widget.EditText: 
android.widget.Button: Cancel
android.widget.RelativeLayout@4058c530
android.widget.LinearLayout@4058c8d8
android.widget.TextView: Locations
com.google.android.maps.MapView@4058e0d0
android.widget.LinearLayout@4053bce0
android.widget.TextView: Locations
android.widget.ScrollView@40536590
android.widget.TableLayout@4054be98
android.widget.TableRow@4063a430
android.widget.TextView: No search results found
android.widget.FrameLayout@4050c0c8
android.widget.ImageView@4057f6f0
android.widget.Button: Filter
android.widget.LinearLayout@40583088
android.widget.FrameLayout@4053d418
android.widget.ImageView@4061eb18
android.widget.Button: Filter
android.widget.FrameLayout@40614c68
android.widget.Button: Done
android.widget.FrameLayout@40616018
android.widget.ImageView@406294e0
android.widget.TextView: Stores
android.widget.ImageView@4062b530
android.widget.FrameLayout@4061b870
android.widget.ImageView@4062e678
android.widget.TextView: ATMs
android.widget.ImageView@40631f20
