android.widget.FrameLayout@40587810
android.widget.LinearLayout@405882c0
android.widget.FrameLayout@40588570
android.widget.ImageView@40588820
android.widget.RelativeLayout@40588cb8
android.widget.ImageButton@405892c8
android.widget.EditText: 
android.widget.Button: Map
android.widget.RelativeLayout@4058c978
android.widget.EditText: 
android.widget.Button: Cancel
android.widget.RelativeLayout@4058ed88
android.widget.LinearLayout@4058f130
android.widget.TextView: Locations
com.google.android.maps.MapView@40590928
android.widget.LinearLayout@4052c0f0
android.widget.TextView: Locations
android.widget.ScrollView@40518a60
android.widget.TableLayout@405446b8
android.widget.TableRow@406372d0
android.widget.ImageView@40626b30
android.widget.TextView: 971 W Main Street
android.widget.TextView: 3.98 mi
android.widget.TableRow@406299c8
android.widget.ImageView@4060a958
android.widget.TextView: 1003 W Main Street
android.widget.TextView: 4.03 mi
android.widget.TableRow@40536a88
android.widget.ImageView@40634908
android.widget.TextView: 636 Campbell Avenue
android.widget.TextView: 4.04 mi
android.widget.TableRow@4062da08
android.widget.ImageView@4062deb0
android.widget.TextView: 636 Campbell Avenue
android.widget.TextView: 4.04 mi
android.widget.TableRow@40543760
android.widget.ImageView@40543bc0
android.widget.TextView: 994 Chapel Street
android.widget.TextView: 5.12 mi
android.widget.TableRow@40557ba8
android.widget.ImageView@4061ea20
android.widget.TextView: 994 Chapel Street
android.widget.TextView: 5.12 mi
android.widget.TableRow@4060e560
android.widget.ImageView@4060ea08
android.widget.TextView: 466 Foxon Boulevard
android.widget.TextView: 5.76 mi
android.widget.TableRow@406338c8
android.widget.ImageView@40633ed8
android.widget.TextView: 466 Foxon Boulevard
android.widget.TextView: 5.76 mi
android.widget.TableRow@40631e88
android.widget.ImageView@40632330
android.widget.TextView: 175 Boston Post Road
android.widget.TextView: 5.82 mi
android.widget.TableRow@406360f8
android.widget.ImageView@4062e688
android.widget.TextView: 175 Boston Post Road
android.widget.TextView: 5.84 mi
android.widget.TableRow@40638e70
android.widget.ImageView@406392b0
android.widget.TextView: 1361 Boston Post Road
android.widget.TextView: 7.38 mi
android.widget.TableRow@406258f8
android.widget.ImageView@4060bb00
android.widget.TextView: 1361 Boston Post Road
android.widget.TextView: 7.40 mi
android.widget.TableRow@40621678
android.widget.ImageView@40621b20
android.widget.TextView: 128 Amity Road
android.widget.TextView: 8.33 mi
android.widget.TableRow@4061b918
android.widget.ImageView@4061bdc0
android.widget.TextView: 128 Amity Road
android.widget.TextView: 8.33 mi
android.widget.TableRow@4062bb18
android.widget.ImageView@4062bfc0
android.widget.TextView: 1289 Foxon Road
android.widget.TextView: 8.45 mi
android.widget.TableRow@40618960
android.widget.ImageView@4054fce0
android.widget.TextView: 1289 Foxon Road
android.widget.TextView: 8.45 mi
android.widget.TableRow@40655088
android.widget.ImageView@406554e8
android.widget.TextView: 2992 Dixwell Avenue
android.widget.TextView: 10 mi
android.widget.TableRow@40627c28
android.widget.ImageView@406280d0
android.widget.TextView: 2992 Dixwell Avenue
android.widget.TextView: 10 mi
android.widget.TableRow@40575cb0
android.widget.ImageView@40576158
android.widget.TextView: 90 Washington Avenue
android.widget.TextView: 11 mi
android.widget.TableRow@40613df0
android.widget.ImageView@40614298
android.widget.TextView: 90 Washington Avenue
android.widget.TextView: 11 mi
android.widget.FrameLayout@40545268
android.widget.ImageView@40539b58
android.widget.Button: Filter
android.widget.LinearLayout@4053af30
android.widget.FrameLayout@40616350
android.widget.ImageView@40558af0
android.widget.Button: Filter
android.widget.FrameLayout@40617688
android.widget.Button: Done
android.widget.FrameLayout@40625cb0
android.widget.ImageView@4058db18
android.widget.TextView: Stores
android.widget.ImageView@4061b0a8
android.widget.FrameLayout@40626f60
android.widget.ImageView@4061dd60
android.widget.TextView: ATMs
android.widget.ImageView@40624cb0
android.widget.FrameLayout@40587810
android.widget.LinearLayout@405882c0
android.widget.FrameLayout@40588570
android.widget.ImageView@40588820
android.widget.RelativeLayout@40588cb8
android.widget.ImageButton@405892c8
android.widget.EditText: 
android.widget.Button: Map
android.widget.RelativeLayout@4058c978
android.widget.EditText: 
android.widget.Button: Cancel
android.widget.RelativeLayout@4058ed88
android.widget.LinearLayout@4058f130
android.widget.TextView: Locations
com.google.android.maps.MapView@40590928
android.widget.LinearLayout@4052c0f0
android.widget.TextView: Locations
android.widget.ScrollView@40518a60
android.widget.TableLayout@405446b8
android.widget.TableRow@406372d0
android.widget.ImageView@40626b30
android.widget.TextView: 971 W Main Street
android.widget.TextView: 3.98 mi
android.widget.TableRow@406299c8
android.widget.ImageView@4060a958
android.widget.TextView: 1003 W Main Street
android.widget.TextView: 4.03 mi
android.widget.TableRow@40536a88
android.widget.ImageView@40634908
android.widget.TextView: 636 Campbell Avenue
android.widget.TextView: 4.04 mi
android.widget.TableRow@4062da08
android.widget.ImageView@4062deb0
android.widget.TextView: 636 Campbell Avenue
android.widget.TextView: 4.04 mi
android.widget.TableRow@40543760
android.widget.ImageView@40543bc0
android.widget.TextView: 994 Chapel Street
android.widget.TextView: 5.12 mi
android.widget.TableRow@40557ba8
android.widget.ImageView@4061ea20
android.widget.TextView: 994 Chapel Street
android.widget.TextView: 5.12 mi
android.widget.TableRow@4060e560
android.widget.ImageView@4060ea08
android.widget.TextView: 466 Foxon Boulevard
android.widget.TextView: 5.76 mi
android.widget.TableRow@406338c8
android.widget.ImageView@40633ed8
android.widget.TextView: 466 Foxon Boulevard
android.widget.TextView: 5.76 mi
android.widget.TableRow@40631e88
android.widget.ImageView@40632330
android.widget.TextView: 175 Boston Post Road
android.widget.TextView: 5.82 mi
android.widget.TableRow@406360f8
android.widget.ImageView@4062e688
android.widget.TextView: 175 Boston Post Road
android.widget.TextView: 5.84 mi
android.widget.TableRow@40638e70
android.widget.ImageView@406392b0
android.widget.TextView: 1361 Boston Post Road
android.widget.TextView: 7.38 mi
android.widget.TableRow@406258f8
android.widget.ImageView@4060bb00
android.widget.TextView: 1361 Boston Post Road
android.widget.TextView: 7.40 mi
android.widget.TableRow@40621678
android.widget.ImageView@40621b20
android.widget.TextView: 128 Amity Road
android.widget.TextView: 8.33 mi
android.widget.TableRow@4061b918
android.widget.ImageView@4061bdc0
android.widget.TextView: 128 Amity Road
android.widget.TextView: 8.33 mi
android.widget.TableRow@4062bb18
android.widget.ImageView@4062bfc0
android.widget.TextView: 1289 Foxon Road
android.widget.TextView: 8.45 mi
android.widget.TableRow@40618960
android.widget.ImageView@4054fce0
android.widget.TextView: 1289 Foxon Road
android.widget.TextView: 8.45 mi
android.widget.TableRow@40655088
android.widget.ImageView@406554e8
android.widget.TextView: 2992 Dixwell Avenue
android.widget.TextView: 10 mi
android.widget.TableRow@40627c28
android.widget.ImageView@406280d0
android.widget.TextView: 2992 Dixwell Avenue
android.widget.TextView: 10 mi
android.widget.TableRow@40575cb0
android.widget.ImageView@40576158
android.widget.TextView: 90 Washington Avenue
android.widget.TextView: 11 mi
android.widget.TableRow@40613df0
android.widget.ImageView@40614298
android.widget.TextView: 90 Washington Avenue
android.widget.TextView: 11 mi
android.widget.FrameLayout@40545268
android.widget.ImageView@40539b58
android.widget.Button: Filter
android.widget.LinearLayout@4053af30
android.widget.FrameLayout@40616350
android.widget.ImageView@40558af0
android.widget.Button: Filter
android.widget.FrameLayout@40617688
android.widget.Button: Done
android.widget.FrameLayout@40625cb0
android.widget.ImageView@4058db18
android.widget.TextView: Stores
android.widget.ImageView@4061b0a8
android.widget.FrameLayout@40626f60
android.widget.ImageView@4061dd60
android.widget.TextView: ATMs
android.widget.ImageView@40624cb0
android.widget.FrameLayout@40587810
android.widget.LinearLayout@405882c0
android.widget.FrameLayout@40588570
android.widget.ImageView@40588820
android.widget.RelativeLayout@40588cb8
android.widget.ImageButton@405892c8
android.widget.EditText: 
android.widget.Button: Map
android.widget.RelativeLayout@4058c978
android.widget.EditText: 
android.widget.Button: Cancel
android.widget.RelativeLayout@4058ed88
android.widget.LinearLayout@4058f130
android.widget.TextView: Locations
com.google.android.maps.MapView@40590928
android.widget.LinearLayout@4052c0f0
android.widget.TextView: Locations
android.widget.ScrollView@40518a60
android.widget.TableLayout@405446b8
android.widget.TableRow@406372d0
android.widget.ImageView@40626b30
android.widget.TextView: 971 W Main Street
android.widget.TextView: 3.98 mi
android.widget.TableRow@406299c8
android.widget.ImageView@4060a958
android.widget.TextView: 1003 W Main Street
android.widget.TextView: 4.03 mi
android.widget.TableRow@40536a88
android.widget.ImageView@40634908
android.widget.TextView: 636 Campbell Avenue
android.widget.TextView: 4.04 mi
android.widget.TableRow@4062da08
android.widget.ImageView@4062deb0
android.widget.TextView: 636 Campbell Avenue
android.widget.TextView: 4.04 mi
android.widget.TableRow@40543760
android.widget.ImageView@40543bc0
android.widget.TextView: 994 Chapel Street
android.widget.TextView: 5.12 mi
android.widget.TableRow@40557ba8
android.widget.ImageView@4061ea20
android.widget.TextView: 994 Chapel Street
android.widget.TextView: 5.12 mi
android.widget.TableRow@4060e560
android.widget.ImageView@4060ea08
android.widget.TextView: 466 Foxon Boulevard
android.widget.TextView: 5.76 mi
android.widget.TableRow@406338c8
android.widget.ImageView@40633ed8
android.widget.TextView: 466 Foxon Boulevard
android.widget.TextView: 5.76 mi
android.widget.TableRow@40631e88
android.widget.ImageView@40632330
android.widget.TextView: 175 Boston Post Road
android.widget.TextView: 5.82 mi
android.widget.TableRow@406360f8
android.widget.ImageView@4062e688
android.widget.TextView: 175 Boston Post Road
android.widget.TextView: 5.84 mi
android.widget.TableRow@40638e70
android.widget.ImageView@406392b0
android.widget.TextView: 1361 Boston Post Road
android.widget.TextView: 7.38 mi
android.widget.TableRow@406258f8
android.widget.ImageView@4060bb00
android.widget.TextView: 1361 Boston Post Road
android.widget.TextView: 7.40 mi
android.widget.TableRow@40621678
android.widget.ImageView@40621b20
android.widget.TextView: 128 Amity Road
android.widget.TextView: 8.33 mi
android.widget.TableRow@4061b918
android.widget.ImageView@4061bdc0
android.widget.TextView: 128 Amity Road
android.widget.TextView: 8.33 mi
android.widget.TableRow@4062bb18
android.widget.ImageView@4062bfc0
android.widget.TextView: 1289 Foxon Road
android.widget.TextView: 8.45 mi
android.widget.TableRow@40618960
android.widget.ImageView@4054fce0
android.widget.TextView: 1289 Foxon Road
android.widget.TextView: 8.45 mi
android.widget.TableRow@40655088
android.widget.ImageView@406554e8
android.widget.TextView: 2992 Dixwell Avenue
android.widget.TextView: 10 mi
android.widget.TableRow@40627c28
android.widget.ImageView@406280d0
android.widget.TextView: 2992 Dixwell Avenue
android.widget.TextView: 10 mi
android.widget.TableRow@40575cb0
android.widget.ImageView@40576158
android.widget.TextView: 90 Washington Avenue
android.widget.TextView: 11 mi
android.widget.TableRow@40613df0
android.widget.ImageView@40614298
android.widget.TextView: 90 Washington Avenue
android.widget.TextView: 11 mi
android.widget.FrameLayout@40545268
android.widget.ImageView@40539b58
android.widget.Button: Filter
android.widget.LinearLayout@4053af30
android.widget.FrameLayout@40616350
android.widget.ImageView@40558af0
android.widget.Button: Filter
android.widget.FrameLayout@40617688
android.widget.Button: Done
android.widget.FrameLayout@40625cb0
android.widget.ImageView@4058db18
android.widget.TextView: Stores
android.widget.ImageView@4061b0a8
android.widget.FrameLayout@40626f60
android.widget.ImageView@4061dd60
android.widget.TextView: ATMs
android.widget.ImageView@40624cb0
