android.widget.FrameLayout@40585d40
android.widget.LinearLayout@405867f0
android.widget.FrameLayout@40586aa0
android.widget.ImageView@40586d50
android.widget.RelativeLayout@405871e8
android.widget.ImageButton@405877f8
android.widget.EditText: 
android.widget.Button: Map
android.widget.RelativeLayout@4058aea8
android.widget.EditText: 
android.widget.Button: Cancel
android.widget.RelativeLayout@4058d2b8
android.widget.LinearLayout@4058d660
android.widget.TextView: Locations
com.google.android.maps.MapView@4058ee58
android.widget.LinearLayout@40611fb8
android.widget.TextView: Locations
android.widget.ScrollView@4050b0c0
android.widget.TableLayout@4053ac20
android.widget.TableRow@40609330
android.widget.ImageView@405784d0
android.widget.TextView: 320 Route 25 A (Rocky Point)
android.widget.TextView: 9.11 mi
android.widget.TableRow@40577d30
android.widget.ImageView@4057a8e8
android.widget.TextView: 320 Route 25A
android.widget.TextView: 9.11 mi
android.widget.TableRow@405562a8
android.widget.ImageView@40618748
android.widget.TextView: 620 Route 25A
android.widget.TextView: 10 mi
android.widget.TableRow@406118a0
android.widget.ImageView@40613ea0
android.widget.TextView: 620 Route 25A
android.widget.TextView: 10 mi
android.widget.TableRow@405811e0
android.widget.ImageView@40581688
android.widget.TextView: 951 Stratford Avenue
android.widget.TextView: 11 mi
android.widget.TableRow@4057a100
android.widget.ImageView@4057a5a8
android.widget.TextView: 951 Stratford Avenue
android.widget.TextView: 11 mi
android.widget.TableRow@40614b28
android.widget.ImageView@40614f68
android.widget.TextView: 1361 Boston Post Road
android.widget.TextView: 12 mi
android.widget.TableRow@40607270
android.widget.ImageView@40607718
android.widget.TextView: 1361 Boston Post Road
android.widget.TextView: 12 mi
android.widget.TableRow@4060bc08
android.widget.ImageView@40551e90
android.widget.TextView: 86 W Nesconset Highway
android.widget.TextView: 13 mi
android.widget.TableRow@4060fd18
android.widget.ImageView@40610158
android.widget.TextView: 86 W Nesconset Highway
android.widget.TextView: 13 mi
android.widget.TableRow@406171b0
android.widget.ImageView@40579090
android.widget.TextView: 1640 Barnum Avenue
android.widget.TextView: 13 mi
android.widget.TableRow@40618f90
android.widget.ImageView@40619438
android.widget.TextView: 1640 Barnum Avenue
android.widget.TextView: 13 mi
android.widget.TableRow@40608ce0
android.widget.ImageView@4059b368
android.widget.TextView: 175 Boston Post Road
android.widget.TextView: 14 mi
android.widget.TableRow@40619d68
android.widget.ImageView@4061a210
android.widget.TextView: 175 Boston Post Road
android.widget.TextView: 14 mi
android.widget.TableRow@4059ca98
android.widget.ImageView@4059cf40
android.widget.TextView: 1000 Lafayette Boulevard
android.widget.TextView: 14 mi
android.widget.TableRow@4050c1c0
android.widget.ImageView@4050c668
android.widget.TextView: 1000 Lafayette Boulevard
android.widget.TextView: 14 mi
android.widget.TableRow@4060cfa0
android.widget.ImageView@4060d448
android.widget.TextView: 636 Campbell Avenue
android.widget.TextView: 14 mi
android.widget.TableRow@4057d910
android.widget.ImageView@4057ddb8
android.widget.TextView: 636 Campbell Avenue
android.widget.TextView: 14 mi
android.widget.TableRow@406129f0
android.widget.ImageView@40612e98
android.widget.TextView: 975 Madison Avenue (North End)
android.widget.TextView: 15 mi
android.widget.TableRow@405acc80
android.widget.ImageView@405ad128
android.widget.TextView: 975 Madison Avenue
android.widget.TextView: 15 mi
android.widget.FrameLayout@40585090
android.widget.ImageView@4060c4c0
android.widget.Button: Filter
android.widget.LinearLayout@40538db8
android.widget.FrameLayout@4054dcf8
android.widget.ImageView@4054e640
android.widget.Button: Filter
android.widget.FrameLayout@4054f528
android.widget.Button: Done
android.widget.FrameLayout@40551058
android.widget.ImageView@40574440
android.widget.TextView: Stores
android.widget.ImageView@40574f70
android.widget.FrameLayout@40575dd0
android.widget.ImageView@405769d0
android.widget.TextView: ATMs
android.widget.ImageView@40578710
android.widget.FrameLayout@40585d40
android.widget.LinearLayout@405867f0
android.widget.FrameLayout@40586aa0
android.widget.ImageView@40586d50
android.widget.RelativeLayout@405871e8
android.widget.ImageButton@405877f8
android.widget.EditText: 
android.widget.Button: Map
android.widget.RelativeLayout@4058aea8
android.widget.EditText: 
android.widget.Button: Cancel
android.widget.RelativeLayout@4058d2b8
android.widget.LinearLayout@4058d660
android.widget.TextView: Locations
com.google.android.maps.MapView@4058ee58
android.widget.LinearLayout@40611fb8
android.widget.TextView: Locations
android.widget.ScrollView@4050b0c0
android.widget.TableLayout@4053ac20
android.widget.TableRow@40609330
android.widget.ImageView@405784d0
android.widget.TextView: 320 Route 25 A (Rocky Point)
android.widget.TextView: 9.11 mi
android.widget.TableRow@40577d30
android.widget.ImageView@4057a8e8
android.widget.TextView: 320 Route 25A
android.widget.TextView: 9.11 mi
android.widget.TableRow@405562a8
android.widget.ImageView@40618748
android.widget.TextView: 620 Route 25A
android.widget.TextView: 10 mi
android.widget.TableRow@406118a0
android.widget.ImageView@40613ea0
android.widget.TextView: 620 Route 25A
android.widget.TextView: 10 mi
android.widget.TableRow@405811e0
android.widget.ImageView@40581688
android.widget.TextView: 951 Stratford Avenue
android.widget.TextView: 11 mi
android.widget.TableRow@4057a100
android.widget.ImageView@4057a5a8
android.widget.TextView: 951 Stratford Avenue
android.widget.TextView: 11 mi
android.widget.TableRow@40614b28
android.widget.ImageView@40614f68
android.widget.TextView: 1361 Boston Post Road
android.widget.TextView: 12 mi
android.widget.TableRow@40607270
android.widget.ImageView@40607718
android.widget.TextView: 1361 Boston Post Road
android.widget.TextView: 12 mi
android.widget.TableRow@4060bc08
android.widget.ImageView@40551e90
android.widget.TextView: 86 W Nesconset Highway
android.widget.TextView: 13 mi
android.widget.TableRow@4060fd18
android.widget.ImageView@40610158
android.widget.TextView: 86 W Nesconset Highway
android.widget.TextView: 13 mi
android.widget.TableRow@406171b0
android.widget.ImageView@40579090
android.widget.TextView: 1640 Barnum Avenue
android.widget.TextView: 13 mi
android.widget.TableRow@40618f90
android.widget.ImageView@40619438
android.widget.TextView: 1640 Barnum Avenue
android.widget.TextView: 13 mi
android.widget.TableRow@40608ce0
android.widget.ImageView@4059b368
android.widget.TextView: 175 Boston Post Road
android.widget.TextView: 14 mi
android.widget.TableRow@40619d68
android.widget.ImageView@4061a210
android.widget.TextView: 175 Boston Post Road
android.widget.TextView: 14 mi
android.widget.TableRow@4059ca98
android.widget.ImageView@4059cf40
android.widget.TextView: 1000 Lafayette Boulevard
android.widget.TextView: 14 mi
android.widget.TableRow@4050c1c0
android.widget.ImageView@4050c668
android.widget.TextView: 1000 Lafayette Boulevard
android.widget.TextView: 14 mi
android.widget.TableRow@4060cfa0
android.widget.ImageView@4060d448
android.widget.TextView: 636 Campbell Avenue
android.widget.TextView: 14 mi
android.widget.TableRow@4057d910
android.widget.ImageView@4057ddb8
android.widget.TextView: 636 Campbell Avenue
android.widget.TextView: 14 mi
android.widget.TableRow@406129f0
android.widget.ImageView@40612e98
android.widget.TextView: 975 Madison Avenue (North End)
android.widget.TextView: 15 mi
android.widget.TableRow@405acc80
android.widget.ImageView@405ad128
android.widget.TextView: 975 Madison Avenue
android.widget.TextView: 15 mi
android.widget.FrameLayout@40585090
android.widget.ImageView@4060c4c0
android.widget.Button: Filter
android.widget.LinearLayout@40538db8
android.widget.FrameLayout@4054dcf8
android.widget.ImageView@4054e640
android.widget.Button: Filter
android.widget.FrameLayout@4054f528
android.widget.Button: Done
android.widget.FrameLayout@40551058
android.widget.ImageView@40574440
android.widget.TextView: Stores
android.widget.ImageView@40574f70
android.widget.FrameLayout@40575dd0
android.widget.ImageView@405769d0
android.widget.TextView: ATMs
android.widget.ImageView@40578710
android.widget.FrameLayout@40585d40
android.widget.LinearLayout@405867f0
android.widget.FrameLayout@40586aa0
android.widget.ImageView@40586d50
android.widget.RelativeLayout@405871e8
android.widget.ImageButton@405877f8
android.widget.EditText: 
android.widget.Button: Map
android.widget.RelativeLayout@4058aea8
android.widget.EditText: 
android.widget.Button: Cancel
android.widget.RelativeLayout@4058d2b8
android.widget.LinearLayout@4058d660
android.widget.TextView: Locations
com.google.android.maps.MapView@4058ee58
android.widget.LinearLayout@40611fb8
android.widget.TextView: Locations
android.widget.ScrollView@4050b0c0
android.widget.TableLayout@4053ac20
android.widget.TableRow@40609330
android.widget.ImageView@405784d0
android.widget.TextView: 320 Route 25 A (Rocky Point)
android.widget.TextView: 9.11 mi
android.widget.TableRow@40577d30
android.widget.ImageView@4057a8e8
android.widget.TextView: 320 Route 25A
android.widget.TextView: 9.11 mi
android.widget.TableRow@405562a8
android.widget.ImageView@40618748
android.widget.TextView: 620 Route 25A
android.widget.TextView: 10 mi
android.widget.TableRow@406118a0
android.widget.ImageView@40613ea0
android.widget.TextView: 620 Route 25A
android.widget.TextView: 10 mi
android.widget.TableRow@405811e0
android.widget.ImageView@40581688
android.widget.TextView: 951 Stratford Avenue
android.widget.TextView: 11 mi
android.widget.TableRow@4057a100
android.widget.ImageView@4057a5a8
android.widget.TextView: 951 Stratford Avenue
android.widget.TextView: 11 mi
android.widget.TableRow@40614b28
android.widget.ImageView@40614f68
android.widget.TextView: 1361 Boston Post Road
android.widget.TextView: 12 mi
android.widget.TableRow@40607270
android.widget.ImageView@40607718
android.widget.TextView: 1361 Boston Post Road
android.widget.TextView: 12 mi
android.widget.TableRow@4060bc08
android.widget.ImageView@40551e90
android.widget.TextView: 86 W Nesconset Highway
android.widget.TextView: 13 mi
android.widget.TableRow@4060fd18
android.widget.ImageView@40610158
android.widget.TextView: 86 W Nesconset Highway
android.widget.TextView: 13 mi
android.widget.TableRow@406171b0
android.widget.ImageView@40579090
android.widget.TextView: 1640 Barnum Avenue
android.widget.TextView: 13 mi
android.widget.TableRow@40618f90
android.widget.ImageView@40619438
android.widget.TextView: 1640 Barnum Avenue
android.widget.TextView: 13 mi
android.widget.TableRow@40608ce0
android.widget.ImageView@4059b368
android.widget.TextView: 175 Boston Post Road
android.widget.TextView: 14 mi
android.widget.TableRow@40619d68
android.widget.ImageView@4061a210
android.widget.TextView: 175 Boston Post Road
android.widget.TextView: 14 mi
android.widget.TableRow@4059ca98
android.widget.ImageView@4059cf40
android.widget.TextView: 1000 Lafayette Boulevard
android.widget.TextView: 14 mi
android.widget.TableRow@4050c1c0
android.widget.ImageView@4050c668
android.widget.TextView: 1000 Lafayette Boulevard
android.widget.TextView: 14 mi
android.widget.TableRow@4060cfa0
android.widget.ImageView@4060d448
android.widget.TextView: 636 Campbell Avenue
android.widget.TextView: 14 mi
android.widget.TableRow@4057d910
android.widget.ImageView@4057ddb8
android.widget.TextView: 636 Campbell Avenue
android.widget.TextView: 14 mi
android.widget.TableRow@406129f0
android.widget.ImageView@40612e98
android.widget.TextView: 975 Madison Avenue (North End)
android.widget.TextView: 15 mi
android.widget.TableRow@405acc80
android.widget.ImageView@405ad128
android.widget.TextView: 975 Madison Avenue
android.widget.TextView: 15 mi
android.widget.FrameLayout@40585090
android.widget.ImageView@4060c4c0
android.widget.Button: Filter
android.widget.LinearLayout@40538db8
android.widget.FrameLayout@4054dcf8
android.widget.ImageView@4054e640
android.widget.Button: Filter
android.widget.FrameLayout@4054f528
android.widget.Button: Done
android.widget.FrameLayout@40551058
android.widget.ImageView@40574440
android.widget.TextView: Stores
android.widget.ImageView@40574f70
android.widget.FrameLayout@40575dd0
android.widget.ImageView@405769d0
android.widget.TextView: ATMs
android.widget.ImageView@40578710
