android.widget.FrameLayout@4066b9e8
android.widget.RelativeLayout@4066c4a8
android.widget.LinearLayout@4066c8a0
android.widget.LinearLayout@4066cbd8
android.widget.LinearLayout@4066d328
android.widget.RelativeLayout@4066dfb8
android.widget.LinearLayout@4066e8b8
android.widget.LinearLayout@4066eba8
android.widget.ImageView@4066ee30
android.widget.TextView: Local Listings
android.widget.RelativeLayout@4066fc40
android.widget.Button: Map
android.widget.ViewFlipper@406705a0
android.widget.FrameLayout@406708e0
android.widget.RelativeLayout@40670b48
android.widget.TextView: Pharmacy Results
android.widget.LinearLayout@406717e8
android.widget.ProgressBar@40671ac0
android.widget.ListView@406720c0
android.widget.RelativeLayout@4054a710
android.widget.ImageView@4054d0a8
android.widget.TextView: S And J Pharmacy
android.widget.TextView: 1101 W Eagle Dr Ste 
android.widget.TextView: Decatur,TX 76234
android.widget.TextView: 1.4Miles
android.widget.RelativeLayout@40669c50
android.widget.ImageView@4066b2a0
android.widget.TextView: Solaris Pharmacy
android.widget.TextView: 2300 S Fm 51
android.widget.TextView: Decatur,TX 76234
android.widget.TextView: 1.4Miles
android.widget.RelativeLayout@40605260
android.widget.ImageView@405a9ee8
android.widget.TextView: Walmart Pharmacy #421
android.widget.TextView: 800 S US Hwy 81287
android.widget.TextView: Decatur,TX 76234
android.widget.TextView: 1.7Miles
android.widget.RelativeLayout@40584a10
android.widget.ImageView@405b7248
android.widget.TextView: Renshaw Drug
android.widget.TextView: 800 Medical Center D
android.widget.TextView: Decatur,TX 76234
android.widget.TextView: 2.5Miles
android.widget.LinearLayout@406733c8
android.widget.Button: Sort
android.widget.RelativeLayout@40674210
com.google.android.maps.MapView@40674f30
android.widget.FrameLayout@4066b9e8
android.widget.RelativeLayout@4066c4a8
android.widget.LinearLayout@4066c8a0
android.widget.LinearLayout@4066cbd8
android.widget.LinearLayout@4066d328
android.widget.RelativeLayout@4066dfb8
android.widget.LinearLayout@4066e8b8
android.widget.LinearLayout@4066eba8
android.widget.ImageView@4066ee30
android.widget.TextView: Local Listings
android.widget.RelativeLayout@4066fc40
android.widget.Button: Map
android.widget.ViewFlipper@406705a0
android.widget.FrameLayout@406708e0
android.widget.RelativeLayout@40670b48
android.widget.TextView: Pharmacy Results
android.widget.LinearLayout@406717e8
android.widget.ProgressBar@40671ac0
android.widget.ListView@406720c0
android.widget.RelativeLayout@40584a10
android.widget.ImageView@405b7248
android.widget.TextView: Renshaw Drug
android.widget.TextView: 800 Medical Center D
android.widget.TextView: Decatur,TX 76234
android.widget.TextView: 2.5Miles
android.widget.RelativeLayout@40608da0
android.widget.ImageView@406a9a48
android.widget.TextView: Wise Regional Health Sys Phcy
android.widget.TextView: 609 Medical Center D
android.widget.TextView: Decatur,TX 76234
android.widget.TextView: 2.5Miles
android.widget.RelativeLayout@406401f8
android.widget.ImageView@406ab888
android.widget.TextView: Rhome Pharmacy
android.widget.TextView: 450 S Main St
android.widget.TextView: Rhome,TX 76078
android.widget.TextView: 7.1Miles
android.widget.RelativeLayout@406f42a8
android.widget.ImageView@406f4648
android.widget.TextView: IGA Medicine Store
android.widget.TextView: 200 W Rock Island Av
android.widget.TextView: Boyd,TX 76023
android.widget.TextView: 10.0Mile
android.widget.LinearLayout@406733c8
android.widget.Button: Sort
android.widget.RelativeLayout@40674210
com.google.android.maps.MapView@40674f30
android.widget.FrameLayout@4066b9e8
android.widget.RelativeLayout@4066c4a8
android.widget.LinearLayout@4066c8a0
android.widget.LinearLayout@4066cbd8
android.widget.LinearLayout@4066d328
android.widget.RelativeLayout@4066dfb8
android.widget.LinearLayout@4066e8b8
android.widget.LinearLayout@4066eba8
android.widget.ImageView@4066ee30
android.widget.TextView: Local Listings
android.widget.RelativeLayout@4066fc40
android.widget.Button: Map
android.widget.ViewFlipper@406705a0
android.widget.FrameLayout@406708e0
android.widget.RelativeLayout@40670b48
android.widget.TextView: Pharmacy Results
android.widget.LinearLayout@406717e8
android.widget.ProgressBar@40671ac0
android.widget.ListView@406720c0
android.widget.RelativeLayout@406f42a8
android.widget.ImageView@406f4648
android.widget.TextView: IGA Medicine Store
android.widget.TextView: 200 W Rock Island Av
android.widget.TextView: Boyd,TX 76023
android.widget.TextView: 10.0Mile
android.widget.RelativeLayout@4054a710
android.widget.ImageView@4054d0a8
android.widget.TextView: Valu-Rite Pharmacy
android.widget.TextView: 709 Woodrow Wilson R
android.widget.TextView: Bridgeport,TX 76426
android.widget.TextView: 11.7Mile
android.widget.RelativeLayout@40669c50
android.widget.ImageView@4066b2a0
android.widget.TextView: Brookshire's Pharmacy # 5
android.widget.TextView: 1203 US Highway 380
android.widget.TextView: Bridgeport,TX 76426
android.widget.TextView: 14.2Mile
android.widget.RelativeLayout@40605260
android.widget.ImageView@405a9ee8
android.widget.TextView: Justin Pharmacy
android.widget.TextView: 120 W 4th St
android.widget.TextView: Justin,TX 76247
android.widget.TextView: 16.6Mile
android.widget.LinearLayout@406733c8
android.widget.Button: Sort
android.widget.RelativeLayout@40674210
com.google.android.maps.MapView@40674f30
android.widget.FrameLayout@4066b9e8
android.widget.RelativeLayout@4066c4a8
android.widget.LinearLayout@4066c8a0
android.widget.LinearLayout@4066cbd8
android.widget.LinearLayout@4066d328
android.widget.RelativeLayout@4066dfb8
android.widget.LinearLayout@4066e8b8
android.widget.LinearLayout@4066eba8
android.widget.ImageView@4066ee30
android.widget.TextView: Local Listings
android.widget.RelativeLayout@4066fc40
android.widget.Button: Map
android.widget.ViewFlipper@406705a0
android.widget.FrameLayout@406708e0
android.widget.RelativeLayout@40670b48
android.widget.TextView: Pharmacy Results
android.widget.LinearLayout@406717e8
android.widget.ProgressBar@40671ac0
android.widget.ListView@406720c0
android.widget.RelativeLayout@40605260
android.widget.ImageView@405a9ee8
android.widget.TextView: Justin Pharmacy
android.widget.TextView: 120 W 4th St
android.widget.TextView: Justin,TX 76247
android.widget.TextView: 16.6Mile
android.widget.RelativeLayout@40584a10
android.widget.ImageView@405b7248
android.widget.TextView: Springtown Drug
android.widget.TextView: 117 E 1st St
android.widget.TextView: Springtown,TX 76082
android.widget.TextView: 18.7Mile
android.widget.RelativeLayout@40608da0
android.widget.ImageView@406a9a48
android.widget.TextView: S & J Pharmacy
android.widget.TextView: 900 E McCart St Ste 
android.widget.TextView: Krum,TX 76249
android.widget.TextView: 19.5Mile
android.widget.RelativeLayout@406401f8
android.widget.ImageView@406ab888
android.widget.TextView: Brookshire's Pharmacy #126
android.widget.TextView: 500 E Highway 199
android.widget.TextView: Springtown,TX 76082
android.widget.TextView: 20.4Mile
android.widget.LinearLayout@406733c8
android.widget.Button: Sort
android.widget.RelativeLayout@40674210
com.google.android.maps.MapView@40674f30
android.widget.FrameLayout@4066b9e8
android.widget.RelativeLayout@4066c4a8
android.widget.LinearLayout@4066c8a0
android.widget.LinearLayout@4066cbd8
android.widget.LinearLayout@4066d328
android.widget.RelativeLayout@4066dfb8
android.widget.LinearLayout@4066e8b8
android.widget.LinearLayout@4066eba8
android.widget.ImageView@4066ee30
android.widget.TextView: Local Listings
android.widget.RelativeLayout@4066fc40
android.widget.Button: Map
android.widget.ViewFlipper@406705a0
android.widget.FrameLayout@406708e0
android.widget.RelativeLayout@40670b48
android.widget.TextView: Pharmacy Results
android.widget.LinearLayout@406717e8
android.widget.ProgressBar@40671ac0
android.widget.ListView@406720c0
android.widget.RelativeLayout@406401f8
android.widget.ImageView@406ab888
android.widget.TextView: Brookshire's Pharmacy #126
android.widget.TextView: 500 E Highway 199
android.widget.TextView: Springtown,TX 76082
android.widget.TextView: 20.4Mile
android.widget.RelativeLayout@406f42a8
android.widget.ImageView@406f4648
android.widget.TextView: Walgreens Pharmacy #9500
android.widget.TextView: 705 Boyd Rd
android.widget.TextView: Azle,TX 76020
android.widget.TextView: 21.8Mile
android.widget.RelativeLayout@4054a710
android.widget.ImageView@4054d0a8
android.widget.TextView: Walmart Pharmacy #5359
android.widget.TextView: 721 Boyd Rd
android.widget.TextView: Azle,TX 76020
android.widget.TextView: 21.8Mile
android.widget.RelativeLayout@40669c50
android.widget.ImageView@4066b2a0
android.widget.TextView: Albertson's Pharmacy #4290
android.widget.TextView: 480 Northwest Pkwy
android.widget.TextView: Azle,TX 76020
android.widget.TextView: 22.2Mile
android.widget.LinearLayout@406733c8
android.widget.Button: Sort
android.widget.RelativeLayout@40674210
com.google.android.maps.MapView@40674f30
android.widget.FrameLayout@4066b9e8
android.widget.RelativeLayout@4066c4a8
android.widget.LinearLayout@4066c8a0
android.widget.LinearLayout@4066cbd8
android.widget.LinearLayout@4066d328
android.widget.RelativeLayout@4066dfb8
android.widget.LinearLayout@4066e8b8
android.widget.LinearLayout@4066eba8
android.widget.ImageView@4066ee30
android.widget.TextView: Local Listings
android.widget.RelativeLayout@4066fc40
android.widget.Button: Map
android.widget.ViewFlipper@406705a0
android.widget.FrameLayout@406708e0
android.widget.RelativeLayout@40670b48
android.widget.TextView: Pharmacy Results
android.widget.LinearLayout@406717e8
android.widget.ProgressBar@40671ac0
android.widget.ListView@406720c0
android.widget.RelativeLayout@40669c50
android.widget.ImageView@4066b2a0
android.widget.TextView: Albertson's Pharmacy #4290
android.widget.TextView: 480 Northwest Pkwy
android.widget.TextView: Azle,TX 76020
android.widget.TextView: 22.2Mile
android.widget.RelativeLayout@40605260
android.widget.ImageView@405a9ee8
android.widget.TextView: CVS Pharmacy #7467
android.widget.TextView: 460 Northwest Pkwy
android.widget.TextView: Azle,TX 76020
android.widget.TextView: 22.2Mile
android.widget.RelativeLayout@40584a10
android.widget.ImageView@405b7248
android.widget.TextView: Brookshire's Pharmacy #125
android.widget.TextView: 511 N Stewart St
android.widget.TextView: Azle,TX 76020
android.widget.TextView: 22.7Mile
android.widget.RelativeLayout@40608da0
android.widget.ImageView@406a9a48
android.widget.TextView: Murr's Medicine Chest
android.widget.TextView: 232 W Main St
android.widget.TextView: Azle,TX 76020
android.widget.TextView: 22.8Mile
android.widget.LinearLayout@406733c8
android.widget.Button: Sort
android.widget.RelativeLayout@40674210
com.google.android.maps.MapView@40674f30
android.widget.FrameLayout@4066b9e8
android.widget.RelativeLayout@4066c4a8
android.widget.LinearLayout@4066c8a0
android.widget.LinearLayout@4066cbd8
android.widget.LinearLayout@4066d328
android.widget.RelativeLayout@4066dfb8
android.widget.LinearLayout@4066e8b8
android.widget.LinearLayout@4066eba8
android.widget.ImageView@4066ee30
android.widget.TextView: Local Listings
android.widget.RelativeLayout@4066fc40
android.widget.Button: Map
android.widget.ViewFlipper@406705a0
android.widget.FrameLayout@406708e0
android.widget.RelativeLayout@40670b48
android.widget.TextView: Pharmacy Results
android.widget.LinearLayout@406717e8
android.widget.ProgressBar@40671ac0
android.widget.ListView@406720c0
android.widget.RelativeLayout@40608da0
android.widget.ImageView@406a9a48
android.widget.TextView: Murr's Medicine Chest
android.widget.TextView: 232 W Main St
android.widget.TextView: Azle,TX 76020
android.widget.TextView: 22.8Mile
android.widget.RelativeLayout@406401f8
android.widget.ImageView@406ab888
android.widget.TextView: TX Health Harris Methodist Azle
android.widget.TextView: 108 Denver Trl
android.widget.TextView: Azle,TX 76020
android.widget.TextView: 23.5Mile
android.widget.RelativeLayout@406f42a8
android.widget.ImageView@406f4648
android.widget.TextView: Doyle Pharmacy
android.widget.TextView: 2509 Scripture St
android.widget.TextView: Denton,TX 76201
android.widget.TextView: 23.6Mile
android.widget.RelativeLayout@4054a710
android.widget.ImageView@4054d0a8
android.widget.TextView: Walmart Pharmacy #4627
android.widget.TextView: 2750 W University Dr
android.widget.TextView: Denton,TX 76201
android.widget.TextView: 23.6Mile
android.widget.LinearLayout@406733c8
android.widget.Button: Sort
android.widget.RelativeLayout@40674210
com.google.android.maps.MapView@40674f30
android.widget.FrameLayout@4066b9e8
android.widget.RelativeLayout@4066c4a8
android.widget.LinearLayout@4066c8a0
android.widget.LinearLayout@4066cbd8
android.widget.LinearLayout@4066d328
android.widget.RelativeLayout@4066dfb8
android.widget.LinearLayout@4066e8b8
android.widget.LinearLayout@4066eba8
android.widget.ImageView@4066ee30
android.widget.TextView: Local Listings
android.widget.RelativeLayout@4066fc40
android.widget.Button: Map
android.widget.ViewFlipper@406705a0
android.widget.FrameLayout@406708e0
android.widget.RelativeLayout@40670b48
android.widget.TextView: Pharmacy Results
android.widget.LinearLayout@406717e8
android.widget.ProgressBar@40671ac0
android.widget.ListView@406720c0
android.widget.RelativeLayout@4054a710
android.widget.ImageView@4054d0a8
android.widget.TextView: Walmart Pharmacy #4627
android.widget.TextView: 2750 W University Dr
android.widget.TextView: Denton,TX 76201
android.widget.TextView: 23.6Mile
android.widget.RelativeLayout@40669c50
android.widget.ImageView@4066b2a0
android.widget.TextView: Denton Prescription Shop
android.widget.TextView: 2501 W Oak St
android.widget.TextView: Denton,TX 76201
android.widget.TextView: 23.7Mile
android.widget.RelativeLayout@40605260
android.widget.ImageView@405a9ee8
android.widget.TextView: Albertsons Savon Pharmacy #4152
android.widget.TextView: 2321 W University Dr
android.widget.TextView: Denton,TX 76201
android.widget.TextView: 23.8Mile
android.widget.RelativeLayout@40584a10
android.widget.ImageView@405b7248
android.widget.TextView: Denton Presby Hospital Phcy
android.widget.TextView: 3000 N Interstate 35
android.widget.TextView: Denton,TX 76201
android.widget.TextView: 23.8Mile
android.widget.LinearLayout@406733c8
android.widget.Button: Sort
android.widget.RelativeLayout@40674210
com.google.android.maps.MapView@40674f30
android.widget.FrameLayout@4066b9e8
android.widget.RelativeLayout@4066c4a8
android.widget.LinearLayout@4066c8a0
android.widget.LinearLayout@4066cbd8
android.widget.LinearLayout@4066d328
android.widget.RelativeLayout@4066dfb8
android.widget.LinearLayout@4066e8b8
android.widget.LinearLayout@4066eba8
android.widget.ImageView@4066ee30
android.widget.TextView: Local Listings
android.widget.RelativeLayout@4066fc40
android.widget.Button: Map
android.widget.ViewFlipper@406705a0
android.widget.FrameLayout@406708e0
android.widget.RelativeLayout@40670b48
android.widget.TextView: Pharmacy Results
android.widget.LinearLayout@406717e8
android.widget.ProgressBar@40671ac0
android.widget.ListView@406720c0
android.widget.RelativeLayout@40584a10
android.widget.ImageView@405b7248
android.widget.TextView: Denton Presby Hospital Phcy
android.widget.TextView: 3000 N Interstate 35
android.widget.TextView: Denton,TX 76201
android.widget.TextView: 23.8Mile
android.widget.RelativeLayout@40608da0
android.widget.ImageView@406a9a48
android.widget.TextView: Presbyterian Hospital Pharmacy
android.widget.TextView: 3000 N Interstate 35
android.widget.TextView: Denton,TX 76201
android.widget.TextView: 23.8Mile
android.widget.RelativeLayout@406401f8
android.widget.ImageView@406ab888
android.widget.TextView: University Of North Texas Phcy
android.widget.TextView: 1800 W Chestnut St
android.widget.TextView: Denton,TX 76201
android.widget.TextView: 24.8Mile
android.widget.RelativeLayout@406f42a8
android.widget.ImageView@406f4648
android.widget.TextView: Walmart Pharmacy #5247
android.widget.TextView: 1228 N Highway 377
android.widget.TextView: Roanoke,TX 76262
android.widget.TextView: 25.0Mile
android.widget.LinearLayout@406733c8
android.widget.Button: Sort
android.widget.RelativeLayout@40674210
com.google.android.maps.MapView@40674f30
