android.widget.LinearLayout@405744b8
android.widget.FrameLayout@40574ca0
android.widget.TextView: Restaurant Finder
android.widget.FrameLayout@40575c88
android.widget.RelativeLayout@40576140
android.widget.TextView: Loading my location...
android.widget.TextView: No contents.
android.widget.LinearLayout@40577030
com.google.ads.AdView@40579388
g@4057b818
android.widget.ListView@40577300
android.widget.LinearLayout@40636040
android.widget.LinearLayout@40636258
android.widget.TextView: El Salvador Restaurant Y Bar
android.widget.LinearLayout@40636910
android.widget.TextView: (214) 366-3307
android.widget.TextView: 0.18 Km
android.widget.TextView: 8414 Denton Drive Dallas, TX
android.widget.LinearLayout@40634270
android.widget.LinearLayout@40634488
android.widget.TextView: Sonny Bryan's Smokehouse
android.widget.LinearLayout@40634b70
android.widget.TextView: (214) 353-0027
android.widget.TextView: 0.55 Km
android.widget.TextView: 2625 Seelcco Street Dallas, TX
android.widget.LinearLayout@406324d0
android.widget.LinearLayout@406326e8
android.widget.TextView: Tricolor Restaurant & Taqueria
android.widget.LinearLayout@40632da0
android.widget.TextView: (214) 638-4094
android.widget.TextView: 0.67 Km
android.widget.TextView: 2154 Burbank Street Dallas, TX
android.widget.LinearLayout@40630700
android.widget.LinearLayout@40630918
android.widget.TextView: Dunston's Prime Steakhouse
android.widget.LinearLayout@40631000
android.widget.TextView: (214) 637-3513
android.widget.TextView: 0.76 Km
android.widget.TextView: 8526 Harry Hines Boulevard Dallas, TX
android.widget.LinearLayout@40627e18
android.widget.LinearLayout@40628030
android.widget.TextView: McDonald's
android.widget.LinearLayout@406286e8
android.widget.TextView: (214) 654-0104
android.widget.TextView: 0.78 Km
android.widget.TextView: 8008 Cedar Springs Road Dallas, TX
android.widget.LinearLayout@40626048
android.widget.LinearLayout@40626260
android.widget.TextView: Luna's Tortillas, Inc
android.widget.LinearLayout@40626918
android.widget.TextView: (214) 747-2661
android.widget.TextView: 0.83 Km
android.widget.TextView: 8524 Harry Hines Boulevard Dallas, TX
android.widget.LinearLayout@405744b8
android.widget.FrameLayout@40574ca0
android.widget.TextView: Restaurant Finder
android.widget.FrameLayout@40575c88
android.widget.RelativeLayout@40576140
android.widget.TextView: Loading my location...
android.widget.TextView: No contents.
android.widget.LinearLayout@40577030
com.google.ads.AdView@40579388
g@4057b818
android.widget.ListView@40577300
android.widget.LinearLayout@40626048
android.widget.LinearLayout@40626260
android.widget.TextView: Luna's Tortillas, Inc
android.widget.LinearLayout@40626918
android.widget.TextView: (214) 747-2661
android.widget.TextView: 0.83 Km
android.widget.TextView: 8524 Harry Hines Boulevard Dallas, TX
android.widget.LinearLayout@4052c6b8
android.widget.LinearLayout@405857f0
android.widget.TextView: Chili's Grill & Bar
android.widget.LinearLayout@4053a340
android.widget.TextView: (214) 352-5666
android.widget.TextView: 1.0 Km
android.widget.TextView: 8008 Cedar Springs Road Dallas, TX
android.widget.LinearLayout@40555700
android.widget.LinearLayout@40572378
android.widget.TextView: Lobo Tortilla Factory
android.widget.LinearLayout@40595408
android.widget.TextView: (972) 388-8000
android.widget.TextView: 1.11 Km
android.widget.TextView: 7777 Hines Place Dallas, TX
android.widget.LinearLayout@405b3b30
android.widget.LinearLayout@405b46c0
android.widget.TextView: Strokers of Dallas
android.widget.LinearLayout@40627900
android.widget.TextView: (214) 357-0707
android.widget.TextView: 1.29 Km
android.widget.TextView: 9304 Harry Hines Boulevard Dallas, TX
android.widget.LinearLayout@4052e2d0
android.widget.LinearLayout@40579d00
android.widget.TextView: Top Cat
android.widget.LinearLayout@4059ce08
android.widget.TextView: (214) 522-1750
android.widget.TextView: 1.3 Km
android.widget.TextView: 7304 Harry Hines Boulevard, Dallas, TX 75235
android.widget.LinearLayout@40521488
android.widget.LinearLayout@405471e8
android.widget.TextView: Strokers Ice House
android.widget.LinearLayout@40554b88
android.widget.TextView: (214) 351-5252
android.widget.TextView: 1.31 Km
android.widget.TextView: 9324 Harry Hines Boulevard Dallas, TX
android.widget.LinearLayout@405744b8
android.widget.FrameLayout@40574ca0
android.widget.TextView: Restaurant Finder
android.widget.FrameLayout@40575c88
android.widget.RelativeLayout@40576140
android.widget.TextView: Loading my location...
android.widget.TextView: No contents.
android.widget.LinearLayout@40577030
com.google.ads.AdView@40579388
g@4057b818
android.widget.ListView@40577300
android.widget.LinearLayout@40521488
android.widget.LinearLayout@405471e8
android.widget.TextView: Strokers Ice House
android.widget.LinearLayout@40554b88
android.widget.TextView: (214) 351-5252
android.widget.TextView: 1.31 Km
android.widget.TextView: 9324 Harry Hines Boulevard Dallas, TX
android.widget.LinearLayout@40636040
android.widget.LinearLayout@40636258
android.widget.TextView: Bluebonnet Salads & Grill
android.widget.LinearLayout@40636910
android.widget.TextView: (214) 905-1200
android.widget.TextView: 1.57 Km
android.widget.TextView: 8625 King George Drive Dallas, TX
android.widget.LinearLayout@40634270
android.widget.LinearLayout@40634488
android.widget.TextView: La Jaivita Restaurant
android.widget.LinearLayout@40634b70
android.widget.TextView: (214) 351-2138
android.widget.TextView: 1.72 Km
android.widget.TextView: 6839 Harry Hines Boulevard Dallas, TX
android.widget.LinearLayout@406324d0
android.widget.LinearLayout@406326e8
android.widget.TextView: Whataburger
android.widget.LinearLayout@40632da0
android.widget.TextView: (214) 905-9014
android.widget.TextView: 1.74 Km
android.widget.TextView: 8850 North Stemmons Freeway Dallas, TX
android.widget.LinearLayout@40630700
android.widget.LinearLayout@40630918
android.widget.TextView: Burger King
android.widget.LinearLayout@40631000
android.widget.TextView: (214) 358-6439
android.widget.TextView: 1.86 Km
android.widget.TextView: 3020 West Mockingbird Lane Dallas, TX
android.widget.LinearLayout@40627e18
android.widget.LinearLayout@40628030
android.widget.TextView: Tipico's
android.widget.LinearLayout@406286e8
android.widget.TextView: (214) 357-9296
android.widget.TextView: 1.93 Km
android.widget.TextView: 3118 West Northwest Highway Dallas, TX
android.widget.LinearLayout@405744b8
android.widget.FrameLayout@40574ca0
android.widget.TextView: Restaurant Finder
android.widget.FrameLayout@40575c88
android.widget.RelativeLayout@40576140
android.widget.TextView: Loading my location...
android.widget.TextView: No contents.
android.widget.LinearLayout@40577030
com.google.ads.AdView@40579388
g@4057b818
android.widget.ListView@40577300
android.widget.LinearLayout@40627e18
android.widget.LinearLayout@40628030
android.widget.TextView: Tipico's
android.widget.LinearLayout@406286e8
android.widget.TextView: (214) 357-9296
android.widget.TextView: 1.93 Km
android.widget.TextView: 3118 West Northwest Highway Dallas, TX
android.widget.LinearLayout@40626048
android.widget.LinearLayout@40626260
android.widget.TextView: Quiznos Sandwich Restaurants
android.widget.LinearLayout@40626918
android.widget.TextView: (214) 630-4500
android.widget.TextView: 1.98 Km
android.widget.TextView: 1625 West Mockingbird Lane #114 Dallas, TX
android.widget.LinearLayout@4052c6b8
android.widget.LinearLayout@405857f0
android.widget.TextView: Sonic Drive-In
android.widget.LinearLayout@4053a340
android.widget.TextView: (214) 634-0825
android.widget.TextView: 2.0 Km
android.widget.TextView: 1330 Empire Central Drive Dallas, TX
android.widget.LinearLayout@40555700
android.widget.LinearLayout@40572378
android.widget.TextView: Pollo Campero
android.widget.LinearLayout@40595408
android.widget.TextView: (214) 358-5200
android.widget.TextView: 2.02 Km
android.widget.TextView: 3071 West Northwest Highway Dallas, TX
android.widget.LinearLayout@405b3b30
android.widget.LinearLayout@405b46c0
android.widget.TextView: Smokey John`s Bar-b-que
android.widget.LinearLayout@40627900
android.widget.TextView: (214) 352-2752
android.widget.TextView: 2.02 Km
android.widget.TextView: 1820 West Mockingbird Lane Dallas, TX
android.widget.LinearLayout@4052e2d0
android.widget.LinearLayout@40579d00
android.widget.TextView: IHOP Restaurant
android.widget.LinearLayout@4059ce08
android.widget.TextView: (214) 634-0200
android.widget.TextView: 2.04 Km
android.widget.TextView: 1626 West Mockingbird Lane Dallas, TX
android.widget.LinearLayout@405744b8
android.widget.FrameLayout@40574ca0
android.widget.TextView: Restaurant Finder
android.widget.FrameLayout@40575c88
android.widget.RelativeLayout@40576140
android.widget.TextView: Loading my location...
android.widget.TextView: No contents.
android.widget.LinearLayout@40577030
com.google.ads.AdView@40579388
g@4057b818
android.widget.ListView@40577300
android.widget.LinearLayout@4052e2d0
android.widget.LinearLayout@40579d00
android.widget.TextView: IHOP Restaurant
android.widget.LinearLayout@4059ce08
android.widget.TextView: (214) 634-0200
android.widget.TextView: 2.04 Km
android.widget.TextView: 1626 West Mockingbird Lane Dallas, TX
android.widget.LinearLayout@40521488
android.widget.LinearLayout@405471e8
android.widget.TextView: Pho Chau
android.widget.LinearLayout@40554b88
android.widget.TextView: (214) 678-9600
android.widget.TextView: 2.06 Km
android.widget.TextView: 1640 West Mockingbird Lane Dallas, TX
android.widget.LinearLayout@40636040
android.widget.LinearLayout@40636258
android.widget.TextView: Fresh Market
android.widget.LinearLayout@40636910
android.widget.TextView: (214) 352-2296
android.widget.TextView: 2.16 Km
android.widget.TextView: 6300 Harry Hines Boulevard Dallas, TX
android.widget.LinearLayout@40634270
android.widget.LinearLayout@40634488
android.widget.TextView: Schlotzsky's Deli
android.widget.LinearLayout@40634b70
android.widget.TextView: (214) 630-9944
android.widget.TextView: 2.24 Km
android.widget.TextView: 8235 North Stemmons Freeway Dallas, TX
android.widget.LinearLayout@406324d0
android.widget.LinearLayout@406326e8
android.widget.TextView: Kay's Restaurant and Bar
android.widget.LinearLayout@40632da0
android.widget.TextView: (214) 350-8070
android.widget.TextView: 2.28 Km
android.widget.TextView: 8010 North Stemmons Freeway Dallas, TX
android.widget.LinearLayout@40630700
android.widget.LinearLayout@40630918
android.widget.TextView: Club Schmitz
android.widget.LinearLayout@40631000
android.widget.TextView: (214) 350-3607
android.widget.TextView: 2.31 Km
android.widget.TextView: 9661 Denton Drive Dallas, TX
android.widget.LinearLayout@405744b8
android.widget.FrameLayout@40574ca0
android.widget.TextView: Restaurant Finder
android.widget.FrameLayout@40575c88
android.widget.RelativeLayout@40576140
android.widget.TextView: Loading my location...
android.widget.TextView: No contents.
android.widget.LinearLayout@40577030
com.google.ads.AdView@40579388
g@4057b818
android.widget.ListView@40577300
android.widget.LinearLayout@40630700
android.widget.LinearLayout@40630918
android.widget.TextView: Club Schmitz
android.widget.LinearLayout@40631000
android.widget.TextView: (214) 350-3607
android.widget.TextView: 2.31 Km
android.widget.TextView: 9661 Denton Drive Dallas, TX
android.widget.LinearLayout@40627e18
android.widget.LinearLayout@40628030
android.widget.TextView: Bugatti Ristorante
android.widget.LinearLayout@406286e8
android.widget.TextView: (214) 350-2470
android.widget.TextView: 2.34 Km
android.widget.TextView: 3802 West Northwest Highway Dallas, TX
android.widget.LinearLayout@40626048
android.widget.LinearLayout@40626260
android.widget.TextView: Stratos
android.widget.LinearLayout@40626918
android.widget.TextView: (214) 352-3321
android.widget.TextView: 2.38 Km
android.widget.TextView: 2907 West Northwest Highway Dallas, TX
android.widget.LinearLayout@4052c6b8
android.widget.LinearLayout@405857f0
android.widget.TextView: Eden Restaurant & Pastries
android.widget.LinearLayout@4053a340
android.widget.TextView: (972) 267-3336
android.widget.TextView: 2.42 Km
android.widget.TextView: 4416 West Lovers Lane Dallas, TX
android.widget.LinearLayout@40555700
android.widget.LinearLayout@40572378
android.widget.TextView: Celebration Restaurant
android.widget.LinearLayout@40595408
android.widget.TextView: (214) 351-5681
android.widget.TextView: 2.53 Km
android.widget.TextView: 4503 West Lovers Lane Dallas, TX
android.widget.LinearLayout@405b3b30
android.widget.LinearLayout@405b46c0
android.widget.TextView: Silver City Cabaret
android.widget.LinearLayout@40627900
android.widget.TextView: (214) 689-8989
android.widget.TextView: 2.6 Km
android.widget.TextView: 7501 North Stemmons Freeway Dallas, TX
android.widget.LinearLayout@405744b8
android.widget.FrameLayout@40574ca0
android.widget.TextView: Restaurant Finder
android.widget.FrameLayout@40575c88
android.widget.RelativeLayout@40576140
android.widget.TextView: Loading my location...
android.widget.TextView: No contents.
android.widget.LinearLayout@40577030
com.google.ads.AdView@40579388
g@4057b818
android.widget.ListView@40577300
android.widget.LinearLayout@405b3b30
android.widget.LinearLayout@405b46c0
android.widget.TextView: Silver City Cabaret
android.widget.LinearLayout@40627900
android.widget.TextView: (214) 689-8989
android.widget.TextView: 2.6 Km
android.widget.TextView: 7501 North Stemmons Freeway Dallas, TX
android.widget.LinearLayout@4052e2d0
android.widget.LinearLayout@40579d00
android.widget.TextView: Big Al's Smokehouse BBQ
android.widget.LinearLayout@4059ce08
android.widget.TextView: (214) 350-2649
android.widget.TextView: 2.87 Km
android.widget.TextView: 3317 Inwood Road Dallas, TX
android.widget.LinearLayout@40521488
android.widget.LinearLayout@405471e8
android.widget.TextView: Hagar Restaurant Services LLC
android.widget.LinearLayout@40554b88
android.widget.TextView: (214) 574-5200
android.widget.TextView: 4.52 Km
android.widget.TextView: 433 Regal Row Dallas, TX
android.widget.LinearLayout@40636040
android.widget.LinearLayout@40636258
android.widget.TextView: Waffle House
android.widget.LinearLayout@40636910
android.widget.TextView: (972) 579-9252
android.widget.TextView: 6.86 Km
android.widget.TextView: 2000 East Irving Boulevard Irving, TX
android.widget.LinearLayout@40634270
android.widget.LinearLayout@40634488
android.widget.TextView: Whataburger
android.widget.LinearLayout@40634b70
android.widget.TextView: (972) 438-5322
android.widget.TextView: 6.87 Km
android.widget.TextView: 410 Texas 12 Loop Irving, TX
android.widget.LinearLayout@406324d0
android.widget.LinearLayout@406326e8
android.widget.TextView: Tortas Y Tacos Michoacan
android.widget.LinearLayout@40632da0
android.widget.TextView: (972) 438-3020
android.widget.TextView: 7.19 Km
android.widget.TextView: 1714 East Irving Boulevard Irving, TX
android.widget.LinearLayout@405744b8
android.widget.FrameLayout@40574ca0
android.widget.TextView: Restaurant Finder
android.widget.FrameLayout@40575c88
android.widget.RelativeLayout@40576140
android.widget.TextView: Loading my location...
android.widget.TextView: No contents.
android.widget.LinearLayout@40577030
com.google.ads.AdView@40579388
g@4057b818
android.widget.ListView@40577300
android.widget.LinearLayout@406324d0
android.widget.LinearLayout@406326e8
android.widget.TextView: Tortas Y Tacos Michoacan
android.widget.LinearLayout@40632da0
android.widget.TextView: (972) 438-3020
android.widget.TextView: 7.19 Km
android.widget.TextView: 1714 East Irving Boulevard Irving, TX
android.widget.LinearLayout@40630700
android.widget.LinearLayout@40630918
android.widget.TextView: Subs-A Salads & Chinese Buffet
android.widget.LinearLayout@40631000
android.widget.TextView: (972) 579-9420
android.widget.TextView: 7.19 Km
android.widget.TextView: 1710 Texas 356 Irving, TX
android.widget.LinearLayout@40627e18
android.widget.LinearLayout@40628030
android.widget.TextView: Top Cat
android.widget.LinearLayout@406286e8
android.widget.TextView: (972) 445-0993
android.widget.TextView: 7.35 Km
android.widget.TextView: 1605 East Irving Boulevard Irving, TX
android.widget.LinearLayout@40626048
android.widget.LinearLayout@40626260
android.widget.TextView: Rancho Restaurant
android.widget.LinearLayout@40626918
android.widget.TextView: (972) 554-7496
android.widget.TextView: 7.78 Km
android.widget.TextView: 1210 East Irving Boulevard Irving, TX
android.widget.LinearLayout@4052c6b8
android.widget.LinearLayout@405857f0
android.widget.TextView: Carmen's mexican cafe
android.widget.LinearLayout@4053a340
android.widget.TextView: (214) 678-0020
android.widget.TextView: 7.84 Km
android.widget.TextView: 4717 Singleton Boulevard Dallas, TX
android.widget.LinearLayout@40555700
android.widget.LinearLayout@40572378
android.widget.TextView: Domino's Pizza
android.widget.LinearLayout@40595408
android.widget.TextView: (972) 438-7780
android.widget.TextView: 7.86 Km
android.widget.TextView: 1135 East Irving Boulevard Irving, TX
android.widget.LinearLayout@405744b8
android.widget.FrameLayout@40574ca0
android.widget.TextView: Restaurant Finder
android.widget.FrameLayout@40575c88
android.widget.RelativeLayout@40576140
android.widget.TextView: Loading my location...
android.widget.TextView: No contents.
android.widget.LinearLayout@40577030
com.google.ads.AdView@40579388
g@4057b818
android.widget.ListView@40577300
android.widget.LinearLayout@40555700
android.widget.LinearLayout@40572378
android.widget.TextView: Domino's Pizza
android.widget.LinearLayout@40595408
android.widget.TextView: (972) 438-7780
android.widget.TextView: 7.86 Km
android.widget.TextView: 1135 East Irving Boulevard Irving, TX
android.widget.LinearLayout@405b3b30
android.widget.LinearLayout@405b46c0
android.widget.TextView: Market Latina Restaurant
android.widget.LinearLayout@40627900
android.widget.TextView: (972) 445-0216
android.widget.TextView: 7.86 Km
android.widget.TextView: 901 East Irving Boulevard Irving, TX
android.widget.LinearLayout@4052e2d0
android.widget.LinearLayout@40579d00
android.widget.TextView: Burger Town
android.widget.LinearLayout@4059ce08
android.widget.TextView: (972) 579-7100
android.widget.TextView: 7.87 Km
android.widget.TextView: 1013 East Irving Boulevard Irving, TX
android.widget.LinearLayout@40521488
android.widget.LinearLayout@405471e8
android.widget.TextView: Taqueria Restaurant Sagrero
android.widget.LinearLayout@40554b88
android.widget.TextView: (214) 441-9494
android.widget.TextView: 7.93 Km
android.widget.TextView: 1004 East Irving Boulevard Irving, TX
android.widget.LinearLayout@40636040
android.widget.LinearLayout@40636258
android.widget.TextView: Little Caesars Pizza
android.widget.LinearLayout@40636910
android.widget.TextView: (972) 870-9966
android.widget.TextView: 8.01 Km
android.widget.TextView: 915 Irving Blvd. Irving, TX
android.widget.LinearLayout@40634270
android.widget.LinearLayout@40634488
android.widget.TextView: Chicken & Fried Rice
android.widget.LinearLayout@40634b70
android.widget.TextView: (972) 579-5559
android.widget.TextView: 8.05 Km
android.widget.TextView: 923 East Irving Boulevard Irving, TX
android.widget.LinearLayout@405744b8
android.widget.FrameLayout@40574ca0
android.widget.TextView: Restaurant Finder
android.widget.FrameLayout@40575c88
android.widget.RelativeLayout@40576140
android.widget.TextView: Loading my location...
android.widget.TextView: No contents.
android.widget.LinearLayout@40577030
com.google.ads.AdView@40579388
g@4057b818
android.widget.ListView@40577300
android.widget.LinearLayout@40634270
android.widget.LinearLayout@40634488
android.widget.TextView: Chicken & Fried Rice
android.widget.LinearLayout@40634b70
android.widget.TextView: (972) 579-5559
android.widget.TextView: 8.05 Km
android.widget.TextView: 923 East Irving Boulevard Irving, TX
android.widget.LinearLayout@406324d0
android.widget.LinearLayout@406326e8
android.widget.TextView: Pizza Patron
android.widget.LinearLayout@40632da0
android.widget.TextView: (972) 870-9191
android.widget.TextView: 8.06 Km
android.widget.TextView: 822 East Irving Boulevard Irving, TX
android.widget.LinearLayout@40630700
android.widget.LinearLayout@40630918
android.widget.TextView: Fred's Barbecue
android.widget.LinearLayout@40631000
android.widget.TextView: (972) 579-7655
android.widget.TextView: 8.08 Km
android.widget.TextView: 808 East Irving Boulevard Irving, TX
android.widget.LinearLayout@40627e18
android.widget.LinearLayout@40628030
android.widget.TextView: Subway
android.widget.LinearLayout@406286e8
android.widget.TextView: (972) 554-4779
android.widget.TextView: 8.2 Km
android.widget.TextView: 700 East Irving Boulevard Irving, TX
android.widget.LinearLayout@40626048
android.widget.LinearLayout@40626260
android.widget.TextView: Me & Mom's Diner
android.widget.LinearLayout@40626918
android.widget.TextView: (214) 634-9989
android.widget.TextView: 8.24 Km
android.widget.TextView: 5057 Singleton Boulevard Dallas, TX
android.widget.LinearLayout@4052c6b8
android.widget.LinearLayout@405857f0
android.widget.TextView: Magdaleno's Restaurant
android.widget.LinearLayout@4053a340
android.widget.TextView: (214) 596-0161
android.widget.TextView: 8.35 Km
android.widget.TextView: 1112 East Shady Grove Road Irving, TX
android.widget.LinearLayout@405744b8
android.widget.FrameLayout@40574ca0
android.widget.TextView: Restaurant Finder
android.widget.FrameLayout@40575c88
android.widget.RelativeLayout@40576140
android.widget.TextView: Loading my location...
android.widget.TextView: No contents.
android.widget.LinearLayout@40577030
com.google.ads.AdView@40579388
g@4057b818
android.widget.ListView@40577300
android.widget.LinearLayout@4052c6b8
android.widget.LinearLayout@405857f0
android.widget.TextView: Magdaleno's Restaurant
android.widget.LinearLayout@4053a340
android.widget.TextView: (214) 596-0161
android.widget.TextView: 8.35 Km
android.widget.TextView: 1112 East Shady Grove Road Irving, TX
android.widget.LinearLayout@40555700
android.widget.LinearLayout@40572378
android.widget.TextView: La Potosina
android.widget.LinearLayout@40595408
android.widget.TextView: (214) 630-1650
android.widget.TextView: 8.39 Km
android.widget.TextView: 5302 Singleton Boulevard Dallas, TX
android.widget.LinearLayout@405b3b30
android.widget.LinearLayout@405b46c0
android.widget.TextView: Loyd's Old Fashion Burgers
android.widget.LinearLayout@40627900
android.widget.TextView: (214) 678-0016
android.widget.TextView: 8.71 Km
android.widget.TextView: 5723 Singleton Boulevard Dallas, TX
android.widget.LinearLayout@4052e2d0
android.widget.LinearLayout@40579d00
android.widget.TextView: Burger King
android.widget.LinearLayout@4059ce08
android.widget.TextView: (866) 394-2493
android.widget.TextView: 8.79 Km
android.widget.TextView: 5903 Singleton Boulevard Dallas, TX
android.widget.LinearLayout@40521488
android.widget.LinearLayout@405471e8
android.widget.TextView: Pollo Campero
android.widget.LinearLayout@40554b88
android.widget.TextView: (214) 819-5334
android.widget.TextView: 8.84 Km
android.widget.TextView: 1703 North Cockrell Hill Road Dallas, TX
android.widget.LinearLayout@40636040
android.widget.LinearLayout@40636258
android.widget.TextView: Big State Drug
android.widget.LinearLayout@40636910
android.widget.TextView: (972) 254-1521
android.widget.TextView: 8.86 Km
android.widget.TextView: 100 East Irving Boulevard Irving, TX
android.widget.LinearLayout@405744b8
android.widget.FrameLayout@40574ca0
android.widget.TextView: Restaurant Finder
android.widget.FrameLayout@40575c88
android.widget.RelativeLayout@40576140
android.widget.TextView: Loading my location...
android.widget.TextView: No contents.
android.widget.LinearLayout@40577030
com.google.ads.AdView@40579388
g@4057b818
android.widget.ListView@40577300
android.widget.LinearLayout@40636040
android.widget.LinearLayout@40636258
android.widget.TextView: Big State Drug
android.widget.LinearLayout@40636910
android.widget.TextView: (972) 254-1521
android.widget.TextView: 8.86 Km
android.widget.TextView: 100 East Irving Boulevard Irving, TX
android.widget.LinearLayout@40634270
android.widget.LinearLayout@40634488
android.widget.TextView: Villa's Grill
android.widget.LinearLayout@40634b70
android.widget.TextView: (972) 259-2939
android.widget.TextView: 8.91 Km
android.widget.TextView: 137 South Main Street Irving, TX
android.widget.LinearLayout@406324d0
android.widget.LinearLayout@406326e8
android.widget.TextView: Jack in the Box - Irving, TX
android.widget.LinearLayout@40632da0
android.widget.TextView: (972) 254-6504
android.widget.TextView: 8.98 Km
android.widget.TextView: 502 N O Connor Rd Irving, TX
android.widget.LinearLayout@40630700
android.widget.LinearLayout@40630918
android.widget.TextView: Danal's Mexican Restaurant
android.widget.LinearLayout@40631000
android.widget.TextView: (972) 254-2666
android.widget.TextView: 8.98 Km
android.widget.TextView: 508 N O Connor Rd Irving, TX
android.widget.LinearLayout@40627e18
android.widget.LinearLayout@40628030
android.widget.TextView: McDonald's
android.widget.LinearLayout@406286e8
android.widget.TextView: (972) 253-4492
android.widget.TextView: 9.14 Km
android.widget.TextView: 302 West Irving Boulevard Irving, TX
android.widget.LinearLayout@40626048
android.widget.LinearLayout@40626260
android.widget.TextView: Golden Corral
android.widget.LinearLayout@40626918
android.widget.TextView: (214) 339-5799
android.widget.TextView: 9.22 Km
android.widget.TextView: 1540 North Cockrell Hill Road Dallas, TX
android.widget.LinearLayout@405744b8
android.widget.FrameLayout@40574ca0
android.widget.TextView: Restaurant Finder
android.widget.FrameLayout@40575c88
android.widget.RelativeLayout@40576140
android.widget.TextView: Loading my location...
android.widget.TextView: No contents.
android.widget.LinearLayout@40577030
com.google.ads.AdView@40579388
g@4057b818
android.widget.ListView@40577300
android.widget.LinearLayout@406324d0
android.widget.LinearLayout@406326e8
android.widget.TextView: Jack in the Box - Irving, TX
android.widget.LinearLayout@40632da0
android.widget.TextView: (972) 254-6504
android.widget.TextView: 8.98 Km
android.widget.TextView: 502 N O Connor Rd Irving, TX
android.widget.LinearLayout@40630700
android.widget.LinearLayout@40630918
android.widget.TextView: Danal's Mexican Restaurant
android.widget.LinearLayout@40631000
android.widget.TextView: (972) 254-2666
android.widget.TextView: 8.98 Km
android.widget.TextView: 508 N O Connor Rd Irving, TX
android.widget.LinearLayout@40627e18
android.widget.LinearLayout@40628030
android.widget.TextView: McDonald's
android.widget.LinearLayout@406286e8
android.widget.TextView: (972) 253-4492
android.widget.TextView: 9.14 Km
android.widget.TextView: 302 West Irving Boulevard Irving, TX
android.widget.LinearLayout@40626048
android.widget.LinearLayout@40626260
android.widget.TextView: Golden Corral
android.widget.LinearLayout@40626918
android.widget.TextView: (214) 339-5799
android.widget.TextView: 9.22 Km
android.widget.TextView: 1540 North Cockrell Hill Road Dallas, TX
android.widget.LinearLayout@4052c6b8
android.widget.LinearLayout@405857f0
android.widget.TextView: Shady Grove Wings
android.widget.LinearLayout@4053a340
android.widget.TextView: (972) 253-4023
android.widget.TextView: 9.5 Km
android.widget.TextView: 109 West Shady Grove Road Irving, TX
android.widget.LinearLayout@40555700
android.widget.LinearLayout@40572378
android.widget.TextView: Taco Bell
android.widget.LinearLayout@40595408
android.widget.TextView: (972) 259-4110
android.widget.TextView: 10.46 Km
android.widget.TextView: 1022 West Shady Grove Road Irving, TX
