android.widget.LinearLayout@405ffd28
android.widget.FrameLayout@4057b450
android.widget.TextView: Hospitals Near Me FREE
android.widget.FrameLayout@4057d200
android.widget.LinearLayout@40695380
android.widget.ListView@406483d0
android.widget.LinearLayout@40543810
android.widget.ImageView@40543ca8
android.widget.TextView: 2.8 mi
android.widget.TableLayout@405448e0
android.widget.TableRow@40548b80
android.widget.TextView: Johns Hopkins Bayview Medical Center
android.widget.TableRow@405495c8
android.widget.TextView: Address , City
android.widget.TableRow@40549e80
android.widget.TextView: Phone Number
android.widget.LinearLayout@40686cf0
android.widget.ImageView@40686f08
android.widget.TextView: 4.1 mi
android.widget.TableLayout@406875d8
android.widget.TableRow@40687ab0
android.widget.TextView: Church Hospital Corporation
android.widget.TableRow@40646538
android.widget.TextView: Address , City
android.widget.TableRow@40646d58
android.widget.TextView: Phone Number
android.widget.LinearLayout@40647d68
android.widget.ImageView@40647f80
android.widget.TextView: 4.2 mi
android.widget.TableLayout@4066bb68
android.widget.TableRow@4066bff8
android.widget.TextView: Johns Hopkins Hospital
android.widget.TableRow@4066c818
android.widget.TextView: Address , City
android.widget.TableRow@4066d038
android.widget.TextView: Phone Number
android.widget.LinearLayout@4053eb88
android.widget.ImageView@4053eda0
android.widget.TextView: 4.4 mi
android.widget.TableLayout@4053f470
android.widget.TableRow@4053f948
android.widget.TextView: Kennedy Krieger Institute
android.widget.TableRow@40540168
android.widget.TextView: Address , City
android.widget.TableRow@4059a880
android.widget.TextView: Phone Number
android.widget.LinearLayout@4059b980
android.widget.ImageView@4059bb98
android.widget.TextView: 4.4 mi
android.widget.TableLayout@405a0730
android.widget.TableRow@405a0b08
android.widget.TextView: University Specialty Hospital
android.widget.TableRow@405a1328
android.widget.TextView: Address , City
android.widget.TableRow@405a1b48
android.widget.TextView: Phone Number
android.widget.LinearLayout@405b3a08
android.widget.ImageView@405b3c20
android.widget.TextView: 5.0 mi
android.widget.TableLayout@405b42f0
android.widget.TableRow@405b47c8
android.widget.TextView: Maryland Penitentary Hospital
android.widget.TableRow@405b4fe8
android.widget.TextView: Address , City
android.widget.TableRow@405bde88
android.widget.TextView: Phone Number
android.widget.TextView: Loading data
android.widget.LinearLayout@405ffd28
android.widget.FrameLayout@4057b450
android.widget.TextView: Hospitals Near Me FREE
android.widget.FrameLayout@4057d200
android.widget.LinearLayout@40695380
android.widget.ListView@406483d0
android.widget.LinearLayout@405b3a08
android.widget.ImageView@405b3c20
android.widget.TextView: 5.0 mi
android.widget.TableLayout@405b42f0
android.widget.TableRow@405b47c8
android.widget.TextView: Maryland Penitentary Hospital
android.widget.TableRow@405b4fe8
android.widget.TextView: Address , City
android.widget.TableRow@405bde88
android.widget.TextView: Phone Number
android.widget.LinearLayout@40643698
android.widget.ImageView@406438b0
android.widget.TextView: 5.1 mi
android.widget.TableLayout@40643f70
android.widget.TableRow@40644448
android.widget.TextView: University of Maryland Medical Center
android.widget.TableRow@40644c58
android.widget.TextView: Address , City
android.widget.TableRow@40645478
android.widget.TextView: Phone Number
android.widget.LinearLayout@4063fd58
android.widget.ImageView@4063ff70
android.widget.TextView: 5.1 mi
android.widget.TableLayout@40640630
android.widget.TableRow@40640b08
android.widget.TextView: Veterans Affairs Maryland Health Care System-Baltimore Division
android.widget.TableRow@40641328
android.widget.TextView: Address , City
android.widget.TableRow@40641b48
android.widget.TextView: Phone Number
android.widget.LinearLayout@40642b60
android.widget.ImageView@40642d78
android.widget.TextView: 5.4 mi
android.widget.TableLayout@40690e18
android.widget.TableRow@406912f0
android.widget.TextView: Maryland General Hospital
android.widget.TableRow@40691b10
android.widget.TextView: Address , City
android.widget.TableRow@40692330
android.widget.TextView: Phone Number
android.widget.LinearLayout@40693370
android.widget.ImageView@40693588
android.widget.TextView: 6.2 mi
android.widget.TableLayout@40693c58
android.widget.TableRow@40694130
android.widget.TextView: Bon Secours Baltimore Health System
android.widget.TableRow@40596488
android.widget.TextView: Address , City
android.widget.TableRow@40596ca8
android.widget.TextView: Phone Number
android.widget.LinearLayout@40597d08
android.widget.ImageView@40597f20
android.widget.TextView: 6.7 mi
android.widget.TableLayout@405985f0
android.widget.TableRow@40598ac8
android.widget.TextView: Montebello Rehabilitation Hospital-University of Maryland Medical System
android.widget.TableRow@405992e8
android.widget.TextView: Address , City
android.widget.TableRow@40599b08
android.widget.TextView: Phone Number
android.widget.TextView: Loading data
android.widget.LinearLayout@405ffd28
android.widget.FrameLayout@4057b450
android.widget.TextView: Hospitals Near Me FREE
android.widget.FrameLayout@4057d200
android.widget.LinearLayout@40695380
android.widget.ListView@406483d0
android.widget.LinearLayout@40597d08
android.widget.ImageView@40597f20
android.widget.TextView: 6.7 mi
android.widget.TableLayout@405985f0
android.widget.TableRow@40598ac8
android.widget.TextView: Montebello Rehabilitation Hospital-University of Maryland Medical System
android.widget.TableRow@405992e8
android.widget.TextView: Address , City
android.widget.TableRow@40599b08
android.widget.TextView: Phone Number
android.widget.LinearLayout@40543810
android.widget.ImageView@40543ca8
android.widget.TextView: 6.9 mi
android.widget.TableLayout@405448e0
android.widget.TableRow@40548b80
android.widget.TextView: Union Memorial Hospital
android.widget.TableRow@405495c8
android.widget.TextView: Address , City
android.widget.TableRow@40549e80
android.widget.TextView: Phone Number
android.widget.LinearLayout@40686cf0
android.widget.ImageView@40686f08
android.widget.TextView: 7.0 mi
android.widget.TableLayout@406875d8
android.widget.TableRow@40687ab0
android.widget.TextView: St. Agnes Hospital
android.widget.TableRow@40646538
android.widget.TextView: Address , City
android.widget.TableRow@40646d58
android.widget.TextView: Phone Number
android.widget.LinearLayout@40647d68
android.widget.ImageView@40647f80
android.widget.TextView: 7.8 mi
android.widget.TableLayout@4066bb68
android.widget.TableRow@4066bff8
android.widget.TextView: Liberty Medical Center
android.widget.TableRow@4066c818
android.widget.TextView: Address , City
android.widget.TableRow@4066d038
android.widget.TextView: Phone Number
android.widget.LinearLayout@4053eb88
android.widget.ImageView@4053eda0
android.widget.TextView: 7.9 mi
android.widget.TableLayout@4053f470
android.widget.TableRow@4053f948
android.widget.TextView: Franklin Square Hospital Center
android.widget.TableRow@40540168
android.widget.TextView: Address , City
android.widget.TableRow@4059a880
android.widget.TextView: Phone Number
android.widget.LinearLayout@4059b980
android.widget.ImageView@4059bb98
android.widget.TextView: 8.0 mi
android.widget.TableLayout@405a0730
android.widget.TableRow@405a0b08
android.widget.TextView: Good Samaritan Hospital of Maryland
android.widget.TableRow@405a1328
android.widget.TextView: Address , City
android.widget.TableRow@405a1b48
android.widget.TextView: Phone Number
android.widget.TextView: Loading data
android.widget.LinearLayout@405ffd28
android.widget.FrameLayout@4057b450
android.widget.TextView: Hospitals Near Me FREE
android.widget.FrameLayout@4057d200
android.widget.LinearLayout@40695380
android.widget.ListView@406483d0
android.widget.LinearLayout@4059b980
android.widget.ImageView@4059bb98
android.widget.TextView: 8.0 mi
android.widget.TableLayout@405a0730
android.widget.TableRow@405a0b08
android.widget.TextView: Good Samaritan Hospital of Maryland
android.widget.TableRow@405a1328
android.widget.TextView: Address , City
android.widget.TableRow@405a1b48
android.widget.TextView: Phone Number
android.widget.LinearLayout@405b3a08
android.widget.ImageView@405b3c20
android.widget.TextView: 8.5 mi
android.widget.TableLayout@405b42f0
android.widget.TableRow@405b47c8
android.widget.TextView: Gundry-Glass Hospital
android.widget.TableRow@405b4fe8
android.widget.TextView: Address , City
android.widget.TableRow@405bde88
android.widget.TextView: Phone Number
android.widget.LinearLayout@40643698
android.widget.ImageView@406438b0
android.widget.TextView: 8.5 mi
android.widget.TableLayout@40643f70
android.widget.TableRow@40644448
android.widget.TextView: The New Children's Hospital
android.widget.TableRow@40644c58
android.widget.TextView: Address , City
android.widget.TableRow@40645478
android.widget.TextView: Phone Number
android.widget.LinearLayout@4063fd58
android.widget.ImageView@4063ff70
android.widget.TextView: 8.6 mi
android.widget.TableLayout@40640630
android.widget.TableRow@40640b08
android.widget.TextView: Regional Institute for Children
android.widget.TableRow@40641328
android.widget.TextView: Address , City
android.widget.TableRow@40641b48
android.widget.TextView: Phone Number
android.widget.LinearLayout@40642b60
android.widget.ImageView@40642d78
android.widget.TextView: 8.6 mi
android.widget.TableLayout@40690e18
android.widget.TableRow@406912f0
android.widget.TextView: Baltimore Washington Medical Center
android.widget.TableRow@40691b10
android.widget.TextView: Address , City
android.widget.TableRow@40692330
android.widget.TextView: Phone Number
android.widget.LinearLayout@40693370
android.widget.ImageView@40693588
android.widget.TextView: 9.7 mi
android.widget.TableLayout@40693c58
android.widget.TableRow@40694130
android.widget.TextView: Spring Grove Hospital Center
android.widget.TableRow@40596488
android.widget.TextView: Address , City
android.widget.TableRow@40596ca8
android.widget.TextView: Phone Number
android.widget.TextView: Loading data
android.widget.LinearLayout@405ffd28
android.widget.FrameLayout@4057b450
android.widget.TextView: Hospitals Near Me FREE
android.widget.FrameLayout@4057d200
android.widget.LinearLayout@40695380
android.widget.ListView@406483d0
android.widget.LinearLayout@4063fd58
android.widget.ImageView@4063ff70
android.widget.TextView: 8.6 mi
android.widget.TableLayout@40640630
android.widget.TableRow@40640b08
android.widget.TextView: Regional Institute for Children
android.widget.TableRow@40641328
android.widget.TextView: Address , City
android.widget.TableRow@40641b48
android.widget.TextView: Phone Number
android.widget.LinearLayout@40642b60
android.widget.ImageView@40642d78
android.widget.TextView: 8.6 mi
android.widget.TableLayout@40690e18
android.widget.TableRow@406912f0
android.widget.TextView: Baltimore Washington Medical Center
android.widget.TableRow@40691b10
android.widget.TextView: Address , City
android.widget.TableRow@40692330
android.widget.TextView: Phone Number
android.widget.LinearLayout@40693370
android.widget.ImageView@40693588
android.widget.TextView: 9.7 mi
android.widget.TableLayout@40693c58
android.widget.TableRow@40694130
android.widget.TextView: Spring Grove Hospital Center
android.widget.TableRow@40596488
android.widget.TextView: Address , City
android.widget.TableRow@40596ca8
android.widget.TextView: Phone Number
android.widget.LinearLayout@40597d08
android.widget.ImageView@40597f20
android.widget.TextView: 9.7 mi
android.widget.TableLayout@405985f0
android.widget.TableRow@40598ac8
android.widget.TextView: Levindale Hebrew Geriatric Center and Hospital
android.widget.TableRow@405992e8
android.widget.TextView: Address , City
android.widget.TableRow@40599b08
android.widget.TextView: Phone Number
android.widget.LinearLayout@40543810
android.widget.ImageView@40543ca8
android.widget.TextView: 9.7 mi
android.widget.TableLayout@405448e0
android.widget.TableRow@40548b80
android.widget.TextView: Sinai Hospital of Baltimore
android.widget.TableRow@405495c8
android.widget.TextView: Address , City
android.widget.TableRow@40549e80
android.widget.TextView: Phone Number
android.widget.LinearLayout@40686cf0
android.widget.ImageView@40686f08
android.widget.TextView: 9.8 mi
android.widget.TableLayout@406875d8
android.widget.TableRow@40687ab0
android.widget.TextView: Mt. Washington Pediatric Hospital
android.widget.TableRow@40646538
android.widget.TextView: Address , City
android.widget.TableRow@40646d58
android.widget.TextView: Phone Number
android.widget.TextView: Loading data
