android.widget.FrameLayout@405cce90
android.widget.RelativeLayout@405bed18
android.widget.LinearLayout@405f9aa8
android.view.View@406eb350
android.widget.RelativeLayout@4071a000
android.widget.TextView: Regular
android.view.View@406a42d0
android.view.View@406eafa8
android.widget.RelativeLayout@406ac260
android.widget.TextView: Midgrade
android.view.View@40515ff0
android.view.View@406eb0f0
android.widget.RelativeLayout@406c27a0
android.widget.TextView: Premium
android.view.View@406cc820
android.view.View@406eb220
android.widget.RelativeLayout@406cc9e8
android.widget.TextView: Diesel
android.view.View@406e7d48
android.view.View@406ee438
android.view.View@405e5a90
android.widget.LinearLayout@40559e60
android.widget.RelativeLayout@40588188
android.widget.ImageView@40643570
android.widget.TextView: Reload
android.widget.RelativeLayout@406b7da0
android.widget.ImageView@406b9270
android.widget.TextView: Sort By Price
android.widget.RelativeLayout@406b9bb0
android.widget.ImageView@4060ec58
android.widget.TextView: Map View
android.view.View@406bad98
gbis.gbandroid.views.layouts.CustomListView@405cdc48
android.widget.RelativeLayout@4071bea0
com.google.ads.AdView@40728280
android.gesture.GestureOverlayView@405f3e60
android.widget.FrameLayout@4072b888
com.google.ads.internal.AdWebView@405149f8
android.widget.TableLayout@406c6d78
android.widget.TableRow@406c7728
android.widget.RelativeLayout@406ca8b8
android.widget.RelativeLayout@406cd068
android.widget.TextView: 3.89
android.widget.TextView: 9
android.widget.TextView: 21 hours ago
android.widget.TextView: Update
android.widget.RelativeLayout@406d0f20
android.widget.ImageView@406d1340
android.widget.TextView: Sunoco
android.widget.TextView: 44 Elm St & Water St
android.widget.TextView: West Haven, CT
android.widget.TextView: 0.75 mi
android.widget.TableLayout@406e5260
android.widget.TableRow@406e5830
android.widget.RelativeLayout@406e5ef0
android.widget.RelativeLayout@406e84d8
android.widget.TextView: 3.89
android.widget.TextView: 9
android.widget.TextView: 21 hours ago
android.widget.TextView: Update
android.widget.RelativeLayout@406ebf88
android.widget.ImageView@406ec360
android.widget.TextView: CITGO
android.widget.TextView:  62 Elm St & First Ave
android.widget.TextView: West Haven, CT
android.widget.TextView: 0.77 mi
android.widget.TableLayout@4065d4e0
android.widget.TableRow@405b8910
android.widget.RelativeLayout@40700b68
android.widget.RelativeLayout@40703338
android.widget.TextView: --
android.widget.TextView: 9
android.widget.TextView: time
android.widget.TextView: Report Price
android.widget.RelativeLayout@40706d10
android.widget.ImageView@407070e8
android.widget.TextView: Getty
android.widget.TextView: 183 Ella T Grasso Blvd & Kimberly Ave
android.widget.TextView: New Haven, CT
android.widget.TextView: 0.95 mi
android.widget.TableLayout@40717290
android.widget.TableRow@40717860
android.widget.RelativeLayout@40717f20
android.widget.RelativeLayout@407182f8
android.widget.TextView: --
android.widget.TextView: 9
android.widget.TextView: 21 hours ago
android.widget.TextView: Report Price
android.widget.RelativeLayout@4071e500
android.widget.ImageView@4071e8d8
android.widget.TextView: Sunoco
android.widget.TextView: 361 Campbell Ave  & Brown St
android.widget.TextView: West Haven, CT
android.widget.TextView: 1.12 mi
android.widget.TableLayout@406b35e0
android.widget.TableRow@406b3bb0
android.widget.RelativeLayout@4074c2c8
android.widget.RelativeLayout@4074c6a0
android.widget.TextView: 3.87
android.widget.TextView: 9
android.widget.TextView: 23 hours ago
android.widget.TextView: Update
android.widget.RelativeLayout@4074deb0
android.widget.ImageView@4074e288
android.widget.TextView: Citgo
android.widget.TextView: Kimberly Ave & Howard Ave
android.widget.TextView: New Haven, CT
android.widget.TextView: 1.23 mi
android.widget.RelativeLayout@407139b8
android.widget.FrameLayout@405cce90
android.widget.RelativeLayout@405bed18
android.widget.LinearLayout@405f9aa8
android.view.View@406eb350
android.widget.RelativeLayout@4071a000
android.widget.TextView: Regular
android.view.View@406a42d0
android.view.View@406eafa8
android.widget.RelativeLayout@406ac260
android.widget.TextView: Midgrade
android.view.View@40515ff0
android.view.View@406eb0f0
android.widget.RelativeLayout@406c27a0
android.widget.TextView: Premium
android.view.View@406cc820
android.view.View@406eb220
android.widget.RelativeLayout@406cc9e8
android.widget.TextView: Diesel
android.view.View@406e7d48
android.view.View@406ee438
android.view.View@405e5a90
android.widget.LinearLayout@40559e60
android.widget.RelativeLayout@40588188
android.widget.ImageView@40643570
android.widget.TextView: Reload
android.widget.RelativeLayout@406b7da0
android.widget.ImageView@406b9270
android.widget.TextView: Sort By Price
android.widget.RelativeLayout@406b9bb0
android.widget.ImageView@4060ec58
android.widget.TextView: Map View
android.view.View@406bad98
gbis.gbandroid.views.layouts.CustomListView@405cdc48
android.widget.TableLayout@406b35e0
android.widget.TableRow@406b3bb0
android.widget.RelativeLayout@4074c2c8
android.widget.RelativeLayout@4074c6a0
android.widget.TextView: 3.87
android.widget.TextView: 9
android.widget.TextView: 23 hours ago
android.widget.TextView: Update
android.widget.RelativeLayout@4074deb0
android.widget.ImageView@4074e288
android.widget.TextView: Citgo
android.widget.TextView: Kimberly Ave & Howard Ave
android.widget.TextView: New Haven, CT
android.widget.TextView: 1.23 mi
android.widget.TableLayout@40550e20
android.widget.TableRow@406181e0
android.widget.RelativeLayout@4054f720
android.widget.RelativeLayout@4057af68
android.widget.TextView: --
android.widget.TextView: 9
android.widget.TextView: time
android.widget.TextView: Report Price
android.widget.RelativeLayout@40580720
android.widget.ImageView@405540c8
android.widget.TextView: Best Gas
android.widget.TextView: 147 Campbell Ave & Noble St
android.widget.TextView: West Haven, CT
android.widget.TextView: 1.27 mi
android.widget.TableLayout@4057d960
android.widget.TableRow@4063af40
android.widget.RelativeLayout@40583310
android.widget.RelativeLayout@40602b28
android.widget.TextView: --
android.widget.TextView: 9
android.widget.TextView: time
android.widget.TextView: Report Price
android.widget.RelativeLayout@40611458
android.widget.ImageView@405b35d0
android.widget.TextView: Shell
android.widget.TextView: 658 Campbell Ave & Elm St
android.widget.TextView: West Haven, CT
android.widget.TextView: 1.29 mi
android.widget.TableLayout@40580568
android.widget.TableRow@40640280
android.widget.RelativeLayout@40612828
android.widget.RelativeLayout@40615448
android.widget.TextView: 3.99
android.widget.TextView: 9
android.widget.TextView: Mon 6:04 AM
android.widget.TextView: Update
android.widget.RelativeLayout@4061f398
android.widget.ImageView@40682780
android.widget.TextView: Mobil
android.widget.TextView: 200 Sargent Dr & Food Terminal Dr
android.widget.TextView: New Haven, CT
android.widget.TextView: 1.35 mi
android.widget.TableLayout@40584830
android.widget.TableRow@40672db8
android.widget.RelativeLayout@40622388
android.widget.RelativeLayout@4062b500
android.widget.TextView: 3.75
android.widget.TextView: 9
android.widget.TextView: 3 hours ago
android.widget.TextView: Update
android.widget.RelativeLayout@4062e0e8
android.widget.ImageView@406bced0
android.widget.TextView: Hess
android.widget.TextView: 345 Elm St & Savin Ave
android.widget.TextView: West Haven, CT
android.widget.TextView: 1.39 mi
android.widget.RelativeLayout@407139b8
android.widget.FrameLayout@405cce90
android.widget.RelativeLayout@405bed18
android.widget.LinearLayout@405f9aa8
android.view.View@406eb350
android.widget.RelativeLayout@4071a000
android.widget.TextView: Regular
android.view.View@406a42d0
android.view.View@406eafa8
android.widget.RelativeLayout@406ac260
android.widget.TextView: Midgrade
android.view.View@40515ff0
android.view.View@406eb0f0
android.widget.RelativeLayout@406c27a0
android.widget.TextView: Premium
android.view.View@406cc820
android.view.View@406eb220
android.widget.RelativeLayout@406cc9e8
android.widget.TextView: Diesel
android.view.View@406e7d48
android.view.View@406ee438
android.view.View@405e5a90
android.widget.LinearLayout@40559e60
android.widget.RelativeLayout@40588188
android.widget.ImageView@40643570
android.widget.TextView: Reload
android.widget.RelativeLayout@406b7da0
android.widget.ImageView@406b9270
android.widget.TextView: Sort By Price
android.widget.RelativeLayout@406b9bb0
android.widget.ImageView@4060ec58
android.widget.TextView: Map View
android.view.View@406bad98
gbis.gbandroid.views.layouts.CustomListView@405cdc48
android.widget.TableLayout@40584830
android.widget.TableRow@40672db8
android.widget.RelativeLayout@40622388
android.widget.RelativeLayout@4062b500
android.widget.TextView: 3.75
android.widget.TextView: 9
android.widget.TextView: 3 hours ago
android.widget.TextView: Update
android.widget.RelativeLayout@4062e0e8
android.widget.ImageView@406bced0
android.widget.TextView: Hess
android.widget.TextView: 345 Elm St & Savin Ave
android.widget.TextView: West Haven, CT
android.widget.TextView: 1.39 mi
android.widget.TableLayout@406c6d78
android.widget.TableRow@406c7728
android.widget.RelativeLayout@406ca8b8
android.widget.RelativeLayout@406cd068
android.widget.TextView: 3.89
android.widget.TextView: 9
android.widget.TextView: 21 hours ago
android.widget.TextView: Update
android.widget.RelativeLayout@406d0f20
android.widget.ImageView@406d1340
android.widget.TextView: XtraMart
android.widget.TextView: 750 First Ave & I-95 Exit 43
android.widget.TextView: West Haven, CT
android.widget.TextView: 1.39 mi
android.widget.TableLayout@406e5260
android.widget.TableRow@406e5830
android.widget.RelativeLayout@406e5ef0
android.widget.RelativeLayout@406e84d8
android.widget.TextView: 3.79
android.widget.TextView: 9
android.widget.TextView: 3 hours ago
android.widget.TextView: Update
android.widget.RelativeLayout@406ebf88
android.widget.ImageView@406ec360
android.widget.TextView: First Fuel
android.widget.TextView: 810 1st Ave & Spring St
android.widget.TextView: West Haven, CT
android.widget.TextView: 1.52 mi
android.widget.TableLayout@4065d4e0
android.widget.TableRow@405b8910
android.widget.RelativeLayout@40700b68
android.widget.RelativeLayout@40703338
android.widget.TextView: 3.77
android.widget.TextView: 9
android.widget.TextView: 23 hours ago
android.widget.TextView: Update
android.widget.RelativeLayout@40706d10
android.widget.ImageView@407070e8
android.widget.TextView: Valero
android.widget.TextView: 528 Main St & Kelsey Ave
android.widget.TextView: West Haven, CT
android.widget.TextView: 1.6 mi
android.widget.TableLayout@40717290
android.widget.TableRow@40717860
android.widget.RelativeLayout@40717f20
android.widget.RelativeLayout@407182f8
android.widget.TextView: --
android.widget.TextView: 9
android.widget.TextView: 21 hours ago
android.widget.TextView: Report Price
android.widget.RelativeLayout@4071e500
android.widget.ImageView@4071e8d8
android.widget.TextView: Mobil
android.widget.TextView: 273 Saw Mill Rd & Greta St
android.widget.TextView: West Haven, CT
android.widget.TextView: 2.05 mi
android.widget.RelativeLayout@407139b8
android.widget.FrameLayout@405cce90
android.widget.RelativeLayout@405bed18
android.widget.LinearLayout@405f9aa8
android.view.View@406eb350
android.widget.RelativeLayout@4071a000
android.widget.TextView: Regular
android.view.View@406a42d0
android.view.View@406eafa8
android.widget.RelativeLayout@406ac260
android.widget.TextView: Midgrade
android.view.View@40515ff0
android.view.View@406eb0f0
android.widget.RelativeLayout@406c27a0
android.widget.TextView: Premium
android.view.View@406cc820
android.view.View@406eb220
android.widget.RelativeLayout@406cc9e8
android.widget.TextView: Diesel
android.view.View@406e7d48
android.view.View@406ee438
android.view.View@405e5a90
android.widget.LinearLayout@40559e60
android.widget.RelativeLayout@40588188
android.widget.ImageView@40643570
android.widget.TextView: Reload
android.widget.RelativeLayout@406b7da0
android.widget.ImageView@406b9270
android.widget.TextView: Sort By Price
android.widget.RelativeLayout@406b9bb0
android.widget.ImageView@4060ec58
android.widget.TextView: Map View
android.view.View@406bad98
gbis.gbandroid.views.layouts.CustomListView@405cdc48
android.widget.TableLayout@40717290
android.widget.TableRow@40717860
android.widget.RelativeLayout@40717f20
android.widget.RelativeLayout@407182f8
android.widget.TextView: --
android.widget.TextView: 9
android.widget.TextView: 21 hours ago
android.widget.TextView: Report Price
android.widget.RelativeLayout@4071e500
android.widget.ImageView@4071e8d8
android.widget.TextView: Mobil
android.widget.TextView: 273 Saw Mill Rd & Greta St
android.widget.TextView: West Haven, CT
android.widget.TextView: 2.05 mi
android.widget.TableLayout@406b35e0
android.widget.TableRow@406b3bb0
android.widget.RelativeLayout@4074c2c8
android.widget.RelativeLayout@4074c6a0
android.widget.TextView: 3.83
android.widget.TextView: 9
android.widget.TextView: 2 hours ago
android.widget.TextView: Update
android.widget.RelativeLayout@4074deb0
android.widget.ImageView@4074e288
android.widget.TextView: Forbes Premium
android.widget.TextView: 401 Forbes Ave & Woodward Ave
android.widget.TextView: East Haven, CT
android.widget.TextView: 2.06 mi
android.widget.TableLayout@40550e20
android.widget.TableRow@406181e0
android.widget.RelativeLayout@4054f720
android.widget.RelativeLayout@4057af68
android.widget.TextView: --
android.widget.TextView: 9
android.widget.TextView: time
android.widget.TextView: Report Price
android.widget.RelativeLayout@40580720
android.widget.ImageView@405540c8
android.widget.TextView: Mobil
android.widget.TextView: 265 Platt Ave & Jones Hill Rd
android.widget.TextView: West Haven, CT
android.widget.TextView: 2.07 mi
android.widget.TableLayout@4057d960
android.widget.TableRow@4063af40
android.widget.RelativeLayout@40583310
android.widget.RelativeLayout@40602b28
android.widget.TextView: --
android.widget.TextView: 9
android.widget.TextView: time
android.widget.TextView: Report Price
android.widget.RelativeLayout@40611458
android.widget.ImageView@405b35d0
android.widget.TextView: CITGO
android.widget.TextView: 260 Forbes Ave & Fulton 
android.widget.TextView: New Haven, CT
android.widget.TextView: 2.08 mi
android.widget.TableLayout@40580568
android.widget.TableRow@40640280
android.widget.RelativeLayout@40612828
android.widget.RelativeLayout@40615448
android.widget.TextView: --
android.widget.TextView: 9
android.widget.TextView: Mon 6:04 AM
android.widget.TextView: Report Price
android.widget.RelativeLayout@4061f398
android.widget.ImageView@40682780
android.widget.TextView: CITGO
android.widget.TextView: 244 Platt Ave & Jones Hill Rd
android.widget.TextView: West Haven, CT
android.widget.TextView: 2.09 mi
android.widget.RelativeLayout@407139b8
android.widget.FrameLayout@405cce90
android.widget.RelativeLayout@405bed18
android.widget.LinearLayout@405f9aa8
android.view.View@406eb350
android.widget.RelativeLayout@4071a000
android.widget.TextView: Regular
android.view.View@406a42d0
android.view.View@406eafa8
android.widget.RelativeLayout@406ac260
android.widget.TextView: Midgrade
android.view.View@40515ff0
android.view.View@406eb0f0
android.widget.RelativeLayout@406c27a0
android.widget.TextView: Premium
android.view.View@406cc820
android.view.View@406eb220
android.widget.RelativeLayout@406cc9e8
android.widget.TextView: Diesel
android.view.View@406e7d48
android.view.View@406ee438
android.view.View@405e5a90
android.widget.LinearLayout@40559e60
android.widget.RelativeLayout@40588188
android.widget.ImageView@40643570
android.widget.TextView: Reload
android.widget.RelativeLayout@406b7da0
android.widget.ImageView@406b9270
android.widget.TextView: Sort By Price
android.widget.RelativeLayout@406b9bb0
android.widget.ImageView@4060ec58
android.widget.TextView: Map View
android.view.View@406bad98
gbis.gbandroid.views.layouts.CustomListView@405cdc48
android.widget.TableLayout@40580568
android.widget.TableRow@40640280
android.widget.RelativeLayout@40612828
android.widget.RelativeLayout@40615448
android.widget.TextView: --
android.widget.TextView: 9
android.widget.TextView: Mon 6:04 AM
android.widget.TextView: Report Price
android.widget.RelativeLayout@4061f398
android.widget.ImageView@40682780
android.widget.TextView: CITGO
android.widget.TextView: 244 Platt Ave & Jones Hill Rd
android.widget.TextView: West Haven, CT
android.widget.TextView: 2.09 mi
android.widget.TableLayout@40584830
android.widget.TableRow@40672db8
android.widget.RelativeLayout@40622388
android.widget.RelativeLayout@4062b500
android.widget.TextView: --
android.widget.TextView: 9
android.widget.TextView: 3 hours ago
android.widget.TextView: Report Price
android.widget.RelativeLayout@4062e0e8
android.widget.ImageView@406bced0
android.widget.TextView: Shell
android.widget.TextView: 1183 Townsend Ave & I-95
android.widget.TextView: New Haven, CT
android.widget.TextView: 2.11 mi
android.widget.TableLayout@406c6d78
android.widget.TableRow@406c7728
android.widget.RelativeLayout@406ca8b8
android.widget.RelativeLayout@406cd068
android.widget.TextView: 3.77
android.widget.TextView: 9
android.widget.TextView: 10 hours ago
android.widget.TextView: Update
android.widget.RelativeLayout@406d0f20
android.widget.ImageView@406d1340
android.widget.TextView: Mercury
android.widget.TextView: 270 Bostot Post Rd & Campbell Ave
android.widget.TextView: West Haven, CT
android.widget.TextView: 2.12 mi
android.widget.TableLayout@406e5260
android.widget.TableRow@406e5830
android.widget.RelativeLayout@406e5ef0
android.widget.RelativeLayout@406e84d8
android.widget.TextView: 3.75
android.widget.TextView: 9
android.widget.TextView: 10 hours ago
android.widget.TextView: Update
android.widget.RelativeLayout@406ebf88
android.widget.ImageView@406ec360
android.widget.TextView: Best Gas
android.widget.TextView: Orange Ave & Front Ave
android.widget.TextView: West Haven, CT
android.widget.TextView: 2.13 mi
android.widget.TableLayout@4065d4e0
android.widget.TableRow@405b8910
android.widget.RelativeLayout@40700b68
android.widget.RelativeLayout@40703338
android.widget.TextView: --
android.widget.TextView: 9
android.widget.TextView: 23 hours ago
android.widget.TextView: Report Price
android.widget.RelativeLayout@40706d10
android.widget.ImageView@407070e8
android.widget.TextView: D'urso's
android.widget.TextView: 38 Townsend  & Morris Cove Rd
android.widget.TextView: East Haven, CT
android.widget.TextView: 2.17 mi
android.widget.RelativeLayout@407139b8
android.widget.FrameLayout@405cce90
android.widget.RelativeLayout@405bed18
android.widget.LinearLayout@405f9aa8
android.view.View@406eb350
android.widget.RelativeLayout@4071a000
android.widget.TextView: Regular
android.view.View@406a42d0
android.view.View@406eafa8
android.widget.RelativeLayout@406ac260
android.widget.TextView: Midgrade
android.view.View@40515ff0
android.view.View@406eb0f0
android.widget.RelativeLayout@406c27a0
android.widget.TextView: Premium
android.view.View@406cc820
android.view.View@406eb220
android.widget.RelativeLayout@406cc9e8
android.widget.TextView: Diesel
android.view.View@406e7d48
android.view.View@406ee438
android.view.View@405e5a90
android.widget.LinearLayout@40559e60
android.widget.RelativeLayout@40588188
android.widget.ImageView@40643570
android.widget.TextView: Reload
android.widget.RelativeLayout@406b7da0
android.widget.ImageView@406b9270
android.widget.TextView: Sort By Price
android.widget.RelativeLayout@406b9bb0
android.widget.ImageView@4060ec58
android.widget.TextView: Map View
android.view.View@406bad98
gbis.gbandroid.views.layouts.CustomListView@405cdc48
android.widget.TableLayout@4057d960
android.widget.TableRow@4063af40
android.widget.RelativeLayout@40583310
android.widget.RelativeLayout@40602b28
android.widget.TextView: --
android.widget.TextView: 9
android.widget.TextView: 2 hours ago
android.widget.TextView: Report Price
android.widget.RelativeLayout@40611458
android.widget.ImageView@405b35d0
android.widget.TextView: D'urso's
android.widget.TextView: 38 Townsend  & Morris Cove Rd
android.widget.TextView: East Haven, CT
android.widget.TextView: 2.17 mi
android.widget.TableLayout@40550e20
android.widget.TableRow@406181e0
android.widget.RelativeLayout@4054f720
android.widget.RelativeLayout@4057af68
android.widget.TextView: 3.77
android.widget.TextView: 9
android.widget.TextView: 53 minutes ago
android.widget.TextView: Update
android.widget.RelativeLayout@40580720
android.widget.ImageView@405540c8
android.widget.TextView: Shell
android.widget.TextView: 540 Orange Ave & Rockview St
android.widget.TextView: West Haven, CT
android.widget.TextView: 2.31 mi
android.widget.TableLayout@406b35e0
android.widget.TableRow@406b3bb0
android.widget.RelativeLayout@4074c2c8
android.widget.RelativeLayout@4074c6a0
android.widget.TextView: 3.99
android.widget.TextView: 9
android.widget.TextView: Mon 6:07 AM
android.widget.TextView: Update
android.widget.RelativeLayout@4074deb0
android.widget.ImageView@4074e288
android.widget.TextView: Shell
android.widget.TextView: 444 Saw Mill Rd & Hilton Dr
android.widget.TextView: West Haven, CT
android.widget.TextView: 2.43 mi
android.widget.TableLayout@40717290
android.widget.TableRow@40717860
android.widget.RelativeLayout@40717f20
android.widget.RelativeLayout@407182f8
android.widget.TextView: --
android.widget.TextView: 9
android.widget.TextView: 53 minutes ago
android.widget.TextView: Report Price
android.widget.RelativeLayout@4071e500
android.widget.ImageView@4071e8d8
android.widget.TextView: Depalmas
android.widget.TextView: 746 West City Ave & Ardale St
android.widget.TextView: West Haven, CT
android.widget.TextView: 2.51 mi
android.widget.TableLayout@4065d4e0
android.widget.TableRow@405b8910
android.widget.RelativeLayout@40700b68
android.widget.RelativeLayout@40703338
android.widget.TextView: 3.99
android.widget.TextView: 9
android.widget.TextView: 2 hours ago
android.widget.TextView: Update
android.widget.RelativeLayout@40706d10
android.widget.ImageView@407070e8
android.widget.TextView: Sunoco
android.widget.TextView: 80 Frontage Rd & Near I-95  Exit 51
android.widget.TextView: East Haven, CT
android.widget.TextView: 2.62 mi
android.widget.RelativeLayout@407139b8
android.widget.FrameLayout@405cce90
android.widget.RelativeLayout@405bed18
android.widget.LinearLayout@405f9aa8
android.view.View@406eb350
android.widget.RelativeLayout@4071a000
android.widget.TextView: Regular
android.view.View@406a42d0
android.view.View@406eafa8
android.widget.RelativeLayout@406ac260
android.widget.TextView: Midgrade
android.view.View@40515ff0
android.view.View@406eb0f0
android.widget.RelativeLayout@406c27a0
android.widget.TextView: Premium
android.view.View@406cc820
android.view.View@406eb220
android.widget.RelativeLayout@406cc9e8
android.widget.TextView: Diesel
android.view.View@406e7d48
android.view.View@406ee438
android.view.View@405e5a90
android.widget.LinearLayout@40559e60
android.widget.RelativeLayout@40588188
android.widget.ImageView@40643570
android.widget.TextView: Reload
android.widget.RelativeLayout@406b7da0
android.widget.ImageView@406b9270
android.widget.TextView: Sort By Price
android.widget.RelativeLayout@406b9bb0
android.widget.ImageView@4060ec58
android.widget.TextView: Map View
android.view.View@406bad98
gbis.gbandroid.views.layouts.CustomListView@405cdc48
android.widget.TableLayout@4065d4e0
android.widget.TableRow@405b8910
android.widget.RelativeLayout@40700b68
android.widget.RelativeLayout@40703338
android.widget.TextView: 3.99
android.widget.TextView: 9
android.widget.TextView: 2 hours ago
android.widget.TextView: Update
android.widget.RelativeLayout@40706d10
android.widget.ImageView@407070e8
android.widget.TextView: Sunoco
android.widget.TextView: 80 Frontage Rd & Near I-95  Exit 51
android.widget.TextView: East Haven, CT
android.widget.TextView: 2.62 mi
android.widget.TableLayout@40580568
android.widget.TableRow@40640280
android.widget.RelativeLayout@40612828
android.widget.RelativeLayout@40615448
android.widget.TextView: 3.85
android.widget.TextView: 9
android.widget.TextView: 2 hours ago
android.widget.TextView: Update
android.widget.RelativeLayout@4061f398
android.widget.ImageView@40682780
android.widget.TextView: Power Gas
android.widget.TextView: 1 Whalley Ave & Broadway
android.widget.TextView: New Haven, CT
android.widget.TextView: 2.66 mi
android.widget.TableLayout@40584830
android.widget.TableRow@40672db8
android.widget.RelativeLayout@40622388
android.widget.RelativeLayout@4062b500
android.widget.TextView: --
android.widget.TextView: 9
android.widget.TextView: 3 hours ago
android.widget.TextView: Report Price
android.widget.RelativeLayout@4062e0e8
android.widget.ImageView@406bced0
android.widget.TextView: Frank's Gas & Service
android.widget.TextView: 439 Main St & Pardee Pl
android.widget.TextView: East Haven, CT
android.widget.TextView: 2.7 mi
android.widget.TableLayout@406c6d78
android.widget.TableRow@406c7728
android.widget.RelativeLayout@406ca8b8
android.widget.RelativeLayout@406cd068
android.widget.TextView: 3.75
android.widget.TextView: 9
android.widget.TextView: Mon 11:00 AM
android.widget.TextView: Update
android.widget.RelativeLayout@406d0f20
android.widget.ImageView@406d1340
android.widget.TextView: Mobil
android.widget.TextView: 949 Boston Post Rd & Farwell St
android.widget.TextView: West Haven, CT
android.widget.TextView: 2.7 mi
android.widget.TableLayout@406e5260
android.widget.TableRow@406e5830
android.widget.RelativeLayout@406e5ef0
android.widget.RelativeLayout@406e84d8
android.widget.TextView: --
android.widget.TextView: 9
android.widget.TextView: 10 hours ago
android.widget.TextView: Report Price
android.widget.RelativeLayout@406ebf88
android.widget.ImageView@406ec360
android.widget.TextView: Sunoco
android.widget.TextView: 61 Chapel St & Ferry St
android.widget.TextView: New Haven, CT
android.widget.TextView: 2.73 mi
android.widget.RelativeLayout@407139b8
android.widget.FrameLayout@405cce90
android.widget.RelativeLayout@405bed18
android.widget.LinearLayout@405f9aa8
android.view.View@406eb350
android.widget.RelativeLayout@4071a000
android.widget.TextView: Regular
android.view.View@406a42d0
android.view.View@406eafa8
android.widget.RelativeLayout@406ac260
android.widget.TextView: Midgrade
android.view.View@40515ff0
android.view.View@406eb0f0
android.widget.RelativeLayout@406c27a0
android.widget.TextView: Premium
android.view.View@406cc820
android.view.View@406eb220
android.widget.RelativeLayout@406cc9e8
android.widget.TextView: Diesel
android.view.View@406e7d48
android.view.View@406ee438
android.view.View@405e5a90
android.widget.LinearLayout@40559e60
android.widget.RelativeLayout@40588188
android.widget.ImageView@40643570
android.widget.TextView: Reload
android.widget.RelativeLayout@406b7da0
android.widget.ImageView@406b9270
android.widget.TextView: Sort By Price
android.widget.RelativeLayout@406b9bb0
android.widget.ImageView@4060ec58
android.widget.TextView: Map View
android.view.View@406bad98
gbis.gbandroid.views.layouts.CustomListView@405cdc48
android.widget.TableLayout@406e5260
android.widget.TableRow@406e5830
android.widget.RelativeLayout@406e5ef0
android.widget.RelativeLayout@406e84d8
android.widget.TextView: --
android.widget.TextView: 9
android.widget.TextView: 10 hours ago
android.widget.TextView: Report Price
android.widget.RelativeLayout@406ebf88
android.widget.ImageView@406ec360
android.widget.TextView: Sunoco
android.widget.TextView: 61 Chapel St & Ferry St
android.widget.TextView: New Haven, CT
android.widget.TextView: 2.73 mi
android.widget.TableLayout@4057d960
android.widget.TableRow@4063af40
android.widget.RelativeLayout@40583310
android.widget.RelativeLayout@40602b28
android.widget.TextView: 3.89
android.widget.TextView: 9
android.widget.TextView: 15 hours ago
android.widget.TextView: Update
android.widget.RelativeLayout@40611458
android.widget.ImageView@405b35d0
android.widget.TextView: Hess
android.widget.TextView: 22 Frontage Rd & Kimberly Ave
android.widget.TextView: East Haven, CT
android.widget.TextView: 2.79 mi
android.widget.TableLayout@40550e20
android.widget.TableRow@406181e0
android.widget.RelativeLayout@4054f720
android.widget.RelativeLayout@4057af68
android.widget.TextView: 3.83
android.widget.TextView: 9
android.widget.TextView: 3 hours ago
android.widget.TextView: Update
android.widget.RelativeLayout@40580720
android.widget.ImageView@405540c8
android.widget.TextView: Power Gas
android.widget.TextView: 884 State St & Humphrey St
android.widget.TextView: New Haven, CT
android.widget.TextView: 2.86 mi
android.widget.TableLayout@406b35e0
android.widget.TableRow@406b3bb0
android.widget.RelativeLayout@4074c2c8
android.widget.RelativeLayout@4074c6a0
android.widget.TextView: 3.69
android.widget.TextView: 9
android.widget.TextView: 3 hours ago
android.widget.TextView: Update
android.widget.RelativeLayout@4074deb0
android.widget.ImageView@4074e288
android.widget.TextView: Sam's Club
android.widget.TextView: 2 Boston Post Rd & Meloy Rd
android.widget.TextView: Orange, CT
android.widget.TextView: 2.91 mi
android.widget.TableLayout@40717290
android.widget.TableRow@40717860
android.widget.RelativeLayout@40717f20
android.widget.RelativeLayout@407182f8
android.widget.TextView: 3.99
android.widget.TextView: 9
android.widget.TextView: Mon 2:55 AM
android.widget.TextView: Update
android.widget.RelativeLayout@4071e500
android.widget.ImageView@4071e8d8
android.widget.TextView: Shell
android.widget.TextView: 667 Coe Ave & CT-142
android.widget.TextView: East Haven, CT
android.widget.TextView: 2.94 mi
android.widget.RelativeLayout@407139b8
android.widget.FrameLayout@405cce90
android.widget.RelativeLayout@405bed18
android.widget.LinearLayout@405f9aa8
android.view.View@406eb350
android.widget.RelativeLayout@4071a000
android.widget.TextView: Regular
android.view.View@406a42d0
android.view.View@406eafa8
android.widget.RelativeLayout@406ac260
android.widget.TextView: Midgrade
android.view.View@40515ff0
android.view.View@406eb0f0
android.widget.RelativeLayout@406c27a0
android.widget.TextView: Premium
android.view.View@406cc820
android.view.View@406eb220
android.widget.RelativeLayout@406cc9e8
android.widget.TextView: Diesel
android.view.View@406e7d48
android.view.View@406ee438
android.view.View@405e5a90
android.widget.LinearLayout@40559e60
android.widget.RelativeLayout@40588188
android.widget.ImageView@40643570
android.widget.TextView: Reload
android.widget.RelativeLayout@406b7da0
android.widget.ImageView@406b9270
android.widget.TextView: Sort By Price
android.widget.RelativeLayout@406b9bb0
android.widget.ImageView@4060ec58
android.widget.TextView: Map View
android.view.View@406bad98
gbis.gbandroid.views.layouts.CustomListView@405cdc48
android.widget.TableLayout@40717290
android.widget.TableRow@40717860
android.widget.RelativeLayout@40717f20
android.widget.RelativeLayout@407182f8
android.widget.TextView: 3.99
android.widget.TextView: 9
android.widget.TextView: Mon 2:55 AM
android.widget.TextView: Update
android.widget.RelativeLayout@4071e500
android.widget.ImageView@4071e8d8
android.widget.TextView: Shell
android.widget.TextView: 667 Coe Ave & CT-142
android.widget.TextView: East Haven, CT
android.widget.TextView: 2.94 mi
android.widget.TableLayout@4065d4e0
android.widget.TableRow@405b8910
android.widget.RelativeLayout@40700b68
android.widget.RelativeLayout@40703338
android.widget.TextView: 4.05
android.widget.TextView: 9
android.widget.TextView: 9 hours ago
android.widget.TextView: Update
android.widget.RelativeLayout@40706d10
android.widget.ImageView@407070e8
android.widget.TextView: Mobil
android.widget.TextView: 284 Whalley Ave & Sherman  Ave
android.widget.TextView: New Haven, CT
android.widget.TextView: 3.02 mi
android.widget.TableLayout@40580568
android.widget.TableRow@40640280
android.widget.RelativeLayout@40612828
android.widget.RelativeLayout@40615448
android.widget.TextView: 3.85
android.widget.TextView: 9
android.widget.TextView: 2 hours ago
android.widget.TextView: Update
android.widget.RelativeLayout@4061f398
android.widget.ImageView@40682780
android.widget.TextView: Best Gas
android.widget.TextView: 308 Whalley Ave & Sherman Ave
android.widget.TextView: New Haven, CT
android.widget.TextView: 3.04 mi
android.widget.TableLayout@40584830
android.widget.TableRow@40672db8
android.widget.RelativeLayout@40622388
android.widget.RelativeLayout@4062b500
android.widget.TextView: 3.77
android.widget.TextView: 9
android.widget.TextView: 12 hours ago
android.widget.TextView: Update
android.widget.RelativeLayout@4062e0e8
android.widget.ImageView@406bced0
android.widget.TextView: Stop & Shop
android.widget.TextView: 249 Bull Hill Ln  & Carlsten rd
android.widget.TextView: Orange, CT
android.widget.TextView: 3.05 mi
android.widget.TableLayout@406c6d78
android.widget.TableRow@406c7728
android.widget.RelativeLayout@406ca8b8
android.widget.RelativeLayout@406cd068
android.widget.TextView: 3.99
android.widget.TextView: 9
android.widget.TextView: Mon 2:55 AM
android.widget.TextView: Update
android.widget.RelativeLayout@406d0f20
android.widget.ImageView@406d1340
android.widget.TextView: Valero
android.widget.TextView: 227 Saltonstall Parkway & Sanford 
android.widget.TextView: East Haven, CT
android.widget.TextView: 3.1 mi
android.widget.RelativeLayout@407139b8
android.widget.FrameLayout@405cce90
android.widget.RelativeLayout@405bed18
android.widget.LinearLayout@405f9aa8
android.view.View@406eb350
android.widget.RelativeLayout@4071a000
android.widget.TextView: Regular
android.view.View@406a42d0
android.view.View@406eafa8
android.widget.RelativeLayout@406ac260
android.widget.TextView: Midgrade
android.view.View@40515ff0
android.view.View@406eb0f0
android.widget.RelativeLayout@406c27a0
android.widget.TextView: Premium
android.view.View@406cc820
android.view.View@406eb220
android.widget.RelativeLayout@406cc9e8
android.widget.TextView: Diesel
android.view.View@406e7d48
android.view.View@406ee438
android.view.View@405e5a90
android.widget.LinearLayout@40559e60
android.widget.RelativeLayout@40588188
android.widget.ImageView@40643570
android.widget.TextView: Reload
android.widget.RelativeLayout@406b7da0
android.widget.ImageView@406b9270
android.widget.TextView: Sort By Price
android.widget.RelativeLayout@406b9bb0
android.widget.ImageView@4060ec58
android.widget.TextView: Map View
android.view.View@406bad98
gbis.gbandroid.views.layouts.CustomListView@405cdc48
android.widget.TableLayout@406c6d78
android.widget.TableRow@406c7728
android.widget.RelativeLayout@406ca8b8
android.widget.RelativeLayout@406cd068
android.widget.TextView: 3.99
android.widget.TextView: 9
android.widget.TextView: Mon 2:55 AM
android.widget.TextView: Update
android.widget.RelativeLayout@406d0f20
android.widget.ImageView@406d1340
android.widget.TextView: Valero
android.widget.TextView: 227 Saltonstall Parkway & Sanford 
android.widget.TextView: East Haven, CT
android.widget.TextView: 3.1 mi
android.widget.TableLayout@406e5260
android.widget.TableRow@406e5830
android.widget.RelativeLayout@406e5ef0
android.widget.RelativeLayout@406e84d8
android.widget.TextView: 3.75
android.widget.TextView: 9
android.widget.TextView: 1 hour ago
android.widget.TextView: Update
android.widget.RelativeLayout@406ebf88
android.widget.ImageView@406ec360
android.widget.TextView: Sunoco
android.widget.TextView: 435 Derby Ave & Forest Rd
android.widget.TextView: West Haven, CT
android.widget.TextView: 3.14 mi
android.widget.TableLayout@4057d960
android.widget.TableRow@4063af40
android.widget.RelativeLayout@40583310
android.widget.RelativeLayout@40602b28
android.widget.TextView: 3.95
android.widget.TextView: 9
android.widget.TextView: 9 hours ago
android.widget.TextView: Update
android.widget.RelativeLayout@40611458
android.widget.ImageView@405b35d0
android.widget.TextView: BP
android.widget.TextView: 540 Derby Ave  & Elizabeth St
android.widget.TextView: West Haven, CT
android.widget.TextView: 3.21 mi
android.widget.TableLayout@40550e20
android.widget.TableRow@406181e0
android.widget.RelativeLayout@4054f720
android.widget.RelativeLayout@4057af68
android.widget.TextView: --
android.widget.TextView: 9
android.widget.TextView: 3 hours ago
android.widget.TextView: Report Price
android.widget.RelativeLayout@40580720
android.widget.ImageView@405540c8
android.widget.TextView: Shell
android.widget.TextView: 115 Boston Post Rd & Dogburn Ln
android.widget.TextView: Orange, CT
android.widget.TextView: 3.26 mi
android.widget.TableLayout@406b35e0
android.widget.TableRow@406b3bb0
android.widget.RelativeLayout@4074c2c8
android.widget.RelativeLayout@4074c6a0
android.widget.TextView: 3.77
android.widget.TextView: 9
android.widget.TextView: 12 hours ago
android.widget.TextView: Update
android.widget.RelativeLayout@4074deb0
android.widget.ImageView@4074e288
android.widget.TextView: Cumberland Farms
android.widget.TextView: 151 Boston Post Rd & Lindy st
android.widget.TextView: Orange, CT
android.widget.TextView: 3.32 mi
android.widget.RelativeLayout@407139b8
android.widget.FrameLayout@405cce90
android.widget.RelativeLayout@405bed18
android.widget.LinearLayout@405f9aa8
android.view.View@406eb350
android.widget.RelativeLayout@4071a000
android.widget.TextView: Regular
android.view.View@406a42d0
android.view.View@406eafa8
android.widget.RelativeLayout@406ac260
android.widget.TextView: Midgrade
android.view.View@40515ff0
android.view.View@406eb0f0
android.widget.RelativeLayout@406c27a0
android.widget.TextView: Premium
android.view.View@406cc820
android.view.View@406eb220
android.widget.RelativeLayout@406cc9e8
android.widget.TextView: Diesel
android.view.View@406e7d48
android.view.View@406ee438
android.view.View@405e5a90
android.widget.LinearLayout@40559e60
android.widget.RelativeLayout@40588188
android.widget.ImageView@40643570
android.widget.TextView: Reload
android.widget.RelativeLayout@406b7da0
android.widget.ImageView@406b9270
android.widget.TextView: Sort By Price
android.widget.RelativeLayout@406b9bb0
android.widget.ImageView@4060ec58
android.widget.TextView: Map View
android.view.View@406bad98
gbis.gbandroid.views.layouts.CustomListView@405cdc48
android.widget.TableLayout@40584830
android.widget.TableRow@40672db8
android.widget.RelativeLayout@40622388
android.widget.RelativeLayout@4062b500
android.widget.TextView: 3.77
android.widget.TextView: 9
android.widget.TextView: 12 hours ago
android.widget.TextView: Update
android.widget.RelativeLayout@4062e0e8
android.widget.ImageView@406bced0
android.widget.TextView: Cumberland Farms
android.widget.TextView: 151 Boston Post Rd & Lindy st
android.widget.TextView: Orange, CT
android.widget.TextView: 3.32 mi
android.widget.TableLayout@40580568
android.widget.TableRow@40640280
android.widget.RelativeLayout@40612828
android.widget.RelativeLayout@40615448
android.widget.TextView: 3.83
android.widget.TextView: 9
android.widget.TextView: 3 hours ago
android.widget.TextView: Update
android.widget.RelativeLayout@4061f398
android.widget.ImageView@40682780
android.widget.TextView: Shell
android.widget.TextView: 141 Willow St & Nicoll St
android.widget.TextView: New Haven, CT
android.widget.TextView: 3.36 mi
android.widget.TableLayout@4065d4e0
android.widget.TableRow@405b8910
android.widget.RelativeLayout@40700b68
android.widget.RelativeLayout@40703338
android.widget.TextView: 3.77
android.widget.TextView: 9
android.widget.TextView: 10 hours ago
android.widget.TextView: Update
android.widget.RelativeLayout@40706d10
android.widget.ImageView@407070e8
android.widget.TextView: Gulf
android.widget.TextView: 151 Boston Post Rd & Erving Eagle Pl
android.widget.TextView: Orange, CT
android.widget.TextView: 3.41 mi
android.widget.TableLayout@40717290
android.widget.TableRow@40717860
android.widget.RelativeLayout@40717f20
android.widget.RelativeLayout@407182f8
android.widget.TextView: --
android.widget.TextView: 9
android.widget.TextView: 3 hours ago
android.widget.TextView: Report Price
android.widget.RelativeLayout@4071e500
android.widget.ImageView@4071e8d8
android.widget.TextView: Hess
android.widget.TextView: 1331 State  St & Ferry St
android.widget.TextView: New Haven, CT
android.widget.TextView: 3.48 mi
android.widget.TableLayout@406b35e0
android.widget.TableRow@406b3bb0
android.widget.RelativeLayout@4074c2c8
android.widget.RelativeLayout@4074c6a0
android.widget.TextView: --
android.widget.TextView: 9
android.widget.TextView: 12 hours ago
android.widget.TextView: Report Price
android.widget.RelativeLayout@4074deb0
android.widget.ImageView@4074e288
android.widget.TextView: Mobil
android.widget.TextView: 248 Boston Post Rd & Indian River Rd
android.widget.TextView: Orange, CT
android.widget.TextView: 3.72 mi
android.widget.RelativeLayout@407139b8
android.widget.FrameLayout@405cce90
android.widget.RelativeLayout@405bed18
android.widget.LinearLayout@405f9aa8
android.view.View@406eb350
android.widget.RelativeLayout@4071a000
android.widget.TextView: Regular
android.view.View@406a42d0
android.view.View@406eafa8
android.widget.RelativeLayout@406ac260
android.widget.TextView: Midgrade
android.view.View@40515ff0
android.view.View@406eb0f0
android.widget.RelativeLayout@406c27a0
android.widget.TextView: Premium
android.view.View@406cc820
android.view.View@406eb220
android.widget.RelativeLayout@406cc9e8
android.widget.TextView: Diesel
android.view.View@406e7d48
android.view.View@406ee438
android.view.View@405e5a90
android.widget.LinearLayout@40559e60
android.widget.RelativeLayout@40588188
android.widget.ImageView@40643570
android.widget.TextView: Reload
android.widget.RelativeLayout@406b7da0
android.widget.ImageView@406b9270
android.widget.TextView: Sort By Price
android.widget.RelativeLayout@406b9bb0
android.widget.ImageView@4060ec58
android.widget.TextView: Map View
android.view.View@406bad98
gbis.gbandroid.views.layouts.CustomListView@405cdc48
android.widget.TableLayout@406b35e0
android.widget.TableRow@406b3bb0
android.widget.RelativeLayout@4074c2c8
android.widget.RelativeLayout@4074c6a0
android.widget.TextView: --
android.widget.TextView: 9
android.widget.TextView: 12 hours ago
android.widget.TextView: Report Price
android.widget.RelativeLayout@4074deb0
android.widget.ImageView@4074e288
android.widget.TextView: Mobil
android.widget.TextView: 248 Boston Post Rd & Indian River Rd
android.widget.TextView: Orange, CT
android.widget.TextView: 3.72 mi
android.widget.TableLayout@406c6d78
android.widget.TableRow@406c7728
android.widget.RelativeLayout@406ca8b8
android.widget.RelativeLayout@406cd068
android.widget.TextView: 3.78
android.widget.TextView: 9
android.widget.TextView: 2 hours ago
android.widget.TextView: Update
android.widget.RelativeLayout@406d0f20
android.widget.ImageView@406d1340
android.widget.TextView: Exxon
android.widget.TextView: 775 Whalley Ave & Fitch St
android.widget.TextView: New Haven, CT
android.widget.TextView: 3.8 mi
android.widget.TableLayout@406e5260
android.widget.TableRow@406e5830
android.widget.RelativeLayout@406e5ef0
android.widget.RelativeLayout@406e84d8
android.widget.TextView: 3.76
android.widget.TextView: 9
android.widget.TextView: 2 hours ago
android.widget.TextView: Update
android.widget.RelativeLayout@406ebf88
android.widget.ImageView@406ec360
android.widget.TextView: Irving
android.widget.TextView: 801 Whalley Ave & W Rock Ave
android.widget.TextView: New Haven, CT
android.widget.TextView: 3.85 mi
android.widget.TableLayout@4057d960
android.widget.TableRow@4063af40
android.widget.RelativeLayout@40583310
android.widget.RelativeLayout@40602b28
android.widget.TextView: 3.93
android.widget.TextView: 9
android.widget.TextView: 2 hours ago
android.widget.TextView: Update
android.widget.RelativeLayout@40611458
android.widget.ImageView@405b35d0
android.widget.TextView: Getty
android.widget.TextView: 158 Fitch St & Blake St
android.widget.TextView: New Haven, CT
android.widget.TextView: 3.91 mi
android.widget.TableLayout@40550e20
android.widget.TableRow@406181e0
android.widget.RelativeLayout@4054f720
android.widget.RelativeLayout@4057af68
android.widget.TextView: 3.79
android.widget.TextView: 9
android.widget.TextView: 2 hours ago
android.widget.TextView: Update
android.widget.RelativeLayout@40580720
android.widget.ImageView@405540c8
android.widget.TextView: Aquila Motors
android.widget.TextView: 6 Fountain St & Whalley Ave
android.widget.TextView: New Haven, CT
android.widget.TextView: 3.92 mi
android.widget.RelativeLayout@407139b8
android.widget.FrameLayout@405cce90
android.widget.RelativeLayout@405bed18
android.widget.LinearLayout@405f9aa8
android.view.View@406eb350
android.widget.RelativeLayout@4071a000
android.widget.TextView: Regular
android.view.View@406a42d0
android.view.View@406eafa8
android.widget.RelativeLayout@406ac260
android.widget.TextView: Midgrade
android.view.View@40515ff0
android.view.View@406eb0f0
android.widget.RelativeLayout@406c27a0
android.widget.TextView: Premium
android.view.View@406cc820
android.view.View@406eb220
android.widget.RelativeLayout@406cc9e8
android.widget.TextView: Diesel
android.view.View@406e7d48
android.view.View@406ee438
android.view.View@405e5a90
android.widget.LinearLayout@40559e60
android.widget.RelativeLayout@40588188
android.widget.ImageView@40643570
android.widget.TextView: Reload
android.widget.RelativeLayout@406b7da0
android.widget.ImageView@406b9270
android.widget.TextView: Sort By Price
android.widget.RelativeLayout@406b9bb0
android.widget.ImageView@4060ec58
android.widget.TextView: Map View
android.view.View@406bad98
gbis.gbandroid.views.layouts.CustomListView@405cdc48
android.widget.TableLayout@406c6d78
android.widget.TableRow@406c7728
android.widget.RelativeLayout@406ca8b8
android.widget.RelativeLayout@406cd068
android.widget.TextView: 3.78
android.widget.TextView: 9
android.widget.TextView: 2 hours ago
android.widget.TextView: Update
android.widget.RelativeLayout@406d0f20
android.widget.ImageView@406d1340
android.widget.TextView: Exxon
android.widget.TextView: 775 Whalley Ave & Fitch St
android.widget.TextView: New Haven, CT
android.widget.TextView: 3.8 mi
android.widget.TableLayout@406e5260
android.widget.TableRow@406e5830
android.widget.RelativeLayout@406e5ef0
android.widget.RelativeLayout@406e84d8
android.widget.TextView: 3.76
android.widget.TextView: 9
android.widget.TextView: 2 hours ago
android.widget.TextView: Update
android.widget.RelativeLayout@406ebf88
android.widget.ImageView@406ec360
android.widget.TextView: Irving
android.widget.TextView: 801 Whalley Ave & W Rock Ave
android.widget.TextView: New Haven, CT
android.widget.TextView: 3.85 mi
android.widget.TableLayout@4057d960
android.widget.TableRow@4063af40
android.widget.RelativeLayout@40583310
android.widget.RelativeLayout@40602b28
android.widget.TextView: 3.93
android.widget.TextView: 9
android.widget.TextView: 2 hours ago
android.widget.TextView: Update
android.widget.RelativeLayout@40611458
android.widget.ImageView@405b35d0
android.widget.TextView: Getty
android.widget.TextView: 158 Fitch St & Blake St
android.widget.TextView: New Haven, CT
android.widget.TextView: 3.91 mi
android.widget.TableLayout@40550e20
android.widget.TableRow@406181e0
android.widget.RelativeLayout@4054f720
android.widget.RelativeLayout@4057af68
android.widget.TextView: 3.79
android.widget.TextView: 9
android.widget.TextView: 2 hours ago
android.widget.TextView: Update
android.widget.RelativeLayout@40580720
android.widget.ImageView@405540c8
android.widget.TextView: Aquila Motors
android.widget.TextView: 6 Fountain St & Whalley Ave
android.widget.TextView: New Haven, CT
android.widget.TextView: 3.92 mi
android.widget.TableLayout@40584830
android.widget.TableRow@40672db8
android.widget.RelativeLayout@40622388
android.widget.RelativeLayout@4062b500
android.widget.TextView: --
android.widget.TextView: 9
android.widget.TextView: 12 hours ago
android.widget.TextView: Report Price
android.widget.RelativeLayout@4062e0e8
android.widget.ImageView@406bced0
android.widget.TextView: CITGO
android.widget.TextView: 1585 State St & Albert St
android.widget.TextView: New Haven, CT
android.widget.TextView: 3.92 mi
android.widget.RelativeLayout@407139b8
