Success
	pkg: /data/local/tmp/troyd.apk
Success
apk: /home/micinski/projects/android/troyd-accuweather/location_testing/../bin/../apks/com.accuweather.android.apk
Loaded suite /home/micinski/projects/android/troyd-accuweather/location_testing/../bin/../testcases/com.accuweather.android
Started
I/umd.troyd( 8931): acp.clientlib.AcpAct
D/umd.troyd( 8931): got command clickImg
D/umd.troyd( 8931): click: 2th image
D/umd.troyd( 8931): got command clickImg
D/umd.troyd( 8931): click: 1th image
D/umd.troyd( 8931): got command getViews
D/umd.troyd( 8931): android.widget.FrameLayout@406222c8
D/umd.troyd( 8931): android.widget.RelativeLayout@40622f48
D/umd.troyd( 8931): android.widget.RelativeLayout@406234d8
D/umd.troyd( 8931): com.accuweather.android.view.uicomponents.ActionBar@40624aa8
D/umd.troyd( 8931): android.widget.ImageView@406253f8
D/umd.troyd( 8931): android.widget.ImageButton@40629398
D/umd.troyd( 8931): android.widget.ImageButton@4062a0a0
D/umd.troyd( 8931): com.accuweather.android.view.CardLayout@4058ebc0
D/umd.troyd( 8931): com.accuweather.android.view.CurrentView@4064da90
D/umd.troyd( 8931): android.widget.RelativeLayout@406c7060
D/umd.troyd( 8931): android.widget.LinearLayout@40782f80
D/umd.troyd( 8931): com.accuweather.android.view.uicomponents.SnapHorizontalScrollView@40637ea0
D/umd.troyd( 8931): android.widget.LinearLayout@40667c38
D/umd.troyd( 8931): android.widget.LinearLayout@406c5a60
D/umd.troyd( 8931): android.widget.RelativeLayout@40723ad0
D/umd.troyd( 8931): android.widget.ImageView@40724ae8
D/umd.troyd( 8931): android.widget.ImageView@40739e48
D/umd.troyd( 8931): android.widget.LinearLayout@4075b298
D/umd.troyd( 8931): android.widget.TextView: NOW
D/umd.troyd( 8931): android.widget.TextView: at 4:34 PM
D/umd.troyd( 8931): android.widget.LinearLayout@40789260
D/umd.troyd( 8931): android.widget.TextView: 44°
D/umd.troyd( 8931): android.widget.TextView: F
D/umd.troyd( 8931): android.widget.LinearLayout@40798a60
D/umd.troyd( 8931): android.widget.LinearLayout@407afba0
D/umd.troyd( 8931): android.widget.TextView: RealFeel®
D/umd.troyd( 8931): android.widget.LinearLayout@407b8710
D/umd.troyd( 8931): android.widget.TextView: 36°
D/umd.troyd( 8931): android.widget.TextView: F
D/umd.troyd( 8931): android.widget.LinearLayout@407ba8b8
D/umd.troyd( 8931): android.widget.LinearLayout@407c4660
D/umd.troyd( 8931): android.widget.TextView: 5 PM
D/umd.troyd( 8931): android.widget.TextView: 11/8
D/umd.troyd( 8931): android.widget.ImageView@4063c6f8
D/umd.troyd( 8931): android.widget.TextView: 44°
D/umd.troyd( 8931): android.widget.LinearLayout@4058b7e8
D/umd.troyd( 8931): android.widget.LinearLayout@405ec788
D/umd.troyd( 8931): android.widget.TextView: 6 PM
D/umd.troyd( 8931): android.widget.TextView: 11/8
D/umd.troyd( 8931): android.widget.ImageView@405f20a0
D/umd.troyd( 8931): android.widget.TextView: 44°
D/umd.troyd( 8931): android.widget.LinearLayout@405f2f58
D/umd.troyd( 8931): android.widget.LinearLayout@406490c0
D/umd.troyd( 8931): android.widget.TextView: 7 PM
D/umd.troyd( 8931): android.widget.TextView: 11/8
D/umd.troyd( 8931): android.widget.ImageView@405f96b8
D/umd.troyd( 8931): android.widget.TextView: 43°
D/umd.troyd( 8931): android.widget.LinearLayout@40643f18
D/umd.troyd( 8931): android.widget.LinearLayout@40647100
D/umd.troyd( 8931): android.widget.TextView: 8 PM
D/umd.troyd( 8931): android.widget.TextView: 11/8
D/umd.troyd( 8931): android.widget.ImageView@40652628
D/umd.troyd( 8931): android.widget.TextView: 42°
D/umd.troyd( 8931): android.widget.LinearLayout@40662598
D/umd.troyd( 8931): android.widget.LinearLayout@4066eb70
D/umd.troyd( 8931): android.widget.TextView: 9 PM
D/umd.troyd( 8931): android.widget.TextView: 11/8
D/umd.troyd( 8931): android.widget.ImageView@4067bc40
D/umd.troyd( 8931): android.widget.TextView: 41°
D/umd.troyd( 8931): android.widget.LinearLayout@4067c780
D/umd.troyd( 8931): android.widget.LinearLayout@40689df0
D/umd.troyd( 8931): android.widget.TextView: 10 PM
D/umd.troyd( 8931): android.widget.TextView: 11/8
D/umd.troyd( 8931): android.widget.ImageView@4068d588
D/umd.troyd( 8931): android.widget.TextView: 40°
D/umd.troyd( 8931): android.widget.LinearLayout@4068f9c8
D/umd.troyd( 8931): android.widget.LinearLayout@406a5998
D/umd.troyd( 8931): android.widget.TextView: 11 PM
D/umd.troyd( 8931): android.widget.TextView: 11/8
D/umd.troyd( 8931): android.widget.ImageView@406b24b0
D/umd.troyd( 8931): android.widget.TextView: 39°
D/umd.troyd( 8931): android.widget.LinearLayout@406b78b8
D/umd.troyd( 8931): android.widget.LinearLayout@406c0d58
D/umd.troyd( 8931): android.widget.TextView: 12 AM
D/umd.troyd( 8931): android.widget.TextView: 11/9
D/umd.troyd( 8931): android.widget.ImageView@406ca868
D/umd.troyd( 8931): android.widget.TextView: 39°
D/umd.troyd( 8931): android.widget.LinearLayout@4072d3c8
D/umd.troyd( 8931): android.widget.LinearLayout@407303e0
D/umd.troyd( 8931): android.widget.TextView: 1 AM
D/umd.troyd( 8931): android.widget.TextView: 11/9
D/umd.troyd( 8931): android.widget.ImageView@4073b2a8
D/umd.troyd( 8931): android.widget.TextView: 39°
D/umd.troyd( 8931): android.widget.LinearLayout@4073ebc8
D/umd.troyd( 8931): android.widget.LinearLayout@40740900
D/umd.troyd( 8931): android.widget.TextView: 2 AM
D/umd.troyd( 8931): android.widget.TextView: 11/9
D/umd.troyd( 8931): android.widget.ImageView@40745500
D/umd.troyd( 8931): android.widget.TextView: 38°
D/umd.troyd( 8931): android.widget.LinearLayout@407459e8
D/umd.troyd( 8931): android.widget.LinearLayout@40746d88
D/umd.troyd( 8931): android.widget.TextView: 3 AM
D/umd.troyd( 8931): android.widget.TextView: 11/9
D/umd.troyd( 8931): android.widget.ImageView@4074be70
D/umd.troyd( 8931): android.widget.TextView: 37°
D/umd.troyd( 8931): android.widget.LinearLayout@407527c8
D/umd.troyd( 8931): android.widget.LinearLayout@407555d8
D/umd.troyd( 8931): android.widget.TextView: 4 AM
D/umd.troyd( 8931): android.widget.TextView: 11/9
D/umd.troyd( 8931): android.widget.ImageView@4076d7c8
D/umd.troyd( 8931): android.widget.TextView: 37°
D/umd.troyd( 8931): android.widget.LinearLayout@407799c0
D/umd.troyd( 8931): android.widget.LinearLayout@4077d898
D/umd.troyd( 8931): android.widget.TextView: 5 AM
D/umd.troyd( 8931): android.widget.TextView: 11/9
D/umd.troyd( 8931): android.widget.ImageView@407818f0
D/umd.troyd( 8931): android.widget.TextView: 37°
D/umd.troyd( 8931): android.widget.LinearLayout@40789678
D/umd.troyd( 8931): android.widget.LinearLayout@40797710
D/umd.troyd( 8931): android.widget.TextView: 6 AM
D/umd.troyd( 8931): android.widget.TextView: 11/9
D/umd.troyd( 8931): android.widget.ImageView@4079cb38
D/umd.troyd( 8931): android.widget.TextView: 38°
D/umd.troyd( 8931): android.widget.LinearLayout@407a1458
D/umd.troyd( 8931): android.widget.LinearLayout@407b5ab8
D/umd.troyd( 8931): android.widget.TextView: 7 AM
D/umd.troyd( 8931): android.widget.TextView: 11/9
D/umd.troyd( 8931): android.widget.ImageView@407b6620
D/umd.troyd( 8931): android.widget.TextView: 39°
D/umd.troyd( 8931): android.widget.LinearLayout@4057ce88
D/umd.troyd( 8931): android.widget.LinearLayout@405f5280
D/umd.troyd( 8931): android.widget.TextView: 8 AM
D/umd.troyd( 8931): android.widget.TextView: 11/9
D/umd.troyd( 8931): android.widget.ImageView@40657b60
D/umd.troyd( 8931): android.widget.TextView: 41°
D/umd.troyd( 8931): android.widget.LinearLayout@40672e68
D/umd.troyd( 8931): android.widget.LinearLayout@40745150
D/umd.troyd( 8931): android.widget.TextView: 9 AM
D/umd.troyd( 8931): android.widget.TextView: 11/9
D/umd.troyd( 8931): android.widget.ImageView@4078bd08
D/umd.troyd( 8931): android.widget.TextView: 43°
D/umd.troyd( 8931): android.widget.LinearLayout@4057e200
D/umd.troyd( 8931): android.widget.LinearLayout@40695578
D/umd.troyd( 8931): android.widget.TextView: 10 AM
D/umd.troyd( 8931): android.widget.TextView: 11/9
D/umd.troyd( 8931): android.widget.ImageView@406bc378
D/umd.troyd( 8931): android.widget.TextView: 46°
D/umd.troyd( 8931): android.widget.LinearLayout@406cbe80
D/umd.troyd( 8931): android.widget.LinearLayout@406e9350
D/umd.troyd( 8931): android.widget.TextView: 11 AM
D/umd.troyd( 8931): android.widget.TextView: 11/9
D/umd.troyd( 8931): android.widget.ImageView@407a1bf8
D/umd.troyd( 8931): android.widget.TextView: 48°
D/umd.troyd( 8931): android.widget.LinearLayout@4061e328
D/umd.troyd( 8931): android.widget.LinearLayout@40679cc0
D/umd.troyd( 8931): android.widget.TextView: 12 PM
D/umd.troyd( 8931): android.widget.TextView: 11/9
D/umd.troyd( 8931): android.widget.ImageView@40694808
D/umd.troyd( 8931): android.widget.TextView: 49°
D/umd.troyd( 8931): android.widget.LinearLayout@4069bf60
D/umd.troyd( 8931): android.widget.LinearLayout@406b0728
D/umd.troyd( 8931): android.widget.TextView: 1 PM
D/umd.troyd( 8931): android.widget.TextView: 11/9
D/umd.troyd( 8931): android.widget.ImageView@406c00a8
D/umd.troyd( 8931): android.widget.TextView: 51°
D/umd.troyd( 8931): android.widget.LinearLayout@406c17e0
D/umd.troyd( 8931): android.widget.LinearLayout@406f3d80
D/umd.troyd( 8931): android.widget.TextView: 2 PM
D/umd.troyd( 8931): android.widget.TextView: 11/9
D/umd.troyd( 8931): android.widget.ImageView@4071ab20
D/umd.troyd( 8931): android.widget.TextView: 52°
D/umd.troyd( 8931): android.widget.LinearLayout@40738148
D/umd.troyd( 8931): android.widget.LinearLayout@4073a100
D/umd.troyd( 8931): android.widget.TextView: 3 PM
D/umd.troyd( 8931): android.widget.TextView: 11/9
D/umd.troyd( 8931): android.widget.ImageView@4077daf0
D/umd.troyd( 8931): android.widget.TextView: 53°
D/umd.troyd( 8931): android.widget.LinearLayout@4079fcf0
D/umd.troyd( 8931): android.widget.LinearLayout@407bdff8
D/umd.troyd( 8931): android.widget.TextView: 4 PM
D/umd.troyd( 8931): android.widget.TextView: 11/9
D/umd.troyd( 8931): android.widget.ImageView@40596d98
D/umd.troyd( 8931): android.widget.TextView: 53°
D/umd.troyd( 8931): android.widget.LinearLayout@40679798
D/umd.troyd( 8931): android.widget.LinearLayout@4068dcd0
D/umd.troyd( 8931): android.widget.TextView: 50
D/umd.troyd( 8931): android.widget.TextView: 40
D/umd.troyd( 8931): android.widget.TextView: 30
D/umd.troyd( 8931): android.widget.TextView: 20
D/umd.troyd( 8931): android.widget.HorizontalScrollView@407a0568
D/umd.troyd( 8931): android.widget.LinearLayout@40571108
D/umd.troyd( 8931): com.accuweather.android.view.uicomponents.GraphView@40675170
D/umd.troyd( 8931): android.widget.LinearLayout@406cc068
D/umd.troyd( 8931): android.widget.LinearLayout@40741eb0
D/umd.troyd( 8931): android.widget.TextView: Cloudy
D/umd.troyd( 8931): android.widget.LinearLayout@407a4a18
D/umd.troyd( 8931): android.widget.TableLayout@407b1c48
D/umd.troyd( 8931): android.widget.TableRow@407bb560
D/umd.troyd( 8931): android.widget.TextView: Humidity
D/umd.troyd( 8931): android.widget.TextView: 53%
D/umd.troyd( 8931): android.widget.TableRow@4063b858
D/umd.troyd( 8931): android.widget.TextView: Visibility
D/umd.troyd( 8931): android.widget.TextView: 10 mi
D/umd.troyd( 8931): android.widget.TableRow@40668760
D/umd.troyd( 8931): android.widget.TextView: UV Index
D/umd.troyd( 8931): android.widget.TextView: Low
D/umd.troyd( 8931): android.widget.TableRow@406afa70
D/umd.troyd( 8931): android.widget.TextView: Sunrise
D/umd.troyd( 8931): android.widget.TextView: 6:35 AM
D/umd.troyd( 8931): android.widget.TableRow@4079c880
D/umd.troyd( 8931): android.widget.TextView: Sunset
D/umd.troyd( 8931): android.widget.TextView: 4:44 PM
D/umd.troyd( 8931): android.widget.LinearLayout@40649308
D/umd.troyd( 8931): android.widget.RelativeLayout@4072bee8
D/umd.troyd( 8931): android.widget.ImageView@40744b38
D/umd.troyd( 8931): android.widget.TextView: N
D/umd.troyd( 8931): com.accuweather.android.view.uicomponents.DialView@405762b8
D/umd.troyd( 8931): android.widget.TextView: WIND
D/umd.troyd( 8931): android.widget.TableLayout@405f0830
D/umd.troyd( 8931): android.widget.TableRow@40600b80
D/umd.troyd( 8931): android.widget.TextView: Speed
D/umd.troyd( 8931): android.widget.TextView: 12 mph
D/umd.troyd( 8931): android.widget.TableRow@40603238
D/umd.troyd( 8931): android.widget.TextView: Gusts
D/umd.troyd( 8931): android.widget.TextView: 12 mph
D/umd.troyd( 8931): android.widget.LinearLayout@40651130
D/umd.troyd( 8931): android.widget.LinearLayout@40681880
D/umd.troyd( 8931): android.widget.TextView: Partly sunny with chance of rain
D/umd.troyd( 8931): android.widget.LinearLayout@4068e830
D/umd.troyd( 8931): android.widget.TableLayout@4060aaa0
D/umd.troyd( 8931): android.widget.TableRow@4062b7c0
D/umd.troyd( 8931): android.widget.TextView: RealFeel®
D/umd.troyd( 8931): android.widget.TextView: 
D/umd.troyd( 8931): android.widget.TableRow@40643058
D/umd.troyd( 8931): android.widget.TextView: Humidity
D/umd.troyd( 8931): android.widget.TextView: 
D/umd.troyd( 8931): android.widget.TextView: Precipitation
D/umd.troyd( 8931): android.widget.TableLayout@40618f40
D/umd.troyd( 8931): android.widget.TableRow@40656258
D/umd.troyd( 8931): android.widget.TextView: Rain
D/umd.troyd( 8931): android.widget.TextView: 
D/umd.troyd( 8931): android.widget.TableRow@406744d8
D/umd.troyd( 8931): android.widget.TextView: Snow
D/umd.troyd( 8931): android.widget.TextView: 
D/umd.troyd( 8931): android.widget.TableRow@40685668
D/umd.troyd( 8931): android.widget.TextView: Ice
D/umd.troyd( 8931): android.widget.TextView: 
D/umd.troyd( 8931): android.widget.LinearLayout@406bb968
D/umd.troyd( 8931): android.widget.RelativeLayout@4068ed60
D/umd.troyd( 8931): android.widget.ImageView@406ed7b8
D/umd.troyd( 8931): android.widget.TextView: 
D/umd.troyd( 8931): com.accuweather.android.view.uicomponents.DialView@405888f8
D/umd.troyd( 8931): android.widget.TextView: Wind
D/umd.troyd( 8931): android.widget.TableLayout@4065c458
D/umd.troyd( 8931): android.widget.TableRow@406883a0
D/umd.troyd( 8931): android.widget.TextView: Speed
D/umd.troyd( 8931): android.widget.TextView: 
D/umd.troyd( 8931): android.widget.TableRow@4069cd18
D/umd.troyd( 8931): android.widget.TextView: Gusts
D/umd.troyd( 8931): android.widget.TextView: 
D/umd.troyd( 8931): android.widget.LinearLayout@4070e630
D/umd.troyd( 8931): android.widget.ImageView@40724410
D/umd.troyd( 8931): android.widget.ImageView@4073f838
D/umd.troyd( 8931): android.widget.ImageView@40756240
D/umd.troyd( 8931): android.widget.ImageView@40771110
D/umd.troyd( 8931): android.widget.ImageView@40799960
D/umd.troyd( 8931): android.widget.ImageView@407b0ba8
D/umd.troyd( 8931): android.widget.ImageView@406a9120
D/umd.troyd( 8931): com.accuweather.android.view.uicomponents.SlidingIndicator@4057a960
D/umd.troyd( 8931): com.accuweather.android.tabs.TabBarHost@40609ed0
D/umd.troyd( 8931): com.accuweather.android.tabs.TabBar@4061fe90
D/umd.troyd( 8931): android.widget.LinearLayout@40620438
D/umd.troyd( 8931): com.accuweather.android.tabs.TabButton@405ecad0
D/umd.troyd( 8931): com.accuweather.android.tabs.TabButton@40600a28
D/umd.troyd( 8931): com.accuweather.android.tabs.TabButton@406022f0
D/umd.troyd( 8931): com.accuweather.android.tabs.TabButton@405ee578
D/umd.troyd( 8931): android.widget.ImageButton@406209d0
D/umd.troyd( 8931): com.accuweather.android.tabs.TabBarOverflowList@405f1c70
D/umd.troyd( 8931): android.widget.LinearLayout@40612958
D/umd.troyd( 8931): android.widget.LinearLayout@4061d618
D/umd.troyd( 8931): android.widget.ListView@40595980
D/umd.troyd( 8931): com.accuweather.android.view.uicomponents.LocationOverlay@405f6fb0
D/umd.troyd( 8931): android.widget.LinearLayout@4057ae88
D/umd.troyd( 8931): android.widget.ImageView@405f8430
D/umd.troyd( 8931): android.widget.TextView: Breezy Point
D/umd.troyd( 8931): com.accuweather.android.view.uicomponents.ExceptionCheckedViewFlipper@4061d388
D/umd.troyd( 8931): android.widget.LinearLayout@405fd230
D/umd.troyd( 8931): android.widget.LinearLayout@40604d60
D/umd.troyd( 8931): android.widget.ListView@405f8db0
D/umd.troyd( 8931): android.widget.LinearLayout@4060b2f0
D/umd.troyd( 8931): android.widget.Button: Add Location
D/umd.troyd( 8931): android.widget.Button: Favorites
D/umd.troyd( 8931): com.accuweather.android.view.AdView@405a3418
D/umd.troyd( 8931): com.amobee.AmobeeAdPlaceholder@406294e8
D/umd.troyd( 8931): org.ormma.view.OrmmaView@40587538
D/umd.troyd( 8931): com.accuweather.android.view.uicomponents.ExceptionCheckedViewFlipper@4060e850
D/umd.troyd( 8931): android.widget.RelativeLayout@4060cb58
D/umd.troyd( 8931): android.widget.RelativeLayout@4060ced0
D/umd.troyd( 8931): android.widget.RelativeLayout@405e4b68
D/umd.troyd( 8931): android.widget.ImageView@40622420
D/umd.troyd( 8931): com.accuweather.android.view.CardLayout@406226b8
D/umd.troyd( 8931): android.widget.RelativeLayout@40525810
D/umd.troyd( 8931): com.accuweather.android.view.CardLayout@40607eb0
D/umd.troyd( 8931): got command getActivities
D/umd.troyd( 8931): opened: acp.clientlib.AcpAct
D/umd.troyd( 8931): opened: com.accuweather.android.MainActivity
E
Finished in 82.847306 seconds.

  1) Error:
test_Test(TroydTest):
Timeout::Error: execution expired
    /usr/lib/ruby/1.8/timeout.rb:64:in `sync_logcat'
    /home/micinski/projects/android/troyd-accuweather/location_testing/../bin/../testcases/../bin/adb.rb:124:in `cmd'
    /home/micinski/projects/android/troyd-accuweather/location_testing/../bin/../testcases/../bin/cmd.rb:132:in `no_arg'
    /home/micinski/projects/android/troyd-accuweather/location_testing/../bin/../testcases/../bin/cmd.rb:70:in `finish'
    /home/micinski/projects/android/troyd-accuweather/location_testing/../bin/../testcases/com.accuweather.android.rb:59:in `teardown'
    /home/micinski/projects/android/troyd-accuweather/location_testing/../bin/../testcases/com.accuweather.android.rb:57:in `teardown'

1 tests, 0 assertions, 0 failures, 1 errors
Finished in 82.847306 seconds.

  1) Error:
test_Test(TroydTest):
Timeout::Error: execution expired
    /usr/lib/ruby/1.8/timeout.rb:64:in `sync_logcat'
    /home/micinski/projects/android/troyd-accuweather/location_testing/../bin/../testcases/../bin/adb.rb:124:in `cmd'
    /home/micinski/projects/android/troyd-accuweather/location_testing/../bin/../testcases/../bin/cmd.rb:132:in `no_arg'
    /home/micinski/projects/android/troyd-accuweather/location_testing/../bin/../testcases/../bin/cmd.rb:70:in `finish'
    /home/micinski/projects/android/troyd-accuweather/location_testing/../bin/../testcases/com.accuweather.android.rb:59:in `teardown'
    /home/micinski/projects/android/troyd-accuweather/location_testing/../bin/../testcases/com.accuweather.android.rb:57:in `teardown'

1 tests, 0 assertions, 0 failures, 1 errors
here!
opened activities: 2
acp.clientlib.AcpAct
com.accuweather.android.MainActivity

