android.widget.LinearLayout@40572910
android.widget.FrameLayout@405730f8
android.widget.TextView: Restaurant Finder
android.widget.FrameLayout@405740e0
android.widget.RelativeLayout@40574598
android.widget.TextView: Loading my location...
android.widget.TextView: No contents.
android.widget.LinearLayout@40575488
com.google.ads.AdView@405777e0
g@40579c70
android.widget.ListView@40575758
android.widget.LinearLayout@40679d70
android.widget.LinearLayout@40679f88
android.widget.TextView: Panache Cuisine, LLC
android.widget.LinearLayout@4067a640
android.widget.TextView: (410) 760-4800
android.widget.TextView: 0.32 Km
android.widget.TextView: 3501 7th Street Baltimore, MD
android.widget.LinearLayout@40677fd0
android.widget.LinearLayout@406781e8
android.widget.TextView: Ultimate Pizza
android.widget.LinearLayout@406788a0
android.widget.TextView: (410) 350-0123
android.widget.TextView: 0.44 Km
android.widget.TextView: 813 East Patapsco Avenue Baltimore, MD
android.widget.LinearLayout@40676230
android.widget.LinearLayout@40676448
android.widget.TextView: Subway
android.widget.LinearLayout@40676b00
android.widget.TextView: (410) 355-6333
android.widget.TextView: 0.55 Km
android.widget.TextView: 605 East Patapsco Avenue Brooklyn, MD
android.widget.LinearLayout@40674460
android.widget.LinearLayout@40674678
android.widget.TextView: New York Fried Chicken
android.widget.LinearLayout@40674d30
android.widget.TextView: (410) 355-6767
android.widget.TextView: 0.59 Km
android.widget.TextView: 542 East Patapsco Avenue Brooklyn, MD
android.widget.LinearLayout@406726c0
android.widget.LinearLayout@406728d8
android.widget.TextView: Road Runner Pizza
android.widget.LinearLayout@40672f90
android.widget.TextView: (410) 355-5722
android.widget.TextView: 0.79 Km
android.widget.TextView: 402 East Patapsco Avenue Baltimore, MD
android.widget.LinearLayout@406708f0
android.widget.LinearLayout@40670b08
android.widget.TextView: 895 Grill
android.widget.LinearLayout@406711c0
android.widget.TextView: (410) 354-1968
android.widget.TextView: 1.09 Km
android.widget.TextView: 101 Chesapeake Avenue Baltimore, MD
android.widget.LinearLayout@40572910
android.widget.FrameLayout@405730f8
android.widget.TextView: Restaurant Finder
android.widget.FrameLayout@405740e0
android.widget.RelativeLayout@40574598
android.widget.TextView: Loading my location...
android.widget.TextView: No contents.
android.widget.LinearLayout@40575488
com.google.ads.AdView@405777e0
g@40579c70
android.widget.ListView@40575758
android.widget.LinearLayout@406708f0
android.widget.LinearLayout@40670b08
android.widget.TextView: 895 Grill
android.widget.LinearLayout@406711c0
android.widget.TextView: (410) 354-1968
android.widget.TextView: 1.09 Km
android.widget.TextView: 101 Chesapeake Avenue Baltimore, MD
android.widget.LinearLayout@40610b38
android.widget.LinearLayout@40610d50
android.widget.TextView: Peking House
android.widget.LinearLayout@40611408
android.widget.TextView: (410) 355-6322
android.widget.TextView: 1.18 Km
android.widget.TextView: 3606 South Hanover Street Baltimore, MD
android.widget.LinearLayout@406128d8
android.widget.LinearLayout@40612af0
android.widget.TextView: Sharks Tooth
android.widget.LinearLayout@406131a8
android.widget.TextView: (410) 789-2796
android.widget.TextView: 1.35 Km
android.widget.TextView: 401 Highland Ave Baltimore, MD
android.widget.LinearLayout@40614690
android.widget.LinearLayout@406148a8
android.widget.TextView: McDonald's
android.widget.LinearLayout@40614f60
android.widget.TextView: (410) 354-0651
android.widget.TextView: 1.36 Km
android.widget.TextView: 101 West Patapsco Avenue Baltimore, MD
android.widget.LinearLayout@40616448
android.widget.LinearLayout@40616660
android.widget.TextView: Castle
android.widget.LinearLayout@40616d18
android.widget.TextView: (410) 355-2227
android.widget.TextView: 1.37 Km
android.widget.TextView: 3720 Potee Street Baltimore, MD
android.widget.LinearLayout@40618200
android.widget.LinearLayout@40618418
android.widget.TextView: Maynard's Cafe
android.widget.LinearLayout@40618ad0
android.widget.TextView: (410) 355-8924
android.widget.TextView: 1.39 Km
android.widget.TextView: 3916 South Hanover Street Baltimore, MD
android.widget.LinearLayout@40572910
android.widget.FrameLayout@405730f8
android.widget.TextView: Restaurant Finder
android.widget.FrameLayout@405740e0
android.widget.RelativeLayout@40574598
android.widget.TextView: Loading my location...
android.widget.TextView: No contents.
android.widget.LinearLayout@40575488
com.google.ads.AdView@405777e0
g@40579c70
android.widget.ListView@40575758
android.widget.LinearLayout@40618200
android.widget.LinearLayout@40618418
android.widget.TextView: Maynard's Cafe
android.widget.LinearLayout@40618ad0
android.widget.TextView: (410) 355-8924
android.widget.TextView: 1.39 Km
android.widget.TextView: 3916 South Hanover Street Baltimore, MD
android.widget.LinearLayout@40679d70
android.widget.LinearLayout@40679f88
android.widget.TextView: Xclusive Lounge
android.widget.LinearLayout@4067a640
android.widget.TextView: 
android.widget.TextView: 1.55 Km
android.widget.TextView: 4314 Curtis Avenue Curtis Bay, Baltimore, MD
android.widget.LinearLayout@40677fd0
android.widget.LinearLayout@406781e8
android.widget.TextView: Tony's Diner
android.widget.LinearLayout@406788a0
android.widget.TextView: (410) 355-2255
android.widget.TextView: 1.73 Km
android.widget.TextView: 3117 Vera Street Baltimore, MD
android.widget.LinearLayout@40676230
android.widget.LinearLayout@40676448
android.widget.TextView: Papa John's Pizza
android.widget.LinearLayout@40676b00
android.widget.TextView: (410) 850-7272
android.widget.TextView: 2.02 Km
android.widget.TextView: 4809 Ritchie Highway Brooklyn, MD
android.widget.LinearLayout@40674460
android.widget.LinearLayout@40674678
android.widget.TextView: McDonald's
android.widget.LinearLayout@40674d30
android.widget.TextView: (410) 789-5551
android.widget.TextView: 2.18 Km
android.widget.TextView: 5045 Ritchie Highway Brooklyn, MD
android.widget.LinearLayout@406726c0
android.widget.LinearLayout@406728d8
android.widget.TextView: Linda's Steak Subs
android.widget.LinearLayout@40672f90
android.widget.TextView: (410) 636-0566
android.widget.TextView: 2.2 Km
android.widget.TextView: 5014 Ritchie Highway Baltimore, MD
android.widget.LinearLayout@40572910
android.widget.FrameLayout@405730f8
android.widget.TextView: Restaurant Finder
android.widget.FrameLayout@405740e0
android.widget.RelativeLayout@40574598
android.widget.TextView: Loading my location...
android.widget.TextView: No contents.
android.widget.LinearLayout@40575488
com.google.ads.AdView@405777e0
g@40579c70
android.widget.ListView@40575758
android.widget.LinearLayout@406726c0
android.widget.LinearLayout@406728d8
android.widget.TextView: Linda's Steak Subs
android.widget.LinearLayout@40672f90
android.widget.TextView: (410) 636-0566
android.widget.TextView: 2.2 Km
android.widget.TextView: 5014 Ritchie Highway Baltimore, MD
android.widget.LinearLayout@406708f0
android.widget.LinearLayout@40670b08
android.widget.TextView: Popeye's Chicken & Biscuits
android.widget.LinearLayout@406711c0
android.widget.TextView: (410) 789-2264
android.widget.TextView: 2.39 Km
android.widget.TextView: 5317 Ritchie Highway Baltimore, MD
android.widget.LinearLayout@40610b38
android.widget.LinearLayout@40610d50
android.widget.TextView: El Salto Inc
android.widget.LinearLayout@40611408
android.widget.TextView: (410) 789-1621
android.widget.TextView: 2.53 Km
android.widget.TextView: 5513 Ritchie Highway Baltimore, MD
android.widget.LinearLayout@406128d8
android.widget.LinearLayout@40612af0
android.widget.TextView: Domino's Pizza
android.widget.LinearLayout@406131a8
android.widget.TextView: (410) 636-3030
android.widget.TextView: 2.53 Km
android.widget.TextView: 5507 Ritchie Highway Brooklyn Park, MD
android.widget.LinearLayout@40614690
android.widget.LinearLayout@406148a8
android.widget.TextView: Chinawok
android.widget.LinearLayout@40614f60
android.widget.TextView: (410) 354-2669
android.widget.TextView: 2.63 Km
android.widget.TextView: 630 Cherry Hill Road Baltimore, MD
android.widget.LinearLayout@40616448
android.widget.LinearLayout@40616660
android.widget.TextView: Nick's Fish House & Grill
android.widget.LinearLayout@40616d18
android.widget.TextView: (410) 347-4123
android.widget.TextView: 2.88 Km
android.widget.TextView: 2600 Insulator Drive Baltimore, MD
android.widget.LinearLayout@40572910
android.widget.FrameLayout@405730f8
android.widget.TextView: Restaurant Finder
android.widget.FrameLayout@405740e0
android.widget.RelativeLayout@40574598
android.widget.TextView: Loading my location...
android.widget.TextView: No contents.
android.widget.LinearLayout@40575488
com.google.ads.AdView@405777e0
g@40579c70
android.widget.ListView@40575758
android.widget.LinearLayout@40616448
android.widget.LinearLayout@40616660
android.widget.TextView: Nick's Fish House & Grill
android.widget.LinearLayout@40616d18
android.widget.TextView: (410) 347-4123
android.widget.TextView: 2.88 Km
android.widget.TextView: 2600 Insulator Drive Baltimore, MD
android.widget.LinearLayout@40618200
android.widget.LinearLayout@40618418
android.widget.TextView: City Limits
android.widget.LinearLayout@40618ad0
android.widget.TextView: (410) 244-8084
android.widget.TextView: 3.33 Km
android.widget.TextView: 1700 East Fort Avenue Baltimore, MD
android.widget.LinearLayout@40679d70
android.widget.LinearLayout@40679f88
android.widget.TextView: J Patrick's Irish Pub
android.widget.LinearLayout@4067a640
android.widget.TextView: (410) 244-8613
android.widget.TextView: 3.49 Km
android.widget.TextView: 1371 Andre Street Baltimore, MD
android.widget.LinearLayout@40677fd0
android.widget.LinearLayout@406781e8
android.widget.TextView: Miguel's Cocina y Cantina
android.widget.LinearLayout@406788a0
android.widget.TextView: (443) 438-3139
android.widget.TextView: 3.51 Km
android.widget.TextView: 1200 Steuart Street Baltimore, MD
android.widget.LinearLayout@40676230
android.widget.LinearLayout@40676448
android.widget.TextView: L.P. Steamers
android.widget.LinearLayout@40676b00
android.widget.TextView: (410) 576-9294
android.widget.TextView: 3.61 Km
android.widget.TextView: 1100 East Fort Avenue Baltimore, MD
android.widget.LinearLayout@40674460
android.widget.LinearLayout@40674678
android.widget.TextView: Wine Market
android.widget.LinearLayout@40674d30
android.widget.TextView: (410) 244-6166
android.widget.TextView: 3.63 Km
android.widget.TextView: 921 East Fort Avenue Baltimore, MD
android.widget.LinearLayout@40572910
android.widget.FrameLayout@405730f8
android.widget.TextView: Restaurant Finder
android.widget.FrameLayout@405740e0
android.widget.RelativeLayout@40574598
android.widget.TextView: Loading my location...
android.widget.TextView: No contents.
android.widget.LinearLayout@40575488
com.google.ads.AdView@405777e0
g@40579c70
android.widget.ListView@40575758
android.widget.LinearLayout@40674460
android.widget.LinearLayout@40674678
android.widget.TextView: Wine Market
android.widget.LinearLayout@40674d30
android.widget.TextView: (410) 244-6166
android.widget.TextView: 3.63 Km
android.widget.TextView: 921 East Fort Avenue Baltimore, MD
android.widget.LinearLayout@406726c0
android.widget.LinearLayout@406728d8
android.widget.TextView: Baba's Mediterranean Kitchen
android.widget.LinearLayout@40672f90
android.widget.TextView: (410) 727-7482
android.widget.TextView: 3.77 Km
android.widget.TextView: 745 East Fort Avenue Baltimore, MD
android.widget.LinearLayout@406708f0
android.widget.LinearLayout@40670b08
android.widget.TextView: Hull Street Blues Cafe
android.widget.LinearLayout@406711c0
android.widget.TextView: (410) 727-7476
android.widget.TextView: 3.78 Km
android.widget.TextView: 1222 Hull Street Baltimore, MD
android.widget.LinearLayout@40610b38
android.widget.LinearLayout@40610d50
android.widget.TextView: Little Havana
android.widget.LinearLayout@40611408
android.widget.TextView: (410) 837-9903
android.widget.TextView: 4.03 Km
android.widget.TextView: 1325 Key Highway Baltimore, MD
android.widget.LinearLayout@406128d8
android.widget.LinearLayout@40612af0
android.widget.TextView: Port Truck Stop
android.widget.LinearLayout@406131a8
android.widget.TextView: (410) 276-3227
android.widget.TextView: 4.45 Km
android.widget.TextView: 1701 South Clinton Street Baltimore, MD
android.widget.LinearLayout@40614690
android.widget.LinearLayout@406148a8
android.widget.TextView: Bay Cafe
android.widget.LinearLayout@40614f60
android.widget.TextView: (410) 522-3377
android.widget.TextView: 4.63 Km
android.widget.TextView: 2809 Boston Street Baltimore, MD
android.widget.LinearLayout@40572910
android.widget.FrameLayout@405730f8
android.widget.TextView: Restaurant Finder
android.widget.FrameLayout@405740e0
android.widget.RelativeLayout@40574598
android.widget.TextView: Loading my location...
android.widget.TextView: No contents.
android.widget.LinearLayout@40575488
com.google.ads.AdView@405777e0
g@40579c70
android.widget.ListView@40575758
android.widget.LinearLayout@40614690
android.widget.LinearLayout@406148a8
android.widget.TextView: Bay Cafe
android.widget.LinearLayout@40614f60
android.widget.TextView: (410) 522-3377
android.widget.TextView: 4.63 Km
android.widget.TextView: 2809 Boston Street Baltimore, MD
android.widget.LinearLayout@40616448
android.widget.LinearLayout@40616660
android.widget.TextView: Bo Brooks Restaurant & Catering
android.widget.LinearLayout@40616d18
android.widget.TextView: (410) 558-0202
android.widget.TextView: 4.71 Km
android.widget.TextView: 2701/150 Lighthouse Point Baltimore, MD
android.widget.LinearLayout@40618200
android.widget.LinearLayout@40618418
android.widget.TextView: Harbor View Cafe
android.widget.LinearLayout@40618ad0
android.widget.TextView: (410) 276-0470
android.widget.TextView: 4.71 Km
android.widget.TextView: 1501 South Clinton Street Baltimore, MD
android.widget.LinearLayout@40679d70
android.widget.LinearLayout@40679f88
android.widget.TextView: Vaccaro's First Mariner
android.widget.LinearLayout@4067a640
android.widget.TextView: (443) 573-4800
android.widget.TextView: 4.72 Km
android.widget.TextView: 1501 South Clinton Street Baltimore, MD
android.widget.LinearLayout@40677fd0
android.widget.LinearLayout@406781e8
android.widget.TextView: The Black-Eyed Susan
android.widget.LinearLayout@406788a0
android.widget.TextView: (410) 342-6960
android.widget.TextView: 4.8 Km
android.widget.TextView: 2700 Lighthouse Point East #130 Baltimore, MD
android.widget.LinearLayout@40572910
android.widget.FrameLayout@405730f8
android.widget.TextView: Restaurant Finder
android.widget.FrameLayout@405740e0
android.widget.RelativeLayout@40574598
android.widget.TextView: Loading my location...
android.widget.TextView: No contents.
android.widget.LinearLayout@40575488
com.google.ads.AdView@405777e0
g@40579c70
android.widget.ListView@40575758
android.widget.LinearLayout@40677fd0
android.widget.LinearLayout@406781e8
android.widget.TextView: The Black-Eyed Susan
android.widget.LinearLayout@406788a0
android.widget.TextView: (410) 342-6960
android.widget.TextView: 4.8 Km
android.widget.TextView: 2700 Lighthouse Point East #130 Baltimore, MD
android.widget.LinearLayout@40674460
android.widget.LinearLayout@40674678
android.widget.TextView: Canton Dockside
android.widget.LinearLayout@40674d30
android.widget.TextView: (410) 276-8900
android.widget.TextView: 4.82 Km
android.widget.TextView: 3301 Boston Street #102 Baltimore, MD
android.widget.LinearLayout@406726c0
android.widget.LinearLayout@406728d8
android.widget.TextView: Fell's Point
android.widget.LinearLayout@40672f90
android.widget.TextView: (410) 675-6750
android.widget.TextView: 4.88 Km
android.widget.TextView: Baltimore, MD
android.widget.LinearLayout@406708f0
android.widget.LinearLayout@40670b08
android.widget.TextView: Mama's On the Half Shell
android.widget.LinearLayout@406711c0
android.widget.TextView: (410) 276-3160
android.widget.TextView: 4.95 Km
android.widget.TextView: 2901 O'Donnell Street Baltimore, MD
android.widget.LinearLayout@40610b38
android.widget.LinearLayout@40610d50
android.widget.TextView: Rusty Scupper Restaurant
android.widget.LinearLayout@40611408
android.widget.TextView: (410) 727-3678
android.widget.TextView: 4.95 Km
android.widget.TextView: 402 Key Highway Baltimore, MD
android.widget.LinearLayout@40572910
android.widget.FrameLayout@405730f8
android.widget.TextView: Restaurant Finder
android.widget.FrameLayout@405740e0
android.widget.RelativeLayout@40574598
android.widget.TextView: Loading my location...
android.widget.TextView: No contents.
android.widget.LinearLayout@40575488
com.google.ads.AdView@405777e0
g@40579c70
android.widget.ListView@40575758
android.widget.LinearLayout@40610b38
android.widget.LinearLayout@40610d50
android.widget.TextView: Rusty Scupper Restaurant
android.widget.LinearLayout@40611408
android.widget.TextView: (410) 727-3678
android.widget.TextView: 4.95 Km
android.widget.TextView: 402 Key Highway Baltimore, MD
android.widget.LinearLayout@40614690
android.widget.LinearLayout@406148a8
android.widget.TextView: Nacho Mama's
android.widget.LinearLayout@40614f60
android.widget.TextView: (410) 675-0898
android.widget.TextView: 4.96 Km
android.widget.TextView: 2907 O'Donnell Street Baltimore, MD
android.widget.LinearLayout@40616448
android.widget.LinearLayout@40616660
android.widget.TextView: Tavern on the Square
android.widget.LinearLayout@40616d18
android.widget.TextView: (410) 675-1880
android.widget.TextView: 4.96 Km
android.widget.TextView: 2903 O'Donnell Street Baltimore, MD
android.widget.LinearLayout@40618200
android.widget.LinearLayout@40618418
android.widget.TextView: Vaccaros Italian Pastry Shop
android.widget.LinearLayout@40618ad0
android.widget.TextView: (410) 276-4744
android.widget.TextView: 4.97 Km
android.widget.TextView: 2919 O'Donnell Street Baltimore, MD
android.widget.LinearLayout@40679d70
android.widget.LinearLayout@40679f88
android.widget.TextView: Jasa Kabob
android.widget.LinearLayout@4067a640
android.widget.TextView: (410) 327-7152
android.widget.TextView: 4.97 Km
android.widget.TextView: 2917 O'Donnell Street Baltimore, MD
android.widget.LinearLayout@406128d8
android.widget.LinearLayout@40612af0
android.widget.TextView: Jack's Bistro
android.widget.LinearLayout@406131a8
android.widget.TextView: (410) 878-6542
android.widget.TextView: 4.99 Km
android.widget.TextView: 3123 Elliott Street Baltimore, MD
android.widget.LinearLayout@40572910
android.widget.FrameLayout@405730f8
android.widget.TextView: Restaurant Finder
android.widget.FrameLayout@405740e0
android.widget.RelativeLayout@40574598
android.widget.TextView: Loading my location...
android.widget.TextView: No contents.
android.widget.LinearLayout@40575488
com.google.ads.AdView@405777e0
g@40579c70
android.widget.ListView@40575758
android.widget.LinearLayout@406128d8
android.widget.LinearLayout@40612af0
android.widget.TextView: Jack's Bistro
android.widget.LinearLayout@406131a8
android.widget.TextView: (410) 878-6542
android.widget.TextView: 4.99 Km
android.widget.TextView: 3123 Elliott Street Baltimore, MD
android.widget.LinearLayout@40677fd0
android.widget.LinearLayout@406781e8
android.widget.TextView: Speakeasy Saloon & Dining House
android.widget.LinearLayout@406788a0
android.widget.TextView: (410) 276-2977
android.widget.TextView: 4.99 Km
android.widget.TextView: 2840 O'Donnell Street Baltimore, MD
android.widget.LinearLayout@40674460
android.widget.LinearLayout@40674678
android.widget.TextView: Qdoba Mexican Grill
android.widget.LinearLayout@40674d30
android.widget.TextView: (443) 449-6733
android.widget.TextView: 5.0 Km
android.widget.TextView: 3500 Boston Street Baltimore, MD
android.widget.LinearLayout@406726c0
android.widget.LinearLayout@406728d8
android.widget.TextView: Looney's Pub
android.widget.LinearLayout@40672f90
android.widget.TextView: (410) 675-9235
android.widget.TextView: 5.0 Km
android.widget.TextView: 2900 O'Donnell Street Baltimore, MD
android.widget.LinearLayout@406708f0
android.widget.LinearLayout@40670b08
android.widget.TextView: Captain James Landing
android.widget.LinearLayout@406711c0
android.widget.TextView: (410) 327-8600
android.widget.TextView: 5.01 Km
android.widget.TextView: Baltimore, MD
android.widget.LinearLayout@40676230
android.widget.LinearLayout@40676448
android.widget.TextView: Claddagh Pub
android.widget.LinearLayout@40676b00
android.widget.TextView: (410) 522-4220
android.widget.TextView: 5.02 Km
android.widget.TextView: 2918 O'Donnell Street Baltimore, MD
android.widget.LinearLayout@40572910
android.widget.FrameLayout@405730f8
android.widget.TextView: Restaurant Finder
android.widget.FrameLayout@405740e0
android.widget.RelativeLayout@40574598
android.widget.TextView: Loading my location...
android.widget.TextView: No contents.
android.widget.LinearLayout@40575488
com.google.ads.AdView@405777e0
g@40579c70
android.widget.ListView@40575758
android.widget.LinearLayout@40676230
android.widget.LinearLayout@40676448
android.widget.TextView: Claddagh Pub
android.widget.LinearLayout@40676b00
android.widget.TextView: (410) 522-4220
android.widget.TextView: 5.02 Km
android.widget.TextView: 2918 O'Donnell Street Baltimore, MD
android.widget.LinearLayout@40610b38
android.widget.LinearLayout@40610d50
android.widget.TextView: JD's Smokehouse Bar & Grill
android.widget.LinearLayout@40611408
android.widget.TextView: (410) 675-4029
android.widget.TextView: 5.06 Km
android.widget.TextView: 3000 O'Donnell Street Baltimore, MD
android.widget.LinearLayout@40614690
android.widget.LinearLayout@406148a8
android.widget.TextView: Panera Bread
android.widget.LinearLayout@40614f60
android.widget.TextView: (410) 522-2940
android.widget.TextView: 5.07 Km
android.widget.TextView: 3600 Boston Street Baltimore, MD
android.widget.LinearLayout@40616448
android.widget.LinearLayout@40616660
android.widget.TextView: Dunkin' Donuts
android.widget.LinearLayout@40616d18
android.widget.TextView: (410) 276-0644
android.widget.TextView: 5.09 Km
android.widget.TextView: 3600 Boston Street Baltimore, MD
android.widget.LinearLayout@40618200
android.widget.LinearLayout@40618418
android.widget.TextView: Pasta Mista of Canton
android.widget.LinearLayout@40618ad0
android.widget.TextView: (410) 327-8855
android.widget.TextView: 5.11 Km
android.widget.TextView: 3600 Boston Street #45 Baltimore, MD
android.widget.LinearLayout@40679d70
android.widget.LinearLayout@40679f88
android.widget.TextView: Five Guys Burgers & Fries
android.widget.LinearLayout@4067a640
android.widget.TextView: (410) 522-1580
android.widget.TextView: 5.11 Km
android.widget.TextView: 3600 Boston Street Baltimore, MD
android.widget.LinearLayout@40572910
android.widget.FrameLayout@405730f8
android.widget.TextView: Restaurant Finder
android.widget.FrameLayout@405740e0
android.widget.RelativeLayout@40574598
android.widget.TextView: Loading my location...
android.widget.TextView: No contents.
android.widget.LinearLayout@40575488
com.google.ads.AdView@405777e0
g@40579c70
android.widget.ListView@40575758
android.widget.LinearLayout@40679d70
android.widget.LinearLayout@40679f88
android.widget.TextView: Five Guys Burgers & Fries
android.widget.LinearLayout@4067a640
android.widget.TextView: (410) 522-1580
android.widget.TextView: 5.11 Km
android.widget.TextView: 3600 Boston Street Baltimore, MD
android.widget.LinearLayout@406128d8
android.widget.LinearLayout@40612af0
android.widget.TextView: Sip & Bite Restaurant
android.widget.LinearLayout@406131a8
android.widget.TextView: (410) 675-7077
android.widget.TextView: 5.14 Km
android.widget.TextView: 2200 Boston Street Baltimore, MD
android.widget.LinearLayout@40677fd0
android.widget.LinearLayout@406781e8
android.widget.TextView: Saute
android.widget.LinearLayout@406788a0
android.widget.TextView: (410) 327-2883
android.widget.TextView: 5.19 Km
android.widget.TextView: 2844 Hudson Street Baltimore, MD
android.widget.LinearLayout@40674460
android.widget.LinearLayout@40674678
android.widget.TextView: McDoogal's Night Shift
android.widget.LinearLayout@40674d30
android.widget.TextView: (410) 633-7100
android.widget.TextView: 5.24 Km
android.widget.TextView: 1725 South Ponca Street Baltimore, MD
android.widget.LinearLayout@406726c0
android.widget.LinearLayout@406728d8
android.widget.TextView: Blue Hill Tavern
android.widget.LinearLayout@40672f90
android.widget.TextView: (443) 388-9363
android.widget.TextView: 5.42 Km
android.widget.TextView: 938 South Conkling Street Baltimore, MD
android.widget.LinearLayout@406708f0
android.widget.LinearLayout@40670b08
android.widget.TextView: Annabel Lee Tavern
android.widget.LinearLayout@406711c0
android.widget.TextView: (410) 522-2929
android.widget.TextView: 5.7 Km
android.widget.TextView: 601 South Clinton Street Baltimore, MD
android.widget.LinearLayout@40572910
android.widget.FrameLayout@405730f8
android.widget.TextView: Restaurant Finder
android.widget.FrameLayout@405740e0
android.widget.RelativeLayout@40574598
android.widget.TextView: Loading my location...
android.widget.TextView: No contents.
android.widget.LinearLayout@40575488
com.google.ads.AdView@405777e0
g@40579c70
android.widget.ListView@40575758
android.widget.LinearLayout@40674460
android.widget.LinearLayout@40674678
android.widget.TextView: McDoogal's Night Shift
android.widget.LinearLayout@40674d30
android.widget.TextView: (410) 633-7100
android.widget.TextView: 5.24 Km
android.widget.TextView: 1725 South Ponca Street Baltimore, MD
android.widget.LinearLayout@406726c0
android.widget.LinearLayout@406728d8
android.widget.TextView: Blue Hill Tavern
android.widget.LinearLayout@40672f90
android.widget.TextView: (443) 388-9363
android.widget.TextView: 5.42 Km
android.widget.TextView: 938 South Conkling Street Baltimore, MD
android.widget.LinearLayout@406708f0
android.widget.LinearLayout@40670b08
android.widget.TextView: Annabel Lee Tavern
android.widget.LinearLayout@406711c0
android.widget.TextView: (410) 522-2929
android.widget.TextView: 5.7 Km
android.widget.TextView: 601 South Clinton Street Baltimore, MD
android.widget.LinearLayout@40676230
android.widget.LinearLayout@40676448
android.widget.TextView: Mi Viejo Pueblito
android.widget.LinearLayout@40676b00
android.widget.TextView: (410) 534-1130
android.widget.TextView: 5.79 Km
android.widget.TextView: 601 South Conkling Street Baltimore, MD
android.widget.LinearLayout@40610b38
android.widget.LinearLayout@40610d50
android.widget.TextView: Eichenkranz Restaurant
android.widget.LinearLayout@40611408
android.widget.TextView: (410) 563-7577
android.widget.TextView: 5.9 Km
android.widget.TextView: 611 South Fagley Street Baltimore, MD
android.widget.LinearLayout@40614690
android.widget.LinearLayout@406148a8
android.widget.TextView: G & A Restaurant
android.widget.LinearLayout@40614f60
android.widget.TextView: (410) 276-9422
android.widget.TextView: 6.0 Km
android.widget.TextView: 3802 Eastern Ave Baltimore, MD
