android.widget.LinearLayout@40574df0
android.widget.FrameLayout@405755d8
android.widget.TextView: Restaurant Finder
android.widget.FrameLayout@405765c0
android.widget.RelativeLayout@40576a78
android.widget.TextView: Loading my location...
android.widget.TextView: No contents.
android.widget.LinearLayout@40577968
com.google.ads.AdView@40579cc0
g@4057c150
android.widget.ListView@40577c38
android.widget.LinearLayout@40521410
android.widget.LinearLayout@4053e428
android.widget.TextView: Road Runner Pizza
android.widget.LinearLayout@405a4a68
android.widget.TextView: (410) 355-5722
android.widget.TextView: 0.2 Km
android.widget.TextView: 402 East Patapsco Avenue Baltimore, MD
android.widget.LinearLayout@405920c0
android.widget.LinearLayout@405ad800
android.widget.TextView: New York Fried Chicken
android.widget.LinearLayout@405185a8
android.widget.TextView: (410) 355-6767
android.widget.TextView: 0.24 Km
android.widget.TextView: 542 East Patapsco Avenue Brooklyn, MD
android.widget.LinearLayout@405b28f8
android.widget.LinearLayout@4052a240
android.widget.TextView: Panache Cuisine, LLC
android.widget.LinearLayout@4054c3e8
android.widget.TextView: (410) 760-4800
android.widget.TextView: 0.38 Km
android.widget.TextView: 3501 7th Street Baltimore, MD
android.widget.LinearLayout@40582ed0
android.widget.LinearLayout@40516830
android.widget.TextView: Ultimate Pizza
android.widget.LinearLayout@405170d8
android.widget.TextView: (410) 350-0123
android.widget.TextView: 0.56 Km
android.widget.TextView: 813 East Patapsco Avenue Baltimore, MD
android.widget.LinearLayout@405a2310
android.widget.LinearLayout@405822c8
android.widget.TextView: Peking House
android.widget.LinearLayout@4058f9d0
android.widget.TextView: (410) 355-6322
android.widget.TextView: 0.56 Km
android.widget.TextView: 3606 South Hanover Street Baltimore, MD
android.widget.LinearLayout@405b0ce0
android.widget.LinearLayout@405b1ce8
android.widget.TextView: McDonald's
android.widget.LinearLayout@40516bc0
android.widget.TextView: (410) 354-0651
android.widget.TextView: 0.74 Km
android.widget.TextView: 101 West Patapsco Avenue Baltimore, MD
android.widget.LinearLayout@40574df0
android.widget.FrameLayout@405755d8
android.widget.TextView: Restaurant Finder
android.widget.FrameLayout@405765c0
android.widget.RelativeLayout@40576a78
android.widget.TextView: Loading my location...
android.widget.TextView: No contents.
android.widget.LinearLayout@40577968
com.google.ads.AdView@40579cc0
g@4057c150
android.widget.ListView@40577c38
android.widget.LinearLayout@405b0ce0
android.widget.LinearLayout@405b1ce8
android.widget.TextView: McDonald's
android.widget.LinearLayout@40516bc0
android.widget.TextView: (410) 354-0651
android.widget.TextView: 0.74 Km
android.widget.TextView: 101 West Patapsco Avenue Baltimore, MD
android.widget.LinearLayout@40533a58
android.widget.LinearLayout@405226f0
android.widget.TextView: Castle
android.widget.LinearLayout@405a2bf8
android.widget.TextView: (410) 355-2227
android.widget.TextView: 0.75 Km
android.widget.TextView: 3720 Potee Street Baltimore, MD
android.widget.LinearLayout@405a8b90
android.widget.LinearLayout@4051f430
android.widget.TextView: Maynard's Cafe
android.widget.LinearLayout@40528d60
android.widget.TextView: (410) 355-8924
android.widget.TextView: 0.82 Km
android.widget.TextView: 3916 South Hanover Street Baltimore, MD
android.widget.LinearLayout@4052ffb8
android.widget.LinearLayout@405a73e8
android.widget.TextView: Nick's Fish House & Grill
android.widget.LinearLayout@405a8920
android.widget.TextView: (410) 347-4123
android.widget.TextView: 2.62 Km
android.widget.TextView: 2600 Insulator Drive Baltimore, MD
android.widget.LinearLayout@405a9948
android.widget.LinearLayout@40584ff0
android.widget.TextView: No Idea
android.widget.LinearLayout@405ae7a0
android.widget.TextView: (410) 685-4332
android.widget.TextView: 3.71 Km
android.widget.TextView: 1649 South Hanover Street Baltimore, MD
android.widget.LinearLayout@40510128
android.widget.LinearLayout@40511370
android.widget.TextView: Bluegrass
android.widget.LinearLayout@4052f3e8
android.widget.TextView: (410) 244-5101
android.widget.TextView: 3.92 Km
android.widget.TextView: 1500 South Hanover Street Baltimore, MD
android.widget.LinearLayout@40574df0
android.widget.FrameLayout@405755d8
android.widget.TextView: Restaurant Finder
android.widget.FrameLayout@405765c0
android.widget.RelativeLayout@40576a78
android.widget.TextView: Loading my location...
android.widget.TextView: No contents.
android.widget.LinearLayout@40577968
com.google.ads.AdView@40579cc0
g@4057c150
android.widget.ListView@40577c38
android.widget.LinearLayout@40510128
android.widget.LinearLayout@40511370
android.widget.TextView: Bluegrass
android.widget.LinearLayout@4052f3e8
android.widget.TextView: (410) 244-5101
android.widget.TextView: 3.92 Km
android.widget.TextView: 1500 South Hanover Street Baltimore, MD
android.widget.LinearLayout@40521410
android.widget.LinearLayout@4053e428
android.widget.TextView: Delia Foley's
android.widget.LinearLayout@405a4a68
android.widget.TextView: (443) 682-9141
android.widget.TextView: 3.92 Km
android.widget.TextView: 1439 South Charles Street Baltimore, MD
android.widget.LinearLayout@405920c0
android.widget.LinearLayout@405ad800
android.widget.TextView: Ropewalk Tavern
android.widget.LinearLayout@405185a8
android.widget.TextView: (410) 727-1298
android.widget.TextView: 4.23 Km
android.widget.TextView: 1209 South Charles Street Baltimore, MD
android.widget.LinearLayout@405b28f8
android.widget.LinearLayout@4052a240
android.widget.TextView: Mother's Federal Hill Grille
android.widget.LinearLayout@4054c3e8
android.widget.TextView: (410) 244-8686
android.widget.TextView: 4.32 Km
android.widget.TextView: 1113 South Charles Street Baltimore, MD
android.widget.LinearLayout@40582ed0
android.widget.LinearLayout@40516830
android.widget.TextView: Matsuri Restaurant
android.widget.LinearLayout@405170d8
android.widget.TextView: (410) 752-8561
android.widget.TextView: 4.34 Km
android.widget.TextView: 1105 South Charles Street Baltimore, MD
android.widget.LinearLayout@405a2310
android.widget.LinearLayout@405822c8
android.widget.TextView: The Abbey Burger Bistro
android.widget.LinearLayout@4058f9d0
android.widget.TextView: (443) 453-9698
android.widget.TextView: 4.39 Km
android.widget.TextView: 1041 Marshall Street Baltimore, MD
