emulator-5560
D/umd.troyd(29687): got command getViews
D/umd.troyd(29687): android.widget.FrameLayout@406c5c70: 16908290 (0)
D/umd.troyd(29687): android.widget.RelativeLayout@406c66b0: 2131558603 (1)
D/umd.troyd(29687): android.widget.LinearLayout@406c6ae8: -1 (2)
D/umd.troyd(29687): com.walmart.android.ui.ViewStackLayout@406c7038: 2131558797 (3)
D/umd.troyd(29687): android.widget.RelativeLayout@407216a8: -1 (4)
D/umd.troyd(29687): android.widget.RelativeLayout@40721c10: 2131558790 (5)
D/umd.troyd(29687): android.widget.LinearLayout@40722790: 2131558790 (6)
D/umd.troyd(29687): android.widget.RelativeLayout@40722f70: -1 (7)
D/umd.troyd(29687): android.widget.Button:  (8)
D/umd.troyd(29687): android.widget.TextView: Search a location (9)
D/umd.troyd(29687): android.widget.Button:  (10)
D/umd.troyd(29687): android.widget.Button:  (11)
D/umd.troyd(29687): android.widget.Button:  (12)
D/umd.troyd(29687): android.widget.RelativeLayout@40727828: 2131558791 (13)
D/umd.troyd(29687): com.walmart.android.storelocator.StoreMapView@40728ac0: 2131558792 (14)
D/umd.troyd(29687): android.widget.ListView@4068a748: 2131558521 (15)
D/umd.troyd(29687): android.widget.LinearLayout@4069f0b8: -1 (16)
D/umd.troyd(29687): android.widget.RelativeLayout@4069f2f8: -1 (17)
D/umd.troyd(29687): android.widget.RelativeLayout@40543a10: -1 (18)
D/umd.troyd(29687): android.widget.TextView: Walmart Supercenter (19)
D/umd.troyd(29687): android.widget.TextView: 200 Us Highway 80 E (20)
D/umd.troyd(29687): android.widget.TextView: Mesquite, TX 75149 (21)
D/umd.troyd(29687): android.widget.RelativeLayout@405e6d48: -1 (22)
D/umd.troyd(29687): android.widget.LinearLayout@4074a2a8: 2131558801 (23)
D/umd.troyd(29687): android.widget.TextView: 2.45 (24)
D/umd.troyd(29687): android.widget.TextView: miles (25)
D/umd.troyd(29687): android.widget.TextView:  (26)
D/umd.troyd(29687): android.widget.ImageView@4069a880: 2131558517 (27)
D/umd.troyd(29687): android.widget.LinearLayout@407c44f0: -1 (28)
D/umd.troyd(29687): android.widget.RelativeLayout@407c46a8: -1 (29)
D/umd.troyd(29687): android.widget.RelativeLayout@405d7a30: -1 (30)
D/umd.troyd(29687): android.widget.TextView: Walmart Supercenter (31)
D/umd.troyd(29687): android.widget.TextView: 7401 Samuell Blvd (32)
D/umd.troyd(29687): android.widget.TextView: Dallas, TX 75228 (33)
D/umd.troyd(29687): android.widget.RelativeLayout@40613eb0: -1 (34)
D/umd.troyd(29687): android.widget.LinearLayout@406b7618: 2131558801 (35)
D/umd.troyd(29687): android.widget.TextView: 2.50 (36)
D/umd.troyd(29687): android.widget.TextView: miles (37)
D/umd.troyd(29687): android.widget.TextView:  (38)
D/umd.troyd(29687): android.widget.ImageView@40767ee8: 2131558517 (39)
D/umd.troyd(29687): android.widget.LinearLayout@407668f8: -1 (40)
D/umd.troyd(29687): android.widget.RelativeLayout@40766ae8: -1 (41)
D/umd.troyd(29687): android.widget.RelativeLayout@406a23b8: -1 (42)
D/umd.troyd(29687): android.widget.TextView: Neighborhood Market (43)
D/umd.troyd(29687): android.widget.TextView: 915 N Town East Blvd (44)
D/umd.troyd(29687): android.widget.TextView: Mesquite, TX 75150 (45)
D/umd.troyd(29687): android.widget.RelativeLayout@407184e0: -1 (46)
D/umd.troyd(29687): android.widget.LinearLayout@407188d8: 2131558801 (47)
D/umd.troyd(29687): android.widget.TextView: 2.72 (48)
D/umd.troyd(29687): android.widget.TextView: miles (49)
D/umd.troyd(29687): android.widget.TextView:  (50)
D/umd.troyd(29687): android.widget.ImageView@40774548: 2131558517 (51)
D/umd.troyd(29687): android.widget.LinearLayout@407796a0: -1 (52)
D/umd.troyd(29687): android.widget.RelativeLayout@40779890: -1 (53)
D/umd.troyd(29687): android.widget.RelativeLayout@407783c8: -1 (54)
D/umd.troyd(29687): android.widget.TextView: Walmart Supercenter (55)
D/umd.troyd(29687): android.widget.TextView: 12300 Lake June Rd (56)
D/umd.troyd(29687): android.widget.TextView: Balch Springs, TX 75180 (57)
D/umd.troyd(29687): android.widget.RelativeLayout@406bcde8: -1 (58)
D/umd.troyd(29687): android.widget.LinearLayout@40741ba8: 2131558801 (59)
D/umd.troyd(29687): android.widget.TextView: 2.94 (60)
D/umd.troyd(29687): android.widget.TextView: miles (61)
D/umd.troyd(29687): android.widget.TextView:  (62)
D/umd.troyd(29687): android.widget.ImageView@40707528: 2131558517 (63)
D/umd.troyd(29687): android.widget.LinearLayout@405f3b78: -1 (64)
D/umd.troyd(29687): android.widget.RelativeLayout@405f3d68: -1 (65)
D/umd.troyd(29687): android.widget.RelativeLayout@405f4110: -1 (66)
D/umd.troyd(29687): android.widget.TextView: Neighborhood Market (67)
D/umd.troyd(29687): android.widget.TextView: 2275 Gus Thomasson Rd (68)
D/umd.troyd(29687): android.widget.TextView: Dallas, TX 75228 (69)
D/umd.troyd(29687): android.widget.RelativeLayout@4074c5b0: -1 (70)
D/umd.troyd(29687): android.widget.LinearLayout@4074c8e0: 2131558801 (71)
D/umd.troyd(29687): android.widget.TextView: 3.85 (72)
D/umd.troyd(29687): android.widget.TextView: miles (73)
D/umd.troyd(29687): android.widget.TextView:  (74)
D/umd.troyd(29687): android.widget.ImageView@4076ae78: 2131558517 (75)
D/umd.troyd(29687): android.widget.LinearLayout@4075dad0: -1 (76)
D/umd.troyd(29687): android.widget.RelativeLayout@4068c4a8: -1 (77)
D/umd.troyd(29687): android.widget.RelativeLayout@4068c850: -1 (78)
D/umd.troyd(29687): android.widget.TextView: Walmart Supercenter (79)
D/umd.troyd(29687): android.widget.TextView: 555 W Interstate 30 (80)
D/umd.troyd(29687): android.widget.TextView: Garland, TX 75043 (81)
D/umd.troyd(29687): android.widget.RelativeLayout@4069cdb0: -1 (82)
D/umd.troyd(29687): android.widget.LinearLayout@4069d1a8: 2131558801 (83)
D/umd.troyd(29687): android.widget.TextView: 4.57 (84)
D/umd.troyd(29687): android.widget.TextView: miles (85)
D/umd.troyd(29687): android.widget.TextView:  (86)
D/umd.troyd(29687): android.widget.ImageView@406a5400: 2131558517 (87)
D/umd.troyd(29687): android.widget.RelativeLayout@406c9168: 2131558541 (88)
D/umd.troyd(29687): android.widget.GridView@406c9ce0: 2131558824 (89)
D/umd.troyd(29687): android.widget.LinearLayout@406cae60: 2131558538 (90)
D/umd.troyd(29687): android.widget.RelativeLayout@406cb858: 2131558818 (91)
D/umd.troyd(29687): android.widget.ImageButton@406cc1a8: 2131558819 (92)
D/umd.troyd(29687): android.widget.RelativeLayout@406cc6c0: -1 (93)
D/umd.troyd(29687): android.widget.ImageView@406ccab0: 2131558820 (94)
D/umd.troyd(29687): android.widget.TextView: Stores (95)
D/umd.troyd(29687): android.widget.RelativeLayout@406cd9b8: -1 (96)
D/umd.troyd(29687): android.widget.Button:  (97)
D/umd.troyd(29687): android.widget.ImageView@406ce528: 2131558823 (98)
D/umd.troyd(29687): android.widget.LinearLayout@406ce7b8: 2131558542 (99)
D/umd.troyd(29687): got command getViews
D/umd.troyd(29687): android.widget.FrameLayout@406c5c70: 16908290 (0)
D/umd.troyd(29687): android.widget.RelativeLayout@406c66b0: 2131558603 (1)
D/umd.troyd(29687): android.widget.LinearLayout@406c6ae8: -1 (2)
D/umd.troyd(29687): com.walmart.android.ui.ViewStackLayout@406c7038: 2131558797 (3)
D/umd.troyd(29687): android.widget.RelativeLayout@407216a8: -1 (4)
D/umd.troyd(29687): android.widget.RelativeLayout@40721c10: 2131558790 (5)
D/umd.troyd(29687): android.widget.LinearLayout@40722790: 2131558790 (6)
D/umd.troyd(29687): android.widget.RelativeLayout@40722f70: -1 (7)
D/umd.troyd(29687): android.widget.Button:  (8)
D/umd.troyd(29687): android.widget.TextView: Search a location (9)
D/umd.troyd(29687): android.widget.Button:  (10)
D/umd.troyd(29687): android.widget.Button:  (11)
D/umd.troyd(29687): android.widget.Button:  (12)
D/umd.troyd(29687): android.widget.RelativeLayout@40727828: 2131558791 (13)
D/umd.troyd(29687): com.walmart.android.storelocator.StoreMapView@40728ac0: 2131558792 (14)
D/umd.troyd(29687): android.widget.ListView@4068a748: 2131558521 (15)
D/umd.troyd(29687): android.widget.LinearLayout@4075dad0: -1 (16)
D/umd.troyd(29687): android.widget.RelativeLayout@4068c4a8: -1 (17)
D/umd.troyd(29687): android.widget.RelativeLayout@4068c850: -1 (18)
D/umd.troyd(29687): android.widget.TextView: Walmart Supercenter (19)
D/umd.troyd(29687): android.widget.TextView: 555 W Interstate 30 (20)
D/umd.troyd(29687): android.widget.TextView: Garland, TX 75043 (21)
D/umd.troyd(29687): android.widget.RelativeLayout@4069cdb0: -1 (22)
D/umd.troyd(29687): android.widget.LinearLayout@4069d1a8: 2131558801 (23)
D/umd.troyd(29687): android.widget.TextView: 4.57 (24)
D/umd.troyd(29687): android.widget.TextView: miles (25)
D/umd.troyd(29687): android.widget.TextView:  (26)
D/umd.troyd(29687): android.widget.ImageView@406a5400: 2131558517 (27)
D/umd.troyd(29687): android.widget.LinearLayout@40719158: -1 (28)
D/umd.troyd(29687): android.widget.RelativeLayout@40719348: -1 (29)
D/umd.troyd(29687): android.widget.RelativeLayout@40518a30: -1 (30)
D/umd.troyd(29687): android.widget.TextView: Walmart Supercenter (31)
D/umd.troyd(29687): android.widget.TextView: 1801 Marketplace Dr (32)
D/umd.troyd(29687): android.widget.TextView: Garland, TX 75041 (33)
D/umd.troyd(29687): android.widget.RelativeLayout@40722bb0: -1 (34)
D/umd.troyd(29687): android.widget.LinearLayout@40783ca0: 2131558801 (35)
D/umd.troyd(29687): android.widget.TextView: 5.27 (36)
D/umd.troyd(29687): android.widget.TextView: miles (37)
D/umd.troyd(29687): android.widget.TextView:  (38)
D/umd.troyd(29687): android.widget.ImageView@4069abf8: 2131558517 (39)
D/umd.troyd(29687): android.widget.LinearLayout@40767510: -1 (40)
D/umd.troyd(29687): android.widget.RelativeLayout@407676a8: -1 (41)
D/umd.troyd(29687): android.widget.RelativeLayout@40779ba0: -1 (42)
D/umd.troyd(29687): android.widget.TextView: Neighborhood Market (43)
D/umd.troyd(29687): android.widget.TextView: 3959 Broadway Blvd (44)
D/umd.troyd(29687): android.widget.TextView: Garland, TX 75043 (45)
D/umd.troyd(29687): android.widget.RelativeLayout@406a0d18: -1 (46)
D/umd.troyd(29687): android.widget.LinearLayout@40759280: 2131558801 (47)
D/umd.troyd(29687): android.widget.TextView: 5.68 (48)
D/umd.troyd(29687): android.widget.TextView: miles (49)
D/umd.troyd(29687): android.widget.TextView:  (50)
D/umd.troyd(29687): android.widget.ImageView@40612d80: 2131558517 (51)
D/umd.troyd(29687): android.widget.LinearLayout@4073d470: -1 (52)
D/umd.troyd(29687): android.widget.RelativeLayout@4073d660: -1 (53)
D/umd.troyd(29687): android.widget.RelativeLayout@4076f4e0: -1 (54)
D/umd.troyd(29687): android.widget.TextView: Neighborhood Market (55)
D/umd.troyd(29687): android.widget.TextView: 2218 Greenville Ave (56)
D/umd.troyd(29687): android.widget.TextView: Dallas, TX 75206 (57)
D/umd.troyd(29687): android.widget.RelativeLayout@40773848: -1 (58)
D/umd.troyd(29687): android.widget.LinearLayout@40773bc8: 2131558801 (59)
D/umd.troyd(29687): android.widget.TextView: 6.81 (60)
D/umd.troyd(29687): android.widget.TextView: miles (61)
D/umd.troyd(29687): android.widget.TextView:  (62)
D/umd.troyd(29687): android.widget.ImageView@405e5510: 2131558517 (63)
D/umd.troyd(29687): android.widget.LinearLayout@40706c58: -1 (64)
D/umd.troyd(29687): android.widget.RelativeLayout@40706e48: -1 (65)
D/umd.troyd(29687): android.widget.RelativeLayout@40707160: -1 (66)
D/umd.troyd(29687): android.widget.TextView: Walmart Supercenter (67)
D/umd.troyd(29687): android.widget.TextView: 6185 Retail Rd (68)
D/umd.troyd(29687): android.widget.TextView: Dallas, TX 75231 (69)
D/umd.troyd(29687): android.widget.RelativeLayout@4074b200: -1 (70)
D/umd.troyd(29687): android.widget.LinearLayout@4074b580: 2131558801 (71)
D/umd.troyd(29687): android.widget.TextView: 7.64 (72)
D/umd.troyd(29687): android.widget.TextView: miles (73)
D/umd.troyd(29687): android.widget.TextView:  (74)
D/umd.troyd(29687): android.widget.ImageView@40742f08: 2131558517 (75)
D/umd.troyd(29687): android.widget.LinearLayout@407756a8: -1 (76)
D/umd.troyd(29687): android.widget.RelativeLayout@40775898: -1 (77)
D/umd.troyd(29687): android.widget.RelativeLayout@40776ed0: -1 (78)
D/umd.troyd(29687): android.widget.TextView: Neighborhood Market (79)
D/umd.troyd(29687): android.widget.TextView: 2305 N Central Expy (80)
D/umd.troyd(29687): android.widget.TextView: Dallas, TX 75204 (81)
D/umd.troyd(29687): android.widget.RelativeLayout@405debb0: -1 (82)
D/umd.troyd(29687): android.widget.LinearLayout@405def30: 2131558801 (83)
D/umd.troyd(29687): android.widget.TextView: 7.66 (84)
D/umd.troyd(29687): android.widget.TextView: miles (85)
D/umd.troyd(29687): android.widget.TextView:  (86)
D/umd.troyd(29687): android.widget.ImageView@40750aa8: 2131558517 (87)
D/umd.troyd(29687): android.widget.RelativeLayout@406c9168: 2131558541 (88)
D/umd.troyd(29687): android.widget.GridView@406c9ce0: 2131558824 (89)
D/umd.troyd(29687): android.widget.LinearLayout@406cae60: 2131558538 (90)
D/umd.troyd(29687): android.widget.RelativeLayout@406cb858: 2131558818 (91)
D/umd.troyd(29687): android.widget.ImageButton@406cc1a8: 2131558819 (92)
D/umd.troyd(29687): android.widget.RelativeLayout@406cc6c0: -1 (93)
D/umd.troyd(29687): android.widget.ImageView@406ccab0: 2131558820 (94)
D/umd.troyd(29687): android.widget.TextView: Stores (95)
D/umd.troyd(29687): android.widget.RelativeLayout@406cd9b8: -1 (96)
D/umd.troyd(29687): android.widget.Button:  (97)
D/umd.troyd(29687): android.widget.ImageView@406ce528: 2131558823 (98)
D/umd.troyd(29687): android.widget.LinearLayout@406ce7b8: 2131558542 (99)
D/umd.troyd(29687): got command getViews
D/umd.troyd(29687): android.widget.FrameLayout@406c5c70: 16908290 (0)
D/umd.troyd(29687): android.widget.RelativeLayout@406c66b0: 2131558603 (1)
D/umd.troyd(29687): android.widget.LinearLayout@406c6ae8: -1 (2)
D/umd.troyd(29687): com.walmart.android.ui.ViewStackLayout@406c7038: 2131558797 (3)
D/umd.troyd(29687): android.widget.RelativeLayout@407216a8: -1 (4)
D/umd.troyd(29687): android.widget.RelativeLayout@40721c10: 2131558790 (5)
D/umd.troyd(29687): android.widget.LinearLayout@40722790: 2131558790 (6)
D/umd.troyd(29687): android.widget.RelativeLayout@40722f70: -1 (7)
D/umd.troyd(29687): android.widget.Button:  (8)
D/umd.troyd(29687): android.widget.TextView: Search a location (9)
D/umd.troyd(29687): android.widget.Button:  (10)
D/umd.troyd(29687): android.widget.Button:  (11)
D/umd.troyd(29687): android.widget.Button:  (12)
D/umd.troyd(29687): android.widget.RelativeLayout@40727828: 2131558791 (13)
D/umd.troyd(29687): com.walmart.android.storelocator.StoreMapView@40728ac0: 2131558792 (14)
D/umd.troyd(29687): android.widget.ListView@4068a748: 2131558521 (15)
D/umd.troyd(29687): android.widget.LinearLayout@407756a8: -1 (16)
D/umd.troyd(29687): android.widget.RelativeLayout@40775898: -1 (17)
D/umd.troyd(29687): android.widget.RelativeLayout@40776ed0: -1 (18)
D/umd.troyd(29687): android.widget.TextView: Neighborhood Market (19)
D/umd.troyd(29687): android.widget.TextView: 2305 N Central Expy (20)
D/umd.troyd(29687): android.widget.TextView: Dallas, TX 75204 (21)
D/umd.troyd(29687): android.widget.RelativeLayout@405debb0: -1 (22)
D/umd.troyd(29687): android.widget.LinearLayout@405def30: 2131558801 (23)
D/umd.troyd(29687): android.widget.TextView: 7.66 (24)
D/umd.troyd(29687): android.widget.TextView: miles (25)
D/umd.troyd(29687): android.widget.TextView:  (26)
D/umd.troyd(29687): android.widget.ImageView@40750aa8: 2131558517 (27)
D/umd.troyd(29687): android.widget.LinearLayout@4069f0b8: -1 (28)
D/umd.troyd(29687): android.widget.RelativeLayout@4069f2f8: -1 (29)
D/umd.troyd(29687): android.widget.RelativeLayout@40543a10: -1 (30)
D/umd.troyd(29687): android.widget.TextView: Walmart Supercenter (31)
D/umd.troyd(29687): android.widget.TextView: 2501 Lakeview Pkwy (32)
D/umd.troyd(29687): android.widget.TextView: Rowlett, TX 75088 (33)
D/umd.troyd(29687): android.widget.RelativeLayout@405e6d48: -1 (34)
D/umd.troyd(29687): android.widget.LinearLayout@4074a2a8: 2131558801 (35)
D/umd.troyd(29687): android.widget.TextView: 8.66 (36)
D/umd.troyd(29687): android.widget.TextView: miles (37)
D/umd.troyd(29687): android.widget.TextView:  (38)
D/umd.troyd(29687): android.widget.ImageView@4069a880: 2131558517 (39)
D/umd.troyd(29687): android.widget.LinearLayout@407c44f0: -1 (40)
D/umd.troyd(29687): android.widget.RelativeLayout@407c46a8: -1 (41)
D/umd.troyd(29687): android.widget.RelativeLayout@405d7a30: -1 (42)
D/umd.troyd(29687): android.widget.TextView: Walmart Supercenter (43)
D/umd.troyd(29687): android.widget.TextView: 9301 Forest Ln (44)
D/umd.troyd(29687): android.widget.TextView: Dallas, TX 75243 (45)
D/umd.troyd(29687): android.widget.RelativeLayout@40613eb0: -1 (46)
D/umd.troyd(29687): android.widget.LinearLayout@406b7618: 2131558801 (47)
D/umd.troyd(29687): android.widget.TextView: 9.39 (48)
D/umd.troyd(29687): android.widget.TextView: miles (49)
D/umd.troyd(29687): android.widget.TextView:  (50)
D/umd.troyd(29687): android.widget.ImageView@40767ee8: 2131558517 (51)
D/umd.troyd(29687): android.widget.LinearLayout@407668f8: -1 (52)
D/umd.troyd(29687): android.widget.RelativeLayout@40766ae8: -1 (53)
D/umd.troyd(29687): android.widget.RelativeLayout@406a23b8: -1 (54)
D/umd.troyd(29687): android.widget.TextView: Walmart Supercenter (55)
D/umd.troyd(29687): android.widget.TextView: 220 N Highway 175 (56)
D/umd.troyd(29687): android.widget.TextView: Seagoville, TX 75159 (57)
D/umd.troyd(29687): android.widget.RelativeLayout@407184e0: -1 (58)
D/umd.troyd(29687): android.widget.LinearLayout@407188d8: 2131558801 (59)
D/umd.troyd(29687): android.widget.TextView: 9.43 (60)
D/umd.troyd(29687): android.widget.TextView: miles (61)
D/umd.troyd(29687): android.widget.TextView:  (62)
D/umd.troyd(29687): android.widget.ImageView@40774548: 2131558517 (63)
D/umd.troyd(29687): android.widget.LinearLayout@407796a0: -1 (64)
D/umd.troyd(29687): android.widget.RelativeLayout@40779890: -1 (65)
D/umd.troyd(29687): android.widget.RelativeLayout@407783c8: -1 (66)
D/umd.troyd(29687): android.widget.TextView: Neighborhood Market (67)
D/umd.troyd(29687): android.widget.TextView: 1501 Buckingham Rd (68)
D/umd.troyd(29687): android.widget.TextView: Richardson, TX 75081 (69)
D/umd.troyd(29687): android.widget.RelativeLayout@406bcde8: -1 (70)
D/umd.troyd(29687): android.widget.LinearLayout@40741ba8: 2131558801 (71)
D/umd.troyd(29687): android.widget.TextView: 9.77 (72)
D/umd.troyd(29687): android.widget.TextView: miles (73)
D/umd.troyd(29687): android.widget.TextView:  (74)
D/umd.troyd(29687): android.widget.ImageView@40707528: 2131558517 (75)
D/umd.troyd(29687): android.widget.LinearLayout@405f3b78: -1 (76)
D/umd.troyd(29687): android.widget.RelativeLayout@405f3d68: -1 (77)
D/umd.troyd(29687): android.widget.RelativeLayout@405f4110: -1 (78)
D/umd.troyd(29687): android.widget.TextView: Walmart Supercenter (79)
D/umd.troyd(29687): android.widget.TextView: 802 E Us Highway 80 (80)
D/umd.troyd(29687): android.widget.TextView: Forney, TX 75126 (81)
D/umd.troyd(29687): android.widget.RelativeLayout@4074c5b0: -1 (82)
D/umd.troyd(29687): android.widget.LinearLayout@4074c8e0: 2131558801 (83)
D/umd.troyd(29687): android.widget.TextView: 9.90 (84)
D/umd.troyd(29687): android.widget.TextView: miles (85)
D/umd.troyd(29687): android.widget.TextView:  (86)
D/umd.troyd(29687): android.widget.ImageView@4076ae78: 2131558517 (87)
D/umd.troyd(29687): android.widget.RelativeLayout@406c9168: 2131558541 (88)
D/umd.troyd(29687): android.widget.GridView@406c9ce0: 2131558824 (89)
D/umd.troyd(29687): android.widget.LinearLayout@406cae60: 2131558538 (90)
D/umd.troyd(29687): android.widget.RelativeLayout@406cb858: 2131558818 (91)
D/umd.troyd(29687): android.widget.ImageButton@406cc1a8: 2131558819 (92)
D/umd.troyd(29687): android.widget.RelativeLayout@406cc6c0: -1 (93)
D/umd.troyd(29687): android.widget.ImageView@406ccab0: 2131558820 (94)
D/umd.troyd(29687): android.widget.TextView: Stores (95)
D/umd.troyd(29687): android.widget.RelativeLayout@406cd9b8: -1 (96)
D/umd.troyd(29687): android.widget.Button:  (97)
D/umd.troyd(29687): android.widget.ImageView@406ce528: 2131558823 (98)
D/umd.troyd(29687): android.widget.LinearLayout@406ce7b8: 2131558542 (99)
D/umd.troyd(29687): got command getViews
D/umd.troyd(29687): android.widget.FrameLayout@406c5c70: 16908290 (0)
D/umd.troyd(29687): android.widget.RelativeLayout@406c66b0: 2131558603 (1)
D/umd.troyd(29687): android.widget.LinearLayout@406c6ae8: -1 (2)
D/umd.troyd(29687): com.walmart.android.ui.ViewStackLayout@406c7038: 2131558797 (3)
D/umd.troyd(29687): android.widget.RelativeLayout@407216a8: -1 (4)
D/umd.troyd(29687): android.widget.RelativeLayout@40721c10: 2131558790 (5)
D/umd.troyd(29687): android.widget.LinearLayout@40722790: 2131558790 (6)
D/umd.troyd(29687): android.widget.RelativeLayout@40722f70: -1 (7)
D/umd.troyd(29687): android.widget.Button:  (8)
D/umd.troyd(29687): android.widget.TextView: Search a location (9)
D/umd.troyd(29687): android.widget.Button:  (10)
D/umd.troyd(29687): android.widget.Button:  (11)
D/umd.troyd(29687): android.widget.Button:  (12)
D/umd.troyd(29687): android.widget.RelativeLayout@40727828: 2131558791 (13)
D/umd.troyd(29687): com.walmart.android.storelocator.StoreMapView@40728ac0: 2131558792 (14)
D/umd.troyd(29687): android.widget.ListView@4068a748: 2131558521 (15)
D/umd.troyd(29687): android.widget.LinearLayout@405f3b78: -1 (16)
D/umd.troyd(29687): android.widget.RelativeLayout@405f3d68: -1 (17)
D/umd.troyd(29687): android.widget.RelativeLayout@405f4110: -1 (18)
D/umd.troyd(29687): android.widget.TextView: Walmart Supercenter (19)
D/umd.troyd(29687): android.widget.TextView: 802 E Us Highway 80 (20)
D/umd.troyd(29687): android.widget.TextView: Forney, TX 75126 (21)
D/umd.troyd(29687): android.widget.RelativeLayout@4074c5b0: -1 (22)
D/umd.troyd(29687): android.widget.LinearLayout@4074c8e0: 2131558801 (23)
D/umd.troyd(29687): android.widget.TextView: 9.90 (24)
D/umd.troyd(29687): android.widget.TextView: miles (25)
D/umd.troyd(29687): android.widget.TextView:  (26)
D/umd.troyd(29687): android.widget.ImageView@4076ae78: 2131558517 (27)
D/umd.troyd(29687): android.widget.LinearLayout@4075dad0: -1 (28)
D/umd.troyd(29687): android.widget.RelativeLayout@4068c4a8: -1 (29)
D/umd.troyd(29687): android.widget.RelativeLayout@4068c850: -1 (30)
D/umd.troyd(29687): android.widget.TextView: Walmart Supercenter (31)
D/umd.troyd(29687): android.widget.TextView: 13739 N Central Expy (32)
D/umd.troyd(29687): android.widget.TextView: Dallas, TX 75243 (33)
D/umd.troyd(29687): android.widget.RelativeLayout@4069cdb0: -1 (34)
D/umd.troyd(29687): android.widget.LinearLayout@4069d1a8: 2131558801 (35)
D/umd.troyd(29687): android.widget.TextView: 11.14 (36)
D/umd.troyd(29687): android.widget.TextView: miles (37)
D/umd.troyd(29687): android.widget.TextView:  (38)
D/umd.troyd(29687): android.widget.ImageView@406a5400: 2131558517 (39)
D/umd.troyd(29687): android.widget.LinearLayout@40719158: -1 (40)
D/umd.troyd(29687): android.widget.RelativeLayout@40719348: -1 (41)
D/umd.troyd(29687): android.widget.RelativeLayout@40518a30: -1 (42)
D/umd.troyd(29687): android.widget.TextView: Walmart Supercenter (43)
D/umd.troyd(29687): android.widget.TextView: 5302 N Garland Ave (44)
D/umd.troyd(29687): android.widget.TextView: Garland, TX 75040 (45)
D/umd.troyd(29687): android.widget.RelativeLayout@40722bb0: -1 (46)
D/umd.troyd(29687): android.widget.LinearLayout@40783ca0: 2131558801 (47)
D/umd.troyd(29687): android.widget.TextView: 11.42 (48)
D/umd.troyd(29687): android.widget.TextView: miles (49)
D/umd.troyd(29687): android.widget.TextView:  (50)
D/umd.troyd(29687): android.widget.ImageView@4069abf8: 2131558517 (51)
D/umd.troyd(29687): android.widget.LinearLayout@40767510: -1 (52)
D/umd.troyd(29687): android.widget.RelativeLayout@407676a8: -1 (53)
D/umd.troyd(29687): android.widget.RelativeLayout@40779ba0: -1 (54)
D/umd.troyd(29687): android.widget.TextView: Walmart Supercenter (55)
D/umd.troyd(29687): android.widget.TextView: 782 E Interstate 30 (56)
D/umd.troyd(29687): android.widget.TextView: Rockwall, TX 75087 (57)
D/umd.troyd(29687): android.widget.RelativeLayout@406a0d18: -1 (58)
D/umd.troyd(29687): android.widget.LinearLayout@40759280: 2131558801 (59)
D/umd.troyd(29687): android.widget.TextView: 11.64 (60)
D/umd.troyd(29687): android.widget.TextView: miles (61)
D/umd.troyd(29687): android.widget.TextView:  (62)
D/umd.troyd(29687): android.widget.ImageView@40612d80: 2131558517 (63)
D/umd.troyd(29687): android.widget.LinearLayout@4073d470: -1 (64)
D/umd.troyd(29687): android.widget.RelativeLayout@4073d660: -1 (65)
D/umd.troyd(29687): android.widget.RelativeLayout@4076f4e0: -1 (66)
D/umd.troyd(29687): android.widget.TextView: Walmart Store (67)
D/umd.troyd(29687): android.widget.TextView: 9410 Webb Chapel Rd (68)
D/umd.troyd(29687): android.widget.TextView: Dallas, TX 75220 (69)
D/umd.troyd(29687): android.widget.RelativeLayout@40773848: -1 (70)
D/umd.troyd(29687): android.widget.LinearLayout@40773bc8: 2131558801 (71)
D/umd.troyd(29687): android.widget.TextView: 12.02 (72)
D/umd.troyd(29687): android.widget.TextView: miles (73)
D/umd.troyd(29687): android.widget.TextView:  (74)
D/umd.troyd(29687): android.widget.ImageView@405e5510: 2131558517 (75)
D/umd.troyd(29687): android.widget.LinearLayout@40706c58: -1 (76)
D/umd.troyd(29687): android.widget.RelativeLayout@40706e48: -1 (77)
D/umd.troyd(29687): android.widget.RelativeLayout@40707160: -1 (78)
D/umd.troyd(29687): android.widget.TextView: Neighborhood Market (79)
D/umd.troyd(29687): android.widget.TextView: 430 N Coit Rd (80)
D/umd.troyd(29687): android.widget.TextView: Dallas, TX 75080 (81)
D/umd.troyd(29687): android.widget.RelativeLayout@4074b200: -1 (82)
D/umd.troyd(29687): android.widget.LinearLayout@4074b580: 2131558801 (83)
D/umd.troyd(29687): android.widget.TextView: 12.58 (84)
D/umd.troyd(29687): android.widget.TextView: miles (85)
D/umd.troyd(29687): android.widget.TextView:  (86)
D/umd.troyd(29687): android.widget.ImageView@40742f08: 2131558517 (87)
D/umd.troyd(29687): android.widget.RelativeLayout@406c9168: 2131558541 (88)
D/umd.troyd(29687): android.widget.GridView@406c9ce0: 2131558824 (89)
D/umd.troyd(29687): android.widget.LinearLayout@406cae60: 2131558538 (90)
D/umd.troyd(29687): android.widget.RelativeLayout@406cb858: 2131558818 (91)
D/umd.troyd(29687): android.widget.ImageButton@406cc1a8: 2131558819 (92)
D/umd.troyd(29687): android.widget.RelativeLayout@406cc6c0: -1 (93)
D/umd.troyd(29687): android.widget.ImageView@406ccab0: 2131558820 (94)
D/umd.troyd(29687): android.widget.TextView: Stores (95)
D/umd.troyd(29687): android.widget.RelativeLayout@406cd9b8: -1 (96)
D/umd.troyd(29687): android.widget.Button:  (97)
D/umd.troyd(29687): android.widget.ImageView@406ce528: 2131558823 (98)
D/umd.troyd(29687): android.widget.LinearLayout@406ce7b8: 2131558542 (99)
D/umd.troyd(29687): got command getViews
D/umd.troyd(29687): android.widget.FrameLayout@406c5c70: 16908290 (0)
D/umd.troyd(29687): android.widget.RelativeLayout@406c66b0: 2131558603 (1)
D/umd.troyd(29687): android.widget.LinearLayout@406c6ae8: -1 (2)
D/umd.troyd(29687): com.walmart.android.ui.ViewStackLayout@406c7038: 2131558797 (3)
D/umd.troyd(29687): android.widget.RelativeLayout@407216a8: -1 (4)
D/umd.troyd(29687): android.widget.RelativeLayout@40721c10: 2131558790 (5)
D/umd.troyd(29687): android.widget.LinearLayout@40722790: 2131558790 (6)
D/umd.troyd(29687): android.widget.RelativeLayout@40722f70: -1 (7)
D/umd.troyd(29687): android.widget.Button:  (8)
D/umd.troyd(29687): android.widget.TextView: Search a location (9)
D/umd.troyd(29687): android.widget.Button:  (10)
D/umd.troyd(29687): android.widget.Button:  (11)
D/umd.troyd(29687): android.widget.Button:  (12)
D/umd.troyd(29687): android.widget.RelativeLayout@40727828: 2131558791 (13)
D/umd.troyd(29687): com.walmart.android.storelocator.StoreMapView@40728ac0: 2131558792 (14)
D/umd.troyd(29687): android.widget.ListView@4068a748: 2131558521 (15)
D/umd.troyd(29687): android.widget.LinearLayout@40706c58: -1 (16)
D/umd.troyd(29687): android.widget.RelativeLayout@40706e48: -1 (17)
D/umd.troyd(29687): android.widget.RelativeLayout@40707160: -1 (18)
D/umd.troyd(29687): android.widget.TextView: Neighborhood Market (19)
D/umd.troyd(29687): android.widget.TextView: 430 N Coit Rd (20)
D/umd.troyd(29687): android.widget.TextView: Dallas, TX 75080 (21)
D/umd.troyd(29687): android.widget.RelativeLayout@4074b200: -1 (22)
D/umd.troyd(29687): android.widget.LinearLayout@4074b580: 2131558801 (23)
D/umd.troyd(29687): android.widget.TextView: 12.58 (24)
D/umd.troyd(29687): android.widget.TextView: miles (25)
D/umd.troyd(29687): android.widget.TextView:  (26)
D/umd.troyd(29687): android.widget.ImageView@40742f08: 2131558517 (27)
D/umd.troyd(29687): android.widget.LinearLayout@407756a8: -1 (28)
D/umd.troyd(29687): android.widget.RelativeLayout@40775898: -1 (29)
D/umd.troyd(29687): android.widget.RelativeLayout@40776ed0: -1 (30)
D/umd.troyd(29687): android.widget.TextView: Neighborhood Market (31)
D/umd.troyd(29687): android.widget.TextView: 850 W Rusk St (32)
D/umd.troyd(29687): android.widget.TextView: Rockwall, TX 75087 (33)
D/umd.troyd(29687): android.widget.RelativeLayout@405debb0: -1 (34)
D/umd.troyd(29687): android.widget.LinearLayout@405def30: 2131558801 (35)
D/umd.troyd(29687): android.widget.TextView: 12.74 (36)
D/umd.troyd(29687): android.widget.TextView: miles (37)
D/umd.troyd(29687): android.widget.TextView:  (38)
D/umd.troyd(29687): android.widget.ImageView@40750aa8: 2131558517 (39)
D/umd.troyd(29687): android.widget.LinearLayout@4069f0b8: -1 (40)
D/umd.troyd(29687): android.widget.RelativeLayout@4069f2f8: -1 (41)
D/umd.troyd(29687): android.widget.RelativeLayout@40543a10: -1 (42)
D/umd.troyd(29687): android.widget.TextView: Walmart Supercenter (43)
D/umd.troyd(29687): android.widget.TextView: 1521 N Cockrell Hill Rd (44)
D/umd.troyd(29687): android.widget.TextView: Dallas, TX 75211 (45)
D/umd.troyd(29687): android.widget.RelativeLayout@405e6d48: -1 (46)
D/umd.troyd(29687): android.widget.LinearLayout@4074a2a8: 2131558801 (47)
D/umd.troyd(29687): android.widget.TextView: 12.80 (48)
D/umd.troyd(29687): android.widget.TextView: miles (49)
D/umd.troyd(29687): android.widget.TextView:  (50)
D/umd.troyd(29687): android.widget.ImageView@4069a880: 2131558517 (51)
D/umd.troyd(29687): android.widget.LinearLayout@407c44f0: -1 (52)
D/umd.troyd(29687): android.widget.RelativeLayout@407c46a8: -1 (53)
D/umd.troyd(29687): android.widget.RelativeLayout@405d7a30: -1 (54)
D/umd.troyd(29687): android.widget.TextView: Neighborhood Market (55)
D/umd.troyd(29687): android.widget.TextView: 12789 Midway Rd (56)
D/umd.troyd(29687): android.widget.TextView: Dallas, TX 75244 (57)
D/umd.troyd(29687): android.widget.RelativeLayout@40613eb0: -1 (58)
D/umd.troyd(29687): android.widget.LinearLayout@406b7618: 2131558801 (59)
D/umd.troyd(29687): android.widget.TextView: 13.22 (60)
D/umd.troyd(29687): android.widget.TextView: miles (61)
D/umd.troyd(29687): android.widget.TextView:  (62)
D/umd.troyd(29687): android.widget.ImageView@40767ee8: 2131558517 (63)
D/umd.troyd(29687): android.widget.LinearLayout@407668f8: -1 (64)
D/umd.troyd(29687): android.widget.RelativeLayout@40766ae8: -1 (65)
D/umd.troyd(29687): android.widget.RelativeLayout@406a23b8: -1 (66)
D/umd.troyd(29687): android.widget.TextView: Walmart Store (67)
D/umd.troyd(29687): android.widget.TextView: 13307 Midway Rd (68)
D/umd.troyd(29687): android.widget.TextView: Dallas, TX 75244 (69)
D/umd.troyd(29687): android.widget.RelativeLayout@407184e0: -1 (70)
D/umd.troyd(29687): android.widget.LinearLayout@407188d8: 2131558801 (71)
D/umd.troyd(29687): android.widget.TextView: 13.48 (72)
D/umd.troyd(29687): android.widget.TextView: miles (73)
D/umd.troyd(29687): android.widget.TextView:  (74)
D/umd.troyd(29687): android.widget.ImageView@40774548: 2131558517 (75)
D/umd.troyd(29687): android.widget.LinearLayout@407796a0: -1 (76)
D/umd.troyd(29687): android.widget.RelativeLayout@40779890: -1 (77)
D/umd.troyd(29687): android.widget.RelativeLayout@407783c8: -1 (78)
D/umd.troyd(29687): android.widget.TextView: Walmart Supercenter (79)
D/umd.troyd(29687): android.widget.TextView: 3155 W Wheatland Rd (80)
D/umd.troyd(29687): android.widget.TextView: Dallas, TX 75237 (81)
D/umd.troyd(29687): android.widget.RelativeLayout@406bcde8: -1 (82)
D/umd.troyd(29687): android.widget.LinearLayout@40741ba8: 2131558801 (83)
D/umd.troyd(29687): android.widget.TextView: 13.80 (84)
D/umd.troyd(29687): android.widget.TextView: miles (85)
D/umd.troyd(29687): android.widget.TextView:  (86)
D/umd.troyd(29687): android.widget.ImageView@40707528: 2131558517 (87)
D/umd.troyd(29687): android.widget.RelativeLayout@406c9168: 2131558541 (88)
D/umd.troyd(29687): android.widget.GridView@406c9ce0: 2131558824 (89)
D/umd.troyd(29687): android.widget.LinearLayout@406cae60: 2131558538 (90)
D/umd.troyd(29687): android.widget.RelativeLayout@406cb858: 2131558818 (91)
D/umd.troyd(29687): android.widget.ImageButton@406cc1a8: 2131558819 (92)
D/umd.troyd(29687): android.widget.RelativeLayout@406cc6c0: -1 (93)
D/umd.troyd(29687): android.widget.ImageView@406ccab0: 2131558820 (94)
D/umd.troyd(29687): android.widget.TextView: Stores (95)
D/umd.troyd(29687): android.widget.RelativeLayout@406cd9b8: -1 (96)
D/umd.troyd(29687): android.widget.Button:  (97)
D/umd.troyd(29687): android.widget.ImageView@406ce528: 2131558823 (98)
D/umd.troyd(29687): android.widget.LinearLayout@406ce7b8: 2131558542 (99)
