emulator-5568
D/umd.troyd(29642): got command getViews
D/umd.troyd(29642): android.widget.FrameLayout@406b42b8: 16908290 (0)
D/umd.troyd(29642): android.widget.RelativeLayout@406b4cf8: 2131558603 (1)
D/umd.troyd(29642): android.widget.LinearLayout@406b5130: -1 (2)
D/umd.troyd(29642): com.walmart.android.ui.ViewStackLayout@406b5680: 2131558797 (3)
D/umd.troyd(29642): android.widget.RelativeLayout@40723f10: -1 (4)
D/umd.troyd(29642): android.widget.RelativeLayout@40724478: 2131558790 (5)
D/umd.troyd(29642): android.widget.LinearLayout@40724ff8: 2131558790 (6)
D/umd.troyd(29642): android.widget.RelativeLayout@407257d8: -1 (7)
D/umd.troyd(29642): android.widget.Button:  (8)
D/umd.troyd(29642): android.widget.TextView: Search a location (9)
D/umd.troyd(29642): android.widget.Button:  (10)
D/umd.troyd(29642): android.widget.Button:  (11)
D/umd.troyd(29642): android.widget.Button:  (12)
D/umd.troyd(29642): android.widget.RelativeLayout@4072a090: 2131558791 (13)
D/umd.troyd(29642): com.walmart.android.storelocator.StoreMapView@4072b328: 2131558792 (14)
D/umd.troyd(29642): android.widget.ListView@407535c0: 2131558521 (15)
D/umd.troyd(29642): android.widget.LinearLayout@4071ca90: -1 (16)
D/umd.troyd(29642): android.widget.RelativeLayout@4071ccd0: -1 (17)
D/umd.troyd(29642): android.widget.RelativeLayout@4071d078: -1 (18)
D/umd.troyd(29642): android.widget.TextView: Walmart Supercenter (19)
D/umd.troyd(29642): android.widget.TextView: 7401 Samuell Blvd (20)
D/umd.troyd(29642): android.widget.TextView: Dallas, TX 75228 (21)
D/umd.troyd(29642): android.widget.RelativeLayout@4075caf0: -1 (22)
D/umd.troyd(29642): android.widget.LinearLayout@4075cf00: 2131558801 (23)
D/umd.troyd(29642): android.widget.TextView: 2.54 (24)
D/umd.troyd(29642): android.widget.TextView: miles (25)
D/umd.troyd(29642): android.widget.TextView:  (26)
D/umd.troyd(29642): android.widget.ImageView@4075e108: 2131558517 (27)
D/umd.troyd(29642): android.widget.LinearLayout@405f9ee8: -1 (28)
D/umd.troyd(29642): android.widget.RelativeLayout@405fa0d8: -1 (29)
D/umd.troyd(29642): android.widget.RelativeLayout@405fa480: -1 (30)
D/umd.troyd(29642): android.widget.TextView: Walmart Supercenter (31)
D/umd.troyd(29642): android.widget.TextView: 200 Us Highway 80 E (32)
D/umd.troyd(29642): android.widget.TextView: Mesquite, TX 75149 (33)
D/umd.troyd(29642): android.widget.RelativeLayout@405fe1a0: -1 (34)
D/umd.troyd(29642): android.widget.LinearLayout@406004b0: 2131558801 (35)
D/umd.troyd(29642): android.widget.TextView: 2.66 (36)
D/umd.troyd(29642): android.widget.TextView: miles (37)
D/umd.troyd(29642): android.widget.TextView:  (38)
D/umd.troyd(29642): android.widget.ImageView@40775130: 2131558517 (39)
D/umd.troyd(29642): android.widget.LinearLayout@40776cb8: -1 (40)
D/umd.troyd(29642): android.widget.RelativeLayout@407385c0: -1 (41)
D/umd.troyd(29642): android.widget.RelativeLayout@40738950: -1 (42)
D/umd.troyd(29642): android.widget.TextView: Walmart Supercenter (43)
D/umd.troyd(29642): android.widget.TextView: 12300 Lake June Rd (44)
D/umd.troyd(29642): android.widget.TextView: Balch Springs, TX 75180 (45)
D/umd.troyd(29642): android.widget.RelativeLayout@40739c60: -1 (46)
D/umd.troyd(29642): android.widget.LinearLayout@4073a070: 2131558801 (47)
D/umd.troyd(29642): android.widget.TextView: 2.78 (48)
D/umd.troyd(29642): android.widget.TextView: miles (49)
D/umd.troyd(29642): android.widget.TextView:  (50)
D/umd.troyd(29642): android.widget.ImageView@40747208: 2131558517 (51)
D/umd.troyd(29642): android.widget.LinearLayout@40748d90: -1 (52)
D/umd.troyd(29642): android.widget.RelativeLayout@40748f80: -1 (53)
D/umd.troyd(29642): android.widget.RelativeLayout@40749328: -1 (54)
D/umd.troyd(29642): android.widget.TextView: Neighborhood Market (55)
D/umd.troyd(29642): android.widget.TextView: 915 N Town East Blvd (56)
D/umd.troyd(29642): android.widget.TextView: Mesquite, TX 75150 (57)
D/umd.troyd(29642): android.widget.RelativeLayout@405e9280: -1 (58)
D/umd.troyd(29642): android.widget.LinearLayout@405e9690: 2131558801 (59)
D/umd.troyd(29642): android.widget.TextView: 3.00 (60)
D/umd.troyd(29642): android.widget.TextView: miles (61)
D/umd.troyd(29642): android.widget.TextView:  (62)
D/umd.troyd(29642): android.widget.ImageView@405ea748: 2131558517 (63)
D/umd.troyd(29642): android.widget.LinearLayout@40680e88: -1 (64)
D/umd.troyd(29642): android.widget.RelativeLayout@40681078: -1 (65)
D/umd.troyd(29642): android.widget.RelativeLayout@40681420: -1 (66)
D/umd.troyd(29642): android.widget.TextView: Neighborhood Market (67)
D/umd.troyd(29642): android.widget.TextView: 2275 Gus Thomasson Rd (68)
D/umd.troyd(29642): android.widget.TextView: Dallas, TX 75228 (69)
D/umd.troyd(29642): android.widget.RelativeLayout@406826d8: -1 (70)
D/umd.troyd(29642): android.widget.LinearLayout@40682ae8: 2131558801 (71)
D/umd.troyd(29642): android.widget.TextView: 4.06 (72)
D/umd.troyd(29642): android.widget.TextView: miles (73)
D/umd.troyd(29642): android.widget.TextView:  (74)
D/umd.troyd(29642): android.widget.ImageView@40683ba0: 2131558517 (75)
D/umd.troyd(29642): android.widget.LinearLayout@40685738: -1 (76)
D/umd.troyd(29642): android.widget.RelativeLayout@40685928: -1 (77)
D/umd.troyd(29642): android.widget.RelativeLayout@40685cd0: -1 (78)
D/umd.troyd(29642): android.widget.TextView: Walmart Supercenter (79)
D/umd.troyd(29642): android.widget.TextView: 555 W Interstate 30 (80)
D/umd.troyd(29642): android.widget.TextView: Garland, TX 75043 (81)
D/umd.troyd(29642): android.widget.RelativeLayout@40686fe0: -1 (82)
D/umd.troyd(29642): android.widget.LinearLayout@406873f0: 2131558801 (83)
D/umd.troyd(29642): android.widget.TextView: 4.85 (84)
D/umd.troyd(29642): android.widget.TextView: miles (85)
D/umd.troyd(29642): android.widget.TextView:  (86)
D/umd.troyd(29642): android.widget.ImageView@407df1e0: 2131558517 (87)
D/umd.troyd(29642): android.widget.RelativeLayout@406b77b0: 2131558541 (88)
D/umd.troyd(29642): android.widget.GridView@406b8328: 2131558824 (89)
D/umd.troyd(29642): android.widget.LinearLayout@406b94a8: 2131558538 (90)
D/umd.troyd(29642): android.widget.RelativeLayout@406b9ea0: 2131558818 (91)
D/umd.troyd(29642): android.widget.ImageButton@406ba7f0: 2131558819 (92)
D/umd.troyd(29642): android.widget.RelativeLayout@406bad08: -1 (93)
D/umd.troyd(29642): android.widget.ImageView@406bb0f8: 2131558820 (94)
D/umd.troyd(29642): android.widget.TextView: Stores (95)
D/umd.troyd(29642): android.widget.RelativeLayout@406bc000: -1 (96)
D/umd.troyd(29642): android.widget.Button:  (97)
D/umd.troyd(29642): android.widget.ImageView@406bcb70: 2131558823 (98)
D/umd.troyd(29642): android.widget.LinearLayout@406bce00: 2131558542 (99)
D/umd.troyd(29642): got command getViews
D/umd.troyd(29642): android.widget.FrameLayout@406b42b8: 16908290 (0)
D/umd.troyd(29642): android.widget.RelativeLayout@406b4cf8: 2131558603 (1)
D/umd.troyd(29642): android.widget.LinearLayout@406b5130: -1 (2)
D/umd.troyd(29642): com.walmart.android.ui.ViewStackLayout@406b5680: 2131558797 (3)
D/umd.troyd(29642): android.widget.RelativeLayout@40723f10: -1 (4)
D/umd.troyd(29642): android.widget.RelativeLayout@40724478: 2131558790 (5)
D/umd.troyd(29642): android.widget.LinearLayout@40724ff8: 2131558790 (6)
D/umd.troyd(29642): android.widget.RelativeLayout@407257d8: -1 (7)
D/umd.troyd(29642): android.widget.Button:  (8)
D/umd.troyd(29642): android.widget.TextView: Search a location (9)
D/umd.troyd(29642): android.widget.Button:  (10)
D/umd.troyd(29642): android.widget.Button:  (11)
D/umd.troyd(29642): android.widget.Button:  (12)
D/umd.troyd(29642): android.widget.RelativeLayout@4072a090: 2131558791 (13)
D/umd.troyd(29642): com.walmart.android.storelocator.StoreMapView@4072b328: 2131558792 (14)
D/umd.troyd(29642): android.widget.ListView@407535c0: 2131558521 (15)
D/umd.troyd(29642): android.widget.LinearLayout@40685738: -1 (16)
D/umd.troyd(29642): android.widget.RelativeLayout@40685928: -1 (17)
D/umd.troyd(29642): android.widget.RelativeLayout@40685cd0: -1 (18)
D/umd.troyd(29642): android.widget.TextView: Walmart Supercenter (19)
D/umd.troyd(29642): android.widget.TextView: 555 W Interstate 30 (20)
D/umd.troyd(29642): android.widget.TextView: Garland, TX 75043 (21)
D/umd.troyd(29642): android.widget.RelativeLayout@40686fe0: -1 (22)
D/umd.troyd(29642): android.widget.LinearLayout@406873f0: 2131558801 (23)
D/umd.troyd(29642): android.widget.TextView: 4.85 (24)
D/umd.troyd(29642): android.widget.TextView: miles (25)
D/umd.troyd(29642): android.widget.TextView:  (26)
D/umd.troyd(29642): android.widget.ImageView@407df1e0: 2131558517 (27)
D/umd.troyd(29642): android.widget.LinearLayout@407251f0: -1 (28)
D/umd.troyd(29642): android.widget.RelativeLayout@407253e0: -1 (29)
D/umd.troyd(29642): android.widget.RelativeLayout@40781a20: -1 (30)
D/umd.troyd(29642): android.widget.TextView: Walmart Supercenter (31)
D/umd.troyd(29642): android.widget.TextView: 1801 Marketplace Dr (32)
D/umd.troyd(29642): android.widget.TextView: Garland, TX 75041 (33)
D/umd.troyd(29642): android.widget.RelativeLayout@4070c098: -1 (34)
D/umd.troyd(29642): android.widget.LinearLayout@4070f990: 2131558801 (35)
D/umd.troyd(29642): android.widget.TextView: 5.52 (36)
D/umd.troyd(29642): android.widget.TextView: miles (37)
D/umd.troyd(29642): android.widget.TextView:  (38)
D/umd.troyd(29642): android.widget.ImageView@4060c168: 2131558517 (39)
D/umd.troyd(29642): android.widget.LinearLayout@406eb0b0: -1 (40)
D/umd.troyd(29642): android.widget.RelativeLayout@406eb280: -1 (41)
D/umd.troyd(29642): android.widget.RelativeLayout@405dc840: -1 (42)
D/umd.troyd(29642): android.widget.TextView: Neighborhood Market (43)
D/umd.troyd(29642): android.widget.TextView: 3959 Broadway Blvd (44)
D/umd.troyd(29642): android.widget.TextView: Garland, TX 75043 (45)
D/umd.troyd(29642): android.widget.RelativeLayout@4073d9f8: -1 (46)
D/umd.troyd(29642): android.widget.LinearLayout@40742e28: 2131558801 (47)
D/umd.troyd(29642): android.widget.TextView: 5.97 (48)
D/umd.troyd(29642): android.widget.TextView: miles (49)
D/umd.troyd(29642): android.widget.TextView:  (50)
D/umd.troyd(29642): android.widget.ImageView@40604b08: 2131558517 (51)
D/umd.troyd(29642): android.widget.LinearLayout@406ffdf0: -1 (52)
D/umd.troyd(29642): android.widget.RelativeLayout@406fffe0: -1 (53)
D/umd.troyd(29642): android.widget.RelativeLayout@40716058: -1 (54)
D/umd.troyd(29642): android.widget.TextView: Neighborhood Market (55)
D/umd.troyd(29642): android.widget.TextView: 2218 Greenville Ave (56)
D/umd.troyd(29642): android.widget.TextView: Dallas, TX 75206 (57)
D/umd.troyd(29642): android.widget.RelativeLayout@40713940: -1 (58)
D/umd.troyd(29642): android.widget.LinearLayout@407091c8: 2131558801 (59)
D/umd.troyd(29642): android.widget.TextView: 6.81 (60)
D/umd.troyd(29642): android.widget.TextView: miles (61)
D/umd.troyd(29642): android.widget.TextView:  (62)
D/umd.troyd(29642): android.widget.ImageView@40600b18: 2131558517 (63)
D/umd.troyd(29642): android.widget.LinearLayout@407e9ad0: -1 (64)
D/umd.troyd(29642): android.widget.RelativeLayout@407e9cc0: -1 (65)
D/umd.troyd(29642): android.widget.RelativeLayout@40601bc8: -1 (66)
D/umd.troyd(29642): android.widget.TextView: Neighborhood Market (67)
D/umd.troyd(29642): android.widget.TextView: 2305 N Central Expy (68)
D/umd.troyd(29642): android.widget.TextView: Dallas, TX 75204 (69)
D/umd.troyd(29642): android.widget.RelativeLayout@4067db10: -1 (70)
D/umd.troyd(29642): android.widget.LinearLayout@4067df20: 2131558801 (71)
D/umd.troyd(29642): android.widget.TextView: 7.61 (72)
D/umd.troyd(29642): android.widget.TextView: miles (73)
D/umd.troyd(29642): android.widget.TextView:  (74)
D/umd.troyd(29642): android.widget.ImageView@40712630: 2131558517 (75)
D/umd.troyd(29642): android.widget.LinearLayout@407148d0: -1 (76)
D/umd.troyd(29642): android.widget.RelativeLayout@40714ac0: -1 (77)
D/umd.troyd(29642): android.widget.RelativeLayout@40714e68: -1 (78)
D/umd.troyd(29642): android.widget.TextView: Walmart Supercenter (79)
D/umd.troyd(29642): android.widget.TextView: 6185 Retail Rd (80)
D/umd.troyd(29642): android.widget.TextView: Dallas, TX 75231 (81)
D/umd.troyd(29642): android.widget.RelativeLayout@40516d20: -1 (82)
D/umd.troyd(29642): android.widget.LinearLayout@40517118: 2131558801 (83)
D/umd.troyd(29642): android.widget.TextView: 7.75 (84)
D/umd.troyd(29642): android.widget.TextView: miles (85)
D/umd.troyd(29642): android.widget.TextView:  (86)
D/umd.troyd(29642): android.widget.ImageView@40626ce0: 2131558517 (87)
D/umd.troyd(29642): android.widget.RelativeLayout@406b77b0: 2131558541 (88)
D/umd.troyd(29642): android.widget.GridView@406b8328: 2131558824 (89)
D/umd.troyd(29642): android.widget.LinearLayout@406b94a8: 2131558538 (90)
D/umd.troyd(29642): android.widget.RelativeLayout@406b9ea0: 2131558818 (91)
D/umd.troyd(29642): android.widget.ImageButton@406ba7f0: 2131558819 (92)
D/umd.troyd(29642): android.widget.RelativeLayout@406bad08: -1 (93)
D/umd.troyd(29642): android.widget.ImageView@406bb0f8: 2131558820 (94)
D/umd.troyd(29642): android.widget.TextView: Stores (95)
D/umd.troyd(29642): android.widget.RelativeLayout@406bc000: -1 (96)
D/umd.troyd(29642): android.widget.Button:  (97)
D/umd.troyd(29642): android.widget.ImageView@406bcb70: 2131558823 (98)
D/umd.troyd(29642): android.widget.LinearLayout@406bce00: 2131558542 (99)
D/umd.troyd(29642): got command getViews
D/umd.troyd(29642): android.widget.FrameLayout@406b42b8: 16908290 (0)
D/umd.troyd(29642): android.widget.RelativeLayout@406b4cf8: 2131558603 (1)
D/umd.troyd(29642): android.widget.LinearLayout@406b5130: -1 (2)
D/umd.troyd(29642): com.walmart.android.ui.ViewStackLayout@406b5680: 2131558797 (3)
D/umd.troyd(29642): android.widget.RelativeLayout@40723f10: -1 (4)
D/umd.troyd(29642): android.widget.RelativeLayout@40724478: 2131558790 (5)
D/umd.troyd(29642): android.widget.LinearLayout@40724ff8: 2131558790 (6)
D/umd.troyd(29642): android.widget.RelativeLayout@407257d8: -1 (7)
D/umd.troyd(29642): android.widget.Button:  (8)
D/umd.troyd(29642): android.widget.TextView: Search a location (9)
D/umd.troyd(29642): android.widget.Button:  (10)
D/umd.troyd(29642): android.widget.Button:  (11)
D/umd.troyd(29642): android.widget.Button:  (12)
D/umd.troyd(29642): android.widget.RelativeLayout@4072a090: 2131558791 (13)
D/umd.troyd(29642): com.walmart.android.storelocator.StoreMapView@4072b328: 2131558792 (14)
D/umd.troyd(29642): android.widget.ListView@407535c0: 2131558521 (15)
D/umd.troyd(29642): android.widget.LinearLayout@407148d0: -1 (16)
D/umd.troyd(29642): android.widget.RelativeLayout@40714ac0: -1 (17)
D/umd.troyd(29642): android.widget.RelativeLayout@40714e68: -1 (18)
D/umd.troyd(29642): android.widget.TextView: Walmart Supercenter (19)
D/umd.troyd(29642): android.widget.TextView: 6185 Retail Rd (20)
D/umd.troyd(29642): android.widget.TextView: Dallas, TX 75231 (21)
D/umd.troyd(29642): android.widget.RelativeLayout@40516d20: -1 (22)
D/umd.troyd(29642): android.widget.LinearLayout@40517118: 2131558801 (23)
D/umd.troyd(29642): android.widget.TextView: 7.75 (24)
D/umd.troyd(29642): android.widget.TextView: miles (25)
D/umd.troyd(29642): android.widget.TextView:  (26)
D/umd.troyd(29642): android.widget.ImageView@40626ce0: 2131558517 (27)
D/umd.troyd(29642): android.widget.LinearLayout@4071ca90: -1 (28)
D/umd.troyd(29642): android.widget.RelativeLayout@4071ccd0: -1 (29)
D/umd.troyd(29642): android.widget.RelativeLayout@4071d078: -1 (30)
D/umd.troyd(29642): android.widget.TextView: Walmart Supercenter (31)
D/umd.troyd(29642): android.widget.TextView: 2501 Lakeview Pkwy (32)
D/umd.troyd(29642): android.widget.TextView: Rowlett, TX 75088 (33)
D/umd.troyd(29642): android.widget.RelativeLayout@4075caf0: -1 (34)
D/umd.troyd(29642): android.widget.LinearLayout@4075cf00: 2131558801 (35)
D/umd.troyd(29642): android.widget.TextView: 8.94 (36)
D/umd.troyd(29642): android.widget.TextView: miles (37)
D/umd.troyd(29642): android.widget.TextView:  (38)
D/umd.troyd(29642): android.widget.ImageView@4075e108: 2131558517 (39)
D/umd.troyd(29642): android.widget.LinearLayout@405f9ee8: -1 (40)
D/umd.troyd(29642): android.widget.RelativeLayout@405fa0d8: -1 (41)
D/umd.troyd(29642): android.widget.RelativeLayout@405fa480: -1 (42)
D/umd.troyd(29642): android.widget.TextView: Walmart Supercenter (43)
D/umd.troyd(29642): android.widget.TextView: 220 N Highway 175 (44)
D/umd.troyd(29642): android.widget.TextView: Seagoville, TX 75159 (45)
D/umd.troyd(29642): android.widget.RelativeLayout@405fe1a0: -1 (46)
D/umd.troyd(29642): android.widget.LinearLayout@406004b0: 2131558801 (47)
D/umd.troyd(29642): android.widget.TextView: 9.28 (48)
D/umd.troyd(29642): android.widget.TextView: miles (49)
D/umd.troyd(29642): android.widget.TextView:  (50)
D/umd.troyd(29642): android.widget.ImageView@40775130: 2131558517 (51)
D/umd.troyd(29642): android.widget.LinearLayout@40776cb8: -1 (52)
D/umd.troyd(29642): android.widget.RelativeLayout@407385c0: -1 (53)
D/umd.troyd(29642): android.widget.RelativeLayout@40738950: -1 (54)
D/umd.troyd(29642): android.widget.TextView: Walmart Supercenter (55)
D/umd.troyd(29642): android.widget.TextView: 9301 Forest Ln (56)
D/umd.troyd(29642): android.widget.TextView: Dallas, TX 75243 (57)
D/umd.troyd(29642): android.widget.RelativeLayout@40739c60: -1 (58)
D/umd.troyd(29642): android.widget.LinearLayout@4073a070: 2131558801 (59)
D/umd.troyd(29642): android.widget.TextView: 9.57 (60)
D/umd.troyd(29642): android.widget.TextView: miles (61)
D/umd.troyd(29642): android.widget.TextView:  (62)
D/umd.troyd(29642): android.widget.ImageView@40747208: 2131558517 (63)
D/umd.troyd(29642): android.widget.LinearLayout@40748d90: -1 (64)
D/umd.troyd(29642): android.widget.RelativeLayout@40748f80: -1 (65)
D/umd.troyd(29642): android.widget.RelativeLayout@40749328: -1 (66)
D/umd.troyd(29642): android.widget.TextView: Walmart Supercenter (67)
D/umd.troyd(29642): android.widget.TextView: 802 E Us Highway 80 (68)
D/umd.troyd(29642): android.widget.TextView: Forney, TX 75126 (69)
D/umd.troyd(29642): android.widget.RelativeLayout@405e9280: -1 (70)
D/umd.troyd(29642): android.widget.LinearLayout@405e9690: 2131558801 (71)
D/umd.troyd(29642): android.widget.TextView: 9.96 (72)
D/umd.troyd(29642): android.widget.TextView: miles (73)
D/umd.troyd(29642): android.widget.TextView:  (74)
D/umd.troyd(29642): android.widget.ImageView@405ea748: 2131558517 (75)
D/umd.troyd(29642): android.widget.LinearLayout@40680e88: -1 (76)
D/umd.troyd(29642): android.widget.RelativeLayout@40681078: -1 (77)
D/umd.troyd(29642): android.widget.RelativeLayout@40681420: -1 (78)
D/umd.troyd(29642): android.widget.TextView: Neighborhood Market (79)
D/umd.troyd(29642): android.widget.TextView: 1501 Buckingham Rd (80)
D/umd.troyd(29642): android.widget.TextView: Richardson, TX 75081 (81)
D/umd.troyd(29642): android.widget.RelativeLayout@406826d8: -1 (82)
D/umd.troyd(29642): android.widget.LinearLayout@40682ae8: 2131558801 (83)
D/umd.troyd(29642): android.widget.TextView: 10.00 (84)
D/umd.troyd(29642): android.widget.TextView: miles (85)
D/umd.troyd(29642): android.widget.TextView:  (86)
D/umd.troyd(29642): android.widget.ImageView@40683ba0: 2131558517 (87)
D/umd.troyd(29642): android.widget.RelativeLayout@406b77b0: 2131558541 (88)
D/umd.troyd(29642): android.widget.GridView@406b8328: 2131558824 (89)
D/umd.troyd(29642): android.widget.LinearLayout@406b94a8: 2131558538 (90)
D/umd.troyd(29642): android.widget.RelativeLayout@406b9ea0: 2131558818 (91)
D/umd.troyd(29642): android.widget.ImageButton@406ba7f0: 2131558819 (92)
D/umd.troyd(29642): android.widget.RelativeLayout@406bad08: -1 (93)
D/umd.troyd(29642): android.widget.ImageView@406bb0f8: 2131558820 (94)
D/umd.troyd(29642): android.widget.TextView: Stores (95)
D/umd.troyd(29642): android.widget.RelativeLayout@406bc000: -1 (96)
D/umd.troyd(29642): android.widget.Button:  (97)
D/umd.troyd(29642): android.widget.ImageView@406bcb70: 2131558823 (98)
D/umd.troyd(29642): android.widget.LinearLayout@406bce00: 2131558542 (99)
D/umd.troyd(29642): got command getViews
D/umd.troyd(29642): android.widget.FrameLayout@406b42b8: 16908290 (0)
D/umd.troyd(29642): android.widget.RelativeLayout@406b4cf8: 2131558603 (1)
D/umd.troyd(29642): android.widget.LinearLayout@406b5130: -1 (2)
D/umd.troyd(29642): com.walmart.android.ui.ViewStackLayout@406b5680: 2131558797 (3)
D/umd.troyd(29642): android.widget.RelativeLayout@40723f10: -1 (4)
D/umd.troyd(29642): android.widget.RelativeLayout@40724478: 2131558790 (5)
D/umd.troyd(29642): android.widget.LinearLayout@40724ff8: 2131558790 (6)
D/umd.troyd(29642): android.widget.RelativeLayout@407257d8: -1 (7)
D/umd.troyd(29642): android.widget.Button:  (8)
D/umd.troyd(29642): android.widget.TextView: Search a location (9)
D/umd.troyd(29642): android.widget.Button:  (10)
D/umd.troyd(29642): android.widget.Button:  (11)
D/umd.troyd(29642): android.widget.Button:  (12)
D/umd.troyd(29642): android.widget.RelativeLayout@4072a090: 2131558791 (13)
D/umd.troyd(29642): com.walmart.android.storelocator.StoreMapView@4072b328: 2131558792 (14)
D/umd.troyd(29642): android.widget.ListView@407535c0: 2131558521 (15)
D/umd.troyd(29642): android.widget.LinearLayout@40680e88: -1 (16)
D/umd.troyd(29642): android.widget.RelativeLayout@40681078: -1 (17)
D/umd.troyd(29642): android.widget.RelativeLayout@40681420: -1 (18)
D/umd.troyd(29642): android.widget.TextView: Neighborhood Market (19)
D/umd.troyd(29642): android.widget.TextView: 1501 Buckingham Rd (20)
D/umd.troyd(29642): android.widget.TextView: Richardson, TX 75081 (21)
D/umd.troyd(29642): android.widget.RelativeLayout@406826d8: -1 (22)
D/umd.troyd(29642): android.widget.LinearLayout@40682ae8: 2131558801 (23)
D/umd.troyd(29642): android.widget.TextView: 10.00 (24)
D/umd.troyd(29642): android.widget.TextView: miles (25)
D/umd.troyd(29642): android.widget.TextView:  (26)
D/umd.troyd(29642): android.widget.ImageView@40683ba0: 2131558517 (27)
D/umd.troyd(29642): android.widget.LinearLayout@40685738: -1 (28)
D/umd.troyd(29642): android.widget.RelativeLayout@40685928: -1 (29)
D/umd.troyd(29642): android.widget.RelativeLayout@40685cd0: -1 (30)
D/umd.troyd(29642): android.widget.TextView: Walmart Supercenter (31)
D/umd.troyd(29642): android.widget.TextView: 13739 N Central Expy (32)
D/umd.troyd(29642): android.widget.TextView: Dallas, TX 75243 (33)
D/umd.troyd(29642): android.widget.RelativeLayout@40686fe0: -1 (34)
D/umd.troyd(29642): android.widget.LinearLayout@406873f0: 2131558801 (35)
D/umd.troyd(29642): android.widget.TextView: 11.32 (36)
D/umd.troyd(29642): android.widget.TextView: miles (37)
D/umd.troyd(29642): android.widget.TextView:  (38)
D/umd.troyd(29642): android.widget.ImageView@407df1e0: 2131558517 (39)
D/umd.troyd(29642): android.widget.LinearLayout@407251f0: -1 (40)
D/umd.troyd(29642): android.widget.RelativeLayout@407253e0: -1 (41)
D/umd.troyd(29642): android.widget.RelativeLayout@40781a20: -1 (42)
D/umd.troyd(29642): android.widget.TextView: Walmart Supercenter (43)
D/umd.troyd(29642): android.widget.TextView: 5302 N Garland Ave (44)
D/umd.troyd(29642): android.widget.TextView: Garland, TX 75040 (45)
D/umd.troyd(29642): android.widget.RelativeLayout@4070c098: -1 (46)
D/umd.troyd(29642): android.widget.LinearLayout@4070f990: 2131558801 (47)
D/umd.troyd(29642): android.widget.TextView: 11.69 (48)
D/umd.troyd(29642): android.widget.TextView: miles (49)
D/umd.troyd(29642): android.widget.TextView:  (50)
D/umd.troyd(29642): android.widget.ImageView@4060c168: 2131558517 (51)
D/umd.troyd(29642): android.widget.LinearLayout@406eb0b0: -1 (52)
D/umd.troyd(29642): android.widget.RelativeLayout@406eb280: -1 (53)
D/umd.troyd(29642): android.widget.RelativeLayout@405dc840: -1 (54)
D/umd.troyd(29642): android.widget.TextView: Walmart Supercenter (55)
D/umd.troyd(29642): android.widget.TextView: 782 E Interstate 30 (56)
D/umd.troyd(29642): android.widget.TextView: Rockwall, TX 75087 (57)
D/umd.troyd(29642): android.widget.RelativeLayout@4073d9f8: -1 (58)
D/umd.troyd(29642): android.widget.LinearLayout@40742e28: 2131558801 (59)
D/umd.troyd(29642): android.widget.TextView: 11.89 (60)
D/umd.troyd(29642): android.widget.TextView: miles (61)
D/umd.troyd(29642): android.widget.TextView:  (62)
D/umd.troyd(29642): android.widget.ImageView@40604b08: 2131558517 (63)
D/umd.troyd(29642): android.widget.LinearLayout@406ffdf0: -1 (64)
D/umd.troyd(29642): android.widget.RelativeLayout@406fffe0: -1 (65)
D/umd.troyd(29642): android.widget.RelativeLayout@40716058: -1 (66)
D/umd.troyd(29642): android.widget.TextView: Walmart Store (67)
D/umd.troyd(29642): android.widget.TextView: 9410 Webb Chapel Rd (68)
D/umd.troyd(29642): android.widget.TextView: Dallas, TX 75220 (69)
D/umd.troyd(29642): android.widget.RelativeLayout@40713940: -1 (70)
D/umd.troyd(29642): android.widget.LinearLayout@407091c8: 2131558801 (71)
D/umd.troyd(29642): android.widget.TextView: 12.04 (72)
D/umd.troyd(29642): android.widget.TextView: miles (73)
D/umd.troyd(29642): android.widget.TextView:  (74)
D/umd.troyd(29642): android.widget.ImageView@40600b18: 2131558517 (75)
D/umd.troyd(29642): android.widget.LinearLayout@407e9ad0: -1 (76)
D/umd.troyd(29642): android.widget.RelativeLayout@407e9cc0: -1 (77)
D/umd.troyd(29642): android.widget.RelativeLayout@40601bc8: -1 (78)
D/umd.troyd(29642): android.widget.TextView: Walmart Supercenter (79)
D/umd.troyd(29642): android.widget.TextView: 1521 N Cockrell Hill Rd (80)
D/umd.troyd(29642): android.widget.TextView: Dallas, TX 75211 (81)
D/umd.troyd(29642): android.widget.RelativeLayout@4067db10: -1 (82)
D/umd.troyd(29642): android.widget.LinearLayout@4067df20: 2131558801 (83)
D/umd.troyd(29642): android.widget.TextView: 12.68 (84)
D/umd.troyd(29642): android.widget.TextView: miles (85)
D/umd.troyd(29642): android.widget.TextView:  (86)
D/umd.troyd(29642): android.widget.ImageView@40712630: 2131558517 (87)
D/umd.troyd(29642): android.widget.RelativeLayout@406b77b0: 2131558541 (88)
D/umd.troyd(29642): android.widget.GridView@406b8328: 2131558824 (89)
D/umd.troyd(29642): android.widget.LinearLayout@406b94a8: 2131558538 (90)
D/umd.troyd(29642): android.widget.RelativeLayout@406b9ea0: 2131558818 (91)
D/umd.troyd(29642): android.widget.ImageButton@406ba7f0: 2131558819 (92)
D/umd.troyd(29642): android.widget.RelativeLayout@406bad08: -1 (93)
D/umd.troyd(29642): android.widget.ImageView@406bb0f8: 2131558820 (94)
D/umd.troyd(29642): android.widget.TextView: Stores (95)
D/umd.troyd(29642): android.widget.RelativeLayout@406bc000: -1 (96)
D/umd.troyd(29642): android.widget.Button:  (97)
D/umd.troyd(29642): android.widget.ImageView@406bcb70: 2131558823 (98)
D/umd.troyd(29642): android.widget.LinearLayout@406bce00: 2131558542 (99)
D/umd.troyd(29642): got command getViews
D/umd.troyd(29642): android.widget.FrameLayout@406b42b8: 16908290 (0)
D/umd.troyd(29642): android.widget.RelativeLayout@406b4cf8: 2131558603 (1)
D/umd.troyd(29642): android.widget.LinearLayout@406b5130: -1 (2)
D/umd.troyd(29642): com.walmart.android.ui.ViewStackLayout@406b5680: 2131558797 (3)
D/umd.troyd(29642): android.widget.RelativeLayout@40723f10: -1 (4)
D/umd.troyd(29642): android.widget.RelativeLayout@40724478: 2131558790 (5)
D/umd.troyd(29642): android.widget.LinearLayout@40724ff8: 2131558790 (6)
D/umd.troyd(29642): android.widget.RelativeLayout@407257d8: -1 (7)
D/umd.troyd(29642): android.widget.Button:  (8)
D/umd.troyd(29642): android.widget.TextView: Search a location (9)
D/umd.troyd(29642): android.widget.Button:  (10)
D/umd.troyd(29642): android.widget.Button:  (11)
D/umd.troyd(29642): android.widget.Button:  (12)
D/umd.troyd(29642): android.widget.RelativeLayout@4072a090: 2131558791 (13)
D/umd.troyd(29642): com.walmart.android.storelocator.StoreMapView@4072b328: 2131558792 (14)
D/umd.troyd(29642): android.widget.ListView@407535c0: 2131558521 (15)
D/umd.troyd(29642): android.widget.LinearLayout@407e9ad0: -1 (16)
D/umd.troyd(29642): android.widget.RelativeLayout@407e9cc0: -1 (17)
D/umd.troyd(29642): android.widget.RelativeLayout@40601bc8: -1 (18)
D/umd.troyd(29642): android.widget.TextView: Walmart Supercenter (19)
D/umd.troyd(29642): android.widget.TextView: 1521 N Cockrell Hill Rd (20)
D/umd.troyd(29642): android.widget.TextView: Dallas, TX 75211 (21)
D/umd.troyd(29642): android.widget.RelativeLayout@4067db10: -1 (22)
D/umd.troyd(29642): android.widget.LinearLayout@4067df20: 2131558801 (23)
D/umd.troyd(29642): android.widget.TextView: 12.68 (24)
D/umd.troyd(29642): android.widget.TextView: miles (25)
D/umd.troyd(29642): android.widget.TextView:  (26)
D/umd.troyd(29642): android.widget.ImageView@40712630: 2131558517 (27)
D/umd.troyd(29642): android.widget.LinearLayout@407148d0: -1 (28)
D/umd.troyd(29642): android.widget.RelativeLayout@40714ac0: -1 (29)
D/umd.troyd(29642): android.widget.RelativeLayout@40714e68: -1 (30)
D/umd.troyd(29642): android.widget.TextView: Neighborhood Market (31)
D/umd.troyd(29642): android.widget.TextView: 430 N Coit Rd (32)
D/umd.troyd(29642): android.widget.TextView: Dallas, TX 75080 (33)
D/umd.troyd(29642): android.widget.RelativeLayout@40516d20: -1 (34)
D/umd.troyd(29642): android.widget.LinearLayout@40517118: 2131558801 (35)
D/umd.troyd(29642): android.widget.TextView: 12.76 (36)
D/umd.troyd(29642): android.widget.TextView: miles (37)
D/umd.troyd(29642): android.widget.TextView:  (38)
D/umd.troyd(29642): android.widget.ImageView@40626ce0: 2131558517 (39)
D/umd.troyd(29642): android.widget.LinearLayout@4071ca90: -1 (40)
D/umd.troyd(29642): android.widget.RelativeLayout@4071ccd0: -1 (41)
D/umd.troyd(29642): android.widget.RelativeLayout@4071d078: -1 (42)
D/umd.troyd(29642): android.widget.TextView: Neighborhood Market (43)
D/umd.troyd(29642): android.widget.TextView: 850 W Rusk St (44)
D/umd.troyd(29642): android.widget.TextView: Rockwall, TX 75087 (45)
D/umd.troyd(29642): android.widget.RelativeLayout@4075caf0: -1 (46)
D/umd.troyd(29642): android.widget.LinearLayout@4075cf00: 2131558801 (47)
D/umd.troyd(29642): android.widget.TextView: 13.00 (48)
D/umd.troyd(29642): android.widget.TextView: miles (49)
D/umd.troyd(29642): android.widget.TextView:  (50)
D/umd.troyd(29642): android.widget.ImageView@4075e108: 2131558517 (51)
D/umd.troyd(29642): android.widget.LinearLayout@405f9ee8: -1 (52)
D/umd.troyd(29642): android.widget.RelativeLayout@405fa0d8: -1 (53)
D/umd.troyd(29642): android.widget.RelativeLayout@405fa480: -1 (54)
D/umd.troyd(29642): android.widget.TextView: Neighborhood Market (55)
D/umd.troyd(29642): android.widget.TextView: 12789 Midway Rd (56)
D/umd.troyd(29642): android.widget.TextView: Dallas, TX 75244 (57)
D/umd.troyd(29642): android.widget.RelativeLayout@405fe1a0: -1 (58)
D/umd.troyd(29642): android.widget.LinearLayout@406004b0: 2131558801 (59)
D/umd.troyd(29642): android.widget.TextView: 13.32 (60)
D/umd.troyd(29642): android.widget.TextView: miles (61)
D/umd.troyd(29642): android.widget.TextView:  (62)
D/umd.troyd(29642): android.widget.ImageView@40775130: 2131558517 (63)
D/umd.troyd(29642): android.widget.LinearLayout@40776cb8: -1 (64)
D/umd.troyd(29642): android.widget.RelativeLayout@407385c0: -1 (65)
D/umd.troyd(29642): android.widget.RelativeLayout@40738950: -1 (66)
D/umd.troyd(29642): android.widget.TextView: Walmart Supercenter (67)
D/umd.troyd(29642): android.widget.TextView: 3155 W Wheatland Rd (68)
D/umd.troyd(29642): android.widget.TextView: Dallas, TX 75237 (69)
D/umd.troyd(29642): android.widget.RelativeLayout@40739c60: -1 (70)
D/umd.troyd(29642): android.widget.LinearLayout@4073a070: 2131558801 (71)
D/umd.troyd(29642): android.widget.TextView: 13.57 (72)
D/umd.troyd(29642): android.widget.TextView: miles (73)
D/umd.troyd(29642): android.widget.TextView:  (74)
D/umd.troyd(29642): android.widget.ImageView@40747208: 2131558517 (75)
D/umd.troyd(29642): android.widget.LinearLayout@40748d90: -1 (76)
D/umd.troyd(29642): android.widget.RelativeLayout@40748f80: -1 (77)
D/umd.troyd(29642): android.widget.RelativeLayout@40749328: -1 (78)
D/umd.troyd(29642): android.widget.TextView: Walmart Store (79)
D/umd.troyd(29642): android.widget.TextView: 13307 Midway Rd (80)
D/umd.troyd(29642): android.widget.TextView: Dallas, TX 75244 (81)
D/umd.troyd(29642): android.widget.RelativeLayout@405e9280: -1 (82)
D/umd.troyd(29642): android.widget.LinearLayout@405e9690: 2131558801 (83)
D/umd.troyd(29642): android.widget.TextView: 13.59 (84)
D/umd.troyd(29642): android.widget.TextView: miles (85)
D/umd.troyd(29642): android.widget.TextView:  (86)
D/umd.troyd(29642): android.widget.ImageView@405ea748: 2131558517 (87)
D/umd.troyd(29642): android.widget.RelativeLayout@406b77b0: 2131558541 (88)
D/umd.troyd(29642): android.widget.GridView@406b8328: 2131558824 (89)
D/umd.troyd(29642): android.widget.LinearLayout@406b94a8: 2131558538 (90)
D/umd.troyd(29642): android.widget.RelativeLayout@406b9ea0: 2131558818 (91)
D/umd.troyd(29642): android.widget.ImageButton@406ba7f0: 2131558819 (92)
D/umd.troyd(29642): android.widget.RelativeLayout@406bad08: -1 (93)
D/umd.troyd(29642): android.widget.ImageView@406bb0f8: 2131558820 (94)
D/umd.troyd(29642): android.widget.TextView: Stores (95)
D/umd.troyd(29642): android.widget.RelativeLayout@406bc000: -1 (96)
D/umd.troyd(29642): android.widget.Button:  (97)
D/umd.troyd(29642): android.widget.ImageView@406bcb70: 2131558823 (98)
D/umd.troyd(29642): android.widget.LinearLayout@406bce00: 2131558542 (99)
