emulator-5562
D/umd.troyd(29710): got command getViews
D/umd.troyd(29710): android.widget.FrameLayout@40723280: 16908290 (0)
D/umd.troyd(29710): android.widget.RelativeLayout@40723cc0: 2131558603 (1)
D/umd.troyd(29710): android.widget.LinearLayout@407240f8: -1 (2)
D/umd.troyd(29710): com.walmart.android.ui.ViewStackLayout@40724648: 2131558797 (3)
D/umd.troyd(29710): android.widget.RelativeLayout@40735308: -1 (4)
D/umd.troyd(29710): android.widget.RelativeLayout@40735870: 2131558790 (5)
D/umd.troyd(29710): android.widget.LinearLayout@407363f0: 2131558790 (6)
D/umd.troyd(29710): android.widget.RelativeLayout@40736bd0: -1 (7)
D/umd.troyd(29710): android.widget.Button:  (8)
D/umd.troyd(29710): android.widget.TextView: Search a location (9)
D/umd.troyd(29710): android.widget.Button:  (10)
D/umd.troyd(29710): android.widget.Button:  (11)
D/umd.troyd(29710): android.widget.Button:  (12)
D/umd.troyd(29710): android.widget.RelativeLayout@4073b488: 2131558791 (13)
D/umd.troyd(29710): com.walmart.android.storelocator.StoreMapView@4073c720: 2131558792 (14)
D/umd.troyd(29710): android.widget.ListView@40757670: 2131558521 (15)
D/umd.troyd(29710): android.widget.LinearLayout@407042a8: -1 (16)
D/umd.troyd(29710): android.widget.RelativeLayout@407044e8: -1 (17)
D/umd.troyd(29710): android.widget.RelativeLayout@40704890: -1 (18)
D/umd.troyd(29710): android.widget.TextView: Walmart Supercenter (19)
D/umd.troyd(29710): android.widget.TextView: 7401 Samuell Blvd (20)
D/umd.troyd(29710): android.widget.TextView: Dallas, TX 75228 (21)
D/umd.troyd(29710): android.widget.RelativeLayout@407060c0: -1 (22)
D/umd.troyd(29710): android.widget.LinearLayout@407064d0: 2131558801 (23)
D/umd.troyd(29710): android.widget.TextView: 2.54 (24)
D/umd.troyd(29710): android.widget.TextView: miles (25)
D/umd.troyd(29710): android.widget.TextView:  (26)
D/umd.troyd(29710): android.widget.ImageView@407076d8: 2131558517 (27)
D/umd.troyd(29710): android.widget.LinearLayout@405e54c0: -1 (28)
D/umd.troyd(29710): android.widget.RelativeLayout@405e56b0: -1 (29)
D/umd.troyd(29710): android.widget.RelativeLayout@405e5a58: -1 (30)
D/umd.troyd(29710): android.widget.TextView: Walmart Supercenter (31)
D/umd.troyd(29710): android.widget.TextView: 200 Us Highway 80 E (32)
D/umd.troyd(29710): android.widget.TextView: Mesquite, TX 75149 (33)
D/umd.troyd(29710): android.widget.RelativeLayout@405e6d68: -1 (34)
D/umd.troyd(29710): android.widget.LinearLayout@405e7178: 2131558801 (35)
D/umd.troyd(29710): android.widget.TextView: 2.66 (36)
D/umd.troyd(29710): android.widget.TextView: miles (37)
D/umd.troyd(29710): android.widget.TextView:  (38)
D/umd.troyd(29710): android.widget.ImageView@405e8230: 2131558517 (39)
D/umd.troyd(29710): android.widget.LinearLayout@405e9dc8: -1 (40)
D/umd.troyd(29710): android.widget.RelativeLayout@405e9fb8: -1 (41)
D/umd.troyd(29710): android.widget.RelativeLayout@405ea360: -1 (42)
D/umd.troyd(29710): android.widget.TextView: Walmart Supercenter (43)
D/umd.troyd(29710): android.widget.TextView: 12300 Lake June Rd (44)
D/umd.troyd(29710): android.widget.TextView: Balch Springs, TX 75180 (45)
D/umd.troyd(29710): android.widget.RelativeLayout@40758600: -1 (46)
D/umd.troyd(29710): android.widget.LinearLayout@407589f0: 2131558801 (47)
D/umd.troyd(29710): android.widget.TextView: 2.78 (48)
D/umd.troyd(29710): android.widget.TextView: miles (49)
D/umd.troyd(29710): android.widget.TextView:  (50)
D/umd.troyd(29710): android.widget.ImageView@40759aa8: 2131558517 (51)
D/umd.troyd(29710): android.widget.LinearLayout@4075b650: -1 (52)
D/umd.troyd(29710): android.widget.RelativeLayout@4075b840: -1 (53)
D/umd.troyd(29710): android.widget.RelativeLayout@4075bbe8: -1 (54)
D/umd.troyd(29710): android.widget.TextView: Neighborhood Market (55)
D/umd.troyd(29710): android.widget.TextView: 915 N Town East Blvd (56)
D/umd.troyd(29710): android.widget.TextView: Mesquite, TX 75150 (57)
D/umd.troyd(29710): android.widget.RelativeLayout@4075ee38: -1 (58)
D/umd.troyd(29710): android.widget.LinearLayout@4075f248: 2131558801 (59)
D/umd.troyd(29710): android.widget.TextView: 3.00 (60)
D/umd.troyd(29710): android.widget.TextView: miles (61)
D/umd.troyd(29710): android.widget.TextView:  (62)
D/umd.troyd(29710): android.widget.ImageView@4068eb68: 2131558517 (63)
D/umd.troyd(29710): android.widget.LinearLayout@40690700: -1 (64)
D/umd.troyd(29710): android.widget.RelativeLayout@406908f0: -1 (65)
D/umd.troyd(29710): android.widget.RelativeLayout@40690c98: -1 (66)
D/umd.troyd(29710): android.widget.TextView: Neighborhood Market (67)
D/umd.troyd(29710): android.widget.TextView: 2275 Gus Thomasson Rd (68)
D/umd.troyd(29710): android.widget.TextView: Dallas, TX 75228 (69)
D/umd.troyd(29710): android.widget.RelativeLayout@40691fa8: -1 (70)
D/umd.troyd(29710): android.widget.LinearLayout@406923b8: 2131558801 (71)
D/umd.troyd(29710): android.widget.TextView: 4.06 (72)
D/umd.troyd(29710): android.widget.TextView: miles (73)
D/umd.troyd(29710): android.widget.TextView:  (74)
D/umd.troyd(29710): android.widget.ImageView@40693470: 2131558517 (75)
D/umd.troyd(29710): android.widget.LinearLayout@40695008: -1 (76)
D/umd.troyd(29710): android.widget.RelativeLayout@406951f8: -1 (77)
D/umd.troyd(29710): android.widget.RelativeLayout@406955a0: -1 (78)
D/umd.troyd(29710): android.widget.TextView: Walmart Supercenter (79)
D/umd.troyd(29710): android.widget.TextView: 555 W Interstate 30 (80)
D/umd.troyd(29710): android.widget.TextView: Garland, TX 75043 (81)
D/umd.troyd(29710): android.widget.RelativeLayout@406968b0: -1 (82)
D/umd.troyd(29710): android.widget.LinearLayout@40696cc0: 2131558801 (83)
D/umd.troyd(29710): android.widget.TextView: 4.85 (84)
D/umd.troyd(29710): android.widget.TextView: miles (85)
D/umd.troyd(29710): android.widget.TextView:  (86)
D/umd.troyd(29710): android.widget.ImageView@40697d78: 2131558517 (87)
D/umd.troyd(29710): android.widget.RelativeLayout@40726778: 2131558541 (88)
D/umd.troyd(29710): android.widget.GridView@407272f0: 2131558824 (89)
D/umd.troyd(29710): android.widget.LinearLayout@40728470: 2131558538 (90)
D/umd.troyd(29710): android.widget.RelativeLayout@40728e68: 2131558818 (91)
D/umd.troyd(29710): android.widget.ImageButton@407297b8: 2131558819 (92)
D/umd.troyd(29710): android.widget.RelativeLayout@40729cd0: -1 (93)
D/umd.troyd(29710): android.widget.ImageView@4072a0c0: 2131558820 (94)
D/umd.troyd(29710): android.widget.TextView: Stores (95)
D/umd.troyd(29710): android.widget.RelativeLayout@4072afc8: -1 (96)
D/umd.troyd(29710): android.widget.Button:  (97)
D/umd.troyd(29710): android.widget.ImageView@4072bb38: 2131558823 (98)
D/umd.troyd(29710): android.widget.LinearLayout@4072bdc8: 2131558542 (99)
D/umd.troyd(29710): got command getViews
D/umd.troyd(29710): android.widget.FrameLayout@40723280: 16908290 (0)
D/umd.troyd(29710): android.widget.RelativeLayout@40723cc0: 2131558603 (1)
D/umd.troyd(29710): android.widget.LinearLayout@407240f8: -1 (2)
D/umd.troyd(29710): com.walmart.android.ui.ViewStackLayout@40724648: 2131558797 (3)
D/umd.troyd(29710): android.widget.RelativeLayout@40735308: -1 (4)
D/umd.troyd(29710): android.widget.RelativeLayout@40735870: 2131558790 (5)
D/umd.troyd(29710): android.widget.LinearLayout@407363f0: 2131558790 (6)
D/umd.troyd(29710): android.widget.RelativeLayout@40736bd0: -1 (7)
D/umd.troyd(29710): android.widget.Button:  (8)
D/umd.troyd(29710): android.widget.TextView: Search a location (9)
D/umd.troyd(29710): android.widget.Button:  (10)
D/umd.troyd(29710): android.widget.Button:  (11)
D/umd.troyd(29710): android.widget.Button:  (12)
D/umd.troyd(29710): android.widget.RelativeLayout@4073b488: 2131558791 (13)
D/umd.troyd(29710): com.walmart.android.storelocator.StoreMapView@4073c720: 2131558792 (14)
D/umd.troyd(29710): android.widget.ListView@40757670: 2131558521 (15)
D/umd.troyd(29710): android.widget.LinearLayout@40695008: -1 (16)
D/umd.troyd(29710): android.widget.RelativeLayout@406951f8: -1 (17)
D/umd.troyd(29710): android.widget.RelativeLayout@406955a0: -1 (18)
D/umd.troyd(29710): android.widget.TextView: Walmart Supercenter (19)
D/umd.troyd(29710): android.widget.TextView: 555 W Interstate 30 (20)
D/umd.troyd(29710): android.widget.TextView: Garland, TX 75043 (21)
D/umd.troyd(29710): android.widget.RelativeLayout@406968b0: -1 (22)
D/umd.troyd(29710): android.widget.LinearLayout@40696cc0: 2131558801 (23)
D/umd.troyd(29710): android.widget.TextView: 4.85 (24)
D/umd.troyd(29710): android.widget.TextView: miles (25)
D/umd.troyd(29710): android.widget.TextView:  (26)
D/umd.troyd(29710): android.widget.ImageView@40697d78: 2131558517 (27)
D/umd.troyd(29710): android.widget.LinearLayout@40760858: -1 (28)
D/umd.troyd(29710): android.widget.RelativeLayout@40760a48: -1 (29)
D/umd.troyd(29710): android.widget.RelativeLayout@40760df0: -1 (30)
D/umd.troyd(29710): android.widget.TextView: Walmart Supercenter (31)
D/umd.troyd(29710): android.widget.TextView: 1801 Marketplace Dr (32)
D/umd.troyd(29710): android.widget.TextView: Garland, TX 75041 (33)
D/umd.troyd(29710): android.widget.RelativeLayout@4075bf80: -1 (34)
D/umd.troyd(29710): android.widget.LinearLayout@4075c390: 2131558801 (35)
D/umd.troyd(29710): android.widget.TextView: 5.52 (36)
D/umd.troyd(29710): android.widget.TextView: miles (37)
D/umd.troyd(29710): android.widget.TextView:  (38)
D/umd.troyd(29710): android.widget.ImageView@4075d448: 2131558517 (39)
D/umd.troyd(29710): android.widget.LinearLayout@4078e5e8: -1 (40)
D/umd.troyd(29710): android.widget.RelativeLayout@4078e7d8: -1 (41)
D/umd.troyd(29710): android.widget.RelativeLayout@4078eb80: -1 (42)
D/umd.troyd(29710): android.widget.TextView: Neighborhood Market (43)
D/umd.troyd(29710): android.widget.TextView: 3959 Broadway Blvd (44)
D/umd.troyd(29710): android.widget.TextView: Garland, TX 75043 (45)
D/umd.troyd(29710): android.widget.RelativeLayout@407196a8: -1 (46)
D/umd.troyd(29710): android.widget.LinearLayout@40719ab8: 2131558801 (47)
D/umd.troyd(29710): android.widget.TextView: 5.97 (48)
D/umd.troyd(29710): android.widget.TextView: miles (49)
D/umd.troyd(29710): android.widget.TextView:  (50)
D/umd.troyd(29710): android.widget.ImageView@4071ab70: 2131558517 (51)
D/umd.troyd(29710): android.widget.LinearLayout@40699378: -1 (52)
D/umd.troyd(29710): android.widget.RelativeLayout@40699568: -1 (53)
D/umd.troyd(29710): android.widget.RelativeLayout@40699910: -1 (54)
D/umd.troyd(29710): android.widget.TextView: Neighborhood Market (55)
D/umd.troyd(29710): android.widget.TextView: 2218 Greenville Ave (56)
D/umd.troyd(29710): android.widget.TextView: Dallas, TX 75206 (57)
D/umd.troyd(29710): android.widget.RelativeLayout@4078a280: -1 (58)
D/umd.troyd(29710): android.widget.LinearLayout@4078a690: 2131558801 (59)
D/umd.troyd(29710): android.widget.TextView: 6.81 (60)
D/umd.troyd(29710): android.widget.TextView: miles (61)
D/umd.troyd(29710): android.widget.TextView:  (62)
D/umd.troyd(29710): android.widget.ImageView@4078b748: 2131558517 (63)
D/umd.troyd(29710): android.widget.LinearLayout@40716ee0: -1 (64)
D/umd.troyd(29710): android.widget.RelativeLayout@407170d0: -1 (65)
D/umd.troyd(29710): android.widget.RelativeLayout@40717478: -1 (66)
D/umd.troyd(29710): android.widget.TextView: Neighborhood Market (67)
D/umd.troyd(29710): android.widget.TextView: 2305 N Central Expy (68)
D/umd.troyd(29710): android.widget.TextView: Dallas, TX 75204 (69)
D/umd.troyd(29710): android.widget.RelativeLayout@40718788: -1 (70)
D/umd.troyd(29710): android.widget.LinearLayout@4077a3a8: 2131558801 (71)
D/umd.troyd(29710): android.widget.TextView: 7.61 (72)
D/umd.troyd(29710): android.widget.TextView: miles (73)
D/umd.troyd(29710): android.widget.TextView:  (74)
D/umd.troyd(29710): android.widget.ImageView@4077b3e8: 2131558517 (75)
D/umd.troyd(29710): android.widget.LinearLayout@4066c060: -1 (76)
D/umd.troyd(29710): android.widget.RelativeLayout@4066c250: -1 (77)
D/umd.troyd(29710): android.widget.RelativeLayout@4066e4d8: -1 (78)
D/umd.troyd(29710): android.widget.TextView: Walmart Supercenter (79)
D/umd.troyd(29710): android.widget.TextView: 6185 Retail Rd (80)
D/umd.troyd(29710): android.widget.TextView: Dallas, TX 75231 (81)
D/umd.troyd(29710): android.widget.RelativeLayout@4068c708: -1 (82)
D/umd.troyd(29710): android.widget.LinearLayout@4068cb18: 2131558801 (83)
D/umd.troyd(29710): android.widget.TextView: 7.75 (84)
D/umd.troyd(29710): android.widget.TextView: miles (85)
D/umd.troyd(29710): android.widget.TextView:  (86)
D/umd.troyd(29710): android.widget.ImageView@4068dbd0: 2131558517 (87)
D/umd.troyd(29710): android.widget.RelativeLayout@40726778: 2131558541 (88)
D/umd.troyd(29710): android.widget.GridView@407272f0: 2131558824 (89)
D/umd.troyd(29710): android.widget.LinearLayout@40728470: 2131558538 (90)
D/umd.troyd(29710): android.widget.RelativeLayout@40728e68: 2131558818 (91)
D/umd.troyd(29710): android.widget.ImageButton@407297b8: 2131558819 (92)
D/umd.troyd(29710): android.widget.RelativeLayout@40729cd0: -1 (93)
D/umd.troyd(29710): android.widget.ImageView@4072a0c0: 2131558820 (94)
D/umd.troyd(29710): android.widget.TextView: Stores (95)
D/umd.troyd(29710): android.widget.RelativeLayout@4072afc8: -1 (96)
D/umd.troyd(29710): android.widget.Button:  (97)
D/umd.troyd(29710): android.widget.ImageView@4072bb38: 2131558823 (98)
D/umd.troyd(29710): android.widget.LinearLayout@4072bdc8: 2131558542 (99)
D/umd.troyd(29710): got command getViews
D/umd.troyd(29710): android.widget.FrameLayout@40723280: 16908290 (0)
D/umd.troyd(29710): android.widget.RelativeLayout@40723cc0: 2131558603 (1)
D/umd.troyd(29710): android.widget.LinearLayout@407240f8: -1 (2)
D/umd.troyd(29710): com.walmart.android.ui.ViewStackLayout@40724648: 2131558797 (3)
D/umd.troyd(29710): android.widget.RelativeLayout@40735308: -1 (4)
D/umd.troyd(29710): android.widget.RelativeLayout@40735870: 2131558790 (5)
D/umd.troyd(29710): android.widget.LinearLayout@407363f0: 2131558790 (6)
D/umd.troyd(29710): android.widget.RelativeLayout@40736bd0: -1 (7)
D/umd.troyd(29710): android.widget.Button:  (8)
D/umd.troyd(29710): android.widget.TextView: Search a location (9)
D/umd.troyd(29710): android.widget.Button:  (10)
D/umd.troyd(29710): android.widget.Button:  (11)
D/umd.troyd(29710): android.widget.Button:  (12)
D/umd.troyd(29710): android.widget.RelativeLayout@4073b488: 2131558791 (13)
D/umd.troyd(29710): com.walmart.android.storelocator.StoreMapView@4073c720: 2131558792 (14)
D/umd.troyd(29710): android.widget.ListView@40757670: 2131558521 (15)
D/umd.troyd(29710): android.widget.LinearLayout@4066c060: -1 (16)
D/umd.troyd(29710): android.widget.RelativeLayout@4066c250: -1 (17)
D/umd.troyd(29710): android.widget.RelativeLayout@4066e4d8: -1 (18)
D/umd.troyd(29710): android.widget.TextView: Walmart Supercenter (19)
D/umd.troyd(29710): android.widget.TextView: 6185 Retail Rd (20)
D/umd.troyd(29710): android.widget.TextView: Dallas, TX 75231 (21)
D/umd.troyd(29710): android.widget.RelativeLayout@4068c708: -1 (22)
D/umd.troyd(29710): android.widget.LinearLayout@4068cb18: 2131558801 (23)
D/umd.troyd(29710): android.widget.TextView: 7.75 (24)
D/umd.troyd(29710): android.widget.TextView: miles (25)
D/umd.troyd(29710): android.widget.TextView:  (26)
D/umd.troyd(29710): android.widget.ImageView@4068dbd0: 2131558517 (27)
D/umd.troyd(29710): android.widget.LinearLayout@407042a8: -1 (28)
D/umd.troyd(29710): android.widget.RelativeLayout@407044e8: -1 (29)
D/umd.troyd(29710): android.widget.RelativeLayout@40704890: -1 (30)
D/umd.troyd(29710): android.widget.TextView: Walmart Supercenter (31)
D/umd.troyd(29710): android.widget.TextView: 2501 Lakeview Pkwy (32)
D/umd.troyd(29710): android.widget.TextView: Rowlett, TX 75088 (33)
D/umd.troyd(29710): android.widget.RelativeLayout@407060c0: -1 (34)
D/umd.troyd(29710): android.widget.LinearLayout@407064d0: 2131558801 (35)
D/umd.troyd(29710): android.widget.TextView: 8.94 (36)
D/umd.troyd(29710): android.widget.TextView: miles (37)
D/umd.troyd(29710): android.widget.TextView:  (38)
D/umd.troyd(29710): android.widget.ImageView@407076d8: 2131558517 (39)
D/umd.troyd(29710): android.widget.LinearLayout@405e54c0: -1 (40)
D/umd.troyd(29710): android.widget.RelativeLayout@405e56b0: -1 (41)
D/umd.troyd(29710): android.widget.RelativeLayout@405e5a58: -1 (42)
D/umd.troyd(29710): android.widget.TextView: Walmart Supercenter (43)
D/umd.troyd(29710): android.widget.TextView: 220 N Highway 175 (44)
D/umd.troyd(29710): android.widget.TextView: Seagoville, TX 75159 (45)
D/umd.troyd(29710): android.widget.RelativeLayout@405e6d68: -1 (46)
D/umd.troyd(29710): android.widget.LinearLayout@405e7178: 2131558801 (47)
D/umd.troyd(29710): android.widget.TextView: 9.28 (48)
D/umd.troyd(29710): android.widget.TextView: miles (49)
D/umd.troyd(29710): android.widget.TextView:  (50)
D/umd.troyd(29710): android.widget.ImageView@405e8230: 2131558517 (51)
D/umd.troyd(29710): android.widget.LinearLayout@405e9dc8: -1 (52)
D/umd.troyd(29710): android.widget.RelativeLayout@405e9fb8: -1 (53)
D/umd.troyd(29710): android.widget.RelativeLayout@405ea360: -1 (54)
D/umd.troyd(29710): android.widget.TextView: Walmart Supercenter (55)
D/umd.troyd(29710): android.widget.TextView: 9301 Forest Ln (56)
D/umd.troyd(29710): android.widget.TextView: Dallas, TX 75243 (57)
D/umd.troyd(29710): android.widget.RelativeLayout@40758600: -1 (58)
D/umd.troyd(29710): android.widget.LinearLayout@407589f0: 2131558801 (59)
D/umd.troyd(29710): android.widget.TextView: 9.57 (60)
D/umd.troyd(29710): android.widget.TextView: miles (61)
D/umd.troyd(29710): android.widget.TextView:  (62)
D/umd.troyd(29710): android.widget.ImageView@40759aa8: 2131558517 (63)
D/umd.troyd(29710): android.widget.LinearLayout@4075b650: -1 (64)
D/umd.troyd(29710): android.widget.RelativeLayout@4075b840: -1 (65)
D/umd.troyd(29710): android.widget.RelativeLayout@4075bbe8: -1 (66)
D/umd.troyd(29710): android.widget.TextView: Walmart Supercenter (67)
D/umd.troyd(29710): android.widget.TextView: 802 E Us Highway 80 (68)
D/umd.troyd(29710): android.widget.TextView: Forney, TX 75126 (69)
D/umd.troyd(29710): android.widget.RelativeLayout@4075ee38: -1 (70)
D/umd.troyd(29710): android.widget.LinearLayout@4075f248: 2131558801 (71)
D/umd.troyd(29710): android.widget.TextView: 9.96 (72)
D/umd.troyd(29710): android.widget.TextView: miles (73)
D/umd.troyd(29710): android.widget.TextView:  (74)
D/umd.troyd(29710): android.widget.ImageView@4068eb68: 2131558517 (75)
D/umd.troyd(29710): android.widget.LinearLayout@40690700: -1 (76)
D/umd.troyd(29710): android.widget.RelativeLayout@406908f0: -1 (77)
D/umd.troyd(29710): android.widget.RelativeLayout@40690c98: -1 (78)
D/umd.troyd(29710): android.widget.TextView: Neighborhood Market (79)
D/umd.troyd(29710): android.widget.TextView: 1501 Buckingham Rd (80)
D/umd.troyd(29710): android.widget.TextView: Richardson, TX 75081 (81)
D/umd.troyd(29710): android.widget.RelativeLayout@40691fa8: -1 (82)
D/umd.troyd(29710): android.widget.LinearLayout@406923b8: 2131558801 (83)
D/umd.troyd(29710): android.widget.TextView: 10.00 (84)
D/umd.troyd(29710): android.widget.TextView: miles (85)
D/umd.troyd(29710): android.widget.TextView:  (86)
D/umd.troyd(29710): android.widget.ImageView@40693470: 2131558517 (87)
D/umd.troyd(29710): android.widget.RelativeLayout@40726778: 2131558541 (88)
D/umd.troyd(29710): android.widget.GridView@407272f0: 2131558824 (89)
D/umd.troyd(29710): android.widget.LinearLayout@40728470: 2131558538 (90)
D/umd.troyd(29710): android.widget.RelativeLayout@40728e68: 2131558818 (91)
D/umd.troyd(29710): android.widget.ImageButton@407297b8: 2131558819 (92)
D/umd.troyd(29710): android.widget.RelativeLayout@40729cd0: -1 (93)
D/umd.troyd(29710): android.widget.ImageView@4072a0c0: 2131558820 (94)
D/umd.troyd(29710): android.widget.TextView: Stores (95)
D/umd.troyd(29710): android.widget.RelativeLayout@4072afc8: -1 (96)
D/umd.troyd(29710): android.widget.Button:  (97)
D/umd.troyd(29710): android.widget.ImageView@4072bb38: 2131558823 (98)
D/umd.troyd(29710): android.widget.LinearLayout@4072bdc8: 2131558542 (99)
D/umd.troyd(29710): got command getViews
D/umd.troyd(29710): android.widget.FrameLayout@40723280: 16908290 (0)
D/umd.troyd(29710): android.widget.RelativeLayout@40723cc0: 2131558603 (1)
D/umd.troyd(29710): android.widget.LinearLayout@407240f8: -1 (2)
D/umd.troyd(29710): com.walmart.android.ui.ViewStackLayout@40724648: 2131558797 (3)
D/umd.troyd(29710): android.widget.RelativeLayout@40735308: -1 (4)
D/umd.troyd(29710): android.widget.RelativeLayout@40735870: 2131558790 (5)
D/umd.troyd(29710): android.widget.LinearLayout@407363f0: 2131558790 (6)
D/umd.troyd(29710): android.widget.RelativeLayout@40736bd0: -1 (7)
D/umd.troyd(29710): android.widget.Button:  (8)
D/umd.troyd(29710): android.widget.TextView: Search a location (9)
D/umd.troyd(29710): android.widget.Button:  (10)
D/umd.troyd(29710): android.widget.Button:  (11)
D/umd.troyd(29710): android.widget.Button:  (12)
D/umd.troyd(29710): android.widget.RelativeLayout@4073b488: 2131558791 (13)
D/umd.troyd(29710): com.walmart.android.storelocator.StoreMapView@4073c720: 2131558792 (14)
D/umd.troyd(29710): android.widget.ListView@40757670: 2131558521 (15)
D/umd.troyd(29710): android.widget.LinearLayout@40690700: -1 (16)
D/umd.troyd(29710): android.widget.RelativeLayout@406908f0: -1 (17)
D/umd.troyd(29710): android.widget.RelativeLayout@40690c98: -1 (18)
D/umd.troyd(29710): android.widget.TextView: Neighborhood Market (19)
D/umd.troyd(29710): android.widget.TextView: 1501 Buckingham Rd (20)
D/umd.troyd(29710): android.widget.TextView: Richardson, TX 75081 (21)
D/umd.troyd(29710): android.widget.RelativeLayout@40691fa8: -1 (22)
D/umd.troyd(29710): android.widget.LinearLayout@406923b8: 2131558801 (23)
D/umd.troyd(29710): android.widget.TextView: 10.00 (24)
D/umd.troyd(29710): android.widget.TextView: miles (25)
D/umd.troyd(29710): android.widget.TextView:  (26)
D/umd.troyd(29710): android.widget.ImageView@40693470: 2131558517 (27)
D/umd.troyd(29710): android.widget.LinearLayout@40695008: -1 (28)
D/umd.troyd(29710): android.widget.RelativeLayout@406951f8: -1 (29)
D/umd.troyd(29710): android.widget.RelativeLayout@406955a0: -1 (30)
D/umd.troyd(29710): android.widget.TextView: Walmart Supercenter (31)
D/umd.troyd(29710): android.widget.TextView: 13739 N Central Expy (32)
D/umd.troyd(29710): android.widget.TextView: Dallas, TX 75243 (33)
D/umd.troyd(29710): android.widget.RelativeLayout@406968b0: -1 (34)
D/umd.troyd(29710): android.widget.LinearLayout@40696cc0: 2131558801 (35)
D/umd.troyd(29710): android.widget.TextView: 11.32 (36)
D/umd.troyd(29710): android.widget.TextView: miles (37)
D/umd.troyd(29710): android.widget.TextView:  (38)
D/umd.troyd(29710): android.widget.ImageView@40697d78: 2131558517 (39)
D/umd.troyd(29710): android.widget.LinearLayout@40760858: -1 (40)
D/umd.troyd(29710): android.widget.RelativeLayout@40760a48: -1 (41)
D/umd.troyd(29710): android.widget.RelativeLayout@40760df0: -1 (42)
D/umd.troyd(29710): android.widget.TextView: Walmart Supercenter (43)
D/umd.troyd(29710): android.widget.TextView: 5302 N Garland Ave (44)
D/umd.troyd(29710): android.widget.TextView: Garland, TX 75040 (45)
D/umd.troyd(29710): android.widget.RelativeLayout@4075bf80: -1 (46)
D/umd.troyd(29710): android.widget.LinearLayout@4075c390: 2131558801 (47)
D/umd.troyd(29710): android.widget.TextView: 11.69 (48)
D/umd.troyd(29710): android.widget.TextView: miles (49)
D/umd.troyd(29710): android.widget.TextView:  (50)
D/umd.troyd(29710): android.widget.ImageView@4075d448: 2131558517 (51)
D/umd.troyd(29710): android.widget.LinearLayout@4078e5e8: -1 (52)
D/umd.troyd(29710): android.widget.RelativeLayout@4078e7d8: -1 (53)
D/umd.troyd(29710): android.widget.RelativeLayout@4078eb80: -1 (54)
D/umd.troyd(29710): android.widget.TextView: Walmart Supercenter (55)
D/umd.troyd(29710): android.widget.TextView: 782 E Interstate 30 (56)
D/umd.troyd(29710): android.widget.TextView: Rockwall, TX 75087 (57)
D/umd.troyd(29710): android.widget.RelativeLayout@407196a8: -1 (58)
D/umd.troyd(29710): android.widget.LinearLayout@40719ab8: 2131558801 (59)
D/umd.troyd(29710): android.widget.TextView: 11.89 (60)
D/umd.troyd(29710): android.widget.TextView: miles (61)
D/umd.troyd(29710): android.widget.TextView:  (62)
D/umd.troyd(29710): android.widget.ImageView@4071ab70: 2131558517 (63)
D/umd.troyd(29710): android.widget.LinearLayout@40699378: -1 (64)
D/umd.troyd(29710): android.widget.RelativeLayout@40699568: -1 (65)
D/umd.troyd(29710): android.widget.RelativeLayout@40699910: -1 (66)
D/umd.troyd(29710): android.widget.TextView: Walmart Store (67)
D/umd.troyd(29710): android.widget.TextView: 9410 Webb Chapel Rd (68)
D/umd.troyd(29710): android.widget.TextView: Dallas, TX 75220 (69)
D/umd.troyd(29710): android.widget.RelativeLayout@4078a280: -1 (70)
D/umd.troyd(29710): android.widget.LinearLayout@4078a690: 2131558801 (71)
D/umd.troyd(29710): android.widget.TextView: 12.04 (72)
D/umd.troyd(29710): android.widget.TextView: miles (73)
D/umd.troyd(29710): android.widget.TextView:  (74)
D/umd.troyd(29710): android.widget.ImageView@4078b748: 2131558517 (75)
D/umd.troyd(29710): android.widget.LinearLayout@40716ee0: -1 (76)
D/umd.troyd(29710): android.widget.RelativeLayout@407170d0: -1 (77)
D/umd.troyd(29710): android.widget.RelativeLayout@40717478: -1 (78)
D/umd.troyd(29710): android.widget.TextView: Walmart Supercenter (79)
D/umd.troyd(29710): android.widget.TextView: 1521 N Cockrell Hill Rd (80)
D/umd.troyd(29710): android.widget.TextView: Dallas, TX 75211 (81)
D/umd.troyd(29710): android.widget.RelativeLayout@40718788: -1 (82)
D/umd.troyd(29710): android.widget.LinearLayout@4077a3a8: 2131558801 (83)
D/umd.troyd(29710): android.widget.TextView: 12.68 (84)
D/umd.troyd(29710): android.widget.TextView: miles (85)
D/umd.troyd(29710): android.widget.TextView:  (86)
D/umd.troyd(29710): android.widget.ImageView@4077b3e8: 2131558517 (87)
D/umd.troyd(29710): android.widget.RelativeLayout@40726778: 2131558541 (88)
D/umd.troyd(29710): android.widget.GridView@407272f0: 2131558824 (89)
D/umd.troyd(29710): android.widget.LinearLayout@40728470: 2131558538 (90)
D/umd.troyd(29710): android.widget.RelativeLayout@40728e68: 2131558818 (91)
D/umd.troyd(29710): android.widget.ImageButton@407297b8: 2131558819 (92)
D/umd.troyd(29710): android.widget.RelativeLayout@40729cd0: -1 (93)
D/umd.troyd(29710): android.widget.ImageView@4072a0c0: 2131558820 (94)
D/umd.troyd(29710): android.widget.TextView: Stores (95)
D/umd.troyd(29710): android.widget.RelativeLayout@4072afc8: -1 (96)
D/umd.troyd(29710): android.widget.Button:  (97)
D/umd.troyd(29710): android.widget.ImageView@4072bb38: 2131558823 (98)
D/umd.troyd(29710): android.widget.LinearLayout@4072bdc8: 2131558542 (99)
D/umd.troyd(29710): got command getViews
D/umd.troyd(29710): android.widget.FrameLayout@40723280: 16908290 (0)
D/umd.troyd(29710): android.widget.RelativeLayout@40723cc0: 2131558603 (1)
D/umd.troyd(29710): android.widget.LinearLayout@407240f8: -1 (2)
D/umd.troyd(29710): com.walmart.android.ui.ViewStackLayout@40724648: 2131558797 (3)
D/umd.troyd(29710): android.widget.RelativeLayout@40735308: -1 (4)
D/umd.troyd(29710): android.widget.RelativeLayout@40735870: 2131558790 (5)
D/umd.troyd(29710): android.widget.LinearLayout@407363f0: 2131558790 (6)
D/umd.troyd(29710): android.widget.RelativeLayout@40736bd0: -1 (7)
D/umd.troyd(29710): android.widget.Button:  (8)
D/umd.troyd(29710): android.widget.TextView: Search a location (9)
D/umd.troyd(29710): android.widget.Button:  (10)
D/umd.troyd(29710): android.widget.Button:  (11)
D/umd.troyd(29710): android.widget.Button:  (12)
D/umd.troyd(29710): android.widget.RelativeLayout@4073b488: 2131558791 (13)
D/umd.troyd(29710): com.walmart.android.storelocator.StoreMapView@4073c720: 2131558792 (14)
D/umd.troyd(29710): android.widget.ListView@40757670: 2131558521 (15)
D/umd.troyd(29710): android.widget.LinearLayout@40716ee0: -1 (16)
D/umd.troyd(29710): android.widget.RelativeLayout@407170d0: -1 (17)
D/umd.troyd(29710): android.widget.RelativeLayout@40717478: -1 (18)
D/umd.troyd(29710): android.widget.TextView: Walmart Supercenter (19)
D/umd.troyd(29710): android.widget.TextView: 1521 N Cockrell Hill Rd (20)
D/umd.troyd(29710): android.widget.TextView: Dallas, TX 75211 (21)
D/umd.troyd(29710): android.widget.RelativeLayout@40718788: -1 (22)
D/umd.troyd(29710): android.widget.LinearLayout@4077a3a8: 2131558801 (23)
D/umd.troyd(29710): android.widget.TextView: 12.68 (24)
D/umd.troyd(29710): android.widget.TextView: miles (25)
D/umd.troyd(29710): android.widget.TextView:  (26)
D/umd.troyd(29710): android.widget.ImageView@4077b3e8: 2131558517 (27)
D/umd.troyd(29710): android.widget.LinearLayout@4066c060: -1 (28)
D/umd.troyd(29710): android.widget.RelativeLayout@4066c250: -1 (29)
D/umd.troyd(29710): android.widget.RelativeLayout@4066e4d8: -1 (30)
D/umd.troyd(29710): android.widget.TextView: Neighborhood Market (31)
D/umd.troyd(29710): android.widget.TextView: 430 N Coit Rd (32)
D/umd.troyd(29710): android.widget.TextView: Dallas, TX 75080 (33)
D/umd.troyd(29710): android.widget.RelativeLayout@4068c708: -1 (34)
D/umd.troyd(29710): android.widget.LinearLayout@4068cb18: 2131558801 (35)
D/umd.troyd(29710): android.widget.TextView: 12.76 (36)
D/umd.troyd(29710): android.widget.TextView: miles (37)
D/umd.troyd(29710): android.widget.TextView:  (38)
D/umd.troyd(29710): android.widget.ImageView@4068dbd0: 2131558517 (39)
D/umd.troyd(29710): android.widget.LinearLayout@407042a8: -1 (40)
D/umd.troyd(29710): android.widget.RelativeLayout@407044e8: -1 (41)
D/umd.troyd(29710): android.widget.RelativeLayout@40704890: -1 (42)
D/umd.troyd(29710): android.widget.TextView: Neighborhood Market (43)
D/umd.troyd(29710): android.widget.TextView: 850 W Rusk St (44)
D/umd.troyd(29710): android.widget.TextView: Rockwall, TX 75087 (45)
D/umd.troyd(29710): android.widget.RelativeLayout@407060c0: -1 (46)
D/umd.troyd(29710): android.widget.LinearLayout@407064d0: 2131558801 (47)
D/umd.troyd(29710): android.widget.TextView: 13.00 (48)
D/umd.troyd(29710): android.widget.TextView: miles (49)
D/umd.troyd(29710): android.widget.TextView:  (50)
D/umd.troyd(29710): android.widget.ImageView@407076d8: 2131558517 (51)
D/umd.troyd(29710): android.widget.LinearLayout@405e54c0: -1 (52)
D/umd.troyd(29710): android.widget.RelativeLayout@405e56b0: -1 (53)
D/umd.troyd(29710): android.widget.RelativeLayout@405e5a58: -1 (54)
D/umd.troyd(29710): android.widget.TextView: Neighborhood Market (55)
D/umd.troyd(29710): android.widget.TextView: 12789 Midway Rd (56)
D/umd.troyd(29710): android.widget.TextView: Dallas, TX 75244 (57)
D/umd.troyd(29710): android.widget.RelativeLayout@405e6d68: -1 (58)
D/umd.troyd(29710): android.widget.LinearLayout@405e7178: 2131558801 (59)
D/umd.troyd(29710): android.widget.TextView: 13.32 (60)
D/umd.troyd(29710): android.widget.TextView: miles (61)
D/umd.troyd(29710): android.widget.TextView:  (62)
D/umd.troyd(29710): android.widget.ImageView@405e8230: 2131558517 (63)
D/umd.troyd(29710): android.widget.LinearLayout@405e9dc8: -1 (64)
D/umd.troyd(29710): android.widget.RelativeLayout@405e9fb8: -1 (65)
D/umd.troyd(29710): android.widget.RelativeLayout@405ea360: -1 (66)
D/umd.troyd(29710): android.widget.TextView: Walmart Supercenter (67)
D/umd.troyd(29710): android.widget.TextView: 3155 W Wheatland Rd (68)
D/umd.troyd(29710): android.widget.TextView: Dallas, TX 75237 (69)
D/umd.troyd(29710): android.widget.RelativeLayout@40758600: -1 (70)
D/umd.troyd(29710): android.widget.LinearLayout@407589f0: 2131558801 (71)
D/umd.troyd(29710): android.widget.TextView: 13.57 (72)
D/umd.troyd(29710): android.widget.TextView: miles (73)
D/umd.troyd(29710): android.widget.TextView:  (74)
D/umd.troyd(29710): android.widget.ImageView@40759aa8: 2131558517 (75)
D/umd.troyd(29710): android.widget.LinearLayout@4075b650: -1 (76)
D/umd.troyd(29710): android.widget.RelativeLayout@4075b840: -1 (77)
D/umd.troyd(29710): android.widget.RelativeLayout@4075bbe8: -1 (78)
D/umd.troyd(29710): android.widget.TextView: Walmart Store (79)
D/umd.troyd(29710): android.widget.TextView: 13307 Midway Rd (80)
D/umd.troyd(29710): android.widget.TextView: Dallas, TX 75244 (81)
D/umd.troyd(29710): android.widget.RelativeLayout@4075ee38: -1 (82)
D/umd.troyd(29710): android.widget.LinearLayout@4075f248: 2131558801 (83)
D/umd.troyd(29710): android.widget.TextView: 13.59 (84)
D/umd.troyd(29710): android.widget.TextView: miles (85)
D/umd.troyd(29710): android.widget.TextView:  (86)
D/umd.troyd(29710): android.widget.ImageView@4068eb68: 2131558517 (87)
D/umd.troyd(29710): android.widget.RelativeLayout@40726778: 2131558541 (88)
D/umd.troyd(29710): android.widget.GridView@407272f0: 2131558824 (89)
D/umd.troyd(29710): android.widget.LinearLayout@40728470: 2131558538 (90)
D/umd.troyd(29710): android.widget.RelativeLayout@40728e68: 2131558818 (91)
D/umd.troyd(29710): android.widget.ImageButton@407297b8: 2131558819 (92)
D/umd.troyd(29710): android.widget.RelativeLayout@40729cd0: -1 (93)
D/umd.troyd(29710): android.widget.ImageView@4072a0c0: 2131558820 (94)
D/umd.troyd(29710): android.widget.TextView: Stores (95)
D/umd.troyd(29710): android.widget.RelativeLayout@4072afc8: -1 (96)
D/umd.troyd(29710): android.widget.Button:  (97)
D/umd.troyd(29710): android.widget.ImageView@4072bb38: 2131558823 (98)
D/umd.troyd(29710): android.widget.LinearLayout@4072bdc8: 2131558542 (99)
