emulator-5560
D/umd.troyd(  511): got command getViews
D/umd.troyd(  511): android.widget.FrameLayout@406d4af0: 16908290 (0)
D/umd.troyd(  511): android.widget.RelativeLayout@406d5530: 2131558603 (1)
D/umd.troyd(  511): android.widget.LinearLayout@4071afd8: -1 (2)
D/umd.troyd(  511): com.walmart.android.ui.ViewStackLayout@4071b408: 2131558797 (3)
D/umd.troyd(  511): android.widget.RelativeLayout@4072c0c8: -1 (4)
D/umd.troyd(  511): android.widget.RelativeLayout@4072c630: 2131558790 (5)
D/umd.troyd(  511): android.widget.LinearLayout@4072d1b0: 2131558790 (6)
D/umd.troyd(  511): android.widget.RelativeLayout@4072d990: -1 (7)
D/umd.troyd(  511): android.widget.Button:  (8)
D/umd.troyd(  511): android.widget.TextView: Search a location (9)
D/umd.troyd(  511): android.widget.Button:  (10)
D/umd.troyd(  511): android.widget.Button:  (11)
D/umd.troyd(  511): android.widget.Button:  (12)
D/umd.troyd(  511): android.widget.RelativeLayout@40732248: 2131558791 (13)
D/umd.troyd(  511): com.walmart.android.storelocator.StoreMapView@407334e0: 2131558792 (14)
D/umd.troyd(  511): android.widget.ListView@4073ab50: 2131558521 (15)
D/umd.troyd(  511): android.widget.LinearLayout@40775488: -1 (16)
D/umd.troyd(  511): android.widget.RelativeLayout@407755d8: -1 (17)
D/umd.troyd(  511): android.widget.RelativeLayout@40776b68: -1 (18)
D/umd.troyd(  511): android.widget.TextView: Walmart Supercenter (19)
D/umd.troyd(  511): android.widget.TextView: 6420 Petrie Way Rd (20)
D/umd.troyd(  511): android.widget.TextView: Baltimore, MD 21237 (21)
D/umd.troyd(  511): android.widget.RelativeLayout@405e8db8: -1 (22)
D/umd.troyd(  511): android.widget.LinearLayout@4062b548: 2131558801 (23)
D/umd.troyd(  511): android.widget.TextView: 2.09 (24)
D/umd.troyd(  511): android.widget.TextView: miles (25)
D/umd.troyd(  511): android.widget.TextView:  (26)
D/umd.troyd(  511): android.widget.ImageView@405e72f8: 2131558517 (27)
D/umd.troyd(  511): android.widget.LinearLayout@406d4000: -1 (28)
D/umd.troyd(  511): android.widget.RelativeLayout@406d4150: -1 (29)
D/umd.troyd(  511): android.widget.RelativeLayout@4073ce30: -1 (30)
D/umd.troyd(  511): android.widget.TextView: Walmart Supercenter (31)
D/umd.troyd(  511): android.widget.TextView: 8118 Perry Hills Ct (32)
D/umd.troyd(  511): android.widget.TextView: Nottingham, MD 21236 (33)
D/umd.troyd(  511): android.widget.RelativeLayout@406106d0: -1 (34)
D/umd.troyd(  511): android.widget.LinearLayout@40613b70: 2131558801 (35)
D/umd.troyd(  511): android.widget.TextView: 2.19 (36)
D/umd.troyd(  511): android.widget.TextView: miles (37)
D/umd.troyd(  511): android.widget.TextView:  (38)
D/umd.troyd(  511): android.widget.ImageView@406d44c8: 2131558517 (39)
D/umd.troyd(  511): android.widget.LinearLayout@405eefc8: -1 (40)
D/umd.troyd(  511): android.widget.RelativeLayout@406f0a80: -1 (41)
D/umd.troyd(  511): android.widget.RelativeLayout@40738618: -1 (42)
D/umd.troyd(  511): android.widget.TextView: Walmart Store (43)
D/umd.troyd(  511): android.widget.TextView: 1238 Putty Hill Ave Ste 5 (44)
D/umd.troyd(  511): android.widget.TextView: Towson, MD 21286 (45)
D/umd.troyd(  511): android.widget.RelativeLayout@407d7ac8: -1 (46)
D/umd.troyd(  511): android.widget.LinearLayout@407da2c0: 2131558801 (47)
D/umd.troyd(  511): android.widget.TextView: 3.68 (48)
D/umd.troyd(  511): android.widget.TextView: miles (49)
D/umd.troyd(  511): android.widget.TextView:  (50)
D/umd.troyd(  511): android.widget.ImageView@407ea4a0: 2131558517 (51)
D/umd.troyd(  511): android.widget.LinearLayout@4060fe10: -1 (52)
D/umd.troyd(  511): android.widget.RelativeLayout@4060ffa8: -1 (53)
D/umd.troyd(  511): android.widget.RelativeLayout@40738ee0: -1 (54)
D/umd.troyd(  511): android.widget.TextView: Walmart Store (55)
D/umd.troyd(  511): android.widget.TextView: 2399 North Point Blvd (56)
D/umd.troyd(  511): android.widget.TextView: Dundalk, MD 21222 (57)
D/umd.troyd(  511): android.widget.RelativeLayout@407090d8: -1 (58)
D/umd.troyd(  511): android.widget.LinearLayout@40709230: 2131558801 (59)
D/umd.troyd(  511): android.widget.TextView: 3.96 (60)
D/umd.troyd(  511): android.widget.TextView: miles (61)
D/umd.troyd(  511): android.widget.TextView:  (62)
D/umd.troyd(  511): android.widget.ImageView@407a6998: 2131558517 (63)
D/umd.troyd(  511): android.widget.LinearLayout@405dec60: -1 (64)
D/umd.troyd(  511): android.widget.RelativeLayout@407389b0: -1 (65)
D/umd.troyd(  511): android.widget.RelativeLayout@405c45f0: -1 (66)
D/umd.troyd(  511): android.widget.TextView: Walmart Store (67)
D/umd.troyd(  511): android.widget.TextView: 112 Carroll Island Rd (68)
D/umd.troyd(  511): android.widget.TextView: Baltimore, MD 21220 (69)
D/umd.troyd(  511): android.widget.RelativeLayout@405d4b20: -1 (70)
D/umd.troyd(  511): android.widget.LinearLayout@405e4e10: 2131558801 (71)
D/umd.troyd(  511): android.widget.TextView: 6.08 (72)
D/umd.troyd(  511): android.widget.TextView: miles (73)
D/umd.troyd(  511): android.widget.TextView:  (74)
D/umd.troyd(  511): android.widget.ImageView@40775f00: 2131558517 (75)
D/umd.troyd(  511): android.widget.LinearLayout@406cdb38: -1 (76)
D/umd.troyd(  511): android.widget.RelativeLayout@405c4228: -1 (77)
D/umd.troyd(  511): android.widget.RelativeLayout@40742538: -1 (78)
D/umd.troyd(  511): android.widget.TextView: Walmart Store (79)
D/umd.troyd(  511): android.widget.TextView: 2701 Port Covington Dr (80)
D/umd.troyd(  511): android.widget.TextView: Baltimore, MD 21230 (81)
D/umd.troyd(  511): android.widget.RelativeLayout@4075a3b8: -1 (82)
D/umd.troyd(  511): android.widget.LinearLayout@407674b0: 2131558801 (83)
D/umd.troyd(  511): android.widget.TextView: 6.43 (84)
D/umd.troyd(  511): android.widget.TextView: miles (85)
D/umd.troyd(  511): android.widget.TextView:  (86)
D/umd.troyd(  511): android.widget.ImageView@40755720: 2131558517 (87)
D/umd.troyd(  511): android.widget.RelativeLayout@4071d538: 2131558541 (88)
D/umd.troyd(  511): android.widget.GridView@4071e0b0: 2131558824 (89)
D/umd.troyd(  511): android.widget.LinearLayout@4071f230: 2131558538 (90)
D/umd.troyd(  511): android.widget.RelativeLayout@4071fc28: 2131558818 (91)
D/umd.troyd(  511): android.widget.ImageButton@40720578: 2131558819 (92)
D/umd.troyd(  511): android.widget.RelativeLayout@40720a90: -1 (93)
D/umd.troyd(  511): android.widget.ImageView@40720e80: 2131558820 (94)
D/umd.troyd(  511): android.widget.TextView: Stores (95)
D/umd.troyd(  511): android.widget.RelativeLayout@40721d88: -1 (96)
D/umd.troyd(  511): android.widget.Button:  (97)
D/umd.troyd(  511): android.widget.ImageView@407228f8: 2131558823 (98)
D/umd.troyd(  511): android.widget.LinearLayout@40722b88: 2131558542 (99)
D/umd.troyd(  511): got command getViews
D/umd.troyd(  511): android.widget.FrameLayout@406d4af0: 16908290 (0)
D/umd.troyd(  511): android.widget.RelativeLayout@406d5530: 2131558603 (1)
D/umd.troyd(  511): android.widget.LinearLayout@4071afd8: -1 (2)
D/umd.troyd(  511): com.walmart.android.ui.ViewStackLayout@4071b408: 2131558797 (3)
D/umd.troyd(  511): android.widget.RelativeLayout@4072c0c8: -1 (4)
D/umd.troyd(  511): android.widget.RelativeLayout@4072c630: 2131558790 (5)
D/umd.troyd(  511): android.widget.LinearLayout@4072d1b0: 2131558790 (6)
D/umd.troyd(  511): android.widget.RelativeLayout@4072d990: -1 (7)
D/umd.troyd(  511): android.widget.Button:  (8)
D/umd.troyd(  511): android.widget.TextView: Search a location (9)
D/umd.troyd(  511): android.widget.Button:  (10)
D/umd.troyd(  511): android.widget.Button:  (11)
D/umd.troyd(  511): android.widget.Button:  (12)
D/umd.troyd(  511): android.widget.RelativeLayout@40732248: 2131558791 (13)
D/umd.troyd(  511): com.walmart.android.storelocator.StoreMapView@407334e0: 2131558792 (14)
D/umd.troyd(  511): android.widget.ListView@4073ab50: 2131558521 (15)
D/umd.troyd(  511): android.widget.LinearLayout@406cdb38: -1 (16)
D/umd.troyd(  511): android.widget.RelativeLayout@405c4228: -1 (17)
D/umd.troyd(  511): android.widget.RelativeLayout@40742538: -1 (18)
D/umd.troyd(  511): android.widget.TextView: Walmart Store (19)
D/umd.troyd(  511): android.widget.TextView: 2701 Port Covington Dr (20)
D/umd.troyd(  511): android.widget.TextView: Baltimore, MD 21230 (21)
D/umd.troyd(  511): android.widget.RelativeLayout@4075a3b8: -1 (22)
D/umd.troyd(  511): android.widget.LinearLayout@407674b0: 2131558801 (23)
D/umd.troyd(  511): android.widget.TextView: 6.43 (24)
D/umd.troyd(  511): android.widget.TextView: miles (25)
D/umd.troyd(  511): android.widget.TextView:  (26)
D/umd.troyd(  511): android.widget.ImageView@40755720: 2131558517 (27)
D/umd.troyd(  511): android.widget.LinearLayout@4075eba0: -1 (28)
D/umd.troyd(  511): android.widget.RelativeLayout@4075ed90: -1 (29)
D/umd.troyd(  511): android.widget.RelativeLayout@4075f138: -1 (30)
D/umd.troyd(  511): android.widget.TextView: Walmart Supercenter (31)
D/umd.troyd(  511): android.widget.TextView: 1 Frankel Way (32)
D/umd.troyd(  511): android.widget.TextView: Cockeysville, MD 21030 (33)
D/umd.troyd(  511): android.widget.RelativeLayout@40760448: -1 (34)
D/umd.troyd(  511): android.widget.LinearLayout@40760858: 2131558801 (35)
D/umd.troyd(  511): android.widget.TextView: 8.70 (36)
D/umd.troyd(  511): android.widget.TextView: miles (37)
D/umd.troyd(  511): android.widget.TextView:  (38)
D/umd.troyd(  511): android.widget.ImageView@40751f90: 2131558517 (39)
D/umd.troyd(  511): android.widget.LinearLayout@40613cf8: -1 (40)
D/umd.troyd(  511): android.widget.RelativeLayout@406c5980: -1 (41)
D/umd.troyd(  511): android.widget.RelativeLayout@4072a338: -1 (42)
D/umd.troyd(  511): android.widget.TextView: Walmart Supercenter (43)
D/umd.troyd(  511): android.widget.TextView: 3601 Washington Blvd (44)
D/umd.troyd(  511): android.widget.TextView: Arbutus, MD 21227 (45)
D/umd.troyd(  511): android.widget.RelativeLayout@407315d0: -1 (46)
D/umd.troyd(  511): android.widget.LinearLayout@4075e9f8: 2131558801 (47)
D/umd.troyd(  511): android.widget.TextView: 8.70 (48)
D/umd.troyd(  511): android.widget.TextView: miles (49)
D/umd.troyd(  511): android.widget.TextView:  (50)
D/umd.troyd(  511): android.widget.ImageView@407554a0: 2131558517 (51)
D/umd.troyd(  511): android.widget.LinearLayout@4077b9a8: -1 (52)
D/umd.troyd(  511): android.widget.RelativeLayout@407804f8: -1 (53)
D/umd.troyd(  511): android.widget.RelativeLayout@4078bd80: -1 (54)
D/umd.troyd(  511): android.widget.TextView: Walmart Store (55)
D/umd.troyd(  511): android.widget.TextView: 6721 Chesapeake Center Dr (56)
D/umd.troyd(  511): android.widget.TextView: Glen Burnie, MD 21060 (57)
D/umd.troyd(  511): android.widget.RelativeLayout@407ba580: -1 (58)
D/umd.troyd(  511): android.widget.LinearLayout@407bd500: 2131558801 (59)
D/umd.troyd(  511): android.widget.TextView: 10.00 (60)
D/umd.troyd(  511): android.widget.TextView: miles (61)
D/umd.troyd(  511): android.widget.TextView:  (62)
D/umd.troyd(  511): android.widget.ImageView@407bee60: 2131558517 (63)
D/umd.troyd(  511): android.widget.LinearLayout@407c03b8: -1 (64)
D/umd.troyd(  511): android.widget.RelativeLayout@407bbac0: -1 (65)
D/umd.troyd(  511): android.widget.RelativeLayout@407eeb48: -1 (66)
D/umd.troyd(  511): android.widget.TextView: Walmart Store (67)
D/umd.troyd(  511): android.widget.TextView: 6205 Baltimore National Pike (68)
D/umd.troyd(  511): android.widget.TextView: Catonsville, MD 21228 (69)
D/umd.troyd(  511): android.widget.RelativeLayout@4076c118: -1 (70)
D/umd.troyd(  511): android.widget.LinearLayout@407c2878: 2131558801 (71)
D/umd.troyd(  511): android.widget.TextView: 10.92 (72)
D/umd.troyd(  511): android.widget.TextView: miles (73)
D/umd.troyd(  511): android.widget.TextView:  (74)
D/umd.troyd(  511): android.widget.ImageView@407c42d8: 2131558517 (75)
D/umd.troyd(  511): android.widget.LinearLayout@407c5ca8: -1 (76)
D/umd.troyd(  511): android.widget.RelativeLayout@40791760: -1 (77)
D/umd.troyd(  511): android.widget.RelativeLayout@407991d0: -1 (78)
D/umd.troyd(  511): android.widget.TextView: Walmart Supercenter (79)
D/umd.troyd(  511): android.widget.TextView: 303 Fallston Blvd (80)
D/umd.troyd(  511): android.widget.TextView: Fallston, MD 21047 (81)
D/umd.troyd(  511): android.widget.RelativeLayout@405d2270: -1 (82)
D/umd.troyd(  511): android.widget.LinearLayout@407c97e8: 2131558801 (83)
D/umd.troyd(  511): android.widget.TextView: 11.33 (84)
D/umd.troyd(  511): android.widget.TextView: miles (85)
D/umd.troyd(  511): android.widget.TextView:  (86)
D/umd.troyd(  511): android.widget.ImageView@407cba18: 2131558517 (87)
D/umd.troyd(  511): android.widget.RelativeLayout@4071d538: 2131558541 (88)
D/umd.troyd(  511): android.widget.GridView@4071e0b0: 2131558824 (89)
D/umd.troyd(  511): android.widget.LinearLayout@4071f230: 2131558538 (90)
D/umd.troyd(  511): android.widget.RelativeLayout@4071fc28: 2131558818 (91)
D/umd.troyd(  511): android.widget.ImageButton@40720578: 2131558819 (92)
D/umd.troyd(  511): android.widget.RelativeLayout@40720a90: -1 (93)
D/umd.troyd(  511): android.widget.ImageView@40720e80: 2131558820 (94)
D/umd.troyd(  511): android.widget.TextView: Stores (95)
D/umd.troyd(  511): android.widget.RelativeLayout@40721d88: -1 (96)
D/umd.troyd(  511): android.widget.Button:  (97)
D/umd.troyd(  511): android.widget.ImageView@407228f8: 2131558823 (98)
D/umd.troyd(  511): android.widget.LinearLayout@40722b88: 2131558542 (99)
D/umd.troyd(  511): got command getViews
D/umd.troyd(  511): android.widget.FrameLayout@406d4af0: 16908290 (0)
D/umd.troyd(  511): android.widget.RelativeLayout@406d5530: 2131558603 (1)
D/umd.troyd(  511): android.widget.LinearLayout@4071afd8: -1 (2)
D/umd.troyd(  511): com.walmart.android.ui.ViewStackLayout@4071b408: 2131558797 (3)
D/umd.troyd(  511): android.widget.RelativeLayout@4072c0c8: -1 (4)
D/umd.troyd(  511): android.widget.RelativeLayout@4072c630: 2131558790 (5)
D/umd.troyd(  511): android.widget.LinearLayout@4072d1b0: 2131558790 (6)
D/umd.troyd(  511): android.widget.RelativeLayout@4072d990: -1 (7)
D/umd.troyd(  511): android.widget.Button:  (8)
D/umd.troyd(  511): android.widget.TextView: Search a location (9)
D/umd.troyd(  511): android.widget.Button:  (10)
D/umd.troyd(  511): android.widget.Button:  (11)
D/umd.troyd(  511): android.widget.Button:  (12)
D/umd.troyd(  511): android.widget.RelativeLayout@40732248: 2131558791 (13)
D/umd.troyd(  511): com.walmart.android.storelocator.StoreMapView@407334e0: 2131558792 (14)
D/umd.troyd(  511): android.widget.ListView@4073ab50: 2131558521 (15)
D/umd.troyd(  511): android.widget.LinearLayout@407c5ca8: -1 (16)
D/umd.troyd(  511): android.widget.RelativeLayout@40791760: -1 (17)
D/umd.troyd(  511): android.widget.RelativeLayout@407991d0: -1 (18)
D/umd.troyd(  511): android.widget.TextView: Walmart Supercenter (19)
D/umd.troyd(  511): android.widget.TextView: 303 Fallston Blvd (20)
D/umd.troyd(  511): android.widget.TextView: Fallston, MD 21047 (21)
D/umd.troyd(  511): android.widget.RelativeLayout@405d2270: -1 (22)
D/umd.troyd(  511): android.widget.LinearLayout@407c97e8: 2131558801 (23)
D/umd.troyd(  511): android.widget.TextView: 11.33 (24)
D/umd.troyd(  511): android.widget.TextView: miles (25)
D/umd.troyd(  511): android.widget.TextView:  (26)
D/umd.troyd(  511): android.widget.ImageView@407cba18: 2131558517 (27)
D/umd.troyd(  511): android.widget.LinearLayout@40775488: -1 (28)
D/umd.troyd(  511): android.widget.RelativeLayout@407755d8: -1 (29)
D/umd.troyd(  511): android.widget.RelativeLayout@40776b68: -1 (30)
D/umd.troyd(  511): android.widget.TextView: Walmart Store (31)
D/umd.troyd(  511): android.widget.TextView: 9750 Reistertown Road A (32)
D/umd.troyd(  511): android.widget.TextView: Owings Mills, MD 21117 (33)
D/umd.troyd(  511): android.widget.RelativeLayout@405e8db8: -1 (34)
D/umd.troyd(  511): android.widget.LinearLayout@4062b548: 2131558801 (35)
D/umd.troyd(  511): android.widget.TextView: 11.48 (36)
D/umd.troyd(  511): android.widget.TextView: miles (37)
D/umd.troyd(  511): android.widget.TextView:  (38)
D/umd.troyd(  511): android.widget.ImageView@405e72f8: 2131558517 (39)
D/umd.troyd(  511): android.widget.LinearLayout@406d4000: -1 (40)
D/umd.troyd(  511): android.widget.RelativeLayout@406d4150: -1 (41)
D/umd.troyd(  511): android.widget.RelativeLayout@4073ce30: -1 (42)
D/umd.troyd(  511): android.widget.TextView: Walmart Store (43)
D/umd.troyd(  511): android.widget.TextView: 8730 Liberty Rd (44)
D/umd.troyd(  511): android.widget.TextView: Randallstown, MD 21133 (45)
D/umd.troyd(  511): android.widget.RelativeLayout@406106d0: -1 (46)
D/umd.troyd(  511): android.widget.LinearLayout@40613b70: 2131558801 (47)
D/umd.troyd(  511): android.widget.TextView: 11.68 (48)
D/umd.troyd(  511): android.widget.TextView: miles (49)
D/umd.troyd(  511): android.widget.TextView:  (50)
D/umd.troyd(  511): android.widget.ImageView@406d44c8: 2131558517 (51)
D/umd.troyd(  511): android.widget.LinearLayout@405eefc8: -1 (52)
D/umd.troyd(  511): android.widget.RelativeLayout@406f0a80: -1 (53)
D/umd.troyd(  511): android.widget.RelativeLayout@40738618: -1 (54)
D/umd.troyd(  511): android.widget.TextView: Walmart Store (55)
D/umd.troyd(  511): android.widget.TextView: 401 Constant Friendship Blvd (56)
D/umd.troyd(  511): android.widget.TextView: Abingdon, MD 21009 (57)
D/umd.troyd(  511): android.widget.RelativeLayout@407d7ac8: -1 (58)
D/umd.troyd(  511): android.widget.LinearLayout@407da2c0: 2131558801 (59)
D/umd.troyd(  511): android.widget.TextView: 12.19 (60)
D/umd.troyd(  511): android.widget.TextView: miles (61)
D/umd.troyd(  511): android.widget.TextView:  (62)
D/umd.troyd(  511): android.widget.ImageView@407ea4a0: 2131558517 (63)
D/umd.troyd(  511): android.widget.LinearLayout@4060fe10: -1 (64)
D/umd.troyd(  511): android.widget.RelativeLayout@4060ffa8: -1 (65)
D/umd.troyd(  511): android.widget.RelativeLayout@40738ee0: -1 (66)
D/umd.troyd(  511): android.widget.TextView: Walmart Supercenter (67)
D/umd.troyd(  511): android.widget.TextView: 407 George Claus Blvd (68)
D/umd.troyd(  511): android.widget.TextView: Severn, MD 21144 (69)
D/umd.troyd(  511): android.widget.RelativeLayout@407090d8: -1 (70)
D/umd.troyd(  511): android.widget.LinearLayout@40709230: 2131558801 (71)
D/umd.troyd(  511): android.widget.TextView: 13.20 (72)
D/umd.troyd(  511): android.widget.TextView: miles (73)
D/umd.troyd(  511): android.widget.TextView:  (74)
D/umd.troyd(  511): android.widget.ImageView@407a6998: 2131558517 (75)
D/umd.troyd(  511): android.widget.LinearLayout@405dec60: -1 (76)
D/umd.troyd(  511): android.widget.RelativeLayout@407389b0: -1 (77)
D/umd.troyd(  511): android.widget.RelativeLayout@405c45f0: -1 (78)
D/umd.troyd(  511): android.widget.TextView: Walmart Store (79)
D/umd.troyd(  511): android.widget.TextView: 3200 North Ridge Rd (80)
D/umd.troyd(  511): android.widget.TextView: Ellicott City, MD 21043 (81)
D/umd.troyd(  511): android.widget.RelativeLayout@405d4b20: -1 (82)
D/umd.troyd(  511): android.widget.LinearLayout@405e4e10: 2131558801 (83)
D/umd.troyd(  511): android.widget.TextView: 13.97 (84)
D/umd.troyd(  511): android.widget.TextView: miles (85)
D/umd.troyd(  511): android.widget.TextView:  (86)
D/umd.troyd(  511): android.widget.ImageView@40775f00: 2131558517 (87)
D/umd.troyd(  511): android.widget.RelativeLayout@4071d538: 2131558541 (88)
D/umd.troyd(  511): android.widget.GridView@4071e0b0: 2131558824 (89)
D/umd.troyd(  511): android.widget.LinearLayout@4071f230: 2131558538 (90)
D/umd.troyd(  511): android.widget.RelativeLayout@4071fc28: 2131558818 (91)
D/umd.troyd(  511): android.widget.ImageButton@40720578: 2131558819 (92)
D/umd.troyd(  511): android.widget.RelativeLayout@40720a90: -1 (93)
D/umd.troyd(  511): android.widget.ImageView@40720e80: 2131558820 (94)
D/umd.troyd(  511): android.widget.TextView: Stores (95)
D/umd.troyd(  511): android.widget.RelativeLayout@40721d88: -1 (96)
D/umd.troyd(  511): android.widget.Button:  (97)
D/umd.troyd(  511): android.widget.ImageView@407228f8: 2131558823 (98)
D/umd.troyd(  511): android.widget.LinearLayout@40722b88: 2131558542 (99)
D/umd.troyd(  511): got command getViews
D/umd.troyd(  511): android.widget.FrameLayout@406d4af0: 16908290 (0)
D/umd.troyd(  511): android.widget.RelativeLayout@406d5530: 2131558603 (1)
D/umd.troyd(  511): android.widget.LinearLayout@4071afd8: -1 (2)
D/umd.troyd(  511): com.walmart.android.ui.ViewStackLayout@4071b408: 2131558797 (3)
D/umd.troyd(  511): android.widget.RelativeLayout@4072c0c8: -1 (4)
D/umd.troyd(  511): android.widget.RelativeLayout@4072c630: 2131558790 (5)
D/umd.troyd(  511): android.widget.LinearLayout@4072d1b0: 2131558790 (6)
D/umd.troyd(  511): android.widget.RelativeLayout@4072d990: -1 (7)
D/umd.troyd(  511): android.widget.Button:  (8)
D/umd.troyd(  511): android.widget.TextView: Search a location (9)
D/umd.troyd(  511): android.widget.Button:  (10)
D/umd.troyd(  511): android.widget.Button:  (11)
D/umd.troyd(  511): android.widget.Button:  (12)
D/umd.troyd(  511): android.widget.RelativeLayout@40732248: 2131558791 (13)
D/umd.troyd(  511): com.walmart.android.storelocator.StoreMapView@407334e0: 2131558792 (14)
D/umd.troyd(  511): android.widget.ListView@4073ab50: 2131558521 (15)
D/umd.troyd(  511): android.widget.LinearLayout@405dec60: -1 (16)
D/umd.troyd(  511): android.widget.RelativeLayout@407389b0: -1 (17)
D/umd.troyd(  511): android.widget.RelativeLayout@405c45f0: -1 (18)
D/umd.troyd(  511): android.widget.TextView: Walmart Store (19)
D/umd.troyd(  511): android.widget.TextView: 3200 North Ridge Rd (20)
D/umd.troyd(  511): android.widget.TextView: Ellicott City, MD 21043 (21)
D/umd.troyd(  511): android.widget.RelativeLayout@405d4b20: -1 (22)
D/umd.troyd(  511): android.widget.LinearLayout@405e4e10: 2131558801 (23)
D/umd.troyd(  511): android.widget.TextView: 13.97 (24)
D/umd.troyd(  511): android.widget.TextView: miles (25)
D/umd.troyd(  511): android.widget.TextView:  (26)
D/umd.troyd(  511): android.widget.ImageView@40775f00: 2131558517 (27)
D/umd.troyd(  511): android.widget.LinearLayout@406cdb38: -1 (28)
D/umd.troyd(  511): android.widget.RelativeLayout@405c4228: -1 (29)
D/umd.troyd(  511): android.widget.RelativeLayout@40742538: -1 (30)
D/umd.troyd(  511): android.widget.TextView: Walmart Store (31)
D/umd.troyd(  511): android.widget.TextView: 7081 Arundel Mills Cir (32)
D/umd.troyd(  511): android.widget.TextView: Hanover, MD 21076 (33)
D/umd.troyd(  511): android.widget.RelativeLayout@4075a3b8: -1 (34)
D/umd.troyd(  511): android.widget.LinearLayout@407674b0: 2131558801 (35)
D/umd.troyd(  511): android.widget.TextView: 14.77 (36)
D/umd.troyd(  511): android.widget.TextView: miles (37)
D/umd.troyd(  511): android.widget.TextView:  (38)
D/umd.troyd(  511): android.widget.ImageView@40755720: 2131558517 (39)
D/umd.troyd(  511): android.widget.LinearLayout@4075eba0: -1 (40)
D/umd.troyd(  511): android.widget.RelativeLayout@4075ed90: -1 (41)
D/umd.troyd(  511): android.widget.RelativeLayout@4075f138: -1 (42)
D/umd.troyd(  511): android.widget.TextView: Walmart Store (43)
D/umd.troyd(  511): android.widget.TextView: 6405 Dobbin Rd (44)
D/umd.troyd(  511): android.widget.TextView: Columbia, MD 21045 (45)
D/umd.troyd(  511): android.widget.RelativeLayout@40760448: -1 (46)
D/umd.troyd(  511): android.widget.LinearLayout@40760858: 2131558801 (47)
D/umd.troyd(  511): android.widget.TextView: 16.16 (48)
D/umd.troyd(  511): android.widget.TextView: miles (49)
D/umd.troyd(  511): android.widget.TextView:  (50)
D/umd.troyd(  511): android.widget.ImageView@40751f90: 2131558517 (51)
D/umd.troyd(  511): android.widget.LinearLayout@40613cf8: -1 (52)
D/umd.troyd(  511): android.widget.RelativeLayout@406c5980: -1 (53)
D/umd.troyd(  511): android.widget.RelativeLayout@4072a338: -1 (54)
D/umd.troyd(  511): android.widget.TextView: Walmart Supercenter (55)
D/umd.troyd(  511): android.widget.TextView: 645 S Philadelphia Blvd (56)
D/umd.troyd(  511): android.widget.TextView: Aberdeen, MD 21001 (57)
D/umd.troyd(  511): android.widget.RelativeLayout@407315d0: -1 (58)
D/umd.troyd(  511): android.widget.LinearLayout@4075e9f8: 2131558801 (59)
D/umd.troyd(  511): android.widget.TextView: 18.88 (60)
D/umd.troyd(  511): android.widget.TextView: miles (61)
D/umd.troyd(  511): android.widget.TextView:  (62)
D/umd.troyd(  511): android.widget.ImageView@407554a0: 2131558517 (63)
D/umd.troyd(  511): android.widget.LinearLayout@4077b9a8: -1 (64)
D/umd.troyd(  511): android.widget.RelativeLayout@407804f8: -1 (65)
D/umd.troyd(  511): android.widget.RelativeLayout@4078bd80: -1 (66)
D/umd.troyd(  511): android.widget.TextView: Walmart Supercenter (67)
D/umd.troyd(  511): android.widget.TextView: 3549 Russett Grn (68)
D/umd.troyd(  511): android.widget.TextView: Laurel, MD 20724 (69)
D/umd.troyd(  511): android.widget.RelativeLayout@407ba580: -1 (70)
D/umd.troyd(  511): android.widget.LinearLayout@407bd500: 2131558801 (71)
D/umd.troyd(  511): android.widget.TextView: 19.59 (72)
D/umd.troyd(  511): android.widget.TextView: miles (73)
D/umd.troyd(  511): android.widget.TextView:  (74)
D/umd.troyd(  511): android.widget.ImageView@407bee60: 2131558517 (75)
D/umd.troyd(  511): android.widget.LinearLayout@407c03b8: -1 (76)
D/umd.troyd(  511): android.widget.RelativeLayout@407bbac0: -1 (77)
D/umd.troyd(  511): android.widget.RelativeLayout@407eeb48: -1 (78)
D/umd.troyd(  511): android.widget.TextView: Walmart Store (79)
D/umd.troyd(  511): android.widget.TextView: 1320 Liberty Rd (80)
D/umd.troyd(  511): android.widget.TextView: Eldersburg, MD 21784 (81)
D/umd.troyd(  511): android.widget.RelativeLayout@4076c118: -1 (82)
D/umd.troyd(  511): android.widget.LinearLayout@407c2878: 2131558801 (83)
D/umd.troyd(  511): android.widget.TextView: 19.65 (84)
D/umd.troyd(  511): android.widget.TextView: miles (85)
D/umd.troyd(  511): android.widget.TextView:  (86)
D/umd.troyd(  511): android.widget.ImageView@407c42d8: 2131558517 (87)
D/umd.troyd(  511): android.widget.RelativeLayout@4071d538: 2131558541 (88)
D/umd.troyd(  511): android.widget.GridView@4071e0b0: 2131558824 (89)
D/umd.troyd(  511): android.widget.LinearLayout@4071f230: 2131558538 (90)
D/umd.troyd(  511): android.widget.RelativeLayout@4071fc28: 2131558818 (91)
D/umd.troyd(  511): android.widget.ImageButton@40720578: 2131558819 (92)
D/umd.troyd(  511): android.widget.RelativeLayout@40720a90: -1 (93)
D/umd.troyd(  511): android.widget.ImageView@40720e80: 2131558820 (94)
D/umd.troyd(  511): android.widget.TextView: Stores (95)
D/umd.troyd(  511): android.widget.RelativeLayout@40721d88: -1 (96)
D/umd.troyd(  511): android.widget.Button:  (97)
D/umd.troyd(  511): android.widget.ImageView@407228f8: 2131558823 (98)
D/umd.troyd(  511): android.widget.LinearLayout@40722b88: 2131558542 (99)
D/umd.troyd(  511): got command getViews
D/umd.troyd(  511): android.widget.FrameLayout@406d4af0: 16908290 (0)
D/umd.troyd(  511): android.widget.RelativeLayout@406d5530: 2131558603 (1)
D/umd.troyd(  511): android.widget.LinearLayout@4071afd8: -1 (2)
D/umd.troyd(  511): com.walmart.android.ui.ViewStackLayout@4071b408: 2131558797 (3)
D/umd.troyd(  511): android.widget.RelativeLayout@4072c0c8: -1 (4)
D/umd.troyd(  511): android.widget.RelativeLayout@4072c630: 2131558790 (5)
D/umd.troyd(  511): android.widget.LinearLayout@4072d1b0: 2131558790 (6)
D/umd.troyd(  511): android.widget.RelativeLayout@4072d990: -1 (7)
D/umd.troyd(  511): android.widget.Button:  (8)
D/umd.troyd(  511): android.widget.TextView: Search a location (9)
D/umd.troyd(  511): android.widget.Button:  (10)
D/umd.troyd(  511): android.widget.Button:  (11)
D/umd.troyd(  511): android.widget.Button:  (12)
D/umd.troyd(  511): android.widget.RelativeLayout@40732248: 2131558791 (13)
D/umd.troyd(  511): com.walmart.android.storelocator.StoreMapView@407334e0: 2131558792 (14)
D/umd.troyd(  511): android.widget.ListView@4073ab50: 2131558521 (15)
D/umd.troyd(  511): android.widget.LinearLayout@407c03b8: -1 (16)
D/umd.troyd(  511): android.widget.RelativeLayout@407bbac0: -1 (17)
D/umd.troyd(  511): android.widget.RelativeLayout@407eeb48: -1 (18)
D/umd.troyd(  511): android.widget.TextView: Walmart Store (19)
D/umd.troyd(  511): android.widget.TextView: 1320 Liberty Rd (20)
D/umd.troyd(  511): android.widget.TextView: Eldersburg, MD 21784 (21)
D/umd.troyd(  511): android.widget.RelativeLayout@4076c118: -1 (22)
D/umd.troyd(  511): android.widget.LinearLayout@407c2878: 2131558801 (23)
D/umd.troyd(  511): android.widget.TextView: 19.65 (24)
D/umd.troyd(  511): android.widget.TextView: miles (25)
D/umd.troyd(  511): android.widget.TextView:  (26)
D/umd.troyd(  511): android.widget.ImageView@407c42d8: 2131558517 (27)
D/umd.troyd(  511): android.widget.LinearLayout@407c5ca8: -1 (28)
D/umd.troyd(  511): android.widget.RelativeLayout@40791760: -1 (29)
D/umd.troyd(  511): android.widget.RelativeLayout@407991d0: -1 (30)
D/umd.troyd(  511): android.widget.TextView: Walmart Supercenter (31)
D/umd.troyd(  511): android.widget.TextView: 2320 No. Hanover Pike (32)
D/umd.troyd(  511): android.widget.TextView: Hampstead, MD 21074 (33)
D/umd.troyd(  511): android.widget.RelativeLayout@405d2270: -1 (34)
D/umd.troyd(  511): android.widget.LinearLayout@407c97e8: 2131558801 (35)
D/umd.troyd(  511): android.widget.TextView: 23.40 (36)
D/umd.troyd(  511): android.widget.TextView: miles (37)
D/umd.troyd(  511): android.widget.TextView:  (38)
D/umd.troyd(  511): android.widget.ImageView@407cba18: 2131558517 (39)
D/umd.troyd(  511): android.widget.LinearLayout@40775488: -1 (40)
D/umd.troyd(  511): android.widget.RelativeLayout@407755d8: -1 (41)
D/umd.troyd(  511): android.widget.RelativeLayout@40776b68: -1 (42)
D/umd.troyd(  511): android.widget.TextView: Walmart Store (43)
D/umd.troyd(  511): android.widget.TextView: 280 Woodward Rd (44)
D/umd.troyd(  511): android.widget.TextView: Westminster, MD 21157 (45)
D/umd.troyd(  511): android.widget.RelativeLayout@405e8db8: -1 (46)
D/umd.troyd(  511): android.widget.LinearLayout@4062b548: 2131558801 (47)
D/umd.troyd(  511): android.widget.TextView: 25.40 (48)
D/umd.troyd(  511): android.widget.TextView: miles (49)
D/umd.troyd(  511): android.widget.TextView:  (50)
D/umd.troyd(  511): android.widget.ImageView@405e72f8: 2131558517 (51)
D/umd.troyd(  511): android.widget.LinearLayout@406d4000: -1 (52)
D/umd.troyd(  511): android.widget.RelativeLayout@406d4150: -1 (53)
D/umd.troyd(  511): android.widget.RelativeLayout@4073ce30: -1 (54)
D/umd.troyd(  511): android.widget.TextView: Walmart Supercenter (55)
D/umd.troyd(  511): android.widget.TextView: 698 Shrewsbury Commons Ave (56)
D/umd.troyd(  511): android.widget.TextView: Shrewsbury, PA 17361 (57)
D/umd.troyd(  511): android.widget.RelativeLayout@406106d0: -1 (58)
D/umd.troyd(  511): android.widget.LinearLayout@40613b70: 2131558801 (59)
D/umd.troyd(  511): android.widget.TextView: 26.00 (60)
D/umd.troyd(  511): android.widget.TextView: miles (61)
D/umd.troyd(  511): android.widget.TextView:  (62)
D/umd.troyd(  511): android.widget.ImageView@406d44c8: 2131558517 (63)
D/umd.troyd(  511): android.widget.LinearLayout@405eefc8: -1 (64)
D/umd.troyd(  511): android.widget.RelativeLayout@406f0a80: -1 (65)
D/umd.troyd(  511): android.widget.RelativeLayout@40738618: -1 (66)
D/umd.troyd(  511): android.widget.TextView: Walmart Store (67)
D/umd.troyd(  511): android.widget.TextView: 3300 Crain Hwy (68)
D/umd.troyd(  511): android.widget.TextView: Bowie, MD 20716 (69)
D/umd.troyd(  511): android.widget.RelativeLayout@407d7ac8: -1 (70)
D/umd.troyd(  511): android.widget.LinearLayout@407da2c0: 2131558801 (71)
D/umd.troyd(  511): android.widget.TextView: 26.06 (72)
D/umd.troyd(  511): android.widget.TextView: miles (73)
D/umd.troyd(  511): android.widget.TextView:  (74)
D/umd.troyd(  511): android.widget.ImageView@407ea4a0: 2131558517 (75)
D/umd.troyd(  511): android.widget.LinearLayout@4060fe10: -1 (76)
D/umd.troyd(  511): android.widget.RelativeLayout@4060ffa8: -1 (77)
D/umd.troyd(  511): android.widget.RelativeLayout@40738ee0: -1 (78)
D/umd.troyd(  511): android.widget.TextView: Walmart Store (79)
D/umd.troyd(  511): android.widget.TextView: 209 E Ridgeville Blvd (80)
D/umd.troyd(  511): android.widget.TextView: Mount Airy, MD 21771 (81)
D/umd.troyd(  511): android.widget.RelativeLayout@407090d8: -1 (82)
D/umd.troyd(  511): android.widget.LinearLayout@40709230: 2131558801 (83)
D/umd.troyd(  511): android.widget.TextView: 29.25 (84)
D/umd.troyd(  511): android.widget.TextView: miles (85)
D/umd.troyd(  511): android.widget.TextView:  (86)
D/umd.troyd(  511): android.widget.ImageView@407a6998: 2131558517 (87)
D/umd.troyd(  511): android.widget.RelativeLayout@4071d538: 2131558541 (88)
D/umd.troyd(  511): android.widget.GridView@4071e0b0: 2131558824 (89)
D/umd.troyd(  511): android.widget.LinearLayout@4071f230: 2131558538 (90)
D/umd.troyd(  511): android.widget.RelativeLayout@4071fc28: 2131558818 (91)
D/umd.troyd(  511): android.widget.ImageButton@40720578: 2131558819 (92)
D/umd.troyd(  511): android.widget.RelativeLayout@40720a90: -1 (93)
D/umd.troyd(  511): android.widget.ImageView@40720e80: 2131558820 (94)
D/umd.troyd(  511): android.widget.TextView: Stores (95)
D/umd.troyd(  511): android.widget.RelativeLayout@40721d88: -1 (96)
D/umd.troyd(  511): android.widget.Button:  (97)
D/umd.troyd(  511): android.widget.ImageView@407228f8: 2131558823 (98)
D/umd.troyd(  511): android.widget.LinearLayout@40722b88: 2131558542 (99)
