android.widget.LinearLayout@40516790
android.widget.FrameLayout@40516f78
android.widget.TextView: Hospitals Near Me FREE
android.widget.FrameLayout@405a92a0
android.widget.LinearLayout@405a9718
android.widget.ListView@406549a8
android.widget.LinearLayout@405c61f8
android.widget.ImageView@405c6670
android.widget.TextView: 2.7 mi
android.widget.TableLayout@4054fce8
android.widget.TableRow@405505c0
android.widget.TextView: Evergreen Healthcare
android.widget.TableRow@40551088
android.widget.TextView: Address , City
android.widget.TableRow@40551940
android.widget.TextView: Phone Number
android.widget.LinearLayout@405536a8
android.widget.ImageView@405538c0
android.widget.TextView: 3.7 mi
android.widget.TableLayout@40553f90
android.widget.TableRow@40554468
android.widget.TextView: Careunit Hospital of Kirkland
android.widget.TableRow@40554c88
android.widget.TextView: Address , City
android.widget.TableRow@405554a8
android.widget.TextView: Phone Number
android.widget.LinearLayout@405c7700
android.widget.ImageView@405c7918
android.widget.TextView: 3.7 mi
android.widget.TableLayout@405c7fe8
android.widget.TableRow@405c84c0
android.widget.TextView: Fairfax Hospital
android.widget.TableRow@405c8ce0
android.widget.TextView: Address , City
android.widget.TableRow@405c9500
android.widget.TextView: Phone Number
android.widget.LinearLayout@405ca648
android.widget.ImageView@405ca860
android.widget.TextView: 3.8 mi
android.widget.TableLayout@405caf30
android.widget.TableRow@405cb408
android.widget.TextView: Group Health Eastside Hospital
android.widget.TableRow@405cbc28
android.widget.TextView: Address , City
android.widget.TableRow@405cc448
android.widget.TextView: Phone Number
android.widget.LinearLayout@405dc570
android.widget.ImageView@405dc788
android.widget.TextView: 5.2 mi
android.widget.TableLayout@405dce58
android.widget.TableRow@405dd330
android.widget.TextView: Overlake Hospital Medical Center
android.widget.TableRow@405ddb50
android.widget.TextView: Address , City
android.widget.TableRow@405de370
android.widget.TextView: Phone Number
android.widget.LinearLayout@4064fb28
android.widget.ImageView@4064fd40
android.widget.TextView: 6.9 mi
android.widget.TableLayout@40650410
android.widget.TableRow@406508e8
android.widget.TextView: Firlawns Sanitarium
android.widget.TableRow@40651108
android.widget.TextView: Address , City
android.widget.TableRow@40651928
android.widget.TextView: Phone Number
android.widget.TextView: Loading data
android.widget.LinearLayout@40516790
android.widget.FrameLayout@40516f78
android.widget.TextView: Hospitals Near Me FREE
android.widget.FrameLayout@405a92a0
android.widget.LinearLayout@405a9718
android.widget.ListView@406549a8
android.widget.LinearLayout@4064fb28
android.widget.ImageView@4064fd40
android.widget.TextView: 6.9 mi
android.widget.TableLayout@40650410
android.widget.TableRow@406508e8
android.widget.TextView: Firlawns Sanitarium
android.widget.TableRow@40651108
android.widget.TextView: Address , City
android.widget.TableRow@40651928
android.widget.TextView: Phone Number
android.widget.LinearLayout@40691640
android.widget.ImageView@40691858
android.widget.TextView: 7.0 mi
android.widget.TableLayout@40691f18
android.widget.TableRow@405b65f8
android.widget.TextView: Children's Hospital and Regional Medical Center
android.widget.TableRow@405b6e08
android.widget.TextView: Address , City
android.widget.TableRow@405b7628
android.widget.TextView: Phone Number
android.widget.LinearLayout@405b8620
android.widget.ImageView@405b8838
android.widget.TextView: 8.3 mi
android.widget.TableLayout@405b8f08
android.widget.TableRow@405b93e0
android.widget.TextView: University Student Health Service
android.widget.TableRow@405b9c00
android.widget.TextView: Address , City
android.widget.TableRow@405ba420
android.widget.TextView: Phone Number
android.widget.LinearLayout@405bb438
android.widget.ImageView@405bb650
android.widget.TextView: 8.6 mi
android.widget.TableLayout@405a3230
android.widget.TableRow@405a3708
android.widget.TextView: Kindred Hospital Seattle
android.widget.TableRow@405a3f28
android.widget.TextView: Address , City
android.widget.TableRow@405a4748
android.widget.TextView: Phone Number
android.widget.LinearLayout@405a5788
android.widget.ImageView@405a59a0
android.widget.TextView: 8.6 mi
android.widget.TableLayout@405a6070
android.widget.TableRow@405a6548
android.widget.TextView: Firland Hospital
android.widget.TableRow@405a6d68
android.widget.TextView: Address , City
android.widget.TableRow@405a7588
android.widget.TextView: Phone Number
android.widget.LinearLayout@405a85e8
android.widget.ImageView@405ad480
android.widget.TextView: 9.4 mi
android.widget.TableLayout@405adb30
android.widget.TableRow@405ae008
android.widget.TextView: Group Health Central Hospital
android.widget.TableRow@405ae828
android.widget.TextView: Address , City
android.widget.TableRow@405af048
android.widget.TextView: Phone Number
android.widget.TextView: Loading data
android.widget.LinearLayout@40516790
android.widget.FrameLayout@40516f78
android.widget.TextView: Hospitals Near Me FREE
android.widget.FrameLayout@405a92a0
android.widget.LinearLayout@405a9718
android.widget.ListView@406549a8
android.widget.LinearLayout@405bb438
android.widget.ImageView@405bb650
android.widget.TextView: 8.6 mi
android.widget.TableLayout@405a3230
android.widget.TableRow@405a3708
android.widget.TextView: Kindred Hospital Seattle
android.widget.TableRow@405a3f28
android.widget.TextView: Address , City
android.widget.TableRow@405a4748
android.widget.TextView: Phone Number
android.widget.LinearLayout@405a5788
android.widget.ImageView@405a59a0
android.widget.TextView: 8.6 mi
android.widget.TableLayout@405a6070
android.widget.TableRow@405a6548
android.widget.TextView: Firland Hospital
android.widget.TableRow@405a6d68
android.widget.TextView: Address , City
android.widget.TableRow@405a7588
android.widget.TextView: Phone Number
android.widget.LinearLayout@405a85e8
android.widget.ImageView@405ad480
android.widget.TextView: 9.4 mi
android.widget.TableLayout@405adb30
android.widget.TableRow@405ae008
android.widget.TextView: Group Health Central Hospital
android.widget.TableRow@405ae828
android.widget.TextView: Address , City
android.widget.TableRow@405af048
android.widget.TextView: Phone Number
android.widget.LinearLayout@405c61f8
android.widget.ImageView@405c6670
android.widget.TextView: 9.4 mi
android.widget.TableLayout@4054fce8
android.widget.TableRow@405505c0
android.widget.TextView: Northwest Hospital and Medical Center
android.widget.TableRow@40551088
android.widget.TextView: Address , City
android.widget.TableRow@40551940
android.widget.TextView: Phone Number
android.widget.LinearLayout@405536a8
android.widget.ImageView@405538c0
android.widget.TextView: 9.8 mi
android.widget.TableLayout@40553f90
android.widget.TableRow@40554468
android.widget.TextView: Swedish Medical Center-Cherry Hill Campus
android.widget.TableRow@40554c88
android.widget.TextView: Address , City
android.widget.TableRow@405554a8
android.widget.TextView: Phone Number
android.widget.LinearLayout@405c7700
android.widget.ImageView@405c7918
android.widget.TextView: 9.9 mi
android.widget.TableLayout@405c7fe8
android.widget.TableRow@405c84c0
android.widget.TextView: Seattle Cancer Care Alliance
android.widget.TableRow@405c8ce0
android.widget.TextView: Address , City
android.widget.TableRow@405c9500
android.widget.TextView: Phone Number
android.widget.TextView: Loading data
