android.widget.LinearLayout@40664f10
android.widget.FrameLayout@40558ad8
android.widget.TextView: Hospitals Near Me FREE
android.widget.FrameLayout@40528530
android.widget.LinearLayout@40529470
android.widget.ListView@4052d060
android.widget.LinearLayout@4050f498
android.widget.ImageView@4065e278
android.widget.TextView: 2.7 mi
android.widget.TableLayout@40514698
android.widget.TableRow@40565b18
android.widget.TextView: Evergreen Healthcare
android.widget.TableRow@40653980
android.widget.TextView: Address , City
android.widget.TableRow@40654208
android.widget.TextView: Phone Number
android.widget.LinearLayout@4054a740
android.widget.ImageView@4054a958
android.widget.TextView: 3.7 mi
android.widget.TableLayout@4066f328
android.widget.TableRow@4066f7e8
android.widget.TextView: Careunit Hospital of Kirkland
android.widget.TableRow@4053e448
android.widget.TextView: Address , City
android.widget.TableRow@4053ec38
android.widget.TextView: Phone Number
android.widget.LinearLayout@406723e0
android.widget.ImageView@406725f8
android.widget.TextView: 3.8 mi
android.widget.TableLayout@40672cc8
android.widget.TableRow@40515aa8
android.widget.TextView: Fairfax Hospital
android.widget.TableRow@405162b8
android.widget.TextView: Address , City
android.widget.TableRow@405b8690
android.widget.TextView: Phone Number
android.widget.LinearLayout@405b9658
android.widget.ImageView@405882e8
android.widget.TextView: 4.1 mi
android.widget.TableLayout@405889a8
android.widget.TableRow@40588e80
android.widget.TextView: Group Health Eastside Hospital
android.widget.TableRow@40622cb0
android.widget.TextView: Address , City
android.widget.TableRow@406234d0
android.widget.TextView: Phone Number
android.widget.LinearLayout@40543f50
android.widget.ImageView@40544168
android.widget.TextView: 5.6 mi
android.widget.TableLayout@4067b330
android.widget.TableRow@4067b7c0
android.widget.TextView: Overlake Hospital Medical Center
android.widget.TableRow@4067bfe0
android.widget.TextView: Address , City
android.widget.TableRow@4053efa0
android.widget.TextView: Phone Number
android.widget.LinearLayout@405400a8
android.widget.ImageView@405402c0
android.widget.TextView: 6.9 mi
android.widget.TableLayout@4054ec08
android.widget.TableRow@4054f0c8
android.widget.TextView: Firlawns Sanitarium
android.widget.TableRow@4054f8e8
android.widget.TextView: Address , City
android.widget.TableRow@4064cf88
android.widget.TextView: Phone Number
android.widget.TextView: Loading data
android.widget.LinearLayout@40664f10
android.widget.FrameLayout@40558ad8
android.widget.TextView: Hospitals Near Me FREE
android.widget.FrameLayout@40528530
android.widget.LinearLayout@40529470
android.widget.ListView@4052d060
android.widget.LinearLayout@405400a8
android.widget.ImageView@405402c0
android.widget.TextView: 6.9 mi
android.widget.TableLayout@4054ec08
android.widget.TableRow@4054f0c8
android.widget.TextView: Firlawns Sanitarium
android.widget.TableRow@4054f8e8
android.widget.TextView: Address , City
android.widget.TableRow@4064cf88
android.widget.TextView: Phone Number
android.widget.LinearLayout@40638478
android.widget.ImageView@40638690
android.widget.TextView: 7.2 mi
android.widget.TableLayout@40638d50
android.widget.TableRow@40639228
android.widget.TextView: Children's Hospital and Regional Medical Center
android.widget.TableRow@4063e148
android.widget.TextView: Address , City
android.widget.TableRow@4063e968
android.widget.TextView: Phone Number
android.widget.LinearLayout@4063f960
android.widget.ImageView@40644258
android.widget.TextView: 8.6 mi
android.widget.TableLayout@40644890
android.widget.TableRow@40644d50
android.widget.TextView: University Student Health Service
android.widget.TableRow@40645570
android.widget.TextView: Address , City
android.widget.TableRow@40645d90
android.widget.TextView: Phone Number
android.widget.LinearLayout@4066a000
android.widget.ImageView@4066a218
android.widget.TextView: 8.7 mi
android.widget.TableLayout@4066a8e8
android.widget.TableRow@4066adc0
android.widget.TextView: Firland Hospital
android.widget.TableRow@4067cb60
android.widget.TextView: Address , City
android.widget.TableRow@4067d1c8
android.widget.TextView: Phone Number
android.widget.LinearLayout@4067e208
android.widget.ImageView@4067e420
android.widget.TextView: 8.8 mi
android.widget.TableLayout@4067eaf0
android.widget.TableRow@405ba7c8
android.widget.TextView: Kindred Hospital Seattle
android.widget.TableRow@405bafe8
android.widget.TextView: Address , City
android.widget.TableRow@405bb808
android.widget.TextView: Phone Number
android.widget.LinearLayout@405457f0
android.widget.ImageView@40545940
android.widget.TextView: 9.6 mi
android.widget.TableLayout@40545fe0
android.widget.TableRow@405464b8
android.widget.TextView: Northwest Hospital and Medical Center
android.widget.TableRow@40546cd8
android.widget.TextView: Address , City
android.widget.TableRow@405474f8
android.widget.TextView: Phone Number
android.widget.TextView: Loading data
android.widget.LinearLayout@40664f10
android.widget.FrameLayout@40558ad8
android.widget.TextView: Hospitals Near Me FREE
android.widget.FrameLayout@40528530
android.widget.LinearLayout@40529470
android.widget.ListView@4052d060
android.widget.LinearLayout@40638478
android.widget.ImageView@40638690
android.widget.TextView: 7.2 mi
android.widget.TableLayout@40638d50
android.widget.TableRow@40639228
android.widget.TextView: Children's Hospital and Regional Medical Center
android.widget.TableRow@4063e148
android.widget.TextView: Address , City
android.widget.TableRow@4063e968
android.widget.TextView: Phone Number
android.widget.LinearLayout@4063f960
android.widget.ImageView@40644258
android.widget.TextView: 8.6 mi
android.widget.TableLayout@40644890
android.widget.TableRow@40644d50
android.widget.TextView: University Student Health Service
android.widget.TableRow@40645570
android.widget.TextView: Address , City
android.widget.TableRow@40645d90
android.widget.TextView: Phone Number
android.widget.LinearLayout@4066a000
android.widget.ImageView@4066a218
android.widget.TextView: 8.7 mi
android.widget.TableLayout@4066a8e8
android.widget.TableRow@4066adc0
android.widget.TextView: Firland Hospital
android.widget.TableRow@4067cb60
android.widget.TextView: Address , City
android.widget.TableRow@4067d1c8
android.widget.TextView: Phone Number
android.widget.LinearLayout@4067e208
android.widget.ImageView@4067e420
android.widget.TextView: 8.8 mi
android.widget.TableLayout@4067eaf0
android.widget.TableRow@405ba7c8
android.widget.TextView: Kindred Hospital Seattle
android.widget.TableRow@405bafe8
android.widget.TextView: Address , City
android.widget.TableRow@405bb808
android.widget.TextView: Phone Number
android.widget.LinearLayout@405457f0
android.widget.ImageView@40545940
android.widget.TextView: 9.6 mi
android.widget.TableLayout@40545fe0
android.widget.TableRow@405464b8
android.widget.TextView: Northwest Hospital and Medical Center
android.widget.TableRow@40546cd8
android.widget.TextView: Address , City
android.widget.TableRow@405474f8
android.widget.TextView: Phone Number
android.widget.LinearLayout@4050f498
android.widget.ImageView@4065e278
android.widget.TextView: 9.7 mi
android.widget.TableLayout@40514698
android.widget.TableRow@40565b18
android.widget.TextView: Group Health Central Hospital
android.widget.TableRow@40653980
android.widget.TextView: Address , City
android.widget.TableRow@40654208
android.widget.TextView: Phone Number
android.widget.TextView: Loading data
