android.widget.LinearLayout@40574498
android.widget.FrameLayout@40574c80
android.widget.TextView: Restaurant Finder
android.widget.FrameLayout@40575c68
android.widget.RelativeLayout@40576120
android.widget.TextView: Loading my location...
android.widget.TextView: No contents.
android.widget.LinearLayout@40577010
com.google.ads.AdView@40579368
g@4057b7f8
android.widget.ListView@405772e0
android.widget.LinearLayout@405a1c00
android.widget.LinearLayout@405a85b8
android.widget.TextView: Los Tapatios
android.widget.LinearLayout@4058a8e8
android.widget.TextView: (469) 272-7811
android.widget.TextView: 0.07 Km
android.widget.TextView: 1030 Hwy 67 North Cedar Hill, TX
android.widget.LinearLayout@40555128
android.widget.LinearLayout@4057b578
android.widget.TextView: Bamboo Palace
android.widget.LinearLayout@40588ec8
android.widget.TextView: (972) 291-9700
android.widget.TextView: 0.61 Km
android.widget.TextView: 949 North Highway 67 #389 Cedar Hill, TX
android.widget.LinearLayout@405566a8
android.widget.LinearLayout@405a7cd0
android.widget.TextView: Buffalo Wild Wings Grill & Bar
android.widget.LinearLayout@405b3dc8
android.widget.TextView: (972) 293-4172
android.widget.TextView: 0.95 Km
android.widget.TextView: 430 East Pleasant Run Road Cedar Hill, TX
android.widget.LinearLayout@4058a748
android.widget.LinearLayout@40546dd0
android.widget.TextView: Panera Bread
android.widget.LinearLayout@405471b0
android.widget.TextView: (469) 272-3600
android.widget.TextView: 1.1 Km
android.widget.TextView: 416 East Pleasant Run Road Cedar Hill, TX
android.widget.LinearLayout@405b1288
android.widget.LinearLayout@40574728
android.widget.TextView: Veracruz Cafe
android.widget.LinearLayout@40579ce0
android.widget.TextView: (972) 293-8926
android.widget.TextView: 1.23 Km
android.widget.TextView: 1427 U.S. 67 Cedar Hill, TX
android.widget.LinearLayout@4057e558
android.widget.LinearLayout@40591a88
android.widget.TextView: Joe's Crab Shack
android.widget.LinearLayout@405a3738
android.widget.TextView: (972) 293-9612
android.widget.TextView: 1.24 Km
android.widget.TextView: 735 North Highway 67 Cedar Hill, TX
android.widget.LinearLayout@40574498
android.widget.FrameLayout@40574c80
android.widget.TextView: Restaurant Finder
android.widget.FrameLayout@40575c68
android.widget.RelativeLayout@40576120
android.widget.TextView: Loading my location...
android.widget.TextView: No contents.
android.widget.LinearLayout@40577010
com.google.ads.AdView@40579368
g@4057b7f8
android.widget.ListView@405772e0
android.widget.LinearLayout@405566a8
android.widget.LinearLayout@405a7cd0
android.widget.TextView: Buffalo Wild Wings Grill & Bar
android.widget.LinearLayout@405b3dc8
android.widget.TextView: (972) 293-4172
android.widget.TextView: 0.95 Km
android.widget.TextView: 430 East Pleasant Run Road Cedar Hill, TX
android.widget.LinearLayout@4058a748
android.widget.LinearLayout@40546dd0
android.widget.TextView: Panera Bread
android.widget.LinearLayout@405471b0
android.widget.TextView: (469) 272-3600
android.widget.TextView: 1.1 Km
android.widget.TextView: 416 East Pleasant Run Road Cedar Hill, TX
android.widget.LinearLayout@405b1288
android.widget.LinearLayout@40574728
android.widget.TextView: Veracruz Cafe
android.widget.LinearLayout@40579ce0
android.widget.TextView: (972) 293-8926
android.widget.TextView: 1.23 Km
android.widget.TextView: 1427 U.S. 67 Cedar Hill, TX
android.widget.LinearLayout@4057e558
android.widget.LinearLayout@40591a88
android.widget.TextView: Joe's Crab Shack
android.widget.LinearLayout@405a3738
android.widget.TextView: (972) 293-9612
android.widget.TextView: 1.24 Km
android.widget.TextView: 735 North Highway 67 Cedar Hill, TX
android.widget.LinearLayout@40563440
android.widget.LinearLayout@40563658
android.widget.TextView: Moon Wok Restaurant
android.widget.LinearLayout@40563d10
android.widget.TextView: (972) 293-6888
android.widget.TextView: 2.04 Km
android.widget.TextView: 140 West FM 1382 # 175 Cedar Hill, TX
android.widget.LinearLayout@405651f8
android.widget.LinearLayout@40565410
android.widget.TextView: David's Seafood Grill
android.widget.LinearLayout@40565ac8
android.widget.TextView: (972) 293-0005
android.widget.TextView: 2.13 Km
android.widget.TextView: 350 East FM 1382 Cedar Hill, TX
