android.widget.FrameLayout@40587968
android.widget.LinearLayout@40588418
android.widget.FrameLayout@405886c8
android.widget.ImageView@40588978
android.widget.RelativeLayout@40588e10
android.widget.ImageButton@40589420
android.widget.EditText: 
android.widget.Button: Map
android.widget.RelativeLayout@4058cad0
android.widget.EditText: 
android.widget.Button: Cancel
android.widget.RelativeLayout@4058eee0
android.widget.LinearLayout@4058f288
android.widget.TextView: Locations
com.google.android.maps.MapView@40590a80
android.widget.LinearLayout@40510758
android.widget.TextView: Locations
android.widget.ScrollView@4050c268
android.widget.TableLayout@4052c8a8
android.widget.TableRow@40636ad8
android.widget.ImageView@406289d0
android.widget.TextView: 7926 Crain Highway S
android.widget.TextView: 14 mi
android.widget.TableRow@4062d498
android.widget.ImageView@4062d7e8
android.widget.TextView: 7926 Crain Highway S
android.widget.TextView: 14 mi
android.widget.TableRow@4062ecb0
android.widget.ImageView@4062f158
android.widget.TextView: 1800 Eastern Boulevard
android.widget.TextView: 14 mi
android.widget.TableRow@4061f648
android.widget.ImageView@4061faf0
android.widget.TextView: 1800 Eastern Boulevard
android.widget.TextView: 17 mi
android.widget.TableRow@4060b250
android.widget.ImageView@4060b6d8
android.widget.TextView: 350 E Gude Drive
android.widget.TextView: 18 mi
android.widget.TableRow@4060a858
android.widget.ImageView@40624f88
android.widget.TextView: 14401 Baltimore Avenue
android.widget.TextView: 18 mi
android.widget.TableRow@4050b628
android.widget.ImageView@4050bad0
android.widget.TextView: 14401 Baltimore Avenue
android.widget.TextView: 18 mi
android.widget.TableRow@4062f5b0
android.widget.ImageView@4062f9a8
android.widget.TextView: 3132 Briggs Chaney Road
android.widget.TextView: 21 mi
android.widget.TableRow@40551b60
android.widget.ImageView@4062c778
android.widget.TextView: 3132 Briggs Chaney Road
android.widget.TextView: 21 mi
android.widget.TableRow@40610a28
android.widget.ImageView@40610ed0
android.widget.TextView: 448 Route 9 S (Tuckerton)
android.widget.TextView: 21 mi
android.widget.TableRow@406275b8
android.widget.ImageView@40612078
android.widget.TextView: 1470 Ritchie Highway (Annapolis)
android.widget.TextView: 23 mi
android.widget.TableRow@4061b118
android.widget.ImageView@4061b5c0
android.widget.TextView: 1470 Ritchie Highway
android.widget.TextView: 23 mi
android.widget.TableRow@4061a5c8
android.widget.ImageView@4061aa70
android.widget.TextView: 115 Baltimore Pike
android.widget.TextView: 24 mi
android.widget.TableRow@4062a3b0
android.widget.ImageView@40550650
android.widget.TextView: 115 Baltimore Pike
android.widget.TextView: 24 mi
android.widget.TableRow@406173a8
android.widget.ImageView@40617850
android.widget.TextView: 2103 Commerce Park Drive (Bestgate)
android.widget.TextView: 24 mi
android.widget.TableRow@4060fac0
android.widget.ImageView@4060ff68
android.widget.TextView: 2103 Commerce Park Drive
android.widget.TextView: 24 mi
android.widget.TableRow@4054f660
android.widget.ImageView@4054fb08
android.widget.TextView: 4319 Collington Road (Route 197)
android.widget.TextView: 26 mi
android.widget.TableRow@40621760
android.widget.ImageView@40621c08
android.widget.TextView: 4319 Collington Road (Route 197)
android.widget.TextView: 26 mi
android.widget.TableRow@40553b38
android.widget.ImageView@40553fe0
android.widget.TextView: 8211 Annapolis Road
android.widget.TextView: 27 mi
android.widget.TableRow@405aed80
android.widget.ImageView@405af228
android.widget.TextView: 2 Lee Airpark Drive
android.widget.TextView: 27 mi
android.widget.FrameLayout@4050bf48
android.widget.ImageView@40515de0
android.widget.Button: Filter
android.widget.LinearLayout@405529d0
android.widget.FrameLayout@4055aab8
android.widget.ImageView@40553448
android.widget.Button: Filter
android.widget.FrameLayout@40611f20
android.widget.Button: Done
android.widget.FrameLayout@40618e50
android.widget.ImageView@40555aa0
android.widget.TextView: Stores
android.widget.ImageView@4056e0a0
android.widget.FrameLayout@4062a550
android.widget.ImageView@40570358
android.widget.TextView: ATMs
android.widget.ImageView@40574590
android.widget.FrameLayout@40587968
android.widget.LinearLayout@40588418
android.widget.FrameLayout@405886c8
android.widget.ImageView@40588978
android.widget.RelativeLayout@40588e10
android.widget.ImageButton@40589420
android.widget.EditText: 
android.widget.Button: Map
android.widget.RelativeLayout@4058cad0
android.widget.EditText: 
android.widget.Button: Cancel
android.widget.RelativeLayout@4058eee0
android.widget.LinearLayout@4058f288
android.widget.TextView: Locations
com.google.android.maps.MapView@40590a80
android.widget.LinearLayout@40510758
android.widget.TextView: Locations
android.widget.ScrollView@4050c268
android.widget.TableLayout@4052c8a8
android.widget.TableRow@40636ad8
android.widget.ImageView@406289d0
android.widget.TextView: 7926 Crain Highway S
android.widget.TextView: 14 mi
android.widget.TableRow@4062d498
android.widget.ImageView@4062d7e8
android.widget.TextView: 7926 Crain Highway S
android.widget.TextView: 14 mi
android.widget.TableRow@4062ecb0
android.widget.ImageView@4062f158
android.widget.TextView: 1800 Eastern Boulevard
android.widget.TextView: 14 mi
android.widget.TableRow@4061f648
android.widget.ImageView@4061faf0
android.widget.TextView: 1800 Eastern Boulevard
android.widget.TextView: 17 mi
android.widget.TableRow@4060b250
android.widget.ImageView@4060b6d8
android.widget.TextView: 350 E Gude Drive
android.widget.TextView: 18 mi
android.widget.TableRow@4060a858
android.widget.ImageView@40624f88
android.widget.TextView: 14401 Baltimore Avenue
android.widget.TextView: 18 mi
android.widget.TableRow@4050b628
android.widget.ImageView@4050bad0
android.widget.TextView: 14401 Baltimore Avenue
android.widget.TextView: 18 mi
android.widget.TableRow@4062f5b0
android.widget.ImageView@4062f9a8
android.widget.TextView: 3132 Briggs Chaney Road
android.widget.TextView: 21 mi
android.widget.TableRow@40551b60
android.widget.ImageView@4062c778
android.widget.TextView: 3132 Briggs Chaney Road
android.widget.TextView: 21 mi
android.widget.TableRow@40610a28
android.widget.ImageView@40610ed0
android.widget.TextView: 448 Route 9 S (Tuckerton)
android.widget.TextView: 21 mi
android.widget.TableRow@406275b8
android.widget.ImageView@40612078
android.widget.TextView: 1470 Ritchie Highway (Annapolis)
android.widget.TextView: 23 mi
android.widget.TableRow@4061b118
android.widget.ImageView@4061b5c0
android.widget.TextView: 1470 Ritchie Highway
android.widget.TextView: 23 mi
android.widget.TableRow@4061a5c8
android.widget.ImageView@4061aa70
android.widget.TextView: 115 Baltimore Pike
android.widget.TextView: 24 mi
android.widget.TableRow@4062a3b0
android.widget.ImageView@40550650
android.widget.TextView: 115 Baltimore Pike
android.widget.TextView: 24 mi
android.widget.TableRow@406173a8
android.widget.ImageView@40617850
android.widget.TextView: 2103 Commerce Park Drive (Bestgate)
android.widget.TextView: 24 mi
android.widget.TableRow@4060fac0
android.widget.ImageView@4060ff68
android.widget.TextView: 2103 Commerce Park Drive
android.widget.TextView: 24 mi
android.widget.TableRow@4054f660
android.widget.ImageView@4054fb08
android.widget.TextView: 4319 Collington Road (Route 197)
android.widget.TextView: 26 mi
android.widget.TableRow@40621760
android.widget.ImageView@40621c08
android.widget.TextView: 4319 Collington Road (Route 197)
android.widget.TextView: 26 mi
android.widget.TableRow@40553b38
android.widget.ImageView@40553fe0
android.widget.TextView: 8211 Annapolis Road
android.widget.TextView: 27 mi
android.widget.TableRow@405aed80
android.widget.ImageView@405af228
android.widget.TextView: 2 Lee Airpark Drive
android.widget.TextView: 27 mi
android.widget.FrameLayout@4050bf48
android.widget.ImageView@40515de0
android.widget.Button: Filter
android.widget.LinearLayout@405529d0
android.widget.FrameLayout@4055aab8
android.widget.ImageView@40553448
android.widget.Button: Filter
android.widget.FrameLayout@40611f20
android.widget.Button: Done
android.widget.FrameLayout@40618e50
android.widget.ImageView@40555aa0
android.widget.TextView: Stores
android.widget.ImageView@4056e0a0
android.widget.FrameLayout@4062a550
android.widget.ImageView@40570358
android.widget.TextView: ATMs
android.widget.ImageView@40574590
android.widget.FrameLayout@40587968
android.widget.LinearLayout@40588418
android.widget.FrameLayout@405886c8
android.widget.ImageView@40588978
android.widget.RelativeLayout@40588e10
android.widget.ImageButton@40589420
android.widget.EditText: 
android.widget.Button: Map
android.widget.RelativeLayout@4058cad0
android.widget.EditText: 
android.widget.Button: Cancel
android.widget.RelativeLayout@4058eee0
android.widget.LinearLayout@4058f288
android.widget.TextView: Locations
com.google.android.maps.MapView@40590a80
android.widget.LinearLayout@40510758
android.widget.TextView: Locations
android.widget.ScrollView@4050c268
android.widget.TableLayout@4052c8a8
android.widget.TableRow@40636ad8
android.widget.ImageView@406289d0
android.widget.TextView: 7926 Crain Highway S
android.widget.TextView: 14 mi
android.widget.TableRow@4062d498
android.widget.ImageView@4062d7e8
android.widget.TextView: 7926 Crain Highway S
android.widget.TextView: 14 mi
android.widget.TableRow@4062ecb0
android.widget.ImageView@4062f158
android.widget.TextView: 1800 Eastern Boulevard
android.widget.TextView: 14 mi
android.widget.TableRow@4061f648
android.widget.ImageView@4061faf0
android.widget.TextView: 1800 Eastern Boulevard
android.widget.TextView: 17 mi
android.widget.TableRow@4060b250
android.widget.ImageView@4060b6d8
android.widget.TextView: 350 E Gude Drive
android.widget.TextView: 18 mi
android.widget.TableRow@4060a858
android.widget.ImageView@40624f88
android.widget.TextView: 14401 Baltimore Avenue
android.widget.TextView: 18 mi
android.widget.TableRow@4050b628
android.widget.ImageView@4050bad0
android.widget.TextView: 14401 Baltimore Avenue
android.widget.TextView: 18 mi
android.widget.TableRow@4062f5b0
android.widget.ImageView@4062f9a8
android.widget.TextView: 3132 Briggs Chaney Road
android.widget.TextView: 21 mi
android.widget.TableRow@40551b60
android.widget.ImageView@4062c778
android.widget.TextView: 3132 Briggs Chaney Road
android.widget.TextView: 21 mi
android.widget.TableRow@40610a28
android.widget.ImageView@40610ed0
android.widget.TextView: 448 Route 9 S (Tuckerton)
android.widget.TextView: 21 mi
android.widget.TableRow@406275b8
android.widget.ImageView@40612078
android.widget.TextView: 1470 Ritchie Highway (Annapolis)
android.widget.TextView: 23 mi
android.widget.TableRow@4061b118
android.widget.ImageView@4061b5c0
android.widget.TextView: 1470 Ritchie Highway
android.widget.TextView: 23 mi
android.widget.TableRow@4061a5c8
android.widget.ImageView@4061aa70
android.widget.TextView: 115 Baltimore Pike
android.widget.TextView: 24 mi
android.widget.TableRow@4062a3b0
android.widget.ImageView@40550650
android.widget.TextView: 115 Baltimore Pike
android.widget.TextView: 24 mi
android.widget.TableRow@406173a8
android.widget.ImageView@40617850
android.widget.TextView: 2103 Commerce Park Drive (Bestgate)
android.widget.TextView: 24 mi
android.widget.TableRow@4060fac0
android.widget.ImageView@4060ff68
android.widget.TextView: 2103 Commerce Park Drive
android.widget.TextView: 24 mi
android.widget.TableRow@4054f660
android.widget.ImageView@4054fb08
android.widget.TextView: 4319 Collington Road (Route 197)
android.widget.TextView: 26 mi
android.widget.TableRow@40621760
android.widget.ImageView@40621c08
android.widget.TextView: 4319 Collington Road (Route 197)
android.widget.TextView: 26 mi
android.widget.TableRow@40553b38
android.widget.ImageView@40553fe0
android.widget.TextView: 8211 Annapolis Road
android.widget.TextView: 27 mi
android.widget.TableRow@405aed80
android.widget.ImageView@405af228
android.widget.TextView: 2 Lee Airpark Drive
android.widget.TextView: 27 mi
android.widget.FrameLayout@4050bf48
android.widget.ImageView@40515de0
android.widget.Button: Filter
android.widget.LinearLayout@405529d0
android.widget.FrameLayout@4055aab8
android.widget.ImageView@40553448
android.widget.Button: Filter
android.widget.FrameLayout@40611f20
android.widget.Button: Done
android.widget.FrameLayout@40618e50
android.widget.ImageView@40555aa0
android.widget.TextView: Stores
android.widget.ImageView@4056e0a0
android.widget.FrameLayout@4062a550
android.widget.ImageView@40570358
android.widget.TextView: ATMs
android.widget.ImageView@40574590
