android.widget.FrameLayout@40586190
android.widget.LinearLayout@40586c40
android.widget.FrameLayout@40586ef0
android.widget.ImageView@405871a0
android.widget.RelativeLayout@40587638
android.widget.ImageButton@40587c48
android.widget.EditText: 
android.widget.Button: Map
android.widget.RelativeLayout@4058b2f8
android.widget.EditText: 
android.widget.Button: Cancel
android.widget.RelativeLayout@4058d708
android.widget.LinearLayout@4058dab0
android.widget.TextView: Locations
com.google.android.maps.MapView@4058f2a8
android.widget.LinearLayout@4050b118
android.widget.TextView: Locations
android.widget.ScrollView@40537fe8
android.widget.TableLayout@40612c60
android.widget.TableRow@405a5700
android.widget.ImageView@405a5bc8
android.widget.TextView: 7 N County Line Road
android.widget.TextView: 3.65 mi
android.widget.TableRow@405a6eb8
android.widget.ImageView@405a7360
android.widget.TextView: 7 N County Line Road
android.widget.TextView: 3.70 mi
android.widget.TableRow@405bd028
android.widget.ImageView@405bd4d0
android.widget.TextView: 1601 Madison Avenue
android.widget.TextView: 5.27 mi
android.widget.TableRow@405be4b8
android.widget.ImageView@405bf140
android.widget.TextView: 1601 Madison Avenue
android.widget.TextView: 5.27 mi
android.widget.TableRow@405c3b50
android.widget.ImageView@405c3ff8
android.widget.TextView: 2570 Route 37
android.widget.TextView: 5.61 mi
android.widget.TableRow@405c4fe0
android.widget.ImageView@405c5488
android.widget.TextView: 2570 Route 37
android.widget.TextView: 5.61 mi
android.widget.TableRow@405cc700
android.widget.ImageView@405ccba8
android.widget.TextView: SW Corner Of Route 9 &
android.widget.TextView: 5.69 mi
android.widget.TableRow@405cdb00
android.widget.ImageView@405cdfa8
android.widget.TextView: 4280 US Highway 9
android.widget.TextView: 6.38 mi
android.widget.TableRow@405d44a0
android.widget.ImageView@405d4948
android.widget.TextView: 4280 U.S. Highway 9
android.widget.TextView: 6.71 mi
android.widget.TableRow@405d8250
android.widget.ImageView@405d86f8
android.widget.TextView: 10 Mule Road
android.widget.TextView: 8.82 mi
android.widget.TableRow@405dab88
android.widget.ImageView@405db030
android.widget.TextView: 10 Mule Road
android.widget.TextView: 8.84 mi
android.widget.TableRow@405dc018
android.widget.ImageView@405dc8b0
android.widget.TextView: 1049 Cedar Bridge Avenue
android.widget.TextView: 9.30 mi
android.widget.TableRow@405e22f8
android.widget.ImageView@405e27a0
android.widget.TextView: 88 Lacey Road
android.widget.TextView: 9.64 mi
android.widget.TableRow@405e37e8
android.widget.ImageView@405e3c90
android.widget.TextView: 88 Lacey Road
android.widget.TextView: 9.78 mi
android.widget.TableRow@405eb810
android.widget.ImageView@405ebcb8
android.widget.TextView: 2292 Hooper Avenue
android.widget.TextView: 9.87 mi
android.widget.TableRow@405ef5c0
android.widget.ImageView@405efa68
android.widget.TextView: 2292 Hooper Avenue
android.widget.TextView: 9.92 mi
android.widget.TableRow@405f1ee0
android.widget.ImageView@405f2388
android.widget.TextView: 989 Burnt Tavern Road
android.widget.TextView: 10 mi
android.widget.TableRow@405f5860
android.widget.ImageView@405f5d08
android.widget.TextView: 1049 Cedar Bridge
android.widget.TextView: 10 mi
android.widget.TableRow@405fa2b8
android.widget.ImageView@405fa760
android.widget.TextView: 989 Burnt Tavern Road 
android.widget.TextView: 10 mi
android.widget.TableRow@405fb668
android.widget.ImageView@405fbb10
android.widget.TextView: 1101 Hooper Avenue
android.widget.TextView: 10 mi
android.widget.FrameLayout@40545b58
android.widget.ImageView@40550a90
android.widget.Button: Filter
android.widget.LinearLayout@4056d6e8
android.widget.FrameLayout@40568e48
android.widget.ImageView@40583b80
android.widget.Button: Filter
android.widget.FrameLayout@40580f30
android.widget.Button: Done
android.widget.FrameLayout@405823a8
android.widget.ImageView@405850a8
android.widget.TextView: Stores
android.widget.ImageView@405b4248
android.widget.FrameLayout@405b7b00
android.widget.ImageView@4060d458
android.widget.TextView: ATMs
android.widget.ImageView@40623148
android.widget.FrameLayout@40586190
android.widget.LinearLayout@40586c40
android.widget.FrameLayout@40586ef0
android.widget.ImageView@405871a0
android.widget.RelativeLayout@40587638
android.widget.ImageButton@40587c48
android.widget.EditText: 
android.widget.Button: Map
android.widget.RelativeLayout@4058b2f8
android.widget.EditText: 
android.widget.Button: Cancel
android.widget.RelativeLayout@4058d708
android.widget.LinearLayout@4058dab0
android.widget.TextView: Locations
com.google.android.maps.MapView@4058f2a8
android.widget.LinearLayout@4050b118
android.widget.TextView: Locations
android.widget.ScrollView@40537fe8
android.widget.TableLayout@40612c60
android.widget.TableRow@405a5700
android.widget.ImageView@405a5bc8
android.widget.TextView: 7 N County Line Road
android.widget.TextView: 3.65 mi
android.widget.TableRow@405a6eb8
android.widget.ImageView@405a7360
android.widget.TextView: 7 N County Line Road
android.widget.TextView: 3.70 mi
android.widget.TableRow@405bd028
android.widget.ImageView@405bd4d0
android.widget.TextView: 1601 Madison Avenue
android.widget.TextView: 5.27 mi
android.widget.TableRow@405be4b8
android.widget.ImageView@405bf140
android.widget.TextView: 1601 Madison Avenue
android.widget.TextView: 5.27 mi
android.widget.TableRow@405c3b50
android.widget.ImageView@405c3ff8
android.widget.TextView: 2570 Route 37
android.widget.TextView: 5.61 mi
android.widget.TableRow@405c4fe0
android.widget.ImageView@405c5488
android.widget.TextView: 2570 Route 37
android.widget.TextView: 5.61 mi
android.widget.TableRow@405cc700
android.widget.ImageView@405ccba8
android.widget.TextView: SW Corner Of Route 9 &
android.widget.TextView: 5.69 mi
android.widget.TableRow@405cdb00
android.widget.ImageView@405cdfa8
android.widget.TextView: 4280 US Highway 9
android.widget.TextView: 6.38 mi
android.widget.TableRow@405d44a0
android.widget.ImageView@405d4948
android.widget.TextView: 4280 U.S. Highway 9
android.widget.TextView: 6.71 mi
android.widget.TableRow@405d8250
android.widget.ImageView@405d86f8
android.widget.TextView: 10 Mule Road
android.widget.TextView: 8.82 mi
android.widget.TableRow@405dab88
android.widget.ImageView@405db030
android.widget.TextView: 10 Mule Road
android.widget.TextView: 8.84 mi
android.widget.TableRow@405dc018
android.widget.ImageView@405dc8b0
android.widget.TextView: 1049 Cedar Bridge Avenue
android.widget.TextView: 9.30 mi
android.widget.TableRow@405e22f8
android.widget.ImageView@405e27a0
android.widget.TextView: 88 Lacey Road
android.widget.TextView: 9.64 mi
android.widget.TableRow@405e37e8
android.widget.ImageView@405e3c90
android.widget.TextView: 88 Lacey Road
android.widget.TextView: 9.78 mi
android.widget.TableRow@405eb810
android.widget.ImageView@405ebcb8
android.widget.TextView: 2292 Hooper Avenue
android.widget.TextView: 9.87 mi
android.widget.TableRow@405ef5c0
android.widget.ImageView@405efa68
android.widget.TextView: 2292 Hooper Avenue
android.widget.TextView: 9.92 mi
android.widget.TableRow@405f1ee0
android.widget.ImageView@405f2388
android.widget.TextView: 989 Burnt Tavern Road
android.widget.TextView: 10 mi
android.widget.TableRow@405f5860
android.widget.ImageView@405f5d08
android.widget.TextView: 1049 Cedar Bridge
android.widget.TextView: 10 mi
android.widget.TableRow@405fa2b8
android.widget.ImageView@405fa760
android.widget.TextView: 989 Burnt Tavern Road 
android.widget.TextView: 10 mi
android.widget.TableRow@405fb668
android.widget.ImageView@405fbb10
android.widget.TextView: 1101 Hooper Avenue
android.widget.TextView: 10 mi
android.widget.FrameLayout@40545b58
android.widget.ImageView@40550a90
android.widget.Button: Filter
android.widget.LinearLayout@4056d6e8
android.widget.FrameLayout@40568e48
android.widget.ImageView@40583b80
android.widget.Button: Filter
android.widget.FrameLayout@40580f30
android.widget.Button: Done
android.widget.FrameLayout@405823a8
android.widget.ImageView@405850a8
android.widget.TextView: Stores
android.widget.ImageView@405b4248
android.widget.FrameLayout@405b7b00
android.widget.ImageView@4060d458
android.widget.TextView: ATMs
android.widget.ImageView@40623148
android.widget.FrameLayout@40586190
android.widget.LinearLayout@40586c40
android.widget.FrameLayout@40586ef0
android.widget.ImageView@405871a0
android.widget.RelativeLayout@40587638
android.widget.ImageButton@40587c48
android.widget.EditText: 
android.widget.Button: Map
android.widget.RelativeLayout@4058b2f8
android.widget.EditText: 
android.widget.Button: Cancel
android.widget.RelativeLayout@4058d708
android.widget.LinearLayout@4058dab0
android.widget.TextView: Locations
com.google.android.maps.MapView@4058f2a8
android.widget.LinearLayout@4050b118
android.widget.TextView: Locations
android.widget.ScrollView@40537fe8
android.widget.TableLayout@40612c60
android.widget.TableRow@405a5700
android.widget.ImageView@405a5bc8
android.widget.TextView: 7 N County Line Road
android.widget.TextView: 3.65 mi
android.widget.TableRow@405a6eb8
android.widget.ImageView@405a7360
android.widget.TextView: 7 N County Line Road
android.widget.TextView: 3.70 mi
android.widget.TableRow@405bd028
android.widget.ImageView@405bd4d0
android.widget.TextView: 1601 Madison Avenue
android.widget.TextView: 5.27 mi
android.widget.TableRow@405be4b8
android.widget.ImageView@405bf140
android.widget.TextView: 1601 Madison Avenue
android.widget.TextView: 5.27 mi
android.widget.TableRow@405c3b50
android.widget.ImageView@405c3ff8
android.widget.TextView: 2570 Route 37
android.widget.TextView: 5.61 mi
android.widget.TableRow@405c4fe0
android.widget.ImageView@405c5488
android.widget.TextView: 2570 Route 37
android.widget.TextView: 5.61 mi
android.widget.TableRow@405cc700
android.widget.ImageView@405ccba8
android.widget.TextView: SW Corner Of Route 9 &
android.widget.TextView: 5.69 mi
android.widget.TableRow@405cdb00
android.widget.ImageView@405cdfa8
android.widget.TextView: 4280 US Highway 9
android.widget.TextView: 6.38 mi
android.widget.TableRow@405d44a0
android.widget.ImageView@405d4948
android.widget.TextView: 4280 U.S. Highway 9
android.widget.TextView: 6.71 mi
android.widget.TableRow@405d8250
android.widget.ImageView@405d86f8
android.widget.TextView: 10 Mule Road
android.widget.TextView: 8.82 mi
android.widget.TableRow@405dab88
android.widget.ImageView@405db030
android.widget.TextView: 10 Mule Road
android.widget.TextView: 8.84 mi
android.widget.TableRow@405dc018
android.widget.ImageView@405dc8b0
android.widget.TextView: 1049 Cedar Bridge Avenue
android.widget.TextView: 9.30 mi
android.widget.TableRow@405e22f8
android.widget.ImageView@405e27a0
android.widget.TextView: 88 Lacey Road
android.widget.TextView: 9.64 mi
android.widget.TableRow@405e37e8
android.widget.ImageView@405e3c90
android.widget.TextView: 88 Lacey Road
android.widget.TextView: 9.78 mi
android.widget.TableRow@405eb810
android.widget.ImageView@405ebcb8
android.widget.TextView: 2292 Hooper Avenue
android.widget.TextView: 9.87 mi
android.widget.TableRow@405ef5c0
android.widget.ImageView@405efa68
android.widget.TextView: 2292 Hooper Avenue
android.widget.TextView: 9.92 mi
android.widget.TableRow@405f1ee0
android.widget.ImageView@405f2388
android.widget.TextView: 989 Burnt Tavern Road
android.widget.TextView: 10 mi
android.widget.TableRow@405f5860
android.widget.ImageView@405f5d08
android.widget.TextView: 1049 Cedar Bridge
android.widget.TextView: 10 mi
android.widget.TableRow@405fa2b8
android.widget.ImageView@405fa760
android.widget.TextView: 989 Burnt Tavern Road 
android.widget.TextView: 10 mi
android.widget.TableRow@405fb668
android.widget.ImageView@405fbb10
android.widget.TextView: 1101 Hooper Avenue
android.widget.TextView: 10 mi
android.widget.FrameLayout@40545b58
android.widget.ImageView@40550a90
android.widget.Button: Filter
android.widget.LinearLayout@4056d6e8
android.widget.FrameLayout@40568e48
android.widget.ImageView@40583b80
android.widget.Button: Filter
android.widget.FrameLayout@40580f30
android.widget.Button: Done
android.widget.FrameLayout@405823a8
android.widget.ImageView@405850a8
android.widget.TextView: Stores
android.widget.ImageView@405b4248
android.widget.FrameLayout@405b7b00
android.widget.ImageView@4060d458
android.widget.TextView: ATMs
android.widget.ImageView@40623148
