android.widget.FrameLayout@4057f590
android.widget.LinearLayout@40580040
android.widget.FrameLayout@405802f0
android.widget.ImageView@405805a0
android.widget.RelativeLayout@40580a38
android.widget.ImageButton@40581048
android.widget.EditText: 
android.widget.Button: Map
android.widget.RelativeLayout@405846f8
android.widget.EditText: 
android.widget.Button: Cancel
android.widget.RelativeLayout@40586b08
android.widget.LinearLayout@40586eb0
android.widget.TextView: Locations
com.google.android.maps.MapView@405886a8
android.widget.LinearLayout@40558f18
android.widget.TextView: Locations
android.widget.ScrollView@40556d50
android.widget.TableLayout@40527630
android.widget.TableRow@40547f70
android.widget.TextView: No search results found
android.widget.FrameLayout@405ab050
android.widget.ImageView@4055ad18
android.widget.Button: Filter
android.widget.LinearLayout@4055b388
android.widget.FrameLayout@405b7760
android.widget.ImageView@4055bf68
android.widget.Button: Filter
android.widget.FrameLayout@40611838
android.widget.Button: Done
android.widget.FrameLayout@406123c0
android.widget.ImageView@4055d878
android.widget.TextView: Stores
android.widget.ImageView@4057cc58
android.widget.FrameLayout@40614008
android.widget.ImageView@405a9c48
android.widget.TextView: ATMs
android.widget.ImageView@4060a678
