android.widget.LinearLayout@4057dfb8
android.widget.FrameLayout@40588e28
android.widget.TextView: Hospitals Near Me FREE
android.widget.FrameLayout@40562760
android.widget.LinearLayout@405807a0
android.widget.ListView@40553848
android.widget.LinearLayout@40637870
android.widget.ImageView@40637ce8
android.widget.TextView: 3.2 mi
android.widget.TableLayout@405c38f0
android.widget.TableRow@405c41a8
android.widget.TextView: University Specialty Hospital
android.widget.TableRow@405c4c70
android.widget.TextView: Address , City
android.widget.TableRow@4066c940
android.widget.TextView: Phone Number
android.widget.LinearLayout@4066dae0
android.widget.ImageView@4066dcf8
android.widget.TextView: 3.7 mi
android.widget.TableLayout@40644b68
android.widget.TableRow@40644ec0
android.widget.TextView: University of Maryland Medical Center
android.widget.TableRow@406456e0
android.widget.TextView: Address , City
android.widget.TableRow@40645f00
android.widget.TextView: Phone Number
android.widget.LinearLayout@4059f6f0
android.widget.ImageView@4059f8d0
android.widget.TextView: 3.7 mi
android.widget.TableLayout@4059ffa0
android.widget.TableRow@405a0478
android.widget.TextView: Church Hospital Corporation
android.widget.TableRow@405a0c98
android.widget.TextView: Address , City
android.widget.TableRow@405a5950
android.widget.TextView: Phone Number
android.widget.LinearLayout@405a6990
android.widget.ImageView@405a6ba8
android.widget.TextView: 3.8 mi
android.widget.TableLayout@405a7278
android.widget.TableRow@405a7750
android.widget.TextView: Veterans Affairs Maryland Health Care System-Baltimore Division
android.widget.TableRow@405b2a40
android.widget.TextView: Address , City
android.widget.TableRow@405b3260
android.widget.TextView: Phone Number
android.widget.LinearLayout@405b4330
android.widget.ImageView@4054a5a0
android.widget.TextView: 4.0 mi
android.widget.TableLayout@4054abd8
android.widget.TableRow@4054b0b0
android.widget.TextView: Johns Hopkins Bayview Medical Center
android.widget.TableRow@4054b8d0
android.widget.TextView: Address , City
android.widget.TableRow@4054c0f0
android.widget.TextView: Phone Number
android.widget.LinearLayout@405bd628
android.widget.ImageView@405bd840
android.widget.TextView: 4.1 mi
android.widget.TableLayout@405bdf10
android.widget.TableRow@405be3e8
android.widget.TextView: Johns Hopkins Hospital
android.widget.TableRow@405bec08
android.widget.TextView: Address , City
android.widget.TableRow@40680cb8
android.widget.TextView: Phone Number
android.widget.TextView: Loading data
android.widget.LinearLayout@4057dfb8
android.widget.FrameLayout@40588e28
android.widget.TextView: Hospitals Near Me FREE
android.widget.FrameLayout@40562760
android.widget.LinearLayout@405807a0
android.widget.ListView@40553848
android.widget.LinearLayout@405bd628
android.widget.ImageView@405bd840
android.widget.TextView: 4.1 mi
android.widget.TableLayout@405bdf10
android.widget.TableRow@405be3e8
android.widget.TextView: Johns Hopkins Hospital
android.widget.TableRow@405bec08
android.widget.TextView: Address , City
android.widget.TableRow@40680cb8
android.widget.TextView: Phone Number
android.widget.LinearLayout@40597090
android.widget.ImageView@405972a8
android.widget.TextView: 4.1 mi
android.widget.TableLayout@40597968
android.widget.TableRow@40597e40
android.widget.TextView: Kennedy Krieger Institute
android.widget.TableRow@40598630
android.widget.TextView: Address , City
android.widget.TableRow@4059b180
android.widget.TextView: Phone Number
android.widget.LinearLayout@4059c180
android.widget.ImageView@4059c398
android.widget.TextView: 4.3 mi
android.widget.TableLayout@4059ca68
android.widget.TableRow@4059cf40
android.widget.TextView: Maryland Penitentary Hospital
android.widget.TableRow@4059d760
android.widget.TextView: Address , City
android.widget.TableRow@4059df80
android.widget.TextView: Phone Number
android.widget.LinearLayout@4059efa8
android.widget.ImageView@405a7b00
android.widget.TextView: 4.4 mi
android.widget.TableLayout@405a81d0
android.widget.TableRow@405a86a8
android.widget.TextView: Maryland General Hospital
android.widget.TableRow@405a8ec8
android.widget.TextView: Address , City
android.widget.TableRow@405a96e8
android.widget.TextView: Phone Number
android.widget.LinearLayout@405aa730
android.widget.ImageView@405aa948
android.widget.TextView: 4.4 mi
android.widget.TableLayout@405ab018
android.widget.TableRow@405ab4f0
android.widget.TextView: Bon Secours Baltimore Health System
android.widget.TableRow@405adff0
android.widget.TextView: Address , City
android.widget.TableRow@405ae7d8
android.widget.TextView: Phone Number
android.widget.LinearLayout@405af848
android.widget.ImageView@405afa60
android.widget.TextView: 4.7 mi
android.widget.TableLayout@405b0130
android.widget.TableRow@405b0608
android.widget.TextView: St. Agnes Hospital
android.widget.TableRow@405b0e28
android.widget.TextView: Address , City
android.widget.TableRow@405b1648
android.widget.TextView: Phone Number
android.widget.TextView: Loading data
android.widget.LinearLayout@4057dfb8
android.widget.FrameLayout@40588e28
android.widget.TextView: Hospitals Near Me FREE
android.widget.FrameLayout@40562760
android.widget.LinearLayout@405807a0
android.widget.ListView@40553848
android.widget.LinearLayout@405af848
android.widget.ImageView@405afa60
android.widget.TextView: 4.7 mi
android.widget.TableLayout@405b0130
android.widget.TableRow@405b0608
android.widget.TextView: St. Agnes Hospital
android.widget.TableRow@405b0e28
android.widget.TextView: Address , City
android.widget.TableRow@405b1648
android.widget.TextView: Phone Number
android.widget.LinearLayout@40637870
android.widget.ImageView@40637ce8
android.widget.TextView: 6.2 mi
android.widget.TableLayout@405c38f0
android.widget.TableRow@405c41a8
android.widget.TextView: Gundry-Glass Hospital
android.widget.TableRow@405c4c70
android.widget.TextView: Address , City
android.widget.TableRow@4066c940
android.widget.TextView: Phone Number
android.widget.LinearLayout@4066dae0
android.widget.ImageView@4066dcf8
android.widget.TextView: 6.2 mi
android.widget.TableLayout@40644b68
android.widget.TableRow@40644ec0
android.widget.TextView: Regional Institute for Children
android.widget.TableRow@406456e0
android.widget.TextView: Address , City
android.widget.TableRow@40645f00
android.widget.TextView: Phone Number
android.widget.LinearLayout@4059f6f0
android.widget.ImageView@4059f8d0
android.widget.TextView: 6.4 mi
android.widget.TableLayout@4059ffa0
android.widget.TableRow@405a0478
android.widget.TextView: Union Memorial Hospital
android.widget.TableRow@405a0c98
android.widget.TextView: Address , City
android.widget.TableRow@405a5950
android.widget.TextView: Phone Number
android.widget.LinearLayout@405a6990
android.widget.ImageView@405a6ba8
android.widget.TextView: 6.5 mi
android.widget.TableLayout@405a7278
android.widget.TableRow@405a7750
android.widget.TextView: Liberty Medical Center
android.widget.TableRow@405b2a40
android.widget.TextView: Address , City
android.widget.TableRow@405b3260
android.widget.TextView: Phone Number
android.widget.LinearLayout@405b4330
android.widget.ImageView@4054a5a0
android.widget.TextView: 7.0 mi
android.widget.TableLayout@4054abd8
android.widget.TableRow@4054b0b0
android.widget.TextView: Baltimore Washington Medical Center
android.widget.TableRow@4054b8d0
android.widget.TextView: Address , City
android.widget.TableRow@4054c0f0
android.widget.TextView: Phone Number
android.widget.TextView: Loading data
android.widget.LinearLayout@4057dfb8
android.widget.FrameLayout@40588e28
android.widget.TextView: Hospitals Near Me FREE
android.widget.FrameLayout@40562760
android.widget.LinearLayout@405807a0
android.widget.ListView@40553848
android.widget.LinearLayout@405b4330
android.widget.ImageView@4054a5a0
android.widget.TextView: 7.0 mi
android.widget.TableLayout@4054abd8
android.widget.TableRow@4054b0b0
android.widget.TextView: Baltimore Washington Medical Center
android.widget.TableRow@4054b8d0
android.widget.TextView: Address , City
android.widget.TableRow@4054c0f0
android.widget.TextView: Phone Number
android.widget.LinearLayout@405bd628
android.widget.ImageView@405bd840
android.widget.TextView: 7.1 mi
android.widget.TableLayout@405bdf10
android.widget.TableRow@405be3e8
android.widget.TextView: Montebello Rehabilitation Hospital-University of Maryland Medical System
android.widget.TableRow@405bec08
android.widget.TextView: Address , City
android.widget.TableRow@40680cb8
android.widget.TextView: Phone Number
android.widget.LinearLayout@40597090
android.widget.ImageView@405972a8
android.widget.TextView: 7.1 mi
android.widget.TableLayout@40597968
android.widget.TableRow@40597e40
android.widget.TextView: Spring Grove Hospital Center
android.widget.TableRow@40598630
android.widget.TextView: Address , City
android.widget.TableRow@4059b180
android.widget.TextView: Phone Number
android.widget.LinearLayout@4059c180
android.widget.ImageView@4059c398
android.widget.TextView: 7.4 mi
android.widget.TableLayout@4059ca68
android.widget.TableRow@4059cf40
android.widget.TextView: The New Children's Hospital
android.widget.TableRow@4059d760
android.widget.TextView: Address , City
android.widget.TableRow@4059df80
android.widget.TextView: Phone Number
android.widget.LinearLayout@4059efa8
android.widget.ImageView@405a7b00
android.widget.TextView: 8.1 mi
android.widget.TableLayout@405a81d0
android.widget.TableRow@405a86a8
android.widget.TextView: Kernan Orthopaedics and Rehabilitation
android.widget.TableRow@405a8ec8
android.widget.TextView: Address , City
android.widget.TableRow@405a96e8
android.widget.TextView: Phone Number
android.widget.LinearLayout@405aa730
android.widget.ImageView@405aa948
android.widget.TextView: 8.3 mi
android.widget.TableLayout@405ab018
android.widget.TableRow@405ab4f0
android.widget.TextView: Good Samaritan Hospital of Maryland
android.widget.TableRow@405adff0
android.widget.TextView: Address , City
android.widget.TableRow@405ae7d8
android.widget.TextView: Phone Number
android.widget.TextView: Loading data
android.widget.LinearLayout@4057dfb8
android.widget.FrameLayout@40588e28
android.widget.TextView: Hospitals Near Me FREE
android.widget.FrameLayout@40562760
android.widget.LinearLayout@405807a0
android.widget.ListView@40553848
android.widget.LinearLayout@405aa730
android.widget.ImageView@405aa948
android.widget.TextView: 8.3 mi
android.widget.TableLayout@405ab018
android.widget.TableRow@405ab4f0
android.widget.TextView: Good Samaritan Hospital of Maryland
android.widget.TableRow@405adff0
android.widget.TextView: Address , City
android.widget.TableRow@405ae7d8
android.widget.TextView: Phone Number
android.widget.LinearLayout@405af848
android.widget.ImageView@405afa60
android.widget.TextView: 8.7 mi
android.widget.TableLayout@405b0130
android.widget.TableRow@405b0608
android.widget.TextView: Levindale Hebrew Geriatric Center and Hospital
android.widget.TableRow@405b0e28
android.widget.TextView: Address , City
android.widget.TableRow@405b1648
android.widget.TextView: Phone Number
android.widget.LinearLayout@40637870
android.widget.ImageView@40637ce8
android.widget.TextView: 8.8 mi
android.widget.TableLayout@405c38f0
android.widget.TableRow@405c41a8
android.widget.TextView: Sinai Hospital of Baltimore
android.widget.TableRow@405c4c70
android.widget.TextView: Address , City
android.widget.TableRow@4066c940
android.widget.TextView: Phone Number
android.widget.LinearLayout@4066dae0
android.widget.ImageView@4066dcf8
android.widget.TextView: 9.0 mi
android.widget.TableLayout@40644b68
android.widget.TableRow@40644ec0
android.widget.TextView: Mt. Washington Pediatric Hospital
android.widget.TableRow@406456e0
android.widget.TextView: Address , City
android.widget.TableRow@40645f00
android.widget.TextView: Phone Number
android.widget.LinearLayout@4059f6f0
android.widget.ImageView@4059f8d0
android.widget.TextView: 9.7 mi
android.widget.TableLayout@4059ffa0
android.widget.TableRow@405a0478
android.widget.TextView: Seton Psychiatric Institute
android.widget.TableRow@405a0c98
android.widget.TextView: Address , City
android.widget.TableRow@405a5950
android.widget.TextView: Phone Number
android.widget.LinearLayout@405a6990
android.widget.ImageView@405a6ba8
android.widget.TextView: 10.0 mi
android.widget.TableLayout@405a7278
android.widget.TableRow@405a7750
android.widget.TextView: Franklin Square Hospital Center
android.widget.TableRow@405b2a40
android.widget.TextView: Address , City
android.widget.TableRow@405b3260
android.widget.TextView: Phone Number
android.widget.TextView: Loading data
