android.widget.LinearLayout@405642b8
android.widget.FrameLayout@4055cde0
android.widget.TextView: Hospitals Near Me FREE
android.widget.FrameLayout@40577de8
android.widget.LinearLayout@405aecb0
android.widget.ListView@4057aec0
android.widget.LinearLayout@405b3598
android.widget.ImageView@405b3a10
android.widget.TextView: 3.1 mi
android.widget.TableLayout@405b4648
android.widget.TableRow@405b4f00
android.widget.TextView: University Specialty Hospital
android.widget.TableRow@40690910
android.widget.TextView: Address , City
android.widget.TableRow@406911c8
android.widget.TextView: Phone Number
android.widget.LinearLayout@40692358
android.widget.ImageView@405bda70
android.widget.TextView: 3.6 mi
android.widget.TableLayout@405be140
android.widget.TableRow@405be618
android.widget.TextView: University of Maryland Medical Center
android.widget.TableRow@405bee38
android.widget.TextView: Address , City
android.widget.TableRow@405bf658
android.widget.TextView: Phone Number
android.widget.LinearLayout@4063bb88
android.widget.ImageView@4063bda0
android.widget.TextView: 3.7 mi
android.widget.TableLayout@4063c470
android.widget.TableRow@4063c948
android.widget.TextView: Veterans Affairs Maryland Health Care System-Baltimore Division
android.widget.TableRow@4063d168
android.widget.TextView: Address , City
android.widget.TableRow@4063d988
android.widget.TextView: Phone Number
android.widget.LinearLayout@40650248
android.widget.ImageView@40650460
android.widget.TextView: 3.8 mi
android.widget.TableLayout@40650b30
android.widget.TableRow@40651008
android.widget.TextView: Church Hospital Corporation
android.widget.TableRow@40651828
android.widget.TextView: Address , City
android.widget.TableRow@40652048
android.widget.TextView: Phone Number
android.widget.LinearLayout@4066e118
android.widget.ImageView@4066e330
android.widget.TextView: 4.1 mi
android.widget.TableLayout@4066ea00
android.widget.TableRow@4066eed8
android.widget.TextView: Johns Hopkins Hospital
android.widget.TableRow@4066f6f8
android.widget.TextView: Address , City
android.widget.TableRow@4066ff18
android.widget.TextView: Phone Number
android.widget.LinearLayout@406622d8
android.widget.ImageView@406624f0
android.widget.TextView: 4.2 mi
android.widget.TableLayout@40662bc0
android.widget.TableRow@40663098
android.widget.TextView: Kennedy Krieger Institute
android.widget.TableRow@406638b8
android.widget.TextView: Address , City
android.widget.TableRow@406640d8
android.widget.TextView: Phone Number
android.widget.TextView: Loading data
android.widget.LinearLayout@405642b8
android.widget.FrameLayout@4055cde0
android.widget.TextView: Hospitals Near Me FREE
android.widget.FrameLayout@40577de8
android.widget.LinearLayout@405aecb0
android.widget.ListView@4057aec0
android.widget.LinearLayout@406622d8
android.widget.ImageView@406624f0
android.widget.TextView: 4.2 mi
android.widget.TableLayout@40662bc0
android.widget.TableRow@40663098
android.widget.TextView: Kennedy Krieger Institute
android.widget.TableRow@406638b8
android.widget.TextView: Address , City
android.widget.TableRow@406640d8
android.widget.TextView: Phone Number
android.widget.LinearLayout@405b8388
android.widget.ImageView@405b85a0
android.widget.TextView: 4.2 mi
android.widget.TableLayout@405b8c60
android.widget.TableRow@405b9138
android.widget.TextView: Bon Secours Baltimore Health System
android.widget.TableRow@40648cc8
android.widget.TextView: Address , City
android.widget.TableRow@406494e8
android.widget.TextView: Phone Number
android.widget.LinearLayout@4064a4e0
android.widget.ImageView@4064a6f8
android.widget.TextView: 4.3 mi
android.widget.TableLayout@4064adc8
android.widget.TableRow@4064b2a0
android.widget.TextView: Johns Hopkins Bayview Medical Center
android.widget.TableRow@4064bac0
android.widget.TextView: Address , City
android.widget.TableRow@4064c2e0
android.widget.TextView: Phone Number
android.widget.LinearLayout@405521f8
android.widget.ImageView@40552410
android.widget.TextView: 4.3 mi
android.widget.TableLayout@40552ae0
android.widget.TableRow@40552fb8
android.widget.TextView: Maryland General Hospital
android.widget.TableRow@405537d8
android.widget.TextView: Address , City
android.widget.TableRow@40553ff8
android.widget.TextView: Phone Number
android.widget.LinearLayout@40555038
android.widget.ImageView@40555250
android.widget.TextView: 4.3 mi
android.widget.TableLayout@40555920
android.widget.TableRow@40555df8
android.widget.TextView: Maryland Penitentary Hospital
android.widget.TableRow@4065aa78
android.widget.TextView: Address , City
android.widget.TableRow@4065b298
android.widget.TextView: Phone Number
android.widget.LinearLayout@4065c2f8
android.widget.ImageView@4065c510
android.widget.TextView: 4.4 mi
android.widget.TableLayout@4065cbe0
android.widget.TableRow@4065d0b8
android.widget.TextView: St. Agnes Hospital
android.widget.TableRow@4065d8d8
android.widget.TextView: Address , City
android.widget.TableRow@4065e0f8
android.widget.TextView: Phone Number
android.widget.TextView: Loading data
android.widget.LinearLayout@405642b8
android.widget.FrameLayout@4055cde0
android.widget.TextView: Hospitals Near Me FREE
android.widget.FrameLayout@40577de8
android.widget.LinearLayout@405aecb0
android.widget.ListView@4057aec0
android.widget.LinearLayout@4065c2f8
android.widget.ImageView@4065c510
android.widget.TextView: 4.4 mi
android.widget.TableLayout@4065cbe0
android.widget.TableRow@4065d0b8
android.widget.TextView: St. Agnes Hospital
android.widget.TableRow@4065d8d8
android.widget.TextView: Address , City
android.widget.TableRow@4065e0f8
android.widget.TextView: Phone Number
android.widget.LinearLayout@405b3598
android.widget.ImageView@405b3a10
android.widget.TextView: 5.8 mi
android.widget.TableLayout@405b4648
android.widget.TableRow@405b4f00
android.widget.TextView: Regional Institute for Children
android.widget.TableRow@40690910
android.widget.TextView: Address , City
android.widget.TableRow@406911c8
android.widget.TextView: Phone Number
android.widget.LinearLayout@40692358
android.widget.ImageView@405bda70
android.widget.TextView: 5.9 mi
android.widget.TableLayout@405be140
android.widget.TableRow@405be618
android.widget.TextView: Gundry-Glass Hospital
android.widget.TableRow@405bee38
android.widget.TextView: Address , City
android.widget.TableRow@405bf658
android.widget.TextView: Phone Number
android.widget.LinearLayout@4063bb88
android.widget.ImageView@4063bda0
android.widget.TextView: 6.3 mi
android.widget.TableLayout@4063c470
android.widget.TableRow@4063c948
android.widget.TextView: Liberty Medical Center
android.widget.TableRow@4063d168
android.widget.TextView: Address , City
android.widget.TableRow@4063d988
android.widget.TextView: Phone Number
android.widget.LinearLayout@40650248
android.widget.ImageView@40650460
android.widget.TextView: 6.4 mi
android.widget.TableLayout@40650b30
android.widget.TableRow@40651008
android.widget.TextView: Union Memorial Hospital
android.widget.TableRow@40651828
android.widget.TextView: Address , City
android.widget.TableRow@40652048
android.widget.TextView: Phone Number
android.widget.LinearLayout@4066e118
android.widget.ImageView@4066e330
android.widget.TextView: 6.8 mi
android.widget.TableLayout@4066ea00
android.widget.TableRow@4066eed8
android.widget.TextView: Spring Grove Hospital Center
android.widget.TableRow@4066f6f8
android.widget.TextView: Address , City
android.widget.TableRow@4066ff18
android.widget.TextView: Phone Number
android.widget.TextView: Loading data
android.widget.LinearLayout@405642b8
android.widget.FrameLayout@4055cde0
android.widget.TextView: Hospitals Near Me FREE
android.widget.FrameLayout@40577de8
android.widget.LinearLayout@405aecb0
android.widget.ListView@4057aec0
android.widget.LinearLayout@4066e118
android.widget.ImageView@4066e330
android.widget.TextView: 6.8 mi
android.widget.TableLayout@4066ea00
android.widget.TableRow@4066eed8
android.widget.TextView: Spring Grove Hospital Center
android.widget.TableRow@4066f6f8
android.widget.TextView: Address , City
android.widget.TableRow@4066ff18
android.widget.TextView: Phone Number
android.widget.LinearLayout@406622d8
android.widget.ImageView@406624f0
android.widget.TextView: 6.9 mi
android.widget.TableLayout@40662bc0
android.widget.TableRow@40663098
android.widget.TextView: Baltimore Washington Medical Center
android.widget.TableRow@406638b8
android.widget.TextView: Address , City
android.widget.TableRow@406640d8
android.widget.TextView: Phone Number
android.widget.LinearLayout@405b8388
android.widget.ImageView@405b85a0
android.widget.TextView: 7.1 mi
android.widget.TableLayout@405b8c60
android.widget.TableRow@405b9138
android.widget.TextView: Montebello Rehabilitation Hospital-University of Maryland Medical System
android.widget.TableRow@40648cc8
android.widget.TextView: Address , City
android.widget.TableRow@406494e8
android.widget.TextView: Phone Number
android.widget.LinearLayout@4064a4e0
android.widget.ImageView@4064a6f8
android.widget.TextView: 7.2 mi
android.widget.TableLayout@4064adc8
android.widget.TableRow@4064b2a0
android.widget.TextView: The New Children's Hospital
android.widget.TableRow@4064bac0
android.widget.TextView: Address , City
android.widget.TableRow@4064c2e0
android.widget.TextView: Phone Number
android.widget.LinearLayout@405521f8
android.widget.ImageView@40552410
android.widget.TextView: 7.8 mi
android.widget.TableLayout@40552ae0
android.widget.TableRow@40552fb8
android.widget.TextView: Kernan Orthopaedics and Rehabilitation
android.widget.TableRow@405537d8
android.widget.TextView: Address , City
android.widget.TableRow@40553ff8
android.widget.TextView: Phone Number
android.widget.LinearLayout@40555038
android.widget.ImageView@40555250
android.widget.TextView: 8.3 mi
android.widget.TableLayout@40555920
android.widget.TableRow@40555df8
android.widget.TextView: Good Samaritan Hospital of Maryland
android.widget.TableRow@4065aa78
android.widget.TextView: Address , City
android.widget.TableRow@4065b298
android.widget.TextView: Phone Number
android.widget.TextView: Loading data
android.widget.LinearLayout@405642b8
android.widget.FrameLayout@4055cde0
android.widget.TextView: Hospitals Near Me FREE
android.widget.FrameLayout@40577de8
android.widget.LinearLayout@405aecb0
android.widget.ListView@4057aec0
android.widget.LinearLayout@405521f8
android.widget.ImageView@40552410
android.widget.TextView: 7.8 mi
android.widget.TableLayout@40552ae0
android.widget.TableRow@40552fb8
android.widget.TextView: Kernan Orthopaedics and Rehabilitation
android.widget.TableRow@405537d8
android.widget.TextView: Address , City
android.widget.TableRow@40553ff8
android.widget.TextView: Phone Number
android.widget.LinearLayout@40555038
android.widget.ImageView@40555250
android.widget.TextView: 8.3 mi
android.widget.TableLayout@40555920
android.widget.TableRow@40555df8
android.widget.TextView: Good Samaritan Hospital of Maryland
android.widget.TableRow@4065aa78
android.widget.TextView: Address , City
android.widget.TableRow@4065b298
android.widget.TextView: Phone Number
android.widget.LinearLayout@4065c2f8
android.widget.ImageView@4065c510
android.widget.TextView: 8.6 mi
android.widget.TableLayout@4065cbe0
android.widget.TableRow@4065d0b8
android.widget.TextView: Levindale Hebrew Geriatric Center and Hospital
android.widget.TableRow@4065d8d8
android.widget.TextView: Address , City
android.widget.TableRow@4065e0f8
android.widget.TextView: Phone Number
android.widget.LinearLayout@405b3598
android.widget.ImageView@405b3a10
android.widget.TextView: 8.6 mi
android.widget.TableLayout@405b4648
android.widget.TableRow@405b4f00
android.widget.TextView: Sinai Hospital of Baltimore
android.widget.TableRow@40690910
android.widget.TextView: Address , City
android.widget.TableRow@406911c8
android.widget.TextView: Phone Number
android.widget.LinearLayout@40692358
android.widget.ImageView@405bda70
android.widget.TextView: 8.9 mi
android.widget.TableLayout@405be140
android.widget.TableRow@405be618
android.widget.TextView: Mt. Washington Pediatric Hospital
android.widget.TableRow@405bee38
android.widget.TextView: Address , City
android.widget.TableRow@405bf658
android.widget.TextView: Phone Number
android.widget.LinearLayout@4063bb88
android.widget.ImageView@4063bda0
android.widget.TextView: 9.5 mi
android.widget.TableLayout@4063c470
android.widget.TableRow@4063c948
android.widget.TextView: Seton Psychiatric Institute
android.widget.TableRow@4063d168
android.widget.TextView: Address , City
android.widget.TableRow@4063d988
android.widget.TextView: Phone Number
android.widget.TextView: Loading data
