android.widget.LinearLayout@40575b50
android.widget.FrameLayout@40576338
android.widget.TextView: Restaurant Finder
android.widget.FrameLayout@40577320
android.widget.RelativeLayout@405777d8
android.widget.TextView: Loading my location...
android.widget.TextView: No contents.
android.widget.LinearLayout@405786c8
com.google.ads.AdView@4057aa20
g@4057ceb0
android.widget.ListView@40578998
android.widget.LinearLayout@40587e90
android.widget.LinearLayout@40588128
android.widget.TextView: Aniello's Pizza & Italian
android.widget.LinearLayout@405883d0
android.widget.TextView: (203) 467-5694
android.widget.TextView: 0.9 Km
android.widget.TextView: 346 Hemingway Avenue East Haven, CT
android.widget.LinearLayout@405873c8
android.widget.LinearLayout@405878e0
android.widget.TextView: The Rib House
android.widget.LinearLayout@40587bc0
android.widget.TextView: (203) 468-6695
android.widget.TextView: 0.93 Km
android.widget.TextView: 16 Main Street East Haven, CT
android.widget.LinearLayout@40586c20
android.widget.LinearLayout@405870e8
android.widget.TextView: Twin Pines Diner Restaurant
android.widget.LinearLayout@4051ff18
android.widget.TextView: (203) 468-6887
android.widget.TextView: 0.93 Km
android.widget.TextView: 34 Main Street East Haven, CT
android.widget.LinearLayout@40554fa8
android.widget.LinearLayout@4057b6c8
android.widget.TextView: Bistro Mediterranean Tapas Bar
android.widget.LinearLayout@4057cc30
android.widget.TextView: (203) 467-2500
android.widget.TextView: 1.05 Km
android.widget.TextView: 383 Main Street East Haven, CT
android.widget.LinearLayout@40549b28
android.widget.LinearLayout@4057b398
android.widget.TextView: Tolli's Apizza & Restaurant
android.widget.LinearLayout@40547608
android.widget.TextView: (203) 469-9582
android.widget.TextView: 1.09 Km
android.widget.TextView: 410 Main Street East Haven, CT
android.widget.LinearLayout@40531348
android.widget.LinearLayout@40591840
android.widget.TextView: Chili's
android.widget.LinearLayout@4052cb10
android.widget.TextView: (203) 467-1533
android.widget.TextView: 1.26 Km
android.widget.TextView: 58 Frontage Road East Haven, CT
android.widget.LinearLayout@40575b50
android.widget.FrameLayout@40576338
android.widget.TextView: Restaurant Finder
android.widget.FrameLayout@40577320
android.widget.RelativeLayout@405777d8
android.widget.TextView: Loading my location...
android.widget.TextView: No contents.
android.widget.LinearLayout@405786c8
com.google.ads.AdView@4057aa20
g@4057ceb0
android.widget.ListView@40578998
android.widget.LinearLayout@40531348
android.widget.LinearLayout@40591840
android.widget.TextView: Chili's
android.widget.LinearLayout@4052cb10
android.widget.TextView: (203) 467-1533
android.widget.TextView: 1.26 Km
android.widget.TextView: 58 Frontage Road East Haven, CT
android.widget.LinearLayout@405cd360
android.widget.LinearLayout@405cd578
android.widget.TextView: Antonio's Ristorante
android.widget.LinearLayout@405cdc30
android.widget.TextView: (203) 469-2386
android.widget.TextView: 1.83 Km
android.widget.TextView: 672 Main Street East Haven, CT
android.widget.LinearLayout@405cf100
android.widget.LinearLayout@405cf318
android.widget.TextView: Ziggy's Pizza Restaurant
android.widget.LinearLayout@405cf9d0
android.widget.TextView: (203) 466-3637
android.widget.TextView: 3.14 Km
android.widget.TextView: 36 East Grand Avenue New Haven, CT
android.widget.LinearLayout@405d0ea0
android.widget.LinearLayout@405d10b8
android.widget.TextView: Jenelle's
android.widget.LinearLayout@405d1770
android.widget.TextView: (203) 624-2233
android.widget.TextView: 3.75 Km
android.widget.TextView: 307 Front Street New Haven, CT
android.widget.LinearLayout@405d2c40
android.widget.LinearLayout@405d2e58
android.widget.TextView: KFC
android.widget.LinearLayout@405d3510
android.widget.TextView: (203) 466-2556
android.widget.TextView: 3.91 Km
android.widget.TextView: 451 Foxon Boulevard New Haven, CT
android.widget.LinearLayout@405d49e0
android.widget.LinearLayout@405d4bf8
android.widget.TextView: Country House Restaurant Inc
android.widget.LinearLayout@405d52b0
android.widget.TextView: (203) 467-3088
android.widget.TextView: 3.94 Km
android.widget.TextView: 990 Connecticut 80 East Haven, CT
android.widget.LinearLayout@40575b50
android.widget.FrameLayout@40576338
android.widget.TextView: Restaurant Finder
android.widget.FrameLayout@40577320
android.widget.RelativeLayout@405777d8
android.widget.TextView: Loading my location...
android.widget.TextView: No contents.
android.widget.LinearLayout@405786c8
com.google.ads.AdView@4057aa20
g@4057ceb0
android.widget.ListView@40578998
android.widget.LinearLayout@405d49e0
android.widget.LinearLayout@405d4bf8
android.widget.TextView: Country House Restaurant Inc
android.widget.LinearLayout@405d52b0
android.widget.TextView: (203) 467-3088
android.widget.TextView: 3.94 Km
android.widget.TextView: 990 Connecticut 80 East Haven, CT
android.widget.LinearLayout@40587e90
android.widget.LinearLayout@40588128
android.widget.TextView: Ali Baba
android.widget.LinearLayout@405883d0
android.widget.TextView: (203) 468-2328
android.widget.TextView: 3.95 Km
android.widget.TextView: 405 Foxon Boulevard New Haven, CT
android.widget.LinearLayout@405873c8
android.widget.LinearLayout@405878e0
android.widget.TextView: Number One Chinese Restaurant
android.widget.LinearLayout@40587bc0
android.widget.TextView: (203) 468-8130
android.widget.TextView: 4.01 Km
android.widget.TextView: 937 Foxon Road East Haven, CT
android.widget.LinearLayout@40586c20
android.widget.LinearLayout@405870e8
android.widget.TextView: Domino's Pizza
android.widget.LinearLayout@4051ff18
android.widget.TextView: (203) 467-1361
android.widget.TextView: 4.01 Km
android.widget.TextView: 9 Foxon Boulevard East Haven, CT
android.widget.LinearLayout@40554fa8
android.widget.LinearLayout@4057b6c8
android.widget.TextView: Taco Bell
android.widget.LinearLayout@4057cc30
android.widget.TextView: (203) 469-2105
android.widget.TextView: 4.09 Km
android.widget.TextView: 355 Foxon Boulevard New Haven, CT
android.widget.LinearLayout@40549b28
android.widget.LinearLayout@4057b398
android.widget.TextView: Subway
android.widget.LinearLayout@40547608
android.widget.TextView: (203) 469-4301
android.widget.TextView: 4.18 Km
android.widget.TextView: 315 Foxon Boulevard New Haven, CT
android.widget.LinearLayout@40575b50
android.widget.FrameLayout@40576338
android.widget.TextView: Restaurant Finder
android.widget.FrameLayout@40577320
android.widget.RelativeLayout@405777d8
android.widget.TextView: Loading my location...
android.widget.TextView: No contents.
android.widget.LinearLayout@405786c8
com.google.ads.AdView@4057aa20
g@4057ceb0
android.widget.ListView@40578998
android.widget.LinearLayout@40549b28
android.widget.LinearLayout@4057b398
android.widget.TextView: Subway
android.widget.LinearLayout@40547608
android.widget.TextView: (203) 469-4301
android.widget.TextView: 4.18 Km
android.widget.TextView: 315 Foxon Boulevard New Haven, CT
android.widget.LinearLayout@40531348
android.widget.LinearLayout@40591840
android.widget.TextView: Burger King
android.widget.LinearLayout@4052cb10
android.widget.TextView: (203) 467-9110
android.widget.TextView: 4.21 Km
android.widget.TextView: 390 Foxon Boulevard New Haven, CT
android.widget.LinearLayout@405cd360
android.widget.LinearLayout@405cd578
android.widget.TextView: McDonald's
android.widget.LinearLayout@405cdc30
android.widget.TextView: (203) 468-8526
android.widget.TextView: 4.26 Km
android.widget.TextView: 225 Foxon Boulevard New Haven, CT
android.widget.LinearLayout@405cf100
android.widget.LinearLayout@405cf318
android.widget.TextView: Beachhead Restaurant
android.widget.LinearLayout@405cf9d0
android.widget.TextView: (203) 469-5450
android.widget.TextView: 4.28 Km
android.widget.TextView: 3 Cosey Beach Avenue East Haven, CT
android.widget.LinearLayout@405d0ea0
android.widget.LinearLayout@405d10b8
android.widget.TextView: Leon's
android.widget.LinearLayout@405d1770
android.widget.TextView: (203) 562-5366
android.widget.TextView: 4.33 Km
android.widget.TextView: 501 Long Wharf Drive New Haven, CT
android.widget.LinearLayout@405d2c40
android.widget.LinearLayout@405d2e58
android.widget.TextView: Sandpiper Restaurant
android.widget.LinearLayout@405d3510
android.widget.TextView: (203) 469-7544
android.widget.TextView: 4.36 Km
android.widget.TextView: 161 Cosey Beach Avenue East Haven, CT
android.widget.LinearLayout@40575b50
android.widget.FrameLayout@40576338
android.widget.TextView: Restaurant Finder
android.widget.FrameLayout@40577320
android.widget.RelativeLayout@405777d8
android.widget.TextView: Loading my location...
android.widget.TextView: No contents.
android.widget.LinearLayout@405786c8
com.google.ads.AdView@4057aa20
g@4057ceb0
android.widget.ListView@40578998
android.widget.LinearLayout@405d2c40
android.widget.LinearLayout@405d2e58
android.widget.TextView: Sandpiper Restaurant
android.widget.LinearLayout@405d3510
android.widget.TextView: (203) 469-7544
android.widget.TextView: 4.36 Km
android.widget.TextView: 161 Cosey Beach Avenue East Haven, CT
android.widget.LinearLayout@405d49e0
android.widget.LinearLayout@405d4bf8
android.widget.TextView: Captain Quigs Shore Shack LLC
android.widget.LinearLayout@405d52b0
android.widget.TextView: (203) 467-0091
android.widget.TextView: 4.4 Km
android.widget.TextView: 95 Ocean View Street New Haven, CT
android.widget.LinearLayout@40587e90
android.widget.LinearLayout@40588128
android.widget.TextView: Anastasio's Steakhouse
android.widget.LinearLayout@405883d0
android.widget.TextView: (203) 467-1858
android.widget.TextView: 4.41 Km
android.widget.TextView: 640 Silver Sands Road East Haven, CT
android.widget.LinearLayout@405873c8
android.widget.LinearLayout@405878e0
android.widget.TextView: Giuseppe's Pizza
android.widget.LinearLayout@40587bc0
android.widget.TextView: (203) 469-7778
android.widget.TextView: 4.52 Km
android.widget.TextView: 4748 Foxon Boulevard New Haven, CT
android.widget.LinearLayout@40586c20
android.widget.LinearLayout@405870e8
android.widget.TextView: TNT Deli
android.widget.LinearLayout@4051ff18
android.widget.TextView: (203) 467-4448
android.widget.TextView: 4.75 Km
android.widget.TextView: 1514 Quinnipiac Avenue New Haven, CT
android.widget.LinearLayout@40554fa8
android.widget.LinearLayout@4057b6c8
android.widget.TextView: Frank Pepe Pizzeria Napoletana
android.widget.LinearLayout@4057cc30
android.widget.TextView: (203) 865-5762
android.widget.TextView: 4.77 Km
android.widget.TextView: 157 Wooster Street New Haven, CT
android.widget.LinearLayout@40575b50
android.widget.FrameLayout@40576338
android.widget.TextView: Restaurant Finder
android.widget.FrameLayout@40577320
android.widget.RelativeLayout@405777d8
android.widget.TextView: Loading my location...
android.widget.TextView: No contents.
android.widget.LinearLayout@405786c8
com.google.ads.AdView@4057aa20
g@4057ceb0
android.widget.ListView@40578998
android.widget.LinearLayout@40554fa8
android.widget.LinearLayout@4057b6c8
android.widget.TextView: Frank Pepe Pizzeria Napoletana
android.widget.LinearLayout@4057cc30
android.widget.TextView: (203) 865-5762
android.widget.TextView: 4.77 Km
android.widget.TextView: 157 Wooster Street New Haven, CT
android.widget.LinearLayout@40549b28
android.widget.LinearLayout@4057b398
android.widget.TextView: Consiglio's Restaurant
android.widget.LinearLayout@40547608
android.widget.TextView: (203) 865-4489
android.widget.TextView: 4.81 Km
android.widget.TextView: 165 Wooster Street New Haven, CT
android.widget.LinearLayout@40531348
android.widget.LinearLayout@40591840
android.widget.TextView: State Street Pizza
android.widget.LinearLayout@4052cb10
android.widget.TextView: (203) 772-3299
android.widget.TextView: 4.83 Km
android.widget.TextView: 1390 State Street New Haven, CT
android.widget.LinearLayout@405cd360
android.widget.LinearLayout@405cd578
android.widget.TextView: 91 Diner Restaurant
android.widget.LinearLayout@405cdc30
android.widget.TextView: (203) 562-6410
android.widget.TextView: 4.94 Km
android.widget.TextView: 420 Middletown Avenue New Haven, CT
android.widget.LinearLayout@405cf100
android.widget.LinearLayout@405cf318
android.widget.TextView: Sally's Apizza
android.widget.LinearLayout@405cf9d0
android.widget.TextView: (203) 624-5271
android.widget.TextView: 5.01 Km
android.widget.TextView: 237 Wooster Street New Haven, CT
android.widget.LinearLayout@405d0ea0
android.widget.LinearLayout@405d10b8
android.widget.TextView: Jack's Bar & Grill
android.widget.LinearLayout@405d1770
android.widget.TextView: (203) 777-9125
android.widget.TextView: 5.04 Km
android.widget.TextView: 1505 State Street New Haven, CT
android.widget.LinearLayout@40575b50
android.widget.FrameLayout@40576338
android.widget.TextView: Restaurant Finder
android.widget.FrameLayout@40577320
android.widget.RelativeLayout@405777d8
android.widget.TextView: Loading my location...
android.widget.TextView: No contents.
android.widget.LinearLayout@405786c8
com.google.ads.AdView@4057aa20
g@4057ceb0
android.widget.ListView@40578998
android.widget.LinearLayout@405d0ea0
android.widget.LinearLayout@405d10b8
android.widget.TextView: Jack's Bar & Grill
android.widget.LinearLayout@405d1770
android.widget.TextView: (203) 777-9125
android.widget.TextView: 5.04 Km
android.widget.TextView: 1505 State Street New Haven, CT
android.widget.LinearLayout@405d2c40
android.widget.LinearLayout@405d2e58
android.widget.TextView: C.O.Jones
android.widget.LinearLayout@405d3510
android.widget.TextView: (203) 773-3344
android.widget.TextView: 5.05 Km
android.widget.TextView: 969 State Street New Haven, CT
android.widget.LinearLayout@405d49e0
android.widget.LinearLayout@405d4bf8
android.widget.TextView: The Pantry
android.widget.LinearLayout@405d52b0
android.widget.TextView: (203) 787-0392
android.widget.TextView: 5.06 Km
android.widget.TextView: 2 Mechanic Street New Haven, CT
android.widget.LinearLayout@40587e90
android.widget.LinearLayout@40588128
android.widget.TextView: Modern Apizza
android.widget.LinearLayout@405883d0
android.widget.TextView: (203) 776-5306
android.widget.TextView: 5.11 Km
android.widget.TextView: 874 State Street New Haven, CT
android.widget.LinearLayout@405873c8
android.widget.LinearLayout@405878e0
android.widget.TextView: Quinnipiac Pizza & Deli LLC
android.widget.LinearLayout@40587bc0
android.widget.TextView: (203) 466-0007
android.widget.TextView: 5.11 Km
android.widget.TextView: 1653 Quinnipiac Avenue New Haven, CT
android.widget.LinearLayout@40586c20
android.widget.LinearLayout@405870e8
android.widget.TextView: Poor John's Pub
android.widget.LinearLayout@4051ff18
android.widget.TextView: (203) 562-1042
android.widget.TextView: 5.3 Km
android.widget.TextView: 631 Middletown Avenue New Haven, CT
android.widget.LinearLayout@40575b50
android.widget.FrameLayout@40576338
android.widget.TextView: Restaurant Finder
android.widget.FrameLayout@40577320
android.widget.RelativeLayout@405777d8
android.widget.TextView: Loading my location...
android.widget.TextView: No contents.
android.widget.LinearLayout@405786c8
com.google.ads.AdView@4057aa20
g@4057ceb0
android.widget.ListView@40578998
android.widget.LinearLayout@40586c20
android.widget.LinearLayout@405870e8
android.widget.TextView: Poor John's Pub
android.widget.LinearLayout@4051ff18
android.widget.TextView: (203) 562-1042
android.widget.TextView: 5.3 Km
android.widget.TextView: 631 Middletown Avenue New Haven, CT
android.widget.LinearLayout@40554fa8
android.widget.LinearLayout@4057b6c8
android.widget.TextView: Sage American Grill
android.widget.LinearLayout@4057cc30
android.widget.TextView: (203) 787-3466
android.widget.TextView: 5.43 Km
android.widget.TextView: 100 South Water Street New Haven, CT
android.widget.LinearLayout@40549b28
android.widget.LinearLayout@4057b398
android.widget.TextView: Archie Moore's Bar & Restaurant
android.widget.LinearLayout@40547608
android.widget.TextView: (203) 773-9870
android.widget.TextView: 5.55 Km
android.widget.TextView: 188 Willow Street New Haven, CT
android.widget.LinearLayout@40531348
android.widget.LinearLayout@40591840
android.widget.TextView: Barcelona Restaurant & Wine Bar
android.widget.LinearLayout@4052cb10
android.widget.TextView: (203) 848-3000
android.widget.TextView: 5.71 Km
android.widget.TextView: 155 Temple Street New Haven, CT
android.widget.LinearLayout@405cd360
android.widget.LinearLayout@405cd578
android.widget.TextView: Downtown
android.widget.LinearLayout@405cdc30
android.widget.TextView: 
android.widget.TextView: 5.88 Km
android.widget.TextView: 261 College Street New Haven, CT
android.widget.LinearLayout@405cf100
android.widget.LinearLayout@405cf318
android.widget.TextView: Louis' Lunch
android.widget.LinearLayout@405cf9d0
android.widget.TextView: (203) 562-5507
android.widget.TextView: 5.96 Km
android.widget.TextView: 263 Crown Street New Haven, CT
android.widget.LinearLayout@40575b50
android.widget.FrameLayout@40576338
android.widget.TextView: Restaurant Finder
android.widget.FrameLayout@40577320
android.widget.RelativeLayout@405777d8
android.widget.TextView: Loading my location...
android.widget.TextView: No contents.
android.widget.LinearLayout@405786c8
com.google.ads.AdView@4057aa20
g@4057ceb0
android.widget.ListView@40578998
android.widget.LinearLayout@405cf100
android.widget.LinearLayout@405cf318
android.widget.TextView: Louis' Lunch
android.widget.LinearLayout@405cf9d0
android.widget.TextView: (203) 562-5507
android.widget.TextView: 5.96 Km
android.widget.TextView: 263 Crown Street New Haven, CT
android.widget.LinearLayout@405d0ea0
android.widget.LinearLayout@405d10b8
android.widget.TextView: McDonald's
android.widget.LinearLayout@405d1770
android.widget.TextView: (203) 776-1126
android.widget.TextView: 6.0 Km
android.widget.TextView: 280 Kimberly Avenue New Haven, CT
android.widget.LinearLayout@405d2c40
android.widget.LinearLayout@405d2e58
android.widget.TextView: Ibiza
android.widget.LinearLayout@405d3510
android.widget.TextView: (203) 865-1933
android.widget.TextView: 6.02 Km
android.widget.TextView: 39 High Street New Haven, CT
android.widget.LinearLayout@405d49e0
android.widget.LinearLayout@405d4bf8
android.widget.TextView: Subway
android.widget.LinearLayout@405d52b0
android.widget.TextView: (203) 932-0060
android.widget.TextView: 6.36 Km
android.widget.TextView: 39 Elm St # 1 West Haven, CT
android.widget.LinearLayout@40587e90
android.widget.LinearLayout@40588128
android.widget.TextView: Lorenzo's Ristorante Italiano
android.widget.LinearLayout@405883d0
android.widget.TextView: (203) 932-5846
android.widget.TextView: 6.42 Km
android.widget.TextView: 39 Elm Street West Haven, CT
android.widget.LinearLayout@405873c8
android.widget.LinearLayout@405878e0
android.widget.TextView: Chick's Drive-In
android.widget.LinearLayout@40587bc0
android.widget.TextView: (203) 934-4510
android.widget.TextView: 6.49 Km
android.widget.TextView: 183 Beach Street West Haven, CT
android.widget.LinearLayout@40575b50
android.widget.FrameLayout@40576338
android.widget.TextView: Restaurant Finder
android.widget.FrameLayout@40577320
android.widget.RelativeLayout@405777d8
android.widget.TextView: Loading my location...
android.widget.TextView: No contents.
android.widget.LinearLayout@405786c8
com.google.ads.AdView@4057aa20
g@4057ceb0
android.widget.ListView@40578998
android.widget.LinearLayout@405873c8
android.widget.LinearLayout@405878e0
android.widget.TextView: Chick's Drive-In
android.widget.LinearLayout@40587bc0
android.widget.TextView: (203) 934-4510
android.widget.TextView: 6.49 Km
android.widget.TextView: 183 Beach Street West Haven, CT
android.widget.LinearLayout@40586c20
android.widget.LinearLayout@405870e8
android.widget.TextView: Elm Diner
android.widget.LinearLayout@4051ff18
android.widget.TextView: (203) 933-9966
android.widget.TextView: 6.67 Km
android.widget.TextView: 111 Elm Street West Haven, CT
android.widget.LinearLayout@40554fa8
android.widget.LinearLayout@4057b6c8
android.widget.TextView: Zuppardi's Apizza
android.widget.LinearLayout@4057cc30
android.widget.TextView: (203) 934-1949
android.widget.TextView: 6.79 Km
android.widget.TextView: 179 Union Avenue West Haven, CT
android.widget.LinearLayout@40549b28
android.widget.LinearLayout@4057b398
android.widget.TextView: Stowe's Seafood
android.widget.LinearLayout@40547608
android.widget.TextView: (203) 934-1991
android.widget.TextView: 7.07 Km
android.widget.TextView: 347 Beach Street West Haven, CT
android.widget.LinearLayout@40531348
android.widget.LinearLayout@40591840
android.widget.TextView: Duffy's Tavern
android.widget.LinearLayout@4052cb10
android.widget.TextView: (203) 933-9721
android.widget.TextView: 7.23 Km
android.widget.TextView: 241 Campbell Avenue West Haven, CT
android.widget.LinearLayout@405cd360
android.widget.LinearLayout@405cd578
android.widget.TextView: Biagetti's Restaurant
android.widget.LinearLayout@405cdc30
android.widget.TextView: (203) 934-7700
android.widget.TextView: 7.3 Km
android.widget.TextView: 77 Campbell Avenue West Haven, CT
android.widget.LinearLayout@40575b50
android.widget.FrameLayout@40576338
android.widget.TextView: Restaurant Finder
android.widget.FrameLayout@40577320
android.widget.RelativeLayout@405777d8
android.widget.TextView: Loading my location...
android.widget.TextView: No contents.
android.widget.LinearLayout@405786c8
com.google.ads.AdView@4057aa20
g@4057ceb0
android.widget.ListView@40578998
android.widget.LinearLayout@405cd360
android.widget.LinearLayout@405cd578
android.widget.TextView: Biagetti's Restaurant
android.widget.LinearLayout@405cdc30
android.widget.TextView: (203) 934-7700
android.widget.TextView: 7.3 Km
android.widget.TextView: 77 Campbell Avenue West Haven, CT
android.widget.LinearLayout@405cf100
android.widget.LinearLayout@405cf318
android.widget.TextView: Subway
android.widget.LinearLayout@405cf9d0
android.widget.TextView: (203) 933-3216
android.widget.TextView: 7.31 Km
android.widget.TextView: 80 Campbell Avenue West Haven, CT
android.widget.LinearLayout@405d0ea0
android.widget.LinearLayout@405d10b8
android.widget.TextView: App's Ristorante
android.widget.LinearLayout@405d1770
android.widget.TextView: (203) 932-1657
android.widget.TextView: 7.51 Km
android.widget.TextView: 283 Captain Thomas Boulevard West Haven, CT
android.widget.LinearLayout@405d2c40
android.widget.LinearLayout@405d2e58
android.widget.TextView: Saray Turkish Restaurant
android.widget.LinearLayout@405d3510
android.widget.TextView: (203) 937-0707
android.widget.TextView: 7.58 Km
android.widget.TextView: 770 Campbell Avenue West Haven, CT
android.widget.LinearLayout@405d49e0
android.widget.LinearLayout@405d4bf8
android.widget.TextView: Jimmies of Savin Rock
android.widget.LinearLayout@405d52b0
android.widget.TextView: (203) 934-3212
android.widget.TextView: 8.09 Km
android.widget.TextView: 5 Rock Street West Haven, CT
