android.widget.LinearLayout@40572470
android.widget.FrameLayout@40572c58
android.widget.TextView: Restaurant Finder
android.widget.FrameLayout@40573c40
android.widget.RelativeLayout@405740f8
android.widget.TextView: Loading my location...
android.widget.TextView: No contents.
android.widget.LinearLayout@40574fe8
com.google.ads.AdView@40577340
g@405797d0
android.widget.ListView@405752b8
android.widget.LinearLayout@405ae620
android.widget.LinearLayout@40591238
android.widget.TextView: Randall's Restaurant
android.widget.LinearLayout@405918b0
android.widget.TextView: (203) 932-1806
android.widget.TextView: 0.44 Km
android.widget.TextView: 236 Platt Avenue West Haven, CT
android.widget.LinearLayout@4050c488
android.widget.LinearLayout@4050c5d8
android.widget.TextView: Full Circle Pizza
android.widget.LinearLayout@405a4750
android.widget.TextView: (203) 937-1744
android.widget.TextView: 0.44 Km
android.widget.TextView: 845 Jones Hill Road West Haven, CT
android.widget.LinearLayout@4051f998
android.widget.LinearLayout@4051fbb0
android.widget.TextView: Sing's Kitchen
android.widget.LinearLayout@4050f340
android.widget.TextView: (203) 933-7999
android.widget.TextView: 0.45 Km
android.widget.TextView: 845 Jones Hill Road West Haven, CT
android.widget.LinearLayout@405ad1e8
android.widget.LinearLayout@405ad338
android.widget.TextView: Subway
android.widget.LinearLayout@405b2958
android.widget.TextView: (203) 933-7259
android.widget.TextView: 0.46 Km
android.widget.TextView: 867 Jones Hill Road West Haven, CT
android.widget.LinearLayout@40527680
android.widget.LinearLayout@405277d0
android.widget.TextView: Turk's Seafood Restaurant
android.widget.LinearLayout@405801d0
android.widget.TextView: (203) 933-4552
android.widget.TextView: 0.73 Km
android.widget.TextView: 425 Captain Thomas Boulevard West Haven, CT
android.widget.LinearLayout@40572470
android.widget.FrameLayout@40572c58
android.widget.TextView: Restaurant Finder
android.widget.FrameLayout@40573c40
android.widget.RelativeLayout@405740f8
android.widget.TextView: Loading my location...
android.widget.TextView: No contents.
android.widget.LinearLayout@40574fe8
com.google.ads.AdView@40577340
g@405797d0
android.widget.ListView@405752b8
android.widget.LinearLayout@405ad1e8
android.widget.LinearLayout@405ad338
android.widget.TextView: Subway
android.widget.LinearLayout@405b2958
android.widget.TextView: (203) 933-7259
android.widget.TextView: 0.46 Km
android.widget.TextView: 867 Jones Hill Road West Haven, CT
android.widget.LinearLayout@40527680
android.widget.LinearLayout@405277d0
android.widget.TextView: Turk's Seafood Restaurant
android.widget.LinearLayout@405801d0
android.widget.TextView: (203) 933-4552
android.widget.TextView: 0.73 Km
android.widget.TextView: 425 Captain Thomas Boulevard West Haven, CT
android.widget.LinearLayout@4059f380
android.widget.LinearLayout@405a9530
android.widget.TextView: Jimmies of Savin Rock
android.widget.LinearLayout@405100d8
android.widget.TextView: (203) 934-3212
android.widget.TextView: 0.89 Km
android.widget.TextView: 5 Rock Street West Haven, CT
android.widget.LinearLayout@405a5860
android.widget.LinearLayout@405a5a78
android.widget.TextView: Savin Rock Roasting Co
android.widget.LinearLayout@405a8580
android.widget.TextView: (203) 932-0100
android.widget.TextView: 1.35 Km
android.widget.TextView: 291 Captain Thomas Boulevard West Haven, CT
android.widget.LinearLayout@4054ab60
android.widget.LinearLayout@4054ad78
android.widget.TextView: Texas Roadhouse
android.widget.LinearLayout@4050e438
android.widget.TextView: (203) 937-6222
android.widget.TextView: 1.72 Km
android.widget.TextView: 524 Sawmill Road West Haven, CT
