android.widget.LinearLayout@40572d90
android.widget.FrameLayout@40573578
android.widget.TextView: Restaurant Finder
android.widget.FrameLayout@40574560
android.widget.RelativeLayout@40574a18
android.widget.TextView: Loading my location...
android.widget.TextView: No contents.
android.widget.LinearLayout@40575908
com.google.ads.AdView@40577c60
g@4057a0f0
android.widget.ListView@40575bd8
android.widget.LinearLayout@4066e1f0
android.widget.LinearLayout@4066e408
android.widget.TextView: Masas USA Inc
android.widget.LinearLayout@4066eac0
android.widget.TextView: (203) 469-4962
android.widget.TextView: 0.4 Km
android.widget.TextView: 192 Commerce Street East Haven, CT
android.widget.LinearLayout@4066c450
android.widget.LinearLayout@4066c668
android.widget.TextView: Little Italy
android.widget.LinearLayout@4066cd20
android.widget.TextView: (203) 466-0500
android.widget.TextView: 1.0 Km
android.widget.TextView: 453 Short Beach Road East Haven, CT
android.widget.LinearLayout@4066a6b0
android.widget.LinearLayout@4066a8c8
android.widget.TextView: Sandpiper Restaurant
android.widget.LinearLayout@4066af80
android.widget.TextView: (203) 469-7544
android.widget.TextView: 1.2 Km
android.widget.TextView: 161 Cosey Beach Avenue East Haven, CT
android.widget.LinearLayout@40668910
android.widget.LinearLayout@40668b28
android.widget.TextView: Anastasio's Steakhouse
android.widget.LinearLayout@406691e0
android.widget.TextView: (203) 467-1858
android.widget.TextView: 1.22 Km
android.widget.TextView: 640 Silver Sands Road East Haven, CT
android.widget.LinearLayout@40666b70
android.widget.LinearLayout@40666d88
android.widget.TextView: II Salice
android.widget.LinearLayout@40667440
android.widget.TextView: (203) 466-7662
android.widget.TextView: 1.35 Km
android.widget.TextView: 11 Roma Street East Haven, CT
android.widget.LinearLayout@406649e0
android.widget.LinearLayout@40664bf8
android.widget.TextView: Beachhead Restaurant
android.widget.LinearLayout@406652f8
android.widget.TextView: (203) 469-5450
android.widget.TextView: 1.42 Km
android.widget.TextView: 3 Cosey Beach Avenue East Haven, CT
android.widget.LinearLayout@40572d90
android.widget.FrameLayout@40573578
android.widget.TextView: Restaurant Finder
android.widget.FrameLayout@40574560
android.widget.RelativeLayout@40574a18
android.widget.TextView: Loading my location...
android.widget.TextView: No contents.
android.widget.LinearLayout@40575908
com.google.ads.AdView@40577c60
g@4057a0f0
android.widget.ListView@40575bd8
android.widget.LinearLayout@406649e0
android.widget.LinearLayout@40664bf8
android.widget.TextView: Beachhead Restaurant
android.widget.LinearLayout@406652f8
android.widget.TextView: (203) 469-5450
android.widget.TextView: 1.42 Km
android.widget.TextView: 3 Cosey Beach Avenue East Haven, CT
android.widget.LinearLayout@4060bf28
android.widget.LinearLayout@4060c140
android.widget.TextView: Minervini's Pizzeria
android.widget.LinearLayout@4060c7f8
android.widget.TextView: (203) 468-8995
android.widget.TextView: 2.36 Km
android.widget.TextView: 216 Main Street East Haven, CT
android.widget.LinearLayout@40678b30
android.widget.LinearLayout@40678d48
android.widget.TextView: Yamadora Korean BBQ & Sushi
android.widget.LinearLayout@40679400
android.widget.TextView: (203) 467-9200
android.widget.TextView: 2.37 Km
android.widget.TextView: 352 Hemingway Avenue East Haven, CT
android.widget.LinearLayout@4067a918
android.widget.LinearLayout@4067ab30
android.widget.TextView: China Star
android.widget.LinearLayout@4067b1e8
android.widget.TextView: (203) 469-8868
android.widget.TextView: 2.38 Km
android.widget.TextView: 214 Main Street East Haven, CT
android.widget.LinearLayout@4067c6d0
android.widget.LinearLayout@4067c8e8
android.widget.TextView: Country Kitchen
android.widget.LinearLayout@4067cfa0
android.widget.TextView: (203) 469-7433
android.widget.TextView: 2.39 Km
android.widget.TextView: 220 Main Street East Haven, CT
android.widget.LinearLayout@4067e470
android.widget.LinearLayout@4067e688
android.widget.TextView: Aniello's Pizza & Italian
android.widget.LinearLayout@4067ed40
android.widget.TextView: (203) 467-5694
android.widget.TextView: 2.4 Km
android.widget.TextView: 346 Hemingway Avenue East Haven, CT
android.widget.LinearLayout@40572d90
android.widget.FrameLayout@40573578
android.widget.TextView: Restaurant Finder
android.widget.FrameLayout@40574560
android.widget.RelativeLayout@40574a18
android.widget.TextView: Loading my location...
android.widget.TextView: No contents.
android.widget.LinearLayout@40575908
com.google.ads.AdView@40577c60
g@4057a0f0
android.widget.ListView@40575bd8
android.widget.LinearLayout@4067e470
android.widget.LinearLayout@4067e688
android.widget.TextView: Aniello's Pizza & Italian
android.widget.LinearLayout@4067ed40
android.widget.TextView: (203) 467-5694
android.widget.TextView: 2.4 Km
android.widget.TextView: 346 Hemingway Avenue East Haven, CT
android.widget.LinearLayout@4066e1f0
android.widget.LinearLayout@4066e408
android.widget.TextView: Twin Pines Diner Restaurant
android.widget.LinearLayout@4066eac0
android.widget.TextView: (203) 468-6887
android.widget.TextView: 2.51 Km
android.widget.TextView: 34 Main Street East Haven, CT
android.widget.LinearLayout@4066c450
android.widget.LinearLayout@4066c668
android.widget.TextView: The Rib House
android.widget.LinearLayout@4066cd20
android.widget.TextView: (203) 468-6695
android.widget.TextView: 2.55 Km
android.widget.TextView: 16 Main Street East Haven, CT
android.widget.LinearLayout@4066a6b0
android.widget.LinearLayout@4066a8c8
android.widget.TextView: China One
android.widget.LinearLayout@4066af80
android.widget.TextView: (203) 467-8808
android.widget.TextView: 2.72 Km
android.widget.TextView: 381 Main Street East Haven, CT
android.widget.LinearLayout@40668910
android.widget.LinearLayout@40668b28
android.widget.TextView: Bistro Mediterranean Tapas Bar
android.widget.LinearLayout@406691e0
android.widget.TextView: (203) 467-2500
android.widget.TextView: 2.73 Km
android.widget.TextView: 383 Main Street East Haven, CT
android.widget.LinearLayout@40666b70
android.widget.LinearLayout@40666d88
android.widget.TextView: Subway
android.widget.LinearLayout@40667440
android.widget.TextView: (203) 468-0421
android.widget.TextView: 2.78 Km
android.widget.TextView: 199 Saltonstall Parkway East Haven, CT
android.widget.LinearLayout@40572d90
android.widget.FrameLayout@40573578
android.widget.TextView: Restaurant Finder
android.widget.FrameLayout@40574560
android.widget.RelativeLayout@40574a18
android.widget.TextView: Loading my location...
android.widget.TextView: No contents.
android.widget.LinearLayout@40575908
com.google.ads.AdView@40577c60
g@4057a0f0
android.widget.ListView@40575bd8
android.widget.LinearLayout@40666b70
android.widget.LinearLayout@40666d88
android.widget.TextView: Subway
android.widget.LinearLayout@40667440
android.widget.TextView: (203) 468-0421
android.widget.TextView: 2.78 Km
android.widget.TextView: 199 Saltonstall Parkway East Haven, CT
android.widget.LinearLayout@406649e0
android.widget.LinearLayout@40664bf8
android.widget.TextView: Tolli's Apizza & Restaurant
android.widget.LinearLayout@406652f8
android.widget.TextView: (203) 469-9582
android.widget.TextView: 2.8 Km
android.widget.TextView: 410 Main Street East Haven, CT
android.widget.LinearLayout@4060bf28
android.widget.LinearLayout@4060c140
android.widget.TextView: La Pergola
android.widget.LinearLayout@4060c7f8
android.widget.TextView: (203) 469-6082
android.widget.TextView: 2.81 Km
android.widget.TextView: 408 Main Street East Haven, CT
android.widget.LinearLayout@40678b30
android.widget.LinearLayout@40678d48
android.widget.TextView: De Palma's Apizza
android.widget.LinearLayout@40679400
android.widget.TextView: (203) 469-1988
android.widget.TextView: 2.88 Km
android.widget.TextView: 440 Main Street East Haven, CT
android.widget.LinearLayout@4067a918
android.widget.LinearLayout@4067ab30
android.widget.TextView: Foliage Chinese Food Restaurant
android.widget.LinearLayout@4067b1e8
android.widget.TextView: (203) 469-1732
android.widget.TextView: 2.92 Km
android.widget.TextView: 452 Main Street East Haven, CT
android.widget.LinearLayout@4067c6d0
android.widget.LinearLayout@4067c8e8
android.widget.TextView: Chili's
android.widget.LinearLayout@4067cfa0
android.widget.TextView: (203) 467-1533
android.widget.TextView: 3.29 Km
android.widget.TextView: 58 Frontage Road East Haven, CT
android.widget.LinearLayout@40572d90
android.widget.FrameLayout@40573578
android.widget.TextView: Restaurant Finder
android.widget.FrameLayout@40574560
android.widget.RelativeLayout@40574a18
android.widget.TextView: Loading my location...
android.widget.TextView: No contents.
android.widget.LinearLayout@40575908
com.google.ads.AdView@40577c60
g@4057a0f0
android.widget.ListView@40575bd8
android.widget.LinearLayout@4067c6d0
android.widget.LinearLayout@4067c8e8
android.widget.TextView: Chili's
android.widget.LinearLayout@4067cfa0
android.widget.TextView: (203) 467-1533
android.widget.TextView: 3.29 Km
android.widget.TextView: 58 Frontage Road East Haven, CT
android.widget.LinearLayout@4067e470
android.widget.LinearLayout@4067e688
android.widget.TextView: KFC
android.widget.LinearLayout@4067ed40
android.widget.TextView: (203) 467-1645
android.widget.TextView: 3.32 Km
android.widget.TextView: 650 Main Street East Haven, CT
android.widget.LinearLayout@4066e1f0
android.widget.LinearLayout@4066e408
android.widget.TextView: Antonio's Ristorante
android.widget.LinearLayout@4066eac0
android.widget.TextView: (203) 469-2386
android.widget.TextView: 3.38 Km
android.widget.TextView: 672 Main Street East Haven, CT
android.widget.LinearLayout@4066c450
android.widget.LinearLayout@4066c668
android.widget.TextView: Boston Market
android.widget.LinearLayout@4066cd20
android.widget.TextView: (203) 467-4472
android.widget.TextView: 3.4 Km
android.widget.TextView: 96 Frontage Road East Haven, CT
android.widget.LinearLayout@4066a6b0
android.widget.LinearLayout@4066a8c8
android.widget.TextView: McDonald's
android.widget.LinearLayout@4066af80
android.widget.TextView: (203) 488-0584
android.widget.TextView: 3.42 Km
android.widget.TextView: 424 West Main Street Branford, CT
android.widget.LinearLayout@40668910
android.widget.LinearLayout@40668b28
android.widget.TextView: Pepe & Rose Pizzeria
android.widget.LinearLayout@406691e0
android.widget.TextView: (203) 483-5232
android.widget.TextView: 3.47 Km
android.widget.TextView: 1 Jefferson Road Branford, CT
android.widget.LinearLayout@40572d90
android.widget.FrameLayout@40573578
android.widget.TextView: Restaurant Finder
android.widget.FrameLayout@40574560
android.widget.RelativeLayout@40574a18
android.widget.TextView: Loading my location...
android.widget.TextView: No contents.
android.widget.LinearLayout@40575908
com.google.ads.AdView@40577c60
g@4057a0f0
android.widget.ListView@40575bd8
android.widget.LinearLayout@40668910
android.widget.LinearLayout@40668b28
android.widget.TextView: Pepe & Rose Pizzeria
android.widget.LinearLayout@406691e0
android.widget.TextView: (203) 483-5232
android.widget.TextView: 3.47 Km
android.widget.TextView: 1 Jefferson Road Branford, CT
android.widget.LinearLayout@40666b70
android.widget.LinearLayout@40666d88
android.widget.TextView: Eli's On the Hill
android.widget.LinearLayout@40667440
android.widget.TextView: (203) 488-2700
android.widget.TextView: 3.69 Km
android.widget.TextView: 624 West Main Street Branford, CT
android.widget.LinearLayout@406649e0
android.widget.LinearLayout@40664bf8
android.widget.TextView: Kampai Japanese Restaurant
android.widget.LinearLayout@406652f8
android.widget.TextView: (203) 481-4536
android.widget.TextView: 3.73 Km
android.widget.TextView: 869 West Main Street Branford, CT
android.widget.LinearLayout@4060bf28
android.widget.LinearLayout@4060c140
android.widget.TextView: Il Forno Restaurant
android.widget.LinearLayout@4060c7f8
android.widget.TextView: (203) 488-0573
android.widget.TextView: 3.75 Km
android.widget.TextView: 765 West Main Street Branford, CT
android.widget.LinearLayout@40678b30
android.widget.LinearLayout@40678d48
android.widget.TextView: SBC Restaurant & Brewery
android.widget.LinearLayout@40679400
android.widget.TextView: (203) 481-2739
android.widget.TextView: 3.83 Km
android.widget.TextView: 850 West Main Street Branford, CT
android.widget.LinearLayout@4067a918
android.widget.LinearLayout@4067ab30
android.widget.TextView: LoMonaco's Ristorante
android.widget.LinearLayout@4067b1e8
android.widget.TextView: (203) 481-9990
android.widget.TextView: 4.05 Km
android.widget.TextView: 990 West Main Street Branford, CT
android.widget.LinearLayout@40572d90
android.widget.FrameLayout@40573578
android.widget.TextView: Restaurant Finder
android.widget.FrameLayout@40574560
android.widget.RelativeLayout@40574a18
android.widget.TextView: Loading my location...
android.widget.TextView: No contents.
android.widget.LinearLayout@40575908
com.google.ads.AdView@40577c60
g@4057a0f0
android.widget.ListView@40575bd8
android.widget.LinearLayout@40666b70
android.widget.LinearLayout@40666d88
android.widget.TextView: Eli's On the Hill
android.widget.LinearLayout@40667440
android.widget.TextView: (203) 488-2700
android.widget.TextView: 3.69 Km
android.widget.TextView: 624 West Main Street Branford, CT
android.widget.LinearLayout@406649e0
android.widget.LinearLayout@40664bf8
android.widget.TextView: Kampai Japanese Restaurant
android.widget.LinearLayout@406652f8
android.widget.TextView: (203) 481-4536
android.widget.TextView: 3.73 Km
android.widget.TextView: 869 West Main Street Branford, CT
android.widget.LinearLayout@4060bf28
android.widget.LinearLayout@4060c140
android.widget.TextView: Il Forno Restaurant
android.widget.LinearLayout@4060c7f8
android.widget.TextView: (203) 488-0573
android.widget.TextView: 3.75 Km
android.widget.TextView: 765 West Main Street Branford, CT
android.widget.LinearLayout@40678b30
android.widget.LinearLayout@40678d48
android.widget.TextView: SBC Restaurant & Brewery
android.widget.LinearLayout@40679400
android.widget.TextView: (203) 481-2739
android.widget.TextView: 3.83 Km
android.widget.TextView: 850 West Main Street Branford, CT
android.widget.LinearLayout@4067a918
android.widget.LinearLayout@4067ab30
android.widget.TextView: LoMonaco's Ristorante
android.widget.LinearLayout@4067b1e8
android.widget.TextView: (203) 481-9990
android.widget.TextView: 4.05 Km
android.widget.TextView: 990 West Main Street Branford, CT
android.widget.LinearLayout@4067c6d0
android.widget.LinearLayout@4067c8e8
android.widget.TextView: Frank Pepe Pizzeria Napoletana
android.widget.LinearLayout@4067cfa0
android.widget.TextView: (203) 865-5762
android.widget.TextView: 6.31 Km
android.widget.TextView: 157 Wooster Street New Haven, CT
