android.widget.LinearLayout@40572458
android.widget.FrameLayout@40572c40
android.widget.TextView: Restaurant Finder
android.widget.FrameLayout@40573c28
android.widget.RelativeLayout@405740e0
android.widget.TextView: Loading my location...
android.widget.TextView: No contents.
android.widget.LinearLayout@40574fd0
com.google.ads.AdView@40577328
g@405797b8
android.widget.ListView@405752a0
android.widget.LinearLayout@40577ca0
android.widget.LinearLayout@40545188
android.widget.TextView: Jimmies of Savin Rock
android.widget.LinearLayout@40552b28
android.widget.TextView: (203) 934-3212
android.widget.TextView: 0.89 Km
android.widget.TextView: 5 Rock Street West Haven, CT
android.widget.LinearLayout@4052a690
android.widget.LinearLayout@405476a8
android.widget.TextView: Duffy's Tavern
android.widget.LinearLayout@40551aa0
android.widget.TextView: (203) 933-9721
android.widget.TextView: 1.72 Km
android.widget.TextView: 241 Campbell Avenue West Haven, CT
android.widget.LinearLayout@4052eec8
android.widget.LinearLayout@405adca8
android.widget.TextView: Zuppardi's Apizza
android.widget.LinearLayout@4058e5e8
android.widget.TextView: (203) 934-1949
android.widget.TextView: 2.52 Km
android.widget.TextView: 179 Union Avenue West Haven, CT
android.widget.LinearLayout@405b2590
android.widget.LinearLayout@405b27a8
android.widget.TextView: Lorenzo's Ristorante Italiano
android.widget.LinearLayout@405b2e60
android.widget.TextView: (203) 932-5846
android.widget.TextView: 3.24 Km
android.widget.TextView: 39 Elm Street West Haven, CT
android.widget.LinearLayout@405b07f0
android.widget.LinearLayout@405b0a08
android.widget.TextView: McDonald's
android.widget.LinearLayout@405b10c0
android.widget.TextView: (203) 776-1126
android.widget.TextView: 3.93 Km
android.widget.TextView: 280 Kimberly Avenue New Haven, CT
android.widget.LinearLayout@405ae660
android.widget.LinearLayout@405ae878
android.widget.TextView: Sage American Grill
android.widget.LinearLayout@405aef78
android.widget.TextView: (203) 787-3466
android.widget.TextView: 4.0 Km
android.widget.TextView: 100 South Water Street New Haven, CT
android.widget.LinearLayout@40572458
android.widget.FrameLayout@40572c40
android.widget.TextView: Restaurant Finder
android.widget.FrameLayout@40573c28
android.widget.RelativeLayout@405740e0
android.widget.TextView: Loading my location...
android.widget.TextView: No contents.
android.widget.LinearLayout@40574fd0
com.google.ads.AdView@40577328
g@405797b8
android.widget.ListView@405752a0
android.widget.LinearLayout@405ae660
android.widget.LinearLayout@405ae878
android.widget.TextView: Sage American Grill
android.widget.LinearLayout@405aef78
android.widget.TextView: (203) 787-3466
android.widget.TextView: 4.0 Km
android.widget.TextView: 100 South Water Street New Haven, CT
android.widget.LinearLayout@405d2ed8
android.widget.LinearLayout@405d30f0
android.widget.TextView: Terminal 110
android.widget.LinearLayout@405d37a8
android.widget.TextView: (203) 624-6200
android.widget.TextView: 5.09 Km
android.widget.TextView: 240 Sargent Drive New Haven, CT
android.widget.LinearLayout@405d4c90
android.widget.LinearLayout@405d4ea8
android.widget.TextView: Brazi's Italian Restaurant
android.widget.LinearLayout@405d5578
android.widget.TextView: (203) 498-2488
android.widget.TextView: 5.49 Km
android.widget.TextView: 201 Food Terminal Plaza New Haven, CT
android.widget.LinearLayout@405d6a60
android.widget.LinearLayout@405d6c78
android.widget.TextView: Johnny Salami's World Class
android.widget.LinearLayout@405d7330
android.widget.TextView: (203) 777-7906
android.widget.TextView: 5.53 Km
android.widget.TextView: 205 Food Terminal Plaza New Haven, CT
android.widget.LinearLayout@405d8818
android.widget.LinearLayout@405d8a30
android.widget.TextView: Greek Olive Restaurant
android.widget.LinearLayout@405d9100
android.widget.TextView: (203) 495-9990
android.widget.TextView: 5.64 Km
android.widget.TextView: 402 Sargent Drive New Haven, CT
android.widget.LinearLayout@40549430
android.widget.LinearLayout@4055cc88
android.widget.TextView: Leon's
android.widget.LinearLayout@40532220
android.widget.TextView: (203) 562-5366
android.widget.TextView: 6.12 Km
android.widget.TextView: 501 Long Wharf Drive New Haven, CT
android.widget.LinearLayout@40572458
android.widget.FrameLayout@40572c40
android.widget.TextView: Restaurant Finder
android.widget.FrameLayout@40573c28
android.widget.RelativeLayout@405740e0
android.widget.TextView: Loading my location...
android.widget.TextView: No contents.
android.widget.LinearLayout@40574fd0
com.google.ads.AdView@40577328
g@405797b8
android.widget.ListView@405752a0
android.widget.LinearLayout@40549430
android.widget.LinearLayout@4055cc88
android.widget.TextView: Leon's
android.widget.LinearLayout@40532220
android.widget.TextView: (203) 562-5366
android.widget.TextView: 6.12 Km
android.widget.TextView: 501 Long Wharf Drive New Haven, CT
android.widget.LinearLayout@40577ca0
android.widget.LinearLayout@40545188
android.widget.TextView: Thali
android.widget.LinearLayout@40552b28
android.widget.TextView: (203) 777-1177
android.widget.TextView: 6.13 Km
android.widget.TextView: 4 Orange Street New Haven, CT
android.widget.LinearLayout@4052a690
android.widget.LinearLayout@405476a8
android.widget.TextView: Miso Japanese Restaurant
android.widget.LinearLayout@40551aa0
android.widget.TextView: (203) 848-6472
android.widget.TextView: 6.17 Km
android.widget.TextView: 15 Orange Street New Haven, CT
android.widget.LinearLayout@4052eec8
android.widget.LinearLayout@405adca8
android.widget.TextView: Kudeta
android.widget.LinearLayout@4058e5e8
android.widget.TextView: (203) 562-8844
android.widget.TextView: 6.21 Km
android.widget.TextView: 27 Temple Street New Haven, CT
android.widget.LinearLayout@405b2590
android.widget.LinearLayout@405b27a8
android.widget.TextView: Bar
android.widget.LinearLayout@405b2e60
android.widget.TextView: (203) 495-1111
android.widget.TextView: 6.24 Km
android.widget.TextView: 254 Crown Street New Haven, CT
android.widget.LinearLayout@405b07f0
android.widget.LinearLayout@405b0a08
android.widget.TextView: Skappo Italian Wine Bar
android.widget.LinearLayout@405b10c0
android.widget.TextView: (203) 773-1394
android.widget.TextView: 6.25 Km
android.widget.TextView: 59 Crown Street New Haven, CT
android.widget.LinearLayout@40572458
android.widget.FrameLayout@40572c40
android.widget.TextView: Restaurant Finder
android.widget.FrameLayout@40573c28
android.widget.RelativeLayout@405740e0
android.widget.TextView: Loading my location...
android.widget.TextView: No contents.
android.widget.LinearLayout@40574fd0
com.google.ads.AdView@40577328
g@405797b8
android.widget.ListView@405752a0
android.widget.LinearLayout@405b07f0
android.widget.LinearLayout@405b0a08
android.widget.TextView: Skappo Italian Wine Bar
android.widget.LinearLayout@405b10c0
android.widget.TextView: (203) 773-1394
android.widget.TextView: 6.25 Km
android.widget.TextView: 59 Crown Street New Haven, CT
android.widget.LinearLayout@405ae660
android.widget.LinearLayout@405ae878
android.widget.TextView: Louis' Lunch
android.widget.LinearLayout@405aef78
android.widget.TextView: (203) 562-5507
android.widget.TextView: 6.25 Km
android.widget.TextView: 263 Crown Street New Haven, CT
android.widget.LinearLayout@405d2ed8
android.widget.LinearLayout@405d30f0
android.widget.TextView: Soul de Cuba Cafe
android.widget.LinearLayout@405d37a8
android.widget.TextView: (203) 498-2822
android.widget.TextView: 6.26 Km
android.widget.TextView: 283 Crown Street New Haven, CT
android.widget.LinearLayout@405d4c90
android.widget.LinearLayout@405d4ea8
android.widget.TextView: Barcelona Restaurant & Wine Bar
android.widget.LinearLayout@405d5578
android.widget.TextView: (203) 848-3000
android.widget.TextView: 6.31 Km
android.widget.TextView: 155 Temple Street New Haven, CT
android.widget.LinearLayout@405d6a60
android.widget.LinearLayout@405d6c78
android.widget.TextView: Bentara
android.widget.LinearLayout@405d7330
android.widget.TextView: (203) 562-2511
android.widget.TextView: 6.31 Km
android.widget.TextView: 76 Orange Street New Haven, CT
android.widget.LinearLayout@405d8818
android.widget.LinearLayout@405d8a30
android.widget.TextView: Ibiza
android.widget.LinearLayout@405d9100
android.widget.TextView: (203) 865-1933
android.widget.TextView: 6.35 Km
android.widget.TextView: 39 High Street New Haven, CT
android.widget.LinearLayout@40572458
android.widget.FrameLayout@40572c40
android.widget.TextView: Restaurant Finder
android.widget.FrameLayout@40573c28
android.widget.RelativeLayout@405740e0
android.widget.TextView: Loading my location...
android.widget.TextView: No contents.
android.widget.LinearLayout@40574fd0
com.google.ads.AdView@40577328
g@405797b8
android.widget.ListView@405752a0
android.widget.LinearLayout@405d8818
android.widget.LinearLayout@405d8a30
android.widget.TextView: Ibiza
android.widget.LinearLayout@405d9100
android.widget.TextView: (203) 865-1933
android.widget.TextView: 6.35 Km
android.widget.TextView: 39 High Street New Haven, CT
android.widget.LinearLayout@40549430
android.widget.LinearLayout@4055cc88
android.widget.TextView: Downtown
android.widget.LinearLayout@40532220
android.widget.TextView: 
android.widget.TextView: 6.35 Km
android.widget.TextView: 261 College Street New Haven, CT
android.widget.LinearLayout@40577ca0
android.widget.LinearLayout@40545188
android.widget.TextView: Prime 16
android.widget.LinearLayout@40552b28
android.widget.TextView: (203) 782-1616
android.widget.TextView: 6.36 Km
android.widget.TextView: 172 Temple Street New Haven, CT
android.widget.LinearLayout@4052a690
android.widget.LinearLayout@405476a8
android.widget.TextView: Sally's Apizza
android.widget.LinearLayout@40551aa0
android.widget.TextView: (203) 624-5271
android.widget.TextView: 6.38 Km
android.widget.TextView: 237 Wooster Street New Haven, CT
android.widget.LinearLayout@4052eec8
android.widget.LinearLayout@405adca8
android.widget.TextView: Claire's Corner Copia
android.widget.LinearLayout@4058e5e8
android.widget.TextView: (203) 562-3888
android.widget.TextView: 6.39 Km
android.widget.TextView: 1000 Chapel Street New Haven, CT
android.widget.LinearLayout@405b2590
android.widget.LinearLayout@405b27a8
android.widget.TextView: Zinc
android.widget.LinearLayout@405b2e60
android.widget.TextView: (203) 624-0507
android.widget.TextView: 6.39 Km
android.widget.TextView: 964 Chapel Street New Haven, CT
android.widget.LinearLayout@40572458
android.widget.FrameLayout@40572c40
android.widget.TextView: Restaurant Finder
android.widget.FrameLayout@40573c28
android.widget.RelativeLayout@405740e0
android.widget.TextView: Loading my location...
android.widget.TextView: No contents.
android.widget.LinearLayout@40574fd0
com.google.ads.AdView@40577328
g@405797b8
android.widget.ListView@405752a0
android.widget.LinearLayout@405b2590
android.widget.LinearLayout@405b27a8
android.widget.TextView: Zinc
android.widget.LinearLayout@405b2e60
android.widget.TextView: (203) 624-0507
android.widget.TextView: 6.39 Km
android.widget.TextView: 964 Chapel Street New Haven, CT
android.widget.LinearLayout@405b07f0
android.widget.LinearLayout@405b0a08
android.widget.TextView: Miya's Sushi
android.widget.LinearLayout@405b10c0
android.widget.TextView: (203) 777-9760
android.widget.TextView: 6.42 Km
android.widget.TextView: 68 Howe Street New Haven, CT
android.widget.LinearLayout@405ae660
android.widget.LinearLayout@405ae878
android.widget.TextView: Consiglio's Restaurant
android.widget.LinearLayout@405aef78
android.widget.TextView: (203) 865-4489
android.widget.TextView: 6.5 Km
android.widget.TextView: 165 Wooster Street New Haven, CT
android.widget.LinearLayout@405d2ed8
android.widget.LinearLayout@405d30f0
android.widget.TextView: Frank Pepe Pizzeria Napoletana
android.widget.LinearLayout@405d37a8
android.widget.TextView: (203) 865-5762
android.widget.TextView: 6.53 Km
android.widget.TextView: 157 Wooster Street New Haven, CT
android.widget.LinearLayout@405d4c90
android.widget.LinearLayout@405d4ea8
android.widget.TextView: Abate Restaurant
android.widget.LinearLayout@405d5578
android.widget.TextView: (203) 776-4334
android.widget.TextView: 6.58 Km
android.widget.TextView: 129 Wooster Street New Haven, CT
android.widget.LinearLayout@405d6a60
android.widget.LinearLayout@405d6c78
android.widget.TextView: Tre Scalini Restaurant
android.widget.LinearLayout@405d7330
android.widget.TextView: (203) 777-3373
android.widget.TextView: 6.61 Km
android.widget.TextView: 100 Wooster Street New Haven, CT
android.widget.LinearLayout@40572458
android.widget.FrameLayout@40572c40
android.widget.TextView: Restaurant Finder
android.widget.FrameLayout@40573c28
android.widget.RelativeLayout@405740e0
android.widget.TextView: Loading my location...
android.widget.TextView: No contents.
android.widget.LinearLayout@40574fd0
com.google.ads.AdView@40577328
g@405797b8
android.widget.ListView@405752a0
android.widget.LinearLayout@405d6a60
android.widget.LinearLayout@405d6c78
android.widget.TextView: Tre Scalini Restaurant
android.widget.LinearLayout@405d7330
android.widget.TextView: (203) 777-3373
android.widget.TextView: 6.61 Km
android.widget.TextView: 100 Wooster Street New Haven, CT
android.widget.LinearLayout@405d8818
android.widget.LinearLayout@405d8a30
android.widget.TextView: Modern Apizza
android.widget.LinearLayout@405d9100
android.widget.TextView: (203) 776-5306
android.widget.TextView: 7.71 Km
android.widget.TextView: 874 State Street New Haven, CT
android.widget.LinearLayout@40549430
android.widget.LinearLayout@4055cc88
android.widget.TextView: The Pantry
android.widget.LinearLayout@40532220
android.widget.TextView: (203) 787-0392
android.widget.TextView: 8.12 Km
android.widget.TextView: 2 Mechanic Street New Haven, CT
android.widget.LinearLayout@40577ca0
android.widget.LinearLayout@40545188
android.widget.TextView: Aniello's Pizza & Italian
android.widget.LinearLayout@40552b28
android.widget.TextView: (203) 467-5694
android.widget.TextView: 8.39 Km
android.widget.TextView: 346 Hemingway Avenue East Haven, CT
android.widget.LinearLayout@4052a690
android.widget.LinearLayout@405476a8
android.widget.TextView: Archie Moore's Bar & Restaurant
android.widget.LinearLayout@40551aa0
android.widget.TextView: (203) 773-9870
android.widget.TextView: 8.53 Km
android.widget.TextView: 188 Willow Street New Haven, CT
android.widget.LinearLayout@4052eec8
android.widget.LinearLayout@405adca8
android.widget.TextView: Ziggy's Pizza Restaurant
android.widget.LinearLayout@4058e5e8
android.widget.TextView: (203) 466-3637
android.widget.TextView: 8.72 Km
android.widget.TextView: 36 East Grand Avenue New Haven, CT
android.widget.LinearLayout@40572458
android.widget.FrameLayout@40572c40
android.widget.TextView: Restaurant Finder
android.widget.FrameLayout@40573c28
android.widget.RelativeLayout@405740e0
android.widget.TextView: Loading my location...
android.widget.TextView: No contents.
android.widget.LinearLayout@40574fd0
com.google.ads.AdView@40577328
g@405797b8
android.widget.ListView@405752a0
android.widget.LinearLayout@4052eec8
android.widget.LinearLayout@405adca8
android.widget.TextView: Ziggy's Pizza Restaurant
android.widget.LinearLayout@4058e5e8
android.widget.TextView: (203) 466-3637
android.widget.TextView: 8.72 Km
android.widget.TextView: 36 East Grand Avenue New Haven, CT
android.widget.LinearLayout@405b2590
android.widget.LinearLayout@405b27a8
android.widget.TextView: State Street Pizza
android.widget.LinearLayout@405b2e60
android.widget.TextView: (203) 772-3299
android.widget.TextView: 9.11 Km
android.widget.TextView: 1390 State Street New Haven, CT
android.widget.LinearLayout@405b07f0
android.widget.LinearLayout@405b0a08
android.widget.TextView: Jenelle's
android.widget.LinearLayout@405b10c0
android.widget.TextView: (203) 624-2233
android.widget.TextView: 9.12 Km
android.widget.TextView: 307 Front Street New Haven, CT
android.widget.LinearLayout@405ae660
android.widget.LinearLayout@405ae878
android.widget.TextView: Jack's Bar & Grill
android.widget.LinearLayout@405aef78
android.widget.TextView: (203) 777-9125
android.widget.TextView: 9.42 Km
android.widget.TextView: 1505 State Street New Haven, CT
android.widget.LinearLayout@405d2ed8
android.widget.LinearLayout@405d30f0
android.widget.TextView: Giuseppe's Pizza
android.widget.LinearLayout@405d37a8
android.widget.TextView: (203) 469-7778
android.widget.TextView: 10.2 Km
android.widget.TextView: 4748 Foxon Boulevard New Haven, CT
android.widget.LinearLayout@405d4c90
android.widget.LinearLayout@405d4ea8
android.widget.TextView: McDonald's
android.widget.LinearLayout@405d5578
android.widget.TextView: (203) 468-8526
android.widget.TextView: 10.27 Km
android.widget.TextView: 225 Foxon Boulevard New Haven, CT
android.widget.LinearLayout@40572458
android.widget.FrameLayout@40572c40
android.widget.TextView: Restaurant Finder
android.widget.FrameLayout@40573c28
android.widget.RelativeLayout@405740e0
android.widget.TextView: Loading my location...
android.widget.TextView: No contents.
android.widget.LinearLayout@40574fd0
com.google.ads.AdView@40577328
g@405797b8
android.widget.ListView@405752a0
android.widget.LinearLayout@405d4c90
android.widget.LinearLayout@405d4ea8
android.widget.TextView: McDonald's
android.widget.LinearLayout@405d5578
android.widget.TextView: (203) 468-8526
android.widget.TextView: 10.27 Km
android.widget.TextView: 225 Foxon Boulevard New Haven, CT
android.widget.LinearLayout@405d6a60
android.widget.LinearLayout@405d6c78
android.widget.TextView: Subway
android.widget.LinearLayout@405d7330
android.widget.TextView: (203) 469-4301
android.widget.TextView: 10.33 Km
android.widget.TextView: 315 Foxon Boulevard New Haven, CT
android.widget.LinearLayout@405d8818
android.widget.LinearLayout@405d8a30
android.widget.TextView: Ali Baba
android.widget.LinearLayout@405d9100
android.widget.TextView: (203) 468-2328
android.widget.TextView: 10.49 Km
android.widget.TextView: 405 Foxon Boulevard New Haven, CT
android.widget.LinearLayout@40549430
android.widget.LinearLayout@4055cc88
android.widget.TextView: KFC
android.widget.LinearLayout@40532220
android.widget.TextView: (203) 466-2556
android.widget.TextView: 10.69 Km
android.widget.TextView: 451 Foxon Boulevard New Haven, CT
android.widget.LinearLayout@40577ca0
android.widget.LinearLayout@40545188
android.widget.TextView: 91 Diner Restaurant
android.widget.LinearLayout@40552b28
android.widget.TextView: (203) 562-6410
android.widget.TextView: 10.78 Km
android.widget.TextView: 420 Middletown Avenue New Haven, CT
android.widget.LinearLayout@4052a690
android.widget.LinearLayout@405476a8
android.widget.TextView: Country House Restaurant Inc
android.widget.LinearLayout@40551aa0
android.widget.TextView: (203) 467-3088
android.widget.TextView: 10.82 Km
android.widget.TextView: 990 Connecticut 80 East Haven, CT
android.widget.LinearLayout@40572458
android.widget.FrameLayout@40572c40
android.widget.TextView: Restaurant Finder
android.widget.FrameLayout@40573c28
android.widget.RelativeLayout@405740e0
android.widget.TextView: Loading my location...
android.widget.TextView: No contents.
android.widget.LinearLayout@40574fd0
com.google.ads.AdView@40577328
g@405797b8
android.widget.ListView@405752a0
android.widget.LinearLayout@4052a690
android.widget.LinearLayout@405476a8
android.widget.TextView: Country House Restaurant Inc
android.widget.LinearLayout@40551aa0
android.widget.TextView: (203) 467-3088
android.widget.TextView: 10.82 Km
android.widget.TextView: 990 Connecticut 80 East Haven, CT
android.widget.LinearLayout@4052eec8
android.widget.LinearLayout@405adca8
android.widget.TextView: Number One Chinese Restaurant
android.widget.LinearLayout@4058e5e8
android.widget.TextView: (203) 468-8130
android.widget.TextView: 11.02 Km
android.widget.TextView: 937 Foxon Road East Haven, CT
android.widget.LinearLayout@405b2590
android.widget.LinearLayout@405b27a8
android.widget.TextView: Domino's Pizza
android.widget.LinearLayout@405b2e60
android.widget.TextView: (203) 467-1361
android.widget.TextView: 11.14 Km
android.widget.TextView: 9 Foxon Boulevard East Haven, CT
android.widget.LinearLayout@405b07f0
android.widget.LinearLayout@405b0a08
android.widget.TextView: TNT Deli
android.widget.LinearLayout@405b10c0
android.widget.TextView: (203) 467-4448
android.widget.TextView: 11.18 Km
android.widget.TextView: 1514 Quinnipiac Avenue New Haven, CT
android.widget.LinearLayout@405ae660
android.widget.LinearLayout@405ae878
android.widget.TextView: Taco Bell
android.widget.LinearLayout@405aef78
android.widget.TextView: (203) 469-2105
android.widget.TextView: 11.21 Km
android.widget.TextView: 355 Foxon Boulevard New Haven, CT
android.widget.LinearLayout@405d2ed8
android.widget.LinearLayout@405d30f0
android.widget.TextView: Burger King
android.widget.LinearLayout@405d37a8
android.widget.TextView: (203) 467-9110
android.widget.TextView: 11.29 Km
android.widget.TextView: 390 Foxon Boulevard New Haven, CT
android.widget.LinearLayout@40572458
android.widget.FrameLayout@40572c40
android.widget.TextView: Restaurant Finder
android.widget.FrameLayout@40573c28
android.widget.RelativeLayout@405740e0
android.widget.TextView: Loading my location...
android.widget.TextView: No contents.
android.widget.LinearLayout@40574fd0
com.google.ads.AdView@40577328
g@405797b8
android.widget.ListView@405752a0
android.widget.LinearLayout@405b07f0
android.widget.LinearLayout@405b0a08
android.widget.TextView: TNT Deli
android.widget.LinearLayout@405b10c0
android.widget.TextView: (203) 467-4448
android.widget.TextView: 11.18 Km
android.widget.TextView: 1514 Quinnipiac Avenue New Haven, CT
android.widget.LinearLayout@405ae660
android.widget.LinearLayout@405ae878
android.widget.TextView: Taco Bell
android.widget.LinearLayout@405aef78
android.widget.TextView: (203) 469-2105
android.widget.TextView: 11.21 Km
android.widget.TextView: 355 Foxon Boulevard New Haven, CT
android.widget.LinearLayout@405d2ed8
android.widget.LinearLayout@405d30f0
android.widget.TextView: Burger King
android.widget.LinearLayout@405d37a8
android.widget.TextView: (203) 467-9110
android.widget.TextView: 11.29 Km
android.widget.TextView: 390 Foxon Boulevard New Haven, CT
android.widget.LinearLayout@405d4c90
android.widget.LinearLayout@405d4ea8
android.widget.TextView: Poor John's Pub
android.widget.LinearLayout@405d5578
android.widget.TextView: (203) 562-1042
android.widget.TextView: 11.41 Km
android.widget.TextView: 631 Middletown Avenue New Haven, CT
android.widget.LinearLayout@405d6a60
android.widget.LinearLayout@405d6c78
android.widget.TextView: Quinnipiac Pizza & Deli LLC
android.widget.LinearLayout@405d7330
android.widget.TextView: (203) 466-0007
android.widget.TextView: 11.59 Km
android.widget.TextView: 1653 Quinnipiac Avenue New Haven, CT
android.widget.LinearLayout@405d8818
android.widget.LinearLayout@405d8a30
android.widget.TextView: Nick's Char-Pit
android.widget.LinearLayout@405d9100
android.widget.TextView: (203) 776-0853
android.widget.TextView: 12.08 Km
android.widget.TextView: 22 Middletown Avenue North Haven, CT
