android.widget.LinearLayout@40572d68
android.widget.FrameLayout@40573550
android.widget.TextView: Restaurant Finder
android.widget.FrameLayout@40574538
android.widget.RelativeLayout@405749f0
android.widget.TextView: Loading my location...
android.widget.TextView: No contents.
android.widget.LinearLayout@405758e0
com.google.ads.AdView@40577c38
g@4057a0c8
android.widget.ListView@40575bb0
android.widget.LinearLayout@4065f728
android.widget.LinearLayout@4065f940
android.widget.TextView: Great Wall Restaurant
android.widget.LinearLayout@4065fff8
android.widget.TextView: (631) 209-9030
android.widget.TextView: 3.26 Km
android.widget.TextView: 175 Sound Beach Boulevard Sound Beach, NY
android.widget.LinearLayout@4065af10
android.widget.LinearLayout@4065b128
android.widget.TextView: George's Kitchen
android.widget.LinearLayout@4065b7e0
android.widget.TextView: (631) 821-9100
android.widget.TextView: 3.26 Km
android.widget.TextView: 175 Sound Beach Boulevard Sound Beach, NY
android.widget.LinearLayout@405512d8
android.widget.LinearLayout@405514f0
android.widget.TextView: Sal Anthony's Pizzeria Restaurant
android.widget.LinearLayout@40659a58
android.widget.TextView: (631) 821-4080
android.widget.TextView: 3.32 Km
android.widget.TextView: 155 Sound Beach Boulevard Sound Beach, NY
android.widget.LinearLayout@4054e8a8
android.widget.LinearLayout@4054eac0
android.widget.TextView: Miller Place Inn
android.widget.LinearLayout@4054f178
android.widget.TextView: (631) 928-7624
android.widget.TextView: 3.92 Km
android.widget.TextView: 195 North Country Road Miller Place, NY
android.widget.LinearLayout@40562b68
android.widget.LinearLayout@40562d80
android.widget.TextView: Mesquite Tex Mex Grill
android.widget.LinearLayout@40563438
android.widget.TextView: (631) 744-0343
android.widget.TextView: 3.95 Km
android.widget.TextView: 291 Echo Avenue Sound Beach, NY
android.widget.LinearLayout@405609d8
android.widget.LinearLayout@40560bf0
android.widget.TextView: Caramia Pizzaria
android.widget.LinearLayout@405612f0
android.widget.TextView: (631) 849-4809
android.widget.TextView: 4.15 Km
android.widget.TextView: 257 Echo Avenue Sound Beach, NY
android.widget.LinearLayout@40572d68
android.widget.FrameLayout@40573550
android.widget.TextView: Restaurant Finder
android.widget.FrameLayout@40574538
android.widget.RelativeLayout@405749f0
android.widget.TextView: Loading my location...
android.widget.TextView: No contents.
android.widget.LinearLayout@405758e0
com.google.ads.AdView@40577c38
g@4057a0c8
android.widget.ListView@40575bb0
android.widget.LinearLayout@405609d8
android.widget.LinearLayout@40560bf0
android.widget.TextView: Caramia Pizzaria
android.widget.LinearLayout@405612f0
android.widget.TextView: (631) 849-4809
android.widget.TextView: 4.15 Km
android.widget.TextView: 257 Echo Avenue Sound Beach, NY
android.widget.LinearLayout@405f5020
android.widget.LinearLayout@405f5238
android.widget.TextView: McNulty's Ice Cream Parlor
android.widget.LinearLayout@405f58f0
android.widget.TextView: (631) 474-3543
android.widget.TextView: 4.33 Km
android.widget.TextView: 153 North Country Road Miller Place, NY
android.widget.LinearLayout@405f6dc0
android.widget.LinearLayout@405f6fd8
android.widget.TextView: Assaggio Pizza Restaurant
android.widget.LinearLayout@405f7690
android.widget.TextView: (631) 821-5600
android.widget.TextView: 4.56 Km
android.widget.TextView: 77 New York 25A Rocky Point, NY
android.widget.LinearLayout@405f8b60
android.widget.LinearLayout@405f8d78
android.widget.TextView: Rolling Oaks Golf Course
android.widget.LinearLayout@405f9430
android.widget.TextView: (631) 744-3200
android.widget.TextView: 4.56 Km
android.widget.TextView: 181 New York 25A Rocky Point, NY
android.widget.LinearLayout@405fa900
android.widget.LinearLayout@405fab18
android.widget.TextView: Spiro's
android.widget.LinearLayout@405fb1d0
android.widget.TextView: (631) 744-4100
android.widget.TextView: 4.59 Km
android.widget.TextView: 4 Patchogue Drive Rocky Point, NY
android.widget.LinearLayout@405fc6a0
android.widget.LinearLayout@405fc8b8
android.widget.TextView: C.P. La Mannos Have A Pizza
android.widget.LinearLayout@405fcf70
android.widget.TextView: (631) 744-0155
android.widget.TextView: 4.6 Km
android.widget.TextView: 915 New York 25A Miller Place, NY
android.widget.LinearLayout@40572d68
android.widget.FrameLayout@40573550
android.widget.TextView: Restaurant Finder
android.widget.FrameLayout@40574538
android.widget.RelativeLayout@405749f0
android.widget.TextView: Loading my location...
android.widget.TextView: No contents.
android.widget.LinearLayout@405758e0
com.google.ads.AdView@40577c38
g@4057a0c8
android.widget.ListView@40575bb0
android.widget.LinearLayout@405fc6a0
android.widget.LinearLayout@405fc8b8
android.widget.TextView: C.P. La Mannos Have A Pizza
android.widget.LinearLayout@405fcf70
android.widget.TextView: (631) 744-0155
android.widget.TextView: 4.6 Km
android.widget.TextView: 915 New York 25A Miller Place, NY
android.widget.LinearLayout@4065f728
android.widget.LinearLayout@4065f940
android.widget.TextView: J & R Steak House
android.widget.LinearLayout@4065fff8
android.widget.TextView: (631) 744-2101
android.widget.TextView: 4.67 Km
android.widget.TextView: 181 New York 25A Rocky Point, NY
android.widget.LinearLayout@4065af10
android.widget.LinearLayout@4065b128
android.widget.TextView: Sabai Thai Bistro
android.widget.LinearLayout@4065b7e0
android.widget.TextView: (631) 821-1780
android.widget.TextView: 4.69 Km
android.widget.TextView: 825 New York 25A Miller Place, NY
android.widget.LinearLayout@405512d8
android.widget.LinearLayout@405514f0
android.widget.TextView: Benten Japanese Restaurant
android.widget.LinearLayout@40659a58
android.widget.TextView: (631) 209-2414
android.widget.TextView: 4.77 Km
android.widget.TextView: 971 New York 25A Miller Place, NY
android.widget.LinearLayout@4054e8a8
android.widget.LinearLayout@4054eac0
android.widget.TextView: Gyro Palace Cafe, Inc.
android.widget.LinearLayout@4054f178
android.widget.TextView: (631) 821-3322
android.widget.TextView: 4.84 Km
android.widget.TextView: 379 New York 25A Rocky Point, NY
android.widget.LinearLayout@40562b68
android.widget.LinearLayout@40562d80
android.widget.TextView: Blond
android.widget.LinearLayout@40563438
android.widget.TextView: (631) 821-5969
android.widget.TextView: 4.85 Km
android.widget.TextView: 691 New York 25A #21 Miller Place, NY
android.widget.LinearLayout@40572d68
android.widget.FrameLayout@40573550
android.widget.TextView: Restaurant Finder
android.widget.FrameLayout@40574538
android.widget.RelativeLayout@405749f0
android.widget.TextView: Loading my location...
android.widget.TextView: No contents.
android.widget.LinearLayout@405758e0
com.google.ads.AdView@40577c38
g@4057a0c8
android.widget.ListView@40575bb0
android.widget.LinearLayout@40562b68
android.widget.LinearLayout@40562d80
android.widget.TextView: Blond
android.widget.LinearLayout@40563438
android.widget.TextView: (631) 821-5969
android.widget.TextView: 4.85 Km
android.widget.TextView: 691 New York 25A #21 Miller Place, NY
android.widget.LinearLayout@405609d8
android.widget.LinearLayout@40560bf0
android.widget.TextView: Subway
android.widget.LinearLayout@405612f0
android.widget.TextView: (631) 209-9264
android.widget.TextView: 4.9 Km
android.widget.TextView: 346 New York 25A Ste 68 Rocky Point, NY
android.widget.LinearLayout@405f5020
android.widget.LinearLayout@405f5238
android.widget.TextView: KFC
android.widget.LinearLayout@405f58f0
android.widget.TextView: (631) 821-1229
android.widget.TextView: 4.91 Km
android.widget.TextView: 375 New York 25A Rocky Point, NY
android.widget.LinearLayout@405f6dc0
android.widget.LinearLayout@405f6fd8
android.widget.TextView: Fusilli Pizza Restaurant
android.widget.LinearLayout@405f7690
android.widget.TextView: (631) 744-3500
android.widget.TextView: 4.91 Km
android.widget.TextView: 691 New York 25A #9 Miller Place, NY
android.widget.LinearLayout@405f8b60
android.widget.LinearLayout@405f8d78
android.widget.TextView: Golden Chopsticks
android.widget.LinearLayout@405f9430
android.widget.TextView: (631) 821-6000
android.widget.TextView: 4.95 Km
android.widget.TextView: 382 New York 25A Rocky Point, NY
android.widget.LinearLayout@405fa900
android.widget.LinearLayout@405fab18
android.widget.TextView: Rocky Point Town House Diner
android.widget.LinearLayout@405fb1d0
android.widget.TextView: (631) 821-1496
android.widget.TextView: 5.03 Km
android.widget.TextView: 400 New York 25A Rocky Point, NY
android.widget.LinearLayout@40572d68
android.widget.FrameLayout@40573550
android.widget.TextView: Restaurant Finder
android.widget.FrameLayout@40574538
android.widget.RelativeLayout@405749f0
android.widget.TextView: Loading my location...
android.widget.TextView: No contents.
android.widget.LinearLayout@405758e0
com.google.ads.AdView@40577c38
g@4057a0c8
android.widget.ListView@40575bb0
android.widget.LinearLayout@405fa900
android.widget.LinearLayout@405fab18
android.widget.TextView: Rocky Point Town House Diner
android.widget.LinearLayout@405fb1d0
android.widget.TextView: (631) 821-1496
android.widget.TextView: 5.03 Km
android.widget.TextView: 400 New York 25A Rocky Point, NY
android.widget.LinearLayout@405fc6a0
android.widget.LinearLayout@405fc8b8
android.widget.TextView: Pompei Pizzeria & Restaurant
android.widget.LinearLayout@405fcf70
android.widget.TextView: (631) 744-0140
android.widget.TextView: 5.11 Km
android.widget.TextView: 346 Route 25A # 64 Rocky Point, NY
android.widget.LinearLayout@4065f728
android.widget.LinearLayout@4065f940
android.widget.TextView: Subway
android.widget.LinearLayout@4065fff8
android.widget.TextView: (631) 928-6472
android.widget.TextView: 5.19 Km
android.widget.TextView: 451 Route 25A # 8 Miller Place, NY
android.widget.LinearLayout@4065af10
android.widget.LinearLayout@4065b128
android.widget.TextView: Ruby Tuesday
android.widget.LinearLayout@4065b7e0
android.widget.TextView: (631) 473-4878
android.widget.TextView: 5.26 Km
android.widget.TextView: 385 New York 25A Miller Place, NY
android.widget.LinearLayout@405512d8
android.widget.LinearLayout@405514f0
android.widget.TextView: Wendy's
android.widget.LinearLayout@40659a58
android.widget.TextView: (631) 642-0374
android.widget.TextView: 5.26 Km
android.widget.TextView: 418 New York 25A Miller Place, NY
android.widget.LinearLayout@4054e8a8
android.widget.LinearLayout@4054eac0
android.widget.TextView: Caruso's
android.widget.LinearLayout@4054f178
android.widget.TextView: (631) 744-1117
android.widget.TextView: 5.37 Km
android.widget.TextView: 41 Broadway Rocky Point, NY
android.widget.LinearLayout@40572d68
android.widget.FrameLayout@40573550
android.widget.TextView: Restaurant Finder
android.widget.FrameLayout@40574538
android.widget.RelativeLayout@405749f0
android.widget.TextView: Loading my location...
android.widget.TextView: No contents.
android.widget.LinearLayout@405758e0
com.google.ads.AdView@40577c38
g@4057a0c8
android.widget.ListView@40575bb0
android.widget.LinearLayout@4054e8a8
android.widget.LinearLayout@4054eac0
android.widget.TextView: Caruso's
android.widget.LinearLayout@4054f178
android.widget.TextView: (631) 744-1117
android.widget.TextView: 5.37 Km
android.widget.TextView: 41 Broadway Rocky Point, NY
android.widget.LinearLayout@40562b68
android.widget.LinearLayout@40562d80
android.widget.TextView: Friendly's Ice Cream Shop
android.widget.LinearLayout@40563438
android.widget.TextView: (631) 473-2046
android.widget.TextView: 5.39 Km
android.widget.TextView: 275 New York 25A #235 Miller Place, NY
android.widget.LinearLayout@405609d8
android.widget.LinearLayout@40560bf0
android.widget.TextView: Don Quijote
android.widget.LinearLayout@405612f0
android.widget.TextView: (631) 928-3864
android.widget.TextView: 5.39 Km
android.widget.TextView: 275 Route 25A # 1 Miller Place, NY
android.widget.LinearLayout@405f5020
android.widget.LinearLayout@405f5238
android.widget.TextView: Napper Tandys Irish Pub
android.widget.LinearLayout@405f58f0
android.widget.TextView: (631) 331-5454
android.widget.TextView: 5.39 Km
android.widget.TextView: 275 Route 25A # 33 Miller Place, NY
android.widget.LinearLayout@405f6dc0
android.widget.LinearLayout@405f6fd8
android.widget.TextView: DEKS American Restaurant
android.widget.LinearLayout@405f7690
android.widget.TextView: (631) 821-0066
android.widget.TextView: 5.42 Km
android.widget.TextView: 605 New York 25A Rocky Point, NY
android.widget.LinearLayout@405f8b60
android.widget.LinearLayout@405f8d78
android.widget.TextView: Sea Basin Restaurant
android.widget.LinearLayout@405f9430
android.widget.TextView: (631) 744-1643
android.widget.TextView: 5.51 Km
android.widget.TextView: 642 New York 25A Rocky Point, NY
android.widget.LinearLayout@40572d68
android.widget.FrameLayout@40573550
android.widget.TextView: Restaurant Finder
android.widget.FrameLayout@40574538
android.widget.RelativeLayout@405749f0
android.widget.TextView: Loading my location...
android.widget.TextView: No contents.
android.widget.LinearLayout@405758e0
com.google.ads.AdView@40577c38
g@4057a0c8
android.widget.ListView@40575bb0
android.widget.LinearLayout@40562b68
android.widget.LinearLayout@40562d80
android.widget.TextView: Friendly's Ice Cream Shop
android.widget.LinearLayout@40563438
android.widget.TextView: (631) 473-2046
android.widget.TextView: 5.39 Km
android.widget.TextView: 275 New York 25A #235 Miller Place, NY
android.widget.LinearLayout@405609d8
android.widget.LinearLayout@40560bf0
android.widget.TextView: Don Quijote
android.widget.LinearLayout@405612f0
android.widget.TextView: (631) 928-3864
android.widget.TextView: 5.39 Km
android.widget.TextView: 275 Route 25A # 1 Miller Place, NY
android.widget.LinearLayout@405f5020
android.widget.LinearLayout@405f5238
android.widget.TextView: Napper Tandys Irish Pub
android.widget.LinearLayout@405f58f0
android.widget.TextView: (631) 331-5454
android.widget.TextView: 5.39 Km
android.widget.TextView: 275 Route 25A # 33 Miller Place, NY
android.widget.LinearLayout@405f6dc0
android.widget.LinearLayout@405f6fd8
android.widget.TextView: DEKS American Restaurant
android.widget.LinearLayout@405f7690
android.widget.TextView: (631) 821-0066
android.widget.TextView: 5.42 Km
android.widget.TextView: 605 New York 25A Rocky Point, NY
android.widget.LinearLayout@405f8b60
android.widget.LinearLayout@405f8d78
android.widget.TextView: Sea Basin Restaurant
android.widget.LinearLayout@405f9430
android.widget.TextView: (631) 744-1643
android.widget.TextView: 5.51 Km
android.widget.TextView: 642 New York 25A Rocky Point, NY
android.widget.LinearLayout@405fa900
android.widget.LinearLayout@405fab18
android.widget.TextView: McDonald's
android.widget.LinearLayout@405fb1d0
android.widget.TextView: (631) 331-3180
android.widget.TextView: 5.59 Km
android.widget.TextView: 340 New York 25A Miller Place, NY
