android.widget.LinearLayout@40574db8
android.widget.FrameLayout@405755a0
android.widget.TextView: Restaurant Finder
android.widget.FrameLayout@40576588
android.widget.RelativeLayout@40576a40
android.widget.TextView: Loading my location...
android.widget.TextView: No contents.
android.widget.LinearLayout@40577930
com.google.ads.AdView@40579cb0
g@4057c140
android.widget.ListView@40577c00
android.widget.LinearLayout@40548eb8
android.widget.LinearLayout@40555470
android.widget.TextView: Morning Edition Cafe
android.widget.LinearLayout@4057a958
android.widget.TextView: (410) 732-5133
android.widget.TextView: 0.19 Km
android.widget.TextView: 153 North Patterson Park Avenue Baltimore, MD
android.widget.LinearLayout@40549ff0
android.widget.LinearLayout@40554f48
android.widget.TextView: The Life of Reilly Irish Pub & Restaurant
android.widget.LinearLayout@4057a628
android.widget.TextView: (410) 327-6425
android.widget.TextView: 0.26 Km
android.widget.TextView: 2031 East Fairmount Avenue Baltimore, MD
android.widget.LinearLayout@405ab268
android.widget.LinearLayout@40590ac8
android.widget.TextView: Pizza Boli's
android.widget.LinearLayout@4052cfd8
android.widget.TextView: (410) 276-5600
android.widget.TextView: 0.35 Km
android.widget.TextView: 243 North Patterson Park Avenue Baltimore, MD
android.widget.LinearLayout@405b0860
android.widget.LinearLayout@405b0a78
android.widget.TextView: Salt
android.widget.LinearLayout@405b1130
android.widget.TextView: (410) 276-5480
android.widget.TextView: 0.37 Km
android.widget.TextView: 2127 East Pratt Street Baltimore, MD
android.widget.LinearLayout@405ae730
android.widget.LinearLayout@405ae948
android.widget.TextView: Dino's Carryout Restaurant
android.widget.LinearLayout@405af000
android.widget.TextView: (410) 522-5550
android.widget.TextView: 0.46 Km
android.widget.TextView: 2000 Orleans Street Baltimore, MD
android.widget.LinearLayout@40574db8
android.widget.FrameLayout@405755a0
android.widget.TextView: Restaurant Finder
android.widget.FrameLayout@40576588
android.widget.RelativeLayout@40576a40
android.widget.TextView: Loading my location...
android.widget.TextView: No contents.
android.widget.LinearLayout@40577930
com.google.ads.AdView@40579cb0
g@4057c140
android.widget.ListView@40577c00
android.widget.LinearLayout@405ae730
android.widget.LinearLayout@405ae948
android.widget.TextView: Dino's Carryout Restaurant
android.widget.LinearLayout@405af000
android.widget.TextView: (410) 522-5550
android.widget.TextView: 0.46 Km
android.widget.TextView: 2000 Orleans Street Baltimore, MD
android.widget.LinearLayout@405ac210
android.widget.LinearLayout@405ac428
android.widget.TextView: West Indian Flavor LLC
android.widget.LinearLayout@405acb28
android.widget.TextView: (410) 522-0220
android.widget.TextView: 0.57 Km
android.widget.TextView: 2111 McElderry Street Baltimore, MD
android.widget.LinearLayout@405d2a30
android.widget.LinearLayout@405d2c48
android.widget.TextView: Michaels Pizza & Subs
android.widget.LinearLayout@405d3300
android.widget.TextView: (410) 327-5222
android.widget.TextView: 0.65 Km
android.widget.TextView: 2101 East Monument Street Baltimore, MD
android.widget.LinearLayout@405d47e8
android.widget.LinearLayout@405d4a00
android.widget.TextView: Soho Teriyaki
android.widget.LinearLayout@405d50b8
android.widget.TextView: (410) 534-5400
android.widget.TextView: 0.65 Km
android.widget.TextView: 2101 East Monument Street Baltimore, MD
android.widget.LinearLayout@405d65a0
android.widget.LinearLayout@405d67b8
android.widget.TextView: Subway
android.widget.LinearLayout@405d6e70
android.widget.TextView: (410) 502-5098
android.widget.TextView: 0.7 Km
android.widget.TextView: 600 North Wolfe Street Baltimore, MD
android.widget.LinearLayout@405d8358
android.widget.LinearLayout@405d8570
android.widget.TextView: Hot Mustard
android.widget.LinearLayout@405d8c28
android.widget.TextView: (410) 342-0838
android.widget.TextView: 0.71 Km
android.widget.TextView: 2049 East Monument Street Baltimore, MD
android.widget.LinearLayout@40574db8
android.widget.FrameLayout@405755a0
android.widget.TextView: Restaurant Finder
android.widget.FrameLayout@40576588
android.widget.RelativeLayout@40576a40
android.widget.TextView: Loading my location...
android.widget.TextView: No contents.
android.widget.LinearLayout@40577930
com.google.ads.AdView@40579cb0
g@4057c140
android.widget.ListView@40577c00
android.widget.LinearLayout@405d8358
android.widget.LinearLayout@405d8570
android.widget.TextView: Hot Mustard
android.widget.LinearLayout@405d8c28
android.widget.TextView: (410) 342-0838
android.widget.TextView: 0.71 Km
android.widget.TextView: 2049 East Monument Street Baltimore, MD
android.widget.LinearLayout@40548eb8
android.widget.LinearLayout@40555470
android.widget.TextView: Burger King
android.widget.LinearLayout@4057a958
android.widget.TextView: (410) 327-0319
android.widget.TextView: 0.75 Km
android.widget.TextView: 2001 East Monument Street Baltimore, MD
android.widget.LinearLayout@40549ff0
android.widget.LinearLayout@40554f48
android.widget.TextView: ABC Sushi
android.widget.LinearLayout@4057a628
android.widget.TextView: (410) 522-0538
android.widget.TextView: 0.75 Km
android.widget.TextView: 2003 East Monument Street Baltimore, MD
android.widget.LinearLayout@405ab268
android.widget.LinearLayout@40590ac8
android.widget.TextView: Arcos Restaurant
android.widget.LinearLayout@4052cfd8
android.widget.TextView: 
android.widget.TextView: 0.78 Km
android.widget.TextView: 129 South Broadway Baltimore, MD
android.widget.LinearLayout@405b0860
android.widget.LinearLayout@405b0a78
android.widget.TextView: El Salvador Restaurant
android.widget.LinearLayout@405b1130
android.widget.TextView: (410) 522-3250
android.widget.TextView: 0.81 Km
android.widget.TextView: 207 South Broadway Baltimore, MD
android.widget.LinearLayout@405870e0
android.widget.LinearLayout@4058d788
android.widget.TextView: Popeye's Chicken & Biscuits
android.widget.LinearLayout@405d3cd8
android.widget.TextView: (410) 558-1157
android.widget.TextView: 0.82 Km
android.widget.TextView: 300 North Broadway Baltimore, MD
android.widget.LinearLayout@40574db8
android.widget.FrameLayout@405755a0
android.widget.TextView: Restaurant Finder
android.widget.FrameLayout@40576588
android.widget.RelativeLayout@40576a40
android.widget.TextView: Loading my location...
android.widget.TextView: No contents.
android.widget.LinearLayout@40577930
com.google.ads.AdView@40579cb0
g@4057c140
android.widget.ListView@40577c00
android.widget.LinearLayout@405870e0
android.widget.LinearLayout@4058d788
android.widget.TextView: Popeye's Chicken & Biscuits
android.widget.LinearLayout@405d3cd8
android.widget.TextView: (410) 558-1157
android.widget.TextView: 0.82 Km
android.widget.TextView: 300 North Broadway Baltimore, MD
android.widget.LinearLayout@405ae730
android.widget.LinearLayout@405ae948
android.widget.TextView: Sip & Bite Restaurant
android.widget.LinearLayout@405af000
android.widget.TextView: (410) 675-7077
android.widget.TextView: 0.95 Km
android.widget.TextView: 2200 Boston Street Baltimore, MD
android.widget.LinearLayout@405ac210
android.widget.LinearLayout@405ac428
android.widget.TextView: Mama Mias
android.widget.LinearLayout@405acb28
android.widget.TextView: (410) 732-3912
android.widget.TextView: 1.03 Km
android.widget.TextView: 700 North Broadway Baltimore, MD
android.widget.LinearLayout@405d2a30
android.widget.LinearLayout@405d2c48
android.widget.TextView: Fell's Point
android.widget.LinearLayout@405d3300
android.widget.TextView: (410) 675-6750
android.widget.TextView: 1.27 Km
android.widget.TextView: Baltimore, MD
android.widget.LinearLayout@405d47e8
android.widget.LinearLayout@405d4a00
android.widget.TextView: Pazo Restaurant
android.widget.LinearLayout@405d50b8
android.widget.TextView: (410) 534-7296
android.widget.TextView: 1.46 Km
android.widget.TextView: 1425 Aliceanna Street Baltimore, MD
android.widget.LinearLayout@405d65a0
android.widget.LinearLayout@405d67b8
android.widget.TextView: Sabatino's Italian Restaurant
android.widget.LinearLayout@405d6e70
android.widget.TextView: (410) 727-9414
android.widget.TextView: 1.57 Km
android.widget.TextView: 901 Fawn Street Baltimore, MD
android.widget.LinearLayout@40574db8
android.widget.FrameLayout@405755a0
android.widget.TextView: Restaurant Finder
android.widget.FrameLayout@40576588
android.widget.RelativeLayout@40576a40
android.widget.TextView: Loading my location...
android.widget.TextView: No contents.
android.widget.LinearLayout@40577930
com.google.ads.AdView@40579cb0
g@4057c140
android.widget.ListView@40577c00
android.widget.LinearLayout@405d65a0
android.widget.LinearLayout@405d67b8
android.widget.TextView: Sabatino's Italian Restaurant
android.widget.LinearLayout@405d6e70
android.widget.TextView: (410) 727-9414
android.widget.TextView: 1.57 Km
android.widget.TextView: 901 Fawn Street Baltimore, MD
android.widget.LinearLayout@405d8358
android.widget.LinearLayout@405d8570
android.widget.TextView: Da Mimmo Italian Restaurant
android.widget.LinearLayout@405d8c28
android.widget.TextView: (410) 727-6876
android.widget.TextView: 1.58 Km
android.widget.TextView: 217 South High Street Baltimore, MD
android.widget.LinearLayout@40548eb8
android.widget.LinearLayout@40555470
android.widget.TextView: Phillips Seafood
android.widget.LinearLayout@4057a958
android.widget.TextView: (410) 685-6600
android.widget.TextView: 1.9 Km
android.widget.TextView: 601 East Pratt Street Baltimore, MD
android.widget.LinearLayout@40549ff0
android.widget.LinearLayout@40554f48
android.widget.TextView: McCormick & Schmick's Seafood Restaurants
android.widget.LinearLayout@4057a628
android.widget.TextView: (410) 234-1300
android.widget.TextView: 1.96 Km
android.widget.TextView: 711 Eastern Avenue Baltimore, MD
android.widget.LinearLayout@405ab268
android.widget.LinearLayout@40590ac8
android.widget.TextView: Rusty Scupper Restaurant
android.widget.LinearLayout@4052cfd8
android.widget.TextView: (410) 727-3678
android.widget.TextView: 2.23 Km
android.widget.TextView: 402 Key Highway Baltimore, MD
android.widget.LinearLayout@40574db8
android.widget.FrameLayout@405755a0
android.widget.TextView: Restaurant Finder
android.widget.FrameLayout@40576588
android.widget.RelativeLayout@40576a40
android.widget.TextView: Loading my location...
android.widget.TextView: No contents.
android.widget.LinearLayout@40577930
com.google.ads.AdView@40579cb0
g@4057c140
android.widget.ListView@40577c00
android.widget.LinearLayout@405ab268
android.widget.LinearLayout@40590ac8
android.widget.TextView: Rusty Scupper Restaurant
android.widget.LinearLayout@4052cfd8
android.widget.TextView: (410) 727-3678
android.widget.TextView: 2.23 Km
android.widget.TextView: 402 Key Highway Baltimore, MD
android.widget.LinearLayout@405870e0
android.widget.LinearLayout@4058d788
android.widget.TextView: Little Havana
android.widget.LinearLayout@405d3cd8
android.widget.TextView: (410) 837-9903
android.widget.TextView: 2.56 Km
android.widget.TextView: 1325 Key Highway Baltimore, MD
android.widget.LinearLayout@405ae730
android.widget.LinearLayout@405ae948
android.widget.TextView: L.P. Steamers
android.widget.LinearLayout@405af000
android.widget.TextView: (410) 576-9294
android.widget.TextView: 2.67 Km
android.widget.TextView: 1100 East Fort Avenue Baltimore, MD
android.widget.LinearLayout@405ac210
android.widget.LinearLayout@405ac428
android.widget.TextView: Nick's Fish House & Grill
android.widget.LinearLayout@405acb28
android.widget.TextView: (410) 347-4123
android.widget.TextView: 4.3 Km
android.widget.TextView: 2600 Insulator Drive Baltimore, MD
android.widget.LinearLayout@405d2a30
android.widget.LinearLayout@405d2c48
android.widget.TextView: 895 Grill
android.widget.LinearLayout@405d3300
android.widget.TextView: (410) 354-1968
android.widget.TextView: 6.19 Km
android.widget.TextView: 101 Chesapeake Avenue Baltimore, MD
android.widget.LinearLayout@405d47e8
android.widget.LinearLayout@405d4a00
android.widget.TextView: Panache Cuisine, LLC
android.widget.LinearLayout@405d50b8
android.widget.TextView: (410) 760-4800
android.widget.TextView: 6.3 Km
android.widget.TextView: 3501 7th Street Baltimore, MD
android.widget.LinearLayout@40574db8
android.widget.FrameLayout@405755a0
android.widget.TextView: Restaurant Finder
android.widget.FrameLayout@40576588
android.widget.RelativeLayout@40576a40
android.widget.TextView: Loading my location...
android.widget.TextView: No contents.
android.widget.LinearLayout@40577930
com.google.ads.AdView@40579cb0
g@4057c140
android.widget.ListView@40577c00
android.widget.LinearLayout@405d47e8
android.widget.LinearLayout@405d4a00
android.widget.TextView: Panache Cuisine, LLC
android.widget.LinearLayout@405d50b8
android.widget.TextView: (410) 760-4800
android.widget.TextView: 6.3 Km
android.widget.TextView: 3501 7th Street Baltimore, MD
android.widget.LinearLayout@405d65a0
android.widget.LinearLayout@405d67b8
android.widget.TextView: Road Runner Pizza
android.widget.LinearLayout@405d6e70
android.widget.TextView: (410) 355-5722
android.widget.TextView: 6.38 Km
android.widget.TextView: 402 East Patapsco Avenue Baltimore, MD
android.widget.LinearLayout@405d8358
android.widget.LinearLayout@405d8570
android.widget.TextView: McDonald's
android.widget.LinearLayout@405d8c28
android.widget.TextView: (410) 354-0651
android.widget.TextView: 6.39 Km
android.widget.TextView: 101 West Patapsco Avenue Baltimore, MD
android.widget.LinearLayout@40548eb8
android.widget.LinearLayout@40555470
android.widget.TextView: Peking House
android.widget.LinearLayout@4057a958
android.widget.TextView: (410) 355-6322
android.widget.TextView: 6.39 Km
android.widget.TextView: 3606 South Hanover Street Baltimore, MD
android.widget.LinearLayout@40549ff0
android.widget.LinearLayout@40554f48
android.widget.TextView: New York Fried Chicken
android.widget.LinearLayout@4057a628
android.widget.TextView: (410) 355-6767
android.widget.TextView: 6.41 Km
android.widget.TextView: 542 East Patapsco Avenue Brooklyn, MD
android.widget.LinearLayout@405b0860
android.widget.LinearLayout@405b0a78
android.widget.TextView: Subway
android.widget.LinearLayout@405b1130
android.widget.TextView: (410) 355-6333
android.widget.TextView: 6.45 Km
android.widget.TextView: 605 East Patapsco Avenue Brooklyn, MD
android.widget.LinearLayout@40574db8
android.widget.FrameLayout@405755a0
android.widget.TextView: Restaurant Finder
android.widget.FrameLayout@40576588
android.widget.RelativeLayout@40576a40
android.widget.TextView: Loading my location...
android.widget.TextView: No contents.
android.widget.LinearLayout@40577930
com.google.ads.AdView@40579cb0
g@4057c140
android.widget.ListView@40577c00
android.widget.LinearLayout@405b0860
android.widget.LinearLayout@405b0a78
android.widget.TextView: Subway
android.widget.LinearLayout@405b1130
android.widget.TextView: (410) 355-6333
android.widget.TextView: 6.45 Km
android.widget.TextView: 605 East Patapsco Avenue Brooklyn, MD
android.widget.LinearLayout@405ab268
android.widget.LinearLayout@40590ac8
android.widget.TextView: Ultimate Pizza
android.widget.LinearLayout@4052cfd8
android.widget.TextView: (410) 350-0123
android.widget.TextView: 6.5 Km
android.widget.TextView: 813 East Patapsco Avenue Baltimore, MD
android.widget.LinearLayout@405870e0
android.widget.LinearLayout@4058d788
android.widget.TextView: Panda Mexican Grill
android.widget.LinearLayout@405d3cd8
android.widget.TextView: (410) 355-6411
android.widget.TextView: 6.52 Km
android.widget.TextView: 3720 South Hanover Street Brooklyn, MD
android.widget.LinearLayout@405ae730
android.widget.LinearLayout@405ae948
android.widget.TextView: Castle
android.widget.LinearLayout@405af000
android.widget.TextView: (410) 355-2227
android.widget.TextView: 6.56 Km
android.widget.TextView: 3720 Potee Street Baltimore, MD
android.widget.LinearLayout@405ac210
android.widget.LinearLayout@405ac428
android.widget.TextView: Crab Alley Inc
android.widget.LinearLayout@405acb28
android.widget.TextView: (410) 354-1190
android.widget.TextView: 6.58 Km
android.widget.TextView: 3733 South Hanover Street Baltimore, MD
android.widget.LinearLayout@405d2a30
android.widget.LinearLayout@405d2c48
android.widget.TextView: Price's Seafood Carry Out
android.widget.LinearLayout@405d3300
android.widget.TextView: (410) 355-4725
android.widget.TextView: 6.68 Km
android.widget.TextView: 17 Talbott Street Baltimore, MD
android.widget.LinearLayout@40574db8
android.widget.FrameLayout@405755a0
android.widget.TextView: Restaurant Finder
android.widget.FrameLayout@40576588
android.widget.RelativeLayout@40576a40
android.widget.TextView: Loading my location...
android.widget.TextView: No contents.
android.widget.LinearLayout@40577930
com.google.ads.AdView@40579cb0
g@4057c140
android.widget.ListView@40577c00
android.widget.LinearLayout@405d2a30
android.widget.LinearLayout@405d2c48
android.widget.TextView: Price's Seafood Carry Out
android.widget.LinearLayout@405d3300
android.widget.TextView: (410) 355-4725
android.widget.TextView: 6.68 Km
android.widget.TextView: 17 Talbott Street Baltimore, MD
android.widget.LinearLayout@405d47e8
android.widget.LinearLayout@405d4a00
android.widget.TextView: Maynard's Cafe
android.widget.LinearLayout@405d50b8
android.widget.TextView: (410) 355-8924
android.widget.TextView: 6.81 Km
android.widget.TextView: 3916 South Hanover Street Baltimore, MD
android.widget.LinearLayout@405d65a0
android.widget.LinearLayout@405d67b8
android.widget.TextView: Sharks Tooth
android.widget.LinearLayout@405d6e70
android.widget.TextView: (410) 789-2796
android.widget.TextView: 7.12 Km
android.widget.TextView: 401 Highland Ave Baltimore, MD
android.widget.LinearLayout@405d8358
android.widget.LinearLayout@405d8570
android.widget.TextView: Papa John's Pizza
android.widget.LinearLayout@405d8c28
android.widget.TextView: (410) 850-7272
android.widget.TextView: 7.78 Km
android.widget.TextView: 4809 Ritchie Highway Brooklyn, MD
android.widget.LinearLayout@40548eb8
android.widget.LinearLayout@40555470
android.widget.TextView: McDonald's
android.widget.LinearLayout@4057a958
android.widget.TextView: (410) 789-5551
android.widget.TextView: 7.97 Km
android.widget.TextView: 5045 Ritchie Highway Brooklyn, MD
android.widget.LinearLayout@40549ff0
android.widget.LinearLayout@40554f48
android.widget.TextView: Linda's Steak Subs
android.widget.LinearLayout@4057a628
android.widget.TextView: (410) 636-0566
android.widget.TextView: 7.98 Km
android.widget.TextView: 5014 Ritchie Highway Baltimore, MD
android.widget.LinearLayout@40574db8
android.widget.FrameLayout@405755a0
android.widget.TextView: Restaurant Finder
android.widget.FrameLayout@40576588
android.widget.RelativeLayout@40576a40
android.widget.TextView: Loading my location...
android.widget.TextView: No contents.
android.widget.LinearLayout@40577930
com.google.ads.AdView@40579cb0
g@4057c140
android.widget.ListView@40577c00
android.widget.LinearLayout@405d8358
android.widget.LinearLayout@405d8570
android.widget.TextView: Papa John's Pizza
android.widget.LinearLayout@405d8c28
android.widget.TextView: (410) 850-7272
android.widget.TextView: 7.78 Km
android.widget.TextView: 4809 Ritchie Highway Brooklyn, MD
android.widget.LinearLayout@40548eb8
android.widget.LinearLayout@40555470
android.widget.TextView: McDonald's
android.widget.LinearLayout@4057a958
android.widget.TextView: (410) 789-5551
android.widget.TextView: 7.97 Km
android.widget.TextView: 5045 Ritchie Highway Brooklyn, MD
android.widget.LinearLayout@40549ff0
android.widget.LinearLayout@40554f48
android.widget.TextView: Linda's Steak Subs
android.widget.LinearLayout@4057a628
android.widget.TextView: (410) 636-0566
android.widget.TextView: 7.98 Km
android.widget.TextView: 5014 Ritchie Highway Baltimore, MD
android.widget.LinearLayout@405b0860
android.widget.LinearLayout@405b0a78
android.widget.TextView: Popeye's Chicken & Biscuits
android.widget.LinearLayout@405b1130
android.widget.TextView: (410) 789-2264
android.widget.TextView: 8.25 Km
android.widget.TextView: 5317 Ritchie Highway Baltimore, MD
android.widget.LinearLayout@405ab268
android.widget.LinearLayout@40590ac8
android.widget.TextView: Domino's Pizza
android.widget.LinearLayout@4052cfd8
android.widget.TextView: (410) 636-3030
android.widget.TextView: 8.4 Km
android.widget.TextView: 5507 Ritchie Highway Brooklyn Park, MD
android.widget.LinearLayout@405870e0
android.widget.LinearLayout@4058d788
android.widget.TextView: El Salto Inc
android.widget.LinearLayout@405d3cd8
android.widget.TextView: (410) 789-1621
android.widget.TextView: 8.41 Km
android.widget.TextView: 5513 Ritchie Highway Baltimore, MD
