android.widget.LinearLayout@4058acd8
android.widget.FrameLayout@4058b4c0
android.widget.TextView: Hospitals Near Me FREE
android.widget.FrameLayout@405b4cd0
android.widget.LinearLayout@405b5190
android.widget.ListView@405b5610
android.widget.LinearLayout@405b1bc8
android.widget.ImageView@405b2040
android.widget.TextView: 3.5 mi
android.widget.TableLayout@405b2c78
android.widget.TableRow@405b3530
android.widget.TextView: Peninsula Hospital Center
android.widget.TableRow@405b3ff8
android.widget.TextView: Address , City
android.widget.TableRow@405cb010
android.widget.TextView: Phone Number
android.widget.LinearLayout@405cc1a0
android.widget.ImageView@405cc3b8
android.widget.TextView: 4.5 mi
android.widget.TableLayout@405cca88
android.widget.TableRow@405ccf60
android.widget.TextView: St. John's Episcopal Hospital-South Shore
android.widget.TableRow@405ceef8
android.widget.TextView: Address , City
android.widget.TableRow@405cf718
android.widget.TextView: Phone Number
android.widget.LinearLayout@405d0728
android.widget.ImageView@405d0940
android.widget.TextView: 8.3 mi
android.widget.TableLayout@405d1010
android.widget.TableRow@405d14e8
android.widget.TextView: Howard Park General Hospital
android.widget.TableRow@405d3570
android.widget.TextView: Address , City
android.widget.TableRow@405d3d90
android.widget.TextView: Phone Number
android.widget.LinearLayout@405d4df8
android.widget.ImageView@405d5010
android.widget.TextView: 8.8 mi
android.widget.TableLayout@405d56e0
android.widget.TableRow@405d5bb8
android.widget.TextView: Long Beach Medical Center
android.widget.TableRow@405d7c40
android.widget.TextView: Address , City
android.widget.TableRow@405d8460
android.widget.TextView: Phone Number
android.widget.LinearLayout@405d9560
android.widget.ImageView@405d9778
android.widget.TextView: 8.8 mi
android.widget.TableLayout@405d9e48
android.widget.TableRow@405dbc68
android.widget.TextView: New York Community Hospital
android.widget.TableRow@405dc478
android.widget.TextView: Address , City
android.widget.TableRow@405dcc98
android.widget.TextView: Phone Number
android.widget.LinearLayout@405dddb8
android.widget.ImageView@405ddfd0
android.widget.TextView: 8.9 mi
android.widget.TableLayout@405dffb8
android.widget.TableRow@405e0490
android.widget.TextView: Coney Island Hospital
android.widget.TableRow@405e0cb0
android.widget.TextView: Address , City
android.widget.TableRow@405e14d0
android.widget.TextView: Phone Number
android.widget.TextView: Loading data
android.widget.LinearLayout@4058acd8
android.widget.FrameLayout@4058b4c0
android.widget.TextView: Hospitals Near Me FREE
android.widget.FrameLayout@405b4cd0
android.widget.LinearLayout@405b5190
android.widget.ListView@405b5610
android.widget.LinearLayout@405dddb8
android.widget.ImageView@405ddfd0
android.widget.TextView: 8.9 mi
android.widget.TableLayout@405dffb8
android.widget.TableRow@405e0490
android.widget.TextView: Coney Island Hospital
android.widget.TableRow@405e0cb0
android.widget.TextView: Address , City
android.widget.TableRow@405e14d0
android.widget.TextView: Phone Number
android.widget.LinearLayout@40578050
android.widget.ImageView@40578268
android.widget.TextView: 9.0 mi
android.widget.TableLayout@405f0c90
android.widget.TableRow@405f1150
android.widget.TextView: Osteopathic Interboro General Hospital
android.widget.TableRow@405f1970
android.widget.TextView: Address , City
android.widget.TableRow@405f2190
android.widget.TextView: Phone Number
android.widget.TextView: Loading data
