android.widget.LinearLayout@4066bba8
android.widget.FrameLayout@40591fd8
android.widget.TextView: Hospitals Near Me FREE
android.widget.FrameLayout@405276b8
android.widget.LinearLayout@4055e100
android.widget.ListView@40560070
android.widget.LinearLayout@4054b2b8
android.widget.ImageView@4054b730
android.widget.TextView: 6.0 mi
android.widget.TableLayout@405cc7f0
android.widget.TableRow@405cd0a8
android.widget.TextView: Peninsula Hospital Center
android.widget.TableRow@40661610
android.widget.TextView: Address , City
android.widget.TableRow@40661eb8
android.widget.TextView: Phone Number
android.widget.LinearLayout@405d5380
android.widget.ImageView@405d5598
android.widget.TextView: 6.4 mi
android.widget.TableLayout@405d5c68
android.widget.TableRow@405d6140
android.widget.TextView: Coney Island Hospital
android.widget.TableRow@4068faf0
android.widget.TextView: Address , City
android.widget.TableRow@40690310
android.widget.TextView: Phone Number
android.widget.LinearLayout@4054d250
android.widget.ImageView@4054d468
android.widget.TextView: 7.0 mi
android.widget.TableLayout@4054db38
android.widget.TableRow@4054e010
android.widget.TextView: New York Community Hospital
android.widget.TableRow@405cd940
android.widget.TextView: Address , City
android.widget.TableRow@405ce160
android.widget.TextView: Phone Number
android.widget.LinearLayout@405ad028
android.widget.ImageView@405ad240
android.widget.TextView: 7.3 mi
android.widget.TableLayout@405ad910
android.widget.TableRow@405adde8
android.widget.TextView: St. John's Episcopal Hospital-South Shore
android.widget.TableRow@405ab100
android.widget.TextView: Address , City
android.widget.TableRow@405ab848
android.widget.TextView: Phone Number
android.widget.LinearLayout@405ac948
android.widget.ImageView@405acb60
android.widget.TextView: 8.6 mi
android.widget.TableLayout@405cff88
android.widget.TableRow@405d0460
android.widget.TextView: Brookdale Hospital Medical Center
android.widget.TableRow@405d0c80
android.widget.TextView: Address , City
android.widget.TableRow@405d14a0
android.widget.TextView: Phone Number
android.widget.LinearLayout@405af518
android.widget.ImageView@405af730
android.widget.TextView: 8.9 mi
android.widget.TableLayout@405afe00
android.widget.TableRow@405b02d8
android.widget.TextView: Flatbush General Hospital
android.widget.TableRow@40551908
android.widget.TextView: Address , City
android.widget.TableRow@405b3ca0
android.widget.TextView: Phone Number
android.widget.TextView: Loading data
android.widget.LinearLayout@4066bba8
android.widget.FrameLayout@40591fd8
android.widget.TextView: Hospitals Near Me FREE
android.widget.FrameLayout@405276b8
android.widget.LinearLayout@4055e100
android.widget.ListView@40560070
android.widget.LinearLayout@405af518
android.widget.ImageView@405af730
android.widget.TextView: 8.9 mi
android.widget.TableLayout@405afe00
android.widget.TableRow@405b02d8
android.widget.TextView: Flatbush General Hospital
android.widget.TableRow@40551908
android.widget.TextView: Address , City
android.widget.TableRow@405b3ca0
android.widget.TextView: Phone Number
android.widget.LinearLayout@405d1e28
android.widget.ImageView@405d2040
android.widget.TextView: 8.9 mi
android.widget.TableLayout@405d2700
android.widget.TableRow@405d2bd8
android.widget.TextView: Linden General Hospital
android.widget.TableRow@405d33e8
android.widget.TextView: Address , City
android.widget.TableRow@405d3c08
android.widget.TextView: Phone Number
android.widget.LinearLayout@405a6920
android.widget.ImageView@405a6b38
android.widget.TextView: 9.0 mi
android.widget.TableLayout@405a7208
android.widget.TableRow@405a76e0
android.widget.TextView: Howard Park General Hospital
android.widget.TableRow@405a7f00
android.widget.TextView: Address , City
android.widget.TableRow@405e6b98
android.widget.TextView: Phone Number
android.widget.LinearLayout@405e7bb0
android.widget.ImageView@405e7dc8
android.widget.TextView: 9.1 mi
android.widget.TableLayout@405e8498
android.widget.TableRow@405e8970
android.widget.TextView: Kingsboro Psychiatric Center
android.widget.TableRow@40557830
android.widget.TextView: Address , City
android.widget.TableRow@40558050
android.widget.TextView: Phone Number
android.widget.LinearLayout@40559090
android.widget.ImageView@405592a8
android.widget.TextView: 9.2 mi
android.widget.TableLayout@40559978
android.widget.TableRow@40559e50
android.widget.TextView: SUNY Downstate Medical Center University Hospital of Brooklyn
android.widget.TableRow@4055a670
android.widget.TextView: Address , City
android.widget.TableRow@4055ae90
android.widget.TextView: Phone Number
android.widget.LinearLayout@405e38e0
android.widget.ImageView@405e3af8
android.widget.TextView: 9.2 mi
android.widget.TableLayout@405e41c8
android.widget.TableRow@405e46a0
android.widget.TextView: Baptist Medical Center of New York
android.widget.TableRow@405e4ec0
android.widget.TextView: Address , City
android.widget.TableRow@405e56e0
android.widget.TextView: Phone Number
android.widget.TextView: Loading data
android.widget.LinearLayout@4066bba8
android.widget.FrameLayout@40591fd8
android.widget.TextView: Hospitals Near Me FREE
android.widget.FrameLayout@405276b8
android.widget.LinearLayout@4055e100
android.widget.ListView@40560070
android.widget.LinearLayout@405e38e0
android.widget.ImageView@405e3af8
android.widget.TextView: 9.2 mi
android.widget.TableLayout@405e41c8
android.widget.TableRow@405e46a0
android.widget.TextView: Baptist Medical Center of New York
android.widget.TableRow@405e4ec0
android.widget.TextView: Address , City
android.widget.TableRow@405e56e0
android.widget.TextView: Phone Number
android.widget.LinearLayout@4054b2b8
android.widget.ImageView@4054b730
android.widget.TextView: 9.2 mi
android.widget.TableLayout@405cc7f0
android.widget.TableRow@405cd0a8
android.widget.TextView: Osteopathic Interboro General Hospital
android.widget.TableRow@40661610
android.widget.TextView: Address , City
android.widget.TableRow@40661eb8
android.widget.TextView: Phone Number
android.widget.LinearLayout@405d5380
android.widget.ImageView@405d5598
android.widget.TextView: 9.3 mi
android.widget.TableLayout@405d5c68
android.widget.TableRow@405d6140
android.widget.TextView: Kings County Hospital Center
android.widget.TableRow@4068faf0
android.widget.TextView: Address , City
android.widget.TableRow@40690310
android.widget.TextView: Phone Number
android.widget.LinearLayout@4054d250
android.widget.ImageView@4054d468
android.widget.TextView: 9.3 mi
android.widget.TableLayout@4054db38
android.widget.TableRow@4054e010
android.widget.TextView: Kingsbrook Jewish Medical Center
android.widget.TableRow@405cd940
android.widget.TextView: Address , City
android.widget.TableRow@405ce160
android.widget.TextView: Phone Number
android.widget.LinearLayout@405ad028
android.widget.ImageView@405ad240
android.widget.TextView: 9.6 mi
android.widget.TableLayout@405ad910
android.widget.TableRow@405adde8
android.widget.TextView: Veterans Administration New York Harbor Healthcare System
android.widget.TableRow@405ab100
android.widget.TextView: Address , City
android.widget.TableRow@405ab848
android.widget.TextView: Phone Number
android.widget.LinearLayout@405ac948
android.widget.ImageView@405acb60
android.widget.TextView: 9.7 mi
android.widget.TableLayout@405cff88
android.widget.TableRow@405d0460
android.widget.TextView: Brooklyn Women's Hospital
android.widget.TableRow@405d0c80
android.widget.TextView: Address , City
android.widget.TableRow@405d14a0
android.widget.TextView: Phone Number
android.widget.TextView: Loading data
android.widget.LinearLayout@4066bba8
android.widget.FrameLayout@40591fd8
android.widget.TextView: Hospitals Near Me FREE
android.widget.FrameLayout@405276b8
android.widget.LinearLayout@4055e100
android.widget.ListView@40560070
android.widget.LinearLayout@405ad028
android.widget.ImageView@405ad240
android.widget.TextView: 9.6 mi
android.widget.TableLayout@405ad910
android.widget.TableRow@405adde8
android.widget.TextView: Veterans Administration New York Harbor Healthcare System
android.widget.TableRow@405ab100
android.widget.TextView: Address , City
android.widget.TableRow@405ab848
android.widget.TextView: Phone Number
android.widget.LinearLayout@405ac948
android.widget.ImageView@405acb60
android.widget.TextView: 9.7 mi
android.widget.TableLayout@405cff88
android.widget.TableRow@405d0460
android.widget.TextView: Brooklyn Women's Hospital
android.widget.TableRow@405d0c80
android.widget.TextView: Address , City
android.widget.TableRow@405d14a0
android.widget.TextView: Phone Number
android.widget.LinearLayout@405af518
android.widget.ImageView@405af730
android.widget.TextView: 9.7 mi
android.widget.TableLayout@405afe00
android.widget.TableRow@405b02d8
android.widget.TextView: Midwood Hospital
android.widget.TableRow@40551908
android.widget.TextView: Address , City
android.widget.TableRow@405b3ca0
android.widget.TextView: Phone Number
android.widget.LinearLayout@405d1e28
android.widget.ImageView@405d2040
android.widget.TextView: 9.7 mi
android.widget.TableLayout@405d2700
android.widget.TableRow@405d2bd8
android.widget.TextView: Lefferts General Hospital
android.widget.TableRow@405d33e8
android.widget.TextView: Address , City
android.widget.TableRow@405d3c08
android.widget.TextView: Phone Number
android.widget.LinearLayout@405a6920
android.widget.ImageView@405a6b38
android.widget.TextView: 9.8 mi
android.widget.TableLayout@405a7208
android.widget.TableRow@405a76e0
android.widget.TextView: Lutheran Hospital of Brooklyn
android.widget.TableRow@405a7f00
android.widget.TextView: Address , City
android.widget.TableRow@405e6b98
android.widget.TextView: Phone Number
android.widget.LinearLayout@405e7bb0
android.widget.ImageView@405e7dc8
android.widget.TextView: 10.0 mi
android.widget.TableLayout@405e8498
android.widget.TableRow@405e8970
android.widget.TextView: Victory Memorial Hospital
android.widget.TableRow@40557830
android.widget.TextView: Address , City
android.widget.TableRow@40558050
android.widget.TextView: Phone Number
android.widget.TextView: Loading data
