android.widget.LinearLayout@4055b068
android.widget.FrameLayout@40559190
android.widget.TextView: Hospitals Near Me FREE
android.widget.FrameLayout@4056dd38
android.widget.LinearLayout@4055d290
android.widget.ListView@4066bb90
android.widget.LinearLayout@4057d458
android.widget.ImageView@406318d8
android.widget.TextView: 4.6 mi
android.widget.TableLayout@40562008
android.widget.TableRow@4056f2e0
android.widget.TextView: Peninsula Hospital Center
android.widget.TableRow@4052d598
android.widget.TextView: Address , City
android.widget.TableRow@40589978
android.widget.TextView: Phone Number
android.widget.LinearLayout@40558d50
android.widget.ImageView@40563280
android.widget.TextView: 5.6 mi
android.widget.TableLayout@405581b8
android.widget.TableRow@405585a0
android.widget.TextView: St. John's Episcopal Hospital-South Shore
android.widget.TableRow@40565be8
android.widget.TextView: Address , City
android.widget.TableRow@4068adc8
android.widget.TextView: Phone Number
android.widget.LinearLayout@405482c8
android.widget.ImageView@40548440
android.widget.TextView: 8.5 mi
android.widget.TableLayout@4055e7e0
android.widget.TableRow@4055ecb8
android.widget.TextView: Coney Island Hospital
android.widget.TableRow@405c1de0
android.widget.TextView: Address , City
android.widget.TableRow@40548f40
android.widget.TextView: Phone Number
android.widget.LinearLayout@4058c8b0
android.widget.ImageView@4058cac8
android.widget.TextView: 8.7 mi
android.widget.TableLayout@40672af0
android.widget.TableRow@40672fc8
android.widget.TextView: New York Community Hospital
android.widget.TableRow@405c0590
android.widget.TextView: Address , City
android.widget.TableRow@406772d8
android.widget.TextView: Phone Number
android.widget.LinearLayout@405aaaf0
android.widget.ImageView@405aad08
android.widget.TextView: 9.0 mi
android.widget.TableLayout@406639d8
android.widget.TableRow@40663e90
android.widget.TextView: Howard Park General Hospital
android.widget.TableRow@40544d08
android.widget.TextView: Address , City
android.widget.TableRow@405b86b0
android.widget.TextView: Phone Number
android.widget.LinearLayout@405912e8
android.widget.ImageView@405914a8
android.widget.TextView: 9.5 mi
android.widget.TableLayout@40591b78
android.widget.TableRow@40687090
android.widget.TextView: Baptist Medical Center of New York
android.widget.TableRow@40549508
android.widget.TextView: Address , City
android.widget.TableRow@4057f5a8
android.widget.TextView: Phone Number
android.widget.TextView: Loading data
android.widget.LinearLayout@4055b068
android.widget.FrameLayout@40559190
android.widget.TextView: Hospitals Near Me FREE
android.widget.FrameLayout@4056dd38
android.widget.LinearLayout@4055d290
android.widget.ListView@4066bb90
android.widget.LinearLayout@405aaaf0
android.widget.ImageView@405aad08
android.widget.TextView: 9.0 mi
android.widget.TableLayout@406639d8
android.widget.TableRow@40663e90
android.widget.TextView: Howard Park General Hospital
android.widget.TableRow@40544d08
android.widget.TextView: Address , City
android.widget.TableRow@405b86b0
android.widget.TextView: Phone Number
android.widget.LinearLayout@405912e8
android.widget.ImageView@405914a8
android.widget.TextView: 9.5 mi
android.widget.TableLayout@40591b78
android.widget.TableRow@40687090
android.widget.TextView: Baptist Medical Center of New York
android.widget.TableRow@40549508
android.widget.TextView: Address , City
android.widget.TableRow@4057f5a8
android.widget.TextView: Phone Number
android.widget.LinearLayout@4067f8a8
android.widget.ImageView@4067fac0
android.widget.TextView: 9.5 mi
android.widget.TableLayout@4054e4f0
android.widget.TableRow@4054e9c8
android.widget.TextView: Osteopathic Interboro General Hospital
android.widget.TableRow@4054f1b8
android.widget.TextView: Address , City
android.widget.TableRow@4053dd48
android.widget.TextView: Phone Number
android.widget.LinearLayout@4053ed38
android.widget.ImageView@4053ef50
android.widget.TextView: 9.5 mi
android.widget.TableLayout@4064bc48
android.widget.TableRow@4064c120
android.widget.TextView: Brookdale Hospital Medical Center
android.widget.TableRow@4064c940
android.widget.TextView: Address , City
android.widget.TableRow@40664798
android.widget.TextView: Phone Number
android.widget.LinearLayout@406657c0
android.widget.ImageView@40591d48
android.widget.TextView: 9.5 mi
android.widget.TableLayout@40592398
android.widget.TableRow@40592870
android.widget.TextView: Linden General Hospital
android.widget.TableRow@40593090
android.widget.TextView: Address , City
android.widget.TableRow@405b9268
android.widget.TextView: Phone Number
android.widget.LinearLayout@405ba2b0
android.widget.ImageView@4063ff48
android.widget.TextView: 9.8 mi
android.widget.TableLayout@40640510
android.widget.TableRow@406409e8
android.widget.TextView: Long Beach Medical Center
android.widget.TableRow@40641208
android.widget.TextView: Address , City
android.widget.TableRow@406699c0
android.widget.TextView: Phone Number
android.widget.TextView: Loading data
