android.widget.FrameLayout@405cd530
android.widget.RelativeLayout@405ee068
android.widget.LinearLayout@40601138
android.view.View@406e5128
android.widget.RelativeLayout@40556b28
android.widget.TextView: Regular
android.view.View@406af700
android.view.View@406db028
android.widget.RelativeLayout@406af910
android.widget.TextView: Midgrade
android.view.View@40644de0
android.view.View@406db188
android.widget.RelativeLayout@40644fd0
android.widget.TextView: Premium
android.view.View@406acd60
android.view.View@406e4ff8
android.widget.RelativeLayout@4072b708
android.widget.TextView: Diesel
android.view.View@406b6228
android.view.View@406e5248
android.view.View@406b8390
android.widget.LinearLayout@406b85f8
android.widget.RelativeLayout@406b8cd8
android.widget.ImageView@406ba8f0
android.widget.TextView: Reload
android.widget.RelativeLayout@405f75f8
android.widget.ImageView@406ad928
android.widget.TextView: Sort By Price
android.widget.RelativeLayout@405c33d0
android.widget.ImageView@406c1e10
android.widget.TextView: Map View
android.view.View@406c7268
gbis.gbandroid.views.layouts.CustomListView@406b5098
android.widget.RelativeLayout@405f1090
com.google.ads.AdView@405af850
android.gesture.GestureOverlayView@406c6b68
android.widget.FrameLayout@40668bb0
com.google.ads.internal.AdWebView@40554fc8
android.widget.TableLayout@406cb918
android.widget.TableRow@406ce4b0
android.widget.RelativeLayout@406d16f8
android.widget.RelativeLayout@406d1ba8
android.widget.TextView: --
android.widget.TextView: 9
android.widget.TextView: time
android.widget.TextView: Report Price
android.widget.RelativeLayout@406d5a90
android.widget.ImageView@406d8168
android.widget.TextView: D'urso's
android.widget.TextView: 38 Townsend  & Morris Cove Rd
android.widget.TextView: East Haven, CT
android.widget.TextView: 1.15 mi
android.widget.TableLayout@406e5928
android.widget.TableRow@406e5ef8
android.widget.RelativeLayout@406e65b8
android.widget.RelativeLayout@406e8ec8
android.widget.TextView: 3.99
android.widget.TextView: 9
android.widget.TextView: Mon 2:55 AM
android.widget.TextView: Update
android.widget.RelativeLayout@406ecac0
android.widget.ImageView@406ece98
android.widget.TextView: Shell
android.widget.TextView: 667 Coe Ave & CT-142
android.widget.TextView: East Haven, CT
android.widget.TextView: 1.99 mi
android.widget.TableLayout@406fd810
android.widget.TableRow@406fdde0
android.widget.RelativeLayout@406fe490
android.widget.RelativeLayout@40700d80
android.widget.TextView: --
android.widget.TextView: 9
android.widget.TextView: time
android.widget.TextView: Report Price
android.widget.RelativeLayout@407047a0
android.widget.ImageView@40704b78
android.widget.TextView: Frank's Gas & Service
android.widget.TextView: 439 Main St & Pardee Pl
android.widget.TextView: East Haven, CT
android.widget.TextView: 2.9 mi
android.widget.TableLayout@4070ecd8
android.widget.TableRow@40711490
android.widget.RelativeLayout@40711b40
android.widget.RelativeLayout@40711f18
android.widget.TextView: 3.99
android.widget.TextView: 9
android.widget.TextView: Mon 2:55 AM
android.widget.TextView: Update
android.widget.RelativeLayout@40717ec8
android.widget.ImageView@407182a0
android.widget.TextView: Valero
android.widget.TextView: 227 Saltonstall Parkway & Sanford 
android.widget.TextView: East Haven, CT
android.widget.TextView: 3 mi
android.widget.TableLayout@4065f178
android.widget.TableRow@4065f650
android.widget.RelativeLayout@4065fd10
android.widget.RelativeLayout@406600e8
android.widget.TextView: 3.81
android.widget.TextView: 9
android.widget.TextView: 36 minutes ago
android.widget.TextView: Update
android.widget.RelativeLayout@4050aef0
android.widget.ImageView@4050b2c8
android.widget.TextView: Hess
android.widget.TextView: 22 Frontage Rd & Kimberly Ave
android.widget.TextView: East Haven, CT
android.widget.TextView: 3.09 mi
android.widget.RelativeLayout@40726ba8
android.widget.FrameLayout@405cd530
android.widget.RelativeLayout@405ee068
android.widget.LinearLayout@40601138
android.view.View@406e5128
android.widget.RelativeLayout@40556b28
android.widget.TextView: Regular
android.view.View@406af700
android.view.View@406db028
android.widget.RelativeLayout@406af910
android.widget.TextView: Midgrade
android.view.View@40644de0
android.view.View@406db188
android.widget.RelativeLayout@40644fd0
android.widget.TextView: Premium
android.view.View@406acd60
android.view.View@406e4ff8
android.widget.RelativeLayout@4072b708
android.widget.TextView: Diesel
android.view.View@406b6228
android.view.View@406e5248
android.view.View@406b8390
android.widget.LinearLayout@406b85f8
android.widget.RelativeLayout@406b8cd8
android.widget.ImageView@406ba8f0
android.widget.TextView: Reload
android.widget.RelativeLayout@405f75f8
android.widget.ImageView@406ad928
android.widget.TextView: Sort By Price
android.widget.RelativeLayout@405c33d0
android.widget.ImageView@406c1e10
android.widget.TextView: Map View
android.view.View@406c7268
gbis.gbandroid.views.layouts.CustomListView@406b5098
android.widget.TableLayout@4065f178
android.widget.TableRow@4065f650
android.widget.RelativeLayout@4065fd10
android.widget.RelativeLayout@406600e8
android.widget.TextView: 3.81
android.widget.TextView: 9
android.widget.TextView: 36 minutes ago
android.widget.TextView: Update
android.widget.RelativeLayout@4050aef0
android.widget.ImageView@4050b2c8
android.widget.TextView: Hess
android.widget.TextView: 22 Frontage Rd & Kimberly Ave
android.widget.TextView: East Haven, CT
android.widget.TextView: 3.09 mi
android.widget.TableLayout@4078b0b0
android.widget.TableRow@4078b680
android.widget.RelativeLayout@4078bd40
android.widget.RelativeLayout@4078c118
android.widget.TextView: 3.99
android.widget.TextView: 9
android.widget.TextView: 6 hours ago
android.widget.TextView: Update
android.widget.RelativeLayout@4078d928
android.widget.ImageView@4078dd00
android.widget.TextView: Sunoco
android.widget.TextView: 80 Frontage Rd & Near I-95  Exit 51
android.widget.TextView: East Haven, CT
android.widget.TextView: 99.99 mi
android.widget.TableLayout@4079b258
android.widget.TableRow@4079b828
android.widget.RelativeLayout@4079bee8
android.widget.RelativeLayout@4079c2c0
android.widget.TextView: --
android.widget.TextView: 9
android.widget.TextView: time
android.widget.TextView: Report Price
android.widget.RelativeLayout@4079dad0
android.widget.ImageView@4079dea8
android.widget.TextView: Best Gas
android.widget.TextView: 147 Campbell Ave & Noble St
android.widget.TextView: West Haven, CT
android.widget.TextView: 99.99 mi
android.widget.TableLayout@407a1480
android.widget.TableRow@407a1a50
android.widget.RelativeLayout@407a2110
android.widget.RelativeLayout@407a24e8
android.widget.TextView: --
android.widget.TextView: 9
android.widget.TextView: time
android.widget.TextView: Report Price
android.widget.RelativeLayout@407a3cf8
android.widget.ImageView@407a40d0
android.widget.TextView: Shell
android.widget.TextView: 1183 Townsend Ave & I-95
android.widget.TextView: New Haven, CT
android.widget.TextView: 99.99 mi
android.widget.TableLayout@4057a848
android.widget.TableRow@40554e60
android.widget.RelativeLayout@4057b9f0
android.widget.RelativeLayout@4057d638
android.widget.TextView: 3.83
android.widget.TextView: 9
android.widget.TextView: 6 hours ago
android.widget.TextView: Update
android.widget.RelativeLayout@40580218
android.widget.ImageView@405e4e20
android.widget.TextView: Forbes Premium
android.widget.TextView: 401 Forbes Ave & Woodward Ave
android.widget.TextView: East Haven, CT
android.widget.TextView: 99.99 mi
android.widget.TableLayout@4057d478
android.widget.TableRow@405e4750
android.widget.RelativeLayout@40581f48
android.widget.RelativeLayout@405ff530
android.widget.TextView: --
android.widget.TextView: 9
android.widget.TextView: time
android.widget.TextView: Report Price
android.widget.RelativeLayout@40602748
android.widget.ImageView@405f2b00
android.widget.TextView: Sunoco
android.widget.TextView: 361 Campbell Ave  & Brown St
android.widget.TextView: West Haven, CT
android.widget.TextView: 99.99 mi
android.widget.RelativeLayout@40726ba8
android.widget.FrameLayout@405cd530
android.widget.RelativeLayout@405ee068
android.widget.LinearLayout@40601138
android.view.View@406e5128
android.widget.RelativeLayout@40556b28
android.widget.TextView: Regular
android.view.View@406af700
android.view.View@406db028
android.widget.RelativeLayout@406af910
android.widget.TextView: Midgrade
android.view.View@40644de0
android.view.View@406db188
android.widget.RelativeLayout@40644fd0
android.widget.TextView: Premium
android.view.View@406acd60
android.view.View@406e4ff8
android.widget.RelativeLayout@4072b708
android.widget.TextView: Diesel
android.view.View@406b6228
android.view.View@406e5248
android.view.View@406b8390
android.widget.LinearLayout@406b85f8
android.widget.RelativeLayout@406b8cd8
android.widget.ImageView@406ba8f0
android.widget.TextView: Reload
android.widget.RelativeLayout@405f75f8
android.widget.ImageView@406ad928
android.widget.TextView: Sort By Price
android.widget.RelativeLayout@405c33d0
android.widget.ImageView@406c1e10
android.widget.TextView: Map View
android.view.View@406c7268
gbis.gbandroid.views.layouts.CustomListView@406b5098
android.widget.TableLayout@4057d478
android.widget.TableRow@405e4750
android.widget.RelativeLayout@40581f48
android.widget.RelativeLayout@405ff530
android.widget.TextView: --
android.widget.TextView: 9
android.widget.TextView: time
android.widget.TextView: Report Price
android.widget.RelativeLayout@40602748
android.widget.ImageView@405f2b00
android.widget.TextView: Sunoco
android.widget.TextView: 361 Campbell Ave  & Brown St
android.widget.TextView: West Haven, CT
android.widget.TextView: 99.99 mi
android.widget.TableLayout@40580068
android.widget.TableRow@40619208
android.widget.RelativeLayout@40605378
android.widget.RelativeLayout@4060eb38
android.widget.TextView: --
android.widget.TextView: 9
android.widget.TextView: time
android.widget.TextView: Report Price
android.widget.RelativeLayout@40614be0
android.widget.ImageView@40601798
android.widget.TextView: CITGO
android.widget.TextView: 260 Forbes Ave & Fulton 
android.widget.TextView: New Haven, CT
android.widget.TextView: 99.99 mi
android.widget.TableLayout@40581be0
android.widget.TableRow@406f93f0
android.widget.RelativeLayout@40617798
android.widget.RelativeLayout@40625330
android.widget.TextView: 3.89
android.widget.TextView: 9
android.widget.TextView: Mon 8:23 PM
android.widget.TextView: Update
android.widget.RelativeLayout@4062bb18
android.widget.ImageView@4060ff20
android.widget.TextView: Sunoco
android.widget.TextView: 44 Elm St & Water St
android.widget.TextView: West Haven, CT
android.widget.TextView: 99.99 mi
android.widget.TableLayout@40581d88
android.widget.TableRow@406fb0c8
android.widget.RelativeLayout@4062e740
android.widget.RelativeLayout@40631328
android.widget.TextView: 3.89
android.widget.TextView: 9
android.widget.TextView: 17 minutes ago
android.widget.TextView: Update
android.widget.RelativeLayout@40632210
android.widget.ImageView@4062a990
android.widget.TextView: CITGO
android.widget.TextView:  62 Elm St & First Ave
android.widget.TextView: West Haven, CT
android.widget.TextView: 99.99 mi
android.widget.TableLayout@405fef10
android.widget.TableRow@407087e0
android.widget.RelativeLayout@40638598
android.widget.RelativeLayout@4063de70
android.widget.TextView: --
android.widget.TextView: 9
android.widget.TextView: time
android.widget.TextView: Report Price
android.widget.RelativeLayout@4064a6a8
android.widget.ImageView@4064f688
android.widget.TextView: Sunoco
android.widget.TextView: 700 West Main  & Beaver Rd
android.widget.TextView: Branford, CT
android.widget.TextView: 99.99 mi
android.widget.TableLayout@40602598
android.widget.TableRow@40715b40
android.widget.RelativeLayout@4064d338
android.widget.RelativeLayout@40653fd0
android.widget.TextView: 3.99
android.widget.TextView: 9
android.widget.TextView: Mon 6:04 AM
android.widget.TextView: Update
android.widget.RelativeLayout@40662ce8
android.widget.ImageView@406a0a40
android.widget.TextView: Mobil
android.widget.TextView: 200 Sargent Dr & Food Terminal Dr
android.widget.TextView: New Haven, CT
android.widget.TextView: 99.99 mi
android.widget.RelativeLayout@40726ba8
android.widget.FrameLayout@405cd530
android.widget.RelativeLayout@405ee068
android.widget.LinearLayout@40601138
android.view.View@406e5128
android.widget.RelativeLayout@40556b28
android.widget.TextView: Regular
android.view.View@406af700
android.view.View@406db028
android.widget.RelativeLayout@406af910
android.widget.TextView: Midgrade
android.view.View@40644de0
android.view.View@406db188
android.widget.RelativeLayout@40644fd0
android.widget.TextView: Premium
android.view.View@406acd60
android.view.View@406e4ff8
android.widget.RelativeLayout@4072b708
android.widget.TextView: Diesel
android.view.View@406b6228
android.view.View@406e5248
android.view.View@406b8390
android.widget.LinearLayout@406b85f8
android.widget.RelativeLayout@406b8cd8
android.widget.ImageView@406ba8f0
android.widget.TextView: Reload
android.widget.RelativeLayout@405f75f8
android.widget.ImageView@406ad928
android.widget.TextView: Sort By Price
android.widget.RelativeLayout@405c33d0
android.widget.ImageView@406c1e10
android.widget.TextView: Map View
android.view.View@406c7268
gbis.gbandroid.views.layouts.CustomListView@406b5098
android.widget.TableLayout@40602598
android.widget.TableRow@40715b40
android.widget.RelativeLayout@4064d338
android.widget.RelativeLayout@40653fd0
android.widget.TextView: 3.99
android.widget.TextView: 9
android.widget.TextView: Mon 6:04 AM
android.widget.TextView: Update
android.widget.RelativeLayout@40662ce8
android.widget.ImageView@406a0a40
android.widget.TextView: Mobil
android.widget.TextView: 200 Sargent Dr & Food Terminal Dr
android.widget.TextView: New Haven, CT
android.widget.TextView: 99.99 mi
android.widget.TableLayout@4057a848
android.widget.TableRow@40554e60
android.widget.RelativeLayout@4057b9f0
android.widget.RelativeLayout@4057d638
android.widget.TextView: 3.89
android.widget.TextView: 9
android.widget.TextView: 19 minutes ago
android.widget.TextView: Update
android.widget.RelativeLayout@40580218
android.widget.ImageView@405e4e20
android.widget.TextView: Getty
android.widget.TextView: 183 Ella T Grasso Blvd & Kimberly Ave
android.widget.TextView: New Haven, CT
android.widget.TextView: 99.99 mi
android.widget.TableLayout@40710138
android.widget.TableRow@40613dd0
android.widget.RelativeLayout@406d4aa8
android.widget.RelativeLayout@40655a60
android.widget.TextView: 3.87
android.widget.TextView: 9
android.widget.TextView: 7 minutes ago
android.widget.TextView: Update
android.widget.RelativeLayout@40636cd0
android.widget.ImageView@40650820
android.widget.TextView: Shell
android.widget.TextView: 658 Campbell Ave & Elm St
android.widget.TextView: West Haven, CT
android.widget.TextView: 99.99 mi
android.widget.TableLayout@40681168
android.widget.TableRow@4068d238
android.widget.RelativeLayout@40695628
android.widget.RelativeLayout@4069da48
android.widget.TextView: 3.77
android.widget.TextView: 9
android.widget.TextView: Mon 6:58 PM
android.widget.TextView: Update
android.widget.RelativeLayout@40664c10
android.widget.ImageView@406adb40
android.widget.TextView: Valero
android.widget.TextView: 528 Main St & Kelsey Ave
android.widget.TextView: West Haven, CT
android.widget.TextView: 99.99 mi
android.widget.TableLayout@40601aa8
android.widget.TableRow@40638170
android.widget.RelativeLayout@40647e28
android.widget.RelativeLayout@4064a358
android.widget.TextView: --
android.widget.TextView: 9
android.widget.TextView: time
android.widget.TextView: Report Price
android.widget.RelativeLayout@40602120
android.widget.ImageView@406227f0
android.widget.TextView: Mobil
android.widget.TextView: 265 Platt Ave & Jones Hill Rd
android.widget.TextView: West Haven, CT
android.widget.TextView: 99.99 mi
android.widget.TableLayout@406fc9b8
android.widget.TableRow@4062ceb0
android.widget.RelativeLayout@40670268
android.widget.RelativeLayout@406ac1d0
android.widget.TextView: --
android.widget.TextView: 9
android.widget.TextView: time
android.widget.TextView: Report Price
android.widget.RelativeLayout@4057e0a0
android.widget.ImageView@405ffef8
android.widget.TextView: CITGO
android.widget.TextView: 244 Platt Ave & Jones Hill Rd
android.widget.TextView: West Haven, CT
android.widget.TextView: 99.99 mi
android.widget.RelativeLayout@40726ba8
android.widget.FrameLayout@405cd530
android.widget.RelativeLayout@405ee068
android.widget.LinearLayout@40601138
android.view.View@406e5128
android.widget.RelativeLayout@40556b28
android.widget.TextView: Regular
android.view.View@406af700
android.view.View@406db028
android.widget.RelativeLayout@406af910
android.widget.TextView: Midgrade
android.view.View@40644de0
android.view.View@406db188
android.widget.RelativeLayout@40644fd0
android.widget.TextView: Premium
android.view.View@406acd60
android.view.View@406e4ff8
android.widget.RelativeLayout@4072b708
android.widget.TextView: Diesel
android.view.View@406b6228
android.view.View@406e5248
android.view.View@406b8390
android.widget.LinearLayout@406b85f8
android.widget.RelativeLayout@406b8cd8
android.widget.ImageView@406ba8f0
android.widget.TextView: Reload
android.widget.RelativeLayout@405f75f8
android.widget.ImageView@406ad928
android.widget.TextView: Sort By Price
android.widget.RelativeLayout@405c33d0
android.widget.ImageView@406c1e10
android.widget.TextView: Map View
android.view.View@406c7268
gbis.gbandroid.views.layouts.CustomListView@406b5098
android.widget.TableLayout@406fc9b8
android.widget.TableRow@4062ceb0
android.widget.RelativeLayout@40670268
android.widget.RelativeLayout@406ac1d0
android.widget.TextView: --
android.widget.TextView: 9
android.widget.TextView: time
android.widget.TextView: Report Price
android.widget.RelativeLayout@4057e0a0
android.widget.ImageView@405ffef8
android.widget.TextView: CITGO
android.widget.TextView: 244 Platt Ave & Jones Hill Rd
android.widget.TextView: West Haven, CT
android.widget.TextView: 99.99 mi
android.widget.TableLayout@405fef10
android.widget.TableRow@407087e0
android.widget.RelativeLayout@40638598
android.widget.RelativeLayout@4063de70
android.widget.TextView: 3.75
android.widget.TextView: 9
android.widget.TextView: 6 hours ago
android.widget.TextView: Update
android.widget.RelativeLayout@4064a6a8
android.widget.ImageView@4064f688
android.widget.TextView: Hess
android.widget.TextView: 345 Elm St & Savin Ave
android.widget.TextView: West Haven, CT
android.widget.TextView: 99.99 mi
android.widget.TableLayout@406126d8
android.widget.TableRow@406152d8
android.widget.RelativeLayout@4061d850
android.widget.RelativeLayout@406296f0
android.widget.TextView: 3.87
android.widget.TextView: 9
android.widget.TextView: Mon 6:53 PM
android.widget.TextView: Update
android.widget.RelativeLayout@40640fb0
android.widget.ImageView@40646628
android.widget.TextView: Citgo
android.widget.TextView: Kimberly Ave & Howard Ave
android.widget.TextView: New Haven, CT
android.widget.TextView: 99.99 mi
android.widget.TableLayout@4050ffe8
android.widget.TableRow@4058eb70
android.widget.RelativeLayout@40581f48
android.widget.RelativeLayout@405a2088
android.widget.TextView: --
android.widget.TextView: 9
android.widget.TextView: time
android.widget.TextView: Report Price
android.widget.RelativeLayout@405ff530
android.widget.ImageView@4056c3d8
android.widget.TextView: BP
android.widget.TextView: 30 Main St & US-1
android.widget.TextView: Branford, CT
android.widget.TextView: 99.99 mi
android.widget.TableLayout@4057d478
android.widget.TableRow@40605ac8
android.widget.RelativeLayout@40602748
android.widget.RelativeLayout@40605378
android.widget.TextView: 3.89
android.widget.TextView: 9
android.widget.TextView: Mon 8:23 PM
android.widget.TextView: Update
android.widget.RelativeLayout@4060eb38
android.widget.ImageView@405e7760
android.widget.TextView: XtraMart
android.widget.TextView: 750 First Ave & I-95 Exit 43
android.widget.TextView: West Haven, CT
android.widget.TextView: 99.99 mi
android.widget.TableLayout@40580068
android.widget.TableRow@406790f8
android.widget.RelativeLayout@40611fd8
android.widget.RelativeLayout@40614be0
android.widget.TextView: --
android.widget.TextView: 9
android.widget.TextView: time
android.widget.TextView: Report Price
android.widget.RelativeLayout@40617798
android.widget.ImageView@405fe5c8
android.widget.TextView: Mobil
android.widget.TextView:  I-95 S & Exit 53
android.widget.TextView: Branford, CT
android.widget.TextView: 99.99 mi
android.widget.RelativeLayout@40726ba8
android.widget.FrameLayout@405cd530
android.widget.RelativeLayout@405ee068
android.widget.LinearLayout@40601138
android.view.View@406e5128
android.widget.RelativeLayout@40556b28
android.widget.TextView: Regular
android.view.View@406af700
android.view.View@406db028
android.widget.RelativeLayout@406af910
android.widget.TextView: Midgrade
android.view.View@40644de0
android.view.View@406db188
android.widget.RelativeLayout@40644fd0
android.widget.TextView: Premium
android.view.View@406acd60
android.view.View@406e4ff8
android.widget.RelativeLayout@4072b708
android.widget.TextView: Diesel
android.view.View@406b6228
android.view.View@406e5248
android.view.View@406b8390
android.widget.LinearLayout@406b85f8
android.widget.RelativeLayout@406b8cd8
android.widget.ImageView@406ba8f0
android.widget.TextView: Reload
android.widget.RelativeLayout@405f75f8
android.widget.ImageView@406ad928
android.widget.TextView: Sort By Price
android.widget.RelativeLayout@405c33d0
android.widget.ImageView@406c1e10
android.widget.TextView: Map View
android.view.View@406c7268
gbis.gbandroid.views.layouts.CustomListView@406b5098
android.widget.TableLayout@40580068
android.widget.TableRow@406790f8
android.widget.RelativeLayout@40611fd8
android.widget.RelativeLayout@40614be0
android.widget.TextView: --
android.widget.TextView: 9
android.widget.TextView: time
android.widget.TextView: Report Price
android.widget.RelativeLayout@40617798
android.widget.ImageView@405fe5c8
android.widget.TextView: Mobil
android.widget.TextView:  I-95 S & Exit 53
android.widget.TextView: Branford, CT
android.widget.TextView: 99.99 mi
android.widget.TableLayout@40601aa8
android.widget.TableRow@40638170
android.widget.RelativeLayout@40647e28
android.widget.RelativeLayout@4064a358
android.widget.TextView: --
android.widget.TextView: 9
android.widget.TextView: time
android.widget.TextView: Report Price
android.widget.RelativeLayout@40602120
android.widget.ImageView@406227f0
android.widget.TextView: Sunoco
android.widget.TextView: 61 Chapel St & Ferry St
android.widget.TextView: New Haven, CT
android.widget.TextView: 99.99 mi
android.widget.TableLayout@40581d88
android.widget.TableRow@406c73a0
android.widget.RelativeLayout@4061cfe0
android.widget.RelativeLayout@40625330
android.widget.TextView: --
android.widget.TextView: 9
android.widget.TextView: time
android.widget.TextView: Report Price
android.widget.RelativeLayout@40627f18
android.widget.ImageView@40651bf0
android.widget.TextView: Gulf
android.widget.TextView: 177 Main  & Home Pl
android.widget.TextView: Branford, CT
android.widget.TextView: 99.99 mi
android.widget.TableLayout@40614878
android.widget.TableRow@406c8d40
android.widget.RelativeLayout@4062bb18
android.widget.RelativeLayout@4062e740
android.widget.TextView: 3.79
android.widget.TextView: 9
android.widget.TextView: 6 hours ago
android.widget.TextView: Update
android.widget.RelativeLayout@40631328
android.widget.ImageView@40633458
android.widget.TextView: First Fuel
android.widget.TextView: 810 1st Ave & Spring St
android.widget.TextView: West Haven, CT
android.widget.TextView: 99.99 mi
android.widget.TableLayout@406175e8
android.widget.TableRow@406d1348
android.widget.RelativeLayout@40666ac8
android.widget.RelativeLayout@4066e468
android.widget.TextView: --
android.widget.TextView: 9
android.widget.TextView: time
android.widget.TextView: Report Price
android.widget.RelativeLayout@40682678
android.widget.ImageView@40687778
android.widget.TextView: Mobil
android.widget.TextView: 273 Saw Mill Rd & Greta St
android.widget.TextView: West Haven, CT
android.widget.TextView: 99.99 mi
android.widget.TableLayout@4061f9f8
android.widget.TableRow@406ea628
android.widget.RelativeLayout@4068db20
android.widget.RelativeLayout@40690900
android.widget.TextView: --
android.widget.TextView: 9
android.widget.TextView: time
android.widget.TextView: Report Price
android.widget.RelativeLayout@406a10f0
android.widget.ImageView@406a3cc0
android.widget.TextView: Xcel
android.widget.TextView: 501 Main St & Russell 
android.widget.TextView: Branford, CT
android.widget.TextView: 99.99 mi
android.widget.RelativeLayout@40726ba8
android.widget.FrameLayout@405cd530
android.widget.RelativeLayout@405ee068
android.widget.LinearLayout@40601138
android.view.View@406e5128
android.widget.RelativeLayout@40556b28
android.widget.TextView: Regular
android.view.View@406af700
android.view.View@406db028
android.widget.RelativeLayout@406af910
android.widget.TextView: Midgrade
android.view.View@40644de0
android.view.View@406db188
android.widget.RelativeLayout@40644fd0
android.widget.TextView: Premium
android.view.View@406acd60
android.view.View@406e4ff8
android.widget.RelativeLayout@4072b708
android.widget.TextView: Diesel
android.view.View@406b6228
android.view.View@406e5248
android.view.View@406b8390
android.widget.LinearLayout@406b85f8
android.widget.RelativeLayout@406b8cd8
android.widget.ImageView@406ba8f0
android.widget.TextView: Reload
android.widget.RelativeLayout@405f75f8
android.widget.ImageView@406ad928
android.widget.TextView: Sort By Price
android.widget.RelativeLayout@405c33d0
android.widget.ImageView@406c1e10
android.widget.TextView: Map View
android.view.View@406c7268
gbis.gbandroid.views.layouts.CustomListView@406b5098
android.widget.TableLayout@4061f9f8
android.widget.TableRow@406ea628
android.widget.RelativeLayout@4068db20
android.widget.RelativeLayout@40690900
android.widget.TextView: --
android.widget.TextView: 9
android.widget.TextView: time
android.widget.TextView: Report Price
android.widget.RelativeLayout@406a10f0
android.widget.ImageView@406a3cc0
android.widget.TextView: Xcel
android.widget.TextView: 501 Main St & Russell 
android.widget.TextView: Branford, CT
android.widget.TextView: 99.99 mi
android.widget.TableLayout@4057d478
android.widget.TableRow@40605ac8
android.widget.RelativeLayout@40602748
android.widget.RelativeLayout@40605378
android.widget.TextView: 3.83
android.widget.TextView: 9
android.widget.TextView: 37 minutes ago
android.widget.TextView: Update
android.widget.RelativeLayout@4060eb38
android.widget.ImageView@405e7760
android.widget.TextView: Forbes Premium
android.widget.TextView: 863 North High St & Grannis St
android.widget.TextView: East Haven, CT
android.widget.TextView: 99.99 mi
android.widget.TableLayout@4078e070
android.widget.TableRow@4050a958
android.widget.RelativeLayout@406ebb10
android.widget.RelativeLayout@4078bef0
android.widget.TextView: 3.99
android.widget.TextView: 9
android.widget.TextView: Mon 6:07 AM
android.widget.TextView: Update
android.widget.RelativeLayout@407a40d0
android.widget.ImageView@40654e30
android.widget.TextView: Shell
android.widget.TextView: 444 Saw Mill Rd & Hilton Dr
android.widget.TextView: West Haven, CT
android.widget.TextView: 99.99 mi
android.widget.TableLayout@4060e448
android.widget.TableRow@4063e5e0
android.widget.RelativeLayout@4071dee0
android.widget.RelativeLayout@407273b8
android.widget.TextView: 3.75
android.widget.TextView: 9
android.widget.TextView: 1 hour ago
android.widget.TextView: Update
android.widget.RelativeLayout@4074e258
android.widget.ImageView@4063b760
android.widget.TextView: Stop & Shop
android.widget.TextView: 78 N Main St & Todds Hill Rd
android.widget.TextView: Branford, CT
android.widget.TextView: 99.99 mi
android.widget.TableLayout@40655da0
android.widget.TableRow@40689f98
android.widget.RelativeLayout@406170e8
android.widget.RelativeLayout@40617428
android.widget.TextView: --
android.widget.TextView: 9
android.widget.TextView: time
android.widget.TextView: Report Price
android.widget.RelativeLayout@4079b618
android.widget.ImageView@4079b8c8
android.widget.TextView: Sunoco
android.widget.TextView: 5 Joneshill Rd & Ocean Ave
android.widget.TextView: West Haven, CT
android.widget.TextView: 99.99 mi
android.widget.TableLayout@4079a7f8
android.widget.TableRow@4079c6e0
android.widget.RelativeLayout@40628890
android.widget.RelativeLayout@40628b70
android.widget.TextView: --
android.widget.TextView: 9
android.widget.TextView: time
android.widget.TextView: Report Price
android.widget.RelativeLayout@4069c178
android.widget.ImageView@4062a618
android.widget.TextView: Tim's Auto Center
android.widget.TextView: 28 Jones Hill Rd & Ocean Ave
android.widget.TextView: West Haven, CT
android.widget.TextView: 99.99 mi
android.widget.RelativeLayout@40726ba8
android.widget.FrameLayout@405cd530
android.widget.RelativeLayout@405ee068
android.widget.LinearLayout@40601138
android.view.View@406e5128
android.widget.RelativeLayout@40556b28
android.widget.TextView: Regular
android.view.View@406af700
android.view.View@406db028
android.widget.RelativeLayout@406af910
android.widget.TextView: Midgrade
android.view.View@40644de0
android.view.View@406db188
android.widget.RelativeLayout@40644fd0
android.widget.TextView: Premium
android.view.View@406acd60
android.view.View@406e4ff8
android.widget.RelativeLayout@4072b708
android.widget.TextView: Diesel
android.view.View@406b6228
android.view.View@406e5248
android.view.View@406b8390
android.widget.LinearLayout@406b85f8
android.widget.RelativeLayout@406b8cd8
android.widget.ImageView@406ba8f0
android.widget.TextView: Reload
android.widget.RelativeLayout@405f75f8
android.widget.ImageView@406ad928
android.widget.TextView: Sort By Price
android.widget.RelativeLayout@405c33d0
android.widget.ImageView@406c1e10
android.widget.TextView: Map View
android.view.View@406c7268
gbis.gbandroid.views.layouts.CustomListView@406b5098
android.widget.TableLayout@4079a7f8
android.widget.TableRow@4079c6e0
android.widget.RelativeLayout@40628890
android.widget.RelativeLayout@40628b70
android.widget.TextView: --
android.widget.TextView: 9
android.widget.TextView: time
android.widget.TextView: Report Price
android.widget.RelativeLayout@4069c178
android.widget.ImageView@4062a618
android.widget.TextView: Tim's Auto Center
android.widget.TextView: 28 Jones Hill Rd & Ocean Ave
android.widget.TextView: West Haven, CT
android.widget.TextView: 99.99 mi
android.widget.TableLayout@406175e8
android.widget.TableRow@406d1348
android.widget.RelativeLayout@40666ac8
android.widget.RelativeLayout@4066e468
android.widget.TextView: 3.79
android.widget.TextView: 9
android.widget.TextView: 11 hours ago
android.widget.TextView: Update
android.widget.RelativeLayout@40682678
android.widget.ImageView@40687778
android.widget.TextView: Mobil
android.widget.TextView: 108 N Main St & Cedar St
android.widget.TextView: Branford, CT
android.widget.TextView: 99.99 mi
android.widget.TableLayout@406c93f0
android.widget.TableRow@40719850
android.widget.RelativeLayout@406dce50
android.widget.RelativeLayout@406dd170
android.widget.TextView: 3.89
android.widget.TextView: 9
android.widget.TextView: Mon 5:51 PM
android.widget.TextView: Update
android.widget.RelativeLayout@406c57a0
android.widget.ImageView@406c5b08
android.widget.TextView: CITGO
android.widget.TextView: 117 N Main St & Cedar St
android.widget.TextView: Branford, CT
android.widget.TextView: 99.99 mi
android.widget.TableLayout@40515e60
android.widget.TableRow@40554e60
android.widget.RelativeLayout@4057d638
android.widget.RelativeLayout@40580218
android.widget.TextView: 3.77
android.widget.TextView: 9
android.widget.TextView: 13 hours ago
android.widget.TextView: Update
android.widget.RelativeLayout@405813f0
android.widget.ImageView@4056c3d8
android.widget.TextView: Mercury
android.widget.TextView: 270 Bostot Post Rd & Campbell Ave
android.widget.TextView: West Haven, CT
android.widget.TextView: 99.99 mi
android.widget.TableLayout@4057a848
android.widget.TableRow@40662ce8
android.widget.RelativeLayout@40581f48
android.widget.RelativeLayout@405a2088
android.widget.TextView: 3.75
android.widget.TextView: 9
android.widget.TextView: 13 hours ago
android.widget.TextView: Update
android.widget.RelativeLayout@405ff530
android.widget.ImageView@40627be0
android.widget.TextView: Best Gas
android.widget.TextView: Orange Ave & Front Ave
android.widget.TextView: West Haven, CT
android.widget.TextView: 99.99 mi
android.widget.TableLayout@40580068
android.widget.TableRow@406713d8
android.widget.RelativeLayout@40611fd8
android.widget.RelativeLayout@40614be0
android.widget.TextView: 3.83
android.widget.TextView: 9
android.widget.TextView: 6 hours ago
android.widget.TextView: Update
android.widget.RelativeLayout@40617798
android.widget.ImageView@4063bcd0
android.widget.TextView: Power Gas
android.widget.TextView: 884 State St & Humphrey St
android.widget.TextView: New Haven, CT
android.widget.TextView: 99.99 mi
android.widget.RelativeLayout@40726ba8
android.widget.FrameLayout@405cd530
android.widget.RelativeLayout@405ee068
android.widget.LinearLayout@40601138
android.view.View@406e5128
android.widget.RelativeLayout@40556b28
android.widget.TextView: Regular
android.view.View@406af700
android.view.View@406db028
android.widget.RelativeLayout@406af910
android.widget.TextView: Midgrade
android.view.View@40644de0
android.view.View@406db188
android.widget.RelativeLayout@40644fd0
android.widget.TextView: Premium
android.view.View@406acd60
android.view.View@406e4ff8
android.widget.RelativeLayout@4072b708
android.widget.TextView: Diesel
android.view.View@406b6228
android.view.View@406e5248
android.view.View@406b8390
android.widget.LinearLayout@406b85f8
android.widget.RelativeLayout@406b8cd8
android.widget.ImageView@406ba8f0
android.widget.TextView: Reload
android.widget.RelativeLayout@405f75f8
android.widget.ImageView@406ad928
android.widget.TextView: Sort By Price
android.widget.RelativeLayout@405c33d0
android.widget.ImageView@406c1e10
android.widget.TextView: Map View
android.view.View@406c7268
gbis.gbandroid.views.layouts.CustomListView@406b5098
android.widget.TableLayout@40602598
android.widget.TableRow@40715b40
android.widget.RelativeLayout@4063de70
android.widget.RelativeLayout@4064a6a8
android.widget.TextView: 3.83
android.widget.TextView: 9
android.widget.TextView: 6 hours ago
android.widget.TextView: Update
android.widget.RelativeLayout@4064c6a8
android.widget.ImageView@4064d338
android.widget.TextView: Power Gas
android.widget.TextView: 884 State St & Humphrey St
android.widget.TextView: New Haven, CT
android.widget.TextView: 5.09 mi
android.widget.TableLayout@405fef10
android.widget.TableRow@40708df0
android.widget.RelativeLayout@40631328
android.widget.RelativeLayout@40633458
android.widget.TextView: 3.77
android.widget.TextView: 9
android.widget.TextView: 4 hours ago
android.widget.TextView: Update
android.widget.RelativeLayout@40638598
android.widget.ImageView@40726890
android.widget.TextView: Shell
android.widget.TextView: 540 Orange Ave & Rockview St
android.widget.TextView: West Haven, CT
android.widget.TextView: 5.14 mi
android.widget.TableLayout@405fe5c8
android.widget.TableRow@406e4400
android.widget.RelativeLayout@40627f18
android.widget.RelativeLayout@4062bb18
android.widget.TextView: --
android.widget.TextView: 9
android.widget.TextView: 5 hours ago
android.widget.TextView: Report Price
android.widget.RelativeLayout@4062e740
android.widget.ImageView@406a0a40
android.widget.TextView: Depalmas
android.widget.TextView: 746 West City Ave & Ardale St
android.widget.TextView: West Haven, CT
android.widget.TextView: 5.26 mi
android.widget.TableLayout@40581d88
android.widget.TableRow@40680390
android.widget.RelativeLayout@4061aae0
android.widget.RelativeLayout@4061cfe0
android.widget.TextView: 3.85
android.widget.TextView: 9
android.widget.TextView: 5 hours ago
android.widget.TextView: Update
android.widget.RelativeLayout@40625330
android.widget.ImageView@4064f688
android.widget.TextView: Power Gas
android.widget.TextView: 1 Whalley Ave & Broadway
android.widget.TextView: New Haven, CT
android.widget.TextView: 5.32 mi
android.widget.TableLayout@40655da0
android.widget.TableRow@40689f98
android.widget.RelativeLayout@406170e8
android.widget.RelativeLayout@40617428
android.widget.TextView: --
android.widget.TextView: 9
android.widget.TextView: 4 hours ago
android.widget.TextView: Report Price
android.widget.RelativeLayout@4079b618
android.widget.ImageView@4079b8c8
android.widget.TextView: Hess
android.widget.TextView: 1331 State  St & Ferry St
android.widget.TextView: New Haven, CT
android.widget.TextView: 5.36 mi
android.widget.TableLayout@40580068
android.widget.TableRow@406713d8
android.widget.RelativeLayout@40611fd8
android.widget.RelativeLayout@40614be0
android.widget.TextView: 3.75
android.widget.TextView: 9
android.widget.TextView: Mon 11:00 AM
android.widget.TextView: Update
android.widget.RelativeLayout@40617798
android.widget.ImageView@4063bcd0
android.widget.TextView: Mobil
android.widget.TextView: 949 Boston Post Rd & Farwell St
android.widget.TextView: West Haven, CT
android.widget.TextView: 5.38 mi
android.widget.RelativeLayout@40726ba8
android.widget.FrameLayout@405cd530
android.widget.RelativeLayout@405ee068
android.widget.LinearLayout@40601138
android.view.View@406e5128
android.widget.RelativeLayout@40556b28
android.widget.TextView: Regular
android.view.View@406af700
android.view.View@406db028
android.widget.RelativeLayout@406af910
android.widget.TextView: Midgrade
android.view.View@40644de0
android.view.View@406db188
android.widget.RelativeLayout@40644fd0
android.widget.TextView: Premium
android.view.View@406acd60
android.view.View@406e4ff8
android.widget.RelativeLayout@4072b708
android.widget.TextView: Diesel
android.view.View@406b6228
android.view.View@406e5248
android.view.View@406b8390
android.widget.LinearLayout@406b85f8
android.widget.RelativeLayout@406b8cd8
android.widget.ImageView@406ba8f0
android.widget.TextView: Reload
android.widget.RelativeLayout@405f75f8
android.widget.ImageView@406ad928
android.widget.TextView: Sort By Price
android.widget.RelativeLayout@405c33d0
android.widget.ImageView@406c1e10
android.widget.TextView: Map View
android.view.View@406c7268
gbis.gbandroid.views.layouts.CustomListView@406b5098
android.widget.TableLayout@40580068
android.widget.TableRow@406713d8
android.widget.RelativeLayout@40611fd8
android.widget.RelativeLayout@40614be0
android.widget.TextView: 3.75
android.widget.TextView: 9
android.widget.TextView: Mon 11:00 AM
android.widget.TextView: Update
android.widget.RelativeLayout@40617798
android.widget.ImageView@4063bcd0
android.widget.TextView: Mobil
android.widget.TextView: 949 Boston Post Rd & Farwell St
android.widget.TextView: West Haven, CT
android.widget.TextView: 5.38 mi
android.widget.TableLayout@4057a848
android.widget.TableRow@40662ce8
android.widget.RelativeLayout@40581f48
android.widget.RelativeLayout@405a2088
android.widget.TextView: 3.77
android.widget.TextView: 9
android.widget.TextView: 15 hours ago
android.widget.TextView: Update
android.widget.RelativeLayout@405ff530
android.widget.ImageView@40627be0
android.widget.TextView: Stop & Shop
android.widget.TextView: 249 Bull Hill Ln  & Carlsten rd
android.widget.TextView: Orange, CT
android.widget.TextView: 5.39 mi
android.widget.TableLayout@406bf330
android.widget.TableRow@4062d908
android.widget.RelativeLayout@4071c428
android.widget.RelativeLayout@4060fcf8
android.widget.TextView: 3.69
android.widget.TextView: 9
android.widget.TextView: 1 hour ago
android.widget.TextView: Update
android.widget.RelativeLayout@4074b230
android.widget.ImageView@4078d890
android.widget.TextView: Sam's Club
android.widget.TextView: 2 Boston Post Rd & Meloy Rd
android.widget.TextView: Orange, CT
android.widget.TextView: 5.46 mi
android.widget.TableLayout@407a3b80
android.widget.TableRow@4074eb48
android.widget.RelativeLayout@4066de48
android.widget.RelativeLayout@406d92f8
android.widget.TextView: 3.83
android.widget.TextView: 9
android.widget.TextView: 6 hours ago
android.widget.TextView: Update
android.widget.RelativeLayout@40604d88
android.widget.ImageView@4068d620
android.widget.TextView: Shell
android.widget.TextView: 141 Willow St & Nicoll St
android.widget.TextView: New Haven, CT
android.widget.TextView: 5.5 mi
android.widget.TableLayout@40673550
android.widget.TableRow@406f8870
android.widget.RelativeLayout@406f8de0
android.widget.RelativeLayout@406656c8
android.widget.TextView: --
android.widget.TextView: 9
android.widget.TextView: time
android.widget.TextView: Report Price
android.widget.RelativeLayout@407a1668
android.widget.ImageView@40656c38
android.widget.TextView: Shell
android.widget.TextView: 1228 Quinnipiac Ave & Foxon Blvd
android.widget.TextView: New Haven, CT
android.widget.TextView: 5.51 mi
android.widget.RelativeLayout@40726ba8
android.widget.FrameLayout@405cd530
android.widget.RelativeLayout@405ee068
android.widget.LinearLayout@40601138
android.view.View@406e5128
android.widget.RelativeLayout@40556b28
android.widget.TextView: Regular
android.view.View@406af700
android.view.View@406db028
android.widget.RelativeLayout@406af910
android.widget.TextView: Midgrade
android.view.View@40644de0
android.view.View@406db188
android.widget.RelativeLayout@40644fd0
android.widget.TextView: Premium
android.view.View@406acd60
android.view.View@406e4ff8
android.widget.RelativeLayout@4072b708
android.widget.TextView: Diesel
android.view.View@406b6228
android.view.View@406e5248
android.view.View@406b8390
android.widget.LinearLayout@406b85f8
android.widget.RelativeLayout@406b8cd8
android.widget.ImageView@406ba8f0
android.widget.TextView: Reload
android.widget.RelativeLayout@405f75f8
android.widget.ImageView@406ad928
android.widget.TextView: Sort By Price
android.widget.RelativeLayout@405c33d0
android.widget.ImageView@406c1e10
android.widget.TextView: Map View
android.view.View@406c7268
gbis.gbandroid.views.layouts.CustomListView@406b5098
android.widget.TableLayout@4057a848
android.widget.TableRow@40662ce8
android.widget.RelativeLayout@40581f48
android.widget.RelativeLayout@405a2088
android.widget.TextView: 3.77
android.widget.TextView: 9
android.widget.TextView: 15 hours ago
android.widget.TextView: Update
android.widget.RelativeLayout@405ff530
android.widget.ImageView@40627be0
android.widget.TextView: Stop & Shop
android.widget.TextView: 249 Bull Hill Ln  & Carlsten rd
android.widget.TextView: Orange, CT
android.widget.TextView: 5.39 mi
android.widget.TableLayout@406bf330
android.widget.TableRow@4062d908
android.widget.RelativeLayout@4071c428
android.widget.RelativeLayout@4060fcf8
android.widget.TextView: 3.69
android.widget.TextView: 9
android.widget.TextView: 1 hour ago
android.widget.TextView: Update
android.widget.RelativeLayout@4074b230
android.widget.ImageView@4078d890
android.widget.TextView: Sam's Club
android.widget.TextView: 2 Boston Post Rd & Meloy Rd
android.widget.TextView: Orange, CT
android.widget.TextView: 5.46 mi
android.widget.TableLayout@407a3b80
android.widget.TableRow@4074eb48
android.widget.RelativeLayout@4066de48
android.widget.RelativeLayout@406d92f8
android.widget.TextView: 3.83
android.widget.TextView: 9
android.widget.TextView: 6 hours ago
android.widget.TextView: Update
android.widget.RelativeLayout@40604d88
android.widget.ImageView@4068d620
android.widget.TextView: Shell
android.widget.TextView: 141 Willow St & Nicoll St
android.widget.TextView: New Haven, CT
android.widget.TextView: 5.5 mi
android.widget.TableLayout@40673550
android.widget.TableRow@406f8870
android.widget.RelativeLayout@406f8de0
android.widget.RelativeLayout@406656c8
android.widget.TextView: --
android.widget.TextView: 9
android.widget.TextView: time
android.widget.TextView: Report Price
android.widget.RelativeLayout@407a1668
android.widget.ImageView@40656c38
android.widget.TextView: Shell
android.widget.TextView: 1228 Quinnipiac Ave & Foxon Blvd
android.widget.TextView: New Haven, CT
android.widget.TextView: 5.51 mi
android.widget.TableLayout@40655da0
android.widget.TableRow@40689f98
android.widget.RelativeLayout@406170e8
android.widget.RelativeLayout@40617428
android.widget.TextView: --
android.widget.TextView: 9
android.widget.TextView: 4 hours ago
android.widget.TextView: Report Price
android.widget.RelativeLayout@4079b618
android.widget.ImageView@4079b8c8
android.widget.TextView: Shell
android.widget.TextView: 1345 New Haven Ave & Merwin Ave
android.widget.TextView: Milford, CT
android.widget.TextView: 5.54 mi
android.widget.RelativeLayout@40726ba8
