android.widget.FrameLayout@405d1160
android.widget.RelativeLayout@406b7b50
android.widget.LinearLayout@406b8288
android.view.View@406fdb78
android.widget.RelativeLayout@40707b68
android.widget.TextView: Regular
android.view.View@407265d0
android.view.View@406fd7b8
android.widget.RelativeLayout@40729bb0
android.widget.TextView: Midgrade
android.view.View@406af1b8
android.view.View@406fd918
android.widget.RelativeLayout@405583e0
android.widget.TextView: Premium
android.view.View@40656580
android.view.View@406fda48
android.widget.RelativeLayout@4067f890
android.widget.TextView: Diesel
android.view.View@406e18a8
android.view.View@407155a0
android.view.View@405e8da8
android.widget.LinearLayout@40564450
android.widget.RelativeLayout@406aced8
android.widget.ImageView@406c1820
android.widget.TextView: Reload
android.widget.RelativeLayout@406ca318
android.widget.ImageView@406d2808
android.widget.TextView: Sort By Price
android.widget.RelativeLayout@406dc888
android.widget.ImageView@406e5288
android.widget.TextView: Map View
android.view.View@406ebf98
gbis.gbandroid.views.layouts.CustomListView@40558d30
android.widget.RelativeLayout@406570f0
com.google.ads.AdView@405c4a60
android.gesture.GestureOverlayView@406bc1f0
android.widget.FrameLayout@406a42b0
com.google.ads.internal.AdWebView@405c8430
android.widget.TableLayout@406d81c8
android.widget.TableRow@406d8b78
android.widget.RelativeLayout@406dbd20
android.widget.RelativeLayout@406dc1d0
android.widget.TextView: 4.19
android.widget.TextView: 9
android.widget.TextView: Mon 7:20 AM
android.widget.TextView: Update
android.widget.RelativeLayout@406e23a8
android.widget.ImageView@406e27b0
android.widget.TextView: CND Automotive Corp
android.widget.TextView: 260 Echo Ave & Blue Point
android.widget.TextView: Sound Beach, NY
android.widget.TextView: 2.59 mi
android.widget.TableLayout@406f3c78
android.widget.TableRow@406f6828
android.widget.RelativeLayout@406f6dd8
android.widget.RelativeLayout@406f71b0
android.widget.TextView: 3.89
android.widget.TextView: 9
android.widget.TextView: 15 hours ago
android.widget.TextView: Update
android.widget.RelativeLayout@406fb2e0
android.widget.ImageView@406fe928
android.widget.TextView: Coastal
android.widget.TextView: 1025 NY-25A & N Country Rd
android.widget.TextView: Miller Place, NY
android.widget.TextView: 2.83 mi
android.widget.TableLayout@4070f230
android.widget.TableRow@4070f800
android.widget.RelativeLayout@4070fec0
android.widget.RelativeLayout@40710298
android.widget.TextView: 4.15
android.widget.TextView: 9
android.widget.TextView: 9 hours ago
android.widget.TextView: Update
android.widget.RelativeLayout@407161f8
android.widget.ImageView@407165b0
android.widget.TextView: BP
android.widget.TextView: 367 NY-25A & Hallock Landing Rd
android.widget.TextView: Rocky Point, NY
android.widget.TextView: 3.03 mi
android.widget.TableLayout@406b35c0
android.widget.TableRow@406b3b90
android.widget.RelativeLayout@406b4250
android.widget.RelativeLayout@4073bbf0
android.widget.TextView: 4.13
android.widget.TextView: 9
android.widget.TextView: 1 hour ago
android.widget.TextView: Update
android.widget.RelativeLayout@4073d400
android.widget.ImageView@4073d7d8
android.widget.TextView: CITGO
android.widget.TextView: 557 NY-25A & Rocky Point Landing Rd
android.widget.TextView: Rocky Point, NY
android.widget.TextView: 3.25 mi
android.widget.RelativeLayout@405f0e68
android.widget.FrameLayout@405d1160
android.widget.RelativeLayout@406b7b50
android.widget.LinearLayout@406b8288
android.view.View@406fdb78
android.widget.RelativeLayout@40707b68
android.widget.TextView: Regular
android.view.View@407265d0
android.view.View@406fd7b8
android.widget.RelativeLayout@40729bb0
android.widget.TextView: Midgrade
android.view.View@406af1b8
android.view.View@406fd918
android.widget.RelativeLayout@405583e0
android.widget.TextView: Premium
android.view.View@40656580
android.view.View@406fda48
android.widget.RelativeLayout@4067f890
android.widget.TextView: Diesel
android.view.View@406e18a8
android.view.View@407155a0
android.view.View@405e8da8
android.widget.LinearLayout@40564450
android.widget.RelativeLayout@406aced8
android.widget.ImageView@406c1820
android.widget.TextView: Reload
android.widget.RelativeLayout@406ca318
android.widget.ImageView@406d2808
android.widget.TextView: Sort By Price
android.widget.RelativeLayout@406dc888
android.widget.ImageView@406e5288
android.widget.TextView: Map View
android.view.View@406ebf98
gbis.gbandroid.views.layouts.CustomListView@40558d30
android.widget.TableLayout@4057e258
android.widget.TableRow@40586cd8
android.widget.RelativeLayout@40605a28
android.widget.RelativeLayout@40608628
android.widget.TextView: 4.13
android.widget.TextView: 9
android.widget.TextView: 1 hour ago
android.widget.TextView: Update
android.widget.RelativeLayout@40615f98
android.widget.ImageView@40619d08
android.widget.TextView: CITGO
android.widget.TextView: 557 NY-25A & Rocky Point Landing Rd
android.widget.TextView: Rocky Point, NY
android.widget.TextView: 3.25 mi
android.widget.TableLayout@40560fe0
android.widget.TableRow@405504a0
android.widget.RelativeLayout@4057e400
android.widget.RelativeLayout@40583c30
android.widget.TextView: 3.79
android.widget.TextView: 9
android.widget.TextView: 4 hours ago
android.widget.TextView: Update
android.widget.RelativeLayout@40602e30
android.widget.ImageView@406117e0
android.widget.TextView: Hess
android.widget.TextView: 370 NY-25A & Miller Place Rd
android.widget.TextView: Miller Place, NY
android.widget.TextView: 3.31 mi
android.widget.TableLayout@407a8390
android.widget.TableRow@407a8960
android.widget.RelativeLayout@407a9020
android.widget.RelativeLayout@407a93f8
android.widget.TextView: 3.89
android.widget.TextView: 9
android.widget.TextView: 17 hours ago
android.widget.TextView: Update
android.widget.RelativeLayout@407aac08
android.widget.ImageView@405b0ec0
android.widget.TextView: BP
android.widget.TextView: 356 NY-25A & Miller Place Rd
android.widget.TextView: Miller Place, NY
android.widget.TextView: 3.33 mi
android.widget.TableLayout@40798338
android.widget.TableRow@40798908
android.widget.RelativeLayout@40798fc8
android.widget.RelativeLayout@407993a0
android.widget.TextView: 3.83
android.widget.TextView: 9
android.widget.TextView: Mon 9:51 PM
android.widget.TextView: Update
android.widget.RelativeLayout@4079abb0
android.widget.ImageView@4079af88
android.widget.TextView: Gas Plus
android.widget.TextView: 613 N Country Rd & Eagle Rd
android.widget.TextView: Rocky Point, NY
android.widget.TextView: 3.38 mi
android.widget.TableLayout@40788258
android.widget.TableRow@40788828
android.widget.RelativeLayout@40788ee8
android.widget.RelativeLayout@407892c0
android.widget.TextView: --
android.widget.TextView: 9
android.widget.TextView: 4 hours ago
android.widget.TextView: Report Price
android.widget.RelativeLayout@4078aad0
android.widget.ImageView@4078aea8
android.widget.TextView: US Petroleum
android.widget.TextView: NY-25A & Monroe st
android.widget.TextView: Rocky Point, NY
android.widget.TextView: 3.54 mi
android.widget.TableLayout@406b35c0
android.widget.TableRow@406b3b90
android.widget.RelativeLayout@406b4250
android.widget.RelativeLayout@4073bbf0
android.widget.TextView: --
android.widget.TextView: 9
android.widget.TextView: 1 hour ago
android.widget.TextView: Report Price
android.widget.RelativeLayout@4073d400
android.widget.ImageView@4073d7d8
android.widget.TextView: Empire
android.widget.TextView: 779 NY-25A & Harrison St
android.widget.TextView: Rocky Point, NY
android.widget.TextView: 3.79 mi
android.widget.RelativeLayout@405f0e68
android.widget.FrameLayout@405d1160
android.widget.RelativeLayout@406b7b50
android.widget.LinearLayout@406b8288
android.view.View@406fdb78
android.widget.RelativeLayout@40707b68
android.widget.TextView: Regular
android.view.View@407265d0
android.view.View@406fd7b8
android.widget.RelativeLayout@40729bb0
android.widget.TextView: Midgrade
android.view.View@406af1b8
android.view.View@406fd918
android.widget.RelativeLayout@405583e0
android.widget.TextView: Premium
android.view.View@40656580
android.view.View@406fda48
android.widget.RelativeLayout@4067f890
android.widget.TextView: Diesel
android.view.View@406e18a8
android.view.View@407155a0
android.view.View@405e8da8
android.widget.LinearLayout@40564450
android.widget.RelativeLayout@406aced8
android.widget.ImageView@406c1820
android.widget.TextView: Reload
android.widget.RelativeLayout@406ca318
android.widget.ImageView@406d2808
android.widget.TextView: Sort By Price
android.widget.RelativeLayout@406dc888
android.widget.ImageView@406e5288
android.widget.TextView: Map View
android.view.View@406ebf98
gbis.gbandroid.views.layouts.CustomListView@40558d30
android.widget.TableLayout@406b35c0
android.widget.TableRow@406b3b90
android.widget.RelativeLayout@406b4250
android.widget.RelativeLayout@4073bbf0
android.widget.TextView: --
android.widget.TextView: 9
android.widget.TextView: 1 hour ago
android.widget.TextView: Report Price
android.widget.RelativeLayout@4073d400
android.widget.ImageView@4073d7d8
android.widget.TextView: Empire
android.widget.TextView: 779 NY-25A & Harrison St
android.widget.TextView: Rocky Point, NY
android.widget.TextView: 3.79 mi
android.widget.TableLayout@40580e70
android.widget.TableRow@40595260
android.widget.RelativeLayout@40619ae0
android.widget.RelativeLayout@4061d1e8
android.widget.TextView: 3.89
android.widget.TextView: 9
android.widget.TextView: 17 hours ago
android.widget.TextView: Update
android.widget.RelativeLayout@4061fe08
android.widget.ImageView@4061a248
android.widget.TextView: Valero
android.widget.TextView: 767 NY-25A & Patchogue Mt Sinai Rd
android.widget.TextView: Mount Sinai, NY
android.widget.TextView: 4.12 mi
android.widget.TableLayout@405a40a8
android.widget.TableRow@4063d8a0
android.widget.RelativeLayout@40625920
android.widget.RelativeLayout@40628608
android.widget.TextView: --
android.widget.TextView: 9
android.widget.TextView: time
android.widget.TextView: Report Price
android.widget.RelativeLayout@4062d950
android.widget.ImageView@4068ec98
android.widget.TextView: Sunoco
android.widget.TextView: 572 Nesconset Port Jefferson Hwy & Mount Sinai Ave S
android.widget.TextView: Mount Sinai, NY
android.widget.TextView: 4.39 mi
android.widget.TableLayout@40600008
android.widget.TableRow@40685030
android.widget.RelativeLayout@40635d40
android.widget.RelativeLayout@406489c8
android.widget.TextView: 4.09
android.widget.TextView: 9
android.widget.TextView: 15 hours ago
android.widget.TextView: Update
android.widget.RelativeLayout@4064b600
android.widget.ImageView@4069e8c0
android.widget.TextView: Mobil
android.widget.TextView: 5477 Nesconset Hwy & Crystal Brook Hollow Rd
android.widget.TextView: Mount Sinai, NY
android.widget.TextView: 5.26 mi
android.widget.TableLayout@40602ac8
android.widget.TableRow@406d1670
android.widget.RelativeLayout@4064e240
android.widget.RelativeLayout@40653798
android.widget.TextView: --
android.widget.TextView: 9
android.widget.TextView: time
android.widget.TextView: Report Price
android.widget.RelativeLayout@4065e5c8
android.widget.ImageView@406a2c18
android.widget.TextView: Farci Fuel
android.widget.TextView: SR-25A (Hallock Ave) & SR-112
android.widget.TextView: Port Jefferson Station, NY
android.widget.TextView: 5.96 mi
android.widget.RelativeLayout@405f0e68
android.widget.FrameLayout@405d1160
android.widget.RelativeLayout@406b7b50
android.widget.LinearLayout@406b8288
android.view.View@406fdb78
android.widget.RelativeLayout@40707b68
android.widget.TextView: Regular
android.view.View@407265d0
android.view.View@406fd7b8
android.widget.RelativeLayout@40729bb0
android.widget.TextView: Midgrade
android.view.View@406af1b8
android.view.View@406fd918
android.widget.RelativeLayout@405583e0
android.widget.TextView: Premium
android.view.View@40656580
android.view.View@406fda48
android.widget.RelativeLayout@4067f890
android.widget.TextView: Diesel
android.view.View@406e18a8
android.view.View@407155a0
android.view.View@405e8da8
android.widget.LinearLayout@40564450
android.widget.RelativeLayout@406aced8
android.widget.ImageView@406c1820
android.widget.TextView: Reload
android.widget.RelativeLayout@406ca318
android.widget.ImageView@406d2808
android.widget.TextView: Sort By Price
android.widget.RelativeLayout@406dc888
android.widget.ImageView@406e5288
android.widget.TextView: Map View
android.view.View@406ebf98
gbis.gbandroid.views.layouts.CustomListView@40558d30
android.widget.TableLayout@40602ac8
android.widget.TableRow@406d1670
android.widget.RelativeLayout@4064e240
android.widget.RelativeLayout@40653798
android.widget.TextView: --
android.widget.TextView: 9
android.widget.TextView: time
android.widget.TextView: Report Price
android.widget.RelativeLayout@4065e5c8
android.widget.ImageView@406a2c18
android.widget.TextView: Farci Fuel
android.widget.TextView: SR-25A (Hallock Ave) & SR-112
android.widget.TextView: Port Jefferson Station, NY
android.widget.TextView: 5.96 mi
android.widget.TableLayout@40798338
android.widget.TableRow@40798908
android.widget.RelativeLayout@40798fc8
android.widget.RelativeLayout@407993a0
android.widget.TextView: 4.15
android.widget.TextView: 9
android.widget.TextView: 13 hours ago
android.widget.TextView: Update
android.widget.RelativeLayout@4079abb0
android.widget.ImageView@4079af88
android.widget.TextView: 76
android.widget.TextView: 200 NY-112 & Dayton Ave
android.widget.TextView: Port Jefferson Station, NY
android.widget.TextView: 5.96 mi
android.widget.TableLayout@40788258
android.widget.TableRow@40788828
android.widget.RelativeLayout@40788ee8
android.widget.RelativeLayout@407892c0
android.widget.TextView: 3.75
android.widget.TextView: 9
android.widget.TextView: 12 hours ago
android.widget.TextView: Update
android.widget.RelativeLayout@4078aad0
android.widget.ImageView@4078aea8
android.widget.TextView: Hess
android.widget.TextView: 501 NY-112 & Crescent Dr
android.widget.TextView: Port Jefferson Station, NY
android.widget.TextView: 5.98 mi
android.widget.TableLayout@40717510
android.widget.TableRow@4059d0d8
android.widget.RelativeLayout@40666608
android.widget.RelativeLayout@406dcb80
android.widget.TextView: 3.95
android.widget.TextView: 9
android.widget.TextView: 17 hours ago
android.widget.TextView: Update
android.widget.RelativeLayout@406fc8a8
android.widget.ImageView@406dc5e8
android.widget.TextView: Speedy Mart
android.widget.TextView: 1034 NY-112 & Joline Rd
android.widget.TextView: Port Jefferson Station, NY
android.widget.TextView: 6.09 mi
android.widget.TableLayout@40694948
android.widget.TableRow@406d7c80
android.widget.RelativeLayout@40691850
android.widget.RelativeLayout@406e8dd0
android.widget.TextView: 3.89
android.widget.TextView: 9
android.widget.TextView: 17 hours ago
android.widget.TextView: Update
android.widget.RelativeLayout@4061e338
android.widget.ImageView@4066b6f8
android.widget.TextView: BP
android.widget.TextView: 5912 Nesconset Hwy & Jayne Blvd
android.widget.TextView: Port Jefferson Station, NY
android.widget.TextView: 6.15 mi
android.widget.RelativeLayout@405f0e68
android.widget.FrameLayout@405d1160
android.widget.RelativeLayout@406b7b50
android.widget.LinearLayout@406b8288
android.view.View@406fdb78
android.widget.RelativeLayout@40707b68
android.widget.TextView: Regular
android.view.View@407265d0
android.view.View@406fd7b8
android.widget.RelativeLayout@40729bb0
android.widget.TextView: Midgrade
android.view.View@406af1b8
android.view.View@406fd918
android.widget.RelativeLayout@405583e0
android.widget.TextView: Premium
android.view.View@40656580
android.view.View@406fda48
android.widget.RelativeLayout@4067f890
android.widget.TextView: Diesel
android.view.View@406e18a8
android.view.View@407155a0
android.view.View@405e8da8
android.widget.LinearLayout@40564450
android.widget.RelativeLayout@406aced8
android.widget.ImageView@406c1820
android.widget.TextView: Reload
android.widget.RelativeLayout@406ca318
android.widget.ImageView@406d2808
android.widget.TextView: Sort By Price
android.widget.RelativeLayout@406dc888
android.widget.ImageView@406e5288
android.widget.TextView: Map View
android.view.View@406ebf98
gbis.gbandroid.views.layouts.CustomListView@40558d30
android.widget.TableLayout@40694948
android.widget.TableRow@406d7c80
android.widget.RelativeLayout@40691850
android.widget.RelativeLayout@406e8dd0
android.widget.TextView: 3.89
android.widget.TextView: 9
android.widget.TextView: 17 hours ago
android.widget.TextView: Update
android.widget.RelativeLayout@4061e338
android.widget.ImageView@4066b6f8
android.widget.TextView: BP
android.widget.TextView: 5912 Nesconset Hwy & Jayne Blvd
android.widget.TextView: Port Jefferson Station, NY
android.widget.TextView: 6.15 mi
android.widget.TableLayout@405a40a8
android.widget.TableRow@4063d8a0
android.widget.RelativeLayout@40625920
android.widget.RelativeLayout@40628608
android.widget.TextView: 3.89
android.widget.TextView: 9
android.widget.TextView: Mon 10:26 AM
android.widget.TextView: Update
android.widget.RelativeLayout@4062d950
android.widget.ImageView@4068ec98
android.widget.TextView: USA
android.widget.TextView: 616 Main St & Liberty Ave
android.widget.TextView: Port Jefferson, NY
android.widget.TextView: 6.15 mi
android.widget.TableLayout@40600008
android.widget.TableRow@40685030
android.widget.RelativeLayout@40635d40
android.widget.RelativeLayout@406489c8
android.widget.TextView: 4.03
android.widget.TextView: 9
android.widget.TextView: 2 hours ago
android.widget.TextView: Update
android.widget.RelativeLayout@4064b600
android.widget.ImageView@4069e8c0
android.widget.TextView: Coastal
android.widget.TextView: 1501 NY-112 & Washington Dr
android.widget.TextView: Coram, NY
android.widget.TextView: 6.2 mi
android.widget.TableLayout@4061cd80
android.widget.TableRow@4062aee0
android.widget.RelativeLayout@406478f8
android.widget.RelativeLayout@4064fb80
android.widget.TextView: 3.95
android.widget.TextView: 9
android.widget.TextView: 5 hours ago
android.widget.TextView: Update
android.widget.RelativeLayout@40694fa8
android.widget.ImageView@4069a838
android.widget.TextView: Sunoco
android.widget.TextView: 240 Terryville Rd & Nesconset Hwy
android.widget.TextView: Port Jefferson Station, NY
android.widget.TextView: 6.5 mi
android.widget.TableLayout@40682748
android.widget.TableRow@4068dc20
android.widget.RelativeLayout@406931b8
android.widget.RelativeLayout@40698990
android.widget.TextView: --
android.widget.TextView: 9
android.widget.TextView: time
android.widget.TextView: Report Price
android.widget.RelativeLayout@40640aa0
android.widget.ImageView@40640d80
android.widget.TextView: Jetco
android.widget.TextView: 2051 Manor Rd & NY-25A
android.widget.TextView: Wading River, NY
android.widget.TextView: 6.96 mi
android.widget.RelativeLayout@405f0e68
android.widget.FrameLayout@405d1160
android.widget.RelativeLayout@406b7b50
android.widget.LinearLayout@406b8288
android.view.View@406fdb78
android.widget.RelativeLayout@40707b68
android.widget.TextView: Regular
android.view.View@407265d0
android.view.View@406fd7b8
android.widget.RelativeLayout@40729bb0
android.widget.TextView: Midgrade
android.view.View@406af1b8
android.view.View@406fd918
android.widget.RelativeLayout@405583e0
android.widget.TextView: Premium
android.view.View@40656580
android.view.View@406fda48
android.widget.RelativeLayout@4067f890
android.widget.TextView: Diesel
android.view.View@406e18a8
android.view.View@407155a0
android.view.View@405e8da8
android.widget.LinearLayout@40564450
android.widget.RelativeLayout@406aced8
android.widget.ImageView@406c1820
android.widget.TextView: Reload
android.widget.RelativeLayout@406ca318
android.widget.ImageView@406d2808
android.widget.TextView: Sort By Price
android.widget.RelativeLayout@406dc888
android.widget.ImageView@406e5288
android.widget.TextView: Map View
android.view.View@406ebf98
gbis.gbandroid.views.layouts.CustomListView@40558d30
android.widget.TableLayout@40682748
android.widget.TableRow@4068dc20
android.widget.RelativeLayout@406931b8
android.widget.RelativeLayout@40698990
android.widget.TextView: --
android.widget.TextView: 9
android.widget.TextView: time
android.widget.TextView: Report Price
android.widget.RelativeLayout@40640aa0
android.widget.ImageView@40640d80
android.widget.TextView: Jetco
android.widget.TextView: 2051 Manor Rd & NY-25A
android.widget.TextView: Wading River, NY
android.widget.TextView: 6.96 mi
android.widget.TableLayout@40788258
android.widget.TableRow@40788828
android.widget.RelativeLayout@40788ee8
android.widget.RelativeLayout@407892c0
android.widget.TextView: 4.19
android.widget.TextView: 9
android.widget.TextView: Mon 7:30 AM
android.widget.TextView: Update
android.widget.RelativeLayout@4078aad0
android.widget.ImageView@4078aea8
android.widget.TextView: CITGO
android.widget.TextView: 2051 Wading River Manorville Rd & 25A
android.widget.TextView: Wading River, NY
android.widget.TextView: 6.98 mi
android.widget.TableLayout@40717510
android.widget.TableRow@4059d0d8
android.widget.RelativeLayout@40666608
android.widget.RelativeLayout@406dcb80
android.widget.TextView: 3.99
android.widget.TextView: 9
android.widget.TextView: 6 hours ago
android.widget.TextView: Update
android.widget.RelativeLayout@406fc8a8
android.widget.ImageView@406dc5e8
android.widget.TextView: Mobil
android.widget.TextView: 1889 NY-112 & Pine Rd
android.widget.TextView: Coram, NY
android.widget.TextView: 7.03 mi
android.widget.TableLayout@4079ce90
android.widget.TableRow@4061b0c0
android.widget.RelativeLayout@406ff830
android.widget.RelativeLayout@406ffb10
android.widget.TextView: 3.71
android.widget.TextView: 9
android.widget.TextView: 4 hours ago
android.widget.TextView: Update
android.widget.RelativeLayout@406f4848
android.widget.ImageView@406f4c00
android.widget.TextView: Hess
android.widget.TextView: 6305 NY-25A & Wading River Manor Rd
android.widget.TextView: Wading River, NY
android.widget.TextView: 7.04 mi
android.widget.TableLayout@40560fe0
android.widget.TableRow@40586cd8
android.widget.RelativeLayout@4057e400
android.widget.RelativeLayout@40583c30
android.widget.TextView: 4.19
android.widget.TextView: 9
android.widget.TextView: 23 hours ago
android.widget.TextView: Update
android.widget.RelativeLayout@405ee478
android.widget.ImageView@4055cf78
android.widget.TextView: BP
android.widget.TextView: 975 Middle Country Rd & Currans Rd
android.widget.TextView: Middle Island, NY
android.widget.TextView: 7.11 mi
android.widget.RelativeLayout@405f0e68
android.widget.FrameLayout@405d1160
android.widget.RelativeLayout@406b7b50
android.widget.LinearLayout@406b8288
android.view.View@406fdb78
android.widget.RelativeLayout@40707b68
android.widget.TextView: Regular
android.view.View@407265d0
android.view.View@406fd7b8
android.widget.RelativeLayout@40729bb0
android.widget.TextView: Midgrade
android.view.View@406af1b8
android.view.View@406fd918
android.widget.RelativeLayout@405583e0
android.widget.TextView: Premium
android.view.View@40656580
android.view.View@406fda48
android.widget.RelativeLayout@4067f890
android.widget.TextView: Diesel
android.view.View@406e18a8
android.view.View@407155a0
android.view.View@405e8da8
android.widget.LinearLayout@40564450
android.widget.RelativeLayout@406aced8
android.widget.ImageView@406c1820
android.widget.TextView: Reload
android.widget.RelativeLayout@406ca318
android.widget.ImageView@406d2808
android.widget.TextView: Sort By Price
android.widget.RelativeLayout@406dc888
android.widget.ImageView@406e5288
android.widget.TextView: Map View
android.view.View@406ebf98
gbis.gbandroid.views.layouts.CustomListView@40558d30
android.widget.TableLayout@40560fe0
android.widget.TableRow@40586cd8
android.widget.RelativeLayout@4057e400
android.widget.RelativeLayout@40583c30
android.widget.TextView: 4.19
android.widget.TextView: 9
android.widget.TextView: 23 hours ago
android.widget.TextView: Update
android.widget.RelativeLayout@405ee478
android.widget.ImageView@4055cf78
android.widget.TextView: BP
android.widget.TextView: 975 Middle Country Rd & Currans Rd
android.widget.TextView: Middle Island, NY
android.widget.TextView: 7.11 mi
android.widget.TableLayout@40600008
android.widget.TableRow@40685030
android.widget.RelativeLayout@40635d40
android.widget.RelativeLayout@406489c8
android.widget.TextView: 3.99
android.widget.TextView: 9
android.widget.TextView: 11 hours ago
android.widget.TextView: Update
android.widget.RelativeLayout@4064b600
android.widget.ImageView@4069e8c0
android.widget.TextView: Shell
android.widget.TextView: 809 Middle Country Rd & Rocky Point Rd
android.widget.TextView: Middle Island, NY
android.widget.TextView: 7.18 mi
android.widget.TableLayout@4061cd80
android.widget.TableRow@4062aee0
android.widget.RelativeLayout@406478f8
android.widget.RelativeLayout@4064fb80
android.widget.TextView: 3.89
android.widget.TextView: 9
android.widget.TextView: 11 hours ago
android.widget.TextView: Update
android.widget.RelativeLayout@40694fa8
android.widget.ImageView@4069a838
android.widget.TextView: USA Gasoline
android.widget.TextView: 1146 Middle Country Rd & Woodville Rd
android.widget.TextView: Middle Island, NY
android.widget.TextView: 7.23 mi
android.widget.TableLayout@4057e258
android.widget.TableRow@405b11a8
android.widget.RelativeLayout@40602e30
android.widget.RelativeLayout@40605a28
android.widget.TextView: --
android.widget.TextView: 9
android.widget.TextView: time
android.widget.TextView: Report Price
android.widget.RelativeLayout@40608628
android.widget.ImageView@405b0ec0
android.widget.TextView: Lukoil
android.widget.TextView: 1677 Middle Country Rd & Ridge Rd
android.widget.TextView: Ridge, NY
android.widget.TextView: 7.28 mi
android.widget.TableLayout@40580e70
android.widget.TableRow@40685b60
android.widget.RelativeLayout@40613400
android.widget.RelativeLayout@40615f98
android.widget.TextView: 3.89
android.widget.TextView: 9
android.widget.TextView: 2 hours ago
android.widget.TextView: Update
android.widget.RelativeLayout@4061d1e8
android.widget.ImageView@405b4710
android.widget.TextView: Sunoco
android.widget.TextView: 1511 Middle Country Rd & Randall Rd
android.widget.TextView: Ridge, NY
android.widget.TextView: 7.34 mi
android.widget.RelativeLayout@405f0e68
android.widget.FrameLayout@405d1160
android.widget.RelativeLayout@406b7b50
android.widget.LinearLayout@406b8288
android.view.View@406fdb78
android.widget.RelativeLayout@40707b68
android.widget.TextView: Regular
android.view.View@407265d0
android.view.View@406fd7b8
android.widget.RelativeLayout@40729bb0
android.widget.TextView: Midgrade
android.view.View@406af1b8
android.view.View@406fd918
android.widget.RelativeLayout@405583e0
android.widget.TextView: Premium
android.view.View@40656580
android.view.View@406fda48
android.widget.RelativeLayout@4067f890
android.widget.TextView: Diesel
android.view.View@406e18a8
android.view.View@407155a0
android.view.View@405e8da8
android.widget.LinearLayout@40564450
android.widget.RelativeLayout@406aced8
android.widget.ImageView@406c1820
android.widget.TextView: Reload
android.widget.RelativeLayout@406ca318
android.widget.ImageView@406d2808
android.widget.TextView: Sort By Price
android.widget.RelativeLayout@406dc888
android.widget.ImageView@406e5288
android.widget.TextView: Map View
android.view.View@406ebf98
gbis.gbandroid.views.layouts.CustomListView@40558d30
android.widget.TableLayout@406c1680
android.widget.TableRow@4062ccd0
android.widget.RelativeLayout@40672590
android.widget.RelativeLayout@4067c918
android.widget.TextView: 3.89
android.widget.TextView: 9
android.widget.TextView: 2 hours ago
android.widget.TextView: Update
android.widget.RelativeLayout@4062e298
android.widget.ImageView@40705ad0
android.widget.TextView: Sunoco
android.widget.TextView: 1511 Middle Country Rd & Randall Rd
android.widget.TextView: Ridge, NY
android.widget.TextView: 7.34 mi
android.widget.TableLayout@40583a80
android.widget.TableRow@406ab660
android.widget.RelativeLayout@4061fe08
android.widget.RelativeLayout@40633138
android.widget.TextView: 3.99
android.widget.TextView: 9
android.widget.TextView: 17 minutes ago
android.widget.TextView: Update
android.widget.RelativeLayout@40643e98
android.widget.ImageView@4064e240
android.widget.TextView: BP
android.widget.TextView: 1470 Middle Country Rd & Sally Ln
android.widget.TextView: Ridge, NY
android.widget.TextView: 7.43 mi
android.widget.TableLayout@4079ce90
android.widget.TableRow@4061b0c0
android.widget.RelativeLayout@406ff830
android.widget.RelativeLayout@406ffb10
android.widget.TextView: --
android.widget.TextView: 9
android.widget.TextView: 4 hours ago
android.widget.TextView: Report Price
android.widget.RelativeLayout@406f4848
android.widget.ImageView@406f4c00
android.widget.TextView: Sunoco
android.widget.TextView: 669 Old Town Rd & Jayne Blvd
android.widget.TextView: Terryville, NY
android.widget.TextView: 7.43 mi
android.widget.TableLayout@40717510
android.widget.TableRow@4059d0d8
android.widget.RelativeLayout@40666608
android.widget.RelativeLayout@406dcb80
android.widget.TextView: 4.09
android.widget.TextView: 9
android.widget.TextView: 7 hours ago
android.widget.TextView: Update
android.widget.RelativeLayout@406fc8a8
android.widget.ImageView@406dc5e8
android.widget.TextView: Shell
android.widget.TextView: 3696 Nesconset Hwy & Old Town Rd
android.widget.TextView: Port Jefferson Station, NY
android.widget.TextView: 7.5 mi
android.widget.TableLayout@40580e70
android.widget.TableRow@40685b60
android.widget.RelativeLayout@40613400
android.widget.RelativeLayout@40615f98
android.widget.TextView: 3.69
android.widget.TextView: 9
android.widget.TextView: 9 minutes ago
android.widget.TextView: Update
android.widget.RelativeLayout@4061d1e8
android.widget.ImageView@405b4710
android.widget.TextView: Hess
android.widget.TextView: 1956 NY-112 & N  Ocean Ave
android.widget.TextView: Coram, NY
android.widget.TextView: 7.52 mi
android.widget.RelativeLayout@405f0e68
android.widget.FrameLayout@405d1160
android.widget.RelativeLayout@406b7b50
android.widget.LinearLayout@406b8288
android.view.View@406fdb78
android.widget.RelativeLayout@40707b68
android.widget.TextView: Regular
android.view.View@407265d0
android.view.View@406fd7b8
android.widget.RelativeLayout@40729bb0
android.widget.TextView: Midgrade
android.view.View@406af1b8
android.view.View@406fd918
android.widget.RelativeLayout@405583e0
android.widget.TextView: Premium
android.view.View@40656580
android.view.View@406fda48
android.widget.RelativeLayout@4067f890
android.widget.TextView: Diesel
android.view.View@406e18a8
android.view.View@407155a0
android.view.View@405e8da8
android.widget.LinearLayout@40564450
android.widget.RelativeLayout@406aced8
android.widget.ImageView@406c1820
android.widget.TextView: Reload
android.widget.RelativeLayout@406ca318
android.widget.ImageView@406d2808
android.widget.TextView: Sort By Price
android.widget.RelativeLayout@406dc888
android.widget.ImageView@406e5288
android.widget.TextView: Map View
android.view.View@406ebf98
gbis.gbandroid.views.layouts.CustomListView@40558d30
android.widget.TableLayout@40580e70
android.widget.TableRow@40685b60
android.widget.RelativeLayout@40613400
android.widget.RelativeLayout@40615f98
android.widget.TextView: 3.69
android.widget.TextView: 9
android.widget.TextView: 9 minutes ago
android.widget.TextView: Update
android.widget.RelativeLayout@4061d1e8
android.widget.ImageView@405b4710
android.widget.TextView: Hess
android.widget.TextView: 1956 NY-112 & N  Ocean Ave
android.widget.TextView: Coram, NY
android.widget.TextView: 7.52 mi
android.widget.TableLayout@4061cd80
android.widget.TableRow@4062aee0
android.widget.RelativeLayout@406478f8
android.widget.RelativeLayout@4064fb80
android.widget.TextView: 3.99
android.widget.TextView: 9
android.widget.TextView: 1 hour ago
android.widget.TextView: Update
android.widget.RelativeLayout@40694fa8
android.widget.ImageView@4069a838
android.widget.TextView: Valero
android.widget.TextView: 5904 NY-25A & Sound Ave
android.widget.TextView: Wading River, NY
android.widget.TextView: 7.85 mi
android.widget.TableLayout@4057e258
android.widget.TableRow@405b11a8
android.widget.RelativeLayout@40602e30
android.widget.RelativeLayout@40605a28
android.widget.TextView: --
android.widget.TextView: 9
android.widget.TextView: time
android.widget.TextView: Report Price
android.widget.RelativeLayout@40608628
android.widget.ImageView@405b0ec0
android.widget.TextView: OK Petroleum
android.widget.TextView: 145 Middle Country Rd & West of Homestead Dr 
android.widget.TextView: Coram, NY
android.widget.TextView: 7.88 mi
android.widget.TableLayout@40619ce8
android.widget.TableRow@405c6948
android.widget.RelativeLayout@40625920
android.widget.RelativeLayout@40628608
android.widget.TextView: 3.87
android.widget.TextView: 9
android.widget.TextView: 49 minutes ago
android.widget.TextView: Update
android.widget.RelativeLayout@4062ceb0
android.widget.ImageView@4060f640
android.widget.TextView: Shell
android.widget.TextView: 195 NY-25A & Jones St
android.widget.TextView: East Setauket, NY
android.widget.TextView: 7.95 mi
android.widget.TableLayout@4064f828
android.widget.TableRow@4063d8a0
android.widget.RelativeLayout@4062d950
android.widget.RelativeLayout@40640aa0
android.widget.TextView: 4.09
android.widget.TextView: 9
android.widget.TextView: 2 hours ago
android.widget.TextView: Update
android.widget.RelativeLayout@406978a8
android.widget.ImageView@40616150
android.widget.TextView: Gulf
android.widget.TextView: 90 NY-25A & S Jersey Ave
android.widget.TextView: East Setauket, NY
android.widget.TextView: 8.13 mi
android.widget.RelativeLayout@405f0e68
android.widget.FrameLayout@405d1160
android.widget.RelativeLayout@406b7b50
android.widget.LinearLayout@406b8288
android.view.View@406fdb78
android.widget.RelativeLayout@40707b68
android.widget.TextView: Regular
android.view.View@407265d0
android.view.View@406fd7b8
android.widget.RelativeLayout@40729bb0
android.widget.TextView: Midgrade
android.view.View@406af1b8
android.view.View@406fd918
android.widget.RelativeLayout@405583e0
android.widget.TextView: Premium
android.view.View@40656580
android.view.View@406fda48
android.widget.RelativeLayout@4067f890
android.widget.TextView: Diesel
android.view.View@406e18a8
android.view.View@407155a0
android.view.View@405e8da8
android.widget.LinearLayout@40564450
android.widget.RelativeLayout@406aced8
android.widget.ImageView@406c1820
android.widget.TextView: Reload
android.widget.RelativeLayout@406ca318
android.widget.ImageView@406d2808
android.widget.TextView: Sort By Price
android.widget.RelativeLayout@406dc888
android.widget.ImageView@406e5288
android.widget.TextView: Map View
android.view.View@406ebf98
gbis.gbandroid.views.layouts.CustomListView@40558d30
android.widget.TableLayout@4064f828
android.widget.TableRow@4063d8a0
android.widget.RelativeLayout@4062d950
android.widget.RelativeLayout@40640aa0
android.widget.TextView: 4.09
android.widget.TextView: 9
android.widget.TextView: 2 hours ago
android.widget.TextView: Update
android.widget.RelativeLayout@406978a8
android.widget.ImageView@40616150
android.widget.TextView: Gulf
android.widget.TextView: 90 NY-25A & S Jersey Ave
android.widget.TextView: East Setauket, NY
android.widget.TextView: 8.13 mi
android.widget.TableLayout@4079ce90
android.widget.TableRow@4061b0c0
android.widget.RelativeLayout@406ff830
android.widget.RelativeLayout@406ffb10
android.widget.TextView: 3.79
android.widget.TextView: 9
android.widget.TextView: 17 minutes ago
android.widget.TextView: Update
android.widget.RelativeLayout@406f4848
android.widget.ImageView@406f4c00
android.widget.TextView: millennium
android.widget.TextView: 153 Middle Country Rd & Panamoka Tr
android.widget.TextView: Ridge, NY
android.widget.TextView: 8.15 mi
android.widget.TableLayout@40717510
android.widget.TableRow@4059d0d8
android.widget.RelativeLayout@40666608
android.widget.RelativeLayout@406dcb80
android.widget.TextView: 3.99
android.widget.TextView: 9
android.widget.TextView: 6 hours ago
android.widget.TextView: Update
android.widget.RelativeLayout@406fc8a8
android.widget.ImageView@406dc5e8
android.widget.TextView: CITGO
android.widget.TextView: 366 Middle Country Rd & Grant Smith Rd
android.widget.TextView: Coram, NY
android.widget.TextView: 8.24 mi
android.widget.TableLayout@4079d318
android.widget.TableRow@40604cf8
android.widget.RelativeLayout@406a4008
android.widget.RelativeLayout@40693368
android.widget.TextView: 4.09
android.widget.TextView: 9
android.widget.TextView: 4 hours ago
android.widget.TextView: Update
android.widget.RelativeLayout@407123c0
android.widget.ImageView@40653fe0
android.widget.TextView: Mobil
android.widget.TextView: 372 Middle Country Rd & Grant Smith Rd
android.widget.TextView: Coram, NY
android.widget.TextView: 8.3 mi
android.widget.TableLayout@406cb968
android.widget.TableRow@405bd6c0
android.widget.RelativeLayout@4078b668
android.widget.RelativeLayout@4063ef40
android.widget.TextView: 3.89
android.widget.TextView: 9
android.widget.TextView: 13 hours ago
android.widget.TextView: Update
android.widget.RelativeLayout@4071c4a8
android.widget.ImageView@407220e0
android.widget.TextView: Gas Stop
android.widget.TextView: 443 Middle Country Rd & Old Middle Country Rd
android.widget.TextView: Coram, NY
android.widget.TextView: 8.38 mi
android.widget.RelativeLayout@405f0e68
android.widget.FrameLayout@405d1160
android.widget.RelativeLayout@406b7b50
android.widget.LinearLayout@406b8288
android.view.View@406fdb78
android.widget.RelativeLayout@40707b68
android.widget.TextView: Regular
android.view.View@407265d0
android.view.View@406fd7b8
android.widget.RelativeLayout@40729bb0
android.widget.TextView: Midgrade
android.view.View@406af1b8
android.view.View@406fd918
android.widget.RelativeLayout@405583e0
android.widget.TextView: Premium
android.view.View@40656580
android.view.View@406fda48
android.widget.RelativeLayout@4067f890
android.widget.TextView: Diesel
android.view.View@406e18a8
android.view.View@407155a0
android.view.View@405e8da8
android.widget.LinearLayout@40564450
android.widget.RelativeLayout@406aced8
android.widget.ImageView@406c1820
android.widget.TextView: Reload
android.widget.RelativeLayout@406ca318
android.widget.ImageView@406d2808
android.widget.TextView: Sort By Price
android.widget.RelativeLayout@406dc888
android.widget.ImageView@406e5288
android.widget.TextView: Map View
android.view.View@406ebf98
gbis.gbandroid.views.layouts.CustomListView@40558d30
android.widget.TableLayout@406cb968
android.widget.TableRow@405bd6c0
android.widget.RelativeLayout@4078b668
android.widget.RelativeLayout@4063ef40
android.widget.TextView: 3.89
android.widget.TextView: 9
android.widget.TextView: 13 hours ago
android.widget.TextView: Update
android.widget.RelativeLayout@4071c4a8
android.widget.ImageView@407220e0
android.widget.TextView: Gas Stop
android.widget.TextView: 443 Middle Country Rd & Old Middle Country Rd
android.widget.TextView: Coram, NY
android.widget.TextView: 8.38 mi
android.widget.TableLayout@4057e258
android.widget.TableRow@405b11a8
android.widget.RelativeLayout@40602e30
android.widget.RelativeLayout@40605a28
android.widget.TextView: 4.19
android.widget.TextView: 9
android.widget.TextView: 1 hour ago
android.widget.TextView: Update
android.widget.RelativeLayout@40608628
android.widget.ImageView@405b0ec0
android.widget.TextView: Xtra
android.widget.TextView: Middle Country Rd & Grant Ave
android.widget.TextView: Coram, NY
android.widget.TextView: 8.5 mi
android.widget.TableLayout@40619ce8
android.widget.TableRow@405c6948
android.widget.RelativeLayout@40625920
android.widget.RelativeLayout@40628608
android.widget.TextView: 4.29
android.widget.TextView: 9
android.widget.TextView: 12 minutes ago
android.widget.TextView: Update
android.widget.RelativeLayout@4062ceb0
android.widget.ImageView@4060f640
android.widget.TextView: BP
android.widget.TextView: 728 NY-25A & east of Nichols Rd
android.widget.TextView: East Setauket, NY
android.widget.TextView: 8.93 mi
android.widget.TableLayout@40706c08
android.widget.TableRow@4064a510
android.widget.RelativeLayout@40661d28
android.widget.RelativeLayout@40788460
android.widget.TextView: --
android.widget.TextView: 9
android.widget.TextView: time
android.widget.TextView: Report Price
android.widget.RelativeLayout@40644c10
android.widget.ImageView@40749518
android.widget.TextView: BP
android.widget.TextView: 325 Patchogue-Holbrook Rd & Woodside Ave
android.widget.TextView: Holtsville, NY
android.widget.TextView: 9.3 mi
android.widget.TableLayout@4062e898
android.widget.TableRow@4062ed70
android.widget.RelativeLayout@407a68d8
android.widget.RelativeLayout@4071e470
android.widget.TextView: --
android.widget.TextView: 9
android.widget.TextView: time
android.widget.TextView: Report Price
android.widget.RelativeLayout@406c5588
android.widget.ImageView@406c5960
android.widget.TextView: Upton Industries
android.widget.TextView: Brookhaven Lab (Restricted Access) - Rochester St & Rowland St
android.widget.TextView: Upton, NY
android.widget.TextView: 9.5 mi
android.widget.RelativeLayout@405f0e68
android.widget.FrameLayout@405d1160
android.widget.RelativeLayout@406b7b50
android.widget.LinearLayout@406b8288
android.view.View@406fdb78
android.widget.RelativeLayout@40707b68
android.widget.TextView: Regular
android.view.View@407265d0
android.view.View@406fd7b8
android.widget.RelativeLayout@40729bb0
android.widget.TextView: Midgrade
android.view.View@406af1b8
android.view.View@406fd918
android.widget.RelativeLayout@405583e0
android.widget.TextView: Premium
android.view.View@40656580
android.view.View@406fda48
android.widget.RelativeLayout@4067f890
android.widget.TextView: Diesel
android.view.View@406e18a8
android.view.View@407155a0
android.view.View@405e8da8
android.widget.LinearLayout@40564450
android.widget.RelativeLayout@406aced8
android.widget.ImageView@406c1820
android.widget.TextView: Reload
android.widget.RelativeLayout@406ca318
android.widget.ImageView@406d2808
android.widget.TextView: Sort By Price
android.widget.RelativeLayout@406dc888
android.widget.ImageView@406e5288
android.widget.TextView: Map View
android.view.View@406ebf98
gbis.gbandroid.views.layouts.CustomListView@40558d30
android.widget.TableLayout@4062e898
android.widget.TableRow@4062ed70
android.widget.RelativeLayout@407a68d8
android.widget.RelativeLayout@4071e470
android.widget.TextView: --
android.widget.TextView: 9
android.widget.TextView: time
android.widget.TextView: Report Price
android.widget.RelativeLayout@406c5588
android.widget.ImageView@406c5960
android.widget.TextView: Upton Industries
android.widget.TextView: Brookhaven Lab (Restricted Access) - Rochester St & Rowland St
android.widget.TextView: Upton, NY
android.widget.TextView: 9.5 mi
android.widget.TableLayout@40717510
android.widget.TableRow@4059d0d8
android.widget.RelativeLayout@40666608
android.widget.RelativeLayout@406dcb80
android.widget.TextView: --
android.widget.TextView: 9
android.widget.TextView: 6 hours ago
android.widget.TextView: Report Price
android.widget.RelativeLayout@406fc8a8
android.widget.ImageView@406dc5e8
android.widget.TextView: Getty
android.widget.TextView: 999 NY-25A & Quaker Path
android.widget.TextView: Stony Brook, NY
android.widget.TextView: 9.57 mi
android.widget.TableLayout@4079d318
android.widget.TableRow@40604cf8
android.widget.RelativeLayout@406a4008
android.widget.RelativeLayout@40693368
android.widget.TextView: --
android.widget.TextView: 9
android.widget.TextView: 4 hours ago
android.widget.TextView: Report Price
android.widget.RelativeLayout@407123c0
android.widget.ImageView@40653fe0
android.widget.TextView: Sunoco
android.widget.TextView: 3423 NY-112 & North side of Granny Rd
android.widget.TextView: Medford, NY
android.widget.TextView: 9.72 mi
android.widget.TableLayout@40709f80
android.widget.TableRow@40638720
android.widget.RelativeLayout@40638cf0
android.widget.RelativeLayout@4057f5f0
android.widget.TextView: 4.29
android.widget.TextView: 9
android.widget.TextView: 6 hours ago
android.widget.TextView: Update
android.widget.RelativeLayout@406c1a68
android.widget.ImageView@406c1e40
android.widget.TextView: BP
android.widget.TextView: 3117 Nesconset Hwy & Mark Tree Rd
android.widget.TextView: Centereach, NY
android.widget.TextView: 9.74 mi
android.widget.RelativeLayout@405f0e68
android.widget.FrameLayout@405d1160
android.widget.RelativeLayout@406b7b50
android.widget.LinearLayout@406b8288
android.view.View@406fdb78
android.widget.RelativeLayout@40707b68
android.widget.TextView: Regular
android.view.View@407265d0
android.view.View@406fd7b8
android.widget.RelativeLayout@40729bb0
android.widget.TextView: Midgrade
android.view.View@406af1b8
android.view.View@406fd918
android.widget.RelativeLayout@405583e0
android.widget.TextView: Premium
android.view.View@40656580
android.view.View@406fda48
android.widget.RelativeLayout@4067f890
android.widget.TextView: Diesel
android.view.View@406e18a8
android.view.View@407155a0
android.view.View@405e8da8
android.widget.LinearLayout@40564450
android.widget.RelativeLayout@406aced8
android.widget.ImageView@406c1820
android.widget.TextView: Reload
android.widget.RelativeLayout@406ca318
android.widget.ImageView@406d2808
android.widget.TextView: Sort By Price
android.widget.RelativeLayout@406dc888
android.widget.ImageView@406e5288
android.widget.TextView: Map View
android.view.View@406ebf98
gbis.gbandroid.views.layouts.CustomListView@40558d30
android.widget.TableLayout@40717510
android.widget.TableRow@4059d0d8
android.widget.RelativeLayout@40666608
android.widget.RelativeLayout@406dcb80
android.widget.TextView: --
android.widget.TextView: 9
android.widget.TextView: 6 hours ago
android.widget.TextView: Report Price
android.widget.RelativeLayout@406fc8a8
android.widget.ImageView@406dc5e8
android.widget.TextView: Getty
android.widget.TextView: 999 NY-25A & Quaker Path
android.widget.TextView: Stony Brook, NY
android.widget.TextView: 9.57 mi
android.widget.TableLayout@4079d318
android.widget.TableRow@40604cf8
android.widget.RelativeLayout@406a4008
android.widget.RelativeLayout@40693368
android.widget.TextView: --
android.widget.TextView: 9
android.widget.TextView: 4 hours ago
android.widget.TextView: Report Price
android.widget.RelativeLayout@407123c0
android.widget.ImageView@40653fe0
android.widget.TextView: Sunoco
android.widget.TextView: 3423 NY-112 & North side of Granny Rd
android.widget.TextView: Medford, NY
android.widget.TextView: 9.72 mi
android.widget.TableLayout@40709f80
android.widget.TableRow@40638720
android.widget.RelativeLayout@40638cf0
android.widget.RelativeLayout@4057f5f0
android.widget.TextView: 4.29
android.widget.TextView: 9
android.widget.TextView: 6 hours ago
android.widget.TextView: Update
android.widget.RelativeLayout@406c1a68
android.widget.ImageView@406c1e40
android.widget.TextView: BP
android.widget.TextView: 3117 Nesconset Hwy & Mark Tree Rd
android.widget.TextView: Centereach, NY
android.widget.TextView: 9.74 mi
android.widget.TableLayout@40619ce8
android.widget.TableRow@405c6948
android.widget.RelativeLayout@40625920
android.widget.RelativeLayout@40628608
android.widget.TextView: 3.99
android.widget.TextView: 9
android.widget.TextView: Mon 7:26 AM
android.widget.TextView: Update
android.widget.RelativeLayout@4062ceb0
android.widget.ImageView@4060f640
android.widget.TextView: Gulf
android.widget.TextView: 3417 NY-112 & Granny Rd
android.widget.TextView: Medford, NY
android.widget.TextView: 9.76 mi
android.widget.TableLayout@40706c08
android.widget.TableRow@4064a510
android.widget.RelativeLayout@40661d28
android.widget.RelativeLayout@40788460
android.widget.TextView: 4.05
android.widget.TextView: 9
android.widget.TextView: 2 hours ago
android.widget.TextView: Update
android.widget.RelativeLayout@40644c10
android.widget.ImageView@40749518
android.widget.TextView: CITGO
android.widget.TextView: 1258 Middle Country Rd & Park Hill Dr
android.widget.TextView: Selden, NY
android.widget.TextView: 9.8 mi
android.widget.RelativeLayout@405f0e68
