emulator-5566
D/umd.troyd(27051): got command getViews
D/umd.troyd(27051): android.widget.FrameLayout@406b0d78: 16908290 (0)
D/umd.troyd(27051): android.widget.RelativeLayout@406b17b8: 2131558603 (1)
D/umd.troyd(27051): android.widget.LinearLayout@406b1bf0: -1 (2)
D/umd.troyd(27051): com.walmart.android.ui.ViewStackLayout@406b2140: 2131558797 (3)
D/umd.troyd(27051): android.widget.RelativeLayout@4071cae8: -1 (4)
D/umd.troyd(27051): android.widget.RelativeLayout@4071d050: 2131558790 (5)
D/umd.troyd(27051): android.widget.LinearLayout@4071dbd0: 2131558790 (6)
D/umd.troyd(27051): android.widget.RelativeLayout@4071e3b0: -1 (7)
D/umd.troyd(27051): android.widget.Button:  (8)
D/umd.troyd(27051): android.widget.TextView: Search a location (9)
D/umd.troyd(27051): android.widget.Button:  (10)
D/umd.troyd(27051): android.widget.Button:  (11)
D/umd.troyd(27051): android.widget.Button:  (12)
D/umd.troyd(27051): android.widget.RelativeLayout@40722c68: 2131558791 (13)
D/umd.troyd(27051): com.walmart.android.storelocator.StoreMapView@40723f00: 2131558792 (14)
D/umd.troyd(27051): android.widget.ListView@406f1128: 2131558521 (15)
D/umd.troyd(27051): android.widget.LinearLayout@4078b2d8: -1 (16)
D/umd.troyd(27051): android.widget.RelativeLayout@4078b428: -1 (17)
D/umd.troyd(27051): android.widget.RelativeLayout@4078b580: -1 (18)
D/umd.troyd(27051): android.widget.TextView: Walmart Store (19)
D/umd.troyd(27051): android.widget.TextView: 275 Main St (20)
D/umd.troyd(27051): android.widget.TextView: White Plains, NY 10601 (21)
D/umd.troyd(27051): android.widget.RelativeLayout@40781da0: -1 (22)
D/umd.troyd(27051): android.widget.LinearLayout@40782120: 2131558801 (23)
D/umd.troyd(27051): android.widget.TextView: 7.68 (24)
D/umd.troyd(27051): android.widget.TextView: miles (25)
D/umd.troyd(27051): android.widget.TextView:  (26)
D/umd.troyd(27051): android.widget.ImageView@40653378: 2131558517 (27)
D/umd.troyd(27051): android.widget.LinearLayout@407a6190: -1 (28)
D/umd.troyd(27051): android.widget.RelativeLayout@407a6380: -1 (29)
D/umd.troyd(27051): android.widget.RelativeLayout@407a6698: -1 (30)
D/umd.troyd(27051): android.widget.TextView: Walmart Supercenter (31)
D/umd.troyd(27051): android.widget.TextView: 2100 88Th St (32)
D/umd.troyd(27051): android.widget.TextView: North Bergen, NJ 07047 (33)
D/umd.troyd(27051): android.widget.RelativeLayout@406a2ef0: -1 (34)
D/umd.troyd(27051): android.widget.LinearLayout@406a3270: 2131558801 (35)
D/umd.troyd(27051): android.widget.TextView: 9.77 (36)
D/umd.troyd(27051): android.widget.TextView: miles (37)
D/umd.troyd(27051): android.widget.TextView:  (38)
D/umd.troyd(27051): android.widget.ImageView@407a7a88: 2131558517 (39)
D/umd.troyd(27051): android.widget.LinearLayout@406faeb0: -1 (40)
D/umd.troyd(27051): android.widget.RelativeLayout@406fb0a0: -1 (41)
D/umd.troyd(27051): android.widget.RelativeLayout@40773690: -1 (42)
D/umd.troyd(27051): android.widget.TextView: Walmart Store (43)
D/umd.troyd(27051): android.widget.TextView: 189 Us Highway 46 (44)
D/umd.troyd(27051): android.widget.TextView: Saddle Brook, NJ 07663 (45)
D/umd.troyd(27051): android.widget.RelativeLayout@4079af20: -1 (46)
D/umd.troyd(27051): android.widget.LinearLayout@4079b1c0: 2131558801 (47)
D/umd.troyd(27051): android.widget.TextView: 10.92 (48)
D/umd.troyd(27051): android.widget.TextView: miles (49)
D/umd.troyd(27051): android.widget.TextView:  (50)
D/umd.troyd(27051): android.widget.ImageView@4079c278: 2131558517 (51)
D/umd.troyd(27051): android.widget.LinearLayout@40767e90: -1 (52)
D/umd.troyd(27051): android.widget.RelativeLayout@40768080: -1 (53)
D/umd.troyd(27051): android.widget.RelativeLayout@40768398: -1 (54)
D/umd.troyd(27051): android.widget.TextView: Walmart Supercenter (55)
D/umd.troyd(27051): android.widget.TextView: 400 Park Pl (56)
D/umd.troyd(27051): android.widget.TextView: Secaucus, NJ 07094 (57)
D/umd.troyd(27051): android.widget.RelativeLayout@407ca450: -1 (58)
D/umd.troyd(27051): android.widget.LinearLayout@407ca7d0: 2131558801 (59)
D/umd.troyd(27051): android.widget.TextView: 11.58 (60)
D/umd.troyd(27051): android.widget.TextView: miles (61)
D/umd.troyd(27051): android.widget.TextView:  (62)
D/umd.troyd(27051): android.widget.ImageView@40684930: 2131558517 (63)
D/umd.troyd(27051): android.widget.LinearLayout@40770be0: -1 (64)
D/umd.troyd(27051): android.widget.RelativeLayout@40770dd0: -1 (65)
D/umd.troyd(27051): android.widget.RelativeLayout@407710e8: -1 (66)
D/umd.troyd(27051): android.widget.TextView: Walmart Supercenter (67)
D/umd.troyd(27051): android.widget.TextView: 174 Passaic St (68)
D/umd.troyd(27051): android.widget.TextView: Garfield, NJ 07026 (69)
D/umd.troyd(27051): android.widget.RelativeLayout@40712490: -1 (70)
D/umd.troyd(27051): android.widget.LinearLayout@40712810: 2131558801 (71)
D/umd.troyd(27051): android.widget.TextView: 11.60 (72)
D/umd.troyd(27051): android.widget.TextView: miles (73)
D/umd.troyd(27051): android.widget.TextView:  (74)
D/umd.troyd(27051): android.widget.ImageView@4066e040: 2131558517 (75)
D/umd.troyd(27051): android.widget.LinearLayout@4079cff8: -1 (76)
D/umd.troyd(27051): android.widget.RelativeLayout@4079d1e8: -1 (77)
D/umd.troyd(27051): android.widget.RelativeLayout@4079d500: -1 (78)
D/umd.troyd(27051): android.widget.TextView: Walmart Store (79)
D/umd.troyd(27051): android.widget.TextView: 250 Route 59 (80)
D/umd.troyd(27051): android.widget.TextView: Suffern, NY 10901 (81)
D/umd.troyd(27051): android.widget.RelativeLayout@4078e1b0: -1 (82)
D/umd.troyd(27051): android.widget.LinearLayout@4078e530: 2131558801 (83)
D/umd.troyd(27051): android.widget.TextView: 15.95 (84)
D/umd.troyd(27051): android.widget.TextView: miles (85)
D/umd.troyd(27051): android.widget.TextView:  (86)
D/umd.troyd(27051): android.widget.ImageView@4078f5e8: 2131558517 (87)
D/umd.troyd(27051): android.widget.RelativeLayout@406b4270: 2131558541 (88)
D/umd.troyd(27051): android.widget.GridView@406b4de8: 2131558824 (89)
D/umd.troyd(27051): android.widget.LinearLayout@406b5f68: 2131558538 (90)
D/umd.troyd(27051): android.widget.RelativeLayout@406b6960: 2131558818 (91)
D/umd.troyd(27051): android.widget.ImageButton@406b72b0: 2131558819 (92)
D/umd.troyd(27051): android.widget.RelativeLayout@406b77c8: -1 (93)
D/umd.troyd(27051): android.widget.ImageView@406b7bb8: 2131558820 (94)
D/umd.troyd(27051): android.widget.TextView: Stores (95)
D/umd.troyd(27051): android.widget.RelativeLayout@406b8ac0: -1 (96)
D/umd.troyd(27051): android.widget.Button:  (97)
D/umd.troyd(27051): android.widget.ImageView@406b9630: 2131558823 (98)
D/umd.troyd(27051): android.widget.LinearLayout@406b98c0: 2131558542 (99)
D/umd.troyd(27051): got command getViews
D/umd.troyd(27051): android.widget.FrameLayout@406b0d78: 16908290 (0)
D/umd.troyd(27051): android.widget.RelativeLayout@406b17b8: 2131558603 (1)
D/umd.troyd(27051): android.widget.LinearLayout@406b1bf0: -1 (2)
D/umd.troyd(27051): com.walmart.android.ui.ViewStackLayout@406b2140: 2131558797 (3)
D/umd.troyd(27051): android.widget.RelativeLayout@4071cae8: -1 (4)
D/umd.troyd(27051): android.widget.RelativeLayout@4071d050: 2131558790 (5)
D/umd.troyd(27051): android.widget.LinearLayout@4071dbd0: 2131558790 (6)
D/umd.troyd(27051): android.widget.RelativeLayout@4071e3b0: -1 (7)
D/umd.troyd(27051): android.widget.Button:  (8)
D/umd.troyd(27051): android.widget.TextView: Search a location (9)
D/umd.troyd(27051): android.widget.Button:  (10)
D/umd.troyd(27051): android.widget.Button:  (11)
D/umd.troyd(27051): android.widget.Button:  (12)
D/umd.troyd(27051): android.widget.RelativeLayout@40722c68: 2131558791 (13)
D/umd.troyd(27051): com.walmart.android.storelocator.StoreMapView@40723f00: 2131558792 (14)
D/umd.troyd(27051): android.widget.ListView@406f1128: 2131558521 (15)
D/umd.troyd(27051): android.widget.LinearLayout@4079cff8: -1 (16)
D/umd.troyd(27051): android.widget.RelativeLayout@4079d1e8: -1 (17)
D/umd.troyd(27051): android.widget.RelativeLayout@4079d500: -1 (18)
D/umd.troyd(27051): android.widget.TextView: Walmart Store (19)
D/umd.troyd(27051): android.widget.TextView: 250 Route 59 (20)
D/umd.troyd(27051): android.widget.TextView: Suffern, NY 10901 (21)
D/umd.troyd(27051): android.widget.RelativeLayout@4078e1b0: -1 (22)
D/umd.troyd(27051): android.widget.LinearLayout@4078e530: 2131558801 (23)
D/umd.troyd(27051): android.widget.TextView: 15.95 (24)
D/umd.troyd(27051): android.widget.TextView: miles (25)
D/umd.troyd(27051): android.widget.TextView:  (26)
D/umd.troyd(27051): android.widget.ImageView@4078f5e8: 2131558517 (27)
D/umd.troyd(27051): android.widget.LinearLayout@4069e198: -1 (28)
D/umd.troyd(27051): android.widget.RelativeLayout@407a3838: -1 (29)
D/umd.troyd(27051): android.widget.RelativeLayout@406a8658: -1 (30)
D/umd.troyd(27051): android.widget.TextView: Walmart Store (31)
D/umd.troyd(27051): android.widget.TextView: 1220 Old Country Rd (32)
D/umd.troyd(27051): android.widget.TextView: Westbury, NY 11590 (33)
D/umd.troyd(27051): android.widget.RelativeLayout@4071a418: -1 (34)
D/umd.troyd(27051): android.widget.LinearLayout@407761d0: 2131558801 (35)
D/umd.troyd(27051): android.widget.TextView: 15.97 (36)
D/umd.troyd(27051): android.widget.TextView: miles (37)
D/umd.troyd(27051): android.widget.TextView:  (38)
D/umd.troyd(27051): android.widget.ImageView@40791f08: 2131558517 (39)
D/umd.troyd(27051): android.widget.LinearLayout@40667bc8: -1 (40)
D/umd.troyd(27051): android.widget.RelativeLayout@406a8298: -1 (41)
D/umd.troyd(27051): android.widget.RelativeLayout@406b05f0: -1 (42)
D/umd.troyd(27051): android.widget.TextView: Walmart Store (43)
D/umd.troyd(27051): android.widget.TextView: 150 Harrison Ave (44)
D/umd.troyd(27051): android.widget.TextView: Kearny, NJ 07032 (45)
D/umd.troyd(27051): android.widget.RelativeLayout@40710358: -1 (46)
D/umd.troyd(27051): android.widget.LinearLayout@40793d68: 2131558801 (47)
D/umd.troyd(27051): android.widget.TextView: 16.62 (48)
D/umd.troyd(27051): android.widget.TextView: miles (49)
D/umd.troyd(27051): android.widget.TextView:  (50)
D/umd.troyd(27051): android.widget.ImageView@407d4e40: 2131558517 (51)
D/umd.troyd(27051): android.widget.LinearLayout@40612378: -1 (52)
D/umd.troyd(27051): android.widget.RelativeLayout@4061ea30: -1 (53)
D/umd.troyd(27051): android.widget.RelativeLayout@40661280: -1 (54)
D/umd.troyd(27051): android.widget.TextView: Walmart Store (55)
D/umd.troyd(27051): android.widget.TextView: 77 Green Acres Rd (56)
D/umd.troyd(27051): android.widget.TextView: Valley Stream, NY 11581 (57)
D/umd.troyd(27051): android.widget.RelativeLayout@406678d0: -1 (58)
D/umd.troyd(27051): android.widget.LinearLayout@406ae448: 2131558801 (59)
D/umd.troyd(27051): android.widget.TextView: 16.97 (60)
D/umd.troyd(27051): android.widget.TextView: miles (61)
D/umd.troyd(27051): android.widget.TextView:  (62)
D/umd.troyd(27051): android.widget.ImageView@406b6700: 2131558517 (63)
D/umd.troyd(27051): android.widget.LinearLayout@4070e8a8: -1 (64)
D/umd.troyd(27051): android.widget.RelativeLayout@40714a60: -1 (65)
D/umd.troyd(27051): android.widget.RelativeLayout@4071bfc0: -1 (66)
D/umd.troyd(27051): android.widget.TextView: Walmart Store (67)
D/umd.troyd(27051): android.widget.TextView: 2465 Hempstead Tpke (68)
D/umd.troyd(27051): android.widget.TextView: East Meadow, NY 11554 (69)
D/umd.troyd(27051): android.widget.RelativeLayout@407928f8: -1 (70)
D/umd.troyd(27051): android.widget.LinearLayout@4054adb0: 2131558801 (71)
D/umd.troyd(27051): android.widget.TextView: 18.55 (72)
D/umd.troyd(27051): android.widget.TextView: miles (73)
D/umd.troyd(27051): android.widget.TextView:  (74)
D/umd.troyd(27051): android.widget.ImageView@405b8238: 2131558517 (75)
D/umd.troyd(27051): android.widget.LinearLayout@405f75b8: -1 (76)
D/umd.troyd(27051): android.widget.RelativeLayout@406c0d40: -1 (77)
D/umd.troyd(27051): android.widget.RelativeLayout@4076d530: -1 (78)
D/umd.troyd(27051): android.widget.TextView: Walmart Store (79)
D/umd.troyd(27051): android.widget.TextView: 1123 Jerusalem Ave (80)
D/umd.troyd(27051): android.widget.TextView: Uniondale, NY 11553 (81)
D/umd.troyd(27051): android.widget.RelativeLayout@4068e818: -1 (82)
D/umd.troyd(27051): android.widget.LinearLayout@4068f350: 2131558801 (83)
D/umd.troyd(27051): android.widget.TextView: 18.76 (84)
D/umd.troyd(27051): android.widget.TextView: miles (85)
D/umd.troyd(27051): android.widget.TextView:  (86)
D/umd.troyd(27051): android.widget.ImageView@406942f8: 2131558517 (87)
D/umd.troyd(27051): android.widget.RelativeLayout@406b4270: 2131558541 (88)
D/umd.troyd(27051): android.widget.GridView@406b4de8: 2131558824 (89)
D/umd.troyd(27051): android.widget.LinearLayout@406b5f68: 2131558538 (90)
D/umd.troyd(27051): android.widget.RelativeLayout@406b6960: 2131558818 (91)
D/umd.troyd(27051): android.widget.ImageButton@406b72b0: 2131558819 (92)
D/umd.troyd(27051): android.widget.RelativeLayout@406b77c8: -1 (93)
D/umd.troyd(27051): android.widget.ImageView@406b7bb8: 2131558820 (94)
D/umd.troyd(27051): android.widget.TextView: Stores (95)
D/umd.troyd(27051): android.widget.RelativeLayout@406b8ac0: -1 (96)
D/umd.troyd(27051): android.widget.Button:  (97)
D/umd.troyd(27051): android.widget.ImageView@406b9630: 2131558823 (98)
D/umd.troyd(27051): android.widget.LinearLayout@406b98c0: 2131558542 (99)
D/umd.troyd(27051): got command getViews
D/umd.troyd(27051): android.widget.FrameLayout@406b0d78: 16908290 (0)
D/umd.troyd(27051): android.widget.RelativeLayout@406b17b8: 2131558603 (1)
D/umd.troyd(27051): android.widget.LinearLayout@406b1bf0: -1 (2)
D/umd.troyd(27051): com.walmart.android.ui.ViewStackLayout@406b2140: 2131558797 (3)
D/umd.troyd(27051): android.widget.RelativeLayout@4071cae8: -1 (4)
D/umd.troyd(27051): android.widget.RelativeLayout@4071d050: 2131558790 (5)
D/umd.troyd(27051): android.widget.LinearLayout@4071dbd0: 2131558790 (6)
D/umd.troyd(27051): android.widget.RelativeLayout@4071e3b0: -1 (7)
D/umd.troyd(27051): android.widget.Button:  (8)
D/umd.troyd(27051): android.widget.TextView: Search a location (9)
D/umd.troyd(27051): android.widget.Button:  (10)
D/umd.troyd(27051): android.widget.Button:  (11)
D/umd.troyd(27051): android.widget.Button:  (12)
D/umd.troyd(27051): android.widget.RelativeLayout@40722c68: 2131558791 (13)
D/umd.troyd(27051): com.walmart.android.storelocator.StoreMapView@40723f00: 2131558792 (14)
D/umd.troyd(27051): android.widget.ListView@406f1128: 2131558521 (15)
D/umd.troyd(27051): android.widget.LinearLayout@405f75b8: -1 (16)
D/umd.troyd(27051): android.widget.RelativeLayout@406c0d40: -1 (17)
D/umd.troyd(27051): android.widget.RelativeLayout@4076d530: -1 (18)
D/umd.troyd(27051): android.widget.TextView: Walmart Store (19)
D/umd.troyd(27051): android.widget.TextView: 1123 Jerusalem Ave (20)
D/umd.troyd(27051): android.widget.TextView: Uniondale, NY 11553 (21)
D/umd.troyd(27051): android.widget.RelativeLayout@4068e818: -1 (22)
D/umd.troyd(27051): android.widget.LinearLayout@4068f350: 2131558801 (23)
D/umd.troyd(27051): android.widget.TextView: 18.76 (24)
D/umd.troyd(27051): android.widget.TextView: miles (25)
D/umd.troyd(27051): android.widget.TextView:  (26)
D/umd.troyd(27051): android.widget.ImageView@406942f8: 2131558517 (27)
D/umd.troyd(27051): android.widget.LinearLayout@4078b2d8: -1 (28)
D/umd.troyd(27051): android.widget.RelativeLayout@4078b428: -1 (29)
D/umd.troyd(27051): android.widget.RelativeLayout@4078b580: -1 (30)
D/umd.troyd(27051): android.widget.TextView: Walmart Supercenter (31)
D/umd.troyd(27051): android.widget.TextView: 500 Bayonne Crossing Way (32)
D/umd.troyd(27051): android.widget.TextView: Bayonne, NJ 07002 (33)
D/umd.troyd(27051): android.widget.RelativeLayout@40781da0: -1 (34)
D/umd.troyd(27051): android.widget.LinearLayout@40782120: 2131558801 (35)
D/umd.troyd(27051): android.widget.TextView: 19.51 (36)
D/umd.troyd(27051): android.widget.TextView: miles (37)
D/umd.troyd(27051): android.widget.TextView:  (38)
D/umd.troyd(27051): android.widget.ImageView@40653378: 2131558517 (39)
D/umd.troyd(27051): android.widget.LinearLayout@407a6190: -1 (40)
D/umd.troyd(27051): android.widget.RelativeLayout@407a6380: -1 (41)
D/umd.troyd(27051): android.widget.RelativeLayout@407a6698: -1 (42)
D/umd.troyd(27051): android.widget.TextView: Walmart Store (43)
D/umd.troyd(27051): android.widget.TextView: 48 State Rt 23 (44)
D/umd.troyd(27051): android.widget.TextView: Riverdale, NJ 07457 (45)
D/umd.troyd(27051): android.widget.RelativeLayout@406a2ef0: -1 (46)
D/umd.troyd(27051): android.widget.LinearLayout@406a3270: 2131558801 (47)
D/umd.troyd(27051): android.widget.TextView: 20.99 (48)
D/umd.troyd(27051): android.widget.TextView: miles (49)
D/umd.troyd(27051): android.widget.TextView:  (50)
D/umd.troyd(27051): android.widget.ImageView@407a7a88: 2131558517 (51)
D/umd.troyd(27051): android.widget.LinearLayout@406faeb0: -1 (52)
D/umd.troyd(27051): android.widget.RelativeLayout@406fb0a0: -1 (53)
D/umd.troyd(27051): android.widget.RelativeLayout@40773690: -1 (54)
D/umd.troyd(27051): android.widget.TextView: Walmart Store (55)
D/umd.troyd(27051): android.widget.TextView: 680 Connecticut Ave (56)
D/umd.troyd(27051): android.widget.TextView: Norwalk, CT 06854 (57)
D/umd.troyd(27051): android.widget.RelativeLayout@4079af20: -1 (58)
D/umd.troyd(27051): android.widget.LinearLayout@4079b1c0: 2131558801 (59)
D/umd.troyd(27051): android.widget.TextView: 21.12 (60)
D/umd.troyd(27051): android.widget.TextView: miles (61)
D/umd.troyd(27051): android.widget.TextView:  (62)
D/umd.troyd(27051): android.widget.ImageView@4079c278: 2131558517 (63)
D/umd.troyd(27051): android.widget.LinearLayout@40767e90: -1 (64)
D/umd.troyd(27051): android.widget.RelativeLayout@40768080: -1 (65)
D/umd.troyd(27051): android.widget.RelativeLayout@40768398: -1 (66)
D/umd.troyd(27051): android.widget.TextView: Walmart Store (67)
D/umd.troyd(27051): android.widget.TextView: 3133 E Main St (68)
D/umd.troyd(27051): android.widget.TextView: Mohegan Lake, NY 10547 (69)
D/umd.troyd(27051): android.widget.RelativeLayout@407ca450: -1 (70)
D/umd.troyd(27051): android.widget.LinearLayout@407ca7d0: 2131558801 (71)
D/umd.troyd(27051): android.widget.TextView: 23.08 (72)
D/umd.troyd(27051): android.widget.TextView: miles (73)
D/umd.troyd(27051): android.widget.TextView:  (74)
D/umd.troyd(27051): android.widget.ImageView@40684930: 2131558517 (75)
D/umd.troyd(27051): android.widget.LinearLayout@40770be0: -1 (76)
D/umd.troyd(27051): android.widget.RelativeLayout@40770dd0: -1 (77)
D/umd.troyd(27051): android.widget.RelativeLayout@407710e8: -1 (78)
D/umd.troyd(27051): android.widget.TextView: Walmart Store (79)
D/umd.troyd(27051): android.widget.TextView: 965 Broadhollow Rd (80)
D/umd.troyd(27051): android.widget.TextView: Farmingdale, NY 11735 (81)
D/umd.troyd(27051): android.widget.RelativeLayout@40712490: -1 (82)
D/umd.troyd(27051): android.widget.LinearLayout@40712810: 2131558801 (83)
D/umd.troyd(27051): android.widget.TextView: 23.12 (84)
D/umd.troyd(27051): android.widget.TextView: miles (85)
D/umd.troyd(27051): android.widget.TextView:  (86)
D/umd.troyd(27051): android.widget.ImageView@4066e040: 2131558517 (87)
D/umd.troyd(27051): android.widget.RelativeLayout@406b4270: 2131558541 (88)
D/umd.troyd(27051): android.widget.GridView@406b4de8: 2131558824 (89)
D/umd.troyd(27051): android.widget.LinearLayout@406b5f68: 2131558538 (90)
D/umd.troyd(27051): android.widget.RelativeLayout@406b6960: 2131558818 (91)
D/umd.troyd(27051): android.widget.ImageButton@406b72b0: 2131558819 (92)
D/umd.troyd(27051): android.widget.RelativeLayout@406b77c8: -1 (93)
D/umd.troyd(27051): android.widget.ImageView@406b7bb8: 2131558820 (94)
D/umd.troyd(27051): android.widget.TextView: Stores (95)
D/umd.troyd(27051): android.widget.RelativeLayout@406b8ac0: -1 (96)
D/umd.troyd(27051): android.widget.Button:  (97)
D/umd.troyd(27051): android.widget.ImageView@406b9630: 2131558823 (98)
D/umd.troyd(27051): android.widget.LinearLayout@406b98c0: 2131558542 (99)
D/umd.troyd(27051): got command getViews
D/umd.troyd(27051): android.widget.FrameLayout@406b0d78: 16908290 (0)
D/umd.troyd(27051): android.widget.RelativeLayout@406b17b8: 2131558603 (1)
D/umd.troyd(27051): android.widget.LinearLayout@406b1bf0: -1 (2)
D/umd.troyd(27051): com.walmart.android.ui.ViewStackLayout@406b2140: 2131558797 (3)
D/umd.troyd(27051): android.widget.RelativeLayout@4071cae8: -1 (4)
D/umd.troyd(27051): android.widget.RelativeLayout@4071d050: 2131558790 (5)
D/umd.troyd(27051): android.widget.LinearLayout@4071dbd0: 2131558790 (6)
D/umd.troyd(27051): android.widget.RelativeLayout@4071e3b0: -1 (7)
D/umd.troyd(27051): android.widget.Button:  (8)
D/umd.troyd(27051): android.widget.TextView: Search a location (9)
D/umd.troyd(27051): android.widget.Button:  (10)
D/umd.troyd(27051): android.widget.Button:  (11)
D/umd.troyd(27051): android.widget.Button:  (12)
D/umd.troyd(27051): android.widget.RelativeLayout@40722c68: 2131558791 (13)
D/umd.troyd(27051): com.walmart.android.storelocator.StoreMapView@40723f00: 2131558792 (14)
D/umd.troyd(27051): android.widget.ListView@406f1128: 2131558521 (15)
D/umd.troyd(27051): android.widget.LinearLayout@40770be0: -1 (16)
D/umd.troyd(27051): android.widget.RelativeLayout@40770dd0: -1 (17)
D/umd.troyd(27051): android.widget.RelativeLayout@407710e8: -1 (18)
D/umd.troyd(27051): android.widget.TextView: Walmart Store (19)
D/umd.troyd(27051): android.widget.TextView: 965 Broadhollow Rd (20)
D/umd.troyd(27051): android.widget.TextView: Farmingdale, NY 11735 (21)
D/umd.troyd(27051): android.widget.RelativeLayout@40712490: -1 (22)
D/umd.troyd(27051): android.widget.LinearLayout@40712810: 2131558801 (23)
D/umd.troyd(27051): android.widget.TextView: 23.12 (24)
D/umd.troyd(27051): android.widget.TextView: miles (25)
D/umd.troyd(27051): android.widget.TextView:  (26)
D/umd.troyd(27051): android.widget.ImageView@4066e040: 2131558517 (27)
D/umd.troyd(27051): android.widget.LinearLayout@4079cff8: -1 (28)
D/umd.troyd(27051): android.widget.RelativeLayout@4079d1e8: -1 (29)
D/umd.troyd(27051): android.widget.RelativeLayout@4079d500: -1 (30)
D/umd.troyd(27051): android.widget.TextView: Walmart Store (31)
D/umd.troyd(27051): android.widget.TextView: 200 Sunrise Mall (32)
D/umd.troyd(27051): android.widget.TextView: Massapequa, NY 11758 (33)
D/umd.troyd(27051): android.widget.RelativeLayout@4078e1b0: -1 (34)
D/umd.troyd(27051): android.widget.LinearLayout@4078e530: 2131558801 (35)
D/umd.troyd(27051): android.widget.TextView: 24.14 (36)
D/umd.troyd(27051): android.widget.TextView: miles (37)
D/umd.troyd(27051): android.widget.TextView:  (38)
D/umd.troyd(27051): android.widget.ImageView@4078f5e8: 2131558517 (39)
D/umd.troyd(27051): android.widget.LinearLayout@4069e198: -1 (40)
D/umd.troyd(27051): android.widget.RelativeLayout@407a3838: -1 (41)
D/umd.troyd(27051): android.widget.RelativeLayout@406a8658: -1 (42)
D/umd.troyd(27051): android.widget.TextView: Walmart Store (43)
D/umd.troyd(27051): android.widget.TextView: 650 Main Ave (44)
D/umd.troyd(27051): android.widget.TextView: Norwalk, CT 06851 (45)
D/umd.troyd(27051): android.widget.RelativeLayout@4071a418: -1 (46)
D/umd.troyd(27051): android.widget.LinearLayout@407761d0: 2131558801 (47)
D/umd.troyd(27051): android.widget.TextView: 24.27 (48)
D/umd.troyd(27051): android.widget.TextView: miles (49)
D/umd.troyd(27051): android.widget.TextView:  (50)
D/umd.troyd(27051): android.widget.ImageView@40791f08: 2131558517 (51)
D/umd.troyd(27051): android.widget.LinearLayout@40667bc8: -1 (52)
D/umd.troyd(27051): android.widget.RelativeLayout@406a8298: -1 (53)
D/umd.troyd(27051): android.widget.RelativeLayout@406b05f0: -1 (54)
D/umd.troyd(27051): android.widget.TextView: Walmart Store (55)
D/umd.troyd(27051): android.widget.TextView: 900 Springfield Rd (56)
D/umd.troyd(27051): android.widget.TextView: Union, NJ 07083 (57)
D/umd.troyd(27051): android.widget.RelativeLayout@40710358: -1 (58)
D/umd.troyd(27051): android.widget.LinearLayout@40793d68: 2131558801 (59)
D/umd.troyd(27051): android.widget.TextView: 24.69 (60)
D/umd.troyd(27051): android.widget.TextView: miles (61)
D/umd.troyd(27051): android.widget.TextView:  (62)
D/umd.troyd(27051): android.widget.ImageView@407d4e40: 2131558517 (63)
D/umd.troyd(27051): android.widget.LinearLayout@40612378: -1 (64)
D/umd.troyd(27051): android.widget.RelativeLayout@4061ea30: -1 (65)
D/umd.troyd(27051): android.widget.RelativeLayout@40661280: -1 (66)
D/umd.troyd(27051): android.widget.TextView: Walmart Store (67)
D/umd.troyd(27051): android.widget.TextView: 300 Wootton St (68)
D/umd.troyd(27051): android.widget.TextView: Boonton, NJ 07005 (69)
D/umd.troyd(27051): android.widget.RelativeLayout@406678d0: -1 (70)
D/umd.troyd(27051): android.widget.LinearLayout@406ae448: 2131558801 (71)
D/umd.troyd(27051): android.widget.TextView: 24.82 (72)
D/umd.troyd(27051): android.widget.TextView: miles (73)
D/umd.troyd(27051): android.widget.TextView:  (74)
D/umd.troyd(27051): android.widget.ImageView@406b6700: 2131558517 (75)
D/umd.troyd(27051): android.widget.LinearLayout@4070e8a8: -1 (76)
D/umd.troyd(27051): android.widget.RelativeLayout@40714a60: -1 (77)
D/umd.troyd(27051): android.widget.RelativeLayout@4071bfc0: -1 (78)
D/umd.troyd(27051): android.widget.TextView: Walmart Store (79)
D/umd.troyd(27051): android.widget.TextView: 1601 W Edgar Rd (80)
D/umd.troyd(27051): android.widget.TextView: Linden, NJ 07036 (81)
D/umd.troyd(27051): android.widget.RelativeLayout@407928f8: -1 (82)
D/umd.troyd(27051): android.widget.LinearLayout@4054adb0: 2131558801 (83)
D/umd.troyd(27051): android.widget.TextView: 25.83 (84)
D/umd.troyd(27051): android.widget.TextView: miles (85)
D/umd.troyd(27051): android.widget.TextView:  (86)
D/umd.troyd(27051): android.widget.ImageView@405b8238: 2131558517 (87)
D/umd.troyd(27051): android.widget.RelativeLayout@406b4270: 2131558541 (88)
D/umd.troyd(27051): android.widget.GridView@406b4de8: 2131558824 (89)
D/umd.troyd(27051): android.widget.LinearLayout@406b5f68: 2131558538 (90)
D/umd.troyd(27051): android.widget.RelativeLayout@406b6960: 2131558818 (91)
D/umd.troyd(27051): android.widget.ImageButton@406b72b0: 2131558819 (92)
D/umd.troyd(27051): android.widget.RelativeLayout@406b77c8: -1 (93)
D/umd.troyd(27051): android.widget.ImageView@406b7bb8: 2131558820 (94)
D/umd.troyd(27051): android.widget.TextView: Stores (95)
D/umd.troyd(27051): android.widget.RelativeLayout@406b8ac0: -1 (96)
D/umd.troyd(27051): android.widget.Button:  (97)
D/umd.troyd(27051): android.widget.ImageView@406b9630: 2131558823 (98)
D/umd.troyd(27051): android.widget.LinearLayout@406b98c0: 2131558542 (99)
D/umd.troyd(27051): got command getViews
D/umd.troyd(27051): android.widget.FrameLayout@406b0d78: 16908290 (0)
D/umd.troyd(27051): android.widget.RelativeLayout@406b17b8: 2131558603 (1)
D/umd.troyd(27051): android.widget.LinearLayout@406b1bf0: -1 (2)
D/umd.troyd(27051): com.walmart.android.ui.ViewStackLayout@406b2140: 2131558797 (3)
D/umd.troyd(27051): android.widget.RelativeLayout@4071cae8: -1 (4)
D/umd.troyd(27051): android.widget.RelativeLayout@4071d050: 2131558790 (5)
D/umd.troyd(27051): android.widget.LinearLayout@4071dbd0: 2131558790 (6)
D/umd.troyd(27051): android.widget.RelativeLayout@4071e3b0: -1 (7)
D/umd.troyd(27051): android.widget.Button:  (8)
D/umd.troyd(27051): android.widget.TextView: Search a location (9)
D/umd.troyd(27051): android.widget.Button:  (10)
D/umd.troyd(27051): android.widget.Button:  (11)
D/umd.troyd(27051): android.widget.Button:  (12)
D/umd.troyd(27051): android.widget.RelativeLayout@40722c68: 2131558791 (13)
D/umd.troyd(27051): com.walmart.android.storelocator.StoreMapView@40723f00: 2131558792 (14)
D/umd.troyd(27051): android.widget.ListView@406f1128: 2131558521 (15)
D/umd.troyd(27051): android.widget.LinearLayout@4070e8a8: -1 (16)
D/umd.troyd(27051): android.widget.RelativeLayout@40714a60: -1 (17)
D/umd.troyd(27051): android.widget.RelativeLayout@4071bfc0: -1 (18)
D/umd.troyd(27051): android.widget.TextView: Walmart Store (19)
D/umd.troyd(27051): android.widget.TextView: 1601 W Edgar Rd (20)
D/umd.troyd(27051): android.widget.TextView: Linden, NJ 07036 (21)
D/umd.troyd(27051): android.widget.RelativeLayout@407928f8: -1 (22)
D/umd.troyd(27051): android.widget.LinearLayout@4054adb0: 2131558801 (23)
D/umd.troyd(27051): android.widget.TextView: 25.83 (24)
D/umd.troyd(27051): android.widget.TextView: miles (25)
D/umd.troyd(27051): android.widget.TextView:  (26)
D/umd.troyd(27051): android.widget.ImageView@405b8238: 2131558517 (27)
D/umd.troyd(27051): android.widget.LinearLayout@405f75b8: -1 (28)
D/umd.troyd(27051): android.widget.RelativeLayout@406c0d40: -1 (29)
D/umd.troyd(27051): android.widget.RelativeLayout@4076d530: -1 (30)
D/umd.troyd(27051): android.widget.TextView: Walmart Store (31)
D/umd.troyd(27051): android.widget.TextView: 85 Crooked Hill Rd (32)
D/umd.troyd(27051): android.widget.TextView: Commack, NY 11725 (33)
D/umd.troyd(27051): android.widget.RelativeLayout@4068e818: -1 (34)
D/umd.troyd(27051): android.widget.LinearLayout@4068f350: 2131558801 (35)
D/umd.troyd(27051): android.widget.TextView: 26.57 (36)
D/umd.troyd(27051): android.widget.TextView: miles (37)
D/umd.troyd(27051): android.widget.TextView:  (38)
D/umd.troyd(27051): android.widget.ImageView@406942f8: 2131558517 (39)
D/umd.troyd(27051): android.widget.LinearLayout@4078b2d8: -1 (40)
D/umd.troyd(27051): android.widget.RelativeLayout@4078b428: -1 (41)
D/umd.troyd(27051): android.widget.RelativeLayout@4078b580: -1 (42)
D/umd.troyd(27051): android.widget.TextView: Walmart Supercenter (43)
D/umd.troyd(27051): android.widget.TextView: 288 Larkin Dr (44)
D/umd.troyd(27051): android.widget.TextView: Monroe, NY 10950 (45)
D/umd.troyd(27051): android.widget.RelativeLayout@40781da0: -1 (46)
D/umd.troyd(27051): android.widget.LinearLayout@40782120: 2131558801 (47)
D/umd.troyd(27051): android.widget.TextView: 26.88 (48)
D/umd.troyd(27051): android.widget.TextView: miles (49)
D/umd.troyd(27051): android.widget.TextView:  (50)
D/umd.troyd(27051): android.widget.ImageView@40653378: 2131558517 (51)
D/umd.troyd(27051): android.widget.LinearLayout@407a6190: -1 (52)
D/umd.troyd(27051): android.widget.RelativeLayout@407a6380: -1 (53)
D/umd.troyd(27051): android.widget.RelativeLayout@407a6698: -1 (54)
D/umd.troyd(27051): android.widget.TextView: Walmart Store (55)
D/umd.troyd(27051): android.widget.TextView: 235 Ridgedale Ave (56)
D/umd.troyd(27051): android.widget.TextView: Cedar Knolls, NJ 07927 (57)
D/umd.troyd(27051): android.widget.RelativeLayout@406a2ef0: -1 (58)
D/umd.troyd(27051): android.widget.LinearLayout@406a3270: 2131558801 (59)
D/umd.troyd(27051): android.widget.TextView: 28.11 (60)
D/umd.troyd(27051): android.widget.TextView: miles (61)
D/umd.troyd(27051): android.widget.TextView:  (62)
D/umd.troyd(27051): android.widget.ImageView@407a7a88: 2131558517 (63)
D/umd.troyd(27051): android.widget.LinearLayout@406faeb0: -1 (64)
D/umd.troyd(27051): android.widget.RelativeLayout@406fb0a0: -1 (65)
D/umd.troyd(27051): android.widget.RelativeLayout@40773690: -1 (66)
D/umd.troyd(27051): android.widget.TextView: Walmart Store (67)
D/umd.troyd(27051): android.widget.TextView: 306 Us Highway 9 N (68)
D/umd.troyd(27051): android.widget.TextView: Woodbridge, NJ 07095 (69)
D/umd.troyd(27051): android.widget.RelativeLayout@4079af20: -1 (70)
D/umd.troyd(27051): android.widget.LinearLayout@4079b1c0: 2131558801 (71)
D/umd.troyd(27051): android.widget.TextView: 30.69 (72)
D/umd.troyd(27051): android.widget.TextView: miles (73)
D/umd.troyd(27051): android.widget.TextView:  (74)
D/umd.troyd(27051): android.widget.ImageView@4079c278: 2131558517 (75)
D/umd.troyd(27051): android.widget.LinearLayout@40767e90: -1 (76)
D/umd.troyd(27051): android.widget.RelativeLayout@40768080: -1 (77)
D/umd.troyd(27051): android.widget.RelativeLayout@40768398: -1 (78)
D/umd.troyd(27051): android.widget.TextView: Walmart Store (79)
D/umd.troyd(27051): android.widget.TextView: 1501 Us Highway 22 (80)
D/umd.troyd(27051): android.widget.TextView: Watchung, NJ 07069 (81)
D/umd.troyd(27051): android.widget.RelativeLayout@407ca450: -1 (82)
D/umd.troyd(27051): android.widget.LinearLayout@407ca7d0: 2131558801 (83)
D/umd.troyd(27051): android.widget.TextView: 30.86 (84)
D/umd.troyd(27051): android.widget.TextView: miles (85)
D/umd.troyd(27051): android.widget.TextView:  (86)
D/umd.troyd(27051): android.widget.ImageView@40684930: 2131558517 (87)
D/umd.troyd(27051): android.widget.RelativeLayout@406b4270: 2131558541 (88)
D/umd.troyd(27051): android.widget.GridView@406b4de8: 2131558824 (89)
D/umd.troyd(27051): android.widget.LinearLayout@406b5f68: 2131558538 (90)
D/umd.troyd(27051): android.widget.RelativeLayout@406b6960: 2131558818 (91)
D/umd.troyd(27051): android.widget.ImageButton@406b72b0: 2131558819 (92)
D/umd.troyd(27051): android.widget.RelativeLayout@406b77c8: -1 (93)
D/umd.troyd(27051): android.widget.ImageView@406b7bb8: 2131558820 (94)
D/umd.troyd(27051): android.widget.TextView: Stores (95)
D/umd.troyd(27051): android.widget.RelativeLayout@406b8ac0: -1 (96)
D/umd.troyd(27051): android.widget.Button:  (97)
D/umd.troyd(27051): android.widget.ImageView@406b9630: 2131558823 (98)
D/umd.troyd(27051): android.widget.LinearLayout@406b98c0: 2131558542 (99)
