android.widget.LinearLayout@4066f998
android.widget.FrameLayout@4053cdb0
android.widget.TextView: Hospitals Near Me FREE
android.widget.FrameLayout@40645ef0
android.widget.LinearLayout@406463b0
android.widget.ListView@4057ad40
android.widget.LinearLayout@40593fa0
android.widget.ImageView@40594418
android.widget.TextView: 2.4 mi
android.widget.TableLayout@40595080
android.widget.TableRow@40595938
android.widget.TextView: Trinitas Hospital-Williamson Street Campus
android.widget.TableRow@40596400
android.widget.TextView: Address , City
android.widget.TableRow@40596cb8
android.widget.TextView: Phone Number
android.widget.LinearLayout@40597e48
android.widget.ImageView@40598060
android.widget.TextView: 3.6 mi
android.widget.TableLayout@40598730
android.widget.TableRow@40598c08
android.widget.TextView: Robert Wood Johnson University Hospital at Rahway
android.widget.TableRow@40599428
android.widget.TextView: Address , City
android.widget.TableRow@40599c48
android.widget.TextView: Phone Number
android.widget.LinearLayout@4059ac58
android.widget.ImageView@4059ae70
android.widget.TextView: 3.6 mi
android.widget.TableLayout@4059b540
android.widget.TableRow@4059ba18
android.widget.TextView: Kindred Hospital New Jersey - Rahway
android.widget.TableRow@4059c238
android.widget.TextView: Address , City
android.widget.TableRow@4059ca58
android.widget.TextView: Phone Number
android.widget.LinearLayout@4059dac0
android.widget.ImageView@4059dcd8
android.widget.TextView: 5.5 mi
android.widget.TableLayout@4059e3a8
android.widget.TableRow@4059e880
android.widget.TextView: Woodbridge Development Center
android.widget.TableRow@4059f0a0
android.widget.TextView: Address , City
android.widget.TableRow@4059f8c0
android.widget.TextView: Phone Number
android.widget.LinearLayout@405a09c0
android.widget.ImageView@405a0bd8
android.widget.TextView: 5.8 mi
android.widget.TableLayout@405a12a8
android.widget.TableRow@405a1780
android.widget.TextView: Newark Beth Israel Medical Center
android.widget.TableRow@405a1fa0
android.widget.TextView: Address , City
android.widget.TableRow@405a27c0
android.widget.TextView: Phone Number
android.widget.LinearLayout@405a38e0
android.widget.ImageView@405a3af8
android.widget.TextView: 6.3 mi
android.widget.TableLayout@405a41c8
android.widget.TableRow@405a46a0
android.widget.TextView: Richmond University Medical Center
android.widget.TableRow@405a4ec0
android.widget.TextView: Address , City
android.widget.TableRow@405a56e0
android.widget.TextView: Phone Number
android.widget.TextView: Loading data
android.widget.LinearLayout@4066f998
android.widget.FrameLayout@4053cdb0
android.widget.TextView: Hospitals Near Me FREE
android.widget.FrameLayout@40645ef0
android.widget.LinearLayout@406463b0
android.widget.ListView@4057ad40
android.widget.LinearLayout@405a38e0
android.widget.ImageView@405a3af8
android.widget.TextView: 6.3 mi
android.widget.TableLayout@405a41c8
android.widget.TableRow@405a46a0
android.widget.TextView: Richmond University Medical Center
android.widget.TableRow@405a4ec0
android.widget.TextView: Address , City
android.widget.TableRow@405a56e0
android.widget.TextView: Phone Number
android.widget.LinearLayout@4054e3e8
android.widget.ImageView@40552458
android.widget.TextView: 6.4 mi
android.widget.TableLayout@405459f8
android.widget.TableRow@40554220
android.widget.TextView: Irvington General Hospital
android.widget.TableRow@4055bec8
android.widget.TextView: Address , City
android.widget.TableRow@405faac0
android.widget.TextView: Phone Number
android.widget.LinearLayout@4065c828
android.widget.ImageView@40554600
android.widget.TextView: 6.6 mi
android.widget.TableLayout@40541078
android.widget.TableRow@4069a348
android.widget.TextView: Bayonne Medical Center
android.widget.TableRow@40542228
android.widget.TextView: Address , City
android.widget.TableRow@405424c0
android.widget.TextView: Phone Number
android.widget.LinearLayout@405537a8
android.widget.ImageView@4055c7c8
android.widget.TextView: 7.0 mi
android.widget.TableLayout@4056c130
android.widget.TableRow@4056c3c8
android.widget.TextView: Doctors Hospital of Newark
android.widget.TableRow@4056d510
android.widget.TextView: Address , City
android.widget.TableRow@40578648
android.widget.TextView: Phone Number
android.widget.LinearLayout@405788e0
android.widget.ImageView@40579b00
android.widget.TextView: 7.2 mi
android.widget.TableLayout@40581ac8
android.widget.TableRow@40581d60
android.widget.TextView: Staten Island University Hospital-Concord
android.widget.TableRow@4058b968
android.widget.TextView: Address , City
android.widget.TableRow@4058bc00
android.widget.TextView: Phone Number
android.widget.LinearLayout@4058e1f0
android.widget.ImageView@4058e488
android.widget.TextView: 7.9 mi
android.widget.TableLayout@405f5730
android.widget.TableRow@405fd370
android.widget.TextView: Staten Island University Hospital
android.widget.TableRow@4061fba0
android.widget.TextView: Address , City
android.widget.TableRow@40620ff0
android.widget.TextView: Phone Number
android.widget.TextView: Loading data
android.widget.LinearLayout@4066f998
android.widget.FrameLayout@4053cdb0
android.widget.TextView: Hospitals Near Me FREE
android.widget.FrameLayout@40645ef0
android.widget.LinearLayout@406463b0
android.widget.ListView@4057ad40
android.widget.LinearLayout@4058e1f0
android.widget.ImageView@4058e488
android.widget.TextView: 7.9 mi
android.widget.TableLayout@405f5730
android.widget.TableRow@405fd370
android.widget.TextView: Staten Island University Hospital
android.widget.TableRow@4061fba0
android.widget.TextView: Address , City
android.widget.TableRow@40620ff0
android.widget.TextView: Phone Number
android.widget.LinearLayout@40593fa0
android.widget.ImageView@40594418
android.widget.TextView: 7.9 mi
android.widget.TableLayout@40595080
android.widget.TableRow@40595938
android.widget.TextView: John F. Kennedy Medical Center
android.widget.TableRow@40596400
android.widget.TextView: Address , City
android.widget.TableRow@40596cb8
android.widget.TextView: Phone Number
android.widget.LinearLayout@40597e48
android.widget.ImageView@40598060
android.widget.TextView: 7.9 mi
android.widget.TableLayout@40598730
android.widget.TableRow@40598c08
android.widget.TextView: Raritan Bay Medical Center
android.widget.TableRow@40599428
android.widget.TextView: Address , City
android.widget.TableRow@40599c48
android.widget.TextView: Phone Number
android.widget.LinearLayout@4059ac58
android.widget.ImageView@4059ae70
android.widget.TextView: 7.9 mi
android.widget.TableLayout@4059b540
android.widget.TableRow@4059ba18
android.widget.TextView: Care One at Raritan Bay Medical Center
android.widget.TableRow@4059c238
android.widget.TextView: Address , City
android.widget.TableRow@4059ca58
android.widget.TextView: Phone Number
android.widget.LinearLayout@4059dac0
android.widget.ImageView@4059dcd8
android.widget.TextView: 8.1 mi
android.widget.TableLayout@4059e3a8
android.widget.TableRow@4059e880
android.widget.TextView: JFK Johnson Rehabilitation Institute
android.widget.TableRow@4059f0a0
android.widget.TextView: Address , City
android.widget.TableRow@4059f8c0
android.widget.TextView: Phone Number
android.widget.LinearLayout@405a09c0
android.widget.ImageView@405a0bd8
android.widget.TextView: 8.1 mi
android.widget.TableLayout@405a12a8
android.widget.TableRow@405a1780
android.widget.TextView: JFK Medical Center
android.widget.TableRow@405a1fa0
android.widget.TextView: Address , City
android.widget.TableRow@405a27c0
android.widget.TextView: Phone Number
android.widget.TextView: Loading data
android.widget.LinearLayout@4066f998
android.widget.FrameLayout@4053cdb0
android.widget.TextView: Hospitals Near Me FREE
android.widget.FrameLayout@40645ef0
android.widget.LinearLayout@406463b0
android.widget.ListView@4057ad40
android.widget.LinearLayout@405a09c0
android.widget.ImageView@405a0bd8
android.widget.TextView: 8.1 mi
android.widget.TableLayout@405a12a8
android.widget.TableRow@405a1780
android.widget.TextView: JFK Medical Center
android.widget.TableRow@405a1fa0
android.widget.TextView: Address , City
android.widget.TableRow@405a27c0
android.widget.TextView: Phone Number
android.widget.LinearLayout@405a38e0
android.widget.ImageView@405a3af8
android.widget.TextView: 8.1 mi
android.widget.TableLayout@405a41c8
android.widget.TableRow@405a46a0
android.widget.TextView: University of Medicine and Dentistry of New Jersey-University Hospital
android.widget.TableRow@405a4ec0
android.widget.TextView: Address , City
android.widget.TableRow@405a56e0
android.widget.TextView: Phone Number
android.widget.LinearLayout@4054e3e8
android.widget.ImageView@40552458
android.widget.TextView: 8.2 mi
android.widget.TableLayout@405459f8
android.widget.TableRow@40554220
android.widget.TextView: Mt. Carmel Behavioral Healthcare System
android.widget.TableRow@4055bec8
android.widget.TextView: Address , City
android.widget.TableRow@405faac0
android.widget.TextView: Phone Number
android.widget.LinearLayout@4065c828
android.widget.ImageView@40554600
android.widget.TextView: 8.3 mi
android.widget.TableLayout@40541078
android.widget.TableRow@4069a348
android.widget.TextView: Seton Hall University Infirmary
android.widget.TableRow@40542228
android.widget.TextView: Address , City
android.widget.TableRow@405424c0
android.widget.TextView: Phone Number
android.widget.LinearLayout@405537a8
android.widget.ImageView@4055c7c8
android.widget.TextView: 8.4 mi
android.widget.TableLayout@4056c130
android.widget.TableRow@4056c3c8
android.widget.TextView: South Beach Psychiatric Center
android.widget.TableRow@4056d510
android.widget.TextView: Address , City
android.widget.TableRow@40578648
android.widget.TextView: Phone Number
android.widget.LinearLayout@405788e0
android.widget.ImageView@40579b00
android.widget.TextView: 8.5 mi
android.widget.TableLayout@40581ac8
android.widget.TableRow@40581d60
android.widget.TextView: Saint Michael's Medical Center
android.widget.TableRow@4058b968
android.widget.TextView: Address , City
android.widget.TableRow@4058bc00
android.widget.TextView: Phone Number
android.widget.TextView: Loading data
android.widget.LinearLayout@4066f998
android.widget.FrameLayout@4053cdb0
android.widget.TextView: Hospitals Near Me FREE
android.widget.FrameLayout@40645ef0
android.widget.LinearLayout@406463b0
android.widget.ListView@4057ad40
android.widget.LinearLayout@405788e0
android.widget.ImageView@40579b00
android.widget.TextView: 8.5 mi
android.widget.TableLayout@40581ac8
android.widget.TableRow@40581d60
android.widget.TextView: Saint Michael's Medical Center
android.widget.TableRow@4058b968
android.widget.TextView: Address , City
android.widget.TableRow@4058bc00
android.widget.TextView: Phone Number
android.widget.LinearLayout@4058e1f0
android.widget.ImageView@4058e488
android.widget.TextView: 8.8 mi
android.widget.TableLayout@405f5730
android.widget.TableRow@405fd370
android.widget.TextView: LibertyHealth-Greenville Hospital
android.widget.TableRow@4061fba0
android.widget.TextView: Address , City
android.widget.TableRow@40620ff0
android.widget.TextView: Phone Number
android.widget.LinearLayout@40593fa0
android.widget.ImageView@40594418
android.widget.TextView: 8.8 mi
android.widget.TableLayout@40595080
android.widget.TableRow@40595938
android.widget.TextView: United Healthcare System
android.widget.TableRow@40596400
android.widget.TextView: Address , City
android.widget.TableRow@40596cb8
android.widget.TextView: Phone Number
android.widget.LinearLayout@40597e48
android.widget.ImageView@40598060
android.widget.TextView: 8.8 mi
android.widget.TableLayout@40598730
android.widget.TableRow@40598c08
android.widget.TextView: United Hospitals Medical Center
android.widget.TableRow@40599428
android.widget.TextView: Address , City
android.widget.TableRow@40599c48
android.widget.TextView: Phone Number
android.widget.LinearLayout@4059ac58
android.widget.ImageView@4059ae70
android.widget.TextView: 8.8 mi
android.widget.TableLayout@4059b540
android.widget.TableRow@4059ba18
android.widget.TextView: Veterans Affairs New Jersey Health Care System
android.widget.TableRow@4059c238
android.widget.TextView: Address , City
android.widget.TableRow@4059ca58
android.widget.TextView: Phone Number
android.widget.LinearLayout@4059dac0
android.widget.ImageView@4059dcd8
android.widget.TextView: 8.9 mi
android.widget.TableLayout@4059e3a8
android.widget.TableRow@4059e880
android.widget.TextView: East Orange General Hospital
android.widget.TableRow@4059f0a0
android.widget.TextView: Address , City
android.widget.TableRow@4059f8c0
android.widget.TextView: Phone Number
android.widget.TextView: Loading data
android.widget.LinearLayout@4066f998
android.widget.FrameLayout@4053cdb0
android.widget.TextView: Hospitals Near Me FREE
android.widget.FrameLayout@40645ef0
android.widget.LinearLayout@406463b0
android.widget.ListView@4057ad40
android.widget.LinearLayout@4059dac0
android.widget.ImageView@4059dcd8
android.widget.TextView: 8.9 mi
android.widget.TableLayout@4059e3a8
android.widget.TableRow@4059e880
android.widget.TextView: East Orange General Hospital
android.widget.TableRow@4059f0a0
android.widget.TextView: Address , City
android.widget.TableRow@4059f8c0
android.widget.TextView: Phone Number
android.widget.LinearLayout@405a09c0
android.widget.ImageView@405a0bd8
android.widget.TextView: 9.0 mi
android.widget.TableLayout@405a12a8
android.widget.TableRow@405a1780
android.widget.TextView: Overlook Hospital
android.widget.TableRow@405a1fa0
android.widget.TextView: Address , City
android.widget.TableRow@405a27c0
android.widget.TextView: Phone Number
android.widget.LinearLayout@405a38e0
android.widget.ImageView@405a3af8
android.widget.TextView: 9.1 mi
android.widget.TableLayout@405a41c8
android.widget.TableRow@405a46a0
android.widget.TextView: Salvation Army Home and Hospital
android.widget.TableRow@405a4ec0
android.widget.TextView: Address , City
android.widget.TableRow@405a56e0
android.widget.TextView: Phone Number
android.widget.LinearLayout@4054e3e8
android.widget.ImageView@40552458
android.widget.TextView: 9.4 mi
android.widget.TableLayout@405459f8
android.widget.TableRow@40554220
android.widget.TextView: United Hospitals Orthopedic Center
android.widget.TableRow@4055bec8
android.widget.TextView: Address , City
android.widget.TableRow@405faac0
android.widget.TextView: Phone Number
android.widget.LinearLayout@4065c828
android.widget.ImageView@40554600
android.widget.TextView: 9.4 mi
android.widget.TableLayout@40541078
android.widget.TableRow@4069a348
android.widget.TextView: Summit Oaks Hospital
android.widget.TableRow@40542228
android.widget.TextView: Address , City
android.widget.TableRow@405424c0
android.widget.TextView: Phone Number
android.widget.LinearLayout@405537a8
android.widget.ImageView@4055c7c8
android.widget.TextView: 9.6 mi
android.widget.TableLayout@4056c130
android.widget.TableRow@4056c3c8
android.widget.TextView: Muhlenberg Regional Medical Center
android.widget.TableRow@4056d510
android.widget.TextView: Address , City
android.widget.TableRow@40578648
android.widget.TextView: Phone Number
android.widget.TextView: Loading data
android.widget.LinearLayout@4066f998
android.widget.FrameLayout@4053cdb0
android.widget.TextView: Hospitals Near Me FREE
android.widget.FrameLayout@40645ef0
android.widget.LinearLayout@406463b0
android.widget.ListView@4057ad40
android.widget.LinearLayout@405a09c0
android.widget.ImageView@405a0bd8
android.widget.TextView: 9.0 mi
android.widget.TableLayout@405a12a8
android.widget.TableRow@405a1780
android.widget.TextView: Overlook Hospital
android.widget.TableRow@405a1fa0
android.widget.TextView: Address , City
android.widget.TableRow@405a27c0
android.widget.TextView: Phone Number
android.widget.LinearLayout@405a38e0
android.widget.ImageView@405a3af8
android.widget.TextView: 9.1 mi
android.widget.TableLayout@405a41c8
android.widget.TableRow@405a46a0
android.widget.TextView: Salvation Army Home and Hospital
android.widget.TableRow@405a4ec0
android.widget.TextView: Address , City
android.widget.TableRow@405a56e0
android.widget.TextView: Phone Number
android.widget.LinearLayout@4054e3e8
android.widget.ImageView@40552458
android.widget.TextView: 9.4 mi
android.widget.TableLayout@405459f8
android.widget.TableRow@40554220
android.widget.TextView: United Hospitals Orthopedic Center
android.widget.TableRow@4055bec8
android.widget.TextView: Address , City
android.widget.TableRow@405faac0
android.widget.TextView: Phone Number
android.widget.LinearLayout@4065c828
android.widget.ImageView@40554600
android.widget.TextView: 9.4 mi
android.widget.TableLayout@40541078
android.widget.TableRow@4069a348
android.widget.TextView: Summit Oaks Hospital
android.widget.TableRow@40542228
android.widget.TextView: Address , City
android.widget.TableRow@405424c0
android.widget.TextView: Phone Number
android.widget.LinearLayout@405537a8
android.widget.ImageView@4055c7c8
android.widget.TextView: 9.6 mi
android.widget.TableLayout@4056c130
android.widget.TableRow@4056c3c8
android.widget.TextView: Muhlenberg Regional Medical Center
android.widget.TableRow@4056d510
android.widget.TextView: Address , City
android.widget.TableRow@40578648
android.widget.TextView: Phone Number
android.widget.LinearLayout@405788e0
android.widget.ImageView@40579b00
android.widget.TextView: 9.8 mi
android.widget.TableLayout@40581ac8
android.widget.TableRow@40581d60
android.widget.TextView: Hospital Center at Orange
android.widget.TableRow@4058b968
android.widget.TextView: Address , City
android.widget.TableRow@4058bc00
android.widget.TextView: Phone Number
android.widget.TextView: Loading data
