emulator-5564
D/umd.troyd(28796): got command getViews
D/umd.troyd(28796): android.widget.FrameLayout@406bbe88: 16908290 (0)
D/umd.troyd(28796): android.widget.RelativeLayout@4071b410: 2131558603 (1)
D/umd.troyd(28796): android.widget.LinearLayout@4071b830: -1 (2)
D/umd.troyd(28796): com.walmart.android.ui.ViewStackLayout@4071bd80: 2131558797 (3)
D/umd.troyd(28796): android.widget.RelativeLayout@4072ca40: -1 (4)
D/umd.troyd(28796): android.widget.RelativeLayout@4072cfa8: 2131558790 (5)
D/umd.troyd(28796): android.widget.LinearLayout@4072db28: 2131558790 (6)
D/umd.troyd(28796): android.widget.RelativeLayout@4072e308: -1 (7)
D/umd.troyd(28796): android.widget.Button:  (8)
D/umd.troyd(28796): android.widget.TextView: Search a location (9)
D/umd.troyd(28796): android.widget.Button:  (10)
D/umd.troyd(28796): android.widget.Button:  (11)
D/umd.troyd(28796): android.widget.Button:  (12)
D/umd.troyd(28796): android.widget.RelativeLayout@40732bc0: 2131558791 (13)
D/umd.troyd(28796): com.walmart.android.storelocator.StoreMapView@40733e58: 2131558792 (14)
D/umd.troyd(28796): android.widget.ListView@40703bd0: 2131558521 (15)
D/umd.troyd(28796): android.widget.LinearLayout@4078e590: -1 (16)
D/umd.troyd(28796): android.widget.RelativeLayout@407a3e50: -1 (17)
D/umd.troyd(28796): android.widget.RelativeLayout@407a3fa8: -1 (18)
D/umd.troyd(28796): android.widget.TextView: Walmart Supercenter (19)
D/umd.troyd(28796): android.widget.TextView: 3155 W Wheatland Rd (20)
D/umd.troyd(28796): android.widget.TextView: Dallas, TX 75237 (21)
D/umd.troyd(28796): android.widget.RelativeLayout@40685af0: -1 (22)
D/umd.troyd(28796): android.widget.LinearLayout@40685c48: 2131558801 (23)
D/umd.troyd(28796): android.widget.TextView: 4.17 (24)
D/umd.troyd(28796): android.widget.TextView: miles (25)
D/umd.troyd(28796): android.widget.TextView:  (26)
D/umd.troyd(28796): android.widget.ImageView@407480d8: 2131558517 (27)
D/umd.troyd(28796): android.widget.LinearLayout@40748228: -1 (28)
D/umd.troyd(28796): android.widget.RelativeLayout@408136f0: -1 (29)
D/umd.troyd(28796): android.widget.RelativeLayout@40813848: -1 (30)
D/umd.troyd(28796): android.widget.TextView: Walmart Supercenter (31)
D/umd.troyd(28796): android.widget.TextView: 150 N Interstate 35 E (32)
D/umd.troyd(28796): android.widget.TextView: Lancaster, TX 75146 (33)
D/umd.troyd(28796): android.widget.RelativeLayout@408122c0: -1 (34)
D/umd.troyd(28796): android.widget.LinearLayout@40812418: 2131558801 (35)
D/umd.troyd(28796): android.widget.TextView: 5.49 (36)
D/umd.troyd(28796): android.widget.TextView: miles (37)
D/umd.troyd(28796): android.widget.TextView:  (38)
D/umd.troyd(28796): android.widget.ImageView@40814ec8: 2131558517 (39)
D/umd.troyd(28796): android.widget.LinearLayout@40631398: -1 (40)
D/umd.troyd(28796): android.widget.RelativeLayout@407453a0: -1 (41)
D/umd.troyd(28796): android.widget.RelativeLayout@407454f8: -1 (42)
D/umd.troyd(28796): android.widget.TextView: Walmart Supercenter (43)
D/umd.troyd(28796): android.widget.TextView: 951 W Belt Line Rd (44)
D/umd.troyd(28796): android.widget.TextView: Desoto, TX 75115 (45)
D/umd.troyd(28796): android.widget.RelativeLayout@40745020: -1 (46)
D/umd.troyd(28796): android.widget.LinearLayout@405d8688: 2131558801 (47)
D/umd.troyd(28796): android.widget.TextView: 6.64 (48)
D/umd.troyd(28796): android.widget.TextView: miles (49)
D/umd.troyd(28796): android.widget.TextView:  (50)
D/umd.troyd(28796): android.widget.ImageView@407198b0: 2131558517 (51)
D/umd.troyd(28796): android.widget.LinearLayout@4054be78: -1 (52)
D/umd.troyd(28796): android.widget.RelativeLayout@4054bfc8: -1 (53)
D/umd.troyd(28796): android.widget.RelativeLayout@405f2318: -1 (54)
D/umd.troyd(28796): android.widget.TextView: Walmart Supercenter (55)
D/umd.troyd(28796): android.widget.TextView: 1521 N Cockrell Hill Rd (56)
D/umd.troyd(28796): android.widget.TextView: Dallas, TX 75211 (57)
D/umd.troyd(28796): android.widget.RelativeLayout@407593d0: -1 (58)
D/umd.troyd(28796): android.widget.LinearLayout@40749220: 2131558801 (59)
D/umd.troyd(28796): android.widget.TextView: 6.97 (60)
D/umd.troyd(28796): android.widget.TextView: miles (61)
D/umd.troyd(28796): android.widget.TextView:  (62)
D/umd.troyd(28796): android.widget.ImageView@40518100: 2131558517 (63)
D/umd.troyd(28796): android.widget.LinearLayout@40627538: -1 (64)
D/umd.troyd(28796): android.widget.RelativeLayout@40627728: -1 (65)
D/umd.troyd(28796): android.widget.RelativeLayout@406055c8: -1 (66)
D/umd.troyd(28796): android.widget.TextView: Neighborhood Market (67)
D/umd.troyd(28796): android.widget.TextView: 2305 N Central Expy (68)
D/umd.troyd(28796): android.widget.TextView: Dallas, TX 75204 (69)
D/umd.troyd(28796): android.widget.RelativeLayout@407132a0: -1 (70)
D/umd.troyd(28796): android.widget.LinearLayout@407134d8: 2131558801 (71)
D/umd.troyd(28796): android.widget.TextView: 7.09 (72)
D/umd.troyd(28796): android.widget.TextView: miles (73)
D/umd.troyd(28796): android.widget.TextView:  (74)
D/umd.troyd(28796): android.widget.ImageView@40757268: 2131558517 (75)
D/umd.troyd(28796): android.widget.LinearLayout@405e4c70: -1 (76)
D/umd.troyd(28796): android.widget.RelativeLayout@405e4e60: -1 (77)
D/umd.troyd(28796): android.widget.RelativeLayout@405e5178: -1 (78)
D/umd.troyd(28796): android.widget.TextView: Neighborhood Market (79)
D/umd.troyd(28796): android.widget.TextView: 2218 Greenville Ave (80)
D/umd.troyd(28796): android.widget.TextView: Dallas, TX 75206 (81)
D/umd.troyd(28796): android.widget.RelativeLayout@406ae9b8: -1 (82)
D/umd.troyd(28796): android.widget.LinearLayout@406aeca0: 2131558801 (83)
D/umd.troyd(28796): android.widget.TextView: 8.28 (84)
D/umd.troyd(28796): android.widget.TextView: miles (85)
D/umd.troyd(28796): android.widget.TextView:  (86)
D/umd.troyd(28796): android.widget.ImageView@40785a88: 2131558517 (87)
D/umd.troyd(28796): android.widget.RelativeLayout@4071deb0: 2131558541 (88)
D/umd.troyd(28796): android.widget.GridView@4071ea28: 2131558824 (89)
D/umd.troyd(28796): android.widget.LinearLayout@4071fba8: 2131558538 (90)
D/umd.troyd(28796): android.widget.RelativeLayout@407205a0: 2131558818 (91)
D/umd.troyd(28796): android.widget.ImageButton@40720ef0: 2131558819 (92)
D/umd.troyd(28796): android.widget.RelativeLayout@40721408: -1 (93)
D/umd.troyd(28796): android.widget.ImageView@407217f8: 2131558820 (94)
D/umd.troyd(28796): android.widget.TextView: Stores (95)
D/umd.troyd(28796): android.widget.RelativeLayout@40722700: -1 (96)
D/umd.troyd(28796): android.widget.Button:  (97)
D/umd.troyd(28796): android.widget.ImageView@40723270: 2131558823 (98)
D/umd.troyd(28796): android.widget.LinearLayout@40723500: 2131558542 (99)
D/umd.troyd(28796): got command getViews
D/umd.troyd(28796): android.widget.FrameLayout@406bbe88: 16908290 (0)
D/umd.troyd(28796): android.widget.RelativeLayout@4071b410: 2131558603 (1)
D/umd.troyd(28796): android.widget.LinearLayout@4071b830: -1 (2)
D/umd.troyd(28796): com.walmart.android.ui.ViewStackLayout@4071bd80: 2131558797 (3)
D/umd.troyd(28796): android.widget.RelativeLayout@4072ca40: -1 (4)
D/umd.troyd(28796): android.widget.RelativeLayout@4072cfa8: 2131558790 (5)
D/umd.troyd(28796): android.widget.LinearLayout@4072db28: 2131558790 (6)
D/umd.troyd(28796): android.widget.RelativeLayout@4072e308: -1 (7)
D/umd.troyd(28796): android.widget.Button:  (8)
D/umd.troyd(28796): android.widget.TextView: Search a location (9)
D/umd.troyd(28796): android.widget.Button:  (10)
D/umd.troyd(28796): android.widget.Button:  (11)
D/umd.troyd(28796): android.widget.Button:  (12)
D/umd.troyd(28796): android.widget.RelativeLayout@40732bc0: 2131558791 (13)
D/umd.troyd(28796): com.walmart.android.storelocator.StoreMapView@40733e58: 2131558792 (14)
D/umd.troyd(28796): android.widget.ListView@40703bd0: 2131558521 (15)
D/umd.troyd(28796): android.widget.LinearLayout@405e4c70: -1 (16)
D/umd.troyd(28796): android.widget.RelativeLayout@405e4e60: -1 (17)
D/umd.troyd(28796): android.widget.RelativeLayout@405e5178: -1 (18)
D/umd.troyd(28796): android.widget.TextView: Neighborhood Market (19)
D/umd.troyd(28796): android.widget.TextView: 2218 Greenville Ave (20)
D/umd.troyd(28796): android.widget.TextView: Dallas, TX 75206 (21)
D/umd.troyd(28796): android.widget.RelativeLayout@406ae9b8: -1 (22)
D/umd.troyd(28796): android.widget.LinearLayout@406aeca0: 2131558801 (23)
D/umd.troyd(28796): android.widget.TextView: 8.28 (24)
D/umd.troyd(28796): android.widget.TextView: miles (25)
D/umd.troyd(28796): android.widget.TextView:  (26)
D/umd.troyd(28796): android.widget.ImageView@40785a88: 2131558517 (27)
D/umd.troyd(28796): android.widget.LinearLayout@408007f8: -1 (28)
D/umd.troyd(28796): android.widget.RelativeLayout@408009e8: -1 (29)
D/umd.troyd(28796): android.widget.RelativeLayout@40800d90: -1 (30)
D/umd.troyd(28796): android.widget.TextView: Walmart Supercenter (31)
D/umd.troyd(28796): android.widget.TextView: 7401 Samuell Blvd (32)
D/umd.troyd(28796): android.widget.TextView: Dallas, TX 75228 (33)
D/umd.troyd(28796): android.widget.RelativeLayout@408020a0: -1 (34)
D/umd.troyd(28796): android.widget.LinearLayout@408024b0: 2131558801 (35)
D/umd.troyd(28796): android.widget.TextView: 8.75 (36)
D/umd.troyd(28796): android.widget.TextView: miles (37)
D/umd.troyd(28796): android.widget.TextView:  (38)
D/umd.troyd(28796): android.widget.ImageView@4060c988: 2131558517 (39)
D/umd.troyd(28796): android.widget.LinearLayout@4060cff0: -1 (40)
D/umd.troyd(28796): android.widget.RelativeLayout@405da720: -1 (41)
D/umd.troyd(28796): android.widget.RelativeLayout@40726d48: -1 (42)
D/umd.troyd(28796): android.widget.TextView: Walmart Supercenter (43)
D/umd.troyd(28796): android.widget.TextView: 100 Ryan Drive (44)
D/umd.troyd(28796): android.widget.TextView: Red Oak, TX 75154 (45)
D/umd.troyd(28796): android.widget.RelativeLayout@40742cf0: -1 (46)
D/umd.troyd(28796): android.widget.LinearLayout@40700018: 2131558801 (47)
D/umd.troyd(28796): android.widget.TextView: 8.82 (48)
D/umd.troyd(28796): android.widget.TextView: miles (49)
D/umd.troyd(28796): android.widget.TextView:  (50)
D/umd.troyd(28796): android.widget.ImageView@4074a7c8: 2131558517 (51)
D/umd.troyd(28796): android.widget.LinearLayout@40792b28: -1 (52)
D/umd.troyd(28796): android.widget.RelativeLayout@4074acd8: -1 (53)
D/umd.troyd(28796): android.widget.RelativeLayout@4055fae0: -1 (54)
D/umd.troyd(28796): android.widget.TextView: Walmart Supercenter (55)
D/umd.troyd(28796): android.widget.TextView: 621 Uptown Blvd (56)
D/umd.troyd(28796): android.widget.TextView: Cedar Hill, TX 75104 (57)
D/umd.troyd(28796): android.widget.RelativeLayout@407433f0: -1 (58)
D/umd.troyd(28796): android.widget.LinearLayout@40800650: 2131558801 (59)
D/umd.troyd(28796): android.widget.TextView: 8.83 (60)
D/umd.troyd(28796): android.widget.TextView: miles (61)
D/umd.troyd(28796): android.widget.TextView:  (62)
D/umd.troyd(28796): android.widget.ImageView@405d9c98: 2131558517 (63)
D/umd.troyd(28796): android.widget.LinearLayout@40752cd0: -1 (64)
D/umd.troyd(28796): android.widget.RelativeLayout@40787030: -1 (65)
D/umd.troyd(28796): android.widget.RelativeLayout@407a79f0: -1 (66)
D/umd.troyd(28796): android.widget.TextView: Walmart Supercenter (67)
D/umd.troyd(28796): android.widget.TextView: 12300 Lake June Rd (68)
D/umd.troyd(28796): android.widget.TextView: Balch Springs, TX 75180 (69)
D/umd.troyd(28796): android.widget.RelativeLayout@405f2680: -1 (70)
D/umd.troyd(28796): android.widget.LinearLayout@40608438: 2131558801 (71)
D/umd.troyd(28796): android.widget.TextView: 9.84 (72)
D/umd.troyd(28796): android.widget.TextView: miles (73)
D/umd.troyd(28796): android.widget.TextView:  (74)
D/umd.troyd(28796): android.widget.ImageView@40746a60: 2131558517 (75)
D/umd.troyd(28796): android.widget.LinearLayout@40747b40: -1 (76)
D/umd.troyd(28796): android.widget.RelativeLayout@40760830: -1 (77)
D/umd.troyd(28796): android.widget.RelativeLayout@4070cdc0: -1 (78)
D/umd.troyd(28796): android.widget.TextView: Walmart Supercenter (79)
D/umd.troyd(28796): android.widget.TextView: 6185 Retail Rd (80)
D/umd.troyd(28796): android.widget.TextView: Dallas, TX 75231 (81)
D/umd.troyd(28796): android.widget.RelativeLayout@4054cf98: -1 (82)
D/umd.troyd(28796): android.widget.LinearLayout@40607168: 2131558801 (83)
D/umd.troyd(28796): android.widget.TextView: 11.04 (84)
D/umd.troyd(28796): android.widget.TextView: miles (85)
D/umd.troyd(28796): android.widget.TextView:  (86)
D/umd.troyd(28796): android.widget.ImageView@40627258: 2131558517 (87)
D/umd.troyd(28796): android.widget.RelativeLayout@4071deb0: 2131558541 (88)
D/umd.troyd(28796): android.widget.GridView@4071ea28: 2131558824 (89)
D/umd.troyd(28796): android.widget.LinearLayout@4071fba8: 2131558538 (90)
D/umd.troyd(28796): android.widget.RelativeLayout@407205a0: 2131558818 (91)
D/umd.troyd(28796): android.widget.ImageButton@40720ef0: 2131558819 (92)
D/umd.troyd(28796): android.widget.RelativeLayout@40721408: -1 (93)
D/umd.troyd(28796): android.widget.ImageView@407217f8: 2131558820 (94)
D/umd.troyd(28796): android.widget.TextView: Stores (95)
D/umd.troyd(28796): android.widget.RelativeLayout@40722700: -1 (96)
D/umd.troyd(28796): android.widget.Button:  (97)
D/umd.troyd(28796): android.widget.ImageView@40723270: 2131558823 (98)
D/umd.troyd(28796): android.widget.LinearLayout@40723500: 2131558542 (99)
D/umd.troyd(28796): got command getViews
D/umd.troyd(28796): android.widget.FrameLayout@406bbe88: 16908290 (0)
D/umd.troyd(28796): android.widget.RelativeLayout@4071b410: 2131558603 (1)
D/umd.troyd(28796): android.widget.LinearLayout@4071b830: -1 (2)
D/umd.troyd(28796): com.walmart.android.ui.ViewStackLayout@4071bd80: 2131558797 (3)
D/umd.troyd(28796): android.widget.RelativeLayout@4072ca40: -1 (4)
D/umd.troyd(28796): android.widget.RelativeLayout@4072cfa8: 2131558790 (5)
D/umd.troyd(28796): android.widget.LinearLayout@4072db28: 2131558790 (6)
D/umd.troyd(28796): android.widget.RelativeLayout@4072e308: -1 (7)
D/umd.troyd(28796): android.widget.Button:  (8)
D/umd.troyd(28796): android.widget.TextView: Search a location (9)
D/umd.troyd(28796): android.widget.Button:  (10)
D/umd.troyd(28796): android.widget.Button:  (11)
D/umd.troyd(28796): android.widget.Button:  (12)
D/umd.troyd(28796): android.widget.RelativeLayout@40732bc0: 2131558791 (13)
D/umd.troyd(28796): com.walmart.android.storelocator.StoreMapView@40733e58: 2131558792 (14)
D/umd.troyd(28796): android.widget.ListView@40703bd0: 2131558521 (15)
D/umd.troyd(28796): android.widget.LinearLayout@40747b40: -1 (16)
D/umd.troyd(28796): android.widget.RelativeLayout@40760830: -1 (17)
D/umd.troyd(28796): android.widget.RelativeLayout@4070cdc0: -1 (18)
D/umd.troyd(28796): android.widget.TextView: Walmart Supercenter (19)
D/umd.troyd(28796): android.widget.TextView: 6185 Retail Rd (20)
D/umd.troyd(28796): android.widget.TextView: Dallas, TX 75231 (21)
D/umd.troyd(28796): android.widget.RelativeLayout@4054cf98: -1 (22)
D/umd.troyd(28796): android.widget.LinearLayout@40607168: 2131558801 (23)
D/umd.troyd(28796): android.widget.TextView: 11.04 (24)
D/umd.troyd(28796): android.widget.TextView: miles (25)
D/umd.troyd(28796): android.widget.TextView:  (26)
D/umd.troyd(28796): android.widget.ImageView@40627258: 2131558517 (27)
D/umd.troyd(28796): android.widget.LinearLayout@4078e590: -1 (28)
D/umd.troyd(28796): android.widget.RelativeLayout@407a3e50: -1 (29)
D/umd.troyd(28796): android.widget.RelativeLayout@407a3fa8: -1 (30)
D/umd.troyd(28796): android.widget.TextView: Walmart Store (31)
D/umd.troyd(28796): android.widget.TextView: 9410 Webb Chapel Rd (32)
D/umd.troyd(28796): android.widget.TextView: Dallas, TX 75220 (33)
D/umd.troyd(28796): android.widget.RelativeLayout@40685af0: -1 (34)
D/umd.troyd(28796): android.widget.LinearLayout@40685c48: 2131558801 (35)
D/umd.troyd(28796): android.widget.TextView: 11.18 (36)
D/umd.troyd(28796): android.widget.TextView: miles (37)
D/umd.troyd(28796): android.widget.TextView:  (38)
D/umd.troyd(28796): android.widget.ImageView@407480d8: 2131558517 (39)
D/umd.troyd(28796): android.widget.LinearLayout@40748228: -1 (40)
D/umd.troyd(28796): android.widget.RelativeLayout@408136f0: -1 (41)
D/umd.troyd(28796): android.widget.RelativeLayout@40813848: -1 (42)
D/umd.troyd(28796): android.widget.TextView: Neighborhood Market (43)
D/umd.troyd(28796): android.widget.TextView: 2275 Gus Thomasson Rd (44)
D/umd.troyd(28796): android.widget.TextView: Dallas, TX 75228 (45)
D/umd.troyd(28796): android.widget.RelativeLayout@408122c0: -1 (46)
D/umd.troyd(28796): android.widget.LinearLayout@40812418: 2131558801 (47)
D/umd.troyd(28796): android.widget.TextView: 11.22 (48)
D/umd.troyd(28796): android.widget.TextView: miles (49)
D/umd.troyd(28796): android.widget.TextView:  (50)
D/umd.troyd(28796): android.widget.ImageView@40814ec8: 2131558517 (51)
D/umd.troyd(28796): android.widget.LinearLayout@40631398: -1 (52)
D/umd.troyd(28796): android.widget.RelativeLayout@407453a0: -1 (53)
D/umd.troyd(28796): android.widget.RelativeLayout@407454f8: -1 (54)
D/umd.troyd(28796): android.widget.TextView: Walmart Supercenter (55)
D/umd.troyd(28796): android.widget.TextView: 2225 W Interstate 20 (56)
D/umd.troyd(28796): android.widget.TextView: Grand Prairie, TX 75052 (57)
D/umd.troyd(28796): android.widget.RelativeLayout@40745020: -1 (58)
D/umd.troyd(28796): android.widget.LinearLayout@405d8688: 2131558801 (59)
D/umd.troyd(28796): android.widget.TextView: 11.89 (60)
D/umd.troyd(28796): android.widget.TextView: miles (61)
D/umd.troyd(28796): android.widget.TextView:  (62)
D/umd.troyd(28796): android.widget.ImageView@407198b0: 2131558517 (63)
D/umd.troyd(28796): android.widget.LinearLayout@4054be78: -1 (64)
D/umd.troyd(28796): android.widget.RelativeLayout@4054bfc8: -1 (65)
D/umd.troyd(28796): android.widget.RelativeLayout@405f2318: -1 (66)
D/umd.troyd(28796): android.widget.TextView: Walmart Supercenter (67)
D/umd.troyd(28796): android.widget.TextView: 200 Us Highway 80 E (68)
D/umd.troyd(28796): android.widget.TextView: Mesquite, TX 75149 (69)
D/umd.troyd(28796): android.widget.RelativeLayout@407593d0: -1 (70)
D/umd.troyd(28796): android.widget.LinearLayout@40749220: 2131558801 (71)
D/umd.troyd(28796): android.widget.TextView: 12.07 (72)
D/umd.troyd(28796): android.widget.TextView: miles (73)
D/umd.troyd(28796): android.widget.TextView:  (74)
D/umd.troyd(28796): android.widget.ImageView@40518100: 2131558517 (75)
D/umd.troyd(28796): android.widget.LinearLayout@40627538: -1 (76)
D/umd.troyd(28796): android.widget.RelativeLayout@40627728: -1 (77)
D/umd.troyd(28796): android.widget.RelativeLayout@406055c8: -1 (78)
D/umd.troyd(28796): android.widget.TextView: Neighborhood Market (79)
D/umd.troyd(28796): android.widget.TextView: 915 N Town East Blvd (80)
D/umd.troyd(28796): android.widget.TextView: Mesquite, TX 75150 (81)
D/umd.troyd(28796): android.widget.RelativeLayout@407132a0: -1 (82)
D/umd.troyd(28796): android.widget.LinearLayout@407134d8: 2131558801 (83)
D/umd.troyd(28796): android.widget.TextView: 12.30 (84)
D/umd.troyd(28796): android.widget.TextView: miles (85)
D/umd.troyd(28796): android.widget.TextView:  (86)
D/umd.troyd(28796): android.widget.ImageView@40757268: 2131558517 (87)
D/umd.troyd(28796): android.widget.RelativeLayout@4071deb0: 2131558541 (88)
D/umd.troyd(28796): android.widget.GridView@4071ea28: 2131558824 (89)
D/umd.troyd(28796): android.widget.LinearLayout@4071fba8: 2131558538 (90)
D/umd.troyd(28796): android.widget.RelativeLayout@407205a0: 2131558818 (91)
D/umd.troyd(28796): android.widget.ImageButton@40720ef0: 2131558819 (92)
D/umd.troyd(28796): android.widget.RelativeLayout@40721408: -1 (93)
D/umd.troyd(28796): android.widget.ImageView@407217f8: 2131558820 (94)
D/umd.troyd(28796): android.widget.TextView: Stores (95)
D/umd.troyd(28796): android.widget.RelativeLayout@40722700: -1 (96)
D/umd.troyd(28796): android.widget.Button:  (97)
D/umd.troyd(28796): android.widget.ImageView@40723270: 2131558823 (98)
D/umd.troyd(28796): android.widget.LinearLayout@40723500: 2131558542 (99)
D/umd.troyd(28796): got command getViews
D/umd.troyd(28796): android.widget.FrameLayout@406bbe88: 16908290 (0)
D/umd.troyd(28796): android.widget.RelativeLayout@4071b410: 2131558603 (1)
D/umd.troyd(28796): android.widget.LinearLayout@4071b830: -1 (2)
D/umd.troyd(28796): com.walmart.android.ui.ViewStackLayout@4071bd80: 2131558797 (3)
D/umd.troyd(28796): android.widget.RelativeLayout@4072ca40: -1 (4)
D/umd.troyd(28796): android.widget.RelativeLayout@4072cfa8: 2131558790 (5)
D/umd.troyd(28796): android.widget.LinearLayout@4072db28: 2131558790 (6)
D/umd.troyd(28796): android.widget.RelativeLayout@4072e308: -1 (7)
D/umd.troyd(28796): android.widget.Button:  (8)
D/umd.troyd(28796): android.widget.TextView: Search a location (9)
D/umd.troyd(28796): android.widget.Button:  (10)
D/umd.troyd(28796): android.widget.Button:  (11)
D/umd.troyd(28796): android.widget.Button:  (12)
D/umd.troyd(28796): android.widget.RelativeLayout@40732bc0: 2131558791 (13)
D/umd.troyd(28796): com.walmart.android.storelocator.StoreMapView@40733e58: 2131558792 (14)
D/umd.troyd(28796): android.widget.ListView@40703bd0: 2131558521 (15)
D/umd.troyd(28796): android.widget.LinearLayout@40627538: -1 (16)
D/umd.troyd(28796): android.widget.RelativeLayout@40627728: -1 (17)
D/umd.troyd(28796): android.widget.RelativeLayout@406055c8: -1 (18)
D/umd.troyd(28796): android.widget.TextView: Neighborhood Market (19)
D/umd.troyd(28796): android.widget.TextView: 915 N Town East Blvd (20)
D/umd.troyd(28796): android.widget.TextView: Mesquite, TX 75150 (21)
D/umd.troyd(28796): android.widget.RelativeLayout@407132a0: -1 (22)
D/umd.troyd(28796): android.widget.LinearLayout@407134d8: 2131558801 (23)
D/umd.troyd(28796): android.widget.TextView: 12.30 (24)
D/umd.troyd(28796): android.widget.TextView: miles (25)
D/umd.troyd(28796): android.widget.TextView:  (26)
D/umd.troyd(28796): android.widget.ImageView@40757268: 2131558517 (27)
D/umd.troyd(28796): android.widget.LinearLayout@405e4c70: -1 (28)
D/umd.troyd(28796): android.widget.RelativeLayout@405e4e60: -1 (29)
D/umd.troyd(28796): android.widget.RelativeLayout@405e5178: -1 (30)
D/umd.troyd(28796): android.widget.TextView: Walmart Supercenter (31)
D/umd.troyd(28796): android.widget.TextView: 1801 Marketplace Dr (32)
D/umd.troyd(28796): android.widget.TextView: Garland, TX 75041 (33)
D/umd.troyd(28796): android.widget.RelativeLayout@406ae9b8: -1 (34)
D/umd.troyd(28796): android.widget.LinearLayout@406aeca0: 2131558801 (35)
D/umd.troyd(28796): android.widget.TextView: 13.20 (36)
D/umd.troyd(28796): android.widget.TextView: miles (37)
D/umd.troyd(28796): android.widget.TextView:  (38)
D/umd.troyd(28796): android.widget.ImageView@40785a88: 2131558517 (39)
D/umd.troyd(28796): android.widget.LinearLayout@408007f8: -1 (40)
D/umd.troyd(28796): android.widget.RelativeLayout@408009e8: -1 (41)
D/umd.troyd(28796): android.widget.RelativeLayout@40800d90: -1 (42)
D/umd.troyd(28796): android.widget.TextView: Walmart Supercenter (43)
D/umd.troyd(28796): android.widget.TextView: 220 N Highway 175 (44)
D/umd.troyd(28796): android.widget.TextView: Seagoville, TX 75159 (45)
D/umd.troyd(28796): android.widget.RelativeLayout@408020a0: -1 (46)
D/umd.troyd(28796): android.widget.LinearLayout@408024b0: 2131558801 (47)
D/umd.troyd(28796): android.widget.TextView: 13.53 (48)
D/umd.troyd(28796): android.widget.TextView: miles (49)
D/umd.troyd(28796): android.widget.TextView:  (50)
D/umd.troyd(28796): android.widget.ImageView@4060c988: 2131558517 (51)
D/umd.troyd(28796): android.widget.LinearLayout@4060cff0: -1 (52)
D/umd.troyd(28796): android.widget.RelativeLayout@405da720: -1 (53)
D/umd.troyd(28796): android.widget.RelativeLayout@40726d48: -1 (54)
D/umd.troyd(28796): android.widget.TextView: Walmart Supercenter (55)
D/umd.troyd(28796): android.widget.TextView: 4100 W Airport Fwy (56)
D/umd.troyd(28796): android.widget.TextView: Irving, TX 75062 (57)
D/umd.troyd(28796): android.widget.RelativeLayout@40742cf0: -1 (58)
D/umd.troyd(28796): android.widget.LinearLayout@40700018: 2131558801 (59)
D/umd.troyd(28796): android.widget.TextView: 13.96 (60)
D/umd.troyd(28796): android.widget.TextView: miles (61)
D/umd.troyd(28796): android.widget.TextView:  (62)
D/umd.troyd(28796): android.widget.ImageView@4074a7c8: 2131558517 (63)
D/umd.troyd(28796): android.widget.LinearLayout@40792b28: -1 (64)
D/umd.troyd(28796): android.widget.RelativeLayout@4074acd8: -1 (65)
D/umd.troyd(28796): android.widget.RelativeLayout@4055fae0: -1 (66)
D/umd.troyd(28796): android.widget.TextView: Walmart Supercenter (67)
D/umd.troyd(28796): android.widget.TextView: 555 W Interstate 30 (68)
D/umd.troyd(28796): android.widget.TextView: Garland, TX 75043 (69)
D/umd.troyd(28796): android.widget.RelativeLayout@407433f0: -1 (70)
D/umd.troyd(28796): android.widget.LinearLayout@40800650: 2131558801 (71)
D/umd.troyd(28796): android.widget.TextView: 13.98 (72)
D/umd.troyd(28796): android.widget.TextView: miles (73)
D/umd.troyd(28796): android.widget.TextView:  (74)
D/umd.troyd(28796): android.widget.ImageView@405d9c98: 2131558517 (75)
D/umd.troyd(28796): android.widget.LinearLayout@40752cd0: -1 (76)
D/umd.troyd(28796): android.widget.RelativeLayout@40787030: -1 (77)
D/umd.troyd(28796): android.widget.RelativeLayout@407a79f0: -1 (78)
D/umd.troyd(28796): android.widget.TextView: Walmart Supercenter (79)
D/umd.troyd(28796): android.widget.TextView: 9301 Forest Ln (80)
D/umd.troyd(28796): android.widget.TextView: Dallas, TX 75243 (81)
D/umd.troyd(28796): android.widget.RelativeLayout@405f2680: -1 (82)
D/umd.troyd(28796): android.widget.LinearLayout@40608438: 2131558801 (83)
D/umd.troyd(28796): android.widget.TextView: 14.12 (84)
D/umd.troyd(28796): android.widget.TextView: miles (85)
D/umd.troyd(28796): android.widget.TextView:  (86)
D/umd.troyd(28796): android.widget.ImageView@40746a60: 2131558517 (87)
D/umd.troyd(28796): android.widget.RelativeLayout@4071deb0: 2131558541 (88)
D/umd.troyd(28796): android.widget.GridView@4071ea28: 2131558824 (89)
D/umd.troyd(28796): android.widget.LinearLayout@4071fba8: 2131558538 (90)
D/umd.troyd(28796): android.widget.RelativeLayout@407205a0: 2131558818 (91)
D/umd.troyd(28796): android.widget.ImageButton@40720ef0: 2131558819 (92)
D/umd.troyd(28796): android.widget.RelativeLayout@40721408: -1 (93)
D/umd.troyd(28796): android.widget.ImageView@407217f8: 2131558820 (94)
D/umd.troyd(28796): android.widget.TextView: Stores (95)
D/umd.troyd(28796): android.widget.RelativeLayout@40722700: -1 (96)
D/umd.troyd(28796): android.widget.Button:  (97)
D/umd.troyd(28796): android.widget.ImageView@40723270: 2131558823 (98)
D/umd.troyd(28796): android.widget.LinearLayout@40723500: 2131558542 (99)
D/umd.troyd(28796): got command getViews
D/umd.troyd(28796): android.widget.FrameLayout@406bbe88: 16908290 (0)
D/umd.troyd(28796): android.widget.RelativeLayout@4071b410: 2131558603 (1)
D/umd.troyd(28796): android.widget.LinearLayout@4071b830: -1 (2)
D/umd.troyd(28796): com.walmart.android.ui.ViewStackLayout@4071bd80: 2131558797 (3)
D/umd.troyd(28796): android.widget.RelativeLayout@4072ca40: -1 (4)
D/umd.troyd(28796): android.widget.RelativeLayout@4072cfa8: 2131558790 (5)
D/umd.troyd(28796): android.widget.LinearLayout@4072db28: 2131558790 (6)
D/umd.troyd(28796): android.widget.RelativeLayout@4072e308: -1 (7)
D/umd.troyd(28796): android.widget.Button:  (8)
D/umd.troyd(28796): android.widget.TextView: Search a location (9)
D/umd.troyd(28796): android.widget.Button:  (10)
D/umd.troyd(28796): android.widget.Button:  (11)
D/umd.troyd(28796): android.widget.Button:  (12)
D/umd.troyd(28796): android.widget.RelativeLayout@40732bc0: 2131558791 (13)
D/umd.troyd(28796): com.walmart.android.storelocator.StoreMapView@40733e58: 2131558792 (14)
D/umd.troyd(28796): android.widget.ListView@40703bd0: 2131558521 (15)
D/umd.troyd(28796): android.widget.LinearLayout@40752cd0: -1 (16)
D/umd.troyd(28796): android.widget.RelativeLayout@40787030: -1 (17)
D/umd.troyd(28796): android.widget.RelativeLayout@407a79f0: -1 (18)
D/umd.troyd(28796): android.widget.TextView: Walmart Supercenter (19)
D/umd.troyd(28796): android.widget.TextView: 9301 Forest Ln (20)
D/umd.troyd(28796): android.widget.TextView: Dallas, TX 75243 (21)
D/umd.troyd(28796): android.widget.RelativeLayout@405f2680: -1 (22)
D/umd.troyd(28796): android.widget.LinearLayout@40608438: 2131558801 (23)
D/umd.troyd(28796): android.widget.TextView: 14.12 (24)
D/umd.troyd(28796): android.widget.TextView: miles (25)
D/umd.troyd(28796): android.widget.TextView:  (26)
D/umd.troyd(28796): android.widget.ImageView@40746a60: 2131558517 (27)
D/umd.troyd(28796): android.widget.LinearLayout@40747b40: -1 (28)
D/umd.troyd(28796): android.widget.RelativeLayout@40760830: -1 (29)
D/umd.troyd(28796): android.widget.RelativeLayout@4070cdc0: -1 (30)
D/umd.troyd(28796): android.widget.TextView: Neighborhood Market (31)
D/umd.troyd(28796): android.widget.TextView: 12789 Midway Rd (32)
D/umd.troyd(28796): android.widget.TextView: Dallas, TX 75244 (33)
D/umd.troyd(28796): android.widget.RelativeLayout@4054cf98: -1 (34)
D/umd.troyd(28796): android.widget.LinearLayout@40607168: 2131558801 (35)
D/umd.troyd(28796): android.widget.TextView: 14.63 (36)
D/umd.troyd(28796): android.widget.TextView: miles (37)
D/umd.troyd(28796): android.widget.TextView:  (38)
D/umd.troyd(28796): android.widget.ImageView@40627258: 2131558517 (39)
D/umd.troyd(28796): android.widget.LinearLayout@4078e590: -1 (40)
D/umd.troyd(28796): android.widget.RelativeLayout@407a3e50: -1 (41)
D/umd.troyd(28796): android.widget.RelativeLayout@407a3fa8: -1 (42)
D/umd.troyd(28796): android.widget.TextView: Neighborhood Market (43)
D/umd.troyd(28796): android.widget.TextView: 3959 Broadway Blvd (44)
D/umd.troyd(28796): android.widget.TextView: Garland, TX 75043 (45)
D/umd.troyd(28796): android.widget.RelativeLayout@40685af0: -1 (46)
D/umd.troyd(28796): android.widget.LinearLayout@40685c48: 2131558801 (47)
D/umd.troyd(28796): android.widget.TextView: 14.73 (48)
D/umd.troyd(28796): android.widget.TextView: miles (49)
D/umd.troyd(28796): android.widget.TextView:  (50)
D/umd.troyd(28796): android.widget.ImageView@407480d8: 2131558517 (51)
D/umd.troyd(28796): android.widget.LinearLayout@40748228: -1 (52)
D/umd.troyd(28796): android.widget.RelativeLayout@408136f0: -1 (53)
D/umd.troyd(28796): android.widget.RelativeLayout@40813848: -1 (54)
D/umd.troyd(28796): android.widget.TextView: Walmart Store (55)
D/umd.troyd(28796): android.widget.TextView: 13307 Midway Rd (56)
D/umd.troyd(28796): android.widget.TextView: Dallas, TX 75244 (57)
D/umd.troyd(28796): android.widget.RelativeLayout@408122c0: -1 (58)
D/umd.troyd(28796): android.widget.LinearLayout@40812418: 2131558801 (59)
D/umd.troyd(28796): android.widget.TextView: 14.91 (60)
D/umd.troyd(28796): android.widget.TextView: miles (61)
D/umd.troyd(28796): android.widget.TextView:  (62)
D/umd.troyd(28796): android.widget.ImageView@40814ec8: 2131558517 (63)
D/umd.troyd(28796): android.widget.LinearLayout@40631398: -1 (64)
D/umd.troyd(28796): android.widget.RelativeLayout@407453a0: -1 (65)
D/umd.troyd(28796): android.widget.RelativeLayout@407454f8: -1 (66)
D/umd.troyd(28796): android.widget.TextView: Neighborhood Market (67)
D/umd.troyd(28796): android.widget.TextView: 13100 Josey Ln (68)
D/umd.troyd(28796): android.widget.TextView: Farmers Branch, TX 75234 (69)
D/umd.troyd(28796): android.widget.RelativeLayout@40745020: -1 (70)
D/umd.troyd(28796): android.widget.LinearLayout@405d8688: 2131558801 (71)
D/umd.troyd(28796): android.widget.TextView: 15.14 (72)
D/umd.troyd(28796): android.widget.TextView: miles (73)
D/umd.troyd(28796): android.widget.TextView:  (74)
D/umd.troyd(28796): android.widget.ImageView@407198b0: 2131558517 (75)
D/umd.troyd(28796): android.widget.LinearLayout@4054be78: -1 (76)
D/umd.troyd(28796): android.widget.RelativeLayout@4054bfc8: -1 (77)
D/umd.troyd(28796): android.widget.RelativeLayout@405f2318: -1 (78)
D/umd.troyd(28796): android.widget.TextView: Walmart Supercenter (79)
D/umd.troyd(28796): android.widget.TextView: 915 E Randol Mill Rd (80)
D/umd.troyd(28796): android.widget.TextView: Arlington, TX 76011 (81)
D/umd.troyd(28796): android.widget.RelativeLayout@407593d0: -1 (82)
D/umd.troyd(28796): android.widget.LinearLayout@40749220: 2131558801 (83)
D/umd.troyd(28796): android.widget.TextView: 15.36 (84)
D/umd.troyd(28796): android.widget.TextView: miles (85)
D/umd.troyd(28796): android.widget.TextView:  (86)
D/umd.troyd(28796): android.widget.ImageView@40518100: 2131558517 (87)
D/umd.troyd(28796): android.widget.RelativeLayout@4071deb0: 2131558541 (88)
D/umd.troyd(28796): android.widget.GridView@4071ea28: 2131558824 (89)
D/umd.troyd(28796): android.widget.LinearLayout@4071fba8: 2131558538 (90)
D/umd.troyd(28796): android.widget.RelativeLayout@407205a0: 2131558818 (91)
D/umd.troyd(28796): android.widget.ImageButton@40720ef0: 2131558819 (92)
D/umd.troyd(28796): android.widget.RelativeLayout@40721408: -1 (93)
D/umd.troyd(28796): android.widget.ImageView@407217f8: 2131558820 (94)
D/umd.troyd(28796): android.widget.TextView: Stores (95)
D/umd.troyd(28796): android.widget.RelativeLayout@40722700: -1 (96)
D/umd.troyd(28796): android.widget.Button:  (97)
D/umd.troyd(28796): android.widget.ImageView@40723270: 2131558823 (98)
D/umd.troyd(28796): android.widget.LinearLayout@40723500: 2131558542 (99)
