Success
	pkg: /data/local/tmp/troyd.apk
Success
apk: /home/micinski/projects/android/troyd-accuweather/location_testing/../bin/../apks/com.accuweather.android.apk
Loaded suite /home/micinski/projects/android/troyd-accuweather/location_testing/../bin/../testcases/com.accuweather.android
Started
I/umd.troyd( 3270): acp.clientlib.AcpAct
D/umd.troyd( 3270): got command clickImg
D/umd.troyd( 3270): click: 2th image
D/umd.troyd( 3270): got command clickImg
D/umd.troyd( 3270): click: 1th image
D/umd.troyd( 3270): got command getViews
D/umd.troyd( 3270): android.widget.FrameLayout@4061fe58
D/umd.troyd( 3270): android.widget.RelativeLayout@40620ad8
D/umd.troyd( 3270): android.widget.RelativeLayout@40621068
D/umd.troyd( 3270): com.accuweather.android.view.uicomponents.ActionBar@40622638
D/umd.troyd( 3270): android.widget.ImageView@40622f88
D/umd.troyd( 3270): android.widget.ImageButton@40626f28
D/umd.troyd( 3270): android.widget.ImageButton@40627c30
D/umd.troyd( 3270): com.accuweather.android.view.CardLayout@40628d68
D/umd.troyd( 3270): com.accuweather.android.view.CurrentView@405e6368
D/umd.troyd( 3270): android.widget.RelativeLayout@405ea6f0
D/umd.troyd( 3270): android.widget.LinearLayout@40610158
D/umd.troyd( 3270): com.accuweather.android.view.uicomponents.SnapHorizontalScrollView@40618640
D/umd.troyd( 3270): android.widget.LinearLayout@4063e890
D/umd.troyd( 3270): android.widget.LinearLayout@406cdb90
D/umd.troyd( 3270): android.widget.RelativeLayout@406d0658
D/umd.troyd( 3270): android.widget.ImageView@407124a8
D/umd.troyd( 3270): android.widget.ImageView@407a2c88
D/umd.troyd( 3270): android.widget.LinearLayout@405f8848
D/umd.troyd( 3270): android.widget.TextView: NOW
D/umd.troyd( 3270): android.widget.TextView: at 3:32 PM
D/umd.troyd( 3270): android.widget.LinearLayout@407e40b0
D/umd.troyd( 3270): android.widget.TextView: 55°
D/umd.troyd( 3270): android.widget.TextView: F
D/umd.troyd( 3270): android.widget.LinearLayout@4057d148
D/umd.troyd( 3270): android.widget.LinearLayout@4060df00
D/umd.troyd( 3270): android.widget.TextView: RealFeel®
D/umd.troyd( 3270): android.widget.LinearLayout@4062d9f8
D/umd.troyd( 3270): android.widget.TextView: 55°
D/umd.troyd( 3270): android.widget.TextView: F
D/umd.troyd( 3270): android.widget.LinearLayout@4063bd28
D/umd.troyd( 3270): android.widget.LinearLayout@40649100
D/umd.troyd( 3270): android.widget.TextView: 4 PM
D/umd.troyd( 3270): android.widget.TextView: 11/8
D/umd.troyd( 3270): android.widget.ImageView@4066cef8
D/umd.troyd( 3270): android.widget.TextView: 48°
D/umd.troyd( 3270): android.widget.LinearLayout@405e8558
D/umd.troyd( 3270): android.widget.LinearLayout@405f5a00
D/umd.troyd( 3270): android.widget.TextView: 5 PM
D/umd.troyd( 3270): android.widget.TextView: 11/8
D/umd.troyd( 3270): android.widget.ImageView@405fa198
D/umd.troyd( 3270): android.widget.TextView: 46°
D/umd.troyd( 3270): android.widget.LinearLayout@40631410
D/umd.troyd( 3270): android.widget.LinearLayout@4065ff30
D/umd.troyd( 3270): android.widget.TextView: 6 PM
D/umd.troyd( 3270): android.widget.TextView: 11/8
D/umd.troyd( 3270): android.widget.ImageView@40669eb0
D/umd.troyd( 3270): android.widget.TextView: 44°
D/umd.troyd( 3270): android.widget.LinearLayout@4066d3c0
D/umd.troyd( 3270): android.widget.LinearLayout@40689a48
D/umd.troyd( 3270): android.widget.TextView: 7 PM
D/umd.troyd( 3270): android.widget.TextView: 11/8
D/umd.troyd( 3270): android.widget.ImageView@4068aff0
D/umd.troyd( 3270): android.widget.TextView: 41°
D/umd.troyd( 3270): android.widget.LinearLayout@406b2a80
D/umd.troyd( 3270): android.widget.LinearLayout@406b5720
D/umd.troyd( 3270): android.widget.TextView: 8 PM
D/umd.troyd( 3270): android.widget.TextView: 11/8
D/umd.troyd( 3270): android.widget.ImageView@406bf158
D/umd.troyd( 3270): android.widget.TextView: 39°
D/umd.troyd( 3270): android.widget.LinearLayout@406c77e0
D/umd.troyd( 3270): android.widget.LinearLayout@406c8e00
D/umd.troyd( 3270): android.widget.TextView: 9 PM
D/umd.troyd( 3270): android.widget.TextView: 11/8
D/umd.troyd( 3270): android.widget.ImageView@406dc2e8
D/umd.troyd( 3270): android.widget.TextView: 38°
D/umd.troyd( 3270): android.widget.LinearLayout@40701320
D/umd.troyd( 3270): android.widget.LinearLayout@40714bb0
D/umd.troyd( 3270): android.widget.TextView: 10 PM
D/umd.troyd( 3270): android.widget.TextView: 11/8
D/umd.troyd( 3270): android.widget.ImageView@40742b68
D/umd.troyd( 3270): android.widget.TextView: 37°
D/umd.troyd( 3270): android.widget.LinearLayout@40797600
D/umd.troyd( 3270): android.widget.LinearLayout@4079eac8
D/umd.troyd( 3270): android.widget.TextView: 11 PM
D/umd.troyd( 3270): android.widget.TextView: 11/8
D/umd.troyd( 3270): android.widget.ImageView@407c68f8
D/umd.troyd( 3270): android.widget.TextView: 36°
D/umd.troyd( 3270): android.widget.LinearLayout@40845ab8
D/umd.troyd( 3270): android.widget.LinearLayout@40847bc8
D/umd.troyd( 3270): android.widget.TextView: 12 AM
D/umd.troyd( 3270): android.widget.TextView: 11/9
D/umd.troyd( 3270): android.widget.ImageView@40848580
D/umd.troyd( 3270): android.widget.TextView: 35°
D/umd.troyd( 3270): android.widget.LinearLayout@4084d650
D/umd.troyd( 3270): android.widget.LinearLayout@4084f800
D/umd.troyd( 3270): android.widget.TextView: 1 AM
D/umd.troyd( 3270): android.widget.TextView: 11/9
D/umd.troyd( 3270): android.widget.ImageView@40851010
D/umd.troyd( 3270): android.widget.TextView: 34°
D/umd.troyd( 3270): android.widget.LinearLayout@408519c8
D/umd.troyd( 3270): android.widget.LinearLayout@408579d0
D/umd.troyd( 3270): android.widget.TextView: 2 AM
D/umd.troyd( 3270): android.widget.TextView: 11/9
D/umd.troyd( 3270): android.widget.ImageView@40858ca0
D/umd.troyd( 3270): android.widget.TextView: 33°
D/umd.troyd( 3270): android.widget.LinearLayout@4085a498
D/umd.troyd( 3270): android.widget.LinearLayout@4085ae50
D/umd.troyd( 3270): android.widget.TextView: 3 AM
D/umd.troyd( 3270): android.widget.TextView: 11/9
D/umd.troyd( 3270): android.widget.ImageView@40860e00
D/umd.troyd( 3270): android.widget.TextView: 33°
D/umd.troyd( 3270): android.widget.LinearLayout@40863018
D/umd.troyd( 3270): android.widget.LinearLayout@40863930
D/umd.troyd( 3270): android.widget.TextView: 4 AM
D/umd.troyd( 3270): android.widget.TextView: 11/9
D/umd.troyd( 3270): android.widget.ImageView@408642e8
D/umd.troyd( 3270): android.widget.TextView: 32°
D/umd.troyd( 3270): android.widget.LinearLayout@4086a5d0
D/umd.troyd( 3270): android.widget.LinearLayout@4086ca30
D/umd.troyd( 3270): android.widget.TextView: 5 AM
D/umd.troyd( 3270): android.widget.TextView: 11/9
D/umd.troyd( 3270): android.widget.ImageView@4086d348
D/umd.troyd( 3270): android.widget.TextView: 31°
D/umd.troyd( 3270): android.widget.LinearLayout@4086ebe0
D/umd.troyd( 3270): android.widget.LinearLayout@40871b90
D/umd.troyd( 3270): android.widget.TextView: 6 AM
D/umd.troyd( 3270): android.widget.TextView: 11/9
D/umd.troyd( 3270): android.widget.ImageView@40874020
D/umd.troyd( 3270): android.widget.TextView: 29°
D/umd.troyd( 3270): android.widget.LinearLayout@40875830
D/umd.troyd( 3270): android.widget.LinearLayout@40876498
D/umd.troyd( 3270): android.widget.TextView: 7 AM
D/umd.troyd( 3270): android.widget.TextView: 11/9
D/umd.troyd( 3270): android.widget.ImageView@40877e50
D/umd.troyd( 3270): android.widget.TextView: 31°
D/umd.troyd( 3270): android.widget.LinearLayout@40666d30
D/umd.troyd( 3270): android.widget.LinearLayout@40702910
D/umd.troyd( 3270): android.widget.TextView: 8 AM
D/umd.troyd( 3270): android.widget.TextView: 11/9
D/umd.troyd( 3270): android.widget.ImageView@408677a0
D/umd.troyd( 3270): android.widget.TextView: 34°
D/umd.troyd( 3270): android.widget.LinearLayout@406b06b8
D/umd.troyd( 3270): android.widget.LinearLayout@4064d6b8
D/umd.troyd( 3270): android.widget.TextView: 9 AM
D/umd.troyd( 3270): android.widget.TextView: 11/9
D/umd.troyd( 3270): android.widget.ImageView@4064e228
D/umd.troyd( 3270): android.widget.TextView: 39°
D/umd.troyd( 3270): android.widget.LinearLayout@40664de8
D/umd.troyd( 3270): android.widget.LinearLayout@406be7a8
D/umd.troyd( 3270): android.widget.TextView: 10 AM
D/umd.troyd( 3270): android.widget.TextView: 11/9
D/umd.troyd( 3270): android.widget.ImageView@406d5b18
D/umd.troyd( 3270): android.widget.TextView: 45°
D/umd.troyd( 3270): android.widget.LinearLayout@4070a328
D/umd.troyd( 3270): android.widget.LinearLayout@407a0f28
D/umd.troyd( 3270): android.widget.TextView: 11 AM
D/umd.troyd( 3270): android.widget.TextView: 11/9
D/umd.troyd( 3270): android.widget.ImageView@4071c7c0
D/umd.troyd( 3270): android.widget.TextView: 49°
D/umd.troyd( 3270): android.widget.LinearLayout@40770ec8
D/umd.troyd( 3270): android.widget.LinearLayout@40772828
D/umd.troyd( 3270): android.widget.TextView: 12 PM
D/umd.troyd( 3270): android.widget.TextView: 11/9
D/umd.troyd( 3270): android.widget.ImageView@40775ae8
D/umd.troyd( 3270): android.widget.TextView: 50°
D/umd.troyd( 3270): android.widget.LinearLayout@40778da8
D/umd.troyd( 3270): android.widget.LinearLayout@4077a708
D/umd.troyd( 3270): android.widget.TextView: 1 PM
D/umd.troyd( 3270): android.widget.TextView: 11/9
D/umd.troyd( 3270): android.widget.ImageView@4077f460
D/umd.troyd( 3270): android.widget.TextView: 53°
D/umd.troyd( 3270): android.widget.LinearLayout@40780dc0
D/umd.troyd( 3270): android.widget.LinearLayout@40782720
D/umd.troyd( 3270): android.widget.TextView: 2 PM
D/umd.troyd( 3270): android.widget.TextView: 11/9
D/umd.troyd( 3270): android.widget.ImageView@40784080
D/umd.troyd( 3270): android.widget.TextView: 54°
D/umd.troyd( 3270): android.widget.LinearLayout@407cff18
D/umd.troyd( 3270): android.widget.LinearLayout@407d32d8
D/umd.troyd( 3270): android.widget.TextView: 3 PM
D/umd.troyd( 3270): android.widget.TextView: 11/9
D/umd.troyd( 3270): android.widget.ImageView@407d4c38
D/umd.troyd( 3270): android.widget.TextView: 54°
D/umd.troyd( 3270): android.widget.LinearLayout@40641068
D/umd.troyd( 3270): android.widget.LinearLayout@4064b3d8
D/umd.troyd( 3270): android.widget.TextView: 50
D/umd.troyd( 3270): android.widget.TextView: 40
D/umd.troyd( 3270): android.widget.TextView: 30
D/umd.troyd( 3270): android.widget.TextView: 20
D/umd.troyd( 3270): android.widget.HorizontalScrollView@405f8bc0
D/umd.troyd( 3270): android.widget.LinearLayout@4064df00
D/umd.troyd( 3270): com.accuweather.android.view.uicomponents.GraphView@406681e8
D/umd.troyd( 3270): android.widget.LinearLayout@406706a8
D/umd.troyd( 3270): android.widget.LinearLayout@40678628
D/umd.troyd( 3270): android.widget.TextView: Mostly Sunny
D/umd.troyd( 3270): android.widget.LinearLayout@40687868
D/umd.troyd( 3270): android.widget.TableLayout@40638008
D/umd.troyd( 3270): android.widget.TableRow@4062d6f8
D/umd.troyd( 3270): android.widget.TextView: Humidity
D/umd.troyd( 3270): android.widget.TextView: 17%
D/umd.troyd( 3270): android.widget.TableRow@4062e3f0
D/umd.troyd( 3270): android.widget.TextView: Visibility
D/umd.troyd( 3270): android.widget.TextView: 5 mi
D/umd.troyd( 3270): android.widget.TableRow@4065c880
D/umd.troyd( 3270): android.widget.TextView: UV Index
D/umd.troyd( 3270): android.widget.TextView: Low
D/umd.troyd( 3270): android.widget.TableRow@406630c8
D/umd.troyd( 3270): android.widget.TextView: Sunrise
D/umd.troyd( 3270): android.widget.TextView: 6:43 AM
D/umd.troyd( 3270): android.widget.TableRow@40666798
D/umd.troyd( 3270): android.widget.TextView: Sunset
D/umd.troyd( 3270): android.widget.TextView: 4:57 PM
D/umd.troyd( 3270): android.widget.LinearLayout@4068d4c0
D/umd.troyd( 3270): android.widget.RelativeLayout@40642308
D/umd.troyd( 3270): android.widget.ImageView@40695318
D/umd.troyd( 3270): android.widget.TextView: N
D/umd.troyd( 3270): com.accuweather.android.view.uicomponents.DialView@40657010
D/umd.troyd( 3270): android.widget.TextView: WIND
D/umd.troyd( 3270): android.widget.TableLayout@40660880
D/umd.troyd( 3270): android.widget.TableRow@40669bc8
D/umd.troyd( 3270): android.widget.TextView: Speed
D/umd.troyd( 3270): android.widget.TextView: 14 mph
D/umd.troyd( 3270): android.widget.TableRow@4066f4d8
D/umd.troyd( 3270): android.widget.TextView: Gusts
D/umd.troyd( 3270): android.widget.TextView: 14 mph
D/umd.troyd( 3270): android.widget.LinearLayout@4069d9d0
D/umd.troyd( 3270): android.widget.LinearLayout@406caa00
D/umd.troyd( 3270): android.widget.TextView: Partly sunny with chance of rain
D/umd.troyd( 3270): android.widget.LinearLayout@406da448
D/umd.troyd( 3270): android.widget.TableLayout@40660d58
D/umd.troyd( 3270): android.widget.TableRow@406820d0
D/umd.troyd( 3270): android.widget.TextView: RealFeel®
D/umd.troyd( 3270): android.widget.TextView: 
D/umd.troyd( 3270): android.widget.TableRow@40683fb8
D/umd.troyd( 3270): android.widget.TextView: Humidity
D/umd.troyd( 3270): android.widget.TextView: 
D/umd.troyd( 3270): android.widget.TextView: Precipitation
D/umd.troyd( 3270): android.widget.TableLayout@406842c0
D/umd.troyd( 3270): android.widget.TableRow@40685f50
D/umd.troyd( 3270): android.widget.TextView: Rain
D/umd.troyd( 3270): android.widget.TextView: 
D/umd.troyd( 3270): android.widget.TableRow@406888b8
D/umd.troyd( 3270): android.widget.TextView: Snow
D/umd.troyd( 3270): android.widget.TextView: 
D/umd.troyd( 3270): android.widget.TableRow@406affb0
D/umd.troyd( 3270): android.widget.TextView: Ice
D/umd.troyd( 3270): android.widget.TextView: 
D/umd.troyd( 3270): android.widget.LinearLayout@406dc980
D/umd.troyd( 3270): android.widget.RelativeLayout@40649c10
D/umd.troyd( 3270): android.widget.ImageView@407b1000
D/umd.troyd( 3270): android.widget.TextView: 
D/umd.troyd( 3270): com.accuweather.android.view.uicomponents.DialView@40657850
D/umd.troyd( 3270): android.widget.TextView: Wind
D/umd.troyd( 3270): android.widget.TableLayout@4068a490
D/umd.troyd( 3270): android.widget.TableRow@406b0858
D/umd.troyd( 3270): android.widget.TextView: Speed
D/umd.troyd( 3270): android.widget.TextView: 
D/umd.troyd( 3270): android.widget.TableRow@406b2378
D/umd.troyd( 3270): android.widget.TextView: Gusts
D/umd.troyd( 3270): android.widget.TextView: 
D/umd.troyd( 3270): android.widget.LinearLayout@40637e30
D/umd.troyd( 3270): android.widget.ImageView@4065e808
D/umd.troyd( 3270): android.widget.ImageView@40665d18
D/umd.troyd( 3270): android.widget.ImageView@4067ac90
D/umd.troyd( 3270): android.widget.ImageView@40685548
D/umd.troyd( 3270): android.widget.ImageView@40692790
D/umd.troyd( 3270): android.widget.ImageView@406999d0
D/umd.troyd( 3270): android.widget.ImageView@406aca00
D/umd.troyd( 3270): com.accuweather.android.view.uicomponents.SlidingIndicator@4050c720
D/umd.troyd( 3270): com.accuweather.android.tabs.TabBarHost@406087c0
D/umd.troyd( 3270): com.accuweather.android.tabs.TabBar@4050f980
D/umd.troyd( 3270): android.widget.LinearLayout@40602ea8
D/umd.troyd( 3270): com.accuweather.android.tabs.TabButton@405edcd8
D/umd.troyd( 3270): com.accuweather.android.tabs.TabButton@405ff8e8
D/umd.troyd( 3270): com.accuweather.android.tabs.TabButton@406017c8
D/umd.troyd( 3270): com.accuweather.android.tabs.TabButton@405ee728
D/umd.troyd( 3270): android.widget.ImageButton@40606558
D/umd.troyd( 3270): com.accuweather.android.tabs.TabBarOverflowList@405f5cf0
D/umd.troyd( 3270): android.widget.LinearLayout@40611248
D/umd.troyd( 3270): android.widget.LinearLayout@4061bf08
D/umd.troyd( 3270): android.widget.ListView@40535e58
D/umd.troyd( 3270): com.accuweather.android.view.uicomponents.LocationOverlay@4057ec80
D/umd.troyd( 3270): android.widget.LinearLayout@40628990
D/umd.troyd( 3270): android.widget.ImageView@405fb1c8
D/umd.troyd( 3270): android.widget.TextView: Overlea
D/umd.troyd( 3270): com.accuweather.android.view.uicomponents.ExceptionCheckedViewFlipper@405fb938
D/umd.troyd( 3270): android.widget.LinearLayout@40609be0
D/umd.troyd( 3270): android.widget.LinearLayout@40614e48
D/umd.troyd( 3270): android.widget.ListView@40627078
D/umd.troyd( 3270): android.widget.LinearLayout@405f5ef0
D/umd.troyd( 3270): android.widget.Button: Add Location
D/umd.troyd( 3270): android.widget.Button: Favorites
D/umd.troyd( 3270): com.accuweather.android.view.AdView@40592988
D/umd.troyd( 3270): com.amobee.AmobeeAdPlaceholder@406236d8
D/umd.troyd( 3270): org.ormma.view.OrmmaView@405e90c0
D/umd.troyd( 3270): com.accuweather.android.view.uicomponents.ExceptionCheckedViewFlipper@4061ecb8
D/umd.troyd( 3270): android.widget.RelativeLayout@40627d80
D/umd.troyd( 3270): android.widget.RelativeLayout@405a34d0
D/umd.troyd( 3270): android.widget.RelativeLayout@4058e648
D/umd.troyd( 3270): android.widget.ImageView@40572958
D/umd.troyd( 3270): com.accuweather.android.view.CardLayout@40608e58
D/umd.troyd( 3270): android.widget.RelativeLayout@4050e1d8
D/umd.troyd( 3270): com.accuweather.android.view.CardLayout@4050fc50
D/umd.troyd( 3270): got command getActivities
D/umd.troyd( 3270): opened: acp.clientlib.AcpAct
D/umd.troyd( 3270): opened: com.accuweather.android.MainActivity
E
Finished in 79.925973 seconds.

  1) Error:
test_Test(TroydTest):
Timeout::Error: execution expired
    /usr/lib/ruby/1.8/timeout.rb:64:in `sync_logcat'
    /home/micinski/projects/android/troyd-accuweather/location_testing/../bin/../testcases/../bin/adb.rb:124:in `cmd'
    /home/micinski/projects/android/troyd-accuweather/location_testing/../bin/../testcases/../bin/cmd.rb:132:in `no_arg'
    /home/micinski/projects/android/troyd-accuweather/location_testing/../bin/../testcases/../bin/cmd.rb:70:in `finish'
    /home/micinski/projects/android/troyd-accuweather/location_testing/../bin/../testcases/com.accuweather.android.rb:59:in `teardown'
    /home/micinski/projects/android/troyd-accuweather/location_testing/../bin/../testcases/com.accuweather.android.rb:57:in `teardown'

1 tests, 0 assertions, 0 failures, 1 errors
Finished in 79.925973 seconds.

  1) Error:
test_Test(TroydTest):
Timeout::Error: execution expired
    /usr/lib/ruby/1.8/timeout.rb:64:in `sync_logcat'
    /home/micinski/projects/android/troyd-accuweather/location_testing/../bin/../testcases/../bin/adb.rb:124:in `cmd'
    /home/micinski/projects/android/troyd-accuweather/location_testing/../bin/../testcases/../bin/cmd.rb:132:in `no_arg'
    /home/micinski/projects/android/troyd-accuweather/location_testing/../bin/../testcases/../bin/cmd.rb:70:in `finish'
    /home/micinski/projects/android/troyd-accuweather/location_testing/../bin/../testcases/com.accuweather.android.rb:59:in `teardown'
    /home/micinski/projects/android/troyd-accuweather/location_testing/../bin/../testcases/com.accuweather.android.rb:57:in `teardown'

1 tests, 0 assertions, 0 failures, 1 errors
here!
opened activities: 2
acp.clientlib.AcpAct
com.accuweather.android.MainActivity

