android.widget.LinearLayout@40575210
android.widget.FrameLayout@405759f8
android.widget.TextView: Restaurant Finder
android.widget.FrameLayout@405769e0
android.widget.RelativeLayout@40576e98
android.widget.TextView: Loading my location...
android.widget.TextView: No contents.
android.widget.LinearLayout@40577d88
com.google.ads.AdView@4057a0e0
g@4057c570
android.widget.ListView@40578058
android.widget.LinearLayout@405aa560
android.widget.LinearLayout@4054d4a0
android.widget.TextView: Mc Donald's
android.widget.LinearLayout@4054dab8
android.widget.TextView: (972) 289-2950
android.widget.TextView: 1.64 Km
android.widget.TextView: 2012 West Scyene Road Mesquite, TX
android.widget.LinearLayout@40561ab8
android.widget.LinearLayout@40561cd0
android.widget.TextView: IHOP Restaurant
android.widget.LinearLayout@405a9318
android.widget.TextView: (972) 285-1513
android.widget.TextView: 1.86 Km
android.widget.TextView: 101 Grand Junction Blvd Mesquite, TX
android.widget.LinearLayout@405ad338
android.widget.LinearLayout@405ad518
android.widget.TextView: Cheddar's Casual Cafe
android.widget.LinearLayout@4058b790
android.widget.TextView: (972) 329-7082
android.widget.TextView: 1.98 Km
android.widget.TextView: 1320 North Peachtree Road Mesquite, TX
android.widget.LinearLayout@405a55b0
android.widget.LinearLayout@405a57c8
android.widget.TextView: Texas Roadhouse
android.widget.LinearLayout@405adf50
android.widget.TextView: (972) 289-4473
android.widget.TextView: 2.11 Km
android.widget.TextView: 1420 North Peachtree Road Mesquite, TX
android.widget.LinearLayout@40511a08
android.widget.LinearLayout@40511c20
android.widget.TextView: Martinez Restaurant
android.widget.LinearLayout@405a69e8
android.widget.TextView: (972) 288-7772
android.widget.TextView: 2.31 Km
android.widget.TextView: 901 Gross Road Mesquite, TX
android.widget.LinearLayout@40522858
android.widget.LinearLayout@40522a70
android.widget.TextView: Panera Bread
android.widget.LinearLayout@405973a0
android.widget.TextView: (972) 613-3300
android.widget.TextView: 3.5 Km
android.widget.TextView: 18641 Lyndon B Johnson Freeway Mesquite, TX
android.widget.LinearLayout@40575210
android.widget.FrameLayout@405759f8
android.widget.TextView: Restaurant Finder
android.widget.FrameLayout@405769e0
android.widget.RelativeLayout@40576e98
android.widget.TextView: Loading my location...
android.widget.TextView: No contents.
android.widget.LinearLayout@40577d88
com.google.ads.AdView@4057a0e0
g@4057c570
android.widget.ListView@40578058
android.widget.LinearLayout@405a55b0
android.widget.LinearLayout@405a57c8
android.widget.TextView: Texas Roadhouse
android.widget.LinearLayout@405adf50
android.widget.TextView: (972) 289-4473
android.widget.TextView: 2.11 Km
android.widget.TextView: 1420 North Peachtree Road Mesquite, TX
android.widget.LinearLayout@40511a08
android.widget.LinearLayout@40511c20
android.widget.TextView: Martinez Restaurant
android.widget.LinearLayout@405a69e8
android.widget.TextView: (972) 288-7772
android.widget.TextView: 2.31 Km
android.widget.TextView: 901 Gross Road Mesquite, TX
android.widget.LinearLayout@40522858
android.widget.LinearLayout@40522a70
android.widget.TextView: Panera Bread
android.widget.LinearLayout@405973a0
android.widget.TextView: (972) 613-3300
android.widget.TextView: 3.5 Km
android.widget.TextView: 18641 Lyndon B Johnson Freeway Mesquite, TX
android.widget.LinearLayout@40516828
android.widget.LinearLayout@405169f8
android.widget.TextView: Baker's Ribs
android.widget.LinearLayout@405170b0
android.widget.TextView: (972) 285-4747
android.widget.TextView: 3.81 Km
android.widget.TextView: 2202 North Galloway Avenue Mesquite, TX
android.widget.LinearLayout@40518ae0
android.widget.LinearLayout@40518cf8
android.widget.TextView: Atheneos Greek Village Cafe
android.widget.LinearLayout@4051a0c8
android.widget.TextView: (972) 279-4733
android.widget.TextView: 4.41 Km
android.widget.TextView: 1765 North Town East Boulevard Mesquite, TX
