android.widget.LinearLayout@40574da0
android.widget.FrameLayout@40575588
android.widget.TextView: Restaurant Finder
android.widget.FrameLayout@40576570
android.widget.RelativeLayout@40576a28
android.widget.TextView: Loading my location...
android.widget.TextView: No contents.
android.widget.LinearLayout@40577918
com.google.ads.AdView@40579c70
g@4057c100
android.widget.ListView@40577be8
android.widget.LinearLayout@40561368
android.widget.LinearLayout@40561538
android.widget.TextView: Mc Donald's
android.widget.LinearLayout@405a8e18
android.widget.TextView: (972) 289-2950
android.widget.TextView: 1.64 Km
android.widget.TextView: 2012 West Scyene Road Mesquite, TX
android.widget.LinearLayout@4058b098
android.widget.LinearLayout@4058b290
android.widget.TextView: IHOP Restaurant
android.widget.LinearLayout@4050ee10
android.widget.TextView: (972) 285-1513
android.widget.TextView: 1.93 Km
android.widget.TextView: 101 Grand Junction Blvd Mesquite, TX
android.widget.LinearLayout@405a2698
android.widget.LinearLayout@405a5140
android.widget.TextView: Subway
android.widget.LinearLayout@405a5710
android.widget.TextView: (972) 289-7827
android.widget.TextView: 2.15 Km
android.widget.TextView: 1704 Military Parkway Mesquite, TX
android.widget.LinearLayout@40512880
android.widget.LinearLayout@40512a60
android.widget.TextView: Texas Roadhouse
android.widget.LinearLayout@40595700
android.widget.TextView: (972) 289-4473
android.widget.TextView: 2.49 Km
android.widget.TextView: 1420 North Peachtree Road Mesquite, TX
android.widget.LinearLayout@4059f128
android.widget.LinearLayout@4059f2e8
android.widget.TextView: Martinez Restaurant
android.widget.LinearLayout@40522358
android.widget.TextView: (972) 288-7772
android.widget.TextView: 2.55 Km
android.widget.TextView: 901 Gross Road Mesquite, TX
android.widget.LinearLayout@405a8470
android.widget.LinearLayout@4052a010
android.widget.TextView: Panera Bread
android.widget.LinearLayout@4058d248
android.widget.TextView: (972) 613-3300
android.widget.TextView: 3.93 Km
android.widget.TextView: 18641 Lyndon B Johnson Freeway Mesquite, TX
android.widget.LinearLayout@40574da0
android.widget.FrameLayout@40575588
android.widget.TextView: Restaurant Finder
android.widget.FrameLayout@40576570
android.widget.RelativeLayout@40576a28
android.widget.TextView: Loading my location...
android.widget.TextView: No contents.
android.widget.LinearLayout@40577918
com.google.ads.AdView@40579c70
g@4057c100
android.widget.ListView@40577be8
android.widget.LinearLayout@40512880
android.widget.LinearLayout@40512a60
android.widget.TextView: Texas Roadhouse
android.widget.LinearLayout@40595700
android.widget.TextView: (972) 289-4473
android.widget.TextView: 2.49 Km
android.widget.TextView: 1420 North Peachtree Road Mesquite, TX
android.widget.LinearLayout@4059f128
android.widget.LinearLayout@4059f2e8
android.widget.TextView: Martinez Restaurant
android.widget.LinearLayout@40522358
android.widget.TextView: (972) 288-7772
android.widget.TextView: 2.55 Km
android.widget.TextView: 901 Gross Road Mesquite, TX
android.widget.LinearLayout@405a8470
android.widget.LinearLayout@4052a010
android.widget.TextView: Panera Bread
android.widget.LinearLayout@4058d248
android.widget.TextView: (972) 613-3300
android.widget.TextView: 3.93 Km
android.widget.TextView: 18641 Lyndon B Johnson Freeway Mesquite, TX
android.widget.LinearLayout@40644350
android.widget.LinearLayout@40644568
android.widget.TextView: Baker's Ribs
android.widget.LinearLayout@40644c20
android.widget.TextView: (972) 285-4747
android.widget.TextView: 4.2 Km
android.widget.TextView: 2202 North Galloway Avenue Mesquite, TX
android.widget.LinearLayout@406460f0
android.widget.LinearLayout@40646308
android.widget.TextView: Atheneos Greek Village Cafe
android.widget.LinearLayout@406469c0
android.widget.TextView: (972) 279-4733
android.widget.TextView: 4.85 Km
android.widget.TextView: 1765 North Town East Boulevard Mesquite, TX
