android.widget.FrameLayout@405824e0
android.widget.LinearLayout@40582f90
android.widget.FrameLayout@40583240
android.widget.ImageView@405834f0
android.widget.RelativeLayout@40583988
android.widget.ImageButton@40583f98
android.widget.EditText: 
android.widget.Button: Map
android.widget.RelativeLayout@40587648
android.widget.EditText: 
android.widget.Button: Cancel
android.widget.RelativeLayout@40589a58
android.widget.LinearLayout@40589e00
android.widget.TextView: Locations
com.google.android.maps.MapView@4058b5f8
android.widget.LinearLayout@4053c6e8
android.widget.TextView: Locations
android.widget.ScrollView@405287f8
android.widget.TableLayout@406090c8
android.widget.TableRow@4062ab38
android.widget.TextView: No search results found
android.widget.FrameLayout@405285a0
android.widget.ImageView@405519e8
android.widget.Button: Filter
android.widget.LinearLayout@4057bde8
android.widget.FrameLayout@40550100
android.widget.ImageView@405ac560
android.widget.Button: Filter
android.widget.FrameLayout@4061a698
android.widget.Button: Done
android.widget.FrameLayout@4061cf38
android.widget.ImageView@40620f20
android.widget.TextView: Stores
android.widget.ImageView@40624d08
android.widget.FrameLayout@40627390
android.widget.ImageView@40625e80
android.widget.TextView: ATMs
android.widget.ImageView@4062f1b8
