android.widget.LinearLayout@40573fd0
android.widget.FrameLayout@405747b8
android.widget.TextView: Restaurant Finder
android.widget.FrameLayout@405757a0
android.widget.RelativeLayout@40575c58
android.widget.TextView: Loading my location...
android.widget.TextView: No contents.
android.widget.LinearLayout@40576b48
com.google.ads.AdView@40578ea0
g@4057b330
android.widget.ListView@40576e18
android.widget.LinearLayout@4058c9c0
android.widget.LinearLayout@40588500
android.widget.TextView: Perry's Pizzeria
android.widget.LinearLayout@4058d518
android.widget.TextView: (410) 866-7827
android.widget.TextView: 0.65 Km
android.widget.TextView: 4918 Hazelwood Avenue Baltimore, MD
android.widget.LinearLayout@40520628
android.widget.LinearLayout@4052c660
android.widget.TextView: Arlon's
android.widget.LinearLayout@405ac4e8
android.widget.TextView: (410) 866-6060
android.widget.TextView: 0.66 Km
android.widget.TextView: 4918 Hazelwood Avenue Baltimore, MD
android.widget.LinearLayout@40571b50
android.widget.LinearLayout@40514a08
android.widget.TextView: C/R Custom Engraving
android.widget.LinearLayout@40552cc0
android.widget.TextView: (410) 426-0387
android.widget.TextView: 0.73 Km
android.widget.TextView: 4208 Kolb Avenue Baltimore, MD
android.widget.LinearLayout@40560d18
android.widget.LinearLayout@40571e50
android.widget.TextView: Popeyes
android.widget.LinearLayout@40591768
android.widget.TextView: (410) 444-4377
android.widget.TextView: 0.9 Km
android.widget.TextView: 6642 Belair Road Baltimore, MD
android.widget.LinearLayout@405a85b0
android.widget.LinearLayout@40540490
android.widget.TextView: Elmwood Tavern
android.widget.LinearLayout@40546ce8
android.widget.TextView: (410) 665-2660
android.widget.TextView: 0.93 Km
android.widget.TextView: 4423 Kenwood Avenue Baltimore, MD
android.widget.LinearLayout@40581488
android.widget.LinearLayout@4058a0f8
android.widget.TextView: Deniro's Pizza & Subs
android.widget.LinearLayout@4058aa78
android.widget.TextView: (410) 661-5959
android.widget.TextView: 1.0 Km
android.widget.TextView: 6701 Belair Road Baltimore, MD
android.widget.LinearLayout@40573fd0
android.widget.FrameLayout@405747b8
android.widget.TextView: Restaurant Finder
android.widget.FrameLayout@405757a0
android.widget.RelativeLayout@40575c58
android.widget.TextView: Loading my location...
android.widget.TextView: No contents.
android.widget.LinearLayout@40576b48
com.google.ads.AdView@40578ea0
g@4057b330
android.widget.ListView@40576e18
android.widget.LinearLayout@40581488
android.widget.LinearLayout@4058a0f8
android.widget.TextView: Deniro's Pizza & Subs
android.widget.LinearLayout@4058aa78
android.widget.TextView: (410) 661-5959
android.widget.TextView: 1.0 Km
android.widget.TextView: 6701 Belair Road Baltimore, MD
android.widget.LinearLayout@40655910
android.widget.LinearLayout@40655b28
android.widget.TextView: Great China Express Restaurant
android.widget.LinearLayout@406561e0
android.widget.TextView: (410) 444-1666
android.widget.TextView: 1.02 Km
android.widget.TextView: 6604 Belair Road Baltimore, MD
android.widget.LinearLayout@406576b0
android.widget.LinearLayout@406578c8
android.widget.TextView: Pizza Village
android.widget.LinearLayout@40657f80
android.widget.TextView: (410) 882-8686
android.widget.TextView: 1.06 Km
android.widget.TextView: 6715 Belair Road Baltimore, MD
android.widget.LinearLayout@40659450
android.widget.LinearLayout@40659668
android.widget.TextView: Overlea Station
android.widget.LinearLayout@40659d20
android.widget.TextView: (410) 661-3211
android.widget.TextView: 1.21 Km
android.widget.TextView: 6900 Belair Road Baltimore, MD
android.widget.LinearLayout@4065b1f0
android.widget.LinearLayout@4065b408
android.widget.TextView: Curran's Delly
android.widget.LinearLayout@4065bac0
android.widget.TextView: (410) 483-4850
android.widget.TextView: 1.65 Km
android.widget.TextView: 5510 U.S. 1 Baltimore, MD
android.widget.LinearLayout@4065cf90
android.widget.LinearLayout@4065d1a8
android.widget.TextView: Fun Wok Restaurant
android.widget.LinearLayout@4065d860
android.widget.TextView: (410) 668-0001
android.widget.TextView: 1.74 Km
android.widget.TextView: 7400 Belair Road Baltimore, MD
android.widget.LinearLayout@40573fd0
android.widget.FrameLayout@405747b8
android.widget.TextView: Restaurant Finder
android.widget.FrameLayout@405757a0
android.widget.RelativeLayout@40575c58
android.widget.TextView: Loading my location...
android.widget.TextView: No contents.
android.widget.LinearLayout@40576b48
com.google.ads.AdView@40578ea0
g@4057b330
android.widget.ListView@40576e18
android.widget.LinearLayout@4065cf90
android.widget.LinearLayout@4065d1a8
android.widget.TextView: Fun Wok Restaurant
android.widget.LinearLayout@4065d860
android.widget.TextView: (410) 668-0001
android.widget.TextView: 1.74 Km
android.widget.TextView: 7400 Belair Road Baltimore, MD
android.widget.LinearLayout@4058c9c0
android.widget.LinearLayout@40588500
android.widget.TextView: Mount Everest Restaurant
android.widget.LinearLayout@4058d518
android.widget.TextView: (410) 325-8166
android.widget.TextView: 2.08 Km
android.widget.TextView: 4907 Frankford Avenue Baltimore, MD
android.widget.LinearLayout@40520628
android.widget.LinearLayout@4052c660
android.widget.TextView: Bill Bateman's Express
android.widget.LinearLayout@405ac4e8
android.widget.TextView: (410) 866-8490
android.widget.TextView: 2.3 Km
android.widget.TextView: 6241 Kenwood Avenue Rosedale, MD
android.widget.LinearLayout@40571b50
android.widget.LinearLayout@40514a08
android.widget.TextView: Pat's Pizza
android.widget.LinearLayout@40552cc0
android.widget.TextView: (410) 866-5111
android.widget.TextView: 2.32 Km
android.widget.TextView: 6301 Kenwood Avenue Rosedale, MD
android.widget.LinearLayout@40560d18
android.widget.LinearLayout@40571e50
android.widget.TextView: Subway
android.widget.LinearLayout@40591768
android.widget.TextView: (443) 868-0999
android.widget.TextView: 2.41 Km
android.widget.TextView: 6322 Kenwood Avenue Rosedale, MD
android.widget.LinearLayout@405a85b0
android.widget.LinearLayout@40540490
android.widget.TextView: Carrabba's Italian Grill
android.widget.LinearLayout@40546ce8
android.widget.TextView: (410) 661-5444
android.widget.TextView: 2.44 Km
android.widget.TextView: 7600 Belair Road Baltimore, MD
android.widget.LinearLayout@40573fd0
android.widget.FrameLayout@405747b8
android.widget.TextView: Restaurant Finder
android.widget.FrameLayout@405757a0
android.widget.RelativeLayout@40575c58
android.widget.TextView: Loading my location...
android.widget.TextView: No contents.
android.widget.LinearLayout@40576b48
com.google.ads.AdView@40578ea0
g@4057b330
android.widget.ListView@40576e18
android.widget.LinearLayout@405a85b0
android.widget.LinearLayout@40540490
android.widget.TextView: Carrabba's Italian Grill
android.widget.LinearLayout@40546ce8
android.widget.TextView: (410) 661-5444
android.widget.TextView: 2.44 Km
android.widget.TextView: 7600 Belair Road Baltimore, MD
android.widget.LinearLayout@40581488
android.widget.LinearLayout@4058a0f8
android.widget.TextView: Valentino's Restaurant
android.widget.LinearLayout@4058aa78
android.widget.TextView: (410) 254-4700
android.widget.TextView: 2.57 Km
android.widget.TextView: 6627 Harford Road Baltimore, MD
android.widget.LinearLayout@40655910
android.widget.LinearLayout@40655b28
android.widget.TextView: Big Bad Wolf's House of Barbeque
android.widget.LinearLayout@406561e0
android.widget.TextView: (410) 444-6422
android.widget.TextView: 2.58 Km
android.widget.TextView: 5713 Harford Road Baltimore, MD
android.widget.LinearLayout@406576b0
android.widget.LinearLayout@406578c8
android.widget.TextView: Skipjacks Crab House
android.widget.LinearLayout@40657f80
android.widget.TextView: (410) 668-5053
android.widget.TextView: 2.59 Km
android.widget.TextView: 7703 Belair Road Baltimore, MD
android.widget.LinearLayout@40659450
android.widget.LinearLayout@40659668
android.widget.TextView: Hamilton Tavern
android.widget.LinearLayout@40659d20
android.widget.TextView: (410) 426-1930
android.widget.TextView: 2.65 Km
android.widget.TextView: 5517 Harford Road Baltimore, MD
android.widget.LinearLayout@4065b1f0
android.widget.LinearLayout@4065b408
android.widget.TextView: Los Amigos
android.widget.LinearLayout@4065bac0
android.widget.TextView: (410) 444-4220
android.widget.TextView: 2.68 Km
android.widget.TextView: 5506 Harford Road Baltimore, MD
android.widget.LinearLayout@40573fd0
android.widget.FrameLayout@405747b8
android.widget.TextView: Restaurant Finder
android.widget.FrameLayout@405757a0
android.widget.RelativeLayout@40575c58
android.widget.TextView: Loading my location...
android.widget.TextView: No contents.
android.widget.LinearLayout@40576b48
com.google.ads.AdView@40578ea0
g@4057b330
android.widget.ListView@40576e18
android.widget.LinearLayout@406576b0
android.widget.LinearLayout@406578c8
android.widget.TextView: Skipjacks Crab House
android.widget.LinearLayout@40657f80
android.widget.TextView: (410) 668-5053
android.widget.TextView: 2.59 Km
android.widget.TextView: 7703 Belair Road Baltimore, MD
android.widget.LinearLayout@40659450
android.widget.LinearLayout@40659668
android.widget.TextView: Hamilton Tavern
android.widget.LinearLayout@40659d20
android.widget.TextView: (410) 426-1930
android.widget.TextView: 2.65 Km
android.widget.TextView: 5517 Harford Road Baltimore, MD
android.widget.LinearLayout@4065b1f0
android.widget.LinearLayout@4065b408
android.widget.TextView: Los Amigos
android.widget.LinearLayout@4065bac0
android.widget.TextView: (410) 444-4220
android.widget.TextView: 2.68 Km
android.widget.TextView: 5506 Harford Road Baltimore, MD
android.widget.LinearLayout@4065cf90
android.widget.LinearLayout@4065d1a8
android.widget.TextView: Clementine
android.widget.LinearLayout@4065d860
android.widget.TextView: (410) 444-1497
android.widget.TextView: 2.74 Km
android.widget.TextView: 5402 Harford Road Baltimore, MD
android.widget.LinearLayout@4058c9c0
android.widget.LinearLayout@40588500
android.widget.TextView: Pastore's of Rosedale
android.widget.LinearLayout@4058d518
android.widget.TextView: (410) 686-1884
android.widget.TextView: 3.15 Km
android.widget.TextView: 8442 Philadelphia Road Baltimore, MD
android.widget.LinearLayout@40520628
android.widget.LinearLayout@4052c660
android.widget.TextView: Dellis' Bar & Grill
android.widget.LinearLayout@405ac4e8
android.widget.TextView: (410) 918-1600
android.widget.TextView: 4.03 Km
android.widget.TextView: 8776 Philadelphia Road White Marsh, MD
