Success
	pkg: /data/local/tmp/troyd.apk
Success
apk: /home/micinski/projects/android/troyd-accuweather/location_testing/../bin/../apks/com.accuweather.android.apk
Loaded suite /home/micinski/projects/android/troyd-accuweather/location_testing/../bin/../testcases/com.accuweather.android
Started
I/umd.troyd(13430): acp.clientlib.AcpAct
D/umd.troyd(13430): got command clickImg
D/umd.troyd(13430): click: 2th image
D/umd.troyd(13430): got command clickImg
D/umd.troyd(13430): click: 1th image
D/umd.troyd(13430): got command getViews
D/umd.troyd(13430): android.widget.FrameLayout@40622c30
D/umd.troyd(13430): android.widget.RelativeLayout@406238b0
D/umd.troyd(13430): android.widget.RelativeLayout@40623e40
D/umd.troyd(13430): com.accuweather.android.view.uicomponents.ActionBar@40625410
D/umd.troyd(13430): android.widget.ImageView@40625d60
D/umd.troyd(13430): android.widget.ImageButton@40629d00
D/umd.troyd(13430): android.widget.ImageButton@4062aa08
D/umd.troyd(13430): com.accuweather.android.view.CardLayout@4050a508
D/umd.troyd(13430): com.accuweather.android.view.CurrentView@40707890
D/umd.troyd(13430): android.widget.RelativeLayout@407a0258
D/umd.troyd(13430): android.widget.LinearLayout@407a8c30
D/umd.troyd(13430): com.accuweather.android.view.uicomponents.SnapHorizontalScrollView@407a9e58
D/umd.troyd(13430): android.widget.LinearLayout@407aa5d0
D/umd.troyd(13430): android.widget.LinearLayout@40653ba8
D/umd.troyd(13430): android.widget.RelativeLayout@40695e48
D/umd.troyd(13430): android.widget.ImageView@4069afc0
D/umd.troyd(13430): android.widget.ImageView@406a0648
D/umd.troyd(13430): android.widget.LinearLayout@406bffe0
D/umd.troyd(13430): android.widget.TextView: NOW
D/umd.troyd(13430): android.widget.TextView: at 4:56 PM
D/umd.troyd(13430): android.widget.LinearLayout@40747ae0
D/umd.troyd(13430): android.widget.TextView: 52°
D/umd.troyd(13430): android.widget.TextView: F
D/umd.troyd(13430): android.widget.LinearLayout@40748938
D/umd.troyd(13430): android.widget.LinearLayout@407b4080
D/umd.troyd(13430): android.widget.TextView: RealFeel®
D/umd.troyd(13430): android.widget.LinearLayout@407c04c8
D/umd.troyd(13430): android.widget.TextView: 45°
D/umd.troyd(13430): android.widget.TextView: F
D/umd.troyd(13430): android.widget.LinearLayout@408724c8
D/umd.troyd(13430): android.widget.LinearLayout@4078d530
D/umd.troyd(13430): android.widget.TextView: 5 PM
D/umd.troyd(13430): android.widget.TextView: 11/8
D/umd.troyd(13430): android.widget.ImageView@4079a4b0
D/umd.troyd(13430): android.widget.TextView: 49°
D/umd.troyd(13430): android.widget.LinearLayout@4069dd68
D/umd.troyd(13430): android.widget.LinearLayout@406a4960
D/umd.troyd(13430): android.widget.TextView: 6 PM
D/umd.troyd(13430): android.widget.TextView: 11/8
D/umd.troyd(13430): android.widget.ImageView@406fb8b8
D/umd.troyd(13430): android.widget.TextView: 46°
D/umd.troyd(13430): android.widget.LinearLayout@406fbdd8
D/umd.troyd(13430): android.widget.LinearLayout@406fe7e0
D/umd.troyd(13430): android.widget.TextView: 7 PM
D/umd.troyd(13430): android.widget.TextView: 11/8
D/umd.troyd(13430): android.widget.ImageView@40750070
D/umd.troyd(13430): android.widget.TextView: 43°
D/umd.troyd(13430): android.widget.LinearLayout@40783c90
D/umd.troyd(13430): android.widget.LinearLayout@40793ba8
D/umd.troyd(13430): android.widget.TextView: 8 PM
D/umd.troyd(13430): android.widget.TextView: 11/8
D/umd.troyd(13430): android.widget.ImageView@40870090
D/umd.troyd(13430): android.widget.TextView: 39°
D/umd.troyd(13430): android.widget.LinearLayout@4066c800
D/umd.troyd(13430): android.widget.LinearLayout@4066d3f8
D/umd.troyd(13430): android.widget.TextView: 9 PM
D/umd.troyd(13430): android.widget.TextView: 11/8
D/umd.troyd(13430): android.widget.ImageView@406b6120
D/umd.troyd(13430): android.widget.TextView: 39°
D/umd.troyd(13430): android.widget.LinearLayout@406bfb48
D/umd.troyd(13430): android.widget.LinearLayout@406ddac0
D/umd.troyd(13430): android.widget.TextView: 10 PM
D/umd.troyd(13430): android.widget.TextView: 11/8
D/umd.troyd(13430): android.widget.ImageView@406e4600
D/umd.troyd(13430): android.widget.TextView: 37°
D/umd.troyd(13430): android.widget.LinearLayout@40795610
D/umd.troyd(13430): android.widget.LinearLayout@40641638
D/umd.troyd(13430): android.widget.TextView: 11 PM
D/umd.troyd(13430): android.widget.TextView: 11/8
D/umd.troyd(13430): android.widget.ImageView@40767c98
D/umd.troyd(13430): android.widget.TextView: 36°
D/umd.troyd(13430): android.widget.LinearLayout@40748140
D/umd.troyd(13430): android.widget.LinearLayout@405f0e90
D/umd.troyd(13430): android.widget.TextView: 12 AM
D/umd.troyd(13430): android.widget.TextView: 11/9
D/umd.troyd(13430): android.widget.ImageView@407632b8
D/umd.troyd(13430): android.widget.TextView: 35°
D/umd.troyd(13430): android.widget.LinearLayout@408733c0
D/umd.troyd(13430): android.widget.LinearLayout@40757910
D/umd.troyd(13430): android.widget.TextView: 1 AM
D/umd.troyd(13430): android.widget.TextView: 11/9
D/umd.troyd(13430): android.widget.ImageView@4063c6b0
D/umd.troyd(13430): android.widget.TextView: 34°
D/umd.troyd(13430): android.widget.LinearLayout@405f3e30
D/umd.troyd(13430): android.widget.LinearLayout@405fb6c8
D/umd.troyd(13430): android.widget.TextView: 2 AM
D/umd.troyd(13430): android.widget.TextView: 11/9
D/umd.troyd(13430): android.widget.ImageView@4062b578
D/umd.troyd(13430): android.widget.TextView: 33°
D/umd.troyd(13430): android.widget.LinearLayout@40697310
D/umd.troyd(13430): android.widget.LinearLayout@407b7470
D/umd.troyd(13430): android.widget.TextView: 3 AM
D/umd.troyd(13430): android.widget.TextView: 11/9
D/umd.troyd(13430): android.widget.ImageView@407bb5b8
D/umd.troyd(13430): android.widget.TextView: 33°
D/umd.troyd(13430): android.widget.LinearLayout@407b4aa8
D/umd.troyd(13430): android.widget.LinearLayout@4057b670
D/umd.troyd(13430): android.widget.TextView: 4 AM
D/umd.troyd(13430): android.widget.TextView: 11/9
D/umd.troyd(13430): android.widget.ImageView@405f08f8
D/umd.troyd(13430): android.widget.TextView: 32°
D/umd.troyd(13430): android.widget.LinearLayout@4069ec80
D/umd.troyd(13430): android.widget.LinearLayout@4079fa48
D/umd.troyd(13430): android.widget.TextView: 5 AM
D/umd.troyd(13430): android.widget.TextView: 11/9
D/umd.troyd(13430): android.widget.ImageView@407a0508
D/umd.troyd(13430): android.widget.TextView: 31°
D/umd.troyd(13430): android.widget.LinearLayout@4065d030
D/umd.troyd(13430): android.widget.LinearLayout@406dca58
D/umd.troyd(13430): android.widget.TextView: 6 AM
D/umd.troyd(13430): android.widget.TextView: 11/9
D/umd.troyd(13430): android.widget.ImageView@40706de0
D/umd.troyd(13430): android.widget.TextView: 30°
D/umd.troyd(13430): android.widget.LinearLayout@40743d40
D/umd.troyd(13430): android.widget.LinearLayout@407597d8
D/umd.troyd(13430): android.widget.TextView: 7 AM
D/umd.troyd(13430): android.widget.TextView: 11/9
D/umd.troyd(13430): android.widget.ImageView@407b67d0
D/umd.troyd(13430): android.widget.TextView: 31°
D/umd.troyd(13430): android.widget.LinearLayout@407647e0
D/umd.troyd(13430): android.widget.LinearLayout@40634258
D/umd.troyd(13430): android.widget.TextView: 8 AM
D/umd.troyd(13430): android.widget.TextView: 11/9
D/umd.troyd(13430): android.widget.ImageView@40637348
D/umd.troyd(13430): android.widget.TextView: 35°
D/umd.troyd(13430): android.widget.LinearLayout@4066daf0
D/umd.troyd(13430): android.widget.LinearLayout@40682a18
D/umd.troyd(13430): android.widget.TextView: 9 AM
D/umd.troyd(13430): android.widget.TextView: 11/9
D/umd.troyd(13430): android.widget.ImageView@406f8718
D/umd.troyd(13430): android.widget.TextView: 40°
D/umd.troyd(13430): android.widget.LinearLayout@40744338
D/umd.troyd(13430): android.widget.LinearLayout@4075ab90
D/umd.troyd(13430): android.widget.TextView: 10 AM
D/umd.troyd(13430): android.widget.TextView: 11/9
D/umd.troyd(13430): android.widget.ImageView@407a0768
D/umd.troyd(13430): android.widget.TextView: 45°
D/umd.troyd(13430): android.widget.LinearLayout@4066c130
D/umd.troyd(13430): android.widget.LinearLayout@406a9da0
D/umd.troyd(13430): android.widget.TextView: 11 AM
D/umd.troyd(13430): android.widget.TextView: 11/9
D/umd.troyd(13430): android.widget.ImageView@406fa920
D/umd.troyd(13430): android.widget.TextView: 50°
D/umd.troyd(13430): android.widget.LinearLayout@4071f430
D/umd.troyd(13430): android.widget.LinearLayout@4086fe98
D/umd.troyd(13430): android.widget.TextView: 12 PM
D/umd.troyd(13430): android.widget.TextView: 11/9
D/umd.troyd(13430): android.widget.ImageView@406dc6e8
D/umd.troyd(13430): android.widget.TextView: 52°
D/umd.troyd(13430): android.widget.LinearLayout@406c2098
D/umd.troyd(13430): android.widget.LinearLayout@40709058
D/umd.troyd(13430): android.widget.TextView: 1 PM
D/umd.troyd(13430): android.widget.TextView: 11/9
D/umd.troyd(13430): android.widget.ImageView@407426a0
D/umd.troyd(13430): android.widget.TextView: 55°
D/umd.troyd(13430): android.widget.LinearLayout@40746fe8
D/umd.troyd(13430): android.widget.LinearLayout@4075bf90
D/umd.troyd(13430): android.widget.TextView: 2 PM
D/umd.troyd(13430): android.widget.TextView: 11/9
D/umd.troyd(13430): android.widget.ImageView@40655d60
D/umd.troyd(13430): android.widget.TextView: 56°
D/umd.troyd(13430): android.widget.LinearLayout@407b5070
D/umd.troyd(13430): android.widget.LinearLayout@4070df18
D/umd.troyd(13430): android.widget.TextView: 3 PM
D/umd.troyd(13430): android.widget.TextView: 11/9
D/umd.troyd(13430): android.widget.ImageView@406f0968
D/umd.troyd(13430): android.widget.TextView: 57°
D/umd.troyd(13430): android.widget.LinearLayout@40798538
D/umd.troyd(13430): android.widget.LinearLayout@4063c848
D/umd.troyd(13430): android.widget.TextView: 4 PM
D/umd.troyd(13430): android.widget.TextView: 11/9
D/umd.troyd(13430): android.widget.ImageView@40646be8
D/umd.troyd(13430): android.widget.TextView: 55°
D/umd.troyd(13430): android.widget.LinearLayout@407aef90
D/umd.troyd(13430): android.widget.LinearLayout@407b7660
D/umd.troyd(13430): android.widget.TextView: 50
D/umd.troyd(13430): android.widget.TextView: 40
D/umd.troyd(13430): android.widget.TextView: 30
D/umd.troyd(13430): android.widget.TextView: 20
D/umd.troyd(13430): android.widget.HorizontalScrollView@4086e7c8
D/umd.troyd(13430): android.widget.LinearLayout@405eafb8
D/umd.troyd(13430): com.accuweather.android.view.uicomponents.GraphView@4057bcc8
D/umd.troyd(13430): android.widget.LinearLayout@405f18e8
D/umd.troyd(13430): android.widget.LinearLayout@40607e98
D/umd.troyd(13430): android.widget.TextView: Mostly Sunny
D/umd.troyd(13430): android.widget.LinearLayout@4062e950
D/umd.troyd(13430): android.widget.TableLayout@40590d20
D/umd.troyd(13430): android.widget.TableRow@40610440
D/umd.troyd(13430): android.widget.TextView: Humidity
D/umd.troyd(13430): android.widget.TextView: 19%
D/umd.troyd(13430): android.widget.TableRow@4064f290
D/umd.troyd(13430): android.widget.TextView: Visibility
D/umd.troyd(13430): android.widget.TextView: 10 mi
D/umd.troyd(13430): android.widget.TableRow@406530d0
D/umd.troyd(13430): android.widget.TextView: UV Index
D/umd.troyd(13430): android.widget.TextView: Low
D/umd.troyd(13430): android.widget.TableRow@4065fd88
D/umd.troyd(13430): android.widget.TextView: Sunrise
D/umd.troyd(13430): android.widget.TextView: 6:43 AM
D/umd.troyd(13430): android.widget.TableRow@40674300
D/umd.troyd(13430): android.widget.TextView: Sunset
D/umd.troyd(13430): android.widget.TextView: 4:58 PM
D/umd.troyd(13430): android.widget.LinearLayout@40662590
D/umd.troyd(13430): android.widget.RelativeLayout@405fd2f0
D/umd.troyd(13430): android.widget.ImageView@40666628
D/umd.troyd(13430): android.widget.TextView: NW
D/umd.troyd(13430): com.accuweather.android.view.uicomponents.DialView@40572408
D/umd.troyd(13430): android.widget.TextView: WIND
D/umd.troyd(13430): android.widget.TableLayout@4066b270
D/umd.troyd(13430): android.widget.TableRow@406c7830
D/umd.troyd(13430): android.widget.TextView: Speed
D/umd.troyd(13430): android.widget.TextView: 14 mph
D/umd.troyd(13430): android.widget.TableRow@40720890
D/umd.troyd(13430): android.widget.TextView: Gusts
D/umd.troyd(13430): android.widget.TextView: 23 mph
D/umd.troyd(13430): android.widget.LinearLayout@406f24c8
D/umd.troyd(13430): android.widget.LinearLayout@406f8920
D/umd.troyd(13430): android.widget.TextView: Partly sunny with chance of rain
D/umd.troyd(13430): android.widget.LinearLayout@4074d408
D/umd.troyd(13430): android.widget.TableLayout@4067f5f8
D/umd.troyd(13430): android.widget.TableRow@4073bb48
D/umd.troyd(13430): android.widget.TextView: RealFeel®
D/umd.troyd(13430): android.widget.TextView: 
D/umd.troyd(13430): android.widget.TableRow@407649a8
D/umd.troyd(13430): android.widget.TextView: Humidity
D/umd.troyd(13430): android.widget.TextView: 
D/umd.troyd(13430): android.widget.TextView: Precipitation
D/umd.troyd(13430): android.widget.TableLayout@4070f5b8
D/umd.troyd(13430): android.widget.TableRow@40784148
D/umd.troyd(13430): android.widget.TextView: Rain
D/umd.troyd(13430): android.widget.TextView: 
D/umd.troyd(13430): android.widget.TableRow@40784530
D/umd.troyd(13430): android.widget.TextView: Snow
D/umd.troyd(13430): android.widget.TextView: 
D/umd.troyd(13430): android.widget.TableRow@40785ac0
D/umd.troyd(13430): android.widget.TextView: Ice
D/umd.troyd(13430): android.widget.TextView: 
D/umd.troyd(13430): android.widget.LinearLayout@40786958
D/umd.troyd(13430): android.widget.RelativeLayout@40680320
D/umd.troyd(13430): android.widget.ImageView@40788980
D/umd.troyd(13430): android.widget.TextView: 
D/umd.troyd(13430): com.accuweather.android.view.uicomponents.DialView@40573ae8
D/umd.troyd(13430): android.widget.TextView: Wind
D/umd.troyd(13430): android.widget.TableLayout@4074b7f0
D/umd.troyd(13430): android.widget.TableRow@40798c10
D/umd.troyd(13430): android.widget.TextView: Speed
D/umd.troyd(13430): android.widget.TextView: 
D/umd.troyd(13430): android.widget.TableRow@4085fbb8
D/umd.troyd(13430): android.widget.TextView: Gusts
D/umd.troyd(13430): android.widget.TextView: 
D/umd.troyd(13430): android.widget.LinearLayout@40797298
D/umd.troyd(13430): android.widget.ImageView@406c5560
D/umd.troyd(13430): android.widget.ImageView@40707af8
D/umd.troyd(13430): android.widget.ImageView@4074ada8
D/umd.troyd(13430): android.widget.ImageView@4074c780
D/umd.troyd(13430): android.widget.ImageView@40766690
D/umd.troyd(13430): android.widget.ImageView@4078f010
D/umd.troyd(13430): android.widget.ImageView@40630078
D/umd.troyd(13430): com.accuweather.android.view.uicomponents.SlidingIndicator@405ed760
D/umd.troyd(13430): com.accuweather.android.tabs.TabBarHost@406133e8
D/umd.troyd(13430): com.accuweather.android.tabs.TabBar@4050d100
D/umd.troyd(13430): android.widget.LinearLayout@405f7d08
D/umd.troyd(13430): com.accuweather.android.tabs.TabButton@405f3248
D/umd.troyd(13430): com.accuweather.android.tabs.TabButton@405f5060
D/umd.troyd(13430): com.accuweather.android.tabs.TabButton@405feda0
D/umd.troyd(13430): com.accuweather.android.tabs.TabButton@40600070
D/umd.troyd(13430): android.widget.ImageButton@4050f4f0
D/umd.troyd(13430): com.accuweather.android.tabs.TabBarOverflowList@4058ef58
D/umd.troyd(13430): android.widget.LinearLayout@40584cd0
D/umd.troyd(13430): android.widget.LinearLayout@4058edb0
D/umd.troyd(13430): android.widget.ListView@4050fe58
D/umd.troyd(13430): com.accuweather.android.view.uicomponents.LocationOverlay@4060a110
D/umd.troyd(13430): android.widget.LinearLayout@4061d3b0
D/umd.troyd(13430): android.widget.ImageView@406126f0
D/umd.troyd(13430): android.widget.TextView: Baltimore
D/umd.troyd(13430): com.accuweather.android.view.uicomponents.ExceptionCheckedViewFlipper@40577328
D/umd.troyd(13430): android.widget.LinearLayout@405f8120
D/umd.troyd(13430): android.widget.LinearLayout@4060a8e0
D/umd.troyd(13430): android.widget.ListView@4058c560
D/umd.troyd(13430): android.widget.LinearLayout@406224e8
D/umd.troyd(13430): android.widget.Button: Add Location
D/umd.troyd(13430): android.widget.Button: Favorites
D/umd.troyd(13430): com.accuweather.android.view.AdView@40618b30
D/umd.troyd(13430): com.amobee.AmobeeAdPlaceholder@40608a80
D/umd.troyd(13430): org.ormma.view.OrmmaView@4073b4c8
D/umd.troyd(13430): com.accuweather.android.view.uicomponents.ExceptionCheckedViewFlipper@4050acb8
D/umd.troyd(13430): android.widget.RelativeLayout@4050b2d0
D/umd.troyd(13430): android.widget.RelativeLayout@4050bed8
D/umd.troyd(13430): android.widget.RelativeLayout@4058e7c0
D/umd.troyd(13430): android.widget.ImageView@40606d98
D/umd.troyd(13430): com.accuweather.android.view.CardLayout@40613190
D/umd.troyd(13430): android.widget.RelativeLayout@40626570
D/umd.troyd(13430): com.accuweather.android.view.CardLayout@40510668
D/umd.troyd(13430): got command getActivities
D/umd.troyd(13430): opened: acp.clientlib.AcpAct
D/umd.troyd(13430): opened: com.accuweather.android.MainActivity
E
Finished in 85.118842 seconds.

  1) Error:
test_Test(TroydTest):
Timeout::Error: execution expired
    /usr/lib/ruby/1.8/timeout.rb:64:in `sync_logcat'
    /home/micinski/projects/android/troyd-accuweather/location_testing/../bin/../testcases/../bin/adb.rb:124:in `cmd'
    /home/micinski/projects/android/troyd-accuweather/location_testing/../bin/../testcases/../bin/cmd.rb:132:in `no_arg'
    /home/micinski/projects/android/troyd-accuweather/location_testing/../bin/../testcases/../bin/cmd.rb:70:in `finish'
    /home/micinski/projects/android/troyd-accuweather/location_testing/../bin/../testcases/com.accuweather.android.rb:59:in `teardown'
    /home/micinski/projects/android/troyd-accuweather/location_testing/../bin/../testcases/com.accuweather.android.rb:57:in `teardown'

1 tests, 0 assertions, 0 failures, 1 errors
Finished in 85.118842 seconds.

  1) Error:
test_Test(TroydTest):
Timeout::Error: execution expired
    /usr/lib/ruby/1.8/timeout.rb:64:in `sync_logcat'
    /home/micinski/projects/android/troyd-accuweather/location_testing/../bin/../testcases/../bin/adb.rb:124:in `cmd'
    /home/micinski/projects/android/troyd-accuweather/location_testing/../bin/../testcases/../bin/cmd.rb:132:in `no_arg'
    /home/micinski/projects/android/troyd-accuweather/location_testing/../bin/../testcases/../bin/cmd.rb:70:in `finish'
    /home/micinski/projects/android/troyd-accuweather/location_testing/../bin/../testcases/com.accuweather.android.rb:59:in `teardown'
    /home/micinski/projects/android/troyd-accuweather/location_testing/../bin/../testcases/com.accuweather.android.rb:57:in `teardown'

1 tests, 0 assertions, 0 failures, 1 errors
here!
opened activities: 2
acp.clientlib.AcpAct
com.accuweather.android.MainActivity

