android.widget.FrameLayout@406b8ba0
android.widget.RelativeLayout@406b9290
android.widget.LinearLayout@406b9760
android.view.View@40611730
android.widget.RelativeLayout@406f6220
android.widget.TextView: Regular
android.view.View@407119b0
android.view.View@40611370
android.widget.RelativeLayout@40714e78
android.widget.TextView: Midgrade
android.view.View@4071f350
android.view.View@406114d0
android.widget.RelativeLayout@40589bb0
android.widget.TextView: Premium
android.view.View@40703d90
android.view.View@40611600
android.widget.RelativeLayout@40703f80
android.widget.TextView: Diesel
android.view.View@405dc768
android.view.View@40642af8
android.view.View@40594e28
android.widget.LinearLayout@405c6608
android.widget.RelativeLayout@406455e0
android.widget.ImageView@406c64c0
android.widget.TextView: Reload
android.widget.RelativeLayout@406cebf0
android.widget.ImageView@406d5a48
android.widget.TextView: Sort By Price
android.widget.RelativeLayout@406dc7d8
android.widget.ImageView@406e36c0
android.widget.TextView: Map View
android.view.View@406ea588
gbis.gbandroid.views.layouts.CustomListView@406b3e20
android.widget.RelativeLayout@40516030
com.google.ads.AdView@40611b60
android.gesture.GestureOverlayView@406bb9c8
android.widget.FrameLayout@40642990
com.google.ads.internal.AdWebView@405d5b30
android.widget.TableLayout@40719f40
android.widget.TableRow@4071c928
android.widget.RelativeLayout@4071cfd8
android.widget.RelativeLayout@4071d3b0
android.widget.TextView: 4.19
android.widget.TextView: 9
android.widget.TextView: 59 minutes ago
android.widget.TextView: Update
android.widget.RelativeLayout@40723580
android.widget.ImageView@40723940
android.widget.TextView: Gulf
android.widget.TextView: 5701 2nd Ave & 57th St
android.widget.TextView: Brooklyn, NY
android.widget.TextView: 0.43 mi
android.widget.TableLayout@40701c68
android.widget.TableRow@407045d8
android.widget.RelativeLayout@40704b98
android.widget.RelativeLayout@40704f70
android.widget.TextView: 4.09
android.widget.TextView: 9
android.widget.TextView: 17 hours ago
android.widget.TextView: Update
android.widget.RelativeLayout@40708ca0
android.widget.ImageView@4070b598
android.widget.TextView: BP
android.widget.TextView: 4001 4th Ave & 40th St
android.widget.TextView: Brooklyn, NY
android.widget.TextView: 0.65 mi
android.widget.TableLayout@405ba638
android.widget.TableRow@4065e4b8
android.widget.RelativeLayout@406ec708
android.widget.RelativeLayout@406ec9b8
android.widget.TextView: 4.05
android.widget.TextView: 9
android.widget.TextView: 59 minutes ago
android.widget.TextView: Update
android.widget.RelativeLayout@406f0678
android.widget.ImageView@406f0a50
android.widget.TextView: Sunoco
android.widget.TextView: 6102 4th Ave & 61st St
android.widget.TextView: Brooklyn, NY
android.widget.TextView: 0.73 mi
android.widget.TableLayout@406cdba0
android.widget.TableRow@406ce170
android.widget.RelativeLayout@406d0db8
android.widget.RelativeLayout@406d1098
android.widget.TextView: 3.90
android.widget.TextView: 9
android.widget.TextView: 4 minutes ago
android.widget.TextView: Update
android.widget.RelativeLayout@406d4e38
android.widget.ImageView@406d5210
android.widget.TextView: 7-Eleven
android.widget.TextView: 301 65th  & 3rd 
android.widget.TextView: Brooklyn, NY
android.widget.TextView: 0.83 mi
android.widget.TableLayout@40718368
android.widget.TableRow@4071b9a8
android.widget.RelativeLayout@40722208
android.widget.RelativeLayout@407226b8
android.widget.TextView: 4.09
android.widget.TextView: 9
android.widget.TextView: 20 hours ago
android.widget.TextView: Update
android.widget.RelativeLayout@4072a560
android.widget.ImageView@4072a980
android.widget.TextView: Shell
android.widget.TextView: 842 5th Ave & 36th St
android.widget.TextView: Brooklyn, NY
android.widget.TextView: 0.87 mi
android.widget.RelativeLayout@4066a358
android.widget.FrameLayout@406b8ba0
android.widget.RelativeLayout@406b9290
android.widget.LinearLayout@406b9760
android.view.View@40611730
android.widget.RelativeLayout@406f6220
android.widget.TextView: Regular
android.view.View@407119b0
android.view.View@40611370
android.widget.RelativeLayout@40714e78
android.widget.TextView: Midgrade
android.view.View@4071f350
android.view.View@406114d0
android.widget.RelativeLayout@40589bb0
android.widget.TextView: Premium
android.view.View@40703d90
android.view.View@40611600
android.widget.RelativeLayout@40703f80
android.widget.TextView: Diesel
android.view.View@405dc768
android.view.View@40642af8
android.view.View@40594e28
android.widget.LinearLayout@405c6608
android.widget.RelativeLayout@406455e0
android.widget.ImageView@406c64c0
android.widget.TextView: Reload
android.widget.RelativeLayout@406cebf0
android.widget.ImageView@406d5a48
android.widget.TextView: Sort By Price
android.widget.RelativeLayout@406dc7d8
android.widget.ImageView@406e36c0
android.widget.TextView: Map View
android.view.View@406ea588
gbis.gbandroid.views.layouts.CustomListView@406b3e20
android.widget.TableLayout@40718368
android.widget.TableRow@4071b9a8
android.widget.RelativeLayout@40722208
android.widget.RelativeLayout@407226b8
android.widget.TextView: 4.09
android.widget.TextView: 9
android.widget.TextView: 20 hours ago
android.widget.TextView: Update
android.widget.RelativeLayout@4072a560
android.widget.ImageView@4072a980
android.widget.TextView: Shell
android.widget.TextView: 842 5th Ave & 36th St
android.widget.TextView: Brooklyn, NY
android.widget.TextView: 0.87 mi
android.widget.TableLayout@4057ccc8
android.widget.TableRow@40620558
android.widget.RelativeLayout@40569cd0
android.widget.RelativeLayout@4057d020
android.widget.TextView: 3.85
android.widget.TextView: 9
android.widget.TextView: 9 minutes ago
android.widget.TextView: Update
android.widget.RelativeLayout@4057fc28
android.widget.ImageView@405b52f8
android.widget.TextView: BP
android.widget.TextView: 6401 4th Ave & 64th St
android.widget.TextView: Brooklyn, NY
android.widget.TextView: 0.88 mi
android.widget.TableLayout@4057ce70
android.widget.TableRow@40638f00
android.widget.RelativeLayout@40584be8
android.widget.RelativeLayout@40585440
android.widget.TextView: 4.25
android.widget.TextView: 9
android.widget.TextView: 56 minutes ago
android.widget.TextView: Update
android.widget.RelativeLayout@40601350
android.widget.ImageView@40612208
android.widget.TextView: Getty
android.widget.TextView: 899 3rd Ave & 33rd St
android.widget.TextView: Brooklyn, NY
android.widget.TextView: 0.89 mi
android.widget.TableLayout@4057f8d0
android.widget.TableRow@40645818
android.widget.RelativeLayout@40603f20
android.widget.RelativeLayout@40606ae8
android.widget.TextView: 4.03
android.widget.TextView: 9
android.widget.TextView: 17 hours ago
android.widget.TextView: Update
android.widget.RelativeLayout@40609160
android.widget.ImageView@40619810
android.widget.TextView: Mobil
android.widget.TextView: 875 4th Ave & 33rd St
android.widget.TextView: Brooklyn, NY
android.widget.TextView: 0.95 mi
android.widget.TableLayout@4057fa78
android.widget.TableRow@40646d78
android.widget.RelativeLayout@406096f0
android.widget.RelativeLayout@406123a0
android.widget.TextView: 3.83
android.widget.TextView: 9
android.widget.TextView: 55 minutes ago
android.widget.TextView: Update
android.widget.RelativeLayout@406153e8
android.widget.ImageView@40642488
android.widget.TextView: Hess
android.widget.TextView: 833 4th Ave & 31st St
android.widget.TextView: Brooklyn, NY
android.widget.TextView: 1.04 mi
android.widget.TableLayout@405824b0
android.widget.TableRow@40649480
android.widget.RelativeLayout@4061bc58
android.widget.RelativeLayout@406268a8
android.widget.TextView: 3.99
android.widget.TextView: 9
android.widget.TextView: 21 hours ago
android.widget.TextView: Update
android.widget.RelativeLayout@40629440
android.widget.ImageView@40665258
android.widget.TextView: Gulf
android.widget.TextView: 6737 4th Ave & Senator St
android.widget.TextView: Brooklyn, NY
android.widget.TextView: 1.06 mi
android.widget.RelativeLayout@4066a358
android.widget.FrameLayout@406b8ba0
android.widget.RelativeLayout@406b9290
android.widget.LinearLayout@406b9760
android.view.View@40611730
android.widget.RelativeLayout@406f6220
android.widget.TextView: Regular
android.view.View@407119b0
android.view.View@40611370
android.widget.RelativeLayout@40714e78
android.widget.TextView: Midgrade
android.view.View@4071f350
android.view.View@406114d0
android.widget.RelativeLayout@40589bb0
android.widget.TextView: Premium
android.view.View@40703d90
android.view.View@40611600
android.widget.RelativeLayout@40703f80
android.widget.TextView: Diesel
android.view.View@405dc768
android.view.View@40642af8
android.view.View@40594e28
android.widget.LinearLayout@405c6608
android.widget.RelativeLayout@406455e0
android.widget.ImageView@406c64c0
android.widget.TextView: Reload
android.widget.RelativeLayout@406cebf0
android.widget.ImageView@406d5a48
android.widget.TextView: Sort By Price
android.widget.RelativeLayout@406dc7d8
android.widget.ImageView@406e36c0
android.widget.TextView: Map View
android.view.View@406ea588
gbis.gbandroid.views.layouts.CustomListView@406b3e20
android.widget.TableLayout@405824b0
android.widget.TableRow@40649480
android.widget.RelativeLayout@4061bc58
android.widget.RelativeLayout@406268a8
android.widget.TextView: 3.99
android.widget.TextView: 9
android.widget.TextView: 21 hours ago
android.widget.TextView: Update
android.widget.RelativeLayout@40629440
android.widget.ImageView@40665258
android.widget.TextView: Gulf
android.widget.TextView: 6737 4th Ave & Senator St
android.widget.TextView: Brooklyn, NY
android.widget.TextView: 1.06 mi
android.widget.TableLayout@406c80d8
android.widget.TableRow@406dfc68
android.widget.RelativeLayout@40705858
android.widget.RelativeLayout@405b0a98
android.widget.TextView: 4.25
android.widget.TextView: 9
android.widget.TextView: 4 minutes ago
android.widget.TextView: Update
android.widget.RelativeLayout@40718e58
android.widget.ImageView@40617928
android.widget.TextView: Gulf
android.widget.TextView: 605 65th St & 6th Ave
android.widget.TextView: Brooklyn, NY
android.widget.TextView: 1.09 mi
android.widget.TableLayout@4068bb60
android.widget.TableRow@406ebe48
android.widget.RelativeLayout@40651480
android.widget.RelativeLayout@406cc2f8
android.widget.TextView: 3.89
android.widget.TextView: 9
android.widget.TextView: 3 hours ago
android.widget.TextView: Update
android.widget.RelativeLayout@4067db10
android.widget.ImageView@406af9f0
android.widget.TextView: Shell
android.widget.TextView: 6418 7th Ave & 65th St
android.widget.TextView: Brooklyn, NY
android.widget.TextView: 1.16 mi
android.widget.TableLayout@406337b8
android.widget.TableRow@4063a070
android.widget.RelativeLayout@40644fb8
android.widget.RelativeLayout@4064e048
android.widget.TextView: 4.03
android.widget.TextView: 9
android.widget.TextView: 21 hours ago
android.widget.TextView: Update
android.widget.RelativeLayout@40671728
android.widget.ImageView@4067ab48
android.widget.TextView: Getty
android.widget.TextView: 6423 7th Ave & 65th St
android.widget.TextView: Brooklyn, NY
android.widget.TextView: 1.19 mi
android.widget.TableLayout@4068d630
android.widget.TableRow@405e7188
android.widget.RelativeLayout@407602a0
android.widget.RelativeLayout@405c5a70
android.widget.TextView: 3.83
android.widget.TextView: 9
android.widget.TextView: 7 minutes ago
android.widget.TextView: Update
android.widget.RelativeLayout@407282c0
android.widget.ImageView@40723378
android.widget.TextView: Getty
android.widget.TextView: 6418 8th Ave & 65th St
android.widget.TextView: Brooklyn, NY
android.widget.TextView: 1.28 mi
android.widget.TableLayout@40633f00
android.widget.TableRow@4055bd88
android.widget.RelativeLayout@405e85c8
android.widget.RelativeLayout@40617fe0
android.widget.TextView: 4.03
android.widget.TextView: 9
android.widget.TextView: 2 minutes ago
android.widget.TextView: Update
android.widget.RelativeLayout@40621f20
android.widget.ImageView@405be170
android.widget.TextView: Sunoco
android.widget.TextView: 805 65th St & 8th Ave
android.widget.TextView: Brooklyn, NY
android.widget.TextView: 1.31 mi
android.widget.RelativeLayout@4066a358
android.widget.FrameLayout@406b8ba0
android.widget.RelativeLayout@406b9290
android.widget.LinearLayout@406b9760
android.view.View@40611730
android.widget.RelativeLayout@406f6220
android.widget.TextView: Regular
android.view.View@407119b0
android.view.View@40611370
android.widget.RelativeLayout@40714e78
android.widget.TextView: Midgrade
android.view.View@4071f350
android.view.View@406114d0
android.widget.RelativeLayout@40589bb0
android.widget.TextView: Premium
android.view.View@40703d90
android.view.View@40611600
android.widget.RelativeLayout@40703f80
android.widget.TextView: Diesel
android.view.View@405dc768
android.view.View@40642af8
android.view.View@40594e28
android.widget.LinearLayout@405c6608
android.widget.RelativeLayout@406455e0
android.widget.ImageView@406c64c0
android.widget.TextView: Reload
android.widget.RelativeLayout@406cebf0
android.widget.ImageView@406d5a48
android.widget.TextView: Sort By Price
android.widget.RelativeLayout@406dc7d8
android.widget.ImageView@406e36c0
android.widget.TextView: Map View
android.view.View@406ea588
gbis.gbandroid.views.layouts.CustomListView@406b3e20
android.widget.TableLayout@40633f00
android.widget.TableRow@4055bd88
android.widget.RelativeLayout@405e85c8
android.widget.RelativeLayout@40617fe0
android.widget.TextView: 4.03
android.widget.TextView: 9
android.widget.TextView: 2 minutes ago
android.widget.TextView: Update
android.widget.RelativeLayout@40621f20
android.widget.ImageView@405be170
android.widget.TextView: Sunoco
android.widget.TextView: 805 65th St & 8th Ave
android.widget.TextView: Brooklyn, NY
android.widget.TextView: 1.31 mi
android.widget.TableLayout@40585288
android.widget.TableRow@4064a380
android.widget.RelativeLayout@4062c098
android.widget.RelativeLayout@4062ea30
android.widget.TextView: 3.99
android.widget.TextView: 9
android.widget.TextView: 32 minutes ago
android.widget.TextView: Update
android.widget.RelativeLayout@40634258
android.widget.ImageView@406a2438
android.widget.TextView: BP
android.widget.TextView: 802 65th St & 8th Ave
android.widget.TextView: Brooklyn, NY
android.widget.TextView: 1.33 mi
android.widget.TableLayout@40609540
android.widget.TableRow@4067f260
android.widget.RelativeLayout@40640a40
android.widget.RelativeLayout@4064bf38
android.widget.TextView: 4.25
android.widget.TextView: 9
android.widget.TextView: 55 minutes ago
android.widget.TextView: Update
android.widget.RelativeLayout@4064eae0
android.widget.ImageView@406b7e50
android.widget.TextView: CITGO
android.widget.TextView: 745 Fifth Ave & 25th St
android.widget.TextView: Brooklyn, NY
android.widget.TextView: 1.35 mi
android.widget.TableLayout@4061bab0
android.widget.TableRow@406b7348
android.widget.RelativeLayout@40653400
android.widget.RelativeLayout@4065f4d0
android.widget.TextView: 3.93
android.widget.TextView: 9
android.widget.TextView: Mon 2:20 AM
android.widget.TextView: Update
android.widget.RelativeLayout@40665c88
android.widget.ImageView@406e5660
android.widget.TextView: Sunoco
android.widget.TextView: 668 3rd Ave & 20th St
android.widget.TextView: Brooklyn, NY
android.widget.TextView: 1.46 mi
android.widget.TableLayout@4061f380
android.widget.TableRow@406d0b18
android.widget.RelativeLayout@4066f5e8
android.widget.RelativeLayout@406721e0
android.widget.TextView: 3.89
android.widget.TextView: 9
android.widget.TextView: 7 hours ago
android.widget.TextView: Update
android.widget.RelativeLayout@406789f8
android.widget.ImageView@4070b1f0
android.widget.TextView: Getty
android.widget.TextView: 4310 Fort Hamilton Pkwy & 44th St & New Utrecht Ave
android.widget.TextView: Brooklyn, NY
android.widget.TextView: 1.48 mi
android.widget.RelativeLayout@4066a358
android.widget.FrameLayout@406b8ba0
android.widget.RelativeLayout@406b9290
android.widget.LinearLayout@406b9760
android.view.View@40611730
android.widget.RelativeLayout@406f6220
android.widget.TextView: Regular
android.view.View@407119b0
android.view.View@40611370
android.widget.RelativeLayout@40714e78
android.widget.TextView: Midgrade
android.view.View@4071f350
android.view.View@406114d0
android.widget.RelativeLayout@40589bb0
android.widget.TextView: Premium
android.view.View@40703d90
android.view.View@40611600
android.widget.RelativeLayout@40703f80
android.widget.TextView: Diesel
android.view.View@405dc768
android.view.View@40642af8
android.view.View@40594e28
android.widget.LinearLayout@405c6608
android.widget.RelativeLayout@406455e0
android.widget.ImageView@406c64c0
android.widget.TextView: Reload
android.widget.RelativeLayout@406cebf0
android.widget.ImageView@406d5a48
android.widget.TextView: Sort By Price
android.widget.RelativeLayout@406dc7d8
android.widget.ImageView@406e36c0
android.widget.TextView: Map View
android.view.View@406ea588
gbis.gbandroid.views.layouts.CustomListView@406b3e20
android.widget.TableLayout@406d74b8
android.widget.TableRow@40643ea0
android.widget.RelativeLayout@406b1e38
android.widget.RelativeLayout@406b2138
android.widget.TextView: 3.89
android.widget.TextView: 9
android.widget.TextView: 7 hours ago
android.widget.TextView: Update
android.widget.RelativeLayout@405523a0
android.widget.ImageView@406d6790
android.widget.TextView: Getty
android.widget.TextView: 4310 Fort Hamilton Pkwy & 44th St & New Utrecht Ave
android.widget.TextView: Brooklyn, NY
android.widget.TextView: 1.48 mi
android.widget.TableLayout@40634c78
android.widget.TableRow@406387d0
android.widget.RelativeLayout@406728e0
android.widget.RelativeLayout@40672b90
android.widget.TextView: 3.89
android.widget.TextView: 9
android.widget.TextView: 16 hours ago
android.widget.TextView: Update
android.widget.RelativeLayout@406571d8
android.widget.ImageView@40677be8
android.widget.TextView: BP
android.widget.TextView: 1105 60th St & 11th Ave
android.widget.TextView: Brooklyn, NY
android.widget.TextView: 1.59 mi
android.widget.TableLayout@406390d8
android.widget.TableRow@4067b0c0
android.widget.RelativeLayout@40697748
android.widget.RelativeLayout@4057d980
android.widget.TextView: 3.69
android.widget.TextView: 9
android.widget.TextView: 3 minutes ago
android.widget.TextView: Update
android.widget.RelativeLayout@40604898
android.widget.ImageView@40615c78
android.widget.TextView: Hess
android.widget.TextView: 3501 Fort Hamilton Pkwy & 36th St
android.widget.TextView: Brooklyn, NY
android.widget.TextView: 1.73 mi
android.widget.TableLayout@406e5900
android.widget.TableRow@4070e630
android.widget.RelativeLayout@405b7330
android.widget.RelativeLayout@406b0830
android.widget.TextView: 4.29
android.widget.TextView: 9
android.widget.TextView: 1 hour ago
android.widget.TextView: Update
android.widget.RelativeLayout@406dc108
android.widget.ImageView@40690358
android.widget.TextView: Shell
android.widget.TextView: 3437 Ft Hamilton Pkwy & Chester Ave
android.widget.TextView: Brooklyn, NY
android.widget.TextView: 1.8 mi
android.widget.TableLayout@4061f380
android.widget.TableRow@406d0b18
android.widget.RelativeLayout@4066f5e8
android.widget.RelativeLayout@406721e0
android.widget.TextView: --
android.widget.TextView: 9
android.widget.TextView: 7 hours ago
android.widget.TextView: Report Price
android.widget.RelativeLayout@406789f8
android.widget.ImageView@4070b1f0
android.widget.TextView: Getty
android.widget.TextView: 538 3rd Ave & 13th St
android.widget.TextView: Brooklyn, NY
android.widget.TextView: 1.83 mi
android.widget.RelativeLayout@4066a358
android.widget.FrameLayout@406b8ba0
android.widget.RelativeLayout@406b9290
android.widget.LinearLayout@406b9760
android.view.View@40611730
android.widget.RelativeLayout@406f6220
android.widget.TextView: Regular
android.view.View@407119b0
android.view.View@40611370
android.widget.RelativeLayout@40714e78
android.widget.TextView: Midgrade
android.view.View@4071f350
android.view.View@406114d0
android.widget.RelativeLayout@40589bb0
android.widget.TextView: Premium
android.view.View@40703d90
android.view.View@40611600
android.widget.RelativeLayout@40703f80
android.widget.TextView: Diesel
android.view.View@405dc768
android.view.View@40642af8
android.view.View@40594e28
android.widget.LinearLayout@405c6608
android.widget.RelativeLayout@406455e0
android.widget.ImageView@406c64c0
android.widget.TextView: Reload
android.widget.RelativeLayout@406cebf0
android.widget.ImageView@406d5a48
android.widget.TextView: Sort By Price
android.widget.RelativeLayout@406dc7d8
android.widget.ImageView@406e36c0
android.widget.TextView: Map View
android.view.View@406ea588
gbis.gbandroid.views.layouts.CustomListView@406b3e20
android.widget.TableLayout@4061f380
android.widget.TableRow@406d0b18
android.widget.RelativeLayout@4066f5e8
android.widget.RelativeLayout@406721e0
android.widget.TextView: --
android.widget.TextView: 9
android.widget.TextView: 7 hours ago
android.widget.TextView: Report Price
android.widget.RelativeLayout@406789f8
android.widget.ImageView@4070b1f0
android.widget.TextView: Getty
android.widget.TextView: 538 3rd Ave & 13th St
android.widget.TextView: Brooklyn, NY
android.widget.TextView: 1.83 mi
android.widget.TableLayout@406814e8
android.widget.TableRow@406819f8
android.widget.RelativeLayout@406d5d38
android.widget.RelativeLayout@406d6110
android.widget.TextView: 4.03
android.widget.TextView: 9
android.widget.TextView: 23 hours ago
android.widget.TextView: Update
android.widget.RelativeLayout@40702f70
android.widget.ImageView@40583830
android.widget.TextView: Mobil
android.widget.TextView: 375 Hamilton Ave & Bush St
android.widget.TextView: Brooklyn, NY
android.widget.TextView: 1.86 mi
android.widget.TableLayout@4057ce70
android.widget.TableRow@40587760
android.widget.RelativeLayout@40569cd0
android.widget.RelativeLayout@4057d020
android.widget.TextView: 4.09
android.widget.TextView: 9
android.widget.TextView: 23 hours ago
android.widget.TextView: Update
android.widget.RelativeLayout@4057fc28
android.widget.ImageView@405b52f8
android.widget.TextView: Emporium
android.widget.TextView: 354 Hamilton Ave & Centre St
android.widget.TextView: Brooklyn, NY
android.widget.TextView: 1.88 mi
android.widget.TableLayout@4057f8d0
android.widget.TableRow@40631f68
android.widget.RelativeLayout@40584be8
android.widget.RelativeLayout@40585440
android.widget.TextView: 4.13
android.widget.TextView: 9
android.widget.TextView: 44 minutes ago
android.widget.TextView: Update
android.widget.RelativeLayout@405b0a98
android.widget.ImageView@405e3ab8
android.widget.TextView: BP
android.widget.TextView: 327 Hamilton Ave & Garnet St
android.widget.TextView: Brooklyn, NY
android.widget.TextView: 1.93 mi
android.widget.TableLayout@4057fa78
android.widget.TableRow@40638f00
android.widget.RelativeLayout@40601350
android.widget.RelativeLayout@40603f20
android.widget.TextView: 4.09
android.widget.TextView: 9
android.widget.TextView: 1 minute ago
android.widget.TextView: Update
android.widget.RelativeLayout@40606ae8
android.widget.ImageView@405fb8c0
android.widget.TextView: Emporium
android.widget.TextView: 1302 65th  & 13th 
android.widget.TextView: Brooklyn, NY
android.widget.TextView: 1.95 mi
android.widget.RelativeLayout@4066a358
android.widget.FrameLayout@406b8ba0
android.widget.RelativeLayout@406b9290
android.widget.LinearLayout@406b9760
android.view.View@40611730
android.widget.RelativeLayout@406f6220
android.widget.TextView: Regular
android.view.View@407119b0
android.view.View@40611370
android.widget.RelativeLayout@40714e78
android.widget.TextView: Midgrade
android.view.View@4071f350
android.view.View@406114d0
android.widget.RelativeLayout@40589bb0
android.widget.TextView: Premium
android.view.View@40703d90
android.view.View@40611600
android.widget.RelativeLayout@40703f80
android.widget.TextView: Diesel
android.view.View@405dc768
android.view.View@40642af8
android.view.View@40594e28
android.widget.LinearLayout@405c6608
android.widget.RelativeLayout@406455e0
android.widget.ImageView@406c64c0
android.widget.TextView: Reload
android.widget.RelativeLayout@406cebf0
android.widget.ImageView@406d5a48
android.widget.TextView: Sort By Price
android.widget.RelativeLayout@406dc7d8
android.widget.ImageView@406e36c0
android.widget.TextView: Map View
android.view.View@406ea588
gbis.gbandroid.views.layouts.CustomListView@406b3e20
android.widget.TableLayout@4057fa78
android.widget.TableRow@40638f00
android.widget.RelativeLayout@40601350
android.widget.RelativeLayout@40603f20
android.widget.TextView: 4.09
android.widget.TextView: 9
android.widget.TextView: 1 minute ago
android.widget.TextView: Update
android.widget.RelativeLayout@40606ae8
android.widget.ImageView@405fb8c0
android.widget.TextView: Emporium
android.widget.TextView: 1302 65th  & 13th 
android.widget.TextView: Brooklyn, NY
android.widget.TextView: 1.95 mi
android.widget.TableLayout@405824b0
android.widget.TableRow@40645818
android.widget.RelativeLayout@40609160
android.widget.RelativeLayout@406096f0
android.widget.TextView: 4.03
android.widget.TextView: 9
android.widget.TextView: 3 minutes ago
android.widget.TextView: Update
android.widget.RelativeLayout@406123a0
android.widget.ImageView@40605d78
android.widget.TextView: Sunoco
android.widget.TextView: 289 Hamilton Ave & Huntington St
android.widget.TextView: Brooklyn, NY
android.widget.TextView: 1.98 mi
android.widget.TableLayout@40585288
android.widget.TableRow@40649480
android.widget.RelativeLayout@406153e8
android.widget.RelativeLayout@40617fe0
android.widget.TextView: 4.07
android.widget.TextView: 9
android.widget.TextView: 16 hours ago
android.widget.TextView: Update
android.widget.RelativeLayout@4061bc58
android.widget.ImageView@40612208
android.widget.TextView: Getty
android.widget.TextView: 260 Hamilton Ave & Huntington Ave
android.widget.TextView: Brooklyn, NY
android.widget.TextView: 2 mi
android.widget.TableLayout@405e85c8
android.widget.TableRow@40694ad0
android.widget.RelativeLayout@4061f530
android.widget.RelativeLayout@40623a70
android.widget.TextView: 4.09
android.widget.TextView: 9
android.widget.TextView: 4 hours ago
android.widget.TextView: Update
android.widget.RelativeLayout@406268a8
android.widget.ImageView@4063ba88
android.widget.TextView: Rio
android.widget.TextView: 3715 14th Ave  & 38th St
android.widget.TextView: Brooklyn, NY
android.widget.TextView: 2.03 mi
android.widget.TableLayout@406011a0
android.widget.TableRow@40697b18
android.widget.RelativeLayout@40629440
android.widget.RelativeLayout@4062c098
android.widget.TextView: 3.75
android.widget.TextView: 9
android.widget.TextView: 22 hours ago
android.widget.TextView: Update
android.widget.RelativeLayout@4062ea30
android.widget.ImageView@40642488
android.widget.TextView: Wave
android.widget.TextView: 28 Canton Ave & McDonald Ave
android.widget.TextView: Brooklyn, NY
android.widget.TextView: 2.03 mi
android.widget.RelativeLayout@4066a358
android.widget.FrameLayout@406b8ba0
android.widget.RelativeLayout@406b9290
android.widget.LinearLayout@406b9760
android.view.View@40611730
android.widget.RelativeLayout@406f6220
android.widget.TextView: Regular
android.view.View@407119b0
android.view.View@40611370
android.widget.RelativeLayout@40714e78
android.widget.TextView: Midgrade
android.view.View@4071f350
android.view.View@406114d0
android.widget.RelativeLayout@40589bb0
android.widget.TextView: Premium
android.view.View@40703d90
android.view.View@40611600
android.widget.RelativeLayout@40703f80
android.widget.TextView: Diesel
android.view.View@405dc768
android.view.View@40642af8
android.view.View@40594e28
android.widget.LinearLayout@405c6608
android.widget.RelativeLayout@406455e0
android.widget.ImageView@406c64c0
android.widget.TextView: Reload
android.widget.RelativeLayout@406cebf0
android.widget.ImageView@406d5a48
android.widget.TextView: Sort By Price
android.widget.RelativeLayout@406dc7d8
android.widget.ImageView@406e36c0
android.widget.TextView: Map View
android.view.View@406ea588
gbis.gbandroid.views.layouts.CustomListView@406b3e20
android.widget.TableLayout@406011a0
android.widget.TableRow@40697b18
android.widget.RelativeLayout@40629440
android.widget.RelativeLayout@4062c098
android.widget.TextView: 3.75
android.widget.TextView: 9
android.widget.TextView: 22 hours ago
android.widget.TextView: Update
android.widget.RelativeLayout@4062ea30
android.widget.ImageView@40642488
android.widget.TextView: Wave
android.widget.TextView: 28 Canton Ave & McDonald Ave
android.widget.TextView: Brooklyn, NY
android.widget.TextView: 2.03 mi
android.widget.TableLayout@40641b38
android.widget.TableRow@406c16f0
android.widget.RelativeLayout@40712480
android.widget.RelativeLayout@4072a4c8
android.widget.TextView: 3.99
android.widget.TextView: 9
android.widget.TextView: 3 hours ago
android.widget.TextView: Update
android.widget.RelativeLayout@407602a0
android.widget.ImageView@406c8078
android.widget.TextView: Getty
android.widget.TextView: 8202 7th Ave & 82nd St
android.widget.TextView: Brooklyn, NY
android.widget.TextView: 2.04 mi
android.widget.TableLayout@4070a0a0
android.widget.TableRow@406d8f00
android.widget.RelativeLayout@406731c0
android.widget.RelativeLayout@4071a278
android.widget.TextView: 4.09
android.widget.TextView: 9
android.widget.TextView: 4 hours ago
android.widget.TextView: Update
android.widget.RelativeLayout@4071b558
android.widget.ImageView@40570f78
android.widget.TextView: Mobil
android.widget.TextView: 3132 Fort Hamilton Pkwy & McDonald Ave & Caton Ave
android.widget.TextView: Brooklyn, NY
android.widget.TextView: 2.05 mi
android.widget.TableLayout@4066db10
android.widget.TableRow@4067e2b8
android.widget.RelativeLayout@406d3a30
android.widget.RelativeLayout@406e85c0
android.widget.TextView: --
android.widget.TextView: 9
android.widget.TextView: time
android.widget.TextView: Report Price
android.widget.RelativeLayout@40568d30
android.widget.ImageView@406c13a0
android.widget.TextView: Unbranded
android.widget.TextView: 225 Van Brunt St & Delevan St
android.widget.TextView: Brooklyn, NY
android.widget.TextView: 2.11 mi
android.widget.TableLayout@40686070
android.widget.TableRow@406de048
android.widget.RelativeLayout@4064e560
android.widget.RelativeLayout@406e4708
android.widget.TextView: 3.99
android.widget.TextView: 9
android.widget.TextView: a moment ago
android.widget.TextView: Update
android.widget.RelativeLayout@4063f528
android.widget.ImageView@406f5ad0
android.widget.TextView: Sunoco
android.widget.TextView: 640 86th St & Battery Ave
android.widget.TextView: Brooklyn, NY
android.widget.TextView: 2.22 mi
android.widget.RelativeLayout@4066a358
android.widget.FrameLayout@406b8ba0
android.widget.RelativeLayout@406b9290
android.widget.LinearLayout@406b9760
android.view.View@40611730
android.widget.RelativeLayout@406f6220
android.widget.TextView: Regular
android.view.View@407119b0
android.view.View@40611370
android.widget.RelativeLayout@40714e78
android.widget.TextView: Midgrade
android.view.View@4071f350
android.view.View@406114d0
android.widget.RelativeLayout@40589bb0
android.widget.TextView: Premium
android.view.View@40703d90
android.view.View@40611600
android.widget.RelativeLayout@40703f80
android.widget.TextView: Diesel
android.view.View@405dc768
android.view.View@40642af8
android.view.View@40594e28
android.widget.LinearLayout@405c6608
android.widget.RelativeLayout@406455e0
android.widget.ImageView@406c64c0
android.widget.TextView: Reload
android.widget.RelativeLayout@406cebf0
android.widget.ImageView@406d5a48
android.widget.TextView: Sort By Price
android.widget.RelativeLayout@406dc7d8
android.widget.ImageView@406e36c0
android.widget.TextView: Map View
android.view.View@406ea588
gbis.gbandroid.views.layouts.CustomListView@406b3e20
android.widget.TableLayout@40686070
android.widget.TableRow@406de048
android.widget.RelativeLayout@4064e560
android.widget.RelativeLayout@406e4708
android.widget.TextView: 3.99
android.widget.TextView: 9
android.widget.TextView: a moment ago
android.widget.TextView: Update
android.widget.RelativeLayout@4063f528
android.widget.ImageView@406f5ad0
android.widget.TextView: Sunoco
android.widget.TextView: 640 86th St & Battery Ave
android.widget.TextView: Brooklyn, NY
android.widget.TextView: 2.22 mi
android.widget.TableLayout@406bdf78
android.widget.TableRow@40710260
android.widget.RelativeLayout@40710830
android.widget.RelativeLayout@40688428
android.widget.TextView: 4.25
android.widget.TextView: 9
android.widget.TextView: Mon 2:55 PM
android.widget.TextView: Update
android.widget.RelativeLayout@4062a310
android.widget.ImageView@4062a6e8
android.widget.TextView: Gulf
android.widget.TextView: 640 Hicks St & Rapelye St
android.widget.TextView: Brooklyn, NY
android.widget.TextView: 2.23 mi
android.widget.TableLayout@40698e80
android.widget.TableRow@40673370
android.widget.RelativeLayout@40673a30
android.widget.RelativeLayout@40673e08
android.widget.TextView: 4.19
android.widget.TextView: 9
android.widget.TextView: 5 hours ago
android.widget.TextView: Update
android.widget.RelativeLayout@406c6e20
android.widget.ImageView@406c71f8
android.widget.TextView: Gulf
android.widget.TextView: 8521 7th Ave & 86th St
android.widget.TextView: Brooklyn, NY
android.widget.TextView: 2.24 mi
android.widget.TableLayout@4066cb68
android.widget.TableRow@4066d0a0
android.widget.RelativeLayout@4066d760
android.widget.RelativeLayout@406935f0
android.widget.TextView: 4.19
android.widget.TextView: 9
android.widget.TextView: 2 hours ago
android.widget.TextView: Update
android.widget.RelativeLayout@40647778
android.widget.ImageView@40647b50
android.widget.TextView: Shell
android.widget.TextView: 1 Cortelyou Rd & Dahill Rd
android.widget.TextView: Brooklyn, NY
android.widget.TextView: 2.26 mi
android.widget.TableLayout@4068da50
android.widget.TableRow@4068dfc0
android.widget.RelativeLayout@4068e680
android.widget.RelativeLayout@4068ea58
android.widget.TextView: 4.49
android.widget.TextView: 9
android.widget.TextView: 12 minutes ago
android.widget.TextView: Update
android.widget.RelativeLayout@4066fa70
android.widget.ImageView@4066fe48
android.widget.TextView: BP
android.widget.TextView: 9111 4th Ave & 92nd St
android.widget.TextView: Brooklyn, NY
android.widget.TextView: 2.3 mi
android.widget.TableLayout@40684918
android.widget.TableRow@406162a0
android.widget.RelativeLayout@40616960
android.widget.RelativeLayout@40616d38
android.widget.TextView: 3.99
android.widget.TextView: 9
android.widget.TextView: 6 minutes ago
android.widget.TextView: Update
android.widget.RelativeLayout@4062db08
android.widget.ImageView@4064cb58
android.widget.TextView: Sunoco
android.widget.TextView: 579 92nd St & Gatling Pl
android.widget.TextView: Brooklyn, NY
android.widget.TextView: 2.39 mi
android.widget.RelativeLayout@4066a358
android.widget.FrameLayout@406b8ba0
android.widget.RelativeLayout@406b9290
android.widget.LinearLayout@406b9760
android.view.View@40611730
android.widget.RelativeLayout@406f6220
android.widget.TextView: Regular
android.view.View@407119b0
android.view.View@40611370
android.widget.RelativeLayout@40714e78
android.widget.TextView: Midgrade
android.view.View@4071f350
android.view.View@406114d0
android.widget.RelativeLayout@40589bb0
android.widget.TextView: Premium
android.view.View@40703d90
android.view.View@40611600
android.widget.RelativeLayout@40703f80
android.widget.TextView: Diesel
android.view.View@405dc768
android.view.View@40642af8
android.view.View@40594e28
android.widget.LinearLayout@405c6608
android.widget.RelativeLayout@406455e0
android.widget.ImageView@406c64c0
android.widget.TextView: Reload
android.widget.RelativeLayout@406cebf0
android.widget.ImageView@406d5a48
android.widget.TextView: Sort By Price
android.widget.RelativeLayout@406dc7d8
android.widget.ImageView@406e36c0
android.widget.TextView: Map View
android.view.View@406ea588
gbis.gbandroid.views.layouts.CustomListView@406b3e20
android.widget.TableLayout@407da978
android.widget.TableRow@407daf48
android.widget.RelativeLayout@407db608
android.widget.RelativeLayout@407db9e0
android.widget.TextView: 3.99
android.widget.TextView: 9
android.widget.TextView: 6 minutes ago
android.widget.TextView: Update
android.widget.RelativeLayout@407dd1f0
android.widget.ImageView@407dd5c8
android.widget.TextView: Sunoco
android.widget.TextView: 579 92nd St & Gatling Pl
android.widget.TextView: Brooklyn, NY
android.widget.TextView: 2.39 mi
android.widget.TableLayout@407ca5d0
android.widget.TableRow@407caba0
android.widget.RelativeLayout@407cb260
android.widget.RelativeLayout@407cb638
android.widget.TextView: 4.09
android.widget.TextView: 9
android.widget.TextView: 4 hours ago
android.widget.TextView: Update
android.widget.RelativeLayout@407cce48
android.widget.ImageView@407cd220
android.widget.TextView: Mobil
android.widget.TextView: 378 Coney Island Ave & Caton Ave
android.widget.TextView: Brooklyn, NY
android.widget.TextView: 2.48 mi
android.widget.TableLayout@407baa70
android.widget.TableRow@407bb040
android.widget.RelativeLayout@407bb700
android.widget.RelativeLayout@407bbad8
android.widget.TextView: --
android.widget.TextView: 9
android.widget.TextView: time
android.widget.TextView: Report Price
android.widget.RelativeLayout@407bd2e8
android.widget.ImageView@407bd6c0
android.widget.TextView: Exxon
android.widget.TextView: 418 Coney Island Ave & Caton Ave
android.widget.TextView: Brooklyn, NY
android.widget.TextView: 2.5 mi
android.widget.TableLayout@407aa5d0
android.widget.TableRow@407aaba0
android.widget.RelativeLayout@407ab250
android.widget.RelativeLayout@407ab628
android.widget.TextView: 3.99
android.widget.TextView: 9
android.widget.TextView: 4 hours ago
android.widget.TextView: Update
android.widget.RelativeLayout@407ace38
android.widget.ImageView@407ad210
android.widget.TextView: Gulf
android.widget.TextView: 418 Coney Island  & Caton 
android.widget.TextView: Brooklyn, NY
android.widget.TextView: 2.51 mi
android.widget.TableLayout@40684918
android.widget.TableRow@406162a0
android.widget.RelativeLayout@40616960
android.widget.RelativeLayout@40616d38
android.widget.TextView: 3.99
android.widget.TextView: 9
android.widget.TextView: 1 hour ago
android.widget.TextView: Update
android.widget.RelativeLayout@4062db08
android.widget.ImageView@4064cb58
android.widget.TextView: Shell
android.widget.TextView: 7310 New Utrecht Ave & 74th St
android.widget.TextView: Brooklyn, NY
android.widget.TextView: 2.55 mi
android.widget.RelativeLayout@4066a358
android.widget.FrameLayout@406b8ba0
android.widget.RelativeLayout@406b9290
android.widget.LinearLayout@406b9760
android.view.View@40611730
android.widget.RelativeLayout@406f6220
android.widget.TextView: Regular
android.view.View@407119b0
android.view.View@40611370
android.widget.RelativeLayout@40714e78
android.widget.TextView: Midgrade
android.view.View@4071f350
android.view.View@406114d0
android.widget.RelativeLayout@40589bb0
android.widget.TextView: Premium
android.view.View@40703d90
android.view.View@40611600
android.widget.RelativeLayout@40703f80
android.widget.TextView: Diesel
android.view.View@405dc768
android.view.View@40642af8
android.view.View@40594e28
android.widget.LinearLayout@405c6608
android.widget.RelativeLayout@406455e0
android.widget.ImageView@406c64c0
android.widget.TextView: Reload
android.widget.RelativeLayout@406cebf0
android.widget.ImageView@406d5a48
android.widget.TextView: Sort By Price
android.widget.RelativeLayout@406dc7d8
android.widget.ImageView@406e36c0
android.widget.TextView: Map View
android.view.View@406ea588
gbis.gbandroid.views.layouts.CustomListView@406b3e20
android.widget.TableLayout@40684918
android.widget.TableRow@406162a0
android.widget.RelativeLayout@40616960
android.widget.RelativeLayout@40616d38
android.widget.TextView: 3.99
android.widget.TextView: 9
android.widget.TextView: 1 hour ago
android.widget.TextView: Update
android.widget.RelativeLayout@4062db08
android.widget.ImageView@4064cb58
android.widget.TextView: Shell
android.widget.TextView: 7310 New Utrecht Ave & 74th St
android.widget.TextView: Brooklyn, NY
android.widget.TextView: 2.55 mi
android.widget.TableLayout@4057ce70
android.widget.TableRow@40587760
android.widget.RelativeLayout@4057d020
android.widget.RelativeLayout@4057fc28
android.widget.TextView: 3.99
android.widget.TextView: 9
android.widget.TextView: Mon 4:33 PM
android.widget.TextView: Update
android.widget.RelativeLayout@40584be8
android.widget.ImageView@405b52f8
android.widget.TextView: Getty
android.widget.TextView: 5818 18th Ave & 59th St
android.widget.TextView: Brooklyn, NY
android.widget.TextView: 2.57 mi
android.widget.TableLayout@4057fa78
android.widget.TableRow@40645818
android.widget.RelativeLayout@40585440
android.widget.RelativeLayout@405b7330
android.widget.TextView: 3.85
android.widget.TextView: 9
android.widget.TextView: 42 minutes ago
android.widget.TextView: Update
android.widget.RelativeLayout@40601350
android.widget.ImageView@405e3ab8
android.widget.TextView: BP
android.widget.TextView: 6002 18th Ave & 60th St
android.widget.TextView: Brooklyn, NY
android.widget.TextView: 2.58 mi
android.widget.TableLayout@40585288
android.widget.TableRow@40649480
android.widget.RelativeLayout@40603f20
android.widget.RelativeLayout@40606ae8
android.widget.TextView: 4.05
android.widget.TextView: 9
android.widget.TextView: 4 hours ago
android.widget.TextView: Update
android.widget.RelativeLayout@406096f0
android.widget.ImageView@405fb8c0
android.widget.TextView: Shell
android.widget.TextView: 548 Coney Island Ave & Beverley Rd
android.widget.TextView: Brooklyn, NY
android.widget.TextView: 2.59 mi
android.widget.TableLayout@405e85c8
android.widget.TableRow@40649da8
android.widget.RelativeLayout@406123a0
android.widget.RelativeLayout@406153e8
android.widget.TextView: 3.79
android.widget.TextView: 9
android.widget.TextView: Mon 4:51 AM
android.widget.TextView: Update
android.widget.RelativeLayout@40617fe0
android.widget.ImageView@40605d78
android.widget.TextView: Geo
android.widget.TextView: 571 Coney Island Ave    & Lewis Pl
android.widget.TextView: Brooklyn, NY
android.widget.TextView: 2.64 mi
android.widget.RelativeLayout@4066a358
android.widget.FrameLayout@406b8ba0
android.widget.RelativeLayout@406b9290
android.widget.LinearLayout@406b9760
android.view.View@40611730
android.widget.RelativeLayout@406f6220
android.widget.TextView: Regular
android.view.View@407119b0
android.view.View@40611370
android.widget.RelativeLayout@40714e78
android.widget.TextView: Midgrade
android.view.View@4071f350
android.view.View@406114d0
android.widget.RelativeLayout@40589bb0
android.widget.TextView: Premium
android.view.View@40703d90
android.view.View@40611600
android.widget.RelativeLayout@40703f80
android.widget.TextView: Diesel
android.view.View@405dc768
android.view.View@40642af8
android.view.View@40594e28
android.widget.LinearLayout@405c6608
android.widget.RelativeLayout@406455e0
android.widget.ImageView@406c64c0
android.widget.TextView: Reload
android.widget.RelativeLayout@406cebf0
android.widget.ImageView@406d5a48
android.widget.TextView: Sort By Price
android.widget.RelativeLayout@406dc7d8
android.widget.ImageView@406e36c0
android.widget.TextView: Map View
android.view.View@406ea588
gbis.gbandroid.views.layouts.CustomListView@406b3e20
android.widget.TableLayout@4057fa78
android.widget.TableRow@40645818
android.widget.RelativeLayout@40585440
android.widget.RelativeLayout@405b7330
android.widget.TextView: 3.85
android.widget.TextView: 9
android.widget.TextView: 42 minutes ago
android.widget.TextView: Update
android.widget.RelativeLayout@40601350
android.widget.ImageView@405e3ab8
android.widget.TextView: BP
android.widget.TextView: 6002 18th Ave & 60th St
android.widget.TextView: Brooklyn, NY
android.widget.TextView: 2.58 mi
android.widget.TableLayout@40585288
android.widget.TableRow@40649480
android.widget.RelativeLayout@40603f20
android.widget.RelativeLayout@40606ae8
android.widget.TextView: 4.05
android.widget.TextView: 9
android.widget.TextView: 4 hours ago
android.widget.TextView: Update
android.widget.RelativeLayout@406096f0
android.widget.ImageView@405fb8c0
android.widget.TextView: Shell
android.widget.TextView: 548 Coney Island Ave & Beverley Rd
android.widget.TextView: Brooklyn, NY
android.widget.TextView: 2.59 mi
android.widget.TableLayout@405e85c8
android.widget.TableRow@40649da8
android.widget.RelativeLayout@406123a0
android.widget.RelativeLayout@406153e8
android.widget.TextView: 3.79
android.widget.TextView: 9
android.widget.TextView: Mon 4:51 AM
android.widget.TextView: Update
android.widget.RelativeLayout@40617fe0
android.widget.ImageView@40605d78
android.widget.TextView: Geo
android.widget.TextView: 571 Coney Island Ave    & Lewis Pl
android.widget.TextView: Brooklyn, NY
android.widget.TextView: 2.64 mi
android.widget.TableLayout@406011a0
android.widget.TableRow@40697b18
android.widget.RelativeLayout@4061bc58
android.widget.RelativeLayout@4061f530
android.widget.TextView: 3.89
android.widget.TextView: 9
android.widget.TextView: 4 hours ago
android.widget.TextView: Update
android.widget.RelativeLayout@40623a70
android.widget.ImageView@40612208
android.widget.TextView: Hess
android.widget.TextView: 204-222 Fourth Ave & Union St
android.widget.TextView: Brooklyn, NY
android.widget.TextView: 2.65 mi
android.widget.TableLayout@406059d0
android.widget.TableRow@406d0b18
android.widget.RelativeLayout@406268a8
android.widget.RelativeLayout@40629440
android.widget.TextView: 4.09
android.widget.TextView: 9
android.widget.TextView: 1 hour ago
android.widget.TextView: Update
android.widget.RelativeLayout@4062c098
android.widget.ImageView@40642488
android.widget.TextView: Mobil
android.widget.TextView: 619 Coney Island Ave & Matthews Ct
android.widget.TextView: Brooklyn, NY
android.widget.TextView: 2.66 mi
android.widget.RelativeLayout@4066a358
