android.widget.FrameLayout@40555028
android.widget.RelativeLayout@405913a0
android.widget.LinearLayout@405a1510
android.view.View@40729e78
android.widget.RelativeLayout@406ffec8
android.widget.TextView: Regular
android.view.View@40722dc0
android.view.View@4070e838
android.widget.RelativeLayout@40722fd0
android.widget.TextView: Midgrade
android.view.View@406aef98
android.view.View@40729c18
android.widget.RelativeLayout@406a41e8
android.widget.TextView: Premium
android.view.View@4070afb0
android.view.View@40729d48
android.widget.RelativeLayout@40665588
android.widget.TextView: Diesel
android.view.View@406c6538
android.view.View@40729f98
android.view.View@405bf300
android.widget.LinearLayout@405d10e8
android.widget.RelativeLayout@4060f4c0
android.widget.ImageView@406b8eb0
android.widget.TextView: Reload
android.widget.RelativeLayout@406b9a20
android.widget.ImageView@40598f68
android.widget.TextView: Sort By Price
android.widget.RelativeLayout@40681240
android.widget.ImageView@406bc558
android.widget.TextView: Map View
android.view.View@406c33f8
gbis.gbandroid.views.layouts.CustomListView@406b4350
android.widget.RelativeLayout@4071df58
com.google.ads.AdView@405a25f0
android.gesture.GestureOverlayView@4054ae08
android.widget.FrameLayout@4054cdb0
com.google.ads.internal.AdWebView@4054fb48
android.widget.TableLayout@40704420
android.widget.TableRow@407049f0
android.widget.RelativeLayout@407050b0
android.widget.RelativeLayout@4070b9a8
android.widget.TextView: 3.89
android.widget.TextView: 9
android.widget.TextView: 9 hours ago
android.widget.TextView: Update
android.widget.RelativeLayout@4070f458
android.widget.ImageView@4070f830
android.widget.TextView: Hess
android.widget.TextView: 2488 Hylan Blvd & New Dorp Ln
android.widget.TextView: Staten Island, NY
android.widget.TextView: 4.16 mi
android.widget.TableLayout@406e97a8
android.widget.TableRow@406ec248
android.widget.RelativeLayout@406ec908
android.widget.RelativeLayout@406ecce0
android.widget.TextView: 3.99
android.widget.TextView: 9
android.widget.TextView: 7 hours ago
android.widget.TextView: Update
android.widget.RelativeLayout@406f2db0
android.widget.ImageView@406f3168
android.widget.TextView: Mobil
android.widget.TextView: 2150 Hylan Blvd & Midland Ave
android.widget.TextView: Staten Island, NY
android.widget.TextView: 4.19 mi
android.widget.TableLayout@406ce468
android.widget.TableRow@406d0c58
android.widget.RelativeLayout@406d1308
android.widget.RelativeLayout@406d16e0
android.widget.TextView: 4.05
android.widget.TextView: 9
android.widget.TextView: 14 hours ago
android.widget.TextView: Update
android.widget.RelativeLayout@406d78f8
android.widget.ImageView@406d7cb8
android.widget.TextView: BP
android.widget.TextView: 2111 Hylan Blvd & Hamden Ave
android.widget.TextView: Staten Island, NY
android.widget.TextView: 4.23 mi
android.widget.TableLayout@40725cd8
android.widget.TableRow@406a6338
android.widget.RelativeLayout@40646610
android.widget.RelativeLayout@4068bd80
android.widget.TextView: 3.95
android.widget.TextView: 9
android.widget.TextView: 14 hours ago
android.widget.TextView: Update
android.widget.RelativeLayout@406a5e30
android.widget.ImageView@406bcc70
android.widget.TextView: CITGO
android.widget.TextView: 1870 Hylan Blvd & Slater Blvd
android.widget.TextView: Staten Island, NY
android.widget.TextView: 4.24 mi
android.widget.RelativeLayout@40718eb0
android.widget.FrameLayout@40555028
android.widget.RelativeLayout@405913a0
android.widget.LinearLayout@405a1510
android.view.View@40729e78
android.widget.RelativeLayout@406ffec8
android.widget.TextView: Regular
android.view.View@40722dc0
android.view.View@4070e838
android.widget.RelativeLayout@40722fd0
android.widget.TextView: Midgrade
android.view.View@406aef98
android.view.View@40729c18
android.widget.RelativeLayout@406a41e8
android.widget.TextView: Premium
android.view.View@4070afb0
android.view.View@40729d48
android.widget.RelativeLayout@40665588
android.widget.TextView: Diesel
android.view.View@406c6538
android.view.View@40729f98
android.view.View@405bf300
android.widget.LinearLayout@405d10e8
android.widget.RelativeLayout@4060f4c0
android.widget.ImageView@406b8eb0
android.widget.TextView: Reload
android.widget.RelativeLayout@406b9a20
android.widget.ImageView@40598f68
android.widget.TextView: Sort By Price
android.widget.RelativeLayout@40681240
android.widget.ImageView@406bc558
android.widget.TextView: Map View
android.view.View@406c33f8
gbis.gbandroid.views.layouts.CustomListView@406b4350
android.widget.TableLayout@40725cd8
android.widget.TableRow@406a6338
android.widget.RelativeLayout@40646610
android.widget.RelativeLayout@4068bd80
android.widget.TextView: 3.95
android.widget.TextView: 9
android.widget.TextView: 14 hours ago
android.widget.TextView: Update
android.widget.RelativeLayout@406a5e30
android.widget.ImageView@406bcc70
android.widget.TextView: CITGO
android.widget.TextView: 1870 Hylan Blvd & Slater Blvd
android.widget.TextView: Staten Island, NY
android.widget.TextView: 4.24 mi
android.widget.TableLayout@407b34b0
android.widget.TableRow@407b3a80
android.widget.RelativeLayout@407b4140
android.widget.RelativeLayout@407b4518
android.widget.TextView: --
android.widget.TextView: 9
android.widget.TextView: time
android.widget.TextView: Report Price
android.widget.RelativeLayout@407b5d28
android.widget.ImageView@407b6100
android.widget.TextView: Gulf
android.widget.TextView: 2001 Neptune  & W 20 St
android.widget.TextView: Brooklyn, NY
android.widget.TextView: 4.25 mi
android.widget.TableLayout@4057b330
android.widget.TableRow@406f7848
android.widget.RelativeLayout@4057e1c0
android.widget.RelativeLayout@405829f8
android.widget.TextView: --
android.widget.TextView: 9
android.widget.TextView: time
android.widget.TextView: Report Price
android.widget.RelativeLayout@405838c0
android.widget.ImageView@40587c00
android.widget.TextView: Mobil
android.widget.TextView: 1702 Neptune Ave & W 17th St
android.widget.TextView: Coney Island, NY
android.widget.TextView: 4.31 mi
android.widget.TableLayout@4057de68
android.widget.TableRow@406fae30
android.widget.RelativeLayout@40600220
android.widget.RelativeLayout@40602880
android.widget.TextView: --
android.widget.TextView: 9
android.widget.TextView: time
android.widget.TextView: Report Price
android.widget.RelativeLayout@40602e10
android.widget.ImageView@405b36b0
android.widget.TextView: Hess
android.widget.TextView: 1620 Neptune Ave & W 17th St
android.widget.TextView: Coney Island, NY
android.widget.TextView: 4.34 mi
android.widget.TableLayout@4057e010
android.widget.TableRow@407003c0
android.widget.RelativeLayout@406059e8
android.widget.RelativeLayout@4060e798
android.widget.TextView: --
android.widget.TextView: 9
android.widget.TextView: time
android.widget.TextView: Report Price
android.widget.RelativeLayout@40613ee8
android.widget.ImageView@4060ee38
android.widget.TextView: Shell
android.widget.TextView: 3072 Cropsey Ave & Hart Pl
android.widget.TextView: Brooklyn, NY
android.widget.TextView: 4.38 mi
android.widget.RelativeLayout@40718eb0
android.widget.FrameLayout@40555028
android.widget.RelativeLayout@405913a0
android.widget.LinearLayout@405a1510
android.view.View@40729e78
android.widget.RelativeLayout@406ffec8
android.widget.TextView: Regular
android.view.View@40722dc0
android.view.View@4070e838
android.widget.RelativeLayout@40722fd0
android.widget.TextView: Midgrade
android.view.View@406aef98
android.view.View@40729c18
android.widget.RelativeLayout@406a41e8
android.widget.TextView: Premium
android.view.View@4070afb0
android.view.View@40729d48
android.widget.RelativeLayout@40665588
android.widget.TextView: Diesel
android.view.View@406c6538
android.view.View@40729f98
android.view.View@405bf300
android.widget.LinearLayout@405d10e8
android.widget.RelativeLayout@4060f4c0
android.widget.ImageView@406b8eb0
android.widget.TextView: Reload
android.widget.RelativeLayout@406b9a20
android.widget.ImageView@40598f68
android.widget.TextView: Sort By Price
android.widget.RelativeLayout@40681240
android.widget.ImageView@406bc558
android.widget.TextView: Map View
android.view.View@406c33f8
gbis.gbandroid.views.layouts.CustomListView@406b4350
android.widget.TableLayout@4057e010
android.widget.TableRow@407003c0
android.widget.RelativeLayout@406059e8
android.widget.RelativeLayout@4060e798
android.widget.TextView: --
android.widget.TextView: 9
android.widget.TextView: time
android.widget.TextView: Report Price
android.widget.RelativeLayout@40613ee8
android.widget.ImageView@4060ee38
android.widget.TextView: Shell
android.widget.TextView: 3072 Cropsey Ave & Hart Pl
android.widget.TextView: Brooklyn, NY
android.widget.TextView: 4.38 mi
android.widget.TableLayout@405807e0
android.widget.TableRow@4070cae8
android.widget.RelativeLayout@40616a88
android.widget.RelativeLayout@4061c340
android.widget.TextView: 3.99
android.widget.TextView: 9
android.widget.TextView: 14 hours ago
android.widget.TextView: Update
android.widget.RelativeLayout@4061cac0
android.widget.ImageView@40669a78
android.widget.TextView: Shell
android.widget.TextView: 1635 Hylan Blvd & Delaware Ave
android.widget.TextView: Staten Island, NY
android.widget.TextView: 4.39 mi
android.widget.TableLayout@40580bd8
android.widget.TableRow@40714f10
android.widget.RelativeLayout@40624090
android.widget.RelativeLayout@40624620
android.widget.TextView: 3.89
android.widget.TextView: 9
android.widget.TextView: 3 hours ago
android.widget.TextView: Update
android.widget.RelativeLayout@40625cf8
android.widget.ImageView@40671c80
android.widget.TextView: Paz
android.widget.TextView: 2978 Cropsey Ave & Bay 54th St
android.widget.TextView: Brooklyn, NY
android.widget.TextView: 4.47 mi
android.widget.TableLayout@40600070
android.widget.TableRow@40724c58
android.widget.RelativeLayout@406288f0
android.widget.RelativeLayout@40629730
android.widget.TextView: 3.87
android.widget.TextView: 9
android.widget.TextView: 4 hours ago
android.widget.TextView: Update
android.widget.RelativeLayout@4062c338
android.widget.ImageView@4067a950
android.widget.TextView: Lukoil
android.widget.TextView: 2955 Cropsey Ave & Canal Ave
android.widget.TextView: Brooklyn, NY
android.widget.TextView: 4.51 mi
android.widget.TableLayout@40600e80
android.widget.TableRow@40762820
android.widget.RelativeLayout@4062ef60
android.widget.RelativeLayout@406347a0
android.widget.TextView: 3.99
android.widget.TextView: 9
android.widget.TextView: 14 hours ago
android.widget.TextView: Update
android.widget.RelativeLayout@406390f0
android.widget.ImageView@406c7f68
android.widget.TextView: BP
android.widget.TextView: 1416 Hylan Blvd & Reid Ave
android.widget.TextView: Staten Island, NY
android.widget.TextView: 4.59 mi
android.widget.RelativeLayout@40718eb0
android.widget.FrameLayout@40555028
android.widget.RelativeLayout@405913a0
android.widget.LinearLayout@405a1510
android.view.View@40729e78
android.widget.RelativeLayout@406ffec8
android.widget.TextView: Regular
android.view.View@40722dc0
android.view.View@4070e838
android.widget.RelativeLayout@40722fd0
android.widget.TextView: Midgrade
android.view.View@406aef98
android.view.View@40729c18
android.widget.RelativeLayout@406a41e8
android.widget.TextView: Premium
android.view.View@4070afb0
android.view.View@40729d48
android.widget.RelativeLayout@40665588
android.widget.TextView: Diesel
android.view.View@406c6538
android.view.View@40729f98
android.view.View@405bf300
android.widget.LinearLayout@405d10e8
android.widget.RelativeLayout@4060f4c0
android.widget.ImageView@406b8eb0
android.widget.TextView: Reload
android.widget.RelativeLayout@406b9a20
android.widget.ImageView@40598f68
android.widget.TextView: Sort By Price
android.widget.RelativeLayout@40681240
android.widget.ImageView@406bc558
android.widget.TextView: Map View
android.view.View@406c33f8
gbis.gbandroid.views.layouts.CustomListView@406b4350
android.widget.TableLayout@40755198
android.widget.TableRow@4062e9b8
android.widget.RelativeLayout@40693710
android.widget.RelativeLayout@406a12f0
android.widget.TextView: 3.99
android.widget.TextView: 9
android.widget.TextView: 14 hours ago
android.widget.TextView: Update
android.widget.RelativeLayout@40770e50
android.widget.ImageView@4077bd80
android.widget.TextView: BP
android.widget.TextView: 1416 Hylan Blvd & Reid Ave
android.widget.TextView: Staten Island, NY
android.widget.TextView: 4.59 mi
android.widget.TableLayout@406448f8
android.widget.TableRow@4064cea8
android.widget.RelativeLayout@4066d9b8
android.widget.RelativeLayout@40671070
android.widget.TextView: 4.09
android.widget.TextView: 9
android.widget.TextView: 5 hours ago
android.widget.TextView: Update
android.widget.RelativeLayout@4068a558
android.widget.ImageView@4068f128
android.widget.TextView: Rio
android.widget.TextView: 105 New Dorp Ln & North Railroad Ave
android.widget.TextView: Staten Island, NY
android.widget.TextView: 4.62 mi
android.widget.TableLayout@405d55e0
android.widget.TableRow@40702ca0
android.widget.RelativeLayout@405a3770
android.widget.RelativeLayout@4063d510
android.widget.TextView: 3.95
android.widget.TextView: 9
android.widget.TextView: Mon 12:50 PM
android.widget.TextView: Update
android.widget.RelativeLayout@406e0a10
android.widget.ImageView@4061ae00
android.widget.TextView: Getty
android.widget.TextView: 1820 Richmond Rd & Stobe Ave
android.widget.TextView: Staten Island, NY
android.widget.TextView: 4.69 mi
android.widget.TableLayout@406828c8
android.widget.TableRow@405afa98
android.widget.RelativeLayout@4069f320
android.widget.RelativeLayout@406c13d0
android.widget.TextView: 3.89
android.widget.TextView: 9
android.widget.TextView: Mon 5:43 PM
android.widget.TextView: Update
android.widget.RelativeLayout@4057b6a0
android.widget.ImageView@405b2a18
android.widget.TextView: Getty
android.widget.TextView: 2495 Cropsey Ave & 25th Ave
android.widget.TextView: Brooklyn, NY
android.widget.TextView: 4.8 mi
android.widget.TableLayout@40600e80
android.widget.TableRow@40762820
android.widget.RelativeLayout@4062ef60
android.widget.RelativeLayout@406347a0
android.widget.TextView: 3.97
android.widget.TextView: 9
android.widget.TextView: 17 hours ago
android.widget.TextView: Update
android.widget.RelativeLayout@406390f0
android.widget.ImageView@406c7f68
android.widget.TextView: Shell
android.widget.TextView: 2430 Richmond Rd & New Dorp Ln
android.widget.TextView: Staten Island, NY
android.widget.TextView: 4.81 mi
android.widget.RelativeLayout@40718eb0
android.widget.FrameLayout@40555028
android.widget.RelativeLayout@405913a0
android.widget.LinearLayout@405a1510
android.view.View@40729e78
android.widget.RelativeLayout@406ffec8
android.widget.TextView: Regular
android.view.View@40722dc0
android.view.View@4070e838
android.widget.RelativeLayout@40722fd0
android.widget.TextView: Midgrade
android.view.View@406aef98
android.view.View@40729c18
android.widget.RelativeLayout@406a41e8
android.widget.TextView: Premium
android.view.View@4070afb0
android.view.View@40729d48
android.widget.RelativeLayout@40665588
android.widget.TextView: Diesel
android.view.View@406c6538
android.view.View@40729f98
android.view.View@405bf300
android.widget.LinearLayout@405d10e8
android.widget.RelativeLayout@4060f4c0
android.widget.ImageView@406b8eb0
android.widget.TextView: Reload
android.widget.RelativeLayout@406b9a20
android.widget.ImageView@40598f68
android.widget.TextView: Sort By Price
android.widget.RelativeLayout@40681240
android.widget.ImageView@406bc558
android.widget.TextView: Map View
android.view.View@406c33f8
gbis.gbandroid.views.layouts.CustomListView@406b4350
android.widget.TableLayout@40600e80
android.widget.TableRow@40762820
android.widget.RelativeLayout@4062ef60
android.widget.RelativeLayout@406347a0
android.widget.TextView: 3.97
android.widget.TextView: 9
android.widget.TextView: 17 hours ago
android.widget.TextView: Update
android.widget.RelativeLayout@406390f0
android.widget.ImageView@406c7f68
android.widget.TextView: Shell
android.widget.TextView: 2430 Richmond Rd & New Dorp Ln
android.widget.TextView: Staten Island, NY
android.widget.TextView: 4.81 mi
android.widget.TableLayout@4057b330
android.widget.TableRow@40580d88
android.widget.RelativeLayout@4057b4e8
android.widget.RelativeLayout@4057e1c0
android.widget.TextView: 3.99
android.widget.TextView: 9
android.widget.TextView: 5 minutes ago
android.widget.TextView: Update
android.widget.RelativeLayout@405829f8
android.widget.ImageView@40587c00
android.widget.TextView: Shell
android.widget.TextView: 2001 Cropsey Ave & 20th Ave
android.widget.TextView: Brooklyn, NY
android.widget.TextView: 4.99 mi
android.widget.TableLayout@40602c60
android.widget.TableRow@405c72d8
android.widget.RelativeLayout@40600220
android.widget.RelativeLayout@40602e10
android.widget.TextView: 3.99
android.widget.TextView: 9
android.widget.TextView: 16 hours ago
android.widget.TextView: Update
android.widget.RelativeLayout@4061ef50
android.widget.ImageView@405b36b0
android.widget.TextView: Gulf
android.widget.TextView: 8775 Bay Parkway & Bath 
android.widget.TextView: Brooklyn, NY
android.widget.TextView: 5 mi
android.widget.TableLayout@4060e5e8
android.widget.TableRow@405ff788
android.widget.RelativeLayout@406a2f28
android.widget.RelativeLayout@407853e0
android.widget.TextView: 3.99
android.widget.TextView: 9
android.widget.TextView: 17 hours ago
android.widget.TextView: Update
android.widget.RelativeLayout@4064abb8
android.widget.ImageView@40654a78
android.widget.TextView: Mobil
android.widget.TextView: 2225 Bath Ave & Bay 31st St
android.widget.TextView: Brooklyn, NY
android.widget.TextView: 5.02 mi
android.widget.TableLayout@40637328
android.widget.TableRow@40694290
android.widget.RelativeLayout@406ed198
android.widget.RelativeLayout@4071dd50
android.widget.TextView: 3.99
android.widget.TextView: 9
android.widget.TextView: Mon 1:41 AM
android.widget.TextView: Update
android.widget.RelativeLayout@406d1d88
android.widget.ImageView@407105f8
android.widget.TextView: Sunoco
android.widget.TextView: 1907 Cropsey Ave & 19th Ave
android.widget.TextView: Brooklyn, NY
android.widget.TextView: 5.02 mi
android.widget.RelativeLayout@40718eb0
android.widget.FrameLayout@40555028
android.widget.RelativeLayout@405913a0
android.widget.LinearLayout@405a1510
android.view.View@40729e78
android.widget.RelativeLayout@406ffec8
android.widget.TextView: Regular
android.view.View@40722dc0
android.view.View@4070e838
android.widget.RelativeLayout@40722fd0
android.widget.TextView: Midgrade
android.view.View@406aef98
android.view.View@40729c18
android.widget.RelativeLayout@406a41e8
android.widget.TextView: Premium
android.view.View@4070afb0
android.view.View@40729d48
android.widget.RelativeLayout@40665588
android.widget.TextView: Diesel
android.view.View@406c6538
android.view.View@40729f98
android.view.View@405bf300
android.widget.LinearLayout@405d10e8
android.widget.RelativeLayout@4060f4c0
android.widget.ImageView@406b8eb0
android.widget.TextView: Reload
android.widget.RelativeLayout@406b9a20
android.widget.ImageView@40598f68
android.widget.TextView: Sort By Price
android.widget.RelativeLayout@40681240
android.widget.ImageView@406bc558
android.widget.TextView: Map View
android.view.View@406c33f8
gbis.gbandroid.views.layouts.CustomListView@406b4350
android.widget.TableLayout@40637328
android.widget.TableRow@40694290
android.widget.RelativeLayout@406ed198
android.widget.RelativeLayout@4071dd50
android.widget.TextView: 3.99
android.widget.TextView: 9
android.widget.TextView: Mon 1:41 AM
android.widget.TextView: Update
android.widget.RelativeLayout@406d1d88
android.widget.ImageView@407105f8
android.widget.TextView: Sunoco
android.widget.TextView: 1907 Cropsey Ave & 19th Ave
android.widget.TextView: Brooklyn, NY
android.widget.TextView: 5.02 mi
android.widget.TableLayout@40680f28
android.widget.TableRow@40653190
android.widget.RelativeLayout@407b89f0
android.widget.RelativeLayout@405f0910
android.widget.TextView: 3.99
android.widget.TextView: 9
android.widget.TextView: 15 hours ago
android.widget.TextView: Update
android.widget.RelativeLayout@4070d610
android.widget.ImageView@40654540
android.widget.TextView: Gulf
android.widget.TextView: 2061 Bath  & 21 
android.widget.TextView: Brooklyn, NY
android.widget.TextView: 5.07 mi
android.widget.TableLayout@4057e8d0
android.widget.TableRow@405815e8
android.widget.RelativeLayout@40606368
android.widget.RelativeLayout@4062cbd0
android.widget.TextView: 4.05
android.widget.TextView: 9
android.widget.TextView: Mon 6:57 AM
android.widget.TextView: Update
android.widget.RelativeLayout@40669568
android.widget.ImageView@406722c0
android.widget.TextView: BP
android.widget.TextView: 1098 Richmond Rd & Targee St
android.widget.TextView: Staten Island, NY
android.widget.TextView: 5.07 mi
android.widget.TableLayout@4057daf0
android.widget.TableRow@40586e20
android.widget.RelativeLayout@406abff8
android.widget.RelativeLayout@406c1f48
android.widget.TextView: 3.95
android.widget.TextView: 9
android.widget.TextView: Mon 4:44 PM
android.widget.TextView: Update
android.widget.RelativeLayout@40680880
android.widget.ImageView@4063d6b8
android.widget.TextView: Getty
android.widget.TextView: 5 Fingerboard Rd & Bay St
android.widget.TextView: Staten Island, NY
android.widget.TextView: 5.17 mi
android.widget.TableLayout@406eb968
android.widget.TableRow@406d2760
android.widget.RelativeLayout@407b3958
android.widget.RelativeLayout@4061b070
android.widget.TextView: --
android.widget.TextView: 9
android.widget.TextView: time
android.widget.TextView: Report Price
android.widget.RelativeLayout@406e79c8
android.widget.ImageView@40637b48
android.widget.TextView: CITGO
android.widget.TextView: 3310 Richmond Rd & Hitchcock Ave
android.widget.TextView: Staten Island, NY
android.widget.TextView: 5.25 mi
android.widget.RelativeLayout@40718eb0
android.widget.FrameLayout@40555028
android.widget.RelativeLayout@405913a0
android.widget.LinearLayout@405a1510
android.view.View@40729e78
android.widget.RelativeLayout@406ffec8
android.widget.TextView: Regular
android.view.View@40722dc0
android.view.View@4070e838
android.widget.RelativeLayout@40722fd0
android.widget.TextView: Midgrade
android.view.View@406aef98
android.view.View@40729c18
android.widget.RelativeLayout@406a41e8
android.widget.TextView: Premium
android.view.View@4070afb0
android.view.View@40729d48
android.widget.RelativeLayout@40665588
android.widget.TextView: Diesel
android.view.View@406c6538
android.view.View@40729f98
android.view.View@405bf300
android.widget.LinearLayout@405d10e8
android.widget.RelativeLayout@4060f4c0
android.widget.ImageView@406b8eb0
android.widget.TextView: Reload
android.widget.RelativeLayout@406b9a20
android.widget.ImageView@40598f68
android.widget.TextView: Sort By Price
android.widget.RelativeLayout@40681240
android.widget.ImageView@406bc558
android.widget.TextView: Map View
android.view.View@406c33f8
gbis.gbandroid.views.layouts.CustomListView@406b4350
android.widget.TableLayout@406eb968
android.widget.TableRow@406d2760
android.widget.RelativeLayout@407b3958
android.widget.RelativeLayout@4061b070
android.widget.TextView: --
android.widget.TextView: 9
android.widget.TextView: time
android.widget.TextView: Report Price
android.widget.RelativeLayout@406e79c8
android.widget.ImageView@40637b48
android.widget.TextView: CITGO
android.widget.TextView: 3310 Richmond Rd & Hitchcock Ave
android.widget.TextView: Staten Island, NY
android.widget.TextView: 5.25 mi
android.widget.TableLayout@406f9ca8
android.widget.TableRow@406fa278
android.widget.RelativeLayout@406cf158
android.widget.RelativeLayout@406cf530
android.widget.TextView: 3.89
android.widget.TextView: 9
android.widget.TextView: Mon 5:26 PM
android.widget.TextView: Update
android.widget.RelativeLayout@406bef50
android.widget.ImageView@406bf308
android.widget.TextView: Spirit
android.widget.TextView: 3701 Amboy Rd & Keegans Ln
android.widget.TextView: Staten Island, NY
android.widget.TextView: 5.26 mi
android.widget.TableLayout@4064c440
android.widget.TableRow@4077aff8
android.widget.RelativeLayout@4077b678
android.widget.RelativeLayout@40641870
android.widget.TextView: 4.05
android.widget.TextView: 9
android.widget.TextView: 22 minutes ago
android.widget.TextView: Update
android.widget.RelativeLayout@40683828
android.widget.ImageView@40724fe0
android.widget.TextView: BP
android.widget.TextView: 2620 86th St & Stillwell Ave
android.widget.TextView: Brooklyn, NY
android.widget.TextView: 5.26 mi
android.widget.TableLayout@40664508
android.widget.TableRow@40664ad8
android.widget.RelativeLayout@4062a8e0
android.widget.RelativeLayout@4062acb8
android.widget.TextView: --
android.widget.TextView: 9
android.widget.TextView: time
android.widget.TextView: Report Price
android.widget.RelativeLayout@40653640
android.widget.ImageView@406538f0
android.widget.TextView: Eagle
android.widget.TextView: 366 Ave Y & W 3rd St
android.widget.TextView: Brooklyn, NY
android.widget.TextView: 5.26 mi
android.widget.TableLayout@406126d8
android.widget.TableRow@40612c70
android.widget.RelativeLayout@40617de0
android.widget.RelativeLayout@406181b8
android.widget.TextView: 4.09
android.widget.TextView: 9
android.widget.TextView: 51 minutes ago
android.widget.TextView: Update
android.widget.RelativeLayout@40680008
android.widget.ImageView@406803e0
android.widget.TextView: Liberty
android.widget.TextView: 2965 86th St & McDonald Ave
android.widget.TextView: Brooklyn, NY
android.widget.TextView: 5.3 mi
android.widget.RelativeLayout@40718eb0
android.widget.FrameLayout@40555028
android.widget.RelativeLayout@405913a0
android.widget.LinearLayout@405a1510
android.view.View@40729e78
android.widget.RelativeLayout@406ffec8
android.widget.TextView: Regular
android.view.View@40722dc0
android.view.View@4070e838
android.widget.RelativeLayout@40722fd0
android.widget.TextView: Midgrade
android.view.View@406aef98
android.view.View@40729c18
android.widget.RelativeLayout@406a41e8
android.widget.TextView: Premium
android.view.View@4070afb0
android.view.View@40729d48
android.widget.RelativeLayout@40665588
android.widget.TextView: Diesel
android.view.View@406c6538
android.view.View@40729f98
android.view.View@405bf300
android.widget.LinearLayout@405d10e8
android.widget.RelativeLayout@4060f4c0
android.widget.ImageView@406b8eb0
android.widget.TextView: Reload
android.widget.RelativeLayout@406b9a20
android.widget.ImageView@40598f68
android.widget.TextView: Sort By Price
android.widget.RelativeLayout@40681240
android.widget.ImageView@406bc558
android.widget.TextView: Map View
android.view.View@406c33f8
gbis.gbandroid.views.layouts.CustomListView@406b4350
android.widget.TableLayout@406126d8
android.widget.TableRow@40612c70
android.widget.RelativeLayout@40617de0
android.widget.RelativeLayout@406181b8
android.widget.TextView: 4.09
android.widget.TextView: 9
android.widget.TextView: 51 minutes ago
android.widget.TextView: Update
android.widget.RelativeLayout@40680008
android.widget.ImageView@406803e0
android.widget.TextView: Liberty
android.widget.TextView: 2965 86th St & McDonald Ave
android.widget.TextView: Brooklyn, NY
android.widget.TextView: 5.3 mi
android.widget.TableLayout@4057b330
android.widget.TableRow@4061ec00
android.widget.RelativeLayout@4057b4e8
android.widget.RelativeLayout@4057e1c0
android.widget.TextView: 3.97
android.widget.TextView: 9
android.widget.TextView: 14 hours ago
android.widget.TextView: Update
android.widget.RelativeLayout@405829f8
android.widget.ImageView@40587c00
android.widget.TextView: Lukoil
android.widget.TextView: 4000 Hylan Blvd & Nelson Ave
android.widget.TextView: Staten Island, NY
android.widget.TextView: 5.33 mi
android.widget.TableLayout@4057e010
android.widget.TableRow@406ba2a0
android.widget.RelativeLayout@405f3148
android.widget.RelativeLayout@40600220
android.widget.TextView: 3.99
android.widget.TextView: 9
android.widget.TextView: 14 hours ago
android.widget.TextView: Update
android.widget.RelativeLayout@40602e10
android.widget.ImageView@405b2250
android.widget.TextView: Valero
android.widget.TextView: 3981 Hylan Blvd & Nelson Ave
android.widget.TextView: Staten Island, NY
android.widget.TextView: 5.34 mi
android.widget.TableLayout@40580bd8
android.widget.TableRow@406bfa20
android.widget.RelativeLayout@406059e8
android.widget.RelativeLayout@4060e798
android.widget.TextView: 3.99
android.widget.TextView: 9
android.widget.TextView: 2 hours ago
android.widget.TextView: Update
android.widget.RelativeLayout@40613ee8
android.widget.ImageView@405b36b0
android.widget.TextView: Getty
android.widget.TextView: 1672 86th St & Bay 14th St
android.widget.TextView: Brooklyn, NY
android.widget.TextView: 5.46 mi
android.widget.TableLayout@405c39e0
android.widget.TableRow@40724c58
android.widget.RelativeLayout@40616a88
android.widget.RelativeLayout@4061c340
android.widget.TextView: 3.83
android.widget.TextView: 9
android.widget.TextView: 6 hours ago
android.widget.TextView: Update
android.widget.RelativeLayout@4061cac0
android.widget.ImageView@4060ee38
android.widget.TextView: Shell
android.widget.TextView: 3046 Coney Island Ave & Neptune Ave
android.widget.TextView: Brooklyn, NY
android.widget.TextView: 5.48 mi
android.widget.RelativeLayout@40718eb0
android.widget.FrameLayout@40555028
android.widget.RelativeLayout@405913a0
android.widget.LinearLayout@405a1510
android.view.View@40729e78
android.widget.RelativeLayout@406ffec8
android.widget.TextView: Regular
android.view.View@40722dc0
android.view.View@4070e838
android.widget.RelativeLayout@40722fd0
android.widget.TextView: Midgrade
android.view.View@406aef98
android.view.View@40729c18
android.widget.RelativeLayout@406a41e8
android.widget.TextView: Premium
android.view.View@4070afb0
android.view.View@40729d48
android.widget.RelativeLayout@40665588
android.widget.TextView: Diesel
android.view.View@406c6538
android.view.View@40729f98
android.view.View@405bf300
android.widget.LinearLayout@405d10e8
android.widget.RelativeLayout@4060f4c0
android.widget.ImageView@406b8eb0
android.widget.TextView: Reload
android.widget.RelativeLayout@406b9a20
android.widget.ImageView@40598f68
android.widget.TextView: Sort By Price
android.widget.RelativeLayout@40681240
android.widget.ImageView@406bc558
android.widget.TextView: Map View
android.view.View@406c33f8
gbis.gbandroid.views.layouts.CustomListView@406b4350
android.widget.TableLayout@406af9d8
android.widget.TableRow@4064cea8
android.widget.RelativeLayout@405a37a0
android.widget.RelativeLayout@4064c260
android.widget.TextView: 3.83
android.widget.TextView: 9
android.widget.TextView: 6 hours ago
android.widget.TextView: Update
android.widget.RelativeLayout@40723160
android.widget.ImageView@405c49c0
android.widget.TextView: Shell
android.widget.TextView: 3046 Coney Island Ave & Neptune Ave
android.widget.TextView: Brooklyn, NY
android.widget.TextView: 5.48 mi
android.widget.TableLayout@4069e390
android.widget.TableRow@406f3eb0
android.widget.RelativeLayout@4068a2e0
android.widget.RelativeLayout@406c0aa8
android.widget.TextView: 4.09
android.widget.TextView: 9
android.widget.TextView: 6 hours ago
android.widget.TextView: Update
android.widget.RelativeLayout@406bcc70
android.widget.ImageView@4077ab90
android.widget.TextView: BP
android.widget.TextView: 1601 86th St & 16th Ave
android.widget.TextView: Brooklyn, NY
android.widget.TextView: 5.51 mi
android.widget.TableLayout@40600e80
android.widget.TableRow@40762820
android.widget.RelativeLayout@40625cf8
android.widget.RelativeLayout@406288f0
android.widget.TextView: --
android.widget.TextView: 9
android.widget.TextView: time
android.widget.TextView: Report Price
android.widget.RelativeLayout@4064d940
android.widget.ImageView@4066e3e0
android.widget.TextView: Sunoco
android.widget.TextView: 1601 86th St & 16th Ave
android.widget.TextView: Brooklyn, NY
android.widget.TextView: 5.52 mi
android.widget.TableLayout@40600070
android.widget.TableRow@4072c2d0
android.widget.RelativeLayout@4061ef50
android.widget.RelativeLayout@40621b88
android.widget.TextView: --
android.widget.TextView: 9
android.widget.TextView: 6 hours ago
android.widget.TextView: Report Price
android.widget.RelativeLayout@40624620
android.widget.ImageView@40616758
android.widget.TextView: Gulf
android.widget.TextView: 3031 Coney Island Ave & Neptune Ave
android.widget.TextView: Brooklyn, NY
android.widget.TextView: 5.53 mi
android.widget.RelativeLayout@40718eb0
android.widget.FrameLayout@40555028
android.widget.RelativeLayout@405913a0
android.widget.LinearLayout@405a1510
android.view.View@40729e78
android.widget.RelativeLayout@406ffec8
android.widget.TextView: Regular
android.view.View@40722dc0
android.view.View@4070e838
android.widget.RelativeLayout@40722fd0
android.widget.TextView: Midgrade
android.view.View@406aef98
android.view.View@40729c18
android.widget.RelativeLayout@406a41e8
android.widget.TextView: Premium
android.view.View@4070afb0
android.view.View@40729d48
android.widget.RelativeLayout@40665588
android.widget.TextView: Diesel
android.view.View@406c6538
android.view.View@40729f98
android.view.View@405bf300
android.widget.LinearLayout@405d10e8
android.widget.RelativeLayout@4060f4c0
android.widget.ImageView@406b8eb0
android.widget.TextView: Reload
android.widget.RelativeLayout@406b9a20
android.widget.ImageView@40598f68
android.widget.TextView: Sort By Price
android.widget.RelativeLayout@40681240
android.widget.ImageView@406bc558
android.widget.TextView: Map View
android.view.View@406c33f8
gbis.gbandroid.views.layouts.CustomListView@406b4350
android.widget.TableLayout@405c39e0
android.widget.TableRow@40724c58
android.widget.RelativeLayout@40616a88
android.widget.RelativeLayout@4061c340
android.widget.TextView: --
android.widget.TextView: 9
android.widget.TextView: 6 hours ago
android.widget.TextView: Report Price
android.widget.RelativeLayout@4061cac0
android.widget.ImageView@4060ee38
android.widget.TextView: Mobil
android.widget.TextView: 3003 Coney Island  & Guider Ave
android.widget.TextView: Brooklyn, NY
android.widget.TextView: 5.54 mi
android.widget.TableLayout@40714508
android.widget.TableRow@40765890
android.widget.RelativeLayout@40770310
android.widget.RelativeLayout@407706e8
android.widget.TextView: 3.99
android.widget.TextView: 9
android.widget.TextView: 14 minutes ago
android.widget.TextView: Update
android.widget.RelativeLayout@40721c60
android.widget.ImageView@40722020
android.widget.TextView: Mobil
android.widget.TextView: 1420 86th St & Bay 7th St
android.widget.TextView: Brooklyn, NY
android.widget.TextView: 5.58 mi
android.widget.TableLayout@406c9548
android.widget.TableRow@4069e968
android.widget.RelativeLayout@4057f298
android.widget.RelativeLayout@4057f578
android.widget.TextView: 3.91
android.widget.TextView: 9
android.widget.TextView: 13 hours ago
android.widget.TextView: Update
android.widget.RelativeLayout@40717908
android.widget.ImageView@407b4bc0
android.widget.TextView: Shell
android.widget.TextView: 4244 Hylan Blvd & Littlefield Ave
android.widget.TextView: Staten Island, NY
android.widget.TextView: 5.59 mi
android.widget.TableLayout@40696e40
android.widget.TableRow@40627130
android.widget.RelativeLayout@406277b0
android.widget.RelativeLayout@40627b88
android.widget.TextView: 3.89
android.widget.TextView: 9
android.widget.TextView: 7 hours ago
android.widget.TextView: Update
android.widget.RelativeLayout@407908a8
android.widget.ImageView@40790c80
android.widget.TextView: BP
android.widget.TextView: 708 Richmond Rd & Narrows Rd North
android.widget.TextView: Staten Island, NY
android.widget.TextView: 5.61 mi
android.widget.TableLayout@40601918
android.widget.TableRow@40601ee8
android.widget.RelativeLayout@4063c388
android.widget.RelativeLayout@4063c760
android.widget.TextView: 3.95
android.widget.TextView: 9
android.widget.TextView: Mon 4:22 PM
android.widget.TextView: Update
android.widget.RelativeLayout@4064f1d8
android.widget.ImageView@4064f5b0
android.widget.TextView: Getty
android.widget.TextView: 717 Richmond Rd & Narrows Rd North
android.widget.TextView: Staten Island, NY
android.widget.TextView: 5.63 mi
android.widget.RelativeLayout@40718eb0
android.widget.FrameLayout@40555028
android.widget.RelativeLayout@405913a0
android.widget.LinearLayout@405a1510
android.view.View@40729e78
android.widget.RelativeLayout@406ffec8
android.widget.TextView: Regular
android.view.View@40722dc0
android.view.View@4070e838
android.widget.RelativeLayout@40722fd0
android.widget.TextView: Midgrade
android.view.View@406aef98
android.view.View@40729c18
android.widget.RelativeLayout@406a41e8
android.widget.TextView: Premium
android.view.View@4070afb0
android.view.View@40729d48
android.widget.RelativeLayout@40665588
android.widget.TextView: Diesel
android.view.View@406c6538
android.view.View@40729f98
android.view.View@405bf300
android.widget.LinearLayout@405d10e8
android.widget.RelativeLayout@4060f4c0
android.widget.ImageView@406b8eb0
android.widget.TextView: Reload
android.widget.RelativeLayout@406b9a20
android.widget.ImageView@40598f68
android.widget.TextView: Sort By Price
android.widget.RelativeLayout@40681240
android.widget.ImageView@406bc558
android.widget.TextView: Map View
android.view.View@406c33f8
gbis.gbandroid.views.layouts.CustomListView@406b4350
android.widget.TableLayout@40601918
android.widget.TableRow@40601ee8
android.widget.RelativeLayout@4063c388
android.widget.RelativeLayout@4063c760
android.widget.TextView: 3.95
android.widget.TextView: 9
android.widget.TextView: Mon 4:22 PM
android.widget.TextView: Update
android.widget.RelativeLayout@4064f1d8
android.widget.ImageView@4064f5b0
android.widget.TextView: Getty
android.widget.TextView: 717 Richmond Rd & Narrows Rd North
android.widget.TextView: Staten Island, NY
android.widget.TextView: 5.63 mi
android.widget.TableLayout@406b2920
android.widget.TableRow@4065be80
android.widget.RelativeLayout@4065c3e0
android.widget.RelativeLayout@4065c7b8
android.widget.TextView: 3.99
android.widget.TextView: 9
android.widget.TextView: 14 minutes ago
android.widget.TextView: Update
android.widget.RelativeLayout@4065dfc8
android.widget.ImageView@405b6b80
android.widget.TextView: Sunoco
android.widget.TextView: 579 92nd St & Gatling Pl
android.widget.TextView: Brooklyn, NY
android.widget.TextView: 5.69 mi
android.widget.TableLayout@40756498
android.widget.TableRow@40756a68
android.widget.RelativeLayout@407570e8
android.widget.RelativeLayout@407574c0
android.widget.TextView: 4.15
android.widget.TextView: 9
android.widget.TextView: 1 hour ago
android.widget.TextView: Update
android.widget.RelativeLayout@4075ed38
android.widget.ImageView@4075f110
android.widget.TextView: Sunoco
android.widget.TextView: 1626 Stillwell Ave & Kings Hwy
android.widget.TextView: Brooklyn, NY
android.widget.TextView: 5.75 mi
android.widget.TableLayout@407f0458
android.widget.TableRow@407f0a28
android.widget.RelativeLayout@407f10e8
android.widget.RelativeLayout@407f14c0
android.widget.TextView: 4.15
android.widget.TextView: 9
android.widget.TextView: 18 hours ago
android.widget.TextView: Update
android.widget.RelativeLayout@407f2cd0
android.widget.ImageView@407f30a8
android.widget.TextView: Getty
android.widget.TextView: 125 Kings Hwy & Stillwell Ave
android.widget.TextView: Brooklyn, NY
android.widget.TextView: 5.76 mi
android.widget.TableLayout@408007f8
android.widget.TableRow@40800dc8
android.widget.RelativeLayout@40801488
android.widget.RelativeLayout@40801860
android.widget.TextView: 4.49
android.widget.TextView: 9
android.widget.TextView: 9 minutes ago
android.widget.TextView: Update
android.widget.RelativeLayout@40803070
android.widget.ImageView@40803448
android.widget.TextView: BP
android.widget.TextView: 9111 4th Ave & 92nd St
android.widget.TextView: Brooklyn, NY
android.widget.TextView: 5.78 mi
android.widget.RelativeLayout@40718eb0
android.widget.FrameLayout@40555028
android.widget.RelativeLayout@405913a0
android.widget.LinearLayout@405a1510
android.view.View@40729e78
android.widget.RelativeLayout@406ffec8
android.widget.TextView: Regular
android.view.View@40722dc0
android.view.View@4070e838
android.widget.RelativeLayout@40722fd0
android.widget.TextView: Midgrade
android.view.View@406aef98
android.view.View@40729c18
android.widget.RelativeLayout@406a41e8
android.widget.TextView: Premium
android.view.View@4070afb0
android.view.View@40729d48
android.widget.RelativeLayout@40665588
android.widget.TextView: Diesel
android.view.View@406c6538
android.view.View@40729f98
android.view.View@405bf300
android.widget.LinearLayout@405d10e8
android.widget.RelativeLayout@4060f4c0
android.widget.ImageView@406b8eb0
android.widget.TextView: Reload
android.widget.RelativeLayout@406b9a20
android.widget.ImageView@40598f68
android.widget.TextView: Sort By Price
android.widget.RelativeLayout@40681240
android.widget.ImageView@406bc558
android.widget.TextView: Map View
android.view.View@406c33f8
gbis.gbandroid.views.layouts.CustomListView@406b4350
android.widget.TableLayout@408007f8
android.widget.TableRow@40800dc8
android.widget.RelativeLayout@40801488
android.widget.RelativeLayout@40801860
android.widget.TextView: 4.49
android.widget.TextView: 9
android.widget.TextView: 9 minutes ago
android.widget.TextView: Update
android.widget.RelativeLayout@40803070
android.widget.ImageView@40803448
android.widget.TextView: BP
android.widget.TextView: 9111 4th Ave & 92nd St
android.widget.TextView: Brooklyn, NY
android.widget.TextView: 5.78 mi
android.widget.TableLayout@4057b330
android.widget.TableRow@405a3568
android.widget.RelativeLayout@405578a0
android.widget.RelativeLayout@40561568
android.widget.TextView: --
android.widget.TextView: 9
android.widget.TextView: time
android.widget.TextView: Report Price
android.widget.RelativeLayout@4057b4e8
android.widget.ImageView@40546708
android.widget.TextView: Coastal
android.widget.TextView: Van Duzer St  & Vanderbilt Ave
android.widget.TextView: Staten Island, NY
android.widget.TextView: 5.82 mi
android.widget.TableLayout@4057e010
android.widget.TableRow@4062fb98
android.widget.RelativeLayout@4057e1c0
android.widget.RelativeLayout@405829f8
android.widget.TextView: 4.19
android.widget.TextView: 9
android.widget.TextView: 5 hours ago
android.widget.TextView: Update
android.widget.RelativeLayout@40600220
android.widget.ImageView@40587c00
android.widget.TextView: Gulf
android.widget.TextView: 8521 7th Ave & 86th St
android.widget.TextView: Brooklyn, NY
android.widget.TextView: 5.86 mi
android.widget.TableLayout@40580bd8
android.widget.TableRow@40634958
android.widget.RelativeLayout@40602e10
android.widget.RelativeLayout@40605838
android.widget.TextView: 3.99
android.widget.TextView: 9
android.widget.TextView: 5 hours ago
android.widget.TextView: Update
android.widget.RelativeLayout@406059e8
android.widget.ImageView@405b36b0
android.widget.TextView: Gulf
android.widget.TextView: 470 Vanderbilt Ave & Targee St
android.widget.TextView: Staten Island, NY
android.widget.TextView: 5.86 mi
android.widget.TableLayout@405b0b18
android.widget.TableRow@40694290
android.widget.RelativeLayout@4060e798
android.widget.RelativeLayout@40613ee8
android.widget.TextView: 3.99
android.widget.TextView: 9
android.widget.TextView: 8 minutes ago
android.widget.TextView: Update
android.widget.RelativeLayout@4061ef50
android.widget.ImageView@40616758
android.widget.TextView: Sunoco
android.widget.TextView: 640 86th St & Battery Ave
android.widget.TextView: Brooklyn, NY
android.widget.TextView: 5.87 mi
android.widget.RelativeLayout@40718eb0
android.widget.FrameLayout@40555028
android.widget.RelativeLayout@405913a0
android.widget.LinearLayout@405a1510
android.view.View@40729e78
android.widget.RelativeLayout@406ffec8
android.widget.TextView: Regular
android.view.View@40722dc0
android.view.View@4070e838
android.widget.RelativeLayout@40722fd0
android.widget.TextView: Midgrade
android.view.View@406aef98
android.view.View@40729c18
android.widget.RelativeLayout@406a41e8
android.widget.TextView: Premium
android.view.View@4070afb0
android.view.View@40729d48
android.widget.RelativeLayout@40665588
android.widget.TextView: Diesel
android.view.View@406c6538
android.view.View@40729f98
android.view.View@405bf300
android.widget.LinearLayout@405d10e8
android.widget.RelativeLayout@4060f4c0
android.widget.ImageView@406b8eb0
android.widget.TextView: Reload
android.widget.RelativeLayout@406b9a20
android.widget.ImageView@40598f68
android.widget.TextView: Sort By Price
android.widget.RelativeLayout@40681240
android.widget.ImageView@406bc558
android.widget.TextView: Map View
android.view.View@406c33f8
gbis.gbandroid.views.layouts.CustomListView@406b4350
android.widget.TableLayout@4057e010
android.widget.TableRow@4062fb98
android.widget.RelativeLayout@4057e1c0
android.widget.RelativeLayout@405829f8
android.widget.TextView: 4.19
android.widget.TextView: 9
android.widget.TextView: 5 hours ago
android.widget.TextView: Update
android.widget.RelativeLayout@40600220
android.widget.ImageView@40587c00
android.widget.TextView: Gulf
android.widget.TextView: 8521 7th Ave & 86th St
android.widget.TextView: Brooklyn, NY
android.widget.TextView: 5.86 mi
android.widget.TableLayout@40580bd8
android.widget.TableRow@40634958
android.widget.RelativeLayout@40602e10
android.widget.RelativeLayout@40605838
android.widget.TextView: 3.99
android.widget.TextView: 9
android.widget.TextView: 5 hours ago
android.widget.TextView: Update
android.widget.RelativeLayout@406059e8
android.widget.ImageView@405b36b0
android.widget.TextView: Gulf
android.widget.TextView: 470 Vanderbilt Ave & Targee St
android.widget.TextView: Staten Island, NY
android.widget.TextView: 5.86 mi
android.widget.TableLayout@405b0b18
android.widget.TableRow@40694290
android.widget.RelativeLayout@4060e798
android.widget.RelativeLayout@40613ee8
android.widget.TextView: 3.99
android.widget.TextView: 9
android.widget.TextView: 8 minutes ago
android.widget.TextView: Update
android.widget.RelativeLayout@4061ef50
android.widget.ImageView@40616758
android.widget.TextView: Sunoco
android.widget.TextView: 640 86th St & Battery Ave
android.widget.TextView: Brooklyn, NY
android.widget.TextView: 5.87 mi
android.widget.TableLayout@405e0948
android.widget.TableRow@406a6338
android.widget.RelativeLayout@40621b88
android.widget.RelativeLayout@40624620
android.widget.TextView: 3.99
android.widget.TextView: 9
android.widget.TextView: 5 hours ago
android.widget.TextView: Update
android.widget.RelativeLayout@40624c90
android.widget.ImageView@4061e4b8
android.widget.TextView: Delta Express
android.widget.TextView: 425 Vanderbilt Ave & Targee St
android.widget.TextView: Staten Island, NY
android.widget.TextView: 5.88 mi
android.widget.TableLayout@40600070
android.widget.TableRow@406bbd90
android.widget.RelativeLayout@40625cf8
android.widget.RelativeLayout@406288f0
android.widget.TextView: 3.95
android.widget.TextView: 9
android.widget.TextView: 2 hours ago
android.widget.TextView: Update
android.widget.RelativeLayout@406374f8
android.widget.ImageView@40629580
android.widget.TextView: Getty
android.widget.TextView: 7519 18th Ave & 76th St
android.widget.TextView: Brooklyn, NY
android.widget.TextView: 5.91 mi
android.widget.RelativeLayout@40718eb0
