emulator-5570
D/umd.troyd( 1031): got command getViews
D/umd.troyd( 1031): android.widget.FrameLayout@40702af8: 16908290 (0)
D/umd.troyd( 1031): android.widget.RelativeLayout@40703538: 2131558603 (1)
D/umd.troyd( 1031): android.widget.LinearLayout@40703970: -1 (2)
D/umd.troyd( 1031): com.walmart.android.ui.ViewStackLayout@40703ec0: 2131558797 (3)
D/umd.troyd( 1031): android.widget.RelativeLayout@4053fa68: -1 (4)
D/umd.troyd( 1031): android.widget.RelativeLayout@4054d888: 2131558790 (5)
D/umd.troyd( 1031): android.widget.LinearLayout@4054b348: 2131558790 (6)
D/umd.troyd( 1031): android.widget.RelativeLayout@405e0180: -1 (7)
D/umd.troyd( 1031): android.widget.Button:  (8)
D/umd.troyd( 1031): android.widget.TextView: Search a location (9)
D/umd.troyd( 1031): android.widget.Button:  (10)
D/umd.troyd( 1031): android.widget.Button:  (11)
D/umd.troyd( 1031): android.widget.Button:  (12)
D/umd.troyd( 1031): android.widget.RelativeLayout@405f0788: 2131558791 (13)
D/umd.troyd( 1031): com.walmart.android.storelocator.StoreMapView@40574108: 2131558792 (14)
D/umd.troyd( 1031): android.widget.ListView@405eb360: 2131558521 (15)
D/umd.troyd( 1031): android.widget.LinearLayout@4054a228: -1 (16)
D/umd.troyd( 1031): android.widget.RelativeLayout@4054a378: -1 (17)
D/umd.troyd( 1031): android.widget.RelativeLayout@4054a4d0: -1 (18)
D/umd.troyd( 1031): android.widget.TextView: Walmart Store (19)
D/umd.troyd( 1031): android.widget.TextView: 2701 Port Covington Dr (20)
D/umd.troyd( 1031): android.widget.TextView: Baltimore, MD 21230 (21)
D/umd.troyd( 1031): android.widget.RelativeLayout@4071f980: -1 (22)
D/umd.troyd( 1031): android.widget.LinearLayout@405e1938: 2131558801 (23)
D/umd.troyd( 1031): android.widget.TextView: 0.75 (24)
D/umd.troyd( 1031): android.widget.TextView: miles (25)
D/umd.troyd( 1031): android.widget.TextView:  (26)
D/umd.troyd( 1031): android.widget.ImageView@4073ed18: 2131558517 (27)
D/umd.troyd( 1031): android.widget.LinearLayout@4062caa8: -1 (28)
D/umd.troyd( 1031): android.widget.RelativeLayout@4062cbf8: -1 (29)
D/umd.troyd( 1031): android.widget.RelativeLayout@4062ce50: -1 (30)
D/umd.troyd( 1031): android.widget.TextView: Walmart Supercenter (31)
D/umd.troyd( 1031): android.widget.TextView: 3601 Washington Blvd (32)
D/umd.troyd( 1031): android.widget.TextView: Arbutus, MD 21227 (33)
D/umd.troyd( 1031): android.widget.RelativeLayout@405e9830: -1 (34)
D/umd.troyd( 1031): android.widget.LinearLayout@40617c30: 2131558801 (35)
D/umd.troyd( 1031): android.widget.TextView: 2.45 (36)
D/umd.troyd( 1031): android.widget.TextView: miles (37)
D/umd.troyd( 1031): android.widget.TextView:  (38)
D/umd.troyd( 1031): android.widget.ImageView@40622160: 2131558517 (39)
D/umd.troyd( 1031): android.widget.LinearLayout@405f0d00: -1 (40)
D/umd.troyd( 1031): android.widget.RelativeLayout@40704778: -1 (41)
D/umd.troyd( 1031): android.widget.RelativeLayout@40704990: -1 (42)
D/umd.troyd( 1031): android.widget.TextView: Walmart Store (43)
D/umd.troyd( 1031): android.widget.TextView: 6721 Chesapeake Center Dr (44)
D/umd.troyd( 1031): android.widget.TextView: Glen Burnie, MD 21060 (45)
D/umd.troyd( 1031): android.widget.RelativeLayout@4072f2b8: -1 (46)
D/umd.troyd( 1031): android.widget.LinearLayout@40721230: 2131558801 (47)
D/umd.troyd( 1031): android.widget.TextView: 4.58 (48)
D/umd.troyd( 1031): android.widget.TextView: miles (49)
D/umd.troyd( 1031): android.widget.TextView:  (50)
D/umd.troyd( 1031): android.widget.ImageView@405d9a90: 2131558517 (51)
D/umd.troyd( 1031): android.widget.LinearLayout@407a3a10: -1 (52)
D/umd.troyd( 1031): android.widget.RelativeLayout@407a3c00: -1 (53)
D/umd.troyd( 1031): android.widget.RelativeLayout@405ead10: -1 (54)
D/umd.troyd( 1031): android.widget.TextView: Walmart Store (55)
D/umd.troyd( 1031): android.widget.TextView: 2399 North Point Blvd (56)
D/umd.troyd( 1031): android.widget.TextView: Dundalk, MD 21222 (57)
D/umd.troyd( 1031): android.widget.RelativeLayout@40717f58: -1 (58)
D/umd.troyd( 1031): android.widget.LinearLayout@407181d8: 2131558801 (59)
D/umd.troyd( 1031): android.widget.TextView: 5.83 (60)
D/umd.troyd( 1031): android.widget.TextView: miles (61)
D/umd.troyd( 1031): android.widget.TextView:  (62)
D/umd.troyd( 1031): android.widget.ImageView@40600c48: 2131558517 (63)
D/umd.troyd( 1031): android.widget.LinearLayout@40738250: -1 (64)
D/umd.troyd( 1031): android.widget.RelativeLayout@40738440: -1 (65)
D/umd.troyd( 1031): android.widget.RelativeLayout@40622fd8: -1 (66)
D/umd.troyd( 1031): android.widget.TextView: Walmart Store (67)
D/umd.troyd( 1031): android.widget.TextView: 6205 Baltimore National Pike (68)
D/umd.troyd( 1031): android.widget.TextView: Catonsville, MD 21228 (69)
D/umd.troyd( 1031): android.widget.RelativeLayout@4074ec38: -1 (70)
D/umd.troyd( 1031): android.widget.LinearLayout@4072c928: 2131558801 (71)
D/umd.troyd( 1031): android.widget.TextView: 6.10 (72)
D/umd.troyd( 1031): android.widget.TextView: miles (73)
D/umd.troyd( 1031): android.widget.TextView:  (74)
D/umd.troyd( 1031): android.widget.ImageView@4062eae0: 2131558517 (75)
D/umd.troyd( 1031): android.widget.LinearLayout@405ea1f0: -1 (76)
D/umd.troyd( 1031): android.widget.RelativeLayout@405ea340: -1 (77)
D/umd.troyd( 1031): android.widget.RelativeLayout@405ea618: -1 (78)
D/umd.troyd( 1031): android.widget.TextView: Walmart Supercenter (79)
D/umd.troyd( 1031): android.widget.TextView: 407 George Claus Blvd (80)
D/umd.troyd( 1031): android.widget.TextView: Severn, MD 21144 (81)
D/umd.troyd( 1031): android.widget.RelativeLayout@40709da0: -1 (82)
D/umd.troyd( 1031): android.widget.LinearLayout@406f1178: 2131558801 (83)
D/umd.troyd( 1031): android.widget.TextView: 7.31 (84)
D/umd.troyd( 1031): android.widget.TextView: miles (85)
D/umd.troyd( 1031): android.widget.TextView:  (86)
D/umd.troyd( 1031): android.widget.ImageView@407238f0: 2131558517 (87)
D/umd.troyd( 1031): android.widget.RelativeLayout@405edc90: 2131558541 (88)
D/umd.troyd( 1031): android.widget.GridView@40611fa8: 2131558824 (89)
D/umd.troyd( 1031): android.widget.LinearLayout@4054eb08: 2131558538 (90)
D/umd.troyd( 1031): android.widget.RelativeLayout@40577180: 2131558818 (91)
D/umd.troyd( 1031): android.widget.ImageButton@40550b90: 2131558819 (92)
D/umd.troyd( 1031): android.widget.RelativeLayout@40585d20: -1 (93)
D/umd.troyd( 1031): android.widget.ImageView@40588480: 2131558820 (94)
D/umd.troyd( 1031): android.widget.TextView: Stores (95)
D/umd.troyd( 1031): android.widget.RelativeLayout@40559460: -1 (96)
D/umd.troyd( 1031): android.widget.Button:  (97)
D/umd.troyd( 1031): android.widget.ImageView@40660a38: 2131558823 (98)
D/umd.troyd( 1031): android.widget.LinearLayout@40557818: 2131558542 (99)
D/umd.troyd( 1031): got command getViews
D/umd.troyd( 1031): android.widget.FrameLayout@40702af8: 16908290 (0)
D/umd.troyd( 1031): android.widget.RelativeLayout@40703538: 2131558603 (1)
D/umd.troyd( 1031): android.widget.LinearLayout@40703970: -1 (2)
D/umd.troyd( 1031): com.walmart.android.ui.ViewStackLayout@40703ec0: 2131558797 (3)
D/umd.troyd( 1031): android.widget.RelativeLayout@4053fa68: -1 (4)
D/umd.troyd( 1031): android.widget.RelativeLayout@4054d888: 2131558790 (5)
D/umd.troyd( 1031): android.widget.LinearLayout@4054b348: 2131558790 (6)
D/umd.troyd( 1031): android.widget.RelativeLayout@405e0180: -1 (7)
D/umd.troyd( 1031): android.widget.Button:  (8)
D/umd.troyd( 1031): android.widget.TextView: Search a location (9)
D/umd.troyd( 1031): android.widget.Button:  (10)
D/umd.troyd( 1031): android.widget.Button:  (11)
D/umd.troyd( 1031): android.widget.Button:  (12)
D/umd.troyd( 1031): android.widget.RelativeLayout@405f0788: 2131558791 (13)
D/umd.troyd( 1031): com.walmart.android.storelocator.StoreMapView@40574108: 2131558792 (14)
D/umd.troyd( 1031): android.widget.ListView@405eb360: 2131558521 (15)
D/umd.troyd( 1031): android.widget.LinearLayout@405ea1f0: -1 (16)
D/umd.troyd( 1031): android.widget.RelativeLayout@405ea340: -1 (17)
D/umd.troyd( 1031): android.widget.RelativeLayout@405ea618: -1 (18)
D/umd.troyd( 1031): android.widget.TextView: Walmart Supercenter (19)
D/umd.troyd( 1031): android.widget.TextView: 407 George Claus Blvd (20)
D/umd.troyd( 1031): android.widget.TextView: Severn, MD 21144 (21)
D/umd.troyd( 1031): android.widget.RelativeLayout@40709da0: -1 (22)
D/umd.troyd( 1031): android.widget.LinearLayout@406f1178: 2131558801 (23)
D/umd.troyd( 1031): android.widget.TextView: 7.31 (24)
D/umd.troyd( 1031): android.widget.TextView: miles (25)
D/umd.troyd( 1031): android.widget.TextView:  (26)
D/umd.troyd( 1031): android.widget.ImageView@407238f0: 2131558517 (27)
D/umd.troyd( 1031): android.widget.LinearLayout@40721560: -1 (28)
D/umd.troyd( 1031): android.widget.RelativeLayout@405e7638: -1 (29)
D/umd.troyd( 1031): android.widget.RelativeLayout@4060bd58: -1 (30)
D/umd.troyd( 1031): android.widget.TextView: Walmart Supercenter (31)
D/umd.troyd( 1031): android.widget.TextView: 6420 Petrie Way Rd (32)
D/umd.troyd( 1031): android.widget.TextView: Baltimore, MD 21237 (33)
D/umd.troyd( 1031): android.widget.RelativeLayout@405f5760: -1 (34)
D/umd.troyd( 1031): android.widget.LinearLayout@40721ed8: 2131558801 (35)
D/umd.troyd( 1031): android.widget.TextView: 7.54 (36)
D/umd.troyd( 1031): android.widget.TextView: miles (37)
D/umd.troyd( 1031): android.widget.TextView:  (38)
D/umd.troyd( 1031): android.widget.ImageView@40751810: 2131558517 (39)
D/umd.troyd( 1031): android.widget.LinearLayout@407adf08: -1 (40)
D/umd.troyd( 1031): android.widget.RelativeLayout@405fc550: -1 (41)
D/umd.troyd( 1031): android.widget.RelativeLayout@40746610: -1 (42)
D/umd.troyd( 1031): android.widget.TextView: Walmart Store (43)
D/umd.troyd( 1031): android.widget.TextView: 1238 Putty Hill Ave Ste 5 (44)
D/umd.troyd( 1031): android.widget.TextView: Towson, MD 21286 (45)
D/umd.troyd( 1031): android.widget.RelativeLayout@407aad48: -1 (46)
D/umd.troyd( 1031): android.widget.LinearLayout@407af948: 2131558801 (47)
D/umd.troyd( 1031): android.widget.TextView: 8.00 (48)
D/umd.troyd( 1031): android.widget.TextView: miles (49)
D/umd.troyd( 1031): android.widget.TextView:  (50)
D/umd.troyd( 1031): android.widget.ImageView@407b1280: 2131558517 (51)
D/umd.troyd( 1031): android.widget.LinearLayout@407b2908: -1 (52)
D/umd.troyd( 1031): android.widget.RelativeLayout@407b4310: -1 (53)
D/umd.troyd( 1031): android.widget.RelativeLayout@405ccb30: -1 (54)
D/umd.troyd( 1031): android.widget.TextView: Walmart Store (55)
D/umd.troyd( 1031): android.widget.TextView: 7081 Arundel Mills Cir (56)
D/umd.troyd( 1031): android.widget.TextView: Hanover, MD 21076 (57)
D/umd.troyd( 1031): android.widget.RelativeLayout@4070f548: -1 (58)
D/umd.troyd( 1031): android.widget.LinearLayout@407b6278: 2131558801 (59)
D/umd.troyd( 1031): android.widget.TextView: 8.36 (60)
D/umd.troyd( 1031): android.widget.TextView: miles (61)
D/umd.troyd( 1031): android.widget.TextView:  (62)
D/umd.troyd( 1031): android.widget.ImageView@407b8288: 2131558517 (63)
D/umd.troyd( 1031): android.widget.LinearLayout@407bb738: -1 (64)
D/umd.troyd( 1031): android.widget.RelativeLayout@40750bd0: -1 (65)
D/umd.troyd( 1031): android.widget.RelativeLayout@4061f5d8: -1 (66)
D/umd.troyd( 1031): android.widget.TextView: Walmart Supercenter (67)
D/umd.troyd( 1031): android.widget.TextView: 8118 Perry Hills Ct (68)
D/umd.troyd( 1031): android.widget.TextView: Nottingham, MD 21236 (69)
D/umd.troyd( 1031): android.widget.RelativeLayout@40636e48: -1 (70)
D/umd.troyd( 1031): android.widget.LinearLayout@407bde38: 2131558801 (71)
D/umd.troyd( 1031): android.widget.TextView: 8.56 (72)
D/umd.troyd( 1031): android.widget.TextView: miles (73)
D/umd.troyd( 1031): android.widget.TextView:  (74)
D/umd.troyd( 1031): android.widget.ImageView@407c3ac0: 2131558517 (75)
D/umd.troyd( 1031): android.widget.LinearLayout@407c5c20: -1 (76)
D/umd.troyd( 1031): android.widget.RelativeLayout@40639458: -1 (77)
D/umd.troyd( 1031): android.widget.RelativeLayout@40669448: -1 (78)
D/umd.troyd( 1031): android.widget.TextView: Walmart Store (79)
D/umd.troyd( 1031): android.widget.TextView: 3200 North Ridge Rd (80)
D/umd.troyd( 1031): android.widget.TextView: Ellicott City, MD 21043 (81)
D/umd.troyd( 1031): android.widget.RelativeLayout@406cbbc0: -1 (82)
D/umd.troyd( 1031): android.widget.LinearLayout@407c7fd8: 2131558801 (83)
D/umd.troyd( 1031): android.widget.TextView: 9.31 (84)
D/umd.troyd( 1031): android.widget.TextView: miles (85)
D/umd.troyd( 1031): android.widget.TextView:  (86)
D/umd.troyd( 1031): android.widget.ImageView@407ca1f0: 2131558517 (87)
D/umd.troyd( 1031): android.widget.RelativeLayout@405edc90: 2131558541 (88)
D/umd.troyd( 1031): android.widget.GridView@40611fa8: 2131558824 (89)
D/umd.troyd( 1031): android.widget.LinearLayout@4054eb08: 2131558538 (90)
D/umd.troyd( 1031): android.widget.RelativeLayout@40577180: 2131558818 (91)
D/umd.troyd( 1031): android.widget.ImageButton@40550b90: 2131558819 (92)
D/umd.troyd( 1031): android.widget.RelativeLayout@40585d20: -1 (93)
D/umd.troyd( 1031): android.widget.ImageView@40588480: 2131558820 (94)
D/umd.troyd( 1031): android.widget.TextView: Stores (95)
D/umd.troyd( 1031): android.widget.RelativeLayout@40559460: -1 (96)
D/umd.troyd( 1031): android.widget.Button:  (97)
D/umd.troyd( 1031): android.widget.ImageView@40660a38: 2131558823 (98)
D/umd.troyd( 1031): android.widget.LinearLayout@40557818: 2131558542 (99)
D/umd.troyd( 1031): got command getViews
D/umd.troyd( 1031): android.widget.FrameLayout@40702af8: 16908290 (0)
D/umd.troyd( 1031): android.widget.RelativeLayout@40703538: 2131558603 (1)
D/umd.troyd( 1031): android.widget.LinearLayout@40703970: -1 (2)
D/umd.troyd( 1031): com.walmart.android.ui.ViewStackLayout@40703ec0: 2131558797 (3)
D/umd.troyd( 1031): android.widget.RelativeLayout@4053fa68: -1 (4)
D/umd.troyd( 1031): android.widget.RelativeLayout@4054d888: 2131558790 (5)
D/umd.troyd( 1031): android.widget.LinearLayout@4054b348: 2131558790 (6)
D/umd.troyd( 1031): android.widget.RelativeLayout@405e0180: -1 (7)
D/umd.troyd( 1031): android.widget.Button:  (8)
D/umd.troyd( 1031): android.widget.TextView: Search a location (9)
D/umd.troyd( 1031): android.widget.Button:  (10)
D/umd.troyd( 1031): android.widget.Button:  (11)
D/umd.troyd( 1031): android.widget.Button:  (12)
D/umd.troyd( 1031): android.widget.RelativeLayout@405f0788: 2131558791 (13)
D/umd.troyd( 1031): com.walmart.android.storelocator.StoreMapView@40574108: 2131558792 (14)
D/umd.troyd( 1031): android.widget.ListView@405eb360: 2131558521 (15)
D/umd.troyd( 1031): android.widget.LinearLayout@407c5c20: -1 (16)
D/umd.troyd( 1031): android.widget.RelativeLayout@40639458: -1 (17)
D/umd.troyd( 1031): android.widget.RelativeLayout@40669448: -1 (18)
D/umd.troyd( 1031): android.widget.TextView: Walmart Store (19)
D/umd.troyd( 1031): android.widget.TextView: 3200 North Ridge Rd (20)
D/umd.troyd( 1031): android.widget.TextView: Ellicott City, MD 21043 (21)
D/umd.troyd( 1031): android.widget.RelativeLayout@406cbbc0: -1 (22)
D/umd.troyd( 1031): android.widget.LinearLayout@407c7fd8: 2131558801 (23)
D/umd.troyd( 1031): android.widget.TextView: 9.31 (24)
D/umd.troyd( 1031): android.widget.TextView: miles (25)
D/umd.troyd( 1031): android.widget.TextView:  (26)
D/umd.troyd( 1031): android.widget.ImageView@407ca1f0: 2131558517 (27)
D/umd.troyd( 1031): android.widget.LinearLayout@4054a228: -1 (28)
D/umd.troyd( 1031): android.widget.RelativeLayout@4054a378: -1 (29)
D/umd.troyd( 1031): android.widget.RelativeLayout@4054a4d0: -1 (30)
D/umd.troyd( 1031): android.widget.TextView: Walmart Store (31)
D/umd.troyd( 1031): android.widget.TextView: 8730 Liberty Rd (32)
D/umd.troyd( 1031): android.widget.TextView: Randallstown, MD 21133 (33)
D/umd.troyd( 1031): android.widget.RelativeLayout@4071f980: -1 (34)
D/umd.troyd( 1031): android.widget.LinearLayout@405e1938: 2131558801 (35)
D/umd.troyd( 1031): android.widget.TextView: 9.58 (36)
D/umd.troyd( 1031): android.widget.TextView: miles (37)
D/umd.troyd( 1031): android.widget.TextView:  (38)
D/umd.troyd( 1031): android.widget.ImageView@4073ed18: 2131558517 (39)
D/umd.troyd( 1031): android.widget.LinearLayout@4062caa8: -1 (40)
D/umd.troyd( 1031): android.widget.RelativeLayout@4062cbf8: -1 (41)
D/umd.troyd( 1031): android.widget.RelativeLayout@4062ce50: -1 (42)
D/umd.troyd( 1031): android.widget.TextView: Walmart Store (43)
D/umd.troyd( 1031): android.widget.TextView: 6405 Dobbin Rd (44)
D/umd.troyd( 1031): android.widget.TextView: Columbia, MD 21045 (45)
D/umd.troyd( 1031): android.widget.RelativeLayout@405e9830: -1 (46)
D/umd.troyd( 1031): android.widget.LinearLayout@40617c30: 2131558801 (47)
D/umd.troyd( 1031): android.widget.TextView: 10.12 (48)
D/umd.troyd( 1031): android.widget.TextView: miles (49)
D/umd.troyd( 1031): android.widget.TextView:  (50)
D/umd.troyd( 1031): android.widget.ImageView@40622160: 2131558517 (51)
D/umd.troyd( 1031): android.widget.LinearLayout@405f0d00: -1 (52)
D/umd.troyd( 1031): android.widget.RelativeLayout@40704778: -1 (53)
D/umd.troyd( 1031): android.widget.RelativeLayout@40704990: -1 (54)
D/umd.troyd( 1031): android.widget.TextView: Walmart Store (55)
D/umd.troyd( 1031): android.widget.TextView: 9750 Reistertown Road A (56)
D/umd.troyd( 1031): android.widget.TextView: Owings Mills, MD 21117 (57)
D/umd.troyd( 1031): android.widget.RelativeLayout@4072f2b8: -1 (58)
D/umd.troyd( 1031): android.widget.LinearLayout@40721230: 2131558801 (59)
D/umd.troyd( 1031): android.widget.TextView: 10.79 (60)
D/umd.troyd( 1031): android.widget.TextView: miles (61)
D/umd.troyd( 1031): android.widget.TextView:  (62)
D/umd.troyd( 1031): android.widget.ImageView@405d9a90: 2131558517 (63)
D/umd.troyd( 1031): android.widget.LinearLayout@407a3a10: -1 (64)
D/umd.troyd( 1031): android.widget.RelativeLayout@407a3c00: -1 (65)
D/umd.troyd( 1031): android.widget.RelativeLayout@405ead10: -1 (66)
D/umd.troyd( 1031): android.widget.TextView: Walmart Store (67)
D/umd.troyd( 1031): android.widget.TextView: 112 Carroll Island Rd (68)
D/umd.troyd( 1031): android.widget.TextView: Baltimore, MD 21220 (69)
D/umd.troyd( 1031): android.widget.RelativeLayout@40717f58: -1 (70)
D/umd.troyd( 1031): android.widget.LinearLayout@407181d8: 2131558801 (71)
D/umd.troyd( 1031): android.widget.TextView: 11.08 (72)
D/umd.troyd( 1031): android.widget.TextView: miles (73)
D/umd.troyd( 1031): android.widget.TextView:  (74)
D/umd.troyd( 1031): android.widget.ImageView@40600c48: 2131558517 (75)
D/umd.troyd( 1031): android.widget.LinearLayout@40738250: -1 (76)
D/umd.troyd( 1031): android.widget.RelativeLayout@40738440: -1 (77)
D/umd.troyd( 1031): android.widget.RelativeLayout@40622fd8: -1 (78)
D/umd.troyd( 1031): android.widget.TextView: Walmart Supercenter (79)
D/umd.troyd( 1031): android.widget.TextView: 1 Frankel Way (80)
D/umd.troyd( 1031): android.widget.TextView: Cockeysville, MD 21030 (81)
D/umd.troyd( 1031): android.widget.RelativeLayout@4074ec38: -1 (82)
D/umd.troyd( 1031): android.widget.LinearLayout@4072c928: 2131558801 (83)
D/umd.troyd( 1031): android.widget.TextView: 12.06 (84)
D/umd.troyd( 1031): android.widget.TextView: miles (85)
D/umd.troyd( 1031): android.widget.TextView:  (86)
D/umd.troyd( 1031): android.widget.ImageView@4062eae0: 2131558517 (87)
D/umd.troyd( 1031): android.widget.RelativeLayout@405edc90: 2131558541 (88)
D/umd.troyd( 1031): android.widget.GridView@40611fa8: 2131558824 (89)
D/umd.troyd( 1031): android.widget.LinearLayout@4054eb08: 2131558538 (90)
D/umd.troyd( 1031): android.widget.RelativeLayout@40577180: 2131558818 (91)
D/umd.troyd( 1031): android.widget.ImageButton@40550b90: 2131558819 (92)
D/umd.troyd( 1031): android.widget.RelativeLayout@40585d20: -1 (93)
D/umd.troyd( 1031): android.widget.ImageView@40588480: 2131558820 (94)
D/umd.troyd( 1031): android.widget.TextView: Stores (95)
D/umd.troyd( 1031): android.widget.RelativeLayout@40559460: -1 (96)
D/umd.troyd( 1031): android.widget.Button:  (97)
D/umd.troyd( 1031): android.widget.ImageView@40660a38: 2131558823 (98)
D/umd.troyd( 1031): android.widget.LinearLayout@40557818: 2131558542 (99)
D/umd.troyd( 1031): got command getViews
D/umd.troyd( 1031): android.widget.FrameLayout@40702af8: 16908290 (0)
D/umd.troyd( 1031): android.widget.RelativeLayout@40703538: 2131558603 (1)
D/umd.troyd( 1031): android.widget.LinearLayout@40703970: -1 (2)
D/umd.troyd( 1031): com.walmart.android.ui.ViewStackLayout@40703ec0: 2131558797 (3)
D/umd.troyd( 1031): android.widget.RelativeLayout@4053fa68: -1 (4)
D/umd.troyd( 1031): android.widget.RelativeLayout@4054d888: 2131558790 (5)
D/umd.troyd( 1031): android.widget.LinearLayout@4054b348: 2131558790 (6)
D/umd.troyd( 1031): android.widget.RelativeLayout@405e0180: -1 (7)
D/umd.troyd( 1031): android.widget.Button:  (8)
D/umd.troyd( 1031): android.widget.TextView: Search a location (9)
D/umd.troyd( 1031): android.widget.Button:  (10)
D/umd.troyd( 1031): android.widget.Button:  (11)
D/umd.troyd( 1031): android.widget.Button:  (12)
D/umd.troyd( 1031): android.widget.RelativeLayout@405f0788: 2131558791 (13)
D/umd.troyd( 1031): com.walmart.android.storelocator.StoreMapView@40574108: 2131558792 (14)
D/umd.troyd( 1031): android.widget.ListView@405eb360: 2131558521 (15)
D/umd.troyd( 1031): android.widget.LinearLayout@40738250: -1 (16)
D/umd.troyd( 1031): android.widget.RelativeLayout@40738440: -1 (17)
D/umd.troyd( 1031): android.widget.RelativeLayout@40622fd8: -1 (18)
D/umd.troyd( 1031): android.widget.TextView: Walmart Supercenter (19)
D/umd.troyd( 1031): android.widget.TextView: 1 Frankel Way (20)
D/umd.troyd( 1031): android.widget.TextView: Cockeysville, MD 21030 (21)
D/umd.troyd( 1031): android.widget.RelativeLayout@4074ec38: -1 (22)
D/umd.troyd( 1031): android.widget.LinearLayout@4072c928: 2131558801 (23)
D/umd.troyd( 1031): android.widget.TextView: 12.06 (24)
D/umd.troyd( 1031): android.widget.TextView: miles (25)
D/umd.troyd( 1031): android.widget.TextView:  (26)
D/umd.troyd( 1031): android.widget.ImageView@4062eae0: 2131558517 (27)
D/umd.troyd( 1031): android.widget.LinearLayout@405ea1f0: -1 (28)
D/umd.troyd( 1031): android.widget.RelativeLayout@405ea340: -1 (29)
D/umd.troyd( 1031): android.widget.RelativeLayout@405ea618: -1 (30)
D/umd.troyd( 1031): android.widget.TextView: Walmart Supercenter (31)
D/umd.troyd( 1031): android.widget.TextView: 3549 Russett Grn (32)
D/umd.troyd( 1031): android.widget.TextView: Laurel, MD 20724 (33)
D/umd.troyd( 1031): android.widget.RelativeLayout@40709da0: -1 (34)
D/umd.troyd( 1031): android.widget.LinearLayout@406f1178: 2131558801 (35)
D/umd.troyd( 1031): android.widget.TextView: 13.18 (36)
D/umd.troyd( 1031): android.widget.TextView: miles (37)
D/umd.troyd( 1031): android.widget.TextView:  (38)
D/umd.troyd( 1031): android.widget.ImageView@407238f0: 2131558517 (39)
D/umd.troyd( 1031): android.widget.LinearLayout@40721560: -1 (40)
D/umd.troyd( 1031): android.widget.RelativeLayout@405e7638: -1 (41)
D/umd.troyd( 1031): android.widget.RelativeLayout@4060bd58: -1 (42)
D/umd.troyd( 1031): android.widget.TextView: Walmart Store (43)
D/umd.troyd( 1031): android.widget.TextView: 1320 Liberty Rd (44)
D/umd.troyd( 1031): android.widget.TextView: Eldersburg, MD 21784 (45)
D/umd.troyd( 1031): android.widget.RelativeLayout@405f5760: -1 (46)
D/umd.troyd( 1031): android.widget.LinearLayout@40721ed8: 2131558801 (47)
D/umd.troyd( 1031): android.widget.TextView: 17.33 (48)
D/umd.troyd( 1031): android.widget.TextView: miles (49)
D/umd.troyd( 1031): android.widget.TextView:  (50)
D/umd.troyd( 1031): android.widget.ImageView@40751810: 2131558517 (51)
D/umd.troyd( 1031): android.widget.LinearLayout@407adf08: -1 (52)
D/umd.troyd( 1031): android.widget.RelativeLayout@405fc550: -1 (53)
D/umd.troyd( 1031): android.widget.RelativeLayout@40746610: -1 (54)
D/umd.troyd( 1031): android.widget.TextView: Walmart Supercenter (55)
D/umd.troyd( 1031): android.widget.TextView: 303 Fallston Blvd (56)
D/umd.troyd( 1031): android.widget.TextView: Fallston, MD 21047 (57)
D/umd.troyd( 1031): android.widget.RelativeLayout@407aad48: -1 (58)
D/umd.troyd( 1031): android.widget.LinearLayout@407af948: 2131558801 (59)
D/umd.troyd( 1031): android.widget.TextView: 17.73 (60)
D/umd.troyd( 1031): android.widget.TextView: miles (61)
D/umd.troyd( 1031): android.widget.TextView:  (62)
D/umd.troyd( 1031): android.widget.ImageView@407b1280: 2131558517 (63)
D/umd.troyd( 1031): android.widget.LinearLayout@407b2908: -1 (64)
D/umd.troyd( 1031): android.widget.RelativeLayout@407b4310: -1 (65)
D/umd.troyd( 1031): android.widget.RelativeLayout@405ccb30: -1 (66)
D/umd.troyd( 1031): android.widget.TextView: Walmart Store (67)
D/umd.troyd( 1031): android.widget.TextView: 401 Constant Friendship Blvd (68)
D/umd.troyd( 1031): android.widget.TextView: Abingdon, MD 21009 (69)
D/umd.troyd( 1031): android.widget.RelativeLayout@4070f548: -1 (70)
D/umd.troyd( 1031): android.widget.LinearLayout@407b6278: 2131558801 (71)
D/umd.troyd( 1031): android.widget.TextView: 18.47 (72)
D/umd.troyd( 1031): android.widget.TextView: miles (73)
D/umd.troyd( 1031): android.widget.TextView:  (74)
D/umd.troyd( 1031): android.widget.ImageView@407b8288: 2131558517 (75)
D/umd.troyd( 1031): android.widget.LinearLayout@407bb738: -1 (76)
D/umd.troyd( 1031): android.widget.RelativeLayout@40750bd0: -1 (77)
D/umd.troyd( 1031): android.widget.RelativeLayout@4061f5d8: -1 (78)
D/umd.troyd( 1031): android.widget.TextView: Walmart Store (79)
D/umd.troyd( 1031): android.widget.TextView: 3300 Crain Hwy (80)
D/umd.troyd( 1031): android.widget.TextView: Bowie, MD 20716 (81)
D/umd.troyd( 1031): android.widget.RelativeLayout@40636e48: -1 (82)
D/umd.troyd( 1031): android.widget.LinearLayout@407bde38: 2131558801 (83)
D/umd.troyd( 1031): android.widget.TextView: 20.20 (84)
D/umd.troyd( 1031): android.widget.TextView: miles (85)
D/umd.troyd( 1031): android.widget.TextView:  (86)
D/umd.troyd( 1031): android.widget.ImageView@407c3ac0: 2131558517 (87)
D/umd.troyd( 1031): android.widget.RelativeLayout@405edc90: 2131558541 (88)
D/umd.troyd( 1031): android.widget.GridView@40611fa8: 2131558824 (89)
D/umd.troyd( 1031): android.widget.LinearLayout@4054eb08: 2131558538 (90)
D/umd.troyd( 1031): android.widget.RelativeLayout@40577180: 2131558818 (91)
D/umd.troyd( 1031): android.widget.ImageButton@40550b90: 2131558819 (92)
D/umd.troyd( 1031): android.widget.RelativeLayout@40585d20: -1 (93)
D/umd.troyd( 1031): android.widget.ImageView@40588480: 2131558820 (94)
D/umd.troyd( 1031): android.widget.TextView: Stores (95)
D/umd.troyd( 1031): android.widget.RelativeLayout@40559460: -1 (96)
D/umd.troyd( 1031): android.widget.Button:  (97)
D/umd.troyd( 1031): android.widget.ImageView@40660a38: 2131558823 (98)
D/umd.troyd( 1031): android.widget.LinearLayout@40557818: 2131558542 (99)
D/umd.troyd( 1031): got command getViews
D/umd.troyd( 1031): android.widget.FrameLayout@40702af8: 16908290 (0)
D/umd.troyd( 1031): android.widget.RelativeLayout@40703538: 2131558603 (1)
D/umd.troyd( 1031): android.widget.LinearLayout@40703970: -1 (2)
D/umd.troyd( 1031): com.walmart.android.ui.ViewStackLayout@40703ec0: 2131558797 (3)
D/umd.troyd( 1031): android.widget.RelativeLayout@4053fa68: -1 (4)
D/umd.troyd( 1031): android.widget.RelativeLayout@4054d888: 2131558790 (5)
D/umd.troyd( 1031): android.widget.LinearLayout@4054b348: 2131558790 (6)
D/umd.troyd( 1031): android.widget.RelativeLayout@405e0180: -1 (7)
D/umd.troyd( 1031): android.widget.Button:  (8)
D/umd.troyd( 1031): android.widget.TextView: Search a location (9)
D/umd.troyd( 1031): android.widget.Button:  (10)
D/umd.troyd( 1031): android.widget.Button:  (11)
D/umd.troyd( 1031): android.widget.Button:  (12)
D/umd.troyd( 1031): android.widget.RelativeLayout@405f0788: 2131558791 (13)
D/umd.troyd( 1031): com.walmart.android.storelocator.StoreMapView@40574108: 2131558792 (14)
D/umd.troyd( 1031): android.widget.ListView@405eb360: 2131558521 (15)
D/umd.troyd( 1031): android.widget.LinearLayout@407bb738: -1 (16)
D/umd.troyd( 1031): android.widget.RelativeLayout@40750bd0: -1 (17)
D/umd.troyd( 1031): android.widget.RelativeLayout@4061f5d8: -1 (18)
D/umd.troyd( 1031): android.widget.TextView: Walmart Store (19)
D/umd.troyd( 1031): android.widget.TextView: 3300 Crain Hwy (20)
D/umd.troyd( 1031): android.widget.TextView: Bowie, MD 20716 (21)
D/umd.troyd( 1031): android.widget.RelativeLayout@40636e48: -1 (22)
D/umd.troyd( 1031): android.widget.LinearLayout@407bde38: 2131558801 (23)
D/umd.troyd( 1031): android.widget.TextView: 20.20 (24)
D/umd.troyd( 1031): android.widget.TextView: miles (25)
D/umd.troyd( 1031): android.widget.TextView:  (26)
D/umd.troyd( 1031): android.widget.ImageView@407c3ac0: 2131558517 (27)
D/umd.troyd( 1031): android.widget.LinearLayout@407c5c20: -1 (28)
D/umd.troyd( 1031): android.widget.RelativeLayout@40639458: -1 (29)
D/umd.troyd( 1031): android.widget.RelativeLayout@40669448: -1 (30)
D/umd.troyd( 1031): android.widget.TextView: Walmart Store (31)
D/umd.troyd( 1031): android.widget.TextView: 6210 Annapolis Rd (32)
D/umd.troyd( 1031): android.widget.TextView: Landover Hills, MD 20784 (33)
D/umd.troyd( 1031): android.widget.RelativeLayout@406cbbc0: -1 (34)
D/umd.troyd( 1031): android.widget.LinearLayout@407c7fd8: 2131558801 (35)
D/umd.troyd( 1031): android.widget.TextView: 23.51 (36)
D/umd.troyd( 1031): android.widget.TextView: miles (37)
D/umd.troyd( 1031): android.widget.TextView:  (38)
D/umd.troyd( 1031): android.widget.ImageView@407ca1f0: 2131558517 (39)
D/umd.troyd( 1031): android.widget.LinearLayout@4054a228: -1 (40)
D/umd.troyd( 1031): android.widget.RelativeLayout@4054a378: -1 (41)
D/umd.troyd( 1031): android.widget.RelativeLayout@4054a4d0: -1 (42)
D/umd.troyd( 1031): android.widget.TextView: Walmart Supercenter (43)
D/umd.troyd( 1031): android.widget.TextView: 645 S Philadelphia Blvd (44)
D/umd.troyd( 1031): android.widget.TextView: Aberdeen, MD 21001 (45)
D/umd.troyd( 1031): android.widget.RelativeLayout@4071f980: -1 (46)
D/umd.troyd( 1031): android.widget.LinearLayout@405e1938: 2131558801 (47)
D/umd.troyd( 1031): android.widget.TextView: 24.99 (48)
D/umd.troyd( 1031): android.widget.TextView: miles (49)
D/umd.troyd( 1031): android.widget.TextView:  (50)
D/umd.troyd( 1031): android.widget.ImageView@4073ed18: 2131558517 (51)
D/umd.troyd( 1031): android.widget.LinearLayout@4062caa8: -1 (52)
D/umd.troyd( 1031): android.widget.RelativeLayout@4062cbf8: -1 (53)
D/umd.troyd( 1031): android.widget.RelativeLayout@4062ce50: -1 (54)
D/umd.troyd( 1031): android.widget.TextView: Walmart Supercenter (55)
D/umd.troyd( 1031): android.widget.TextView: 2320 No. Hanover Pike (56)
D/umd.troyd( 1031): android.widget.TextView: Hampstead, MD 21074 (57)
D/umd.troyd( 1031): android.widget.RelativeLayout@405e9830: -1 (58)
D/umd.troyd( 1031): android.widget.LinearLayout@40617c30: 2131558801 (59)
D/umd.troyd( 1031): android.widget.TextView: 25.06 (60)
D/umd.troyd( 1031): android.widget.TextView: miles (61)
D/umd.troyd( 1031): android.widget.TextView:  (62)
D/umd.troyd( 1031): android.widget.ImageView@40622160: 2131558517 (63)
D/umd.troyd( 1031): android.widget.LinearLayout@405f0d00: -1 (64)
D/umd.troyd( 1031): android.widget.RelativeLayout@40704778: -1 (65)
D/umd.troyd( 1031): android.widget.RelativeLayout@40704990: -1 (66)
D/umd.troyd( 1031): android.widget.TextView: Walmart Store (67)
D/umd.troyd( 1031): android.widget.TextView: 280 Woodward Rd (68)
D/umd.troyd( 1031): android.widget.TextView: Westminster, MD 21157 (69)
D/umd.troyd( 1031): android.widget.RelativeLayout@4072f2b8: -1 (70)
D/umd.troyd( 1031): android.widget.LinearLayout@40721230: 2131558801 (71)
D/umd.troyd( 1031): android.widget.TextView: 25.51 (72)
D/umd.troyd( 1031): android.widget.TextView: miles (73)
D/umd.troyd( 1031): android.widget.TextView:  (74)
D/umd.troyd( 1031): android.widget.ImageView@405d9a90: 2131558517 (75)
D/umd.troyd( 1031): android.widget.LinearLayout@407a3a10: -1 (76)
D/umd.troyd( 1031): android.widget.RelativeLayout@407a3c00: -1 (77)
D/umd.troyd( 1031): android.widget.RelativeLayout@405ead10: -1 (78)
D/umd.troyd( 1031): android.widget.TextView: Walmart Store (79)
D/umd.troyd( 1031): android.widget.TextView: 209 E Ridgeville Blvd (80)
D/umd.troyd( 1031): android.widget.TextView: Mount Airy, MD 21771 (81)
D/umd.troyd( 1031): android.widget.RelativeLayout@40717f58: -1 (82)
D/umd.troyd( 1031): android.widget.LinearLayout@407181d8: 2131558801 (83)
D/umd.troyd( 1031): android.widget.TextView: 25.77 (84)
D/umd.troyd( 1031): android.widget.TextView: miles (85)
D/umd.troyd( 1031): android.widget.TextView:  (86)
D/umd.troyd( 1031): android.widget.ImageView@40600c48: 2131558517 (87)
D/umd.troyd( 1031): android.widget.RelativeLayout@405edc90: 2131558541 (88)
D/umd.troyd( 1031): android.widget.GridView@40611fa8: 2131558824 (89)
D/umd.troyd( 1031): android.widget.LinearLayout@4054eb08: 2131558538 (90)
D/umd.troyd( 1031): android.widget.RelativeLayout@40577180: 2131558818 (91)
D/umd.troyd( 1031): android.widget.ImageButton@40550b90: 2131558819 (92)
D/umd.troyd( 1031): android.widget.RelativeLayout@40585d20: -1 (93)
D/umd.troyd( 1031): android.widget.ImageView@40588480: 2131558820 (94)
D/umd.troyd( 1031): android.widget.TextView: Stores (95)
D/umd.troyd( 1031): android.widget.RelativeLayout@40559460: -1 (96)
D/umd.troyd( 1031): android.widget.Button:  (97)
D/umd.troyd( 1031): android.widget.ImageView@40660a38: 2131558823 (98)
D/umd.troyd( 1031): android.widget.LinearLayout@40557818: 2131558542 (99)
