android.widget.LinearLayout@40574470
android.widget.FrameLayout@40574c58
android.widget.TextView: Restaurant Finder
android.widget.FrameLayout@40575c40
android.widget.RelativeLayout@405760f8
android.widget.TextView: Loading my location...
android.widget.TextView: No contents.
android.widget.LinearLayout@40576fe8
com.google.ads.AdView@40579340
g@4057b7d0
android.widget.ListView@405772b8
android.widget.LinearLayout@406261e8
android.widget.LinearLayout@40626400
android.widget.TextView: Dino's Carryout Restaurant
android.widget.LinearLayout@40626ab8
android.widget.TextView: (410) 522-5550
android.widget.TextView: 0.19 Km
android.widget.TextView: 2000 Orleans Street Baltimore, MD
android.widget.LinearLayout@40627fa0
android.widget.LinearLayout@406281b8
android.widget.TextView: The Life of Reilly Irish Pub & Restaurant
android.widget.LinearLayout@40628888
android.widget.TextView: (410) 327-6425
android.widget.TextView: 0.27 Km
android.widget.TextView: 2031 East Fairmount Avenue Baltimore, MD
android.widget.LinearLayout@4062a100
android.widget.LinearLayout@4062a318
android.widget.TextView: Subway
android.widget.LinearLayout@4062a9d0
android.widget.TextView: (410) 502-5098
android.widget.TextView: 0.3 Km
android.widget.TextView: 600 North Wolfe Street Baltimore, MD
android.widget.LinearLayout@4062beb8
android.widget.LinearLayout@4062c0d0
android.widget.TextView: Popeye's Chicken & Biscuits
android.widget.LinearLayout@4062c788
android.widget.TextView: (410) 558-1157
android.widget.TextView: 0.31 Km
android.widget.TextView: 300 North Broadway Baltimore, MD
android.widget.LinearLayout@4052c6b8
android.widget.LinearLayout@4052d290
android.widget.TextView: West Indian Flavor LLC
android.widget.LinearLayout@4053de20
android.widget.TextView: (410) 522-0220
android.widget.TextView: 0.47 Km
android.widget.TextView: 2111 McElderry Street Baltimore, MD
android.widget.LinearLayout@40574470
android.widget.FrameLayout@40574c58
android.widget.TextView: Restaurant Finder
android.widget.FrameLayout@40575c40
android.widget.RelativeLayout@405760f8
android.widget.TextView: Loading my location...
android.widget.TextView: No contents.
android.widget.LinearLayout@40576fe8
com.google.ads.AdView@40579340
g@4057b7d0
android.widget.ListView@405772b8
android.widget.LinearLayout@4052c6b8
android.widget.LinearLayout@4052d290
android.widget.TextView: West Indian Flavor LLC
android.widget.LinearLayout@4053de20
android.widget.TextView: (410) 522-0220
android.widget.TextView: 0.47 Km
android.widget.TextView: 2111 McElderry Street Baltimore, MD
android.widget.LinearLayout@4052e2d0
android.widget.LinearLayout@405ad880
android.widget.TextView: Burger King
android.widget.LinearLayout@405708d0
android.widget.TextView: (410) 327-0319
android.widget.TextView: 0.48 Km
android.widget.TextView: 2001 East Monument Street Baltimore, MD
android.widget.LinearLayout@405ac310
android.widget.LinearLayout@405adb00
android.widget.TextView: Michaels Pizza & Subs
android.widget.LinearLayout@405b14a0
android.widget.TextView: (410) 327-5222
android.widget.TextView: 0.5 Km
android.widget.TextView: 2101 East Monument Street Baltimore, MD
android.widget.LinearLayout@4056bf70
android.widget.LinearLayout@40572da0
android.widget.TextView: Morning Edition Cafe
android.widget.LinearLayout@405add90
android.widget.TextView: (410) 732-5133
android.widget.TextView: 0.51 Km
android.widget.TextView: 153 North Patterson Park Avenue Baltimore, MD
android.widget.LinearLayout@405b2b90
android.widget.LinearLayout@405241d0
android.widget.TextView: Arcos Restaurant
android.widget.LinearLayout@405b4170
android.widget.TextView: 
android.widget.TextView: 0.59 Km
android.widget.TextView: 129 South Broadway Baltimore, MD
android.widget.LinearLayout@40574470
android.widget.FrameLayout@40574c58
android.widget.TextView: Restaurant Finder
android.widget.FrameLayout@40575c40
android.widget.RelativeLayout@405760f8
android.widget.TextView: Loading my location...
android.widget.TextView: No contents.
android.widget.LinearLayout@40576fe8
com.google.ads.AdView@40579340
g@4057b7d0
android.widget.ListView@405772b8
android.widget.LinearLayout@405b2b90
android.widget.LinearLayout@405241d0
android.widget.TextView: Arcos Restaurant
android.widget.LinearLayout@405b4170
android.widget.TextView: 
android.widget.TextView: 0.59 Km
android.widget.TextView: 129 South Broadway Baltimore, MD
android.widget.LinearLayout@406261e8
android.widget.LinearLayout@40626400
android.widget.TextView: El Salvador Restaurant
android.widget.LinearLayout@40626ab8
android.widget.TextView: (410) 522-3250
android.widget.TextView: 0.64 Km
android.widget.TextView: 207 South Broadway Baltimore, MD
android.widget.LinearLayout@40627fa0
android.widget.LinearLayout@406281b8
android.widget.TextView: Salt
android.widget.LinearLayout@40628888
android.widget.TextView: (410) 276-5480
android.widget.TextView: 0.68 Km
android.widget.TextView: 2127 East Pratt Street Baltimore, MD
android.widget.LinearLayout@4062a100
android.widget.LinearLayout@4062a318
android.widget.TextView: Fell's Point
android.widget.LinearLayout@4062a9d0
android.widget.TextView: (410) 675-6750
android.widget.TextView: 1.35 Km
android.widget.TextView: Baltimore, MD
android.widget.LinearLayout@4062beb8
android.widget.LinearLayout@4062c0d0
android.widget.TextView: Pazo Restaurant
android.widget.LinearLayout@4062c788
android.widget.TextView: (410) 534-7296
android.widget.TextView: 1.37 Km
android.widget.TextView: 1425 Aliceanna Street Baltimore, MD
android.widget.LinearLayout@405b0bd0
android.widget.LinearLayout@405b0d20
android.widget.TextView: Phillips Seafood
android.widget.LinearLayout@40512058
android.widget.TextView: (410) 685-6600
android.widget.TextView: 1.58 Km
android.widget.TextView: 601 East Pratt Street Baltimore, MD
android.widget.LinearLayout@40574470
android.widget.FrameLayout@40574c58
android.widget.TextView: Restaurant Finder
android.widget.FrameLayout@40575c40
android.widget.RelativeLayout@405760f8
android.widget.TextView: Loading my location...
android.widget.TextView: No contents.
android.widget.LinearLayout@40576fe8
com.google.ads.AdView@40579340
g@4057b7d0
android.widget.ListView@405772b8
android.widget.LinearLayout@405b0bd0
android.widget.LinearLayout@405b0d20
android.widget.TextView: Phillips Seafood
android.widget.LinearLayout@40512058
android.widget.TextView: (410) 685-6600
android.widget.TextView: 1.58 Km
android.widget.TextView: 601 East Pratt Street Baltimore, MD
android.widget.LinearLayout@4052c6b8
android.widget.LinearLayout@4052d290
android.widget.TextView: McCormick & Schmick's Seafood Restaurants
android.widget.LinearLayout@4053de20
android.widget.TextView: (410) 234-1300
android.widget.TextView: 1.69 Km
android.widget.TextView: 711 Eastern Avenue Baltimore, MD
android.widget.LinearLayout@4052e2d0
android.widget.LinearLayout@405ad880
android.widget.TextView: Rusty Scupper Restaurant
android.widget.LinearLayout@405708d0
android.widget.TextView: (410) 727-3678
android.widget.TextView: 1.98 Km
android.widget.TextView: 402 Key Highway Baltimore, MD
android.widget.LinearLayout@405ac310
android.widget.LinearLayout@405adb00
android.widget.TextView: Blue Agave Restaurante y Tequileria
android.widget.LinearLayout@405b14a0
android.widget.TextView: (410) 576-3938
android.widget.TextView: 2.66 Km
android.widget.TextView: 1032 Light Street Baltimore, MD
android.widget.LinearLayout@4056bf70
android.widget.LinearLayout@40572da0
android.widget.TextView: The Abbey Burger Bistro
android.widget.LinearLayout@405add90
android.widget.TextView: (443) 453-9698
android.widget.TextView: 2.71 Km
android.widget.TextView: 1041 Marshall Street Baltimore, MD
android.widget.LinearLayout@40574470
android.widget.FrameLayout@40574c58
android.widget.TextView: Restaurant Finder
android.widget.FrameLayout@40575c40
android.widget.RelativeLayout@405760f8
android.widget.TextView: Loading my location...
android.widget.TextView: No contents.
android.widget.LinearLayout@40576fe8
com.google.ads.AdView@40579340
g@4057b7d0
android.widget.ListView@405772b8
android.widget.LinearLayout@4056bf70
android.widget.LinearLayout@40572da0
android.widget.TextView: The Abbey Burger Bistro
android.widget.LinearLayout@405add90
android.widget.TextView: (443) 453-9698
android.widget.TextView: 2.71 Km
android.widget.TextView: 1041 Marshall Street Baltimore, MD
android.widget.LinearLayout@405b2b90
android.widget.LinearLayout@405241d0
android.widget.TextView: Ryleigh's Oyster
android.widget.LinearLayout@405b4170
android.widget.TextView: (410) 539-2093
android.widget.TextView: 2.73 Km
android.widget.TextView: 36 East Cross Street Baltimore, MD
android.widget.LinearLayout@406261e8
android.widget.LinearLayout@40626400
android.widget.TextView: Pub Dog Pizza & Drafthouse
android.widget.LinearLayout@40626ab8
android.widget.TextView: (410) 727-6077
android.widget.TextView: 2.76 Km
android.widget.TextView: 20 East Cross Street Baltimore, MD
android.widget.LinearLayout@40627fa0
android.widget.LinearLayout@406281b8
android.widget.TextView: Matsuri Restaurant
android.widget.LinearLayout@40628888
android.widget.TextView: (410) 752-8561
android.widget.TextView: 2.84 Km
android.widget.TextView: 1105 South Charles Street Baltimore, MD
android.widget.LinearLayout@4062a100
android.widget.LinearLayout@4062a318
android.widget.TextView: Mother's Federal Hill Grille
android.widget.LinearLayout@4062a9d0
android.widget.TextView: (410) 244-8686
android.widget.TextView: 2.85 Km
android.widget.TextView: 1113 South Charles Street Baltimore, MD
android.widget.LinearLayout@4062beb8
android.widget.LinearLayout@4062c0d0
android.widget.TextView: Mad River Bar & Grille
android.widget.LinearLayout@4062c788
android.widget.TextView: (410) 727-2333
android.widget.TextView: 2.86 Km
android.widget.TextView: 1110 South Charles Street Baltimore, MD
android.widget.LinearLayout@40574470
android.widget.FrameLayout@40574c58
android.widget.TextView: Restaurant Finder
android.widget.FrameLayout@40575c40
android.widget.RelativeLayout@405760f8
android.widget.TextView: Loading my location...
android.widget.TextView: No contents.
android.widget.LinearLayout@40576fe8
com.google.ads.AdView@40579340
g@4057b7d0
android.widget.ListView@405772b8
android.widget.LinearLayout@4062beb8
android.widget.LinearLayout@4062c0d0
android.widget.TextView: Mad River Bar & Grille
android.widget.LinearLayout@4062c788
android.widget.TextView: (410) 727-2333
android.widget.TextView: 2.86 Km
android.widget.TextView: 1110 South Charles Street Baltimore, MD
android.widget.LinearLayout@405b0bd0
android.widget.LinearLayout@405b0d20
android.widget.TextView: The Rowhouse Grille
android.widget.LinearLayout@40512058
android.widget.TextView: (443) 438-7289
android.widget.TextView: 2.9 Km
android.widget.TextView: 1400 Light Street Baltimore, MD
android.widget.LinearLayout@4052c6b8
android.widget.LinearLayout@4052d290
android.widget.TextView: Ropewalk Tavern
android.widget.LinearLayout@4053de20
android.widget.TextView: (410) 727-1298
android.widget.TextView: 2.91 Km
android.widget.TextView: 1209 South Charles Street Baltimore, MD
android.widget.LinearLayout@4052e2d0
android.widget.LinearLayout@405ad880
android.widget.TextView: Sun Hing Chinese Food Carryout
android.widget.LinearLayout@405708d0
android.widget.TextView: (410) 837-8482
android.widget.TextView: 2.99 Km
android.widget.TextView: 1451 Light Street Baltimore, MD
android.widget.LinearLayout@405ac310
android.widget.LinearLayout@405adb00
android.widget.TextView: Delia Foley's
android.widget.LinearLayout@405b14a0
android.widget.TextView: (443) 682-9141
android.widget.TextView: 3.13 Km
android.widget.TextView: 1439 South Charles Street Baltimore, MD
android.widget.LinearLayout@405524e0
android.widget.LinearLayout@405526f8
android.widget.TextView: Bluegrass
android.widget.LinearLayout@40552db0
android.widget.TextView: (410) 244-5101
android.widget.TextView: 3.23 Km
android.widget.TextView: 1500 South Hanover Street Baltimore, MD
android.widget.LinearLayout@40574470
android.widget.FrameLayout@40574c58
android.widget.TextView: Restaurant Finder
android.widget.FrameLayout@40575c40
android.widget.RelativeLayout@405760f8
android.widget.TextView: Loading my location...
android.widget.TextView: No contents.
android.widget.LinearLayout@40576fe8
com.google.ads.AdView@40579340
g@4057b7d0
android.widget.ListView@405772b8
android.widget.LinearLayout@405524e0
android.widget.LinearLayout@405526f8
android.widget.TextView: Bluegrass
android.widget.LinearLayout@40552db0
android.widget.TextView: (410) 244-5101
android.widget.TextView: 3.23 Km
android.widget.TextView: 1500 South Hanover Street Baltimore, MD
android.widget.LinearLayout@4056bf70
android.widget.LinearLayout@40572da0
android.widget.TextView: No Idea
android.widget.LinearLayout@405add90
android.widget.TextView: (410) 685-4332
android.widget.TextView: 3.36 Km
android.widget.TextView: 1649 South Hanover Street Baltimore, MD
android.widget.LinearLayout@405b2b90
android.widget.LinearLayout@405241d0
android.widget.TextView: Hersh's Pizza & Drinks
android.widget.LinearLayout@405b4170
android.widget.TextView: (443) 438-4948
android.widget.TextView: 3.39 Km
android.widget.TextView: 1843 Light Street Baltimore, MD
android.widget.LinearLayout@406261e8
android.widget.LinearLayout@40626400
android.widget.TextView: Ronnie's
android.widget.LinearLayout@40626ab8
android.widget.TextView: (410) 539-7015
android.widget.TextView: 3.43 Km
android.widget.TextView: 1 West Barney Street Baltimore, MD
android.widget.LinearLayout@40627fa0
android.widget.LinearLayout@406281b8
android.widget.TextView: Nick's Fish House & Grill
android.widget.LinearLayout@40628888
android.widget.TextView: (410) 347-4123
android.widget.TextView: 4.23 Km
android.widget.TextView: 2600 Insulator Drive Baltimore, MD
android.widget.LinearLayout@4062a100
android.widget.LinearLayout@4062a318
android.widget.TextView: 895 Grill
android.widget.LinearLayout@4062a9d0
android.widget.TextView: (410) 354-1968
android.widget.TextView: 6.25 Km
android.widget.TextView: 101 Chesapeake Avenue Baltimore, MD
android.widget.LinearLayout@40574470
android.widget.FrameLayout@40574c58
android.widget.TextView: Restaurant Finder
android.widget.FrameLayout@40575c40
android.widget.RelativeLayout@405760f8
android.widget.TextView: Loading my location...
android.widget.TextView: No contents.
android.widget.LinearLayout@40576fe8
com.google.ads.AdView@40579340
g@4057b7d0
android.widget.ListView@405772b8
android.widget.LinearLayout@4062a100
android.widget.LinearLayout@4062a318
android.widget.TextView: 895 Grill
android.widget.LinearLayout@4062a9d0
android.widget.TextView: (410) 354-1968
android.widget.TextView: 6.25 Km
android.widget.TextView: 101 Chesapeake Avenue Baltimore, MD
android.widget.LinearLayout@4062beb8
android.widget.LinearLayout@4062c0d0
android.widget.TextView: McDonald's
android.widget.LinearLayout@4062c788
android.widget.TextView: (410) 354-0651
android.widget.TextView: 6.43 Km
android.widget.TextView: 101 West Patapsco Avenue Baltimore, MD
android.widget.LinearLayout@405b0bd0
android.widget.LinearLayout@405b0d20
android.widget.TextView: Panache Cuisine, LLC
android.widget.LinearLayout@40512058
android.widget.TextView: (410) 760-4800
android.widget.TextView: 6.43 Km
android.widget.TextView: 3501 7th Street Baltimore, MD
android.widget.LinearLayout@4052c6b8
android.widget.LinearLayout@4052d290
android.widget.TextView: Peking House
android.widget.LinearLayout@4053de20
android.widget.TextView: (410) 355-6322
android.widget.TextView: 6.44 Km
android.widget.TextView: 3606 South Hanover Street Baltimore, MD
android.widget.LinearLayout@4052e2d0
android.widget.LinearLayout@405ad880
android.widget.TextView: Road Runner Pizza
android.widget.LinearLayout@405708d0
android.widget.TextView: (410) 355-5722
android.widget.TextView: 6.47 Km
android.widget.TextView: 402 East Patapsco Avenue Baltimore, MD
android.widget.LinearLayout@405ac310
android.widget.LinearLayout@405adb00
android.widget.TextView: New York Fried Chicken
android.widget.LinearLayout@405b14a0
android.widget.TextView: (410) 355-6767
android.widget.TextView: 6.52 Km
android.widget.TextView: 542 East Patapsco Avenue Brooklyn, MD
android.widget.LinearLayout@40574470
android.widget.FrameLayout@40574c58
android.widget.TextView: Restaurant Finder
android.widget.FrameLayout@40575c40
android.widget.RelativeLayout@405760f8
android.widget.TextView: Loading my location...
android.widget.TextView: No contents.
android.widget.LinearLayout@40576fe8
com.google.ads.AdView@40579340
g@4057b7d0
android.widget.ListView@405772b8
android.widget.LinearLayout@405ac310
android.widget.LinearLayout@405adb00
android.widget.TextView: New York Fried Chicken
android.widget.LinearLayout@405b14a0
android.widget.TextView: (410) 355-6767
android.widget.TextView: 6.52 Km
android.widget.TextView: 542 East Patapsco Avenue Brooklyn, MD
android.widget.LinearLayout@405524e0
android.widget.LinearLayout@405526f8
android.widget.TextView: Subway
android.widget.LinearLayout@40552db0
android.widget.TextView: (410) 355-6333
android.widget.TextView: 6.57 Km
android.widget.TextView: 605 East Patapsco Avenue Brooklyn, MD
android.widget.LinearLayout@4056bf70
android.widget.LinearLayout@40572da0
android.widget.TextView: Panda Mexican Grill
android.widget.LinearLayout@405add90
android.widget.TextView: (410) 355-6411
android.widget.TextView: 6.57 Km
android.widget.TextView: 3720 South Hanover Street Brooklyn, MD
android.widget.LinearLayout@405b2b90
android.widget.LinearLayout@405241d0
android.widget.TextView: Castle
android.widget.LinearLayout@405b4170
android.widget.TextView: (410) 355-2227
android.widget.TextView: 6.6 Km
android.widget.TextView: 3720 Potee Street Baltimore, MD
android.widget.LinearLayout@406261e8
android.widget.LinearLayout@40626400
android.widget.TextView: Ultimate Pizza
android.widget.LinearLayout@40626ab8
android.widget.TextView: (410) 350-0123
android.widget.TextView: 6.64 Km
android.widget.TextView: 813 East Patapsco Avenue Baltimore, MD
android.widget.LinearLayout@40627fa0
android.widget.LinearLayout@406281b8
android.widget.TextView: Crab Alley Inc
android.widget.LinearLayout@40628888
android.widget.TextView: (410) 354-1190
android.widget.TextView: 6.64 Km
android.widget.TextView: 3733 South Hanover Street Baltimore, MD
android.widget.LinearLayout@40574470
android.widget.FrameLayout@40574c58
android.widget.TextView: Restaurant Finder
android.widget.FrameLayout@40575c40
android.widget.RelativeLayout@405760f8
android.widget.TextView: Loading my location...
android.widget.TextView: No contents.
android.widget.LinearLayout@40576fe8
com.google.ads.AdView@40579340
g@4057b7d0
android.widget.ListView@405772b8
android.widget.LinearLayout@406261e8
android.widget.LinearLayout@40626400
android.widget.TextView: Ultimate Pizza
android.widget.LinearLayout@40626ab8
android.widget.TextView: (410) 350-0123
android.widget.TextView: 6.64 Km
android.widget.TextView: 813 East Patapsco Avenue Baltimore, MD
android.widget.LinearLayout@40627fa0
android.widget.LinearLayout@406281b8
android.widget.TextView: Crab Alley Inc
android.widget.LinearLayout@40628888
android.widget.TextView: (410) 354-1190
android.widget.TextView: 6.64 Km
android.widget.TextView: 3733 South Hanover Street Baltimore, MD
android.widget.LinearLayout@4062a100
android.widget.LinearLayout@4062a318
android.widget.TextView: Price's Seafood Carry Out
android.widget.LinearLayout@4062a9d0
android.widget.TextView: (410) 355-4725
android.widget.TextView: 6.72 Km
android.widget.TextView: 17 Talbott Street Baltimore, MD
android.widget.LinearLayout@4062beb8
android.widget.LinearLayout@4062c0d0
android.widget.TextView: Maynard's Cafe
android.widget.LinearLayout@4062c788
android.widget.TextView: (410) 355-8924
android.widget.TextView: 6.86 Km
android.widget.TextView: 3916 South Hanover Street Baltimore, MD
android.widget.LinearLayout@405b0bd0
android.widget.LinearLayout@405b0d20
android.widget.TextView: Papa John's Pizza
android.widget.LinearLayout@40512058
android.widget.TextView: (410) 850-7272
android.widget.TextView: 7.84 Km
android.widget.TextView: 4809 Ritchie Highway Brooklyn, MD
android.widget.LinearLayout@4052c6b8
android.widget.LinearLayout@4052d290
android.widget.TextView: El Salto Inc
android.widget.LinearLayout@4053de20
android.widget.TextView: (410) 789-1621
android.widget.TextView: 8.49 Km
android.widget.TextView: 5513 Ritchie Highway Baltimore, MD
