android.widget.LinearLayout@4056bb88
android.widget.FrameLayout@4056c370
android.widget.TextView: Restaurant Finder
android.widget.FrameLayout@4056d358
android.widget.RelativeLayout@4056d810
android.widget.TextView: Loading my location...
android.widget.TextView: No contents.
android.widget.LinearLayout@4056e700
com.google.ads.AdView@40570a58
g@40572ee8
android.widget.ListView@4056e9d0
android.widget.LinearLayout@40558270
android.widget.LinearLayout@40558440
android.widget.TextView: Mee Shane Restaurant
android.widget.LinearLayout@405a8bd8
android.widget.TextView: (301) 774-1898
android.widget.TextView: 3.92 Km
android.widget.TextView: 11 Olney Sandy Spring Road Ashton, MD
android.widget.LinearLayout@405aaf38
android.widget.LinearLayout@405ab150
android.widget.TextView: California Tortilla
android.widget.LinearLayout@40599808
android.widget.TextView: (301) 570-3760
android.widget.TextView: 5.2 Km
android.widget.TextView: 18101 Village Center Drive Olney, MD
android.widget.LinearLayout@40550680
android.widget.LinearLayout@40550878
android.widget.TextView: Sakura Japanese Steak and Seafood house
android.widget.LinearLayout@40589c08
android.widget.TextView: (301) 260-7676
android.widget.TextView: 5.23 Km
android.widget.TextView: 18147 Village Center Drive Olney, MD
android.widget.LinearLayout@4051d038
android.widget.LinearLayout@40586368
android.widget.TextView: Subway
android.widget.LinearLayout@4050c668
android.widget.TextView: (301) 854-0169
android.widget.TextView: 5.23 Km
android.widget.TextView: 13380 Clarksville Pike Highland, MD
android.widget.LinearLayout@40510640
android.widget.LinearLayout@405a0250
android.widget.TextView: GrillMarX Steakhouse & Raw Bar
android.widget.LinearLayout@40565100
android.widget.TextView: (301) 570-1111
android.widget.TextView: 5.25 Km
android.widget.TextView: 18149 Town Center Drive Olney, MD
android.widget.LinearLayout@4056bb88
android.widget.FrameLayout@4056c370
android.widget.TextView: Restaurant Finder
android.widget.FrameLayout@4056d358
android.widget.RelativeLayout@4056d810
android.widget.TextView: Loading my location...
android.widget.TextView: No contents.
android.widget.LinearLayout@4056e700
com.google.ads.AdView@40570a58
g@40572ee8
android.widget.ListView@4056e9d0
android.widget.LinearLayout@40510640
android.widget.LinearLayout@405a0250
android.widget.TextView: GrillMarX Steakhouse & Raw Bar
android.widget.LinearLayout@40565100
android.widget.TextView: (301) 570-1111
android.widget.TextView: 5.25 Km
android.widget.TextView: 18149 Town Center Drive Olney, MD
android.widget.LinearLayout@40516488
android.widget.LinearLayout@40517428
android.widget.TextView: Pho & Grill
android.widget.LinearLayout@40517a58
android.widget.TextView: (301) 260-7728
android.widget.TextView: 5.31 Km
android.widget.TextView: 18153 Village Mart Drive Olney, MD
android.widget.LinearLayout@4059c740
android.widget.LinearLayout@4059c958
android.widget.TextView: Dunkin' Donuts
android.widget.LinearLayout@4057b930
android.widget.TextView: (301) 570-2410
android.widget.TextView: 5.39 Km
android.widget.TextView: 18100 Village Center Drive Olney, MD
android.widget.LinearLayout@40555040
android.widget.LinearLayout@40555258
android.widget.TextView: The Tavern
android.widget.LinearLayout@40555910
android.widget.TextView: (301) 260-0500
android.widget.TextView: 5.42 Km
android.widget.TextView: 18200 Georgia Avenue Olney, MD
android.widget.LinearLayout@405a6a20
android.widget.LinearLayout@405a6c90
android.widget.TextView: Cafe Rio Mexican Grill
android.widget.LinearLayout@405a7348
android.widget.TextView: (301) 232-5500
android.widget.TextView: 5.47 Km
android.widget.TextView: 3140 Olney Sandy Spring Road Olney, MD
android.widget.LinearLayout@40561a98
android.widget.LinearLayout@40561cb0
android.widget.TextView: Armand's Chicago Pizzeria
android.widget.LinearLayout@40562368
android.widget.TextView: (301) 260-1004
android.widget.TextView: 5.54 Km
android.widget.TextView: 18070 Georgia Avenue Olney, MD
android.widget.LinearLayout@4056bb88
android.widget.FrameLayout@4056c370
android.widget.TextView: Restaurant Finder
android.widget.FrameLayout@4056d358
android.widget.RelativeLayout@4056d810
android.widget.TextView: Loading my location...
android.widget.TextView: No contents.
android.widget.LinearLayout@4056e700
com.google.ads.AdView@40570a58
g@40572ee8
android.widget.ListView@4056e9d0
android.widget.LinearLayout@40561a98
android.widget.LinearLayout@40561cb0
android.widget.TextView: Armand's Chicago Pizzeria
android.widget.LinearLayout@40562368
android.widget.TextView: (301) 260-1004
android.widget.TextView: 5.54 Km
android.widget.TextView: 18070 Georgia Avenue Olney, MD
android.widget.LinearLayout@40558270
android.widget.LinearLayout@40558440
android.widget.TextView: Wasabi Zen
android.widget.LinearLayout@405a8bd8
android.widget.TextView: (301) 570-2000
android.widget.TextView: 5.55 Km
android.widget.TextView: 18066 Georgia Avenue Olney, MD
android.widget.LinearLayout@405aaf38
android.widget.LinearLayout@405ab150
android.widget.TextView: Domino's Pizza
android.widget.LinearLayout@40599808
android.widget.TextView: (301) 570-3800
android.widget.TextView: 5.56 Km
android.widget.TextView: 18037 Georgia Avenue Olney, MD
android.widget.LinearLayout@40550680
android.widget.LinearLayout@40550878
android.widget.TextView: TASTE MEZZE
android.widget.LinearLayout@40589c08
android.widget.TextView: (301) 774-2500
android.widget.TextView: 5.57 Km
android.widget.TextView: 3418 Olney Laytonsville Road Olney, MD
android.widget.LinearLayout@4051d038
android.widget.LinearLayout@40586368
android.widget.TextView: Mc Donald's
android.widget.LinearLayout@4050c668
android.widget.TextView: (301) 774-7264
android.widget.TextView: 5.61 Km
android.widget.TextView: 18010 Georgia Avenue Olney, MD
android.widget.LinearLayout@405bad40
android.widget.LinearLayout@405baf58
android.widget.TextView: Shang Hai Restaurant
android.widget.LinearLayout@405bb610
android.widget.TextView: (301) 570-2200
android.widget.TextView: 5.71 Km
android.widget.TextView: 3409 Morningwood Drive Olney, MD
android.widget.LinearLayout@4056bb88
android.widget.FrameLayout@4056c370
android.widget.TextView: Restaurant Finder
android.widget.FrameLayout@4056d358
android.widget.RelativeLayout@4056d810
android.widget.TextView: Loading my location...
android.widget.TextView: No contents.
android.widget.LinearLayout@4056e700
com.google.ads.AdView@40570a58
g@40572ee8
android.widget.ListView@4056e9d0
android.widget.LinearLayout@40558270
android.widget.LinearLayout@40558440
android.widget.TextView: Wasabi Zen
android.widget.LinearLayout@405a8bd8
android.widget.TextView: (301) 570-2000
android.widget.TextView: 5.55 Km
android.widget.TextView: 18066 Georgia Avenue Olney, MD
android.widget.LinearLayout@405aaf38
android.widget.LinearLayout@405ab150
android.widget.TextView: Domino's Pizza
android.widget.LinearLayout@40599808
android.widget.TextView: (301) 570-3800
android.widget.TextView: 5.56 Km
android.widget.TextView: 18037 Georgia Avenue Olney, MD
android.widget.LinearLayout@40550680
android.widget.LinearLayout@40550878
android.widget.TextView: TASTE MEZZE
android.widget.LinearLayout@40589c08
android.widget.TextView: (301) 774-2500
android.widget.TextView: 5.57 Km
android.widget.TextView: 3418 Olney Laytonsville Road Olney, MD
android.widget.LinearLayout@4051d038
android.widget.LinearLayout@40586368
android.widget.TextView: Mc Donald's
android.widget.LinearLayout@4050c668
android.widget.TextView: (301) 774-7264
android.widget.TextView: 5.61 Km
android.widget.TextView: 18010 Georgia Avenue Olney, MD
android.widget.LinearLayout@405bad40
android.widget.LinearLayout@405baf58
android.widget.TextView: Shang Hai Restaurant
android.widget.LinearLayout@405bb610
android.widget.TextView: (301) 570-2200
android.widget.TextView: 5.71 Km
android.widget.TextView: 3409 Morningwood Drive Olney, MD
android.widget.LinearLayout@40510640
android.widget.LinearLayout@405a0250
android.widget.TextView: Great Sage
android.widget.LinearLayout@40565100
android.widget.TextView: (443) 535-9400
android.widget.TextView: 7.56 Km
android.widget.TextView: 5809 Clarksville Square Drive Clarksville, MD
