android.widget.LinearLayout@405a6418
android.widget.FrameLayout@40670310
android.widget.TextView: Hospitals Near Me FREE
android.widget.FrameLayout@40545548
android.widget.LinearLayout@4058c280
android.widget.ListView@4058c678
android.widget.LinearLayout@405d6568
android.widget.ImageView@405d69e0
android.widget.TextView: 1.1 mi
android.widget.TableLayout@405d7628
android.widget.TableRow@405d7ee0
android.widget.TextView: Kernan Orthopaedics and Rehabilitation
android.widget.TableRow@4055ad10
android.widget.TextView: Address , City
android.widget.TableRow@4055b5c8
android.widget.TextView: Phone Number
android.widget.LinearLayout@4055c778
android.widget.ImageView@4055c990
android.widget.TextView: 1.6 mi
android.widget.TableLayout@405e8fe8
android.widget.TableRow@405e9478
android.widget.TextView: Seton Psychiatric Institute
android.widget.TableRow@405e9c98
android.widget.TextView: Address , City
android.widget.TableRow@405ea4b8
android.widget.TextView: Phone Number
android.widget.LinearLayout@405eb4c8
android.widget.ImageView@405eb6e0
android.widget.TextView: 3.0 mi
android.widget.TableLayout@405aa870
android.widget.TableRow@405aad48
android.widget.TextView: Liberty Medical Center
android.widget.TableRow@405ab568
android.widget.TextView: Address , City
android.widget.TableRow@405abd88
android.widget.TextView: Phone Number
android.widget.LinearLayout@405acdb8
android.widget.ImageView@405b7170
android.widget.TextView: 3.0 mi
android.widget.TableLayout@405b7820
android.widget.TableRow@405b7cf8
android.widget.TextView: The New Children's Hospital
android.widget.TableRow@405b8518
android.widget.TextView: Address , City
android.widget.TableRow@405b8d38
android.widget.TextView: Phone Number
android.widget.LinearLayout@405b9e38
android.widget.ImageView@405ba050
android.widget.TextView: 3.1 mi
android.widget.TableLayout@4065ca48
android.widget.TableRow@4065cf20
android.widget.TextView: Levindale Hebrew Geriatric Center and Hospital
android.widget.TableRow@4065d730
android.widget.TextView: Address , City
android.widget.TableRow@4065df50
android.widget.TextView: Phone Number
android.widget.LinearLayout@4065f070
android.widget.ImageView@4065f288
android.widget.TextView: 3.2 mi
android.widget.TableLayout@405c8d58
android.widget.TableRow@405c9230
android.widget.TextView: Sinai Hospital of Baltimore
android.widget.TableRow@405c9a50
android.widget.TextView: Address , City
android.widget.TableRow@405ca270
android.widget.TextView: Phone Number
android.widget.TextView: Loading data
android.widget.LinearLayout@405a6418
android.widget.FrameLayout@40670310
android.widget.TextView: Hospitals Near Me FREE
android.widget.FrameLayout@40545548
android.widget.LinearLayout@4058c280
android.widget.ListView@4058c678
android.widget.LinearLayout@4065f070
android.widget.ImageView@4065f288
android.widget.TextView: 3.2 mi
android.widget.TableLayout@405c8d58
android.widget.TableRow@405c9230
android.widget.TextView: Sinai Hospital of Baltimore
android.widget.TableRow@405c9a50
android.widget.TextView: Address , City
android.widget.TableRow@405ca270
android.widget.TextView: Phone Number
android.widget.LinearLayout@405bd2f8
android.widget.ImageView@405bd510
android.widget.TextView: 3.2 mi
android.widget.TableLayout@40673d70
android.widget.TableRow@40674228
android.widget.TextView: Gundry-Glass Hospital
android.widget.TableRow@40674a48
android.widget.TextView: Address , City
android.widget.TableRow@40675268
android.widget.TextView: Phone Number
android.widget.LinearLayout@40676260
android.widget.ImageView@40676478
android.widget.TextView: 3.6 mi
android.widget.TableLayout@40676b48
android.widget.TableRow@40677020
android.widget.TextView: Regional Institute for Children
android.widget.TableRow@40677840
android.widget.TextView: Address , City
android.widget.TableRow@40678060
android.widget.TextView: Phone Number
android.widget.LinearLayout@40679078
android.widget.ImageView@40679290
android.widget.TextView: 3.7 mi
android.widget.TableLayout@40679960
android.widget.TableRow@40679e38
android.widget.TextView: Thomas Wilson Center
android.widget.TableRow@4067a658
android.widget.TextView: Address , City
android.widget.TableRow@4067ae78
android.widget.TextView: Phone Number
android.widget.LinearLayout@4067beb8
android.widget.ImageView@4067c0d0
android.widget.TextView: 3.9 mi
android.widget.TableLayout@4067c7a0
android.widget.TableRow@4067cc78
android.widget.TextView: Mt. Washington Pediatric Hospital
android.widget.TableRow@4067d498
android.widget.TextView: Address , City
android.widget.TableRow@4067dcb8
android.widget.TextView: Phone Number
android.widget.LinearLayout@4067ed18
android.widget.ImageView@4067ef30
android.widget.TextView: 4.2 mi
android.widget.TableLayout@4067f600
android.widget.TableRow@4067fad8
android.widget.TextView: Spring Grove Hospital Center
android.widget.TableRow@406802f8
android.widget.TextView: Address , City
android.widget.TableRow@40680b18
android.widget.TextView: Phone Number
android.widget.TextView: Loading data
android.widget.LinearLayout@405a6418
android.widget.FrameLayout@40670310
android.widget.TextView: Hospitals Near Me FREE
android.widget.FrameLayout@40545548
android.widget.LinearLayout@4058c280
android.widget.ListView@4058c678
android.widget.LinearLayout@4067ed18
android.widget.ImageView@4067ef30
android.widget.TextView: 4.2 mi
android.widget.TableLayout@4067f600
android.widget.TableRow@4067fad8
android.widget.TextView: Spring Grove Hospital Center
android.widget.TableRow@406802f8
android.widget.TextView: Address , City
android.widget.TableRow@40680b18
android.widget.TextView: Phone Number
android.widget.LinearLayout@405d6568
android.widget.ImageView@405d69e0
android.widget.TextView: 4.4 mi
android.widget.TableLayout@405d7628
android.widget.TableRow@405d7ee0
android.widget.TextView: Bon Secours Baltimore Health System
android.widget.TableRow@4055ad10
android.widget.TextView: Address , City
android.widget.TableRow@4055b5c8
android.widget.TextView: Phone Number
android.widget.LinearLayout@4055c778
android.widget.ImageView@4055c990
android.widget.TextView: 4.4 mi
android.widget.TableLayout@405e8fe8
android.widget.TableRow@405e9478
android.widget.TextView: St. Agnes Hospital
android.widget.TableRow@405e9c98
android.widget.TextView: Address , City
android.widget.TableRow@405ea4b8
android.widget.TextView: Phone Number
android.widget.LinearLayout@405eb4c8
android.widget.ImageView@405eb6e0
android.widget.TextView: 4.4 mi
android.widget.TableLayout@405aa870
android.widget.TableRow@405aad48
android.widget.TextView: Northwest Hospital Center
android.widget.TableRow@405ab568
android.widget.TextView: Address , City
android.widget.TableRow@405abd88
android.widget.TextView: Phone Number
android.widget.LinearLayout@405acdb8
android.widget.ImageView@405b7170
android.widget.TextView: 5.2 mi
android.widget.TableLayout@405b7820
android.widget.TableRow@405b7cf8
android.widget.TextView: Union Memorial Hospital
android.widget.TableRow@405b8518
android.widget.TextView: Address , City
android.widget.TableRow@405b8d38
android.widget.TextView: Phone Number
android.widget.LinearLayout@405b9e38
android.widget.ImageView@405ba050
android.widget.TextView: 5.3 mi
android.widget.TableLayout@4065ca48
android.widget.TableRow@4065cf20
android.widget.TextView: Maryland General Hospital
android.widget.TableRow@4065d730
android.widget.TextView: Address , City
android.widget.TableRow@4065df50
android.widget.TextView: Phone Number
android.widget.TextView: Loading data
android.widget.LinearLayout@405a6418
android.widget.FrameLayout@40670310
android.widget.TextView: Hospitals Near Me FREE
android.widget.FrameLayout@40545548
android.widget.LinearLayout@4058c280
android.widget.ListView@4058c678
android.widget.LinearLayout@405b9e38
android.widget.ImageView@405ba050
android.widget.TextView: 5.3 mi
android.widget.TableLayout@4065ca48
android.widget.TableRow@4065cf20
android.widget.TextView: Maryland General Hospital
android.widget.TableRow@4065d730
android.widget.TextView: Address , City
android.widget.TableRow@4065df50
android.widget.TextView: Phone Number
android.widget.LinearLayout@4065f070
android.widget.ImageView@4065f288
android.widget.TextView: 5.4 mi
android.widget.TableLayout@405c8d58
android.widget.TableRow@405c9230
android.widget.TextView: Veterans Affairs Maryland Health Care System-Baltimore Division
android.widget.TableRow@405c9a50
android.widget.TextView: Address , City
android.widget.TableRow@405ca270
android.widget.TextView: Phone Number
android.widget.LinearLayout@405bd2f8
android.widget.ImageView@405bd510
android.widget.TextView: 5.5 mi
android.widget.TableLayout@40673d70
android.widget.TableRow@40674228
android.widget.TextView: University of Maryland Medical Center
android.widget.TableRow@40674a48
android.widget.TextView: Address , City
android.widget.TableRow@40675268
android.widget.TextView: Phone Number
android.widget.LinearLayout@40676260
android.widget.ImageView@40676478
android.widget.TextView: 5.9 mi
android.widget.TableLayout@40676b48
android.widget.TableRow@40677020
android.widget.TextView: Maryland Penitentary Hospital
android.widget.TableRow@40677840
android.widget.TextView: Address , City
android.widget.TableRow@40678060
android.widget.TextView: Phone Number
android.widget.LinearLayout@40679078
android.widget.ImageView@40679290
android.widget.TextView: 6.1 mi
android.widget.TableLayout@40679960
android.widget.TableRow@40679e38
android.widget.TextView: University Specialty Hospital
android.widget.TableRow@4067a658
android.widget.TextView: Address , City
android.widget.TableRow@4067ae78
android.widget.TextView: Phone Number
android.widget.LinearLayout@4067beb8
android.widget.ImageView@4067c0d0
android.widget.TextView: 6.2 mi
android.widget.TableLayout@4067c7a0
android.widget.TableRow@4067cc78
android.widget.TextView: Sheppard and Enoch Pratt Hospital
android.widget.TableRow@4067d498
android.widget.TextView: Address , City
android.widget.TableRow@4067dcb8
android.widget.TextView: Phone Number
android.widget.TextView: Loading data
android.widget.LinearLayout@405a6418
android.widget.FrameLayout@40670310
android.widget.TextView: Hospitals Near Me FREE
android.widget.FrameLayout@40545548
android.widget.LinearLayout@4058c280
android.widget.ListView@4058c678
android.widget.LinearLayout@4067beb8
android.widget.ImageView@4067c0d0
android.widget.TextView: 6.2 mi
android.widget.TableLayout@4067c7a0
android.widget.TableRow@4067cc78
android.widget.TextView: Sheppard and Enoch Pratt Hospital
android.widget.TableRow@4067d498
android.widget.TextView: Address , City
android.widget.TableRow@4067dcb8
android.widget.TextView: Phone Number
android.widget.LinearLayout@4067ed18
android.widget.ImageView@4067ef30
android.widget.TextView: 6.3 mi
android.widget.TableLayout@4067f600
android.widget.TableRow@4067fad8
android.widget.TextView: Greater Baltimore Medical Center
android.widget.TableRow@406802f8
android.widget.TextView: Address , City
android.widget.TableRow@40680b18
android.widget.TextView: Phone Number
android.widget.LinearLayout@405d6568
android.widget.ImageView@405d69e0
android.widget.TextView: 6.6 mi
android.widget.TableLayout@405d7628
android.widget.TableRow@405d7ee0
android.widget.TextView: Kennedy Krieger Institute
android.widget.TableRow@4055ad10
android.widget.TextView: Address , City
android.widget.TableRow@4055b5c8
android.widget.TextView: Phone Number
android.widget.LinearLayout@4055c778
android.widget.ImageView@4055c990
android.widget.TextView: 6.7 mi
android.widget.TableLayout@405e8fe8
android.widget.TableRow@405e9478
android.widget.TextView: St. Joseph Medical Center
android.widget.TableRow@405e9c98
android.widget.TextView: Address , City
android.widget.TableRow@405ea4b8
android.widget.TextView: Phone Number
android.widget.LinearLayout@405eb4c8
android.widget.ImageView@405eb6e0
android.widget.TextView: 6.8 mi
android.widget.TableLayout@405aa870
android.widget.TableRow@405aad48
android.widget.TextView: Church Hospital Corporation
android.widget.TableRow@405ab568
android.widget.TextView: Address , City
android.widget.TableRow@405abd88
android.widget.TextView: Phone Number
android.widget.LinearLayout@405acdb8
android.widget.ImageView@405b7170
android.widget.TextView: 6.8 mi
android.widget.TableLayout@405b7820
android.widget.TableRow@405b7cf8
android.widget.TextView: Johns Hopkins Hospital
android.widget.TableRow@405b8518
android.widget.TextView: Address , City
android.widget.TableRow@405b8d38
android.widget.TextView: Phone Number
android.widget.TextView: Loading data
android.widget.LinearLayout@405a6418
android.widget.FrameLayout@40670310
android.widget.TextView: Hospitals Near Me FREE
android.widget.FrameLayout@40545548
android.widget.LinearLayout@4058c280
android.widget.ListView@4058c678
android.widget.LinearLayout@4055c778
android.widget.ImageView@4055c990
android.widget.TextView: 6.7 mi
android.widget.TableLayout@405e8fe8
android.widget.TableRow@405e9478
android.widget.TextView: St. Joseph Medical Center
android.widget.TableRow@405e9c98
android.widget.TextView: Address , City
android.widget.TableRow@405ea4b8
android.widget.TextView: Phone Number
android.widget.LinearLayout@405eb4c8
android.widget.ImageView@405eb6e0
android.widget.TextView: 6.8 mi
android.widget.TableLayout@405aa870
android.widget.TableRow@405aad48
android.widget.TextView: Church Hospital Corporation
android.widget.TableRow@405ab568
android.widget.TextView: Address , City
android.widget.TableRow@405abd88
android.widget.TextView: Phone Number
android.widget.LinearLayout@405acdb8
android.widget.ImageView@405b7170
android.widget.TextView: 6.8 mi
android.widget.TableLayout@405b7820
android.widget.TableRow@405b7cf8
android.widget.TextView: Johns Hopkins Hospital
android.widget.TableRow@405b8518
android.widget.TextView: Address , City
android.widget.TableRow@405b8d38
android.widget.TextView: Phone Number
android.widget.LinearLayout@405b9e38
android.widget.ImageView@405ba050
android.widget.TextView: 6.9 mi
android.widget.TableLayout@4065ca48
android.widget.TableRow@4065cf20
android.widget.TextView: Good Samaritan Hospital of Maryland
android.widget.TableRow@4065d730
android.widget.TextView: Address , City
android.widget.TableRow@4065df50
android.widget.TextView: Phone Number
android.widget.LinearLayout@4065f070
android.widget.ImageView@4065f288
android.widget.TextView: 7.1 mi
android.widget.TableLayout@405c8d58
android.widget.TableRow@405c9230
android.widget.TextView: Montebello Rehabilitation Hospital-University of Maryland Medical System
android.widget.TableRow@405c9a50
android.widget.TextView: Address , City
android.widget.TableRow@405ca270
android.widget.TextView: Phone Number
android.widget.LinearLayout@405bd2f8
android.widget.ImageView@405bd510
android.widget.TextView: 8.9 mi
android.widget.TableLayout@40673d70
android.widget.TableRow@40674228
android.widget.TextView: Johns Hopkins Bayview Medical Center
android.widget.TableRow@40674a48
android.widget.TextView: Address , City
android.widget.TableRow@40675268
android.widget.TextView: Phone Number
android.widget.TextView: Loading data
