emulator-5554
D/umd.troyd(26014): got command getViews
D/umd.troyd(26014): android.widget.FrameLayout@40685f40: 16908290 (0)
D/umd.troyd(26014): android.widget.RelativeLayout@4068d1c8: 2131558603 (1)
D/umd.troyd(26014): android.widget.LinearLayout@406bf0e0: -1 (2)
D/umd.troyd(26014): com.walmart.android.ui.ViewStackLayout@406918a0: 2131558797 (3)
D/umd.troyd(26014): android.widget.RelativeLayout@406e9e40: -1 (4)
D/umd.troyd(26014): android.widget.RelativeLayout@406ea390: 2131558790 (5)
D/umd.troyd(26014): android.widget.LinearLayout@4062f7f0: 2131558790 (6)
D/umd.troyd(26014): android.widget.RelativeLayout@4062ffd0: -1 (7)
D/umd.troyd(26014): android.widget.Button:  (8)
D/umd.troyd(26014): android.widget.TextView: Search a location (9)
D/umd.troyd(26014): android.widget.Button:  (10)
D/umd.troyd(26014): android.widget.Button:  (11)
D/umd.troyd(26014): android.widget.Button:  (12)
D/umd.troyd(26014): android.widget.RelativeLayout@40634c98: 2131558791 (13)
D/umd.troyd(26014): com.walmart.android.storelocator.StoreMapView@40635f30: 2131558792 (14)
D/umd.troyd(26014): android.widget.ListView@406c5428: 2131558521 (15)
D/umd.troyd(26014): android.widget.LinearLayout@407f8620: -1 (16)
D/umd.troyd(26014): android.widget.RelativeLayout@407f8770: -1 (17)
D/umd.troyd(26014): android.widget.RelativeLayout@407d2050: -1 (18)
D/umd.troyd(26014): android.widget.TextView: Walmart Store (19)
D/umd.troyd(26014): android.widget.TextView: 150 Harrison Ave (20)
D/umd.troyd(26014): android.widget.TextView: Kearny, NJ 07032 (21)
D/umd.troyd(26014): android.widget.RelativeLayout@4072bf58: -1 (22)
D/umd.troyd(26014): android.widget.LinearLayout@4072c0b0: 2131558801 (23)
D/umd.troyd(26014): android.widget.TextView: 5.29 (24)
D/umd.troyd(26014): android.widget.TextView: miles (25)
D/umd.troyd(26014): android.widget.TextView:  (26)
D/umd.troyd(26014): android.widget.ImageView@40681a10: 2131558517 (27)
D/umd.troyd(26014): android.widget.LinearLayout@4064d038: -1 (28)
D/umd.troyd(26014): android.widget.RelativeLayout@4064d1d0: -1 (29)
D/umd.troyd(26014): android.widget.RelativeLayout@40692178: -1 (30)
D/umd.troyd(26014): android.widget.TextView: Walmart Supercenter (31)
D/umd.troyd(26014): android.widget.TextView: 174 Passaic St (32)
D/umd.troyd(26014): android.widget.TextView: Garfield, NJ 07026 (33)
D/umd.troyd(26014): android.widget.RelativeLayout@406f0be0: -1 (34)
D/umd.troyd(26014): android.widget.LinearLayout@4073cd20: 2131558801 (35)
D/umd.troyd(26014): android.widget.TextView: 6.73 (36)
D/umd.troyd(26014): android.widget.TextView: miles (37)
D/umd.troyd(26014): android.widget.TextView:  (38)
D/umd.troyd(26014): android.widget.ImageView@407591a8: 2131558517 (39)
D/umd.troyd(26014): android.widget.LinearLayout@407597b8: -1 (40)
D/umd.troyd(26014): android.widget.RelativeLayout@4076fb78: -1 (41)
D/umd.troyd(26014): android.widget.RelativeLayout@406ee770: -1 (42)
D/umd.troyd(26014): android.widget.TextView: Walmart Store (43)
D/umd.troyd(26014): android.widget.TextView: 900 Springfield Rd (44)
D/umd.troyd(26014): android.widget.TextView: Union, NJ 07083 (45)
D/umd.troyd(26014): android.widget.RelativeLayout@4064ab90: -1 (46)
D/umd.troyd(26014): android.widget.LinearLayout@40737468: 2131558801 (47)
D/umd.troyd(26014): android.widget.TextView: 7.88 (48)
D/umd.troyd(26014): android.widget.TextView: miles (49)
D/umd.troyd(26014): android.widget.TextView:  (50)
D/umd.troyd(26014): android.widget.ImageView@40799b58: 2131558517 (51)
D/umd.troyd(26014): android.widget.LinearLayout@406b9f28: -1 (52)
D/umd.troyd(26014): android.widget.RelativeLayout@406ba118: -1 (53)
D/umd.troyd(26014): android.widget.RelativeLayout@406ca0d0: -1 (54)
D/umd.troyd(26014): android.widget.TextView: Walmart Store (55)
D/umd.troyd(26014): android.widget.TextView: 189 Us Highway 46 (56)
D/umd.troyd(26014): android.widget.TextView: Saddle Brook, NJ 07663 (57)
D/umd.troyd(26014): android.widget.RelativeLayout@407579d0: -1 (58)
D/umd.troyd(26014): android.widget.LinearLayout@40693760: 2131558801 (59)
D/umd.troyd(26014): android.widget.TextView: 7.91 (60)
D/umd.troyd(26014): android.widget.TextView: miles (61)
D/umd.troyd(26014): android.widget.TextView:  (62)
D/umd.troyd(26014): android.widget.ImageView@40770790: 2131558517 (63)
D/umd.troyd(26014): android.widget.LinearLayout@40624048: -1 (64)
D/umd.troyd(26014): android.widget.RelativeLayout@40624218: -1 (65)
D/umd.troyd(26014): android.widget.RelativeLayout@40698d78: -1 (66)
D/umd.troyd(26014): android.widget.TextView: Walmart Supercenter (67)
D/umd.troyd(26014): android.widget.TextView: 400 Park Pl (68)
D/umd.troyd(26014): android.widget.TextView: Secaucus, NJ 07094 (69)
D/umd.troyd(26014): android.widget.RelativeLayout@4075bed0: -1 (70)
D/umd.troyd(26014): android.widget.LinearLayout@405e1f28: 2131558801 (71)
D/umd.troyd(26014): android.widget.TextView: 8.35 (72)
D/umd.troyd(26014): android.widget.TextView: miles (73)
D/umd.troyd(26014): android.widget.TextView:  (74)
D/umd.troyd(26014): android.widget.ImageView@4075aff8: 2131558517 (75)
D/umd.troyd(26014): android.widget.LinearLayout@4060e5b8: -1 (76)
D/umd.troyd(26014): android.widget.RelativeLayout@4060e708: -1 (77)
D/umd.troyd(26014): android.widget.RelativeLayout@4060e980: -1 (78)
D/umd.troyd(26014): android.widget.TextView: Walmart Supercenter (79)
D/umd.troyd(26014): android.widget.TextView: 2100 88Th St (80)
D/umd.troyd(26014): android.widget.TextView: North Bergen, NJ 07047 (81)
D/umd.troyd(26014): android.widget.RelativeLayout@406135d0: -1 (82)
D/umd.troyd(26014): android.widget.LinearLayout@406d2fc0: 2131558801 (83)
D/umd.troyd(26014): android.widget.TextView: 9.60 (84)
D/umd.troyd(26014): android.widget.TextView: miles (85)
D/umd.troyd(26014): android.widget.TextView:  (86)
D/umd.troyd(26014): android.widget.ImageView@407475b0: 2131558517 (87)
D/umd.troyd(26014): android.widget.RelativeLayout@405d9b98: 2131558541 (88)
D/umd.troyd(26014): android.widget.GridView@405dd720: 2131558824 (89)
D/umd.troyd(26014): android.widget.LinearLayout@406e83d0: 2131558538 (90)
D/umd.troyd(26014): android.widget.RelativeLayout@40518328: 2131558818 (91)
D/umd.troyd(26014): android.widget.ImageButton@4056b1e8: 2131558819 (92)
D/umd.troyd(26014): android.widget.RelativeLayout@405db3f0: -1 (93)
D/umd.troyd(26014): android.widget.ImageView@405db6e8: 2131558820 (94)
D/umd.troyd(26014): android.widget.TextView: Stores (95)
D/umd.troyd(26014): android.widget.RelativeLayout@405e6f48: -1 (96)
D/umd.troyd(26014): android.widget.Button:  (97)
D/umd.troyd(26014): android.widget.ImageView@40543a20: 2131558823 (98)
D/umd.troyd(26014): android.widget.LinearLayout@40543c08: 2131558542 (99)
D/umd.troyd(26014): got command getViews
D/umd.troyd(26014): android.widget.FrameLayout@40685f40: 16908290 (0)
D/umd.troyd(26014): android.widget.RelativeLayout@4068d1c8: 2131558603 (1)
D/umd.troyd(26014): android.widget.LinearLayout@406bf0e0: -1 (2)
D/umd.troyd(26014): com.walmart.android.ui.ViewStackLayout@406918a0: 2131558797 (3)
D/umd.troyd(26014): android.widget.RelativeLayout@406e9e40: -1 (4)
D/umd.troyd(26014): android.widget.RelativeLayout@406ea390: 2131558790 (5)
D/umd.troyd(26014): android.widget.LinearLayout@4062f7f0: 2131558790 (6)
D/umd.troyd(26014): android.widget.RelativeLayout@4062ffd0: -1 (7)
D/umd.troyd(26014): android.widget.Button:  (8)
D/umd.troyd(26014): android.widget.TextView: Search a location (9)
D/umd.troyd(26014): android.widget.Button:  (10)
D/umd.troyd(26014): android.widget.Button:  (11)
D/umd.troyd(26014): android.widget.Button:  (12)
D/umd.troyd(26014): android.widget.RelativeLayout@40634c98: 2131558791 (13)
D/umd.troyd(26014): com.walmart.android.storelocator.StoreMapView@40635f30: 2131558792 (14)
D/umd.troyd(26014): android.widget.ListView@406c5428: 2131558521 (15)
D/umd.troyd(26014): android.widget.LinearLayout@4060e5b8: -1 (16)
D/umd.troyd(26014): android.widget.RelativeLayout@4060e708: -1 (17)
D/umd.troyd(26014): android.widget.RelativeLayout@4060e980: -1 (18)
D/umd.troyd(26014): android.widget.TextView: Walmart Supercenter (19)
D/umd.troyd(26014): android.widget.TextView: 2100 88Th St (20)
D/umd.troyd(26014): android.widget.TextView: North Bergen, NJ 07047 (21)
D/umd.troyd(26014): android.widget.RelativeLayout@406135d0: -1 (22)
D/umd.troyd(26014): android.widget.LinearLayout@406d2fc0: 2131558801 (23)
D/umd.troyd(26014): android.widget.TextView: 9.60 (24)
D/umd.troyd(26014): android.widget.TextView: miles (25)
D/umd.troyd(26014): android.widget.TextView:  (26)
D/umd.troyd(26014): android.widget.ImageView@407475b0: 2131558517 (27)
D/umd.troyd(26014): android.widget.LinearLayout@407f9820: -1 (28)
D/umd.troyd(26014): android.widget.RelativeLayout@407f99b8: -1 (29)
D/umd.troyd(26014): android.widget.RelativeLayout@407f9d60: -1 (30)
D/umd.troyd(26014): android.widget.TextView: Walmart Store (31)
D/umd.troyd(26014): android.widget.TextView: 300 Wootton St (32)
D/umd.troyd(26014): android.widget.TextView: Boonton, NJ 07005 (33)
D/umd.troyd(26014): android.widget.RelativeLayout@407ff278: -1 (34)
D/umd.troyd(26014): android.widget.LinearLayout@407ff688: 2131558801 (35)
D/umd.troyd(26014): android.widget.TextView: 10.14 (36)
D/umd.troyd(26014): android.widget.TextView: miles (37)
D/umd.troyd(26014): android.widget.TextView:  (38)
D/umd.troyd(26014): android.widget.ImageView@40800740: 2131558517 (39)
D/umd.troyd(26014): android.widget.LinearLayout@408021c8: -1 (40)
D/umd.troyd(26014): android.widget.RelativeLayout@408023b8: -1 (41)
D/umd.troyd(26014): android.widget.RelativeLayout@40802760: -1 (42)
D/umd.troyd(26014): android.widget.TextView: Walmart Supercenter (43)
D/umd.troyd(26014): android.widget.TextView: 500 Bayonne Crossing Way (44)
D/umd.troyd(26014): android.widget.TextView: Bayonne, NJ 07002 (45)
D/umd.troyd(26014): android.widget.RelativeLayout@40803a70: -1 (46)
D/umd.troyd(26014): android.widget.LinearLayout@40803e80: 2131558801 (47)
D/umd.troyd(26014): android.widget.TextView: 10.27 (48)
D/umd.troyd(26014): android.widget.TextView: miles (49)
D/umd.troyd(26014): android.widget.TextView:  (50)
D/umd.troyd(26014): android.widget.ImageView@40804f38: 2131558517 (51)
D/umd.troyd(26014): android.widget.LinearLayout@408069c0: -1 (52)
D/umd.troyd(26014): android.widget.RelativeLayout@40806bb0: -1 (53)
D/umd.troyd(26014): android.widget.RelativeLayout@40806f58: -1 (54)
D/umd.troyd(26014): android.widget.TextView: Walmart Store (55)
D/umd.troyd(26014): android.widget.TextView: 235 Ridgedale Ave (56)
D/umd.troyd(26014): android.widget.TextView: Cedar Knolls, NJ 07927 (57)
D/umd.troyd(26014): android.widget.RelativeLayout@40808268: -1 (58)
D/umd.troyd(26014): android.widget.LinearLayout@40808678: 2131558801 (59)
D/umd.troyd(26014): android.widget.TextView: 10.54 (60)
D/umd.troyd(26014): android.widget.TextView: miles (61)
D/umd.troyd(26014): android.widget.TextView:  (62)
D/umd.troyd(26014): android.widget.ImageView@40809730: 2131558517 (63)
D/umd.troyd(26014): android.widget.LinearLayout@4080b1c0: -1 (64)
D/umd.troyd(26014): android.widget.RelativeLayout@40645b90: -1 (65)
D/umd.troyd(26014): android.widget.RelativeLayout@406a95b8: -1 (66)
D/umd.troyd(26014): android.widget.TextView: Walmart Store (67)
D/umd.troyd(26014): android.widget.TextView: 1601 W Edgar Rd (68)
D/umd.troyd(26014): android.widget.TextView: Linden, NJ 07036 (69)
D/umd.troyd(26014): android.widget.RelativeLayout@40742280: -1 (70)
D/umd.troyd(26014): android.widget.LinearLayout@40556068: 2131558801 (71)
D/umd.troyd(26014): android.widget.TextView: 11.61 (72)
D/umd.troyd(26014): android.widget.TextView: miles (73)
D/umd.troyd(26014): android.widget.TextView:  (74)
D/umd.troyd(26014): android.widget.ImageView@40631d28: 2131558517 (75)
D/umd.troyd(26014): android.widget.LinearLayout@40647438: -1 (76)
D/umd.troyd(26014): android.widget.RelativeLayout@40757478: -1 (77)
D/umd.troyd(26014): android.widget.RelativeLayout@40791278: -1 (78)
D/umd.troyd(26014): android.widget.TextView: Walmart Store (79)
D/umd.troyd(26014): android.widget.TextView: 48 State Rt 23 (80)
D/umd.troyd(26014): android.widget.TextView: Riverdale, NJ 07457 (81)
D/umd.troyd(26014): android.widget.RelativeLayout@406d5cf8: -1 (82)
D/umd.troyd(26014): android.widget.LinearLayout@4069fe68: 2131558801 (83)
D/umd.troyd(26014): android.widget.TextView: 11.86 (84)
D/umd.troyd(26014): android.widget.TextView: miles (85)
D/umd.troyd(26014): android.widget.TextView:  (86)
D/umd.troyd(26014): android.widget.ImageView@406e1238: 2131558517 (87)
D/umd.troyd(26014): android.widget.RelativeLayout@405d9b98: 2131558541 (88)
D/umd.troyd(26014): android.widget.GridView@405dd720: 2131558824 (89)
D/umd.troyd(26014): android.widget.LinearLayout@406e83d0: 2131558538 (90)
D/umd.troyd(26014): android.widget.RelativeLayout@40518328: 2131558818 (91)
D/umd.troyd(26014): android.widget.ImageButton@4056b1e8: 2131558819 (92)
D/umd.troyd(26014): android.widget.RelativeLayout@405db3f0: -1 (93)
D/umd.troyd(26014): android.widget.ImageView@405db6e8: 2131558820 (94)
D/umd.troyd(26014): android.widget.TextView: Stores (95)
D/umd.troyd(26014): android.widget.RelativeLayout@405e6f48: -1 (96)
D/umd.troyd(26014): android.widget.Button:  (97)
D/umd.troyd(26014): android.widget.ImageView@40543a20: 2131558823 (98)
D/umd.troyd(26014): android.widget.LinearLayout@40543c08: 2131558542 (99)
D/umd.troyd(26014): got command getViews
D/umd.troyd(26014): android.widget.FrameLayout@40685f40: 16908290 (0)
D/umd.troyd(26014): android.widget.RelativeLayout@4068d1c8: 2131558603 (1)
D/umd.troyd(26014): android.widget.LinearLayout@406bf0e0: -1 (2)
D/umd.troyd(26014): com.walmart.android.ui.ViewStackLayout@406918a0: 2131558797 (3)
D/umd.troyd(26014): android.widget.RelativeLayout@406e9e40: -1 (4)
D/umd.troyd(26014): android.widget.RelativeLayout@406ea390: 2131558790 (5)
D/umd.troyd(26014): android.widget.LinearLayout@4062f7f0: 2131558790 (6)
D/umd.troyd(26014): android.widget.RelativeLayout@4062ffd0: -1 (7)
D/umd.troyd(26014): android.widget.Button:  (8)
D/umd.troyd(26014): android.widget.TextView: Search a location (9)
D/umd.troyd(26014): android.widget.Button:  (10)
D/umd.troyd(26014): android.widget.Button:  (11)
D/umd.troyd(26014): android.widget.Button:  (12)
D/umd.troyd(26014): android.widget.RelativeLayout@40634c98: 2131558791 (13)
D/umd.troyd(26014): com.walmart.android.storelocator.StoreMapView@40635f30: 2131558792 (14)
D/umd.troyd(26014): android.widget.ListView@406c5428: 2131558521 (15)
D/umd.troyd(26014): android.widget.LinearLayout@40647438: -1 (16)
D/umd.troyd(26014): android.widget.RelativeLayout@40757478: -1 (17)
D/umd.troyd(26014): android.widget.RelativeLayout@40791278: -1 (18)
D/umd.troyd(26014): android.widget.TextView: Walmart Store (19)
D/umd.troyd(26014): android.widget.TextView: 48 State Rt 23 (20)
D/umd.troyd(26014): android.widget.TextView: Riverdale, NJ 07457 (21)
D/umd.troyd(26014): android.widget.RelativeLayout@406d5cf8: -1 (22)
D/umd.troyd(26014): android.widget.LinearLayout@4069fe68: 2131558801 (23)
D/umd.troyd(26014): android.widget.TextView: 11.86 (24)
D/umd.troyd(26014): android.widget.TextView: miles (25)
D/umd.troyd(26014): android.widget.TextView:  (26)
D/umd.troyd(26014): android.widget.ImageView@406e1238: 2131558517 (27)
D/umd.troyd(26014): android.widget.LinearLayout@407f8620: -1 (28)
D/umd.troyd(26014): android.widget.RelativeLayout@407f8770: -1 (29)
D/umd.troyd(26014): android.widget.RelativeLayout@407d2050: -1 (30)
D/umd.troyd(26014): android.widget.TextView: Walmart Store (31)
D/umd.troyd(26014): android.widget.TextView: 1501 Us Highway 22 (32)
D/umd.troyd(26014): android.widget.TextView: Watchung, NJ 07069 (33)
D/umd.troyd(26014): android.widget.RelativeLayout@4072bf58: -1 (34)
D/umd.troyd(26014): android.widget.LinearLayout@4072c0b0: 2131558801 (35)
D/umd.troyd(26014): android.widget.TextView: 13.38 (36)
D/umd.troyd(26014): android.widget.TextView: miles (37)
D/umd.troyd(26014): android.widget.TextView:  (38)
D/umd.troyd(26014): android.widget.ImageView@40681a10: 2131558517 (39)
D/umd.troyd(26014): android.widget.LinearLayout@4064d038: -1 (40)
D/umd.troyd(26014): android.widget.RelativeLayout@4064d1d0: -1 (41)
D/umd.troyd(26014): android.widget.RelativeLayout@40692178: -1 (42)
D/umd.troyd(26014): android.widget.TextView: Walmart Store (43)
D/umd.troyd(26014): android.widget.TextView: 220 Enterprise Dr (44)
D/umd.troyd(26014): android.widget.TextView: Rockaway, NJ 07866 (45)
D/umd.troyd(26014): android.widget.RelativeLayout@406f0be0: -1 (46)
D/umd.troyd(26014): android.widget.LinearLayout@4073cd20: 2131558801 (47)
D/umd.troyd(26014): android.widget.TextView: 16.42 (48)
D/umd.troyd(26014): android.widget.TextView: miles (49)
D/umd.troyd(26014): android.widget.TextView:  (50)
D/umd.troyd(26014): android.widget.ImageView@407591a8: 2131558517 (51)
D/umd.troyd(26014): android.widget.LinearLayout@407597b8: -1 (52)
D/umd.troyd(26014): android.widget.RelativeLayout@4076fb78: -1 (53)
D/umd.troyd(26014): android.widget.RelativeLayout@406ee770: -1 (54)
D/umd.troyd(26014): android.widget.TextView: Walmart Store (55)
D/umd.troyd(26014): android.widget.TextView: 306 Us Highway 9 N (56)
D/umd.troyd(26014): android.widget.TextView: Woodbridge, NJ 07095 (57)
D/umd.troyd(26014): android.widget.RelativeLayout@4064ab90: -1 (58)
D/umd.troyd(26014): android.widget.LinearLayout@40737468: 2131558801 (59)
D/umd.troyd(26014): android.widget.TextView: 16.50 (60)
D/umd.troyd(26014): android.widget.TextView: miles (61)
D/umd.troyd(26014): android.widget.TextView:  (62)
D/umd.troyd(26014): android.widget.ImageView@40799b58: 2131558517 (63)
D/umd.troyd(26014): android.widget.LinearLayout@406b9f28: -1 (64)
D/umd.troyd(26014): android.widget.RelativeLayout@406ba118: -1 (65)
D/umd.troyd(26014): android.widget.RelativeLayout@406ca0d0: -1 (66)
D/umd.troyd(26014): android.widget.TextView: Walmart Store (67)
D/umd.troyd(26014): android.widget.TextView: 2220 State Route 27 (68)
D/umd.troyd(26014): android.widget.TextView: Edison, NJ 08817 (69)
D/umd.troyd(26014): android.widget.RelativeLayout@407579d0: -1 (70)
D/umd.troyd(26014): android.widget.LinearLayout@40693760: 2131558801 (71)
D/umd.troyd(26014): android.widget.TextView: 17.84 (72)
D/umd.troyd(26014): android.widget.TextView: miles (73)
D/umd.troyd(26014): android.widget.TextView:  (74)
D/umd.troyd(26014): android.widget.ImageView@40770790: 2131558517 (75)
D/umd.troyd(26014): android.widget.LinearLayout@40624048: -1 (76)
D/umd.troyd(26014): android.widget.RelativeLayout@40624218: -1 (77)
D/umd.troyd(26014): android.widget.RelativeLayout@40698d78: -1 (78)
D/umd.troyd(26014): android.widget.TextView: Walmart Store (79)
D/umd.troyd(26014): android.widget.TextView: 1303 Centennial Ave (80)
D/umd.troyd(26014): android.widget.TextView: Piscataway, NJ 08854 (81)
D/umd.troyd(26014): android.widget.RelativeLayout@4075bed0: -1 (82)
D/umd.troyd(26014): android.widget.LinearLayout@405e1f28: 2131558801 (83)
D/umd.troyd(26014): android.widget.TextView: 17.99 (84)
D/umd.troyd(26014): android.widget.TextView: miles (85)
D/umd.troyd(26014): android.widget.TextView:  (86)
D/umd.troyd(26014): android.widget.ImageView@4075aff8: 2131558517 (87)
D/umd.troyd(26014): android.widget.RelativeLayout@405d9b98: 2131558541 (88)
D/umd.troyd(26014): android.widget.GridView@405dd720: 2131558824 (89)
D/umd.troyd(26014): android.widget.LinearLayout@406e83d0: 2131558538 (90)
D/umd.troyd(26014): android.widget.RelativeLayout@40518328: 2131558818 (91)
D/umd.troyd(26014): android.widget.ImageButton@4056b1e8: 2131558819 (92)
D/umd.troyd(26014): android.widget.RelativeLayout@405db3f0: -1 (93)
D/umd.troyd(26014): android.widget.ImageView@405db6e8: 2131558820 (94)
D/umd.troyd(26014): android.widget.TextView: Stores (95)
D/umd.troyd(26014): android.widget.RelativeLayout@405e6f48: -1 (96)
D/umd.troyd(26014): android.widget.Button:  (97)
D/umd.troyd(26014): android.widget.ImageView@40543a20: 2131558823 (98)
D/umd.troyd(26014): android.widget.LinearLayout@40543c08: 2131558542 (99)
D/umd.troyd(26014): got command getViews
D/umd.troyd(26014): android.widget.FrameLayout@40685f40: 16908290 (0)
D/umd.troyd(26014): android.widget.RelativeLayout@4068d1c8: 2131558603 (1)
D/umd.troyd(26014): android.widget.LinearLayout@406bf0e0: -1 (2)
D/umd.troyd(26014): com.walmart.android.ui.ViewStackLayout@406918a0: 2131558797 (3)
D/umd.troyd(26014): android.widget.RelativeLayout@406e9e40: -1 (4)
D/umd.troyd(26014): android.widget.RelativeLayout@406ea390: 2131558790 (5)
D/umd.troyd(26014): android.widget.LinearLayout@4062f7f0: 2131558790 (6)
D/umd.troyd(26014): android.widget.RelativeLayout@4062ffd0: -1 (7)
D/umd.troyd(26014): android.widget.Button:  (8)
D/umd.troyd(26014): android.widget.TextView: Search a location (9)
D/umd.troyd(26014): android.widget.Button:  (10)
D/umd.troyd(26014): android.widget.Button:  (11)
D/umd.troyd(26014): android.widget.Button:  (12)
D/umd.troyd(26014): android.widget.RelativeLayout@40634c98: 2131558791 (13)
D/umd.troyd(26014): com.walmart.android.storelocator.StoreMapView@40635f30: 2131558792 (14)
D/umd.troyd(26014): android.widget.ListView@406c5428: 2131558521 (15)
D/umd.troyd(26014): android.widget.LinearLayout@40624048: -1 (16)
D/umd.troyd(26014): android.widget.RelativeLayout@40624218: -1 (17)
D/umd.troyd(26014): android.widget.RelativeLayout@40698d78: -1 (18)
D/umd.troyd(26014): android.widget.TextView: Walmart Store (19)
D/umd.troyd(26014): android.widget.TextView: 1303 Centennial Ave (20)
D/umd.troyd(26014): android.widget.TextView: Piscataway, NJ 08854 (21)
D/umd.troyd(26014): android.widget.RelativeLayout@4075bed0: -1 (22)
D/umd.troyd(26014): android.widget.LinearLayout@405e1f28: 2131558801 (23)
D/umd.troyd(26014): android.widget.TextView: 17.99 (24)
D/umd.troyd(26014): android.widget.TextView: miles (25)
D/umd.troyd(26014): android.widget.TextView:  (26)
D/umd.troyd(26014): android.widget.ImageView@4075aff8: 2131558517 (27)
D/umd.troyd(26014): android.widget.LinearLayout@4060e5b8: -1 (28)
D/umd.troyd(26014): android.widget.RelativeLayout@4060e708: -1 (29)
D/umd.troyd(26014): android.widget.RelativeLayout@4060e980: -1 (30)
D/umd.troyd(26014): android.widget.TextView: Walmart Store (31)
D/umd.troyd(26014): android.widget.TextView: 250 Route 59 (32)
D/umd.troyd(26014): android.widget.TextView: Suffern, NY 10901 (33)
D/umd.troyd(26014): android.widget.RelativeLayout@406135d0: -1 (34)
D/umd.troyd(26014): android.widget.LinearLayout@406d2fc0: 2131558801 (35)
D/umd.troyd(26014): android.widget.TextView: 19.20 (36)
D/umd.troyd(26014): android.widget.TextView: miles (37)
D/umd.troyd(26014): android.widget.TextView:  (38)
D/umd.troyd(26014): android.widget.ImageView@407475b0: 2131558517 (39)
D/umd.troyd(26014): android.widget.LinearLayout@407f9820: -1 (40)
D/umd.troyd(26014): android.widget.RelativeLayout@407f99b8: -1 (41)
D/umd.troyd(26014): android.widget.RelativeLayout@407f9d60: -1 (42)
D/umd.troyd(26014): android.widget.TextView: Walmart Store (43)
D/umd.troyd(26014): android.widget.TextView: 2569 To 461 Rt 10 Suite 29 (44)
D/umd.troyd(26014): android.widget.TextView: Ledgewood, NJ 07852 (45)
D/umd.troyd(26014): android.widget.RelativeLayout@407ff278: -1 (46)
D/umd.troyd(26014): android.widget.LinearLayout@407ff688: 2131558801 (47)
D/umd.troyd(26014): android.widget.TextView: 19.84 (48)
D/umd.troyd(26014): android.widget.TextView: miles (49)
D/umd.troyd(26014): android.widget.TextView:  (50)
D/umd.troyd(26014): android.widget.ImageView@40800740: 2131558517 (51)
D/umd.troyd(26014): android.widget.LinearLayout@408021c8: -1 (52)
D/umd.troyd(26014): android.widget.RelativeLayout@408023b8: -1 (53)
D/umd.troyd(26014): android.widget.RelativeLayout@40802760: -1 (54)
D/umd.troyd(26014): android.widget.TextView: Walmart Store (55)
D/umd.troyd(26014): android.widget.TextView: 1126 Us Highway 9 (56)
D/umd.troyd(26014): android.widget.TextView: Old Bridge, NJ 08857 (57)
D/umd.troyd(26014): android.widget.RelativeLayout@40803a70: -1 (58)
D/umd.troyd(26014): android.widget.LinearLayout@40803e80: 2131558801 (59)
D/umd.troyd(26014): android.widget.TextView: 21.74 (60)
D/umd.troyd(26014): android.widget.TextView: miles (61)
D/umd.troyd(26014): android.widget.TextView:  (62)
D/umd.troyd(26014): android.widget.ImageView@40804f38: 2131558517 (63)
D/umd.troyd(26014): android.widget.LinearLayout@408069c0: -1 (64)
D/umd.troyd(26014): android.widget.RelativeLayout@40806bb0: -1 (65)
D/umd.troyd(26014): android.widget.RelativeLayout@40806f58: -1 (66)
D/umd.troyd(26014): android.widget.TextView: Walmart Store (67)
D/umd.troyd(26014): android.widget.TextView: 40 International Dr S (68)
D/umd.troyd(26014): android.widget.TextView: Flanders, NJ 07836 (69)
D/umd.troyd(26014): android.widget.RelativeLayout@40808268: -1 (70)
D/umd.troyd(26014): android.widget.LinearLayout@40808678: 2131558801 (71)
D/umd.troyd(26014): android.widget.TextView: 22.39 (72)
D/umd.troyd(26014): android.widget.TextView: miles (73)
D/umd.troyd(26014): android.widget.TextView:  (74)
D/umd.troyd(26014): android.widget.ImageView@40809730: 2131558517 (75)
D/umd.troyd(26014): android.widget.LinearLayout@4080b1c0: -1 (76)
D/umd.troyd(26014): android.widget.RelativeLayout@40645b90: -1 (77)
D/umd.troyd(26014): android.widget.RelativeLayout@406a95b8: -1 (78)
D/umd.troyd(26014): android.widget.TextView: Walmart Store (79)
D/umd.troyd(26014): android.widget.TextView: 100 No. Main Street (80)
D/umd.troyd(26014): android.widget.TextView: Manville, NJ 08835 (81)
D/umd.troyd(26014): android.widget.RelativeLayout@40742280: -1 (82)
D/umd.troyd(26014): android.widget.LinearLayout@40556068: 2131558801 (83)
D/umd.troyd(26014): android.widget.TextView: 22.49 (84)
D/umd.troyd(26014): android.widget.TextView: miles (85)
D/umd.troyd(26014): android.widget.TextView:  (86)
D/umd.troyd(26014): android.widget.ImageView@40631d28: 2131558517 (87)
D/umd.troyd(26014): android.widget.RelativeLayout@405d9b98: 2131558541 (88)
D/umd.troyd(26014): android.widget.GridView@405dd720: 2131558824 (89)
D/umd.troyd(26014): android.widget.LinearLayout@406e83d0: 2131558538 (90)
D/umd.troyd(26014): android.widget.RelativeLayout@40518328: 2131558818 (91)
D/umd.troyd(26014): android.widget.ImageButton@4056b1e8: 2131558819 (92)
D/umd.troyd(26014): android.widget.RelativeLayout@405db3f0: -1 (93)
D/umd.troyd(26014): android.widget.ImageView@405db6e8: 2131558820 (94)
D/umd.troyd(26014): android.widget.TextView: Stores (95)
D/umd.troyd(26014): android.widget.RelativeLayout@405e6f48: -1 (96)
D/umd.troyd(26014): android.widget.Button:  (97)
D/umd.troyd(26014): android.widget.ImageView@40543a20: 2131558823 (98)
D/umd.troyd(26014): android.widget.LinearLayout@40543c08: 2131558542 (99)
D/umd.troyd(26014): got command getViews
D/umd.troyd(26014): android.widget.FrameLayout@40685f40: 16908290 (0)
D/umd.troyd(26014): android.widget.RelativeLayout@4068d1c8: 2131558603 (1)
D/umd.troyd(26014): android.widget.LinearLayout@406bf0e0: -1 (2)
D/umd.troyd(26014): com.walmart.android.ui.ViewStackLayout@406918a0: 2131558797 (3)
D/umd.troyd(26014): android.widget.RelativeLayout@406e9e40: -1 (4)
D/umd.troyd(26014): android.widget.RelativeLayout@406ea390: 2131558790 (5)
D/umd.troyd(26014): android.widget.LinearLayout@4062f7f0: 2131558790 (6)
D/umd.troyd(26014): android.widget.RelativeLayout@4062ffd0: -1 (7)
D/umd.troyd(26014): android.widget.Button:  (8)
D/umd.troyd(26014): android.widget.TextView: Search a location (9)
D/umd.troyd(26014): android.widget.Button:  (10)
D/umd.troyd(26014): android.widget.Button:  (11)
D/umd.troyd(26014): android.widget.Button:  (12)
D/umd.troyd(26014): android.widget.RelativeLayout@40634c98: 2131558791 (13)
D/umd.troyd(26014): com.walmart.android.storelocator.StoreMapView@40635f30: 2131558792 (14)
D/umd.troyd(26014): android.widget.ListView@406c5428: 2131558521 (15)
D/umd.troyd(26014): android.widget.LinearLayout@4080b1c0: -1 (16)
D/umd.troyd(26014): android.widget.RelativeLayout@40645b90: -1 (17)
D/umd.troyd(26014): android.widget.RelativeLayout@406a95b8: -1 (18)
D/umd.troyd(26014): android.widget.TextView: Walmart Store (19)
D/umd.troyd(26014): android.widget.TextView: 100 No. Main Street (20)
D/umd.troyd(26014): android.widget.TextView: Manville, NJ 08835 (21)
D/umd.troyd(26014): android.widget.RelativeLayout@40742280: -1 (22)
D/umd.troyd(26014): android.widget.LinearLayout@40556068: 2131558801 (23)
D/umd.troyd(26014): android.widget.TextView: 22.49 (24)
D/umd.troyd(26014): android.widget.TextView: miles (25)
D/umd.troyd(26014): android.widget.TextView:  (26)
D/umd.troyd(26014): android.widget.ImageView@40631d28: 2131558517 (27)
D/umd.troyd(26014): android.widget.LinearLayout@40647438: -1 (28)
D/umd.troyd(26014): android.widget.RelativeLayout@40757478: -1 (29)
D/umd.troyd(26014): android.widget.RelativeLayout@40791278: -1 (30)
D/umd.troyd(26014): android.widget.TextView: Walmart Store (31)
D/umd.troyd(26014): android.widget.TextView: 979 Route#1 South (32)
D/umd.troyd(26014): android.widget.TextView: North Brunswick, NJ 08902 (33)
D/umd.troyd(26014): android.widget.RelativeLayout@406d5cf8: -1 (34)
D/umd.troyd(26014): android.widget.LinearLayout@4069fe68: 2131558801 (35)
D/umd.troyd(26014): android.widget.TextView: 23.37 (36)
D/umd.troyd(26014): android.widget.TextView: miles (37)
D/umd.troyd(26014): android.widget.TextView:  (38)
D/umd.troyd(26014): android.widget.ImageView@406e1238: 2131558517 (39)
D/umd.troyd(26014): android.widget.LinearLayout@407f8620: -1 (40)
D/umd.troyd(26014): android.widget.RelativeLayout@407f8770: -1 (41)
D/umd.troyd(26014): android.widget.RelativeLayout@407d2050: -1 (42)
D/umd.troyd(26014): android.widget.TextView: Walmart Store (43)
D/umd.troyd(26014): android.widget.TextView: 77 Green Acres Rd (44)
D/umd.troyd(26014): android.widget.TextView: Valley Stream, NY 11581 (45)
D/umd.troyd(26014): android.widget.RelativeLayout@4072bf58: -1 (46)
D/umd.troyd(26014): android.widget.LinearLayout@4072c0b0: 2131558801 (47)
D/umd.troyd(26014): android.widget.TextView: 24.29 (48)
D/umd.troyd(26014): android.widget.TextView: miles (49)
D/umd.troyd(26014): android.widget.TextView:  (50)
D/umd.troyd(26014): android.widget.ImageView@40681a10: 2131558517 (51)
D/umd.troyd(26014): android.widget.LinearLayout@4064d038: -1 (52)
D/umd.troyd(26014): android.widget.RelativeLayout@4064d1d0: -1 (53)
D/umd.troyd(26014): android.widget.RelativeLayout@40692178: -1 (54)
D/umd.troyd(26014): android.widget.TextView: Walmart Store (55)
D/umd.troyd(26014): android.widget.TextView: 230 State Highway (56)
D/umd.troyd(26014): android.widget.TextView: Franklin, NJ 07416 (57)
D/umd.troyd(26014): android.widget.RelativeLayout@406f0be0: -1 (58)
D/umd.troyd(26014): android.widget.LinearLayout@4073cd20: 2131558801 (59)
D/umd.troyd(26014): android.widget.TextView: 24.58 (60)
D/umd.troyd(26014): android.widget.TextView: miles (61)
D/umd.troyd(26014): android.widget.TextView:  (62)
D/umd.troyd(26014): android.widget.ImageView@407591a8: 2131558517 (63)
D/umd.troyd(26014): android.widget.LinearLayout@407597b8: -1 (64)
D/umd.troyd(26014): android.widget.RelativeLayout@4076fb78: -1 (65)
D/umd.troyd(26014): android.widget.RelativeLayout@406ee770: -1 (66)
D/umd.troyd(26014): android.widget.TextView: Walmart Store (67)
D/umd.troyd(26014): android.widget.TextView: 275 Main St (68)
D/umd.troyd(26014): android.widget.TextView: White Plains, NY 10601 (69)
D/umd.troyd(26014): android.widget.RelativeLayout@4064ab90: -1 (70)
D/umd.troyd(26014): android.widget.LinearLayout@40737468: 2131558801 (71)
D/umd.troyd(26014): android.widget.TextView: 24.94 (72)
D/umd.troyd(26014): android.widget.TextView: miles (73)
D/umd.troyd(26014): android.widget.TextView:  (74)
D/umd.troyd(26014): android.widget.ImageView@40799b58: 2131558517 (75)
D/umd.troyd(26014): android.widget.LinearLayout@406b9f28: -1 (76)
D/umd.troyd(26014): android.widget.RelativeLayout@406ba118: -1 (77)
D/umd.troyd(26014): android.widget.RelativeLayout@406ca0d0: -1 (78)
D/umd.troyd(26014): android.widget.TextView: Walmart Store (79)
D/umd.troyd(26014): android.widget.TextView: 3576 Us Highway 22 (80)
D/umd.troyd(26014): android.widget.TextView: Branchburg, NJ 08876 (81)
D/umd.troyd(26014): android.widget.RelativeLayout@407579d0: -1 (82)
D/umd.troyd(26014): android.widget.LinearLayout@40693760: 2131558801 (83)
D/umd.troyd(26014): android.widget.TextView: 25.49 (84)
D/umd.troyd(26014): android.widget.TextView: miles (85)
D/umd.troyd(26014): android.widget.TextView:  (86)
D/umd.troyd(26014): android.widget.ImageView@40770790: 2131558517 (87)
D/umd.troyd(26014): android.widget.RelativeLayout@405d9b98: 2131558541 (88)
D/umd.troyd(26014): android.widget.GridView@405dd720: 2131558824 (89)
D/umd.troyd(26014): android.widget.LinearLayout@406e83d0: 2131558538 (90)
D/umd.troyd(26014): android.widget.RelativeLayout@40518328: 2131558818 (91)
D/umd.troyd(26014): android.widget.ImageButton@4056b1e8: 2131558819 (92)
D/umd.troyd(26014): android.widget.RelativeLayout@405db3f0: -1 (93)
D/umd.troyd(26014): android.widget.ImageView@405db6e8: 2131558820 (94)
D/umd.troyd(26014): android.widget.TextView: Stores (95)
D/umd.troyd(26014): android.widget.RelativeLayout@405e6f48: -1 (96)
D/umd.troyd(26014): android.widget.Button:  (97)
D/umd.troyd(26014): android.widget.ImageView@40543a20: 2131558823 (98)
D/umd.troyd(26014): android.widget.LinearLayout@40543c08: 2131558542 (99)
