emulator-5558
D/umd.troyd(32697): got command getViews
D/umd.troyd(32697): android.widget.FrameLayout@4072bf88: 16908290 (0)
D/umd.troyd(32697): android.widget.RelativeLayout@4072c9c8: 2131558603 (1)
D/umd.troyd(32697): android.widget.LinearLayout@4072ce00: -1 (2)
D/umd.troyd(32697): com.walmart.android.ui.ViewStackLayout@4072d350: 2131558797 (3)
D/umd.troyd(32697): android.widget.RelativeLayout@405d11c0: -1 (4)
D/umd.troyd(32697): android.widget.RelativeLayout@405f7358: 2131558790 (5)
D/umd.troyd(32697): android.widget.LinearLayout@405c08a8: 2131558790 (6)
D/umd.troyd(32697): android.widget.RelativeLayout@405c10e0: -1 (7)
D/umd.troyd(32697): android.widget.Button:  (8)
D/umd.troyd(32697): android.widget.TextView: Search a location (9)
D/umd.troyd(32697): android.widget.Button:  (10)
D/umd.troyd(32697): android.widget.Button:  (11)
D/umd.troyd(32697): android.widget.Button:  (12)
D/umd.troyd(32697): android.widget.RelativeLayout@405ca1d0: 2131558791 (13)
D/umd.troyd(32697): com.walmart.android.storelocator.StoreMapView@40517358: 2131558792 (14)
D/umd.troyd(32697): android.widget.ListView@407a05c0: 2131558521 (15)
D/umd.troyd(32697): android.widget.LinearLayout@40726f08: -1 (16)
D/umd.troyd(32697): android.widget.RelativeLayout@40743100: -1 (17)
D/umd.troyd(32697): android.widget.RelativeLayout@40621630: -1 (18)
D/umd.troyd(32697): android.widget.TextView: Walmart Store (19)
D/umd.troyd(32697): android.widget.TextView: 120 Commercial Pkwy (20)
D/umd.troyd(32697): android.widget.TextView: Branford, CT 06405 (21)
D/umd.troyd(32697): android.widget.RelativeLayout@40615828: -1 (22)
D/umd.troyd(32697): android.widget.LinearLayout@406f1858: 2131558801 (23)
D/umd.troyd(32697): android.widget.TextView: 2.46 (24)
D/umd.troyd(32697): android.widget.TextView: miles (25)
D/umd.troyd(32697): android.widget.TextView:  (26)
D/umd.troyd(32697): android.widget.ImageView@40634050: 2131558517 (27)
D/umd.troyd(32697): android.widget.LinearLayout@40626db8: -1 (28)
D/umd.troyd(32697): android.widget.RelativeLayout@40626fa8: -1 (29)
D/umd.troyd(32697): android.widget.RelativeLayout@4066b1f0: -1 (30)
D/umd.troyd(32697): android.widget.TextView: Walmart Supercenter (31)
D/umd.troyd(32697): android.widget.TextView: 315 Foxon Blvd (32)
D/umd.troyd(32697): android.widget.TextView: New Haven, CT 06513 (33)
D/umd.troyd(32697): android.widget.RelativeLayout@40801bf0: -1 (34)
D/umd.troyd(32697): android.widget.LinearLayout@40801f40: 2131558801 (35)
D/umd.troyd(32697): android.widget.TextView: 3.84 (36)
D/umd.troyd(32697): android.widget.TextView: miles (37)
D/umd.troyd(32697): android.widget.TextView:  (38)
D/umd.troyd(32697): android.widget.ImageView@40586278: 2131558517 (39)
D/umd.troyd(32697): android.widget.LinearLayout@40763238: -1 (40)
D/umd.troyd(32697): android.widget.RelativeLayout@40765a60: -1 (41)
D/umd.troyd(32697): android.widget.RelativeLayout@40765ce0: -1 (42)
D/umd.troyd(32697): android.widget.TextView: Walmart Store (43)
D/umd.troyd(32697): android.widget.TextView: 515 Saw Mill Rd (44)
D/umd.troyd(32697): android.widget.TextView: West Haven, CT 06516 (45)
D/umd.troyd(32697): android.widget.RelativeLayout@40669a78: -1 (46)
D/umd.troyd(32697): android.widget.LinearLayout@40669e70: 2131558801 (47)
D/umd.troyd(32697): android.widget.TextView: 4.75 (48)
D/umd.troyd(32697): android.widget.TextView: miles (49)
D/umd.troyd(32697): android.widget.TextView:  (50)
D/umd.troyd(32697): android.widget.ImageView@405aebe8: 2131558517 (51)
D/umd.troyd(32697): android.widget.LinearLayout@4063f748: -1 (52)
D/umd.troyd(32697): android.widget.RelativeLayout@405d2708: -1 (53)
D/umd.troyd(32697): android.widget.RelativeLayout@405d2a98: -1 (54)
D/umd.troyd(32697): android.widget.TextView: Walmart Store (55)
D/umd.troyd(32697): android.widget.TextView: 1365 Boston Post Rd (56)
D/umd.troyd(32697): android.widget.TextView: Milford, CT 06460 (57)
D/umd.troyd(32697): android.widget.RelativeLayout@406fa920: -1 (58)
D/umd.troyd(32697): android.widget.LinearLayout@406facb8: 2131558801 (59)
D/umd.troyd(32697): android.widget.TextView: 7.18 (60)
D/umd.troyd(32697): android.widget.TextView: miles (61)
D/umd.troyd(32697): android.widget.TextView:  (62)
D/umd.troyd(32697): android.widget.ImageView@40781118: 2131558517 (63)
D/umd.troyd(32697): android.widget.LinearLayout@40782ba0: -1 (64)
D/umd.troyd(32697): android.widget.RelativeLayout@40782d90: -1 (65)
D/umd.troyd(32697): android.widget.RelativeLayout@4080b530: -1 (66)
D/umd.troyd(32697): android.widget.TextView: Walmart Store (67)
D/umd.troyd(32697): android.widget.TextView: 2300 Dixwell Ave (68)
D/umd.troyd(32697): android.widget.TextView: Hamden, CT 06514 (69)
D/umd.troyd(32697): android.widget.RelativeLayout@4080c840: -1 (70)
D/umd.troyd(32697): android.widget.LinearLayout@4080cc50: 2131558801 (71)
D/umd.troyd(32697): android.widget.TextView: 7.32 (72)
D/umd.troyd(32697): android.widget.TextView: miles (73)
D/umd.troyd(32697): android.widget.TextView:  (74)
D/umd.troyd(32697): android.widget.ImageView@4080dd08: 2131558517 (75)
D/umd.troyd(32697): android.widget.LinearLayout@407fd998: -1 (76)
D/umd.troyd(32697): android.widget.RelativeLayout@405997b0: -1 (77)
D/umd.troyd(32697): android.widget.RelativeLayout@40599b28: -1 (78)
D/umd.troyd(32697): android.widget.TextView: Walmart Store (79)
D/umd.troyd(32697): android.widget.TextView: 656 New Haven Ave (80)
D/umd.troyd(32697): android.widget.TextView: Derby, CT 06418 (81)
D/umd.troyd(32697): android.widget.RelativeLayout@4059ae38: -1 (82)
D/umd.troyd(32697): android.widget.LinearLayout@4059b248: 2131558801 (83)
D/umd.troyd(32697): android.widget.TextView: 8.73 (84)
D/umd.troyd(32697): android.widget.TextView: miles (85)
D/umd.troyd(32697): android.widget.TextView:  (86)
D/umd.troyd(32697): android.widget.ImageView@4059c300: 2131558517 (87)
D/umd.troyd(32697): android.widget.RelativeLayout@4072f480: 2131558541 (88)
D/umd.troyd(32697): android.widget.GridView@4072fff8: 2131558824 (89)
D/umd.troyd(32697): android.widget.LinearLayout@40731178: 2131558538 (90)
D/umd.troyd(32697): android.widget.RelativeLayout@40731b70: 2131558818 (91)
D/umd.troyd(32697): android.widget.ImageButton@407324c0: 2131558819 (92)
D/umd.troyd(32697): android.widget.RelativeLayout@407329d8: -1 (93)
D/umd.troyd(32697): android.widget.ImageView@40732dc8: 2131558820 (94)
D/umd.troyd(32697): android.widget.TextView: Stores (95)
D/umd.troyd(32697): android.widget.RelativeLayout@406b9d28: -1 (96)
D/umd.troyd(32697): android.widget.Button:  (97)
D/umd.troyd(32697): android.widget.ImageView@4055eb78: 2131558823 (98)
D/umd.troyd(32697): android.widget.LinearLayout@4056b380: 2131558542 (99)
D/umd.troyd(32697): got command getViews
D/umd.troyd(32697): android.widget.FrameLayout@4072bf88: 16908290 (0)
D/umd.troyd(32697): android.widget.RelativeLayout@4072c9c8: 2131558603 (1)
D/umd.troyd(32697): android.widget.LinearLayout@4072ce00: -1 (2)
D/umd.troyd(32697): com.walmart.android.ui.ViewStackLayout@4072d350: 2131558797 (3)
D/umd.troyd(32697): android.widget.RelativeLayout@405d11c0: -1 (4)
D/umd.troyd(32697): android.widget.RelativeLayout@405f7358: 2131558790 (5)
D/umd.troyd(32697): android.widget.LinearLayout@405c08a8: 2131558790 (6)
D/umd.troyd(32697): android.widget.RelativeLayout@405c10e0: -1 (7)
D/umd.troyd(32697): android.widget.Button:  (8)
D/umd.troyd(32697): android.widget.TextView: Search a location (9)
D/umd.troyd(32697): android.widget.Button:  (10)
D/umd.troyd(32697): android.widget.Button:  (11)
D/umd.troyd(32697): android.widget.Button:  (12)
D/umd.troyd(32697): android.widget.RelativeLayout@405ca1d0: 2131558791 (13)
D/umd.troyd(32697): com.walmart.android.storelocator.StoreMapView@40517358: 2131558792 (14)
D/umd.troyd(32697): android.widget.ListView@407a05c0: 2131558521 (15)
D/umd.troyd(32697): android.widget.LinearLayout@407fd998: -1 (16)
D/umd.troyd(32697): android.widget.RelativeLayout@405997b0: -1 (17)
D/umd.troyd(32697): android.widget.RelativeLayout@40599b28: -1 (18)
D/umd.troyd(32697): android.widget.TextView: Walmart Store (19)
D/umd.troyd(32697): android.widget.TextView: 656 New Haven Ave (20)
D/umd.troyd(32697): android.widget.TextView: Derby, CT 06418 (21)
D/umd.troyd(32697): android.widget.RelativeLayout@4059ae38: -1 (22)
D/umd.troyd(32697): android.widget.LinearLayout@4059b248: 2131558801 (23)
D/umd.troyd(32697): android.widget.TextView: 8.73 (24)
D/umd.troyd(32697): android.widget.TextView: miles (25)
D/umd.troyd(32697): android.widget.TextView:  (26)
D/umd.troyd(32697): android.widget.ImageView@4059c300: 2131558517 (27)
D/umd.troyd(32697): android.widget.LinearLayout@406fd388: -1 (28)
D/umd.troyd(32697): android.widget.RelativeLayout@40798ca0: -1 (29)
D/umd.troyd(32697): android.widget.RelativeLayout@40799150: -1 (30)
D/umd.troyd(32697): android.widget.TextView: Walmart Store (31)
D/umd.troyd(32697): android.widget.TextView: 900 Boston Post Rd (32)
D/umd.troyd(32697): android.widget.TextView: Guilford, CT 06437 (33)
D/umd.troyd(32697): android.widget.RelativeLayout@40727610: -1 (34)
D/umd.troyd(32697): android.widget.LinearLayout@40745e08: 2131558801 (35)
D/umd.troyd(32697): android.widget.TextView: 9.16 (36)
D/umd.troyd(32697): android.widget.TextView: miles (37)
D/umd.troyd(32697): android.widget.TextView:  (38)
D/umd.troyd(32697): android.widget.ImageView@4063ed28: 2131558517 (39)
D/umd.troyd(32697): android.widget.LinearLayout@405835f8: -1 (40)
D/umd.troyd(32697): android.widget.RelativeLayout@405b8520: -1 (41)
D/umd.troyd(32697): android.widget.RelativeLayout@405c1b90: -1 (42)
D/umd.troyd(32697): android.widget.TextView: Walmart Store (43)
D/umd.troyd(32697): android.widget.TextView: 465 Bridgeport Ave (44)
D/umd.troyd(32697): android.widget.TextView: Shelton, CT 06484 (45)
D/umd.troyd(32697): android.widget.RelativeLayout@40799c28: -1 (46)
D/umd.troyd(32697): android.widget.LinearLayout@4079f870: 2131558801 (47)
D/umd.troyd(32697): android.widget.TextView: 10.99 (48)
D/umd.troyd(32697): android.widget.TextView: miles (49)
D/umd.troyd(32697): android.widget.TextView:  (50)
D/umd.troyd(32697): android.widget.ImageView@405f4d38: 2131558517 (51)
D/umd.troyd(32697): android.widget.LinearLayout@405b8dd0: -1 (52)
D/umd.troyd(32697): android.widget.RelativeLayout@405cf4f8: -1 (53)
D/umd.troyd(32697): android.widget.RelativeLayout@40762b08: -1 (54)
D/umd.troyd(32697): android.widget.TextView: Walmart Store (55)
D/umd.troyd(32697): android.widget.TextView: 150 Barnum Avenue Cutoff (56)
D/umd.troyd(32697): android.widget.TextView: Stratford, CT 06614 (57)
D/umd.troyd(32697): android.widget.RelativeLayout@406baae8: -1 (58)
D/umd.troyd(32697): android.widget.LinearLayout@406fb2c0: 2131558801 (59)
D/umd.troyd(32697): android.widget.TextView: 11.38 (60)
D/umd.troyd(32697): android.widget.TextView: miles (61)
D/umd.troyd(32697): android.widget.TextView:  (62)
D/umd.troyd(32697): android.widget.ImageView@40729318: 2131558517 (63)
D/umd.troyd(32697): android.widget.LinearLayout@4068ba28: -1 (64)
D/umd.troyd(32697): android.widget.RelativeLayout@4068bb78: -1 (65)
D/umd.troyd(32697): android.widget.RelativeLayout@406ee820: -1 (66)
D/umd.troyd(32697): android.widget.TextView: Walmart Supercenter (67)
D/umd.troyd(32697): android.widget.TextView: 844 N Colony Rd (68)
D/umd.troyd(32697): android.widget.TextView: Wallingford, CT 06492 (69)
D/umd.troyd(32697): android.widget.RelativeLayout@405a16e8: -1 (70)
D/umd.troyd(32697): android.widget.LinearLayout@40607820: 2131558801 (71)
D/umd.troyd(32697): android.widget.TextView: 13.57 (72)
D/umd.troyd(32697): android.widget.TextView: miles (73)
D/umd.troyd(32697): android.widget.TextView:  (74)
D/umd.troyd(32697): android.widget.ImageView@4050e820: 2131558517 (75)
D/umd.troyd(32697): android.widget.LinearLayout@405a8a18: -1 (76)
D/umd.troyd(32697): android.widget.RelativeLayout@405aae50: -1 (77)
D/umd.troyd(32697): android.widget.RelativeLayout@405acd08: -1 (78)
D/umd.troyd(32697): android.widget.TextView: Walmart Store (79)
D/umd.troyd(32697): android.widget.TextView: 1100 New Haven Rd (80)
D/umd.troyd(32697): android.widget.TextView: Naugatuck, CT 06770 (81)
D/umd.troyd(32697): android.widget.RelativeLayout@40671f30: -1 (82)
D/umd.troyd(32697): android.widget.LinearLayout@4068dbc0: 2131558801 (83)
D/umd.troyd(32697): android.widget.TextView: 14.61 (84)
D/umd.troyd(32697): android.widget.TextView: miles (85)
D/umd.troyd(32697): android.widget.TextView:  (86)
D/umd.troyd(32697): android.widget.ImageView@40747290: 2131558517 (87)
D/umd.troyd(32697): android.widget.RelativeLayout@4072f480: 2131558541 (88)
D/umd.troyd(32697): android.widget.GridView@4072fff8: 2131558824 (89)
D/umd.troyd(32697): android.widget.LinearLayout@40731178: 2131558538 (90)
D/umd.troyd(32697): android.widget.RelativeLayout@40731b70: 2131558818 (91)
D/umd.troyd(32697): android.widget.ImageButton@407324c0: 2131558819 (92)
D/umd.troyd(32697): android.widget.RelativeLayout@407329d8: -1 (93)
D/umd.troyd(32697): android.widget.ImageView@40732dc8: 2131558820 (94)
D/umd.troyd(32697): android.widget.TextView: Stores (95)
D/umd.troyd(32697): android.widget.RelativeLayout@406b9d28: -1 (96)
D/umd.troyd(32697): android.widget.Button:  (97)
D/umd.troyd(32697): android.widget.ImageView@4055eb78: 2131558823 (98)
D/umd.troyd(32697): android.widget.LinearLayout@4056b380: 2131558542 (99)
D/umd.troyd(32697): got command getViews
D/umd.troyd(32697): android.widget.FrameLayout@4072bf88: 16908290 (0)
D/umd.troyd(32697): android.widget.RelativeLayout@4072c9c8: 2131558603 (1)
D/umd.troyd(32697): android.widget.LinearLayout@4072ce00: -1 (2)
D/umd.troyd(32697): com.walmart.android.ui.ViewStackLayout@4072d350: 2131558797 (3)
D/umd.troyd(32697): android.widget.RelativeLayout@405d11c0: -1 (4)
D/umd.troyd(32697): android.widget.RelativeLayout@405f7358: 2131558790 (5)
D/umd.troyd(32697): android.widget.LinearLayout@405c08a8: 2131558790 (6)
D/umd.troyd(32697): android.widget.RelativeLayout@405c10e0: -1 (7)
D/umd.troyd(32697): android.widget.Button:  (8)
D/umd.troyd(32697): android.widget.TextView: Search a location (9)
D/umd.troyd(32697): android.widget.Button:  (10)
D/umd.troyd(32697): android.widget.Button:  (11)
D/umd.troyd(32697): android.widget.Button:  (12)
D/umd.troyd(32697): android.widget.RelativeLayout@405ca1d0: 2131558791 (13)
D/umd.troyd(32697): com.walmart.android.storelocator.StoreMapView@40517358: 2131558792 (14)
D/umd.troyd(32697): android.widget.ListView@407a05c0: 2131558521 (15)
D/umd.troyd(32697): android.widget.LinearLayout@405a8a18: -1 (16)
D/umd.troyd(32697): android.widget.RelativeLayout@405aae50: -1 (17)
D/umd.troyd(32697): android.widget.RelativeLayout@405acd08: -1 (18)
D/umd.troyd(32697): android.widget.TextView: Walmart Store (19)
D/umd.troyd(32697): android.widget.TextView: 1100 New Haven Rd (20)
D/umd.troyd(32697): android.widget.TextView: Naugatuck, CT 06770 (21)
D/umd.troyd(32697): android.widget.RelativeLayout@40671f30: -1 (22)
D/umd.troyd(32697): android.widget.LinearLayout@4068dbc0: 2131558801 (23)
D/umd.troyd(32697): android.widget.TextView: 14.61 (24)
D/umd.troyd(32697): android.widget.TextView: miles (25)
D/umd.troyd(32697): android.widget.TextView:  (26)
D/umd.troyd(32697): android.widget.ImageView@40747290: 2131558517 (27)
D/umd.troyd(32697): android.widget.LinearLayout@40726f08: -1 (28)
D/umd.troyd(32697): android.widget.RelativeLayout@40743100: -1 (29)
D/umd.troyd(32697): android.widget.RelativeLayout@40621630: -1 (30)
D/umd.troyd(32697): android.widget.TextView: Walmart Store (31)
D/umd.troyd(32697): android.widget.TextView: 910 Wolcott St (32)
D/umd.troyd(32697): android.widget.TextView: Waterbury, CT 06705 (33)
D/umd.troyd(32697): android.widget.RelativeLayout@40615828: -1 (34)
D/umd.troyd(32697): android.widget.LinearLayout@406f1858: 2131558801 (35)
D/umd.troyd(32697): android.widget.TextView: 19.48 (36)
D/umd.troyd(32697): android.widget.TextView: miles (37)
D/umd.troyd(32697): android.widget.TextView:  (38)
D/umd.troyd(32697): android.widget.ImageView@40634050: 2131558517 (39)
D/umd.troyd(32697): android.widget.LinearLayout@40626db8: -1 (40)
D/umd.troyd(32697): android.widget.RelativeLayout@40626fa8: -1 (41)
D/umd.troyd(32697): android.widget.RelativeLayout@4066b1f0: -1 (42)
D/umd.troyd(32697): android.widget.TextView: Walmart Store (43)
D/umd.troyd(32697): android.widget.TextView: 765 Old Country Rd (44)
D/umd.troyd(32697): android.widget.TextView: Riverhead, NY 11901 (45)
D/umd.troyd(32697): android.widget.RelativeLayout@40801bf0: -1 (46)
D/umd.troyd(32697): android.widget.LinearLayout@40801f40: 2131558801 (47)
D/umd.troyd(32697): android.widget.TextView: 21.59 (48)
D/umd.troyd(32697): android.widget.TextView: miles (49)
D/umd.troyd(32697): android.widget.TextView:  (50)
D/umd.troyd(32697): android.widget.ImageView@40586278: 2131558517 (51)
D/umd.troyd(32697): android.widget.LinearLayout@40763238: -1 (52)
D/umd.troyd(32697): android.widget.RelativeLayout@40765a60: -1 (53)
D/umd.troyd(32697): android.widget.RelativeLayout@40765ce0: -1 (54)
D/umd.troyd(32697): android.widget.TextView: Walmart Store (55)
D/umd.troyd(32697): android.widget.TextView: 235 Queen St (56)
D/umd.troyd(32697): android.widget.TextView: Southington, CT 06489 (57)
D/umd.troyd(32697): android.widget.RelativeLayout@40669a78: -1 (58)
D/umd.troyd(32697): android.widget.LinearLayout@40669e70: 2131558801 (59)
D/umd.troyd(32697): android.widget.TextView: 21.90 (60)
D/umd.troyd(32697): android.widget.TextView: miles (61)
D/umd.troyd(32697): android.widget.TextView:  (62)
D/umd.troyd(32697): android.widget.ImageView@405aebe8: 2131558517 (63)
D/umd.troyd(32697): android.widget.LinearLayout@4063f748: -1 (64)
D/umd.troyd(32697): android.widget.RelativeLayout@405d2708: -1 (65)
D/umd.troyd(32697): android.widget.RelativeLayout@405d2a98: -1 (66)
D/umd.troyd(32697): android.widget.TextView: Walmart Store (67)
D/umd.troyd(32697): android.widget.TextView: 161 Berlin Rd (68)
D/umd.troyd(32697): android.widget.TextView: Cromwell, CT 06416 (69)
D/umd.troyd(32697): android.widget.RelativeLayout@406fa920: -1 (70)
D/umd.troyd(32697): android.widget.LinearLayout@406facb8: 2131558801 (71)
D/umd.troyd(32697): android.widget.TextView: 22.18 (72)
D/umd.troyd(32697): android.widget.TextView: miles (73)
D/umd.troyd(32697): android.widget.TextView:  (74)
D/umd.troyd(32697): android.widget.ImageView@40781118: 2131558517 (75)
D/umd.troyd(32697): android.widget.LinearLayout@40782ba0: -1 (76)
D/umd.troyd(32697): android.widget.RelativeLayout@40782d90: -1 (77)
D/umd.troyd(32697): android.widget.RelativeLayout@4080b530: -1 (78)
D/umd.troyd(32697): android.widget.TextView: Walmart Store (79)
D/umd.troyd(32697): android.widget.TextView: 665 Boston Post Rd (80)
D/umd.troyd(32697): android.widget.TextView: Old Saybrook, CT 06475 (81)
D/umd.troyd(32697): android.widget.RelativeLayout@4080c840: -1 (82)
D/umd.troyd(32697): android.widget.LinearLayout@4080cc50: 2131558801 (83)
D/umd.troyd(32697): android.widget.TextView: 22.33 (84)
D/umd.troyd(32697): android.widget.TextView: miles (85)
D/umd.troyd(32697): android.widget.TextView:  (86)
D/umd.troyd(32697): android.widget.ImageView@4080dd08: 2131558517 (87)
D/umd.troyd(32697): android.widget.RelativeLayout@4072f480: 2131558541 (88)
D/umd.troyd(32697): android.widget.GridView@4072fff8: 2131558824 (89)
D/umd.troyd(32697): android.widget.LinearLayout@40731178: 2131558538 (90)
D/umd.troyd(32697): android.widget.RelativeLayout@40731b70: 2131558818 (91)
D/umd.troyd(32697): android.widget.ImageButton@407324c0: 2131558819 (92)
D/umd.troyd(32697): android.widget.RelativeLayout@407329d8: -1 (93)
D/umd.troyd(32697): android.widget.ImageView@40732dc8: 2131558820 (94)
D/umd.troyd(32697): android.widget.TextView: Stores (95)
D/umd.troyd(32697): android.widget.RelativeLayout@406b9d28: -1 (96)
D/umd.troyd(32697): android.widget.Button:  (97)
D/umd.troyd(32697): android.widget.ImageView@4055eb78: 2131558823 (98)
D/umd.troyd(32697): android.widget.LinearLayout@4056b380: 2131558542 (99)
D/umd.troyd(32697): got command getViews
D/umd.troyd(32697): android.widget.FrameLayout@4072bf88: 16908290 (0)
D/umd.troyd(32697): android.widget.RelativeLayout@4072c9c8: 2131558603 (1)
D/umd.troyd(32697): android.widget.LinearLayout@4072ce00: -1 (2)
D/umd.troyd(32697): com.walmart.android.ui.ViewStackLayout@4072d350: 2131558797 (3)
D/umd.troyd(32697): android.widget.RelativeLayout@405d11c0: -1 (4)
D/umd.troyd(32697): android.widget.RelativeLayout@405f7358: 2131558790 (5)
D/umd.troyd(32697): android.widget.LinearLayout@405c08a8: 2131558790 (6)
D/umd.troyd(32697): android.widget.RelativeLayout@405c10e0: -1 (7)
D/umd.troyd(32697): android.widget.Button:  (8)
D/umd.troyd(32697): android.widget.TextView: Search a location (9)
D/umd.troyd(32697): android.widget.Button:  (10)
D/umd.troyd(32697): android.widget.Button:  (11)
D/umd.troyd(32697): android.widget.Button:  (12)
D/umd.troyd(32697): android.widget.RelativeLayout@405ca1d0: 2131558791 (13)
D/umd.troyd(32697): com.walmart.android.storelocator.StoreMapView@40517358: 2131558792 (14)
D/umd.troyd(32697): android.widget.ListView@407a05c0: 2131558521 (15)
D/umd.troyd(32697): android.widget.LinearLayout@40782ba0: -1 (16)
D/umd.troyd(32697): android.widget.RelativeLayout@40782d90: -1 (17)
D/umd.troyd(32697): android.widget.RelativeLayout@4080b530: -1 (18)
D/umd.troyd(32697): android.widget.TextView: Walmart Store (19)
D/umd.troyd(32697): android.widget.TextView: 665 Boston Post Rd (20)
D/umd.troyd(32697): android.widget.TextView: Old Saybrook, CT 06475 (21)
D/umd.troyd(32697): android.widget.RelativeLayout@4080c840: -1 (22)
D/umd.troyd(32697): android.widget.LinearLayout@4080cc50: 2131558801 (23)
D/umd.troyd(32697): android.widget.TextView: 22.33 (24)
D/umd.troyd(32697): android.widget.TextView: miles (25)
D/umd.troyd(32697): android.widget.TextView:  (26)
D/umd.troyd(32697): android.widget.ImageView@4080dd08: 2131558517 (27)
D/umd.troyd(32697): android.widget.LinearLayout@407fd998: -1 (28)
D/umd.troyd(32697): android.widget.RelativeLayout@405997b0: -1 (29)
D/umd.troyd(32697): android.widget.RelativeLayout@40599b28: -1 (30)
D/umd.troyd(32697): android.widget.TextView: Walmart Store (31)
D/umd.troyd(32697): android.widget.TextView: 750 Middle Country Rd (32)
D/umd.troyd(32697): android.widget.TextView: Middle Island, NY 11953 (33)
D/umd.troyd(32697): android.widget.RelativeLayout@4059ae38: -1 (34)
D/umd.troyd(32697): android.widget.LinearLayout@4059b248: 2131558801 (35)
D/umd.troyd(32697): android.widget.TextView: 22.80 (36)
D/umd.troyd(32697): android.widget.TextView: miles (37)
D/umd.troyd(32697): android.widget.TextView:  (38)
D/umd.troyd(32697): android.widget.ImageView@4059c300: 2131558517 (39)
D/umd.troyd(32697): android.widget.LinearLayout@406fd388: -1 (40)
D/umd.troyd(32697): android.widget.RelativeLayout@40798ca0: -1 (41)
D/umd.troyd(32697): android.widget.RelativeLayout@40799150: -1 (42)
D/umd.troyd(32697): android.widget.TextView: Walmart Store (43)
D/umd.troyd(32697): android.widget.TextView: 3990 Nesconset Hwy (44)
D/umd.troyd(32697): android.widget.TextView: East Setauket, NY 11733 (45)
D/umd.troyd(32697): android.widget.RelativeLayout@40727610: -1 (46)
D/umd.troyd(32697): android.widget.LinearLayout@40745e08: 2131558801 (47)
D/umd.troyd(32697): android.widget.TextView: 23.11 (48)
D/umd.troyd(32697): android.widget.TextView: miles (49)
D/umd.troyd(32697): android.widget.TextView:  (50)
D/umd.troyd(32697): android.widget.ImageView@4063ed28: 2131558517 (51)
D/umd.troyd(32697): android.widget.LinearLayout@405835f8: -1 (52)
D/umd.troyd(32697): android.widget.RelativeLayout@405b8520: -1 (53)
D/umd.troyd(32697): android.widget.RelativeLayout@405c1b90: -1 (54)
D/umd.troyd(32697): android.widget.TextView: Walmart Store (55)
D/umd.troyd(32697): android.widget.TextView: 650 Main Ave (56)
D/umd.troyd(32697): android.widget.TextView: Norwalk, CT 06851 (57)
D/umd.troyd(32697): android.widget.RelativeLayout@40799c28: -1 (58)
D/umd.troyd(32697): android.widget.LinearLayout@4079f870: 2131558801 (59)
D/umd.troyd(32697): android.widget.TextView: 25.25 (60)
D/umd.troyd(32697): android.widget.TextView: miles (61)
D/umd.troyd(32697): android.widget.TextView:  (62)
D/umd.troyd(32697): android.widget.ImageView@405f4d38: 2131558517 (63)
D/umd.troyd(32697): android.widget.LinearLayout@405b8dd0: -1 (64)
D/umd.troyd(32697): android.widget.RelativeLayout@405cf4f8: -1 (65)
D/umd.troyd(32697): android.widget.RelativeLayout@40762b08: -1 (66)
D/umd.troyd(32697): android.widget.TextView: Walmart Store (67)
D/umd.troyd(32697): android.widget.TextView: 161 Centereach Mall (68)
D/umd.troyd(32697): android.widget.TextView: Centereach, NY 11720 (69)
D/umd.troyd(32697): android.widget.RelativeLayout@406baae8: -1 (70)
D/umd.troyd(32697): android.widget.LinearLayout@406fb2c0: 2131558801 (71)
D/umd.troyd(32697): android.widget.TextView: 25.36 (72)
D/umd.troyd(32697): android.widget.TextView: miles (73)
D/umd.troyd(32697): android.widget.TextView:  (74)
D/umd.troyd(32697): android.widget.ImageView@40729318: 2131558517 (75)
D/umd.troyd(32697): android.widget.LinearLayout@4068ba28: -1 (76)
D/umd.troyd(32697): android.widget.RelativeLayout@4068bb78: -1 (77)
D/umd.troyd(32697): android.widget.RelativeLayout@406ee820: -1 (78)
D/umd.troyd(32697): android.widget.TextView: Walmart Store (79)
D/umd.troyd(32697): android.widget.TextView: 3164 Berlin Tpke (80)
D/umd.troyd(32697): android.widget.TextView: Newington, CT 06111 (81)
D/umd.troyd(32697): android.widget.RelativeLayout@405a16e8: -1 (82)
D/umd.troyd(32697): android.widget.LinearLayout@40607820: 2131558801 (83)
D/umd.troyd(32697): android.widget.TextView: 25.40 (84)
D/umd.troyd(32697): android.widget.TextView: miles (85)
D/umd.troyd(32697): android.widget.TextView:  (86)
D/umd.troyd(32697): android.widget.ImageView@4050e820: 2131558517 (87)
D/umd.troyd(32697): android.widget.RelativeLayout@4072f480: 2131558541 (88)
D/umd.troyd(32697): android.widget.GridView@4072fff8: 2131558824 (89)
D/umd.troyd(32697): android.widget.LinearLayout@40731178: 2131558538 (90)
D/umd.troyd(32697): android.widget.RelativeLayout@40731b70: 2131558818 (91)
D/umd.troyd(32697): android.widget.ImageButton@407324c0: 2131558819 (92)
D/umd.troyd(32697): android.widget.RelativeLayout@407329d8: -1 (93)
D/umd.troyd(32697): android.widget.ImageView@40732dc8: 2131558820 (94)
D/umd.troyd(32697): android.widget.TextView: Stores (95)
D/umd.troyd(32697): android.widget.RelativeLayout@406b9d28: -1 (96)
D/umd.troyd(32697): android.widget.Button:  (97)
D/umd.troyd(32697): android.widget.ImageView@4055eb78: 2131558823 (98)
D/umd.troyd(32697): android.widget.LinearLayout@4056b380: 2131558542 (99)
D/umd.troyd(32697): got command getViews
D/umd.troyd(32697): android.widget.FrameLayout@4072bf88: 16908290 (0)
D/umd.troyd(32697): android.widget.RelativeLayout@4072c9c8: 2131558603 (1)
D/umd.troyd(32697): android.widget.LinearLayout@4072ce00: -1 (2)
D/umd.troyd(32697): com.walmart.android.ui.ViewStackLayout@4072d350: 2131558797 (3)
D/umd.troyd(32697): android.widget.RelativeLayout@405d11c0: -1 (4)
D/umd.troyd(32697): android.widget.RelativeLayout@405f7358: 2131558790 (5)
D/umd.troyd(32697): android.widget.LinearLayout@405c08a8: 2131558790 (6)
D/umd.troyd(32697): android.widget.RelativeLayout@405c10e0: -1 (7)
D/umd.troyd(32697): android.widget.Button:  (8)
D/umd.troyd(32697): android.widget.TextView: Search a location (9)
D/umd.troyd(32697): android.widget.Button:  (10)
D/umd.troyd(32697): android.widget.Button:  (11)
D/umd.troyd(32697): android.widget.Button:  (12)
D/umd.troyd(32697): android.widget.RelativeLayout@405ca1d0: 2131558791 (13)
D/umd.troyd(32697): com.walmart.android.storelocator.StoreMapView@40517358: 2131558792 (14)
D/umd.troyd(32697): android.widget.ListView@407a05c0: 2131558521 (15)
D/umd.troyd(32697): android.widget.LinearLayout@4068ba28: -1 (16)
D/umd.troyd(32697): android.widget.RelativeLayout@4068bb78: -1 (17)
D/umd.troyd(32697): android.widget.RelativeLayout@406ee820: -1 (18)
D/umd.troyd(32697): android.widget.TextView: Walmart Store (19)
D/umd.troyd(32697): android.widget.TextView: 3164 Berlin Tpke (20)
D/umd.troyd(32697): android.widget.TextView: Newington, CT 06111 (21)
D/umd.troyd(32697): android.widget.RelativeLayout@405a16e8: -1 (22)
D/umd.troyd(32697): android.widget.LinearLayout@40607820: 2131558801 (23)
D/umd.troyd(32697): android.widget.TextView: 25.40 (24)
D/umd.troyd(32697): android.widget.TextView: miles (25)
D/umd.troyd(32697): android.widget.TextView:  (26)
D/umd.troyd(32697): android.widget.ImageView@4050e820: 2131558517 (27)
D/umd.troyd(32697): android.widget.LinearLayout@405a8a18: -1 (28)
D/umd.troyd(32697): android.widget.RelativeLayout@405aae50: -1 (29)
D/umd.troyd(32697): android.widget.RelativeLayout@405acd08: -1 (30)
D/umd.troyd(32697): android.widget.TextView: Walmart Store (31)
D/umd.troyd(32697): android.widget.TextView: 67 Newtown Rd (32)
D/umd.troyd(32697): android.widget.TextView: Danbury, CT 06810 (33)
D/umd.troyd(32697): android.widget.RelativeLayout@40671f30: -1 (34)
D/umd.troyd(32697): android.widget.LinearLayout@4068dbc0: 2131558801 (35)
D/umd.troyd(32697): android.widget.TextView: 26.00 (36)
D/umd.troyd(32697): android.widget.TextView: miles (37)
D/umd.troyd(32697): android.widget.TextView:  (38)
D/umd.troyd(32697): android.widget.ImageView@40747290: 2131558517 (39)
D/umd.troyd(32697): android.widget.LinearLayout@40726f08: -1 (40)
D/umd.troyd(32697): android.widget.RelativeLayout@40743100: -1 (41)
D/umd.troyd(32697): android.widget.RelativeLayout@40621630: -1 (42)
D/umd.troyd(32697): android.widget.TextView: Walmart Store (43)
D/umd.troyd(32697): android.widget.TextView: 1400 Farmington Ave (44)
D/umd.troyd(32697): android.widget.TextView: Bristol, CT 06010 (45)
D/umd.troyd(32697): android.widget.RelativeLayout@40615828: -1 (46)
D/umd.troyd(32697): android.widget.LinearLayout@406f1858: 2131558801 (47)
D/umd.troyd(32697): android.widget.TextView: 26.50 (48)
D/umd.troyd(32697): android.widget.TextView: miles (49)
D/umd.troyd(32697): android.widget.TextView:  (50)
D/umd.troyd(32697): android.widget.ImageView@40634050: 2131558517 (51)
D/umd.troyd(32697): android.widget.LinearLayout@40626db8: -1 (52)
D/umd.troyd(32697): android.widget.RelativeLayout@40626fa8: -1 (53)
D/umd.troyd(32697): android.widget.RelativeLayout@4066b1f0: -1 (54)
D/umd.troyd(32697): android.widget.TextView: Walmart Store (55)
D/umd.troyd(32697): android.widget.TextView: 80 Town Line Rd (56)
D/umd.troyd(32697): android.widget.TextView: Rocky Hill, CT 06067 (57)
D/umd.troyd(32697): android.widget.RelativeLayout@40801bf0: -1 (58)
D/umd.troyd(32697): android.widget.LinearLayout@40801f40: 2131558801 (59)
D/umd.troyd(32697): android.widget.TextView: 27.37 (60)
D/umd.troyd(32697): android.widget.TextView: miles (61)
D/umd.troyd(32697): android.widget.TextView:  (62)
D/umd.troyd(32697): android.widget.ImageView@40586278: 2131558517 (63)
D/umd.troyd(32697): android.widget.LinearLayout@40763238: -1 (64)
D/umd.troyd(32697): android.widget.RelativeLayout@40765a60: -1 (65)
D/umd.troyd(32697): android.widget.RelativeLayout@40765ce0: -1 (66)
D/umd.troyd(32697): android.widget.TextView: Walmart Store (67)
D/umd.troyd(32697): android.widget.TextView: 680 Connecticut Ave (68)
D/umd.troyd(32697): android.widget.TextView: Norwalk, CT 06854 (69)
D/umd.troyd(32697): android.widget.RelativeLayout@40669a78: -1 (70)
D/umd.troyd(32697): android.widget.LinearLayout@40669e70: 2131558801 (71)
D/umd.troyd(32697): android.widget.TextView: 27.67 (72)
D/umd.troyd(32697): android.widget.TextView: miles (73)
D/umd.troyd(32697): android.widget.TextView:  (74)
D/umd.troyd(32697): android.widget.ImageView@405aebe8: 2131558517 (75)
D/umd.troyd(32697): android.widget.LinearLayout@4063f748: -1 (76)
D/umd.troyd(32697): android.widget.RelativeLayout@405d2708: -1 (77)
D/umd.troyd(32697): android.widget.RelativeLayout@405d2a98: -1 (78)
D/umd.troyd(32697): android.widget.TextView: Walmart Store (79)
D/umd.troyd(32697): android.widget.TextView: 495 Flatbush Ave (80)
D/umd.troyd(32697): android.widget.TextView: Hartford, CT 06106 (81)
D/umd.troyd(32697): android.widget.RelativeLayout@406fa920: -1 (82)
D/umd.troyd(32697): android.widget.LinearLayout@406facb8: 2131558801 (83)
D/umd.troyd(32697): android.widget.TextView: 29.91 (84)
D/umd.troyd(32697): android.widget.TextView: miles (85)
D/umd.troyd(32697): android.widget.TextView:  (86)
D/umd.troyd(32697): android.widget.ImageView@40781118: 2131558517 (87)
D/umd.troyd(32697): android.widget.RelativeLayout@4072f480: 2131558541 (88)
D/umd.troyd(32697): android.widget.GridView@4072fff8: 2131558824 (89)
D/umd.troyd(32697): android.widget.LinearLayout@40731178: 2131558538 (90)
D/umd.troyd(32697): android.widget.RelativeLayout@40731b70: 2131558818 (91)
D/umd.troyd(32697): android.widget.ImageButton@407324c0: 2131558819 (92)
D/umd.troyd(32697): android.widget.RelativeLayout@407329d8: -1 (93)
D/umd.troyd(32697): android.widget.ImageView@40732dc8: 2131558820 (94)
D/umd.troyd(32697): android.widget.TextView: Stores (95)
D/umd.troyd(32697): android.widget.RelativeLayout@406b9d28: -1 (96)
D/umd.troyd(32697): android.widget.Button:  (97)
D/umd.troyd(32697): android.widget.ImageView@4055eb78: 2131558823 (98)
D/umd.troyd(32697): android.widget.LinearLayout@4056b380: 2131558542 (99)
