emulator-5574
D/umd.troyd(28676): got command getViews
D/umd.troyd(28676): android.widget.FrameLayout@406babb8: 16908290 (0)
D/umd.troyd(28676): android.widget.RelativeLayout@406bb5f8: 2131558603 (1)
D/umd.troyd(28676): android.widget.LinearLayout@406bba30: -1 (2)
D/umd.troyd(28676): com.walmart.android.ui.ViewStackLayout@406bbf80: 2131558797 (3)
D/umd.troyd(28676): android.widget.RelativeLayout@406ccc40: -1 (4)
D/umd.troyd(28676): android.widget.RelativeLayout@406cd1a8: 2131558790 (5)
D/umd.troyd(28676): android.widget.LinearLayout@406cdd28: 2131558790 (6)
D/umd.troyd(28676): android.widget.RelativeLayout@406ce508: -1 (7)
D/umd.troyd(28676): android.widget.Button:  (8)
D/umd.troyd(28676): android.widget.TextView: Search a location (9)
D/umd.troyd(28676): android.widget.Button:  (10)
D/umd.troyd(28676): android.widget.Button:  (11)
D/umd.troyd(28676): android.widget.Button:  (12)
D/umd.troyd(28676): android.widget.RelativeLayout@406d2dc0: 2131558791 (13)
D/umd.troyd(28676): com.walmart.android.storelocator.StoreMapView@406d4058: 2131558792 (14)
D/umd.troyd(28676): android.widget.ListView@406055e8: 2131558521 (15)
D/umd.troyd(28676): android.widget.LinearLayout@407257f8: -1 (16)
D/umd.troyd(28676): android.widget.RelativeLayout@40725948: -1 (17)
D/umd.troyd(28676): android.widget.RelativeLayout@4075f7f0: -1 (18)
D/umd.troyd(28676): android.widget.TextView: Walmart Supercenter (19)
D/umd.troyd(28676): android.widget.TextView: 150 N Interstate 35 E (20)
D/umd.troyd(28676): android.widget.TextView: Lancaster, TX 75146 (21)
D/umd.troyd(28676): android.widget.RelativeLayout@406a7a98: -1 (22)
D/umd.troyd(28676): android.widget.LinearLayout@406a7c48: 2131558801 (23)
D/umd.troyd(28676): android.widget.TextView: 3.71 (24)
D/umd.troyd(28676): android.widget.TextView: miles (25)
D/umd.troyd(28676): android.widget.TextView:  (26)
D/umd.troyd(28676): android.widget.ImageView@406e0890: 2131558517 (27)
D/umd.troyd(28676): android.widget.LinearLayout@40732210: -1 (28)
D/umd.troyd(28676): android.widget.RelativeLayout@40732360: -1 (29)
D/umd.troyd(28676): android.widget.RelativeLayout@40768090: -1 (30)
D/umd.troyd(28676): android.widget.TextView: Walmart Supercenter (31)
D/umd.troyd(28676): android.widget.TextView: 3155 W Wheatland Rd (32)
D/umd.troyd(28676): android.widget.TextView: Dallas, TX 75237 (33)
D/umd.troyd(28676): android.widget.RelativeLayout@40735668: -1 (34)
D/umd.troyd(28676): android.widget.LinearLayout@40794900: 2131558801 (35)
D/umd.troyd(28676): android.widget.TextView: 5.91 (36)
D/umd.troyd(28676): android.widget.TextView: miles (37)
D/umd.troyd(28676): android.widget.TextView:  (38)
D/umd.troyd(28676): android.widget.ImageView@406a4760: 2131558517 (39)
D/umd.troyd(28676): android.widget.LinearLayout@40602a70: -1 (40)
D/umd.troyd(28676): android.widget.RelativeLayout@40602c08: -1 (41)
D/umd.troyd(28676): android.widget.RelativeLayout@407adcd8: -1 (42)
D/umd.troyd(28676): android.widget.TextView: Walmart Supercenter (43)
D/umd.troyd(28676): android.widget.TextView: 100 Ryan Drive (44)
D/umd.troyd(28676): android.widget.TextView: Red Oak, TX 75154 (45)
D/umd.troyd(28676): android.widget.RelativeLayout@405d8d28: -1 (46)
D/umd.troyd(28676): android.widget.LinearLayout@405d8fe8: 2131558801 (47)
D/umd.troyd(28676): android.widget.TextView: 6.08 (48)
D/umd.troyd(28676): android.widget.TextView: miles (49)
D/umd.troyd(28676): android.widget.TextView:  (50)
D/umd.troyd(28676): android.widget.ImageView@407abea0: 2131558517 (51)
D/umd.troyd(28676): android.widget.LinearLayout@407377d0: -1 (52)
D/umd.troyd(28676): android.widget.RelativeLayout@407379c0: -1 (53)
D/umd.troyd(28676): android.widget.RelativeLayout@40737f98: -1 (54)
D/umd.troyd(28676): android.widget.TextView: Walmart Supercenter (55)
D/umd.troyd(28676): android.widget.TextView: 951 W Belt Line Rd (56)
D/umd.troyd(28676): android.widget.TextView: Desoto, TX 75115 (57)
D/umd.troyd(28676): android.widget.RelativeLayout@406a3f90: -1 (58)
D/umd.troyd(28676): android.widget.LinearLayout@405ec150: 2131558801 (59)
D/umd.troyd(28676): android.widget.TextView: 6.14 (60)
D/umd.troyd(28676): android.widget.TextView: miles (61)
D/umd.troyd(28676): android.widget.TextView:  (62)
D/umd.troyd(28676): android.widget.ImageView@405fb448: 2131558517 (63)
D/umd.troyd(28676): android.widget.LinearLayout@406dcce8: -1 (64)
D/umd.troyd(28676): android.widget.RelativeLayout@406dced8: -1 (65)
D/umd.troyd(28676): android.widget.RelativeLayout@40729260: -1 (66)
D/umd.troyd(28676): android.widget.TextView: Walmart Supercenter (67)
D/umd.troyd(28676): android.widget.TextView: 621 Uptown Blvd (68)
D/umd.troyd(28676): android.widget.TextView: Cedar Hill, TX 75104 (69)
D/umd.troyd(28676): android.widget.RelativeLayout@40723a60: -1 (70)
D/umd.troyd(28676): android.widget.LinearLayout@40723dc0: 2131558801 (71)
D/umd.troyd(28676): android.widget.TextView: 9.46 (72)
D/umd.troyd(28676): android.widget.TextView: miles (73)
D/umd.troyd(28676): android.widget.TextView:  (74)
D/umd.troyd(28676): android.widget.ImageView@407a8030: 2131558517 (75)
D/umd.troyd(28676): android.widget.LinearLayout@40672060: -1 (76)
D/umd.troyd(28676): android.widget.RelativeLayout@40672250: -1 (77)
D/umd.troyd(28676): android.widget.RelativeLayout@4060e1d0: -1 (78)
D/umd.troyd(28676): android.widget.TextView: Walmart Supercenter (79)
D/umd.troyd(28676): android.widget.TextView: 12300 Lake June Rd (80)
D/umd.troyd(28676): android.widget.TextView: Balch Springs, TX 75180 (81)
D/umd.troyd(28676): android.widget.RelativeLayout@4067ad38: -1 (82)
D/umd.troyd(28676): android.widget.LinearLayout@4067b0b8: 2131558801 (83)
D/umd.troyd(28676): android.widget.TextView: 9.82 (84)
D/umd.troyd(28676): android.widget.TextView: miles (85)
D/umd.troyd(28676): android.widget.TextView:  (86)
D/umd.troyd(28676): android.widget.ImageView@405cac68: 2131558517 (87)
D/umd.troyd(28676): android.widget.RelativeLayout@406be0b0: 2131558541 (88)
D/umd.troyd(28676): android.widget.GridView@406bec28: 2131558824 (89)
D/umd.troyd(28676): android.widget.LinearLayout@406bfda8: 2131558538 (90)
D/umd.troyd(28676): android.widget.RelativeLayout@406c07a0: 2131558818 (91)
D/umd.troyd(28676): android.widget.ImageButton@406c10f0: 2131558819 (92)
D/umd.troyd(28676): android.widget.RelativeLayout@406c1608: -1 (93)
D/umd.troyd(28676): android.widget.ImageView@406c19f8: 2131558820 (94)
D/umd.troyd(28676): android.widget.TextView: Stores (95)
D/umd.troyd(28676): android.widget.RelativeLayout@406c2900: -1 (96)
D/umd.troyd(28676): android.widget.Button:  (97)
D/umd.troyd(28676): android.widget.ImageView@406c3470: 2131558823 (98)
D/umd.troyd(28676): android.widget.LinearLayout@406c3700: 2131558542 (99)
D/umd.troyd(28676): got command getViews
D/umd.troyd(28676): android.widget.FrameLayout@406babb8: 16908290 (0)
D/umd.troyd(28676): android.widget.RelativeLayout@406bb5f8: 2131558603 (1)
D/umd.troyd(28676): android.widget.LinearLayout@406bba30: -1 (2)
D/umd.troyd(28676): com.walmart.android.ui.ViewStackLayout@406bbf80: 2131558797 (3)
D/umd.troyd(28676): android.widget.RelativeLayout@406ccc40: -1 (4)
D/umd.troyd(28676): android.widget.RelativeLayout@406cd1a8: 2131558790 (5)
D/umd.troyd(28676): android.widget.LinearLayout@406cdd28: 2131558790 (6)
D/umd.troyd(28676): android.widget.RelativeLayout@406ce508: -1 (7)
D/umd.troyd(28676): android.widget.Button:  (8)
D/umd.troyd(28676): android.widget.TextView: Search a location (9)
D/umd.troyd(28676): android.widget.Button:  (10)
D/umd.troyd(28676): android.widget.Button:  (11)
D/umd.troyd(28676): android.widget.Button:  (12)
D/umd.troyd(28676): android.widget.RelativeLayout@406d2dc0: 2131558791 (13)
D/umd.troyd(28676): com.walmart.android.storelocator.StoreMapView@406d4058: 2131558792 (14)
D/umd.troyd(28676): android.widget.ListView@406055e8: 2131558521 (15)
D/umd.troyd(28676): android.widget.LinearLayout@40672060: -1 (16)
D/umd.troyd(28676): android.widget.RelativeLayout@40672250: -1 (17)
D/umd.troyd(28676): android.widget.RelativeLayout@4060e1d0: -1 (18)
D/umd.troyd(28676): android.widget.TextView: Walmart Supercenter (19)
D/umd.troyd(28676): android.widget.TextView: 12300 Lake June Rd (20)
D/umd.troyd(28676): android.widget.TextView: Balch Springs, TX 75180 (21)
D/umd.troyd(28676): android.widget.RelativeLayout@4067ad38: -1 (22)
D/umd.troyd(28676): android.widget.LinearLayout@4067b0b8: 2131558801 (23)
D/umd.troyd(28676): android.widget.TextView: 9.82 (24)
D/umd.troyd(28676): android.widget.TextView: miles (25)
D/umd.troyd(28676): android.widget.TextView:  (26)
D/umd.troyd(28676): android.widget.ImageView@405cac68: 2131558517 (27)
D/umd.troyd(28676): android.widget.LinearLayout@405c02a8: -1 (28)
D/umd.troyd(28676): android.widget.RelativeLayout@406dbeb8: -1 (29)
D/umd.troyd(28676): android.widget.RelativeLayout@406dc340: -1 (30)
D/umd.troyd(28676): android.widget.TextView: Neighborhood Market (31)
D/umd.troyd(28676): android.widget.TextView: 2305 N Central Expy (32)
D/umd.troyd(28676): android.widget.TextView: Dallas, TX 75204 (33)
D/umd.troyd(28676): android.widget.RelativeLayout@40729a98: -1 (34)
D/umd.troyd(28676): android.widget.LinearLayout@405d2288: 2131558801 (35)
D/umd.troyd(28676): android.widget.TextView: 10.63 (36)
D/umd.troyd(28676): android.widget.TextView: miles (37)
D/umd.troyd(28676): android.widget.TextView:  (38)
D/umd.troyd(28676): android.widget.ImageView@405fe888: 2131558517 (39)
D/umd.troyd(28676): android.widget.LinearLayout@406a7f00: -1 (40)
D/umd.troyd(28676): android.widget.RelativeLayout@407619a0: -1 (41)
D/umd.troyd(28676): android.widget.RelativeLayout@40776ae8: -1 (42)
D/umd.troyd(28676): android.widget.TextView: Walmart Supercenter (43)
D/umd.troyd(28676): android.widget.TextView: 7401 Samuell Blvd (44)
D/umd.troyd(28676): android.widget.TextView: Dallas, TX 75228 (45)
D/umd.troyd(28676): android.widget.RelativeLayout@407265d0: -1 (46)
D/umd.troyd(28676): android.widget.LinearLayout@406ae748: 2131558801 (47)
D/umd.troyd(28676): android.widget.TextView: 10.77 (48)
D/umd.troyd(28676): android.widget.TextView: miles (49)
D/umd.troyd(28676): android.widget.TextView:  (50)
D/umd.troyd(28676): android.widget.ImageView@406c0d00: 2131558517 (51)
D/umd.troyd(28676): android.widget.LinearLayout@406e0ac0: -1 (52)
D/umd.troyd(28676): android.widget.RelativeLayout@4060c9a8: -1 (53)
D/umd.troyd(28676): android.widget.RelativeLayout@4071d098: -1 (54)
D/umd.troyd(28676): android.widget.TextView: Walmart Supercenter (55)
D/umd.troyd(28676): android.widget.TextView: 1521 N Cockrell Hill Rd (56)
D/umd.troyd(28676): android.widget.TextView: Dallas, TX 75211 (57)
D/umd.troyd(28676): android.widget.RelativeLayout@40753338: -1 (58)
D/umd.troyd(28676): android.widget.LinearLayout@40715270: 2131558801 (59)
D/umd.troyd(28676): android.widget.TextView: 10.83 (60)
D/umd.troyd(28676): android.widget.TextView: miles (61)
D/umd.troyd(28676): android.widget.TextView:  (62)
D/umd.troyd(28676): android.widget.ImageView@40780fb8: 2131558517 (63)
D/umd.troyd(28676): android.widget.LinearLayout@406d1828: -1 (64)
D/umd.troyd(28676): android.widget.RelativeLayout@40737320: -1 (65)
D/umd.troyd(28676): android.widget.RelativeLayout@40770230: -1 (66)
D/umd.troyd(28676): android.widget.TextView: Walmart Supercenter (67)
D/umd.troyd(28676): android.widget.TextView: 220 N Highway 175 (68)
D/umd.troyd(28676): android.widget.TextView: Seagoville, TX 75159 (69)
D/umd.troyd(28676): android.widget.RelativeLayout@405fe580: -1 (70)
D/umd.troyd(28676): android.widget.LinearLayout@405ffc08: 2131558801 (71)
D/umd.troyd(28676): android.widget.TextView: 11.48 (72)
D/umd.troyd(28676): android.widget.TextView: miles (73)
D/umd.troyd(28676): android.widget.TextView:  (74)
D/umd.troyd(28676): android.widget.ImageView@407d18f0: 2131558517 (75)
D/umd.troyd(28676): android.widget.LinearLayout@4077e510: -1 (76)
D/umd.troyd(28676): android.widget.RelativeLayout@40601b08: -1 (77)
D/umd.troyd(28676): android.widget.RelativeLayout@406c1fd0: -1 (78)
D/umd.troyd(28676): android.widget.TextView: Neighborhood Market (79)
D/umd.troyd(28676): android.widget.TextView: 2218 Greenville Ave (80)
D/umd.troyd(28676): android.widget.TextView: Dallas, TX 75206 (81)
D/umd.troyd(28676): android.widget.RelativeLayout@406cde78: -1 (82)
D/umd.troyd(28676): android.widget.LinearLayout@406034d8: 2131558801 (83)
D/umd.troyd(28676): android.widget.TextView: 11.56 (84)
D/umd.troyd(28676): android.widget.TextView: miles (85)
D/umd.troyd(28676): android.widget.TextView:  (86)
D/umd.troyd(28676): android.widget.ImageView@406a4968: 2131558517 (87)
D/umd.troyd(28676): android.widget.RelativeLayout@406be0b0: 2131558541 (88)
D/umd.troyd(28676): android.widget.GridView@406bec28: 2131558824 (89)
D/umd.troyd(28676): android.widget.LinearLayout@406bfda8: 2131558538 (90)
D/umd.troyd(28676): android.widget.RelativeLayout@406c07a0: 2131558818 (91)
D/umd.troyd(28676): android.widget.ImageButton@406c10f0: 2131558819 (92)
D/umd.troyd(28676): android.widget.RelativeLayout@406c1608: -1 (93)
D/umd.troyd(28676): android.widget.ImageView@406c19f8: 2131558820 (94)
D/umd.troyd(28676): android.widget.TextView: Stores (95)
D/umd.troyd(28676): android.widget.RelativeLayout@406c2900: -1 (96)
D/umd.troyd(28676): android.widget.Button:  (97)
D/umd.troyd(28676): android.widget.ImageView@406c3470: 2131558823 (98)
D/umd.troyd(28676): android.widget.LinearLayout@406c3700: 2131558542 (99)
D/umd.troyd(28676): got command getViews
D/umd.troyd(28676): android.widget.FrameLayout@406babb8: 16908290 (0)
D/umd.troyd(28676): android.widget.RelativeLayout@406bb5f8: 2131558603 (1)
D/umd.troyd(28676): android.widget.LinearLayout@406bba30: -1 (2)
D/umd.troyd(28676): com.walmart.android.ui.ViewStackLayout@406bbf80: 2131558797 (3)
D/umd.troyd(28676): android.widget.RelativeLayout@406ccc40: -1 (4)
D/umd.troyd(28676): android.widget.RelativeLayout@406cd1a8: 2131558790 (5)
D/umd.troyd(28676): android.widget.LinearLayout@406cdd28: 2131558790 (6)
D/umd.troyd(28676): android.widget.RelativeLayout@406ce508: -1 (7)
D/umd.troyd(28676): android.widget.Button:  (8)
D/umd.troyd(28676): android.widget.TextView: Search a location (9)
D/umd.troyd(28676): android.widget.Button:  (10)
D/umd.troyd(28676): android.widget.Button:  (11)
D/umd.troyd(28676): android.widget.Button:  (12)
D/umd.troyd(28676): android.widget.RelativeLayout@406d2dc0: 2131558791 (13)
D/umd.troyd(28676): com.walmart.android.storelocator.StoreMapView@406d4058: 2131558792 (14)
D/umd.troyd(28676): android.widget.ListView@406055e8: 2131558521 (15)
D/umd.troyd(28676): android.widget.LinearLayout@4077e510: -1 (16)
D/umd.troyd(28676): android.widget.RelativeLayout@40601b08: -1 (17)
D/umd.troyd(28676): android.widget.RelativeLayout@406c1fd0: -1 (18)
D/umd.troyd(28676): android.widget.TextView: Neighborhood Market (19)
D/umd.troyd(28676): android.widget.TextView: 2218 Greenville Ave (20)
D/umd.troyd(28676): android.widget.TextView: Dallas, TX 75206 (21)
D/umd.troyd(28676): android.widget.RelativeLayout@406cde78: -1 (22)
D/umd.troyd(28676): android.widget.LinearLayout@406034d8: 2131558801 (23)
D/umd.troyd(28676): android.widget.TextView: 11.56 (24)
D/umd.troyd(28676): android.widget.TextView: miles (25)
D/umd.troyd(28676): android.widget.TextView:  (26)
D/umd.troyd(28676): android.widget.ImageView@406a4968: 2131558517 (27)
D/umd.troyd(28676): android.widget.LinearLayout@407257f8: -1 (28)
D/umd.troyd(28676): android.widget.RelativeLayout@40725948: -1 (29)
D/umd.troyd(28676): android.widget.RelativeLayout@4075f7f0: -1 (30)
D/umd.troyd(28676): android.widget.TextView: Walmart Supercenter (31)
D/umd.troyd(28676): android.widget.TextView: 200 Us Highway 80 E (32)
D/umd.troyd(28676): android.widget.TextView: Mesquite, TX 75149 (33)
D/umd.troyd(28676): android.widget.RelativeLayout@406a7a98: -1 (34)
D/umd.troyd(28676): android.widget.LinearLayout@406a7c48: 2131558801 (35)
D/umd.troyd(28676): android.widget.TextView: 12.90 (36)
D/umd.troyd(28676): android.widget.TextView: miles (37)
D/umd.troyd(28676): android.widget.TextView:  (38)
D/umd.troyd(28676): android.widget.ImageView@406e0890: 2131558517 (39)
D/umd.troyd(28676): android.widget.LinearLayout@40732210: -1 (40)
D/umd.troyd(28676): android.widget.RelativeLayout@40732360: -1 (41)
D/umd.troyd(28676): android.widget.RelativeLayout@40768090: -1 (42)
D/umd.troyd(28676): android.widget.TextView: Walmart Supercenter (43)
D/umd.troyd(28676): android.widget.TextView: 1200 N Highway 77 (44)
D/umd.troyd(28676): android.widget.TextView: Waxahachie, TX 75165 (45)
D/umd.troyd(28676): android.widget.RelativeLayout@40735668: -1 (46)
D/umd.troyd(28676): android.widget.LinearLayout@40794900: 2131558801 (47)
D/umd.troyd(28676): android.widget.TextView: 13.18 (48)
D/umd.troyd(28676): android.widget.TextView: miles (49)
D/umd.troyd(28676): android.widget.TextView:  (50)
D/umd.troyd(28676): android.widget.ImageView@406a4760: 2131558517 (51)
D/umd.troyd(28676): android.widget.LinearLayout@40602a70: -1 (52)
D/umd.troyd(28676): android.widget.RelativeLayout@40602c08: -1 (53)
D/umd.troyd(28676): android.widget.RelativeLayout@407adcd8: -1 (54)
D/umd.troyd(28676): android.widget.TextView: Neighborhood Market (55)
D/umd.troyd(28676): android.widget.TextView: 2275 Gus Thomasson Rd (56)
D/umd.troyd(28676): android.widget.TextView: Dallas, TX 75228 (57)
D/umd.troyd(28676): android.widget.RelativeLayout@405d8d28: -1 (58)
D/umd.troyd(28676): android.widget.LinearLayout@405d8fe8: 2131558801 (59)
D/umd.troyd(28676): android.widget.TextView: 13.37 (60)
D/umd.troyd(28676): android.widget.TextView: miles (61)
D/umd.troyd(28676): android.widget.TextView:  (62)
D/umd.troyd(28676): android.widget.ImageView@407abea0: 2131558517 (63)
D/umd.troyd(28676): android.widget.LinearLayout@407377d0: -1 (64)
D/umd.troyd(28676): android.widget.RelativeLayout@407379c0: -1 (65)
D/umd.troyd(28676): android.widget.RelativeLayout@40737f98: -1 (66)
D/umd.troyd(28676): android.widget.TextView: Neighborhood Market (67)
D/umd.troyd(28676): android.widget.TextView: 915 N Town East Blvd (68)
D/umd.troyd(28676): android.widget.TextView: Mesquite, TX 75150 (69)
D/umd.troyd(28676): android.widget.RelativeLayout@406a3f90: -1 (70)
D/umd.troyd(28676): android.widget.LinearLayout@405ec150: 2131558801 (71)
D/umd.troyd(28676): android.widget.TextView: 13.50 (72)
D/umd.troyd(28676): android.widget.TextView: miles (73)
D/umd.troyd(28676): android.widget.TextView:  (74)
D/umd.troyd(28676): android.widget.ImageView@405fb448: 2131558517 (75)
D/umd.troyd(28676): android.widget.LinearLayout@406dcce8: -1 (76)
D/umd.troyd(28676): android.widget.RelativeLayout@406dced8: -1 (77)
D/umd.troyd(28676): android.widget.RelativeLayout@40729260: -1 (78)
D/umd.troyd(28676): android.widget.TextView: Walmart Supercenter (79)
D/umd.troyd(28676): android.widget.TextView: 2225 W Interstate 20 (80)
D/umd.troyd(28676): android.widget.TextView: Grand Prairie, TX 75052 (81)
D/umd.troyd(28676): android.widget.RelativeLayout@40723a60: -1 (82)
D/umd.troyd(28676): android.widget.LinearLayout@40723dc0: 2131558801 (83)
D/umd.troyd(28676): android.widget.TextView: 14.20 (84)
D/umd.troyd(28676): android.widget.TextView: miles (85)
D/umd.troyd(28676): android.widget.TextView:  (86)
D/umd.troyd(28676): android.widget.ImageView@407a8030: 2131558517 (87)
D/umd.troyd(28676): android.widget.RelativeLayout@406be0b0: 2131558541 (88)
D/umd.troyd(28676): android.widget.GridView@406bec28: 2131558824 (89)
D/umd.troyd(28676): android.widget.LinearLayout@406bfda8: 2131558538 (90)
D/umd.troyd(28676): android.widget.RelativeLayout@406c07a0: 2131558818 (91)
D/umd.troyd(28676): android.widget.ImageButton@406c10f0: 2131558819 (92)
D/umd.troyd(28676): android.widget.RelativeLayout@406c1608: -1 (93)
D/umd.troyd(28676): android.widget.ImageView@406c19f8: 2131558820 (94)
D/umd.troyd(28676): android.widget.TextView: Stores (95)
D/umd.troyd(28676): android.widget.RelativeLayout@406c2900: -1 (96)
D/umd.troyd(28676): android.widget.Button:  (97)
D/umd.troyd(28676): android.widget.ImageView@406c3470: 2131558823 (98)
D/umd.troyd(28676): android.widget.LinearLayout@406c3700: 2131558542 (99)
D/umd.troyd(28676): got command getViews
D/umd.troyd(28676): android.widget.FrameLayout@406babb8: 16908290 (0)
D/umd.troyd(28676): android.widget.RelativeLayout@406bb5f8: 2131558603 (1)
D/umd.troyd(28676): android.widget.LinearLayout@406bba30: -1 (2)
D/umd.troyd(28676): com.walmart.android.ui.ViewStackLayout@406bbf80: 2131558797 (3)
D/umd.troyd(28676): android.widget.RelativeLayout@406ccc40: -1 (4)
D/umd.troyd(28676): android.widget.RelativeLayout@406cd1a8: 2131558790 (5)
D/umd.troyd(28676): android.widget.LinearLayout@406cdd28: 2131558790 (6)
D/umd.troyd(28676): android.widget.RelativeLayout@406ce508: -1 (7)
D/umd.troyd(28676): android.widget.Button:  (8)
D/umd.troyd(28676): android.widget.TextView: Search a location (9)
D/umd.troyd(28676): android.widget.Button:  (10)
D/umd.troyd(28676): android.widget.Button:  (11)
D/umd.troyd(28676): android.widget.Button:  (12)
D/umd.troyd(28676): android.widget.RelativeLayout@406d2dc0: 2131558791 (13)
D/umd.troyd(28676): com.walmart.android.storelocator.StoreMapView@406d4058: 2131558792 (14)
D/umd.troyd(28676): android.widget.ListView@406055e8: 2131558521 (15)
D/umd.troyd(28676): android.widget.LinearLayout@406dcce8: -1 (16)
D/umd.troyd(28676): android.widget.RelativeLayout@406dced8: -1 (17)
D/umd.troyd(28676): android.widget.RelativeLayout@40729260: -1 (18)
D/umd.troyd(28676): android.widget.TextView: Walmart Supercenter (19)
D/umd.troyd(28676): android.widget.TextView: 2225 W Interstate 20 (20)
D/umd.troyd(28676): android.widget.TextView: Grand Prairie, TX 75052 (21)
D/umd.troyd(28676): android.widget.RelativeLayout@40723a60: -1 (22)
D/umd.troyd(28676): android.widget.LinearLayout@40723dc0: 2131558801 (23)
D/umd.troyd(28676): android.widget.TextView: 14.20 (24)
D/umd.troyd(28676): android.widget.TextView: miles (25)
D/umd.troyd(28676): android.widget.TextView:  (26)
D/umd.troyd(28676): android.widget.ImageView@407a8030: 2131558517 (27)
D/umd.troyd(28676): android.widget.LinearLayout@40672060: -1 (28)
D/umd.troyd(28676): android.widget.RelativeLayout@40672250: -1 (29)
D/umd.troyd(28676): android.widget.RelativeLayout@4060e1d0: -1 (30)
D/umd.troyd(28676): android.widget.TextView: Walmart Supercenter (31)
D/umd.troyd(28676): android.widget.TextView: 6185 Retail Rd (32)
D/umd.troyd(28676): android.widget.TextView: Dallas, TX 75231 (33)
D/umd.troyd(28676): android.widget.RelativeLayout@4067ad38: -1 (34)
D/umd.troyd(28676): android.widget.LinearLayout@4067b0b8: 2131558801 (35)
D/umd.troyd(28676): android.widget.TextView: 14.23 (36)
D/umd.troyd(28676): android.widget.TextView: miles (37)
D/umd.troyd(28676): android.widget.TextView:  (38)
D/umd.troyd(28676): android.widget.ImageView@405cac68: 2131558517 (39)
D/umd.troyd(28676): android.widget.LinearLayout@405c02a8: -1 (40)
D/umd.troyd(28676): android.widget.RelativeLayout@406dbeb8: -1 (41)
D/umd.troyd(28676): android.widget.RelativeLayout@406dc340: -1 (42)
D/umd.troyd(28676): android.widget.TextView: Walmart Supercenter (43)
D/umd.troyd(28676): android.widget.TextView: 400 N Highway 67 (44)
D/umd.troyd(28676): android.widget.TextView: Midlothian, TX 76065 (45)
D/umd.troyd(28676): android.widget.RelativeLayout@40729a98: -1 (46)
D/umd.troyd(28676): android.widget.LinearLayout@405d2288: 2131558801 (47)
D/umd.troyd(28676): android.widget.TextView: 14.96 (48)
D/umd.troyd(28676): android.widget.TextView: miles (49)
D/umd.troyd(28676): android.widget.TextView:  (50)
D/umd.troyd(28676): android.widget.ImageView@405fe888: 2131558517 (51)
D/umd.troyd(28676): android.widget.LinearLayout@406a7f00: -1 (52)
D/umd.troyd(28676): android.widget.RelativeLayout@407619a0: -1 (53)
D/umd.troyd(28676): android.widget.RelativeLayout@40776ae8: -1 (54)
D/umd.troyd(28676): android.widget.TextView: Walmart Store (55)
D/umd.troyd(28676): android.widget.TextView: 9410 Webb Chapel Rd (56)
D/umd.troyd(28676): android.widget.TextView: Dallas, TX 75220 (57)
D/umd.troyd(28676): android.widget.RelativeLayout@407265d0: -1 (58)
D/umd.troyd(28676): android.widget.LinearLayout@406ae748: 2131558801 (59)
D/umd.troyd(28676): android.widget.TextView: 15.04 (60)
D/umd.troyd(28676): android.widget.TextView: miles (61)
D/umd.troyd(28676): android.widget.TextView:  (62)
D/umd.troyd(28676): android.widget.ImageView@406c0d00: 2131558517 (63)
D/umd.troyd(28676): android.widget.LinearLayout@406e0ac0: -1 (64)
D/umd.troyd(28676): android.widget.RelativeLayout@4060c9a8: -1 (65)
D/umd.troyd(28676): android.widget.RelativeLayout@4071d098: -1 (66)
D/umd.troyd(28676): android.widget.TextView: Walmart Supercenter (67)
D/umd.troyd(28676): android.widget.TextView: 1801 Marketplace Dr (68)
D/umd.troyd(28676): android.widget.TextView: Garland, TX 75041 (69)
D/umd.troyd(28676): android.widget.RelativeLayout@40753338: -1 (70)
D/umd.troyd(28676): android.widget.LinearLayout@40715270: 2131558801 (71)
D/umd.troyd(28676): android.widget.TextView: 15.32 (72)
D/umd.troyd(28676): android.widget.TextView: miles (73)
D/umd.troyd(28676): android.widget.TextView:  (74)
D/umd.troyd(28676): android.widget.ImageView@40780fb8: 2131558517 (75)
D/umd.troyd(28676): android.widget.LinearLayout@406d1828: -1 (76)
D/umd.troyd(28676): android.widget.RelativeLayout@40737320: -1 (77)
D/umd.troyd(28676): android.widget.RelativeLayout@40770230: -1 (78)
D/umd.troyd(28676): android.widget.TextView: Walmart Supercenter (79)
D/umd.troyd(28676): android.widget.TextView: 555 W Interstate 30 (80)
D/umd.troyd(28676): android.widget.TextView: Garland, TX 75043 (81)
D/umd.troyd(28676): android.widget.RelativeLayout@405fe580: -1 (82)
D/umd.troyd(28676): android.widget.LinearLayout@405ffc08: 2131558801 (83)
D/umd.troyd(28676): android.widget.TextView: 15.36 (84)
D/umd.troyd(28676): android.widget.TextView: miles (85)
D/umd.troyd(28676): android.widget.TextView:  (86)
D/umd.troyd(28676): android.widget.ImageView@407d18f0: 2131558517 (87)
D/umd.troyd(28676): android.widget.RelativeLayout@406be0b0: 2131558541 (88)
D/umd.troyd(28676): android.widget.GridView@406bec28: 2131558824 (89)
D/umd.troyd(28676): android.widget.LinearLayout@406bfda8: 2131558538 (90)
D/umd.troyd(28676): android.widget.RelativeLayout@406c07a0: 2131558818 (91)
D/umd.troyd(28676): android.widget.ImageButton@406c10f0: 2131558819 (92)
D/umd.troyd(28676): android.widget.RelativeLayout@406c1608: -1 (93)
D/umd.troyd(28676): android.widget.ImageView@406c19f8: 2131558820 (94)
D/umd.troyd(28676): android.widget.TextView: Stores (95)
D/umd.troyd(28676): android.widget.RelativeLayout@406c2900: -1 (96)
D/umd.troyd(28676): android.widget.Button:  (97)
D/umd.troyd(28676): android.widget.ImageView@406c3470: 2131558823 (98)
D/umd.troyd(28676): android.widget.LinearLayout@406c3700: 2131558542 (99)
D/umd.troyd(28676): got command getViews
D/umd.troyd(28676): android.widget.FrameLayout@406babb8: 16908290 (0)
D/umd.troyd(28676): android.widget.RelativeLayout@406bb5f8: 2131558603 (1)
D/umd.troyd(28676): android.widget.LinearLayout@406bba30: -1 (2)
D/umd.troyd(28676): com.walmart.android.ui.ViewStackLayout@406bbf80: 2131558797 (3)
D/umd.troyd(28676): android.widget.RelativeLayout@406ccc40: -1 (4)
D/umd.troyd(28676): android.widget.RelativeLayout@406cd1a8: 2131558790 (5)
D/umd.troyd(28676): android.widget.LinearLayout@406cdd28: 2131558790 (6)
D/umd.troyd(28676): android.widget.RelativeLayout@406ce508: -1 (7)
D/umd.troyd(28676): android.widget.Button:  (8)
D/umd.troyd(28676): android.widget.TextView: Search a location (9)
D/umd.troyd(28676): android.widget.Button:  (10)
D/umd.troyd(28676): android.widget.Button:  (11)
D/umd.troyd(28676): android.widget.Button:  (12)
D/umd.troyd(28676): android.widget.RelativeLayout@406d2dc0: 2131558791 (13)
D/umd.troyd(28676): com.walmart.android.storelocator.StoreMapView@406d4058: 2131558792 (14)
D/umd.troyd(28676): android.widget.ListView@406055e8: 2131558521 (15)
D/umd.troyd(28676): android.widget.LinearLayout@406d1828: -1 (16)
D/umd.troyd(28676): android.widget.RelativeLayout@40737320: -1 (17)
D/umd.troyd(28676): android.widget.RelativeLayout@40770230: -1 (18)
D/umd.troyd(28676): android.widget.TextView: Walmart Supercenter (19)
D/umd.troyd(28676): android.widget.TextView: 555 W Interstate 30 (20)
D/umd.troyd(28676): android.widget.TextView: Garland, TX 75043 (21)
D/umd.troyd(28676): android.widget.RelativeLayout@405fe580: -1 (22)
D/umd.troyd(28676): android.widget.LinearLayout@405ffc08: 2131558801 (23)
D/umd.troyd(28676): android.widget.TextView: 15.36 (24)
D/umd.troyd(28676): android.widget.TextView: miles (25)
D/umd.troyd(28676): android.widget.TextView:  (26)
D/umd.troyd(28676): android.widget.ImageView@407d18f0: 2131558517 (27)
D/umd.troyd(28676): android.widget.LinearLayout@4077e510: -1 (28)
D/umd.troyd(28676): android.widget.RelativeLayout@40601b08: -1 (29)
D/umd.troyd(28676): android.widget.RelativeLayout@406c1fd0: -1 (30)
D/umd.troyd(28676): android.widget.TextView: Neighborhood Market (31)
D/umd.troyd(28676): android.widget.TextView: 3959 Broadway Blvd (32)
D/umd.troyd(28676): android.widget.TextView: Garland, TX 75043 (33)
D/umd.troyd(28676): android.widget.RelativeLayout@406cde78: -1 (34)
D/umd.troyd(28676): android.widget.LinearLayout@406034d8: 2131558801 (35)
D/umd.troyd(28676): android.widget.TextView: 16.38 (36)
D/umd.troyd(28676): android.widget.TextView: miles (37)
D/umd.troyd(28676): android.widget.TextView:  (38)
D/umd.troyd(28676): android.widget.ImageView@406a4968: 2131558517 (39)
D/umd.troyd(28676): android.widget.LinearLayout@407257f8: -1 (40)
D/umd.troyd(28676): android.widget.RelativeLayout@40725948: -1 (41)
D/umd.troyd(28676): android.widget.RelativeLayout@4075f7f0: -1 (42)
D/umd.troyd(28676): android.widget.TextView: Walmart Supercenter (43)
D/umd.troyd(28676): android.widget.TextView: 802 E Us Highway 80 (44)
D/umd.troyd(28676): android.widget.TextView: Forney, TX 75126 (45)
D/umd.troyd(28676): android.widget.RelativeLayout@406a7a98: -1 (46)
D/umd.troyd(28676): android.widget.LinearLayout@406a7c48: 2131558801 (47)
D/umd.troyd(28676): android.widget.TextView: 17.11 (48)
D/umd.troyd(28676): android.widget.TextView: miles (49)
D/umd.troyd(28676): android.widget.TextView:  (50)
D/umd.troyd(28676): android.widget.ImageView@406e0890: 2131558517 (51)
D/umd.troyd(28676): android.widget.LinearLayout@40732210: -1 (52)
D/umd.troyd(28676): android.widget.RelativeLayout@40732360: -1 (53)
D/umd.troyd(28676): android.widget.RelativeLayout@40768090: -1 (54)
D/umd.troyd(28676): android.widget.TextView: Walmart Supercenter (55)
D/umd.troyd(28676): android.widget.TextView: 9301 Forest Ln (56)
D/umd.troyd(28676): android.widget.TextView: Dallas, TX 75243 (57)
D/umd.troyd(28676): android.widget.RelativeLayout@40735668: -1 (58)
D/umd.troyd(28676): android.widget.LinearLayout@40794900: 2131558801 (59)
D/umd.troyd(28676): android.widget.TextView: 17.22 (60)
D/umd.troyd(28676): android.widget.TextView: miles (61)
D/umd.troyd(28676): android.widget.TextView:  (62)
D/umd.troyd(28676): android.widget.ImageView@406a4760: 2131558517 (63)
D/umd.troyd(28676): android.widget.LinearLayout@40602a70: -1 (64)
D/umd.troyd(28676): android.widget.RelativeLayout@40602c08: -1 (65)
D/umd.troyd(28676): android.widget.RelativeLayout@407adcd8: -1 (66)
D/umd.troyd(28676): android.widget.TextView: Walmart Supercenter (67)
D/umd.troyd(28676): android.widget.TextView: 4100 W Airport Fwy (68)
D/umd.troyd(28676): android.widget.TextView: Irving, TX 75062 (69)
D/umd.troyd(28676): android.widget.RelativeLayout@405d8d28: -1 (70)
D/umd.troyd(28676): android.widget.LinearLayout@405d8fe8: 2131558801 (71)
D/umd.troyd(28676): android.widget.TextView: 17.76 (72)
D/umd.troyd(28676): android.widget.TextView: miles (73)
D/umd.troyd(28676): android.widget.TextView:  (74)
D/umd.troyd(28676): android.widget.ImageView@407abea0: 2131558517 (75)
D/umd.troyd(28676): android.widget.LinearLayout@407377d0: -1 (76)
D/umd.troyd(28676): android.widget.RelativeLayout@407379c0: -1 (77)
D/umd.troyd(28676): android.widget.RelativeLayout@40737f98: -1 (78)
D/umd.troyd(28676): android.widget.TextView: Neighborhood Market (79)
D/umd.troyd(28676): android.widget.TextView: 2951 Matlock Rd (80)
D/umd.troyd(28676): android.widget.TextView: Mansfield, TX 76063 (81)
D/umd.troyd(28676): android.widget.RelativeLayout@406a3f90: -1 (82)
D/umd.troyd(28676): android.widget.LinearLayout@405ec150: 2131558801 (83)
D/umd.troyd(28676): android.widget.TextView: 18.01 (84)
D/umd.troyd(28676): android.widget.TextView: miles (85)
D/umd.troyd(28676): android.widget.TextView:  (86)
D/umd.troyd(28676): android.widget.ImageView@405fb448: 2131558517 (87)
D/umd.troyd(28676): android.widget.RelativeLayout@406be0b0: 2131558541 (88)
D/umd.troyd(28676): android.widget.GridView@406bec28: 2131558824 (89)
D/umd.troyd(28676): android.widget.LinearLayout@406bfda8: 2131558538 (90)
D/umd.troyd(28676): android.widget.RelativeLayout@406c07a0: 2131558818 (91)
D/umd.troyd(28676): android.widget.ImageButton@406c10f0: 2131558819 (92)
D/umd.troyd(28676): android.widget.RelativeLayout@406c1608: -1 (93)
D/umd.troyd(28676): android.widget.ImageView@406c19f8: 2131558820 (94)
D/umd.troyd(28676): android.widget.TextView: Stores (95)
D/umd.troyd(28676): android.widget.RelativeLayout@406c2900: -1 (96)
D/umd.troyd(28676): android.widget.Button:  (97)
D/umd.troyd(28676): android.widget.ImageView@406c3470: 2131558823 (98)
D/umd.troyd(28676): android.widget.LinearLayout@406c3700: 2131558542 (99)
