emulator-5556
D/umd.troyd(28992): got command getViews
D/umd.troyd(28992): android.widget.FrameLayout@406cc5e0: 16908290 (0)
D/umd.troyd(28992): android.widget.RelativeLayout@406cd020: 2131558603 (1)
D/umd.troyd(28992): android.widget.LinearLayout@406cd458: -1 (2)
D/umd.troyd(28992): com.walmart.android.ui.ViewStackLayout@406cd9a8: 2131558797 (3)
D/umd.troyd(28992): android.widget.RelativeLayout@40728e90: -1 (4)
D/umd.troyd(28992): android.widget.RelativeLayout@407293f8: 2131558790 (5)
D/umd.troyd(28992): android.widget.LinearLayout@40729f78: 2131558790 (6)
D/umd.troyd(28992): android.widget.RelativeLayout@4072a758: -1 (7)
D/umd.troyd(28992): android.widget.Button:  (8)
D/umd.troyd(28992): android.widget.TextView: Search a location (9)
D/umd.troyd(28992): android.widget.Button:  (10)
D/umd.troyd(28992): android.widget.Button:  (11)
D/umd.troyd(28992): android.widget.Button:  (12)
D/umd.troyd(28992): android.widget.RelativeLayout@4072f010: 2131558791 (13)
D/umd.troyd(28992): com.walmart.android.storelocator.StoreMapView@407302a8: 2131558792 (14)
D/umd.troyd(28992): android.widget.ListView@40737af0: 2131558521 (15)
D/umd.troyd(28992): android.widget.LinearLayout@40719ba8: -1 (16)
D/umd.troyd(28992): android.widget.RelativeLayout@4078df38: -1 (17)
D/umd.troyd(28992): android.widget.RelativeLayout@4078e090: -1 (18)
D/umd.troyd(28992): android.widget.TextView: Walmart Supercenter (19)
D/umd.troyd(28992): android.widget.TextView: 150 N Interstate 35 E (20)
D/umd.troyd(28992): android.widget.TextView: Lancaster, TX 75146 (21)
D/umd.troyd(28992): android.widget.RelativeLayout@405ee030: -1 (22)
D/umd.troyd(28992): android.widget.LinearLayout@40722c58: 2131558801 (23)
D/umd.troyd(28992): android.widget.TextView: 3.37 (24)
D/umd.troyd(28992): android.widget.TextView: miles (25)
D/umd.troyd(28992): android.widget.TextView:  (26)
D/umd.troyd(28992): android.widget.ImageView@407114a8: 2131558517 (27)
D/umd.troyd(28992): android.widget.LinearLayout@40515950: -1 (28)
D/umd.troyd(28992): android.widget.RelativeLayout@40515aa0: -1 (29)
D/umd.troyd(28992): android.widget.RelativeLayout@4071b308: -1 (30)
D/umd.troyd(28992): android.widget.TextView: Walmart Supercenter (31)
D/umd.troyd(28992): android.widget.TextView: 100 Ryan Drive (32)
D/umd.troyd(28992): android.widget.TextView: Red Oak, TX 75154 (33)
D/umd.troyd(28992): android.widget.RelativeLayout@4072a280: -1 (34)
D/umd.troyd(28992): android.widget.LinearLayout@4078c000: 2131558801 (35)
D/umd.troyd(28992): android.widget.TextView: 5.66 (36)
D/umd.troyd(28992): android.widget.TextView: miles (37)
D/umd.troyd(28992): android.widget.TextView:  (38)
D/umd.troyd(28992): android.widget.ImageView@40615878: 2131558517 (39)
D/umd.troyd(28992): android.widget.LinearLayout@406159c8: -1 (40)
D/umd.troyd(28992): android.widget.RelativeLayout@4062ca78: -1 (41)
D/umd.troyd(28992): android.widget.RelativeLayout@4062cbd0: -1 (42)
D/umd.troyd(28992): android.widget.TextView: Walmart Supercenter (43)
D/umd.troyd(28992): android.widget.TextView: 3155 W Wheatland Rd (44)
D/umd.troyd(28992): android.widget.TextView: Dallas, TX 75237 (45)
D/umd.troyd(28992): android.widget.RelativeLayout@4078fa28: -1 (46)
D/umd.troyd(28992): android.widget.LinearLayout@407e4a50: 2131558801 (47)
D/umd.troyd(28992): android.widget.TextView: 5.84 (48)
D/umd.troyd(28992): android.widget.TextView: miles (49)
D/umd.troyd(28992): android.widget.TextView:  (50)
D/umd.troyd(28992): android.widget.ImageView@406c41d8: 2131558517 (51)
D/umd.troyd(28992): android.widget.LinearLayout@40631218: -1 (52)
D/umd.troyd(28992): android.widget.RelativeLayout@40631408: -1 (53)
D/umd.troyd(28992): android.widget.RelativeLayout@405f93b8: -1 (54)
D/umd.troyd(28992): android.widget.TextView: Walmart Supercenter (55)
D/umd.troyd(28992): android.widget.TextView: 951 W Belt Line Rd (56)
D/umd.troyd(28992): android.widget.TextView: Desoto, TX 75115 (57)
D/umd.troyd(28992): android.widget.RelativeLayout@4062d478: -1 (58)
D/umd.troyd(28992): android.widget.LinearLayout@4062d7f8: 2131558801 (59)
D/umd.troyd(28992): android.widget.TextView: 5.85 (60)
D/umd.troyd(28992): android.widget.TextView: miles (61)
D/umd.troyd(28992): android.widget.TextView:  (62)
D/umd.troyd(28992): android.widget.ImageView@405fb820: 2131558517 (63)
D/umd.troyd(28992): android.widget.LinearLayout@4070a2a0: -1 (64)
D/umd.troyd(28992): android.widget.RelativeLayout@4070a490: -1 (65)
D/umd.troyd(28992): android.widget.RelativeLayout@4070a7a8: -1 (66)
D/umd.troyd(28992): android.widget.TextView: Walmart Supercenter (67)
D/umd.troyd(28992): android.widget.TextView: 621 Uptown Blvd (68)
D/umd.troyd(28992): android.widget.TextView: Cedar Hill, TX 75104 (69)
D/umd.troyd(28992): android.widget.RelativeLayout@406072c0: -1 (70)
D/umd.troyd(28992): android.widget.LinearLayout@40607620: 2131558801 (71)
D/umd.troyd(28992): android.widget.TextView: 9.23 (72)
D/umd.troyd(28992): android.widget.TextView: miles (73)
D/umd.troyd(28992): android.widget.TextView:  (74)
D/umd.troyd(28992): android.widget.ImageView@4066ddc8: 2131558517 (75)
D/umd.troyd(28992): android.widget.LinearLayout@4070c9d8: -1 (76)
D/umd.troyd(28992): android.widget.RelativeLayout@4070cbc8: -1 (77)
D/umd.troyd(28992): android.widget.RelativeLayout@4070cee0: -1 (78)
D/umd.troyd(28992): android.widget.TextView: Walmart Supercenter (79)
D/umd.troyd(28992): android.widget.TextView: 12300 Lake June Rd (80)
D/umd.troyd(28992): android.widget.TextView: Balch Springs, TX 75180 (81)
D/umd.troyd(28992): android.widget.RelativeLayout@40672e60: -1 (82)
D/umd.troyd(28992): android.widget.LinearLayout@406730e0: 2131558801 (83)
D/umd.troyd(28992): android.widget.TextView: 10.21 (84)
D/umd.troyd(28992): android.widget.TextView: miles (85)
D/umd.troyd(28992): android.widget.TextView:  (86)
D/umd.troyd(28992): android.widget.ImageView@40764e38: 2131558517 (87)
D/umd.troyd(28992): android.widget.RelativeLayout@406cfad8: 2131558541 (88)
D/umd.troyd(28992): android.widget.GridView@4071afb0: 2131558824 (89)
D/umd.troyd(28992): android.widget.LinearLayout@4071bff8: 2131558538 (90)
D/umd.troyd(28992): android.widget.RelativeLayout@4071c9f0: 2131558818 (91)
D/umd.troyd(28992): android.widget.ImageButton@4071d340: 2131558819 (92)
D/umd.troyd(28992): android.widget.RelativeLayout@4071d858: -1 (93)
D/umd.troyd(28992): android.widget.ImageView@4071dc48: 2131558820 (94)
D/umd.troyd(28992): android.widget.TextView: Stores (95)
D/umd.troyd(28992): android.widget.RelativeLayout@4071eb50: -1 (96)
D/umd.troyd(28992): android.widget.Button:  (97)
D/umd.troyd(28992): android.widget.ImageView@4071f6c0: 2131558823 (98)
D/umd.troyd(28992): android.widget.LinearLayout@4071f950: 2131558542 (99)
D/umd.troyd(28992): got command getViews
D/umd.troyd(28992): android.widget.FrameLayout@406cc5e0: 16908290 (0)
D/umd.troyd(28992): android.widget.RelativeLayout@406cd020: 2131558603 (1)
D/umd.troyd(28992): android.widget.LinearLayout@406cd458: -1 (2)
D/umd.troyd(28992): com.walmart.android.ui.ViewStackLayout@406cd9a8: 2131558797 (3)
D/umd.troyd(28992): android.widget.RelativeLayout@40728e90: -1 (4)
D/umd.troyd(28992): android.widget.RelativeLayout@407293f8: 2131558790 (5)
D/umd.troyd(28992): android.widget.LinearLayout@40729f78: 2131558790 (6)
D/umd.troyd(28992): android.widget.RelativeLayout@4072a758: -1 (7)
D/umd.troyd(28992): android.widget.Button:  (8)
D/umd.troyd(28992): android.widget.TextView: Search a location (9)
D/umd.troyd(28992): android.widget.Button:  (10)
D/umd.troyd(28992): android.widget.Button:  (11)
D/umd.troyd(28992): android.widget.Button:  (12)
D/umd.troyd(28992): android.widget.RelativeLayout@4072f010: 2131558791 (13)
D/umd.troyd(28992): com.walmart.android.storelocator.StoreMapView@407302a8: 2131558792 (14)
D/umd.troyd(28992): android.widget.ListView@40737af0: 2131558521 (15)
D/umd.troyd(28992): android.widget.LinearLayout@4070c9d8: -1 (16)
D/umd.troyd(28992): android.widget.RelativeLayout@4070cbc8: -1 (17)
D/umd.troyd(28992): android.widget.RelativeLayout@4070cee0: -1 (18)
D/umd.troyd(28992): android.widget.TextView: Walmart Supercenter (19)
D/umd.troyd(28992): android.widget.TextView: 12300 Lake June Rd (20)
D/umd.troyd(28992): android.widget.TextView: Balch Springs, TX 75180 (21)
D/umd.troyd(28992): android.widget.RelativeLayout@40672e60: -1 (22)
D/umd.troyd(28992): android.widget.LinearLayout@406730e0: 2131558801 (23)
D/umd.troyd(28992): android.widget.TextView: 10.21 (24)
D/umd.troyd(28992): android.widget.TextView: miles (25)
D/umd.troyd(28992): android.widget.TextView:  (26)
D/umd.troyd(28992): android.widget.ImageView@40764e38: 2131558517 (27)
D/umd.troyd(28992): android.widget.LinearLayout@4065f218: -1 (28)
D/umd.troyd(28992): android.widget.RelativeLayout@405e6910: -1 (29)
D/umd.troyd(28992): android.widget.RelativeLayout@40613448: -1 (30)
D/umd.troyd(28992): android.widget.TextView: Neighborhood Market (31)
D/umd.troyd(28992): android.widget.TextView: 2305 N Central Expy (32)
D/umd.troyd(28992): android.widget.TextView: Dallas, TX 75204 (33)
D/umd.troyd(28992): android.widget.RelativeLayout@4072f860: -1 (34)
D/umd.troyd(28992): android.widget.LinearLayout@40667048: 2131558801 (35)
D/umd.troyd(28992): android.widget.TextView: 10.97 (36)
D/umd.troyd(28992): android.widget.TextView: miles (37)
D/umd.troyd(28992): android.widget.TextView:  (38)
D/umd.troyd(28992): android.widget.ImageView@4070d308: 2131558517 (39)
D/umd.troyd(28992): android.widget.LinearLayout@407366b0: -1 (40)
D/umd.troyd(28992): android.widget.RelativeLayout@4078be80: -1 (41)
D/umd.troyd(28992): android.widget.RelativeLayout@4078e870: -1 (42)
D/umd.troyd(28992): android.widget.TextView: Walmart Supercenter (43)
D/umd.troyd(28992): android.widget.TextView: 1521 N Cockrell Hill Rd (44)
D/umd.troyd(28992): android.widget.TextView: Dallas, TX 75211 (45)
D/umd.troyd(28992): android.widget.RelativeLayout@407ec280: -1 (46)
D/umd.troyd(28992): android.widget.LinearLayout@40791870: 2131558801 (47)
D/umd.troyd(28992): android.widget.TextView: 11.01 (48)
D/umd.troyd(28992): android.widget.TextView: miles (49)
D/umd.troyd(28992): android.widget.TextView:  (50)
D/umd.troyd(28992): android.widget.ImageView@4075b120: 2131558517 (51)
D/umd.troyd(28992): android.widget.LinearLayout@40582c58: -1 (52)
D/umd.troyd(28992): android.widget.RelativeLayout@405e5730: -1 (53)
D/umd.troyd(28992): android.widget.RelativeLayout@40605cf8: -1 (54)
D/umd.troyd(28992): android.widget.TextView: Walmart Supercenter (55)
D/umd.troyd(28992): android.widget.TextView: 7401 Samuell Blvd (56)
D/umd.troyd(28992): android.widget.TextView: Dallas, TX 75228 (57)
D/umd.troyd(28992): android.widget.RelativeLayout@4062dad0: -1 (58)
D/umd.troyd(28992): android.widget.LinearLayout@40667350: 2131558801 (59)
D/umd.troyd(28992): android.widget.TextView: 11.18 (60)
D/umd.troyd(28992): android.widget.TextView: miles (61)
D/umd.troyd(28992): android.widget.TextView:  (62)
D/umd.troyd(28992): android.widget.ImageView@4072e3a8: 2131558517 (63)
D/umd.troyd(28992): android.widget.LinearLayout@405c53d8: -1 (64)
D/umd.troyd(28992): android.widget.RelativeLayout@405ee268: -1 (65)
D/umd.troyd(28992): android.widget.RelativeLayout@405fc1a0: -1 (66)
D/umd.troyd(28992): android.widget.TextView: Walmart Supercenter (67)
D/umd.troyd(28992): android.widget.TextView: 220 N Highway 175 (68)
D/umd.troyd(28992): android.widget.TextView: Seagoville, TX 75159 (69)
D/umd.troyd(28992): android.widget.RelativeLayout@406a29a8: -1 (70)
D/umd.troyd(28992): android.widget.LinearLayout@407681a8: 2131558801 (71)
D/umd.troyd(28992): android.widget.TextView: 11.71 (72)
D/umd.troyd(28992): android.widget.TextView: miles (73)
D/umd.troyd(28992): android.widget.TextView:  (74)
D/umd.troyd(28992): android.widget.ImageView@4076cc90: 2131558517 (75)
D/umd.troyd(28992): android.widget.LinearLayout@40780e38: -1 (76)
D/umd.troyd(28992): android.widget.RelativeLayout@40787030: -1 (77)
D/umd.troyd(28992): android.widget.RelativeLayout@4070b308: -1 (78)
D/umd.troyd(28992): android.widget.TextView: Neighborhood Market (79)
D/umd.troyd(28992): android.widget.TextView: 2218 Greenville Ave (80)
D/umd.troyd(28992): android.widget.TextView: Dallas, TX 75206 (81)
D/umd.troyd(28992): android.widget.RelativeLayout@40785880: -1 (82)
D/umd.troyd(28992): android.widget.LinearLayout@4078fbd8: 2131558801 (83)
D/umd.troyd(28992): android.widget.TextView: 11.93 (84)
D/umd.troyd(28992): android.widget.TextView: miles (85)
D/umd.troyd(28992): android.widget.TextView:  (86)
D/umd.troyd(28992): android.widget.ImageView@405c71c8: 2131558517 (87)
D/umd.troyd(28992): android.widget.RelativeLayout@406cfad8: 2131558541 (88)
D/umd.troyd(28992): android.widget.GridView@4071afb0: 2131558824 (89)
D/umd.troyd(28992): android.widget.LinearLayout@4071bff8: 2131558538 (90)
D/umd.troyd(28992): android.widget.RelativeLayout@4071c9f0: 2131558818 (91)
D/umd.troyd(28992): android.widget.ImageButton@4071d340: 2131558819 (92)
D/umd.troyd(28992): android.widget.RelativeLayout@4071d858: -1 (93)
D/umd.troyd(28992): android.widget.ImageView@4071dc48: 2131558820 (94)
D/umd.troyd(28992): android.widget.TextView: Stores (95)
D/umd.troyd(28992): android.widget.RelativeLayout@4071eb50: -1 (96)
D/umd.troyd(28992): android.widget.Button:  (97)
D/umd.troyd(28992): android.widget.ImageView@4071f6c0: 2131558823 (98)
D/umd.troyd(28992): android.widget.LinearLayout@4071f950: 2131558542 (99)
D/umd.troyd(28992): got command getViews
D/umd.troyd(28992): android.widget.FrameLayout@406cc5e0: 16908290 (0)
D/umd.troyd(28992): android.widget.RelativeLayout@406cd020: 2131558603 (1)
D/umd.troyd(28992): android.widget.LinearLayout@406cd458: -1 (2)
D/umd.troyd(28992): com.walmart.android.ui.ViewStackLayout@406cd9a8: 2131558797 (3)
D/umd.troyd(28992): android.widget.RelativeLayout@40728e90: -1 (4)
D/umd.troyd(28992): android.widget.RelativeLayout@407293f8: 2131558790 (5)
D/umd.troyd(28992): android.widget.LinearLayout@40729f78: 2131558790 (6)
D/umd.troyd(28992): android.widget.RelativeLayout@4072a758: -1 (7)
D/umd.troyd(28992): android.widget.Button:  (8)
D/umd.troyd(28992): android.widget.TextView: Search a location (9)
D/umd.troyd(28992): android.widget.Button:  (10)
D/umd.troyd(28992): android.widget.Button:  (11)
D/umd.troyd(28992): android.widget.Button:  (12)
D/umd.troyd(28992): android.widget.RelativeLayout@4072f010: 2131558791 (13)
D/umd.troyd(28992): com.walmart.android.storelocator.StoreMapView@407302a8: 2131558792 (14)
D/umd.troyd(28992): android.widget.ListView@40737af0: 2131558521 (15)
D/umd.troyd(28992): android.widget.LinearLayout@40780e38: -1 (16)
D/umd.troyd(28992): android.widget.RelativeLayout@40787030: -1 (17)
D/umd.troyd(28992): android.widget.RelativeLayout@4070b308: -1 (18)
D/umd.troyd(28992): android.widget.TextView: Neighborhood Market (19)
D/umd.troyd(28992): android.widget.TextView: 2218 Greenville Ave (20)
D/umd.troyd(28992): android.widget.TextView: Dallas, TX 75206 (21)
D/umd.troyd(28992): android.widget.RelativeLayout@40785880: -1 (22)
D/umd.troyd(28992): android.widget.LinearLayout@4078fbd8: 2131558801 (23)
D/umd.troyd(28992): android.widget.TextView: 11.93 (24)
D/umd.troyd(28992): android.widget.TextView: miles (25)
D/umd.troyd(28992): android.widget.TextView:  (26)
D/umd.troyd(28992): android.widget.ImageView@405c71c8: 2131558517 (27)
D/umd.troyd(28992): android.widget.LinearLayout@40719ba8: -1 (28)
D/umd.troyd(28992): android.widget.RelativeLayout@4078df38: -1 (29)
D/umd.troyd(28992): android.widget.RelativeLayout@4078e090: -1 (30)
D/umd.troyd(28992): android.widget.TextView: Walmart Supercenter (31)
D/umd.troyd(28992): android.widget.TextView: 1200 N Highway 77 (32)
D/umd.troyd(28992): android.widget.TextView: Waxahachie, TX 75165 (33)
D/umd.troyd(28992): android.widget.RelativeLayout@405ee030: -1 (34)
D/umd.troyd(28992): android.widget.LinearLayout@40722c58: 2131558801 (35)
D/umd.troyd(28992): android.widget.TextView: 12.77 (36)
D/umd.troyd(28992): android.widget.TextView: miles (37)
D/umd.troyd(28992): android.widget.TextView:  (38)
D/umd.troyd(28992): android.widget.ImageView@407114a8: 2131558517 (39)
D/umd.troyd(28992): android.widget.LinearLayout@40515950: -1 (40)
D/umd.troyd(28992): android.widget.RelativeLayout@40515aa0: -1 (41)
D/umd.troyd(28992): android.widget.RelativeLayout@4071b308: -1 (42)
D/umd.troyd(28992): android.widget.TextView: Walmart Supercenter (43)
D/umd.troyd(28992): android.widget.TextView: 200 Us Highway 80 E (44)
D/umd.troyd(28992): android.widget.TextView: Mesquite, TX 75149 (45)
D/umd.troyd(28992): android.widget.RelativeLayout@4072a280: -1 (46)
D/umd.troyd(28992): android.widget.LinearLayout@4078c000: 2131558801 (47)
D/umd.troyd(28992): android.widget.TextView: 13.31 (48)
D/umd.troyd(28992): android.widget.TextView: miles (49)
D/umd.troyd(28992): android.widget.TextView:  (50)
D/umd.troyd(28992): android.widget.ImageView@40615878: 2131558517 (51)
D/umd.troyd(28992): android.widget.LinearLayout@406159c8: -1 (52)
D/umd.troyd(28992): android.widget.RelativeLayout@4062ca78: -1 (53)
D/umd.troyd(28992): android.widget.RelativeLayout@4062cbd0: -1 (54)
D/umd.troyd(28992): android.widget.TextView: Neighborhood Market (55)
D/umd.troyd(28992): android.widget.TextView: 2275 Gus Thomasson Rd (56)
D/umd.troyd(28992): android.widget.TextView: Dallas, TX 75228 (57)
D/umd.troyd(28992): android.widget.RelativeLayout@4078fa28: -1 (58)
D/umd.troyd(28992): android.widget.LinearLayout@407e4a50: 2131558801 (59)
D/umd.troyd(28992): android.widget.TextView: 13.79 (60)
D/umd.troyd(28992): android.widget.TextView: miles (61)
D/umd.troyd(28992): android.widget.TextView:  (62)
D/umd.troyd(28992): android.widget.ImageView@406c41d8: 2131558517 (63)
D/umd.troyd(28992): android.widget.LinearLayout@40631218: -1 (64)
D/umd.troyd(28992): android.widget.RelativeLayout@40631408: -1 (65)
D/umd.troyd(28992): android.widget.RelativeLayout@405f93b8: -1 (66)
D/umd.troyd(28992): android.widget.TextView: Neighborhood Market (67)
D/umd.troyd(28992): android.widget.TextView: 915 N Town East Blvd (68)
D/umd.troyd(28992): android.widget.TextView: Mesquite, TX 75150 (69)
D/umd.troyd(28992): android.widget.RelativeLayout@4062d478: -1 (70)
D/umd.troyd(28992): android.widget.LinearLayout@4062d7f8: 2131558801 (71)
D/umd.troyd(28992): android.widget.TextView: 13.92 (72)
D/umd.troyd(28992): android.widget.TextView: miles (73)
D/umd.troyd(28992): android.widget.TextView:  (74)
D/umd.troyd(28992): android.widget.ImageView@405fb820: 2131558517 (75)
D/umd.troyd(28992): android.widget.LinearLayout@4070a2a0: -1 (76)
D/umd.troyd(28992): android.widget.RelativeLayout@4070a490: -1 (77)
D/umd.troyd(28992): android.widget.RelativeLayout@4070a7a8: -1 (78)
D/umd.troyd(28992): android.widget.TextView: Walmart Supercenter (79)
D/umd.troyd(28992): android.widget.TextView: 2225 W Interstate 20 (80)
D/umd.troyd(28992): android.widget.TextView: Grand Prairie, TX 75052 (81)
D/umd.troyd(28992): android.widget.RelativeLayout@406072c0: -1 (82)
D/umd.troyd(28992): android.widget.LinearLayout@40607620: 2131558801 (83)
D/umd.troyd(28992): android.widget.TextView: 14.11 (84)
D/umd.troyd(28992): android.widget.TextView: miles (85)
D/umd.troyd(28992): android.widget.TextView:  (86)
D/umd.troyd(28992): android.widget.ImageView@4066ddc8: 2131558517 (87)
D/umd.troyd(28992): android.widget.RelativeLayout@406cfad8: 2131558541 (88)
D/umd.troyd(28992): android.widget.GridView@4071afb0: 2131558824 (89)
D/umd.troyd(28992): android.widget.LinearLayout@4071bff8: 2131558538 (90)
D/umd.troyd(28992): android.widget.RelativeLayout@4071c9f0: 2131558818 (91)
D/umd.troyd(28992): android.widget.ImageButton@4071d340: 2131558819 (92)
D/umd.troyd(28992): android.widget.RelativeLayout@4071d858: -1 (93)
D/umd.troyd(28992): android.widget.ImageView@4071dc48: 2131558820 (94)
D/umd.troyd(28992): android.widget.TextView: Stores (95)
D/umd.troyd(28992): android.widget.RelativeLayout@4071eb50: -1 (96)
D/umd.troyd(28992): android.widget.Button:  (97)
D/umd.troyd(28992): android.widget.ImageView@4071f6c0: 2131558823 (98)
D/umd.troyd(28992): android.widget.LinearLayout@4071f950: 2131558542 (99)
D/umd.troyd(28992): got command getViews
D/umd.troyd(28992): android.widget.FrameLayout@406cc5e0: 16908290 (0)
D/umd.troyd(28992): android.widget.RelativeLayout@406cd020: 2131558603 (1)
D/umd.troyd(28992): android.widget.LinearLayout@406cd458: -1 (2)
D/umd.troyd(28992): com.walmart.android.ui.ViewStackLayout@406cd9a8: 2131558797 (3)
D/umd.troyd(28992): android.widget.RelativeLayout@40728e90: -1 (4)
D/umd.troyd(28992): android.widget.RelativeLayout@407293f8: 2131558790 (5)
D/umd.troyd(28992): android.widget.LinearLayout@40729f78: 2131558790 (6)
D/umd.troyd(28992): android.widget.RelativeLayout@4072a758: -1 (7)
D/umd.troyd(28992): android.widget.Button:  (8)
D/umd.troyd(28992): android.widget.TextView: Search a location (9)
D/umd.troyd(28992): android.widget.Button:  (10)
D/umd.troyd(28992): android.widget.Button:  (11)
D/umd.troyd(28992): android.widget.Button:  (12)
D/umd.troyd(28992): android.widget.RelativeLayout@4072f010: 2131558791 (13)
D/umd.troyd(28992): com.walmart.android.storelocator.StoreMapView@407302a8: 2131558792 (14)
D/umd.troyd(28992): android.widget.ListView@40737af0: 2131558521 (15)
D/umd.troyd(28992): android.widget.LinearLayout@4070a2a0: -1 (16)
D/umd.troyd(28992): android.widget.RelativeLayout@4070a490: -1 (17)
D/umd.troyd(28992): android.widget.RelativeLayout@4070a7a8: -1 (18)
D/umd.troyd(28992): android.widget.TextView: Walmart Supercenter (19)
D/umd.troyd(28992): android.widget.TextView: 2225 W Interstate 20 (20)
D/umd.troyd(28992): android.widget.TextView: Grand Prairie, TX 75052 (21)
D/umd.troyd(28992): android.widget.RelativeLayout@406072c0: -1 (22)
D/umd.troyd(28992): android.widget.LinearLayout@40607620: 2131558801 (23)
D/umd.troyd(28992): android.widget.TextView: 14.11 (24)
D/umd.troyd(28992): android.widget.TextView: miles (25)
D/umd.troyd(28992): android.widget.TextView:  (26)
D/umd.troyd(28992): android.widget.ImageView@4066ddc8: 2131558517 (27)
D/umd.troyd(28992): android.widget.LinearLayout@4070c9d8: -1 (28)
D/umd.troyd(28992): android.widget.RelativeLayout@4070cbc8: -1 (29)
D/umd.troyd(28992): android.widget.RelativeLayout@4070cee0: -1 (30)
D/umd.troyd(28992): android.widget.TextView: Walmart Supercenter (31)
D/umd.troyd(28992): android.widget.TextView: 400 N Highway 67 (32)
D/umd.troyd(28992): android.widget.TextView: Midlothian, TX 76065 (33)
D/umd.troyd(28992): android.widget.RelativeLayout@40672e60: -1 (34)
D/umd.troyd(28992): android.widget.LinearLayout@406730e0: 2131558801 (35)
D/umd.troyd(28992): android.widget.TextView: 14.60 (36)
D/umd.troyd(28992): android.widget.TextView: miles (37)
D/umd.troyd(28992): android.widget.TextView:  (38)
D/umd.troyd(28992): android.widget.ImageView@40764e38: 2131558517 (39)
D/umd.troyd(28992): android.widget.LinearLayout@4065f218: -1 (40)
D/umd.troyd(28992): android.widget.RelativeLayout@405e6910: -1 (41)
D/umd.troyd(28992): android.widget.RelativeLayout@40613448: -1 (42)
D/umd.troyd(28992): android.widget.TextView: Walmart Supercenter (43)
D/umd.troyd(28992): android.widget.TextView: 6185 Retail Rd (44)
D/umd.troyd(28992): android.widget.TextView: Dallas, TX 75231 (45)
D/umd.troyd(28992): android.widget.RelativeLayout@4072f860: -1 (46)
D/umd.troyd(28992): android.widget.LinearLayout@40667048: 2131558801 (47)
D/umd.troyd(28992): android.widget.TextView: 14.61 (48)
D/umd.troyd(28992): android.widget.TextView: miles (49)
D/umd.troyd(28992): android.widget.TextView:  (50)
D/umd.troyd(28992): android.widget.ImageView@4070d308: 2131558517 (51)
D/umd.troyd(28992): android.widget.LinearLayout@407366b0: -1 (52)
D/umd.troyd(28992): android.widget.RelativeLayout@4078be80: -1 (53)
D/umd.troyd(28992): android.widget.RelativeLayout@4078e870: -1 (54)
D/umd.troyd(28992): android.widget.TextView: Walmart Store (55)
D/umd.troyd(28992): android.widget.TextView: 9410 Webb Chapel Rd (56)
D/umd.troyd(28992): android.widget.TextView: Dallas, TX 75220 (57)
D/umd.troyd(28992): android.widget.RelativeLayout@407ec280: -1 (58)
D/umd.troyd(28992): android.widget.LinearLayout@40791870: 2131558801 (59)
D/umd.troyd(28992): android.widget.TextView: 15.34 (60)
D/umd.troyd(28992): android.widget.TextView: miles (61)
D/umd.troyd(28992): android.widget.TextView:  (62)
D/umd.troyd(28992): android.widget.ImageView@4075b120: 2131558517 (63)
D/umd.troyd(28992): android.widget.LinearLayout@40582c58: -1 (64)
D/umd.troyd(28992): android.widget.RelativeLayout@405e5730: -1 (65)
D/umd.troyd(28992): android.widget.RelativeLayout@40605cf8: -1 (66)
D/umd.troyd(28992): android.widget.TextView: Walmart Supercenter (67)
D/umd.troyd(28992): android.widget.TextView: 1801 Marketplace Dr (68)
D/umd.troyd(28992): android.widget.TextView: Garland, TX 75041 (69)
D/umd.troyd(28992): android.widget.RelativeLayout@4062dad0: -1 (70)
D/umd.troyd(28992): android.widget.LinearLayout@40667350: 2131558801 (71)
D/umd.troyd(28992): android.widget.TextView: 15.74 (72)
D/umd.troyd(28992): android.widget.TextView: miles (73)
D/umd.troyd(28992): android.widget.TextView:  (74)
D/umd.troyd(28992): android.widget.ImageView@4072e3a8: 2131558517 (75)
D/umd.troyd(28992): android.widget.LinearLayout@405c53d8: -1 (76)
D/umd.troyd(28992): android.widget.RelativeLayout@405ee268: -1 (77)
D/umd.troyd(28992): android.widget.RelativeLayout@405fc1a0: -1 (78)
D/umd.troyd(28992): android.widget.TextView: Walmart Supercenter (79)
D/umd.troyd(28992): android.widget.TextView: 555 W Interstate 30 (80)
D/umd.troyd(28992): android.widget.TextView: Garland, TX 75043 (81)
D/umd.troyd(28992): android.widget.RelativeLayout@406a29a8: -1 (82)
D/umd.troyd(28992): android.widget.LinearLayout@407681a8: 2131558801 (83)
D/umd.troyd(28992): android.widget.TextView: 15.78 (84)
D/umd.troyd(28992): android.widget.TextView: miles (85)
D/umd.troyd(28992): android.widget.TextView:  (86)
D/umd.troyd(28992): android.widget.ImageView@4076cc90: 2131558517 (87)
D/umd.troyd(28992): android.widget.RelativeLayout@406cfad8: 2131558541 (88)
D/umd.troyd(28992): android.widget.GridView@4071afb0: 2131558824 (89)
D/umd.troyd(28992): android.widget.LinearLayout@4071bff8: 2131558538 (90)
D/umd.troyd(28992): android.widget.RelativeLayout@4071c9f0: 2131558818 (91)
D/umd.troyd(28992): android.widget.ImageButton@4071d340: 2131558819 (92)
D/umd.troyd(28992): android.widget.RelativeLayout@4071d858: -1 (93)
D/umd.troyd(28992): android.widget.ImageView@4071dc48: 2131558820 (94)
D/umd.troyd(28992): android.widget.TextView: Stores (95)
D/umd.troyd(28992): android.widget.RelativeLayout@4071eb50: -1 (96)
D/umd.troyd(28992): android.widget.Button:  (97)
D/umd.troyd(28992): android.widget.ImageView@4071f6c0: 2131558823 (98)
D/umd.troyd(28992): android.widget.LinearLayout@4071f950: 2131558542 (99)
D/umd.troyd(28992): got command getViews
D/umd.troyd(28992): android.widget.FrameLayout@406cc5e0: 16908290 (0)
D/umd.troyd(28992): android.widget.RelativeLayout@406cd020: 2131558603 (1)
D/umd.troyd(28992): android.widget.LinearLayout@406cd458: -1 (2)
D/umd.troyd(28992): com.walmart.android.ui.ViewStackLayout@406cd9a8: 2131558797 (3)
D/umd.troyd(28992): android.widget.RelativeLayout@40728e90: -1 (4)
D/umd.troyd(28992): android.widget.RelativeLayout@407293f8: 2131558790 (5)
D/umd.troyd(28992): android.widget.LinearLayout@40729f78: 2131558790 (6)
D/umd.troyd(28992): android.widget.RelativeLayout@4072a758: -1 (7)
D/umd.troyd(28992): android.widget.Button:  (8)
D/umd.troyd(28992): android.widget.TextView: Search a location (9)
D/umd.troyd(28992): android.widget.Button:  (10)
D/umd.troyd(28992): android.widget.Button:  (11)
D/umd.troyd(28992): android.widget.Button:  (12)
D/umd.troyd(28992): android.widget.RelativeLayout@4072f010: 2131558791 (13)
D/umd.troyd(28992): com.walmart.android.storelocator.StoreMapView@407302a8: 2131558792 (14)
D/umd.troyd(28992): android.widget.ListView@40737af0: 2131558521 (15)
D/umd.troyd(28992): android.widget.LinearLayout@405c53d8: -1 (16)
D/umd.troyd(28992): android.widget.RelativeLayout@405ee268: -1 (17)
D/umd.troyd(28992): android.widget.RelativeLayout@405fc1a0: -1 (18)
D/umd.troyd(28992): android.widget.TextView: Walmart Supercenter (19)
D/umd.troyd(28992): android.widget.TextView: 555 W Interstate 30 (20)
D/umd.troyd(28992): android.widget.TextView: Garland, TX 75043 (21)
D/umd.troyd(28992): android.widget.RelativeLayout@406a29a8: -1 (22)
D/umd.troyd(28992): android.widget.LinearLayout@407681a8: 2131558801 (23)
D/umd.troyd(28992): android.widget.TextView: 15.78 (24)
D/umd.troyd(28992): android.widget.TextView: miles (25)
D/umd.troyd(28992): android.widget.TextView:  (26)
D/umd.troyd(28992): android.widget.ImageView@4076cc90: 2131558517 (27)
D/umd.troyd(28992): android.widget.LinearLayout@40780e38: -1 (28)
D/umd.troyd(28992): android.widget.RelativeLayout@40787030: -1 (29)
D/umd.troyd(28992): android.widget.RelativeLayout@4070b308: -1 (30)
D/umd.troyd(28992): android.widget.TextView: Neighborhood Market (31)
D/umd.troyd(28992): android.widget.TextView: 3959 Broadway Blvd (32)
D/umd.troyd(28992): android.widget.TextView: Garland, TX 75043 (33)
D/umd.troyd(28992): android.widget.RelativeLayout@40785880: -1 (34)
D/umd.troyd(28992): android.widget.LinearLayout@4078fbd8: 2131558801 (35)
D/umd.troyd(28992): android.widget.TextView: 16.80 (36)
D/umd.troyd(28992): android.widget.TextView: miles (37)
D/umd.troyd(28992): android.widget.TextView:  (38)
D/umd.troyd(28992): android.widget.ImageView@405c71c8: 2131558517 (39)
D/umd.troyd(28992): android.widget.LinearLayout@40719ba8: -1 (40)
D/umd.troyd(28992): android.widget.RelativeLayout@4078df38: -1 (41)
D/umd.troyd(28992): android.widget.RelativeLayout@4078e090: -1 (42)
D/umd.troyd(28992): android.widget.TextView: Walmart Supercenter (43)
D/umd.troyd(28992): android.widget.TextView: 802 E Us Highway 80 (44)
D/umd.troyd(28992): android.widget.TextView: Forney, TX 75126 (45)
D/umd.troyd(28992): android.widget.RelativeLayout@405ee030: -1 (46)
D/umd.troyd(28992): android.widget.LinearLayout@40722c58: 2131558801 (47)
D/umd.troyd(28992): android.widget.TextView: 17.44 (48)
D/umd.troyd(28992): android.widget.TextView: miles (49)
D/umd.troyd(28992): android.widget.TextView:  (50)
D/umd.troyd(28992): android.widget.ImageView@407114a8: 2131558517 (51)
D/umd.troyd(28992): android.widget.LinearLayout@40515950: -1 (52)
D/umd.troyd(28992): android.widget.RelativeLayout@40515aa0: -1 (53)
D/umd.troyd(28992): android.widget.RelativeLayout@4071b308: -1 (54)
D/umd.troyd(28992): android.widget.TextView: Walmart Supercenter (55)
D/umd.troyd(28992): android.widget.TextView: 9301 Forest Ln (56)
D/umd.troyd(28992): android.widget.TextView: Dallas, TX 75243 (57)
D/umd.troyd(28992): android.widget.RelativeLayout@4072a280: -1 (58)
D/umd.troyd(28992): android.widget.LinearLayout@4078c000: 2131558801 (59)
D/umd.troyd(28992): android.widget.TextView: 17.60 (60)
D/umd.troyd(28992): android.widget.TextView: miles (61)
D/umd.troyd(28992): android.widget.TextView:  (62)
D/umd.troyd(28992): android.widget.ImageView@40615878: 2131558517 (63)
D/umd.troyd(28992): android.widget.LinearLayout@406159c8: -1 (64)
D/umd.troyd(28992): android.widget.RelativeLayout@4062ca78: -1 (65)
D/umd.troyd(28992): android.widget.RelativeLayout@4062cbd0: -1 (66)
D/umd.troyd(28992): android.widget.TextView: Neighborhood Market (67)
D/umd.troyd(28992): android.widget.TextView: 2951 Matlock Rd (68)
D/umd.troyd(28992): android.widget.TextView: Mansfield, TX 76063 (69)
D/umd.troyd(28992): android.widget.RelativeLayout@4078fa28: -1 (70)
D/umd.troyd(28992): android.widget.LinearLayout@407e4a50: 2131558801 (71)
D/umd.troyd(28992): android.widget.TextView: 17.81 (72)
D/umd.troyd(28992): android.widget.TextView: miles (73)
D/umd.troyd(28992): android.widget.TextView:  (74)
D/umd.troyd(28992): android.widget.ImageView@406c41d8: 2131558517 (75)
D/umd.troyd(28992): android.widget.LinearLayout@40631218: -1 (76)
D/umd.troyd(28992): android.widget.RelativeLayout@40631408: -1 (77)
D/umd.troyd(28992): android.widget.RelativeLayout@405f93b8: -1 (78)
D/umd.troyd(28992): android.widget.TextView: Walmart Supercenter (79)
D/umd.troyd(28992): android.widget.TextView: 4100 W Airport Fwy (80)
D/umd.troyd(28992): android.widget.TextView: Irving, TX 75062 (81)
D/umd.troyd(28992): android.widget.RelativeLayout@4062d478: -1 (82)
D/umd.troyd(28992): android.widget.LinearLayout@4062d7f8: 2131558801 (83)
D/umd.troyd(28992): android.widget.TextView: 17.90 (84)
D/umd.troyd(28992): android.widget.TextView: miles (85)
D/umd.troyd(28992): android.widget.TextView:  (86)
D/umd.troyd(28992): android.widget.ImageView@405fb820: 2131558517 (87)
D/umd.troyd(28992): android.widget.RelativeLayout@406cfad8: 2131558541 (88)
D/umd.troyd(28992): android.widget.GridView@4071afb0: 2131558824 (89)
D/umd.troyd(28992): android.widget.LinearLayout@4071bff8: 2131558538 (90)
D/umd.troyd(28992): android.widget.RelativeLayout@4071c9f0: 2131558818 (91)
D/umd.troyd(28992): android.widget.ImageButton@4071d340: 2131558819 (92)
D/umd.troyd(28992): android.widget.RelativeLayout@4071d858: -1 (93)
D/umd.troyd(28992): android.widget.ImageView@4071dc48: 2131558820 (94)
D/umd.troyd(28992): android.widget.TextView: Stores (95)
D/umd.troyd(28992): android.widget.RelativeLayout@4071eb50: -1 (96)
D/umd.troyd(28992): android.widget.Button:  (97)
D/umd.troyd(28992): android.widget.ImageView@4071f6c0: 2131558823 (98)
D/umd.troyd(28992): android.widget.LinearLayout@4071f950: 2131558542 (99)
