emulator-5570
D/umd.troyd(29221): got command getViews
D/umd.troyd(29221): android.widget.FrameLayout@4071ca00: 16908290 (0)
D/umd.troyd(29221): android.widget.RelativeLayout@4071d440: 2131558603 (1)
D/umd.troyd(29221): android.widget.LinearLayout@4071d878: -1 (2)
D/umd.troyd(29221): com.walmart.android.ui.ViewStackLayout@4071ddc8: 2131558797 (3)
D/umd.troyd(29221): android.widget.RelativeLayout@4072ea88: -1 (4)
D/umd.troyd(29221): android.widget.RelativeLayout@4072eff0: 2131558790 (5)
D/umd.troyd(29221): android.widget.LinearLayout@4072fb70: 2131558790 (6)
D/umd.troyd(29221): android.widget.RelativeLayout@40730350: -1 (7)
D/umd.troyd(29221): android.widget.Button:  (8)
D/umd.troyd(29221): android.widget.TextView: Search a location (9)
D/umd.troyd(29221): android.widget.Button:  (10)
D/umd.troyd(29221): android.widget.Button:  (11)
D/umd.troyd(29221): android.widget.Button:  (12)
D/umd.troyd(29221): android.widget.RelativeLayout@40734c08: 2131558791 (13)
D/umd.troyd(29221): com.walmart.android.storelocator.StoreMapView@40735ea0: 2131558792 (14)
D/umd.troyd(29221): android.widget.ListView@4075aac0: 2131558521 (15)
D/umd.troyd(29221): android.widget.LinearLayout@40624e00: -1 (16)
D/umd.troyd(29221): android.widget.RelativeLayout@40624f50: -1 (17)
D/umd.troyd(29221): android.widget.RelativeLayout@40640bb0: -1 (18)
D/umd.troyd(29221): android.widget.TextView: Walmart Supercenter (19)
D/umd.troyd(29221): android.widget.TextView: 150 N Interstate 35 E (20)
D/umd.troyd(29221): android.widget.TextView: Lancaster, TX 75146 (21)
D/umd.troyd(29221): android.widget.RelativeLayout@406c0e38: -1 (22)
D/umd.troyd(29221): android.widget.LinearLayout@406c0f90: 2131558801 (23)
D/umd.troyd(29221): android.widget.TextView: 1.92 (24)
D/umd.troyd(29221): android.widget.TextView: miles (25)
D/umd.troyd(29221): android.widget.TextView:  (26)
D/umd.troyd(29221): android.widget.ImageView@407ae8e8: 2131558517 (27)
D/umd.troyd(29221): android.widget.LinearLayout@407999f0: -1 (28)
D/umd.troyd(29221): android.widget.RelativeLayout@407aa9f0: -1 (29)
D/umd.troyd(29221): android.widget.RelativeLayout@407a7978: -1 (30)
D/umd.troyd(29221): android.widget.TextView: Walmart Supercenter (31)
D/umd.troyd(29221): android.widget.TextView: 951 W Belt Line Rd (32)
D/umd.troyd(29221): android.widget.TextView: Desoto, TX 75115 (33)
D/umd.troyd(29221): android.widget.RelativeLayout@40703ea8: -1 (34)
D/umd.troyd(29221): android.widget.LinearLayout@4074e570: 2131558801 (35)
D/umd.troyd(29221): android.widget.TextView: 4.39 (36)
D/umd.troyd(29221): android.widget.TextView: miles (37)
D/umd.troyd(29221): android.widget.TextView:  (38)
D/umd.troyd(29221): android.widget.ImageView@4062f368: 2131558517 (39)
D/umd.troyd(29221): android.widget.LinearLayout@406c09c0: -1 (40)
D/umd.troyd(29221): android.widget.RelativeLayout@40714100: -1 (41)
D/umd.troyd(29221): android.widget.RelativeLayout@407941b8: -1 (42)
D/umd.troyd(29221): android.widget.TextView: Walmart Supercenter (43)
D/umd.troyd(29221): android.widget.TextView: 100 Ryan Drive (44)
D/umd.troyd(29221): android.widget.TextView: Red Oak, TX 75154 (45)
D/umd.troyd(29221): android.widget.RelativeLayout@4071cb58: -1 (46)
D/umd.troyd(29221): android.widget.LinearLayout@4071ce80: 2131558801 (47)
D/umd.troyd(29221): android.widget.TextView: 4.64 (48)
D/umd.troyd(29221): android.widget.TextView: miles (49)
D/umd.troyd(29221): android.widget.TextView:  (50)
D/umd.troyd(29221): android.widget.ImageView@407acfb8: 2131558517 (51)
D/umd.troyd(29221): android.widget.LinearLayout@4073ee18: -1 (52)
D/umd.troyd(29221): android.widget.RelativeLayout@4077ec78: -1 (53)
D/umd.troyd(29221): android.widget.RelativeLayout@4077ee90: -1 (54)
D/umd.troyd(29221): android.widget.TextView: Walmart Supercenter (55)
D/umd.troyd(29221): android.widget.TextView: 3155 W Wheatland Rd (56)
D/umd.troyd(29221): android.widget.TextView: Dallas, TX 75237 (57)
D/umd.troyd(29221): android.widget.RelativeLayout@4067af30: -1 (58)
D/umd.troyd(29221): android.widget.LinearLayout@4067b2b0: 2131558801 (59)
D/umd.troyd(29221): android.widget.TextView: 4.82 (60)
D/umd.troyd(29221): android.widget.TextView: miles (61)
D/umd.troyd(29221): android.widget.TextView:  (62)
D/umd.troyd(29221): android.widget.ImageView@4077b428: 2131558517 (63)
D/umd.troyd(29221): android.widget.LinearLayout@4061b958: -1 (64)
D/umd.troyd(29221): android.widget.RelativeLayout@4061bb48: -1 (65)
D/umd.troyd(29221): android.widget.RelativeLayout@4061a910: -1 (66)
D/umd.troyd(29221): android.widget.TextView: Walmart Supercenter (67)
D/umd.troyd(29221): android.widget.TextView: 621 Uptown Blvd (68)
D/umd.troyd(29221): android.widget.TextView: Cedar Hill, TX 75104 (69)
D/umd.troyd(29221): android.widget.RelativeLayout@4070f7f8: -1 (70)
D/umd.troyd(29221): android.widget.LinearLayout@407120e8: 2131558801 (71)
D/umd.troyd(29221): android.widget.TextView: 7.82 (72)
D/umd.troyd(29221): android.widget.TextView: miles (73)
D/umd.troyd(29221): android.widget.TextView:  (74)
D/umd.troyd(29221): android.widget.ImageView@4077f2e8: 2131558517 (75)
D/umd.troyd(29221): android.widget.LinearLayout@40723e18: -1 (76)
D/umd.troyd(29221): android.widget.RelativeLayout@40723f68: -1 (77)
D/umd.troyd(29221): android.widget.RelativeLayout@40724240: -1 (78)
D/umd.troyd(29221): android.widget.TextView: Walmart Supercenter (79)
D/umd.troyd(29221): android.widget.TextView: 1521 N Cockrell Hill Rd (80)
D/umd.troyd(29221): android.widget.TextView: Dallas, TX 75211 (81)
D/umd.troyd(29221): android.widget.RelativeLayout@405d2068: -1 (82)
D/umd.troyd(29221): android.widget.LinearLayout@406f8738: 2131558801 (83)
D/umd.troyd(29221): android.widget.TextView: 10.69 (84)
D/umd.troyd(29221): android.widget.TextView: miles (85)
D/umd.troyd(29221): android.widget.TextView:  (86)
D/umd.troyd(29221): android.widget.ImageView@405c9fa8: 2131558517 (87)
D/umd.troyd(29221): android.widget.RelativeLayout@4071fef8: 2131558541 (88)
D/umd.troyd(29221): android.widget.GridView@40720a70: 2131558824 (89)
D/umd.troyd(29221): android.widget.LinearLayout@40721bf0: 2131558538 (90)
D/umd.troyd(29221): android.widget.RelativeLayout@407225e8: 2131558818 (91)
D/umd.troyd(29221): android.widget.ImageButton@40722f38: 2131558819 (92)
D/umd.troyd(29221): android.widget.RelativeLayout@40723450: -1 (93)
D/umd.troyd(29221): android.widget.ImageView@40723840: 2131558820 (94)
D/umd.troyd(29221): android.widget.TextView: Stores (95)
D/umd.troyd(29221): android.widget.RelativeLayout@40724748: -1 (96)
D/umd.troyd(29221): android.widget.Button:  (97)
D/umd.troyd(29221): android.widget.ImageView@407252b8: 2131558823 (98)
D/umd.troyd(29221): android.widget.LinearLayout@40725548: 2131558542 (99)
D/umd.troyd(29221): got command getViews
D/umd.troyd(29221): android.widget.FrameLayout@4071ca00: 16908290 (0)
D/umd.troyd(29221): android.widget.RelativeLayout@4071d440: 2131558603 (1)
D/umd.troyd(29221): android.widget.LinearLayout@4071d878: -1 (2)
D/umd.troyd(29221): com.walmart.android.ui.ViewStackLayout@4071ddc8: 2131558797 (3)
D/umd.troyd(29221): android.widget.RelativeLayout@4072ea88: -1 (4)
D/umd.troyd(29221): android.widget.RelativeLayout@4072eff0: 2131558790 (5)
D/umd.troyd(29221): android.widget.LinearLayout@4072fb70: 2131558790 (6)
D/umd.troyd(29221): android.widget.RelativeLayout@40730350: -1 (7)
D/umd.troyd(29221): android.widget.Button:  (8)
D/umd.troyd(29221): android.widget.TextView: Search a location (9)
D/umd.troyd(29221): android.widget.Button:  (10)
D/umd.troyd(29221): android.widget.Button:  (11)
D/umd.troyd(29221): android.widget.Button:  (12)
D/umd.troyd(29221): android.widget.RelativeLayout@40734c08: 2131558791 (13)
D/umd.troyd(29221): com.walmart.android.storelocator.StoreMapView@40735ea0: 2131558792 (14)
D/umd.troyd(29221): android.widget.ListView@4075aac0: 2131558521 (15)
D/umd.troyd(29221): android.widget.LinearLayout@40723e18: -1 (16)
D/umd.troyd(29221): android.widget.RelativeLayout@40723f68: -1 (17)
D/umd.troyd(29221): android.widget.RelativeLayout@40724240: -1 (18)
D/umd.troyd(29221): android.widget.TextView: Walmart Supercenter (19)
D/umd.troyd(29221): android.widget.TextView: 1521 N Cockrell Hill Rd (20)
D/umd.troyd(29221): android.widget.TextView: Dallas, TX 75211 (21)
D/umd.troyd(29221): android.widget.RelativeLayout@405d2068: -1 (22)
D/umd.troyd(29221): android.widget.LinearLayout@406f8738: 2131558801 (23)
D/umd.troyd(29221): android.widget.TextView: 10.69 (24)
D/umd.troyd(29221): android.widget.TextView: miles (25)
D/umd.troyd(29221): android.widget.TextView:  (26)
D/umd.troyd(29221): android.widget.ImageView@405c9fa8: 2131558517 (27)
D/umd.troyd(29221): android.widget.LinearLayout@406e9cc8: -1 (28)
D/umd.troyd(29221): android.widget.RelativeLayout@406e9eb8: -1 (29)
D/umd.troyd(29221): android.widget.RelativeLayout@406ea260: -1 (30)
D/umd.troyd(29221): android.widget.TextView: Neighborhood Market (31)
D/umd.troyd(29221): android.widget.TextView: 2305 N Central Expy (32)
D/umd.troyd(29221): android.widget.TextView: Dallas, TX 75204 (33)
D/umd.troyd(29221): android.widget.RelativeLayout@406eb570: -1 (34)
D/umd.troyd(29221): android.widget.LinearLayout@406eb980: 2131558801 (35)
D/umd.troyd(29221): android.widget.TextView: 11.41 (36)
D/umd.troyd(29221): android.widget.TextView: miles (37)
D/umd.troyd(29221): android.widget.TextView:  (38)
D/umd.troyd(29221): android.widget.ImageView@406eca38: 2131558517 (39)
D/umd.troyd(29221): android.widget.LinearLayout@406ee4c0: -1 (40)
D/umd.troyd(29221): android.widget.RelativeLayout@406ee6b0: -1 (41)
D/umd.troyd(29221): android.widget.RelativeLayout@406eea58: -1 (42)
D/umd.troyd(29221): android.widget.TextView: Walmart Supercenter (43)
D/umd.troyd(29221): android.widget.TextView: 12300 Lake June Rd (44)
D/umd.troyd(29221): android.widget.TextView: Balch Springs, TX 75180 (45)
D/umd.troyd(29221): android.widget.RelativeLayout@406efd68: -1 (46)
D/umd.troyd(29221): android.widget.LinearLayout@406f0178: 2131558801 (47)
D/umd.troyd(29221): android.widget.TextView: 11.59 (48)
D/umd.troyd(29221): android.widget.TextView: miles (49)
D/umd.troyd(29221): android.widget.TextView:  (50)
D/umd.troyd(29221): android.widget.ImageView@406f1230: 2131558517 (51)
D/umd.troyd(29221): android.widget.LinearLayout@406f2cc8: -1 (52)
D/umd.troyd(29221): android.widget.RelativeLayout@406f2eb8: -1 (53)
D/umd.troyd(29221): android.widget.RelativeLayout@406f3260: -1 (54)
D/umd.troyd(29221): android.widget.TextView: Walmart Supercenter (55)
D/umd.troyd(29221): android.widget.TextView: 1200 N Highway 77 (56)
D/umd.troyd(29221): android.widget.TextView: Waxahachie, TX 75165 (57)
D/umd.troyd(29221): android.widget.RelativeLayout@406f4570: -1 (58)
D/umd.troyd(29221): android.widget.LinearLayout@406f4980: 2131558801 (59)
D/umd.troyd(29221): android.widget.TextView: 11.89 (60)
D/umd.troyd(29221): android.widget.TextView: miles (61)
D/umd.troyd(29221): android.widget.TextView:  (62)
D/umd.troyd(29221): android.widget.ImageView@406f5a38: 2131558517 (63)
D/umd.troyd(29221): android.widget.LinearLayout@407dea38: -1 (64)
D/umd.troyd(29221): android.widget.RelativeLayout@407dec28: -1 (65)
D/umd.troyd(29221): android.widget.RelativeLayout@407defd0: -1 (66)
D/umd.troyd(29221): android.widget.TextView: Walmart Supercenter (67)
D/umd.troyd(29221): android.widget.TextView: 7401 Samuell Blvd (68)
D/umd.troyd(29221): android.widget.TextView: Dallas, TX 75228 (69)
D/umd.troyd(29221): android.widget.RelativeLayout@407e02e0: -1 (70)
D/umd.troyd(29221): android.widget.LinearLayout@407e06f0: 2131558801 (71)
D/umd.troyd(29221): android.widget.TextView: 12.20 (72)
D/umd.troyd(29221): android.widget.TextView: miles (73)
D/umd.troyd(29221): android.widget.TextView:  (74)
D/umd.troyd(29221): android.widget.ImageView@407e17a8: 2131558517 (75)
D/umd.troyd(29221): android.widget.LinearLayout@407e3230: -1 (76)
D/umd.troyd(29221): android.widget.RelativeLayout@407e3420: -1 (77)
D/umd.troyd(29221): android.widget.RelativeLayout@407e37c8: -1 (78)
D/umd.troyd(29221): android.widget.TextView: Neighborhood Market (79)
D/umd.troyd(29221): android.widget.TextView: 2218 Greenville Ave (80)
D/umd.troyd(29221): android.widget.TextView: Dallas, TX 75206 (81)
D/umd.troyd(29221): android.widget.RelativeLayout@407e4ad8: -1 (82)
D/umd.troyd(29221): android.widget.LinearLayout@407e4ee8: 2131558801 (83)
D/umd.troyd(29221): android.widget.TextView: 12.51 (84)
D/umd.troyd(29221): android.widget.TextView: miles (85)
D/umd.troyd(29221): android.widget.TextView:  (86)
D/umd.troyd(29221): android.widget.ImageView@407e5fa0: 2131558517 (87)
D/umd.troyd(29221): android.widget.RelativeLayout@4071fef8: 2131558541 (88)
D/umd.troyd(29221): android.widget.GridView@40720a70: 2131558824 (89)
D/umd.troyd(29221): android.widget.LinearLayout@40721bf0: 2131558538 (90)
D/umd.troyd(29221): android.widget.RelativeLayout@407225e8: 2131558818 (91)
D/umd.troyd(29221): android.widget.ImageButton@40722f38: 2131558819 (92)
D/umd.troyd(29221): android.widget.RelativeLayout@40723450: -1 (93)
D/umd.troyd(29221): android.widget.ImageView@40723840: 2131558820 (94)
D/umd.troyd(29221): android.widget.TextView: Stores (95)
D/umd.troyd(29221): android.widget.RelativeLayout@40724748: -1 (96)
D/umd.troyd(29221): android.widget.Button:  (97)
D/umd.troyd(29221): android.widget.ImageView@407252b8: 2131558823 (98)
D/umd.troyd(29221): android.widget.LinearLayout@40725548: 2131558542 (99)
D/umd.troyd(29221): got command getViews
D/umd.troyd(29221): android.widget.FrameLayout@4071ca00: 16908290 (0)
D/umd.troyd(29221): android.widget.RelativeLayout@4071d440: 2131558603 (1)
D/umd.troyd(29221): android.widget.LinearLayout@4071d878: -1 (2)
D/umd.troyd(29221): com.walmart.android.ui.ViewStackLayout@4071ddc8: 2131558797 (3)
D/umd.troyd(29221): android.widget.RelativeLayout@4072ea88: -1 (4)
D/umd.troyd(29221): android.widget.RelativeLayout@4072eff0: 2131558790 (5)
D/umd.troyd(29221): android.widget.LinearLayout@4072fb70: 2131558790 (6)
D/umd.troyd(29221): android.widget.RelativeLayout@40730350: -1 (7)
D/umd.troyd(29221): android.widget.Button:  (8)
D/umd.troyd(29221): android.widget.TextView: Search a location (9)
D/umd.troyd(29221): android.widget.Button:  (10)
D/umd.troyd(29221): android.widget.Button:  (11)
D/umd.troyd(29221): android.widget.Button:  (12)
D/umd.troyd(29221): android.widget.RelativeLayout@40734c08: 2131558791 (13)
D/umd.troyd(29221): com.walmart.android.storelocator.StoreMapView@40735ea0: 2131558792 (14)
D/umd.troyd(29221): android.widget.ListView@4075aac0: 2131558521 (15)
D/umd.troyd(29221): android.widget.LinearLayout@407e3230: -1 (16)
D/umd.troyd(29221): android.widget.RelativeLayout@407e3420: -1 (17)
D/umd.troyd(29221): android.widget.RelativeLayout@407e37c8: -1 (18)
D/umd.troyd(29221): android.widget.TextView: Neighborhood Market (19)
D/umd.troyd(29221): android.widget.TextView: 2218 Greenville Ave (20)
D/umd.troyd(29221): android.widget.TextView: Dallas, TX 75206 (21)
D/umd.troyd(29221): android.widget.RelativeLayout@407e4ad8: -1 (22)
D/umd.troyd(29221): android.widget.LinearLayout@407e4ee8: 2131558801 (23)
D/umd.troyd(29221): android.widget.TextView: 12.51 (24)
D/umd.troyd(29221): android.widget.TextView: miles (25)
D/umd.troyd(29221): android.widget.TextView:  (26)
D/umd.troyd(29221): android.widget.ImageView@407e5fa0: 2131558517 (27)
D/umd.troyd(29221): android.widget.LinearLayout@40624e00: -1 (28)
D/umd.troyd(29221): android.widget.RelativeLayout@40624f50: -1 (29)
D/umd.troyd(29221): android.widget.RelativeLayout@40640bb0: -1 (30)
D/umd.troyd(29221): android.widget.TextView: Walmart Supercenter (31)
D/umd.troyd(29221): android.widget.TextView: 2225 W Interstate 20 (32)
D/umd.troyd(29221): android.widget.TextView: Grand Prairie, TX 75052 (33)
D/umd.troyd(29221): android.widget.RelativeLayout@406c0e38: -1 (34)
D/umd.troyd(29221): android.widget.LinearLayout@406c0f90: 2131558801 (35)
D/umd.troyd(29221): android.widget.TextView: 12.94 (36)
D/umd.troyd(29221): android.widget.TextView: miles (37)
D/umd.troyd(29221): android.widget.TextView:  (38)
D/umd.troyd(29221): android.widget.ImageView@407ae8e8: 2131558517 (39)
D/umd.troyd(29221): android.widget.LinearLayout@407999f0: -1 (40)
D/umd.troyd(29221): android.widget.RelativeLayout@407aa9f0: -1 (41)
D/umd.troyd(29221): android.widget.RelativeLayout@407a7978: -1 (42)
D/umd.troyd(29221): android.widget.TextView: Walmart Supercenter (43)
D/umd.troyd(29221): android.widget.TextView: 220 N Highway 175 (44)
D/umd.troyd(29221): android.widget.TextView: Seagoville, TX 75159 (45)
D/umd.troyd(29221): android.widget.RelativeLayout@40703ea8: -1 (46)
D/umd.troyd(29221): android.widget.LinearLayout@4074e570: 2131558801 (47)
D/umd.troyd(29221): android.widget.TextView: 13.15 (48)
D/umd.troyd(29221): android.widget.TextView: miles (49)
D/umd.troyd(29221): android.widget.TextView:  (50)
D/umd.troyd(29221): android.widget.ImageView@4062f368: 2131558517 (51)
D/umd.troyd(29221): android.widget.LinearLayout@406c09c0: -1 (52)
D/umd.troyd(29221): android.widget.RelativeLayout@40714100: -1 (53)
D/umd.troyd(29221): android.widget.RelativeLayout@407941b8: -1 (54)
D/umd.troyd(29221): android.widget.TextView: Walmart Supercenter (55)
D/umd.troyd(29221): android.widget.TextView: 400 N Highway 67 (56)
D/umd.troyd(29221): android.widget.TextView: Midlothian, TX 76065 (57)
D/umd.troyd(29221): android.widget.RelativeLayout@4071cb58: -1 (58)
D/umd.troyd(29221): android.widget.LinearLayout@4071ce80: 2131558801 (59)
D/umd.troyd(29221): android.widget.TextView: 13.16 (60)
D/umd.troyd(29221): android.widget.TextView: miles (61)
D/umd.troyd(29221): android.widget.TextView:  (62)
D/umd.troyd(29221): android.widget.ImageView@407acfb8: 2131558517 (63)
D/umd.troyd(29221): android.widget.LinearLayout@4073ee18: -1 (64)
D/umd.troyd(29221): android.widget.RelativeLayout@4077ec78: -1 (65)
D/umd.troyd(29221): android.widget.RelativeLayout@4077ee90: -1 (66)
D/umd.troyd(29221): android.widget.TextView: Walmart Supercenter (67)
D/umd.troyd(29221): android.widget.TextView: 200 Us Highway 80 E (68)
D/umd.troyd(29221): android.widget.TextView: Mesquite, TX 75149 (69)
D/umd.troyd(29221): android.widget.RelativeLayout@4067af30: -1 (70)
D/umd.troyd(29221): android.widget.LinearLayout@4067b2b0: 2131558801 (71)
D/umd.troyd(29221): android.widget.TextView: 14.60 (72)
D/umd.troyd(29221): android.widget.TextView: miles (73)
D/umd.troyd(29221): android.widget.TextView:  (74)
D/umd.troyd(29221): android.widget.ImageView@4077b428: 2131558517 (75)
D/umd.troyd(29221): android.widget.LinearLayout@4061b958: -1 (76)
D/umd.troyd(29221): android.widget.RelativeLayout@4061bb48: -1 (77)
D/umd.troyd(29221): android.widget.RelativeLayout@4061a910: -1 (78)
D/umd.troyd(29221): android.widget.TextView: Neighborhood Market (79)
D/umd.troyd(29221): android.widget.TextView: 2275 Gus Thomasson Rd (80)
D/umd.troyd(29221): android.widget.TextView: Dallas, TX 75228 (81)
D/umd.troyd(29221): android.widget.RelativeLayout@4070f7f8: -1 (82)
D/umd.troyd(29221): android.widget.LinearLayout@407120e8: 2131558801 (83)
D/umd.troyd(29221): android.widget.TextView: 14.79 (84)
D/umd.troyd(29221): android.widget.TextView: miles (85)
D/umd.troyd(29221): android.widget.TextView:  (86)
D/umd.troyd(29221): android.widget.ImageView@4077f2e8: 2131558517 (87)
D/umd.troyd(29221): android.widget.RelativeLayout@4071fef8: 2131558541 (88)
D/umd.troyd(29221): android.widget.GridView@40720a70: 2131558824 (89)
D/umd.troyd(29221): android.widget.LinearLayout@40721bf0: 2131558538 (90)
D/umd.troyd(29221): android.widget.RelativeLayout@407225e8: 2131558818 (91)
D/umd.troyd(29221): android.widget.ImageButton@40722f38: 2131558819 (92)
D/umd.troyd(29221): android.widget.RelativeLayout@40723450: -1 (93)
D/umd.troyd(29221): android.widget.ImageView@40723840: 2131558820 (94)
D/umd.troyd(29221): android.widget.TextView: Stores (95)
D/umd.troyd(29221): android.widget.RelativeLayout@40724748: -1 (96)
D/umd.troyd(29221): android.widget.Button:  (97)
D/umd.troyd(29221): android.widget.ImageView@407252b8: 2131558823 (98)
D/umd.troyd(29221): android.widget.LinearLayout@40725548: 2131558542 (99)
D/umd.troyd(29221): got command getViews
D/umd.troyd(29221): android.widget.FrameLayout@4071ca00: 16908290 (0)
D/umd.troyd(29221): android.widget.RelativeLayout@4071d440: 2131558603 (1)
D/umd.troyd(29221): android.widget.LinearLayout@4071d878: -1 (2)
D/umd.troyd(29221): com.walmart.android.ui.ViewStackLayout@4071ddc8: 2131558797 (3)
D/umd.troyd(29221): android.widget.RelativeLayout@4072ea88: -1 (4)
D/umd.troyd(29221): android.widget.RelativeLayout@4072eff0: 2131558790 (5)
D/umd.troyd(29221): android.widget.LinearLayout@4072fb70: 2131558790 (6)
D/umd.troyd(29221): android.widget.RelativeLayout@40730350: -1 (7)
D/umd.troyd(29221): android.widget.Button:  (8)
D/umd.troyd(29221): android.widget.TextView: Search a location (9)
D/umd.troyd(29221): android.widget.Button:  (10)
D/umd.troyd(29221): android.widget.Button:  (11)
D/umd.troyd(29221): android.widget.Button:  (12)
D/umd.troyd(29221): android.widget.RelativeLayout@40734c08: 2131558791 (13)
D/umd.troyd(29221): com.walmart.android.storelocator.StoreMapView@40735ea0: 2131558792 (14)
D/umd.troyd(29221): android.widget.ListView@4075aac0: 2131558521 (15)
D/umd.troyd(29221): android.widget.LinearLayout@4061b958: -1 (16)
D/umd.troyd(29221): android.widget.RelativeLayout@4061bb48: -1 (17)
D/umd.troyd(29221): android.widget.RelativeLayout@4061a910: -1 (18)
D/umd.troyd(29221): android.widget.TextView: Neighborhood Market (19)
D/umd.troyd(29221): android.widget.TextView: 2275 Gus Thomasson Rd (20)
D/umd.troyd(29221): android.widget.TextView: Dallas, TX 75228 (21)
D/umd.troyd(29221): android.widget.RelativeLayout@4070f7f8: -1 (22)
D/umd.troyd(29221): android.widget.LinearLayout@407120e8: 2131558801 (23)
D/umd.troyd(29221): android.widget.TextView: 14.79 (24)
D/umd.troyd(29221): android.widget.TextView: miles (25)
D/umd.troyd(29221): android.widget.TextView:  (26)
D/umd.troyd(29221): android.widget.ImageView@4077f2e8: 2131558517 (27)
D/umd.troyd(29221): android.widget.LinearLayout@40723e18: -1 (28)
D/umd.troyd(29221): android.widget.RelativeLayout@40723f68: -1 (29)
D/umd.troyd(29221): android.widget.RelativeLayout@40724240: -1 (30)
D/umd.troyd(29221): android.widget.TextView: Neighborhood Market (31)
D/umd.troyd(29221): android.widget.TextView: 915 N Town East Blvd (32)
D/umd.troyd(29221): android.widget.TextView: Mesquite, TX 75150 (33)
D/umd.troyd(29221): android.widget.RelativeLayout@405d2068: -1 (34)
D/umd.troyd(29221): android.widget.LinearLayout@406f8738: 2131558801 (35)
D/umd.troyd(29221): android.widget.TextView: 15.15 (36)
D/umd.troyd(29221): android.widget.TextView: miles (37)
D/umd.troyd(29221): android.widget.TextView:  (38)
D/umd.troyd(29221): android.widget.ImageView@405c9fa8: 2131558517 (39)
D/umd.troyd(29221): android.widget.LinearLayout@406e9cc8: -1 (40)
D/umd.troyd(29221): android.widget.RelativeLayout@406e9eb8: -1 (41)
D/umd.troyd(29221): android.widget.RelativeLayout@406ea260: -1 (42)
D/umd.troyd(29221): android.widget.TextView: Walmart Supercenter (43)
D/umd.troyd(29221): android.widget.TextView: 6185 Retail Rd (44)
D/umd.troyd(29221): android.widget.TextView: Dallas, TX 75231 (45)
D/umd.troyd(29221): android.widget.RelativeLayout@406eb570: -1 (46)
D/umd.troyd(29221): android.widget.LinearLayout@406eb980: 2131558801 (47)
D/umd.troyd(29221): android.widget.TextView: 15.25 (48)
D/umd.troyd(29221): android.widget.TextView: miles (49)
D/umd.troyd(29221): android.widget.TextView:  (50)
D/umd.troyd(29221): android.widget.ImageView@406eca38: 2131558517 (51)
D/umd.troyd(29221): android.widget.LinearLayout@406ee4c0: -1 (52)
D/umd.troyd(29221): android.widget.RelativeLayout@406ee6b0: -1 (53)
D/umd.troyd(29221): android.widget.RelativeLayout@406eea58: -1 (54)
D/umd.troyd(29221): android.widget.TextView: Walmart Store (55)
D/umd.troyd(29221): android.widget.TextView: 9410 Webb Chapel Rd (56)
D/umd.troyd(29221): android.widget.TextView: Dallas, TX 75220 (57)
D/umd.troyd(29221): android.widget.RelativeLayout@406efd68: -1 (58)
D/umd.troyd(29221): android.widget.LinearLayout@406f0178: 2131558801 (59)
D/umd.troyd(29221): android.widget.TextView: 15.48 (60)
D/umd.troyd(29221): android.widget.TextView: miles (61)
D/umd.troyd(29221): android.widget.TextView:  (62)
D/umd.troyd(29221): android.widget.ImageView@406f1230: 2131558517 (63)
D/umd.troyd(29221): android.widget.LinearLayout@406f2cc8: -1 (64)
D/umd.troyd(29221): android.widget.RelativeLayout@406f2eb8: -1 (65)
D/umd.troyd(29221): android.widget.RelativeLayout@406f3260: -1 (66)
D/umd.troyd(29221): android.widget.TextView: Neighborhood Market (67)
D/umd.troyd(29221): android.widget.TextView: 2951 Matlock Rd (68)
D/umd.troyd(29221): android.widget.TextView: Mansfield, TX 76063 (69)
D/umd.troyd(29221): android.widget.RelativeLayout@406f4570: -1 (70)
D/umd.troyd(29221): android.widget.LinearLayout@406f4980: 2131558801 (71)
D/umd.troyd(29221): android.widget.TextView: 16.43 (72)
D/umd.troyd(29221): android.widget.TextView: miles (73)
D/umd.troyd(29221): android.widget.TextView:  (74)
D/umd.troyd(29221): android.widget.ImageView@406f5a38: 2131558517 (75)
D/umd.troyd(29221): android.widget.LinearLayout@407dea38: -1 (76)
D/umd.troyd(29221): android.widget.RelativeLayout@407dec28: -1 (77)
D/umd.troyd(29221): android.widget.RelativeLayout@407defd0: -1 (78)
D/umd.troyd(29221): android.widget.TextView: Neighborhood Market (79)
D/umd.troyd(29221): android.widget.TextView: 735 W Sublett Rd (80)
D/umd.troyd(29221): android.widget.TextView: Arlington, TX 76017 (81)
D/umd.troyd(29221): android.widget.RelativeLayout@407e02e0: -1 (82)
D/umd.troyd(29221): android.widget.LinearLayout@407e06f0: 2131558801 (83)
D/umd.troyd(29221): android.widget.TextView: 16.61 (84)
D/umd.troyd(29221): android.widget.TextView: miles (85)
D/umd.troyd(29221): android.widget.TextView:  (86)
D/umd.troyd(29221): android.widget.ImageView@407e17a8: 2131558517 (87)
D/umd.troyd(29221): android.widget.RelativeLayout@4071fef8: 2131558541 (88)
D/umd.troyd(29221): android.widget.GridView@40720a70: 2131558824 (89)
D/umd.troyd(29221): android.widget.LinearLayout@40721bf0: 2131558538 (90)
D/umd.troyd(29221): android.widget.RelativeLayout@407225e8: 2131558818 (91)
D/umd.troyd(29221): android.widget.ImageButton@40722f38: 2131558819 (92)
D/umd.troyd(29221): android.widget.RelativeLayout@40723450: -1 (93)
D/umd.troyd(29221): android.widget.ImageView@40723840: 2131558820 (94)
D/umd.troyd(29221): android.widget.TextView: Stores (95)
D/umd.troyd(29221): android.widget.RelativeLayout@40724748: -1 (96)
D/umd.troyd(29221): android.widget.Button:  (97)
D/umd.troyd(29221): android.widget.ImageView@407252b8: 2131558823 (98)
D/umd.troyd(29221): android.widget.LinearLayout@40725548: 2131558542 (99)
D/umd.troyd(29221): got command getViews
D/umd.troyd(29221): android.widget.FrameLayout@4071ca00: 16908290 (0)
D/umd.troyd(29221): android.widget.RelativeLayout@4071d440: 2131558603 (1)
D/umd.troyd(29221): android.widget.LinearLayout@4071d878: -1 (2)
D/umd.troyd(29221): com.walmart.android.ui.ViewStackLayout@4071ddc8: 2131558797 (3)
D/umd.troyd(29221): android.widget.RelativeLayout@4072ea88: -1 (4)
D/umd.troyd(29221): android.widget.RelativeLayout@4072eff0: 2131558790 (5)
D/umd.troyd(29221): android.widget.LinearLayout@4072fb70: 2131558790 (6)
D/umd.troyd(29221): android.widget.RelativeLayout@40730350: -1 (7)
D/umd.troyd(29221): android.widget.Button:  (8)
D/umd.troyd(29221): android.widget.TextView: Search a location (9)
D/umd.troyd(29221): android.widget.Button:  (10)
D/umd.troyd(29221): android.widget.Button:  (11)
D/umd.troyd(29221): android.widget.Button:  (12)
D/umd.troyd(29221): android.widget.RelativeLayout@40734c08: 2131558791 (13)
D/umd.troyd(29221): com.walmart.android.storelocator.StoreMapView@40735ea0: 2131558792 (14)
D/umd.troyd(29221): android.widget.ListView@4075aac0: 2131558521 (15)
D/umd.troyd(29221): android.widget.LinearLayout@407dea38: -1 (16)
D/umd.troyd(29221): android.widget.RelativeLayout@407dec28: -1 (17)
D/umd.troyd(29221): android.widget.RelativeLayout@407defd0: -1 (18)
D/umd.troyd(29221): android.widget.TextView: Neighborhood Market (19)
D/umd.troyd(29221): android.widget.TextView: 735 W Sublett Rd (20)
D/umd.troyd(29221): android.widget.TextView: Arlington, TX 76017 (21)
D/umd.troyd(29221): android.widget.RelativeLayout@407e02e0: -1 (22)
D/umd.troyd(29221): android.widget.LinearLayout@407e06f0: 2131558801 (23)
D/umd.troyd(29221): android.widget.TextView: 16.61 (24)
D/umd.troyd(29221): android.widget.TextView: miles (25)
D/umd.troyd(29221): android.widget.TextView:  (26)
D/umd.troyd(29221): android.widget.ImageView@407e17a8: 2131558517 (27)
D/umd.troyd(29221): android.widget.LinearLayout@407e3230: -1 (28)
D/umd.troyd(29221): android.widget.RelativeLayout@407e3420: -1 (29)
D/umd.troyd(29221): android.widget.RelativeLayout@407e37c8: -1 (30)
D/umd.troyd(29221): android.widget.TextView: Walmart Supercenter (31)
D/umd.troyd(29221): android.widget.TextView: 1801 Marketplace Dr (32)
D/umd.troyd(29221): android.widget.TextView: Garland, TX 75041 (33)
D/umd.troyd(29221): android.widget.RelativeLayout@407e4ad8: -1 (34)
D/umd.troyd(29221): android.widget.LinearLayout@407e4ee8: 2131558801 (35)
D/umd.troyd(29221): android.widget.TextView: 16.76 (36)
D/umd.troyd(29221): android.widget.TextView: miles (37)
D/umd.troyd(29221): android.widget.TextView:  (38)
D/umd.troyd(29221): android.widget.ImageView@407e5fa0: 2131558517 (39)
D/umd.troyd(29221): android.widget.LinearLayout@40624e00: -1 (40)
D/umd.troyd(29221): android.widget.RelativeLayout@40624f50: -1 (41)
D/umd.troyd(29221): android.widget.RelativeLayout@40640bb0: -1 (42)
D/umd.troyd(29221): android.widget.TextView: Walmart Supercenter (43)
D/umd.troyd(29221): android.widget.TextView: 555 W Interstate 30 (44)
D/umd.troyd(29221): android.widget.TextView: Garland, TX 75043 (45)
D/umd.troyd(29221): android.widget.RelativeLayout@406c0e38: -1 (46)
D/umd.troyd(29221): android.widget.LinearLayout@406c0f90: 2131558801 (47)
D/umd.troyd(29221): android.widget.TextView: 16.98 (48)
D/umd.troyd(29221): android.widget.TextView: miles (49)
D/umd.troyd(29221): android.widget.TextView:  (50)
D/umd.troyd(29221): android.widget.ImageView@407ae8e8: 2131558517 (51)
D/umd.troyd(29221): android.widget.LinearLayout@407999f0: -1 (52)
D/umd.troyd(29221): android.widget.RelativeLayout@407aa9f0: -1 (53)
D/umd.troyd(29221): android.widget.RelativeLayout@407a7978: -1 (54)
D/umd.troyd(29221): android.widget.TextView: Walmart Supercenter (55)
D/umd.troyd(29221): android.widget.TextView: 930 N Walnut Creek Dr Ste 800 (56)
D/umd.troyd(29221): android.widget.TextView: Mansfield, TX 76063 (57)
D/umd.troyd(29221): android.widget.RelativeLayout@40703ea8: -1 (58)
D/umd.troyd(29221): android.widget.LinearLayout@4074e570: 2131558801 (59)
D/umd.troyd(29221): android.widget.TextView: 17.30 (60)
D/umd.troyd(29221): android.widget.TextView: miles (61)
D/umd.troyd(29221): android.widget.TextView:  (62)
D/umd.troyd(29221): android.widget.ImageView@4062f368: 2131558517 (63)
D/umd.troyd(29221): android.widget.LinearLayout@406c09c0: -1 (64)
D/umd.troyd(29221): android.widget.RelativeLayout@40714100: -1 (65)
D/umd.troyd(29221): android.widget.RelativeLayout@407941b8: -1 (66)
D/umd.troyd(29221): android.widget.TextView: Walmart Supercenter (67)
D/umd.troyd(29221): android.widget.TextView: 4100 W Airport Fwy (68)
D/umd.troyd(29221): android.widget.TextView: Irving, TX 75062 (69)
D/umd.troyd(29221): android.widget.RelativeLayout@4071cb58: -1 (70)
D/umd.troyd(29221): android.widget.LinearLayout@4071ce80: 2131558801 (71)
D/umd.troyd(29221): android.widget.TextView: 17.41 (72)
D/umd.troyd(29221): android.widget.TextView: miles (73)
D/umd.troyd(29221): android.widget.TextView:  (74)
D/umd.troyd(29221): android.widget.ImageView@407acfb8: 2131558517 (75)
D/umd.troyd(29221): android.widget.LinearLayout@4073ee18: -1 (76)
D/umd.troyd(29221): android.widget.RelativeLayout@4077ec78: -1 (77)
D/umd.troyd(29221): android.widget.RelativeLayout@4077ee90: -1 (78)
D/umd.troyd(29221): android.widget.TextView: Walmart Supercenter (79)
D/umd.troyd(29221): android.widget.TextView: 915 E Randol Mill Rd (80)
D/umd.troyd(29221): android.widget.TextView: Arlington, TX 76011 (81)
D/umd.troyd(29221): android.widget.RelativeLayout@4067af30: -1 (82)
D/umd.troyd(29221): android.widget.LinearLayout@4067b2b0: 2131558801 (83)
D/umd.troyd(29221): android.widget.TextView: 17.45 (84)
D/umd.troyd(29221): android.widget.TextView: miles (85)
D/umd.troyd(29221): android.widget.TextView:  (86)
D/umd.troyd(29221): android.widget.ImageView@4077b428: 2131558517 (87)
D/umd.troyd(29221): android.widget.RelativeLayout@4071fef8: 2131558541 (88)
D/umd.troyd(29221): android.widget.GridView@40720a70: 2131558824 (89)
D/umd.troyd(29221): android.widget.LinearLayout@40721bf0: 2131558538 (90)
D/umd.troyd(29221): android.widget.RelativeLayout@407225e8: 2131558818 (91)
D/umd.troyd(29221): android.widget.ImageButton@40722f38: 2131558819 (92)
D/umd.troyd(29221): android.widget.RelativeLayout@40723450: -1 (93)
D/umd.troyd(29221): android.widget.ImageView@40723840: 2131558820 (94)
D/umd.troyd(29221): android.widget.TextView: Stores (95)
D/umd.troyd(29221): android.widget.RelativeLayout@40724748: -1 (96)
D/umd.troyd(29221): android.widget.Button:  (97)
D/umd.troyd(29221): android.widget.ImageView@407252b8: 2131558823 (98)
D/umd.troyd(29221): android.widget.LinearLayout@40725548: 2131558542 (99)
