android.widget.LinearLayout@40574480
android.widget.FrameLayout@40574c68
android.widget.TextView: Restaurant Finder
android.widget.FrameLayout@40575c50
android.widget.RelativeLayout@40576108
android.widget.TextView: Loading my location...
android.widget.TextView: No contents.
android.widget.LinearLayout@40576ff8
com.google.ads.AdView@40579350
g@4057b7e0
android.widget.ListView@405772c8
android.widget.LinearLayout@405ff8e8
android.widget.LinearLayout@405ffb00
android.widget.TextView: Suze
android.widget.LinearLayout@406001b8
android.widget.TextView: (214) 350-6135
android.widget.TextView: 0.74 Km
android.widget.TextView: 4345 West Northwest Highway Dallas, TX
android.widget.LinearLayout@405fd7b8
android.widget.LinearLayout@405fd9d0
android.widget.TextView: The Original Pancake House
android.widget.LinearLayout@405fe088
android.widget.TextView: (214) 351-2012
android.widget.TextView: 0.75 Km
android.widget.TextView: 4343 West Northwest Highway #375 Dallas, TX
android.widget.LinearLayout@405fb670
android.widget.LinearLayout@405fb888
android.widget.TextView: Subway
android.widget.LinearLayout@405fbf40
android.widget.TextView: (214) 357-3902
android.widget.TextView: 0.75 Km
android.widget.TextView: 4347 W Northwest Hwy # 150 Dallas, TX
android.widget.LinearLayout@405f98d0
android.widget.LinearLayout@405f9ae8
android.widget.TextView: La Madeleine
android.widget.LinearLayout@405fa1a0
android.widget.TextView: (214) 357-5621
android.widget.TextView: 0.77 Km
android.widget.TextView: #365 4343 West Northwest Highway, Dallas, TX
android.widget.LinearLayout@405f7788
android.widget.LinearLayout@405f79a0
android.widget.TextView: Howard Wang's China Grill
android.widget.LinearLayout@405f8058
android.widget.TextView: (214) 366-1606
android.widget.TextView: 0.81 Km
android.widget.TextView: 4343 West Northwest Highway #345 Dallas, TX
android.widget.LinearLayout@40574480
android.widget.FrameLayout@40574c68
android.widget.TextView: Restaurant Finder
android.widget.FrameLayout@40575c50
android.widget.RelativeLayout@40576108
android.widget.TextView: Loading my location...
android.widget.TextView: No contents.
android.widget.LinearLayout@40576ff8
com.google.ads.AdView@40579350
g@4057b7e0
android.widget.ListView@405772c8
android.widget.LinearLayout@405f7788
android.widget.LinearLayout@405f79a0
android.widget.TextView: Howard Wang's China Grill
android.widget.LinearLayout@405f8058
android.widget.TextView: (214) 366-1606
android.widget.TextView: 0.81 Km
android.widget.TextView: 4343 West Northwest Highway #345 Dallas, TX
android.widget.LinearLayout@40667648
android.widget.LinearLayout@40667860
android.widget.TextView: Balls Hamburgers
android.widget.LinearLayout@40667f18
android.widget.TextView: (214) 352-2525
android.widget.TextView: 0.81 Km
android.widget.TextView: 4343 W Northwest Hwy # 300 Dallas, TX
android.widget.LinearLayout@406693e8
android.widget.LinearLayout@40669600
android.widget.TextView: Honey Baked Ham
android.widget.LinearLayout@40669cb8
android.widget.TextView: (214) 351-1414
android.widget.TextView: 0.81 Km
android.widget.TextView: 4343 W Northwest Hwy # 330 Dallas, TX
android.widget.LinearLayout@4066b188
android.widget.LinearLayout@4066b3a0
android.widget.TextView: Fernando's Mexican Cuisine
android.widget.LinearLayout@4066ba70
android.widget.TextView: (214) 351-9010
android.widget.TextView: 0.86 Km
android.widget.TextView: 4347 West Northwest Highway #100 Dallas, TX
android.widget.LinearLayout@4066d2e8
android.widget.LinearLayout@4066d500
android.widget.TextView: Bugatti Ristorante
android.widget.LinearLayout@4066dbb8
android.widget.TextView: (214) 350-2470
android.widget.TextView: 1.04 Km
android.widget.TextView: 3802 West Northwest Highway Dallas, TX
android.widget.LinearLayout@40574480
android.widget.FrameLayout@40574c68
android.widget.TextView: Restaurant Finder
android.widget.FrameLayout@40575c50
android.widget.RelativeLayout@40576108
android.widget.TextView: Loading my location...
android.widget.TextView: No contents.
android.widget.LinearLayout@40576ff8
com.google.ads.AdView@40579350
g@4057b7e0
android.widget.ListView@405772c8
android.widget.LinearLayout@4066d2e8
android.widget.LinearLayout@4066d500
android.widget.TextView: Bugatti Ristorante
android.widget.LinearLayout@4066dbb8
android.widget.TextView: (214) 350-2470
android.widget.TextView: 1.04 Km
android.widget.TextView: 3802 West Northwest Highway Dallas, TX
android.widget.LinearLayout@405ff8e8
android.widget.LinearLayout@405ffb00
android.widget.TextView: Eden Restaurant & Pastries
android.widget.LinearLayout@406001b8
android.widget.TextView: (972) 267-3336
android.widget.TextView: 1.17 Km
android.widget.TextView: 4416 West Lovers Lane Dallas, TX
android.widget.LinearLayout@405fd7b8
android.widget.LinearLayout@405fd9d0
android.widget.TextView: Celebration Restaurant
android.widget.LinearLayout@405fe088
android.widget.TextView: (214) 351-5681
android.widget.TextView: 1.2 Km
android.widget.TextView: 4503 West Lovers Lane Dallas, TX
android.widget.LinearLayout@405fb670
android.widget.LinearLayout@405fb888
android.widget.TextView: Whataburger
android.widget.LinearLayout@405fbf40
android.widget.TextView: (214) 357-5684
android.widget.TextView: 1.4 Km
android.widget.TextView: 3710 West Northwest Highway Dallas, TX
android.widget.LinearLayout@405f98d0
android.widget.LinearLayout@405f9ae8
android.widget.TextView: Zio Cecio
android.widget.LinearLayout@405fa1a0
android.widget.TextView: (214) 351-1100
android.widget.TextView: 1.41 Km
android.widget.TextView: 4615 West Lovers Lane Dallas, TX
android.widget.LinearLayout@40519930
android.widget.LinearLayout@40598138
android.widget.TextView: El Real Restaurant
android.widget.LinearLayout@4052f3b8
android.widget.TextView: (214) 350-5002
android.widget.TextView: 1.5 Km
android.widget.TextView: 3701 W Northwest Hwy # 195 Dallas, TX
android.widget.LinearLayout@40574480
android.widget.FrameLayout@40574c68
android.widget.TextView: Restaurant Finder
android.widget.FrameLayout@40575c50
android.widget.RelativeLayout@40576108
android.widget.TextView: Loading my location...
android.widget.TextView: No contents.
android.widget.LinearLayout@40576ff8
com.google.ads.AdView@40579350
g@4057b7e0
android.widget.ListView@405772c8
android.widget.LinearLayout@40519930
android.widget.LinearLayout@40598138
android.widget.TextView: El Real Restaurant
android.widget.LinearLayout@4052f3b8
android.widget.TextView: (214) 350-5002
android.widget.TextView: 1.5 Km
android.widget.TextView: 3701 W Northwest Hwy # 195 Dallas, TX
android.widget.LinearLayout@405f7788
android.widget.LinearLayout@405f79a0
android.widget.TextView: McDonald's
android.widget.LinearLayout@405f8058
android.widget.TextView: (214) 654-0104
android.widget.TextView: 1.88 Km
android.widget.TextView: 8008 Cedar Springs Road Dallas, TX
android.widget.LinearLayout@40667648
android.widget.LinearLayout@40667860
android.widget.TextView: Neighborhood Services
android.widget.LinearLayout@40667f18
android.widget.TextView: (214) 350-5027
android.widget.TextView: 1.91 Km
android.widget.TextView: 5027 West Lovers Lane Dallas, TX
android.widget.LinearLayout@406693e8
android.widget.LinearLayout@40669600
android.widget.TextView: Rex's Seafood Market
android.widget.LinearLayout@40669cb8
android.widget.TextView: (214) 351-6363
android.widget.TextView: 2.07 Km
android.widget.TextView: 5200 West Lovers Lane Dallas, TX
android.widget.LinearLayout@4066b188
android.widget.LinearLayout@4066b3a0
android.widget.TextView: Chili's Grill & Bar
android.widget.LinearLayout@4066ba70
android.widget.TextView: (214) 352-5666
android.widget.TextView: 2.09 Km
android.widget.TextView: 8008 Cedar Springs Road Dallas, TX
android.widget.LinearLayout@4053a308
android.widget.LinearLayout@40545998
android.widget.TextView: Angela's Cafe
android.widget.LinearLayout@40546b50
android.widget.TextView: (214) 904-8122
android.widget.TextView: 2.09 Km
android.widget.TextView: 7979 Inwood Road Dallas, TX
android.widget.LinearLayout@40574480
android.widget.FrameLayout@40574c68
android.widget.TextView: Restaurant Finder
android.widget.FrameLayout@40575c50
android.widget.RelativeLayout@40576108
android.widget.TextView: Loading my location...
android.widget.TextView: No contents.
android.widget.LinearLayout@40576ff8
com.google.ads.AdView@40579350
g@4057b7e0
android.widget.ListView@405772c8
android.widget.LinearLayout@4053a308
android.widget.LinearLayout@40545998
android.widget.TextView: Angela's Cafe
android.widget.LinearLayout@40546b50
android.widget.TextView: (214) 904-8122
android.widget.TextView: 2.09 Km
android.widget.TextView: 7979 Inwood Road Dallas, TX
android.widget.LinearLayout@4066d2e8
android.widget.LinearLayout@4066d500
android.widget.TextView: Shinsei Restaurant
android.widget.LinearLayout@4066dbb8
android.widget.TextView: (214) 352-0005
android.widget.TextView: 2.19 Km
android.widget.TextView: 7713 Inwood Road Dallas, TX
android.widget.LinearLayout@405ff8e8
android.widget.LinearLayout@405ffb00
android.widget.TextView: Starbucks
android.widget.LinearLayout@406001b8
android.widget.TextView: (214) 654-0163
android.widget.TextView: 2.2 Km
android.widget.TextView: 5350 West Lovers Lane Dallas, TX
android.widget.LinearLayout@405fd7b8
android.widget.LinearLayout@405fd9d0
android.widget.TextView: Bijoux
android.widget.LinearLayout@405fe088
android.widget.TextView: (214) 350-6100
android.widget.TextView: 2.21 Km
android.widget.TextView: 5450 West Lovers Lane #225 Dallas, TX
android.widget.LinearLayout@405fb670
android.widget.LinearLayout@405fb888
android.widget.TextView: Fireside Pies-Inwood
android.widget.LinearLayout@405fbf40
android.widget.TextView: (214) 357-3800
android.widget.TextView: 2.21 Km
android.widget.TextView: 7709 Inwood Road Dallas, TX
android.widget.LinearLayout@405f98d0
android.widget.LinearLayout@405f9ae8
android.widget.TextView: Rise N°1
android.widget.LinearLayout@405fa1a0
android.widget.TextView: (214) 366-9900
android.widget.TextView: 2.22 Km
android.widget.TextView: 5360 West Lovers Lane #220 Dallas, TX
android.widget.LinearLayout@40574480
android.widget.FrameLayout@40574c68
android.widget.TextView: Restaurant Finder
android.widget.FrameLayout@40575c50
android.widget.RelativeLayout@40576108
android.widget.TextView: Loading my location...
android.widget.TextView: No contents.
android.widget.LinearLayout@40576ff8
com.google.ads.AdView@40579350
g@4057b7e0
android.widget.ListView@405772c8
android.widget.LinearLayout@405f98d0
android.widget.LinearLayout@405f9ae8
android.widget.TextView: Rise N°1
android.widget.LinearLayout@405fa1a0
android.widget.TextView: (214) 366-9900
android.widget.TextView: 2.22 Km
android.widget.TextView: 5360 West Lovers Lane #220 Dallas, TX
android.widget.LinearLayout@40519930
android.widget.LinearLayout@40598138
android.widget.TextView: Campisi's Restaurant
android.widget.LinearLayout@4052f3b8
android.widget.TextView: (214) 350-2595
android.widget.TextView: 2.23 Km
android.widget.TextView: 5405 West Lovers Lane Dallas, TX
android.widget.LinearLayout@405f7788
android.widget.LinearLayout@405f79a0
android.widget.TextView: Dunston's Steakhouse & Bar
android.widget.LinearLayout@405f8058
android.widget.TextView: (214) 352-8320
android.widget.TextView: 2.28 Km
android.widget.TextView: 5423 West Lovers Lane Dallas, TX
android.widget.LinearLayout@40667648
android.widget.LinearLayout@40667860
android.widget.TextView: Cafe Istanbul
android.widget.LinearLayout@40667f18
android.widget.TextView: (214) 902-0919
android.widget.TextView: 2.29 Km
android.widget.TextView: 5450 West Lovers Lane Dallas, TX
android.widget.LinearLayout@406693e8
android.widget.LinearLayout@40669600
android.widget.TextView: Cantina Laredo
android.widget.LinearLayout@40669cb8
android.widget.TextView: (214) 350-5227
android.widget.TextView: 2.3 Km
android.widget.TextView: 165 Inwood Village Dallas, TX
android.widget.LinearLayout@4066b188
android.widget.LinearLayout@4066b3a0
android.widget.TextView: Empire Baking Co
android.widget.LinearLayout@4066ba70
android.widget.TextView: (214) 350-0007
android.widget.TextView: 2.34 Km
android.widget.TextView: 5450 West Lovers Lane Dallas, TX
android.widget.LinearLayout@40574480
android.widget.FrameLayout@40574c68
android.widget.TextView: Restaurant Finder
android.widget.FrameLayout@40575c50
android.widget.RelativeLayout@40576108
android.widget.TextView: Loading my location...
android.widget.TextView: No contents.
android.widget.LinearLayout@40576ff8
com.google.ads.AdView@40579350
g@4057b7e0
android.widget.ListView@405772c8
android.widget.LinearLayout@406693e8
android.widget.LinearLayout@40669600
android.widget.TextView: Cantina Laredo
android.widget.LinearLayout@40669cb8
android.widget.TextView: (214) 350-5227
android.widget.TextView: 2.3 Km
android.widget.TextView: 165 Inwood Village Dallas, TX
android.widget.LinearLayout@4066b188
android.widget.LinearLayout@4066b3a0
android.widget.TextView: Empire Baking Co
android.widget.LinearLayout@4066ba70
android.widget.TextView: (214) 350-0007
android.widget.TextView: 2.34 Km
android.widget.TextView: 5450 West Lovers Lane Dallas, TX
android.widget.LinearLayout@4053a308
android.widget.LinearLayout@40545998
android.widget.TextView: Bread Winners Cafe & Bakery
android.widget.LinearLayout@40546b50
android.widget.TextView: (214) 351-3339
android.widget.TextView: 2.45 Km
android.widget.TextView: Inwood Theatre 5560 West Lovers Lane, Dallas, TX
android.widget.LinearLayout@4066d2e8
android.widget.LinearLayout@4066d500
android.widget.TextView: Lover's Pizza & Pasta
android.widget.LinearLayout@4066dbb8
android.widget.TextView: (214) 353-0509
android.widget.TextView: 2.47 Km
android.widget.TextView: 5605 West Lovers Lane Dallas, TX
android.widget.LinearLayout@405ff8e8
android.widget.LinearLayout@405ffb00
android.widget.TextView: Stratos
android.widget.LinearLayout@406001b8
android.widget.TextView: (214) 352-3321
android.widget.TextView: 2.87 Km
android.widget.TextView: 2907 West Northwest Highway Dallas, TX
