android.widget.FrameLayout@405f9620
android.widget.RelativeLayout@405fa0d0
android.widget.RelativeLayout@405fa4b8
android.widget.ImageView@405fa910
android.widget.RelativeLayout@405678c0
android.widget.RelativeLayout@405bdc58
android.widget.TextView: Search gas prices by city or zip:
android.widget.Button: 
android.widget.AutoCompleteTextView: 
android.widget.RelativeLayout@405ecc90
com.google.ads.AdView@405568d0
android.gesture.GestureOverlayView@4058a128
android.widget.FrameLayout@405e8e98
com.google.ads.internal.AdWebView@405930c8
android.widget.RelativeLayout@405ede08
gbis.gbandroid.views.layouts.DnDGridView@40587338
android.widget.RelativeLayout@4056cd40
android.widget.ImageView@405dc460
android.widget.TextView: Settings
android.widget.ImageView@405e8638
android.widget.RelativeLayout@405ed118
android.widget.ImageView@405e8480
android.widget.TextView: Log In
android.widget.ImageView@40552798
android.widget.RelativeLayout@4050e240
android.widget.RelativeLayout@4055dac0
android.widget.ImageView@405bd438
android.widget.TextView: Find Gas Near Me
android.widget.ImageView@4058d640
