android.widget.FrameLayout@405fad20
android.widget.RelativeLayout@405fb7d0
android.widget.RelativeLayout@405fbbb8
android.widget.ImageView@405fc010
android.widget.RelativeLayout@40568fc0
android.widget.RelativeLayout@405bf358
android.widget.TextView: Search gas prices by city or zip:
android.widget.Button: 
android.widget.AutoCompleteTextView: 
android.widget.RelativeLayout@405ee390
com.google.ads.AdView@40557fd0
android.gesture.GestureOverlayView@4058b828
android.widget.FrameLayout@405ea598
com.google.ads.internal.AdWebView@405947c8
android.widget.RelativeLayout@405ef508
gbis.gbandroid.views.layouts.DnDGridView@40588a38
android.widget.RelativeLayout@4056e440
android.widget.ImageView@405ddb60
android.widget.TextView: Settings
android.widget.ImageView@405e9d38
android.widget.RelativeLayout@405ee818
android.widget.ImageView@405e9b80
android.widget.TextView: Log In
android.widget.ImageView@40553d58
android.widget.RelativeLayout@4050f940
android.widget.RelativeLayout@4055f1c0
android.widget.ImageView@405beb38
android.widget.TextView: Find Gas Near Me
android.widget.ImageView@4058ed40
