android.widget.FrameLayout@40581078
android.widget.LinearLayout@40581b28
android.widget.FrameLayout@40581dd8
android.widget.ImageView@40582088
android.widget.RelativeLayout@40582520
android.widget.ImageButton@40582b30
android.widget.EditText: 
android.widget.Button: Map
android.widget.RelativeLayout@405861e0
android.widget.EditText: 
android.widget.Button: Cancel
android.widget.RelativeLayout@405885f0
android.widget.LinearLayout@40588998
android.widget.TextView: Locations
com.google.android.maps.MapView@4058a190
android.widget.LinearLayout@405174d8
android.widget.TextView: Locations
android.widget.ScrollView@40539120
android.widget.TableLayout@4057ebd0
android.widget.TableRow@4061b870
android.widget.ImageView@40523a80
android.widget.TextView: 1568 FAIRFIELD RD
android.widget.TextView: 86 mi
android.widget.TableRow@406153c0
android.widget.ImageView@40615868
android.widget.TextView: 2187 OAK BAY AVE UNIT 107
android.widget.TextView: 87 mi
android.widget.TableRow@40611648
android.widget.ImageView@40636b50
android.widget.TextView: 2000 CADBORO BAY RD
android.widget.TextView: 87 mi
android.widget.TableRow@406379f0
android.widget.ImageView@40637e98
android.widget.TextView: 1080 DOUGLAS ST
android.widget.TextView: 88 mi
android.widget.TableRow@406100b0
android.widget.ImageView@40610558
android.widget.TextView: 1150 DOUGLAS ST
android.widget.TextView: 88 mi
android.widget.TableRow@40619318
android.widget.ImageView@406197c0
android.widget.TextView: 182 WILSON ST UNIT 100
android.widget.TextView: 89 mi
android.widget.TableRow@40621158
android.widget.ImageView@4061ab18
android.widget.TextView: 3675 SHELBOURNE STREET
android.widget.TextView: 89 mi
android.widget.TableRow@406293c0
android.widget.ImageView@40629868
android.widget.TextView: 811 ROYAL OAK DRIVE
android.widget.TextView: 90 mi
android.widget.TableRow@40635640
android.widget.ImageView@40635ae8
android.widget.TextView: 3530 BLANSHARD ST
android.widget.TextView: 90 mi
android.widget.TableRow@4062cfa0
android.widget.ImageView@4062d448
android.widget.TextView: 309 BURNSIDE RD W
android.widget.TextView: 90 mi
android.widget.TableRow@40613b20
android.widget.ImageView@40613fc8
android.widget.TextView: 4000 QUADRA ST
android.widget.TextView: 91 mi
android.widget.TableRow@4060e050
android.widget.ImageView@40572e10
android.widget.TextView: 2945 JACKLIN RD UNIT 860
android.widget.TextView: 92 mi
android.widget.TableRow@40573c60
android.widget.ImageView@40617578
android.widget.TextView: 2401G MILLSTREAM RD UNIT 149
android.widget.TextView: 93 mi
android.widget.TableRow@40618488
android.widget.ImageView@40571500
android.widget.TextView: 6670 SOOKE RD
android.widget.TextView: 94 mi
android.widget.TableRow@405723b0
android.widget.ImageView@4062fee0
android.widget.TextView: 2406 BEACON AVE
android.widget.TextView: 102 mi
android.widget.TableRow@40630db8
android.widget.ImageView@406233d0
android.widget.TextView: 351 TRANS CANADA HIGHWAY U#1
android.widget.TextView: 116 mi
android.widget.TableRow@40624250
android.widget.ImageView@4061eb70
android.widget.TextView: 15110 NORTH BLUFF RD
android.widget.TextView: 121 mi
android.widget.TableRow@4061f9c8
android.widget.ImageView@406332b0
android.widget.TextView: 32817 SOUTH FRASER WAY
android.widget.TextView: 121 mi
android.widget.TableRow@40634108
android.widget.ImageView@406345b0
android.widget.TextView: 2130 SUMAS WAY
android.widget.TextView: 121 mi
android.widget.TableRow@4050b218
android.widget.ImageView@4050b6c0
android.widget.TextView: 2298 WHATCOM RD
android.widget.TextView: 122 mi
android.widget.FrameLayout@4054e1b0
android.widget.ImageView@40527b08
android.widget.Button: Filter
android.widget.LinearLayout@40535110
android.widget.FrameLayout@405742f0
android.widget.ImageView@4057a518
android.widget.Button: Filter
android.widget.FrameLayout@4057adb8
android.widget.Button: Done
android.widget.FrameLayout@4061c2f0
android.widget.ImageView@4057e130
android.widget.TextView: Stores
android.widget.ImageView@4057e740
android.widget.FrameLayout@4062a5a8
android.widget.ImageView@40586f30
android.widget.TextView: ATMs
android.widget.ImageView@406125e8
android.widget.FrameLayout@40581078
android.widget.LinearLayout@40581b28
android.widget.FrameLayout@40581dd8
android.widget.ImageView@40582088
android.widget.RelativeLayout@40582520
android.widget.ImageButton@40582b30
android.widget.EditText: 
android.widget.Button: Map
android.widget.RelativeLayout@405861e0
android.widget.EditText: 
android.widget.Button: Cancel
android.widget.RelativeLayout@405885f0
android.widget.LinearLayout@40588998
android.widget.TextView: Locations
com.google.android.maps.MapView@4058a190
android.widget.LinearLayout@405174d8
android.widget.TextView: Locations
android.widget.ScrollView@40539120
android.widget.TableLayout@4057ebd0
android.widget.TableRow@4061b870
android.widget.ImageView@40523a80
android.widget.TextView: 1568 FAIRFIELD RD
android.widget.TextView: 86 mi
android.widget.TableRow@406153c0
android.widget.ImageView@40615868
android.widget.TextView: 2187 OAK BAY AVE UNIT 107
android.widget.TextView: 87 mi
android.widget.TableRow@40611648
android.widget.ImageView@40636b50
android.widget.TextView: 2000 CADBORO BAY RD
android.widget.TextView: 87 mi
android.widget.TableRow@406379f0
android.widget.ImageView@40637e98
android.widget.TextView: 1080 DOUGLAS ST
android.widget.TextView: 88 mi
android.widget.TableRow@406100b0
android.widget.ImageView@40610558
android.widget.TextView: 1150 DOUGLAS ST
android.widget.TextView: 88 mi
android.widget.TableRow@40619318
android.widget.ImageView@406197c0
android.widget.TextView: 182 WILSON ST UNIT 100
android.widget.TextView: 89 mi
android.widget.TableRow@40621158
android.widget.ImageView@4061ab18
android.widget.TextView: 3675 SHELBOURNE STREET
android.widget.TextView: 89 mi
android.widget.TableRow@406293c0
android.widget.ImageView@40629868
android.widget.TextView: 811 ROYAL OAK DRIVE
android.widget.TextView: 90 mi
android.widget.TableRow@40635640
android.widget.ImageView@40635ae8
android.widget.TextView: 3530 BLANSHARD ST
android.widget.TextView: 90 mi
android.widget.TableRow@4062cfa0
android.widget.ImageView@4062d448
android.widget.TextView: 309 BURNSIDE RD W
android.widget.TextView: 90 mi
android.widget.TableRow@40613b20
android.widget.ImageView@40613fc8
android.widget.TextView: 4000 QUADRA ST
android.widget.TextView: 91 mi
android.widget.TableRow@4060e050
android.widget.ImageView@40572e10
android.widget.TextView: 2945 JACKLIN RD UNIT 860
android.widget.TextView: 92 mi
android.widget.TableRow@40573c60
android.widget.ImageView@40617578
android.widget.TextView: 2401G MILLSTREAM RD UNIT 149
android.widget.TextView: 93 mi
android.widget.TableRow@40618488
android.widget.ImageView@40571500
android.widget.TextView: 6670 SOOKE RD
android.widget.TextView: 94 mi
android.widget.TableRow@405723b0
android.widget.ImageView@4062fee0
android.widget.TextView: 2406 BEACON AVE
android.widget.TextView: 102 mi
android.widget.TableRow@40630db8
android.widget.ImageView@406233d0
android.widget.TextView: 351 TRANS CANADA HIGHWAY U#1
android.widget.TextView: 116 mi
android.widget.TableRow@40624250
android.widget.ImageView@4061eb70
android.widget.TextView: 15110 NORTH BLUFF RD
android.widget.TextView: 121 mi
android.widget.TableRow@4061f9c8
android.widget.ImageView@406332b0
android.widget.TextView: 32817 SOUTH FRASER WAY
android.widget.TextView: 121 mi
android.widget.TableRow@40634108
android.widget.ImageView@406345b0
android.widget.TextView: 2130 SUMAS WAY
android.widget.TextView: 121 mi
android.widget.TableRow@4050b218
android.widget.ImageView@4050b6c0
android.widget.TextView: 2298 WHATCOM RD
android.widget.TextView: 122 mi
android.widget.FrameLayout@4054e1b0
android.widget.ImageView@40527b08
android.widget.Button: Filter
android.widget.LinearLayout@40535110
android.widget.FrameLayout@405742f0
android.widget.ImageView@4057a518
android.widget.Button: Filter
android.widget.FrameLayout@4057adb8
android.widget.Button: Done
android.widget.FrameLayout@4061c2f0
android.widget.ImageView@4057e130
android.widget.TextView: Stores
android.widget.ImageView@4057e740
android.widget.FrameLayout@4062a5a8
android.widget.ImageView@40586f30
android.widget.TextView: ATMs
android.widget.ImageView@406125e8
android.widget.FrameLayout@40581078
android.widget.LinearLayout@40581b28
android.widget.FrameLayout@40581dd8
android.widget.ImageView@40582088
android.widget.RelativeLayout@40582520
android.widget.ImageButton@40582b30
android.widget.EditText: 
android.widget.Button: Map
android.widget.RelativeLayout@405861e0
android.widget.EditText: 
android.widget.Button: Cancel
android.widget.RelativeLayout@405885f0
android.widget.LinearLayout@40588998
android.widget.TextView: Locations
com.google.android.maps.MapView@4058a190
android.widget.LinearLayout@405174d8
android.widget.TextView: Locations
android.widget.ScrollView@40539120
android.widget.TableLayout@4057ebd0
android.widget.TableRow@4061b870
android.widget.ImageView@40523a80
android.widget.TextView: 1568 FAIRFIELD RD
android.widget.TextView: 86 mi
android.widget.TableRow@406153c0
android.widget.ImageView@40615868
android.widget.TextView: 2187 OAK BAY AVE UNIT 107
android.widget.TextView: 87 mi
android.widget.TableRow@40611648
android.widget.ImageView@40636b50
android.widget.TextView: 2000 CADBORO BAY RD
android.widget.TextView: 87 mi
android.widget.TableRow@406379f0
android.widget.ImageView@40637e98
android.widget.TextView: 1080 DOUGLAS ST
android.widget.TextView: 88 mi
android.widget.TableRow@406100b0
android.widget.ImageView@40610558
android.widget.TextView: 1150 DOUGLAS ST
android.widget.TextView: 88 mi
android.widget.TableRow@40619318
android.widget.ImageView@406197c0
android.widget.TextView: 182 WILSON ST UNIT 100
android.widget.TextView: 89 mi
android.widget.TableRow@40621158
android.widget.ImageView@4061ab18
android.widget.TextView: 3675 SHELBOURNE STREET
android.widget.TextView: 89 mi
android.widget.TableRow@406293c0
android.widget.ImageView@40629868
android.widget.TextView: 811 ROYAL OAK DRIVE
android.widget.TextView: 90 mi
android.widget.TableRow@40635640
android.widget.ImageView@40635ae8
android.widget.TextView: 3530 BLANSHARD ST
android.widget.TextView: 90 mi
android.widget.TableRow@4062cfa0
android.widget.ImageView@4062d448
android.widget.TextView: 309 BURNSIDE RD W
android.widget.TextView: 90 mi
android.widget.TableRow@40613b20
android.widget.ImageView@40613fc8
android.widget.TextView: 4000 QUADRA ST
android.widget.TextView: 91 mi
android.widget.TableRow@4060e050
android.widget.ImageView@40572e10
android.widget.TextView: 2945 JACKLIN RD UNIT 860
android.widget.TextView: 92 mi
android.widget.TableRow@40573c60
android.widget.ImageView@40617578
android.widget.TextView: 2401G MILLSTREAM RD UNIT 149
android.widget.TextView: 93 mi
android.widget.TableRow@40618488
android.widget.ImageView@40571500
android.widget.TextView: 6670 SOOKE RD
android.widget.TextView: 94 mi
android.widget.TableRow@405723b0
android.widget.ImageView@4062fee0
android.widget.TextView: 2406 BEACON AVE
android.widget.TextView: 102 mi
android.widget.TableRow@40630db8
android.widget.ImageView@406233d0
android.widget.TextView: 351 TRANS CANADA HIGHWAY U#1
android.widget.TextView: 116 mi
android.widget.TableRow@40624250
android.widget.ImageView@4061eb70
android.widget.TextView: 15110 NORTH BLUFF RD
android.widget.TextView: 121 mi
android.widget.TableRow@4061f9c8
android.widget.ImageView@406332b0
android.widget.TextView: 32817 SOUTH FRASER WAY
android.widget.TextView: 121 mi
android.widget.TableRow@40634108
android.widget.ImageView@406345b0
android.widget.TextView: 2130 SUMAS WAY
android.widget.TextView: 121 mi
android.widget.TableRow@4050b218
android.widget.ImageView@4050b6c0
android.widget.TextView: 2298 WHATCOM RD
android.widget.TextView: 122 mi
android.widget.FrameLayout@4054e1b0
android.widget.ImageView@40527b08
android.widget.Button: Filter
android.widget.LinearLayout@40535110
android.widget.FrameLayout@405742f0
android.widget.ImageView@4057a518
android.widget.Button: Filter
android.widget.FrameLayout@4057adb8
android.widget.Button: Done
android.widget.FrameLayout@4061c2f0
android.widget.ImageView@4057e130
android.widget.TextView: Stores
android.widget.ImageView@4057e740
android.widget.FrameLayout@4062a5a8
android.widget.ImageView@40586f30
android.widget.TextView: ATMs
android.widget.ImageView@406125e8
