android.widget.FrameLayout@4063dd40
android.widget.RelativeLayout@4065aab0
android.widget.LinearLayout@4065b020
android.widget.LinearLayout@4065b590
android.widget.LinearLayout@4065c328
android.widget.RelativeLayout@4065d0c0
android.widget.LinearLayout@4065d678
android.widget.LinearLayout@4065f700
android.widget.ImageView@40660040
android.widget.TextView: Local Listings
android.widget.RelativeLayout@40661008
android.widget.Button: Map
android.widget.ViewFlipper@40661ae8
android.widget.FrameLayout@40663060
android.widget.RelativeLayout@40663318
android.widget.TextView: Pharmacy Results
android.widget.LinearLayout@406643c0
android.widget.ProgressBar@406648d8
android.widget.ListView@405f36a0
android.widget.RelativeLayout@405b3e10
android.widget.ImageView@405b41b0
android.widget.TextView: Solaris Pharmacy
android.widget.TextView: 2300 S Fm 51
android.widget.TextView: Decatur,TX 76234
android.widget.TextView: 0.7Miles
android.widget.RelativeLayout@40517760
android.widget.ImageView@40566240
android.widget.TextView: S And J Pharmacy
android.widget.TextView: 1101 W Eagle Dr Ste 
android.widget.TextView: Decatur,TX 76234
android.widget.TextView: 1.1Miles
android.widget.RelativeLayout@405ad0d8
android.widget.ImageView@405bacf0
android.widget.TextView: Renshaw Drug
android.widget.TextView: 800 Medical Center D
android.widget.TextView: Decatur,TX 76234
android.widget.TextView: 1.8Miles
android.widget.RelativeLayout@405e1010
android.widget.ImageView@405e1390
android.widget.TextView: Wise Regional Health Sys Phcy
android.widget.TextView: 609 Medical Center D
android.widget.TextView: Decatur,TX 76234
android.widget.TextView: 1.8Miles
android.widget.LinearLayout@40666c30
android.widget.Button: Sort
android.widget.RelativeLayout@40667f38
com.google.android.maps.MapView@406694f8
android.widget.FrameLayout@4063dd40
android.widget.RelativeLayout@4065aab0
android.widget.LinearLayout@4065b020
android.widget.LinearLayout@4065b590
android.widget.LinearLayout@4065c328
android.widget.RelativeLayout@4065d0c0
android.widget.LinearLayout@4065d678
android.widget.LinearLayout@4065f700
android.widget.ImageView@40660040
android.widget.TextView: Local Listings
android.widget.RelativeLayout@40661008
android.widget.Button: Map
android.widget.ViewFlipper@40661ae8
android.widget.FrameLayout@40663060
android.widget.RelativeLayout@40663318
android.widget.TextView: Pharmacy Results
android.widget.LinearLayout@406643c0
android.widget.ProgressBar@406648d8
android.widget.ListView@405f36a0
android.widget.RelativeLayout@405e1010
android.widget.ImageView@405e1390
android.widget.TextView: Wise Regional Health Sys Phcy
android.widget.TextView: 609 Medical Center D
android.widget.TextView: Decatur,TX 76234
android.widget.TextView: 1.8Miles
android.widget.RelativeLayout@406a27c8
android.widget.ImageView@406a2b20
android.widget.TextView: Walmart Pharmacy #421
android.widget.TextView: 800 S US Hwy 81287
android.widget.TextView: Decatur,TX 76234
android.widget.TextView: 3.4Miles
android.widget.RelativeLayout@4055de20
android.widget.ImageView@40566d28
android.widget.TextView: Rhome Pharmacy
android.widget.TextView: 450 S Main St
android.widget.TextView: Rhome,TX 76078
android.widget.TextView: 7.6Miles
android.widget.RelativeLayout@406cf960
android.widget.ImageView@4060d0e0
android.widget.TextView: IGA Medicine Store
android.widget.TextView: 200 W Rock Island Av
android.widget.TextView: Boyd,TX 76023
android.widget.TextView: 9.0Miles
android.widget.LinearLayout@40666c30
android.widget.Button: Sort
android.widget.RelativeLayout@40667f38
com.google.android.maps.MapView@406694f8
android.widget.FrameLayout@4063dd40
android.widget.RelativeLayout@4065aab0
android.widget.LinearLayout@4065b020
android.widget.LinearLayout@4065b590
android.widget.LinearLayout@4065c328
android.widget.RelativeLayout@4065d0c0
android.widget.LinearLayout@4065d678
android.widget.LinearLayout@4065f700
android.widget.ImageView@40660040
android.widget.TextView: Local Listings
android.widget.RelativeLayout@40661008
android.widget.Button: Map
android.widget.ViewFlipper@40661ae8
android.widget.FrameLayout@40663060
android.widget.RelativeLayout@40663318
android.widget.TextView: Pharmacy Results
android.widget.LinearLayout@406643c0
android.widget.ProgressBar@406648d8
android.widget.ListView@405f36a0
android.widget.RelativeLayout@406cf960
android.widget.ImageView@4060d0e0
android.widget.TextView: IGA Medicine Store
android.widget.TextView: 200 W Rock Island Av
android.widget.TextView: Boyd,TX 76023
android.widget.TextView: 9.0Miles
android.widget.RelativeLayout@405b3e10
android.widget.ImageView@405b41b0
android.widget.TextView: Valu-Rite Pharmacy
android.widget.TextView: 709 Woodrow Wilson R
android.widget.TextView: Bridgeport,TX 76426
android.widget.TextView: 10.7Mile
android.widget.RelativeLayout@40517760
android.widget.ImageView@40566240
android.widget.TextView: Brookshire's Pharmacy # 5
android.widget.TextView: 1203 US Highway 380
android.widget.TextView: Bridgeport,TX 76426
android.widget.TextView: 12.9Mile
android.widget.RelativeLayout@405ad0d8
android.widget.ImageView@405bacf0
android.widget.TextView: Justin Pharmacy
android.widget.TextView: 120 W 4th St
android.widget.TextView: Justin,TX 76247
android.widget.TextView: 17.0Mile
android.widget.LinearLayout@40666c30
android.widget.Button: Sort
android.widget.RelativeLayout@40667f38
com.google.android.maps.MapView@406694f8
android.widget.FrameLayout@4063dd40
android.widget.RelativeLayout@4065aab0
android.widget.LinearLayout@4065b020
android.widget.LinearLayout@4065b590
android.widget.LinearLayout@4065c328
android.widget.RelativeLayout@4065d0c0
android.widget.LinearLayout@4065d678
android.widget.LinearLayout@4065f700
android.widget.ImageView@40660040
android.widget.TextView: Local Listings
android.widget.RelativeLayout@40661008
android.widget.Button: Map
android.widget.ViewFlipper@40661ae8
android.widget.FrameLayout@40663060
android.widget.RelativeLayout@40663318
android.widget.TextView: Pharmacy Results
android.widget.LinearLayout@406643c0
android.widget.ProgressBar@406648d8
android.widget.ListView@405f36a0
android.widget.RelativeLayout@405ad0d8
android.widget.ImageView@405bacf0
android.widget.TextView: Justin Pharmacy
android.widget.TextView: 120 W 4th St
android.widget.TextView: Justin,TX 76247
android.widget.TextView: 17.0Mile
android.widget.RelativeLayout@405e1010
android.widget.ImageView@405e1390
android.widget.TextView: Springtown Drug
android.widget.TextView: 117 E 1st St
android.widget.TextView: Springtown,TX 76082
android.widget.TextView: 17.1Mile
android.widget.RelativeLayout@406a27c8
android.widget.ImageView@406a2b20
android.widget.TextView: Brookshire's Pharmacy #126
android.widget.TextView: 500 E Highway 199
android.widget.TextView: Springtown,TX 76082
android.widget.TextView: 19.1Mile
android.widget.RelativeLayout@4055de20
android.widget.ImageView@40566d28
android.widget.TextView: Walgreens Pharmacy #9500
android.widget.TextView: 705 Boyd Rd
android.widget.TextView: Azle,TX 76020
android.widget.TextView: 20.8Mile
android.widget.LinearLayout@40666c30
android.widget.Button: Sort
android.widget.RelativeLayout@40667f38
com.google.android.maps.MapView@406694f8
android.widget.FrameLayout@4063dd40
android.widget.RelativeLayout@4065aab0
android.widget.LinearLayout@4065b020
android.widget.LinearLayout@4065b590
android.widget.LinearLayout@4065c328
android.widget.RelativeLayout@4065d0c0
android.widget.LinearLayout@4065d678
android.widget.LinearLayout@4065f700
android.widget.ImageView@40660040
android.widget.TextView: Local Listings
android.widget.RelativeLayout@40661008
android.widget.Button: Map
android.widget.ViewFlipper@40661ae8
android.widget.FrameLayout@40663060
android.widget.RelativeLayout@40663318
android.widget.TextView: Pharmacy Results
android.widget.LinearLayout@406643c0
android.widget.ProgressBar@406648d8
android.widget.ListView@405f36a0
android.widget.RelativeLayout@4055de20
android.widget.ImageView@40566d28
android.widget.TextView: Walgreens Pharmacy #9500
android.widget.TextView: 705 Boyd Rd
android.widget.TextView: Azle,TX 76020
android.widget.TextView: 20.8Mile
android.widget.RelativeLayout@406cf960
android.widget.ImageView@4060d0e0
android.widget.TextView: Walmart Pharmacy #5359
android.widget.TextView: 721 Boyd Rd
android.widget.TextView: Azle,TX 76020
android.widget.TextView: 20.8Mile
android.widget.RelativeLayout@405b3e10
android.widget.ImageView@405b41b0
android.widget.TextView: S & J Pharmacy
android.widget.TextView: 900 E McCart St Ste 
android.widget.TextView: Krum,TX 76249
android.widget.TextView: 21.0Mile
android.widget.RelativeLayout@40517760
android.widget.ImageView@40566240
android.widget.TextView: Albertson's Pharmacy #4290
android.widget.TextView: 480 Northwest Pkwy
android.widget.TextView: Azle,TX 76020
android.widget.TextView: 21.2Mile
android.widget.LinearLayout@40666c30
android.widget.Button: Sort
android.widget.RelativeLayout@40667f38
com.google.android.maps.MapView@406694f8
android.widget.FrameLayout@4063dd40
android.widget.RelativeLayout@4065aab0
android.widget.LinearLayout@4065b020
android.widget.LinearLayout@4065b590
android.widget.LinearLayout@4065c328
android.widget.RelativeLayout@4065d0c0
android.widget.LinearLayout@4065d678
android.widget.LinearLayout@4065f700
android.widget.ImageView@40660040
android.widget.TextView: Local Listings
android.widget.RelativeLayout@40661008
android.widget.Button: Map
android.widget.ViewFlipper@40661ae8
android.widget.FrameLayout@40663060
android.widget.RelativeLayout@40663318
android.widget.TextView: Pharmacy Results
android.widget.LinearLayout@406643c0
android.widget.ProgressBar@406648d8
android.widget.ListView@405f36a0
android.widget.RelativeLayout@40517760
android.widget.ImageView@40566240
android.widget.TextView: Albertson's Pharmacy #4290
android.widget.TextView: 480 Northwest Pkwy
android.widget.TextView: Azle,TX 76020
android.widget.TextView: 21.2Mile
android.widget.RelativeLayout@405ad0d8
android.widget.ImageView@405bacf0
android.widget.TextView: CVS Pharmacy #7467
android.widget.TextView: 460 Northwest Pkwy
android.widget.TextView: Azle,TX 76020
android.widget.TextView: 21.2Mile
android.widget.RelativeLayout@405e1010
android.widget.ImageView@405e1390
android.widget.TextView: Brookshire's Pharmacy #125
android.widget.TextView: 511 N Stewart St
android.widget.TextView: Azle,TX 76020
android.widget.TextView: 21.7Mile
android.widget.RelativeLayout@406a27c8
android.widget.ImageView@406a2b20
android.widget.TextView: Murr's Medicine Chest
android.widget.TextView: 232 W Main St
android.widget.TextView: Azle,TX 76020
android.widget.TextView: 21.7Mile
android.widget.LinearLayout@40666c30
android.widget.Button: Sort
android.widget.RelativeLayout@40667f38
com.google.android.maps.MapView@406694f8
android.widget.FrameLayout@4063dd40
android.widget.RelativeLayout@4065aab0
android.widget.LinearLayout@4065b020
android.widget.LinearLayout@4065b590
android.widget.LinearLayout@4065c328
android.widget.RelativeLayout@4065d0c0
android.widget.LinearLayout@4065d678
android.widget.LinearLayout@4065f700
android.widget.ImageView@40660040
android.widget.TextView: Local Listings
android.widget.RelativeLayout@40661008
android.widget.Button: Map
android.widget.ViewFlipper@40661ae8
android.widget.FrameLayout@40663060
android.widget.RelativeLayout@40663318
android.widget.TextView: Pharmacy Results
android.widget.LinearLayout@406643c0
android.widget.ProgressBar@406648d8
android.widget.ListView@405f36a0
android.widget.RelativeLayout@406a27c8
android.widget.ImageView@406a2b20
android.widget.TextView: Murr's Medicine Chest
android.widget.TextView: 232 W Main St
android.widget.TextView: Azle,TX 76020
android.widget.TextView: 21.7Mile
android.widget.RelativeLayout@4055de20
android.widget.ImageView@40566d28
android.widget.TextView: TX Health Harris Methodist Azle
android.widget.TextView: 108 Denver Trl
android.widget.TextView: Azle,TX 76020
android.widget.TextView: 22.5Mile
android.widget.RelativeLayout@406cf960
android.widget.ImageView@4060d0e0
android.widget.TextView: Doyle Pharmacy
android.widget.TextView: 2509 Scripture St
android.widget.TextView: Denton,TX 76201
android.widget.TextView: 24.9Mile
android.widget.RelativeLayout@405b3e10
android.widget.ImageView@405b41b0
android.widget.TextView: Walmart Pharmacy #4627
android.widget.TextView: 2750 W University Dr
android.widget.TextView: Denton,TX 76201
android.widget.TextView: 24.9Mile
android.widget.LinearLayout@40666c30
android.widget.Button: Sort
android.widget.RelativeLayout@40667f38
com.google.android.maps.MapView@406694f8
android.widget.FrameLayout@4063dd40
android.widget.RelativeLayout@4065aab0
android.widget.LinearLayout@4065b020
android.widget.LinearLayout@4065b590
android.widget.LinearLayout@4065c328
android.widget.RelativeLayout@4065d0c0
android.widget.LinearLayout@4065d678
android.widget.LinearLayout@4065f700
android.widget.ImageView@40660040
android.widget.TextView: Local Listings
android.widget.RelativeLayout@40661008
android.widget.Button: Map
android.widget.ViewFlipper@40661ae8
android.widget.FrameLayout@40663060
android.widget.RelativeLayout@40663318
android.widget.TextView: Pharmacy Results
android.widget.LinearLayout@406643c0
android.widget.ProgressBar@406648d8
android.widget.ListView@405f36a0
android.widget.RelativeLayout@4055de20
android.widget.ImageView@40566d28
android.widget.TextView: TX Health Harris Methodist Azle
android.widget.TextView: 108 Denver Trl
android.widget.TextView: Azle,TX 76020
android.widget.TextView: 22.5Mile
android.widget.RelativeLayout@406cf960
android.widget.ImageView@4060d0e0
android.widget.TextView: Doyle Pharmacy
android.widget.TextView: 2509 Scripture St
android.widget.TextView: Denton,TX 76201
android.widget.TextView: 24.9Mile
android.widget.RelativeLayout@405b3e10
android.widget.ImageView@405b41b0
android.widget.TextView: Walmart Pharmacy #4627
android.widget.TextView: 2750 W University Dr
android.widget.TextView: Denton,TX 76201
android.widget.TextView: 24.9Mile
android.widget.RelativeLayout@40517760
android.widget.ImageView@40566240
android.widget.TextView: Denton Prescription Shop
android.widget.TextView: 2501 W Oak St
android.widget.TextView: Denton,TX 76201
android.widget.TextView: 25.0Mile
android.widget.LinearLayout@40666c30
android.widget.Button: Sort
android.widget.RelativeLayout@40667f38
com.google.android.maps.MapView@406694f8
