android.widget.FrameLayout@40662a58
android.widget.RelativeLayout@40663280
android.widget.LinearLayout@40663c20
android.widget.LinearLayout@40664cf0
android.widget.LinearLayout@40666978
android.widget.RelativeLayout@40667ae0
android.widget.LinearLayout@40668050
android.widget.LinearLayout@406685c0
android.widget.ImageView@406688a8
android.widget.TextView: Local Listings
android.widget.RelativeLayout@40669728
android.widget.Button: Map
android.widget.ViewFlipper@4066a208
android.widget.FrameLayout@4066a510
android.widget.RelativeLayout@4066aa30
android.widget.TextView: Pharmacy Results
android.widget.LinearLayout@4059e908
android.widget.ProgressBar@405d1118
android.widget.ListView@40619cf8
android.widget.RelativeLayout@406a4308
android.widget.ImageView@406b1768
android.widget.TextView: Solaris Pharmacy
android.widget.TextView: 2300 S Fm 51
android.widget.TextView: Decatur,TX 76234
android.widget.TextView: 1.0Miles
android.widget.RelativeLayout@4054ad18
android.widget.ImageView@40510700
android.widget.TextView: S And J Pharmacy
android.widget.TextView: 1101 W Eagle Dr Ste 
android.widget.TextView: Decatur,TX 76234
android.widget.TextView: 1.2Miles
android.widget.RelativeLayout@40700f98
android.widget.ImageView@40511698
android.widget.TextView: Renshaw Drug
android.widget.TextView: 800 Medical Center D
android.widget.TextView: Decatur,TX 76234
android.widget.TextView: 2.3Miles
android.widget.RelativeLayout@405f4158
android.widget.ImageView@406c47f8
android.widget.TextView: Wise Regional Health Sys Phcy
android.widget.TextView: 609 Medical Center D
android.widget.TextView: Decatur,TX 76234
android.widget.TextView: 2.3Miles
android.widget.LinearLayout@40563b58
android.widget.Button: Sort
android.widget.RelativeLayout@405f7e28
com.google.android.maps.MapView@405fb160
android.widget.FrameLayout@40662a58
android.widget.RelativeLayout@40663280
android.widget.LinearLayout@40663c20
android.widget.LinearLayout@40664cf0
android.widget.LinearLayout@40666978
android.widget.RelativeLayout@40667ae0
android.widget.LinearLayout@40668050
android.widget.LinearLayout@406685c0
android.widget.ImageView@406688a8
android.widget.TextView: Local Listings
android.widget.RelativeLayout@40669728
android.widget.Button: Map
android.widget.ViewFlipper@4066a208
android.widget.FrameLayout@4066a510
android.widget.RelativeLayout@4066aa30
android.widget.TextView: Pharmacy Results
android.widget.LinearLayout@4059e908
android.widget.ProgressBar@405d1118
android.widget.ListView@40619cf8
android.widget.RelativeLayout@405f4158
android.widget.ImageView@406c47f8
android.widget.TextView: Wise Regional Health Sys Phcy
android.widget.TextView: 609 Medical Center D
android.widget.TextView: Decatur,TX 76234
android.widget.TextView: 2.3Miles
android.widget.RelativeLayout@407043e8
android.widget.ImageView@40704740
android.widget.TextView: Walmart Pharmacy #421
android.widget.TextView: 800 S US Hwy 81287
android.widget.TextView: Decatur,TX 76234
android.widget.TextView: 3.8Miles
android.widget.RelativeLayout@405538d8
android.widget.ImageView@405104f8
android.widget.TextView: Rhome Pharmacy
android.widget.TextView: 450 S Main St
android.widget.TextView: Rhome,TX 76078
android.widget.TextView: 8.3Miles
android.widget.RelativeLayout@40568098
android.widget.ImageView@4060a470
android.widget.TextView: IGA Medicine Store
android.widget.TextView: 200 W Rock Island Av
android.widget.TextView: Boyd,TX 76023
android.widget.TextView: 9.2Miles
android.widget.LinearLayout@40563b58
android.widget.Button: Sort
android.widget.RelativeLayout@405f7e28
com.google.android.maps.MapView@405fb160
android.widget.FrameLayout@40662a58
android.widget.RelativeLayout@40663280
android.widget.LinearLayout@40663c20
android.widget.LinearLayout@40664cf0
android.widget.LinearLayout@40666978
android.widget.RelativeLayout@40667ae0
android.widget.LinearLayout@40668050
android.widget.LinearLayout@406685c0
android.widget.ImageView@406688a8
android.widget.TextView: Local Listings
android.widget.RelativeLayout@40669728
android.widget.Button: Map
android.widget.ViewFlipper@4066a208
android.widget.FrameLayout@4066a510
android.widget.RelativeLayout@4066aa30
android.widget.TextView: Pharmacy Results
android.widget.LinearLayout@4059e908
android.widget.ProgressBar@405d1118
android.widget.ListView@40619cf8
android.widget.RelativeLayout@40568098
android.widget.ImageView@4060a470
android.widget.TextView: IGA Medicine Store
android.widget.TextView: 200 W Rock Island Av
android.widget.TextView: Boyd,TX 76023
android.widget.TextView: 9.2Miles
android.widget.RelativeLayout@406a4308
android.widget.ImageView@406b1768
android.widget.TextView: Valu-Rite Pharmacy
android.widget.TextView: 709 Woodrow Wilson R
android.widget.TextView: Bridgeport,TX 76426
android.widget.TextView: 10.0Mile
android.widget.RelativeLayout@4054ad18
android.widget.ImageView@40510700
android.widget.TextView: Brookshire's Pharmacy # 5
android.widget.TextView: 1203 US Highway 380
android.widget.TextView: Bridgeport,TX 76426
android.widget.TextView: 12.2Mile
android.widget.RelativeLayout@40700f98
android.widget.ImageView@40511698
android.widget.TextView: Springtown Drug
android.widget.TextView: 117 E 1st St
android.widget.TextView: Springtown,TX 76082
android.widget.TextView: 16.9Mile
android.widget.LinearLayout@40563b58
android.widget.Button: Sort
android.widget.RelativeLayout@405f7e28
com.google.android.maps.MapView@405fb160
android.widget.FrameLayout@40662a58
android.widget.RelativeLayout@40663280
android.widget.LinearLayout@40663c20
android.widget.LinearLayout@40664cf0
android.widget.LinearLayout@40666978
android.widget.RelativeLayout@40667ae0
android.widget.LinearLayout@40668050
android.widget.LinearLayout@406685c0
android.widget.ImageView@406688a8
android.widget.TextView: Local Listings
android.widget.RelativeLayout@40669728
android.widget.Button: Map
android.widget.ViewFlipper@4066a208
android.widget.FrameLayout@4066a510
android.widget.RelativeLayout@4066aa30
android.widget.TextView: Pharmacy Results
android.widget.LinearLayout@4059e908
android.widget.ProgressBar@405d1118
android.widget.ListView@40619cf8
android.widget.RelativeLayout@40700f98
android.widget.ImageView@40511698
android.widget.TextView: Springtown Drug
android.widget.TextView: 117 E 1st St
android.widget.TextView: Springtown,TX 76082
android.widget.TextView: 16.9Mile
android.widget.RelativeLayout@405f4158
android.widget.ImageView@406c47f8
android.widget.TextView: Justin Pharmacy
android.widget.TextView: 120 W 4th St
android.widget.TextView: Justin,TX 76247
android.widget.TextView: 17.6Mile
android.widget.RelativeLayout@407043e8
android.widget.ImageView@40704740
android.widget.TextView: Brookshire's Pharmacy #126
android.widget.TextView: 500 E Highway 199
android.widget.TextView: Springtown,TX 76082
android.widget.TextView: 19.1Mile
android.widget.RelativeLayout@405538d8
android.widget.ImageView@405104f8
android.widget.TextView: Walgreens Pharmacy #9500
android.widget.TextView: 705 Boyd Rd
android.widget.TextView: Azle,TX 76020
android.widget.TextView: 20.9Mile
android.widget.LinearLayout@40563b58
android.widget.Button: Sort
android.widget.RelativeLayout@405f7e28
com.google.android.maps.MapView@405fb160
android.widget.FrameLayout@40662a58
android.widget.RelativeLayout@40663280
android.widget.LinearLayout@40663c20
android.widget.LinearLayout@40664cf0
android.widget.LinearLayout@40666978
android.widget.RelativeLayout@40667ae0
android.widget.LinearLayout@40668050
android.widget.LinearLayout@406685c0
android.widget.ImageView@406688a8
android.widget.TextView: Local Listings
android.widget.RelativeLayout@40669728
android.widget.Button: Map
android.widget.ViewFlipper@4066a208
android.widget.FrameLayout@4066a510
android.widget.RelativeLayout@4066aa30
android.widget.TextView: Pharmacy Results
android.widget.LinearLayout@4059e908
android.widget.ProgressBar@405d1118
android.widget.ListView@40619cf8
android.widget.RelativeLayout@405538d8
android.widget.ImageView@405104f8
android.widget.TextView: Walgreens Pharmacy #9500
android.widget.TextView: 705 Boyd Rd
android.widget.TextView: Azle,TX 76020
android.widget.TextView: 20.9Mile
android.widget.RelativeLayout@40568098
android.widget.ImageView@4060a470
android.widget.TextView: Walmart Pharmacy #5359
android.widget.TextView: 721 Boyd Rd
android.widget.TextView: Azle,TX 76020
android.widget.TextView: 20.9Mile
android.widget.RelativeLayout@406a4308
android.widget.ImageView@406b1768
android.widget.TextView: Albertson's Pharmacy #4290
android.widget.TextView: 480 Northwest Pkwy
android.widget.TextView: Azle,TX 76020
android.widget.TextView: 21.3Mile
android.widget.RelativeLayout@4054ad18
android.widget.ImageView@40510700
android.widget.TextView: CVS Pharmacy #7467
android.widget.TextView: 460 Northwest Pkwy
android.widget.TextView: Azle,TX 76020
android.widget.TextView: 21.3Mile
android.widget.LinearLayout@40563b58
android.widget.Button: Sort
android.widget.RelativeLayout@405f7e28
com.google.android.maps.MapView@405fb160
android.widget.FrameLayout@40662a58
android.widget.RelativeLayout@40663280
android.widget.LinearLayout@40663c20
android.widget.LinearLayout@40664cf0
android.widget.LinearLayout@40666978
android.widget.RelativeLayout@40667ae0
android.widget.LinearLayout@40668050
android.widget.LinearLayout@406685c0
android.widget.ImageView@406688a8
android.widget.TextView: Local Listings
android.widget.RelativeLayout@40669728
android.widget.Button: Map
android.widget.ViewFlipper@4066a208
android.widget.FrameLayout@4066a510
android.widget.RelativeLayout@4066aa30
android.widget.TextView: Pharmacy Results
android.widget.LinearLayout@4059e908
android.widget.ProgressBar@405d1118
android.widget.ListView@40619cf8
android.widget.RelativeLayout@4054ad18
android.widget.ImageView@40510700
android.widget.TextView: CVS Pharmacy #7467
android.widget.TextView: 460 Northwest Pkwy
android.widget.TextView: Azle,TX 76020
android.widget.TextView: 21.3Mile
android.widget.RelativeLayout@40700f98
android.widget.ImageView@40511698
android.widget.TextView: S & J Pharmacy
android.widget.TextView: 900 E McCart St Ste 
android.widget.TextView: Krum,TX 76249
android.widget.TextView: 21.7Mile
android.widget.RelativeLayout@405f4158
android.widget.ImageView@406c47f8
android.widget.TextView: Brookshire's Pharmacy #125
android.widget.TextView: 511 N Stewart St
android.widget.TextView: Azle,TX 76020
android.widget.TextView: 21.8Mile
android.widget.RelativeLayout@407043e8
android.widget.ImageView@40704740
android.widget.TextView: Murr's Medicine Chest
android.widget.TextView: 232 W Main St
android.widget.TextView: Azle,TX 76020
android.widget.TextView: 21.8Mile
android.widget.LinearLayout@40563b58
android.widget.Button: Sort
android.widget.RelativeLayout@405f7e28
com.google.android.maps.MapView@405fb160
android.widget.FrameLayout@40662a58
android.widget.RelativeLayout@40663280
android.widget.LinearLayout@40663c20
android.widget.LinearLayout@40664cf0
android.widget.LinearLayout@40666978
android.widget.RelativeLayout@40667ae0
android.widget.LinearLayout@40668050
android.widget.LinearLayout@406685c0
android.widget.ImageView@406688a8
android.widget.TextView: Local Listings
android.widget.RelativeLayout@40669728
android.widget.Button: Map
android.widget.ViewFlipper@4066a208
android.widget.FrameLayout@4066a510
android.widget.RelativeLayout@4066aa30
android.widget.TextView: Pharmacy Results
android.widget.LinearLayout@4059e908
android.widget.ProgressBar@405d1118
android.widget.ListView@40619cf8
android.widget.RelativeLayout@40700f98
android.widget.ImageView@40511698
android.widget.TextView: S & J Pharmacy
android.widget.TextView: 900 E McCart St Ste 
android.widget.TextView: Krum,TX 76249
android.widget.TextView: 21.7Mile
android.widget.RelativeLayout@405f4158
android.widget.ImageView@406c47f8
android.widget.TextView: Brookshire's Pharmacy #125
android.widget.TextView: 511 N Stewart St
android.widget.TextView: Azle,TX 76020
android.widget.TextView: 21.8Mile
android.widget.RelativeLayout@407043e8
android.widget.ImageView@40704740
android.widget.TextView: Murr's Medicine Chest
android.widget.TextView: 232 W Main St
android.widget.TextView: Azle,TX 76020
android.widget.TextView: 21.8Mile
android.widget.RelativeLayout@405538d8
android.widget.ImageView@405104f8
android.widget.TextView: TX Health Harris Methodist Azle
android.widget.TextView: 108 Denver Trl
android.widget.TextView: Azle,TX 76020
android.widget.TextView: 22.6Mile
android.widget.LinearLayout@40563b58
android.widget.Button: Sort
android.widget.RelativeLayout@405f7e28
com.google.android.maps.MapView@405fb160
