android.widget.FrameLayout@40665850
android.widget.RelativeLayout@40667a10
android.widget.LinearLayout@40667f80
android.widget.LinearLayout@406688c0
android.widget.LinearLayout@40669658
android.widget.RelativeLayout@4066a3f0
android.widget.LinearLayout@4066ad30
android.widget.LinearLayout@405eef48
android.widget.ImageView@405f58f0
android.widget.TextView: Local Listings
android.widget.RelativeLayout@405a6908
android.widget.Button: Map
android.widget.ViewFlipper@4061f730
android.widget.FrameLayout@40568588
android.widget.RelativeLayout@405a3208
android.widget.TextView: Pharmacy Results
android.widget.LinearLayout@405fd6c8
android.widget.ProgressBar@405ade70
android.widget.ListView@40612548
android.widget.RelativeLayout@4070ecd0
android.widget.ImageView@4070f0b8
android.widget.TextView: Renshaw Drug
android.widget.TextView: 800 Medical Center D
android.widget.TextView: Decatur,TX 76234
android.widget.TextView: 4.6Miles
android.widget.RelativeLayout@40586ad0
android.widget.ImageView@4059a6b0
android.widget.TextView: Wise Regional Health Sys Phcy
android.widget.TextView: 609 Medical Center D
android.widget.TextView: Decatur,TX 76234
android.widget.TextView: 4.6Miles
android.widget.RelativeLayout@40589648
android.widget.ImageView@405b4118
android.widget.TextView: Solaris Pharmacy
android.widget.TextView: 2300 S Fm 51
android.widget.TextView: Decatur,TX 76234
android.widget.TextView: 5.2Miles
android.widget.RelativeLayout@40655ff8
android.widget.ImageView@406e6670
android.widget.TextView: S And J Pharmacy
android.widget.TextView: 1101 W Eagle Dr Ste 
android.widget.TextView: Decatur,TX 76234
android.widget.TextView: 5.5Miles
android.widget.LinearLayout@405f6658
android.widget.Button: Sort
android.widget.RelativeLayout@406144e0
com.google.android.maps.MapView@4059f7c0
android.widget.FrameLayout@40665850
android.widget.RelativeLayout@40667a10
android.widget.LinearLayout@40667f80
android.widget.LinearLayout@406688c0
android.widget.LinearLayout@40669658
android.widget.RelativeLayout@4066a3f0
android.widget.LinearLayout@4066ad30
android.widget.LinearLayout@405eef48
android.widget.ImageView@405f58f0
android.widget.TextView: Local Listings
android.widget.RelativeLayout@405a6908
android.widget.Button: Map
android.widget.ViewFlipper@4061f730
android.widget.FrameLayout@40568588
android.widget.RelativeLayout@405a3208
android.widget.TextView: Pharmacy Results
android.widget.LinearLayout@405fd6c8
android.widget.ProgressBar@405ade70
android.widget.ListView@40612548
android.widget.RelativeLayout@40655ff8
android.widget.ImageView@406e6670
android.widget.TextView: S And J Pharmacy
android.widget.TextView: 1101 W Eagle Dr Ste 
android.widget.TextView: Decatur,TX 76234
android.widget.TextView: 5.5Miles
android.widget.RelativeLayout@4064b738
android.widget.ImageView@4064bad8
android.widget.TextView: IGA Medicine Store
android.widget.TextView: 200 W Rock Island Av
android.widget.TextView: Boyd,TX 76023
android.widget.TextView: 7.0Miles
android.widget.RelativeLayout@4050b440
android.widget.ImageView@40554a68
android.widget.TextView: Walmart Pharmacy #421
android.widget.TextView: 800 S US Hwy 81287
android.widget.TextView: Decatur,TX 76234
android.widget.TextView: 8.0Miles
android.widget.RelativeLayout@4054af70
android.widget.ImageView@4057f7b0
android.widget.TextView: Rhome Pharmacy
android.widget.TextView: 450 S Main St
android.widget.TextView: Rhome,TX 76078
android.widget.TextView: 9.7Miles
android.widget.LinearLayout@405f6658
android.widget.Button: Sort
android.widget.RelativeLayout@406144e0
com.google.android.maps.MapView@4059f7c0
android.widget.FrameLayout@40665850
android.widget.RelativeLayout@40667a10
android.widget.LinearLayout@40667f80
android.widget.LinearLayout@406688c0
android.widget.LinearLayout@40669658
android.widget.RelativeLayout@4066a3f0
android.widget.LinearLayout@4066ad30
android.widget.LinearLayout@405eef48
android.widget.ImageView@405f58f0
android.widget.TextView: Local Listings
android.widget.RelativeLayout@405a6908
android.widget.Button: Map
android.widget.ViewFlipper@4061f730
android.widget.FrameLayout@40568588
android.widget.RelativeLayout@405a3208
android.widget.TextView: Pharmacy Results
android.widget.LinearLayout@405fd6c8
android.widget.ProgressBar@405ade70
android.widget.ListView@40612548
android.widget.RelativeLayout@4054af70
android.widget.ImageView@4057f7b0
android.widget.TextView: Rhome Pharmacy
android.widget.TextView: 450 S Main St
android.widget.TextView: Rhome,TX 76078
android.widget.TextView: 9.7Miles
android.widget.RelativeLayout@4070ecd0
android.widget.ImageView@4070f0b8
android.widget.TextView: Valu-Rite Pharmacy
android.widget.TextView: 709 Woodrow Wilson R
android.widget.TextView: Bridgeport,TX 76426
android.widget.TextView: 9.8Miles
android.widget.RelativeLayout@40586ad0
android.widget.ImageView@4059a6b0
android.widget.TextView: Brookshire's Pharmacy # 5
android.widget.TextView: 1203 US Highway 380
android.widget.TextView: Bridgeport,TX 76426
android.widget.TextView: 11.0Mile
android.widget.RelativeLayout@40589648
android.widget.ImageView@405b4118
android.widget.TextView: Springtown Drug
android.widget.TextView: 117 E 1st St
android.widget.TextView: Springtown,TX 76082
android.widget.TextView: 12.8Mile
android.widget.LinearLayout@405f6658
android.widget.Button: Sort
android.widget.RelativeLayout@406144e0
com.google.android.maps.MapView@4059f7c0
android.widget.FrameLayout@40665850
android.widget.RelativeLayout@40667a10
android.widget.LinearLayout@40667f80
android.widget.LinearLayout@406688c0
android.widget.LinearLayout@40669658
android.widget.RelativeLayout@4066a3f0
android.widget.LinearLayout@4066ad30
android.widget.LinearLayout@405eef48
android.widget.ImageView@405f58f0
android.widget.TextView: Local Listings
android.widget.RelativeLayout@405a6908
android.widget.Button: Map
android.widget.ViewFlipper@4061f730
android.widget.FrameLayout@40568588
android.widget.RelativeLayout@405a3208
android.widget.TextView: Pharmacy Results
android.widget.LinearLayout@405fd6c8
android.widget.ProgressBar@405ade70
android.widget.ListView@40612548
android.widget.RelativeLayout@40589648
android.widget.ImageView@405b4118
android.widget.TextView: Springtown Drug
android.widget.TextView: 117 E 1st St
android.widget.TextView: Springtown,TX 76082
android.widget.TextView: 12.8Mile
android.widget.RelativeLayout@40655ff8
android.widget.ImageView@406e6670
android.widget.TextView: Brookshire's Pharmacy #126
android.widget.TextView: 500 E Highway 199
android.widget.TextView: Springtown,TX 76082
android.widget.TextView: 15.5Mile
android.widget.RelativeLayout@4064b738
android.widget.ImageView@4064bad8
android.widget.TextView: Walgreens Pharmacy #9500
android.widget.TextView: 705 Boyd Rd
android.widget.TextView: Azle,TX 76020
android.widget.TextView: 17.9Mile
android.widget.RelativeLayout@4050b440
android.widget.ImageView@40554a68
android.widget.TextView: Walmart Pharmacy #5359
android.widget.TextView: 721 Boyd Rd
android.widget.TextView: Azle,TX 76020
android.widget.TextView: 17.9Mile
android.widget.LinearLayout@405f6658
android.widget.Button: Sort
android.widget.RelativeLayout@406144e0
com.google.android.maps.MapView@4059f7c0
android.widget.FrameLayout@40665850
android.widget.RelativeLayout@40667a10
android.widget.LinearLayout@40667f80
android.widget.LinearLayout@406688c0
android.widget.LinearLayout@40669658
android.widget.RelativeLayout@4066a3f0
android.widget.LinearLayout@4066ad30
android.widget.LinearLayout@405eef48
android.widget.ImageView@405f58f0
android.widget.TextView: Local Listings
android.widget.RelativeLayout@405a6908
android.widget.Button: Map
android.widget.ViewFlipper@4061f730
android.widget.FrameLayout@40568588
android.widget.RelativeLayout@405a3208
android.widget.TextView: Pharmacy Results
android.widget.LinearLayout@405fd6c8
android.widget.ProgressBar@405ade70
android.widget.ListView@40612548
android.widget.RelativeLayout@4050b440
android.widget.ImageView@40554a68
android.widget.TextView: Walmart Pharmacy #5359
android.widget.TextView: 721 Boyd Rd
android.widget.TextView: Azle,TX 76020
android.widget.TextView: 17.9Mile
android.widget.RelativeLayout@4054af70
android.widget.ImageView@4057f7b0
android.widget.TextView: Albertson's Pharmacy #4290
android.widget.TextView: 480 Northwest Pkwy
android.widget.TextView: Azle,TX 76020
android.widget.TextView: 18.2Mile
android.widget.RelativeLayout@4070ecd0
android.widget.ImageView@4070f0b8
android.widget.TextView: CVS Pharmacy #7467
android.widget.TextView: 460 Northwest Pkwy
android.widget.TextView: Azle,TX 76020
android.widget.TextView: 18.2Mile
android.widget.RelativeLayout@40586ad0
android.widget.ImageView@4059a6b0
android.widget.TextView: Justin Pharmacy
android.widget.TextView: 120 W 4th St
android.widget.TextView: Justin,TX 76247
android.widget.TextView: 18.2Mile
android.widget.LinearLayout@405f6658
android.widget.Button: Sort
android.widget.RelativeLayout@406144e0
com.google.android.maps.MapView@4059f7c0
android.widget.FrameLayout@40665850
android.widget.RelativeLayout@40667a10
android.widget.LinearLayout@40667f80
android.widget.LinearLayout@406688c0
android.widget.LinearLayout@40669658
android.widget.RelativeLayout@4066a3f0
android.widget.LinearLayout@4066ad30
android.widget.LinearLayout@405eef48
android.widget.ImageView@405f58f0
android.widget.TextView: Local Listings
android.widget.RelativeLayout@405a6908
android.widget.Button: Map
android.widget.ViewFlipper@4061f730
android.widget.FrameLayout@40568588
android.widget.RelativeLayout@405a3208
android.widget.TextView: Pharmacy Results
android.widget.LinearLayout@405fd6c8
android.widget.ProgressBar@405ade70
android.widget.ListView@40612548
android.widget.RelativeLayout@40586ad0
android.widget.ImageView@4059a6b0
android.widget.TextView: Justin Pharmacy
android.widget.TextView: 120 W 4th St
android.widget.TextView: Justin,TX 76247
android.widget.TextView: 18.2Mile
android.widget.RelativeLayout@40589648
android.widget.ImageView@405b4118
android.widget.TextView: Murr's Medicine Chest
android.widget.TextView: 232 W Main St
android.widget.TextView: Azle,TX 76020
android.widget.TextView: 18.7Mile
android.widget.RelativeLayout@40655ff8
android.widget.ImageView@406e6670
android.widget.TextView: Brookshire's Pharmacy #125
android.widget.TextView: 511 N Stewart St
android.widget.TextView: Azle,TX 76020
android.widget.TextView: 18.8Mile
android.widget.RelativeLayout@4064b738
android.widget.ImageView@4064bad8
android.widget.TextView: TX Health Harris Methodist Azle
android.widget.TextView: 108 Denver Trl
android.widget.TextView: Azle,TX 76020
android.widget.TextView: 19.6Mile
android.widget.LinearLayout@405f6658
android.widget.Button: Sort
android.widget.RelativeLayout@406144e0
com.google.android.maps.MapView@4059f7c0
android.widget.FrameLayout@40665850
android.widget.RelativeLayout@40667a10
android.widget.LinearLayout@40667f80
android.widget.LinearLayout@406688c0
android.widget.LinearLayout@40669658
android.widget.RelativeLayout@4066a3f0
android.widget.LinearLayout@4066ad30
android.widget.LinearLayout@405eef48
android.widget.ImageView@405f58f0
android.widget.TextView: Local Listings
android.widget.RelativeLayout@405a6908
android.widget.Button: Map
android.widget.ViewFlipper@4061f730
android.widget.FrameLayout@40568588
android.widget.RelativeLayout@405a3208
android.widget.TextView: Pharmacy Results
android.widget.LinearLayout@405fd6c8
android.widget.ProgressBar@405ade70
android.widget.ListView@40612548
android.widget.RelativeLayout@4064b738
android.widget.ImageView@4064bad8
android.widget.TextView: TX Health Harris Methodist Azle
android.widget.TextView: 108 Denver Trl
android.widget.TextView: Azle,TX 76020
android.widget.TextView: 19.6Mile
android.widget.RelativeLayout@4050b440
android.widget.ImageView@40554a68
android.widget.TextView: Albertsons Savon Pharmacy #4102
android.widget.TextView: 1201 N Saginaw Blvd
android.widget.TextView: Saginaw,TX 76179
android.widget.TextView: 24.2Mile
android.widget.RelativeLayout@4054af70
android.widget.ImageView@4057f7b0
android.widget.TextView: S & J Pharmacy
android.widget.TextView: 900 E McCart St Ste 
android.widget.TextView: Krum,TX 76249
android.widget.TextView: 24.7Mile
android.widget.RelativeLayout@4070ecd0
android.widget.ImageView@4070f0b8
android.widget.TextView: Walgreens Pharmacy #7899
android.widget.TextView: 833 N Saginaw Blvd
android.widget.TextView: Saginaw,TX 76179
android.widget.TextView: 24.9Mile
android.widget.LinearLayout@405f6658
android.widget.Button: Sort
android.widget.RelativeLayout@406144e0
com.google.android.maps.MapView@4059f7c0
