android.widget.FrameLayout@405897f0
android.widget.LinearLayout@4058a2a0
android.widget.FrameLayout@4058a550
android.widget.ImageView@4058a800
android.widget.RelativeLayout@4058ac98
android.widget.ImageButton@4058b2a8
android.widget.EditText: 
android.widget.Button: Map
android.widget.RelativeLayout@4058e958
android.widget.EditText: 
android.widget.Button: Cancel
android.widget.RelativeLayout@40590d68
android.widget.LinearLayout@40591110
android.widget.TextView: Locations
com.google.android.maps.MapView@40592908
android.widget.LinearLayout@4050a4d0
android.widget.TextView: Locations
android.widget.ScrollView@40529ca0
android.widget.TableLayout@4050e640
android.widget.TableRow@405899a0
android.widget.TextView: No search results found
android.widget.FrameLayout@40585a08
android.widget.ImageView@4050ac68
android.widget.Button: Filter
android.widget.LinearLayout@40518a30
android.widget.FrameLayout@4060b488
android.widget.ImageView@40559218
android.widget.Button: Filter
android.widget.FrameLayout@40613208
android.widget.Button: Done
android.widget.FrameLayout@40618e00
android.widget.ImageView@40566208
android.widget.TextView: Stores
android.widget.ImageView@405b43d8
android.widget.FrameLayout@4061b680
android.widget.ImageView@40613df0
android.widget.TextView: ATMs
android.widget.ImageView@406151a0
