android.widget.FrameLayout@4058ee98
android.widget.LinearLayout@4058f948
android.widget.FrameLayout@4058fbf8
android.widget.ImageView@4058fea8
android.widget.RelativeLayout@40590340
android.widget.ImageButton@40590950
android.widget.EditText: 
android.widget.Button: Map
android.widget.RelativeLayout@40594000
android.widget.EditText: 
android.widget.Button: Cancel
android.widget.RelativeLayout@40596410
android.widget.LinearLayout@405967b8
android.widget.TextView: Locations
com.google.android.maps.MapView@40597fb0
android.widget.LinearLayout@4054e2d8
android.widget.TextView: Locations
android.widget.ScrollView@40510e58
android.widget.TableLayout@4060f348
android.widget.TableRow@4055fb58
android.widget.TextView: No search results found
android.widget.FrameLayout@40568488
android.widget.ImageView@4054e648
android.widget.Button: Filter
android.widget.LinearLayout@405582a8
android.widget.FrameLayout@4058c248
android.widget.ImageView@4055b698
android.widget.Button: Filter
android.widget.FrameLayout@40617a80
android.widget.Button: Done
android.widget.FrameLayout@40618608
android.widget.ImageView@40569dd0
android.widget.TextView: Stores
android.widget.ImageView@405768e0
android.widget.FrameLayout@40633e68
android.widget.ImageView@40577350
android.widget.TextView: ATMs
android.widget.ImageView@405781f0
