android.widget.FrameLayout@40589758
android.widget.LinearLayout@4058a208
android.widget.FrameLayout@4058a4b8
android.widget.ImageView@4058a768
android.widget.RelativeLayout@4058ac00
android.widget.ImageButton@4058b210
android.widget.EditText: 
android.widget.Button: Map
android.widget.RelativeLayout@4058e8c0
android.widget.EditText: 
android.widget.Button: Cancel
android.widget.RelativeLayout@40590cd0
android.widget.LinearLayout@40591078
android.widget.TextView: Locations
com.google.android.maps.MapView@40592870
android.widget.LinearLayout@4055c808
android.widget.TextView: Locations
android.widget.ScrollView@40515ad8
android.widget.TableLayout@4050bf68
android.widget.TableRow@4061fba8
android.widget.TextView: No search results found
android.widget.FrameLayout@40611628
android.widget.ImageView@40586810
android.widget.Button: Filter
android.widget.LinearLayout@40587eb0
android.widget.FrameLayout@406121b0
android.widget.ImageView@405ae360
android.widget.Button: Filter
android.widget.FrameLayout@40612d38
android.widget.Button: Done
android.widget.FrameLayout@40613a40
android.widget.ImageView@4060f808
android.widget.TextView: Stores
android.widget.ImageView@40618be8
android.widget.FrameLayout@4061aa20
android.widget.ImageView@4061f330
android.widget.TextView: ATMs
android.widget.ImageView@40620c98
