android.widget.LinearLayout@40573b60
android.widget.FrameLayout@40574348
android.widget.TextView: Restaurant Finder
android.widget.FrameLayout@40575330
android.widget.RelativeLayout@405757e8
android.widget.TextView: Loading my location...
android.widget.TextView: No contents.
android.widget.LinearLayout@405766d8
com.google.ads.AdView@40578a30
g@4057aec0
android.widget.ListView@405769a8
android.widget.LinearLayout@405d6ba0
android.widget.LinearLayout@405d6db8
android.widget.TextView: Surlean Foods
android.widget.LinearLayout@405d7470
android.widget.TextView: (214) 545-3475
android.widget.TextView: 1.57 Km
android.widget.TextView: 3551 Dan Morton Drive Dallas, TX
android.widget.LinearLayout@405d4b70
android.widget.LinearLayout@405d4d88
android.widget.TextView: Captain Billys
android.widget.LinearLayout@405d56d0
android.widget.TextView: (214) 467-6287
android.widget.TextView: 1.64 Km
android.widget.TextView: 5333 West Kiest Boulevard Dallas, TX
android.widget.LinearLayout@405d2dd0
android.widget.LinearLayout@405d2fe8
android.widget.TextView: Exxon
android.widget.LinearLayout@405d36a0
android.widget.TextView: (214) 330-0259
android.widget.TextView: 1.92 Km
android.widget.TextView: 2821 South Walton Walker Boulevard Dallas, TX
android.widget.LinearLayout@405d0868
android.widget.LinearLayout@405d0a80
android.widget.TextView: Tienda & Restaurant Latina
android.widget.LinearLayout@405d1138
android.widget.TextView: (214) 330-0011
android.widget.TextView: 2.28 Km
android.widget.TextView: 4950 West Illinois Avenue Dallas, TX
android.widget.LinearLayout@405ceac8
android.widget.LinearLayout@405cece0
android.widget.TextView: Subway
android.widget.LinearLayout@405cf398
android.widget.TextView: (214) 860-8664
android.widget.TextView: 2.78 Km
android.widget.TextView: 4849 West Illinois Avenue Dallas, TX
android.widget.LinearLayout@40573b60
android.widget.FrameLayout@40574348
android.widget.TextView: Restaurant Finder
android.widget.FrameLayout@40575330
android.widget.RelativeLayout@405757e8
android.widget.TextView: Loading my location...
android.widget.TextView: No contents.
android.widget.LinearLayout@405766d8
com.google.ads.AdView@40578a30
g@4057aec0
android.widget.ListView@405769a8
android.widget.LinearLayout@405ceac8
android.widget.LinearLayout@405cece0
android.widget.TextView: Subway
android.widget.LinearLayout@405cf398
android.widget.TextView: (214) 860-8664
android.widget.TextView: 2.78 Km
android.widget.TextView: 4849 West Illinois Avenue Dallas, TX
android.widget.LinearLayout@4065c4a0
android.widget.LinearLayout@4065c5f0
android.widget.TextView: Church's Chicken
android.widget.LinearLayout@4050d558
android.widget.TextView: (214) 331-3544
android.widget.TextView: 2.91 Km
android.widget.TextView: 820 South Walton Walker Boulevard Dallas, TX
android.widget.LinearLayout@40528d88
android.widget.LinearLayout@40528ed8
android.widget.TextView: Dallas National Golf Club
android.widget.LinearLayout@405a8078
android.widget.TextView: (214) 331-4195
android.widget.TextView: 3.45 Km
android.widget.TextView: 1515 Knoxville Street Dallas, TX
android.widget.LinearLayout@4058e530
android.widget.LinearLayout@405aadb0
android.widget.TextView: Las Mananitas
android.widget.LinearLayout@405aaf90
android.widget.TextView: (214) 339-7151
android.widget.TextView: 3.57 Km
android.widget.TextView: 4444 West Illinois Avenue Dallas, TX
android.widget.LinearLayout@40514720
android.widget.LinearLayout@405148e0
android.widget.TextView: Subway
android.widget.LinearLayout@40532968
android.widget.TextView: (214) 312-2584
android.widget.TextView: 3.59 Km
android.widget.TextView: 3911 South Walton Walker Boulevard Dallas, TX
android.widget.LinearLayout@40573b60
android.widget.FrameLayout@40574348
android.widget.TextView: Restaurant Finder
android.widget.FrameLayout@40575330
android.widget.RelativeLayout@405757e8
android.widget.TextView: Loading my location...
android.widget.TextView: No contents.
android.widget.LinearLayout@405766d8
com.google.ads.AdView@40578a30
g@4057aec0
android.widget.ListView@405769a8
android.widget.LinearLayout@40514720
android.widget.LinearLayout@405148e0
android.widget.TextView: Subway
android.widget.LinearLayout@40532968
android.widget.TextView: (214) 312-2584
android.widget.TextView: 3.59 Km
android.widget.TextView: 3911 South Walton Walker Boulevard Dallas, TX
android.widget.LinearLayout@405d6ba0
android.widget.LinearLayout@405d6db8
android.widget.TextView: Subway
android.widget.LinearLayout@405d7470
android.widget.TextView: (214) 337-3900
android.widget.TextView: 3.66 Km
android.widget.TextView: 2425 South Cockrell Hill Road Dallas, TX
android.widget.LinearLayout@405d4b70
android.widget.LinearLayout@405d4d88
android.widget.TextView: Jack in the Box - Dallas, TX
android.widget.LinearLayout@405d56d0
android.widget.TextView: (214) 467-7943
android.widget.TextView: 3.74 Km
android.widget.TextView: 4313 West Illinois Avenue Dallas, TX
android.widget.LinearLayout@405d2dd0
android.widget.LinearLayout@405d2fe8
android.widget.TextView: McDonald's
android.widget.LinearLayout@405d36a0
android.widget.TextView: (214) 330-4873
android.widget.TextView: 3.89 Km
android.widget.TextView: 4223 West Illinois Avenue Dallas, TX
android.widget.LinearLayout@405d0868
android.widget.LinearLayout@405d0a80
android.widget.TextView: McDonald's
android.widget.LinearLayout@405d1138
android.widget.TextView: (214) 330-0327
android.widget.TextView: 4.16 Km
android.widget.TextView: 450 North Merrifield Road Dallas, TX
android.widget.LinearLayout@40573b60
android.widget.FrameLayout@40574348
android.widget.TextView: Restaurant Finder
android.widget.FrameLayout@40575330
android.widget.RelativeLayout@405757e8
android.widget.TextView: Loading my location...
android.widget.TextView: No contents.
android.widget.LinearLayout@405766d8
com.google.ads.AdView@40578a30
g@4057aec0
android.widget.ListView@405769a8
android.widget.LinearLayout@405d0868
android.widget.LinearLayout@405d0a80
android.widget.TextView: McDonald's
android.widget.LinearLayout@405d1138
android.widget.TextView: (214) 330-0327
android.widget.TextView: 4.16 Km
android.widget.TextView: 450 North Merrifield Road Dallas, TX
android.widget.LinearLayout@405ceac8
android.widget.LinearLayout@405cece0
android.widget.TextView: Thunderbird Food Machinery Inc
android.widget.LinearLayout@405cf398
android.widget.TextView: (214) 331-3000
android.widget.TextView: 4.32 Km
android.widget.TextView: 4602 Brass Way Dallas, TX
android.widget.LinearLayout@4065c4a0
android.widget.LinearLayout@4065c5f0
android.widget.TextView: Win Buffet
android.widget.LinearLayout@4050d558
android.widget.TextView: (214) 330-8881
android.widget.TextView: 4.96 Km
android.widget.TextView: 400, 3434 West Illinois Avenue #400 Dallas, TX
android.widget.LinearLayout@40528d88
android.widget.LinearLayout@40528ed8
android.widget.TextView: Applebee's
android.widget.LinearLayout@405a8078
android.widget.TextView: (214) 339-8115
android.widget.TextView: 5.08 Km
android.widget.TextView: 3426 West Illinois Avenue Dallas, TX
android.widget.LinearLayout@4058e530
android.widget.LinearLayout@405aadb0
android.widget.TextView: El Tizoncito
android.widget.LinearLayout@405aaf90
android.widget.TextView: (214) 330-0839
android.widget.TextView: 5.14 Km
android.widget.TextView: 3404 West Illinois Avenue Dallas, TX
android.widget.LinearLayout@40573b60
android.widget.FrameLayout@40574348
android.widget.TextView: Restaurant Finder
android.widget.FrameLayout@40575330
android.widget.RelativeLayout@405757e8
android.widget.TextView: Loading my location...
android.widget.TextView: No contents.
android.widget.LinearLayout@405766d8
com.google.ads.AdView@40578a30
g@4057aec0
android.widget.ListView@405769a8
android.widget.LinearLayout@4058e530
android.widget.LinearLayout@405aadb0
android.widget.TextView: El Tizoncito
android.widget.LinearLayout@405aaf90
android.widget.TextView: (214) 330-0839
android.widget.TextView: 5.14 Km
android.widget.TextView: 3404 West Illinois Avenue Dallas, TX
android.widget.LinearLayout@40514720
android.widget.LinearLayout@405148e0
android.widget.TextView: Outlaws Bar-B-Que & Grill
android.widget.LinearLayout@40532968
android.widget.TextView: (972) 263-6063
android.widget.TextView: 6.12 Km
android.widget.TextView: 2334 South Belt Line Road Grand Prairie, TX
android.widget.LinearLayout@405d6ba0
android.widget.LinearLayout@405d6db8
android.widget.TextView: Olive Garden Italian Restaurant
android.widget.LinearLayout@405d7470
android.widget.TextView: (972) 298-8871
android.widget.TextView: 6.93 Km
android.widget.TextView: 639 South Cockrell Hill Road Duncanville, TX
android.widget.LinearLayout@405d4b70
android.widget.LinearLayout@405d4d88
android.widget.TextView: Don Juans
android.widget.LinearLayout@405d56d0
android.widget.TextView: (972) 262-5717
android.widget.TextView: 7.56 Km
android.widget.TextView: 325 East Main Street Grand Prairie, TX
android.widget.LinearLayout@405d2dd0
android.widget.LinearLayout@405d2fe8
android.widget.TextView: Yes Buffet
android.widget.LinearLayout@405d36a0
android.widget.TextView: (972) 606-2555
android.widget.TextView: 8.4 Km
android.widget.TextView: 980 West Pioneer Parkway Grand Prairie, TX
android.widget.LinearLayout@4062d250
android.widget.LinearLayout@4062d468
android.widget.TextView: Theo's Grill & Bar
android.widget.LinearLayout@4062db20
android.widget.TextView: (972) 262-8886
android.widget.TextView: 8.66 Km
android.widget.TextView: 107 Northwest 8th Street Grand Prairie, TX
